  {
    "SourceName": "Microsoft-Windows-DNSServer",
    "ProviderGuid": "{EB79061A-A566-4698-9119-3ED2807060E7}",
    "EventID": 279,
    "Version": 0,
    "ChannelID": 16,
    "OpcodeValue": 0,
    "TaskValue": 1,
    "Keywords": "9223372071214514176",
    "EventTime": "2021-09-16T20:11:37.534838-07:00",
    "ExecutionProcessID": 2080,
    "ExecutionThreadID": 2940,
    "EventType": "INFO",
    "SeverityValue": 2,
    "Severity": "INFO",
    "Hostname": "WIN-93NOI1UVL29",
    "Domain": "NT AUTHORITY",
    "AccountName": "SYSTEM",
    "UserID": "S-1-5-18",
    "AccountType": "User",
    "Flags": "33152",
    "TCP": "0",
    "InterfaceIP": "192.168.1.36",
    "Source": "192.168.1.7",
    "RD": "1",
    "QNAME": "prod.detectportal.prod.cloudops.mozgcp.net.",
    "QTYPE": "1",
    "Port": "51831",
    "XID": "3914",
    "BufferSize": "42",
    "PacketData": "0x0F4A818000010002000000000C646574656374706F7274616C0766697265666F7803636F6D0000010001",
    "EventReceivedTime": "2021-09-16T20:11:37.603012-07:00",
    "SourceModuleName": "dnsserver",
    "SourceModuleType": "im_etw",
    "HostIP": "192.168.1.36"
  },
  {
    "SourceName": "Microsoft-Windows-DNSServer",
    "ProviderGuid": "{EB79061A-A566-4698-9119-3ED2807060E7}",
    "EventID": 257,
    "Version": 0,
    "ChannelID": 16,
    "OpcodeValue": 0,
    "TaskValue": 1,
    "Keywords": "9223372036854775810",
    "EventTime": "2021-09-16T20:11:37.534951-07:00",
    "ExecutionProcessID": 2080,
    "ExecutionThreadID": 2940,
    "EventType": "INFO",
    "SeverityValue": 2,
    "Severity": "INFO",
    "Hostname": "WIN-93NOI1UVL29",
    "Domain": "NT AUTHORITY",
    "AccountName": "SYSTEM",
    "UserID": "S-1-5-18",
    "AccountType": "User",
    "Flags": "33152",
    "TCP": "0",
    "InterfaceIP": "192.168.1.36",
    "Destination": "192.168.1.7",
    "AA": "0",
    "AD": "0",
    "QNAME": "detectportal.firefox.com.",
    "QTYPE": "1",
    "XID": "3914",
    "DNSSEC": "0",
    "RCODE": "0",
    "Port": "51831",
    "Scope": "Default",
    "Zone": "..Cache",
    "PolicyName": "NULL",
    "BufferSize": "153",
    "PacketData": "0x0F4A818000010003000000000C646574656374706F7274616C0766697265666F7803636F6D0000010001C00C000500010000003B001E0C646574656374706F7274616C0470726F64066D6F7A617773036E657400C036000500010000012B00290470726F640C646574656374706F7274616C0470726F6408636C6F75646F7073066D6F7A676370C04FC06000010001000007070004226BDD52",
    "AdditionalInfo": "VirtualizationInstance:.",
    "ElapsedTime": "0",
    "GUID": "{29D8E93C-2944-4B52-A4B2-B4341733E864}",
    "EventReceivedTime": "2021-09-16T20:11:37.618696-07:00",
    "SourceModuleName": "dnsserver",
    "SourceModuleType": "im_etw",
    "HostIP": "192.168.1.36"
  },
  {
    "SourceName": "Microsoft-Windows-DNSServer",
    "ProviderGuid": "{EB79061A-A566-4698-9119-3ED2807060E7}",
    "EventID": 256,
    "Version": 0,
    "ChannelID": 16,
    "OpcodeValue": 0,
    "TaskValue": 1,
    "Keywords": "9223372036854775809",
    "EventTime": "2021-09-16T20:11:37.535036-07:00",
    "ExecutionProcessID": 2080,
    "ExecutionThreadID": 2940,
    "EventType": "INFO",
    "SeverityValue": 2,
    "Severity": "INFO",
    "Hostname": "WIN-93NOI1UVL29",
    "Domain": "NT AUTHORITY",
    "AccountName": "SYSTEM",
    "UserID": "S-1-5-18",
    "AccountType": "User",
    "Flags": "256",
    "TCP": "0",
    "InterfaceIP": "192.168.1.36",
    "Source": "192.168.1.7",
    "RD": "1",
    "QNAME": "detectportal.firefox.com.",
    "QTYPE": "28",
    "XID": "53582",
    "Port": "51831",
    "BufferSize": "42",
    "PacketData": "0xD14E010000010000000000000C646574656374706F7274616C0766697265666F7803636F6D00001C0001",
    "AdditionalInfo": ".",
    "GUID": "{9DE52E9D-C716-441F-9C8C-55675A88796F}",
    "EventReceivedTime": "2021-09-16T20:11:37.884060-07:00",
    "SourceModuleName": "dnsserver",
    "SourceModuleType": "im_etw",
    "HostIP": "192.168.1.36"
  },
  {
    "SourceName": "Microsoft-Windows-DNSServer",
    "ProviderGuid": "{EB79061A-A566-4698-9119-3ED2807060E7}",
    "EventID": 279,
    "Version": 0,
    "ChannelID": 16,
    "OpcodeValue": 0,
    "TaskValue": 1,
    "Keywords": "9223372071214514176",
    "EventTime": "2021-09-16T20:11:37.535054-07:00",
    "ExecutionProcessID": 2080,
    "ExecutionThreadID": 2940,
    "EventType": "INFO",
    "SeverityValue": 2,
    "Severity": "INFO",
    "Hostname": "WIN-93NOI1UVL29",
    "Domain": "NT AUTHORITY",
    "AccountName": "SYSTEM",
    "UserID": "S-1-5-18",
    "AccountType": "User",
    "Flags": "33152",
    "TCP": "0",
    "InterfaceIP": "192.168.1.36",
    "Source": "192.168.1.7",
    "RD": "1",
    "QNAME": "detectportal.prod.mozaws.net.",
    "QTYPE": "28",
    "Port": "51831",
    "XID": "53582",
    "BufferSize": "42",
    "PacketData": "0xD14E818000010001000000000C646574656374706F7274616C0766697265666F7803636F6D00001C0001",
    "EventReceivedTime": "2021-09-16T20:11:37.884060-07:00",
    "SourceModuleName": "dnsserver",
    "SourceModuleType": "im_etw",
    "HostIP": "192.168.1.36"
  },
  {
    "SourceName": "Microsoft-Windows-DNSServer",
    "ProviderGuid": "{EB79061A-A566-4698-9119-3ED2807060E7}",
    "EventID": 279,
    "Version": 0,
    "ChannelID": 16,
    "OpcodeValue": 0,
    "TaskValue": 1,
    "Keywords": "9223372071214514176",
    "EventTime": "2021-09-16T20:11:37.535063-07:00",
    "ExecutionProcessID": 2080,
    "ExecutionThreadID": 2940,
    "EventType": "INFO",
    "SeverityValue": 2,
    "Severity": "INFO",
    "Hostname": "WIN-93NOI1UVL29",
    "Domain": "NT AUTHORITY",
    "AccountName": "SYSTEM",
    "UserID": "S-1-5-18",
    "AccountType": "User",
    "Flags": "33152",
    "TCP": "0",
    "InterfaceIP": "192.168.1.36",
    "Source": "192.168.1.7",
    "RD": "1",
    "QNAME": "prod.detectportal.prod.cloudops.mozgcp.net.",
    "QTYPE": "28",
    "Port": "51831",
    "XID": "53582",
    "BufferSize": "42",
    "PacketData": "0xD14E818000010002000000000C646574656374706F7274616C0766697265666F7803636F6D00001C0001",
    "EventReceivedTime": "2021-09-16T20:11:37.884060-07:00",
    "SourceModuleName": "dnsserver",
    "SourceModuleType": "im_etw",
    "HostIP": "192.168.1.36"
  },
  {
    "SourceName": "Microsoft-Windows-DNSServer",
    "ProviderGuid": "{EB79061A-A566-4698-9119-3ED2807060E7}",
    "EventID": 257,
    "Version": 0,
    "ChannelID": 16,
    "OpcodeValue": 0,
    "TaskValue": 1,
    "Keywords": "9223372036854775810",
    "EventTime": "2021-09-16T20:11:37.535103-07:00",
    "ExecutionProcessID": 2080,
    "ExecutionThreadID": 2940,
    "EventType": "INFO",
    "SeverityValue": 2,
    "Severity": "INFO",
    "Hostname": "WIN-93NOI1UVL29",
    "Domain": "NT AUTHORITY",
    "AccountName": "SYSTEM",
    "UserID": "S-1-5-18",
    "AccountType": "User",
    "Flags": "33152",
    "TCP": "0",
    "InterfaceIP": "192.168.1.36",
    "Destination": "192.168.1.7",
    "AA": "0",
    "AD": "0",
    "QNAME": "detectportal.firefox.com.",
    "QTYPE": "28",
    "XID": "53582",
    "DNSSEC": "0",
    "RCODE": "0",
    "Port": "51831",
    "Scope": "Default",
    "Zone": "..Cache",
    "PolicyName": "NULL",
    "BufferSize": "165",
    "PacketData": "0xD14E818000010003000000000C646574656374706F7274616C0766697265666F7803636F6D00001C0001C00C000500010000003B001E0C646574656374706F7274616C0470726F64066D6F7A617773036E657400C036000500010000012B00290470726F640C646574656374706F7274616C0470726F6408636C6F75646F7073066D6F7A676370C04FC060001C000100000707001026001901000038D70000000000000000",
    "AdditionalInfo": "VirtualizationInstance:.",
    "ElapsedTime": "0",
    "GUID": "{9DE52E9D-C716-441F-9C8C-55675A88796F}",
    "EventReceivedTime": "2021-09-16T20:11:37.884060-07:00",
    "SourceModuleName": "dnsserver",
    "SourceModuleType": "im_etw",
    "HostIP": "192.168.1.36"
  },
  {
    "SourceName": "Microsoft-Windows-DNSServer",
    "ProviderGuid": "{EB79061A-A566-4698-9119-3ED2807060E7}",
    "EventID": 261,
    "Version": 0,
    "ChannelID": 16,
    "OpcodeValue": 0,
    "TaskValue": 2,
    "Keywords": "9223372036854775840",
    "EventTime": "2021-09-16T20:11:37.535739-07:00",
    "ExecutionProcessID": 2080,
    "ExecutionThreadID": 2940,
    "EventType": "INFO",
    "SeverityValue": 2,
    "Severity": "INFO",
    "Hostname": "WIN-93NOI1UVL29",
    "Domain": "NT AUTHORITY",
    "AccountName": "SYSTEM",
    "UserID": "S-1-5-18",
    "AccountType": "User",
    "Flags": "33792",
    "TCP": "0",
    "Source": "216.239.32.10",
    "InterfaceIP": "0.0.0.0",
    "AA": "1",
    "AD": "0",
    "QNAME": "restrict.youtube.com.",
    "QTYPE": "1",
    "XID": "42812",
    "RecursionDepth": "1",
    "Port": "0",
    "RecursionScope": ".",
    "CacheScope": "Default",
    "BufferSize": "65",
    "PacketData": "0xA73C8400000100010000000108726573747269637407796F757475626503636F6D0000010001C00C0001000100000E100004D8EF26780000290200000080000000",
    "AdditionalInfo": ".",
    "GUID": "{877877C6-5E7E-462E-ADAD-ADEF78B97538}",
    "EventReceivedTime": "2021-09-16T20:11:37.884060-07:00",
    "SourceModuleName": "dnsserver",
    "SourceModuleType": "im_etw",
    "HostIP": "192.168.1.36"
  },
  {
    "SourceName": "Microsoft-Windows-DNSServer",
    "ProviderGuid": "{EB79061A-A566-4698-9119-3ED2807060E7}",
    "EventID": 257,
    "Version": 0,
    "ChannelID": 16,
    "OpcodeValue": 0,
    "TaskValue": 1,
    "Keywords": "9223372036854775810",
    "EventTime": "2021-09-16T20:11:37.535819-07:00",
    "ExecutionProcessID": 2080,
    "ExecutionThreadID": 2940,
    "EventType": "INFO",
    "SeverityValue": 2,
    "Severity": "INFO",
    "Hostname": "WIN-93NOI1UVL29",
    "Domain": "NT AUTHORITY",
    "AccountName": "SYSTEM",
    "UserID": "S-1-5-18",
    "AccountType": "User",
    "Flags": "33152",
    "TCP": "0",
    "InterfaceIP": "192.168.1.36",
    "Destination": "192.168.1.7",
    "AA": "0",
    "AD": "0",
    "QNAME": "restrict.youtube.com.",
    "QTYPE": "1",
    "XID": "13641",
    "DNSSEC": "0",
    "RCODE": "0",
    "Port": "51365",
    "Scope": "Default",
    "Zone": "..Cache",
    "PolicyName": "NULL",
    "BufferSize": "54",
    "PacketData": "0x35498180000100010000000008726573747269637407796F757475626503636F6D0000010001C00C0001000100000E100004D8EF2678",
    "AdditionalInfo": "VirtualizationInstance:.",
    "ElapsedTime": "39",
    "GUID": "{877877C6-5E7E-462E-ADAD-ADEF78B97538}",
    "EventReceivedTime": "2021-09-16T20:11:37.884060-07:00",
    "SourceModuleName": "dnsserver",
    "SourceModuleType": "im_etw",
    "HostIP": "192.168.1.36"
  },
  {
    "SourceName": "Microsoft-Windows-DNSServer",
    "ProviderGuid": "{EB79061A-A566-4698-9119-3ED2807060E7}",
    "EventID": 256,
    "Version": 0,
    "ChannelID": 16,
    "OpcodeValue": 0,
    "TaskValue": 1,
    "Keywords": "9223372036854775809",
    "EventTime": "2021-09-16T20:11:37.538008-07:00",
    "ExecutionProcessID": 2080,
    "ExecutionThreadID": 2940,
    "EventType": "INFO",
    "SeverityValue": 2,
    "Severity": "INFO",
    "Hostname": "WIN-93NOI1UVL29",
    "Domain": "NT AUTHORITY",
    "AccountName": "SYSTEM",
    "UserID": "S-1-5-18",
    "AccountType": "User",
    "Flags": "256",
    "TCP": "0",
    "InterfaceIP": "192.168.1.36",
    "Source": "192.168.1.7",
    "RD": "1",
    "QNAME": "restrictmoderate.youtube.com.",
    "QTYPE": "1",
    "XID": "53469",
    "Port": "59570",
    "BufferSize": "46",
    "PacketData": "0xD0DD010000010000000000001072657374726963746D6F64657261746507796F757475626503636F6D0000010001",
    "AdditionalInfo": ".",
    "GUID": "{389D07F2-0084-40E2-A29A-AAF01B610A88}",
    "EventReceivedTime": "2021-09-16T20:11:37.884060-07:00",
    "SourceModuleName": "dnsserver",
    "SourceModuleType": "im_etw",
    "HostIP": "192.168.1.36"
  },
  {
    "SourceName": "Microsoft-Windows-DNSServer",
    "ProviderGuid": "{EB79061A-A566-4698-9119-3ED2807060E7}",
    "EventID": 260,
    "Version": 0,
    "ChannelID": 16,
    "OpcodeValue": 0,
    "TaskValue": 2,
    "Keywords": "9223372036854775824",
    "EventTime": "2021-09-16T20:11:37.538165-07:00",
    "ExecutionProcessID": 2080,
    "ExecutionThreadID": 2940,
    "EventType": "INFO",
    "SeverityValue": 2,
    "Severity": "INFO",
    "Hostname": "WIN-93NOI1UVL29",
    "Domain": "NT AUTHORITY",
    "AccountName": "SYSTEM",
    "UserID": "S-1-5-18",
    "AccountType": "User",
    "Flags": "0",
    "TCP": "0",
    "Destination": "2001:4860:4802:34::a",
    "InterfaceIP": "::",
    "RD": "0",
    "QNAME": "restrictmoderate.youtube.com.",
    "QTYPE": "1",
    "QXID": "53469",
    "XID": "53460",
    "Port": "0",
    "RecursionScope": ".",
    "CacheScope": "Default",
    "PolicyName": "NULL",
    "BufferSize": "57",
    "PacketData": "0xD0D4000000010000000000011072657374726963746D6F64657261746507796F757475626503636F6D00000100010000290FA0000080000000",
    "AdditionalInfo": ".",
    "GUID": "{389D07F2-0084-40E2-A29A-AAF01B610A88}",
    "EventReceivedTime": "2021-09-16T20:11:37.884060-07:00",
    "SourceModuleName": "dnsserver",
    "SourceModuleType": "im_etw",
    "HostIP": "192.168.1.36"
  },
  {
    "SourceName": "Microsoft-Windows-DNSServer",
    "ProviderGuid": "{EB79061A-A566-4698-9119-3ED2807060E7}",
    "EventID": 261,
    "Version": 0,
    "ChannelID": 16,
    "OpcodeValue": 0,
    "TaskValue": 2,
    "Keywords": "9223372036854775840",
    "EventTime": "2021-09-16T20:11:37.569461-07:00",
    "ExecutionProcessID": 2080,
    "ExecutionThreadID": 2940,
    "EventType": "INFO",
    "SeverityValue": 2,
    "Severity": "INFO",
    "Hostname": "WIN-93NOI1UVL29",
    "Domain": "NT AUTHORITY",
    "AccountName": "SYSTEM",
    "UserID": "S-1-5-18",
    "AccountType": "User",
    "Flags": "33792",
    "TCP": "0",
    "Source": "2001:4860:4802:34::a",
    "InterfaceIP": "::",
    "AA": "1",
    "AD": "0",
    "QNAME": "restrictmoderate.youtube.com.",
    "QTYPE": "1",
    "XID": "53460",
    "RecursionDepth": "1",
    "Port": "0",
    "RecursionScope": ".",
    "CacheScope": "Default",
    "BufferSize": "73",
    "PacketData": "0xD0D4840000010001000000011072657374726963746D6F64657261746507796F757475626503636F6D0000010001C00C0001000100000E100004D8EF26770000290200000080000000",
    "AdditionalInfo": ".",
    "GUID": "{389D07F2-0084-40E2-A29A-AAF01B610A88}",
    "EventReceivedTime": "2021-09-16T20:11:37.884060-07:00",
    "SourceModuleName": "dnsserver",
    "SourceModuleType": "im_etw",
    "HostIP": "192.168.1.36"
  },
  {
    "SourceName": "Microsoft-Windows-DNSServer",
    "ProviderGuid": "{EB79061A-A566-4698-9119-3ED2807060E7}",
    "EventID": 257,
    "Version": 0,
    "ChannelID": 16,
    "OpcodeValue": 0,
    "TaskValue": 1,
    "Keywords": "9223372036854775810",
    "EventTime": "2021-09-16T20:11:37.569598-07:00",
    "ExecutionProcessID": 2080,
    "ExecutionThreadID": 2940,
    "EventType": "INFO",
    "SeverityValue": 2,
    "Severity": "INFO",
    "Hostname": "WIN-93NOI1UVL29",
    "Domain": "NT AUTHORITY",
    "AccountName": "SYSTEM",
    "UserID": "S-1-5-18",
    "AccountType": "User",
    "Flags": "33152",
    "TCP": "0",
    "InterfaceIP": "192.168.1.36",
    "Destination": "192.168.1.7",
    "AA": "0",
    "AD": "0",
    "QNAME": "restrictmoderate.youtube.com.",
    "QTYPE": "1",
    "XID": "53469",
    "DNSSEC": "0",
    "RCODE": "0",
    "Port": "59570",
    "Scope": "Default",
    "Zone": "..Cache",
    "PolicyName": "NULL",
    "BufferSize": "62",
    "PacketData": "0xD0DD818000010001000000001072657374726963746D6F64657261746507796F757475626503636F6D0000010001C00C0001000100000E100004D8EF2677",
    "AdditionalInfo": "VirtualizationInstance:.",
    "ElapsedTime": "32",
    "GUID": "{389D07F2-0084-40E2-A29A-AAF01B610A88}",
    "EventReceivedTime": "2021-09-16T20:11:37.884060-07:00",
    "SourceModuleName": "dnsserver",
    "SourceModuleType": "im_etw",
    "HostIP": "192.168.1.36"
  },
  {
    "SourceName": "Microsoft-Windows-DNSServer",
    "ProviderGuid": "{EB79061A-A566-4698-9119-3ED2807060E7}",
    "EventID": 256,
    "Version": 0,
    "ChannelID": 16,
    "OpcodeValue": 0,
    "TaskValue": 1,
    "Keywords": "9223372036854775809",
    "EventTime": "2021-09-16T20:11:37.571686-07:00",
    "ExecutionProcessID": 2080,
    "ExecutionThreadID": 2940,
    "EventType": "INFO",
    "SeverityValue": 2,
    "Severity": "INFO",
    "Hostname": "WIN-93NOI1UVL29",
    "Domain": "NT AUTHORITY",
    "AccountName": "SYSTEM",
    "UserID": "S-1-5-18",
    "AccountType": "User",
    "Flags": "256",
    "TCP": "0",
    "InterfaceIP": "192.168.1.36",
    "Source": "192.168.1.7",
    "RD": "1",
    "QNAME": "sitereview.zscaler.com.",
    "QTYPE": "1",
    "XID": "14688",
    "Port": "59966",
    "BufferSize": "40",
    "PacketData": "0x3960010000010000000000000A73697465726576696577077A7363616C657203636F6D0000010001",
    "AdditionalInfo": ".",
    "GUID": "{D1646174-EA78-45DB-80E1-1129172E1262}",
    "EventReceivedTime": "2021-09-16T20:11:37.884060-07:00",
    "SourceModuleName": "dnsserver",
    "SourceModuleType": "im_etw",
    "HostIP": "192.168.1.36"
  },
  {
    "SourceName": "Microsoft-Windows-DNSServer",
    "ProviderGuid": "{EB79061A-A566-4698-9119-3ED2807060E7}",
    "EventID": 260,
    "Version": 0,
    "ChannelID": 16,
    "OpcodeValue": 0,
    "TaskValue": 2,
    "Keywords": "9223372036854775824",
    "EventTime": "2021-09-16T20:11:37.571812-07:00",
    "ExecutionProcessID": 2080,
    "ExecutionThreadID": 2940,
    "EventType": "INFO",
    "SeverityValue": 2,
    "Severity": "INFO",
    "Hostname": "WIN-93NOI1UVL29",
    "Domain": "NT AUTHORITY",
    "AccountName": "SYSTEM",
    "UserID": "S-1-5-18",
    "AccountType": "User",
    "Flags": "0",
    "TCP": "0",
    "Destination": "2001:503:eea3::30",
    "InterfaceIP": "::",
    "RD": "0",
    "QNAME": "sitereview.zscaler.com.",
    "QTYPE": "1",
    "QXID": "14688",
    "XID": "62342",
    "Port": "0",
    "RecursionScope": ".",
    "CacheScope": "Default",
    "PolicyName": "NULL",
    "BufferSize": "51",
    "PacketData": "0xF386000000010000000000010A73697465726576696577077A7363616C657203636F6D00000100010000290FA0000080000000",
    "AdditionalInfo": ".",
    "GUID": "{D1646174-EA78-45DB-80E1-1129172E1262}",
    "EventReceivedTime": "2021-09-16T20:11:37.902150-07:00",
    "SourceModuleName": "dnsserver",
    "SourceModuleType": "im_etw",
    "HostIP": "192.168.1.36"
  },
  {
    "SourceName": "Microsoft-Windows-DNSServer",
    "ProviderGuid": "{EB79061A-A566-4698-9119-3ED2807060E7}",
    "EventID": 256,
    "Version": 0,
    "ChannelID": 16,
    "OpcodeValue": 0,
    "TaskValue": 1,
    "Keywords": "9223372036854775809",
    "EventTime": "2021-09-16T20:11:37.575223-07:00",
    "ExecutionProcessID": 2080,
    "ExecutionThreadID": 2940,
    "EventType": "INFO",
    "SeverityValue": 2,
    "Severity": "INFO",
    "Hostname": "WIN-93NOI1UVL29",
    "Domain": "NT AUTHORITY",
    "AccountName": "SYSTEM",
    "UserID": "S-1-5-18",
    "AccountType": "User",
    "Flags": "256",
    "TCP": "0",
    "InterfaceIP": "192.168.1.36",
    "Source": "192.168.1.7",
    "RD": "1",
    "QNAME": "mozilla.org.",
    "QTYPE": "1",
    "XID": "29589",
    "Port": "44124",
    "BufferSize": "29",
    "PacketData": "0x739501000001000000000000076D6F7A696C6C61036F72670000010001",
    "AdditionalInfo": ".",
    "GUID": "{D9B7A248-4343-45A4-B8F9-D7D765E40254}",
    "EventReceivedTime": "2021-09-16T20:11:37.902150-07:00",
    "SourceModuleName": "dnsserver",
    "SourceModuleType": "im_etw",
    "HostIP": "192.168.1.36"
  },
  {
    "SourceName": "Microsoft-Windows-DNSServer",
    "ProviderGuid": "{EB79061A-A566-4698-9119-3ED2807060E7}",
    "EventID": 257,
    "Version": 0,
    "ChannelID": 16,
    "OpcodeValue": 0,
    "TaskValue": 1,
    "Keywords": "9223372036854775810",
    "EventTime": "2021-09-16T20:11:37.575282-07:00",
    "ExecutionProcessID": 2080,
    "ExecutionThreadID": 2940,
    "EventType": "INFO",
    "SeverityValue": 2,
    "Severity": "INFO",
    "Hostname": "WIN-93NOI1UVL29",
    "Domain": "NT AUTHORITY",
    "AccountName": "SYSTEM",
    "UserID": "S-1-5-18",
    "AccountType": "User",
    "Flags": "33152",
    "TCP": "0",
    "InterfaceIP": "192.168.1.36",
    "Destination": "192.168.1.7",
    "AA": "0",
    "AD": "0",
    "QNAME": "mozilla.org.",
    "QTYPE": "1",
    "XID": "29589",
    "DNSSEC": "0",
    "RCODE": "0",
    "Port": "44124",
    "Scope": "Default",
    "Zone": "..Cache",
    "PolicyName": "NULL",
    "BufferSize": "77",
    "PacketData": "0x739581800001000300000000076D6F7A696C6C61036F72670000010001C00C0001000100000E0F00042CEC301FC00C0001000100000E0F00042CEC485DC00C0001000100000E0F00042CEBF69B",
    "AdditionalInfo": "VirtualizationInstance:.",
    "ElapsedTime": "1",
    "GUID": "{D9B7A248-4343-45A4-B8F9-D7D765E40254}",
    "EventReceivedTime": "2021-09-16T20:11:37.902150-07:00",
    "SourceModuleName": "dnsserver",
    "SourceModuleType": "im_etw",
    "HostIP": "192.168.1.36"
  },
  {
    "SourceName": "Microsoft-Windows-DNSServer",
    "ProviderGuid": "{EB79061A-A566-4698-9119-3ED2807060E7}",
    "EventID": 256,
    "Version": 0,
    "ChannelID": 16,
    "OpcodeValue": 0,
    "TaskValue": 1,
    "Keywords": "9223372036854775809",
    "EventTime": "2021-09-16T20:11:37.575293-07:00",
    "ExecutionProcessID": 2080,
    "ExecutionThreadID": 2940,
    "EventType": "INFO",
    "SeverityValue": 2,
    "Severity": "INFO",
    "Hostname": "WIN-93NOI1UVL29",
    "Domain": "NT AUTHORITY",
    "AccountName": "SYSTEM",
    "UserID": "S-1-5-18",
    "AccountType": "User",
    "Flags": "256",
    "TCP": "0",
    "InterfaceIP": "192.168.1.36",
    "Source": "192.168.1.7",
    "RD": "1",
    "QNAME": "mozilla.org.",
    "QTYPE": "28",
    "XID": "35817",
    "Port": "44124",
    "BufferSize": "29",
    "PacketData": "0x8BE901000001000000000000076D6F7A696C6C61036F726700001C0001",
    "AdditionalInfo": ".",
    "GUID": "{D319D3AB-49F2-4508-9EC0-DF8C165B52C2}",
    "EventReceivedTime": "2021-09-16T20:11:37.902150-07:00",
    "SourceModuleName": "dnsserver",
    "SourceModuleType": "im_etw",
    "HostIP": "192.168.1.36"
  },
  {
    "SourceName": "Microsoft-Windows-DNSServer",
    "ProviderGuid": "{EB79061A-A566-4698-9119-3ED2807060E7}",
    "EventID": 257,
    "Version": 0,
    "ChannelID": 16,
    "OpcodeValue": 0,
    "TaskValue": 1,
    "Keywords": "9223372036854775810",
    "EventTime": "2021-09-16T20:11:37.575310-07:00",
    "ExecutionProcessID": 2080,
    "ExecutionThreadID": 2940,
    "EventType": "INFO",
    "SeverityValue": 2,
    "Severity": "INFO",
    "Hostname": "WIN-93NOI1UVL29",
    "Domain": "NT AUTHORITY",
    "AccountName": "SYSTEM",
    "UserID": "S-1-5-18",
    "AccountType": "User",
    "Flags": "33152",
    "TCP": "0",
    "InterfaceIP": "192.168.1.36",
    "Destination": "192.168.1.7",
    "AA": "0",
    "AD": "0",
    "QNAME": "mozilla.org.",
    "QTYPE": "28",
    "XID": "35817",
    "DNSSEC": "0",
    "RCODE": "0",
    "Port": "44124",
    "Scope": "Default",
    "Zone": "..Cache",
    "PolicyName": "NULL",
    "BufferSize": "109",
    "PacketData": "0x8BE981800001000000010000076D6F7A696C6C61036F726700001C0001C00C000600010000003B004409696E666F626C6F78310770726976617465046D646331076D6F7A696C6C6103636F6D000973797361646D696E73C00C78581ECA000000B4000000B4001275000000003C",
    "AdditionalInfo": "VirtualizationInstance:.",
    "ElapsedTime": "0",
    "GUID": "{D319D3AB-49F2-4508-9EC0-DF8C165B52C2}",
    "EventReceivedTime": "2021-09-16T20:11:37.902150-07:00",
    "SourceModuleName": "dnsserver",
    "SourceModuleType": "im_etw",
    "HostIP": "192.168.1.36"
  },
  {
    "SourceName": "Microsoft-Windows-DNSServer",
    "ProviderGuid": "{EB79061A-A566-4698-9119-3ED2807060E7}",
    "EventID": 256,
    "Version": 0,
    "ChannelID": 16,
    "OpcodeValue": 0,
    "TaskValue": 1,
    "Keywords": "9223372036854775809",
    "EventTime": "2021-09-16T20:11:37.575322-07:00",
    "ExecutionProcessID": 2080,
    "ExecutionThreadID": 2940,
    "EventType": "INFO",
    "SeverityValue": 2,
    "Severity": "INFO",
    "Hostname": "WIN-93NOI1UVL29",
    "Domain": "NT AUTHORITY",
    "AccountName": "SYSTEM",
    "UserID": "S-1-5-18",
    "AccountType": "User",
    "Flags": "256",
    "TCP": "0",
    "InterfaceIP": "192.168.1.36",
    "Source": "192.168.1.7",
    "RD": "1",
    "QNAME": "detectportal.firefox.com.",
    "QTYPE": "1",
    "XID": "47290",
    "Port": "59036",
    "BufferSize": "42",
    "PacketData": "0xB8BA010000010000000000000C646574656374706F7274616C0766697265666F7803636F6D0000010001",
    "AdditionalInfo": ".",
    "GUID": "{AA9A060F-A5B6-42E8-A8C9-623E6391E9C5}",
    "EventReceivedTime": "2021-09-16T20:11:37.902150-07:00",
    "SourceModuleName": "dnsserver",
    "SourceModuleType": "im_etw",
    "HostIP": "192.168.1.36"
  },
  {
    "SourceName": "Microsoft-Windows-DNSServer",
    "ProviderGuid": "{EB79061A-A566-4698-9119-3ED2807060E7}",
    "EventID": 279,
    "Version": 0,
    "ChannelID": 16,
    "OpcodeValue": 0,
    "TaskValue": 1,
    "Keywords": "9223372071214514176",
    "EventTime": "2021-09-16T20:11:37.575331-07:00",
    "ExecutionProcessID": 2080,
    "ExecutionThreadID": 2940,
    "EventType": "INFO",
    "SeverityValue": 2,
    "Severity": "INFO",
    "Hostname": "WIN-93NOI1UVL29",
    "Domain": "NT AUTHORITY",
    "AccountName": "SYSTEM",
    "UserID": "S-1-5-18",
    "AccountType": "User",
    "Flags": "33152",
    "TCP": "0",
    "InterfaceIP": "192.168.1.36",
    "Source": "192.168.1.7",
    "RD": "1",
    "QNAME": "detectportal.prod.mozaws.net.",
    "QTYPE": "1",
    "Port": "59036",
    "XID": "47290",
    "BufferSize": "42",
    "PacketData": "0xB8BA818000010001000000000C646574656374706F7274616C0766697265666F7803636F6D0000010001",
    "EventReceivedTime": "2021-09-16T20:11:37.902150-07:00",
    "SourceModuleName": "dnsserver",
    "SourceModuleType": "im_etw",
    "HostIP": "192.168.1.36"
  },
  {
    "SourceName": "Microsoft-Windows-DNSServer",
    "ProviderGuid": "{EB79061A-A566-4698-9119-3ED2807060E7}",
    "EventID": 279,
    "Version": 0,
    "ChannelID": 16,
    "OpcodeValue": 0,
    "TaskValue": 1,
    "Keywords": "9223372071214514176",
    "EventTime": "2021-09-16T20:11:37.575341-07:00",
    "ExecutionProcessID": 2080,
    "ExecutionThreadID": 2940,
    "EventType": "INFO",
    "SeverityValue": 2,
    "Severity": "INFO",
    "Hostname": "WIN-93NOI1UVL29",
    "Domain": "NT AUTHORITY",
    "AccountName": "SYSTEM",
    "UserID": "S-1-5-18",
    "AccountType": "User",
    "Flags": "33152",
    "TCP": "0",
    "InterfaceIP": "192.168.1.36",
    "Source": "192.168.1.7",
    "RD": "1",
    "QNAME": "prod.detectportal.prod.cloudops.mozgcp.net.",
    "QTYPE": "1",
    "Port": "59036",
    "XID": "47290",
    "BufferSize": "42",
    "PacketData": "0xB8BA818000010002000000000C646574656374706F7274616C0766697265666F7803636F6D0000010001",
    "EventReceivedTime": "2021-09-16T20:11:37.902150-07:00",
    "SourceModuleName": "dnsserver",
    "SourceModuleType": "im_etw",
    "HostIP": "192.168.1.36"
  },
  {
    "SourceName": "Microsoft-Windows-DNSServer",
    "ProviderGuid": "{EB79061A-A566-4698-9119-3ED2807060E7}",
    "EventID": 257,
    "Version": 0,
    "ChannelID": 16,
    "OpcodeValue": 0,
    "TaskValue": 1,
    "Keywords": "9223372036854775810",
    "EventTime": "2021-09-16T20:11:37.575468-07:00",
    "ExecutionProcessID": 2080,
    "ExecutionThreadID": 2940,
    "EventType": "INFO",
    "SeverityValue": 2,
    "Severity": "INFO",
    "Hostname": "WIN-93NOI1UVL29",
    "Domain": "NT AUTHORITY",
    "AccountName": "SYSTEM",
    "UserID": "S-1-5-18",
    "AccountType": "User",
    "Flags": "33152",
    "TCP": "0",
    "InterfaceIP": "192.168.1.36",
    "Destination": "192.168.1.7",
    "AA": "0",
    "AD": "0",
    "QNAME": "detectportal.firefox.com.",
    "QTYPE": "1",
    "XID": "47290",
    "DNSSEC": "0",
    "RCODE": "0",
    "Port": "59036",
    "Scope": "Default",
    "Zone": "..Cache",
    "PolicyName": "NULL",
    "BufferSize": "153",
    "PacketData": "0xB8BA818000010003000000000C646574656374706F7274616C0766697265666F7803636F6D0000010001C00C000500010000003B001E0C646574656374706F7274616C0470726F64066D6F7A617773036E657400C036000500010000012B00290470726F640C646574656374706F7274616C0470726F6408636C6F75646F7073066D6F7A676370C04FC06000010001000007070004226BDD52",
    "AdditionalInfo": "VirtualizationInstance:.",
    "ElapsedTime": "0",
    "GUID": "{AA9A060F-A5B6-42E8-A8C9-623E6391E9C5}",
    "EventReceivedTime": "2021-09-16T20:11:37.902150-07:00",
    "SourceModuleName": "dnsserver",
    "SourceModuleType": "im_etw",
    "HostIP": "192.168.1.36"
  },
  {
    "SourceName": "Microsoft-Windows-DNSServer",
    "ProviderGuid": "{EB79061A-A566-4698-9119-3ED2807060E7}",
    "EventID": 256,
    "Version": 0,
    "ChannelID": 16,
    "OpcodeValue": 0,
    "TaskValue": 1,
    "Keywords": "9223372036854775809",
    "EventTime": "2021-09-16T20:11:37.575487-07:00",
    "ExecutionProcessID": 2080,
    "ExecutionThreadID": 2940,
    "EventType": "INFO",
    "SeverityValue": 2,
    "Severity": "INFO",
    "Hostname": "WIN-93NOI1UVL29",
    "Domain": "NT AUTHORITY",
    "AccountName": "SYSTEM",
    "UserID": "S-1-5-18",
    "AccountType": "User",
    "Flags": "256",
    "TCP": "0",
    "InterfaceIP": "192.168.1.36",
    "Source": "192.168.1.7",
    "RD": "1",
    "QNAME": "detectportal.firefox.com.",
    "QTYPE": "28",
    "XID": "7867",
    "Port": "59036",
    "BufferSize": "42",
    "PacketData": "0x1EBB010000010000000000000C646574656374706F7274616C0766697265666F7803636F6D00001C0001",
    "AdditionalInfo": ".",
    "GUID": "{90F2128B-23B3-422B-BB94-F00FE40E38AB}",
    "EventReceivedTime": "2021-09-16T20:11:37.902150-07:00",
    "SourceModuleName": "dnsserver",
    "SourceModuleType": "im_etw",
    "HostIP": "192.168.1.36"
  },
  {
    "SourceName": "Microsoft-Windows-DNSServer",
    "ProviderGuid": "{EB79061A-A566-4698-9119-3ED2807060E7}",
    "EventID": 279,
    "Version": 0,
    "ChannelID": 16,
    "OpcodeValue": 0,
    "TaskValue": 1,
    "Keywords": "9223372071214514176",
    "EventTime": "2021-09-16T20:11:37.575625-07:00",
    "ExecutionProcessID": 2080,
    "ExecutionThreadID": 2940,
    "EventType": "INFO",
    "SeverityValue": 2,
    "Severity": "INFO",
    "Hostname": "WIN-93NOI1UVL29",
    "Domain": "NT AUTHORITY",
    "AccountName": "SYSTEM",
    "UserID": "S-1-5-18",
    "AccountType": "User",
    "Flags": "33152",
    "TCP": "0",
    "InterfaceIP": "192.168.1.36",
    "Source": "192.168.1.7",
    "RD": "1",
    "QNAME": "detectportal.prod.mozaws.net.",
    "QTYPE": "28",
    "Port": "59036",
    "XID": "7867",
    "BufferSize": "42",
    "PacketData": "0x1EBB818000010001000000000C646574656374706F7274616C0766697265666F7803636F6D00001C0001",
    "EventReceivedTime": "2021-09-16T20:11:37.902150-07:00",
    "SourceModuleName": "dnsserver",
    "SourceModuleType": "im_etw",
    "HostIP": "192.168.1.36"
  },
  {
    "SourceName": "Microsoft-Windows-DNSServer",
    "ProviderGuid": "{EB79061A-A566-4698-9119-3ED2807060E7}",
    "EventID": 279,
    "Version": 0,
    "ChannelID": 16,
    "OpcodeValue": 0,
    "TaskValue": 1,
    "Keywords": "9223372071214514176",
    "EventTime": "2021-09-16T20:11:37.575635-07:00",
    "ExecutionProcessID": 2080,
    "ExecutionThreadID": 2940,
    "EventType": "INFO",
    "SeverityValue": 2,
    "Severity": "INFO",
    "Hostname": "WIN-93NOI1UVL29",
    "Domain": "NT AUTHORITY",
    "AccountName": "SYSTEM",
    "UserID": "S-1-5-18",
    "AccountType": "User",
    "Flags": "33152",
    "TCP": "0",
    "InterfaceIP": "192.168.1.36",
    "Source": "192.168.1.7",
    "RD": "1",
    "QNAME": "prod.detectportal.prod.cloudops.mozgcp.net.",
    "QTYPE": "28",
    "Port": "59036",
    "XID": "7867",
    "BufferSize": "42",
    "PacketData": "0x1EBB818000010002000000000C646574656374706F7274616C0766697265666F7803636F6D00001C0001",
    "EventReceivedTime": "2021-09-16T20:11:37.902150-07:00",
    "SourceModuleName": "dnsserver",
    "SourceModuleType": "im_etw",
    "HostIP": "192.168.1.36"
  },
  {
    "SourceName": "Microsoft-Windows-DNSServer",
    "ProviderGuid": "{EB79061A-A566-4698-9119-3ED2807060E7}",
    "EventID": 257,
    "Version": 0,
    "ChannelID": 16,
    "OpcodeValue": 0,
    "TaskValue": 1,
    "Keywords": "9223372036854775810",
    "EventTime": "2021-09-16T20:11:37.575660-07:00",
    "ExecutionProcessID": 2080,
    "ExecutionThreadID": 2940,
    "EventType": "INFO",
    "SeverityValue": 2,
    "Severity": "INFO",
    "Hostname": "WIN-93NOI1UVL29",
    "Domain": "NT AUTHORITY",
    "AccountName": "SYSTEM",
    "UserID": "S-1-5-18",
    "AccountType": "User",
    "Flags": "33152",
    "TCP": "0",
    "InterfaceIP": "192.168.1.36",
    "Destination": "192.168.1.7",
    "AA": "0",
    "AD": "0",
    "QNAME": "detectportal.firefox.com.",
    "QTYPE": "28",
    "XID": "7867",
    "DNSSEC": "0",
    "RCODE": "0",
    "Port": "59036",
    "Scope": "Default",
    "Zone": "..Cache",
    "PolicyName": "NULL",
    "BufferSize": "165",
    "PacketData": "0x1EBB818000010003000000000C646574656374706F7274616C0766697265666F7803636F6D00001C0001C00C000500010000003B001E0C646574656374706F7274616C0470726F64066D6F7A617773036E657400C036000500010000012B00290470726F640C646574656374706F7274616C0470726F6408636C6F75646F7073066D6F7A676370C04FC060001C000100000707001026001901000038D70000000000000000",
    "AdditionalInfo": "VirtualizationInstance:.",
    "ElapsedTime": "0",
    "GUID": "{90F2128B-23B3-422B-BB94-F00FE40E38AB}",
    "EventReceivedTime": "2021-09-16T20:11:37.902150-07:00",
    "SourceModuleName": "dnsserver",
    "SourceModuleType": "im_etw",
    "HostIP": "192.168.1.36"
  },
  {
    "SourceName": "Microsoft-Windows-DNSServer",
    "ProviderGuid": "{EB79061A-A566-4698-9119-3ED2807060E7}",
    "EventID": 256,
    "Version": 0,
    "ChannelID": 16,
    "OpcodeValue": 0,
    "TaskValue": 1,
    "Keywords": "9223372036854775809",
    "EventTime": "2021-09-16T20:11:37.575688-07:00",
    "ExecutionProcessID": 2080,
    "ExecutionThreadID": 2940,
    "EventType": "INFO",
    "SeverityValue": 2,
    "Severity": "INFO",
    "Hostname": "WIN-93NOI1UVL29",
    "Domain": "NT AUTHORITY",
    "AccountName": "SYSTEM",
    "UserID": "S-1-5-18",
    "AccountType": "User",
    "Flags": "256",
    "TCP": "0",
    "InterfaceIP": "192.168.1.36",
    "Source": "192.168.1.7",
    "RD": "1",
    "QNAME": "detectportal.firefox.com.",
    "QTYPE": "1",
    "XID": "8341",
    "Port": "40558",
    "BufferSize": "42",
    "PacketData": "0x2095010000010000000000000C646574656374706F7274616C0766697265666F7803636F6D0000010001",
    "AdditionalInfo": ".",
    "GUID": "{9A2B153E-4681-4E6D-86A4-2A2ACECAC6D2}",
    "EventReceivedTime": "2021-09-16T20:11:37.902150-07:00",
    "SourceModuleName": "dnsserver",
    "SourceModuleType": "im_etw",
    "HostIP": "192.168.1.36"
  },
  {
    "SourceName": "Microsoft-Windows-DNSServer",
    "ProviderGuid": "{EB79061A-A566-4698-9119-3ED2807060E7}",
    "EventID": 279,
    "Version": 0,
    "ChannelID": 16,
    "OpcodeValue": 0,
    "TaskValue": 1,
    "Keywords": "9223372071214514176",
    "EventTime": "2021-09-16T20:11:37.575695-07:00",
    "ExecutionProcessID": 2080,
    "ExecutionThreadID": 2940,
    "EventType": "INFO",
    "SeverityValue": 2,
    "Severity": "INFO",
    "Hostname": "WIN-93NOI1UVL29",
    "Domain": "NT AUTHORITY",
    "AccountName": "SYSTEM",
    "UserID": "S-1-5-18",
    "AccountType": "User",
    "Flags": "33152",
    "TCP": "0",
    "InterfaceIP": "192.168.1.36",
    "Source": "192.168.1.7",
    "RD": "1",
    "QNAME": "detectportal.prod.mozaws.net.",
    "QTYPE": "1",
    "Port": "40558",
    "XID": "8341",
    "BufferSize": "42",
    "PacketData": "0x2095818000010001000000000C646574656374706F7274616C0766697265666F7803636F6D0000010001",
    "EventReceivedTime": "2021-09-16T20:11:37.902150-07:00",
    "SourceModuleName": "dnsserver",
    "SourceModuleType": "im_etw",
    "HostIP": "192.168.1.36"
  },
  {
    "SourceName": "Microsoft-Windows-DNSServer",
    "ProviderGuid": "{EB79061A-A566-4698-9119-3ED2807060E7}",
    "EventID": 279,
    "Version": 0,
    "ChannelID": 16,
    "OpcodeValue": 0,
    "TaskValue": 1,
    "Keywords": "9223372071214514176",
    "EventTime": "2021-09-16T20:11:37.575699-07:00",
    "ExecutionProcessID": 2080,
    "ExecutionThreadID": 2940,
    "EventType": "INFO",
    "SeverityValue": 2,
    "Severity": "INFO",
    "Hostname": "WIN-93NOI1UVL29",
    "Domain": "NT AUTHORITY",
    "AccountName": "SYSTEM",
    "UserID": "S-1-5-18",
    "AccountType": "User",
    "Flags": "33152",
    "TCP": "0",
    "InterfaceIP": "192.168.1.36",
    "Source": "192.168.1.7",
    "RD": "1",
    "QNAME": "prod.detectportal.prod.cloudops.mozgcp.net.",
    "QTYPE": "1",
    "Port": "40558",
    "XID": "8341",
    "BufferSize": "42",
    "PacketData": "0x2095818000010002000000000C646574656374706F7274616C0766697265666F7803636F6D0000010001",
    "EventReceivedTime": "2021-09-16T20:11:37.902150-07:00",
    "SourceModuleName": "dnsserver",
    "SourceModuleType": "im_etw",
    "HostIP": "192.168.1.36"
  },
  {
    "SourceName": "Microsoft-Windows-DNSServer",
    "ProviderGuid": "{EB79061A-A566-4698-9119-3ED2807060E7}",
    "EventID": 257,
    "Version": 0,
    "ChannelID": 16,
    "OpcodeValue": 0,
    "TaskValue": 1,
    "Keywords": "9223372036854775810",
    "EventTime": "2021-09-16T20:11:37.575719-07:00",
    "ExecutionProcessID": 2080,
    "ExecutionThreadID": 2940,
    "EventType": "INFO",
    "SeverityValue": 2,
    "Severity": "INFO",
    "Hostname": "WIN-93NOI1UVL29",
    "Domain": "NT AUTHORITY",
    "AccountName": "SYSTEM",
    "UserID": "S-1-5-18",
    "AccountType": "User",
    "Flags": "33152",
    "TCP": "0",
    "InterfaceIP": "192.168.1.36",
    "Destination": "192.168.1.7",
    "AA": "0",
    "AD": "0",
    "QNAME": "detectportal.firefox.com.",
    "QTYPE": "1",
    "XID": "8341",
    "DNSSEC": "0",
    "RCODE": "0",
    "Port": "40558",
    "Scope": "Default",
    "Zone": "..Cache",
    "PolicyName": "NULL",
    "BufferSize": "153",
    "PacketData": "0x2095818000010003000000000C646574656374706F7274616C0766697265666F7803636F6D0000010001C00C000500010000003B001E0C646574656374706F7274616C0470726F64066D6F7A617773036E657400C036000500010000012B00290470726F640C646574656374706F7274616C0470726F6408636C6F75646F7073066D6F7A676370C04FC06000010001000007070004226BDD52",
    "AdditionalInfo": "VirtualizationInstance:.",
    "ElapsedTime": "0",
    "GUID": "{9A2B153E-4681-4E6D-86A4-2A2ACECAC6D2}",
    "EventReceivedTime": "2021-09-16T20:11:37.902150-07:00",
    "SourceModuleName": "dnsserver",
    "SourceModuleType": "im_etw",
    "HostIP": "192.168.1.36"
  },
  {
    "SourceName": "Microsoft-Windows-DNSServer",
    "ProviderGuid": "{EB79061A-A566-4698-9119-3ED2807060E7}",
    "EventID": 256,
    "Version": 0,
    "ChannelID": 16,
    "OpcodeValue": 0,
    "TaskValue": 1,
    "Keywords": "9223372036854775809",
    "EventTime": "2021-09-16T20:11:37.575728-07:00",
    "ExecutionProcessID": 2080,
    "ExecutionThreadID": 2940,
    "EventType": "INFO",
    "SeverityValue": 2,
    "Severity": "INFO",
    "Hostname": "WIN-93NOI1UVL29",
    "Domain": "NT AUTHORITY",
    "AccountName": "SYSTEM",
    "UserID": "S-1-5-18",
    "AccountType": "User",
    "Flags": "256",
    "TCP": "0",
    "InterfaceIP": "192.168.1.36",
    "Source": "192.168.1.7",
    "RD": "1",
    "QNAME": "detectportal.firefox.com.",
    "QTYPE": "28",
    "XID": "42135",
    "Port": "40558",
    "BufferSize": "42",
    "PacketData": "0xA497010000010000000000000C646574656374706F7274616C0766697265666F7803636F6D00001C0001",
    "AdditionalInfo": ".",
    "GUID": "{AB256D51-A238-470A-BDC8-BD6178AC8823}",
    "EventReceivedTime": "2021-09-16T20:11:37.902150-07:00",
    "SourceModuleName": "dnsserver",
    "SourceModuleType": "im_etw",
    "HostIP": "192.168.1.36"
  },
  {
    "SourceName": "Microsoft-Windows-DNSServer",
    "ProviderGuid": "{EB79061A-A566-4698-9119-3ED2807060E7}",
    "EventID": 279,
    "Version": 0,
    "ChannelID": 16,
    "OpcodeValue": 0,
    "TaskValue": 1,
    "Keywords": "9223372071214514176",
    "EventTime": "2021-09-16T20:11:37.575769-07:00",
    "ExecutionProcessID": 2080,
    "ExecutionThreadID": 2940,
    "EventType": "INFO",
    "SeverityValue": 2,
    "Severity": "INFO",
    "Hostname": "WIN-93NOI1UVL29",
    "Domain": "NT AUTHORITY",
    "AccountName": "SYSTEM",
    "UserID": "S-1-5-18",
    "AccountType": "User",
    "Flags": "33152",
    "TCP": "0",
    "InterfaceIP": "192.168.1.36",
    "Source": "192.168.1.7",
    "RD": "1",
    "QNAME": "detectportal.prod.mozaws.net.",
    "QTYPE": "28",
    "Port": "40558",
    "XID": "42135",
    "BufferSize": "42",
    "PacketData": "0xA497818000010001000000000C646574656374706F7274616C0766697265666F7803636F6D00001C0001",
    "EventReceivedTime": "2021-09-16T20:11:37.902150-07:00",
    "SourceModuleName": "dnsserver",
    "SourceModuleType": "im_etw",
    "HostIP": "192.168.1.36"
  },
  {
    "SourceName": "Microsoft-Windows-DNSServer",
    "ProviderGuid": "{EB79061A-A566-4698-9119-3ED2807060E7}",
    "EventID": 279,
    "Version": 0,
    "ChannelID": 16,
    "OpcodeValue": 0,
    "TaskValue": 1,
    "Keywords": "9223372071214514176",
    "EventTime": "2021-09-16T20:11:37.575774-07:00",
    "ExecutionProcessID": 2080,
    "ExecutionThreadID": 2940,
    "EventType": "INFO",
    "SeverityValue": 2,
    "Severity": "INFO",
    "Hostname": "WIN-93NOI1UVL29",
    "Domain": "NT AUTHORITY",
    "AccountName": "SYSTEM",
    "UserID": "S-1-5-18",
    "AccountType": "User",
    "Flags": "33152",
    "TCP": "0",
    "InterfaceIP": "192.168.1.36",
    "Source": "192.168.1.7",
    "RD": "1",
    "QNAME": "prod.detectportal.prod.cloudops.mozgcp.net.",
    "QTYPE": "28",
    "Port": "40558",
    "XID": "42135",
    "BufferSize": "42",
    "PacketData": "0xA497818000010002000000000C646574656374706F7274616C0766697265666F7803636F6D00001C0001",
    "EventReceivedTime": "2021-09-16T20:11:37.902150-07:00",
    "SourceModuleName": "dnsserver",
    "SourceModuleType": "im_etw",
    "HostIP": "192.168.1.36"
  },
  {
    "SourceName": "Microsoft-Windows-DNSServer",
    "ProviderGuid": "{EB79061A-A566-4698-9119-3ED2807060E7}",
    "EventID": 257,
    "Version": 0,
    "ChannelID": 16,
    "OpcodeValue": 0,
    "TaskValue": 1,
    "Keywords": "9223372036854775810",
    "EventTime": "2021-09-16T20:11:37.575922-07:00",
    "ExecutionProcessID": 2080,
    "ExecutionThreadID": 2940,
    "EventType": "INFO",
    "SeverityValue": 2,
    "Severity": "INFO",
    "Hostname": "WIN-93NOI1UVL29",
    "Domain": "NT AUTHORITY",
    "AccountName": "SYSTEM",
    "UserID": "S-1-5-18",
    "AccountType": "User",
    "Flags": "33152",
    "TCP": "0",
    "InterfaceIP": "192.168.1.36",
    "Destination": "192.168.1.7",
    "AA": "0",
    "AD": "0",
    "QNAME": "detectportal.firefox.com.",
    "QTYPE": "28",
    "XID": "42135",
    "DNSSEC": "0",
    "RCODE": "0",
    "Port": "40558",
    "Scope": "Default",
    "Zone": "..Cache",
    "PolicyName": "NULL",
    "BufferSize": "165",
    "PacketData": "0xA497818000010003000000000C646574656374706F7274616C0766697265666F7803636F6D00001C0001C00C000500010000003B001E0C646574656374706F7274616C0470726F64066D6F7A617773036E657400C036000500010000012B00290470726F640C646574656374706F7274616C0470726F6408636C6F75646F7073066D6F7A676370C04FC060001C000100000707001026001901000038D70000000000000000",
    "AdditionalInfo": "VirtualizationInstance:.",
    "ElapsedTime": "0",
    "GUID": "{AB256D51-A238-470A-BDC8-BD6178AC8823}",
    "EventReceivedTime": "2021-09-16T20:11:37.902150-07:00",
    "SourceModuleName": "dnsserver",
    "SourceModuleType": "im_etw",
    "HostIP": "192.168.1.36"
  },
  {
    "SourceName": "Microsoft-Windows-DNSServer",
    "ProviderGuid": "{EB79061A-A566-4698-9119-3ED2807060E7}",
    "EventID": 261,
    "Version": 0,
    "ChannelID": 16,
    "OpcodeValue": 0,
    "TaskValue": 2,
    "Keywords": "9223372036854775840",
    "EventTime": "2021-09-16T20:11:37.597176-07:00",
    "ExecutionProcessID": 2080,
    "ExecutionThreadID": 2940,
    "EventType": "INFO",
    "SeverityValue": 2,
    "Severity": "INFO",
    "Hostname": "WIN-93NOI1UVL29",
    "Domain": "NT AUTHORITY",
    "AccountName": "SYSTEM",
    "UserID": "S-1-5-18",
    "AccountType": "User",
    "Flags": "32768",
    "TCP": "0",
    "Source": "2001:503:eea3::30",
    "InterfaceIP": "::",
    "AA": "0",
    "AD": "0",
    "QNAME": "sitereview.zscaler.com.",
    "QTYPE": "1",
    "XID": "62342",
    "RecursionDepth": "1",
    "Port": "0",
    "RecursionScope": ".",
    "CacheScope": "Default",
    "BufferSize": "990",
    "PacketData": "0xF386800000010000000A000D0A73697465726576696577077A7363616C657203636F6D0000010001C017000200010002A3000013046E7331300B646E736D61646565617379C01FC017000200010002A3000007046E733131C039C017000200010002A3000007046E733132C039C017000200010002A3000007046E733133C039C017000200010002A3000007046E733134C039C017000200010002A3000007046E733135C03920434B30504F4A4D473837344C4A5245463745464E38343330515649543842534DC01F003200010001518000230101000000146501A0C25720EE156F6C4E39636B3ADA0312D92A000722000000000290C0A6002E00010001518000B7003208020001518061495E696140138199AF03636F6D0073D49C969AD112E1F52C00137560047BE57A0C63D266917DED0C9A551F1942FF5A835C70F318B7C1EC6363C09CA90BC736EB8345EA6F090394D2675E2DD1E0CEC5ED70EADAD937CA6CC54F1A48BA6BE6ED4985DC52360CD72D6C33AB6A67D91A22530A0F796FA8CD809D5DFD4EDA95D33C8A5BF1A724B9CB9248BFE875C054CB318444F00A1E1D5AE0EB39B04D9810FF639A4962C6AEB971DC01E12935F5E655204A4A5451475437354151313741304C4A434651444B475447474E383742413846C01F003200010001518000220101000000149CFBAAABF9BE01B5F36F0440BDB26F2C773FED2F0006200000000012C1B9002E00010001518000B70032080200015180614C0B9E6142C0B699AF03636F6D0061D3C833C3C8409D60F7F0525191B10723BF4BFDE8CB157B0388AA3AAC74936B94CCF04BDCE9457079E99A7C0908178310A3A63EDB6C115589F62821C4D3D6FF3E54BDD25E694FF7E50F04103B44006CBA8FD3226796D79F1FB3E1F31C986F5765B0F5CC246D42E1BAF731B374F79F2DD005C4AF0D0A6147D47B393022B7C3E0E2C76615E72B436320AF42A341BD8223C53FA71EA14012AC3A1C67190F05582EC034000100010002A3000004D05E9404C034001C00010002A300001026001800001000000000000000000001C053000100010002A3000004D0507C04C053001C00010002A300001026001801001100000000000000000001C066000100010002A3000004D0507E04C066001C00010002A300001026001802001200000000000000000001C079000100010002A3000004D0507D04C079001C00010002A300001026001801001300000000000000000001C08C000100010002A3000004D0507F04C08C001C00010002A300001026001802001400000000000000000001C09F000100010002A3000004D05E9504C09F001C00010002A3000010260018000015000000000000000000010000291000000080000000",
    "AdditionalInfo": ".",
    "GUID": "{D1646174-EA78-45DB-80E1-1129172E1262}",
    "EventReceivedTime": "2021-09-16T20:11:37.902150-07:00",
    "SourceModuleName": "dnsserver",
    "SourceModuleType": "im_etw",
    "HostIP": "192.168.1.36"
  },
  {
    "SourceName": "Microsoft-Windows-DNSServer",
    "ProviderGuid": "{EB79061A-A566-4698-9119-3ED2807060E7}",
    "EventID": 260,
    "Version": 0,
    "ChannelID": 16,
    "OpcodeValue": 0,
    "TaskValue": 2,
    "Keywords": "9223372036854775824",
    "EventTime": "2021-09-16T20:11:37.597333-07:00",
    "ExecutionProcessID": 2080,
    "ExecutionThreadID": 2940,
    "EventType": "INFO",
    "SeverityValue": 2,
    "Severity": "INFO",
    "Hostname": "WIN-93NOI1UVL29",
    "Domain": "NT AUTHORITY",
    "AccountName": "SYSTEM",
    "UserID": "S-1-5-18",
    "AccountType": "User",
    "Flags": "0",
    "TCP": "0",
    "Destination": "208.80.126.4",
    "InterfaceIP": "0.0.0.0",
    "RD": "0",
    "QNAME": "sitereview.zscaler.com.",
    "QTYPE": "1",
    "QXID": "14688",
    "XID": "7951",
    "Port": "0",
    "RecursionScope": ".",
    "CacheScope": "Default",
    "PolicyName": "NULL",
    "BufferSize": "51",
    "PacketData": "0x1F0F000000010000000000010A73697465726576696577077A7363616C657203636F6D00000100010000290FA0000080000000",
    "AdditionalInfo": ".",
    "GUID": "{D1646174-EA78-45DB-80E1-1129172E1262}",
    "EventReceivedTime": "2021-09-16T20:11:37.902150-07:00",
    "SourceModuleName": "dnsserver",
    "SourceModuleType": "im_etw",
    "HostIP": "192.168.1.36"
  },
  {
    "SourceName": "Microsoft-Windows-DNSServer",
    "ProviderGuid": "{EB79061A-A566-4698-9119-3ED2807060E7}",
    "EventID": 261,
    "Version": 0,
    "ChannelID": 16,
    "OpcodeValue": 0,
    "TaskValue": 2,
    "Keywords": "9223372036854775840",
    "EventTime": "2021-09-16T20:11:37.616691-07:00",
    "ExecutionProcessID": 2080,
    "ExecutionThreadID": 2940,
    "EventType": "INFO",
    "SeverityValue": 2,
    "Severity": "INFO",
    "Hostname": "WIN-93NOI1UVL29",
    "Domain": "NT AUTHORITY",
    "AccountName": "SYSTEM",
    "UserID": "S-1-5-18",
    "AccountType": "User",
    "Flags": "33792",
    "TCP": "0",
    "Source": "208.80.126.4",
    "InterfaceIP": "0.0.0.0",
    "AA": "1",
    "AD": "0",
    "QNAME": "sitereview.zscaler.com.",
    "QTYPE": "1",
    "XID": "7951",
    "RecursionDepth": "2",
    "Port": "0",
    "RecursionScope": ".",
    "CacheScope": "Default",
    "BufferSize": "67",
    "PacketData": "0x1F0F840000010001000000010A73697465726576696577077A7363616C657203636F6D0000010001C00C000100010000012C0004C7A894560000290500000080000000",
    "AdditionalInfo": ".",
    "GUID": "{D1646174-EA78-45DB-80E1-1129172E1262}",
    "EventReceivedTime": "2021-09-16T20:11:37.902150-07:00",
    "SourceModuleName": "dnsserver",
    "SourceModuleType": "im_etw",
    "HostIP": "192.168.1.36"
  },
