  {
    "SourceName": "Microsoft-Windows-DNSServer",
    "ProviderGuid": "{EB79061A-A566-4698-9119-3ED2807060E7}",
    "EventID": 261,
    "Version": 0,
    "ChannelID": 16,
    "OpcodeValue": 0,
    "TaskValue": 2,
    "Keywords": "9223372036854775840",
    "EventTime": "2021-09-16T20:09:51.782625-07:00",
    "ExecutionProcessID": 2080,
    "ExecutionThreadID": 2940,
    "EventType": "INFO",
    "SeverityValue": 2,
    "Severity": "INFO",
    "Hostname": "WIN-93NOI1UVL29",
    "Domain": "NT AUTHORITY",
    "AccountName": "SYSTEM",
    "UserID": "S-1-5-18",
    "AccountType": "User",
    "Flags": "32768",
    "TCP": "0",
    "Source": "2001:503:ba3e::2:30",
    "InterfaceIP": "::",
    "AA": "0",
    "AD": "0",
    "QNAME": "f.b.8.9.f.b.4.d.3.5.b.7.3.a.8.b.a.2.8.0.0.0.4.4.2.4.4.0.1.0.6.2.ip6.arpa.",
    "QTYPE": "12",
    "XID": "36427",
    "RecursionDepth": "1",
    "Port": "0",
    "RecursionScope": ".",
    "CacheScope": "Default",
    "BufferSize": "909",
    "PacketData": "0x8E4B800000010000000A000D0166016201380139016601620134016401330135016201370133016101380162016101320138013001300130013401340132013401340130013101300136013203697036046172706100000C0001C04C000200010002A300001001610B6970362D73657276657273C050C04C000200010002A30000040162C068C04C000200010002A30000040166C068C04C000200010002A30000040165C068C04C000200010002A30000040164C068C04C000200010002A30000040163C068C04C002B0001000151800024B0260802E6B54E0A20CE1EDBFCB6879C02F5782059CECB043A31D804A04AFA51AF01D5FBC04C002B0001000151800024FA3C08028A11501086330132BE2C23F22DEDF0634AD5FF668B4AA1988E172C6A2A4E5F7BC04C002B000100015180002436380802068554EFCB5861F42AF93EF8E79C442A86C16FC5652E6B6D2419ED527F344D17C04C002E0001000151800118002B0802000151806154FE006143CC70358F04617270610008E281AA9BC454845E4C34D880CA55499D4D83248D9E452AB5BEF1C18D83D2B7570000B85620208D251EDA5C9B80F4EFD50CF9454624F325460AB375C1E2C69E70D7816D76B8466CACBFC3595184AAC5AD04506D8022A3AD86370B526C405DF7D62D9BCB2B5309E56212AA4289B5CC548265645951DC2C9FEDD2A4663C81F911BC5BA9601E8D1F380C8CACE2F28F3B51F75BE0F12D9237DE51FF1B9D8D09198B7FEF5797634C8AF05FC4BD5800477A9888E39FA0262A77C47593C241FFE61F015DCC03B9532F8826F7FCBE70846A99F56F99A5B0E857AAB6C17B130C3A1472EFDBFF47712DA7051ECB889B5EA85108418BA4AC8ED7094D41BF50DC00E9847320C066000100010002A3000004C7B4B635C066001C00010002A300001026200037E00000000000000000000053C082000100010002A3000004C7FDB6B6C082001C00010002A300001020010500008600000000000000000086C092000100010002A3000004C1000902C092001C00010002A30000102001067C00E000000000000000000002C0A2000100010002A3000004CB775665C0A2001C00010002A300001020010DD8000600000000000000000101C0B2000100010002A3000004C8075635C0B2001C00010002A3000010200113C7701200000000000000000053C0C2000100010002A3000004C4D8A90BC0C2001C00010002A3000010200143F80110000000000000000000110000291000000080000000",
    "AdditionalInfo": ".",
    "GUID": "{371CA9ED-CD3F-46AF-84F8-376E1B32B934}",
    "EventReceivedTime": "2021-09-16T20:09:52.753093-07:00",
    "SourceModuleName": "dnsserver",
    "SourceModuleType": "im_etw",
    "HostIP": "192.168.1.36"
  },
  {
    "SourceName": "Microsoft-Windows-DNSServer",
    "ProviderGuid": "{EB79061A-A566-4698-9119-3ED2807060E7}",
    "EventID": 260,
    "Version": 0,
    "ChannelID": 16,
    "OpcodeValue": 0,
    "TaskValue": 2,
    "Keywords": "9223372036854775824",
    "EventTime": "2021-09-16T20:09:51.782783-07:00",
    "ExecutionProcessID": 2080,
    "ExecutionThreadID": 2940,
    "EventType": "INFO",
    "SeverityValue": 2,
    "Severity": "INFO",
    "Hostname": "WIN-93NOI1UVL29",
    "Domain": "NT AUTHORITY",
    "AccountName": "SYSTEM",
    "UserID": "S-1-5-18",
    "AccountType": "User",
    "Flags": "0",
    "TCP": "0",
    "Destination": "2001:13c7:7012::53",
    "InterfaceIP": "::",
    "RD": "0",
    "QNAME": "f.b.8.9.f.b.4.d.3.5.b.7.3.a.8.b.a.2.8.0.0.0.4.4.2.4.4.0.1.0.6.2.ip6.arpa.",
    "QTYPE": "12",
    "QXID": "1",
    "XID": "17752",
    "Port": "0",
    "RecursionScope": ".",
    "CacheScope": "Default",
    "PolicyName": "NULL",
    "BufferSize": "101",
    "PacketData": "0x4558000000010000000000010166016201380139016601620134016401330135016201370133016101380162016101320138013001300130013401340132013401340130013101300136013203697036046172706100000C00010000290FA0000080000000",
    "AdditionalInfo": ".",
    "GUID": "{371CA9ED-CD3F-46AF-84F8-376E1B32B934}",
    "EventReceivedTime": "2021-09-16T20:09:52.753093-07:00",
    "SourceModuleName": "dnsserver",
    "SourceModuleType": "im_etw",
    "HostIP": "192.168.1.36"
  },
  {
    "SourceName": "Microsoft-Windows-DNSServer",
    "ProviderGuid": "{EB79061A-A566-4698-9119-3ED2807060E7}",
    "EventID": 261,
    "Version": 0,
    "ChannelID": 16,
    "OpcodeValue": 0,
    "TaskValue": 2,
    "Keywords": "9223372036854775840",
    "EventTime": "2021-09-16T20:09:51.958954-07:00",
    "ExecutionProcessID": 2080,
    "ExecutionThreadID": 2940,
    "EventType": "INFO",
    "SeverityValue": 2,
    "Severity": "INFO",
    "Hostname": "WIN-93NOI1UVL29",
    "Domain": "NT AUTHORITY",
    "AccountName": "SYSTEM",
    "UserID": "S-1-5-18",
    "AccountType": "User",
    "Flags": "32768",
    "TCP": "0",
    "Source": "2001:13c7:7012::53",
    "InterfaceIP": "::",
    "AA": "0",
    "AD": "0",
    "QNAME": "f.b.8.9.f.b.4.d.3.5.b.7.3.a.8.b.a.2.8.0.0.0.4.4.2.4.4.0.1.0.6.2.ip6.arpa.",
    "QTYPE": "12",
    "XID": "17752",
    "RecursionDepth": "2",
    "Port": "0",
    "RecursionScope": ".",
    "CacheScope": "Default",
    "BufferSize": "454",
    "PacketData": "0x4558800000010000000800010166016201380139016601620134016401330135016201370133016101380162016101320138013001300130013401340132013401340130013101300136013203697036046172706100000C0001013001360132036970360461727061000002000100015180000C0172046172696E036E657400C05A000200010001518000040179C076C05A00020001000151800004017AC076C05A000200010001518000040175C076C05A000200010001518000040178C076C05A00020001000151800017046172696E0761757468646E730472697065036E657400C05A002B00010001518000243D2D08024AC95E372E29678B92E3401AF45B5C2BA7F8EBCBA81968BE28D6C74466D18CD2C05A002E000100015180009C002B080500015180614CB7DA6130D359A810036970360461727061009A48E458E139DBE2397A8B56F83A21455E347442DFEE7E74B46B9C34CF53AA8FE3BA205CE56FCD8BC3E99B3BCAF6B0BC287394D14696E80AEB38A2ABC1CDF645AA2F5EA25784711474ABB5FFC1C556972315A855B6410BC884D0365A7A4F0707CC8A30CC68675A158C08CC88F3E81D9B0B0197090CEA8A4172DA6383FCB90DA60000291000000080000000",
    "AdditionalInfo": ".",
    "GUID": "{371CA9ED-CD3F-46AF-84F8-376E1B32B934}",
    "EventReceivedTime": "2021-09-16T20:09:52.753093-07:00",
    "SourceModuleName": "dnsserver",
    "SourceModuleType": "im_etw",
    "HostIP": "192.168.1.36"
  },
  {
    "SourceName": "Microsoft-Windows-DNSServer",
    "ProviderGuid": "{EB79061A-A566-4698-9119-3ED2807060E7}",
    "EventID": 260,
    "Version": 0,
    "ChannelID": 16,
    "OpcodeValue": 0,
    "TaskValue": 2,
    "Keywords": "9223372036854775824",
    "EventTime": "2021-09-16T20:09:51.959134-07:00",
    "ExecutionProcessID": 2080,
    "ExecutionThreadID": 2940,
    "EventType": "INFO",
    "SeverityValue": 2,
    "Severity": "INFO",
    "Hostname": "WIN-93NOI1UVL29",
    "Domain": "NT AUTHORITY",
    "AccountName": "SYSTEM",
    "UserID": "S-1-5-18",
    "AccountType": "User",
    "Flags": "0",
    "TCP": "0",
    "Destination": "2001:503:d414::30",
    "InterfaceIP": "::",
    "RD": "0",
    "QNAME": "r.arin.NET.",
    "QTYPE": "1",
    "QXID": "1",
    "XID": "16927",
    "Port": "0",
    "RecursionScope": ".",
    "CacheScope": "Default",
    "PolicyName": "NULL",
    "BufferSize": "39",
    "PacketData": "0x421F000000010000000000010172046172696E034E455400000100010000290FA0000080000000",
    "AdditionalInfo": ".",
    "GUID": "{00000000-0000-0000-0000-000000000000}",
    "EventReceivedTime": "2021-09-16T20:09:52.753093-07:00",
    "SourceModuleName": "dnsserver",
    "SourceModuleType": "im_etw",
    "HostIP": "192.168.1.36"
  },
  {
    "SourceName": "Microsoft-Windows-DNSServer",
    "ProviderGuid": "{EB79061A-A566-4698-9119-3ED2807060E7}",
    "EventID": 261,
    "Version": 0,
    "ChannelID": 16,
    "OpcodeValue": 0,
    "TaskValue": 2,
    "Keywords": "9223372036854775840",
    "EventTime": "2021-09-16T20:09:51.977966-07:00",
    "ExecutionProcessID": 2080,
    "ExecutionThreadID": 2940,
    "EventType": "INFO",
    "SeverityValue": 2,
    "Severity": "INFO",
    "Hostname": "WIN-93NOI1UVL29",
    "Domain": "NT AUTHORITY",
    "AccountName": "SYSTEM",
    "UserID": "S-1-5-18",
    "AccountType": "User",
    "Flags": "32768",
    "TCP": "0",
    "Source": "2001:503:d414::30",
    "InterfaceIP": "::",
    "AA": "0",
    "AD": "0",
    "QNAME": "r.arin.NET.",
    "QTYPE": "1",
    "XID": "16927",
    "RecursionDepth": "1",
    "Port": "0",
    "RecursionScope": ".",
    "CacheScope": "Default",
    "BufferSize": "528",
    "PacketData": "0x421F800000010000000600090172046172696E034E45540000010001C00E000200010002A3000006036E7331C00EC00E000200010002A3000006036E7332C00EC00E000200010002A30000040175C00EC00E000200010002A3000006036E7333C00EC00E002B0001000151800024B8C6080202FF0A09A1A577854C2163EB32087159CA01A195106192929450DC3ED9435D1BC00E002E00010001518000B7002B080200015180614C13EE6142C906FF62036E657400A0EA922E1A674435540E6AD3FF5E7FFBD7FFCC3CA4AEC677A4D0B38DB010604EBFEA7C422C8BC7040909869E218D4A77D5EFBC031F15CA5679621C2804D7AA80A8080D8D306059222FA3C68C0BB304BD6D5D20D5927CE0692B1719FC6A0D96F0031272705C80146AAC90AD7E450D2598BC42787C4CAA5181C86EFD6A430D642F555C6CBB46CB16F7FD7DEEEE057E0F0C94805A0AD8B89F0B70267A6B75F11E83C028000100010002A3000004C7D4006CC028001C00010002A300001020010500001300000000000000000108C03A000100010002A3000004C747006CC03A001C00010002A300001020010500003100000000000000000108C04C001C00010002A3000010200105000014605000AD000000000001C04C000100010002A3000004CC3DD832C05C000100010002A3000004C7051A6CC05C001C00010002A30000102001050000A9000000000000000001080000291000000080000000",
    "AdditionalInfo": ".",
    "GUID": "{00000000-0000-0000-0000-000000000000}",
    "EventReceivedTime": "2021-09-16T20:09:52.753093-07:00",
    "SourceModuleName": "dnsserver",
    "SourceModuleType": "im_etw",
    "HostIP": "192.168.1.36"
  },
  {
    "SourceName": "Microsoft-Windows-DNSServer",
    "ProviderGuid": "{EB79061A-A566-4698-9119-3ED2807060E7}",
    "EventID": 260,
    "Version": 0,
    "ChannelID": 16,
    "OpcodeValue": 0,
    "TaskValue": 2,
    "Keywords": "9223372036854775824",
    "EventTime": "2021-09-16T20:09:51.978144-07:00",
    "ExecutionProcessID": 2080,
    "ExecutionThreadID": 2940,
    "EventType": "INFO",
    "SeverityValue": 2,
    "Severity": "INFO",
    "Hostname": "WIN-93NOI1UVL29",
    "Domain": "NT AUTHORITY",
    "AccountName": "SYSTEM",
    "UserID": "S-1-5-18",
    "AccountType": "User",
    "Flags": "0",
    "TCP": "0",
    "Destination": "199.5.26.108",
    "InterfaceIP": "0.0.0.0",
    "RD": "0",
    "QNAME": "r.arin.NET.",
    "QTYPE": "1",
    "QXID": "1",
    "XID": "62793",
    "Port": "0",
    "RecursionScope": ".",
    "CacheScope": "Default",
    "PolicyName": "NULL",
    "BufferSize": "39",
    "PacketData": "0xF549000000010000000000010172046172696E034E455400000100010000290FA0000080000000",
    "AdditionalInfo": ".",
    "GUID": "{00000000-0000-0000-0000-000000000000}",
    "EventReceivedTime": "2021-09-16T20:09:52.753093-07:00",
    "SourceModuleName": "dnsserver",
    "SourceModuleType": "im_etw",
    "HostIP": "192.168.1.36"
  },
  {
    "SourceName": "Microsoft-Windows-DNSServer",
    "ProviderGuid": "{EB79061A-A566-4698-9119-3ED2807060E7}",
    "EventID": 261,
    "Version": 0,
    "ChannelID": 16,
    "OpcodeValue": 0,
    "TaskValue": 2,
    "Keywords": "9223372036854775840",
    "EventTime": "2021-09-16T20:09:52.142833-07:00",
    "ExecutionProcessID": 2080,
    "ExecutionThreadID": 2940,
    "EventType": "INFO",
    "SeverityValue": 2,
    "Severity": "INFO",
    "Hostname": "WIN-93NOI1UVL29",
    "Domain": "NT AUTHORITY",
    "AccountName": "SYSTEM",
    "UserID": "S-1-5-18",
    "AccountType": "User",
    "Flags": "33792",
    "TCP": "0",
    "Source": "199.5.26.108",
    "InterfaceIP": "0.0.0.0",
    "AA": "1",
    "AD": "0",
    "QNAME": "r.arin.NET.",
    "QTYPE": "1",
    "XID": "62793",
    "RecursionDepth": "2",
    "Port": "0",
    "RecursionScope": ".",
    "CacheScope": "Default",
    "BufferSize": "233",
    "PacketData": "0xF549840000010002000000010172046172696E034E455400000100010172046172696E036E657400000100010000A8C00004C7B4B43FC01C002E00010000A8C0009C000108030000A8C06155A6CD614323BD8952046172696E036E657400B027F70F1F25C60484AE6083FF6E3ECED457732D5ACE3B40C9F74A037AF6CA77BD517C0FD2274632CDDD94A8A6FBAE6AA90E48A8B2420345A787B71D65E8CDE43B96A95227A67DCBFB44FD23F11104297E887F63C71E00DA19DD0EACE0DA8D3A204D9DF9E46620ED8468BBFAFD8AE6DE00C8A001D29E8191CA7572BC543C505E0000291000000080000000",
    "AdditionalInfo": ".",
    "GUID": "{00000000-0000-0000-0000-000000000000}",
    "EventReceivedTime": "2021-09-16T20:09:52.753093-07:00",
    "SourceModuleName": "dnsserver",
    "SourceModuleType": "im_etw",
    "HostIP": "192.168.1.36"
  },
  {
    "SourceName": "Microsoft-Windows-DNSServer",
    "ProviderGuid": "{EB79061A-A566-4698-9119-3ED2807060E7}",
    "EventID": 260,
    "Version": 0,
    "ChannelID": 16,
    "OpcodeValue": 0,
    "TaskValue": 2,
    "Keywords": "9223372036854775824",
    "EventTime": "2021-09-16T20:09:52.142964-07:00",
    "ExecutionProcessID": 2080,
    "ExecutionThreadID": 2940,
    "EventType": "INFO",
    "SeverityValue": 2,
    "Severity": "INFO",
    "Hostname": "WIN-93NOI1UVL29",
    "Domain": "NT AUTHORITY",
    "AccountName": "SYSTEM",
    "UserID": "S-1-5-18",
    "AccountType": "User",
    "Flags": "0",
    "TCP": "0",
    "Destination": "199.180.180.63",
    "InterfaceIP": "0.0.0.0",
    "RD": "0",
    "QNAME": "f.b.8.9.f.b.4.d.3.5.b.7.3.a.8.b.a.2.8.0.0.0.4.4.2.4.4.0.1.0.6.2.ip6.arpa.",
    "QTYPE": "12",
    "QXID": "1",
    "XID": "5235",
    "Port": "0",
    "RecursionScope": ".",
    "CacheScope": "Default",
    "PolicyName": "NULL",
    "BufferSize": "101",
    "PacketData": "0x1473000000010000000000010166016201380139016601620134016401330135016201370133016101380162016101320138013001300130013401340132013401340130013101300136013203697036046172706100000C00010000290FA0000080000000",
    "AdditionalInfo": ".",
    "GUID": "{371CA9ED-CD3F-46AF-84F8-376E1B32B934}",
    "EventReceivedTime": "2021-09-16T20:09:52.753093-07:00",
    "SourceModuleName": "dnsserver",
    "SourceModuleType": "im_etw",
    "HostIP": "192.168.1.36"
  },
  {
    "SourceName": "Microsoft-Windows-DNSServer",
    "ProviderGuid": "{EB79061A-A566-4698-9119-3ED2807060E7}",
    "EventID": 261,
    "Version": 0,
    "ChannelID": 16,
    "OpcodeValue": 0,
    "TaskValue": 2,
    "Keywords": "9223372036854775840",
    "EventTime": "2021-09-16T20:09:52.179146-07:00",
    "ExecutionProcessID": 2080,
    "ExecutionThreadID": 2940,
    "EventType": "INFO",
    "SeverityValue": 2,
    "Severity": "INFO",
    "Hostname": "WIN-93NOI1UVL29",
    "Domain": "NT AUTHORITY",
    "AccountName": "SYSTEM",
    "UserID": "S-1-5-18",
    "AccountType": "User",
    "Flags": "32768",
    "TCP": "0",
    "Source": "199.180.180.63",
    "InterfaceIP": "0.0.0.0",
    "AA": "0",
    "AD": "0",
    "QNAME": "f.b.8.9.f.b.4.d.3.5.b.7.3.a.8.b.a.2.8.0.0.0.4.4.2.4.4.0.1.0.6.2.ip6.arpa.",
    "QTYPE": "12",
    "XID": "5235",
    "RecursionDepth": "3",
    "Port": "0",
    "RecursionScope": ".",
    "CacheScope": "Default",
    "BufferSize": "433",
    "PacketData": "0x1473800000010000000700010166016201380139016601620134016401330135016201370133016101380162016101320138013001300130013401340132013401340130013101300136013203697036046172706100000C0001C0420002000100015180001406646E7331303507636F6D63617374036E657400C0420002000100015180000906646E73313034C06DC0420002000100015180000906646E73313033C06DC0420002000100015180000906646E73313031C06DC0420002000100015180000906646E73313032C06DC042002F000100002A30001E013001300132013001360132036970360461727061000006200000000003C042002E000100002A3000A2002F080700002A3061566D5D6143EA4D2BD8013001360132036970360461727061000F376BF84A921AB8658022A4E48EBBEAD91A0D53E16D5516C0BD669F3784FF0C68C88503D52F4DBCE0050358A8B76BDB939F5A25480E23EFAE29373B09B11DAFDD140AF9E824B551D0A70926D573AD3478BE92F2B23010D746402AF1F5311956129EA578D1C45EB18D704BF49A97E055EA11181B6FC9D9A66F54CA7700F39F100000291000000080000000",
    "AdditionalInfo": ".",
    "GUID": "{371CA9ED-CD3F-46AF-84F8-376E1B32B934}",
    "EventReceivedTime": "2021-09-16T20:09:52.753093-07:00",
    "SourceModuleName": "dnsserver",
    "SourceModuleType": "im_etw",
    "HostIP": "192.168.1.36"
  },
  {
    "SourceName": "Microsoft-Windows-DNSServer",
    "ProviderGuid": "{EB79061A-A566-4698-9119-3ED2807060E7}",
    "EventID": 260,
    "Version": 0,
    "ChannelID": 16,
    "OpcodeValue": 0,
    "TaskValue": 2,
    "Keywords": "9223372036854775824",
    "EventTime": "2021-09-16T20:09:52.179292-07:00",
    "ExecutionProcessID": 2080,
    "ExecutionThreadID": 2940,
    "EventType": "INFO",
    "SeverityValue": 2,
    "Severity": "INFO",
    "Hostname": "WIN-93NOI1UVL29",
    "Domain": "NT AUTHORITY",
    "AccountName": "SYSTEM",
    "UserID": "S-1-5-18",
    "AccountType": "User",
    "Flags": "0",
    "TCP": "0",
    "Destination": "192.31.80.30",
    "InterfaceIP": "0.0.0.0",
    "RD": "0",
    "QNAME": "dns105.comcast.NET.",
    "QTYPE": "1",
    "QXID": "1",
    "XID": "37311",
    "Port": "0",
    "RecursionScope": ".",
    "CacheScope": "Default",
    "PolicyName": "NULL",
    "BufferSize": "47",
    "PacketData": "0x91BF0000000100000000000106646E7331303507636F6D63617374034E455400000100010000290FA0000080000000",
    "AdditionalInfo": ".",
    "GUID": "{00000000-0000-0000-0000-000000000000}",
    "EventReceivedTime": "2021-09-16T20:09:52.753093-07:00",
    "SourceModuleName": "dnsserver",
    "SourceModuleType": "im_etw",
    "HostIP": "192.168.1.36"
  },
  {
    "SourceName": "Microsoft-Windows-DNSServer",
    "ProviderGuid": "{EB79061A-A566-4698-9119-3ED2807060E7}",
    "EventID": 261,
    "Version": 0,
    "ChannelID": 16,
    "OpcodeValue": 0,
    "TaskValue": 2,
    "Keywords": "9223372036854775840",
    "EventTime": "2021-09-16T20:09:52.216645-07:00",
    "ExecutionProcessID": 2080,
    "ExecutionThreadID": 2940,
    "EventType": "INFO",
    "SeverityValue": 2,
    "Severity": "INFO",
    "Hostname": "WIN-93NOI1UVL29",
    "Domain": "NT AUTHORITY",
    "AccountName": "SYSTEM",
    "UserID": "S-1-5-18",
    "AccountType": "User",
    "Flags": "32768",
    "TCP": "0",
    "Source": "192.31.80.30",
    "InterfaceIP": "0.0.0.0",
    "AA": "0",
    "AD": "0",
    "QNAME": "dns105.comcast.NET.",
    "QTYPE": "1",
    "XID": "37311",
    "RecursionDepth": "1",
    "Port": "0",
    "RecursionScope": ".",
    "CacheScope": "Default",
    "BufferSize": "644",
    "PacketData": "0x91BF8000000100000008000B06646E7331303507636F6D63617374034E45540000010001C013000200010002A300000906646E73313031C013C013000200010002A300000906646E73313032C013C013000200010002A300000906646E73313033C013C013000200010002A300000906646E73313034C013C013000200010002A3000002C00CC013002B00010001518000249FCD050230C0F50E68DCC9A2F279A994C07CF22CED97AADF44C2B1FE38A1B32BA1A34174C013002B00010001518000189FCD0501DDC19733884EE533B35B4B57717BEA9B0EF2C4D1C013002E00010001518000B7002B08020001518061496FBA614024D2FF62036E6574000C0D4D8D2844399C3CC75CEA9C7640781CCE71200BF65BC460467C0D78F796A2564D22BEB69755AB697D652830141F836532CBBF96BEC7F2C3DCAF8FC6B7A93AB5BE6615649074372B767FAF34620E8236C6CEDBAD46483A2BECE0B002C8F59F04319EFB4820C39DD9D333D41A7F659E7BF6ED2609F05F24B1FD7B8A68675658ACCB109ED364D97DE214108546466799E65D8116D43AFD1C4C23E16AE30BF4B5C030001C00010002A300001020010558FE2300080069025202500103C030000100010002A300000445FCFA67C045001C00010002A300001020010558100400070068008700850132C045000100010002A300000444575584C05A001C00010002A3000010200105581014000C0068008700760228C05A000100010002A300000444574CE4C06F001C00010002A300001020010558100A00050068008700680244C06F000100010002A3000004445744F4C00C001C00010002A300001020010558100E00050068008700720244C00C000100010002A3000004445748F40000291000000080000000",
    "AdditionalInfo": ".",
    "GUID": "{00000000-0000-0000-0000-000000000000}",
    "EventReceivedTime": "2021-09-16T20:09:52.753093-07:00",
    "SourceModuleName": "dnsserver",
    "SourceModuleType": "im_etw",
    "HostIP": "192.168.1.36"
  },
  {
    "SourceName": "Microsoft-Windows-DNSServer",
    "ProviderGuid": "{EB79061A-A566-4698-9119-3ED2807060E7}",
    "EventID": 260,
    "Version": 0,
    "ChannelID": 16,
    "OpcodeValue": 0,
    "TaskValue": 2,
    "Keywords": "9223372036854775824",
    "EventTime": "2021-09-16T20:09:52.216906-07:00",
    "ExecutionProcessID": 2080,
    "ExecutionThreadID": 2940,
    "EventType": "INFO",
    "SeverityValue": 2,
    "Severity": "INFO",
    "Hostname": "WIN-93NOI1UVL29",
    "Domain": "NT AUTHORITY",
    "AccountName": "SYSTEM",
    "UserID": "S-1-5-18",
    "AccountType": "User",
    "Flags": "0",
    "TCP": "0",
    "Destination": "2001:558:1004:7:68:87:85:132",
    "InterfaceIP": "::",
    "RD": "0",
    "QNAME": "dns105.comcast.NET.",
    "QTYPE": "1",
    "QXID": "1",
    "XID": "37138",
    "Port": "0",
    "RecursionScope": ".",
    "CacheScope": "Default",
    "PolicyName": "NULL",
    "BufferSize": "47",
    "PacketData": "0x91120000000100000000000106646E7331303507636F6D63617374034E455400000100010000290FA0000080000000",
    "AdditionalInfo": ".",
    "GUID": "{00000000-0000-0000-0000-000000000000}",
    "EventReceivedTime": "2021-09-16T20:09:52.753093-07:00",
    "SourceModuleName": "dnsserver",
    "SourceModuleType": "im_etw",
    "HostIP": "192.168.1.36"
  },
  {
    "SourceName": "Microsoft-Windows-DNSServer",
    "ProviderGuid": "{EB79061A-A566-4698-9119-3ED2807060E7}",
    "EventID": 261,
    "Version": 0,
    "ChannelID": 16,
    "OpcodeValue": 0,
    "TaskValue": 2,
    "Keywords": "9223372036854775840",
    "EventTime": "2021-09-16T20:09:52.243506-07:00",
    "ExecutionProcessID": 2080,
    "ExecutionThreadID": 2940,
    "EventType": "INFO",
    "SeverityValue": 2,
    "Severity": "INFO",
    "Hostname": "WIN-93NOI1UVL29",
    "Domain": "NT AUTHORITY",
    "AccountName": "SYSTEM",
    "UserID": "S-1-5-18",
    "AccountType": "User",
    "Flags": "33792",
    "TCP": "0",
    "Source": "2001:558:1004:7:68:87:85:132",
    "InterfaceIP": "::",
    "AA": "1",
    "AD": "0",
    "QNAME": "dns105.comcast.NET.",
    "QTYPE": "1",
    "XID": "37138",
    "RecursionDepth": "2",
    "Port": "0",
    "RecursionScope": ".",
    "CacheScope": "Default",
    "BufferSize": "234",
    "PacketData": "0x91128400000100020000000106646E7331303507636F6D63617374034E45540000010001C00C0001000100001C200004445748F4C00C002E000100001C20009F0001050300001C2061532A47613CBF9B67B607636F6D63617374036E6574008D1374EF0EE61469F91046F3725D3FCD4CAC3F93DD92241DD1EC5A608FB2B2DFF4121DEEC0761A8C9E281E6234BE844C104D859F9F5643CD6499B548F818CA976DCD6ACF0A231AA51AA93C98958D3B8EDA4099D1C6883ED4A7AABB68002321DDF6E5595A76C31AFB3923F3A9CD7ED75F805ECF5FB60E86926AFC308168E108460000291000000080000000",
    "AdditionalInfo": ".",
    "GUID": "{00000000-0000-0000-0000-000000000000}",
    "EventReceivedTime": "2021-09-16T20:09:52.753093-07:00",
    "SourceModuleName": "dnsserver",
    "SourceModuleType": "im_etw",
    "HostIP": "192.168.1.36"
  },
  {
    "SourceName": "Microsoft-Windows-DNSServer",
    "ProviderGuid": "{EB79061A-A566-4698-9119-3ED2807060E7}",
    "EventID": 260,
    "Version": 0,
    "ChannelID": 16,
    "OpcodeValue": 0,
    "TaskValue": 2,
    "Keywords": "9223372036854775824",
    "EventTime": "2021-09-16T20:09:52.243658-07:00",
    "ExecutionProcessID": 2080,
    "ExecutionThreadID": 2940,
    "EventType": "INFO",
    "SeverityValue": 2,
    "Severity": "INFO",
    "Hostname": "WIN-93NOI1UVL29",
    "Domain": "NT AUTHORITY",
    "AccountName": "SYSTEM",
    "UserID": "S-1-5-18",
    "AccountType": "User",
    "Flags": "0",
    "TCP": "0",
    "Destination": "2001:558:100e:5:68:87:72:244",
    "InterfaceIP": "::",
    "RD": "0",
    "QNAME": "f.b.8.9.f.b.4.d.3.5.b.7.3.a.8.b.a.2.8.0.0.0.4.4.2.4.4.0.1.0.6.2.ip6.arpa.",
    "QTYPE": "12",
    "QXID": "1",
    "XID": "58158",
    "Port": "0",
    "RecursionScope": ".",
    "CacheScope": "Default",
    "PolicyName": "NULL",
    "BufferSize": "101",
    "PacketData": "0xE32E000000010000000000010166016201380139016601620134016401330135016201370133016101380162016101320138013001300130013401340132013401340130013101300136013203697036046172706100000C00010000290FA0000080000000",
    "AdditionalInfo": ".",
    "GUID": "{371CA9ED-CD3F-46AF-84F8-376E1B32B934}",
    "EventReceivedTime": "2021-09-16T20:09:52.753093-07:00",
    "SourceModuleName": "dnsserver",
    "SourceModuleType": "im_etw",
    "HostIP": "192.168.1.36"
  },
  {
    "SourceName": "Microsoft-Windows-DNSServer",
    "ProviderGuid": "{EB79061A-A566-4698-9119-3ED2807060E7}",
    "EventID": 261,
    "Version": 0,
    "ChannelID": 16,
    "OpcodeValue": 0,
    "TaskValue": 2,
    "Keywords": "9223372036854775840",
    "EventTime": "2021-09-16T20:09:52.261568-07:00",
    "ExecutionProcessID": 2080,
    "ExecutionThreadID": 2940,
    "EventType": "INFO",
    "SeverityValue": 2,
    "Severity": "INFO",
    "Hostname": "WIN-93NOI1UVL29",
    "Domain": "NT AUTHORITY",
    "AccountName": "SYSTEM",
    "UserID": "S-1-5-18",
    "AccountType": "User",
    "Flags": "33795",
    "TCP": "0",
    "Source": "2001:558:100e:5:68:87:72:244",
    "InterfaceIP": "::",
    "AA": "1",
    "AD": "0",
    "QNAME": "f.b.8.9.f.b.4.d.3.5.b.7.3.a.8.b.a.2.8.0.0.0.4.4.2.4.4.0.1.0.6.2.ip6.arpa.",
    "QTYPE": "12",
    "XID": "58158",
    "RecursionDepth": "4",
    "Port": "0",
    "RecursionScope": ".",
    "CacheScope": "Default",
    "BufferSize": "182",
    "PacketData": "0xE32E840300010000000100010166016201380139016601620134016401330135016201370133016101380162016101320138013001300130013401340132013401340130013101300136013203697036046172706100000C0001C0420006000100000384004506646E7331303107636F6D63617374036E65740009646E736D61737465720D636F6D636173746F6E6C696E6503636F6D00780C9EE200001C200000012C00093A80000003840000291000000080000000",
    "AdditionalInfo": ".",
    "GUID": "{371CA9ED-CD3F-46AF-84F8-376E1B32B934}",
    "EventReceivedTime": "2021-09-16T20:09:52.753093-07:00",
    "SourceModuleName": "dnsserver",
    "SourceModuleType": "im_etw",
    "HostIP": "192.168.1.36"
  },
  {
    "SourceName": "Microsoft-Windows-DNSServer",
    "ProviderGuid": "{EB79061A-A566-4698-9119-3ED2807060E7}",
    "EventID": 257,
    "Version": 0,
    "ChannelID": 16,
    "OpcodeValue": 0,
    "TaskValue": 1,
    "Keywords": "9223372036854775810",
    "EventTime": "2021-09-16T20:09:52.261629-07:00",
    "ExecutionProcessID": 2080,
    "ExecutionThreadID": 2940,
    "EventType": "INFO",
    "SeverityValue": 2,
    "Severity": "INFO",
    "Hostname": "WIN-93NOI1UVL29",
    "Domain": "NT AUTHORITY",
    "AccountName": "SYSTEM",
    "UserID": "S-1-5-18",
    "AccountType": "User",
    "Flags": "33155",
    "TCP": "0",
    "InterfaceIP": "2601:442:4400:82a:b8a3:7b53:d4bf:98bf",
    "Destination": "2601:442:4400:82a:b8a3:7b53:d4bf:98bf",
    "AA": "0",
    "AD": "0",
    "QNAME": "f.b.8.9.f.b.4.d.3.5.b.7.3.a.8.b.a.2.8.0.0.0.4.4.2.4.4.0.1.0.6.2.ip6.arpa.",
    "QTYPE": "12",
    "XID": "1",
    "DNSSEC": "0",
    "RCODE": "3",
    "Port": "52288",
    "Scope": "Default",
    "Zone": "..Cache",
    "PolicyName": "NULL",
    "BufferSize": "171",
    "PacketData": "0x0001818300010000000100000166016201380139016601620134016401330135016201370133016101380162016101320138013001300130013401340132013401340130013101300136013203697036046172706100000C0001C0420006000100000383004506646E7331303107636F6D63617374036E65740009646E736D61737465720D636F6D636173746F6E6C696E6503636F6D00780C9EE200001C200000012C00093A8000000384",
    "AdditionalInfo": "VirtualizationInstance:.",
    "ElapsedTime": "499",
    "GUID": "{371CA9ED-CD3F-46AF-84F8-376E1B32B934}",
    "EventReceivedTime": "2021-09-16T20:09:52.753093-07:00",
    "SourceModuleName": "dnsserver",
    "SourceModuleType": "im_etw",
    "HostIP": "192.168.1.36"
  },
  {
    "SourceName": "Microsoft-Windows-DNSServer",
    "ProviderGuid": "{EB79061A-A566-4698-9119-3ED2807060E7}",
    "EventID": 256,
    "Version": 0,
    "ChannelID": 16,
    "OpcodeValue": 0,
    "TaskValue": 1,
    "Keywords": "9223372036854775809",
    "EventTime": "2021-09-16T20:09:52.263280-07:00",
    "ExecutionProcessID": 2080,
    "ExecutionThreadID": 2940,
    "EventType": "INFO",
    "SeverityValue": 2,
    "Severity": "INFO",
    "Hostname": "WIN-93NOI1UVL29",
    "Domain": "NT AUTHORITY",
    "AccountName": "SYSTEM",
    "UserID": "S-1-5-18",
    "AccountType": "User",
    "Flags": "256",
    "TCP": "0",
    "InterfaceIP": "2601:442:4400:82a:b8a3:7b53:d4bf:98bf",
    "Source": "2601:442:4400:82a:b8a3:7b53:d4bf:98bf",
    "RD": "1",
    "QNAME": "cert.org.v6.example.com.",
    "QTYPE": "1",
    "XID": "2",
    "Port": "52528",
    "BufferSize": "41",
    "PacketData": "0x0002010000010000000000000463657274036F7267027636076578616D706C6503636F6D0000010001",
    "AdditionalInfo": ".",
    "GUID": "{95B8ED6F-07DF-440D-A88B-1CA44CA0B740}",
    "EventReceivedTime": "2021-09-16T20:09:52.753093-07:00",
    "SourceModuleName": "dnsserver",
    "SourceModuleType": "im_etw",
    "HostIP": "192.168.1.36"
  },
  {
    "SourceName": "Microsoft-Windows-DNSServer",
    "ProviderGuid": "{EB79061A-A566-4698-9119-3ED2807060E7}",
    "EventID": 257,
    "Version": 0,
    "ChannelID": 16,
    "OpcodeValue": 0,
    "TaskValue": 1,
    "Keywords": "9223372036854775810",
    "EventTime": "2021-09-16T20:09:52.263364-07:00",
    "ExecutionProcessID": 2080,
    "ExecutionThreadID": 2940,
    "EventType": "INFO",
    "SeverityValue": 2,
    "Severity": "INFO",
    "Hostname": "WIN-93NOI1UVL29",
    "Domain": "NT AUTHORITY",
    "AccountName": "SYSTEM",
    "UserID": "S-1-5-18",
    "AccountType": "User",
    "Flags": "34179",
    "TCP": "0",
    "InterfaceIP": "2601:442:4400:82a:b8a3:7b53:d4bf:98bf",
    "Destination": "2601:442:4400:82a:b8a3:7b53:d4bf:98bf",
    "AA": "1",
    "AD": "0",
    "QNAME": "cert.org.v6.example.com.",
    "QTYPE": "1",
    "XID": "2",
    "DNSSEC": "0",
    "RCODE": "3",
    "Port": "52528",
    "Scope": "Default",
    "Zone": "example.com",
    "PolicyName": "NULL",
    "BufferSize": "113",
    "PacketData": "0x0002858300010000000100000463657274036F7267027636076578616D706C6503636F6D0000010001076578616D706C6503636F6D000006000100000E1000310F77696E2D39336E6F693175766C3239000A686F73746D6173746572000000001500000384000002580001518000000E10",
    "AdditionalInfo": "VirtualizationInstance:.",
    "ElapsedTime": "0",
    "GUID": "{95B8ED6F-07DF-440D-A88B-1CA44CA0B740}",
    "EventReceivedTime": "2021-09-16T20:09:52.753093-07:00",
    "SourceModuleName": "dnsserver",
    "SourceModuleType": "im_etw",
    "HostIP": "192.168.1.36"
  },
  {
    "SourceName": "Microsoft-Windows-DNSServer",
    "ProviderGuid": "{EB79061A-A566-4698-9119-3ED2807060E7}",
    "EventID": 256,
    "Version": 0,
    "ChannelID": 16,
    "OpcodeValue": 0,
    "TaskValue": 1,
    "Keywords": "9223372036854775809",
    "EventTime": "2021-09-16T20:09:52.263588-07:00",
    "ExecutionProcessID": 2080,
    "ExecutionThreadID": 2940,
    "EventType": "INFO",
    "SeverityValue": 2,
    "Severity": "INFO",
    "Hostname": "WIN-93NOI1UVL29",
    "Domain": "NT AUTHORITY",
    "AccountName": "SYSTEM",
    "UserID": "S-1-5-18",
    "AccountType": "User",
    "Flags": "256",
    "TCP": "0",
    "InterfaceIP": "2601:442:4400:82a:b8a3:7b53:d4bf:98bf",
    "Source": "2601:442:4400:82a:b8a3:7b53:d4bf:98bf",
    "RD": "1",
    "QNAME": "cert.org.v6.example.com.",
    "QTYPE": "28",
    "XID": "3",
    "Port": "52581",
    "BufferSize": "41",
    "PacketData": "0x0003010000010000000000000463657274036F7267027636076578616D706C6503636F6D00001C0001",
    "AdditionalInfo": ".",
    "GUID": "{D60C9A1F-E96E-4FEA-94D2-4B0F7A32ED56}",
    "EventReceivedTime": "2021-09-16T20:09:52.753093-07:00",
    "SourceModuleName": "dnsserver",
    "SourceModuleType": "im_etw",
    "HostIP": "192.168.1.36"
  },
  {
    "SourceName": "Microsoft-Windows-DNSServer",
    "ProviderGuid": "{EB79061A-A566-4698-9119-3ED2807060E7}",
    "EventID": 257,
    "Version": 0,
    "ChannelID": 16,
    "OpcodeValue": 0,
    "TaskValue": 1,
    "Keywords": "9223372036854775810",
    "EventTime": "2021-09-16T20:09:52.263609-07:00",
    "ExecutionProcessID": 2080,
    "ExecutionThreadID": 2940,
    "EventType": "INFO",
    "SeverityValue": 2,
    "Severity": "INFO",
    "Hostname": "WIN-93NOI1UVL29",
    "Domain": "NT AUTHORITY",
    "AccountName": "SYSTEM",
    "UserID": "S-1-5-18",
    "AccountType": "User",
    "Flags": "34179",
    "TCP": "0",
    "InterfaceIP": "2601:442:4400:82a:b8a3:7b53:d4bf:98bf",
    "Destination": "2601:442:4400:82a:b8a3:7b53:d4bf:98bf",
    "AA": "1",
    "AD": "0",
    "QNAME": "cert.org.v6.example.com.",
    "QTYPE": "28",
    "XID": "3",
    "DNSSEC": "0",
    "RCODE": "3",
    "Port": "52581",
    "Scope": "Default",
    "Zone": "example.com",
    "PolicyName": "NULL",
    "BufferSize": "113",
    "PacketData": "0x0003858300010000000100000463657274036F7267027636076578616D706C6503636F6D00001C0001076578616D706C6503636F6D000006000100000E1000310F77696E2D39336E6F693175766C3239000A686F73746D6173746572000000001500000384000002580001518000000E10",
    "AdditionalInfo": "VirtualizationInstance:.",
    "ElapsedTime": "0",
    "GUID": "{D60C9A1F-E96E-4FEA-94D2-4B0F7A32ED56}",
    "EventReceivedTime": "2021-09-16T20:09:52.753093-07:00",
    "SourceModuleName": "dnsserver",
    "SourceModuleType": "im_etw",
    "HostIP": "192.168.1.36"
  },
  {
    "SourceName": "Microsoft-Windows-DNSServer",
    "ProviderGuid": "{EB79061A-A566-4698-9119-3ED2807060E7}",
    "EventID": 256,
    "Version": 0,
    "ChannelID": 16,
    "OpcodeValue": 0,
    "TaskValue": 1,
    "Keywords": "9223372036854775809",
    "EventTime": "2021-09-16T20:09:52.263739-07:00",
    "ExecutionProcessID": 2080,
    "ExecutionThreadID": 2940,
    "EventType": "INFO",
    "SeverityValue": 2,
    "Severity": "INFO",
    "Hostname": "WIN-93NOI1UVL29",
    "Domain": "NT AUTHORITY",
    "AccountName": "SYSTEM",
    "UserID": "S-1-5-18",
    "AccountType": "User",
    "Flags": "256",
    "TCP": "0",
    "InterfaceIP": "2601:442:4400:82a:b8a3:7b53:d4bf:98bf",
    "Source": "2601:442:4400:82a:b8a3:7b53:d4bf:98bf",
    "RD": "1",
    "QNAME": "cert.org.",
    "QTYPE": "1",
    "XID": "4",
    "Port": "52582",
    "BufferSize": "26",
    "PacketData": "0x0004010000010000000000000463657274036F72670000010001",
    "AdditionalInfo": ".",
    "GUID": "{A83A2976-B485-4486-B333-4B756EB8DB35}",
    "EventReceivedTime": "2021-09-16T20:09:52.753093-07:00",
    "SourceModuleName": "dnsserver",
    "SourceModuleType": "im_etw",
    "HostIP": "192.168.1.36"
  },
  {
    "SourceName": "Microsoft-Windows-DNSServer",
    "ProviderGuid": "{EB79061A-A566-4698-9119-3ED2807060E7}",
    "EventID": 260,
    "Version": 0,
    "ChannelID": 16,
    "OpcodeValue": 0,
    "TaskValue": 2,
    "Keywords": "9223372036854775824",
    "EventTime": "2021-09-16T20:09:52.263827-07:00",
    "ExecutionProcessID": 2080,
    "ExecutionThreadID": 2940,
    "EventType": "INFO",
    "SeverityValue": 2,
    "Severity": "INFO",
    "Hostname": "WIN-93NOI1UVL29",
    "Domain": "NT AUTHORITY",
    "AccountName": "SYSTEM",
    "UserID": "S-1-5-18",
    "AccountType": "User",
    "Flags": "0",
    "TCP": "0",
    "Destination": "199.19.53.1",
    "InterfaceIP": "0.0.0.0",
    "RD": "0",
    "QNAME": "cert.org.",
    "QTYPE": "1",
    "QXID": "4",
    "XID": "17678",
    "Port": "0",
    "RecursionScope": ".",
    "CacheScope": "Default",
    "PolicyName": "NULL",
    "BufferSize": "37",
    "PacketData": "0x450E000000010000000000010463657274036F726700000100010000290FA0000080000000",
    "AdditionalInfo": ".",
    "GUID": "{A83A2976-B485-4486-B333-4B756EB8DB35}",
    "EventReceivedTime": "2021-09-16T20:09:52.753093-07:00",
    "SourceModuleName": "dnsserver",
    "SourceModuleType": "im_etw",
    "HostIP": "192.168.1.36"
  },
  {
    "SourceName": "Microsoft-Windows-DNSServer",
    "ProviderGuid": "{EB79061A-A566-4698-9119-3ED2807060E7}",
    "EventID": 261,
    "Version": 0,
    "ChannelID": 16,
    "OpcodeValue": 0,
    "TaskValue": 2,
    "Keywords": "9223372036854775840",
    "EventTime": "2021-09-16T20:09:52.381431-07:00",
    "ExecutionProcessID": 2080,
    "ExecutionThreadID": 2940,
    "EventType": "INFO",
    "SeverityValue": 2,
    "Severity": "INFO",
    "Hostname": "WIN-93NOI1UVL29",
    "Domain": "NT AUTHORITY",
    "AccountName": "SYSTEM",
    "UserID": "S-1-5-18",
    "AccountType": "User",
    "Flags": "32768",
    "TCP": "0",
    "Source": "199.19.53.1",
    "InterfaceIP": "0.0.0.0",
    "AA": "0",
    "AD": "0",
    "QNAME": "cert.org.",
    "QTYPE": "1",
    "XID": "17678",
    "RecursionDepth": "1",
    "Port": "0",
    "RecursionScope": ".",
    "CacheScope": "Default",
    "BufferSize": "585",
    "PacketData": "0x450E800000010000000600010463657274036F72670000010001C00C00020001000151800011036E73310373656903636D750365647500C00C00020001000151800006036E7332C02A203169383730766A3568343239766A39706369376172366539676B693734747237C0110032000100015180002B0101000A08332539EE7F95C32A140C907D989054FC4C24368D17E3C92EA2F87A23DD000722000000000290C049002E00010001518000970032080200015180615FB6706143F8E09B01036F726700A5F1F0689D5A1B6A578C4CA67A2341F3B7BEFD60D65EDFEE95C4A4BEE5248FC822E8E8E6880CC2DFE95B4387535F72ED654B0FB67540A942A16E03FD606E612B6A98B4DC2766B8AD59B29BA88124487A65041FCB7A85C7EA6AEDF216F1B9A66638EF0B43F2AF5AFF4EC7F8A7EAA8C5A397BBF50725A01F6466F1B9DFC75C7AB4206471346E706C626168756836397565716931706469313669346A6C616C686361C0BF0032000100015180002A0101000A08332539EE7F95C32A146E89B0BEE75A5095C4A6B628288EFEDA93B45C660006200000000012C144002E00010001518000970032080200015180615C6B1F6140AD8F9B01036F7267009743D87D868261BFC22148E36994C64B7FA5B644A6F738C2C2FDFAF2AE2E8F5D74A0B27D67CBAA7B30C3224D768A795D228A9198CC194ED342DB25F9862BB0142081F763E151D1DC3EF0F6DFD1AFD648DE85C9E1E6FD7BC7B72AD805836A310C142DCAF53782207103B259C5860F46CD626966913C7DD9F9D39CEC2867B5CE7100002904D0000080000000",
    "AdditionalInfo": ".",
    "GUID": "{A83A2976-B485-4486-B333-4B756EB8DB35}",
    "EventReceivedTime": "2021-09-16T20:09:52.753093-07:00",
    "SourceModuleName": "dnsserver",
    "SourceModuleType": "im_etw",
    "HostIP": "192.168.1.36"
  },
  {
    "SourceName": "Microsoft-Windows-DNSServer",
    "ProviderGuid": "{EB79061A-A566-4698-9119-3ED2807060E7}",
    "EventID": 260,
    "Version": 0,
    "ChannelID": 16,
    "OpcodeValue": 0,
    "TaskValue": 2,
    "Keywords": "9223372036854775824",
    "EventTime": "2021-09-16T20:09:52.381607-07:00",
    "ExecutionProcessID": 2080,
    "ExecutionThreadID": 2940,
    "EventType": "INFO",
    "SeverityValue": 2,
    "Severity": "INFO",
    "Hostname": "WIN-93NOI1UVL29",
    "Domain": "NT AUTHORITY",
    "AccountName": "SYSTEM",
    "UserID": "S-1-5-18",
    "AccountType": "User",
    "Flags": "0",
    "TCP": "0",
    "Destination": "2001:7fe::53",
    "InterfaceIP": "::",
    "RD": "0",
    "QNAME": "ns1.sei.cmu.edu.",
    "QTYPE": "1",
    "QXID": "1",
    "XID": "59186",
    "Port": "0",
    "RecursionScope": ".",
    "CacheScope": "Default",
    "PolicyName": "NULL",
    "BufferSize": "44",
    "PacketData": "0xE73200000001000000000001036E73310373656903636D750365647500000100010000290FA0000080000000",
    "AdditionalInfo": ".",
    "GUID": "{00000000-0000-0000-0000-000000000000}",
    "EventReceivedTime": "2021-09-16T20:09:52.753093-07:00",
    "SourceModuleName": "dnsserver",
    "SourceModuleType": "im_etw",
    "HostIP": "192.168.1.36"
  },
  {
    "SourceName": "Microsoft-Windows-DNSServer",
    "ProviderGuid": "{EB79061A-A566-4698-9119-3ED2807060E7}",
    "EventID": 261,
    "Version": 0,
    "ChannelID": 16,
    "OpcodeValue": 0,
    "TaskValue": 2,
    "Keywords": "9223372036854775840",
    "EventTime": "2021-09-16T20:09:52.440751-07:00",
    "ExecutionProcessID": 2080,
    "ExecutionThreadID": 2940,
    "EventType": "INFO",
    "SeverityValue": 2,
    "Severity": "INFO",
    "Hostname": "WIN-93NOI1UVL29",
    "Domain": "NT AUTHORITY",
    "AccountName": "SYSTEM",
    "UserID": "S-1-5-18",
    "AccountType": "User",
    "Flags": "32768",
    "TCP": "0",
    "Source": "2001:7fe::53",
    "InterfaceIP": "::",
    "AA": "0",
    "AD": "0",
    "QNAME": "ns1.sei.cmu.edu.",
    "QTYPE": "1",
    "XID": "59186",
    "RecursionDepth": "1",
    "Port": "0",
    "RecursionScope": ".",
    "CacheScope": "Default",
    "BufferSize": "1177",
    "PacketData": "0xE732800000010000000F001B036E73310373656903636D750365647500000100010365647500000200010002A300001301650B6564752D73657276657273036E657400C021000200010002A3000004016AC032C021000200010002A30000040168C032C021000200010002A3000004016CC032C021000200010002A30000040167C032C021000200010002A30000040166C032C021000200010002A30000040163C032C021000200010002A30000040162C032C021000200010002A30000040164C032C021000200010002A30000040161C032C021000200010002A3000004016DC032C021000200010002A30000040169C032C021000200010002A3000004016BC032C021002B00010001518000246DA108024172496CDE85534E51129040355BD04B1FCFEBAE996DFDDE652006F6F8B2CE76C021002E0001000151800113002B08010001518061549B9061436A0068D6006BD67759F56DBBE52610A966961A151C5D566FD472A1CDBB81B0125D26AF48774B640ED0AC866D5FC3C5CE60A941CC72B3CCFC7A10FFBD83C7D53F7CDD879EA475024A7C9946EA8464E9E486C713F79AD0D303461F0F01592EF709330D4B6280943CFEABBDD76B4BF152D6B650D0EDA29A7716DE25C0359B0553850B5D76A2F58483993AFBD9B4EC6CA95AB10A7E2BBD02076142AD2935ACB35BEF60FB1474A1C6F6384E1FB2FEF1A3A2A0B5F664D98D29AB13322C7E0E508E15660A88D292FEEF08594D8C3C51CB22C413DC46669DB10B2188C0492FCA76AC7E6F91603AB59C77A3C5699E3AC843C12D1501984694EC05586A83E8C64401D390031E63A3C1C5C0DF001C00010002A300001020010501B1F900000000000000000030C06F001C00010002A300001020010500D93700000000000000000030C0FF001C00010002A3000010200105030D2D00000000000000000030C04F001C00010002A300001020010502709400000000000000000030C0EF001C00010002A30000102001050339C100000000000000000030C05F001C00010002A30000102001050208CC00000000000000000030C07F001C00010002A300001020010503EEA300000000000000000030C08F001C00010002A300001020010503D41400000000000000000030C030001C00010002A3000010200105021CA100000000000000000030C0BF001C00010002A300001020010500856E00000000000000000030C09F001C00010002A30000102001050383EB00000000000000000030C0AF001C00010002A300001020010503231D00000000000000020030C0CF001C00010002A300001020010503A83E00000000000000020030C0DF000100010002A3000004C037531EC06F000100010002A3000004C029A21EC0FF000100010002A3000004C034B21EC04F000100010002A3000004C0304F1EC0EF000100010002A3000004C02BAC1EC05F000100010002A3000004C036701EC07F000100010002A3000004C02A5D1EC08F000100010002A3000004C023331EC030000100010002A3000004C00C5E1EC0BF000100010002A3000004C01F501EC09F000100010002A3000004C01A5C1EC0AF000100010002A3000004C0210E1EC0CF000100010002A3000004C005061E0000291000000080000000",
    "AdditionalInfo": ".",
    "GUID": "{00000000-0000-0000-0000-000000000000}",
    "EventReceivedTime": "2021-09-16T20:09:52.753093-07:00",
    "SourceModuleName": "dnsserver",
    "SourceModuleType": "im_etw",
    "HostIP": "192.168.1.36"
  },
  {
    "SourceName": "Microsoft-Windows-DNSServer",
    "ProviderGuid": "{EB79061A-A566-4698-9119-3ED2807060E7}",
    "EventID": 260,
    "Version": 0,
    "ChannelID": 16,
    "OpcodeValue": 0,
    "TaskValue": 2,
    "Keywords": "9223372036854775824",
    "EventTime": "2021-09-16T20:09:52.440938-07:00",
    "ExecutionProcessID": 2080,
    "ExecutionThreadID": 2940,
    "EventType": "INFO",
    "SeverityValue": 2,
    "Severity": "INFO",
    "Hostname": "WIN-93NOI1UVL29",
    "Domain": "NT AUTHORITY",
    "AccountName": "SYSTEM",
    "UserID": "S-1-5-18",
    "AccountType": "User",
    "Flags": "0",
    "TCP": "0",
    "Destination": "192.54.112.30",
    "InterfaceIP": "0.0.0.0",
    "RD": "0",
    "QNAME": "ns1.sei.cmu.edu.",
    "QTYPE": "1",
    "QXID": "1",
    "XID": "56168",
    "Port": "0",
    "RecursionScope": ".",
    "CacheScope": "Default",
    "PolicyName": "NULL",
    "BufferSize": "44",
    "PacketData": "0xDB6800000001000000000001036E73310373656903636D750365647500000100010000290FA0000080000000",
    "AdditionalInfo": ".",
    "GUID": "{00000000-0000-0000-0000-000000000000}",
    "EventReceivedTime": "2021-09-16T20:09:52.753093-07:00",
    "SourceModuleName": "dnsserver",
    "SourceModuleType": "im_etw",
    "HostIP": "192.168.1.36"
  },
  {
    "SourceName": "Microsoft-Windows-DNSServer",
    "ProviderGuid": "{EB79061A-A566-4698-9119-3ED2807060E7}",
    "EventID": 261,
    "Version": 0,
    "ChannelID": 16,
    "OpcodeValue": 0,
    "TaskValue": 2,
    "Keywords": "9223372036854775840",
    "EventTime": "2021-09-16T20:09:52.463866-07:00",
    "ExecutionProcessID": 2080,
    "ExecutionThreadID": 2940,
    "EventType": "INFO",
    "SeverityValue": 2,
    "Severity": "INFO",
    "Hostname": "WIN-93NOI1UVL29",
    "Domain": "NT AUTHORITY",
    "AccountName": "SYSTEM",
    "UserID": "S-1-5-18",
    "AccountType": "User",
    "Flags": "32768",
    "TCP": "0",
    "Source": "192.54.112.30",
    "InterfaceIP": "0.0.0.0",
    "AA": "0",
    "AD": "0",
    "QNAME": "ns1.sei.cmu.edu.",
    "QTYPE": "1",
    "XID": "56168",
    "RecursionDepth": "2",
    "Port": "0",
    "RecursionScope": ".",
    "CacheScope": "Default",
    "BufferSize": "446",
    "PacketData": "0xDB6880000001000000060004036E73310373656903636D75036564750000010001C014000200010002A30000130C6E792D7365727665722D3033036E6574C014C014000200010002A300000A076E736175746831C03AC014000200010002A300000A076E736175746832C03AC014002B0001000151800018DBC30701585E955D36AB11A225E22B42E713C9BC8B0347B7C014002B0001000151800024DBC3070283F3EA220349ECD74852847F838121275FF28F3C0806B853133BCEF61E1D8205C014002E00010001518000B7002B080200015180614971826140269A93EC03656475004051CB48690907F42C0C8C4B69F39820E428BA999B16F0A418498DE4066A8DFB8BECA34128D0ADE61ED5C9076BDFFB7F575FD1A283941F19EBB21C8B1D13CC5B3F9ACCF4AA11553545874F15232C56FF2C5833BCBCDE6F158321A95FCB3D20F9B986AF021E57E258B93023AA96A42A5D879F4B855A627CB3788EF01DA06CD4A6157CA79E931B0F7275F273CB5B53A28AE5D2C753DF5935BC32DC293DF7FE4772C02D000100010002A300000426609304C04C000100010002A300000480020108C062000100010002A300000480ED94A80000291000000080000000",
    "AdditionalInfo": ".",
    "GUID": "{00000000-0000-0000-0000-000000000000}",
    "EventReceivedTime": "2021-09-16T20:09:52.753093-07:00",
    "SourceModuleName": "dnsserver",
    "SourceModuleType": "im_etw",
    "HostIP": "192.168.1.36"
  },
  {
    "SourceName": "Microsoft-Windows-DNSServer",
    "ProviderGuid": "{EB79061A-A566-4698-9119-3ED2807060E7}",
    "EventID": 260,
    "Version": 0,
    "ChannelID": 16,
    "OpcodeValue": 0,
    "TaskValue": 2,
    "Keywords": "9223372036854775824",
    "EventTime": "2021-09-16T20:09:52.463958-07:00",
    "ExecutionProcessID": 2080,
    "ExecutionThreadID": 2940,
    "EventType": "INFO",
    "SeverityValue": 2,
    "Severity": "INFO",
    "Hostname": "WIN-93NOI1UVL29",
    "Domain": "NT AUTHORITY",
    "AccountName": "SYSTEM",
    "UserID": "S-1-5-18",
    "AccountType": "User",
    "Flags": "0",
    "TCP": "0",
    "Destination": "128.237.148.168",
    "InterfaceIP": "0.0.0.0",
    "RD": "0",
    "QNAME": "ns1.sei.cmu.edu.",
    "QTYPE": "1",
    "QXID": "1",
    "XID": "34830",
    "Port": "0",
    "RecursionScope": ".",
    "CacheScope": "Default",
    "PolicyName": "NULL",
    "BufferSize": "44",
    "PacketData": "0x880E00000001000000000001036E73310373656903636D750365647500000100010000290FA0000080000000",
    "AdditionalInfo": ".",
    "GUID": "{00000000-0000-0000-0000-000000000000}",
    "EventReceivedTime": "2021-09-16T20:09:52.753093-07:00",
    "SourceModuleName": "dnsserver",
    "SourceModuleType": "im_etw",
    "HostIP": "192.168.1.36"
  },
  {
    "SourceName": "Microsoft-Windows-DNSServer",
    "ProviderGuid": "{EB79061A-A566-4698-9119-3ED2807060E7}",
    "EventID": 261,
    "Version": 0,
    "ChannelID": 16,
    "OpcodeValue": 0,
    "TaskValue": 2,
    "Keywords": "9223372036854775840",
    "EventTime": "2021-09-16T20:09:52.504018-07:00",
    "ExecutionProcessID": 2080,
    "ExecutionThreadID": 2940,
    "EventType": "INFO",
    "SeverityValue": 2,
    "Severity": "INFO",
    "Hostname": "WIN-93NOI1UVL29",
    "Domain": "NT AUTHORITY",
    "AccountName": "SYSTEM",
    "UserID": "S-1-5-18",
    "AccountType": "User",
    "Flags": "32768",
    "TCP": "0",
    "Source": "128.237.148.168",
    "InterfaceIP": "0.0.0.0",
    "AA": "0",
    "AD": "0",
    "QNAME": "ns1.sei.cmu.edu.",
    "QTYPE": "1",
    "XID": "34830",
    "RecursionDepth": "3",
    "Port": "0",
    "RecursionScope": ".",
    "CacheScope": "Default",
    "BufferSize": "310",
    "PacketData": "0x880E80000001000000040003036E73310373656903636D75036564750000010001C01000020001000151800002C00CC01000020001000151800006034E5332C010C010002F0001000054600017055345492D4103434D5503454455000006200000000003C010002E000100005460009B002F070300005460615443AD612CAA0A1B2303636D75036564750008D3395B8E15092CA239FE04DDAE1F6A9CD564A413DCAF8839564131F1EBE96DE096557E921C861F47D02E7ACF36D7DD724880FC4589D1EAE8C648863AE182A7511378793902FB29BC385E591AC7E9F44D5B43CEE94BE0395ECBA99FB0278C9BA54774FAB2C4E843C03AB1A99886F29E1BD3C257157F7ACA0C68E5810098D197C00C000100010001518000049348FC14C03B000100010001518000049348FC150000291000000080000000",
    "AdditionalInfo": ".",
    "GUID": "{00000000-0000-0000-0000-000000000000}",
    "EventReceivedTime": "2021-09-16T20:09:52.753093-07:00",
    "SourceModuleName": "dnsserver",
    "SourceModuleType": "im_etw",
    "HostIP": "192.168.1.36"
  },
