[
  {
    "SourceName": "Microsoft-Windows-DNSServer",
    "ProviderGuid": "{EB79061A-A566-4698-9119-3ED2807060E7}",
    "EventID": 261,
    "Version": 0,
    "ChannelID": 16,
    "OpcodeValue": 0,
    "TaskValue": 2,
    "Keywords": "9223372036854775840",
    "EventTime": "2021-09-16T19:59:59.446551-07:00",
    "ExecutionProcessID": 2080,
    "ExecutionThreadID": 2940,
    "EventType": "INFO",
    "SeverityValue": 2,
    "Severity": "INFO",
    "Hostname": "WIN-93NOI1UVL29",
    "Domain": "NT AUTHORITY",
    "AccountName": "SYSTEM",
    "UserID": "S-1-5-18",
    "AccountType": "User",
    "Flags": "32768",
    "TCP": "0",
    "Source": "40.90.4.205",
    "InterfaceIP": "0.0.0.0",
    "AA": "0",
    "AD": "0",
    "QNAME": "8c70dfcb-83e1-4959-934d-fcb4860bf1de.ods.opinsights.azure.com.",
    "QTYPE": "1",
    "XID": "25337",
    "RecursionDepth": "1",
    "Port": "0",
    "RecursionScope": ".",
    "CacheScope": "Default",
    "BufferSize": "224",
    "PacketData": "0x62F9800000010000000400012438633730646663622D383365312D343935392D393334642D666362343836306266316465036F64730A6F70696E73696768747305617A75726503636F6D0000010001C031000200010000012C0013066E73312D303109617A7572652D646E73C046C04F000200010000012C0016066E73322D303109617A7572652D646E73036E657400C04F000200010000012C0016066E73332D303109617A7572652D646E73036F726700C04F000200010000012C0017066E73342D303109617A7572652D646E7304696E666F0000002904D0000080000000",
    "AdditionalInfo": ".",
    "GUID": "{9E896A72-AF94-4C5B-BE84-192927A809AE}",
    "EventReceivedTime": "2021-09-16T20:00:00.460347-07:00",
    "SourceModuleName": "dnsserver",
    "SourceModuleType": "im_etw",
    "HostIP": "192.168.1.36"
  },
  {
    "SourceName": "Microsoft-Windows-DNSServer",
    "ProviderGuid": "{EB79061A-A566-4698-9119-3ED2807060E7}",
    "EventID": 260,
    "Version": 0,
    "ChannelID": 16,
    "OpcodeValue": 0,
    "TaskValue": 2,
    "Keywords": "9223372036854775824",
    "EventTime": "2021-09-16T19:59:59.446682-07:00",
    "ExecutionProcessID": 2080,
    "ExecutionThreadID": 2940,
    "EventType": "INFO",
    "SeverityValue": 2,
    "Severity": "INFO",
    "Hostname": "WIN-93NOI1UVL29",
    "Domain": "NT AUTHORITY",
    "AccountName": "SYSTEM",
    "UserID": "S-1-5-18",
    "AccountType": "User",
    "Flags": "0",
    "TCP": "0",
    "Destination": "40.90.4.1",
    "InterfaceIP": "0.0.0.0",
    "RD": "0",
    "QNAME": "8c70dfcb-83e1-4959-934d-fcb4860bf1de.ods.opinsights.azure.com.",
    "QTYPE": "1",
    "QXID": "22335",
    "XID": "54373",
    "Port": "0",
    "RecursionScope": ".",
    "CacheScope": "Default",
    "PolicyName": "NULL",
    "BufferSize": "90",
    "PacketData": "0xD465000000010000000000012438633730646663622D383365312D343935392D393334642D666362343836306266316465036F64730A6F70696E73696768747305617A75726503636F6D00000100010000290FA0000080000000",
    "AdditionalInfo": ".",
    "GUID": "{9E896A72-AF94-4C5B-BE84-192927A809AE}",
    "EventReceivedTime": "2021-09-16T20:00:00.460347-07:00",
    "SourceModuleName": "dnsserver",
    "SourceModuleType": "im_etw",
    "HostIP": "192.168.1.36"
  },
  {
    "SourceName": "Microsoft-Windows-DNSServer",
    "ProviderGuid": "{EB79061A-A566-4698-9119-3ED2807060E7}",
    "EventID": 261,
    "Version": 0,
    "ChannelID": 16,
    "OpcodeValue": 0,
    "TaskValue": 2,
    "Keywords": "9223372036854775840",
    "EventTime": "2021-09-16T19:59:59.457092-07:00",
    "ExecutionProcessID": 2080,
    "ExecutionThreadID": 2940,
    "EventType": "INFO",
    "SeverityValue": 2,
    "Severity": "INFO",
    "Hostname": "WIN-93NOI1UVL29",
    "Domain": "NT AUTHORITY",
    "AccountName": "SYSTEM",
    "UserID": "S-1-5-18",
    "AccountType": "User",
    "Flags": "32768",
    "TCP": "0",
    "Source": "2603:1061::cd",
    "InterfaceIP": "::",
    "AA": "0",
    "AD": "0",
    "QNAME": "8c70dfcb-83e1-4959-934d-fcb4860bf1de.ods.opinsights.azure.com.",
    "QTYPE": "28",
    "XID": "39719",
    "RecursionDepth": "1",
    "Port": "0",
    "RecursionScope": ".",
    "CacheScope": "Default",
    "BufferSize": "224",
    "PacketData": "0x9B27800000010000000400012438633730646663622D383365312D343935392D393334642D666362343836306266316465036F64730A6F70696E73696768747305617A75726503636F6D00001C0001C031000200010000012C0013066E73312D303109617A7572652D646E73C046C04F000200010000012C0016066E73322D303109617A7572652D646E73036E657400C04F000200010000012C0016066E73332D303109617A7572652D646E73036F726700C04F000200010000012C0017066E73342D303109617A7572652D646E7304696E666F0000002904D0000080000000",
    "AdditionalInfo": ".",
    "GUID": "{18F714C3-99C7-41EA-A194-15C7EA1EF5EB}",
    "EventReceivedTime": "2021-09-16T20:00:00.460347-07:00",
    "SourceModuleName": "dnsserver",
    "SourceModuleType": "im_etw",
    "HostIP": "192.168.1.36"
  },
  {
    "SourceName": "Microsoft-Windows-DNSServer",
    "ProviderGuid": "{EB79061A-A566-4698-9119-3ED2807060E7}",
    "EventID": 260,
    "Version": 0,
    "ChannelID": 16,
    "OpcodeValue": 0,
    "TaskValue": 2,
    "Keywords": "9223372036854775824",
    "EventTime": "2021-09-16T19:59:59.457193-07:00",
    "ExecutionProcessID": 2080,
    "ExecutionThreadID": 2940,
    "EventType": "INFO",
    "SeverityValue": 2,
    "Severity": "INFO",
    "Hostname": "WIN-93NOI1UVL29",
    "Domain": "NT AUTHORITY",
    "AccountName": "SYSTEM",
    "UserID": "S-1-5-18",
    "AccountType": "User",
    "Flags": "0",
    "TCP": "0",
    "Destination": "40.90.4.1",
    "InterfaceIP": "0.0.0.0",
    "RD": "0",
    "QNAME": "8c70dfcb-83e1-4959-934d-fcb4860bf1de.ods.opinsights.azure.com.",
    "QTYPE": "28",
    "QXID": "15932",
    "XID": "57791",
    "Port": "0",
    "RecursionScope": ".",
    "CacheScope": "Default",
    "PolicyName": "NULL",
    "BufferSize": "90",
    "PacketData": "0xE1BF000000010000000000012438633730646663622D383365312D343935392D393334642D666362343836306266316465036F64730A6F70696E73696768747305617A75726503636F6D00001C00010000290FA0000080000000",
    "AdditionalInfo": ".",
    "GUID": "{18F714C3-99C7-41EA-A194-15C7EA1EF5EB}",
    "EventReceivedTime": "2021-09-16T20:00:00.460347-07:00",
    "SourceModuleName": "dnsserver",
    "SourceModuleType": "im_etw",
    "HostIP": "192.168.1.36"
  },
  {
    "SourceName": "Microsoft-Windows-DNSServer",
    "ProviderGuid": "{EB79061A-A566-4698-9119-3ED2807060E7}",
    "EventID": 261,
    "Version": 0,
    "ChannelID": 16,
    "OpcodeValue": 0,
    "TaskValue": 2,
    "Keywords": "9223372036854775840",
    "EventTime": "2021-09-16T19:59:59.502443-07:00",
    "ExecutionProcessID": 2080,
    "ExecutionThreadID": 2940,
    "EventType": "INFO",
    "SeverityValue": 2,
    "Severity": "INFO",
    "Hostname": "WIN-93NOI1UVL29",
    "Domain": "NT AUTHORITY",
    "AccountName": "SYSTEM",
    "UserID": "S-1-5-18",
    "AccountType": "User",
    "Flags": "33792",
    "TCP": "0",
    "Source": "40.90.4.1",
    "InterfaceIP": "0.0.0.0",
    "AA": "1",
    "AD": "0",
    "QNAME": "8c70dfcb-83e1-4959-934d-fcb4860bf1de.ods.opinsights.azure.com.",
    "QTYPE": "1",
    "XID": "54373",
    "RecursionDepth": "2",
    "Port": "0",
    "RecursionScope": ".",
    "CacheScope": "Default",
    "BufferSize": "126",
    "PacketData": "0xD465840000010001000000012438633730646663622D383365312D343935392D393334642D666362343836306266316465036F64730A6F70696E73696768747305617A75726503636F6D0000010001C00C000500010000012C0018036F64730E747261666669636D616E61676572036E65740000002904D0000080000000",
    "AdditionalInfo": ".",
    "GUID": "{9E896A72-AF94-4C5B-BE84-192927A809AE}",
    "EventReceivedTime": "2021-09-16T20:00:00.460347-07:00",
    "SourceModuleName": "dnsserver",
    "SourceModuleType": "im_etw",
    "HostIP": "192.168.1.36"
  },
  {
    "SourceName": "Microsoft-Windows-DNSServer",
    "ProviderGuid": "{EB79061A-A566-4698-9119-3ED2807060E7}",
    "EventID": 279,
    "Version": 0,
    "ChannelID": 16,
    "OpcodeValue": 0,
    "TaskValue": 1,
    "Keywords": "9223372071214514176",
    "EventTime": "2021-09-16T19:59:59.503624-07:00",
    "ExecutionProcessID": 2080,
    "ExecutionThreadID": 2940,
    "EventType": "INFO",
    "SeverityValue": 2,
    "Severity": "INFO",
    "Hostname": "WIN-93NOI1UVL29",
    "Domain": "NT AUTHORITY",
    "AccountName": "SYSTEM",
    "UserID": "S-1-5-18",
    "AccountType": "User",
    "Flags": "33152",
    "TCP": "0",
    "InterfaceIP": "192.168.1.36",
    "Source": "192.168.1.36",
    "RD": "1",
    "QNAME": "ods.trafficmanager.net.",
    "QTYPE": "1",
    "Port": "62625",
    "XID": "22335",
    "BufferSize": "79",
    "PacketData": "0x573F818000010001000000002438633730646663622D383365312D343935392D393334642D666362343836306266316465036F64730A6F70696E73696768747305617A75726503636F6D0000010001",
    "EventReceivedTime": "2021-09-16T20:00:00.460347-07:00",
    "SourceModuleName": "dnsserver",
    "SourceModuleType": "im_etw",
    "HostIP": "192.168.1.36"
  },
  {
    "SourceName": "Microsoft-Windows-DNSServer",
    "ProviderGuid": "{EB79061A-A566-4698-9119-3ED2807060E7}",
    "EventID": 260,
    "Version": 0,
    "ChannelID": 16,
    "OpcodeValue": 0,
    "TaskValue": 2,
    "Keywords": "9223372036854775824",
    "EventTime": "2021-09-16T19:59:59.505556-07:00",
    "ExecutionProcessID": 2080,
    "ExecutionThreadID": 2940,
    "EventType": "INFO",
    "SeverityValue": 2,
    "Severity": "INFO",
    "Hostname": "WIN-93NOI1UVL29",
    "Domain": "NT AUTHORITY",
    "AccountName": "SYSTEM",
    "UserID": "S-1-5-18",
    "AccountType": "User",
    "Flags": "0",
    "TCP": "0",
    "Destination": "13.107.160.4",
    "InterfaceIP": "0.0.0.0",
    "RD": "0",
    "QNAME": "tm1.edgedns-tm.info.",
    "QTYPE": "1",
    "QXID": "1",
    "XID": "29181",
    "Port": "0",
    "RecursionScope": ".",
    "CacheScope": "Default",
    "PolicyName": "NULL",
    "BufferSize": "48",
    "PacketData": "0x71FD0000000100000000000103746D310A65646765646E732D746D04696E666F00000100010000290FA0000080000000",
    "AdditionalInfo": ".",
    "GUID": "{00000000-0000-0000-0000-000000000000}",
    "EventReceivedTime": "2021-09-16T20:00:00.475762-07:00",
    "SourceModuleName": "dnsserver",
    "SourceModuleType": "im_etw",
    "HostIP": "192.168.1.36"
  },
  {
    "SourceName": "Microsoft-Windows-DNSServer",
    "ProviderGuid": "{EB79061A-A566-4698-9119-3ED2807060E7}",
    "EventID": 261,
    "Version": 0,
    "ChannelID": 16,
    "OpcodeValue": 0,
    "TaskValue": 2,
    "Keywords": "9223372036854775840",
    "EventTime": "2021-09-16T19:59:59.514009-07:00",
    "ExecutionProcessID": 2080,
    "ExecutionThreadID": 2940,
    "EventType": "INFO",
    "SeverityValue": 2,
    "Severity": "INFO",
    "Hostname": "WIN-93NOI1UVL29",
    "Domain": "NT AUTHORITY",
    "AccountName": "SYSTEM",
    "UserID": "S-1-5-18",
    "AccountType": "User",
    "Flags": "33792",
    "TCP": "0",
    "Source": "40.90.4.1",
    "InterfaceIP": "0.0.0.0",
    "AA": "1",
    "AD": "0",
    "QNAME": "8c70dfcb-83e1-4959-934d-fcb4860bf1de.ods.opinsights.azure.com.",
    "QTYPE": "28",
    "XID": "57791",
    "RecursionDepth": "2",
    "Port": "0",
    "RecursionScope": ".",
    "CacheScope": "Default",
    "BufferSize": "126",
    "PacketData": "0xE1BF840000010001000000012438633730646663622D383365312D343935392D393334642D666362343836306266316465036F64730A6F70696E73696768747305617A75726503636F6D00001C0001C00C000500010000012C0018036F64730E747261666669636D616E61676572036E65740000002904D0000080000000",
    "AdditionalInfo": ".",
    "GUID": "{18F714C3-99C7-41EA-A194-15C7EA1EF5EB}",
    "EventReceivedTime": "2021-09-16T20:00:00.475762-07:00",
    "SourceModuleName": "dnsserver",
    "SourceModuleType": "im_etw",
    "HostIP": "192.168.1.36"
  },
  {
    "SourceName": "Microsoft-Windows-DNSServer",
    "ProviderGuid": "{EB79061A-A566-4698-9119-3ED2807060E7}",
    "EventID": 279,
    "Version": 0,
    "ChannelID": 16,
    "OpcodeValue": 0,
    "TaskValue": 1,
    "Keywords": "9223372071214514176",
    "EventTime": "2021-09-16T19:59:59.514125-07:00",
    "ExecutionProcessID": 2080,
    "ExecutionThreadID": 2940,
    "EventType": "INFO",
    "SeverityValue": 2,
    "Severity": "INFO",
    "Hostname": "WIN-93NOI1UVL29",
    "Domain": "NT AUTHORITY",
    "AccountName": "SYSTEM",
    "UserID": "S-1-5-18",
    "AccountType": "User",
    "Flags": "33152",
    "TCP": "0",
    "InterfaceIP": "192.168.1.36",
    "Source": "192.168.1.36",
    "RD": "1",
    "QNAME": "ods.trafficmanager.net.",
    "QTYPE": "28",
    "Port": "57009",
    "XID": "15932",
    "BufferSize": "79",
    "PacketData": "0x3E3C818000010001000000002438633730646663622D383365312D343935392D393334642D666362343836306266316465036F64730A6F70696E73696768747305617A75726503636F6D00001C0001",
    "EventReceivedTime": "2021-09-16T20:00:00.475762-07:00",
    "SourceModuleName": "dnsserver",
    "SourceModuleType": "im_etw",
    "HostIP": "192.168.1.36"
  },
  {
    "SourceName": "Microsoft-Windows-DNSServer",
    "ProviderGuid": "{EB79061A-A566-4698-9119-3ED2807060E7}",
    "EventID": 260,
    "Version": 0,
    "ChannelID": 16,
    "OpcodeValue": 0,
    "TaskValue": 2,
    "Keywords": "9223372036854775824",
    "EventTime": "2021-09-16T19:59:59.514641-07:00",
    "ExecutionProcessID": 2080,
    "ExecutionThreadID": 2940,
    "EventType": "INFO",
    "SeverityValue": 2,
    "Severity": "INFO",
    "Hostname": "WIN-93NOI1UVL29",
    "Domain": "NT AUTHORITY",
    "AccountName": "SYSTEM",
    "UserID": "S-1-5-18",
    "AccountType": "User",
    "Flags": "0",
    "TCP": "0",
    "Destination": "2603:1061::4",
    "InterfaceIP": "::",
    "RD": "0",
    "QNAME": "tm1.edgedns-tm.info.",
    "QTYPE": "1",
    "QXID": "1",
    "XID": "63086",
    "Port": "0",
    "RecursionScope": ".",
    "CacheScope": "Default",
    "PolicyName": "NULL",
    "BufferSize": "48",
    "PacketData": "0xF66E0000000100000000000103746D310A65646765646E732D746D04696E666F00000100010000290FA0000080000000",
    "AdditionalInfo": ".",
    "GUID": "{00000000-0000-0000-0000-000000000000}",
    "EventReceivedTime": "2021-09-16T20:00:00.475762-07:00",
    "SourceModuleName": "dnsserver",
    "SourceModuleType": "im_etw",
    "HostIP": "192.168.1.36"
  },
  {
    "SourceName": "Microsoft-Windows-DNSServer",
    "ProviderGuid": "{EB79061A-A566-4698-9119-3ED2807060E7}",
    "EventID": 261,
    "Version": 0,
    "ChannelID": 16,
    "OpcodeValue": 0,
    "TaskValue": 2,
    "Keywords": "9223372036854775840",
    "EventTime": "2021-09-16T19:59:59.532485-07:00",
    "ExecutionProcessID": 2080,
    "ExecutionThreadID": 2940,
    "EventType": "INFO",
    "SeverityValue": 2,
    "Severity": "INFO",
    "Hostname": "WIN-93NOI1UVL29",
    "Domain": "NT AUTHORITY",
    "AccountName": "SYSTEM",
    "UserID": "S-1-5-18",
    "AccountType": "User",
    "Flags": "33792",
    "TCP": "0",
    "Source": "13.107.160.4",
    "InterfaceIP": "0.0.0.0",
    "AA": "1",
    "AD": "0",
    "QNAME": "tm1.edgedns-tm.info.",
    "QTYPE": "1",
    "XID": "29181",
    "RecursionDepth": "1",
    "Port": "0",
    "RecursionScope": ".",
    "CacheScope": "Default",
    "BufferSize": "64",
    "PacketData": "0x71FD8400000100010000000103746D310A65646765646E732D746D04696E666F0000010001C00C000100010000012C00040D6BDEF000002904D0000080000000",
    "AdditionalInfo": ".",
    "GUID": "{00000000-0000-0000-0000-000000000000}",
    "EventReceivedTime": "2021-09-16T20:00:00.475762-07:00",
    "SourceModuleName": "dnsserver",
    "SourceModuleType": "im_etw",
    "HostIP": "192.168.1.36"
  },
  {
    "SourceName": "Microsoft-Windows-DNSServer",
    "ProviderGuid": "{EB79061A-A566-4698-9119-3ED2807060E7}",
    "EventID": 260,
    "Version": 0,
    "ChannelID": 16,
    "OpcodeValue": 0,
    "TaskValue": 2,
    "Keywords": "9223372036854775824",
    "EventTime": "2021-09-16T19:59:59.533228-07:00",
    "ExecutionProcessID": 2080,
    "ExecutionThreadID": 2940,
    "EventType": "INFO",
    "SeverityValue": 2,
    "Severity": "INFO",
    "Hostname": "WIN-93NOI1UVL29",
    "Domain": "NT AUTHORITY",
    "AccountName": "SYSTEM",
    "UserID": "S-1-5-18",
    "AccountType": "User",
    "Flags": "0",
    "TCP": "0",
    "Destination": "13.107.222.240",
    "InterfaceIP": "0.0.0.0",
    "RD": "0",
    "QNAME": "ods.trafficmanager.NET.",
    "QTYPE": "1",
    "QXID": "22335",
    "XID": "7650",
    "Port": "0",
    "RecursionScope": ".",
    "CacheScope": "Default",
    "PolicyName": "NULL",
    "BufferSize": "51",
    "PacketData": "0x1DE200000001000000000001036F64730E747261666669636D616E61676572034E455400000100010000290FA0000080000000",
    "AdditionalInfo": ".",
    "GUID": "{9E896A72-AF94-4C5B-BE84-192927A809AE}",
    "EventReceivedTime": "2021-09-16T20:00:00.475762-07:00",
    "SourceModuleName": "dnsserver",
    "SourceModuleType": "im_etw",
    "HostIP": "192.168.1.36"
  },
  {
    "SourceName": "Microsoft-Windows-DNSServer",
    "ProviderGuid": "{EB79061A-A566-4698-9119-3ED2807060E7}",
    "EventID": 261,
    "Version": 0,
    "ChannelID": 16,
    "OpcodeValue": 0,
    "TaskValue": 2,
    "Keywords": "9223372036854775840",
    "EventTime": "2021-09-16T19:59:59.549819-07:00",
    "ExecutionProcessID": 2080,
    "ExecutionThreadID": 2940,
    "EventType": "INFO",
    "SeverityValue": 2,
    "Severity": "INFO",
    "Hostname": "WIN-93NOI1UVL29",
    "Domain": "NT AUTHORITY",
    "AccountName": "SYSTEM",
    "UserID": "S-1-5-18",
    "AccountType": "User",
    "Flags": "33792",
    "TCP": "0",
    "Source": "2603:1061::4",
    "InterfaceIP": "::",
    "AA": "1",
    "AD": "0",
    "QNAME": "tm1.edgedns-tm.info.",
    "QTYPE": "1",
    "XID": "63086",
    "RecursionDepth": "1",
    "Port": "0",
    "RecursionScope": ".",
    "CacheScope": "Default",
    "BufferSize": "64",
    "PacketData": "0xF66E8400000100010000000103746D310A65646765646E732D746D04696E666F0000010001C00C000100010000012C00040D6BDEF000002904D0000080000000",
    "AdditionalInfo": ".",
    "GUID": "{00000000-0000-0000-0000-000000000000}",
    "EventReceivedTime": "2021-09-16T20:00:00.475762-07:00",
    "SourceModuleName": "dnsserver",
    "SourceModuleType": "im_etw",
    "HostIP": "192.168.1.36"
  },
  {
    "SourceName": "Microsoft-Windows-DNSServer",
    "ProviderGuid": "{EB79061A-A566-4698-9119-3ED2807060E7}",
    "EventID": 260,
    "Version": 0,
    "ChannelID": 16,
    "OpcodeValue": 0,
    "TaskValue": 2,
    "Keywords": "9223372036854775824",
    "EventTime": "2021-09-16T19:59:59.550678-07:00",
    "ExecutionProcessID": 2080,
    "ExecutionThreadID": 2940,
    "EventType": "INFO",
    "SeverityValue": 2,
    "Severity": "INFO",
    "Hostname": "WIN-93NOI1UVL29",
    "Domain": "NT AUTHORITY",
    "AccountName": "SYSTEM",
    "UserID": "S-1-5-18",
    "AccountType": "User",
    "Flags": "0",
    "TCP": "0",
    "Destination": "13.107.222.240",
    "InterfaceIP": "0.0.0.0",
    "RD": "0",
    "QNAME": "ods.trafficmanager.NET.",
    "QTYPE": "28",
    "QXID": "15932",
    "XID": "48223",
    "Port": "0",
    "RecursionScope": ".",
    "CacheScope": "Default",
    "PolicyName": "NULL",
    "BufferSize": "51",
    "PacketData": "0xBC5F00000001000000000001036F64730E747261666669636D616E61676572034E455400001C00010000290FA0000080000000",
    "AdditionalInfo": ".",
    "GUID": "{18F714C3-99C7-41EA-A194-15C7EA1EF5EB}",
    "EventReceivedTime": "2021-09-16T20:00:00.475762-07:00",
    "SourceModuleName": "dnsserver",
    "SourceModuleType": "im_etw",
    "HostIP": "192.168.1.36"
  },
  {
    "SourceName": "Microsoft-Windows-DNSServer",
    "ProviderGuid": "{EB79061A-A566-4698-9119-3ED2807060E7}",
    "EventID": 261,
    "Version": 0,
    "ChannelID": 16,
    "OpcodeValue": 0,
    "TaskValue": 2,
    "Keywords": "9223372036854775840",
    "EventTime": "2021-09-16T19:59:59.555192-07:00",
    "ExecutionProcessID": 2080,
    "ExecutionThreadID": 2940,
    "EventType": "INFO",
    "SeverityValue": 2,
    "Severity": "INFO",
    "Hostname": "WIN-93NOI1UVL29",
    "Domain": "NT AUTHORITY",
    "AccountName": "SYSTEM",
    "UserID": "S-1-5-18",
    "AccountType": "User",
    "Flags": "33824",
    "TCP": "0",
    "Source": "13.107.222.240",
    "InterfaceIP": "0.0.0.0",
    "AA": "1",
    "AD": "1",
    "QNAME": "ods.trafficmanager.NET.",
    "QTYPE": "1",
    "XID": "7650",
    "RecursionDepth": "3",
    "Port": "0",
    "RecursionScope": ".",
    "CacheScope": "Default",
    "BufferSize": "90",
    "PacketData": "0x1DE284200001000100000001036F64730E747261666669636D616E61676572034E45540000010001C00C000500010000012C001B0C6575732D6F692D6F64732D6308636C6F7564617070036E65740000002904D0000000000000",
    "AdditionalInfo": ".",
    "GUID": "{9E896A72-AF94-4C5B-BE84-192927A809AE}",
    "EventReceivedTime": "2021-09-16T20:00:00.475762-07:00",
    "SourceModuleName": "dnsserver",
    "SourceModuleType": "im_etw",
    "HostIP": "192.168.1.36"
  },
  {
    "SourceName": "Microsoft-Windows-DNSServer",
    "ProviderGuid": "{EB79061A-A566-4698-9119-3ED2807060E7}",
    "EventID": 279,
    "Version": 0,
    "ChannelID": 16,
    "OpcodeValue": 0,
    "TaskValue": 1,
    "Keywords": "9223372071214514176",
    "EventTime": "2021-09-16T19:59:59.555295-07:00",
    "ExecutionProcessID": 2080,
    "ExecutionThreadID": 2940,
    "EventType": "INFO",
    "SeverityValue": 2,
    "Severity": "INFO",
    "Hostname": "WIN-93NOI1UVL29",
    "Domain": "NT AUTHORITY",
    "AccountName": "SYSTEM",
    "UserID": "S-1-5-18",
    "AccountType": "User",
    "Flags": "33152",
    "TCP": "0",
    "InterfaceIP": "192.168.1.36",
    "Source": "192.168.1.36",
    "RD": "1",
    "QNAME": "eus-oi-ods-c.cloudapp.net.",
    "QTYPE": "1",
    "Port": "62625",
    "XID": "22335",
    "BufferSize": "79",
    "PacketData": "0x573F818000010002000000002438633730646663622D383365312D343935392D393334642D666362343836306266316465036F64730A6F70696E73696768747305617A75726503636F6D0000010001",
    "EventReceivedTime": "2021-09-16T20:00:00.475762-07:00",
    "SourceModuleName": "dnsserver",
    "SourceModuleType": "im_etw",
    "HostIP": "192.168.1.36"
  },
  {
    "SourceName": "Microsoft-Windows-DNSServer",
    "ProviderGuid": "{EB79061A-A566-4698-9119-3ED2807060E7}",
    "EventID": 260,
    "Version": 0,
    "ChannelID": 16,
    "OpcodeValue": 0,
    "TaskValue": 2,
    "Keywords": "9223372036854775824",
    "EventTime": "2021-09-16T19:59:59.556236-07:00",
    "ExecutionProcessID": 2080,
    "ExecutionThreadID": 2940,
    "EventType": "INFO",
    "SeverityValue": 2,
    "Severity": "INFO",
    "Hostname": "WIN-93NOI1UVL29",
    "Domain": "NT AUTHORITY",
    "AccountName": "SYSTEM",
    "UserID": "S-1-5-18",
    "AccountType": "User",
    "Flags": "0",
    "TCP": "0",
    "Destination": "64.4.48.201",
    "InterfaceIP": "0.0.0.0",
    "RD": "0",
    "QNAME": "eus-oi-ods-c.cloudapp.NET.",
    "QTYPE": "1",
    "QXID": "22335",
    "XID": "55851",
    "Port": "0",
    "RecursionScope": ".",
    "CacheScope": "Default",
    "PolicyName": "NULL",
    "BufferSize": "54",
    "PacketData": "0xDA2B000000010000000000010C6575732D6F692D6F64732D6308636C6F7564617070034E455400000100010000290FA0000080000000",
    "AdditionalInfo": ".",
    "GUID": "{9E896A72-AF94-4C5B-BE84-192927A809AE}",
    "EventReceivedTime": "2021-09-16T20:00:00.475762-07:00",
    "SourceModuleName": "dnsserver",
    "SourceModuleType": "im_etw",
    "HostIP": "192.168.1.36"
  },
  {
    "SourceName": "Microsoft-Windows-DNSServer",
    "ProviderGuid": "{EB79061A-A566-4698-9119-3ED2807060E7}",
    "EventID": 261,
    "Version": 0,
    "ChannelID": 16,
    "OpcodeValue": 0,
    "TaskValue": 2,
    "Keywords": "9223372036854775840",
    "EventTime": "2021-09-16T19:59:59.578897-07:00",
    "ExecutionProcessID": 2080,
    "ExecutionThreadID": 2940,
    "EventType": "INFO",
    "SeverityValue": 2,
    "Severity": "INFO",
    "Hostname": "WIN-93NOI1UVL29",
    "Domain": "NT AUTHORITY",
    "AccountName": "SYSTEM",
    "UserID": "S-1-5-18",
    "AccountType": "User",
    "Flags": "33824",
    "TCP": "0",
    "Source": "13.107.222.240",
    "InterfaceIP": "0.0.0.0",
    "AA": "1",
    "AD": "1",
    "QNAME": "ods.trafficmanager.NET.",
    "QTYPE": "28",
    "XID": "48223",
    "RecursionDepth": "3",
    "Port": "0",
    "RecursionScope": ".",
    "CacheScope": "Default",
    "BufferSize": "90",
    "PacketData": "0xBC5F84200001000100000001036F64730E747261666669636D616E61676572034E455400001C0001C00C000500010000012C001B0C6575732D6F692D6F64732D6208636C6F7564617070036E65740000002904D0000000000000",
    "AdditionalInfo": ".",
    "GUID": "{18F714C3-99C7-41EA-A194-15C7EA1EF5EB}",
    "EventReceivedTime": "2021-09-16T20:00:00.475762-07:00",
    "SourceModuleName": "dnsserver",
    "SourceModuleType": "im_etw",
    "HostIP": "192.168.1.36"
  },
  {
    "SourceName": "Microsoft-Windows-DNSServer",
    "ProviderGuid": "{EB79061A-A566-4698-9119-3ED2807060E7}",
    "EventID": 279,
    "Version": 0,
    "ChannelID": 16,
    "OpcodeValue": 0,
    "TaskValue": 1,
    "Keywords": "9223372071214514176",
    "EventTime": "2021-09-16T19:59:59.579397-07:00",
    "ExecutionProcessID": 2080,
    "ExecutionThreadID": 2940,
    "EventType": "INFO",
    "SeverityValue": 2,
    "Severity": "INFO",
    "Hostname": "WIN-93NOI1UVL29",
    "Domain": "NT AUTHORITY",
    "AccountName": "SYSTEM",
    "UserID": "S-1-5-18",
    "AccountType": "User",
    "Flags": "33152",
    "TCP": "0",
    "InterfaceIP": "192.168.1.36",
    "Source": "192.168.1.36",
    "RD": "1",
    "QNAME": "eus-oi-ods-c.cloudapp.net.",
    "QTYPE": "28",
    "Port": "57009",
    "XID": "15932",
    "BufferSize": "79",
    "PacketData": "0x3E3C818000010002000000002438633730646663622D383365312D343935392D393334642D666362343836306266316465036F64730A6F70696E73696768747305617A75726503636F6D00001C0001",
    "EventReceivedTime": "2021-09-16T20:00:00.475762-07:00",
    "SourceModuleName": "dnsserver",
    "SourceModuleType": "im_etw",
    "HostIP": "192.168.1.36"
  },
  {
    "SourceName": "Microsoft-Windows-DNSServer",
    "ProviderGuid": "{EB79061A-A566-4698-9119-3ED2807060E7}",
    "EventID": 260,
    "Version": 0,
    "ChannelID": 16,
    "OpcodeValue": 0,
    "TaskValue": 2,
    "Keywords": "9223372036854775824",
    "EventTime": "2021-09-16T19:59:59.579839-07:00",
    "ExecutionProcessID": 2080,
    "ExecutionThreadID": 2940,
    "EventType": "INFO",
    "SeverityValue": 2,
    "Severity": "INFO",
    "Hostname": "WIN-93NOI1UVL29",
    "Domain": "NT AUTHORITY",
    "AccountName": "SYSTEM",
    "UserID": "S-1-5-18",
    "AccountType": "User",
    "Flags": "0",
    "TCP": "0",
    "Destination": "64.4.48.201",
    "InterfaceIP": "0.0.0.0",
    "RD": "0",
    "QNAME": "eus-oi-ods-c.cloudapp.NET.",
    "QTYPE": "28",
    "QXID": "15932",
    "XID": "14701",
    "Port": "0",
    "RecursionScope": ".",
    "CacheScope": "Default",
    "PolicyName": "NULL",
    "BufferSize": "43",
    "PacketData": "0x396D000000010000000000000C6575732D6F692D6F64732D6308636C6F7564617070034E455400001C0001",
    "AdditionalInfo": ".",
    "GUID": "{18F714C3-99C7-41EA-A194-15C7EA1EF5EB}",
    "EventReceivedTime": "2021-09-16T20:00:00.475762-07:00",
    "SourceModuleName": "dnsserver",
    "SourceModuleType": "im_etw",
    "HostIP": "192.168.1.36"
  },
  {
    "SourceName": "Microsoft-Windows-DNSServer",
    "ProviderGuid": "{EB79061A-A566-4698-9119-3ED2807060E7}",
    "EventID": 261,
    "Version": 0,
    "ChannelID": 16,
    "OpcodeValue": 0,
    "TaskValue": 2,
    "Keywords": "9223372036854775840",
    "EventTime": "2021-09-16T19:59:59.584204-07:00",
    "ExecutionProcessID": 2080,
    "ExecutionThreadID": 2940,
    "EventType": "INFO",
    "SeverityValue": 2,
    "Severity": "INFO",
    "Hostname": "WIN-93NOI1UVL29",
    "Domain": "NT AUTHORITY",
    "AccountName": "SYSTEM",
    "UserID": "S-1-5-18",
    "AccountType": "User",
    "Flags": "33792",
    "TCP": "0",
    "Source": "64.4.48.201",
    "InterfaceIP": "0.0.0.0",
    "AA": "1",
    "AD": "0",
    "QNAME": "eus-oi-ods-c.cloudapp.NET.",
    "QTYPE": "1",
    "XID": "55851",
    "RecursionDepth": "4",
    "Port": "0",
    "RecursionScope": ".",
    "CacheScope": "Default",
    "BufferSize": "70",
    "PacketData": "0xDA2B840000010001000000010C6575732D6F692D6F64732D6308636C6F7564617070034E45540000010001C00C000100010000000A0004284F9A5700002904D0000080000000",
    "AdditionalInfo": ".",
    "GUID": "{9E896A72-AF94-4C5B-BE84-192927A809AE}",
    "EventReceivedTime": "2021-09-16T20:00:00.475762-07:00",
    "SourceModuleName": "dnsserver",
    "SourceModuleType": "im_etw",
    "HostIP": "192.168.1.36"
  },
  {
    "SourceName": "Microsoft-Windows-DNSServer",
    "ProviderGuid": "{EB79061A-A566-4698-9119-3ED2807060E7}",
    "EventID": 257,
    "Version": 0,
    "ChannelID": 16,
    "OpcodeValue": 0,
    "TaskValue": 1,
    "Keywords": "9223372036854775810",
    "EventTime": "2021-09-16T19:59:59.584424-07:00",
    "ExecutionProcessID": 2080,
    "ExecutionThreadID": 2940,
    "EventType": "INFO",
    "SeverityValue": 2,
    "Severity": "INFO",
    "Hostname": "WIN-93NOI1UVL29",
    "Domain": "NT AUTHORITY",
    "AccountName": "SYSTEM",
    "UserID": "S-1-5-18",
    "AccountType": "User",
    "Flags": "33152",
    "TCP": "0",
    "InterfaceIP": "192.168.1.36",
    "Destination": "192.168.1.36",
    "AA": "0",
    "AD": "0",
    "QNAME": "8c70dfcb-83e1-4959-934d-fcb4860bf1de.ods.opinsights.azure.com.",
    "QTYPE": "1",
    "XID": "22335",
    "DNSSEC": "0",
    "RCODE": "0",
    "Port": "62625",
    "Scope": "Default",
    "Zone": "..Cache",
    "PolicyName": "NULL",
    "BufferSize": "167",
    "PacketData": "0x573F818000010003000000002438633730646663622D383365312D343935392D393334642D666362343836306266316465036F64730A6F70696E73696768747305617A75726503636F6D0000010001C00C000500010000012C0018036F64730E747261666669636D616E61676572036E657400C05B000500010000012C00180C6575732D6F692D6F64732D6308636C6F7564617070C06EC07F000100010000000A0004284F9A57",
    "AdditionalInfo": "VirtualizationInstance:.",
    "ElapsedTime": "188",
    "GUID": "{9E896A72-AF94-4C5B-BE84-192927A809AE}",
    "EventReceivedTime": "2021-09-16T20:00:00.475762-07:00",
    "SourceModuleName": "dnsserver",
    "SourceModuleType": "im_etw",
    "HostIP": "192.168.1.36"
  },
  {
    "SourceName": "Microsoft-Windows-DNSServer",
    "ProviderGuid": "{EB79061A-A566-4698-9119-3ED2807060E7}",
    "EventID": 261,
    "Version": 0,
    "ChannelID": 16,
    "OpcodeValue": 0,
    "TaskValue": 2,
    "Keywords": "9223372036854775840",
    "EventTime": "2021-09-16T19:59:59.601483-07:00",
    "ExecutionProcessID": 2080,
    "ExecutionThreadID": 2940,
    "EventType": "INFO",
    "SeverityValue": 2,
    "Severity": "INFO",
    "Hostname": "WIN-93NOI1UVL29",
    "Domain": "NT AUTHORITY",
    "AccountName": "SYSTEM",
    "UserID": "S-1-5-18",
    "AccountType": "User",
    "Flags": "33792",
    "TCP": "0",
    "Source": "64.4.48.201",
    "InterfaceIP": "0.0.0.0",
    "AA": "1",
    "AD": "0",
    "QNAME": "eus-oi-ods-c.cloudapp.NET.",
    "QTYPE": "28",
    "XID": "14701",
    "RecursionDepth": "4",
    "Port": "0",
    "RecursionScope": ".",
    "CacheScope": "Default",
    "BufferSize": "117",
    "PacketData": "0x396D840000010000000100000C6575732D6F692D6F64732D6308636C6F7564617070034E455400001C0001C019000600010000003C003E076E73312D32303109617A7572652D646E7303636F6D00066D736E687374096D6963726F736F6674C0497DA3FC3C000003840000012C00093A800000003C",
    "AdditionalInfo": ".",
    "GUID": "{18F714C3-99C7-41EA-A194-15C7EA1EF5EB}",
    "EventReceivedTime": "2021-09-16T20:00:00.475762-07:00",
    "SourceModuleName": "dnsserver",
    "SourceModuleType": "im_etw",
    "HostIP": "192.168.1.36"
  },
  {
    "SourceName": "Microsoft-Windows-DNSServer",
    "ProviderGuid": "{EB79061A-A566-4698-9119-3ED2807060E7}",
    "EventID": 257,
    "Version": 0,
    "ChannelID": 16,
    "OpcodeValue": 0,
    "TaskValue": 1,
    "Keywords": "9223372036854775810",
    "EventTime": "2021-09-16T19:59:59.602237-07:00",
    "ExecutionProcessID": 2080,
    "ExecutionThreadID": 2940,
    "EventType": "INFO",
    "SeverityValue": 2,
    "Severity": "INFO",
    "Hostname": "WIN-93NOI1UVL29",
    "Domain": "NT AUTHORITY",
    "AccountName": "SYSTEM",
    "UserID": "S-1-5-18",
    "AccountType": "User",
    "Flags": "33152",
    "TCP": "0",
    "InterfaceIP": "192.168.1.36",
    "Destination": "192.168.1.36",
    "AA": "0",
    "AD": "0",
    "QNAME": "8c70dfcb-83e1-4959-934d-fcb4860bf1de.ods.opinsights.azure.com.",
    "QTYPE": "28",
    "XID": "15932",
    "DNSSEC": "0",
    "RCODE": "0",
    "Port": "57009",
    "Scope": "Default",
    "Zone": "..Cache",
    "PolicyName": "NULL",
    "BufferSize": "151",
    "PacketData": "0x3E3C818000010002000000002438633730646663622D383365312D343935392D393334642D666362343836306266316465036F64730A6F70696E73696768747305617A75726503636F6D00001C0001C00C000500010000012C0018036F64730E747261666669636D616E61676572036E657400C05B000500010000012C00180C6575732D6F692D6F64732D6308636C6F7564617070C06E",
    "AdditionalInfo": "VirtualizationInstance:.",
    "ElapsedTime": "205",
    "GUID": "{18F714C3-99C7-41EA-A194-15C7EA1EF5EB}",
    "EventReceivedTime": "2021-09-16T20:00:00.475762-07:00",
    "SourceModuleName": "dnsserver",
    "SourceModuleType": "im_etw",
    "HostIP": "192.168.1.36"
  },
  {
    "SourceName": "Microsoft-Windows-DNSServer",
    "ProviderGuid": "{EB79061A-A566-4698-9119-3ED2807060E7}",
    "EventID": 256,
    "Version": 0,
    "ChannelID": 16,
    "OpcodeValue": 0,
    "TaskValue": 1,
    "Keywords": "9223372036854775809",
    "EventTime": "2021-09-16T20:00:44.629289-07:00",
    "ExecutionProcessID": 2080,
    "ExecutionThreadID": 2940,
    "EventType": "INFO",
    "SeverityValue": 2,
    "Severity": "INFO",
    "Hostname": "WIN-93NOI1UVL29",
    "Domain": "NT AUTHORITY",
    "AccountName": "SYSTEM",
    "UserID": "S-1-5-18",
    "AccountType": "User",
    "Flags": "256",
    "TCP": "0",
    "InterfaceIP": "192.168.1.36",
    "Source": "192.168.1.36",
    "RD": "1",
    "QNAME": "wpad.v6.example.com.",
    "QTYPE": "1",
    "XID": "44695",
    "Port": "59293",
    "BufferSize": "37",
    "PacketData": "0xAE97010000010000000000000477706164027636076578616D706C6503636F6D0000010001",
    "AdditionalInfo": ".",
    "GUID": "{29DAE5AF-646B-47B8-9AEA-CA506275DBDE}",
    "EventReceivedTime": "2021-09-16T20:00:45.622568-07:00",
    "SourceModuleName": "dnsserver",
    "SourceModuleType": "im_etw",
    "HostIP": "192.168.1.36"
  },
  {
    "SourceName": "Microsoft-Windows-DNSServer",
    "ProviderGuid": "{EB79061A-A566-4698-9119-3ED2807060E7}",
    "EventID": 257,
    "Version": 0,
    "ChannelID": 16,
    "OpcodeValue": 0,
    "TaskValue": 1,
    "Keywords": "9223372036854775810",
    "EventTime": "2021-09-16T20:00:44.629373-07:00",
    "ExecutionProcessID": 2080,
    "ExecutionThreadID": 2940,
    "EventType": "INFO",
    "SeverityValue": 2,
    "Severity": "INFO",
    "Hostname": "WIN-93NOI1UVL29",
    "Domain": "NT AUTHORITY",
    "AccountName": "SYSTEM",
    "UserID": "S-1-5-18",
    "AccountType": "User",
    "Flags": "34179",
    "TCP": "0",
    "InterfaceIP": "192.168.1.36",
    "Destination": "192.168.1.36",
    "AA": "1",
    "AD": "0",
    "QNAME": "wpad.v6.example.com.",
    "QTYPE": "1",
    "XID": "44695",
    "DNSSEC": "0",
    "RCODE": "3",
    "Port": "59293",
    "Scope": "Default",
    "Zone": "example.com",
    "PolicyName": "NULL",
    "BufferSize": "109",
    "PacketData": "0xAE97858300010000000100000477706164027636076578616D706C6503636F6D0000010001076578616D706C6503636F6D000006000100000E1000310F77696E2D39336E6F693175766C3239000A686F73746D6173746572000000001000000384000002580001518000000E10",
    "AdditionalInfo": "VirtualizationInstance:.",
    "ElapsedTime": "0",
    "GUID": "{29DAE5AF-646B-47B8-9AEA-CA506275DBDE}",
    "EventReceivedTime": "2021-09-16T20:00:45.622568-07:00",
    "SourceModuleName": "dnsserver",
    "SourceModuleType": "im_etw",
    "HostIP": "192.168.1.36"
  },
  {
    "SourceName": "Microsoft-Windows-DNSServer",
    "ProviderGuid": "{EB79061A-A566-4698-9119-3ED2807060E7}",
    "EventID": 256,
    "Version": 0,
    "ChannelID": 16,
    "OpcodeValue": 0,
    "TaskValue": 1,
    "Keywords": "9223372036854775809",
    "EventTime": "2021-09-16T20:00:44.629840-07:00",
    "ExecutionProcessID": 2080,
    "ExecutionThreadID": 2940,
    "EventType": "INFO",
    "SeverityValue": 2,
    "Severity": "INFO",
    "Hostname": "WIN-93NOI1UVL29",
    "Domain": "NT AUTHORITY",
    "AccountName": "SYSTEM",
    "UserID": "S-1-5-18",
    "AccountType": "User",
    "Flags": "256",
    "TCP": "0",
    "InterfaceIP": "192.168.1.36",
    "Source": "192.168.1.36",
    "RD": "1",
    "QNAME": "wpad.v6.example.com.",
    "QTYPE": "28",
    "XID": "24945",
    "Port": "61217",
    "BufferSize": "37",
    "PacketData": "0x6171010000010000000000000477706164027636076578616D706C6503636F6D00001C0001",
    "AdditionalInfo": ".",
    "GUID": "{B5A639DD-712F-4AC0-BDE6-8A41E55FEE91}",
    "EventReceivedTime": "2021-09-16T20:00:45.622568-07:00",
    "SourceModuleName": "dnsserver",
    "SourceModuleType": "im_etw",
    "HostIP": "192.168.1.36"
  },
  {
    "SourceName": "Microsoft-Windows-DNSServer",
    "ProviderGuid": "{EB79061A-A566-4698-9119-3ED2807060E7}",
    "EventID": 257,
    "Version": 0,
    "ChannelID": 16,
    "OpcodeValue": 0,
    "TaskValue": 1,
    "Keywords": "9223372036854775810",
    "EventTime": "2021-09-16T20:00:44.629900-07:00",
    "ExecutionProcessID": 2080,
    "ExecutionThreadID": 2940,
    "EventType": "INFO",
    "SeverityValue": 2,
    "Severity": "INFO",
    "Hostname": "WIN-93NOI1UVL29",
    "Domain": "NT AUTHORITY",
    "AccountName": "SYSTEM",
    "UserID": "S-1-5-18",
    "AccountType": "User",
    "Flags": "34179",
    "TCP": "0",
    "InterfaceIP": "192.168.1.36",
    "Destination": "192.168.1.36",
    "AA": "1",
    "AD": "0",
    "QNAME": "wpad.v6.example.com.",
    "QTYPE": "28",
    "XID": "24945",
    "DNSSEC": "0",
    "RCODE": "3",
    "Port": "61217",
    "Scope": "Default",
    "Zone": "example.com",
    "PolicyName": "NULL",
    "BufferSize": "109",
    "PacketData": "0x6171858300010000000100000477706164027636076578616D706C6503636F6D00001C0001076578616D706C6503636F6D000006000100000E1000310F77696E2D39336E6F693175766C3239000A686F73746D6173746572000000001000000384000002580001518000000E10",
    "AdditionalInfo": "VirtualizationInstance:.",
    "ElapsedTime": "0",
    "GUID": "{B5A639DD-712F-4AC0-BDE6-8A41E55FEE91}",
    "EventReceivedTime": "2021-09-16T20:00:45.622568-07:00",
    "SourceModuleName": "dnsserver",
    "SourceModuleType": "im_etw",
    "HostIP": "192.168.1.36"
  },
  {
    "SourceName": "Microsoft-Windows-DNSServer",
    "ProviderGuid": "{EB79061A-A566-4698-9119-3ED2807060E7}",
    "EventID": 256,
    "Version": 0,
    "ChannelID": 16,
    "OpcodeValue": 0,
    "TaskValue": 1,
    "Keywords": "9223372036854775809",
    "EventTime": "2021-09-16T20:00:59.274212-07:00",
    "ExecutionProcessID": 2080,
    "ExecutionThreadID": 2940,
    "EventType": "INFO",
    "SeverityValue": 2,
    "Severity": "INFO",
    "Hostname": "WIN-93NOI1UVL29",
    "Domain": "NT AUTHORITY",
    "AccountName": "SYSTEM",
    "UserID": "S-1-5-18",
    "AccountType": "User",
    "Flags": "256",
    "TCP": "0",
    "InterfaceIP": "192.168.1.36",
    "Source": "192.168.1.36",
    "RD": "1",
    "QNAME": "fe2.update.microsoft.com.",
    "QTYPE": "1",
    "XID": "9256",
    "Port": "60014",
    "BufferSize": "42",
    "PacketData": "0x2428010000010000000000000366653206757064617465096D6963726F736F667403636F6D0000010001",
    "AdditionalInfo": ".",
    "GUID": "{F3CE997B-ED63-4096-944D-6E58D294F5EC}",
    "EventReceivedTime": "2021-09-16T20:01:00.399465-07:00",
    "SourceModuleName": "dnsserver",
    "SourceModuleType": "im_etw",
    "HostIP": "192.168.1.36"
  },
  {
    "SourceName": "Microsoft-Windows-DNSServer",
    "ProviderGuid": "{EB79061A-A566-4698-9119-3ED2807060E7}",
    "EventID": 279,
    "Version": 0,
    "ChannelID": 16,
    "OpcodeValue": 0,
    "TaskValue": 1,
    "Keywords": "9223372071214514176",
    "EventTime": "2021-09-16T20:00:59.274233-07:00",
    "ExecutionProcessID": 2080,
    "ExecutionThreadID": 2940,
    "EventType": "INFO",
    "SeverityValue": 2,
    "Severity": "INFO",
    "Hostname": "WIN-93NOI1UVL29",
    "Domain": "NT AUTHORITY",
    "AccountName": "SYSTEM",
    "UserID": "S-1-5-18",
    "AccountType": "User",
    "Flags": "33152",
    "TCP": "0",
    "InterfaceIP": "192.168.1.36",
    "Source": "192.168.1.36",
    "RD": "1",
    "QNAME": "fe2.update.microsoft.com.nsatc.net.",
    "QTYPE": "1",
    "Port": "60014",
    "XID": "9256",
    "BufferSize": "42",
    "PacketData": "0x2428818000010001000000000366653206757064617465096D6963726F736F667403636F6D0000010001",
    "EventReceivedTime": "2021-09-16T20:01:00.399465-07:00",
    "SourceModuleName": "dnsserver",
    "SourceModuleType": "im_etw",
    "HostIP": "192.168.1.36"
  },
  {
    "SourceName": "Microsoft-Windows-DNSServer",
    "ProviderGuid": "{EB79061A-A566-4698-9119-3ED2807060E7}",
    "EventID": 260,
    "Version": 0,
    "ChannelID": 16,
    "OpcodeValue": 0,
    "TaskValue": 2,
    "Keywords": "9223372036854775824",
    "EventTime": "2021-09-16T20:00:59.274325-07:00",
    "ExecutionProcessID": 2080,
    "ExecutionThreadID": 2940,
    "EventType": "INFO",
    "SeverityValue": 2,
    "Severity": "INFO",
    "Hostname": "WIN-93NOI1UVL29",
    "Domain": "NT AUTHORITY",
    "AccountName": "SYSTEM",
    "UserID": "S-1-5-18",
    "AccountType": "User",
    "Flags": "0",
    "TCP": "0",
    "Destination": "8.27.248.155",
    "InterfaceIP": "0.0.0.0",
    "RD": "0",
    "QNAME": "fe2.update.microsoft.com.nsatc.NET.",
    "QTYPE": "1",
    "QXID": "9256",
    "XID": "40857",
    "Port": "0",
    "RecursionScope": ".",
    "CacheScope": "Default",
    "PolicyName": "NULL",
    "BufferSize": "63",
    "PacketData": "0x9F99000000010000000000010366653206757064617465096D6963726F736F667403636F6D056E73617463034E455400000100010000290FA0000080000000",
    "AdditionalInfo": ".",
    "GUID": "{F3CE997B-ED63-4096-944D-6E58D294F5EC}",
    "EventReceivedTime": "2021-09-16T20:01:00.399465-07:00",
    "SourceModuleName": "dnsserver",
    "SourceModuleType": "im_etw",
    "HostIP": "192.168.1.36"
  },
  {
    "SourceName": "Microsoft-Windows-DNSServer",
    "ProviderGuid": "{EB79061A-A566-4698-9119-3ED2807060E7}",
    "EventID": 256,
    "Version": 0,
    "ChannelID": 16,
    "OpcodeValue": 0,
    "TaskValue": 1,
    "Keywords": "9223372036854775809",
    "EventTime": "2021-09-16T20:00:59.274553-07:00",
    "ExecutionProcessID": 2080,
    "ExecutionThreadID": 2940,
    "EventType": "INFO",
    "SeverityValue": 2,
    "Severity": "INFO",
    "Hostname": "WIN-93NOI1UVL29",
    "Domain": "NT AUTHORITY",
    "AccountName": "SYSTEM",
    "UserID": "S-1-5-18",
    "AccountType": "User",
    "Flags": "256",
    "TCP": "0",
    "InterfaceIP": "192.168.1.36",
    "Source": "192.168.1.36",
    "RD": "1",
    "QNAME": "fe2.update.microsoft.com.",
    "QTYPE": "28",
    "XID": "40778",
    "Port": "59715",
    "BufferSize": "42",
    "PacketData": "0x9F4A010000010000000000000366653206757064617465096D6963726F736F667403636F6D00001C0001",
    "AdditionalInfo": ".",
    "GUID": "{60BEDC80-A6A4-471C-A85A-E303AEE29276}",
    "EventReceivedTime": "2021-09-16T20:01:00.399465-07:00",
    "SourceModuleName": "dnsserver",
    "SourceModuleType": "im_etw",
    "HostIP": "192.168.1.36"
  },
  {
    "SourceName": "Microsoft-Windows-DNSServer",
    "ProviderGuid": "{EB79061A-A566-4698-9119-3ED2807060E7}",
    "EventID": 279,
    "Version": 0,
    "ChannelID": 16,
    "OpcodeValue": 0,
    "TaskValue": 1,
    "Keywords": "9223372071214514176",
    "EventTime": "2021-09-16T20:00:59.274562-07:00",
    "ExecutionProcessID": 2080,
    "ExecutionThreadID": 2940,
    "EventType": "INFO",
    "SeverityValue": 2,
    "Severity": "INFO",
    "Hostname": "WIN-93NOI1UVL29",
    "Domain": "NT AUTHORITY",
    "AccountName": "SYSTEM",
    "UserID": "S-1-5-18",
    "AccountType": "User",
    "Flags": "33152",
    "TCP": "0",
    "InterfaceIP": "192.168.1.36",
    "Source": "192.168.1.36",
    "RD": "1",
    "QNAME": "fe2.update.microsoft.com.nsatc.net.",
    "QTYPE": "28",
    "Port": "59715",
    "XID": "40778",
    "BufferSize": "42",
    "PacketData": "0x9F4A818000010001000000000366653206757064617465096D6963726F736F667403636F6D00001C0001",
    "EventReceivedTime": "2021-09-16T20:01:00.399465-07:00",
    "SourceModuleName": "dnsserver",
    "SourceModuleType": "im_etw",
    "HostIP": "192.168.1.36"
  },
  {
    "SourceName": "Microsoft-Windows-DNSServer",
    "ProviderGuid": "{EB79061A-A566-4698-9119-3ED2807060E7}",
    "EventID": 260,
    "Version": 0,
    "ChannelID": 16,
    "OpcodeValue": 0,
    "TaskValue": 2,
    "Keywords": "9223372036854775824",
    "EventTime": "2021-09-16T20:00:59.274617-07:00",
    "ExecutionProcessID": 2080,
    "ExecutionThreadID": 2940,
    "EventType": "INFO",
    "SeverityValue": 2,
    "Severity": "INFO",
    "Hostname": "WIN-93NOI1UVL29",
    "Domain": "NT AUTHORITY",
    "AccountName": "SYSTEM",
    "UserID": "S-1-5-18",
    "AccountType": "User",
    "Flags": "0",
    "TCP": "0",
    "Destination": "8.27.81.27",
    "InterfaceIP": "0.0.0.0",
    "RD": "0",
    "QNAME": "fe2.update.microsoft.com.nsatc.NET.",
    "QTYPE": "28",
    "QXID": "40778",
    "XID": "15048",
    "Port": "0",
    "RecursionScope": ".",
    "CacheScope": "Default",
    "PolicyName": "NULL",
    "BufferSize": "63",
    "PacketData": "0x3AC8000000010000000000010366653206757064617465096D6963726F736F667403636F6D056E73617463034E455400001C00010000290FA0000080000000",
    "AdditionalInfo": ".",
    "GUID": "{60BEDC80-A6A4-471C-A85A-E303AEE29276}",
    "EventReceivedTime": "2021-09-16T20:01:00.399465-07:00",
    "SourceModuleName": "dnsserver",
    "SourceModuleType": "im_etw",
    "HostIP": "192.168.1.36"
  },
  {
    "SourceName": "Microsoft-Windows-DNSServer",
    "ProviderGuid": "{EB79061A-A566-4698-9119-3ED2807060E7}",
    "EventID": 261,
    "Version": 0,
    "ChannelID": 16,
    "OpcodeValue": 0,
    "TaskValue": 2,
    "Keywords": "9223372036854775840",
    "EventTime": "2021-09-16T20:00:59.297985-07:00",
    "ExecutionProcessID": 2080,
    "ExecutionThreadID": 2940,
    "EventType": "INFO",
    "SeverityValue": 2,
    "Severity": "INFO",
    "Hostname": "WIN-93NOI1UVL29",
    "Domain": "NT AUTHORITY",
    "AccountName": "SYSTEM",
    "UserID": "S-1-5-18",
    "AccountType": "User",
    "Flags": "33792",
    "TCP": "0",
    "Source": "8.27.81.27",
    "InterfaceIP": "0.0.0.0",
    "AA": "1",
    "AD": "0",
    "QNAME": "fe2.update.microsoft.com.nsatc.NET.",
    "QTYPE": "28",
    "XID": "15048",
    "RecursionDepth": "1",
    "Port": "0",
    "RecursionScope": ".",
    "CacheScope": "Default",
    "BufferSize": "363",
    "PacketData": "0x3AC8840000010008000300010366653206757064617465096D6963726F736F667403636F6D056E73617463034E455400001C0001C00C001C00010000012C001026031030040300030000000000000061C00C001C00010000012C001026031030020E000300000000000002A2C00C001C00010000012C001026031030080500030000000000000042C00C001C00010000012C001026031030040300030000000000000062C00C001C00010000012C001026031030020E000300000000000002A1C00C001C00010000012C0010260310300C0400030000000000000115C00C001C00010000012C00102A010111F100300000000000A83E19A2C00C001C00010000012C001026031030000B000300000000000000B1C02500020001000151800018057573612D620570726F643109666F6F747072696E74C02BC02500020001000151800008057573612D63C126C02500020001000151800008057573612D64C12600002904B0000000000000",
    "AdditionalInfo": ".",
    "GUID": "{60BEDC80-A6A4-471C-A85A-E303AEE29276}",
    "EventReceivedTime": "2021-09-16T20:01:00.399465-07:00",
    "SourceModuleName": "dnsserver",
    "SourceModuleType": "im_etw",
    "HostIP": "192.168.1.36"
  },
  {
    "SourceName": "Microsoft-Windows-DNSServer",
    "ProviderGuid": "{EB79061A-A566-4698-9119-3ED2807060E7}",
    "EventID": 257,
    "Version": 0,
    "ChannelID": 16,
    "OpcodeValue": 0,
    "TaskValue": 1,
    "Keywords": "9223372036854775810",
    "EventTime": "2021-09-16T20:00:59.298048-07:00",
    "ExecutionProcessID": 2080,
    "ExecutionThreadID": 2940,
    "EventType": "INFO",
    "SeverityValue": 2,
    "Severity": "INFO",
    "Hostname": "WIN-93NOI1UVL29",
    "Domain": "NT AUTHORITY",
    "AccountName": "SYSTEM",
    "UserID": "S-1-5-18",
    "AccountType": "User",
    "Flags": "33152",
    "TCP": "0",
    "InterfaceIP": "192.168.1.36",
    "Destination": "192.168.1.36",
    "AA": "0",
    "AD": "0",
    "QNAME": "fe2.update.microsoft.com.",
    "QTYPE": "28",
    "XID": "40778",
    "DNSSEC": "0",
    "RCODE": "0",
    "Port": "59715",
    "Scope": "Default",
    "Zone": "..Cache",
    "PolicyName": "NULL",
    "BufferSize": "314",
    "PacketData": "0x9F4A818000010009000000000366653206757064617465096D6963726F736F667403636F6D00001C0001C00C0005000100000B6700240366653206757064617465096D6963726F736F667403636F6D056E73617463036E657400C036001C00010000012C001026031030040300030000000000000061C036001C00010000012C001026031030020E000300000000000002A2C036001C00010000012C001026031030080500030000000000000042C036001C00010000012C001026031030040300030000000000000062C036001C00010000012C001026031030020E000300000000000002A1C036001C00010000012C0010260310300C0400030000000000000115C036001C00010000012C00102A010111F100300000000000A83E19A2C036001C00010000012C001026031030000B000300000000000000B1",
    "AdditionalInfo": "VirtualizationInstance:.",
    "ElapsedTime": "23",
    "GUID": "{60BEDC80-A6A4-471C-A85A-E303AEE29276}",
    "EventReceivedTime": "2021-09-16T20:01:00.399465-07:00",
    "SourceModuleName": "dnsserver",
    "SourceModuleType": "im_etw",
    "HostIP": "192.168.1.36"
  },
