  {
    "SourceName": "Microsoft-Windows-DNSServer",
    "ProviderGuid": "{EB79061A-A566-4698-9119-3ED2807060E7}",
    "EventID": 260,
    "Version": 0,
    "ChannelID": 16,
    "OpcodeValue": 0,
    "TaskValue": 2,
    "Keywords": "9223372036854775824",
    "EventTime": "2021-09-16T20:12:43.498795-07:00",
    "ExecutionProcessID": 2080,
    "ExecutionThreadID": 2940,
    "EventType": "INFO",
    "SeverityValue": 2,
    "Severity": "INFO",
    "Hostname": "WIN-93NOI1UVL29",
    "Domain": "NT AUTHORITY",
    "AccountName": "SYSTEM",
    "UserID": "S-1-5-18",
    "AccountType": "User",
    "Flags": "0",
    "TCP": "0",
    "Destination": "2600:9000:5303:c700::1",
    "InterfaceIP": "::",
    "RD": "0",
    "QNAME": "s3-1-w.amazonaws.com.",
    "QTYPE": "28",
    "QXID": "13274",
    "XID": "14831",
    "Port": "0",
    "RecursionScope": ".",
    "CacheScope": "Default",
    "PolicyName": "NULL",
    "BufferSize": "49",
    "PacketData": "0x39EF000000010000000000010673332D312D7709616D617A6F6E61777303636F6D00001C00010000290FA0000080000000",
    "AdditionalInfo": ".",
    "GUID": "{7B216F75-B7E7-455C-B9E0-02D284107990}",
    "EventReceivedTime": "2021-09-16T20:12:44.486333-07:00",
    "SourceModuleName": "dnsserver",
    "SourceModuleType": "im_etw",
    "HostIP": "192.168.1.36"
  },
  {
    "SourceName": "Microsoft-Windows-DNSServer",
    "ProviderGuid": "{EB79061A-A566-4698-9119-3ED2807060E7}",
    "EventID": 261,
    "Version": 0,
    "ChannelID": 16,
    "OpcodeValue": 0,
    "TaskValue": 2,
    "Keywords": "9223372036854775840",
    "EventTime": "2021-09-16T20:12:43.527841-07:00",
    "ExecutionProcessID": 2080,
    "ExecutionThreadID": 2940,
    "EventType": "INFO",
    "SeverityValue": 2,
    "Severity": "INFO",
    "Hostname": "WIN-93NOI1UVL29",
    "Domain": "NT AUTHORITY",
    "AccountName": "SYSTEM",
    "UserID": "S-1-5-18",
    "AccountType": "User",
    "Flags": "33824",
    "TCP": "0",
    "Source": "2600:9000:5303:c700::1",
    "InterfaceIP": "::",
    "AA": "1",
    "AD": "1",
    "QNAME": "s3-1-w.amazonaws.com.",
    "QTYPE": "28",
    "XID": "14831",
    "RecursionDepth": "1",
    "Port": "0",
    "RecursionScope": ".",
    "CacheScope": "Default",
    "BufferSize": "322",
    "PacketData": "0x39EF842000010001000400090673332D312D7709616D617A6F6E61777303636F6D00001C0001C00C000500010000012500110473332D770975732D656173742D31C013C0130002000100000E100005027231C013C0130002000100000E100005027232C013C0130002000100000E100005027531C013C0130002000100000E100005027532C013C04F0001000100001C2B0004CDFBC01BC04F001C000100000DFF00102600900053001B000000000000000001C0600001000100001C2D0004CDFBC3C7C060001C000100000E1D0010260090005303C7000000000000000001C071000100010000070800049C9A400AC071001C000100000E09001020010502F3FF00000000000000000010C082000100010000070800049C9A410AC082001C000100000E170010261000A11014000000000000000000100000291000000080000000",
    "AdditionalInfo": ".",
    "GUID": "{7B216F75-B7E7-455C-B9E0-02D284107990}",
    "EventReceivedTime": "2021-09-16T20:12:44.486333-07:00",
    "SourceModuleName": "dnsserver",
    "SourceModuleType": "im_etw",
    "HostIP": "192.168.1.36"
  },
  {
    "SourceName": "Microsoft-Windows-DNSServer",
    "ProviderGuid": "{EB79061A-A566-4698-9119-3ED2807060E7}",
    "EventID": 279,
    "Version": 0,
    "ChannelID": 16,
    "OpcodeValue": 0,
    "TaskValue": 1,
    "Keywords": "9223372071214514176",
    "EventTime": "2021-09-16T20:12:43.527907-07:00",
    "ExecutionProcessID": 2080,
    "ExecutionThreadID": 2940,
    "EventType": "INFO",
    "SeverityValue": 2,
    "Severity": "INFO",
    "Hostname": "WIN-93NOI1UVL29",
    "Domain": "NT AUTHORITY",
    "AccountName": "SYSTEM",
    "UserID": "S-1-5-18",
    "AccountType": "User",
    "Flags": "33152",
    "TCP": "0",
    "InterfaceIP": "192.168.1.36",
    "Source": "192.168.1.7",
    "RD": "1",
    "QNAME": "s3-w.us-east-1.amazonaws.com.",
    "QTYPE": "28",
    "Port": "34264",
    "XID": "13274",
    "BufferSize": "54",
    "PacketData": "0x33DA818000010002000000001368756273746166662D70726F64756374696F6E02733309616D617A6F6E61777303636F6D00001C0001",
    "EventReceivedTime": "2021-09-16T20:12:44.486333-07:00",
    "SourceModuleName": "dnsserver",
    "SourceModuleType": "im_etw",
    "HostIP": "192.168.1.36"
  },
  {
    "SourceName": "Microsoft-Windows-DNSServer",
    "ProviderGuid": "{EB79061A-A566-4698-9119-3ED2807060E7}",
    "EventID": 260,
    "Version": 0,
    "ChannelID": 16,
    "OpcodeValue": 0,
    "TaskValue": 2,
    "Keywords": "9223372036854775824",
    "EventTime": "2021-09-16T20:12:43.528062-07:00",
    "ExecutionProcessID": 2080,
    "ExecutionThreadID": 2940,
    "EventType": "INFO",
    "SeverityValue": 2,
    "Severity": "INFO",
    "Hostname": "WIN-93NOI1UVL29",
    "Domain": "NT AUTHORITY",
    "AccountName": "SYSTEM",
    "UserID": "S-1-5-18",
    "AccountType": "User",
    "Flags": "0",
    "TCP": "0",
    "Destination": "205.251.193.72",
    "InterfaceIP": "0.0.0.0",
    "RD": "0",
    "QNAME": "s3-w.us-east-1.amazonaws.com.",
    "QTYPE": "28",
    "QXID": "13274",
    "XID": "34945",
    "Port": "0",
    "RecursionScope": ".",
    "CacheScope": "Default",
    "PolicyName": "NULL",
    "BufferSize": "57",
    "PacketData": "0x8881000000010000000000010473332D770975732D656173742D3109616D617A6F6E61777303636F6D00001C00010000290FA0000080000000",
    "AdditionalInfo": ".",
    "GUID": "{7B216F75-B7E7-455C-B9E0-02D284107990}",
    "EventReceivedTime": "2021-09-16T20:12:44.501722-07:00",
    "SourceModuleName": "dnsserver",
    "SourceModuleType": "im_etw",
    "HostIP": "192.168.1.36"
  },
  {
    "SourceName": "Microsoft-Windows-DNSServer",
    "ProviderGuid": "{EB79061A-A566-4698-9119-3ED2807060E7}",
    "EventID": 261,
    "Version": 0,
    "ChannelID": 16,
    "OpcodeValue": 0,
    "TaskValue": 2,
    "Keywords": "9223372036854775840",
    "EventTime": "2021-09-16T20:12:43.536935-07:00",
    "ExecutionProcessID": 2080,
    "ExecutionThreadID": 2940,
    "EventType": "INFO",
    "SeverityValue": 2,
    "Severity": "INFO",
    "Hostname": "WIN-93NOI1UVL29",
    "Domain": "NT AUTHORITY",
    "AccountName": "SYSTEM",
    "UserID": "S-1-5-18",
    "AccountType": "User",
    "Flags": "33824",
    "TCP": "0",
    "Source": "205.251.195.199",
    "InterfaceIP": "0.0.0.0",
    "AA": "1",
    "AD": "1",
    "QNAME": "s3-1-w.amazonaws.com.",
    "QTYPE": "1",
    "XID": "18472",
    "RecursionDepth": "1",
    "Port": "0",
    "RecursionScope": ".",
    "CacheScope": "Default",
    "BufferSize": "322",
    "PacketData": "0x4828842000010001000400090673332D312D7709616D617A6F6E61777303636F6D0000010001C00C000500010000012500110473332D770975732D656173742D31C013C0130002000100000E100005027231C013C0130002000100000E100005027232C013C0130002000100000E100005027531C013C0130002000100000E100005027532C013C04F0001000100001C2B0004CDFBC01BC04F001C000100000DFF00102600900053001B000000000000000001C0600001000100001C2D0004CDFBC3C7C060001C000100000E1D0010260090005303C7000000000000000001C071000100010000070800049C9A400AC071001C000100000E09001020010502F3FF00000000000000000010C082000100010000070800049C9A410AC082001C000100000E170010261000A11014000000000000000000100000291000000080000000",
    "AdditionalInfo": ".",
    "GUID": "{D322A169-7D2E-4814-8FDD-079D0180C781}",
    "EventReceivedTime": "2021-09-16T20:12:44.501722-07:00",
    "SourceModuleName": "dnsserver",
    "SourceModuleType": "im_etw",
    "HostIP": "192.168.1.36"
  },
  {
    "SourceName": "Microsoft-Windows-DNSServer",
    "ProviderGuid": "{EB79061A-A566-4698-9119-3ED2807060E7}",
    "EventID": 279,
    "Version": 0,
    "ChannelID": 16,
    "OpcodeValue": 0,
    "TaskValue": 1,
    "Keywords": "9223372071214514176",
    "EventTime": "2021-09-16T20:12:43.536977-07:00",
    "ExecutionProcessID": 2080,
    "ExecutionThreadID": 2940,
    "EventType": "INFO",
    "SeverityValue": 2,
    "Severity": "INFO",
    "Hostname": "WIN-93NOI1UVL29",
    "Domain": "NT AUTHORITY",
    "AccountName": "SYSTEM",
    "UserID": "S-1-5-18",
    "AccountType": "User",
    "Flags": "33152",
    "TCP": "0",
    "InterfaceIP": "192.168.1.36",
    "Source": "192.168.1.7",
    "RD": "1",
    "QNAME": "s3-w.us-east-1.amazonaws.com.",
    "QTYPE": "1",
    "Port": "34264",
    "XID": "1245",
    "BufferSize": "54",
    "PacketData": "0x04DD818000010002000000001368756273746166662D70726F64756374696F6E02733309616D617A6F6E61777303636F6D0000010001",
    "EventReceivedTime": "2021-09-16T20:12:44.501722-07:00",
    "SourceModuleName": "dnsserver",
    "SourceModuleType": "im_etw",
    "HostIP": "192.168.1.36"
  },
  {
    "SourceName": "Microsoft-Windows-DNSServer",
    "ProviderGuid": "{EB79061A-A566-4698-9119-3ED2807060E7}",
    "EventID": 260,
    "Version": 0,
    "ChannelID": 16,
    "OpcodeValue": 0,
    "TaskValue": 2,
    "Keywords": "9223372036854775824",
    "EventTime": "2021-09-16T20:12:43.537117-07:00",
    "ExecutionProcessID": 2080,
    "ExecutionThreadID": 2940,
    "EventType": "INFO",
    "SeverityValue": 2,
    "Severity": "INFO",
    "Hostname": "WIN-93NOI1UVL29",
    "Domain": "NT AUTHORITY",
    "AccountName": "SYSTEM",
    "UserID": "S-1-5-18",
    "AccountType": "User",
    "Flags": "0",
    "TCP": "0",
    "Destination": "205.251.193.72",
    "InterfaceIP": "0.0.0.0",
    "RD": "0",
    "QNAME": "s3-w.us-east-1.amazonaws.com.",
    "QTYPE": "1",
    "QXID": "1245",
    "XID": "56924",
    "Port": "0",
    "RecursionScope": ".",
    "CacheScope": "Default",
    "PolicyName": "NULL",
    "BufferSize": "46",
    "PacketData": "0xDE5C000000010000000000000473332D770975732D656173742D3109616D617A6F6E61777303636F6D0000010001",
    "AdditionalInfo": ".",
    "GUID": "{D322A169-7D2E-4814-8FDD-079D0180C781}",
    "EventReceivedTime": "2021-09-16T20:12:44.501722-07:00",
    "SourceModuleName": "dnsserver",
    "SourceModuleType": "im_etw",
    "HostIP": "192.168.1.36"
  },
  {
    "SourceName": "Microsoft-Windows-DNSServer",
    "ProviderGuid": "{EB79061A-A566-4698-9119-3ED2807060E7}",
    "EventID": 261,
    "Version": 0,
    "ChannelID": 16,
    "OpcodeValue": 0,
    "TaskValue": 2,
    "Keywords": "9223372036854775840",
    "EventTime": "2021-09-16T20:12:43.547379-07:00",
    "ExecutionProcessID": 2080,
    "ExecutionThreadID": 2940,
    "EventType": "INFO",
    "SeverityValue": 2,
    "Severity": "INFO",
    "Hostname": "WIN-93NOI1UVL29",
    "Domain": "NT AUTHORITY",
    "AccountName": "SYSTEM",
    "UserID": "S-1-5-18",
    "AccountType": "User",
    "Flags": "33824",
    "TCP": "0",
    "Source": "205.251.193.72",
    "InterfaceIP": "0.0.0.0",
    "AA": "1",
    "AD": "1",
    "QNAME": "s3-w.us-east-1.amazonaws.com.",
    "QTYPE": "28",
    "XID": "34945",
    "RecursionDepth": "2",
    "Port": "0",
    "RecursionScope": ".",
    "CacheScope": "Default",
    "BufferSize": "135",
    "PacketData": "0x8881842000010000000100010473332D770975732D656173742D3109616D617A6F6E61777303636F6D00001C0001C00C00060001000038050042066E732D33323809617773646E732D3431C02511617773646E732D686F73746D617374657206616D617A6F6EC0250000000100001C200000038400127500000001250000291000000080000000",
    "AdditionalInfo": ".",
    "GUID": "{7B216F75-B7E7-455C-B9E0-02D284107990}",
    "EventReceivedTime": "2021-09-16T20:12:44.501722-07:00",
    "SourceModuleName": "dnsserver",
    "SourceModuleType": "im_etw",
    "HostIP": "192.168.1.36"
  },
  {
    "SourceName": "Microsoft-Windows-DNSServer",
    "ProviderGuid": "{EB79061A-A566-4698-9119-3ED2807060E7}",
    "EventID": 257,
    "Version": 0,
    "ChannelID": 16,
    "OpcodeValue": 0,
    "TaskValue": 1,
    "Keywords": "9223372036854775810",
    "EventTime": "2021-09-16T20:12:43.547431-07:00",
    "ExecutionProcessID": 2080,
    "ExecutionThreadID": 2940,
    "EventType": "INFO",
    "SeverityValue": 2,
    "Severity": "INFO",
    "Hostname": "WIN-93NOI1UVL29",
    "Domain": "NT AUTHORITY",
    "AccountName": "SYSTEM",
    "UserID": "S-1-5-18",
    "AccountType": "User",
    "Flags": "33152",
    "TCP": "0",
    "InterfaceIP": "192.168.1.36",
    "Destination": "192.168.1.7",
    "AA": "0",
    "AD": "0",
    "QNAME": "hubstaff-production.s3.amazonaws.com.",
    "QTYPE": "28",
    "XID": "13274",
    "DNSSEC": "0",
    "RCODE": "0",
    "Port": "34264",
    "Scope": "Default",
    "Zone": "..Cache",
    "PolicyName": "NULL",
    "BufferSize": "104",
    "PacketData": "0x33DA818000010002000000001368756273746166662D70726F64756374696F6E02733309616D617A6F6E61777303636F6D00001C0001C00C000500010000A29000090673332D312D77C023C042000500010000012500110473332D770975732D656173742D31C023",
    "AdditionalInfo": "VirtualizationInstance:.",
    "ElapsedTime": "50",
    "GUID": "{7B216F75-B7E7-455C-B9E0-02D284107990}",
    "EventReceivedTime": "2021-09-16T20:12:44.501722-07:00",
    "SourceModuleName": "dnsserver",
    "SourceModuleType": "im_etw",
    "HostIP": "192.168.1.36"
  },
  {
    "SourceName": "Microsoft-Windows-DNSServer",
    "ProviderGuid": "{EB79061A-A566-4698-9119-3ED2807060E7}",
    "EventID": 261,
    "Version": 0,
    "ChannelID": 16,
    "OpcodeValue": 0,
    "TaskValue": 2,
    "Keywords": "9223372036854775840",
    "EventTime": "2021-09-16T20:12:43.556257-07:00",
    "ExecutionProcessID": 2080,
    "ExecutionThreadID": 2940,
    "EventType": "INFO",
    "SeverityValue": 2,
    "Severity": "INFO",
    "Hostname": "WIN-93NOI1UVL29",
    "Domain": "NT AUTHORITY",
    "AccountName": "SYSTEM",
    "UserID": "S-1-5-18",
    "AccountType": "User",
    "Flags": "33792",
    "TCP": "0",
    "Source": "205.251.193.72",
    "InterfaceIP": "0.0.0.0",
    "AA": "1",
    "AD": "0",
    "QNAME": "s3-w.us-east-1.amazonaws.com.",
    "QTYPE": "1",
    "XID": "56924",
    "RecursionDepth": "2",
    "Port": "0",
    "RecursionScope": ".",
    "CacheScope": "Default",
    "BufferSize": "199",
    "PacketData": "0xDE5C840000010001000400000473332D770975732D656173742D3109616D617A6F6E61777303636F6D0000010001C00C0001000100000005000434D9A121C00C00020001000038050017076E732D3131373309617773646E732D3138036F726700C00C00020001000038050019076E732D3136323009617773646E732D313002636F02756B00C00C00020001000038050013066E732D33323809617773646E732D3431C025C00C00020001000038050016066E732D36373409617773646E732D3230036E657400",
    "AdditionalInfo": ".",
    "GUID": "{D322A169-7D2E-4814-8FDD-079D0180C781}",
    "EventReceivedTime": "2021-09-16T20:12:44.501722-07:00",
    "SourceModuleName": "dnsserver",
    "SourceModuleType": "im_etw",
    "HostIP": "192.168.1.36"
  },
  {
    "SourceName": "Microsoft-Windows-DNSServer",
    "ProviderGuid": "{EB79061A-A566-4698-9119-3ED2807060E7}",
    "EventID": 257,
    "Version": 0,
    "ChannelID": 16,
    "OpcodeValue": 0,
    "TaskValue": 1,
    "Keywords": "9223372036854775810",
    "EventTime": "2021-09-16T20:12:43.556406-07:00",
    "ExecutionProcessID": 2080,
    "ExecutionThreadID": 2940,
    "EventType": "INFO",
    "SeverityValue": 2,
    "Severity": "INFO",
    "Hostname": "WIN-93NOI1UVL29",
    "Domain": "NT AUTHORITY",
    "AccountName": "SYSTEM",
    "UserID": "S-1-5-18",
    "AccountType": "User",
    "Flags": "33152",
    "TCP": "0",
    "InterfaceIP": "192.168.1.36",
    "Destination": "192.168.1.7",
    "AA": "0",
    "AD": "0",
    "QNAME": "hubstaff-production.s3.amazonaws.com.",
    "QTYPE": "1",
    "XID": "1245",
    "DNSSEC": "0",
    "RCODE": "0",
    "Port": "34264",
    "Scope": "Default",
    "Zone": "..Cache",
    "PolicyName": "NULL",
    "BufferSize": "120",
    "PacketData": "0x04DD818000010003000000001368756273746166662D70726F64756374696F6E02733309616D617A6F6E61777303636F6D0000010001C00C000500010000A29000090673332D312D77C023C042000500010000012500110473332D770975732D656173742D31C023C0570001000100000005000434D9A121",
    "AdditionalInfo": "VirtualizationInstance:.",
    "ElapsedTime": "59",
    "GUID": "{D322A169-7D2E-4814-8FDD-079D0180C781}",
    "EventReceivedTime": "2021-09-16T20:12:44.501722-07:00",
    "SourceModuleName": "dnsserver",
    "SourceModuleType": "im_etw",
    "HostIP": "192.168.1.36"
  },
  {
    "SourceName": "Microsoft-Windows-DNSServer",
    "ProviderGuid": "{EB79061A-A566-4698-9119-3ED2807060E7}",
    "EventID": 256,
    "Version": 0,
    "ChannelID": 16,
    "OpcodeValue": 0,
    "TaskValue": 1,
    "Keywords": "9223372036854775809",
    "EventTime": "2021-09-16T20:12:43.765084-07:00",
    "ExecutionProcessID": 2080,
    "ExecutionThreadID": 2940,
    "EventType": "INFO",
    "SeverityValue": 2,
    "Severity": "INFO",
    "Hostname": "WIN-93NOI1UVL29",
    "Domain": "NT AUTHORITY",
    "AccountName": "SYSTEM",
    "UserID": "S-1-5-18",
    "AccountType": "User",
    "Flags": "256",
    "TCP": "0",
    "InterfaceIP": "192.168.1.36",
    "Source": "192.168.1.7",
    "RD": "1",
    "QNAME": "hubstaff-production.s3.amazonaws.com.",
    "QTYPE": "1",
    "XID": "64280",
    "Port": "56406",
    "BufferSize": "54",
    "PacketData": "0xFB18010000010000000000001368756273746166662D70726F64756374696F6E02733309616D617A6F6E61777303636F6D0000010001",
    "AdditionalInfo": ".",
    "GUID": "{984BDA84-B327-415C-A3C1-8CCC54F90207}",
    "EventReceivedTime": "2021-09-16T20:12:44.501722-07:00",
    "SourceModuleName": "dnsserver",
    "SourceModuleType": "im_etw",
    "HostIP": "192.168.1.36"
  },
  {
    "SourceName": "Microsoft-Windows-DNSServer",
    "ProviderGuid": "{EB79061A-A566-4698-9119-3ED2807060E7}",
    "EventID": 279,
    "Version": 0,
    "ChannelID": 16,
    "OpcodeValue": 0,
    "TaskValue": 1,
    "Keywords": "9223372071214514176",
    "EventTime": "2021-09-16T20:12:43.765261-07:00",
    "ExecutionProcessID": 2080,
    "ExecutionThreadID": 2940,
    "EventType": "INFO",
    "SeverityValue": 2,
    "Severity": "INFO",
    "Hostname": "WIN-93NOI1UVL29",
    "Domain": "NT AUTHORITY",
    "AccountName": "SYSTEM",
    "UserID": "S-1-5-18",
    "AccountType": "User",
    "Flags": "33152",
    "TCP": "0",
    "InterfaceIP": "192.168.1.36",
    "Source": "192.168.1.7",
    "RD": "1",
    "QNAME": "s3-1-w.amazonaws.com.",
    "QTYPE": "1",
    "Port": "56406",
    "XID": "64280",
    "BufferSize": "54",
    "PacketData": "0xFB18818000010001000000001368756273746166662D70726F64756374696F6E02733309616D617A6F6E61777303636F6D0000010001",
    "EventReceivedTime": "2021-09-16T20:12:44.501722-07:00",
    "SourceModuleName": "dnsserver",
    "SourceModuleType": "im_etw",
    "HostIP": "192.168.1.36"
  },
  {
    "SourceName": "Microsoft-Windows-DNSServer",
    "ProviderGuid": "{EB79061A-A566-4698-9119-3ED2807060E7}",
    "EventID": 279,
    "Version": 0,
    "ChannelID": 16,
    "OpcodeValue": 0,
    "TaskValue": 1,
    "Keywords": "9223372071214514176",
    "EventTime": "2021-09-16T20:12:43.765317-07:00",
    "ExecutionProcessID": 2080,
    "ExecutionThreadID": 2940,
    "EventType": "INFO",
    "SeverityValue": 2,
    "Severity": "INFO",
    "Hostname": "WIN-93NOI1UVL29",
    "Domain": "NT AUTHORITY",
    "AccountName": "SYSTEM",
    "UserID": "S-1-5-18",
    "AccountType": "User",
    "Flags": "33152",
    "TCP": "0",
    "InterfaceIP": "192.168.1.36",
    "Source": "192.168.1.7",
    "RD": "1",
    "QNAME": "s3-w.us-east-1.amazonaws.com.",
    "QTYPE": "1",
    "Port": "56406",
    "XID": "64280",
    "BufferSize": "54",
    "PacketData": "0xFB18818000010002000000001368756273746166662D70726F64756374696F6E02733309616D617A6F6E61777303636F6D0000010001",
    "EventReceivedTime": "2021-09-16T20:12:44.501722-07:00",
    "SourceModuleName": "dnsserver",
    "SourceModuleType": "im_etw",
    "HostIP": "192.168.1.36"
  },
  {
    "SourceName": "Microsoft-Windows-DNSServer",
    "ProviderGuid": "{EB79061A-A566-4698-9119-3ED2807060E7}",
    "EventID": 257,
    "Version": 0,
    "ChannelID": 16,
    "OpcodeValue": 0,
    "TaskValue": 1,
    "Keywords": "9223372036854775810",
    "EventTime": "2021-09-16T20:12:43.766491-07:00",
    "ExecutionProcessID": 2080,
    "ExecutionThreadID": 2940,
    "EventType": "INFO",
    "SeverityValue": 2,
    "Severity": "INFO",
    "Hostname": "WIN-93NOI1UVL29",
    "Domain": "NT AUTHORITY",
    "AccountName": "SYSTEM",
    "UserID": "S-1-5-18",
    "AccountType": "User",
    "Flags": "33152",
    "TCP": "0",
    "InterfaceIP": "192.168.1.36",
    "Destination": "192.168.1.7",
    "AA": "0",
    "AD": "0",
    "QNAME": "hubstaff-production.s3.amazonaws.com.",
    "QTYPE": "1",
    "XID": "64280",
    "DNSSEC": "0",
    "RCODE": "0",
    "Port": "56406",
    "Scope": "Default",
    "Zone": "..Cache",
    "PolicyName": "NULL",
    "BufferSize": "120",
    "PacketData": "0xFB18818000010003000000001368756273746166662D70726F64756374696F6E02733309616D617A6F6E61777303636F6D0000010001C00C000500010000A29000090673332D312D77C023C042000500010000012500110473332D770975732D656173742D31C023C0570001000100000005000434D9A121",
    "AdditionalInfo": "VirtualizationInstance:.",
    "ElapsedTime": "1",
    "GUID": "{984BDA84-B327-415C-A3C1-8CCC54F90207}",
    "EventReceivedTime": "2021-09-16T20:12:44.501722-07:00",
    "SourceModuleName": "dnsserver",
    "SourceModuleType": "im_etw",
    "HostIP": "192.168.1.36"
  },
  {
    "SourceName": "Microsoft-Windows-DNSServer",
    "ProviderGuid": "{EB79061A-A566-4698-9119-3ED2807060E7}",
    "EventID": 256,
    "Version": 0,
    "ChannelID": 16,
    "OpcodeValue": 0,
    "TaskValue": 1,
    "Keywords": "9223372036854775809",
    "EventTime": "2021-09-16T20:12:43.766576-07:00",
    "ExecutionProcessID": 2080,
    "ExecutionThreadID": 2940,
    "EventType": "INFO",
    "SeverityValue": 2,
    "Severity": "INFO",
    "Hostname": "WIN-93NOI1UVL29",
    "Domain": "NT AUTHORITY",
    "AccountName": "SYSTEM",
    "UserID": "S-1-5-18",
    "AccountType": "User",
    "Flags": "256",
    "TCP": "0",
    "InterfaceIP": "192.168.1.36",
    "Source": "192.168.1.7",
    "RD": "1",
    "QNAME": "hubstaff-production.s3.amazonaws.com.",
    "QTYPE": "28",
    "XID": "46313",
    "Port": "56406",
    "BufferSize": "54",
    "PacketData": "0xB4E9010000010000000000001368756273746166662D70726F64756374696F6E02733309616D617A6F6E61777303636F6D00001C0001",
    "AdditionalInfo": ".",
    "GUID": "{AEA196C8-3446-436B-9B7F-AF98E6D87F35}",
    "EventReceivedTime": "2021-09-16T20:12:44.501722-07:00",
    "SourceModuleName": "dnsserver",
    "SourceModuleType": "im_etw",
    "HostIP": "192.168.1.36"
  },
  {
    "SourceName": "Microsoft-Windows-DNSServer",
    "ProviderGuid": "{EB79061A-A566-4698-9119-3ED2807060E7}",
    "EventID": 279,
    "Version": 0,
    "ChannelID": 16,
    "OpcodeValue": 0,
    "TaskValue": 1,
    "Keywords": "9223372071214514176",
    "EventTime": "2021-09-16T20:12:43.766628-07:00",
    "ExecutionProcessID": 2080,
    "ExecutionThreadID": 2940,
    "EventType": "INFO",
    "SeverityValue": 2,
    "Severity": "INFO",
    "Hostname": "WIN-93NOI1UVL29",
    "Domain": "NT AUTHORITY",
    "AccountName": "SYSTEM",
    "UserID": "S-1-5-18",
    "AccountType": "User",
    "Flags": "33152",
    "TCP": "0",
    "InterfaceIP": "192.168.1.36",
    "Source": "192.168.1.7",
    "RD": "1",
    "QNAME": "s3-1-w.amazonaws.com.",
    "QTYPE": "28",
    "Port": "56406",
    "XID": "46313",
    "BufferSize": "54",
    "PacketData": "0xB4E9818000010001000000001368756273746166662D70726F64756374696F6E02733309616D617A6F6E61777303636F6D00001C0001",
    "EventReceivedTime": "2021-09-16T20:12:44.501722-07:00",
    "SourceModuleName": "dnsserver",
    "SourceModuleType": "im_etw",
    "HostIP": "192.168.1.36"
  },
  {
    "SourceName": "Microsoft-Windows-DNSServer",
    "ProviderGuid": "{EB79061A-A566-4698-9119-3ED2807060E7}",
    "EventID": 279,
    "Version": 0,
    "ChannelID": 16,
    "OpcodeValue": 0,
    "TaskValue": 1,
    "Keywords": "9223372071214514176",
    "EventTime": "2021-09-16T20:12:43.766665-07:00",
    "ExecutionProcessID": 2080,
    "ExecutionThreadID": 2940,
    "EventType": "INFO",
    "SeverityValue": 2,
    "Severity": "INFO",
    "Hostname": "WIN-93NOI1UVL29",
    "Domain": "NT AUTHORITY",
    "AccountName": "SYSTEM",
    "UserID": "S-1-5-18",
    "AccountType": "User",
    "Flags": "33152",
    "TCP": "0",
    "InterfaceIP": "192.168.1.36",
    "Source": "192.168.1.7",
    "RD": "1",
    "QNAME": "s3-w.us-east-1.amazonaws.com.",
    "QTYPE": "28",
    "Port": "56406",
    "XID": "46313",
    "BufferSize": "54",
    "PacketData": "0xB4E9818000010002000000001368756273746166662D70726F64756374696F6E02733309616D617A6F6E61777303636F6D00001C0001",
    "EventReceivedTime": "2021-09-16T20:12:44.501722-07:00",
    "SourceModuleName": "dnsserver",
    "SourceModuleType": "im_etw",
    "HostIP": "192.168.1.36"
  },
  {
    "SourceName": "Microsoft-Windows-DNSServer",
    "ProviderGuid": "{EB79061A-A566-4698-9119-3ED2807060E7}",
    "EventID": 257,
    "Version": 0,
    "ChannelID": 16,
    "OpcodeValue": 0,
    "TaskValue": 1,
    "Keywords": "9223372036854775810",
    "EventTime": "2021-09-16T20:12:43.766841-07:00",
    "ExecutionProcessID": 2080,
    "ExecutionThreadID": 2940,
    "EventType": "INFO",
    "SeverityValue": 2,
    "Severity": "INFO",
    "Hostname": "WIN-93NOI1UVL29",
    "Domain": "NT AUTHORITY",
    "AccountName": "SYSTEM",
    "UserID": "S-1-5-18",
    "AccountType": "User",
    "Flags": "33152",
    "TCP": "0",
    "InterfaceIP": "192.168.1.36",
    "Destination": "192.168.1.7",
    "AA": "0",
    "AD": "0",
    "QNAME": "hubstaff-production.s3.amazonaws.com.",
    "QTYPE": "28",
    "XID": "46313",
    "DNSSEC": "0",
    "RCODE": "0",
    "Port": "56406",
    "Scope": "Default",
    "Zone": "..Cache",
    "PolicyName": "NULL",
    "BufferSize": "182",
    "PacketData": "0xB4E9818000010002000100001368756273746166662D70726F64756374696F6E02733309616D617A6F6E61777303636F6D00001C0001C00C000500010000A29000090673332D312D77C023C042000500010000012500110473332D770975732D656173742D31C023C05700060001000001250042066E732D33323809617773646E732D3431C02D11617773646E732D686F73746D617374657206616D617A6F6EC02D0000000100001C20000003840012750000000125",
    "AdditionalInfo": "VirtualizationInstance:.",
    "ElapsedTime": "0",
    "GUID": "{AEA196C8-3446-436B-9B7F-AF98E6D87F35}",
    "EventReceivedTime": "2021-09-16T20:12:44.501722-07:00",
    "SourceModuleName": "dnsserver",
    "SourceModuleType": "im_etw",
    "HostIP": "192.168.1.36"
  },
  {
    "SourceName": "Microsoft-Windows-DNSServer",
    "ProviderGuid": "{EB79061A-A566-4698-9119-3ED2807060E7}",
    "EventID": 256,
    "Version": 0,
    "ChannelID": 16,
    "OpcodeValue": 0,
    "TaskValue": 1,
    "Keywords": "9223372036854775809",
    "EventTime": "2021-09-16T20:12:44.030351-07:00",
    "ExecutionProcessID": 2080,
    "ExecutionThreadID": 2940,
    "EventType": "INFO",
    "SeverityValue": 2,
    "Severity": "INFO",
    "Hostname": "WIN-93NOI1UVL29",
    "Domain": "NT AUTHORITY",
    "AccountName": "SYSTEM",
    "UserID": "S-1-5-18",
    "AccountType": "User",
    "Flags": "256",
    "TCP": "0",
    "InterfaceIP": "192.168.1.36",
    "Source": "192.168.1.7",
    "RD": "1",
    "QNAME": "client-api.hubstaff.com.",
    "QTYPE": "1",
    "XID": "35113",
    "Port": "45080",
    "BufferSize": "41",
    "PacketData": "0x8929010000010000000000000A636C69656E742D61706908687562737461666603636F6D0000010001",
    "AdditionalInfo": ".",
    "GUID": "{3F3FE6C2-CD79-4F24-813B-3A68DE3CE56A}",
    "EventReceivedTime": "2021-09-16T20:12:44.501722-07:00",
    "SourceModuleName": "dnsserver",
    "SourceModuleType": "im_etw",
    "HostIP": "192.168.1.36"
  },
  {
    "SourceName": "Microsoft-Windows-DNSServer",
    "ProviderGuid": "{EB79061A-A566-4698-9119-3ED2807060E7}",
    "EventID": 279,
    "Version": 0,
    "ChannelID": 16,
    "OpcodeValue": 0,
    "TaskValue": 1,
    "Keywords": "9223372071214514176",
    "EventTime": "2021-09-16T20:12:44.031526-07:00",
    "ExecutionProcessID": 2080,
    "ExecutionThreadID": 2940,
    "EventType": "INFO",
    "SeverityValue": 2,
    "Severity": "INFO",
    "Hostname": "WIN-93NOI1UVL29",
    "Domain": "NT AUTHORITY",
    "AccountName": "SYSTEM",
    "UserID": "S-1-5-18",
    "AccountType": "User",
    "Flags": "33152",
    "TCP": "0",
    "InterfaceIP": "192.168.1.36",
    "Source": "192.168.1.7",
    "RD": "1",
    "QNAME": "philosophical-bison-9vt8wzdndw3v3gp7qhq4k8x0.herokudns.com.",
    "QTYPE": "1",
    "Port": "45080",
    "XID": "35113",
    "BufferSize": "41",
    "PacketData": "0x8929818000010001000000000A636C69656E742D61706908687562737461666603636F6D0000010001",
    "EventReceivedTime": "2021-09-16T20:12:44.501722-07:00",
    "SourceModuleName": "dnsserver",
    "SourceModuleType": "im_etw",
    "HostIP": "192.168.1.36"
  },
  {
    "SourceName": "Microsoft-Windows-DNSServer",
    "ProviderGuid": "{EB79061A-A566-4698-9119-3ED2807060E7}",
    "EventID": 257,
    "Version": 0,
    "ChannelID": 16,
    "OpcodeValue": 0,
    "TaskValue": 1,
    "Keywords": "9223372036854775810",
    "EventTime": "2021-09-16T20:12:44.031921-07:00",
    "ExecutionProcessID": 2080,
    "ExecutionThreadID": 2940,
    "EventType": "INFO",
    "SeverityValue": 2,
    "Severity": "INFO",
    "Hostname": "WIN-93NOI1UVL29",
    "Domain": "NT AUTHORITY",
    "AccountName": "SYSTEM",
    "UserID": "S-1-5-18",
    "AccountType": "User",
    "Flags": "33152",
    "TCP": "0",
    "InterfaceIP": "192.168.1.36",
    "Destination": "192.168.1.7",
    "AA": "0",
    "AD": "0",
    "QNAME": "client-api.hubstaff.com.",
    "QTYPE": "1",
    "XID": "35113",
    "DNSSEC": "0",
    "RCODE": "0",
    "Port": "45080",
    "Scope": "Default",
    "Zone": "..Cache",
    "PolicyName": "NULL",
    "BufferSize": "174",
    "PacketData": "0x8929818000010005000000000A636C69656E742D61706908687562737461666603636F6D0000010001C00C000500010000090B00392C7068696C6F736F70686963616C2D6269736F6E2D39767438777A646E6477337633677037716871346B387830096865726F6B75646E73C020C0350001000100000001000434CAA841C0350001000100000001000436A1F12EC0350001000100000001000436ED8551C0350001000100000001000412CDDE80",
    "AdditionalInfo": "VirtualizationInstance:.",
    "ElapsedTime": "2",
    "GUID": "{3F3FE6C2-CD79-4F24-813B-3A68DE3CE56A}",
    "EventReceivedTime": "2021-09-16T20:12:44.501722-07:00",
    "SourceModuleName": "dnsserver",
    "SourceModuleType": "im_etw",
    "HostIP": "192.168.1.36"
  },
  {
    "SourceName": "Microsoft-Windows-DNSServer",
    "ProviderGuid": "{EB79061A-A566-4698-9119-3ED2807060E7}",
    "EventID": 256,
    "Version": 0,
    "ChannelID": 16,
    "OpcodeValue": 0,
    "TaskValue": 1,
    "Keywords": "9223372036854775809",
    "EventTime": "2021-09-16T20:12:44.031957-07:00",
    "ExecutionProcessID": 2080,
    "ExecutionThreadID": 2940,
    "EventType": "INFO",
    "SeverityValue": 2,
    "Severity": "INFO",
    "Hostname": "WIN-93NOI1UVL29",
    "Domain": "NT AUTHORITY",
    "AccountName": "SYSTEM",
    "UserID": "S-1-5-18",
    "AccountType": "User",
    "Flags": "256",
    "TCP": "0",
    "InterfaceIP": "192.168.1.36",
    "Source": "192.168.1.7",
    "RD": "1",
    "QNAME": "client-api.hubstaff.com.",
    "QTYPE": "28",
    "XID": "19234",
    "Port": "45080",
    "BufferSize": "41",
    "PacketData": "0x4B22010000010000000000000A636C69656E742D61706908687562737461666603636F6D00001C0001",
    "AdditionalInfo": ".",
    "GUID": "{65DAA113-F7F4-4ADA-9172-13A673454E9E}",
    "EventReceivedTime": "2021-09-16T20:12:44.501722-07:00",
    "SourceModuleName": "dnsserver",
    "SourceModuleType": "im_etw",
    "HostIP": "192.168.1.36"
  },
  {
    "SourceName": "Microsoft-Windows-DNSServer",
    "ProviderGuid": "{EB79061A-A566-4698-9119-3ED2807060E7}",
    "EventID": 279,
    "Version": 0,
    "ChannelID": 16,
    "OpcodeValue": 0,
    "TaskValue": 1,
    "Keywords": "9223372071214514176",
    "EventTime": "2021-09-16T20:12:44.031977-07:00",
    "ExecutionProcessID": 2080,
    "ExecutionThreadID": 2940,
    "EventType": "INFO",
    "SeverityValue": 2,
    "Severity": "INFO",
    "Hostname": "WIN-93NOI1UVL29",
    "Domain": "NT AUTHORITY",
    "AccountName": "SYSTEM",
    "UserID": "S-1-5-18",
    "AccountType": "User",
    "Flags": "33152",
    "TCP": "0",
    "InterfaceIP": "192.168.1.36",
    "Source": "192.168.1.7",
    "RD": "1",
    "QNAME": "philosophical-bison-9vt8wzdndw3v3gp7qhq4k8x0.herokudns.com.",
    "QTYPE": "28",
    "Port": "45080",
    "XID": "19234",
    "BufferSize": "41",
    "PacketData": "0x4B22818000010001000000000A636C69656E742D61706908687562737461666603636F6D00001C0001",
    "EventReceivedTime": "2021-09-16T20:12:44.501722-07:00",
    "SourceModuleName": "dnsserver",
    "SourceModuleType": "im_etw",
    "HostIP": "192.168.1.36"
  },
  {
    "SourceName": "Microsoft-Windows-DNSServer",
    "ProviderGuid": "{EB79061A-A566-4698-9119-3ED2807060E7}",
    "EventID": 257,
    "Version": 0,
    "ChannelID": 16,
    "OpcodeValue": 0,
    "TaskValue": 1,
    "Keywords": "9223372036854775810",
    "EventTime": "2021-09-16T20:12:44.031977-07:00",
    "ExecutionProcessID": 2080,
    "ExecutionThreadID": 2940,
    "EventType": "INFO",
    "SeverityValue": 2,
    "Severity": "INFO",
    "Hostname": "WIN-93NOI1UVL29",
    "Domain": "NT AUTHORITY",
    "AccountName": "SYSTEM",
    "UserID": "S-1-5-18",
    "AccountType": "User",
    "Flags": "33152",
    "TCP": "0",
    "InterfaceIP": "192.168.1.36",
    "Destination": "192.168.1.7",
    "AA": "0",
    "AD": "0",
    "QNAME": "client-api.hubstaff.com.",
    "QTYPE": "28",
    "XID": "19234",
    "DNSSEC": "0",
    "RCODE": "0",
    "Port": "45080",
    "Scope": "Default",
    "Zone": "..Cache",
    "PolicyName": "NULL",
    "BufferSize": "175",
    "PacketData": "0x4B22818000010001000100000A636C69656E742D61706908687562737461666603636F6D00001C0001C00C000500010000090B00392C7068696C6F736F70686963616C2D6269736F6E2D39767438777A646E6477337633677037716871346B387830096865726F6B75646E73C020C0620006000100000008003504646E733103703035056E736F6E65036E6574000A686F73746D6173746572C083614407990000025800000384001275000000000A",
    "AdditionalInfo": "VirtualizationInstance:.",
    "ElapsedTime": "0",
    "GUID": "{65DAA113-F7F4-4ADA-9172-13A673454E9E}",
    "EventReceivedTime": "2021-09-16T20:12:44.501722-07:00",
    "SourceModuleName": "dnsserver",
    "SourceModuleType": "im_etw",
    "HostIP": "192.168.1.36"
  },
  {
    "SourceName": "Microsoft-Windows-DNSServer",
    "ProviderGuid": "{EB79061A-A566-4698-9119-3ED2807060E7}",
    "EventID": 256,
    "Version": 0,
    "ChannelID": 16,
    "OpcodeValue": 0,
    "TaskValue": 1,
    "Keywords": "9223372036854775809",
    "EventTime": "2021-09-16T20:12:44.504460-07:00",
    "ExecutionProcessID": 2080,
    "ExecutionThreadID": 2940,
    "EventType": "INFO",
    "SeverityValue": 2,
    "Severity": "INFO",
    "Hostname": "WIN-93NOI1UVL29",
    "Domain": "NT AUTHORITY",
    "AccountName": "SYSTEM",
    "UserID": "S-1-5-18",
    "AccountType": "User",
    "Flags": "256",
    "TCP": "0",
    "InterfaceIP": "192.168.1.36",
    "Source": "192.168.1.7",
    "RD": "1",
    "QNAME": "hubstaff-production.s3.amazonaws.com.",
    "QTYPE": "1",
    "XID": "64238",
    "Port": "42957",
    "BufferSize": "54",
    "PacketData": "0xFAEE010000010000000000001368756273746166662D70726F64756374696F6E02733309616D617A6F6E61777303636F6D0000010001",
    "AdditionalInfo": ".",
    "GUID": "{FF0C50BE-48CB-4C8E-A06B-4022100ED52E}",
    "EventReceivedTime": "2021-09-16T20:12:45.487020-07:00",
    "SourceModuleName": "dnsserver",
    "SourceModuleType": "im_etw",
    "HostIP": "192.168.1.36"
  },
  {
    "SourceName": "Microsoft-Windows-DNSServer",
    "ProviderGuid": "{EB79061A-A566-4698-9119-3ED2807060E7}",
    "EventID": 279,
    "Version": 0,
    "ChannelID": 16,
    "OpcodeValue": 0,
    "TaskValue": 1,
    "Keywords": "9223372071214514176",
    "EventTime": "2021-09-16T20:12:44.504495-07:00",
    "ExecutionProcessID": 2080,
    "ExecutionThreadID": 2940,
    "EventType": "INFO",
    "SeverityValue": 2,
    "Severity": "INFO",
    "Hostname": "WIN-93NOI1UVL29",
    "Domain": "NT AUTHORITY",
    "AccountName": "SYSTEM",
    "UserID": "S-1-5-18",
    "AccountType": "User",
    "Flags": "33152",
    "TCP": "0",
    "InterfaceIP": "192.168.1.36",
    "Source": "192.168.1.7",
    "RD": "1",
    "QNAME": "s3-1-w.amazonaws.com.",
    "QTYPE": "1",
    "Port": "42957",
    "XID": "64238",
    "BufferSize": "54",
    "PacketData": "0xFAEE818000010001000000001368756273746166662D70726F64756374696F6E02733309616D617A6F6E61777303636F6D0000010001",
    "EventReceivedTime": "2021-09-16T20:12:45.487020-07:00",
    "SourceModuleName": "dnsserver",
    "SourceModuleType": "im_etw",
    "HostIP": "192.168.1.36"
  },
  {
    "SourceName": "Microsoft-Windows-DNSServer",
    "ProviderGuid": "{EB79061A-A566-4698-9119-3ED2807060E7}",
    "EventID": 279,
    "Version": 0,
    "ChannelID": 16,
    "OpcodeValue": 0,
    "TaskValue": 1,
    "Keywords": "9223372071214514176",
    "EventTime": "2021-09-16T20:12:44.504509-07:00",
    "ExecutionProcessID": 2080,
    "ExecutionThreadID": 2940,
    "EventType": "INFO",
    "SeverityValue": 2,
    "Severity": "INFO",
    "Hostname": "WIN-93NOI1UVL29",
    "Domain": "NT AUTHORITY",
    "AccountName": "SYSTEM",
    "UserID": "S-1-5-18",
    "AccountType": "User",
    "Flags": "33152",
    "TCP": "0",
    "InterfaceIP": "192.168.1.36",
    "Source": "192.168.1.7",
    "RD": "1",
    "QNAME": "s3-w.us-east-1.amazonaws.com.",
    "QTYPE": "1",
    "Port": "42957",
    "XID": "64238",
    "BufferSize": "54",
    "PacketData": "0xFAEE818000010002000000001368756273746166662D70726F64756374696F6E02733309616D617A6F6E61777303636F6D0000010001",
    "EventReceivedTime": "2021-09-16T20:12:45.487020-07:00",
    "SourceModuleName": "dnsserver",
    "SourceModuleType": "im_etw",
    "HostIP": "192.168.1.36"
  },
  {
    "SourceName": "Microsoft-Windows-DNSServer",
    "ProviderGuid": "{EB79061A-A566-4698-9119-3ED2807060E7}",
    "EventID": 257,
    "Version": 0,
    "ChannelID": 16,
    "OpcodeValue": 0,
    "TaskValue": 1,
    "Keywords": "9223372036854775810",
    "EventTime": "2021-09-16T20:12:44.504586-07:00",
    "ExecutionProcessID": 2080,
    "ExecutionThreadID": 2940,
    "EventType": "INFO",
    "SeverityValue": 2,
    "Severity": "INFO",
    "Hostname": "WIN-93NOI1UVL29",
    "Domain": "NT AUTHORITY",
    "AccountName": "SYSTEM",
    "UserID": "S-1-5-18",
    "AccountType": "User",
    "Flags": "33152",
    "TCP": "0",
    "InterfaceIP": "192.168.1.36",
    "Destination": "192.168.1.7",
    "AA": "0",
    "AD": "0",
    "QNAME": "hubstaff-production.s3.amazonaws.com.",
    "QTYPE": "1",
    "XID": "64238",
    "DNSSEC": "0",
    "RCODE": "0",
    "Port": "42957",
    "Scope": "Default",
    "Zone": "..Cache",
    "PolicyName": "NULL",
    "BufferSize": "120",
    "PacketData": "0xFAEE818000010003000000001368756273746166662D70726F64756374696F6E02733309616D617A6F6E61777303636F6D0000010001C00C000500010000A28F00090673332D312D77C023C042000500010000012400110473332D770975732D656173742D31C023C0570001000100000004000434D9A121",
    "AdditionalInfo": "VirtualizationInstance:.",
    "ElapsedTime": "0",
    "GUID": "{FF0C50BE-48CB-4C8E-A06B-4022100ED52E}",
    "EventReceivedTime": "2021-09-16T20:12:45.487020-07:00",
    "SourceModuleName": "dnsserver",
    "SourceModuleType": "im_etw",
    "HostIP": "192.168.1.36"
  },
  {
    "SourceName": "Microsoft-Windows-DNSServer",
    "ProviderGuid": "{EB79061A-A566-4698-9119-3ED2807060E7}",
    "EventID": 256,
    "Version": 0,
    "ChannelID": 16,
    "OpcodeValue": 0,
    "TaskValue": 1,
    "Keywords": "9223372036854775809",
    "EventTime": "2021-09-16T20:12:44.504614-07:00",
    "ExecutionProcessID": 2080,
    "ExecutionThreadID": 2940,
    "EventType": "INFO",
    "SeverityValue": 2,
    "Severity": "INFO",
    "Hostname": "WIN-93NOI1UVL29",
    "Domain": "NT AUTHORITY",
    "AccountName": "SYSTEM",
    "UserID": "S-1-5-18",
    "AccountType": "User",
    "Flags": "256",
    "TCP": "0",
    "InterfaceIP": "192.168.1.36",
    "Source": "192.168.1.7",
    "RD": "1",
    "QNAME": "hubstaff-production.s3.amazonaws.com.",
    "QTYPE": "28",
    "XID": "19170",
    "Port": "42957",
    "BufferSize": "54",
    "PacketData": "0x4AE2010000010000000000001368756273746166662D70726F64756374696F6E02733309616D617A6F6E61777303636F6D00001C0001",
    "AdditionalInfo": ".",
    "GUID": "{04EAC2B9-F1B4-4B20-904F-CBE4FAB10692}",
    "EventReceivedTime": "2021-09-16T20:12:45.502574-07:00",
    "SourceModuleName": "dnsserver",
    "SourceModuleType": "im_etw",
    "HostIP": "192.168.1.36"
  },
  {
    "SourceName": "Microsoft-Windows-DNSServer",
    "ProviderGuid": "{EB79061A-A566-4698-9119-3ED2807060E7}",
    "EventID": 279,
    "Version": 0,
    "ChannelID": 16,
    "OpcodeValue": 0,
    "TaskValue": 1,
    "Keywords": "9223372071214514176",
    "EventTime": "2021-09-16T20:12:44.504660-07:00",
    "ExecutionProcessID": 2080,
    "ExecutionThreadID": 2940,
    "EventType": "INFO",
    "SeverityValue": 2,
    "Severity": "INFO",
    "Hostname": "WIN-93NOI1UVL29",
    "Domain": "NT AUTHORITY",
    "AccountName": "SYSTEM",
    "UserID": "S-1-5-18",
    "AccountType": "User",
    "Flags": "33152",
    "TCP": "0",
    "InterfaceIP": "192.168.1.36",
    "Source": "192.168.1.7",
    "RD": "1",
    "QNAME": "s3-1-w.amazonaws.com.",
    "QTYPE": "28",
    "Port": "42957",
    "XID": "19170",
    "BufferSize": "54",
    "PacketData": "0x4AE2818000010001000000001368756273746166662D70726F64756374696F6E02733309616D617A6F6E61777303636F6D00001C0001",
    "EventReceivedTime": "2021-09-16T20:12:45.502574-07:00",
    "SourceModuleName": "dnsserver",
    "SourceModuleType": "im_etw",
    "HostIP": "192.168.1.36"
  },
  {
    "SourceName": "Microsoft-Windows-DNSServer",
    "ProviderGuid": "{EB79061A-A566-4698-9119-3ED2807060E7}",
    "EventID": 279,
    "Version": 0,
    "ChannelID": 16,
    "OpcodeValue": 0,
    "TaskValue": 1,
    "Keywords": "9223372071214514176",
    "EventTime": "2021-09-16T20:12:44.504674-07:00",
    "ExecutionProcessID": 2080,
    "ExecutionThreadID": 2940,
    "EventType": "INFO",
    "SeverityValue": 2,
    "Severity": "INFO",
    "Hostname": "WIN-93NOI1UVL29",
    "Domain": "NT AUTHORITY",
    "AccountName": "SYSTEM",
    "UserID": "S-1-5-18",
    "AccountType": "User",
    "Flags": "33152",
    "TCP": "0",
    "InterfaceIP": "192.168.1.36",
    "Source": "192.168.1.7",
    "RD": "1",
    "QNAME": "s3-w.us-east-1.amazonaws.com.",
    "QTYPE": "28",
    "Port": "42957",
    "XID": "19170",
    "BufferSize": "54",
    "PacketData": "0x4AE2818000010002000000001368756273746166662D70726F64756374696F6E02733309616D617A6F6E61777303636F6D00001C0001",
    "EventReceivedTime": "2021-09-16T20:12:45.502574-07:00",
    "SourceModuleName": "dnsserver",
    "SourceModuleType": "im_etw",
    "HostIP": "192.168.1.36"
  },
  {
    "SourceName": "Microsoft-Windows-DNSServer",
    "ProviderGuid": "{EB79061A-A566-4698-9119-3ED2807060E7}",
    "EventID": 257,
    "Version": 0,
    "ChannelID": 16,
    "OpcodeValue": 0,
    "TaskValue": 1,
    "Keywords": "9223372036854775810",
    "EventTime": "2021-09-16T20:12:44.504927-07:00",
    "ExecutionProcessID": 2080,
    "ExecutionThreadID": 2940,
    "EventType": "INFO",
    "SeverityValue": 2,
    "Severity": "INFO",
    "Hostname": "WIN-93NOI1UVL29",
    "Domain": "NT AUTHORITY",
    "AccountName": "SYSTEM",
    "UserID": "S-1-5-18",
    "AccountType": "User",
    "Flags": "33152",
    "TCP": "0",
    "InterfaceIP": "192.168.1.36",
    "Destination": "192.168.1.7",
    "AA": "0",
    "AD": "0",
    "QNAME": "hubstaff-production.s3.amazonaws.com.",
    "QTYPE": "28",
    "XID": "19170",
    "DNSSEC": "0",
    "RCODE": "0",
    "Port": "42957",
    "Scope": "Default",
    "Zone": "..Cache",
    "PolicyName": "NULL",
    "BufferSize": "182",
    "PacketData": "0x4AE2818000010002000100001368756273746166662D70726F64756374696F6E02733309616D617A6F6E61777303636F6D00001C0001C00C000500010000A28F00090673332D312D77C023C042000500010000012400110473332D770975732D656173742D31C023C05700060001000001240042066E732D33323809617773646E732D3431C02D11617773646E732D686F73746D617374657206616D617A6F6EC02D0000000100001C20000003840012750000000125",
    "AdditionalInfo": "VirtualizationInstance:.",
    "ElapsedTime": "0",
    "GUID": "{04EAC2B9-F1B4-4B20-904F-CBE4FAB10692}",
    "EventReceivedTime": "2021-09-16T20:12:45.502574-07:00",
    "SourceModuleName": "dnsserver",
    "SourceModuleType": "im_etw",
    "HostIP": "192.168.1.36"
  },
  {
    "SourceName": "Microsoft-Windows-DNSServer",
    "ProviderGuid": "{EB79061A-A566-4698-9119-3ED2807060E7}",
    "EventID": 256,
    "Version": 0,
    "ChannelID": 16,
    "OpcodeValue": 0,
    "TaskValue": 1,
    "Keywords": "9223372036854775809",
    "EventTime": "2021-09-16T20:12:44.676557-07:00",
    "ExecutionProcessID": 2080,
    "ExecutionThreadID": 2940,
    "EventType": "INFO",
    "SeverityValue": 2,
    "Severity": "INFO",
    "Hostname": "WIN-93NOI1UVL29",
    "Domain": "NT AUTHORITY",
    "AccountName": "SYSTEM",
    "UserID": "S-1-5-18",
    "AccountType": "User",
    "Flags": "256",
    "TCP": "0",
    "InterfaceIP": "192.168.1.36",
    "Source": "192.168.1.7",
    "RD": "1",
    "QNAME": "hubstaff-production.s3.amazonaws.com.",
    "QTYPE": "1",
    "XID": "7834",
    "Port": "59029",
    "BufferSize": "54",
    "PacketData": "0x1E9A010000010000000000001368756273746166662D70726F64756374696F6E02733309616D617A6F6E61777303636F6D0000010001",
    "AdditionalInfo": ".",
    "GUID": "{F9636608-0EDE-4A4E-9E3D-C996845DFEDE}",
    "EventReceivedTime": "2021-09-16T20:12:45.502574-07:00",
    "SourceModuleName": "dnsserver",
    "SourceModuleType": "im_etw",
    "HostIP": "192.168.1.36"
  },
  {
    "SourceName": "Microsoft-Windows-DNSServer",
    "ProviderGuid": "{EB79061A-A566-4698-9119-3ED2807060E7}",
    "EventID": 279,
    "Version": 0,
    "ChannelID": 16,
    "OpcodeValue": 0,
    "TaskValue": 1,
    "Keywords": "9223372071214514176",
    "EventTime": "2021-09-16T20:12:44.676577-07:00",
    "ExecutionProcessID": 2080,
    "ExecutionThreadID": 2940,
    "EventType": "INFO",
    "SeverityValue": 2,
    "Severity": "INFO",
    "Hostname": "WIN-93NOI1UVL29",
    "Domain": "NT AUTHORITY",
    "AccountName": "SYSTEM",
    "UserID": "S-1-5-18",
    "AccountType": "User",
    "Flags": "33152",
    "TCP": "0",
    "InterfaceIP": "192.168.1.36",
    "Source": "192.168.1.7",
    "RD": "1",
    "QNAME": "s3-1-w.amazonaws.com.",
    "QTYPE": "1",
    "Port": "59029",
    "XID": "7834",
    "BufferSize": "54",
    "PacketData": "0x1E9A818000010001000000001368756273746166662D70726F64756374696F6E02733309616D617A6F6E61777303636F6D0000010001",
    "EventReceivedTime": "2021-09-16T20:12:45.502574-07:00",
    "SourceModuleName": "dnsserver",
    "SourceModuleType": "im_etw",
    "HostIP": "192.168.1.36"
  },
  {
    "SourceName": "Microsoft-Windows-DNSServer",
    "ProviderGuid": "{EB79061A-A566-4698-9119-3ED2807060E7}",
    "EventID": 279,
    "Version": 0,
    "ChannelID": 16,
    "OpcodeValue": 0,
    "TaskValue": 1,
    "Keywords": "9223372071214514176",
    "EventTime": "2021-09-16T20:12:44.676583-07:00",
    "ExecutionProcessID": 2080,
    "ExecutionThreadID": 2940,
    "EventType": "INFO",
    "SeverityValue": 2,
    "Severity": "INFO",
    "Hostname": "WIN-93NOI1UVL29",
    "Domain": "NT AUTHORITY",
    "AccountName": "SYSTEM",
    "UserID": "S-1-5-18",
    "AccountType": "User",
    "Flags": "33152",
    "TCP": "0",
    "InterfaceIP": "192.168.1.36",
    "Source": "192.168.1.7",
    "RD": "1",
    "QNAME": "s3-w.us-east-1.amazonaws.com.",
    "QTYPE": "1",
    "Port": "59029",
    "XID": "7834",
    "BufferSize": "54",
    "PacketData": "0x1E9A818000010002000000001368756273746166662D70726F64756374696F6E02733309616D617A6F6E61777303636F6D0000010001",
    "EventReceivedTime": "2021-09-16T20:12:45.502574-07:00",
    "SourceModuleName": "dnsserver",
    "SourceModuleType": "im_etw",
    "HostIP": "192.168.1.36"
  },
  {
    "SourceName": "Microsoft-Windows-DNSServer",
    "ProviderGuid": "{EB79061A-A566-4698-9119-3ED2807060E7}",
    "EventID": 257,
    "Version": 0,
    "ChannelID": 16,
    "OpcodeValue": 0,
    "TaskValue": 1,
    "Keywords": "9223372036854775810",
    "EventTime": "2021-09-16T20:12:44.676623-07:00",
    "ExecutionProcessID": 2080,
    "ExecutionThreadID": 2940,
    "EventType": "INFO",
    "SeverityValue": 2,
    "Severity": "INFO",
    "Hostname": "WIN-93NOI1UVL29",
    "Domain": "NT AUTHORITY",
    "AccountName": "SYSTEM",
    "UserID": "S-1-5-18",
    "AccountType": "User",
    "Flags": "33152",
    "TCP": "0",
    "InterfaceIP": "192.168.1.36",
    "Destination": "192.168.1.7",
    "AA": "0",
    "AD": "0",
    "QNAME": "hubstaff-production.s3.amazonaws.com.",
    "QTYPE": "1",
    "XID": "7834",
    "DNSSEC": "0",
    "RCODE": "0",
    "Port": "59029",
    "Scope": "Default",
    "Zone": "..Cache",
    "PolicyName": "NULL",
    "BufferSize": "120",
    "PacketData": "0x1E9A818000010003000000001368756273746166662D70726F64756374696F6E02733309616D617A6F6E61777303636F6D0000010001C00C000500010000A28F00090673332D312D77C023C042000500010000012400110473332D770975732D656173742D31C023C0570001000100000004000434D9A121",
    "AdditionalInfo": "VirtualizationInstance:.",
    "ElapsedTime": "0",
    "GUID": "{F9636608-0EDE-4A4E-9E3D-C996845DFEDE}",
    "EventReceivedTime": "2021-09-16T20:12:45.502574-07:00",
    "SourceModuleName": "dnsserver",
    "SourceModuleType": "im_etw",
    "HostIP": "192.168.1.36"
  },
