  {
    "SourceName": "Microsoft-Windows-DNSServer",
    "ProviderGuid": "{EB79061A-A566-4698-9119-3ED2807060E7}",
    "EventID": 261,
    "Version": 0,
    "ChannelID": 16,
    "OpcodeValue": 0,
    "TaskValue": 2,
    "Keywords": "9223372036854775840",
    "EventTime": "2021-09-16T20:00:59.328115-07:00",
    "ExecutionProcessID": 2080,
    "ExecutionThreadID": 2940,
    "EventType": "INFO",
    "SeverityValue": 2,
    "Severity": "INFO",
    "Hostname": "WIN-93NOI1UVL29",
    "Domain": "NT AUTHORITY",
    "AccountName": "SYSTEM",
    "UserID": "S-1-5-18",
    "AccountType": "User",
    "Flags": "33792",
    "TCP": "0",
    "Source": "8.27.248.155",
    "InterfaceIP": "0.0.0.0",
    "AA": "1",
    "AD": "0",
    "QNAME": "fe2.update.microsoft.com.nsatc.NET.",
    "QTYPE": "1",
    "XID": "40857",
    "RecursionDepth": "1",
    "Port": "0",
    "RecursionScope": ".",
    "CacheScope": "Default",
    "BufferSize": "187",
    "PacketData": "0x9F99840000010003000300010366653206757064617465096D6963726F736F667403636F6D056E73617463034E45540000010001C00C000100010000012C000434FE7241C00C000100010000012C000434FE7242C00C000100010000012C0004143EBEBAC02500020001000151800018057573612D620570726F643109666F6F747072696E74C02BC02500020001000151800008057573612D63C076C02500020001000151800008057573612D64C07600002904B0000000000000",
    "AdditionalInfo": ".",
    "GUID": "{F3CE997B-ED63-4096-944D-6E58D294F5EC}",
    "EventReceivedTime": "2021-09-16T20:01:00.399465-07:00",
    "SourceModuleName": "dnsserver",
    "SourceModuleType": "im_etw",
    "HostIP": "192.168.1.36"
  },
  {
    "SourceName": "Microsoft-Windows-DNSServer",
    "ProviderGuid": "{EB79061A-A566-4698-9119-3ED2807060E7}",
    "EventID": 257,
    "Version": 0,
    "ChannelID": 16,
    "OpcodeValue": 0,
    "TaskValue": 1,
    "Keywords": "9223372036854775810",
    "EventTime": "2021-09-16T20:00:59.328247-07:00",
    "ExecutionProcessID": 2080,
    "ExecutionThreadID": 2940,
    "EventType": "INFO",
    "SeverityValue": 2,
    "Severity": "INFO",
    "Hostname": "WIN-93NOI1UVL29",
    "Domain": "NT AUTHORITY",
    "AccountName": "SYSTEM",
    "UserID": "S-1-5-18",
    "AccountType": "User",
    "Flags": "33152",
    "TCP": "0",
    "InterfaceIP": "192.168.1.36",
    "Destination": "192.168.1.36",
    "AA": "0",
    "AD": "0",
    "QNAME": "fe2.update.microsoft.com.",
    "QTYPE": "1",
    "XID": "9256",
    "DNSSEC": "0",
    "RCODE": "0",
    "Port": "60014",
    "Scope": "Default",
    "Zone": "..Cache",
    "PolicyName": "NULL",
    "BufferSize": "138",
    "PacketData": "0x2428818000010004000000000366653206757064617465096D6963726F736F667403636F6D0000010001C00C0005000100000B6700240366653206757064617465096D6963726F736F667403636F6D056E73617463036E657400C036000100010000012B000434FE7241C036000100010000012B000434FE7242C036000100010000012B0004143EBEBA",
    "AdditionalInfo": "VirtualizationInstance:.",
    "ElapsedTime": "53",
    "GUID": "{F3CE997B-ED63-4096-944D-6E58D294F5EC}",
    "EventReceivedTime": "2021-09-16T20:01:00.399465-07:00",
    "SourceModuleName": "dnsserver",
    "SourceModuleType": "im_etw",
    "HostIP": "192.168.1.36"
  },
  {
    "SourceName": "Microsoft-Windows-DNSServer",
    "ProviderGuid": "{EB79061A-A566-4698-9119-3ED2807060E7}",
    "EventID": 256,
    "Version": 0,
    "ChannelID": 16,
    "OpcodeValue": 0,
    "TaskValue": 1,
    "Keywords": "9223372036854775809",
    "EventTime": "2021-09-16T20:01:00.136458-07:00",
    "ExecutionProcessID": 2080,
    "ExecutionThreadID": 2940,
    "EventType": "INFO",
    "SeverityValue": 2,
    "Severity": "INFO",
    "Hostname": "WIN-93NOI1UVL29",
    "Domain": "NT AUTHORITY",
    "AccountName": "SYSTEM",
    "UserID": "S-1-5-18",
    "AccountType": "User",
    "Flags": "256",
    "TCP": "0",
    "InterfaceIP": "192.168.1.36",
    "Source": "192.168.1.36",
    "RD": "1",
    "QNAME": "v10.events.data.microsoft.com.",
    "QTYPE": "1",
    "XID": "39853",
    "Port": "59913",
    "BufferSize": "47",
    "PacketData": "0x9BAD0100000100000000000003763130066576656E74730464617461096D6963726F736F667403636F6D0000010001",
    "AdditionalInfo": ".",
    "GUID": "{D87AF9A1-8D61-4586-AB77-33877021E5FA}",
    "EventReceivedTime": "2021-09-16T20:01:00.399465-07:00",
    "SourceModuleName": "dnsserver",
    "SourceModuleType": "im_etw",
    "HostIP": "192.168.1.36"
  },
  {
    "SourceName": "Microsoft-Windows-DNSServer",
    "ProviderGuid": "{EB79061A-A566-4698-9119-3ED2807060E7}",
    "EventID": 279,
    "Version": 0,
    "ChannelID": 16,
    "OpcodeValue": 0,
    "TaskValue": 1,
    "Keywords": "9223372071214514176",
    "EventTime": "2021-09-16T20:01:00.136487-07:00",
    "ExecutionProcessID": 2080,
    "ExecutionThreadID": 2940,
    "EventType": "INFO",
    "SeverityValue": 2,
    "Severity": "INFO",
    "Hostname": "WIN-93NOI1UVL29",
    "Domain": "NT AUTHORITY",
    "AccountName": "SYSTEM",
    "UserID": "S-1-5-18",
    "AccountType": "User",
    "Flags": "33152",
    "TCP": "0",
    "InterfaceIP": "192.168.1.36",
    "Source": "192.168.1.36",
    "RD": "1",
    "QNAME": "global.asimov.events.data.trafficmanager.net.",
    "QTYPE": "1",
    "Port": "59913",
    "XID": "39853",
    "BufferSize": "47",
    "PacketData": "0x9BAD8180000100010000000003763130066576656E74730464617461096D6963726F736F667403636F6D0000010001",
    "EventReceivedTime": "2021-09-16T20:01:00.399465-07:00",
    "SourceModuleName": "dnsserver",
    "SourceModuleType": "im_etw",
    "HostIP": "192.168.1.36"
  },
  {
    "SourceName": "Microsoft-Windows-DNSServer",
    "ProviderGuid": "{EB79061A-A566-4698-9119-3ED2807060E7}",
    "EventID": 260,
    "Version": 0,
    "ChannelID": 16,
    "OpcodeValue": 0,
    "TaskValue": 2,
    "Keywords": "9223372036854775824",
    "EventTime": "2021-09-16T20:01:00.136617-07:00",
    "ExecutionProcessID": 2080,
    "ExecutionThreadID": 2940,
    "EventType": "INFO",
    "SeverityValue": 2,
    "Severity": "INFO",
    "Hostname": "WIN-93NOI1UVL29",
    "Domain": "NT AUTHORITY",
    "AccountName": "SYSTEM",
    "UserID": "S-1-5-18",
    "AccountType": "User",
    "Flags": "0",
    "TCP": "0",
    "Destination": "13.107.222.240",
    "InterfaceIP": "0.0.0.0",
    "RD": "0",
    "QNAME": "global.asimov.events.data.trafficmanager.NET.",
    "QTYPE": "1",
    "QXID": "39853",
    "XID": "2150",
    "Port": "0",
    "RecursionScope": ".",
    "CacheScope": "Default",
    "PolicyName": "NULL",
    "BufferSize": "73",
    "PacketData": "0x08660000000100000000000106676C6F62616C066173696D6F76066576656E747304646174610E747261666669636D616E61676572034E455400000100010000290FA0000080000000",
    "AdditionalInfo": ".",
    "GUID": "{D87AF9A1-8D61-4586-AB77-33877021E5FA}",
    "EventReceivedTime": "2021-09-16T20:01:00.399465-07:00",
    "SourceModuleName": "dnsserver",
    "SourceModuleType": "im_etw",
    "HostIP": "192.168.1.36"
  },
  {
    "SourceName": "Microsoft-Windows-DNSServer",
    "ProviderGuid": "{EB79061A-A566-4698-9119-3ED2807060E7}",
    "EventID": 256,
    "Version": 0,
    "ChannelID": 16,
    "OpcodeValue": 0,
    "TaskValue": 1,
    "Keywords": "9223372036854775809",
    "EventTime": "2021-09-16T20:01:00.136948-07:00",
    "ExecutionProcessID": 2080,
    "ExecutionThreadID": 2940,
    "EventType": "INFO",
    "SeverityValue": 2,
    "Severity": "INFO",
    "Hostname": "WIN-93NOI1UVL29",
    "Domain": "NT AUTHORITY",
    "AccountName": "SYSTEM",
    "UserID": "S-1-5-18",
    "AccountType": "User",
    "Flags": "256",
    "TCP": "0",
    "InterfaceIP": "192.168.1.36",
    "Source": "192.168.1.36",
    "RD": "1",
    "QNAME": "v10.events.data.microsoft.com.",
    "QTYPE": "28",
    "XID": "42354",
    "Port": "56608",
    "BufferSize": "47",
    "PacketData": "0xA5720100000100000000000003763130066576656E74730464617461096D6963726F736F667403636F6D00001C0001",
    "AdditionalInfo": ".",
    "GUID": "{7D471131-4E59-4346-9A50-FBDFEFC8BA48}",
    "EventReceivedTime": "2021-09-16T20:01:00.399465-07:00",
    "SourceModuleName": "dnsserver",
    "SourceModuleType": "im_etw",
    "HostIP": "192.168.1.36"
  },
  {
    "SourceName": "Microsoft-Windows-DNSServer",
    "ProviderGuid": "{EB79061A-A566-4698-9119-3ED2807060E7}",
    "EventID": 279,
    "Version": 0,
    "ChannelID": 16,
    "OpcodeValue": 0,
    "TaskValue": 1,
    "Keywords": "9223372071214514176",
    "EventTime": "2021-09-16T20:01:00.136964-07:00",
    "ExecutionProcessID": 2080,
    "ExecutionThreadID": 2940,
    "EventType": "INFO",
    "SeverityValue": 2,
    "Severity": "INFO",
    "Hostname": "WIN-93NOI1UVL29",
    "Domain": "NT AUTHORITY",
    "AccountName": "SYSTEM",
    "UserID": "S-1-5-18",
    "AccountType": "User",
    "Flags": "33152",
    "TCP": "0",
    "InterfaceIP": "192.168.1.36",
    "Source": "192.168.1.36",
    "RD": "1",
    "QNAME": "global.asimov.events.data.trafficmanager.net.",
    "QTYPE": "28",
    "Port": "56608",
    "XID": "42354",
    "BufferSize": "47",
    "PacketData": "0xA5728180000100010000000003763130066576656E74730464617461096D6963726F736F667403636F6D00001C0001",
    "EventReceivedTime": "2021-09-16T20:01:00.399465-07:00",
    "SourceModuleName": "dnsserver",
    "SourceModuleType": "im_etw",
    "HostIP": "192.168.1.36"
  },
  {
    "SourceName": "Microsoft-Windows-DNSServer",
    "ProviderGuid": "{EB79061A-A566-4698-9119-3ED2807060E7}",
    "EventID": 260,
    "Version": 0,
    "ChannelID": 16,
    "OpcodeValue": 0,
    "TaskValue": 2,
    "Keywords": "9223372036854775824",
    "EventTime": "2021-09-16T20:01:00.137054-07:00",
    "ExecutionProcessID": 2080,
    "ExecutionThreadID": 2940,
    "EventType": "INFO",
    "SeverityValue": 2,
    "Severity": "INFO",
    "Hostname": "WIN-93NOI1UVL29",
    "Domain": "NT AUTHORITY",
    "AccountName": "SYSTEM",
    "UserID": "S-1-5-18",
    "AccountType": "User",
    "Flags": "0",
    "TCP": "0",
    "Destination": "13.107.222.240",
    "InterfaceIP": "0.0.0.0",
    "RD": "0",
    "QNAME": "global.asimov.events.data.trafficmanager.NET.",
    "QTYPE": "28",
    "QXID": "42354",
    "XID": "4149",
    "Port": "0",
    "RecursionScope": ".",
    "CacheScope": "Default",
    "PolicyName": "NULL",
    "BufferSize": "73",
    "PacketData": "0x10350000000100000000000106676C6F62616C066173696D6F76066576656E747304646174610E747261666669636D616E61676572034E455400001C00010000290FA0000080000000",
    "AdditionalInfo": ".",
    "GUID": "{7D471131-4E59-4346-9A50-FBDFEFC8BA48}",
    "EventReceivedTime": "2021-09-16T20:01:00.399465-07:00",
    "SourceModuleName": "dnsserver",
    "SourceModuleType": "im_etw",
    "HostIP": "192.168.1.36"
  },
  {
    "SourceName": "Microsoft-Windows-DNSServer",
    "ProviderGuid": "{EB79061A-A566-4698-9119-3ED2807060E7}",
    "EventID": 261,
    "Version": 0,
    "ChannelID": 16,
    "OpcodeValue": 0,
    "TaskValue": 2,
    "Keywords": "9223372036854775840",
    "EventTime": "2021-09-16T20:01:00.161692-07:00",
    "ExecutionProcessID": 2080,
    "ExecutionThreadID": 2940,
    "EventType": "INFO",
    "SeverityValue": 2,
    "Severity": "INFO",
    "Hostname": "WIN-93NOI1UVL29",
    "Domain": "NT AUTHORITY",
    "AccountName": "SYSTEM",
    "UserID": "S-1-5-18",
    "AccountType": "User",
    "Flags": "33824",
    "TCP": "0",
    "Source": "13.107.222.240",
    "InterfaceIP": "0.0.0.0",
    "AA": "1",
    "AD": "1",
    "QNAME": "global.asimov.events.data.trafficmanager.NET.",
    "QTYPE": "28",
    "XID": "4149",
    "RecursionDepth": "1",
    "Port": "0",
    "RecursionScope": ".",
    "CacheScope": "Default",
    "BufferSize": "132",
    "PacketData": "0x10358420000100010000000106676C6F62616C066173696D6F76066576656E747304646174610E747261666669636D616E61676572034E455400001C0001C00C000500010000003C002F106F6E656473636F6C70726463757331310963656E7472616C757308636C6F756461707005617A75726503636F6D0000002904D0000000000000",
    "AdditionalInfo": ".",
    "GUID": "{7D471131-4E59-4346-9A50-FBDFEFC8BA48}",
    "EventReceivedTime": "2021-09-16T20:01:00.399465-07:00",
    "SourceModuleName": "dnsserver",
    "SourceModuleType": "im_etw",
    "HostIP": "192.168.1.36"
  },
  {
    "SourceName": "Microsoft-Windows-DNSServer",
    "ProviderGuid": "{EB79061A-A566-4698-9119-3ED2807060E7}",
    "EventID": 279,
    "Version": 0,
    "ChannelID": 16,
    "OpcodeValue": 0,
    "TaskValue": 1,
    "Keywords": "9223372071214514176",
    "EventTime": "2021-09-16T20:01:00.161746-07:00",
    "ExecutionProcessID": 2080,
    "ExecutionThreadID": 2940,
    "EventType": "INFO",
    "SeverityValue": 2,
    "Severity": "INFO",
    "Hostname": "WIN-93NOI1UVL29",
    "Domain": "NT AUTHORITY",
    "AccountName": "SYSTEM",
    "UserID": "S-1-5-18",
    "AccountType": "User",
    "Flags": "33152",
    "TCP": "0",
    "InterfaceIP": "192.168.1.36",
    "Source": "192.168.1.36",
    "RD": "1",
    "QNAME": "onedscolprdcus11.centralus.cloudapp.azure.com.",
    "QTYPE": "28",
    "Port": "56608",
    "XID": "42354",
    "BufferSize": "47",
    "PacketData": "0xA5728180000100020000000003763130066576656E74730464617461096D6963726F736F667403636F6D00001C0001",
    "EventReceivedTime": "2021-09-16T20:01:00.399465-07:00",
    "SourceModuleName": "dnsserver",
    "SourceModuleType": "im_etw",
    "HostIP": "192.168.1.36"
  },
  {
    "SourceName": "Microsoft-Windows-DNSServer",
    "ProviderGuid": "{EB79061A-A566-4698-9119-3ED2807060E7}",
    "EventID": 260,
    "Version": 0,
    "ChannelID": 16,
    "OpcodeValue": 0,
    "TaskValue": 2,
    "Keywords": "9223372036854775824",
    "EventTime": "2021-09-16T20:01:00.161926-07:00",
    "ExecutionProcessID": 2080,
    "ExecutionThreadID": 2940,
    "EventType": "INFO",
    "SeverityValue": 2,
    "Severity": "INFO",
    "Hostname": "WIN-93NOI1UVL29",
    "Domain": "NT AUTHORITY",
    "AccountName": "SYSTEM",
    "UserID": "S-1-5-18",
    "AccountType": "User",
    "Flags": "0",
    "TCP": "0",
    "Destination": "40.90.4.205",
    "InterfaceIP": "0.0.0.0",
    "RD": "0",
    "QNAME": "onedscolprdcus11.centralus.cloudapp.azure.com.",
    "QTYPE": "28",
    "QXID": "42354",
    "XID": "42341",
    "Port": "0",
    "RecursionScope": ".",
    "CacheScope": "Default",
    "PolicyName": "NULL",
    "BufferSize": "74",
    "PacketData": "0xA56500000001000000000001106F6E656473636F6C70726463757331310963656E7472616C757308636C6F756461707005617A75726503636F6D00001C00010000290FA0000080000000",
    "AdditionalInfo": ".",
    "GUID": "{7D471131-4E59-4346-9A50-FBDFEFC8BA48}",
    "EventReceivedTime": "2021-09-16T20:01:00.399465-07:00",
    "SourceModuleName": "dnsserver",
    "SourceModuleType": "im_etw",
    "HostIP": "192.168.1.36"
  },
  {
    "SourceName": "Microsoft-Windows-DNSServer",
    "ProviderGuid": "{EB79061A-A566-4698-9119-3ED2807060E7}",
    "EventID": 261,
    "Version": 0,
    "ChannelID": 16,
    "OpcodeValue": 0,
    "TaskValue": 2,
    "Keywords": "9223372036854775840",
    "EventTime": "2021-09-16T20:01:00.162939-07:00",
    "ExecutionProcessID": 2080,
    "ExecutionThreadID": 2940,
    "EventType": "INFO",
    "SeverityValue": 2,
    "Severity": "INFO",
    "Hostname": "WIN-93NOI1UVL29",
    "Domain": "NT AUTHORITY",
    "AccountName": "SYSTEM",
    "UserID": "S-1-5-18",
    "AccountType": "User",
    "Flags": "33824",
    "TCP": "0",
    "Source": "13.107.222.240",
    "InterfaceIP": "0.0.0.0",
    "AA": "1",
    "AD": "1",
    "QNAME": "global.asimov.events.data.trafficmanager.NET.",
    "QTYPE": "1",
    "XID": "2150",
    "RecursionDepth": "1",
    "Port": "0",
    "RecursionScope": ".",
    "CacheScope": "Default",
    "BufferSize": "129",
    "PacketData": "0x08668420000100010000000106676C6F62616C066173696D6F76066576656E747304646174610E747261666669636D616E61676572034E45540000010001C00C000500010000003C002C106F6E656473636F6C70726477757330300677657374757308636C6F756461707005617A75726503636F6D0000002904D0000000000000",
    "AdditionalInfo": ".",
    "GUID": "{D87AF9A1-8D61-4586-AB77-33877021E5FA}",
    "EventReceivedTime": "2021-09-16T20:01:00.399465-07:00",
    "SourceModuleName": "dnsserver",
    "SourceModuleType": "im_etw",
    "HostIP": "192.168.1.36"
  },
  {
    "SourceName": "Microsoft-Windows-DNSServer",
    "ProviderGuid": "{EB79061A-A566-4698-9119-3ED2807060E7}",
    "EventID": 279,
    "Version": 0,
    "ChannelID": 16,
    "OpcodeValue": 0,
    "TaskValue": 1,
    "Keywords": "9223372071214514176",
    "EventTime": "2021-09-16T20:01:00.163110-07:00",
    "ExecutionProcessID": 2080,
    "ExecutionThreadID": 2940,
    "EventType": "INFO",
    "SeverityValue": 2,
    "Severity": "INFO",
    "Hostname": "WIN-93NOI1UVL29",
    "Domain": "NT AUTHORITY",
    "AccountName": "SYSTEM",
    "UserID": "S-1-5-18",
    "AccountType": "User",
    "Flags": "33152",
    "TCP": "0",
    "InterfaceIP": "192.168.1.36",
    "Source": "192.168.1.36",
    "RD": "1",
    "QNAME": "onedscolprdcus11.centralus.cloudapp.azure.com.",
    "QTYPE": "1",
    "Port": "59913",
    "XID": "39853",
    "BufferSize": "47",
    "PacketData": "0x9BAD8180000100020000000003763130066576656E74730464617461096D6963726F736F667403636F6D0000010001",
    "EventReceivedTime": "2021-09-16T20:01:00.399465-07:00",
    "SourceModuleName": "dnsserver",
    "SourceModuleType": "im_etw",
    "HostIP": "192.168.1.36"
  },
  {
    "SourceName": "Microsoft-Windows-DNSServer",
    "ProviderGuid": "{EB79061A-A566-4698-9119-3ED2807060E7}",
    "EventID": 260,
    "Version": 0,
    "ChannelID": 16,
    "OpcodeValue": 0,
    "TaskValue": 2,
    "Keywords": "9223372036854775824",
    "EventTime": "2021-09-16T20:01:00.163399-07:00",
    "ExecutionProcessID": 2080,
    "ExecutionThreadID": 2940,
    "EventType": "INFO",
    "SeverityValue": 2,
    "Severity": "INFO",
    "Hostname": "WIN-93NOI1UVL29",
    "Domain": "NT AUTHORITY",
    "AccountName": "SYSTEM",
    "UserID": "S-1-5-18",
    "AccountType": "User",
    "Flags": "0",
    "TCP": "0",
    "Destination": "2603:1061::cd",
    "InterfaceIP": "::",
    "RD": "0",
    "QNAME": "onedscolprdcus11.centralus.cloudapp.azure.com.",
    "QTYPE": "1",
    "QXID": "39853",
    "XID": "22512",
    "Port": "0",
    "RecursionScope": ".",
    "CacheScope": "Default",
    "PolicyName": "NULL",
    "BufferSize": "74",
    "PacketData": "0x57F000000001000000000001106F6E656473636F6C70726463757331310963656E7472616C757308636C6F756461707005617A75726503636F6D00000100010000290FA0000080000000",
    "AdditionalInfo": ".",
    "GUID": "{D87AF9A1-8D61-4586-AB77-33877021E5FA}",
    "EventReceivedTime": "2021-09-16T20:01:00.399465-07:00",
    "SourceModuleName": "dnsserver",
    "SourceModuleType": "im_etw",
    "HostIP": "192.168.1.36"
  },
  {
    "SourceName": "Microsoft-Windows-DNSServer",
    "ProviderGuid": "{EB79061A-A566-4698-9119-3ED2807060E7}",
    "EventID": 261,
    "Version": 0,
    "ChannelID": 16,
    "OpcodeValue": 0,
    "TaskValue": 2,
    "Keywords": "9223372036854775840",
    "EventTime": "2021-09-16T20:01:00.215765-07:00",
    "ExecutionProcessID": 2080,
    "ExecutionThreadID": 2940,
    "EventType": "INFO",
    "SeverityValue": 2,
    "Severity": "INFO",
    "Hostname": "WIN-93NOI1UVL29",
    "Domain": "NT AUTHORITY",
    "AccountName": "SYSTEM",
    "UserID": "S-1-5-18",
    "AccountType": "User",
    "Flags": "32768",
    "TCP": "0",
    "Source": "40.90.4.205",
    "InterfaceIP": "0.0.0.0",
    "AA": "0",
    "AD": "0",
    "QNAME": "onedscolprdcus11.centralus.cloudapp.azure.com.",
    "QTYPE": "28",
    "XID": "42341",
    "RecursionDepth": "2",
    "Port": "0",
    "RecursionScope": ".",
    "CacheScope": "Default",
    "BufferSize": "212",
    "PacketData": "0xA56580000001000000040001106F6E656473636F6C70726463757331310963656E7472616C757308636C6F756461707005617A75726503636F6D00001C0001C01D000200010000012C0014076E73312D32303109617A7572652D646E73C036C03F000200010000012C0017076E73322D32303109617A7572652D646E73036E657400C03F000200010000012C0017076E73332D32303109617A7572652D646E73036F726700C03F000200010000012C0018076E73342D32303109617A7572652D646E7304696E666F0000002904D0000080000000",
    "AdditionalInfo": ".",
    "GUID": "{7D471131-4E59-4346-9A50-FBDFEFC8BA48}",
    "EventReceivedTime": "2021-09-16T20:01:00.399465-07:00",
    "SourceModuleName": "dnsserver",
    "SourceModuleType": "im_etw",
    "HostIP": "192.168.1.36"
  },
  {
    "SourceName": "Microsoft-Windows-DNSServer",
    "ProviderGuid": "{EB79061A-A566-4698-9119-3ED2807060E7}",
    "EventID": 260,
    "Version": 0,
    "ChannelID": 16,
    "OpcodeValue": 0,
    "TaskValue": 2,
    "Keywords": "9223372036854775824",
    "EventTime": "2021-09-16T20:01:00.216259-07:00",
    "ExecutionProcessID": 2080,
    "ExecutionThreadID": 2940,
    "EventType": "INFO",
    "SeverityValue": 2,
    "Severity": "INFO",
    "Hostname": "WIN-93NOI1UVL29",
    "Domain": "NT AUTHORITY",
    "AccountName": "SYSTEM",
    "UserID": "S-1-5-18",
    "AccountType": "User",
    "Flags": "0",
    "TCP": "0",
    "Destination": "2620:1ec:8ec::c9",
    "InterfaceIP": "::",
    "RD": "0",
    "QNAME": "onedscolprdcus11.centralus.cloudapp.azure.com.",
    "QTYPE": "28",
    "QXID": "42354",
    "XID": "63373",
    "Port": "0",
    "RecursionScope": ".",
    "CacheScope": "Default",
    "PolicyName": "NULL",
    "BufferSize": "74",
    "PacketData": "0xF78D00000001000000000001106F6E656473636F6C70726463757331310963656E7472616C757308636C6F756461707005617A75726503636F6D00001C00010000290FA0000080000000",
    "AdditionalInfo": ".",
    "GUID": "{7D471131-4E59-4346-9A50-FBDFEFC8BA48}",
    "EventReceivedTime": "2021-09-16T20:01:00.399465-07:00",
    "SourceModuleName": "dnsserver",
    "SourceModuleType": "im_etw",
    "HostIP": "192.168.1.36"
  },
  {
    "SourceName": "Microsoft-Windows-DNSServer",
    "ProviderGuid": "{EB79061A-A566-4698-9119-3ED2807060E7}",
    "EventID": 261,
    "Version": 0,
    "ChannelID": 16,
    "OpcodeValue": 0,
    "TaskValue": 2,
    "Keywords": "9223372036854775840",
    "EventTime": "2021-09-16T20:01:00.217574-07:00",
    "ExecutionProcessID": 2080,
    "ExecutionThreadID": 2940,
    "EventType": "INFO",
    "SeverityValue": 2,
    "Severity": "INFO",
    "Hostname": "WIN-93NOI1UVL29",
    "Domain": "NT AUTHORITY",
    "AccountName": "SYSTEM",
    "UserID": "S-1-5-18",
    "AccountType": "User",
    "Flags": "32768",
    "TCP": "0",
    "Source": "2603:1061::cd",
    "InterfaceIP": "::",
    "AA": "0",
    "AD": "0",
    "QNAME": "onedscolprdcus11.centralus.cloudapp.azure.com.",
    "QTYPE": "1",
    "XID": "22512",
    "RecursionDepth": "2",
    "Port": "0",
    "RecursionScope": ".",
    "CacheScope": "Default",
    "BufferSize": "212",
    "PacketData": "0x57F080000001000000040001106F6E656473636F6C70726463757331310963656E7472616C757308636C6F756461707005617A75726503636F6D0000010001C01D000200010000012C0014076E73312D32303109617A7572652D646E73C036C03F000200010000012C0017076E73322D32303109617A7572652D646E73036E657400C03F000200010000012C0017076E73332D32303109617A7572652D646E73036F726700C03F000200010000012C0018076E73342D32303109617A7572652D646E7304696E666F0000002904D0000080000000",
    "AdditionalInfo": ".",
    "GUID": "{D87AF9A1-8D61-4586-AB77-33877021E5FA}",
    "EventReceivedTime": "2021-09-16T20:01:00.399465-07:00",
    "SourceModuleName": "dnsserver",
    "SourceModuleType": "im_etw",
    "HostIP": "192.168.1.36"
  },
  {
    "SourceName": "Microsoft-Windows-DNSServer",
    "ProviderGuid": "{EB79061A-A566-4698-9119-3ED2807060E7}",
    "EventID": 260,
    "Version": 0,
    "ChannelID": 16,
    "OpcodeValue": 0,
    "TaskValue": 2,
    "Keywords": "9223372036854775824",
    "EventTime": "2021-09-16T20:01:00.217735-07:00",
    "ExecutionProcessID": 2080,
    "ExecutionThreadID": 2940,
    "EventType": "INFO",
    "SeverityValue": 2,
    "Severity": "INFO",
    "Hostname": "WIN-93NOI1UVL29",
    "Domain": "NT AUTHORITY",
    "AccountName": "SYSTEM",
    "UserID": "S-1-5-18",
    "AccountType": "User",
    "Flags": "0",
    "TCP": "0",
    "Destination": "2620:1ec:8ec::c9",
    "InterfaceIP": "::",
    "RD": "0",
    "QNAME": "onedscolprdcus11.centralus.cloudapp.azure.com.",
    "QTYPE": "1",
    "QXID": "39853",
    "XID": "44667",
    "Port": "0",
    "RecursionScope": ".",
    "CacheScope": "Default",
    "PolicyName": "NULL",
    "BufferSize": "74",
    "PacketData": "0xAE7B00000001000000000001106F6E656473636F6C70726463757331310963656E7472616C757308636C6F756461707005617A75726503636F6D00000100010000290FA0000080000000",
    "AdditionalInfo": ".",
    "GUID": "{D87AF9A1-8D61-4586-AB77-33877021E5FA}",
    "EventReceivedTime": "2021-09-16T20:01:00.399465-07:00",
    "SourceModuleName": "dnsserver",
    "SourceModuleType": "im_etw",
    "HostIP": "192.168.1.36"
  },
  {
    "SourceName": "Microsoft-Windows-DNSServer",
    "ProviderGuid": "{EB79061A-A566-4698-9119-3ED2807060E7}",
    "EventID": 261,
    "Version": 0,
    "ChannelID": 16,
    "OpcodeValue": 0,
    "TaskValue": 2,
    "Keywords": "9223372036854775840",
    "EventTime": "2021-09-16T20:01:00.235285-07:00",
    "ExecutionProcessID": 2080,
    "ExecutionThreadID": 2940,
    "EventType": "INFO",
    "SeverityValue": 2,
    "Severity": "INFO",
    "Hostname": "WIN-93NOI1UVL29",
    "Domain": "NT AUTHORITY",
    "AccountName": "SYSTEM",
    "UserID": "S-1-5-18",
    "AccountType": "User",
    "Flags": "33792",
    "TCP": "0",
    "Source": "2620:1ec:8ec::c9",
    "InterfaceIP": "::",
    "AA": "1",
    "AD": "0",
    "QNAME": "onedscolprdcus11.centralus.cloudapp.azure.com.",
    "QTYPE": "28",
    "XID": "63373",
    "RecursionDepth": "3",
    "Port": "0",
    "RecursionScope": ".",
    "CacheScope": "Default",
    "BufferSize": "145",
    "PacketData": "0xF78D84000001000000010001106F6E656473636F6C70726463757331310963656E7472616C757308636C6F756461707005617A75726503636F6D00001C0001C01D000600010000003C003B076E73312D32303109617A7572652D646E73C036066D736E687374096D6963726F736F6674C03600002711000003840000012C00093A800000003C00002904D0000080000000",
    "AdditionalInfo": ".",
    "GUID": "{7D471131-4E59-4346-9A50-FBDFEFC8BA48}",
    "EventReceivedTime": "2021-09-16T20:01:00.399465-07:00",
    "SourceModuleName": "dnsserver",
    "SourceModuleType": "im_etw",
    "HostIP": "192.168.1.36"
  },
  {
    "SourceName": "Microsoft-Windows-DNSServer",
    "ProviderGuid": "{EB79061A-A566-4698-9119-3ED2807060E7}",
    "EventID": 257,
    "Version": 0,
    "ChannelID": 16,
    "OpcodeValue": 0,
    "TaskValue": 1,
    "Keywords": "9223372036854775810",
    "EventTime": "2021-09-16T20:01:00.235340-07:00",
    "ExecutionProcessID": 2080,
    "ExecutionThreadID": 2940,
    "EventType": "INFO",
    "SeverityValue": 2,
    "Severity": "INFO",
    "Hostname": "WIN-93NOI1UVL29",
    "Domain": "NT AUTHORITY",
    "AccountName": "SYSTEM",
    "UserID": "S-1-5-18",
    "AccountType": "User",
    "Flags": "33152",
    "TCP": "0",
    "InterfaceIP": "192.168.1.36",
    "Destination": "192.168.1.36",
    "AA": "0",
    "AD": "0",
    "QNAME": "v10.events.data.microsoft.com.",
    "QTYPE": "28",
    "XID": "42354",
    "DNSSEC": "0",
    "RCODE": "0",
    "Port": "56608",
    "Scope": "Default",
    "Zone": "..Cache",
    "PolicyName": "NULL",
    "BufferSize": "161",
    "PacketData": "0xA5728180000100020000000003763130066576656E74730464617461096D6963726F736F667403636F6D00001C0001C00C0005000100000B66002E06676C6F62616C066173696D6F76066576656E747304646174610E747261666669636D616E61676572036E657400C03B000500010000003C002C106F6E656473636F6C70726463757331310963656E7472616C757308636C6F756461707005617A757265C026",
    "AdditionalInfo": "VirtualizationInstance:.",
    "ElapsedTime": "98",
    "GUID": "{7D471131-4E59-4346-9A50-FBDFEFC8BA48}",
    "EventReceivedTime": "2021-09-16T20:01:00.399465-07:00",
    "SourceModuleName": "dnsserver",
    "SourceModuleType": "im_etw",
    "HostIP": "192.168.1.36"
  },
  {
    "SourceName": "Microsoft-Windows-DNSServer",
    "ProviderGuid": "{EB79061A-A566-4698-9119-3ED2807060E7}",
    "EventID": 261,
    "Version": 0,
    "ChannelID": 16,
    "OpcodeValue": 0,
    "TaskValue": 2,
    "Keywords": "9223372036854775840",
    "EventTime": "2021-09-16T20:01:00.242138-07:00",
    "ExecutionProcessID": 2080,
    "ExecutionThreadID": 2940,
    "EventType": "INFO",
    "SeverityValue": 2,
    "Severity": "INFO",
    "Hostname": "WIN-93NOI1UVL29",
    "Domain": "NT AUTHORITY",
    "AccountName": "SYSTEM",
    "UserID": "S-1-5-18",
    "AccountType": "User",
    "Flags": "33792",
    "TCP": "0",
    "Source": "2620:1ec:8ec::c9",
    "InterfaceIP": "::",
    "AA": "1",
    "AD": "0",
    "QNAME": "onedscolprdcus11.centralus.cloudapp.azure.com.",
    "QTYPE": "1",
    "XID": "44667",
    "RecursionDepth": "3",
    "Port": "0",
    "RecursionScope": ".",
    "CacheScope": "Default",
    "BufferSize": "90",
    "PacketData": "0xAE7B84000001000100000001106F6E656473636F6C70726463757331310963656E7472616C757308636C6F756461707005617A75726503636F6D0000010001C00C000100010000000A000468D0105900002904D0000080000000",
    "AdditionalInfo": ".",
    "GUID": "{D87AF9A1-8D61-4586-AB77-33877021E5FA}",
    "EventReceivedTime": "2021-09-16T20:01:00.399465-07:00",
    "SourceModuleName": "dnsserver",
    "SourceModuleType": "im_etw",
    "HostIP": "192.168.1.36"
  },
  {
    "SourceName": "Microsoft-Windows-DNSServer",
    "ProviderGuid": "{EB79061A-A566-4698-9119-3ED2807060E7}",
    "EventID": 257,
    "Version": 0,
    "ChannelID": 16,
    "OpcodeValue": 0,
    "TaskValue": 1,
    "Keywords": "9223372036854775810",
    "EventTime": "2021-09-16T20:01:00.242245-07:00",
    "ExecutionProcessID": 2080,
    "ExecutionThreadID": 2940,
    "EventType": "INFO",
    "SeverityValue": 2,
    "Severity": "INFO",
    "Hostname": "WIN-93NOI1UVL29",
    "Domain": "NT AUTHORITY",
    "AccountName": "SYSTEM",
    "UserID": "S-1-5-18",
    "AccountType": "User",
    "Flags": "33152",
    "TCP": "0",
    "InterfaceIP": "192.168.1.36",
    "Destination": "192.168.1.36",
    "AA": "0",
    "AD": "0",
    "QNAME": "v10.events.data.microsoft.com.",
    "QTYPE": "1",
    "XID": "39853",
    "DNSSEC": "0",
    "RCODE": "0",
    "Port": "59913",
    "Scope": "Default",
    "Zone": "..Cache",
    "PolicyName": "NULL",
    "BufferSize": "177",
    "PacketData": "0x9BAD8180000100030000000003763130066576656E74730464617461096D6963726F736F667403636F6D0000010001C00C0005000100000B66002E06676C6F62616C066173696D6F76066576656E747304646174610E747261666669636D616E61676572036E657400C03B000500010000003C002C106F6E656473636F6C70726463757331310963656E7472616C757308636C6F756461707005617A757265C026C0750001000100000009000468D01059",
    "AdditionalInfo": "VirtualizationInstance:.",
    "ElapsedTime": "106",
    "GUID": "{D87AF9A1-8D61-4586-AB77-33877021E5FA}",
    "EventReceivedTime": "2021-09-16T20:01:00.399465-07:00",
    "SourceModuleName": "dnsserver",
    "SourceModuleType": "im_etw",
    "HostIP": "192.168.1.36"
  },
  {
    "SourceName": "Microsoft-Windows-DNSServer",
    "ProviderGuid": "{EB79061A-A566-4698-9119-3ED2807060E7}",
    "EventID": 256,
    "Version": 0,
    "ChannelID": 16,
    "OpcodeValue": 0,
    "TaskValue": 1,
    "Keywords": "9223372036854775809",
    "EventTime": "2021-09-16T20:01:00.745228-07:00",
    "ExecutionProcessID": 2080,
    "ExecutionThreadID": 2940,
    "EventType": "INFO",
    "SeverityValue": 2,
    "Severity": "INFO",
    "Hostname": "WIN-93NOI1UVL29",
    "Domain": "NT AUTHORITY",
    "AccountName": "SYSTEM",
    "UserID": "S-1-5-18",
    "AccountType": "User",
    "Flags": "256",
    "TCP": "0",
    "InterfaceIP": "192.168.1.36",
    "Source": "192.168.1.36",
    "RD": "1",
    "QNAME": "fe3.delivery.mp.microsoft.com.",
    "QTYPE": "1",
    "XID": "19354",
    "Port": "50813",
    "BufferSize": "47",
    "PacketData": "0x4B9A01000001000000000000036665330864656C6976657279026D70096D6963726F736F667403636F6D0000010001",
    "AdditionalInfo": ".",
    "GUID": "{2E983163-7998-4EEF-87CA-F928F4079B39}",
    "EventReceivedTime": "2021-09-16T20:01:01.399736-07:00",
    "SourceModuleName": "dnsserver",
    "SourceModuleType": "im_etw",
    "HostIP": "192.168.1.36"
  },
  {
    "SourceName": "Microsoft-Windows-DNSServer",
    "ProviderGuid": "{EB79061A-A566-4698-9119-3ED2807060E7}",
    "EventID": 279,
    "Version": 0,
    "ChannelID": 16,
    "OpcodeValue": 0,
    "TaskValue": 1,
    "Keywords": "9223372071214514176",
    "EventTime": "2021-09-16T20:01:00.745250-07:00",
    "ExecutionProcessID": 2080,
    "ExecutionThreadID": 2940,
    "EventType": "INFO",
    "SeverityValue": 2,
    "Severity": "INFO",
    "Hostname": "WIN-93NOI1UVL29",
    "Domain": "NT AUTHORITY",
    "AccountName": "SYSTEM",
    "UserID": "S-1-5-18",
    "AccountType": "User",
    "Flags": "33152",
    "TCP": "0",
    "InterfaceIP": "192.168.1.36",
    "Source": "192.168.1.36",
    "RD": "1",
    "QNAME": "fe3.delivery.dsp.mp.microsoft.com.nsatc.net.",
    "QTYPE": "1",
    "Port": "50813",
    "XID": "19354",
    "BufferSize": "47",
    "PacketData": "0x4B9A81800001000100000000036665330864656C6976657279026D70096D6963726F736F667403636F6D0000010001",
    "EventReceivedTime": "2021-09-16T20:01:01.399736-07:00",
    "SourceModuleName": "dnsserver",
    "SourceModuleType": "im_etw",
    "HostIP": "192.168.1.36"
  },
  {
    "SourceName": "Microsoft-Windows-DNSServer",
    "ProviderGuid": "{EB79061A-A566-4698-9119-3ED2807060E7}",
    "EventID": 260,
    "Version": 0,
    "ChannelID": 16,
    "OpcodeValue": 0,
    "TaskValue": 2,
    "Keywords": "9223372036854775824",
    "EventTime": "2021-09-16T20:01:00.745338-07:00",
    "ExecutionProcessID": 2080,
    "ExecutionThreadID": 2940,
    "EventType": "INFO",
    "SeverityValue": 2,
    "Severity": "INFO",
    "Hostname": "WIN-93NOI1UVL29",
    "Domain": "NT AUTHORITY",
    "AccountName": "SYSTEM",
    "UserID": "S-1-5-18",
    "AccountType": "User",
    "Flags": "0",
    "TCP": "0",
    "Destination": "8.27.226.155",
    "InterfaceIP": "0.0.0.0",
    "RD": "0",
    "QNAME": "fe3.delivery.dsp.mp.microsoft.com.nsatc.NET.",
    "QTYPE": "1",
    "QXID": "19354",
    "XID": "423",
    "Port": "0",
    "RecursionScope": ".",
    "CacheScope": "Default",
    "PolicyName": "NULL",
    "BufferSize": "72",
    "PacketData": "0x01A700000001000000000001036665330864656C697665727903647370026D70096D6963726F736F667403636F6D056E73617463034E455400000100010000290FA0000080000000",
    "AdditionalInfo": ".",
    "GUID": "{2E983163-7998-4EEF-87CA-F928F4079B39}",
    "EventReceivedTime": "2021-09-16T20:01:01.399736-07:00",
    "SourceModuleName": "dnsserver",
    "SourceModuleType": "im_etw",
    "HostIP": "192.168.1.36"
  },
  {
    "SourceName": "Microsoft-Windows-DNSServer",
    "ProviderGuid": "{EB79061A-A566-4698-9119-3ED2807060E7}",
    "EventID": 256,
    "Version": 0,
    "ChannelID": 16,
    "OpcodeValue": 0,
    "TaskValue": 1,
    "Keywords": "9223372036854775809",
    "EventTime": "2021-09-16T20:01:00.745573-07:00",
    "ExecutionProcessID": 2080,
    "ExecutionThreadID": 2940,
    "EventType": "INFO",
    "SeverityValue": 2,
    "Severity": "INFO",
    "Hostname": "WIN-93NOI1UVL29",
    "Domain": "NT AUTHORITY",
    "AccountName": "SYSTEM",
    "UserID": "S-1-5-18",
    "AccountType": "User",
    "Flags": "256",
    "TCP": "0",
    "InterfaceIP": "192.168.1.36",
    "Source": "192.168.1.36",
    "RD": "1",
    "QNAME": "fe3.delivery.mp.microsoft.com.",
    "QTYPE": "28",
    "XID": "5918",
    "Port": "53867",
    "BufferSize": "47",
    "PacketData": "0x171E01000001000000000000036665330864656C6976657279026D70096D6963726F736F667403636F6D00001C0001",
    "AdditionalInfo": ".",
    "GUID": "{F82D64A5-4CBB-4CA0-B73D-D8BBC3B5C850}",
    "EventReceivedTime": "2021-09-16T20:01:01.399736-07:00",
    "SourceModuleName": "dnsserver",
    "SourceModuleType": "im_etw",
    "HostIP": "192.168.1.36"
  },
  {
    "SourceName": "Microsoft-Windows-DNSServer",
    "ProviderGuid": "{EB79061A-A566-4698-9119-3ED2807060E7}",
    "EventID": 279,
    "Version": 0,
    "ChannelID": 16,
    "OpcodeValue": 0,
    "TaskValue": 1,
    "Keywords": "9223372071214514176",
    "EventTime": "2021-09-16T20:01:00.745582-07:00",
    "ExecutionProcessID": 2080,
    "ExecutionThreadID": 2940,
    "EventType": "INFO",
    "SeverityValue": 2,
    "Severity": "INFO",
    "Hostname": "WIN-93NOI1UVL29",
    "Domain": "NT AUTHORITY",
    "AccountName": "SYSTEM",
    "UserID": "S-1-5-18",
    "AccountType": "User",
    "Flags": "33152",
    "TCP": "0",
    "InterfaceIP": "192.168.1.36",
    "Source": "192.168.1.36",
    "RD": "1",
    "QNAME": "fe3.delivery.dsp.mp.microsoft.com.nsatc.net.",
    "QTYPE": "28",
    "Port": "53867",
    "XID": "5918",
    "BufferSize": "47",
    "PacketData": "0x171E81800001000100000000036665330864656C6976657279026D70096D6963726F736F667403636F6D00001C0001",
    "EventReceivedTime": "2021-09-16T20:01:01.399736-07:00",
    "SourceModuleName": "dnsserver",
    "SourceModuleType": "im_etw",
    "HostIP": "192.168.1.36"
  },
  {
    "SourceName": "Microsoft-Windows-DNSServer",
    "ProviderGuid": "{EB79061A-A566-4698-9119-3ED2807060E7}",
    "EventID": 257,
    "Version": 0,
    "ChannelID": 16,
    "OpcodeValue": 0,
    "TaskValue": 1,
    "Keywords": "9223372036854775810",
    "EventTime": "2021-09-16T20:01:00.745605-07:00",
    "ExecutionProcessID": 2080,
    "ExecutionThreadID": 2940,
    "EventType": "INFO",
    "SeverityValue": 2,
    "Severity": "INFO",
    "Hostname": "WIN-93NOI1UVL29",
    "Domain": "NT AUTHORITY",
    "AccountName": "SYSTEM",
    "UserID": "S-1-5-18",
    "AccountType": "User",
    "Flags": "33152",
    "TCP": "0",
    "InterfaceIP": "192.168.1.36",
    "Destination": "192.168.1.36",
    "AA": "0",
    "AD": "0",
    "QNAME": "fe3.delivery.mp.microsoft.com.",
    "QTYPE": "28",
    "XID": "5918",
    "DNSSEC": "0",
    "RCODE": "0",
    "Port": "53867",
    "Scope": "Default",
    "Zone": "..Cache",
    "PolicyName": "NULL",
    "BufferSize": "157",
    "PacketData": "0x171E81800001000100010000036665330864656C6976657279026D70096D6963726F736F667403636F6D00001C0001C00C0005000100000B6C002D036665330864656C697665727903647370026D70096D6963726F736F667403636F6D056E73617463036E657400C05D00060001000000E000290561646D696EC05D03646E73066C6576656C33C06361250E9900002A3000000A8C0036EE8000000384",
    "AdditionalInfo": "VirtualizationInstance:.",
    "ElapsedTime": "0",
    "GUID": "{F82D64A5-4CBB-4CA0-B73D-D8BBC3B5C850}",
    "EventReceivedTime": "2021-09-16T20:01:01.399736-07:00",
    "SourceModuleName": "dnsserver",
    "SourceModuleType": "im_etw",
    "HostIP": "192.168.1.36"
  },
  {
    "SourceName": "Microsoft-Windows-DNSServer",
    "ProviderGuid": "{EB79061A-A566-4698-9119-3ED2807060E7}",
    "EventID": 261,
    "Version": 0,
    "ChannelID": 16,
    "OpcodeValue": 0,
    "TaskValue": 2,
    "Keywords": "9223372036854775840",
    "EventTime": "2021-09-16T20:01:00.772224-07:00",
    "ExecutionProcessID": 2080,
    "ExecutionThreadID": 2940,
    "EventType": "INFO",
    "SeverityValue": 2,
    "Severity": "INFO",
    "Hostname": "WIN-93NOI1UVL29",
    "Domain": "NT AUTHORITY",
    "AccountName": "SYSTEM",
    "UserID": "S-1-5-18",
    "AccountType": "User",
    "Flags": "33792",
    "TCP": "0",
    "Source": "8.27.226.155",
    "InterfaceIP": "0.0.0.0",
    "AA": "1",
    "AD": "0",
    "QNAME": "fe3.delivery.dsp.mp.microsoft.com.nsatc.NET.",
    "QTYPE": "1",
    "XID": "423",
    "RecursionDepth": "1",
    "Port": "0",
    "RecursionScope": ".",
    "CacheScope": "Default",
    "BufferSize": "180",
    "PacketData": "0x01A784000001000200030001036665330864656C697665727903647370026D70096D6963726F736F667403636F6D056E73617463034E45540000010001C00C000100010000012C000434986C60C00C000100010000012C0004287D7A97C02E00020001000151800018057573612D620570726F643109666F6F747072696E74C034C02E00020001000151800008057573612D63C06FC02E00020001000151800008057573612D64C06F00002904B0000000000000",
    "AdditionalInfo": ".",
    "GUID": "{2E983163-7998-4EEF-87CA-F928F4079B39}",
    "EventReceivedTime": "2021-09-16T20:01:01.399736-07:00",
    "SourceModuleName": "dnsserver",
    "SourceModuleType": "im_etw",
    "HostIP": "192.168.1.36"
  },
  {
    "SourceName": "Microsoft-Windows-DNSServer",
    "ProviderGuid": "{EB79061A-A566-4698-9119-3ED2807060E7}",
    "EventID": 257,
    "Version": 0,
    "ChannelID": 16,
    "OpcodeValue": 0,
    "TaskValue": 1,
    "Keywords": "9223372036854775810",
    "EventTime": "2021-09-16T20:01:00.772277-07:00",
    "ExecutionProcessID": 2080,
    "ExecutionThreadID": 2940,
    "EventType": "INFO",
    "SeverityValue": 2,
    "Severity": "INFO",
    "Hostname": "WIN-93NOI1UVL29",
    "Domain": "NT AUTHORITY",
    "AccountName": "SYSTEM",
    "UserID": "S-1-5-18",
    "AccountType": "User",
    "Flags": "33152",
    "TCP": "0",
    "InterfaceIP": "192.168.1.36",
    "Destination": "192.168.1.36",
    "AA": "0",
    "AD": "0",
    "QNAME": "fe3.delivery.mp.microsoft.com.",
    "QTYPE": "1",
    "XID": "19354",
    "DNSSEC": "0",
    "RCODE": "0",
    "Port": "50813",
    "Scope": "Default",
    "Zone": "..Cache",
    "PolicyName": "NULL",
    "BufferSize": "136",
    "PacketData": "0x4B9A81800001000300000000036665330864656C6976657279026D70096D6963726F736F667403636F6D0000010001C00C0005000100000B6C002D036665330864656C697665727903647370026D70096D6963726F736F667403636F6D056E73617463036E657400C03B000100010000012B000434986C60C03B000100010000012B0004287D7A97",
    "AdditionalInfo": "VirtualizationInstance:.",
    "ElapsedTime": "27",
    "GUID": "{2E983163-7998-4EEF-87CA-F928F4079B39}",
    "EventReceivedTime": "2021-09-16T20:01:01.399736-07:00",
    "SourceModuleName": "dnsserver",
    "SourceModuleType": "im_etw",
    "HostIP": "192.168.1.36"
  },
  {
    "SourceName": "Microsoft-Windows-DNSServer",
    "ProviderGuid": "{EB79061A-A566-4698-9119-3ED2807060E7}",
    "EventID": 256,
    "Version": 0,
    "ChannelID": 16,
    "OpcodeValue": 0,
    "TaskValue": 1,
    "Keywords": "9223372036854775809",
    "EventTime": "2021-09-16T20:01:01.622299-07:00",
    "ExecutionProcessID": 2080,
    "ExecutionThreadID": 2940,
    "EventType": "INFO",
    "SeverityValue": 2,
    "Severity": "INFO",
    "Hostname": "WIN-93NOI1UVL29",
    "Domain": "NT AUTHORITY",
    "AccountName": "SYSTEM",
    "UserID": "S-1-5-18",
    "AccountType": "User",
    "Flags": "256",
    "TCP": "0",
    "InterfaceIP": "192.168.1.36",
    "Source": "192.168.1.36",
    "RD": "1",
    "QNAME": "v10.events.data.microsoft.com.",
    "QTYPE": "28",
    "XID": "42208",
    "Port": "50813",
    "BufferSize": "47",
    "PacketData": "0xA4E00100000100000000000003763130066576656E74730464617461096D6963726F736F667403636F6D00001C0001",
    "AdditionalInfo": ".",
    "GUID": "{42C0740E-4088-4A8B-B614-7B8A0F2EED55}",
    "EventReceivedTime": "2021-09-16T20:01:02.306887-07:00",
    "SourceModuleName": "dnsserver",
    "SourceModuleType": "im_etw",
    "HostIP": "192.168.1.36"
  },
  {
    "SourceName": "Microsoft-Windows-DNSServer",
    "ProviderGuid": "{EB79061A-A566-4698-9119-3ED2807060E7}",
    "EventID": 279,
    "Version": 0,
    "ChannelID": 16,
    "OpcodeValue": 0,
    "TaskValue": 1,
    "Keywords": "9223372071214514176",
    "EventTime": "2021-09-16T20:01:01.622373-07:00",
    "ExecutionProcessID": 2080,
    "ExecutionThreadID": 2940,
    "EventType": "INFO",
    "SeverityValue": 2,
    "Severity": "INFO",
    "Hostname": "WIN-93NOI1UVL29",
    "Domain": "NT AUTHORITY",
    "AccountName": "SYSTEM",
    "UserID": "S-1-5-18",
    "AccountType": "User",
    "Flags": "33152",
    "TCP": "0",
    "InterfaceIP": "192.168.1.36",
    "Source": "192.168.1.36",
    "RD": "1",
    "QNAME": "global.asimov.events.data.trafficmanager.net.",
    "QTYPE": "28",
    "Port": "50813",
    "XID": "42208",
    "BufferSize": "47",
    "PacketData": "0xA4E08180000100010000000003763130066576656E74730464617461096D6963726F736F667403636F6D00001C0001",
    "EventReceivedTime": "2021-09-16T20:01:02.306887-07:00",
    "SourceModuleName": "dnsserver",
    "SourceModuleType": "im_etw",
    "HostIP": "192.168.1.36"
  },
  {
    "SourceName": "Microsoft-Windows-DNSServer",
    "ProviderGuid": "{EB79061A-A566-4698-9119-3ED2807060E7}",
    "EventID": 279,
    "Version": 0,
    "ChannelID": 16,
    "OpcodeValue": 0,
    "TaskValue": 1,
    "Keywords": "9223372071214514176",
    "EventTime": "2021-09-16T20:01:01.622391-07:00",
    "ExecutionProcessID": 2080,
    "ExecutionThreadID": 2940,
    "EventType": "INFO",
    "SeverityValue": 2,
    "Severity": "INFO",
    "Hostname": "WIN-93NOI1UVL29",
    "Domain": "NT AUTHORITY",
    "AccountName": "SYSTEM",
    "UserID": "S-1-5-18",
    "AccountType": "User",
    "Flags": "33152",
    "TCP": "0",
    "InterfaceIP": "192.168.1.36",
    "Source": "192.168.1.36",
    "RD": "1",
    "QNAME": "onedscolprdcus11.centralus.cloudapp.azure.com.",
    "QTYPE": "28",
    "Port": "50813",
    "XID": "42208",
    "BufferSize": "47",
    "PacketData": "0xA4E08180000100020000000003763130066576656E74730464617461096D6963726F736F667403636F6D00001C0001",
    "EventReceivedTime": "2021-09-16T20:01:02.306887-07:00",
    "SourceModuleName": "dnsserver",
    "SourceModuleType": "im_etw",
    "HostIP": "192.168.1.36"
  },
  {
    "SourceName": "Microsoft-Windows-DNSServer",
    "ProviderGuid": "{EB79061A-A566-4698-9119-3ED2807060E7}",
    "EventID": 257,
    "Version": 0,
    "ChannelID": 16,
    "OpcodeValue": 0,
    "TaskValue": 1,
    "Keywords": "9223372036854775810",
    "EventTime": "2021-09-16T20:01:01.622811-07:00",
    "ExecutionProcessID": 2080,
    "ExecutionThreadID": 2940,
    "EventType": "INFO",
    "SeverityValue": 2,
    "Severity": "INFO",
    "Hostname": "WIN-93NOI1UVL29",
    "Domain": "NT AUTHORITY",
    "AccountName": "SYSTEM",
    "UserID": "S-1-5-18",
    "AccountType": "User",
    "Flags": "33152",
    "TCP": "0",
    "InterfaceIP": "192.168.1.36",
    "Destination": "192.168.1.36",
    "AA": "0",
    "AD": "0",
    "QNAME": "v10.events.data.microsoft.com.",
    "QTYPE": "28",
    "XID": "42208",
    "DNSSEC": "0",
    "RCODE": "0",
    "Port": "50813",
    "Scope": "Default",
    "Zone": "..Cache",
    "PolicyName": "NULL",
    "BufferSize": "222",
    "PacketData": "0xA4E08180000100020001000003763130066576656E74730464617461096D6963726F736F667403636F6D00001C0001C00C0005000100000B65002E06676C6F62616C066173696D6F76066576656E747304646174610E747261666669636D616E61676572036E657400C03B000500010000003B002C106F6E656473636F6C70726463757331310963656E7472616C757308636C6F756461707005617A757265C026C086000600010000003B0031076E73312D32303109617A7572652D646E73C026066D736E687374C01C00002711000003840000012C00093A800000003C",
    "AdditionalInfo": "VirtualizationInstance:.",
    "ElapsedTime": "1",
    "GUID": "{42C0740E-4088-4A8B-B614-7B8A0F2EED55}",
    "EventReceivedTime": "2021-09-16T20:01:02.306887-07:00",
    "SourceModuleName": "dnsserver",
    "SourceModuleType": "im_etw",
    "HostIP": "192.168.1.36"
  },
  {
    "SourceName": "Microsoft-Windows-DNSServer",
    "ProviderGuid": "{EB79061A-A566-4698-9119-3ED2807060E7}",
    "EventID": 256,
    "Version": 0,
    "ChannelID": 16,
    "OpcodeValue": 0,
    "TaskValue": 1,
    "Keywords": "9223372036854775809",
    "EventTime": "2021-09-16T20:01:01.678116-07:00",
    "ExecutionProcessID": 2080,
    "ExecutionThreadID": 2940,
    "EventType": "INFO",
    "SeverityValue": 2,
    "Severity": "INFO",
    "Hostname": "WIN-93NOI1UVL29",
    "Domain": "NT AUTHORITY",
    "AccountName": "SYSTEM",
    "UserID": "S-1-5-18",
    "AccountType": "User",
    "Flags": "256",
    "TCP": "0",
    "InterfaceIP": "192.168.1.36",
    "Source": "192.168.1.36",
    "RD": "1",
    "QNAME": "geo.prod.do.dsp.mp.microsoft.com.",
    "QTYPE": "1",
    "XID": "13173",
    "Port": "63099",
    "BufferSize": "50",
    "PacketData": "0x3375010000010000000000000367656F0470726F6402646F03647370026D70096D6963726F736F667403636F6D0000010001",
    "AdditionalInfo": ".",
    "GUID": "{F9E9CBAD-D437-41FE-9440-E5325B30ED6E}",
    "EventReceivedTime": "2021-09-16T20:01:02.306887-07:00",
    "SourceModuleName": "dnsserver",
    "SourceModuleType": "im_etw",
    "HostIP": "192.168.1.36"
  },
  {
    "SourceName": "Microsoft-Windows-DNSServer",
    "ProviderGuid": "{EB79061A-A566-4698-9119-3ED2807060E7}",
    "EventID": 279,
    "Version": 0,
    "ChannelID": 16,
    "OpcodeValue": 0,
    "TaskValue": 1,
    "Keywords": "9223372071214514176",
    "EventTime": "2021-09-16T20:01:01.678136-07:00",
    "ExecutionProcessID": 2080,
    "ExecutionThreadID": 2940,
    "EventType": "INFO",
    "SeverityValue": 2,
    "Severity": "INFO",
    "Hostname": "WIN-93NOI1UVL29",
    "Domain": "NT AUTHORITY",
    "AccountName": "SYSTEM",
    "UserID": "S-1-5-18",
    "AccountType": "User",
    "Flags": "33152",
    "TCP": "0",
    "InterfaceIP": "192.168.1.36",
    "Source": "192.168.1.36",
    "RD": "1",
    "QNAME": "geo.prod.do.dsp.trafficmanager.net.",
    "QTYPE": "1",
    "Port": "63099",
    "XID": "13173",
    "BufferSize": "50",
    "PacketData": "0x3375818000010001000000000367656F0470726F6402646F03647370026D70096D6963726F736F667403636F6D0000010001",
    "EventReceivedTime": "2021-09-16T20:01:02.306887-07:00",
    "SourceModuleName": "dnsserver",
    "SourceModuleType": "im_etw",
    "HostIP": "192.168.1.36"
  },
