  {
    "SourceName": "Microsoft-Windows-DNSServer",
    "ProviderGuid": "{EB79061A-A566-4698-9119-3ED2807060E7}",
    "EventID": 256,
    "Version": 0,
    "ChannelID": 16,
    "OpcodeValue": 0,
    "TaskValue": 1,
    "Keywords": "9223372036854775809",
    "EventTime": "2021-09-16T20:02:37.501044-07:00",
    "ExecutionProcessID": 2080,
    "ExecutionThreadID": 2940,
    "EventType": "INFO",
    "SeverityValue": 2,
    "Severity": "INFO",
    "Hostname": "WIN-93NOI1UVL29",
    "Domain": "NT AUTHORITY",
    "AccountName": "SYSTEM",
    "UserID": "S-1-5-18",
    "AccountType": "User",
    "Flags": "256",
    "TCP": "0",
    "InterfaceIP": "192.168.1.36",
    "Source": "192.168.1.7",
    "RD": "1",
    "QNAME": "client-api.hubstaff.com.",
    "QTYPE": "28",
    "XID": "22724",
    "Port": "34040",
    "BufferSize": "41",
    "PacketData": "0x58C4010000010000000000000A636C69656E742D61706908687562737461666603636F6D00001C0001",
    "AdditionalInfo": ".",
    "GUID": "{D15FA217-F63A-4200-AA49-BD2CE150D554}",
    "EventReceivedTime": "2021-09-16T20:02:38.450297-07:00",
    "SourceModuleName": "dnsserver",
    "SourceModuleType": "im_etw",
    "HostIP": "192.168.1.36"
  },
  {
    "SourceName": "Microsoft-Windows-DNSServer",
    "ProviderGuid": "{EB79061A-A566-4698-9119-3ED2807060E7}",
    "EventID": 279,
    "Version": 0,
    "ChannelID": 16,
    "OpcodeValue": 0,
    "TaskValue": 1,
    "Keywords": "9223372071214514176",
    "EventTime": "2021-09-16T20:02:37.501055-07:00",
    "ExecutionProcessID": 2080,
    "ExecutionThreadID": 2940,
    "EventType": "INFO",
    "SeverityValue": 2,
    "Severity": "INFO",
    "Hostname": "WIN-93NOI1UVL29",
    "Domain": "NT AUTHORITY",
    "AccountName": "SYSTEM",
    "UserID": "S-1-5-18",
    "AccountType": "User",
    "Flags": "33152",
    "TCP": "0",
    "InterfaceIP": "192.168.1.36",
    "Source": "192.168.1.7",
    "RD": "1",
    "QNAME": "philosophical-bison-9vt8wzdndw3v3gp7qhq4k8x0.herokudns.com.",
    "QTYPE": "28",
    "Port": "34040",
    "XID": "22724",
    "BufferSize": "41",
    "PacketData": "0x58C4818000010001000000000A636C69656E742D61706908687562737461666603636F6D00001C0001",
    "EventReceivedTime": "2021-09-16T20:02:38.450297-07:00",
    "SourceModuleName": "dnsserver",
    "SourceModuleType": "im_etw",
    "HostIP": "192.168.1.36"
  },
  {
    "SourceName": "Microsoft-Windows-DNSServer",
    "ProviderGuid": "{EB79061A-A566-4698-9119-3ED2807060E7}",
    "EventID": 260,
    "Version": 0,
    "ChannelID": 16,
    "OpcodeValue": 0,
    "TaskValue": 2,
    "Keywords": "9223372036854775824",
    "EventTime": "2021-09-16T20:02:37.501599-07:00",
    "ExecutionProcessID": 2080,
    "ExecutionThreadID": 2940,
    "EventType": "INFO",
    "SeverityValue": 2,
    "Severity": "INFO",
    "Hostname": "WIN-93NOI1UVL29",
    "Domain": "NT AUTHORITY",
    "AccountName": "SYSTEM",
    "UserID": "S-1-5-18",
    "AccountType": "User",
    "Flags": "0",
    "TCP": "0",
    "Destination": "198.51.44.5",
    "InterfaceIP": "0.0.0.0",
    "RD": "0",
    "QNAME": "philosophical-bison-9vt8wzdndw3v3gp7qhq4k8x0.herokudns.com.",
    "QTYPE": "28",
    "QXID": "22724",
    "XID": "3939",
    "Port": "0",
    "RecursionScope": ".",
    "CacheScope": "Default",
    "PolicyName": "NULL",
    "BufferSize": "87",
    "PacketData": "0x0F63000000010000000000012C7068696C6F736F70686963616C2D6269736F6E2D39767438777A646E6477337633677037716871346B387830096865726F6B75646E7303636F6D00001C00010000290FA0000080000000",
    "AdditionalInfo": ".",
    "GUID": "{D15FA217-F63A-4200-AA49-BD2CE150D554}",
    "EventReceivedTime": "2021-09-16T20:02:38.450297-07:00",
    "SourceModuleName": "dnsserver",
    "SourceModuleType": "im_etw",
    "HostIP": "192.168.1.36"
  },
  {
    "SourceName": "Microsoft-Windows-DNSServer",
    "ProviderGuid": "{EB79061A-A566-4698-9119-3ED2807060E7}",
    "EventID": 261,
    "Version": 0,
    "ChannelID": 16,
    "OpcodeValue": 0,
    "TaskValue": 2,
    "Keywords": "9223372036854775840",
    "EventTime": "2021-09-16T20:02:37.522171-07:00",
    "ExecutionProcessID": 2080,
    "ExecutionThreadID": 2940,
    "EventType": "INFO",
    "SeverityValue": 2,
    "Severity": "INFO",
    "Hostname": "WIN-93NOI1UVL29",
    "Domain": "NT AUTHORITY",
    "AccountName": "SYSTEM",
    "UserID": "S-1-5-18",
    "AccountType": "User",
    "Flags": "33792",
    "TCP": "0",
    "Source": "198.51.44.5",
    "InterfaceIP": "0.0.0.0",
    "AA": "1",
    "AD": "0",
    "QNAME": "philosophical-bison-9vt8wzdndw3v3gp7qhq4k8x0.herokudns.com.",
    "QTYPE": "1",
    "XID": "143",
    "RecursionDepth": "1",
    "Port": "0",
    "RecursionScope": ".",
    "CacheScope": "Default",
    "BufferSize": "260",
    "PacketData": "0x008F840000010005000000012C7068696C6F736F70686963616C2D6269736F6E2D39767438777A646E6477337633677037716871346B387830096865726F6B75646E7303636F6D0000010001C00C0001000100000003000434CAA841C00C0001000100000003000436ED8551C00C0001000100000003000436A1F12EC00C0001000100000003000412CDDE80C00C002E000100000003006100010D0300000003614556CD6142B3CDAE90096865726F6B75646E7303636F6D000896428443D4FD36DDF0D0047C89E7B8D65E331C04E7EF824D3ABA862E6717070DFBAE7891C1C29A090F63B23353DD531EF04701C973723FD8E9694329EF63A300002904D0000080000000",
    "AdditionalInfo": ".",
    "GUID": "{F669A225-BC8B-4FCE-97FF-3DCDC3979077}",
    "EventReceivedTime": "2021-09-16T20:02:38.450297-07:00",
    "SourceModuleName": "dnsserver",
    "SourceModuleType": "im_etw",
    "HostIP": "192.168.1.36"
  },
  {
    "SourceName": "Microsoft-Windows-DNSServer",
    "ProviderGuid": "{EB79061A-A566-4698-9119-3ED2807060E7}",
    "EventID": 257,
    "Version": 0,
    "ChannelID": 16,
    "OpcodeValue": 0,
    "TaskValue": 1,
    "Keywords": "9223372036854775810",
    "EventTime": "2021-09-16T20:02:37.522607-07:00",
    "ExecutionProcessID": 2080,
    "ExecutionThreadID": 2940,
    "EventType": "INFO",
    "SeverityValue": 2,
    "Severity": "INFO",
    "Hostname": "WIN-93NOI1UVL29",
    "Domain": "NT AUTHORITY",
    "AccountName": "SYSTEM",
    "UserID": "S-1-5-18",
    "AccountType": "User",
    "Flags": "33152",
    "TCP": "0",
    "InterfaceIP": "192.168.1.36",
    "Destination": "192.168.1.7",
    "AA": "0",
    "AD": "0",
    "QNAME": "client-api.hubstaff.com.",
    "QTYPE": "1",
    "XID": "28353",
    "DNSSEC": "0",
    "RCODE": "0",
    "Port": "34040",
    "Scope": "Default",
    "Zone": "..Cache",
    "PolicyName": "NULL",
    "BufferSize": "174",
    "PacketData": "0x6EC1818000010005000000000A636C69656E742D61706908687562737461666603636F6D0000010001C00C0005000100000B6A00392C7068696C6F736F70686963616C2D6269736F6E2D39767438777A646E6477337633677037716871346B387830096865726F6B75646E73C020C0350001000100000003000434CAA841C0350001000100000003000436ED8551C0350001000100000003000436A1F12EC0350001000100000003000412CDDE80",
    "AdditionalInfo": "VirtualizationInstance:.",
    "ElapsedTime": "22",
    "GUID": "{F669A225-BC8B-4FCE-97FF-3DCDC3979077}",
    "EventReceivedTime": "2021-09-16T20:02:38.465406-07:00",
    "SourceModuleName": "dnsserver",
    "SourceModuleType": "im_etw",
    "HostIP": "192.168.1.36"
  },
  {
    "SourceName": "Microsoft-Windows-DNSServer",
    "ProviderGuid": "{EB79061A-A566-4698-9119-3ED2807060E7}",
    "EventID": 261,
    "Version": 0,
    "ChannelID": 16,
    "OpcodeValue": 0,
    "TaskValue": 2,
    "Keywords": "9223372036854775840",
    "EventTime": "2021-09-16T20:02:37.522705-07:00",
    "ExecutionProcessID": 2080,
    "ExecutionThreadID": 2940,
    "EventType": "INFO",
    "SeverityValue": 2,
    "Severity": "INFO",
    "Hostname": "WIN-93NOI1UVL29",
    "Domain": "NT AUTHORITY",
    "AccountName": "SYSTEM",
    "UserID": "S-1-5-18",
    "AccountType": "User",
    "Flags": "33792",
    "TCP": "0",
    "Source": "198.51.44.5",
    "InterfaceIP": "0.0.0.0",
    "AA": "1",
    "AD": "0",
    "QNAME": "philosophical-bison-9vt8wzdndw3v3gp7qhq4k8x0.herokudns.com.",
    "QTYPE": "28",
    "XID": "3939",
    "RecursionDepth": "1",
    "Port": "0",
    "RecursionScope": ".",
    "CacheScope": "Default",
    "BufferSize": "452",
    "PacketData": "0x0F63840000010000000400012C7068696C6F736F70686963616C2D6269736F6E2D39767438777A646E6477337633677037716871346B387830096865726F6B75646E7303636F6D00001C0001C039000600010000000A003504646E733103703035056E736F6E65036E6574000A686F73746D6173746572C0616144054B0000025800000384001275000000000AC039002E00010000000A006100060D020000003C614556CD6142B3CDAE90096865726F6B75646E7303636F6D0091E615DC06357ACDDC9DD324E54A1F533AF928BE6BDBE2142A4BCCDFBA0CD9F946EB5B8ACF87C7A196A2141551C09593FEC2EAD0784B0ECB6CD8562E95CE9B22C00C002F00010000000A004601002C7068696C6F736F70686963616C2D6269736F6E2D39767438777A646E6477337633677037716871346B387830096865726F6B75646E7303636F6D000006400000000003C00C002E00010000000A0061002F0D030000000A614556CD6142B3CDAE90096865726F6B75646E7303636F6D00D8305E68F06452332628373FA2856F8FCFB97591BB4CD8D6E31EAB2C404E2277B0B96CCFD692C72AA77B38B80E448A125845C56E208EE3AC91937A217C3A6AFF00002904D0000080000000",
    "AdditionalInfo": ".",
    "GUID": "{D15FA217-F63A-4200-AA49-BD2CE150D554}",
    "EventReceivedTime": "2021-09-16T20:02:38.465406-07:00",
    "SourceModuleName": "dnsserver",
    "SourceModuleType": "im_etw",
    "HostIP": "192.168.1.36"
  },
  {
    "SourceName": "Microsoft-Windows-DNSServer",
    "ProviderGuid": "{EB79061A-A566-4698-9119-3ED2807060E7}",
    "EventID": 257,
    "Version": 0,
    "ChannelID": 16,
    "OpcodeValue": 0,
    "TaskValue": 1,
    "Keywords": "9223372036854775810",
    "EventTime": "2021-09-16T20:02:37.523799-07:00",
    "ExecutionProcessID": 2080,
    "ExecutionThreadID": 2940,
    "EventType": "INFO",
    "SeverityValue": 2,
    "Severity": "INFO",
    "Hostname": "WIN-93NOI1UVL29",
    "Domain": "NT AUTHORITY",
    "AccountName": "SYSTEM",
    "UserID": "S-1-5-18",
    "AccountType": "User",
    "Flags": "33152",
    "TCP": "0",
    "InterfaceIP": "192.168.1.36",
    "Destination": "192.168.1.7",
    "AA": "0",
    "AD": "0",
    "QNAME": "client-api.hubstaff.com.",
    "QTYPE": "28",
    "XID": "22724",
    "DNSSEC": "0",
    "RCODE": "0",
    "Port": "34040",
    "Scope": "Default",
    "Zone": "..Cache",
    "PolicyName": "NULL",
    "BufferSize": "110",
    "PacketData": "0x58C4818000010001000000000A636C69656E742D61706908687562737461666603636F6D00001C0001C00C0005000100000B6A00392C7068696C6F736F70686963616C2D6269736F6E2D39767438777A646E6477337633677037716871346B387830096865726F6B75646E73C020",
    "AdditionalInfo": "VirtualizationInstance:.",
    "ElapsedTime": "23",
    "GUID": "{D15FA217-F63A-4200-AA49-BD2CE150D554}",
    "EventReceivedTime": "2021-09-16T20:02:38.465406-07:00",
    "SourceModuleName": "dnsserver",
    "SourceModuleType": "im_etw",
    "HostIP": "192.168.1.36"
  },
  {
    "SourceName": "Microsoft-Windows-DNSServer",
    "ProviderGuid": "{EB79061A-A566-4698-9119-3ED2807060E7}",
    "EventID": 256,
    "Version": 0,
    "ChannelID": 16,
    "OpcodeValue": 0,
    "TaskValue": 1,
    "Keywords": "9223372036854775809",
    "EventTime": "2021-09-16T20:02:37.816418-07:00",
    "ExecutionProcessID": 2080,
    "ExecutionThreadID": 2940,
    "EventType": "INFO",
    "SeverityValue": 2,
    "Severity": "INFO",
    "Hostname": "WIN-93NOI1UVL29",
    "Domain": "NT AUTHORITY",
    "AccountName": "SYSTEM",
    "UserID": "S-1-5-18",
    "AccountType": "User",
    "Flags": "256",
    "TCP": "0",
    "InterfaceIP": "192.168.1.36",
    "Source": "192.168.1.7",
    "RD": "1",
    "QNAME": "client-api.hubstaff.com.",
    "QTYPE": "1",
    "XID": "25916",
    "Port": "49303",
    "BufferSize": "41",
    "PacketData": "0x653C010000010000000000000A636C69656E742D61706908687562737461666603636F6D0000010001",
    "AdditionalInfo": ".",
    "GUID": "{37F2A86F-6786-4009-97CF-F9966D07F554}",
    "EventReceivedTime": "2021-09-16T20:02:38.465406-07:00",
    "SourceModuleName": "dnsserver",
    "SourceModuleType": "im_etw",
    "HostIP": "192.168.1.36"
  },
  {
    "SourceName": "Microsoft-Windows-DNSServer",
    "ProviderGuid": "{EB79061A-A566-4698-9119-3ED2807060E7}",
    "EventID": 279,
    "Version": 0,
    "ChannelID": 16,
    "OpcodeValue": 0,
    "TaskValue": 1,
    "Keywords": "9223372071214514176",
    "EventTime": "2021-09-16T20:02:37.816471-07:00",
    "ExecutionProcessID": 2080,
    "ExecutionThreadID": 2940,
    "EventType": "INFO",
    "SeverityValue": 2,
    "Severity": "INFO",
    "Hostname": "WIN-93NOI1UVL29",
    "Domain": "NT AUTHORITY",
    "AccountName": "SYSTEM",
    "UserID": "S-1-5-18",
    "AccountType": "User",
    "Flags": "33152",
    "TCP": "0",
    "InterfaceIP": "192.168.1.36",
    "Source": "192.168.1.7",
    "RD": "1",
    "QNAME": "philosophical-bison-9vt8wzdndw3v3gp7qhq4k8x0.herokudns.com.",
    "QTYPE": "1",
    "Port": "49303",
    "XID": "25916",
    "BufferSize": "41",
    "PacketData": "0x653C818000010001000000000A636C69656E742D61706908687562737461666603636F6D0000010001",
    "EventReceivedTime": "2021-09-16T20:02:38.465406-07:00",
    "SourceModuleName": "dnsserver",
    "SourceModuleType": "im_etw",
    "HostIP": "192.168.1.36"
  },
  {
    "SourceName": "Microsoft-Windows-DNSServer",
    "ProviderGuid": "{EB79061A-A566-4698-9119-3ED2807060E7}",
    "EventID": 257,
    "Version": 0,
    "ChannelID": 16,
    "OpcodeValue": 0,
    "TaskValue": 1,
    "Keywords": "9223372036854775810",
    "EventTime": "2021-09-16T20:02:37.816693-07:00",
    "ExecutionProcessID": 2080,
    "ExecutionThreadID": 2940,
    "EventType": "INFO",
    "SeverityValue": 2,
    "Severity": "INFO",
    "Hostname": "WIN-93NOI1UVL29",
    "Domain": "NT AUTHORITY",
    "AccountName": "SYSTEM",
    "UserID": "S-1-5-18",
    "AccountType": "User",
    "Flags": "33152",
    "TCP": "0",
    "InterfaceIP": "192.168.1.36",
    "Destination": "192.168.1.7",
    "AA": "0",
    "AD": "0",
    "QNAME": "client-api.hubstaff.com.",
    "QTYPE": "1",
    "XID": "25916",
    "DNSSEC": "0",
    "RCODE": "0",
    "Port": "49303",
    "Scope": "Default",
    "Zone": "..Cache",
    "PolicyName": "NULL",
    "BufferSize": "174",
    "PacketData": "0x653C818000010005000000000A636C69656E742D61706908687562737461666603636F6D0000010001C00C0005000100000B6900392C7068696C6F736F70686963616C2D6269736F6E2D39767438777A646E6477337633677037716871346B387830096865726F6B75646E73C020C0350001000100000002000436ED8551C0350001000100000002000436A1F12EC0350001000100000002000412CDDE80C0350001000100000002000434CAA841",
    "AdditionalInfo": "VirtualizationInstance:.",
    "ElapsedTime": "1",
    "GUID": "{37F2A86F-6786-4009-97CF-F9966D07F554}",
    "EventReceivedTime": "2021-09-16T20:02:38.465406-07:00",
    "SourceModuleName": "dnsserver",
    "SourceModuleType": "im_etw",
    "HostIP": "192.168.1.36"
  },
  {
    "SourceName": "Microsoft-Windows-DNSServer",
    "ProviderGuid": "{EB79061A-A566-4698-9119-3ED2807060E7}",
    "EventID": 256,
    "Version": 0,
    "ChannelID": 16,
    "OpcodeValue": 0,
    "TaskValue": 1,
    "Keywords": "9223372036854775809",
    "EventTime": "2021-09-16T20:02:37.816772-07:00",
    "ExecutionProcessID": 2080,
    "ExecutionThreadID": 2940,
    "EventType": "INFO",
    "SeverityValue": 2,
    "Severity": "INFO",
    "Hostname": "WIN-93NOI1UVL29",
    "Domain": "NT AUTHORITY",
    "AccountName": "SYSTEM",
    "UserID": "S-1-5-18",
    "AccountType": "User",
    "Flags": "256",
    "TCP": "0",
    "InterfaceIP": "192.168.1.36",
    "Source": "192.168.1.7",
    "RD": "1",
    "QNAME": "client-api.hubstaff.com.",
    "QTYPE": "28",
    "XID": "11813",
    "Port": "49303",
    "BufferSize": "41",
    "PacketData": "0x2E25010000010000000000000A636C69656E742D61706908687562737461666603636F6D00001C0001",
    "AdditionalInfo": ".",
    "GUID": "{2AD92699-7BAB-4F5D-9F2E-F61FCADDBB27}",
    "EventReceivedTime": "2021-09-16T20:02:38.465406-07:00",
    "SourceModuleName": "dnsserver",
    "SourceModuleType": "im_etw",
    "HostIP": "192.168.1.36"
  },
  {
    "SourceName": "Microsoft-Windows-DNSServer",
    "ProviderGuid": "{EB79061A-A566-4698-9119-3ED2807060E7}",
    "EventID": 279,
    "Version": 0,
    "ChannelID": 16,
    "OpcodeValue": 0,
    "TaskValue": 1,
    "Keywords": "9223372071214514176",
    "EventTime": "2021-09-16T20:02:37.817446-07:00",
    "ExecutionProcessID": 2080,
    "ExecutionThreadID": 2940,
    "EventType": "INFO",
    "SeverityValue": 2,
    "Severity": "INFO",
    "Hostname": "WIN-93NOI1UVL29",
    "Domain": "NT AUTHORITY",
    "AccountName": "SYSTEM",
    "UserID": "S-1-5-18",
    "AccountType": "User",
    "Flags": "33152",
    "TCP": "0",
    "InterfaceIP": "192.168.1.36",
    "Source": "192.168.1.7",
    "RD": "1",
    "QNAME": "philosophical-bison-9vt8wzdndw3v3gp7qhq4k8x0.herokudns.com.",
    "QTYPE": "28",
    "Port": "49303",
    "XID": "11813",
    "BufferSize": "41",
    "PacketData": "0x2E25818000010001000000000A636C69656E742D61706908687562737461666603636F6D00001C0001",
    "EventReceivedTime": "2021-09-16T20:02:38.465406-07:00",
    "SourceModuleName": "dnsserver",
    "SourceModuleType": "im_etw",
    "HostIP": "192.168.1.36"
  },
  {
    "SourceName": "Microsoft-Windows-DNSServer",
    "ProviderGuid": "{EB79061A-A566-4698-9119-3ED2807060E7}",
    "EventID": 257,
    "Version": 0,
    "ChannelID": 16,
    "OpcodeValue": 0,
    "TaskValue": 1,
    "Keywords": "9223372036854775810",
    "EventTime": "2021-09-16T20:02:37.818188-07:00",
    "ExecutionProcessID": 2080,
    "ExecutionThreadID": 2940,
    "EventType": "INFO",
    "SeverityValue": 2,
    "Severity": "INFO",
    "Hostname": "WIN-93NOI1UVL29",
    "Domain": "NT AUTHORITY",
    "AccountName": "SYSTEM",
    "UserID": "S-1-5-18",
    "AccountType": "User",
    "Flags": "33152",
    "TCP": "0",
    "InterfaceIP": "192.168.1.36",
    "Destination": "192.168.1.7",
    "AA": "0",
    "AD": "0",
    "QNAME": "client-api.hubstaff.com.",
    "QTYPE": "28",
    "XID": "11813",
    "DNSSEC": "0",
    "RCODE": "0",
    "Port": "49303",
    "Scope": "Default",
    "Zone": "..Cache",
    "PolicyName": "NULL",
    "BufferSize": "175",
    "PacketData": "0x2E25818000010001000100000A636C69656E742D61706908687562737461666603636F6D00001C0001C00C0005000100000B6900392C7068696C6F736F70686963616C2D6269736F6E2D39767438777A646E6477337633677037716871346B387830096865726F6B75646E73C020C0620006000100000009003504646E733103703035056E736F6E65036E6574000A686F73746D6173746572C0836144054B0000025800000384001275000000000A",
    "AdditionalInfo": "VirtualizationInstance:.",
    "ElapsedTime": "1",
    "GUID": "{2AD92699-7BAB-4F5D-9F2E-F61FCADDBB27}",
    "EventReceivedTime": "2021-09-16T20:02:38.465406-07:00",
    "SourceModuleName": "dnsserver",
    "SourceModuleType": "im_etw",
    "HostIP": "192.168.1.36"
  },
  {
    "SourceName": "Microsoft-Windows-DNSServer",
    "ProviderGuid": "{EB79061A-A566-4698-9119-3ED2807060E7}",
    "EventID": 256,
    "Version": 0,
    "ChannelID": 16,
    "OpcodeValue": 0,
    "TaskValue": 1,
    "Keywords": "9223372036854775809",
    "EventTime": "2021-09-16T20:02:38.008738-07:00",
    "ExecutionProcessID": 2080,
    "ExecutionThreadID": 2940,
    "EventType": "INFO",
    "SeverityValue": 2,
    "Severity": "INFO",
    "Hostname": "WIN-93NOI1UVL29",
    "Domain": "NT AUTHORITY",
    "AccountName": "SYSTEM",
    "UserID": "S-1-5-18",
    "AccountType": "User",
    "Flags": "256",
    "TCP": "0",
    "InterfaceIP": "192.168.1.36",
    "Source": "192.168.1.7",
    "RD": "1",
    "QNAME": "hubstaff-production.s3.amazonaws.com.",
    "QTYPE": "1",
    "XID": "10163",
    "Port": "55973",
    "BufferSize": "54",
    "PacketData": "0x27B3010000010000000000001368756273746166662D70726F64756374696F6E02733309616D617A6F6E61777303636F6D0000010001",
    "AdditionalInfo": ".",
    "GUID": "{655153B3-79C3-4347-8F3A-3EB74FDF847A}",
    "EventReceivedTime": "2021-09-16T20:02:38.465406-07:00",
    "SourceModuleName": "dnsserver",
    "SourceModuleType": "im_etw",
    "HostIP": "192.168.1.36"
  },
  {
    "SourceName": "Microsoft-Windows-DNSServer",
    "ProviderGuid": "{EB79061A-A566-4698-9119-3ED2807060E7}",
    "EventID": 279,
    "Version": 0,
    "ChannelID": 16,
    "OpcodeValue": 0,
    "TaskValue": 1,
    "Keywords": "9223372071214514176",
    "EventTime": "2021-09-16T20:02:38.008851-07:00",
    "ExecutionProcessID": 2080,
    "ExecutionThreadID": 2940,
    "EventType": "INFO",
    "SeverityValue": 2,
    "Severity": "INFO",
    "Hostname": "WIN-93NOI1UVL29",
    "Domain": "NT AUTHORITY",
    "AccountName": "SYSTEM",
    "UserID": "S-1-5-18",
    "AccountType": "User",
    "Flags": "33152",
    "TCP": "0",
    "InterfaceIP": "192.168.1.36",
    "Source": "192.168.1.7",
    "RD": "1",
    "QNAME": "s3-1-w.amazonaws.com.",
    "QTYPE": "1",
    "Port": "55973",
    "XID": "10163",
    "BufferSize": "54",
    "PacketData": "0x27B3818000010001000000001368756273746166662D70726F64756374696F6E02733309616D617A6F6E61777303636F6D0000010001",
    "EventReceivedTime": "2021-09-16T20:02:38.465406-07:00",
    "SourceModuleName": "dnsserver",
    "SourceModuleType": "im_etw",
    "HostIP": "192.168.1.36"
  },
  {
    "SourceName": "Microsoft-Windows-DNSServer",
    "ProviderGuid": "{EB79061A-A566-4698-9119-3ED2807060E7}",
    "EventID": 260,
    "Version": 0,
    "ChannelID": 16,
    "OpcodeValue": 0,
    "TaskValue": 2,
    "Keywords": "9223372036854775824",
    "EventTime": "2021-09-16T20:02:38.009465-07:00",
    "ExecutionProcessID": 2080,
    "ExecutionThreadID": 2940,
    "EventType": "INFO",
    "SeverityValue": 2,
    "Severity": "INFO",
    "Hostname": "WIN-93NOI1UVL29",
    "Domain": "NT AUTHORITY",
    "AccountName": "SYSTEM",
    "UserID": "S-1-5-18",
    "AccountType": "User",
    "Flags": "0",
    "TCP": "0",
    "Destination": "156.154.64.10",
    "InterfaceIP": "0.0.0.0",
    "RD": "0",
    "QNAME": "s3-1-w.amazonaws.com.",
    "QTYPE": "1",
    "QXID": "10163",
    "XID": "10567",
    "Port": "0",
    "RecursionScope": ".",
    "CacheScope": "Default",
    "PolicyName": "NULL",
    "BufferSize": "49",
    "PacketData": "0x2947000000010000000000010673332D312D7709616D617A6F6E61777303636F6D00000100010000290FA0000080000000",
    "AdditionalInfo": ".",
    "GUID": "{655153B3-79C3-4347-8F3A-3EB74FDF847A}",
    "EventReceivedTime": "2021-09-16T20:02:38.465406-07:00",
    "SourceModuleName": "dnsserver",
    "SourceModuleType": "im_etw",
    "HostIP": "192.168.1.36"
  },
  {
    "SourceName": "Microsoft-Windows-DNSServer",
    "ProviderGuid": "{EB79061A-A566-4698-9119-3ED2807060E7}",
    "EventID": 256,
    "Version": 0,
    "ChannelID": 16,
    "OpcodeValue": 0,
    "TaskValue": 1,
    "Keywords": "9223372036854775809",
    "EventTime": "2021-09-16T20:02:38.009545-07:00",
    "ExecutionProcessID": 2080,
    "ExecutionThreadID": 2940,
    "EventType": "INFO",
    "SeverityValue": 2,
    "Severity": "INFO",
    "Hostname": "WIN-93NOI1UVL29",
    "Domain": "NT AUTHORITY",
    "AccountName": "SYSTEM",
    "UserID": "S-1-5-18",
    "AccountType": "User",
    "Flags": "256",
    "TCP": "0",
    "InterfaceIP": "192.168.1.36",
    "Source": "192.168.1.7",
    "RD": "1",
    "QNAME": "hubstaff-production.s3.amazonaws.com.",
    "QTYPE": "28",
    "XID": "18051",
    "Port": "55973",
    "BufferSize": "54",
    "PacketData": "0x4683010000010000000000001368756273746166662D70726F64756374696F6E02733309616D617A6F6E61777303636F6D00001C0001",
    "AdditionalInfo": ".",
    "GUID": "{00D43B9E-7DCD-4267-BDEF-892E6CD11AD4}",
    "EventReceivedTime": "2021-09-16T20:02:38.465406-07:00",
    "SourceModuleName": "dnsserver",
    "SourceModuleType": "im_etw",
    "HostIP": "192.168.1.36"
  },
  {
    "SourceName": "Microsoft-Windows-DNSServer",
    "ProviderGuid": "{EB79061A-A566-4698-9119-3ED2807060E7}",
    "EventID": 279,
    "Version": 0,
    "ChannelID": 16,
    "OpcodeValue": 0,
    "TaskValue": 1,
    "Keywords": "9223372071214514176",
    "EventTime": "2021-09-16T20:02:38.009835-07:00",
    "ExecutionProcessID": 2080,
    "ExecutionThreadID": 2940,
    "EventType": "INFO",
    "SeverityValue": 2,
    "Severity": "INFO",
    "Hostname": "WIN-93NOI1UVL29",
    "Domain": "NT AUTHORITY",
    "AccountName": "SYSTEM",
    "UserID": "S-1-5-18",
    "AccountType": "User",
    "Flags": "33152",
    "TCP": "0",
    "InterfaceIP": "192.168.1.36",
    "Source": "192.168.1.7",
    "RD": "1",
    "QNAME": "s3-1-w.amazonaws.com.",
    "QTYPE": "28",
    "Port": "55973",
    "XID": "18051",
    "BufferSize": "54",
    "PacketData": "0x4683818000010001000000001368756273746166662D70726F64756374696F6E02733309616D617A6F6E61777303636F6D00001C0001",
    "EventReceivedTime": "2021-09-16T20:02:38.465406-07:00",
    "SourceModuleName": "dnsserver",
    "SourceModuleType": "im_etw",
    "HostIP": "192.168.1.36"
  },
  {
    "SourceName": "Microsoft-Windows-DNSServer",
    "ProviderGuid": "{EB79061A-A566-4698-9119-3ED2807060E7}",
    "EventID": 260,
    "Version": 0,
    "ChannelID": 16,
    "OpcodeValue": 0,
    "TaskValue": 2,
    "Keywords": "9223372036854775824",
    "EventTime": "2021-09-16T20:02:38.010245-07:00",
    "ExecutionProcessID": 2080,
    "ExecutionThreadID": 2940,
    "EventType": "INFO",
    "SeverityValue": 2,
    "Severity": "INFO",
    "Hostname": "WIN-93NOI1UVL29",
    "Domain": "NT AUTHORITY",
    "AccountName": "SYSTEM",
    "UserID": "S-1-5-18",
    "AccountType": "User",
    "Flags": "0",
    "TCP": "0",
    "Destination": "156.154.64.10",
    "InterfaceIP": "0.0.0.0",
    "RD": "0",
    "QNAME": "s3-1-w.amazonaws.com.",
    "QTYPE": "28",
    "QXID": "18051",
    "XID": "55017",
    "Port": "0",
    "RecursionScope": ".",
    "CacheScope": "Default",
    "PolicyName": "NULL",
    "BufferSize": "49",
    "PacketData": "0xD6E9000000010000000000010673332D312D7709616D617A6F6E61777303636F6D00001C00010000290FA0000080000000",
    "AdditionalInfo": ".",
    "GUID": "{00D43B9E-7DCD-4267-BDEF-892E6CD11AD4}",
    "EventReceivedTime": "2021-09-16T20:02:38.465406-07:00",
    "SourceModuleName": "dnsserver",
    "SourceModuleType": "im_etw",
    "HostIP": "192.168.1.36"
  },
  {
    "SourceName": "Microsoft-Windows-DNSServer",
    "ProviderGuid": "{EB79061A-A566-4698-9119-3ED2807060E7}",
    "EventID": 261,
    "Version": 0,
    "ChannelID": 16,
    "OpcodeValue": 0,
    "TaskValue": 2,
    "Keywords": "9223372036854775840",
    "EventTime": "2021-09-16T20:02:38.051261-07:00",
    "ExecutionProcessID": 2080,
    "ExecutionThreadID": 2940,
    "EventType": "INFO",
    "SeverityValue": 2,
    "Severity": "INFO",
    "Hostname": "WIN-93NOI1UVL29",
    "Domain": "NT AUTHORITY",
    "AccountName": "SYSTEM",
    "UserID": "S-1-5-18",
    "AccountType": "User",
    "Flags": "33792",
    "TCP": "0",
    "Source": "156.154.64.10",
    "InterfaceIP": "0.0.0.0",
    "AA": "1",
    "AD": "0",
    "QNAME": "s3-1-w.amazonaws.com.",
    "QTYPE": "1",
    "XID": "10567",
    "RecursionDepth": "1",
    "Port": "0",
    "RecursionScope": ".",
    "CacheScope": "Default",
    "BufferSize": "634",
    "PacketData": "0x2947840000010001000D000D0673332D312D7709616D617A6F6E61777303636F6D0000010001C00C000500010000012500110473332D770975732D656173742D31C0130975732D656173742D31C013000200010000025800140570646E733108756C747261646E73036E657400C037000200010000025800140570646E733308756C747261646E73036F726700C03700020001000002580005027531C013C03700020001000002580005027532C013C03700020001000002580011036E7331037033310664796E656374C068C03700020001000002580006036E7332C0BFC03700020001000002580005027533C013C03700020001000002580005027534C013C03700020001000002580005027535C013C03700020001000002580005027536C013C037000200010000025800150570646E733508756C747261646E7304696E666F00C03700020001000002580006036E7334C0BFC03700020001000002580006036E7333C0BFC099000100010000070800049C9A400AC099001C000100000E09001020010502F3FF00000000000000000010C0AA000100010000070800049C9A410AC0AA001C000100000E170010261000A1101400000000000000000010C0EA000100010000070800049C9A420AC0EA001C000100000DFD0010261000A1101500000000000000000010C0FB000100010000070800049C9A430AC0FB001C000100000E21001020010502461200000000000000000010C10C000100010000070800049C9A440AC10C001C000100000DF30010261000A1101600000000000000000010C11D000100010000070800049C9A450AC11D001C000100000E270010261000A11017000000000000000000100000291000000080000000",
    "AdditionalInfo": ".",
    "GUID": "{655153B3-79C3-4347-8F3A-3EB74FDF847A}",
    "EventReceivedTime": "2021-09-16T20:02:38.465406-07:00",
    "SourceModuleName": "dnsserver",
    "SourceModuleType": "im_etw",
    "HostIP": "192.168.1.36"
  },
  {
    "SourceName": "Microsoft-Windows-DNSServer",
    "ProviderGuid": "{EB79061A-A566-4698-9119-3ED2807060E7}",
    "EventID": 279,
    "Version": 0,
    "ChannelID": 16,
    "OpcodeValue": 0,
    "TaskValue": 1,
    "Keywords": "9223372071214514176",
    "EventTime": "2021-09-16T20:02:38.051371-07:00",
    "ExecutionProcessID": 2080,
    "ExecutionThreadID": 2940,
    "EventType": "INFO",
    "SeverityValue": 2,
    "Severity": "INFO",
    "Hostname": "WIN-93NOI1UVL29",
    "Domain": "NT AUTHORITY",
    "AccountName": "SYSTEM",
    "UserID": "S-1-5-18",
    "AccountType": "User",
    "Flags": "33152",
    "TCP": "0",
    "InterfaceIP": "192.168.1.36",
    "Source": "192.168.1.7",
    "RD": "1",
    "QNAME": "s3-w.us-east-1.amazonaws.com.",
    "QTYPE": "1",
    "Port": "55973",
    "XID": "10163",
    "BufferSize": "54",
    "PacketData": "0x27B3818000010002000000001368756273746166662D70726F64756374696F6E02733309616D617A6F6E61777303636F6D0000010001",
    "EventReceivedTime": "2021-09-16T20:02:38.465406-07:00",
    "SourceModuleName": "dnsserver",
    "SourceModuleType": "im_etw",
    "HostIP": "192.168.1.36"
  },
  {
    "SourceName": "Microsoft-Windows-DNSServer",
    "ProviderGuid": "{EB79061A-A566-4698-9119-3ED2807060E7}",
    "EventID": 260,
    "Version": 0,
    "ChannelID": 16,
    "OpcodeValue": 0,
    "TaskValue": 2,
    "Keywords": "9223372036854775824",
    "EventTime": "2021-09-16T20:02:38.051572-07:00",
    "ExecutionProcessID": 2080,
    "ExecutionThreadID": 2940,
    "EventType": "INFO",
    "SeverityValue": 2,
    "Severity": "INFO",
    "Hostname": "WIN-93NOI1UVL29",
    "Domain": "NT AUTHORITY",
    "AccountName": "SYSTEM",
    "UserID": "S-1-5-18",
    "AccountType": "User",
    "Flags": "0",
    "TCP": "0",
    "Destination": "205.251.193.72",
    "InterfaceIP": "0.0.0.0",
    "RD": "0",
    "QNAME": "s3-w.us-east-1.amazonaws.com.",
    "QTYPE": "1",
    "QXID": "10163",
    "XID": "33033",
    "Port": "0",
    "RecursionScope": ".",
    "CacheScope": "Default",
    "PolicyName": "NULL",
    "BufferSize": "57",
    "PacketData": "0x8109000000010000000000010473332D770975732D656173742D3109616D617A6F6E61777303636F6D00000100010000290FA0000080000000",
    "AdditionalInfo": ".",
    "GUID": "{655153B3-79C3-4347-8F3A-3EB74FDF847A}",
    "EventReceivedTime": "2021-09-16T20:02:38.465406-07:00",
    "SourceModuleName": "dnsserver",
    "SourceModuleType": "im_etw",
    "HostIP": "192.168.1.36"
  },
  {
    "SourceName": "Microsoft-Windows-DNSServer",
    "ProviderGuid": "{EB79061A-A566-4698-9119-3ED2807060E7}",
    "EventID": 261,
    "Version": 0,
    "ChannelID": 16,
    "OpcodeValue": 0,
    "TaskValue": 2,
    "Keywords": "9223372036854775840",
    "EventTime": "2021-09-16T20:02:38.051704-07:00",
    "ExecutionProcessID": 2080,
    "ExecutionThreadID": 2940,
    "EventType": "INFO",
    "SeverityValue": 2,
    "Severity": "INFO",
    "Hostname": "WIN-93NOI1UVL29",
    "Domain": "NT AUTHORITY",
    "AccountName": "SYSTEM",
    "UserID": "S-1-5-18",
    "AccountType": "User",
    "Flags": "33792",
    "TCP": "0",
    "Source": "156.154.64.10",
    "InterfaceIP": "0.0.0.0",
    "AA": "1",
    "AD": "0",
    "QNAME": "s3-1-w.amazonaws.com.",
    "QTYPE": "28",
    "XID": "55017",
    "RecursionDepth": "1",
    "Port": "0",
    "RecursionScope": ".",
    "CacheScope": "Default",
    "BufferSize": "634",
    "PacketData": "0xD6E9840000010001000D000D0673332D312D7709616D617A6F6E61777303636F6D00001C0001C00C000500010000012500110473332D770975732D656173742D31C0130975732D656173742D31C013000200010000025800140570646E733108756C747261646E73036E657400C037000200010000025800140570646E733308756C747261646E73036F726700C03700020001000002580005027531C013C03700020001000002580005027532C013C03700020001000002580011036E7331037033310664796E656374C068C03700020001000002580006036E7332C0BFC03700020001000002580005027533C013C03700020001000002580005027534C013C03700020001000002580005027535C013C03700020001000002580005027536C013C037000200010000025800150570646E733508756C747261646E7304696E666F00C03700020001000002580006036E7334C0BFC03700020001000002580006036E7333C0BFC099000100010000070800049C9A400AC099001C000100000E09001020010502F3FF00000000000000000010C0AA000100010000070800049C9A410AC0AA001C000100000E170010261000A1101400000000000000000010C0EA000100010000070800049C9A420AC0EA001C000100000DFD0010261000A1101500000000000000000010C0FB000100010000070800049C9A430AC0FB001C000100000E21001020010502461200000000000000000010C10C000100010000070800049C9A440AC10C001C000100000DF30010261000A1101600000000000000000010C11D000100010000070800049C9A450AC11D001C000100000E270010261000A11017000000000000000000100000291000000080000000",
    "AdditionalInfo": ".",
    "GUID": "{00D43B9E-7DCD-4267-BDEF-892E6CD11AD4}",
    "EventReceivedTime": "2021-09-16T20:02:38.465406-07:00",
    "SourceModuleName": "dnsserver",
    "SourceModuleType": "im_etw",
    "HostIP": "192.168.1.36"
  },
  {
    "SourceName": "Microsoft-Windows-DNSServer",
    "ProviderGuid": "{EB79061A-A566-4698-9119-3ED2807060E7}",
    "EventID": 279,
    "Version": 0,
    "ChannelID": 16,
    "OpcodeValue": 0,
    "TaskValue": 1,
    "Keywords": "9223372071214514176",
    "EventTime": "2021-09-16T20:02:38.051822-07:00",
    "ExecutionProcessID": 2080,
    "ExecutionThreadID": 2940,
    "EventType": "INFO",
    "SeverityValue": 2,
    "Severity": "INFO",
    "Hostname": "WIN-93NOI1UVL29",
    "Domain": "NT AUTHORITY",
    "AccountName": "SYSTEM",
    "UserID": "S-1-5-18",
    "AccountType": "User",
    "Flags": "33152",
    "TCP": "0",
    "InterfaceIP": "192.168.1.36",
    "Source": "192.168.1.7",
    "RD": "1",
    "QNAME": "s3-w.us-east-1.amazonaws.com.",
    "QTYPE": "28",
    "Port": "55973",
    "XID": "18051",
    "BufferSize": "54",
    "PacketData": "0x4683818000010002000000001368756273746166662D70726F64756374696F6E02733309616D617A6F6E61777303636F6D00001C0001",
    "EventReceivedTime": "2021-09-16T20:02:38.465406-07:00",
    "SourceModuleName": "dnsserver",
    "SourceModuleType": "im_etw",
    "HostIP": "192.168.1.36"
  },
  {
    "SourceName": "Microsoft-Windows-DNSServer",
    "ProviderGuid": "{EB79061A-A566-4698-9119-3ED2807060E7}",
    "EventID": 260,
    "Version": 0,
    "ChannelID": 16,
    "OpcodeValue": 0,
    "TaskValue": 2,
    "Keywords": "9223372036854775824",
    "EventTime": "2021-09-16T20:02:38.051953-07:00",
    "ExecutionProcessID": 2080,
    "ExecutionThreadID": 2940,
    "EventType": "INFO",
    "SeverityValue": 2,
    "Severity": "INFO",
    "Hostname": "WIN-93NOI1UVL29",
    "Domain": "NT AUTHORITY",
    "AccountName": "SYSTEM",
    "UserID": "S-1-5-18",
    "AccountType": "User",
    "Flags": "0",
    "TCP": "0",
    "Destination": "205.251.193.72",
    "InterfaceIP": "0.0.0.0",
    "RD": "0",
    "QNAME": "s3-w.us-east-1.amazonaws.com.",
    "QTYPE": "28",
    "QXID": "18051",
    "XID": "26902",
    "Port": "0",
    "RecursionScope": ".",
    "CacheScope": "Default",
    "PolicyName": "NULL",
    "BufferSize": "57",
    "PacketData": "0x6916000000010000000000010473332D770975732D656173742D3109616D617A6F6E61777303636F6D00001C00010000290FA0000080000000",
    "AdditionalInfo": ".",
    "GUID": "{00D43B9E-7DCD-4267-BDEF-892E6CD11AD4}",
    "EventReceivedTime": "2021-09-16T20:02:38.465406-07:00",
    "SourceModuleName": "dnsserver",
    "SourceModuleType": "im_etw",
    "HostIP": "192.168.1.36"
  },
  {
    "SourceName": "Microsoft-Windows-DNSServer",
    "ProviderGuid": "{EB79061A-A566-4698-9119-3ED2807060E7}",
    "EventID": 261,
    "Version": 0,
    "ChannelID": 16,
    "OpcodeValue": 0,
    "TaskValue": 2,
    "Keywords": "9223372036854775840",
    "EventTime": "2021-09-16T20:02:38.071951-07:00",
    "ExecutionProcessID": 2080,
    "ExecutionThreadID": 2940,
    "EventType": "INFO",
    "SeverityValue": 2,
    "Severity": "INFO",
    "Hostname": "WIN-93NOI1UVL29",
    "Domain": "NT AUTHORITY",
    "AccountName": "SYSTEM",
    "UserID": "S-1-5-18",
    "AccountType": "User",
    "Flags": "33824",
    "TCP": "0",
    "Source": "205.251.193.72",
    "InterfaceIP": "0.0.0.0",
    "AA": "1",
    "AD": "1",
    "QNAME": "s3-w.us-east-1.amazonaws.com.",
    "QTYPE": "1",
    "XID": "33033",
    "RecursionDepth": "2",
    "Port": "0",
    "RecursionScope": ".",
    "CacheScope": "Default",
    "BufferSize": "210",
    "PacketData": "0x8109842000010001000400010473332D770975732D656173742D3109616D617A6F6E61777303636F6D0000010001C00C0001000100000005000434D9552CC00C00020001000038050017076E732D3131373309617773646E732D3138036F726700C00C00020001000038050019076E732D3136323009617773646E732D313002636F02756B00C00C00020001000038050013066E732D33323809617773646E732D3431C025C00C00020001000038050016066E732D36373409617773646E732D3230036E6574000000291000000080000000",
    "AdditionalInfo": ".",
    "GUID": "{655153B3-79C3-4347-8F3A-3EB74FDF847A}",
    "EventReceivedTime": "2021-09-16T20:02:38.465406-07:00",
    "SourceModuleName": "dnsserver",
    "SourceModuleType": "im_etw",
    "HostIP": "192.168.1.36"
  },
  {
    "SourceName": "Microsoft-Windows-DNSServer",
    "ProviderGuid": "{EB79061A-A566-4698-9119-3ED2807060E7}",
    "EventID": 257,
    "Version": 0,
    "ChannelID": 16,
    "OpcodeValue": 0,
    "TaskValue": 1,
    "Keywords": "9223372036854775810",
    "EventTime": "2021-09-16T20:02:38.072048-07:00",
    "ExecutionProcessID": 2080,
    "ExecutionThreadID": 2940,
    "EventType": "INFO",
    "SeverityValue": 2,
    "Severity": "INFO",
    "Hostname": "WIN-93NOI1UVL29",
    "Domain": "NT AUTHORITY",
    "AccountName": "SYSTEM",
    "UserID": "S-1-5-18",
    "AccountType": "User",
    "Flags": "33152",
    "TCP": "0",
    "InterfaceIP": "192.168.1.36",
    "Destination": "192.168.1.7",
    "AA": "0",
    "AD": "0",
    "QNAME": "hubstaff-production.s3.amazonaws.com.",
    "QTYPE": "1",
    "XID": "10163",
    "DNSSEC": "0",
    "RCODE": "0",
    "Port": "55973",
    "Scope": "Default",
    "Zone": "..Cache",
    "PolicyName": "NULL",
    "BufferSize": "120",
    "PacketData": "0x27B3818000010003000000001368756273746166662D70726F64756374696F6E02733309616D617A6F6E61777303636F6D0000010001C00C000500010000A4ED00090673332D312D77C023C042000500010000012500110473332D770975732D656173742D31C023C0570001000100000005000434D9552C",
    "AdditionalInfo": "VirtualizationInstance:.",
    "ElapsedTime": "64",
    "GUID": "{655153B3-79C3-4347-8F3A-3EB74FDF847A}",
    "EventReceivedTime": "2021-09-16T20:02:38.465406-07:00",
    "SourceModuleName": "dnsserver",
    "SourceModuleType": "im_etw",
    "HostIP": "192.168.1.36"
  },
  {
    "SourceName": "Microsoft-Windows-DNSServer",
    "ProviderGuid": "{EB79061A-A566-4698-9119-3ED2807060E7}",
    "EventID": 261,
    "Version": 0,
    "ChannelID": 16,
    "OpcodeValue": 0,
    "TaskValue": 2,
    "Keywords": "9223372036854775840",
    "EventTime": "2021-09-16T20:02:38.073807-07:00",
    "ExecutionProcessID": 2080,
    "ExecutionThreadID": 2940,
    "EventType": "INFO",
    "SeverityValue": 2,
    "Severity": "INFO",
    "Hostname": "WIN-93NOI1UVL29",
    "Domain": "NT AUTHORITY",
    "AccountName": "SYSTEM",
    "UserID": "S-1-5-18",
    "AccountType": "User",
    "Flags": "33824",
    "TCP": "0",
    "Source": "205.251.193.72",
    "InterfaceIP": "0.0.0.0",
    "AA": "1",
    "AD": "1",
    "QNAME": "s3-w.us-east-1.amazonaws.com.",
    "QTYPE": "28",
    "XID": "26902",
    "RecursionDepth": "2",
    "Port": "0",
    "RecursionScope": ".",
    "CacheScope": "Default",
    "BufferSize": "135",
    "PacketData": "0x6916842000010000000100010473332D770975732D656173742D3109616D617A6F6E61777303636F6D00001C0001C00C00060001000038050042066E732D33323809617773646E732D3431C02511617773646E732D686F73746D617374657206616D617A6F6EC0250000000100001C200000038400127500000001250000291000000080000000",
    "AdditionalInfo": ".",
    "GUID": "{00D43B9E-7DCD-4267-BDEF-892E6CD11AD4}",
    "EventReceivedTime": "2021-09-16T20:02:38.493633-07:00",
    "SourceModuleName": "dnsserver",
    "SourceModuleType": "im_etw",
    "HostIP": "192.168.1.36"
  },
  {
    "SourceName": "Microsoft-Windows-DNSServer",
    "ProviderGuid": "{EB79061A-A566-4698-9119-3ED2807060E7}",
    "EventID": 257,
    "Version": 0,
    "ChannelID": 16,
    "OpcodeValue": 0,
    "TaskValue": 1,
    "Keywords": "9223372036854775810",
    "EventTime": "2021-09-16T20:02:38.074029-07:00",
    "ExecutionProcessID": 2080,
    "ExecutionThreadID": 2940,
    "EventType": "INFO",
    "SeverityValue": 2,
    "Severity": "INFO",
    "Hostname": "WIN-93NOI1UVL29",
    "Domain": "NT AUTHORITY",
    "AccountName": "SYSTEM",
    "UserID": "S-1-5-18",
    "AccountType": "User",
    "Flags": "33152",
    "TCP": "0",
    "InterfaceIP": "192.168.1.36",
    "Destination": "192.168.1.7",
    "AA": "0",
    "AD": "0",
    "QNAME": "hubstaff-production.s3.amazonaws.com.",
    "QTYPE": "28",
    "XID": "18051",
    "DNSSEC": "0",
    "RCODE": "0",
    "Port": "55973",
    "Scope": "Default",
    "Zone": "..Cache",
    "PolicyName": "NULL",
    "BufferSize": "104",
    "PacketData": "0x4683818000010002000000001368756273746166662D70726F64756374696F6E02733309616D617A6F6E61777303636F6D00001C0001C00C000500010000A4ED00090673332D312D77C023C042000500010000012500110473332D770975732D656173742D31C023",
    "AdditionalInfo": "VirtualizationInstance:.",
    "ElapsedTime": "64",
    "GUID": "{00D43B9E-7DCD-4267-BDEF-892E6CD11AD4}",
    "EventReceivedTime": "2021-09-16T20:02:38.493633-07:00",
    "SourceModuleName": "dnsserver",
    "SourceModuleType": "im_etw",
    "HostIP": "192.168.1.36"
  },
  {
    "SourceName": "Microsoft-Windows-DNSServer",
    "ProviderGuid": "{EB79061A-A566-4698-9119-3ED2807060E7}",
    "EventID": 256,
    "Version": 0,
    "ChannelID": 16,
    "OpcodeValue": 0,
    "TaskValue": 1,
    "Keywords": "9223372036854775809",
    "EventTime": "2021-09-16T20:02:38.274303-07:00",
    "ExecutionProcessID": 2080,
    "ExecutionThreadID": 2940,
    "EventType": "INFO",
    "SeverityValue": 2,
    "Severity": "INFO",
    "Hostname": "WIN-93NOI1UVL29",
    "Domain": "NT AUTHORITY",
    "AccountName": "SYSTEM",
    "UserID": "S-1-5-18",
    "AccountType": "User",
    "Flags": "256",
    "TCP": "0",
    "InterfaceIP": "192.168.1.36",
    "Source": "192.168.1.7",
    "RD": "1",
    "QNAME": "hubstaff-production.s3.amazonaws.com.",
    "QTYPE": "1",
    "XID": "25504",
    "Port": "34348",
    "BufferSize": "54",
    "PacketData": "0x63A0010000010000000000001368756273746166662D70726F64756374696F6E02733309616D617A6F6E61777303636F6D0000010001",
    "AdditionalInfo": ".",
    "GUID": "{3965283C-AF6F-4C15-8A2F-88FF7D8F7E06}",
    "EventReceivedTime": "2021-09-16T20:02:38.493633-07:00",
    "SourceModuleName": "dnsserver",
    "SourceModuleType": "im_etw",
    "HostIP": "192.168.1.36"
  },
  {
    "SourceName": "Microsoft-Windows-DNSServer",
    "ProviderGuid": "{EB79061A-A566-4698-9119-3ED2807060E7}",
    "EventID": 279,
    "Version": 0,
    "ChannelID": 16,
    "OpcodeValue": 0,
    "TaskValue": 1,
    "Keywords": "9223372071214514176",
    "EventTime": "2021-09-16T20:02:38.274419-07:00",
    "ExecutionProcessID": 2080,
    "ExecutionThreadID": 2940,
    "EventType": "INFO",
    "SeverityValue": 2,
    "Severity": "INFO",
    "Hostname": "WIN-93NOI1UVL29",
    "Domain": "NT AUTHORITY",
    "AccountName": "SYSTEM",
    "UserID": "S-1-5-18",
    "AccountType": "User",
    "Flags": "33152",
    "TCP": "0",
    "InterfaceIP": "192.168.1.36",
    "Source": "192.168.1.7",
    "RD": "1",
    "QNAME": "s3-1-w.amazonaws.com.",
    "QTYPE": "1",
    "Port": "34348",
    "XID": "25504",
    "BufferSize": "54",
    "PacketData": "0x63A0818000010001000000001368756273746166662D70726F64756374696F6E02733309616D617A6F6E61777303636F6D0000010001",
    "EventReceivedTime": "2021-09-16T20:02:38.493633-07:00",
    "SourceModuleName": "dnsserver",
    "SourceModuleType": "im_etw",
    "HostIP": "192.168.1.36"
  },
  {
    "SourceName": "Microsoft-Windows-DNSServer",
    "ProviderGuid": "{EB79061A-A566-4698-9119-3ED2807060E7}",
    "EventID": 279,
    "Version": 0,
    "ChannelID": 16,
    "OpcodeValue": 0,
    "TaskValue": 1,
    "Keywords": "9223372071214514176",
    "EventTime": "2021-09-16T20:02:38.275875-07:00",
    "ExecutionProcessID": 2080,
    "ExecutionThreadID": 2940,
    "EventType": "INFO",
    "SeverityValue": 2,
    "Severity": "INFO",
    "Hostname": "WIN-93NOI1UVL29",
    "Domain": "NT AUTHORITY",
    "AccountName": "SYSTEM",
    "UserID": "S-1-5-18",
    "AccountType": "User",
    "Flags": "33152",
    "TCP": "0",
    "InterfaceIP": "192.168.1.36",
    "Source": "192.168.1.7",
    "RD": "1",
    "QNAME": "s3-w.us-east-1.amazonaws.com.",
    "QTYPE": "1",
    "Port": "34348",
    "XID": "25504",
    "BufferSize": "54",
    "PacketData": "0x63A0818000010002000000001368756273746166662D70726F64756374696F6E02733309616D617A6F6E61777303636F6D0000010001",
    "EventReceivedTime": "2021-09-16T20:02:38.496555-07:00",
    "SourceModuleName": "dnsserver",
    "SourceModuleType": "im_etw",
    "HostIP": "192.168.1.36"
  },
  {
    "SourceName": "Microsoft-Windows-DNSServer",
    "ProviderGuid": "{EB79061A-A566-4698-9119-3ED2807060E7}",
    "EventID": 257,
    "Version": 0,
    "ChannelID": 16,
    "OpcodeValue": 0,
    "TaskValue": 1,
    "Keywords": "9223372036854775810",
    "EventTime": "2021-09-16T20:02:38.276181-07:00",
    "ExecutionProcessID": 2080,
    "ExecutionThreadID": 2940,
    "EventType": "INFO",
    "SeverityValue": 2,
    "Severity": "INFO",
    "Hostname": "WIN-93NOI1UVL29",
    "Domain": "NT AUTHORITY",
    "AccountName": "SYSTEM",
    "UserID": "S-1-5-18",
    "AccountType": "User",
    "Flags": "33152",
    "TCP": "0",
    "InterfaceIP": "192.168.1.36",
    "Destination": "192.168.1.7",
    "AA": "0",
    "AD": "0",
    "QNAME": "hubstaff-production.s3.amazonaws.com.",
    "QTYPE": "1",
    "XID": "25504",
    "DNSSEC": "0",
    "RCODE": "0",
    "Port": "34348",
    "Scope": "Default",
    "Zone": "..Cache",
    "PolicyName": "NULL",
    "BufferSize": "120",
    "PacketData": "0x63A0818000010003000000001368756273746166662D70726F64756374696F6E02733309616D617A6F6E61777303636F6D0000010001C00C000500010000A4ED00090673332D312D77C023C042000500010000012500110473332D770975732D656173742D31C023C0570001000100000005000434D9552C",
    "AdditionalInfo": "VirtualizationInstance:.",
    "ElapsedTime": "2",
    "GUID": "{3965283C-AF6F-4C15-8A2F-88FF7D8F7E06}",
    "EventReceivedTime": "2021-09-16T20:02:38.496555-07:00",
    "SourceModuleName": "dnsserver",
    "SourceModuleType": "im_etw",
    "HostIP": "192.168.1.36"
  },
  {
    "SourceName": "Microsoft-Windows-DNSServer",
    "ProviderGuid": "{EB79061A-A566-4698-9119-3ED2807060E7}",
    "EventID": 256,
    "Version": 0,
    "ChannelID": 16,
    "OpcodeValue": 0,
    "TaskValue": 1,
    "Keywords": "9223372036854775809",
    "EventTime": "2021-09-16T20:02:38.276380-07:00",
    "ExecutionProcessID": 2080,
    "ExecutionThreadID": 2940,
    "EventType": "INFO",
    "SeverityValue": 2,
    "Severity": "INFO",
    "Hostname": "WIN-93NOI1UVL29",
    "Domain": "NT AUTHORITY",
    "AccountName": "SYSTEM",
    "UserID": "S-1-5-18",
    "AccountType": "User",
    "Flags": "256",
    "TCP": "0",
    "InterfaceIP": "192.168.1.36",
    "Source": "192.168.1.7",
    "RD": "1",
    "QNAME": "hubstaff-production.s3.amazonaws.com.",
    "QTYPE": "28",
    "XID": "55697",
    "Port": "34348",
    "BufferSize": "54",
    "PacketData": "0xD991010000010000000000001368756273746166662D70726F64756374696F6E02733309616D617A6F6E61777303636F6D00001C0001",
    "AdditionalInfo": ".",
    "GUID": "{1A348351-D1F2-494B-8487-3C621E41F109}",
    "EventReceivedTime": "2021-09-16T20:02:38.496555-07:00",
    "SourceModuleName": "dnsserver",
    "SourceModuleType": "im_etw",
    "HostIP": "192.168.1.36"
  },
  {
    "SourceName": "Microsoft-Windows-DNSServer",
    "ProviderGuid": "{EB79061A-A566-4698-9119-3ED2807060E7}",
    "EventID": 279,
    "Version": 0,
    "ChannelID": 16,
    "OpcodeValue": 0,
    "TaskValue": 1,
    "Keywords": "9223372071214514176",
    "EventTime": "2021-09-16T20:02:38.276439-07:00",
    "ExecutionProcessID": 2080,
    "ExecutionThreadID": 2940,
    "EventType": "INFO",
    "SeverityValue": 2,
    "Severity": "INFO",
    "Hostname": "WIN-93NOI1UVL29",
    "Domain": "NT AUTHORITY",
    "AccountName": "SYSTEM",
    "UserID": "S-1-5-18",
    "AccountType": "User",
    "Flags": "33152",
    "TCP": "0",
    "InterfaceIP": "192.168.1.36",
    "Source": "192.168.1.7",
    "RD": "1",
    "QNAME": "s3-1-w.amazonaws.com.",
    "QTYPE": "28",
    "Port": "34348",
    "XID": "55697",
    "BufferSize": "54",
    "PacketData": "0xD991818000010001000000001368756273746166662D70726F64756374696F6E02733309616D617A6F6E61777303636F6D00001C0001",
    "EventReceivedTime": "2021-09-16T20:02:38.496555-07:00",
    "SourceModuleName": "dnsserver",
    "SourceModuleType": "im_etw",
    "HostIP": "192.168.1.36"
  },
