  {
    "SourceName": "Microsoft-Windows-DNSServer",
    "ProviderGuid": "{EB79061A-A566-4698-9119-3ED2807060E7}",
    "EventID": 257,
    "Version": 0,
    "ChannelID": 16,
    "OpcodeValue": 0,
    "TaskValue": 1,
    "Keywords": "9223372036854775810",
    "EventTime": "2021-09-16T20:11:37.399556-07:00",
    "ExecutionProcessID": 2080,
    "ExecutionThreadID": 2940,
    "EventType": "INFO",
    "SeverityValue": 2,
    "Severity": "INFO",
    "Hostname": "WIN-93NOI1UVL29",
    "Domain": "NT AUTHORITY",
    "AccountName": "SYSTEM",
    "UserID": "S-1-5-18",
    "AccountType": "User",
    "Flags": "33152",
    "TCP": "0",
    "InterfaceIP": "192.168.1.36",
    "Destination": "192.168.1.7",
    "AA": "0",
    "AD": "0",
    "QNAME": "youtube.googleapis.com.",
    "QTYPE": "1",
    "XID": "20659",
    "DNSSEC": "0",
    "RCODE": "0",
    "Port": "41014",
    "Scope": "Default",
    "Zone": "..Cache",
    "PolicyName": "NULL",
    "BufferSize": "56",
    "PacketData": "0x50B38180000100010000000007796F75747562650A676F6F676C656170697303636F6D0000010001C00C000100010000012C00048EFABFEA",
    "AdditionalInfo": "VirtualizationInstance:.",
    "ElapsedTime": "42",
    "GUID": "{BB6BC72D-01BE-4E10-9151-78CE461C9952}",
    "EventReceivedTime": "2021-09-16T20:11:37.587444-07:00",
    "SourceModuleName": "dnsserver",
    "SourceModuleType": "im_etw",
    "HostIP": "192.168.1.36"
  },
  {
    "SourceName": "Microsoft-Windows-DNSServer",
    "ProviderGuid": "{EB79061A-A566-4698-9119-3ED2807060E7}",
    "EventID": 256,
    "Version": 0,
    "ChannelID": 16,
    "OpcodeValue": 0,
    "TaskValue": 1,
    "Keywords": "9223372036854775809",
    "EventTime": "2021-09-16T20:11:37.404454-07:00",
    "ExecutionProcessID": 2080,
    "ExecutionThreadID": 2940,
    "EventType": "INFO",
    "SeverityValue": 2,
    "Severity": "INFO",
    "Hostname": "WIN-93NOI1UVL29",
    "Domain": "NT AUTHORITY",
    "AccountName": "SYSTEM",
    "UserID": "S-1-5-18",
    "AccountType": "User",
    "Flags": "256",
    "TCP": "0",
    "InterfaceIP": "192.168.1.36",
    "Source": "192.168.1.7",
    "RD": "1",
    "QNAME": "www.youtube-nocookie.com.",
    "QTYPE": "1",
    "XID": "30149",
    "Port": "53765",
    "BufferSize": "42",
    "PacketData": "0x75C5010000010000000000000377777710796F75747562652D6E6F636F6F6B696503636F6D0000010001",
    "AdditionalInfo": ".",
    "GUID": "{1AB159AA-394B-49C5-B02C-8C5D01528454}",
    "EventReceivedTime": "2021-09-16T20:11:37.587444-07:00",
    "SourceModuleName": "dnsserver",
    "SourceModuleType": "im_etw",
    "HostIP": "192.168.1.36"
  },
  {
    "SourceName": "Microsoft-Windows-DNSServer",
    "ProviderGuid": "{EB79061A-A566-4698-9119-3ED2807060E7}",
    "EventID": 260,
    "Version": 0,
    "ChannelID": 16,
    "OpcodeValue": 0,
    "TaskValue": 2,
    "Keywords": "9223372036854775824",
    "EventTime": "2021-09-16T20:11:37.405537-07:00",
    "ExecutionProcessID": 2080,
    "ExecutionThreadID": 2940,
    "EventType": "INFO",
    "SeverityValue": 2,
    "Severity": "INFO",
    "Hostname": "WIN-93NOI1UVL29",
    "Domain": "NT AUTHORITY",
    "AccountName": "SYSTEM",
    "UserID": "S-1-5-18",
    "AccountType": "User",
    "Flags": "0",
    "TCP": "0",
    "Destination": "2001:503:d2d::30",
    "InterfaceIP": "::",
    "RD": "0",
    "QNAME": "www.youtube-nocookie.com.",
    "QTYPE": "1",
    "QXID": "30149",
    "XID": "10374",
    "Port": "0",
    "RecursionScope": ".",
    "CacheScope": "Default",
    "PolicyName": "NULL",
    "BufferSize": "53",
    "PacketData": "0x2886000000010000000000010377777710796F75747562652D6E6F636F6F6B696503636F6D00000100010000290FA0000080000000",
    "AdditionalInfo": ".",
    "GUID": "{1AB159AA-394B-49C5-B02C-8C5D01528454}",
    "EventReceivedTime": "2021-09-16T20:11:37.587444-07:00",
    "SourceModuleName": "dnsserver",
    "SourceModuleType": "im_etw",
    "HostIP": "192.168.1.36"
  },
  {
    "SourceName": "Microsoft-Windows-DNSServer",
    "ProviderGuid": "{EB79061A-A566-4698-9119-3ED2807060E7}",
    "EventID": 261,
    "Version": 0,
    "ChannelID": 16,
    "OpcodeValue": 0,
    "TaskValue": 2,
    "Keywords": "9223372036854775840",
    "EventTime": "2021-09-16T20:11:37.430922-07:00",
    "ExecutionProcessID": 2080,
    "ExecutionThreadID": 2940,
    "EventType": "INFO",
    "SeverityValue": 2,
    "Severity": "INFO",
    "Hostname": "WIN-93NOI1UVL29",
    "Domain": "NT AUTHORITY",
    "AccountName": "SYSTEM",
    "UserID": "S-1-5-18",
    "AccountType": "User",
    "Flags": "32768",
    "TCP": "0",
    "Source": "216.239.36.110",
    "InterfaceIP": "0.0.0.0",
    "AA": "0",
    "AD": "0",
    "QNAME": "prod.detectportal.prod.cloudops.mozgcp.NET.",
    "QTYPE": "28",
    "XID": "30461",
    "RecursionDepth": "9",
    "Port": "0",
    "RecursionScope": ".",
    "CacheScope": "Default",
    "BufferSize": "192",
    "PacketData": "0x76FD800000010000000400010470726F640C646574656374706F7274616C0470726F6408636C6F75646F7073066D6F7A676370034E455400001C0001C011000200010000012C001F0B6E732D636C6F75642D64310D676F6F676C65646F6D61696E7303636F6D00C011000200010000012C000E0B6E732D636C6F75642D6434C054C011000200010000012C000E0B6E732D636C6F75642D6433C054C011000200010000012C000E0B6E732D636C6F75642D6432C0540000290200000080000000",
    "AdditionalInfo": ".",
    "GUID": "{77E5BC84-6F69-4896-9B42-8F71AAD8C038}",
    "EventReceivedTime": "2021-09-16T20:11:37.587444-07:00",
    "SourceModuleName": "dnsserver",
    "SourceModuleType": "im_etw",
    "HostIP": "192.168.1.36"
  },
  {
    "SourceName": "Microsoft-Windows-DNSServer",
    "ProviderGuid": "{EB79061A-A566-4698-9119-3ED2807060E7}",
    "EventID": 260,
    "Version": 0,
    "ChannelID": 16,
    "OpcodeValue": 0,
    "TaskValue": 2,
    "Keywords": "9223372036854775824",
    "EventTime": "2021-09-16T20:11:37.432329-07:00",
    "ExecutionProcessID": 2080,
    "ExecutionThreadID": 2940,
    "EventType": "INFO",
    "SeverityValue": 2,
    "Severity": "INFO",
    "Hostname": "WIN-93NOI1UVL29",
    "Domain": "NT AUTHORITY",
    "AccountName": "SYSTEM",
    "UserID": "S-1-5-18",
    "AccountType": "User",
    "Flags": "0",
    "TCP": "0",
    "Destination": "216.239.36.10",
    "InterfaceIP": "0.0.0.0",
    "RD": "0",
    "QNAME": "ns-cloud-d1.googledomains.com.",
    "QTYPE": "1",
    "QXID": "1",
    "XID": "25707",
    "Port": "0",
    "RecursionScope": ".",
    "CacheScope": "Default",
    "PolicyName": "NULL",
    "BufferSize": "58",
    "PacketData": "0x646B000000010000000000010B6E732D636C6F75642D64310D676F6F676C65646F6D61696E7303636F6D00000100010000290FA0000080000000",
    "AdditionalInfo": ".",
    "GUID": "{00000000-0000-0000-0000-000000000000}",
    "EventReceivedTime": "2021-09-16T20:11:37.587444-07:00",
    "SourceModuleName": "dnsserver",
    "SourceModuleType": "im_etw",
    "HostIP": "192.168.1.36"
  },
  {
    "SourceName": "Microsoft-Windows-DNSServer",
    "ProviderGuid": "{EB79061A-A566-4698-9119-3ED2807060E7}",
    "EventID": 261,
    "Version": 0,
    "ChannelID": 16,
    "OpcodeValue": 0,
    "TaskValue": 2,
    "Keywords": "9223372036854775840",
    "EventTime": "2021-09-16T20:11:37.435669-07:00",
    "ExecutionProcessID": 2080,
    "ExecutionThreadID": 2940,
    "EventType": "INFO",
    "SeverityValue": 2,
    "Severity": "INFO",
    "Hostname": "WIN-93NOI1UVL29",
    "Domain": "NT AUTHORITY",
    "AccountName": "SYSTEM",
    "UserID": "S-1-5-18",
    "AccountType": "User",
    "Flags": "32768",
    "TCP": "0",
    "Source": "216.239.36.110",
    "InterfaceIP": "0.0.0.0",
    "AA": "0",
    "AD": "0",
    "QNAME": "prod.detectportal.prod.cloudops.mozgcp.NET.",
    "QTYPE": "1",
    "XID": "10837",
    "RecursionDepth": "8",
    "Port": "0",
    "RecursionScope": ".",
    "CacheScope": "Default",
    "BufferSize": "181",
    "PacketData": "0x2A55800000010000000400000470726F640C646574656374706F7274616C0470726F6408636C6F75646F7073066D6F7A676370034E45540000010001C011000200010000012C001F0B6E732D636C6F75642D64340D676F6F676C65646F6D61696E7303636F6D00C011000200010000012C000E0B6E732D636C6F75642D6433C054C011000200010000012C000E0B6E732D636C6F75642D6431C054C011000200010000012C000E0B6E732D636C6F75642D6432C054",
    "AdditionalInfo": ".",
    "GUID": "{D61F2043-1C2D-4B3E-94A4-EAF81616484A}",
    "EventReceivedTime": "2021-09-16T20:11:37.587444-07:00",
    "SourceModuleName": "dnsserver",
    "SourceModuleType": "im_etw",
    "HostIP": "192.168.1.36"
  },
  {
    "SourceName": "Microsoft-Windows-DNSServer",
    "ProviderGuid": "{EB79061A-A566-4698-9119-3ED2807060E7}",
    "EventID": 260,
    "Version": 0,
    "ChannelID": 16,
    "OpcodeValue": 0,
    "TaskValue": 2,
    "Keywords": "9223372036854775824",
    "EventTime": "2021-09-16T20:11:37.437025-07:00",
    "ExecutionProcessID": 2080,
    "ExecutionThreadID": 2940,
    "EventType": "INFO",
    "SeverityValue": 2,
    "Severity": "INFO",
    "Hostname": "WIN-93NOI1UVL29",
    "Domain": "NT AUTHORITY",
    "AccountName": "SYSTEM",
    "UserID": "S-1-5-18",
    "AccountType": "User",
    "Flags": "0",
    "TCP": "0",
    "Destination": "2001:4860:4802:38::a",
    "InterfaceIP": "::",
    "RD": "0",
    "QNAME": "ns-cloud-d1.googledomains.com.",
    "QTYPE": "1",
    "QXID": "1",
    "XID": "54358",
    "Port": "0",
    "RecursionScope": ".",
    "CacheScope": "Default",
    "PolicyName": "NULL",
    "BufferSize": "58",
    "PacketData": "0xD456000000010000000000010B6E732D636C6F75642D64310D676F6F676C65646F6D61696E7303636F6D00000100010000290FA0000080000000",
    "AdditionalInfo": ".",
    "GUID": "{00000000-0000-0000-0000-000000000000}",
    "EventReceivedTime": "2021-09-16T20:11:37.587444-07:00",
    "SourceModuleName": "dnsserver",
    "SourceModuleType": "im_etw",
    "HostIP": "192.168.1.36"
  },
  {
    "SourceName": "Microsoft-Windows-DNSServer",
    "ProviderGuid": "{EB79061A-A566-4698-9119-3ED2807060E7}",
    "EventID": 261,
    "Version": 0,
    "ChannelID": 16,
    "OpcodeValue": 0,
    "TaskValue": 2,
    "Keywords": "9223372036854775840",
    "EventTime": "2021-09-16T20:11:37.443799-07:00",
    "ExecutionProcessID": 2080,
    "ExecutionThreadID": 2940,
    "EventType": "INFO",
    "SeverityValue": 2,
    "Severity": "INFO",
    "Hostname": "WIN-93NOI1UVL29",
    "Domain": "NT AUTHORITY",
    "AccountName": "SYSTEM",
    "UserID": "S-1-5-18",
    "AccountType": "User",
    "Flags": "32768",
    "TCP": "0",
    "Source": "2001:503:d2d::30",
    "InterfaceIP": "::",
    "AA": "0",
    "AD": "0",
    "QNAME": "www.youtube-nocookie.com.",
    "QTYPE": "1",
    "XID": "10374",
    "RecursionDepth": "1",
    "Port": "0",
    "RecursionScope": ".",
    "CacheScope": "Default",
    "BufferSize": "857",
    "PacketData": "0x2886800000010000000800090377777710796F75747562652D6E6F636F6F6B696503636F6D0000010001C010000200010002A300000D036E733206676F6F676C65C021C010000200010002A3000006036E7331C03AC010000200010002A3000006036E7333C03AC010000200010002A3000006036E7334C03A20434B30504F4A4D473837344C4A5245463745464E38343330515649543842534DC021003200010001518000230101000000146501A0C25720EE156F6C4E39636B3ADA0312D92A000722000000000290C079002E00010001518000B7003208020001518061495E696140138199AF03636F6D0073D49C969AD112E1F52C00137560047BE57A0C63D266917DED0C9A551F1942FF5A835C70F318B7C1EC6363C09CA90BC736EB8345EA6F090394D2675E2DD1E0CEC5ED70EADAD937CA6CC54F1A48BA6BE6ED4985DC52360CD72D6C33AB6A67D91A22530A0F796FA8CD809D5DFD4EDA95D33C8A5BF1A724B9CB9248BFE875C054CB318444F00A1E1D5AE0EB39B04D9810FF639A4962C6AEB971DC01E12935F5E655204733465250384A304E454551473049535254493236534B415434365449424B32C0210032000100015180002201010000001480DFC0F48AB52BBF3D455EFE9DB569FFA77353DE0006200000000012C18C002E00010001518000B70032080200015180614AB61C61416B3499AF03636F6D0039BCA59EE3A308F2E9087C1E8096907E13DC44EEDB0CFE2EEF443EFA0A4F702AB5C4CA0D2C1CDD779DB4685A9027F45E5073CA551AB31444B75CEC4315AE0225F0BD619BAC5BC846C86CE225BCB15B69DEC9A3DE9C94DDC7804CF51C1DD5D32A0DBD260B09F11DADEF5A57A7668FF7AAC1CBF3221483E0280038402C89A7D2FE0AF362021389F5543435D599C7BCB190C4F621B4BCC27F1416BACA5489CEF18EC036001C00010002A30000102001486048020034000000000000000AC036000100010002A3000004D8EF220AC04F001C00010002A30000102001486048020032000000000000000AC04F000100010002A3000004D8EF200AC061001C00010002A30000102001486048020036000000000000000AC061000100010002A3000004D8EF240AC073001C00010002A30000102001486048020038000000000000000AC073000100010002A3000004D8EF260A0000291000000080000000",
    "AdditionalInfo": ".",
    "GUID": "{1AB159AA-394B-49C5-B02C-8C5D01528454}",
    "EventReceivedTime": "2021-09-16T20:11:37.587444-07:00",
    "SourceModuleName": "dnsserver",
    "SourceModuleType": "im_etw",
    "HostIP": "192.168.1.36"
  },
  {
    "SourceName": "Microsoft-Windows-DNSServer",
    "ProviderGuid": "{EB79061A-A566-4698-9119-3ED2807060E7}",
    "EventID": 260,
    "Version": 0,
    "ChannelID": 16,
    "OpcodeValue": 0,
    "TaskValue": 2,
    "Keywords": "9223372036854775824",
    "EventTime": "2021-09-16T20:11:37.444257-07:00",
    "ExecutionProcessID": 2080,
    "ExecutionThreadID": 2940,
    "EventType": "INFO",
    "SeverityValue": 2,
    "Severity": "INFO",
    "Hostname": "WIN-93NOI1UVL29",
    "Domain": "NT AUTHORITY",
    "AccountName": "SYSTEM",
    "UserID": "S-1-5-18",
    "AccountType": "User",
    "Flags": "0",
    "TCP": "0",
    "Destination": "2001:4860:4802:32::a",
    "InterfaceIP": "::",
    "RD": "0",
    "QNAME": "www.youtube-nocookie.com.",
    "QTYPE": "1",
    "QXID": "30149",
    "XID": "11340",
    "Port": "0",
    "RecursionScope": ".",
    "CacheScope": "Default",
    "PolicyName": "NULL",
    "BufferSize": "53",
    "PacketData": "0x2C4C000000010000000000010377777710796F75747562652D6E6F636F6F6B696503636F6D00000100010000290FA0000080000000",
    "AdditionalInfo": ".",
    "GUID": "{1AB159AA-394B-49C5-B02C-8C5D01528454}",
    "EventReceivedTime": "2021-09-16T20:11:37.603012-07:00",
    "SourceModuleName": "dnsserver",
    "SourceModuleType": "im_etw",
    "HostIP": "192.168.1.36"
  },
  {
    "SourceName": "Microsoft-Windows-DNSServer",
    "ProviderGuid": "{EB79061A-A566-4698-9119-3ED2807060E7}",
    "EventID": 261,
    "Version": 0,
    "ChannelID": 16,
    "OpcodeValue": 0,
    "TaskValue": 2,
    "Keywords": "9223372036854775840",
    "EventTime": "2021-09-16T20:11:37.491934-07:00",
    "ExecutionProcessID": 2080,
    "ExecutionThreadID": 2940,
    "EventType": "INFO",
    "SeverityValue": 2,
    "Severity": "INFO",
    "Hostname": "WIN-93NOI1UVL29",
    "Domain": "NT AUTHORITY",
    "AccountName": "SYSTEM",
    "UserID": "S-1-5-18",
    "AccountType": "User",
    "Flags": "33792",
    "TCP": "0",
    "Source": "216.239.36.10",
    "InterfaceIP": "0.0.0.0",
    "AA": "1",
    "AD": "0",
    "QNAME": "ns-cloud-d1.googledomains.com.",
    "QTYPE": "1",
    "XID": "25707",
    "RecursionDepth": "1",
    "Port": "0",
    "RecursionScope": ".",
    "CacheScope": "Default",
    "BufferSize": "74",
    "PacketData": "0x646B840000010001000000010B6E732D636C6F75642D64310D676F6F676C65646F6D61696E7303636F6D0000010001C00C00010001000546000004D8EF206D0000290200000080000000",
    "AdditionalInfo": ".",
    "GUID": "{00000000-0000-0000-0000-000000000000}",
    "EventReceivedTime": "2021-09-16T20:11:37.603012-07:00",
    "SourceModuleName": "dnsserver",
    "SourceModuleType": "im_etw",
    "HostIP": "192.168.1.36"
  },
  {
    "SourceName": "Microsoft-Windows-DNSServer",
    "ProviderGuid": "{EB79061A-A566-4698-9119-3ED2807060E7}",
    "EventID": 260,
    "Version": 0,
    "ChannelID": 16,
    "OpcodeValue": 0,
    "TaskValue": 2,
    "Keywords": "9223372036854775824",
    "EventTime": "2021-09-16T20:11:37.492226-07:00",
    "ExecutionProcessID": 2080,
    "ExecutionThreadID": 2940,
    "EventType": "INFO",
    "SeverityValue": 2,
    "Severity": "INFO",
    "Hostname": "WIN-93NOI1UVL29",
    "Domain": "NT AUTHORITY",
    "AccountName": "SYSTEM",
    "UserID": "S-1-5-18",
    "AccountType": "User",
    "Flags": "0",
    "TCP": "0",
    "Destination": "216.239.32.109",
    "InterfaceIP": "0.0.0.0",
    "RD": "0",
    "QNAME": "prod.detectportal.prod.cloudops.mozgcp.NET.",
    "QTYPE": "28",
    "QXID": "30064",
    "XID": "51311",
    "Port": "0",
    "RecursionScope": ".",
    "CacheScope": "Default",
    "PolicyName": "NULL",
    "BufferSize": "71",
    "PacketData": "0xC86F000000010000000000010470726F640C646574656374706F7274616C0470726F6408636C6F75646F7073066D6F7A676370034E455400001C00010000290FA0000080000000",
    "AdditionalInfo": ".",
    "GUID": "{77E5BC84-6F69-4896-9B42-8F71AAD8C038}",
    "EventReceivedTime": "2021-09-16T20:11:37.603012-07:00",
    "SourceModuleName": "dnsserver",
    "SourceModuleType": "im_etw",
    "HostIP": "192.168.1.36"
  },
  {
    "SourceName": "Microsoft-Windows-DNSServer",
    "ProviderGuid": "{EB79061A-A566-4698-9119-3ED2807060E7}",
    "EventID": 261,
    "Version": 0,
    "ChannelID": 16,
    "OpcodeValue": 0,
    "TaskValue": 2,
    "Keywords": "9223372036854775840",
    "EventTime": "2021-09-16T20:11:37.492360-07:00",
    "ExecutionProcessID": 2080,
    "ExecutionThreadID": 2940,
    "EventType": "INFO",
    "SeverityValue": 2,
    "Severity": "INFO",
    "Hostname": "WIN-93NOI1UVL29",
    "Domain": "NT AUTHORITY",
    "AccountName": "SYSTEM",
    "UserID": "S-1-5-18",
    "AccountType": "User",
    "Flags": "33792",
    "TCP": "0",
    "Source": "2001:4860:4802:38::a",
    "InterfaceIP": "::",
    "AA": "1",
    "AD": "0",
    "QNAME": "ns-cloud-d1.googledomains.com.",
    "QTYPE": "1",
    "XID": "54358",
    "RecursionDepth": "1",
    "Port": "0",
    "RecursionScope": ".",
    "CacheScope": "Default",
    "BufferSize": "74",
    "PacketData": "0xD456840000010001000000010B6E732D636C6F75642D64310D676F6F676C65646F6D61696E7303636F6D0000010001C00C00010001000546000004D8EF206D0000290200000080000000",
    "AdditionalInfo": ".",
    "GUID": "{00000000-0000-0000-0000-000000000000}",
    "EventReceivedTime": "2021-09-16T20:11:37.603012-07:00",
    "SourceModuleName": "dnsserver",
    "SourceModuleType": "im_etw",
    "HostIP": "192.168.1.36"
  },
  {
    "SourceName": "Microsoft-Windows-DNSServer",
    "ProviderGuid": "{EB79061A-A566-4698-9119-3ED2807060E7}",
    "EventID": 260,
    "Version": 0,
    "ChannelID": 16,
    "OpcodeValue": 0,
    "TaskValue": 2,
    "Keywords": "9223372036854775824",
    "EventTime": "2021-09-16T20:11:37.492538-07:00",
    "ExecutionProcessID": 2080,
    "ExecutionThreadID": 2940,
    "EventType": "INFO",
    "SeverityValue": 2,
    "Severity": "INFO",
    "Hostname": "WIN-93NOI1UVL29",
    "Domain": "NT AUTHORITY",
    "AccountName": "SYSTEM",
    "UserID": "S-1-5-18",
    "AccountType": "User",
    "Flags": "0",
    "TCP": "0",
    "Destination": "216.239.32.109",
    "InterfaceIP": "0.0.0.0",
    "RD": "0",
    "QNAME": "prod.detectportal.prod.cloudops.mozgcp.NET.",
    "QTYPE": "1",
    "QXID": "53380",
    "XID": "64578",
    "Port": "0",
    "RecursionScope": ".",
    "CacheScope": "Default",
    "PolicyName": "NULL",
    "BufferSize": "60",
    "PacketData": "0xFC42000000010000000000000470726F640C646574656374706F7274616C0470726F6408636C6F75646F7073066D6F7A676370034E45540000010001",
    "AdditionalInfo": ".",
    "GUID": "{D61F2043-1C2D-4B3E-94A4-EAF81616484A}",
    "EventReceivedTime": "2021-09-16T20:11:37.603012-07:00",
    "SourceModuleName": "dnsserver",
    "SourceModuleType": "im_etw",
    "HostIP": "192.168.1.36"
  },
  {
    "SourceName": "Microsoft-Windows-DNSServer",
    "ProviderGuid": "{EB79061A-A566-4698-9119-3ED2807060E7}",
    "EventID": 261,
    "Version": 0,
    "ChannelID": 16,
    "OpcodeValue": 0,
    "TaskValue": 2,
    "Keywords": "9223372036854775840",
    "EventTime": "2021-09-16T20:11:37.492655-07:00",
    "ExecutionProcessID": 2080,
    "ExecutionThreadID": 2940,
    "EventType": "INFO",
    "SeverityValue": 2,
    "Severity": "INFO",
    "Hostname": "WIN-93NOI1UVL29",
    "Domain": "NT AUTHORITY",
    "AccountName": "SYSTEM",
    "UserID": "S-1-5-18",
    "AccountType": "User",
    "Flags": "33792",
    "TCP": "0",
    "Source": "2001:4860:4802:32::a",
    "InterfaceIP": "::",
    "AA": "1",
    "AD": "0",
    "QNAME": "www.youtube-nocookie.com.",
    "QTYPE": "1",
    "XID": "11340",
    "RecursionDepth": "2",
    "Port": "0",
    "RecursionScope": ".",
    "CacheScope": "Default",
    "BufferSize": "311",
    "PacketData": "0x2C4C84000001000F000000010377777710796F75747562652D6E6F636F6F6B696503636F6D0000010001C00C000500010001518000160A796F75747562652D7569016C06676F6F676C65C021C036000100010000012C00048EFABFEEC036000100010000012C00048EFB200EC036000100010000012C00048EFABE0EC036000100010000012C00048EFABE2EC036000100010000012C00048EFABE4EC036000100010000012C00048EFABE6EC036000100010000012C00048EFABE8EC036000100010000012C0004ACD9042EC036000100010000012C0004ACD9050EC036000100010000012C0004ACD904CEC036000100010000012C00048EFABF6EC036000100010000012C00048EFABF8EC036000100010000012C00048EFABFAEC036000100010000012C00048EFABFCE0000290200000080000000",
    "AdditionalInfo": ".",
    "GUID": "{1AB159AA-394B-49C5-B02C-8C5D01528454}",
    "EventReceivedTime": "2021-09-16T20:11:37.603012-07:00",
    "SourceModuleName": "dnsserver",
    "SourceModuleType": "im_etw",
    "HostIP": "192.168.1.36"
  },
  {
    "SourceName": "Microsoft-Windows-DNSServer",
    "ProviderGuid": "{EB79061A-A566-4698-9119-3ED2807060E7}",
    "EventID": 279,
    "Version": 0,
    "ChannelID": 16,
    "OpcodeValue": 0,
    "TaskValue": 1,
    "Keywords": "9223372071214514176",
    "EventTime": "2021-09-16T20:11:37.492853-07:00",
    "ExecutionProcessID": 2080,
    "ExecutionThreadID": 2940,
    "EventType": "INFO",
    "SeverityValue": 2,
    "Severity": "INFO",
    "Hostname": "WIN-93NOI1UVL29",
    "Domain": "NT AUTHORITY",
    "AccountName": "SYSTEM",
    "UserID": "S-1-5-18",
    "AccountType": "User",
    "Flags": "33152",
    "TCP": "0",
    "InterfaceIP": "192.168.1.36",
    "Source": "192.168.1.7",
    "RD": "1",
    "QNAME": "youtube-ui.l.google.com.",
    "QTYPE": "1",
    "Port": "53765",
    "XID": "30149",
    "BufferSize": "42",
    "PacketData": "0x75C5818000010001000000000377777710796F75747562652D6E6F636F6F6B696503636F6D0000010001",
    "EventReceivedTime": "2021-09-16T20:11:37.603012-07:00",
    "SourceModuleName": "dnsserver",
    "SourceModuleType": "im_etw",
    "HostIP": "192.168.1.36"
  },
  {
    "SourceName": "Microsoft-Windows-DNSServer",
    "ProviderGuid": "{EB79061A-A566-4698-9119-3ED2807060E7}",
    "EventID": 257,
    "Version": 0,
    "ChannelID": 16,
    "OpcodeValue": 0,
    "TaskValue": 1,
    "Keywords": "9223372036854775810",
    "EventTime": "2021-09-16T20:11:37.493035-07:00",
    "ExecutionProcessID": 2080,
    "ExecutionThreadID": 2940,
    "EventType": "INFO",
    "SeverityValue": 2,
    "Severity": "INFO",
    "Hostname": "WIN-93NOI1UVL29",
    "Domain": "NT AUTHORITY",
    "AccountName": "SYSTEM",
    "UserID": "S-1-5-18",
    "AccountType": "User",
    "Flags": "33152",
    "TCP": "0",
    "InterfaceIP": "192.168.1.36",
    "Destination": "192.168.1.7",
    "AA": "0",
    "AD": "0",
    "QNAME": "www.youtube-nocookie.com.",
    "QTYPE": "1",
    "XID": "30149",
    "DNSSEC": "0",
    "RCODE": "0",
    "Port": "53765",
    "Scope": "Default",
    "Zone": "..Cache",
    "PolicyName": "NULL",
    "BufferSize": "300",
    "PacketData": "0x75C581800001000F000000000377777710796F75747562652D6E6F636F6F6B696503636F6D0000010001C00C000500010001518000160A796F75747562652D7569016C06676F6F676C65C021C036000100010000012C00048EFB200EC036000100010000012C00048EFABE0EC036000100010000012C00048EFABE2EC036000100010000012C00048EFABE4EC036000100010000012C00048EFABE6EC036000100010000012C00048EFABE8EC036000100010000012C0004ACD9042EC036000100010000012C0004ACD9050EC036000100010000012C0004ACD904CEC036000100010000012C00048EFABF6EC036000100010000012C00048EFABF8EC036000100010000012C00048EFABFAEC036000100010000012C00048EFABFCEC036000100010000012C00048EFABFEE",
    "AdditionalInfo": "VirtualizationInstance:.",
    "ElapsedTime": "88",
    "GUID": "{1AB159AA-394B-49C5-B02C-8C5D01528454}",
    "EventReceivedTime": "2021-09-16T20:11:37.603012-07:00",
    "SourceModuleName": "dnsserver",
    "SourceModuleType": "im_etw",
    "HostIP": "192.168.1.36"
  },
  {
    "SourceName": "Microsoft-Windows-DNSServer",
    "ProviderGuid": "{EB79061A-A566-4698-9119-3ED2807060E7}",
    "EventID": 256,
    "Version": 0,
    "ChannelID": 16,
    "OpcodeValue": 0,
    "TaskValue": 1,
    "Keywords": "9223372036854775809",
    "EventTime": "2021-09-16T20:11:37.496395-07:00",
    "ExecutionProcessID": 2080,
    "ExecutionThreadID": 2940,
    "EventType": "INFO",
    "SeverityValue": 2,
    "Severity": "INFO",
    "Hostname": "WIN-93NOI1UVL29",
    "Domain": "NT AUTHORITY",
    "AccountName": "SYSTEM",
    "UserID": "S-1-5-18",
    "AccountType": "User",
    "Flags": "256",
    "TCP": "0",
    "InterfaceIP": "192.168.1.36",
    "Source": "192.168.1.7",
    "RD": "1",
    "QNAME": "restrict.youtube.com.",
    "QTYPE": "1",
    "XID": "13641",
    "Port": "51365",
    "BufferSize": "38",
    "PacketData": "0x35490100000100000000000008726573747269637407796F757475626503636F6D0000010001",
    "AdditionalInfo": ".",
    "GUID": "{877877C6-5E7E-462E-ADAD-ADEF78B97538}",
    "EventReceivedTime": "2021-09-16T20:11:37.603012-07:00",
    "SourceModuleName": "dnsserver",
    "SourceModuleType": "im_etw",
    "HostIP": "192.168.1.36"
  },
  {
    "SourceName": "Microsoft-Windows-DNSServer",
    "ProviderGuid": "{EB79061A-A566-4698-9119-3ED2807060E7}",
    "EventID": 260,
    "Version": 0,
    "ChannelID": 16,
    "OpcodeValue": 0,
    "TaskValue": 2,
    "Keywords": "9223372036854775824",
    "EventTime": "2021-09-16T20:11:37.496574-07:00",
    "ExecutionProcessID": 2080,
    "ExecutionThreadID": 2940,
    "EventType": "INFO",
    "SeverityValue": 2,
    "Severity": "INFO",
    "Hostname": "WIN-93NOI1UVL29",
    "Domain": "NT AUTHORITY",
    "AccountName": "SYSTEM",
    "UserID": "S-1-5-18",
    "AccountType": "User",
    "Flags": "0",
    "TCP": "0",
    "Destination": "216.239.32.10",
    "InterfaceIP": "0.0.0.0",
    "RD": "0",
    "QNAME": "restrict.youtube.com.",
    "QTYPE": "1",
    "QXID": "13641",
    "XID": "42812",
    "Port": "0",
    "RecursionScope": ".",
    "CacheScope": "Default",
    "PolicyName": "NULL",
    "BufferSize": "49",
    "PacketData": "0xA73C0000000100000000000108726573747269637407796F757475626503636F6D00000100010000290FA0000080000000",
    "AdditionalInfo": ".",
    "GUID": "{877877C6-5E7E-462E-ADAD-ADEF78B97538}",
    "EventReceivedTime": "2021-09-16T20:11:37.603012-07:00",
    "SourceModuleName": "dnsserver",
    "SourceModuleType": "im_etw",
    "HostIP": "192.168.1.36"
  },
  {
    "SourceName": "Microsoft-Windows-DNSServer",
    "ProviderGuid": "{EB79061A-A566-4698-9119-3ED2807060E7}",
    "EventID": 261,
    "Version": 0,
    "ChannelID": 16,
    "OpcodeValue": 0,
    "TaskValue": 2,
    "Keywords": "9223372036854775840",
    "EventTime": "2021-09-16T20:11:37.531549-07:00",
    "ExecutionProcessID": 2080,
    "ExecutionThreadID": 2940,
    "EventType": "INFO",
    "SeverityValue": 2,
    "Severity": "INFO",
    "Hostname": "WIN-93NOI1UVL29",
    "Domain": "NT AUTHORITY",
    "AccountName": "SYSTEM",
    "UserID": "S-1-5-18",
    "AccountType": "User",
    "Flags": "33792",
    "TCP": "0",
    "Source": "216.239.32.109",
    "InterfaceIP": "0.0.0.0",
    "AA": "1",
    "AD": "0",
    "QNAME": "prod.detectportal.prod.cloudops.mozgcp.NET.",
    "QTYPE": "28",
    "XID": "51311",
    "RecursionDepth": "10",
    "Port": "0",
    "RecursionScope": ".",
    "CacheScope": "Default",
    "BufferSize": "99",
    "PacketData": "0xC86F840000010001000000010470726F640C646574656374706F7274616C0470726F6408636C6F75646F7073066D6F7A676370034E455400001C0001C00C001C000100000708001026001901000038D700000000000000000000290200000080000000",
    "AdditionalInfo": ".",
    "GUID": "{77E5BC84-6F69-4896-9B42-8F71AAD8C038}",
    "EventReceivedTime": "2021-09-16T20:11:37.603012-07:00",
    "SourceModuleName": "dnsserver",
    "SourceModuleType": "im_etw",
    "HostIP": "192.168.1.36"
  },
  {
    "SourceName": "Microsoft-Windows-DNSServer",
    "ProviderGuid": "{EB79061A-A566-4698-9119-3ED2807060E7}",
    "EventID": 257,
    "Version": 0,
    "ChannelID": 16,
    "OpcodeValue": 0,
    "TaskValue": 1,
    "Keywords": "9223372036854775810",
    "EventTime": "2021-09-16T20:11:37.531667-07:00",
    "ExecutionProcessID": 2080,
    "ExecutionThreadID": 2940,
    "EventType": "INFO",
    "SeverityValue": 2,
    "Severity": "INFO",
    "Hostname": "WIN-93NOI1UVL29",
    "Domain": "NT AUTHORITY",
    "AccountName": "SYSTEM",
    "UserID": "S-1-5-18",
    "AccountType": "User",
    "Flags": "33152",
    "TCP": "0",
    "InterfaceIP": "192.168.1.36",
    "Destination": "192.168.1.7",
    "AA": "0",
    "AD": "0",
    "QNAME": "detectportal.firefox.com.",
    "QTYPE": "28",
    "XID": "21849",
    "DNSSEC": "0",
    "RCODE": "0",
    "Port": "47055",
    "Scope": "Default",
    "Zone": "..Cache",
    "PolicyName": "NULL",
    "BufferSize": "165",
    "PacketData": "0x5559818000010003000000000C646574656374706F7274616C0766697265666F7803636F6D00001C0001C00C000500010000003B001E0C646574656374706F7274616C0470726F64066D6F7A617773036E657400C036000500010000012B00290470726F640C646574656374706F7274616C0470726F6408636C6F75646F7073066D6F7A676370C04FC060001C000100000707001026001901000038D70000000000000000",
    "AdditionalInfo": "VirtualizationInstance:.",
    "ElapsedTime": "645",
    "GUID": "{77E5BC84-6F69-4896-9B42-8F71AAD8C038}",
    "EventReceivedTime": "2021-09-16T20:11:37.603012-07:00",
    "SourceModuleName": "dnsserver",
    "SourceModuleType": "im_etw",
    "HostIP": "192.168.1.36"
  },
  {
    "SourceName": "Microsoft-Windows-DNSServer",
    "ProviderGuid": "{EB79061A-A566-4698-9119-3ED2807060E7}",
    "EventID": 257,
    "Version": 0,
    "ChannelID": 16,
    "OpcodeValue": 0,
    "TaskValue": 1,
    "Keywords": "9223372036854775810",
    "EventTime": "2021-09-16T20:11:37.531810-07:00",
    "ExecutionProcessID": 2080,
    "ExecutionThreadID": 2940,
    "EventType": "INFO",
    "SeverityValue": 2,
    "Severity": "INFO",
    "Hostname": "WIN-93NOI1UVL29",
    "Domain": "NT AUTHORITY",
    "AccountName": "SYSTEM",
    "UserID": "S-1-5-18",
    "AccountType": "User",
    "Flags": "33152",
    "TCP": "0",
    "InterfaceIP": "192.168.1.36",
    "Destination": "192.168.1.7",
    "AA": "0",
    "AD": "0",
    "QNAME": "detectportal.firefox.com.",
    "QTYPE": "28",
    "XID": "30064",
    "DNSSEC": "0",
    "RCODE": "0",
    "Port": "59937",
    "Scope": "Default",
    "Zone": "..Cache",
    "PolicyName": "NULL",
    "BufferSize": "165",
    "PacketData": "0x7570818000010003000000000C646574656374706F7274616C0766697265666F7803636F6D00001C0001C00C000500010000003B001E0C646574656374706F7274616C0470726F64066D6F7A617773036E657400C036000500010000012B00290470726F640C646574656374706F7274616C0470726F6408636C6F75646F7073066D6F7A676370C04FC060001C000100000707001026001901000038D70000000000000000",
    "AdditionalInfo": "VirtualizationInstance:.",
    "ElapsedTime": "645",
    "GUID": "{77E5BC84-6F69-4896-9B42-8F71AAD8C038}",
    "EventReceivedTime": "2021-09-16T20:11:37.603012-07:00",
    "SourceModuleName": "dnsserver",
    "SourceModuleType": "im_etw",
    "HostIP": "192.168.1.36"
  },
  {
    "SourceName": "Microsoft-Windows-DNSServer",
    "ProviderGuid": "{EB79061A-A566-4698-9119-3ED2807060E7}",
    "EventID": 261,
    "Version": 0,
    "ChannelID": 16,
    "OpcodeValue": 0,
    "TaskValue": 2,
    "Keywords": "9223372036854775840",
    "EventTime": "2021-09-16T20:11:37.533084-07:00",
    "ExecutionProcessID": 2080,
    "ExecutionThreadID": 2940,
    "EventType": "INFO",
    "SeverityValue": 2,
    "Severity": "INFO",
    "Hostname": "WIN-93NOI1UVL29",
    "Domain": "NT AUTHORITY",
    "AccountName": "SYSTEM",
    "UserID": "S-1-5-18",
    "AccountType": "User",
    "Flags": "33792",
    "TCP": "0",
    "Source": "216.239.32.109",
    "InterfaceIP": "0.0.0.0",
    "AA": "1",
    "AD": "0",
    "QNAME": "prod.detectportal.prod.cloudops.mozgcp.NET.",
    "QTYPE": "1",
    "XID": "64578",
    "RecursionDepth": "9",
    "Port": "0",
    "RecursionScope": ".",
    "CacheScope": "Default",
    "BufferSize": "76",
    "PacketData": "0xFC42840000010001000000000470726F640C646574656374706F7274616C0470726F6408636C6F75646F7073066D6F7A676370034E45540000010001C00C00010001000007080004226BDD52",
    "AdditionalInfo": ".",
    "GUID": "{D61F2043-1C2D-4B3E-94A4-EAF81616484A}",
    "EventReceivedTime": "2021-09-16T20:11:37.603012-07:00",
    "SourceModuleName": "dnsserver",
    "SourceModuleType": "im_etw",
    "HostIP": "192.168.1.36"
  },
  {
    "SourceName": "Microsoft-Windows-DNSServer",
    "ProviderGuid": "{EB79061A-A566-4698-9119-3ED2807060E7}",
    "EventID": 257,
    "Version": 0,
    "ChannelID": 16,
    "OpcodeValue": 0,
    "TaskValue": 1,
    "Keywords": "9223372036854775810",
    "EventTime": "2021-09-16T20:11:37.533172-07:00",
    "ExecutionProcessID": 2080,
    "ExecutionThreadID": 2940,
    "EventType": "INFO",
    "SeverityValue": 2,
    "Severity": "INFO",
    "Hostname": "WIN-93NOI1UVL29",
    "Domain": "NT AUTHORITY",
    "AccountName": "SYSTEM",
    "UserID": "S-1-5-18",
    "AccountType": "User",
    "Flags": "33152",
    "TCP": "0",
    "InterfaceIP": "192.168.1.36",
    "Destination": "192.168.1.7",
    "AA": "0",
    "AD": "0",
    "QNAME": "detectportal.firefox.com.",
    "QTYPE": "1",
    "XID": "4938",
    "DNSSEC": "0",
    "RCODE": "0",
    "Port": "55126",
    "Scope": "Default",
    "Zone": "..Cache",
    "PolicyName": "NULL",
    "BufferSize": "153",
    "PacketData": "0x134A818000010003000000000C646574656374706F7274616C0766697265666F7803636F6D0000010001C00C000500010000003B001E0C646574656374706F7274616C0470726F64066D6F7A617773036E657400C036000500010000012B00290470726F640C646574656374706F7274616C0470726F6408636C6F75646F7073066D6F7A676370C04FC06000010001000007070004226BDD52",
    "AdditionalInfo": "VirtualizationInstance:.",
    "ElapsedTime": "648",
    "GUID": "{D61F2043-1C2D-4B3E-94A4-EAF81616484A}",
    "EventReceivedTime": "2021-09-16T20:11:37.603012-07:00",
    "SourceModuleName": "dnsserver",
    "SourceModuleType": "im_etw",
    "HostIP": "192.168.1.36"
  },
  {
    "SourceName": "Microsoft-Windows-DNSServer",
    "ProviderGuid": "{EB79061A-A566-4698-9119-3ED2807060E7}",
    "EventID": 257,
    "Version": 0,
    "ChannelID": 16,
    "OpcodeValue": 0,
    "TaskValue": 1,
    "Keywords": "9223372036854775810",
    "EventTime": "2021-09-16T20:11:37.533402-07:00",
    "ExecutionProcessID": 2080,
    "ExecutionThreadID": 2940,
    "EventType": "INFO",
    "SeverityValue": 2,
    "Severity": "INFO",
    "Hostname": "WIN-93NOI1UVL29",
    "Domain": "NT AUTHORITY",
    "AccountName": "SYSTEM",
    "UserID": "S-1-5-18",
    "AccountType": "User",
    "Flags": "33152",
    "TCP": "0",
    "InterfaceIP": "192.168.1.36",
    "Destination": "192.168.1.7",
    "AA": "0",
    "AD": "0",
    "QNAME": "detectportal.firefox.com.",
    "QTYPE": "1",
    "XID": "17503",
    "DNSSEC": "0",
    "RCODE": "0",
    "Port": "47055",
    "Scope": "Default",
    "Zone": "..Cache",
    "PolicyName": "NULL",
    "BufferSize": "153",
    "PacketData": "0x445F818000010003000000000C646574656374706F7274616C0766697265666F7803636F6D0000010001C00C000500010000003B001E0C646574656374706F7274616C0470726F64066D6F7A617773036E657400C036000500010000012B00290470726F640C646574656374706F7274616C0470726F6408636C6F75646F7073066D6F7A676370C04FC06000010001000007070004226BDD52",
    "AdditionalInfo": "VirtualizationInstance:.",
    "ElapsedTime": "649",
    "GUID": "{D61F2043-1C2D-4B3E-94A4-EAF81616484A}",
    "EventReceivedTime": "2021-09-16T20:11:37.603012-07:00",
    "SourceModuleName": "dnsserver",
    "SourceModuleType": "im_etw",
    "HostIP": "192.168.1.36"
  },
  {
    "SourceName": "Microsoft-Windows-DNSServer",
    "ProviderGuid": "{EB79061A-A566-4698-9119-3ED2807060E7}",
    "EventID": 257,
    "Version": 0,
    "ChannelID": 16,
    "OpcodeValue": 0,
    "TaskValue": 1,
    "Keywords": "9223372036854775810",
    "EventTime": "2021-09-16T20:11:37.533446-07:00",
    "ExecutionProcessID": 2080,
    "ExecutionThreadID": 2940,
    "EventType": "INFO",
    "SeverityValue": 2,
    "Severity": "INFO",
    "Hostname": "WIN-93NOI1UVL29",
    "Domain": "NT AUTHORITY",
    "AccountName": "SYSTEM",
    "UserID": "S-1-5-18",
    "AccountType": "User",
    "Flags": "33152",
    "TCP": "0",
    "InterfaceIP": "192.168.1.36",
    "Destination": "192.168.1.7",
    "AA": "0",
    "AD": "0",
    "QNAME": "detectportal.firefox.com.",
    "QTYPE": "1",
    "XID": "53380",
    "DNSSEC": "0",
    "RCODE": "0",
    "Port": "59937",
    "Scope": "Default",
    "Zone": "..Cache",
    "PolicyName": "NULL",
    "BufferSize": "153",
    "PacketData": "0xD084818000010003000000000C646574656374706F7274616C0766697265666F7803636F6D0000010001C00C000500010000003B001E0C646574656374706F7274616C0470726F64066D6F7A617773036E657400C036000500010000012B00290470726F640C646574656374706F7274616C0470726F6408636C6F75646F7073066D6F7A676370C04FC06000010001000007070004226BDD52",
    "AdditionalInfo": "VirtualizationInstance:.",
    "ElapsedTime": "649",
    "GUID": "{D61F2043-1C2D-4B3E-94A4-EAF81616484A}",
    "EventReceivedTime": "2021-09-16T20:11:37.603012-07:00",
    "SourceModuleName": "dnsserver",
    "SourceModuleType": "im_etw",
    "HostIP": "192.168.1.36"
  },
  {
    "SourceName": "Microsoft-Windows-DNSServer",
    "ProviderGuid": "{EB79061A-A566-4698-9119-3ED2807060E7}",
    "EventID": 256,
    "Version": 0,
    "ChannelID": 16,
    "OpcodeValue": 0,
    "TaskValue": 1,
    "Keywords": "9223372036854775809",
    "EventTime": "2021-09-16T20:11:37.533962-07:00",
    "ExecutionProcessID": 2080,
    "ExecutionThreadID": 2940,
    "EventType": "INFO",
    "SeverityValue": 2,
    "Severity": "INFO",
    "Hostname": "WIN-93NOI1UVL29",
    "Domain": "NT AUTHORITY",
    "AccountName": "SYSTEM",
    "UserID": "S-1-5-18",
    "AccountType": "User",
    "Flags": "256",
    "TCP": "0",
    "InterfaceIP": "192.168.1.36",
    "Source": "192.168.1.7",
    "RD": "1",
    "QNAME": "detectportal.firefox.com.",
    "QTYPE": "1",
    "XID": "6284",
    "Port": "34214",
    "BufferSize": "42",
    "PacketData": "0x188C010000010000000000000C646574656374706F7274616C0766697265666F7803636F6D0000010001",
    "AdditionalInfo": ".",
    "GUID": "{8F80B30F-556A-494C-93C8-40D3A5E1F125}",
    "EventReceivedTime": "2021-09-16T20:11:37.603012-07:00",
    "SourceModuleName": "dnsserver",
    "SourceModuleType": "im_etw",
    "HostIP": "192.168.1.36"
  },
  {
    "SourceName": "Microsoft-Windows-DNSServer",
    "ProviderGuid": "{EB79061A-A566-4698-9119-3ED2807060E7}",
    "EventID": 279,
    "Version": 0,
    "ChannelID": 16,
    "OpcodeValue": 0,
    "TaskValue": 1,
    "Keywords": "9223372071214514176",
    "EventTime": "2021-09-16T20:11:37.534071-07:00",
    "ExecutionProcessID": 2080,
    "ExecutionThreadID": 2940,
    "EventType": "INFO",
    "SeverityValue": 2,
    "Severity": "INFO",
    "Hostname": "WIN-93NOI1UVL29",
    "Domain": "NT AUTHORITY",
    "AccountName": "SYSTEM",
    "UserID": "S-1-5-18",
    "AccountType": "User",
    "Flags": "33152",
    "TCP": "0",
    "InterfaceIP": "192.168.1.36",
    "Source": "192.168.1.7",
    "RD": "1",
    "QNAME": "detectportal.prod.mozaws.net.",
    "QTYPE": "1",
    "Port": "34214",
    "XID": "6284",
    "BufferSize": "42",
    "PacketData": "0x188C818000010001000000000C646574656374706F7274616C0766697265666F7803636F6D0000010001",
    "EventReceivedTime": "2021-09-16T20:11:37.603012-07:00",
    "SourceModuleName": "dnsserver",
    "SourceModuleType": "im_etw",
    "HostIP": "192.168.1.36"
  },
  {
    "SourceName": "Microsoft-Windows-DNSServer",
    "ProviderGuid": "{EB79061A-A566-4698-9119-3ED2807060E7}",
    "EventID": 279,
    "Version": 0,
    "ChannelID": 16,
    "OpcodeValue": 0,
    "TaskValue": 1,
    "Keywords": "9223372071214514176",
    "EventTime": "2021-09-16T20:11:37.534085-07:00",
    "ExecutionProcessID": 2080,
    "ExecutionThreadID": 2940,
    "EventType": "INFO",
    "SeverityValue": 2,
    "Severity": "INFO",
    "Hostname": "WIN-93NOI1UVL29",
    "Domain": "NT AUTHORITY",
    "AccountName": "SYSTEM",
    "UserID": "S-1-5-18",
    "AccountType": "User",
    "Flags": "33152",
    "TCP": "0",
    "InterfaceIP": "192.168.1.36",
    "Source": "192.168.1.7",
    "RD": "1",
    "QNAME": "prod.detectportal.prod.cloudops.mozgcp.net.",
    "QTYPE": "1",
    "Port": "34214",
    "XID": "6284",
    "BufferSize": "42",
    "PacketData": "0x188C818000010002000000000C646574656374706F7274616C0766697265666F7803636F6D0000010001",
    "EventReceivedTime": "2021-09-16T20:11:37.603012-07:00",
    "SourceModuleName": "dnsserver",
    "SourceModuleType": "im_etw",
    "HostIP": "192.168.1.36"
  },
  {
    "SourceName": "Microsoft-Windows-DNSServer",
    "ProviderGuid": "{EB79061A-A566-4698-9119-3ED2807060E7}",
    "EventID": 257,
    "Version": 0,
    "ChannelID": 16,
    "OpcodeValue": 0,
    "TaskValue": 1,
    "Keywords": "9223372036854775810",
    "EventTime": "2021-09-16T20:11:37.534134-07:00",
    "ExecutionProcessID": 2080,
    "ExecutionThreadID": 2940,
    "EventType": "INFO",
    "SeverityValue": 2,
    "Severity": "INFO",
    "Hostname": "WIN-93NOI1UVL29",
    "Domain": "NT AUTHORITY",
    "AccountName": "SYSTEM",
    "UserID": "S-1-5-18",
    "AccountType": "User",
    "Flags": "33152",
    "TCP": "0",
    "InterfaceIP": "192.168.1.36",
    "Destination": "192.168.1.7",
    "AA": "0",
    "AD": "0",
    "QNAME": "detectportal.firefox.com.",
    "QTYPE": "1",
    "XID": "6284",
    "DNSSEC": "0",
    "RCODE": "0",
    "Port": "34214",
    "Scope": "Default",
    "Zone": "..Cache",
    "PolicyName": "NULL",
    "BufferSize": "153",
    "PacketData": "0x188C818000010003000000000C646574656374706F7274616C0766697265666F7803636F6D0000010001C00C000500010000003B001E0C646574656374706F7274616C0470726F64066D6F7A617773036E657400C036000500010000012B00290470726F640C646574656374706F7274616C0470726F6408636C6F75646F7073066D6F7A676370C04FC06000010001000007070004226BDD52",
    "AdditionalInfo": "VirtualizationInstance:.",
    "ElapsedTime": "0",
    "GUID": "{8F80B30F-556A-494C-93C8-40D3A5E1F125}",
    "EventReceivedTime": "2021-09-16T20:11:37.603012-07:00",
    "SourceModuleName": "dnsserver",
    "SourceModuleType": "im_etw",
    "HostIP": "192.168.1.36"
  },
  {
    "SourceName": "Microsoft-Windows-DNSServer",
    "ProviderGuid": "{EB79061A-A566-4698-9119-3ED2807060E7}",
    "EventID": 256,
    "Version": 0,
    "ChannelID": 16,
    "OpcodeValue": 0,
    "TaskValue": 1,
    "Keywords": "9223372036854775809",
    "EventTime": "2021-09-16T20:11:37.534153-07:00",
    "ExecutionProcessID": 2080,
    "ExecutionThreadID": 2940,
    "EventType": "INFO",
    "SeverityValue": 2,
    "Severity": "INFO",
    "Hostname": "WIN-93NOI1UVL29",
    "Domain": "NT AUTHORITY",
    "AccountName": "SYSTEM",
    "UserID": "S-1-5-18",
    "AccountType": "User",
    "Flags": "256",
    "TCP": "0",
    "InterfaceIP": "192.168.1.36",
    "Source": "192.168.1.7",
    "RD": "1",
    "QNAME": "detectportal.firefox.com.",
    "QTYPE": "28",
    "XID": "32904",
    "Port": "34214",
    "BufferSize": "42",
    "PacketData": "0x8088010000010000000000000C646574656374706F7274616C0766697265666F7803636F6D00001C0001",
    "AdditionalInfo": ".",
    "GUID": "{5DB3D4EC-E161-4D46-9774-6E7C36253E01}",
    "EventReceivedTime": "2021-09-16T20:11:37.603012-07:00",
    "SourceModuleName": "dnsserver",
    "SourceModuleType": "im_etw",
    "HostIP": "192.168.1.36"
  },
  {
    "SourceName": "Microsoft-Windows-DNSServer",
    "ProviderGuid": "{EB79061A-A566-4698-9119-3ED2807060E7}",
    "EventID": 279,
    "Version": 0,
    "ChannelID": 16,
    "OpcodeValue": 0,
    "TaskValue": 1,
    "Keywords": "9223372071214514176",
    "EventTime": "2021-09-16T20:11:37.534206-07:00",
    "ExecutionProcessID": 2080,
    "ExecutionThreadID": 2940,
    "EventType": "INFO",
    "SeverityValue": 2,
    "Severity": "INFO",
    "Hostname": "WIN-93NOI1UVL29",
    "Domain": "NT AUTHORITY",
    "AccountName": "SYSTEM",
    "UserID": "S-1-5-18",
    "AccountType": "User",
    "Flags": "33152",
    "TCP": "0",
    "InterfaceIP": "192.168.1.36",
    "Source": "192.168.1.7",
    "RD": "1",
    "QNAME": "detectportal.prod.mozaws.net.",
    "QTYPE": "28",
    "Port": "34214",
    "XID": "32904",
    "BufferSize": "42",
    "PacketData": "0x8088818000010001000000000C646574656374706F7274616C0766697265666F7803636F6D00001C0001",
    "EventReceivedTime": "2021-09-16T20:11:37.603012-07:00",
    "SourceModuleName": "dnsserver",
    "SourceModuleType": "im_etw",
    "HostIP": "192.168.1.36"
  },
  {
    "SourceName": "Microsoft-Windows-DNSServer",
    "ProviderGuid": "{EB79061A-A566-4698-9119-3ED2807060E7}",
    "EventID": 279,
    "Version": 0,
    "ChannelID": 16,
    "OpcodeValue": 0,
    "TaskValue": 1,
    "Keywords": "9223372071214514176",
    "EventTime": "2021-09-16T20:11:37.534216-07:00",
    "ExecutionProcessID": 2080,
    "ExecutionThreadID": 2940,
    "EventType": "INFO",
    "SeverityValue": 2,
    "Severity": "INFO",
    "Hostname": "WIN-93NOI1UVL29",
    "Domain": "NT AUTHORITY",
    "AccountName": "SYSTEM",
    "UserID": "S-1-5-18",
    "AccountType": "User",
    "Flags": "33152",
    "TCP": "0",
    "InterfaceIP": "192.168.1.36",
    "Source": "192.168.1.7",
    "RD": "1",
    "QNAME": "prod.detectportal.prod.cloudops.mozgcp.net.",
    "QTYPE": "28",
    "Port": "34214",
    "XID": "32904",
    "BufferSize": "42",
    "PacketData": "0x8088818000010002000000000C646574656374706F7274616C0766697265666F7803636F6D00001C0001",
    "EventReceivedTime": "2021-09-16T20:11:37.603012-07:00",
    "SourceModuleName": "dnsserver",
    "SourceModuleType": "im_etw",
    "HostIP": "192.168.1.36"
  },
  {
    "SourceName": "Microsoft-Windows-DNSServer",
    "ProviderGuid": "{EB79061A-A566-4698-9119-3ED2807060E7}",
    "EventID": 257,
    "Version": 0,
    "ChannelID": 16,
    "OpcodeValue": 0,
    "TaskValue": 1,
    "Keywords": "9223372036854775810",
    "EventTime": "2021-09-16T20:11:37.534252-07:00",
    "ExecutionProcessID": 2080,
    "ExecutionThreadID": 2940,
    "EventType": "INFO",
    "SeverityValue": 2,
    "Severity": "INFO",
    "Hostname": "WIN-93NOI1UVL29",
    "Domain": "NT AUTHORITY",
    "AccountName": "SYSTEM",
    "UserID": "S-1-5-18",
    "AccountType": "User",
    "Flags": "33152",
    "TCP": "0",
    "InterfaceIP": "192.168.1.36",
    "Destination": "192.168.1.7",
    "AA": "0",
    "AD": "0",
    "QNAME": "detectportal.firefox.com.",
    "QTYPE": "28",
    "XID": "32904",
    "DNSSEC": "0",
    "RCODE": "0",
    "Port": "34214",
    "Scope": "Default",
    "Zone": "..Cache",
    "PolicyName": "NULL",
    "BufferSize": "165",
    "PacketData": "0x8088818000010003000000000C646574656374706F7274616C0766697265666F7803636F6D00001C0001C00C000500010000003B001E0C646574656374706F7274616C0470726F64066D6F7A617773036E657400C036000500010000012B00290470726F640C646574656374706F7274616C0470726F6408636C6F75646F7073066D6F7A676370C04FC060001C000100000707001026001901000038D70000000000000000",
    "AdditionalInfo": "VirtualizationInstance:.",
    "ElapsedTime": "0",
    "GUID": "{5DB3D4EC-E161-4D46-9774-6E7C36253E01}",
    "EventReceivedTime": "2021-09-16T20:11:37.603012-07:00",
    "SourceModuleName": "dnsserver",
    "SourceModuleType": "im_etw",
    "HostIP": "192.168.1.36"
  },
  {
    "SourceName": "Microsoft-Windows-DNSServer",
    "ProviderGuid": "{EB79061A-A566-4698-9119-3ED2807060E7}",
    "EventID": 256,
    "Version": 0,
    "ChannelID": 16,
    "OpcodeValue": 0,
    "TaskValue": 1,
    "Keywords": "9223372036854775809",
    "EventTime": "2021-09-16T20:11:37.534706-07:00",
    "ExecutionProcessID": 2080,
    "ExecutionThreadID": 2940,
    "EventType": "INFO",
    "SeverityValue": 2,
    "Severity": "INFO",
    "Hostname": "WIN-93NOI1UVL29",
    "Domain": "NT AUTHORITY",
    "AccountName": "SYSTEM",
    "UserID": "S-1-5-18",
    "AccountType": "User",
    "Flags": "256",
    "TCP": "0",
    "InterfaceIP": "192.168.1.36",
    "Source": "192.168.1.7",
    "RD": "1",
    "QNAME": "detectportal.firefox.com.",
    "QTYPE": "1",
    "XID": "3914",
    "Port": "51831",
    "BufferSize": "42",
    "PacketData": "0x0F4A010000010000000000000C646574656374706F7274616C0766697265666F7803636F6D0000010001",
    "AdditionalInfo": ".",
    "GUID": "{29D8E93C-2944-4B52-A4B2-B4341733E864}",
    "EventReceivedTime": "2021-09-16T20:11:37.603012-07:00",
    "SourceModuleName": "dnsserver",
    "SourceModuleType": "im_etw",
    "HostIP": "192.168.1.36"
  },
  {
    "SourceName": "Microsoft-Windows-DNSServer",
    "ProviderGuid": "{EB79061A-A566-4698-9119-3ED2807060E7}",
    "EventID": 279,
    "Version": 0,
    "ChannelID": 16,
    "OpcodeValue": 0,
    "TaskValue": 1,
    "Keywords": "9223372071214514176",
    "EventTime": "2021-09-16T20:11:37.534820-07:00",
    "ExecutionProcessID": 2080,
    "ExecutionThreadID": 2940,
    "EventType": "INFO",
    "SeverityValue": 2,
    "Severity": "INFO",
    "Hostname": "WIN-93NOI1UVL29",
    "Domain": "NT AUTHORITY",
    "AccountName": "SYSTEM",
    "UserID": "S-1-5-18",
    "AccountType": "User",
    "Flags": "33152",
    "TCP": "0",
    "InterfaceIP": "192.168.1.36",
    "Source": "192.168.1.7",
    "RD": "1",
    "QNAME": "detectportal.prod.mozaws.net.",
    "QTYPE": "1",
    "Port": "51831",
    "XID": "3914",
    "BufferSize": "42",
    "PacketData": "0x0F4A818000010001000000000C646574656374706F7274616C0766697265666F7803636F6D0000010001",
    "EventReceivedTime": "2021-09-16T20:11:37.603012-07:00",
    "SourceModuleName": "dnsserver",
    "SourceModuleType": "im_etw",
    "HostIP": "192.168.1.36"
  },
