  {
    "SourceName": "Microsoft-Windows-DNSServer",
    "ProviderGuid": "{EB79061A-A566-4698-9119-3ED2807060E7}",
    "EventID": 279,
    "Version": 0,
    "ChannelID": 16,
    "OpcodeValue": 0,
    "TaskValue": 1,
    "Keywords": "9223372071214514176",
    "EventTime": "2021-09-16T20:09:43.724562-07:00",
    "ExecutionProcessID": 2080,
    "ExecutionThreadID": 2940,
    "EventType": "INFO",
    "SeverityValue": 2,
    "Severity": "INFO",
    "Hostname": "WIN-93NOI1UVL29",
    "Domain": "NT AUTHORITY",
    "AccountName": "SYSTEM",
    "UserID": "S-1-5-18",
    "AccountType": "User",
    "Flags": "33152",
    "TCP": "0",
    "InterfaceIP": "2601:442:4400:82a:b8a3:7b53:d4bf:98bf",
    "Source": "2601:442:4400:82a:b8a3:7b53:d4bf:98bf",
    "RD": "1",
    "QNAME": "settingsfd-geo.trafficmanager.net.",
    "QTYPE": "1",
    "Port": "58205",
    "XID": "25842",
    "BufferSize": "49",
    "PacketData": "0x64F2818000010001000000000C73657474696E67732D77696E0464617461096D6963726F736F667403636F6D0000010001",
    "EventReceivedTime": "2021-09-16T20:09:44.712121-07:00",
    "SourceModuleName": "dnsserver",
    "SourceModuleType": "im_etw",
    "HostIP": "192.168.1.36"
  },
  {
    "SourceName": "Microsoft-Windows-DNSServer",
    "ProviderGuid": "{EB79061A-A566-4698-9119-3ED2807060E7}",
    "EventID": 260,
    "Version": 0,
    "ChannelID": 16,
    "OpcodeValue": 0,
    "TaskValue": 2,
    "Keywords": "9223372036854775824",
    "EventTime": "2021-09-16T20:09:43.724707-07:00",
    "ExecutionProcessID": 2080,
    "ExecutionThreadID": 2940,
    "EventType": "INFO",
    "SeverityValue": 2,
    "Severity": "INFO",
    "Hostname": "WIN-93NOI1UVL29",
    "Domain": "NT AUTHORITY",
    "AccountName": "SYSTEM",
    "UserID": "S-1-5-18",
    "AccountType": "User",
    "Flags": "0",
    "TCP": "0",
    "Destination": "13.107.222.240",
    "InterfaceIP": "0.0.0.0",
    "RD": "0",
    "QNAME": "settingsfd-geo.trafficmanager.NET.",
    "QTYPE": "1",
    "QXID": "25842",
    "XID": "9640",
    "Port": "0",
    "RecursionScope": ".",
    "CacheScope": "Default",
    "PolicyName": "NULL",
    "BufferSize": "62",
    "PacketData": "0x25A8000000010000000000010E73657474696E677366642D67656F0E747261666669636D616E61676572034E455400000100010000290FA0000080000000",
    "AdditionalInfo": ".",
    "GUID": "{63DC22F3-2494-4CA4-8F11-A16ACA571CDD}",
    "EventReceivedTime": "2021-09-16T20:09:44.712121-07:00",
    "SourceModuleName": "dnsserver",
    "SourceModuleType": "im_etw",
    "HostIP": "192.168.1.36"
  },
  {
    "SourceName": "Microsoft-Windows-DNSServer",
    "ProviderGuid": "{EB79061A-A566-4698-9119-3ED2807060E7}",
    "EventID": 256,
    "Version": 0,
    "ChannelID": 16,
    "OpcodeValue": 0,
    "TaskValue": 1,
    "Keywords": "9223372036854775809",
    "EventTime": "2021-09-16T20:09:43.725117-07:00",
    "ExecutionProcessID": 2080,
    "ExecutionThreadID": 2940,
    "EventType": "INFO",
    "SeverityValue": 2,
    "Severity": "INFO",
    "Hostname": "WIN-93NOI1UVL29",
    "Domain": "NT AUTHORITY",
    "AccountName": "SYSTEM",
    "UserID": "S-1-5-18",
    "AccountType": "User",
    "Flags": "256",
    "TCP": "0",
    "InterfaceIP": "2601:442:4400:82a:b8a3:7b53:d4bf:98bf",
    "Source": "2601:442:4400:82a:b8a3:7b53:d4bf:98bf",
    "RD": "1",
    "QNAME": "settings-win.data.microsoft.com.",
    "QTYPE": "28",
    "XID": "14296",
    "Port": "50813",
    "BufferSize": "49",
    "PacketData": "0x37D8010000010000000000000C73657474696E67732D77696E0464617461096D6963726F736F667403636F6D00001C0001",
    "AdditionalInfo": ".",
    "GUID": "{2578A533-BA90-442B-AD72-05D93500B019}",
    "EventReceivedTime": "2021-09-16T20:09:44.712121-07:00",
    "SourceModuleName": "dnsserver",
    "SourceModuleType": "im_etw",
    "HostIP": "192.168.1.36"
  },
  {
    "SourceName": "Microsoft-Windows-DNSServer",
    "ProviderGuid": "{EB79061A-A566-4698-9119-3ED2807060E7}",
    "EventID": 279,
    "Version": 0,
    "ChannelID": 16,
    "OpcodeValue": 0,
    "TaskValue": 1,
    "Keywords": "9223372071214514176",
    "EventTime": "2021-09-16T20:09:43.725129-07:00",
    "ExecutionProcessID": 2080,
    "ExecutionThreadID": 2940,
    "EventType": "INFO",
    "SeverityValue": 2,
    "Severity": "INFO",
    "Hostname": "WIN-93NOI1UVL29",
    "Domain": "NT AUTHORITY",
    "AccountName": "SYSTEM",
    "UserID": "S-1-5-18",
    "AccountType": "User",
    "Flags": "33152",
    "TCP": "0",
    "InterfaceIP": "2601:442:4400:82a:b8a3:7b53:d4bf:98bf",
    "Source": "2601:442:4400:82a:b8a3:7b53:d4bf:98bf",
    "RD": "1",
    "QNAME": "settingsfd-geo.trafficmanager.net.",
    "QTYPE": "28",
    "Port": "50813",
    "XID": "14296",
    "BufferSize": "49",
    "PacketData": "0x37D8818000010001000000000C73657474696E67732D77696E0464617461096D6963726F736F667403636F6D00001C0001",
    "EventReceivedTime": "2021-09-16T20:09:44.712121-07:00",
    "SourceModuleName": "dnsserver",
    "SourceModuleType": "im_etw",
    "HostIP": "192.168.1.36"
  },
  {
    "SourceName": "Microsoft-Windows-DNSServer",
    "ProviderGuid": "{EB79061A-A566-4698-9119-3ED2807060E7}",
    "EventID": 260,
    "Version": 0,
    "ChannelID": 16,
    "OpcodeValue": 0,
    "TaskValue": 2,
    "Keywords": "9223372036854775824",
    "EventTime": "2021-09-16T20:09:43.726382-07:00",
    "ExecutionProcessID": 2080,
    "ExecutionThreadID": 2940,
    "EventType": "INFO",
    "SeverityValue": 2,
    "Severity": "INFO",
    "Hostname": "WIN-93NOI1UVL29",
    "Domain": "NT AUTHORITY",
    "AccountName": "SYSTEM",
    "UserID": "S-1-5-18",
    "AccountType": "User",
    "Flags": "0",
    "TCP": "0",
    "Destination": "13.107.222.240",
    "InterfaceIP": "0.0.0.0",
    "RD": "0",
    "QNAME": "settingsfd-geo.trafficmanager.NET.",
    "QTYPE": "28",
    "QXID": "14296",
    "XID": "27900",
    "Port": "0",
    "RecursionScope": ".",
    "CacheScope": "Default",
    "PolicyName": "NULL",
    "BufferSize": "62",
    "PacketData": "0x6CFC000000010000000000010E73657474696E677366642D67656F0E747261666669636D616E61676572034E455400001C00010000290FA0000080000000",
    "AdditionalInfo": ".",
    "GUID": "{2578A533-BA90-442B-AD72-05D93500B019}",
    "EventReceivedTime": "2021-09-16T20:09:44.712121-07:00",
    "SourceModuleName": "dnsserver",
    "SourceModuleType": "im_etw",
    "HostIP": "192.168.1.36"
  },
  {
    "SourceName": "Microsoft-Windows-DNSServer",
    "ProviderGuid": "{EB79061A-A566-4698-9119-3ED2807060E7}",
    "EventID": 261,
    "Version": 0,
    "ChannelID": 16,
    "OpcodeValue": 0,
    "TaskValue": 2,
    "Keywords": "9223372036854775840",
    "EventTime": "2021-09-16T20:09:43.757871-07:00",
    "ExecutionProcessID": 2080,
    "ExecutionThreadID": 2940,
    "EventType": "INFO",
    "SeverityValue": 2,
    "Severity": "INFO",
    "Hostname": "WIN-93NOI1UVL29",
    "Domain": "NT AUTHORITY",
    "AccountName": "SYSTEM",
    "UserID": "S-1-5-18",
    "AccountType": "User",
    "Flags": "33824",
    "TCP": "0",
    "Source": "13.107.222.240",
    "InterfaceIP": "0.0.0.0",
    "AA": "1",
    "AD": "1",
    "QNAME": "settingsfd-geo.trafficmanager.NET.",
    "QTYPE": "1",
    "XID": "9640",
    "RecursionDepth": "1",
    "Port": "0",
    "RecursionScope": ".",
    "CacheScope": "Default",
    "BufferSize": "78",
    "PacketData": "0x25A8842000010001000000010E73657474696E677366642D67656F0E747261666669636D616E61676572034E45540000010001C00C000100010000003C00041448CDD100002904D0000000000000",
    "AdditionalInfo": ".",
    "GUID": "{63DC22F3-2494-4CA4-8F11-A16ACA571CDD}",
    "EventReceivedTime": "2021-09-16T20:09:44.712121-07:00",
    "SourceModuleName": "dnsserver",
    "SourceModuleType": "im_etw",
    "HostIP": "192.168.1.36"
  },
  {
    "SourceName": "Microsoft-Windows-DNSServer",
    "ProviderGuid": "{EB79061A-A566-4698-9119-3ED2807060E7}",
    "EventID": 257,
    "Version": 0,
    "ChannelID": 16,
    "OpcodeValue": 0,
    "TaskValue": 1,
    "Keywords": "9223372036854775810",
    "EventTime": "2021-09-16T20:09:43.757937-07:00",
    "ExecutionProcessID": 2080,
    "ExecutionThreadID": 2940,
    "EventType": "INFO",
    "SeverityValue": 2,
    "Severity": "INFO",
    "Hostname": "WIN-93NOI1UVL29",
    "Domain": "NT AUTHORITY",
    "AccountName": "SYSTEM",
    "UserID": "S-1-5-18",
    "AccountType": "User",
    "Flags": "33152",
    "TCP": "0",
    "InterfaceIP": "2601:442:4400:82a:b8a3:7b53:d4bf:98bf",
    "Destination": "2601:442:4400:82a:b8a3:7b53:d4bf:98bf",
    "AA": "0",
    "AD": "0",
    "QNAME": "settings-win.data.microsoft.com.",
    "QTYPE": "1",
    "XID": "25842",
    "DNSSEC": "0",
    "RCODE": "0",
    "Port": "58205",
    "Scope": "Default",
    "Zone": "..Cache",
    "PolicyName": "NULL",
    "BufferSize": "112",
    "PacketData": "0x64F2818000010002000000000C73657474696E67732D77696E0464617461096D6963726F736F667403636F6D0000010001C00C000500010000095C00230E73657474696E677366642D67656F0E747261666669636D616E61676572036E657400C03D000100010000003C00041448CDD1",
    "AdditionalInfo": "VirtualizationInstance:.",
    "ElapsedTime": "33",
    "GUID": "{63DC22F3-2494-4CA4-8F11-A16ACA571CDD}",
    "EventReceivedTime": "2021-09-16T20:09:44.712121-07:00",
    "SourceModuleName": "dnsserver",
    "SourceModuleType": "im_etw",
    "HostIP": "192.168.1.36"
  },
  {
    "SourceName": "Microsoft-Windows-DNSServer",
    "ProviderGuid": "{EB79061A-A566-4698-9119-3ED2807060E7}",
    "EventID": 261,
    "Version": 0,
    "ChannelID": 16,
    "OpcodeValue": 0,
    "TaskValue": 2,
    "Keywords": "9223372036854775840",
    "EventTime": "2021-09-16T20:09:43.758620-07:00",
    "ExecutionProcessID": 2080,
    "ExecutionThreadID": 2940,
    "EventType": "INFO",
    "SeverityValue": 2,
    "Severity": "INFO",
    "Hostname": "WIN-93NOI1UVL29",
    "Domain": "NT AUTHORITY",
    "AccountName": "SYSTEM",
    "UserID": "S-1-5-18",
    "AccountType": "User",
    "Flags": "33824",
    "TCP": "0",
    "Source": "13.107.222.240",
    "InterfaceIP": "0.0.0.0",
    "AA": "1",
    "AD": "1",
    "QNAME": "settingsfd-geo.trafficmanager.NET.",
    "QTYPE": "28",
    "XID": "27900",
    "RecursionDepth": "1",
    "Port": "0",
    "RecursionScope": ".",
    "CacheScope": "Default",
    "BufferSize": "141",
    "PacketData": "0x6CFC842000010000000100010E73657474696E677366642D67656F0E747261666669636D616E61676572034E455400001C00010E747261666669636D616E61676572036E657400000600010000001E003103746D3106646E732D746D03636F6D000A686F73746D6173746572C033070BEA85000003840000012C0024EA000000001E00002904D0000000000000",
    "AdditionalInfo": ".",
    "GUID": "{2578A533-BA90-442B-AD72-05D93500B019}",
    "EventReceivedTime": "2021-09-16T20:09:44.712121-07:00",
    "SourceModuleName": "dnsserver",
    "SourceModuleType": "im_etw",
    "HostIP": "192.168.1.36"
  },
  {
    "SourceName": "Microsoft-Windows-DNSServer",
    "ProviderGuid": "{EB79061A-A566-4698-9119-3ED2807060E7}",
    "EventID": 257,
    "Version": 0,
    "ChannelID": 16,
    "OpcodeValue": 0,
    "TaskValue": 1,
    "Keywords": "9223372036854775810",
    "EventTime": "2021-09-16T20:09:43.758655-07:00",
    "ExecutionProcessID": 2080,
    "ExecutionThreadID": 2940,
    "EventType": "INFO",
    "SeverityValue": 2,
    "Severity": "INFO",
    "Hostname": "WIN-93NOI1UVL29",
    "Domain": "NT AUTHORITY",
    "AccountName": "SYSTEM",
    "UserID": "S-1-5-18",
    "AccountType": "User",
    "Flags": "33152",
    "TCP": "0",
    "InterfaceIP": "2601:442:4400:82a:b8a3:7b53:d4bf:98bf",
    "Destination": "2601:442:4400:82a:b8a3:7b53:d4bf:98bf",
    "AA": "0",
    "AD": "0",
    "QNAME": "settings-win.data.microsoft.com.",
    "QTYPE": "28",
    "XID": "14296",
    "DNSSEC": "0",
    "RCODE": "0",
    "Port": "50813",
    "Scope": "Default",
    "Zone": "..Cache",
    "PolicyName": "NULL",
    "BufferSize": "96",
    "PacketData": "0x37D8818000010001000000000C73657474696E67732D77696E0464617461096D6963726F736F667403636F6D00001C0001C00C000500010000095C00230E73657474696E677366642D67656F0E747261666669636D616E61676572036E657400",
    "AdditionalInfo": "VirtualizationInstance:.",
    "ElapsedTime": "34",
    "GUID": "{2578A533-BA90-442B-AD72-05D93500B019}",
    "EventReceivedTime": "2021-09-16T20:09:44.712121-07:00",
    "SourceModuleName": "dnsserver",
    "SourceModuleType": "im_etw",
    "HostIP": "192.168.1.36"
  },
  {
    "SourceName": "Microsoft-Windows-DNSServer",
    "ProviderGuid": "{EB79061A-A566-4698-9119-3ED2807060E7}",
    "EventID": 256,
    "Version": 0,
    "ChannelID": 16,
    "OpcodeValue": 0,
    "TaskValue": 1,
    "Keywords": "9223372036854775809",
    "EventTime": "2021-09-16T20:09:44.129231-07:00",
    "ExecutionProcessID": 2080,
    "ExecutionThreadID": 2940,
    "EventType": "INFO",
    "SeverityValue": 2,
    "Severity": "INFO",
    "Hostname": "WIN-93NOI1UVL29",
    "Domain": "NT AUTHORITY",
    "AccountName": "SYSTEM",
    "UserID": "S-1-5-18",
    "AccountType": "User",
    "Flags": "256",
    "TCP": "0",
    "InterfaceIP": "2601:442:4400:82a:b8a3:7b53:d4bf:98bf",
    "Source": "2601:442:4400:82a:b8a3:7b53:d4bf:98bf",
    "RD": "1",
    "QNAME": "adl.windows.com.",
    "QTYPE": "1",
    "XID": "33310",
    "Port": "55747",
    "BufferSize": "33",
    "PacketData": "0x821E010000010000000000000361646C0777696E646F777303636F6D0000010001",
    "AdditionalInfo": ".",
    "GUID": "{A9E2DA2B-D99B-4F24-8C17-15BB4F656C58}",
    "EventReceivedTime": "2021-09-16T20:09:44.712121-07:00",
    "SourceModuleName": "dnsserver",
    "SourceModuleType": "im_etw",
    "HostIP": "192.168.1.36"
  },
  {
    "SourceName": "Microsoft-Windows-DNSServer",
    "ProviderGuid": "{EB79061A-A566-4698-9119-3ED2807060E7}",
    "EventID": 260,
    "Version": 0,
    "ChannelID": 16,
    "OpcodeValue": 0,
    "TaskValue": 2,
    "Keywords": "9223372036854775824",
    "EventTime": "2021-09-16T20:09:44.129696-07:00",
    "ExecutionProcessID": 2080,
    "ExecutionThreadID": 2940,
    "EventType": "INFO",
    "SeverityValue": 2,
    "Severity": "INFO",
    "Hostname": "WIN-93NOI1UVL29",
    "Domain": "NT AUTHORITY",
    "AccountName": "SYSTEM",
    "UserID": "S-1-5-18",
    "AccountType": "User",
    "Flags": "0",
    "TCP": "0",
    "Destination": "2603:1061::cd",
    "InterfaceIP": "::",
    "RD": "0",
    "QNAME": "adl.windows.com.",
    "QTYPE": "1",
    "QXID": "33310",
    "XID": "49407",
    "Port": "0",
    "RecursionScope": ".",
    "CacheScope": "Default",
    "PolicyName": "NULL",
    "BufferSize": "44",
    "PacketData": "0xC0FF000000010000000000010361646C0777696E646F777303636F6D00000100010000290FA0000080000000",
    "AdditionalInfo": ".",
    "GUID": "{A9E2DA2B-D99B-4F24-8C17-15BB4F656C58}",
    "EventReceivedTime": "2021-09-16T20:09:44.712121-07:00",
    "SourceModuleName": "dnsserver",
    "SourceModuleType": "im_etw",
    "HostIP": "192.168.1.36"
  },
  {
    "SourceName": "Microsoft-Windows-DNSServer",
    "ProviderGuid": "{EB79061A-A566-4698-9119-3ED2807060E7}",
    "EventID": 256,
    "Version": 0,
    "ChannelID": 16,
    "OpcodeValue": 0,
    "TaskValue": 1,
    "Keywords": "9223372036854775809",
    "EventTime": "2021-09-16T20:09:44.129942-07:00",
    "ExecutionProcessID": 2080,
    "ExecutionThreadID": 2940,
    "EventType": "INFO",
    "SeverityValue": 2,
    "Severity": "INFO",
    "Hostname": "WIN-93NOI1UVL29",
    "Domain": "NT AUTHORITY",
    "AccountName": "SYSTEM",
    "UserID": "S-1-5-18",
    "AccountType": "User",
    "Flags": "256",
    "TCP": "0",
    "InterfaceIP": "2601:442:4400:82a:b8a3:7b53:d4bf:98bf",
    "Source": "2601:442:4400:82a:b8a3:7b53:d4bf:98bf",
    "RD": "1",
    "QNAME": "adl.windows.com.",
    "QTYPE": "28",
    "XID": "65364",
    "Port": "50813",
    "BufferSize": "33",
    "PacketData": "0xFF54010000010000000000000361646C0777696E646F777303636F6D00001C0001",
    "AdditionalInfo": ".",
    "GUID": "{3473797B-6081-4C67-822B-9E9DCA8EC5C9}",
    "EventReceivedTime": "2021-09-16T20:09:44.712121-07:00",
    "SourceModuleName": "dnsserver",
    "SourceModuleType": "im_etw",
    "HostIP": "192.168.1.36"
  },
  {
    "SourceName": "Microsoft-Windows-DNSServer",
    "ProviderGuid": "{EB79061A-A566-4698-9119-3ED2807060E7}",
    "EventID": 260,
    "Version": 0,
    "ChannelID": 16,
    "OpcodeValue": 0,
    "TaskValue": 2,
    "Keywords": "9223372036854775824",
    "EventTime": "2021-09-16T20:09:44.130008-07:00",
    "ExecutionProcessID": 2080,
    "ExecutionThreadID": 2940,
    "EventType": "INFO",
    "SeverityValue": 2,
    "Severity": "INFO",
    "Hostname": "WIN-93NOI1UVL29",
    "Domain": "NT AUTHORITY",
    "AccountName": "SYSTEM",
    "UserID": "S-1-5-18",
    "AccountType": "User",
    "Flags": "0",
    "TCP": "0",
    "Destination": "2603:1061::cd",
    "InterfaceIP": "::",
    "RD": "0",
    "QNAME": "adl.windows.com.",
    "QTYPE": "28",
    "QXID": "65364",
    "XID": "51198",
    "Port": "0",
    "RecursionScope": ".",
    "CacheScope": "Default",
    "PolicyName": "NULL",
    "BufferSize": "44",
    "PacketData": "0xC7FE000000010000000000010361646C0777696E646F777303636F6D00001C00010000290FA0000080000000",
    "AdditionalInfo": ".",
    "GUID": "{3473797B-6081-4C67-822B-9E9DCA8EC5C9}",
    "EventReceivedTime": "2021-09-16T20:09:44.712121-07:00",
    "SourceModuleName": "dnsserver",
    "SourceModuleType": "im_etw",
    "HostIP": "192.168.1.36"
  },
  {
    "SourceName": "Microsoft-Windows-DNSServer",
    "ProviderGuid": "{EB79061A-A566-4698-9119-3ED2807060E7}",
    "EventID": 261,
    "Version": 0,
    "ChannelID": 16,
    "OpcodeValue": 0,
    "TaskValue": 2,
    "Keywords": "9223372036854775840",
    "EventTime": "2021-09-16T20:09:44.149863-07:00",
    "ExecutionProcessID": 2080,
    "ExecutionThreadID": 2940,
    "EventType": "INFO",
    "SeverityValue": 2,
    "Severity": "INFO",
    "Hostname": "WIN-93NOI1UVL29",
    "Domain": "NT AUTHORITY",
    "AccountName": "SYSTEM",
    "UserID": "S-1-5-18",
    "AccountType": "User",
    "Flags": "33792",
    "TCP": "0",
    "Source": "2603:1061::cd",
    "InterfaceIP": "::",
    "AA": "1",
    "AD": "0",
    "QNAME": "adl.windows.com.",
    "QTYPE": "1",
    "XID": "49407",
    "RecursionDepth": "1",
    "Port": "0",
    "RecursionScope": ".",
    "CacheScope": "Default",
    "BufferSize": "87",
    "PacketData": "0xC0FF840000010001000000010361646C0777696E646F777303636F6D0000010001C00C0005000100000E10001F0361646C0777696E646F777303636F6D09656467657375697465036E65740000002904D0000080000000",
    "AdditionalInfo": ".",
    "GUID": "{A9E2DA2B-D99B-4F24-8C17-15BB4F656C58}",
    "EventReceivedTime": "2021-09-16T20:09:44.712121-07:00",
    "SourceModuleName": "dnsserver",
    "SourceModuleType": "im_etw",
    "HostIP": "192.168.1.36"
  },
  {
    "SourceName": "Microsoft-Windows-DNSServer",
    "ProviderGuid": "{EB79061A-A566-4698-9119-3ED2807060E7}",
    "EventID": 279,
    "Version": 0,
    "ChannelID": 16,
    "OpcodeValue": 0,
    "TaskValue": 1,
    "Keywords": "9223372071214514176",
    "EventTime": "2021-09-16T20:09:44.149890-07:00",
    "ExecutionProcessID": 2080,
    "ExecutionThreadID": 2940,
    "EventType": "INFO",
    "SeverityValue": 2,
    "Severity": "INFO",
    "Hostname": "WIN-93NOI1UVL29",
    "Domain": "NT AUTHORITY",
    "AccountName": "SYSTEM",
    "UserID": "S-1-5-18",
    "AccountType": "User",
    "Flags": "33152",
    "TCP": "0",
    "InterfaceIP": "2601:442:4400:82a:b8a3:7b53:d4bf:98bf",
    "Source": "2601:442:4400:82a:b8a3:7b53:d4bf:98bf",
    "RD": "1",
    "QNAME": "adl.windows.com.edgesuite.net.",
    "QTYPE": "1",
    "Port": "55747",
    "XID": "33310",
    "BufferSize": "33",
    "PacketData": "0x821E818000010001000000000361646C0777696E646F777303636F6D0000010001",
    "EventReceivedTime": "2021-09-16T20:09:44.712121-07:00",
    "SourceModuleName": "dnsserver",
    "SourceModuleType": "im_etw",
    "HostIP": "192.168.1.36"
  },
  {
    "SourceName": "Microsoft-Windows-DNSServer",
    "ProviderGuid": "{EB79061A-A566-4698-9119-3ED2807060E7}",
    "EventID": 260,
    "Version": 0,
    "ChannelID": 16,
    "OpcodeValue": 0,
    "TaskValue": 2,
    "Keywords": "9223372036854775824",
    "EventTime": "2021-09-16T20:09:44.149975-07:00",
    "ExecutionProcessID": 2080,
    "ExecutionThreadID": 2940,
    "EventType": "INFO",
    "SeverityValue": 2,
    "Severity": "INFO",
    "Hostname": "WIN-93NOI1UVL29",
    "Domain": "NT AUTHORITY",
    "AccountName": "SYSTEM",
    "UserID": "S-1-5-18",
    "AccountType": "User",
    "Flags": "0",
    "TCP": "0",
    "Destination": "184.85.248.65",
    "InterfaceIP": "0.0.0.0",
    "RD": "0",
    "QNAME": "adl.windows.com.edgesuite.NET.",
    "QTYPE": "1",
    "QXID": "33310",
    "XID": "62730",
    "Port": "0",
    "RecursionScope": ".",
    "CacheScope": "Default",
    "PolicyName": "NULL",
    "BufferSize": "58",
    "PacketData": "0xF50A000000010000000000010361646C0777696E646F777303636F6D09656467657375697465034E455400000100010000290FA0000080000000",
    "AdditionalInfo": ".",
    "GUID": "{A9E2DA2B-D99B-4F24-8C17-15BB4F656C58}",
    "EventReceivedTime": "2021-09-16T20:09:44.712121-07:00",
    "SourceModuleName": "dnsserver",
    "SourceModuleType": "im_etw",
    "HostIP": "192.168.1.36"
  },
  {
    "SourceName": "Microsoft-Windows-DNSServer",
    "ProviderGuid": "{EB79061A-A566-4698-9119-3ED2807060E7}",
    "EventID": 261,
    "Version": 0,
    "ChannelID": 16,
    "OpcodeValue": 0,
    "TaskValue": 2,
    "Keywords": "9223372036854775840",
    "EventTime": "2021-09-16T20:09:44.165914-07:00",
    "ExecutionProcessID": 2080,
    "ExecutionThreadID": 2940,
    "EventType": "INFO",
    "SeverityValue": 2,
    "Severity": "INFO",
    "Hostname": "WIN-93NOI1UVL29",
    "Domain": "NT AUTHORITY",
    "AccountName": "SYSTEM",
    "UserID": "S-1-5-18",
    "AccountType": "User",
    "Flags": "33792",
    "TCP": "0",
    "Source": "2603:1061::cd",
    "InterfaceIP": "::",
    "AA": "1",
    "AD": "0",
    "QNAME": "adl.windows.com.",
    "QTYPE": "28",
    "XID": "51198",
    "RecursionDepth": "1",
    "Port": "0",
    "RecursionScope": ".",
    "CacheScope": "Default",
    "BufferSize": "87",
    "PacketData": "0xC7FE840000010001000000010361646C0777696E646F777303636F6D00001C0001C00C0005000100000E10001F0361646C0777696E646F777303636F6D09656467657375697465036E65740000002904D0000080000000",
    "AdditionalInfo": ".",
    "GUID": "{3473797B-6081-4C67-822B-9E9DCA8EC5C9}",
    "EventReceivedTime": "2021-09-16T20:09:44.712121-07:00",
    "SourceModuleName": "dnsserver",
    "SourceModuleType": "im_etw",
    "HostIP": "192.168.1.36"
  },
  {
    "SourceName": "Microsoft-Windows-DNSServer",
    "ProviderGuid": "{EB79061A-A566-4698-9119-3ED2807060E7}",
    "EventID": 279,
    "Version": 0,
    "ChannelID": 16,
    "OpcodeValue": 0,
    "TaskValue": 1,
    "Keywords": "9223372071214514176",
    "EventTime": "2021-09-16T20:09:44.165934-07:00",
    "ExecutionProcessID": 2080,
    "ExecutionThreadID": 2940,
    "EventType": "INFO",
    "SeverityValue": 2,
    "Severity": "INFO",
    "Hostname": "WIN-93NOI1UVL29",
    "Domain": "NT AUTHORITY",
    "AccountName": "SYSTEM",
    "UserID": "S-1-5-18",
    "AccountType": "User",
    "Flags": "33152",
    "TCP": "0",
    "InterfaceIP": "2601:442:4400:82a:b8a3:7b53:d4bf:98bf",
    "Source": "2601:442:4400:82a:b8a3:7b53:d4bf:98bf",
    "RD": "1",
    "QNAME": "adl.windows.com.edgesuite.net.",
    "QTYPE": "28",
    "Port": "50813",
    "XID": "65364",
    "BufferSize": "33",
    "PacketData": "0xFF54818000010001000000000361646C0777696E646F777303636F6D00001C0001",
    "EventReceivedTime": "2021-09-16T20:09:44.712121-07:00",
    "SourceModuleName": "dnsserver",
    "SourceModuleType": "im_etw",
    "HostIP": "192.168.1.36"
  },
  {
    "SourceName": "Microsoft-Windows-DNSServer",
    "ProviderGuid": "{EB79061A-A566-4698-9119-3ED2807060E7}",
    "EventID": 260,
    "Version": 0,
    "ChannelID": 16,
    "OpcodeValue": 0,
    "TaskValue": 2,
    "Keywords": "9223372036854775824",
    "EventTime": "2021-09-16T20:09:44.166008-07:00",
    "ExecutionProcessID": 2080,
    "ExecutionThreadID": 2940,
    "EventType": "INFO",
    "SeverityValue": 2,
    "Severity": "INFO",
    "Hostname": "WIN-93NOI1UVL29",
    "Domain": "NT AUTHORITY",
    "AccountName": "SYSTEM",
    "UserID": "S-1-5-18",
    "AccountType": "User",
    "Flags": "0",
    "TCP": "0",
    "Destination": "95.100.173.64",
    "InterfaceIP": "0.0.0.0",
    "RD": "0",
    "QNAME": "adl.windows.com.edgesuite.NET.",
    "QTYPE": "28",
    "QXID": "65364",
    "XID": "21473",
    "Port": "0",
    "RecursionScope": ".",
    "CacheScope": "Default",
    "PolicyName": "NULL",
    "BufferSize": "58",
    "PacketData": "0x53E1000000010000000000010361646C0777696E646F777303636F6D09656467657375697465034E455400001C00010000290FA0000080000000",
    "AdditionalInfo": ".",
    "GUID": "{3473797B-6081-4C67-822B-9E9DCA8EC5C9}",
    "EventReceivedTime": "2021-09-16T20:09:44.712121-07:00",
    "SourceModuleName": "dnsserver",
    "SourceModuleType": "im_etw",
    "HostIP": "192.168.1.36"
  },
  {
    "SourceName": "Microsoft-Windows-DNSServer",
    "ProviderGuid": "{EB79061A-A566-4698-9119-3ED2807060E7}",
    "EventID": 261,
    "Version": 0,
    "ChannelID": 16,
    "OpcodeValue": 0,
    "TaskValue": 2,
    "Keywords": "9223372036854775840",
    "EventTime": "2021-09-16T20:09:44.185725-07:00",
    "ExecutionProcessID": 2080,
    "ExecutionThreadID": 2940,
    "EventType": "INFO",
    "SeverityValue": 2,
    "Severity": "INFO",
    "Hostname": "WIN-93NOI1UVL29",
    "Domain": "NT AUTHORITY",
    "AccountName": "SYSTEM",
    "UserID": "S-1-5-18",
    "AccountType": "User",
    "Flags": "33792",
    "TCP": "0",
    "Source": "95.100.173.64",
    "InterfaceIP": "0.0.0.0",
    "AA": "1",
    "AD": "0",
    "QNAME": "adl.windows.com.edgesuite.NET.",
    "QTYPE": "28",
    "XID": "21473",
    "RecursionDepth": "2",
    "Port": "0",
    "RecursionScope": ".",
    "CacheScope": "Default",
    "BufferSize": "88",
    "PacketData": "0x53E1840000010001000000010361646C0777696E646F777303636F6D09656467657375697465034E455400001C0001C00C0005000100005460001205613139343302673206616B616D6169C0260000291000000080000000",
    "AdditionalInfo": ".",
    "GUID": "{3473797B-6081-4C67-822B-9E9DCA8EC5C9}",
    "EventReceivedTime": "2021-09-16T20:09:44.712121-07:00",
    "SourceModuleName": "dnsserver",
    "SourceModuleType": "im_etw",
    "HostIP": "192.168.1.36"
  },
  {
    "SourceName": "Microsoft-Windows-DNSServer",
    "ProviderGuid": "{EB79061A-A566-4698-9119-3ED2807060E7}",
    "EventID": 279,
    "Version": 0,
    "ChannelID": 16,
    "OpcodeValue": 0,
    "TaskValue": 1,
    "Keywords": "9223372071214514176",
    "EventTime": "2021-09-16T20:09:44.185748-07:00",
    "ExecutionProcessID": 2080,
    "ExecutionThreadID": 2940,
    "EventType": "INFO",
    "SeverityValue": 2,
    "Severity": "INFO",
    "Hostname": "WIN-93NOI1UVL29",
    "Domain": "NT AUTHORITY",
    "AccountName": "SYSTEM",
    "UserID": "S-1-5-18",
    "AccountType": "User",
    "Flags": "33152",
    "TCP": "0",
    "InterfaceIP": "2601:442:4400:82a:b8a3:7b53:d4bf:98bf",
    "Source": "2601:442:4400:82a:b8a3:7b53:d4bf:98bf",
    "RD": "1",
    "QNAME": "a1943.g2.akamai.net.",
    "QTYPE": "28",
    "Port": "50813",
    "XID": "65364",
    "BufferSize": "33",
    "PacketData": "0xFF54818000010002000000000361646C0777696E646F777303636F6D00001C0001",
    "EventReceivedTime": "2021-09-16T20:09:44.712121-07:00",
    "SourceModuleName": "dnsserver",
    "SourceModuleType": "im_etw",
    "HostIP": "192.168.1.36"
  },
  {
    "SourceName": "Microsoft-Windows-DNSServer",
    "ProviderGuid": "{EB79061A-A566-4698-9119-3ED2807060E7}",
    "EventID": 260,
    "Version": 0,
    "ChannelID": 16,
    "OpcodeValue": 0,
    "TaskValue": 2,
    "Keywords": "9223372036854775824",
    "EventTime": "2021-09-16T20:09:44.185953-07:00",
    "ExecutionProcessID": 2080,
    "ExecutionThreadID": 2940,
    "EventType": "INFO",
    "SeverityValue": 2,
    "Severity": "INFO",
    "Hostname": "WIN-93NOI1UVL29",
    "Domain": "NT AUTHORITY",
    "AccountName": "SYSTEM",
    "UserID": "S-1-5-18",
    "AccountType": "User",
    "Flags": "0",
    "TCP": "0",
    "Destination": "96.7.49.193",
    "InterfaceIP": "0.0.0.0",
    "RD": "0",
    "QNAME": "a1943.g2.akamai.NET.",
    "QTYPE": "28",
    "QXID": "65364",
    "XID": "38676",
    "Port": "0",
    "RecursionScope": ".",
    "CacheScope": "Default",
    "PolicyName": "NULL",
    "BufferSize": "48",
    "PacketData": "0x97140000000100000000000105613139343302673206616B616D6169034E455400001C00010000290FA0000080000000",
    "AdditionalInfo": ".",
    "GUID": "{3473797B-6081-4C67-822B-9E9DCA8EC5C9}",
    "EventReceivedTime": "2021-09-16T20:09:44.712121-07:00",
    "SourceModuleName": "dnsserver",
    "SourceModuleType": "im_etw",
    "HostIP": "192.168.1.36"
  },
  {
    "SourceName": "Microsoft-Windows-DNSServer",
    "ProviderGuid": "{EB79061A-A566-4698-9119-3ED2807060E7}",
    "EventID": 261,
    "Version": 0,
    "ChannelID": 16,
    "OpcodeValue": 0,
    "TaskValue": 2,
    "Keywords": "9223372036854775840",
    "EventTime": "2021-09-16T20:09:44.187903-07:00",
    "ExecutionProcessID": 2080,
    "ExecutionThreadID": 2940,
    "EventType": "INFO",
    "SeverityValue": 2,
    "Severity": "INFO",
    "Hostname": "WIN-93NOI1UVL29",
    "Domain": "NT AUTHORITY",
    "AccountName": "SYSTEM",
    "UserID": "S-1-5-18",
    "AccountType": "User",
    "Flags": "33792",
    "TCP": "0",
    "Source": "184.85.248.65",
    "InterfaceIP": "0.0.0.0",
    "AA": "1",
    "AD": "0",
    "QNAME": "adl.windows.com.edgesuite.NET.",
    "QTYPE": "1",
    "XID": "62730",
    "RecursionDepth": "2",
    "Port": "0",
    "RecursionScope": ".",
    "CacheScope": "Default",
    "BufferSize": "88",
    "PacketData": "0xF50A840000010001000000010361646C0777696E646F777303636F6D09656467657375697465034E45540000010001C00C0005000100005460001205613139343302673206616B616D6169C0260000291000000080000000",
    "AdditionalInfo": ".",
    "GUID": "{A9E2DA2B-D99B-4F24-8C17-15BB4F656C58}",
    "EventReceivedTime": "2021-09-16T20:09:44.712121-07:00",
    "SourceModuleName": "dnsserver",
    "SourceModuleType": "im_etw",
    "HostIP": "192.168.1.36"
  },
  {
    "SourceName": "Microsoft-Windows-DNSServer",
    "ProviderGuid": "{EB79061A-A566-4698-9119-3ED2807060E7}",
    "EventID": 279,
    "Version": 0,
    "ChannelID": 16,
    "OpcodeValue": 0,
    "TaskValue": 1,
    "Keywords": "9223372071214514176",
    "EventTime": "2021-09-16T20:09:44.187927-07:00",
    "ExecutionProcessID": 2080,
    "ExecutionThreadID": 2940,
    "EventType": "INFO",
    "SeverityValue": 2,
    "Severity": "INFO",
    "Hostname": "WIN-93NOI1UVL29",
    "Domain": "NT AUTHORITY",
    "AccountName": "SYSTEM",
    "UserID": "S-1-5-18",
    "AccountType": "User",
    "Flags": "33152",
    "TCP": "0",
    "InterfaceIP": "2601:442:4400:82a:b8a3:7b53:d4bf:98bf",
    "Source": "2601:442:4400:82a:b8a3:7b53:d4bf:98bf",
    "RD": "1",
    "QNAME": "a1943.g2.akamai.net.",
    "QTYPE": "1",
    "Port": "55747",
    "XID": "33310",
    "BufferSize": "33",
    "PacketData": "0x821E818000010002000000000361646C0777696E646F777303636F6D0000010001",
    "EventReceivedTime": "2021-09-16T20:09:44.712121-07:00",
    "SourceModuleName": "dnsserver",
    "SourceModuleType": "im_etw",
    "HostIP": "192.168.1.36"
  },
  {
    "SourceName": "Microsoft-Windows-DNSServer",
    "ProviderGuid": "{EB79061A-A566-4698-9119-3ED2807060E7}",
    "EventID": 260,
    "Version": 0,
    "ChannelID": 16,
    "OpcodeValue": 0,
    "TaskValue": 2,
    "Keywords": "9223372036854775824",
    "EventTime": "2021-09-16T20:09:44.188038-07:00",
    "ExecutionProcessID": 2080,
    "ExecutionThreadID": 2940,
    "EventType": "INFO",
    "SeverityValue": 2,
    "Severity": "INFO",
    "Hostname": "WIN-93NOI1UVL29",
    "Domain": "NT AUTHORITY",
    "AccountName": "SYSTEM",
    "UserID": "S-1-5-18",
    "AccountType": "User",
    "Flags": "0",
    "TCP": "0",
    "Destination": "2600:1406:32::c1",
    "InterfaceIP": "::",
    "RD": "0",
    "QNAME": "a1943.g2.akamai.NET.",
    "QTYPE": "1",
    "QXID": "33310",
    "XID": "7948",
    "Port": "0",
    "RecursionScope": ".",
    "CacheScope": "Default",
    "PolicyName": "NULL",
    "BufferSize": "48",
    "PacketData": "0x1F0C0000000100000000000105613139343302673206616B616D6169034E455400000100010000290FA0000080000000",
    "AdditionalInfo": ".",
    "GUID": "{A9E2DA2B-D99B-4F24-8C17-15BB4F656C58}",
    "EventReceivedTime": "2021-09-16T20:09:44.712121-07:00",
    "SourceModuleName": "dnsserver",
    "SourceModuleType": "im_etw",
    "HostIP": "192.168.1.36"
  },
  {
    "SourceName": "Microsoft-Windows-DNSServer",
    "ProviderGuid": "{EB79061A-A566-4698-9119-3ED2807060E7}",
    "EventID": 261,
    "Version": 0,
    "ChannelID": 16,
    "OpcodeValue": 0,
    "TaskValue": 2,
    "Keywords": "9223372036854775840",
    "EventTime": "2021-09-16T20:09:44.206581-07:00",
    "ExecutionProcessID": 2080,
    "ExecutionThreadID": 2940,
    "EventType": "INFO",
    "SeverityValue": 2,
    "Severity": "INFO",
    "Hostname": "WIN-93NOI1UVL29",
    "Domain": "NT AUTHORITY",
    "AccountName": "SYSTEM",
    "UserID": "S-1-5-18",
    "AccountType": "User",
    "Flags": "32768",
    "TCP": "0",
    "Source": "96.7.49.193",
    "InterfaceIP": "0.0.0.0",
    "AA": "0",
    "AD": "0",
    "QNAME": "a1943.g2.akamai.NET.",
    "QTYPE": "28",
    "XID": "38676",
    "RecursionDepth": "3",
    "Port": "0",
    "RecursionScope": ".",
    "CacheScope": "Default",
    "BufferSize": "356",
    "PacketData": "0x97148000000100000008000A05613139343302673206616B616D6169034E455400001C0001C0120002000100000FA00007046E376732C015C0120002000100000FA00007046E356732C015C0120002000100000FA00007046E346732C015C0120002000100000FA00007046E306732C015C0120002000100000FA00007046E336732C015C0120002000100000FA00007046E326732C015C0120002000100000FA00007046E366732C015C0120002000100000FA00007046E316732C015C0440001000100000FA000046866F09CC0310001000100000FA0000468724FBDC0570001000100000FA000049239FE86C06A001C000100000FA0001026001480E800000000000000000000C0C0900001000100000FA000049239FE85C07D0001000100000FA000046866F095C06A0001000100000FA0000458DD51C0C0B60001000100000FA000049239FE87C0A30001000100000FA000046866F08F0000291000000080000000",
    "AdditionalInfo": ".",
    "GUID": "{3473797B-6081-4C67-822B-9E9DCA8EC5C9}",
    "EventReceivedTime": "2021-09-16T20:09:44.727714-07:00",
    "SourceModuleName": "dnsserver",
    "SourceModuleType": "im_etw",
    "HostIP": "192.168.1.36"
  },
  {
    "SourceName": "Microsoft-Windows-DNSServer",
    "ProviderGuid": "{EB79061A-A566-4698-9119-3ED2807060E7}",
    "EventID": 260,
    "Version": 0,
    "ChannelID": 16,
    "OpcodeValue": 0,
    "TaskValue": 2,
    "Keywords": "9223372036854775824",
    "EventTime": "2021-09-16T20:09:44.206837-07:00",
    "ExecutionProcessID": 2080,
    "ExecutionThreadID": 2940,
    "EventType": "INFO",
    "SeverityValue": 2,
    "Severity": "INFO",
    "Hostname": "WIN-93NOI1UVL29",
    "Domain": "NT AUTHORITY",
    "AccountName": "SYSTEM",
    "UserID": "S-1-5-18",
    "AccountType": "User",
    "Flags": "0",
    "TCP": "0",
    "Destination": "146.57.254.134",
    "InterfaceIP": "0.0.0.0",
    "RD": "0",
    "QNAME": "a1943.g2.akamai.NET.",
    "QTYPE": "28",
    "QXID": "65364",
    "XID": "43269",
    "Port": "0",
    "RecursionScope": ".",
    "CacheScope": "Default",
    "PolicyName": "NULL",
    "BufferSize": "48",
    "PacketData": "0xA9050000000100000000000105613139343302673206616B616D6169034E455400001C00010000290FA0000080000000",
    "AdditionalInfo": ".",
    "GUID": "{3473797B-6081-4C67-822B-9E9DCA8EC5C9}",
    "EventReceivedTime": "2021-09-16T20:09:44.727714-07:00",
    "SourceModuleName": "dnsserver",
    "SourceModuleType": "im_etw",
    "HostIP": "192.168.1.36"
  },
  {
    "SourceName": "Microsoft-Windows-DNSServer",
    "ProviderGuid": "{EB79061A-A566-4698-9119-3ED2807060E7}",
    "EventID": 261,
    "Version": 0,
    "ChannelID": 16,
    "OpcodeValue": 0,
    "TaskValue": 2,
    "Keywords": "9223372036854775840",
    "EventTime": "2021-09-16T20:09:44.218164-07:00",
    "ExecutionProcessID": 2080,
    "ExecutionThreadID": 2940,
    "EventType": "INFO",
    "SeverityValue": 2,
    "Severity": "INFO",
    "Hostname": "WIN-93NOI1UVL29",
    "Domain": "NT AUTHORITY",
    "AccountName": "SYSTEM",
    "UserID": "S-1-5-18",
    "AccountType": "User",
    "Flags": "33792",
    "TCP": "0",
    "Source": "146.57.254.134",
    "InterfaceIP": "0.0.0.0",
    "AA": "1",
    "AD": "0",
    "QNAME": "a1943.g2.akamai.NET.",
    "QTYPE": "28",
    "XID": "43269",
    "RecursionDepth": "4",
    "Port": "0",
    "RecursionScope": ".",
    "CacheScope": "Default",
    "BufferSize": "110",
    "PacketData": "0xA9058400000100000001000105613139343302673206616B616D6169034E455400001C0001C01200060001000003E80032046E306732C0150A686F73746D617374657206616B616D616903636F6D00614406F8000003E8000003E8000003E8000007080000291000000080000000",
    "AdditionalInfo": ".",
    "GUID": "{3473797B-6081-4C67-822B-9E9DCA8EC5C9}",
    "EventReceivedTime": "2021-09-16T20:09:44.727714-07:00",
    "SourceModuleName": "dnsserver",
    "SourceModuleType": "im_etw",
    "HostIP": "192.168.1.36"
  },
  {
    "SourceName": "Microsoft-Windows-DNSServer",
    "ProviderGuid": "{EB79061A-A566-4698-9119-3ED2807060E7}",
    "EventID": 257,
    "Version": 0,
    "ChannelID": 16,
    "OpcodeValue": 0,
    "TaskValue": 1,
    "Keywords": "9223372036854775810",
    "EventTime": "2021-09-16T20:09:44.218338-07:00",
    "ExecutionProcessID": 2080,
    "ExecutionThreadID": 2940,
    "EventType": "INFO",
    "SeverityValue": 2,
    "Severity": "INFO",
    "Hostname": "WIN-93NOI1UVL29",
    "Domain": "NT AUTHORITY",
    "AccountName": "SYSTEM",
    "UserID": "S-1-5-18",
    "AccountType": "User",
    "Flags": "33152",
    "TCP": "0",
    "InterfaceIP": "2601:442:4400:82a:b8a3:7b53:d4bf:98bf",
    "Destination": "2601:442:4400:82a:b8a3:7b53:d4bf:98bf",
    "AA": "0",
    "AD": "0",
    "QNAME": "adl.windows.com.",
    "QTYPE": "28",
    "XID": "65364",
    "DNSSEC": "0",
    "RCODE": "0",
    "Port": "50813",
    "Scope": "Default",
    "Zone": "..Cache",
    "PolicyName": "NULL",
    "BufferSize": "106",
    "PacketData": "0xFF54818000010002000000000361646C0777696E646F777303636F6D00001C0001C00C0005000100000E0F001F0361646C0777696E646F777303636F6D09656467657375697465036E657400C02D0005000100005460001205613139343302673206616B616D6169C047",
    "AdditionalInfo": "VirtualizationInstance:.",
    "ElapsedTime": "88",
    "GUID": "{3473797B-6081-4C67-822B-9E9DCA8EC5C9}",
    "EventReceivedTime": "2021-09-16T20:09:44.727714-07:00",
    "SourceModuleName": "dnsserver",
    "SourceModuleType": "im_etw",
    "HostIP": "192.168.1.36"
  },
  {
    "SourceName": "Microsoft-Windows-DNSServer",
    "ProviderGuid": "{EB79061A-A566-4698-9119-3ED2807060E7}",
    "EventID": 261,
    "Version": 0,
    "ChannelID": 16,
    "OpcodeValue": 0,
    "TaskValue": 2,
    "Keywords": "9223372036854775840",
    "EventTime": "2021-09-16T20:09:44.222525-07:00",
    "ExecutionProcessID": 2080,
    "ExecutionThreadID": 2940,
    "EventType": "INFO",
    "SeverityValue": 2,
    "Severity": "INFO",
    "Hostname": "WIN-93NOI1UVL29",
    "Domain": "NT AUTHORITY",
    "AccountName": "SYSTEM",
    "UserID": "S-1-5-18",
    "AccountType": "User",
    "Flags": "32768",
    "TCP": "0",
    "Source": "2600:1406:32::c1",
    "InterfaceIP": "::",
    "AA": "0",
    "AD": "0",
    "QNAME": "a1943.g2.akamai.NET.",
    "QTYPE": "1",
    "XID": "7948",
    "RecursionDepth": "3",
    "Port": "0",
    "RecursionScope": ".",
    "CacheScope": "Default",
    "BufferSize": "356",
    "PacketData": "0x1F0C8000000100000008000A05613139343302673206616B616D6169034E45540000010001C0120002000100000FA00007046E326732C015C0120002000100000FA00007046E346732C015C0120002000100000FA00007046E306732C015C0120002000100000FA00007046E316732C015C0120002000100000FA00007046E356732C015C0120002000100000FA00007046E366732C015C0120002000100000FA00007046E336732C015C0120002000100000FA00007046E376732C015C06A0001000100000FA000049239FE87C057001C000100000FA0001026001480E800000000000000000000C0C07D0001000100000FA000046866F09CC0900001000100000FA000046866F08FC0570001000100000FA0000458DD51C0C0A30001000100000FA000046866F095C0310001000100000FA000049239FE85C0B60001000100000FA0000468724FBDC0440001000100000FA000049239FE860000291000000080000000",
    "AdditionalInfo": ".",
    "GUID": "{A9E2DA2B-D99B-4F24-8C17-15BB4F656C58}",
    "EventReceivedTime": "2021-09-16T20:09:44.727714-07:00",
    "SourceModuleName": "dnsserver",
    "SourceModuleType": "im_etw",
    "HostIP": "192.168.1.36"
  },
  {
    "SourceName": "Microsoft-Windows-DNSServer",
    "ProviderGuid": "{EB79061A-A566-4698-9119-3ED2807060E7}",
    "EventID": 260,
    "Version": 0,
    "ChannelID": 16,
    "OpcodeValue": 0,
    "TaskValue": 2,
    "Keywords": "9223372036854775824",
    "EventTime": "2021-09-16T20:09:44.223576-07:00",
    "ExecutionProcessID": 2080,
    "ExecutionThreadID": 2940,
    "EventType": "INFO",
    "SeverityValue": 2,
    "Severity": "INFO",
    "Hostname": "WIN-93NOI1UVL29",
    "Domain": "NT AUTHORITY",
    "AccountName": "SYSTEM",
    "UserID": "S-1-5-18",
    "AccountType": "User",
    "Flags": "0",
    "TCP": "0",
    "Destination": "104.114.79.189",
    "InterfaceIP": "0.0.0.0",
    "RD": "0",
    "QNAME": "a1943.g2.akamai.NET.",
    "QTYPE": "1",
    "QXID": "33310",
    "XID": "43723",
    "Port": "0",
    "RecursionScope": ".",
    "CacheScope": "Default",
    "PolicyName": "NULL",
    "BufferSize": "48",
    "PacketData": "0xAACB0000000100000000000105613139343302673206616B616D6169034E455400000100010000290FA0000080000000",
    "AdditionalInfo": ".",
    "GUID": "{A9E2DA2B-D99B-4F24-8C17-15BB4F656C58}",
    "EventReceivedTime": "2021-09-16T20:09:44.727714-07:00",
    "SourceModuleName": "dnsserver",
    "SourceModuleType": "im_etw",
    "HostIP": "192.168.1.36"
  },
  {
    "SourceName": "Microsoft-Windows-DNSServer",
    "ProviderGuid": "{EB79061A-A566-4698-9119-3ED2807060E7}",
    "EventID": 261,
    "Version": 0,
    "ChannelID": 16,
    "OpcodeValue": 0,
    "TaskValue": 2,
    "Keywords": "9223372036854775840",
    "EventTime": "2021-09-16T20:09:44.242176-07:00",
    "ExecutionProcessID": 2080,
    "ExecutionThreadID": 2940,
    "EventType": "INFO",
    "SeverityValue": 2,
    "Severity": "INFO",
    "Hostname": "WIN-93NOI1UVL29",
    "Domain": "NT AUTHORITY",
    "AccountName": "SYSTEM",
    "UserID": "S-1-5-18",
    "AccountType": "User",
    "Flags": "33792",
    "TCP": "0",
    "Source": "104.114.79.189",
    "InterfaceIP": "0.0.0.0",
    "AA": "1",
    "AD": "0",
    "QNAME": "a1943.g2.akamai.NET.",
    "QTYPE": "1",
    "XID": "43723",
    "RecursionDepth": "4",
    "Port": "0",
    "RecursionScope": ".",
    "CacheScope": "Default",
    "BufferSize": "80",
    "PacketData": "0xAACB8400000100020000000105613139343302673206616B616D6169034E45540000010001C00C000100010000001400046866F049C00C000100010000001400046866F0580000291000000080000000",
    "AdditionalInfo": ".",
    "GUID": "{A9E2DA2B-D99B-4F24-8C17-15BB4F656C58}",
    "EventReceivedTime": "2021-09-16T20:09:44.727714-07:00",
    "SourceModuleName": "dnsserver",
    "SourceModuleType": "im_etw",
    "HostIP": "192.168.1.36"
  },
  {
    "SourceName": "Microsoft-Windows-DNSServer",
    "ProviderGuid": "{EB79061A-A566-4698-9119-3ED2807060E7}",
    "EventID": 257,
    "Version": 0,
    "ChannelID": 16,
    "OpcodeValue": 0,
    "TaskValue": 1,
    "Keywords": "9223372036854775810",
    "EventTime": "2021-09-16T20:09:44.242415-07:00",
    "ExecutionProcessID": 2080,
    "ExecutionThreadID": 2940,
    "EventType": "INFO",
    "SeverityValue": 2,
    "Severity": "INFO",
    "Hostname": "WIN-93NOI1UVL29",
    "Domain": "NT AUTHORITY",
    "AccountName": "SYSTEM",
    "UserID": "S-1-5-18",
    "AccountType": "User",
    "Flags": "33152",
    "TCP": "0",
    "InterfaceIP": "2601:442:4400:82a:b8a3:7b53:d4bf:98bf",
    "Destination": "2601:442:4400:82a:b8a3:7b53:d4bf:98bf",
    "AA": "0",
    "AD": "0",
    "QNAME": "adl.windows.com.",
    "QTYPE": "1",
    "XID": "33310",
    "DNSSEC": "0",
    "RCODE": "0",
    "Port": "55747",
    "Scope": "Default",
    "Zone": "..Cache",
    "PolicyName": "NULL",
    "BufferSize": "138",
    "PacketData": "0x821E818000010004000000000361646C0777696E646F777303636F6D0000010001C00C0005000100000E0F001F0361646C0777696E646F777303636F6D09656467657375697465036E657400C02D0005000100005460001205613139343302673206616B616D6169C047C058000100010000001300046866F049C058000100010000001300046866F058",
    "AdditionalInfo": "VirtualizationInstance:.",
    "ElapsedTime": "114",
    "GUID": "{A9E2DA2B-D99B-4F24-8C17-15BB4F656C58}",
    "EventReceivedTime": "2021-09-16T20:09:44.727714-07:00",
    "SourceModuleName": "dnsserver",
    "SourceModuleType": "im_etw",
    "HostIP": "192.168.1.36"
  },
  {
    "SourceName": "Microsoft-Windows-DNSServer",
    "ProviderGuid": "{EB79061A-A566-4698-9119-3ED2807060E7}",
    "EventID": 256,
    "Version": 0,
    "ChannelID": 16,
    "OpcodeValue": 0,
    "TaskValue": 1,
    "Keywords": "9223372036854775809",
    "EventTime": "2021-09-16T20:09:51.763032-07:00",
    "ExecutionProcessID": 2080,
    "ExecutionThreadID": 2940,
    "EventType": "INFO",
    "SeverityValue": 2,
    "Severity": "INFO",
    "Hostname": "WIN-93NOI1UVL29",
    "Domain": "NT AUTHORITY",
    "AccountName": "SYSTEM",
    "UserID": "S-1-5-18",
    "AccountType": "User",
    "Flags": "256",
    "TCP": "0",
    "InterfaceIP": "2601:442:4400:82a:b8a3:7b53:d4bf:98bf",
    "Source": "2601:442:4400:82a:b8a3:7b53:d4bf:98bf",
    "RD": "1",
    "QNAME": "f.b.8.9.f.b.4.d.3.5.b.7.3.a.8.b.a.2.8.0.0.0.4.4.2.4.4.0.1.0.6.2.ip6.arpa.",
    "QTYPE": "12",
    "XID": "1",
    "Port": "52288",
    "BufferSize": "90",
    "PacketData": "0x0001010000010000000000000166016201380139016601620134016401330135016201370133016101380162016101320138013001300130013401340132013401340130013101300136013203697036046172706100000C0001",
    "AdditionalInfo": ".",
    "GUID": "{371CA9ED-CD3F-46AF-84F8-376E1B32B934}",
    "EventReceivedTime": "2021-09-16T20:09:52.753093-07:00",
    "SourceModuleName": "dnsserver",
    "SourceModuleType": "im_etw",
    "HostIP": "192.168.1.36"
  },
  {
    "SourceName": "Microsoft-Windows-DNSServer",
    "ProviderGuid": "{EB79061A-A566-4698-9119-3ED2807060E7}",
    "EventID": 260,
    "Version": 0,
    "ChannelID": 16,
    "OpcodeValue": 0,
    "TaskValue": 2,
    "Keywords": "9223372036854775824",
    "EventTime": "2021-09-16T20:09:51.763165-07:00",
    "ExecutionProcessID": 2080,
    "ExecutionThreadID": 2940,
    "EventType": "INFO",
    "SeverityValue": 2,
    "Severity": "INFO",
    "Hostname": "WIN-93NOI1UVL29",
    "Domain": "NT AUTHORITY",
    "AccountName": "SYSTEM",
    "UserID": "S-1-5-18",
    "AccountType": "User",
    "Flags": "0",
    "TCP": "0",
    "Destination": "2001:503:ba3e::2:30",
    "InterfaceIP": "::",
    "RD": "0",
    "QNAME": "f.b.8.9.f.b.4.d.3.5.b.7.3.a.8.b.a.2.8.0.0.0.4.4.2.4.4.0.1.0.6.2.ip6.arpa.",
    "QTYPE": "12",
    "QXID": "1",
    "XID": "36427",
    "Port": "0",
    "RecursionScope": ".",
    "CacheScope": "Default",
    "PolicyName": "NULL",
    "BufferSize": "101",
    "PacketData": "0x8E4B000000010000000000010166016201380139016601620134016401330135016201370133016101380162016101320138013001300130013401340132013401340130013101300136013203697036046172706100000C00010000290FA0000080000000",
    "AdditionalInfo": ".",
    "GUID": "{371CA9ED-CD3F-46AF-84F8-376E1B32B934}",
    "EventReceivedTime": "2021-09-16T20:09:52.753093-07:00",
    "SourceModuleName": "dnsserver",
    "SourceModuleType": "im_etw",
    "HostIP": "192.168.1.36"
  },
