  {
    "SourceName": "Microsoft-Windows-DNSServer",
    "ProviderGuid": "{EB79061A-A566-4698-9119-3ED2807060E7}",
    "EventID": 257,
    "Version": 0,
    "ChannelID": 16,
    "OpcodeValue": 0,
    "TaskValue": 1,
    "Keywords": "9223372036854775810",
    "EventTime": "2021-09-16T20:11:37.038070-07:00",
    "ExecutionProcessID": 2080,
    "ExecutionThreadID": 2940,
    "EventType": "INFO",
    "SeverityValue": 2,
    "Severity": "INFO",
    "Hostname": "WIN-93NOI1UVL29",
    "Domain": "NT AUTHORITY",
    "AccountName": "SYSTEM",
    "UserID": "S-1-5-18",
    "AccountType": "User",
    "Flags": "33152",
    "TCP": "0",
    "InterfaceIP": "192.168.1.36",
    "Destination": "192.168.1.7",
    "AA": "0",
    "AD": "0",
    "QNAME": "google.com.",
    "QTYPE": "1",
    "XID": "44232",
    "DNSSEC": "0",
    "RCODE": "0",
    "Port": "38485",
    "Scope": "Default",
    "Zone": "..Cache",
    "PolicyName": "NULL",
    "BufferSize": "44",
    "PacketData": "0xACC88180000100010000000006676F6F676C6503636F6D0000010001C00C000100010000012C0004ACD9050E",
    "AdditionalInfo": "VirtualizationInstance:.",
    "ElapsedTime": "42",
    "GUID": "{3A78425D-9482-4AA8-AD63-D11E14450858}",
    "EventReceivedTime": "2021-09-16T20:11:37.571827-07:00",
    "SourceModuleName": "dnsserver",
    "SourceModuleType": "im_etw",
    "HostIP": "192.168.1.36"
  },
  {
    "SourceName": "Microsoft-Windows-DNSServer",
    "ProviderGuid": "{EB79061A-A566-4698-9119-3ED2807060E7}",
    "EventID": 261,
    "Version": 0,
    "ChannelID": 16,
    "OpcodeValue": 0,
    "TaskValue": 2,
    "Keywords": "9223372036854775840",
    "EventTime": "2021-09-16T20:11:37.040004-07:00",
    "ExecutionProcessID": 2080,
    "ExecutionThreadID": 2940,
    "EventType": "INFO",
    "SeverityValue": 2,
    "Severity": "INFO",
    "Hostname": "WIN-93NOI1UVL29",
    "Domain": "NT AUTHORITY",
    "AccountName": "SYSTEM",
    "UserID": "S-1-5-18",
    "AccountType": "User",
    "Flags": "32768",
    "TCP": "0",
    "Source": "205.251.195.97",
    "InterfaceIP": "0.0.0.0",
    "AA": "0",
    "AD": "0",
    "QNAME": "detectportal.prod.mozaws.NET.",
    "QTYPE": "1",
    "XID": "5865",
    "RecursionDepth": "4",
    "Port": "0",
    "RecursionScope": ".",
    "CacheScope": "Default",
    "BufferSize": "183",
    "PacketData": "0x16E9800000010000000400000C646574656374706F7274616C0470726F64066D6F7A617773034E45540000010001C0190002000100000E100017076E732D3132363009617773646E732D3239036F726700C0190002000100000E100019076E732D3139383609617773646E732D353602636F02756B00C0190002000100000E100016066E732D33373709617773646E732D343703636F6D00C0190002000100000E100013066E732D36313409617773646E732D3132C025",
    "AdditionalInfo": ".",
    "GUID": "{D61F2043-1C2D-4B3E-94A4-EAF81616484A}",
    "EventReceivedTime": "2021-09-16T20:11:37.571827-07:00",
    "SourceModuleName": "dnsserver",
    "SourceModuleType": "im_etw",
    "HostIP": "192.168.1.36"
  },
  {
    "SourceName": "Microsoft-Windows-DNSServer",
    "ProviderGuid": "{EB79061A-A566-4698-9119-3ED2807060E7}",
    "EventID": 260,
    "Version": 0,
    "ChannelID": 16,
    "OpcodeValue": 0,
    "TaskValue": 2,
    "Keywords": "9223372036854775824",
    "EventTime": "2021-09-16T20:11:37.042231-07:00",
    "ExecutionProcessID": 2080,
    "ExecutionThreadID": 2940,
    "EventType": "INFO",
    "SeverityValue": 2,
    "Severity": "INFO",
    "Hostname": "WIN-93NOI1UVL29",
    "Domain": "NT AUTHORITY",
    "AccountName": "SYSTEM",
    "UserID": "S-1-5-18",
    "AccountType": "User",
    "Flags": "0",
    "TCP": "0",
    "Destination": "2001:500:b::1",
    "InterfaceIP": "::",
    "RD": "0",
    "QNAME": "ns-1260.awsdns-29.org.",
    "QTYPE": "1",
    "QXID": "1",
    "XID": "5327",
    "Port": "0",
    "RecursionScope": ".",
    "CacheScope": "Default",
    "PolicyName": "NULL",
    "BufferSize": "50",
    "PacketData": "0x14CF00000001000000000001076E732D3132363009617773646E732D3239036F726700000100010000290FA0000080000000",
    "AdditionalInfo": ".",
    "GUID": "{00000000-0000-0000-0000-000000000000}",
    "EventReceivedTime": "2021-09-16T20:11:37.571827-07:00",
    "SourceModuleName": "dnsserver",
    "SourceModuleType": "im_etw",
    "HostIP": "192.168.1.36"
  },
  {
    "SourceName": "Microsoft-Windows-DNSServer",
    "ProviderGuid": "{EB79061A-A566-4698-9119-3ED2807060E7}",
    "EventID": 256,
    "Version": 0,
    "ChannelID": 16,
    "OpcodeValue": 0,
    "TaskValue": 1,
    "Keywords": "9223372036854775809",
    "EventTime": "2021-09-16T20:11:37.047401-07:00",
    "ExecutionProcessID": 2080,
    "ExecutionThreadID": 2940,
    "EventType": "INFO",
    "SeverityValue": 2,
    "Severity": "INFO",
    "Hostname": "WIN-93NOI1UVL29",
    "Domain": "NT AUTHORITY",
    "AccountName": "SYSTEM",
    "UserID": "S-1-5-18",
    "AccountType": "User",
    "Flags": "256",
    "TCP": "0",
    "InterfaceIP": "192.168.1.36",
    "Source": "192.168.1.7",
    "RD": "1",
    "QNAME": "forcesafesearch.google.com.",
    "QTYPE": "1",
    "XID": "31763",
    "Port": "39949",
    "BufferSize": "44",
    "PacketData": "0x7C13010000010000000000000F666F7263657361666573656172636806676F6F676C6503636F6D0000010001",
    "AdditionalInfo": ".",
    "GUID": "{209BB5E3-12D1-4D2B-AB24-6B3A7A3D6E33}",
    "EventReceivedTime": "2021-09-16T20:11:37.571827-07:00",
    "SourceModuleName": "dnsserver",
    "SourceModuleType": "im_etw",
    "HostIP": "192.168.1.36"
  },
  {
    "SourceName": "Microsoft-Windows-DNSServer",
    "ProviderGuid": "{EB79061A-A566-4698-9119-3ED2807060E7}",
    "EventID": 260,
    "Version": 0,
    "ChannelID": 16,
    "OpcodeValue": 0,
    "TaskValue": 2,
    "Keywords": "9223372036854775824",
    "EventTime": "2021-09-16T20:11:37.048802-07:00",
    "ExecutionProcessID": 2080,
    "ExecutionThreadID": 2940,
    "EventType": "INFO",
    "SeverityValue": 2,
    "Severity": "INFO",
    "Hostname": "WIN-93NOI1UVL29",
    "Domain": "NT AUTHORITY",
    "AccountName": "SYSTEM",
    "UserID": "S-1-5-18",
    "AccountType": "User",
    "Flags": "0",
    "TCP": "0",
    "Destination": "2001:4860:4802:38::a",
    "InterfaceIP": "::",
    "RD": "0",
    "QNAME": "forcesafesearch.google.com.",
    "QTYPE": "1",
    "QXID": "31763",
    "XID": "8422",
    "Port": "0",
    "RecursionScope": ".",
    "CacheScope": "Default",
    "PolicyName": "NULL",
    "BufferSize": "55",
    "PacketData": "0x20E6000000010000000000010F666F7263657361666573656172636806676F6F676C6503636F6D00000100010000290FA0000080000000",
    "AdditionalInfo": ".",
    "GUID": "{209BB5E3-12D1-4D2B-AB24-6B3A7A3D6E33}",
    "EventReceivedTime": "2021-09-16T20:11:37.571827-07:00",
    "SourceModuleName": "dnsserver",
    "SourceModuleType": "im_etw",
    "HostIP": "192.168.1.36"
  },
  {
    "SourceName": "Microsoft-Windows-DNSServer",
    "ProviderGuid": "{EB79061A-A566-4698-9119-3ED2807060E7}",
    "EventID": 261,
    "Version": 0,
    "ChannelID": 16,
    "OpcodeValue": 0,
    "TaskValue": 2,
    "Keywords": "9223372036854775840",
    "EventTime": "2021-09-16T20:11:37.064486-07:00",
    "ExecutionProcessID": 2080,
    "ExecutionThreadID": 2940,
    "EventType": "INFO",
    "SeverityValue": 2,
    "Severity": "INFO",
    "Hostname": "WIN-93NOI1UVL29",
    "Domain": "NT AUTHORITY",
    "AccountName": "SYSTEM",
    "UserID": "S-1-5-18",
    "AccountType": "User",
    "Flags": "32768",
    "TCP": "0",
    "Source": "199.249.112.1",
    "InterfaceIP": "0.0.0.0",
    "AA": "0",
    "AD": "0",
    "QNAME": "ns-1260.awsdns-29.org.",
    "QTYPE": "1",
    "XID": "31030",
    "RecursionDepth": "1",
    "Port": "0",
    "RecursionScope": ".",
    "CacheScope": "Default",
    "BufferSize": "824",
    "PacketData": "0x793680000001000000080009076E732D3132363009617773646E732D3239036F72670000010001C0140002000100015180000B08672D6E732D373335C014C0140002000100015180000B08672D6E732D313537C014C0140002000100015180000C09672D6E732D31363239C014C0140002000100015180000C09672D6E732D31303536C014203169383730766A3568343239766A39706369376172366539676B693734747237036F7267000032000100015180002B0101000A08332539EE7F95C32A140C907D989054FC4C24368D17E3C92EA2F87A23DD000722000000000290C085002E00010001518000970032080200015180615FB6AC6143F91C9B01036F726700A9AC3C980ED996F4DC53D4285B83C796DF6A661B4A990CBA93A9E08ADFC8BF8C99C2AC47ADF026FD82E1F96E036B6D96A6F783236D1565F77A5FF484E3686B7132DAF0CD55242B7C7CA6322C351FC2A8B197B3ACBE07CC2554A10AFE0FDE3646414DEE15778DD30A3AFBA61F13B6953C6349A00A380C217EFEE1B9ABFD878A33206539346272386B376D683633306F72366E6D66636C387138626968306B703166C0FE0032000100015180002A0101000A08332539EE7F95C32A1472496B255DA688479BF2C3ADA7E9DDAC47964EE90006200000000012C183002E00010001518000970032080200015180615C6B1F6140AD8F9B01036F72670005DD56A8470DD91545915AC4C9A707358018C0381F5BD263F0F2E21F9AC44C9FAC6735B87D46BEE8E95560B798CA2BB2EF73E3E1DD745628B6163FAF61D187E7E6953A41ED0854AA65FABEC386554FA29404125504FDD494A98DFD1D6344C7A44364FFDE03BAC1494A1DA48885BDD0852CEFA9AE6CF7AC93D5D2DE916791733BC06100010001000151800004CDFBC65DC07900010001000151800004CDFBC420C03300010001000151800004CDFBC2DFC04A00010001000151800004CDFBC09DC061001C00010001518000102600900053065D000000000000000001C079001C000100015180001026009000530420000000000000000001C033001C0001000151800010260090005302DF000000000000000001C04A001C00010001518000102600900053009D00000000000000000100002904D0000080000000",
    "AdditionalInfo": ".",
    "GUID": "{00000000-0000-0000-0000-000000000000}",
    "EventReceivedTime": "2021-09-16T20:11:37.571827-07:00",
    "SourceModuleName": "dnsserver",
    "SourceModuleType": "im_etw",
    "HostIP": "192.168.1.36"
  },
  {
    "SourceName": "Microsoft-Windows-DNSServer",
    "ProviderGuid": "{EB79061A-A566-4698-9119-3ED2807060E7}",
    "EventID": 260,
    "Version": 0,
    "ChannelID": 16,
    "OpcodeValue": 0,
    "TaskValue": 2,
    "Keywords": "9223372036854775824",
    "EventTime": "2021-09-16T20:11:37.064883-07:00",
    "ExecutionProcessID": 2080,
    "ExecutionThreadID": 2940,
    "EventType": "INFO",
    "SeverityValue": 2,
    "Severity": "INFO",
    "Hostname": "WIN-93NOI1UVL29",
    "Domain": "NT AUTHORITY",
    "AccountName": "SYSTEM",
    "UserID": "S-1-5-18",
    "AccountType": "User",
    "Flags": "0",
    "TCP": "0",
    "Destination": "205.251.198.93",
    "InterfaceIP": "0.0.0.0",
    "RD": "0",
    "QNAME": "ns-1260.awsdns-29.org.",
    "QTYPE": "1",
    "QXID": "1",
    "XID": "57993",
    "Port": "0",
    "RecursionScope": ".",
    "CacheScope": "Default",
    "PolicyName": "NULL",
    "BufferSize": "50",
    "PacketData": "0xE28900000001000000000001076E732D3132363009617773646E732D3239036F726700000100010000290FA0000080000000",
    "AdditionalInfo": ".",
    "GUID": "{00000000-0000-0000-0000-000000000000}",
    "EventReceivedTime": "2021-09-16T20:11:37.571827-07:00",
    "SourceModuleName": "dnsserver",
    "SourceModuleType": "im_etw",
    "HostIP": "192.168.1.36"
  },
  {
    "SourceName": "Microsoft-Windows-DNSServer",
    "ProviderGuid": "{EB79061A-A566-4698-9119-3ED2807060E7}",
    "EventID": 261,
    "Version": 0,
    "ChannelID": 16,
    "OpcodeValue": 0,
    "TaskValue": 2,
    "Keywords": "9223372036854775840",
    "EventTime": "2021-09-16T20:11:37.085093-07:00",
    "ExecutionProcessID": 2080,
    "ExecutionThreadID": 2940,
    "EventType": "INFO",
    "SeverityValue": 2,
    "Severity": "INFO",
    "Hostname": "WIN-93NOI1UVL29",
    "Domain": "NT AUTHORITY",
    "AccountName": "SYSTEM",
    "UserID": "S-1-5-18",
    "AccountType": "User",
    "Flags": "33824",
    "TCP": "0",
    "Source": "205.251.198.93",
    "InterfaceIP": "0.0.0.0",
    "AA": "1",
    "AD": "1",
    "QNAME": "ns-1260.awsdns-29.org.",
    "QTYPE": "1",
    "XID": "57993",
    "RecursionDepth": "2",
    "Port": "0",
    "RecursionScope": ".",
    "CacheScope": "Default",
    "BufferSize": "336",
    "PacketData": "0xE28984200001000100040009076E732D3132363009617773646E732D3239036F72670000010001C00C000100010002A3000004CDFBC4ECC014000200010002A300000C09672D6E732D31303536C014C014000200010002A300000B08672D6E732D313537C014C014000200010002A300000C09672D6E732D31363239C014C014000200010002A300000B08672D6E732D373335C014C043000100010002A3000004CDFBC420C043001C00010002A300001026009000530420000000000000000001C05B000100010002A3000004CDFBC09DC05B001C00010002A30000102600900053009D000000000000000001C072000100010002A3000004CDFBC65DC072001C00010002A30000102600900053065D000000000000000001C08A000100010002A3000004CDFBC2DFC08A001C00010002A3000010260090005302DF0000000000000000010000291000000080000000",
    "AdditionalInfo": ".",
    "GUID": "{00000000-0000-0000-0000-000000000000}",
    "EventReceivedTime": "2021-09-16T20:11:37.571827-07:00",
    "SourceModuleName": "dnsserver",
    "SourceModuleType": "im_etw",
    "HostIP": "192.168.1.36"
  },
  {
    "SourceName": "Microsoft-Windows-DNSServer",
    "ProviderGuid": "{EB79061A-A566-4698-9119-3ED2807060E7}",
    "EventID": 260,
    "Version": 0,
    "ChannelID": 16,
    "OpcodeValue": 0,
    "TaskValue": 2,
    "Keywords": "9223372036854775824",
    "EventTime": "2021-09-16T20:11:37.085481-07:00",
    "ExecutionProcessID": 2080,
    "ExecutionThreadID": 2940,
    "EventType": "INFO",
    "SeverityValue": 2,
    "Severity": "INFO",
    "Hostname": "WIN-93NOI1UVL29",
    "Domain": "NT AUTHORITY",
    "AccountName": "SYSTEM",
    "UserID": "S-1-5-18",
    "AccountType": "User",
    "Flags": "0",
    "TCP": "0",
    "Destination": "205.251.196.236",
    "InterfaceIP": "0.0.0.0",
    "RD": "0",
    "QNAME": "detectportal.prod.mozaws.NET.",
    "QTYPE": "28",
    "QXID": "30064",
    "XID": "31457",
    "Port": "0",
    "RecursionScope": ".",
    "CacheScope": "Default",
    "PolicyName": "NULL",
    "BufferSize": "57",
    "PacketData": "0x7AE1000000010000000000010C646574656374706F7274616C0470726F64066D6F7A617773034E455400001C00010000290FA0000080000000",
    "AdditionalInfo": ".",
    "GUID": "{77E5BC84-6F69-4896-9B42-8F71AAD8C038}",
    "EventReceivedTime": "2021-09-16T20:11:37.571827-07:00",
    "SourceModuleName": "dnsserver",
    "SourceModuleType": "im_etw",
    "HostIP": "192.168.1.36"
  },
  {
    "SourceName": "Microsoft-Windows-DNSServer",
    "ProviderGuid": "{EB79061A-A566-4698-9119-3ED2807060E7}",
    "EventID": 261,
    "Version": 0,
    "ChannelID": 16,
    "OpcodeValue": 0,
    "TaskValue": 2,
    "Keywords": "9223372036854775840",
    "EventTime": "2021-09-16T20:11:37.089962-07:00",
    "ExecutionProcessID": 2080,
    "ExecutionThreadID": 2940,
    "EventType": "INFO",
    "SeverityValue": 2,
    "Severity": "INFO",
    "Hostname": "WIN-93NOI1UVL29",
    "Domain": "NT AUTHORITY",
    "AccountName": "SYSTEM",
    "UserID": "S-1-5-18",
    "AccountType": "User",
    "Flags": "33792",
    "TCP": "0",
    "Source": "2001:4860:4802:38::a",
    "InterfaceIP": "::",
    "AA": "1",
    "AD": "0",
    "QNAME": "forcesafesearch.google.com.",
    "QTYPE": "1",
    "XID": "8422",
    "RecursionDepth": "1",
    "Port": "0",
    "RecursionScope": ".",
    "CacheScope": "Default",
    "BufferSize": "71",
    "PacketData": "0x20E6840000010001000000010F666F7263657361666573656172636806676F6F676C6503636F6D0000010001C00C00010001000151800004D8EF26780000290200000080000000",
    "AdditionalInfo": ".",
    "GUID": "{209BB5E3-12D1-4D2B-AB24-6B3A7A3D6E33}",
    "EventReceivedTime": "2021-09-16T20:11:37.571827-07:00",
    "SourceModuleName": "dnsserver",
    "SourceModuleType": "im_etw",
    "HostIP": "192.168.1.36"
  },
  {
    "SourceName": "Microsoft-Windows-DNSServer",
    "ProviderGuid": "{EB79061A-A566-4698-9119-3ED2807060E7}",
    "EventID": 257,
    "Version": 0,
    "ChannelID": 16,
    "OpcodeValue": 0,
    "TaskValue": 1,
    "Keywords": "9223372036854775810",
    "EventTime": "2021-09-16T20:11:37.090144-07:00",
    "ExecutionProcessID": 2080,
    "ExecutionThreadID": 2940,
    "EventType": "INFO",
    "SeverityValue": 2,
    "Severity": "INFO",
    "Hostname": "WIN-93NOI1UVL29",
    "Domain": "NT AUTHORITY",
    "AccountName": "SYSTEM",
    "UserID": "S-1-5-18",
    "AccountType": "User",
    "Flags": "33152",
    "TCP": "0",
    "InterfaceIP": "192.168.1.36",
    "Destination": "192.168.1.7",
    "AA": "0",
    "AD": "0",
    "QNAME": "forcesafesearch.google.com.",
    "QTYPE": "1",
    "XID": "31763",
    "DNSSEC": "0",
    "RCODE": "0",
    "Port": "39949",
    "Scope": "Default",
    "Zone": "..Cache",
    "PolicyName": "NULL",
    "BufferSize": "60",
    "PacketData": "0x7C13818000010001000000000F666F7263657361666573656172636806676F6F676C6503636F6D0000010001C00C00010001000151800004D8EF2678",
    "AdditionalInfo": "VirtualizationInstance:.",
    "ElapsedTime": "43",
    "GUID": "{209BB5E3-12D1-4D2B-AB24-6B3A7A3D6E33}",
    "EventReceivedTime": "2021-09-16T20:11:37.571827-07:00",
    "SourceModuleName": "dnsserver",
    "SourceModuleType": "im_etw",
    "HostIP": "192.168.1.36"
  },
  {
    "SourceName": "Microsoft-Windows-DNSServer",
    "ProviderGuid": "{EB79061A-A566-4698-9119-3ED2807060E7}",
    "EventID": 256,
    "Version": 0,
    "ChannelID": 16,
    "OpcodeValue": 0,
    "TaskValue": 1,
    "Keywords": "9223372036854775809",
    "EventTime": "2021-09-16T20:11:37.095750-07:00",
    "ExecutionProcessID": 2080,
    "ExecutionThreadID": 2940,
    "EventType": "INFO",
    "SeverityValue": 2,
    "Severity": "INFO",
    "Hostname": "WIN-93NOI1UVL29",
    "Domain": "NT AUTHORITY",
    "AccountName": "SYSTEM",
    "UserID": "S-1-5-18",
    "AccountType": "User",
    "Flags": "256",
    "TCP": "0",
    "InterfaceIP": "192.168.1.36",
    "Source": "192.168.1.7",
    "RD": "1",
    "QNAME": "www.youtube.com.",
    "QTYPE": "1",
    "XID": "30590",
    "Port": "54657",
    "BufferSize": "33",
    "PacketData": "0x777E010000010000000000000377777707796F757475626503636F6D0000010001",
    "AdditionalInfo": ".",
    "GUID": "{D105A5CE-09CB-4AC4-BEFF-C7069B3747E8}",
    "EventReceivedTime": "2021-09-16T20:11:37.571827-07:00",
    "SourceModuleName": "dnsserver",
    "SourceModuleType": "im_etw",
    "HostIP": "192.168.1.36"
  },
  {
    "SourceName": "Microsoft-Windows-DNSServer",
    "ProviderGuid": "{EB79061A-A566-4698-9119-3ED2807060E7}",
    "EventID": 260,
    "Version": 0,
    "ChannelID": 16,
    "OpcodeValue": 0,
    "TaskValue": 2,
    "Keywords": "9223372036854775824",
    "EventTime": "2021-09-16T20:11:37.096271-07:00",
    "ExecutionProcessID": 2080,
    "ExecutionThreadID": 2940,
    "EventType": "INFO",
    "SeverityValue": 2,
    "Severity": "INFO",
    "Hostname": "WIN-93NOI1UVL29",
    "Domain": "NT AUTHORITY",
    "AccountName": "SYSTEM",
    "UserID": "S-1-5-18",
    "AccountType": "User",
    "Flags": "0",
    "TCP": "0",
    "Destination": "192.12.94.30",
    "InterfaceIP": "0.0.0.0",
    "RD": "0",
    "QNAME": "www.youtube.com.",
    "QTYPE": "1",
    "QXID": "30590",
    "XID": "65075",
    "Port": "0",
    "RecursionScope": ".",
    "CacheScope": "Default",
    "PolicyName": "NULL",
    "BufferSize": "44",
    "PacketData": "0xFE33000000010000000000010377777707796F757475626503636F6D00000100010000290FA0000080000000",
    "AdditionalInfo": ".",
    "GUID": "{D105A5CE-09CB-4AC4-BEFF-C7069B3747E8}",
    "EventReceivedTime": "2021-09-16T20:11:37.571827-07:00",
    "SourceModuleName": "dnsserver",
    "SourceModuleType": "im_etw",
    "HostIP": "192.168.1.36"
  },
  {
    "SourceName": "Microsoft-Windows-DNSServer",
    "ProviderGuid": "{EB79061A-A566-4698-9119-3ED2807060E7}",
    "EventID": 261,
    "Version": 0,
    "ChannelID": 16,
    "OpcodeValue": 0,
    "TaskValue": 2,
    "Keywords": "9223372036854775840",
    "EventTime": "2021-09-16T20:11:37.122943-07:00",
    "ExecutionProcessID": 2080,
    "ExecutionThreadID": 2940,
    "EventType": "INFO",
    "SeverityValue": 2,
    "Severity": "INFO",
    "Hostname": "WIN-93NOI1UVL29",
    "Domain": "NT AUTHORITY",
    "AccountName": "SYSTEM",
    "UserID": "S-1-5-18",
    "AccountType": "User",
    "Flags": "33824",
    "TCP": "0",
    "Source": "205.251.196.236",
    "InterfaceIP": "0.0.0.0",
    "AA": "1",
    "AD": "1",
    "QNAME": "detectportal.prod.mozaws.NET.",
    "QTYPE": "28",
    "XID": "31457",
    "RecursionDepth": "5",
    "Port": "0",
    "RecursionScope": ".",
    "CacheScope": "Default",
    "BufferSize": "247",
    "PacketData": "0x7AE1842000010001000400010C646574656374706F7274616C0470726F64066D6F7A617773034E455400001C0001C00C000500010000012C00290470726F640C646574656374706F7274616C0470726F6408636C6F75646F7073066D6F7A676370C025C019000200010002A3000017076E732D3132363009617773646E732D3239036F726700C019000200010002A3000019076E732D3139383609617773646E732D353602636F02756B00C019000200010002A3000016066E732D33373709617773646E732D343703636F6D00C019000200010002A3000013066E732D36313409617773646E732D3132C0250000291000000080000000",
    "AdditionalInfo": ".",
    "GUID": "{77E5BC84-6F69-4896-9B42-8F71AAD8C038}",
    "EventReceivedTime": "2021-09-16T20:11:37.571827-07:00",
    "SourceModuleName": "dnsserver",
    "SourceModuleType": "im_etw",
    "HostIP": "192.168.1.36"
  },
  {
    "SourceName": "Microsoft-Windows-DNSServer",
    "ProviderGuid": "{EB79061A-A566-4698-9119-3ED2807060E7}",
    "EventID": 279,
    "Version": 0,
    "ChannelID": 16,
    "OpcodeValue": 0,
    "TaskValue": 1,
    "Keywords": "9223372071214514176",
    "EventTime": "2021-09-16T20:11:37.123057-07:00",
    "ExecutionProcessID": 2080,
    "ExecutionThreadID": 2940,
    "EventType": "INFO",
    "SeverityValue": 2,
    "Severity": "INFO",
    "Hostname": "WIN-93NOI1UVL29",
    "Domain": "NT AUTHORITY",
    "AccountName": "SYSTEM",
    "UserID": "S-1-5-18",
    "AccountType": "User",
    "Flags": "33152",
    "TCP": "0",
    "InterfaceIP": "192.168.1.36",
    "Source": "192.168.1.7",
    "RD": "1",
    "QNAME": "prod.detectportal.prod.cloudops.mozgcp.net.",
    "QTYPE": "28",
    "Port": "59937",
    "XID": "30064",
    "BufferSize": "42",
    "PacketData": "0x7570818000010002000000000C646574656374706F7274616C0766697265666F7803636F6D00001C0001",
    "EventReceivedTime": "2021-09-16T20:11:37.571827-07:00",
    "SourceModuleName": "dnsserver",
    "SourceModuleType": "im_etw",
    "HostIP": "192.168.1.36"
  },
  {
    "SourceName": "Microsoft-Windows-DNSServer",
    "ProviderGuid": "{EB79061A-A566-4698-9119-3ED2807060E7}",
    "EventID": 260,
    "Version": 0,
    "ChannelID": 16,
    "OpcodeValue": 0,
    "TaskValue": 2,
    "Keywords": "9223372036854775824",
    "EventTime": "2021-09-16T20:11:37.124029-07:00",
    "ExecutionProcessID": 2080,
    "ExecutionThreadID": 2940,
    "EventType": "INFO",
    "SeverityValue": 2,
    "Severity": "INFO",
    "Hostname": "WIN-93NOI1UVL29",
    "Domain": "NT AUTHORITY",
    "AccountName": "SYSTEM",
    "UserID": "S-1-5-18",
    "AccountType": "User",
    "Flags": "0",
    "TCP": "0",
    "Destination": "192.48.79.30",
    "InterfaceIP": "0.0.0.0",
    "RD": "0",
    "QNAME": "prod.detectportal.prod.cloudops.mozgcp.NET.",
    "QTYPE": "28",
    "QXID": "30064",
    "XID": "45165",
    "Port": "0",
    "RecursionScope": ".",
    "CacheScope": "Default",
    "PolicyName": "NULL",
    "BufferSize": "71",
    "PacketData": "0xB06D000000010000000000010470726F640C646574656374706F7274616C0470726F6408636C6F75646F7073066D6F7A676370034E455400001C00010000290FA0000080000000",
    "AdditionalInfo": ".",
    "GUID": "{77E5BC84-6F69-4896-9B42-8F71AAD8C038}",
    "EventReceivedTime": "2021-09-16T20:11:37.571827-07:00",
    "SourceModuleName": "dnsserver",
    "SourceModuleType": "im_etw",
    "HostIP": "192.168.1.36"
  },
  {
    "SourceName": "Microsoft-Windows-DNSServer",
    "ProviderGuid": "{EB79061A-A566-4698-9119-3ED2807060E7}",
    "EventID": 261,
    "Version": 0,
    "ChannelID": 16,
    "OpcodeValue": 0,
    "TaskValue": 2,
    "Keywords": "9223372036854775840",
    "EventTime": "2021-09-16T20:11:37.134091-07:00",
    "ExecutionProcessID": 2080,
    "ExecutionThreadID": 2940,
    "EventType": "INFO",
    "SeverityValue": 2,
    "Severity": "INFO",
    "Hostname": "WIN-93NOI1UVL29",
    "Domain": "NT AUTHORITY",
    "AccountName": "SYSTEM",
    "UserID": "S-1-5-18",
    "AccountType": "User",
    "Flags": "32768",
    "TCP": "0",
    "Source": "192.12.94.30",
    "InterfaceIP": "0.0.0.0",
    "AA": "0",
    "AD": "0",
    "QNAME": "www.youtube.com.",
    "QTYPE": "1",
    "XID": "65075",
    "RecursionDepth": "1",
    "Port": "0",
    "RecursionScope": ".",
    "CacheScope": "Default",
    "BufferSize": "848",
    "PacketData": "0xFE33800000010000000800090377777707796F757475626503636F6D0000010001C010000200010002A300000D036E733206676F6F676C65C018C010000200010002A3000006036E7331C031C010000200010002A3000006036E7333C031C010000200010002A3000006036E7334C03120434B30504F4A4D473837344C4A5245463745464E38343330515649543842534DC018003200010001518000230101000000146501A0C25720EE156F6C4E39636B3ADA0312D92A000722000000000290C070002E00010001518000B7003208020001518061495E696140138199AF03636F6D0073D49C969AD112E1F52C00137560047BE57A0C63D266917DED0C9A551F1942FF5A835C70F318B7C1EC6363C09CA90BC736EB8345EA6F090394D2675E2DD1E0CEC5ED70EADAD937CA6CC54F1A48BA6BE6ED4985DC52360CD72D6C33AB6A67D91A22530A0F796FA8CD809D5DFD4EDA95D33C8A5BF1A724B9CB9248BFE875C054CB318444F00A1E1D5AE0EB39B04D9810FF639A4962C6AEB971DC01E12935F5E655204835414951305632334431374A3550543238493544374D4D354F544E42513237C01800320001000151800022010100000014895533E99D8E61EA75756530008715E3D86C079B0006200000000012C183002E00010001518000B7003208020001518061496E89614023A199AF03636F6D0083EFFACAA260A7BC45A70747B0784B0027EF06328775CD703192A20690ED73F2AAF8A4A258EB068CA249046D11402D3310EE6F185D0A6768FAC63B98C0BF022EB642B0EA33C441EEF19AD49BC22FF92C58DB38B2A84A7B81EBA6B9AC0DD63B22EDA0C47A4385B951D1934273A6CFEEACC9E38B666EF7039E8AF3846913C484E6794BE151A037759E9908077772FC140BABC900BD0E72D7AD67D1ABCF98CC4E27C02D001C00010002A30000102001486048020034000000000000000AC02D000100010002A3000004D8EF220AC046001C00010002A30000102001486048020032000000000000000AC046000100010002A3000004D8EF200AC058001C00010002A30000102001486048020036000000000000000AC058000100010002A3000004D8EF240AC06A001C00010002A30000102001486048020038000000000000000AC06A000100010002A3000004D8EF260A0000291000000080000000",
    "AdditionalInfo": ".",
    "GUID": "{D105A5CE-09CB-4AC4-BEFF-C7069B3747E8}",
    "EventReceivedTime": "2021-09-16T20:11:37.571827-07:00",
    "SourceModuleName": "dnsserver",
    "SourceModuleType": "im_etw",
    "HostIP": "192.168.1.36"
  },
  {
    "SourceName": "Microsoft-Windows-DNSServer",
    "ProviderGuid": "{EB79061A-A566-4698-9119-3ED2807060E7}",
    "EventID": 260,
    "Version": 0,
    "ChannelID": 16,
    "OpcodeValue": 0,
    "TaskValue": 2,
    "Keywords": "9223372036854775824",
    "EventTime": "2021-09-16T20:11:37.135915-07:00",
    "ExecutionProcessID": 2080,
    "ExecutionThreadID": 2940,
    "EventType": "INFO",
    "SeverityValue": 2,
    "Severity": "INFO",
    "Hostname": "WIN-93NOI1UVL29",
    "Domain": "NT AUTHORITY",
    "AccountName": "SYSTEM",
    "UserID": "S-1-5-18",
    "AccountType": "User",
    "Flags": "0",
    "TCP": "0",
    "Destination": "216.239.38.10",
    "InterfaceIP": "0.0.0.0",
    "RD": "0",
    "QNAME": "www.youtube.com.",
    "QTYPE": "1",
    "QXID": "30590",
    "XID": "48476",
    "Port": "0",
    "RecursionScope": ".",
    "CacheScope": "Default",
    "PolicyName": "NULL",
    "BufferSize": "44",
    "PacketData": "0xBD5C000000010000000000010377777707796F757475626503636F6D00000100010000290FA0000080000000",
    "AdditionalInfo": ".",
    "GUID": "{D105A5CE-09CB-4AC4-BEFF-C7069B3747E8}",
    "EventReceivedTime": "2021-09-16T20:11:37.571827-07:00",
    "SourceModuleName": "dnsserver",
    "SourceModuleType": "im_etw",
    "HostIP": "192.168.1.36"
  },
  {
    "SourceName": "Microsoft-Windows-DNSServer",
    "ProviderGuid": "{EB79061A-A566-4698-9119-3ED2807060E7}",
    "EventID": 261,
    "Version": 0,
    "ChannelID": 16,
    "OpcodeValue": 0,
    "TaskValue": 2,
    "Keywords": "9223372036854775840",
    "EventTime": "2021-09-16T20:11:37.158171-07:00",
    "ExecutionProcessID": 2080,
    "ExecutionThreadID": 2940,
    "EventType": "INFO",
    "SeverityValue": 2,
    "Severity": "INFO",
    "Hostname": "WIN-93NOI1UVL29",
    "Domain": "NT AUTHORITY",
    "AccountName": "SYSTEM",
    "UserID": "S-1-5-18",
    "AccountType": "User",
    "Flags": "32768",
    "TCP": "0",
    "Source": "2001:500:b::1",
    "InterfaceIP": "::",
    "AA": "0",
    "AD": "0",
    "QNAME": "ns-1260.awsdns-29.org.",
    "QTYPE": "1",
    "XID": "5327",
    "RecursionDepth": "1",
    "Port": "0",
    "RecursionScope": ".",
    "CacheScope": "Default",
    "BufferSize": "821",
    "PacketData": "0x14CF80000001000000080009076E732D3132363009617773646E732D3239036F72670000010001C0140002000100015180000B08672D6E732D313537C014C0140002000100015180000C09672D6E732D31363239C014C0140002000100015180000C09672D6E732D31303536C014C0140002000100015180000B08672D6E732D373335C014203169383730766A3568343239766A39706369376172366539676B693734747237C01E0032000100015180002B0101000A08332539EE7F95C32A140C907D989054FC4C24368D17E3C92EA2F87A23DD000722000000000290C085002E00010001518000970032080200015180615FB6AC6143F91C9B01036F726700A9AC3C980ED996F4DC53D4285B83C796DF6A661B4A990CBA93A9E08ADFC8BF8C99C2AC47ADF026FD82E1F96E036B6D96A6F783236D1565F77A5FF484E3686B7132DAF0CD55242B7C7CA6322C351FC2A8B197B3ACBE07CC2554A10AFE0FDE3646414DEE15778DD30A3AFBA61F13B6953C6349A00A380C217EFEE1B9ABFD878A33206539346272386B376D683633306F72366E6D66636C387138626968306B703166C0FB0032000100015180002A0101000A08332539EE7F95C32A1472496B255DA688479BF2C3ADA7E9DDAC47964EE90006200000000012C180002E00010001518000970032080200015180615C6B1F6140AD8F9B01036F72670005DD56A8470DD91545915AC4C9A707358018C0381F5BD263F0F2E21F9AC44C9FAC6735B87D46BEE8E95560B798CA2BB2EF73E3E1DD745628B6163FAF61D187E7E6953A41ED0854AA65FABEC386554FA29404125504FDD494A98DFD1D6344C7A44364FFDE03BAC1494A1DA48885BDD0852CEFA9AE6CF7AC93D5D2DE916791733BC033001C00010001518000102600900053009D000000000000000001C07A001C0001000151800010260090005302DF000000000000000001C062001C000100015180001026009000530420000000000000000001C04A001C00010001518000102600900053065D000000000000000001C03300010001000151800004CDFBC09DC07A00010001000151800004CDFBC2DFC06200010001000151800004CDFBC420C04A00010001000151800004CDFBC65D00002904D0000080000000",
    "AdditionalInfo": ".",
    "GUID": "{00000000-0000-0000-0000-000000000000}",
    "EventReceivedTime": "2021-09-16T20:11:37.571827-07:00",
    "SourceModuleName": "dnsserver",
    "SourceModuleType": "im_etw",
    "HostIP": "192.168.1.36"
  },
  {
    "SourceName": "Microsoft-Windows-DNSServer",
    "ProviderGuid": "{EB79061A-A566-4698-9119-3ED2807060E7}",
    "EventID": 260,
    "Version": 0,
    "ChannelID": 16,
    "OpcodeValue": 0,
    "TaskValue": 2,
    "Keywords": "9223372036854775824",
    "EventTime": "2021-09-16T20:11:37.160188-07:00",
    "ExecutionProcessID": 2080,
    "ExecutionThreadID": 2940,
    "EventType": "INFO",
    "SeverityValue": 2,
    "Severity": "INFO",
    "Hostname": "WIN-93NOI1UVL29",
    "Domain": "NT AUTHORITY",
    "AccountName": "SYSTEM",
    "UserID": "S-1-5-18",
    "AccountType": "User",
    "Flags": "0",
    "TCP": "0",
    "Destination": "205.251.196.32",
    "InterfaceIP": "0.0.0.0",
    "RD": "0",
    "QNAME": "ns-1260.awsdns-29.org.",
    "QTYPE": "1",
    "QXID": "1",
    "XID": "24765",
    "Port": "0",
    "RecursionScope": ".",
    "CacheScope": "Default",
    "PolicyName": "NULL",
    "BufferSize": "50",
    "PacketData": "0x60BD00000001000000000001076E732D3132363009617773646E732D3239036F726700000100010000290FA0000080000000",
    "AdditionalInfo": ".",
    "GUID": "{00000000-0000-0000-0000-000000000000}",
    "EventReceivedTime": "2021-09-16T20:11:37.571827-07:00",
    "SourceModuleName": "dnsserver",
    "SourceModuleType": "im_etw",
    "HostIP": "192.168.1.36"
  },
  {
    "SourceName": "Microsoft-Windows-DNSServer",
    "ProviderGuid": "{EB79061A-A566-4698-9119-3ED2807060E7}",
    "EventID": 261,
    "Version": 0,
    "ChannelID": 16,
    "OpcodeValue": 0,
    "TaskValue": 2,
    "Keywords": "9223372036854775840",
    "EventTime": "2021-09-16T20:11:37.164512-07:00",
    "ExecutionProcessID": 2080,
    "ExecutionThreadID": 2940,
    "EventType": "INFO",
    "SeverityValue": 2,
    "Severity": "INFO",
    "Hostname": "WIN-93NOI1UVL29",
    "Domain": "NT AUTHORITY",
    "AccountName": "SYSTEM",
    "UserID": "S-1-5-18",
    "AccountType": "User",
    "Flags": "32768",
    "TCP": "0",
    "Source": "192.48.79.30",
    "InterfaceIP": "0.0.0.0",
    "AA": "0",
    "AD": "0",
    "QNAME": "prod.detectportal.prod.cloudops.mozgcp.NET.",
    "QTYPE": "28",
    "XID": "45165",
    "RecursionDepth": "6",
    "Port": "0",
    "RecursionScope": ".",
    "CacheScope": "Default",
    "BufferSize": "741",
    "PacketData": "0xB06D800000010000000800010470726F640C646574656374706F7274616C0470726F6408636C6F75646F7073066D6F7A676370034E455400001C0001C02C000200010002A300001F0B6E732D636C6F75642D63310D676F6F676C65646F6D61696E7303636F6D00C02C000200010002A300000E0B6E732D636C6F75642D6332C054C02C000200010002A300000E0B6E732D636C6F75642D6333C054C02C000200010002A300000E0B6E732D636C6F75642D6334C05420413152543938425335514743394E4649353153394843493437554C4A47364A48C033003200010001518000230101000000145077EF3DF3A33A2D14993A1E874E1344D743C90B000722000000000290C0B5002E00010001518000B700320802000151806149717C61402694FF62036E657400B6321648DFB0D93CE5875A4612080D3092669F8C1B7E7BA200F78095D14E072097269DDAB573C06E9DE1D637095BD0561D096122F515E3A42C71E1C545889FC3BA4016371DAC852CC727732B22E34129A97E424D82E9531B20698A87B307DCC9FC6FF6E3E3DA999E66D048E1E7B01688586CCBCA11D3604AD67C06119723641FAAEE7F8F982A0D36D6B39CC34CA9005DAB99EAF51A2B4D183DCC4C9C234EAA9720304148504252395336475650434133554455364653344F5636545552374D4E41C0330032000100015180002201010000001402A3BA2A2FB7538F492DCBCFAD3AD865F59741EC0006200000000012C1C8002E00010001518000B70032080200015180614AC1676141767FFF62036E65740059AD0FB5943096F2AECCD3A3CC1F993638F236E6663C92CE8B30AF2C841E0848133C089D7824AE173637AF6F1C80C996EB102C76158A7A56BAB78BFB5B90426F52DF2358A87FE67A8E0B2AEA10FEE0110389E5928F5B1C57724973DDE0EE87F8A33F4ABFF5892F312257B8C6E5C30DBAFF5366FBE292235D09BF816DD82AA42AEE8BA9B9D1E8C7E68D5ED3CECE90ACEFBB47FD048E6316A4A93CE80B0A3F36B10000291000000080000000",
    "AdditionalInfo": ".",
    "GUID": "{77E5BC84-6F69-4896-9B42-8F71AAD8C038}",
    "EventReceivedTime": "2021-09-16T20:11:37.571827-07:00",
    "SourceModuleName": "dnsserver",
    "SourceModuleType": "im_etw",
    "HostIP": "192.168.1.36"
  },
  {
    "SourceName": "Microsoft-Windows-DNSServer",
    "ProviderGuid": "{EB79061A-A566-4698-9119-3ED2807060E7}",
    "EventID": 260,
    "Version": 0,
    "ChannelID": 16,
    "OpcodeValue": 0,
    "TaskValue": 2,
    "Keywords": "9223372036854775824",
    "EventTime": "2021-09-16T20:11:37.166926-07:00",
    "ExecutionProcessID": 2080,
    "ExecutionThreadID": 2940,
    "EventType": "INFO",
    "SeverityValue": 2,
    "Severity": "INFO",
    "Hostname": "WIN-93NOI1UVL29",
    "Domain": "NT AUTHORITY",
    "AccountName": "SYSTEM",
    "UserID": "S-1-5-18",
    "AccountType": "User",
    "Flags": "0",
    "TCP": "0",
    "Destination": "192.5.6.30",
    "InterfaceIP": "0.0.0.0",
    "RD": "0",
    "QNAME": "ns-cloud-c1.googledomains.com.",
    "QTYPE": "1",
    "QXID": "1",
    "XID": "53744",
    "Port": "0",
    "RecursionScope": ".",
    "CacheScope": "Default",
    "PolicyName": "NULL",
    "BufferSize": "58",
    "PacketData": "0xD1F0000000010000000000010B6E732D636C6F75642D63310D676F6F676C65646F6D61696E7303636F6D00000100010000290FA0000080000000",
    "AdditionalInfo": ".",
    "GUID": "{00000000-0000-0000-0000-000000000000}",
    "EventReceivedTime": "2021-09-16T20:11:37.571827-07:00",
    "SourceModuleName": "dnsserver",
    "SourceModuleType": "im_etw",
    "HostIP": "192.168.1.36"
  },
  {
    "SourceName": "Microsoft-Windows-DNSServer",
    "ProviderGuid": "{EB79061A-A566-4698-9119-3ED2807060E7}",
    "EventID": 261,
    "Version": 0,
    "ChannelID": 16,
    "OpcodeValue": 0,
    "TaskValue": 2,
    "Keywords": "9223372036854775840",
    "EventTime": "2021-09-16T20:11:37.175704-07:00",
    "ExecutionProcessID": 2080,
    "ExecutionThreadID": 2940,
    "EventType": "INFO",
    "SeverityValue": 2,
    "Severity": "INFO",
    "Hostname": "WIN-93NOI1UVL29",
    "Domain": "NT AUTHORITY",
    "AccountName": "SYSTEM",
    "UserID": "S-1-5-18",
    "AccountType": "User",
    "Flags": "33792",
    "TCP": "0",
    "Source": "216.239.38.10",
    "InterfaceIP": "0.0.0.0",
    "AA": "1",
    "AD": "0",
    "QNAME": "www.youtube.com.",
    "QTYPE": "1",
    "XID": "48476",
    "RecursionDepth": "2",
    "Port": "0",
    "RecursionScope": ".",
    "CacheScope": "Default",
    "BufferSize": "302",
    "PacketData": "0xBD5C84000001000F000000010377777707796F757475626503636F6D0000010001C00C000500010001518000160A796F75747562652D7569016C06676F6F676C65C018C02D000100010000012C0004ACD9050EC02D000100010000012C0004ACD904CEC02D000100010000012C00048EFABF6EC02D000100010000012C00048EFABF8EC02D000100010000012C00048EFABFAEC02D000100010000012C00048EFABFCEC02D000100010000012C00048EFABFEEC02D000100010000012C00048EFB200EC02D000100010000012C00048EFABE0EC02D000100010000012C00048EFABE2EC02D000100010000012C00048EFABE4EC02D000100010000012C00048EFABE6EC02D000100010000012C00048EFABE8EC02D000100010000012C0004ACD9042E0000290200000080000000",
    "AdditionalInfo": ".",
    "GUID": "{D105A5CE-09CB-4AC4-BEFF-C7069B3747E8}",
    "EventReceivedTime": "2021-09-16T20:11:37.571827-07:00",
    "SourceModuleName": "dnsserver",
    "SourceModuleType": "im_etw",
    "HostIP": "192.168.1.36"
  },
  {
    "SourceName": "Microsoft-Windows-DNSServer",
    "ProviderGuid": "{EB79061A-A566-4698-9119-3ED2807060E7}",
    "EventID": 279,
    "Version": 0,
    "ChannelID": 16,
    "OpcodeValue": 0,
    "TaskValue": 1,
    "Keywords": "9223372071214514176",
    "EventTime": "2021-09-16T20:11:37.176712-07:00",
    "ExecutionProcessID": 2080,
    "ExecutionThreadID": 2940,
    "EventType": "INFO",
    "SeverityValue": 2,
    "Severity": "INFO",
    "Hostname": "WIN-93NOI1UVL29",
    "Domain": "NT AUTHORITY",
    "AccountName": "SYSTEM",
    "UserID": "S-1-5-18",
    "AccountType": "User",
    "Flags": "33152",
    "TCP": "0",
    "InterfaceIP": "192.168.1.36",
    "Source": "192.168.1.7",
    "RD": "1",
    "QNAME": "youtube-ui.l.google.com.",
    "QTYPE": "1",
    "Port": "54657",
    "XID": "30590",
    "BufferSize": "33",
    "PacketData": "0x777E818000010001000000000377777707796F757475626503636F6D0000010001",
    "EventReceivedTime": "2021-09-16T20:11:37.571827-07:00",
    "SourceModuleName": "dnsserver",
    "SourceModuleType": "im_etw",
    "HostIP": "192.168.1.36"
  },
  {
    "SourceName": "Microsoft-Windows-DNSServer",
    "ProviderGuid": "{EB79061A-A566-4698-9119-3ED2807060E7}",
    "EventID": 260,
    "Version": 0,
    "ChannelID": 16,
    "OpcodeValue": 0,
    "TaskValue": 2,
    "Keywords": "9223372036854775824",
    "EventTime": "2021-09-16T20:11:37.177330-07:00",
    "ExecutionProcessID": 2080,
    "ExecutionThreadID": 2940,
    "EventType": "INFO",
    "SeverityValue": 2,
    "Severity": "INFO",
    "Hostname": "WIN-93NOI1UVL29",
    "Domain": "NT AUTHORITY",
    "AccountName": "SYSTEM",
    "UserID": "S-1-5-18",
    "AccountType": "User",
    "Flags": "0",
    "TCP": "0",
    "Destination": "2001:4860:4802:36::a",
    "InterfaceIP": "::",
    "RD": "0",
    "QNAME": "youtube-ui.l.google.com.",
    "QTYPE": "1",
    "QXID": "30590",
    "XID": "11138",
    "Port": "0",
    "RecursionScope": ".",
    "CacheScope": "Default",
    "PolicyName": "NULL",
    "BufferSize": "52",
    "PacketData": "0x2B82000000010000000000010A796F75747562652D7569016C06676F6F676C6503636F6D00000100010000290FA0000080000000",
    "AdditionalInfo": ".",
    "GUID": "{D105A5CE-09CB-4AC4-BEFF-C7069B3747E8}",
    "EventReceivedTime": "2021-09-16T20:11:37.571827-07:00",
    "SourceModuleName": "dnsserver",
    "SourceModuleType": "im_etw",
    "HostIP": "192.168.1.36"
  },
  {
    "SourceName": "Microsoft-Windows-DNSServer",
    "ProviderGuid": "{EB79061A-A566-4698-9119-3ED2807060E7}",
    "EventID": 261,
    "Version": 0,
    "ChannelID": 16,
    "OpcodeValue": 0,
    "TaskValue": 2,
    "Keywords": "9223372036854775840",
    "EventTime": "2021-09-16T20:11:37.200142-07:00",
    "ExecutionProcessID": 2080,
    "ExecutionThreadID": 2940,
    "EventType": "INFO",
    "SeverityValue": 2,
    "Severity": "INFO",
    "Hostname": "WIN-93NOI1UVL29",
    "Domain": "NT AUTHORITY",
    "AccountName": "SYSTEM",
    "UserID": "S-1-5-18",
    "AccountType": "User",
    "Flags": "33824",
    "TCP": "0",
    "Source": "205.251.196.32",
    "InterfaceIP": "0.0.0.0",
    "AA": "1",
    "AD": "1",
    "QNAME": "ns-1260.awsdns-29.org.",
    "QTYPE": "1",
    "XID": "24765",
    "RecursionDepth": "2",
    "Port": "0",
    "RecursionScope": ".",
    "CacheScope": "Default",
    "BufferSize": "336",
    "PacketData": "0x60BD84200001000100040009076E732D3132363009617773646E732D3239036F72670000010001C00C000100010002A3000004CDFBC4ECC014000200010002A300000C09672D6E732D31303536C014C014000200010002A300000B08672D6E732D313537C014C014000200010002A300000C09672D6E732D31363239C014C014000200010002A300000B08672D6E732D373335C014C043000100010002A3000004CDFBC420C043001C00010002A300001026009000530420000000000000000001C05B000100010002A3000004CDFBC09DC05B001C00010002A30000102600900053009D000000000000000001C072000100010002A3000004CDFBC65DC072001C00010002A30000102600900053065D000000000000000001C08A000100010002A3000004CDFBC2DFC08A001C00010002A3000010260090005302DF0000000000000000010000291000000080000000",
    "AdditionalInfo": ".",
    "GUID": "{00000000-0000-0000-0000-000000000000}",
    "EventReceivedTime": "2021-09-16T20:11:37.571827-07:00",
    "SourceModuleName": "dnsserver",
    "SourceModuleType": "im_etw",
    "HostIP": "192.168.1.36"
  },
  {
    "SourceName": "Microsoft-Windows-DNSServer",
    "ProviderGuid": "{EB79061A-A566-4698-9119-3ED2807060E7}",
    "EventID": 260,
    "Version": 0,
    "ChannelID": 16,
    "OpcodeValue": 0,
    "TaskValue": 2,
    "Keywords": "9223372036854775824",
    "EventTime": "2021-09-16T20:11:37.201754-07:00",
    "ExecutionProcessID": 2080,
    "ExecutionThreadID": 2940,
    "EventType": "INFO",
    "SeverityValue": 2,
    "Severity": "INFO",
    "Hostname": "WIN-93NOI1UVL29",
    "Domain": "NT AUTHORITY",
    "AccountName": "SYSTEM",
    "UserID": "S-1-5-18",
    "AccountType": "User",
    "Flags": "0",
    "TCP": "0",
    "Destination": "205.251.196.236",
    "InterfaceIP": "0.0.0.0",
    "RD": "0",
    "QNAME": "detectportal.prod.mozaws.NET.",
    "QTYPE": "1",
    "QXID": "53380",
    "XID": "49638",
    "Port": "0",
    "RecursionScope": ".",
    "CacheScope": "Default",
    "PolicyName": "NULL",
    "BufferSize": "57",
    "PacketData": "0xC1E6000000010000000000010C646574656374706F7274616C0470726F64066D6F7A617773034E455400000100010000290FA0000080000000",
    "AdditionalInfo": ".",
    "GUID": "{D61F2043-1C2D-4B3E-94A4-EAF81616484A}",
    "EventReceivedTime": "2021-09-16T20:11:37.571827-07:00",
    "SourceModuleName": "dnsserver",
    "SourceModuleType": "im_etw",
    "HostIP": "192.168.1.36"
  },
  {
    "SourceName": "Microsoft-Windows-DNSServer",
    "ProviderGuid": "{EB79061A-A566-4698-9119-3ED2807060E7}",
    "EventID": 261,
    "Version": 0,
    "ChannelID": 16,
    "OpcodeValue": 0,
    "TaskValue": 2,
    "Keywords": "9223372036854775840",
    "EventTime": "2021-09-16T20:11:37.202983-07:00",
    "ExecutionProcessID": 2080,
    "ExecutionThreadID": 2940,
    "EventType": "INFO",
    "SeverityValue": 2,
    "Severity": "INFO",
    "Hostname": "WIN-93NOI1UVL29",
    "Domain": "NT AUTHORITY",
    "AccountName": "SYSTEM",
    "UserID": "S-1-5-18",
    "AccountType": "User",
    "Flags": "32768",
    "TCP": "0",
    "Source": "192.5.6.30",
    "InterfaceIP": "0.0.0.0",
    "AA": "0",
    "AD": "0",
    "QNAME": "ns-cloud-c1.googledomains.com.",
    "QTYPE": "1",
    "XID": "53744",
    "RecursionDepth": "1",
    "Port": "0",
    "RecursionScope": ".",
    "CacheScope": "Default",
    "BufferSize": "855",
    "PacketData": "0xD1F0800000010000000800090B6E732D636C6F75642D63310D676F6F676C65646F6D61696E7303636F6D0000010001C018000200010002A3000006036E7335C018C018000200010002A3000006036E7336C018C018000200010002A3000006036E7337C018C018000200010002A3000006036E7338C01820434B30504F4A4D473837344C4A5245463745464E38343330515649543842534DC026003200010001518000230101000000146501A0C25720EE156F6C4E39636B3ADA0312D92A000722000000000290C077002E00010001518000B7003208020001518061495E696140138199AF03636F6D0073D49C969AD112E1F52C00137560047BE57A0C63D266917DED0C9A551F1942FF5A835C70F318B7C1EC6363C09CA90BC736EB8345EA6F090394D2675E2DD1E0CEC5ED70EADAD937CA6CC54F1A48BA6BE6ED4985DC52360CD72D6C33AB6A67D91A22530A0F796FA8CD809D5DFD4EDA95D33C8A5BF1A724B9CB9248BFE875C054CB318444F00A1E1D5AE0EB39B04D9810FF639A4962C6AEB971DC01E12935F5E65520564C46565241345032324533454F33463935504834354D535235305142304F50C02600320001000151800022010100000014FD6006E4794814DA3E24614252254A9A78F08B8A0006200000000012C18A002E00010001518000B70032080200015180614AB71D61416C3599AF03636F6D0077926F140F5603530DB2E91BC3C455CB454E106D101596BCABA9AC58604EDA04C0EF7C77543F807BA93440B745F749A17C28D59DAD3EC47016C920049FA73C5882FE59C2B9351E6A809B4C0BF465FFA01C586FEF84418E08EA33EC72F9B8A75F29BA91D15C30DE71A9EEF3DCA848F23334FEDA213332C857022BAE2E7C6CB7208E3E7D978577C1E6EEF8D7277768DD5AB980FB31C04BF2F02AD610A62AFF0D8EC03B001C00010002A30000102001486048020032000000000000000AC03B000100010002A3000004D8EF200AC04D001C00010002A30000102001486048020034000000000000000AC04D000100010002A3000004D8EF220AC05F001C00010002A30000102001486048020036000000000000000AC05F000100010002A3000004D8EF240AC071001C00010002A30000102001486048020038000000000000000AC071000100010002A3000004D8EF260A0000291000000080000000",
    "AdditionalInfo": ".",
    "GUID": "{00000000-0000-0000-0000-000000000000}",
    "EventReceivedTime": "2021-09-16T20:11:37.571827-07:00",
    "SourceModuleName": "dnsserver",
    "SourceModuleType": "im_etw",
    "HostIP": "192.168.1.36"
  },
  {
    "SourceName": "Microsoft-Windows-DNSServer",
    "ProviderGuid": "{EB79061A-A566-4698-9119-3ED2807060E7}",
    "EventID": 260,
    "Version": 0,
    "ChannelID": 16,
    "OpcodeValue": 0,
    "TaskValue": 2,
    "Keywords": "9223372036854775824",
    "EventTime": "2021-09-16T20:11:37.204485-07:00",
    "ExecutionProcessID": 2080,
    "ExecutionThreadID": 2940,
    "EventType": "INFO",
    "SeverityValue": 2,
    "Severity": "INFO",
    "Hostname": "WIN-93NOI1UVL29",
    "Domain": "NT AUTHORITY",
    "AccountName": "SYSTEM",
    "UserID": "S-1-5-18",
    "AccountType": "User",
    "Flags": "0",
    "TCP": "0",
    "Destination": "2001:4860:4802:38::a",
    "InterfaceIP": "::",
    "RD": "0",
    "QNAME": "ns-cloud-c1.googledomains.com.",
    "QTYPE": "1",
    "QXID": "1",
    "XID": "64533",
    "Port": "0",
    "RecursionScope": ".",
    "CacheScope": "Default",
    "PolicyName": "NULL",
    "BufferSize": "58",
    "PacketData": "0xFC15000000010000000000010B6E732D636C6F75642D63310D676F6F676C65646F6D61696E7303636F6D00000100010000290FA0000080000000",
    "AdditionalInfo": ".",
    "GUID": "{00000000-0000-0000-0000-000000000000}",
    "EventReceivedTime": "2021-09-16T20:11:37.571827-07:00",
    "SourceModuleName": "dnsserver",
    "SourceModuleType": "im_etw",
    "HostIP": "192.168.1.36"
  },
  {
    "SourceName": "Microsoft-Windows-DNSServer",
    "ProviderGuid": "{EB79061A-A566-4698-9119-3ED2807060E7}",
    "EventID": 261,
    "Version": 0,
    "ChannelID": 16,
    "OpcodeValue": 0,
    "TaskValue": 2,
    "Keywords": "9223372036854775840",
    "EventTime": "2021-09-16T20:11:37.212811-07:00",
    "ExecutionProcessID": 2080,
    "ExecutionThreadID": 2940,
    "EventType": "INFO",
    "SeverityValue": 2,
    "Severity": "INFO",
    "Hostname": "WIN-93NOI1UVL29",
    "Domain": "NT AUTHORITY",
    "AccountName": "SYSTEM",
    "UserID": "S-1-5-18",
    "AccountType": "User",
    "Flags": "33792",
    "TCP": "0",
    "Source": "2001:4860:4802:36::a",
    "InterfaceIP": "::",
    "AA": "1",
    "AD": "0",
    "QNAME": "youtube-ui.l.google.com.",
    "QTYPE": "1",
    "XID": "11138",
    "RecursionDepth": "3",
    "Port": "0",
    "RecursionScope": ".",
    "CacheScope": "Default",
    "BufferSize": "276",
    "PacketData": "0x2B8284000001000E000000010A796F75747562652D7569016C06676F6F676C6503636F6D0000010001C00C000100010000012C00048EFABFEEC00C000100010000012C00048EFB200EC00C000100010000012C00048EFABE0EC00C000100010000012C00048EFABE2EC00C000100010000012C00048EFABE4EC00C000100010000012C00048EFABE6EC00C000100010000012C00048EFABE8EC00C000100010000012C0004ACD9042EC00C000100010000012C0004ACD9050EC00C000100010000012C0004ACD904CEC00C000100010000012C00048EFABF6EC00C000100010000012C00048EFABF8EC00C000100010000012C00048EFABFAEC00C000100010000012C00048EFABFCE0000290200000080000000",
    "AdditionalInfo": ".",
    "GUID": "{D105A5CE-09CB-4AC4-BEFF-C7069B3747E8}",
    "EventReceivedTime": "2021-09-16T20:11:37.571827-07:00",
    "SourceModuleName": "dnsserver",
    "SourceModuleType": "im_etw",
    "HostIP": "192.168.1.36"
  },
