  {
    "SourceName": "Microsoft-Windows-DNSServer",
    "ProviderGuid": "{EB79061A-A566-4698-9119-3ED2807060E7}",
    "EventID": 260,
    "Version": 0,
    "ChannelID": 16,
    "OpcodeValue": 0,
    "TaskValue": 2,
    "Keywords": "9223372036854775824",
    "EventTime": "2021-09-16T20:09:52.504134-07:00",
    "ExecutionProcessID": 2080,
    "ExecutionThreadID": 2940,
    "EventType": "INFO",
    "SeverityValue": 2,
    "Severity": "INFO",
    "Hostname": "WIN-93NOI1UVL29",
    "Domain": "NT AUTHORITY",
    "AccountName": "SYSTEM",
    "UserID": "S-1-5-18",
    "AccountType": "User",
    "Flags": "0",
    "TCP": "0",
    "Destination": "147.72.252.21",
    "InterfaceIP": "0.0.0.0",
    "RD": "0",
    "QNAME": "ns1.sei.cmu.edu.",
    "QTYPE": "1",
    "QXID": "1",
    "XID": "59602",
    "Port": "0",
    "RecursionScope": ".",
    "CacheScope": "Default",
    "PolicyName": "NULL",
    "BufferSize": "44",
    "PacketData": "0xE8D200000001000000000001036E73310373656903636D750365647500000100010000290FA0000080000000",
    "AdditionalInfo": ".",
    "GUID": "{00000000-0000-0000-0000-000000000000}",
    "EventReceivedTime": "2021-09-16T20:09:52.753093-07:00",
    "SourceModuleName": "dnsserver",
    "SourceModuleType": "im_etw",
    "HostIP": "192.168.1.36"
  },
  {
    "SourceName": "Microsoft-Windows-DNSServer",
    "ProviderGuid": "{EB79061A-A566-4698-9119-3ED2807060E7}",
    "EventID": 261,
    "Version": 0,
    "ChannelID": 16,
    "OpcodeValue": 0,
    "TaskValue": 2,
    "Keywords": "9223372036854775840",
    "EventTime": "2021-09-16T20:09:52.538533-07:00",
    "ExecutionProcessID": 2080,
    "ExecutionThreadID": 2940,
    "EventType": "INFO",
    "SeverityValue": 2,
    "Severity": "INFO",
    "Hostname": "WIN-93NOI1UVL29",
    "Domain": "NT AUTHORITY",
    "AccountName": "SYSTEM",
    "UserID": "S-1-5-18",
    "AccountType": "User",
    "Flags": "33792",
    "TCP": "0",
    "Source": "147.72.252.21",
    "InterfaceIP": "0.0.0.0",
    "AA": "1",
    "AD": "0",
    "QNAME": "ns1.sei.cmu.edu.",
    "QTYPE": "1",
    "XID": "59602",
    "RecursionDepth": "4",
    "Port": "0",
    "RecursionScope": ".",
    "CacheScope": "Default",
    "BufferSize": "60",
    "PacketData": "0xE8D284000001000100000001036E73310373656903636D75036564750000010001C00C0001000100000E1000049348FC140000291000000080000000",
    "AdditionalInfo": ".",
    "GUID": "{00000000-0000-0000-0000-000000000000}",
    "EventReceivedTime": "2021-09-16T20:09:52.753093-07:00",
    "SourceModuleName": "dnsserver",
    "SourceModuleType": "im_etw",
    "HostIP": "192.168.1.36"
  },
  {
    "SourceName": "Microsoft-Windows-DNSServer",
    "ProviderGuid": "{EB79061A-A566-4698-9119-3ED2807060E7}",
    "EventID": 260,
    "Version": 0,
    "ChannelID": 16,
    "OpcodeValue": 0,
    "TaskValue": 2,
    "Keywords": "9223372036854775824",
    "EventTime": "2021-09-16T20:09:52.538732-07:00",
    "ExecutionProcessID": 2080,
    "ExecutionThreadID": 2940,
    "EventType": "INFO",
    "SeverityValue": 2,
    "Severity": "INFO",
    "Hostname": "WIN-93NOI1UVL29",
    "Domain": "NT AUTHORITY",
    "AccountName": "SYSTEM",
    "UserID": "S-1-5-18",
    "AccountType": "User",
    "Flags": "0",
    "TCP": "0",
    "Destination": "147.72.252.20",
    "InterfaceIP": "0.0.0.0",
    "RD": "0",
    "QNAME": "cert.org.",
    "QTYPE": "1",
    "QXID": "4",
    "XID": "31185",
    "Port": "0",
    "RecursionScope": ".",
    "CacheScope": "Default",
    "PolicyName": "NULL",
    "BufferSize": "37",
    "PacketData": "0x79D1000000010000000000010463657274036F726700000100010000290FA0000080000000",
    "AdditionalInfo": ".",
    "GUID": "{A83A2976-B485-4486-B333-4B756EB8DB35}",
    "EventReceivedTime": "2021-09-16T20:09:52.753093-07:00",
    "SourceModuleName": "dnsserver",
    "SourceModuleType": "im_etw",
    "HostIP": "192.168.1.36"
  },
  {
    "SourceName": "Microsoft-Windows-DNSServer",
    "ProviderGuid": "{EB79061A-A566-4698-9119-3ED2807060E7}",
    "EventID": 261,
    "Version": 0,
    "ChannelID": 16,
    "OpcodeValue": 0,
    "TaskValue": 2,
    "Keywords": "9223372036854775840",
    "EventTime": "2021-09-16T20:09:52.572863-07:00",
    "ExecutionProcessID": 2080,
    "ExecutionThreadID": 2940,
    "EventType": "INFO",
    "SeverityValue": 2,
    "Severity": "INFO",
    "Hostname": "WIN-93NOI1UVL29",
    "Domain": "NT AUTHORITY",
    "AccountName": "SYSTEM",
    "UserID": "S-1-5-18",
    "AccountType": "User",
    "Flags": "33792",
    "TCP": "0",
    "Source": "147.72.252.20",
    "InterfaceIP": "0.0.0.0",
    "AA": "1",
    "AD": "0",
    "QNAME": "cert.org.",
    "QTYPE": "1",
    "XID": "31185",
    "RecursionDepth": "2",
    "Port": "0",
    "RecursionScope": ".",
    "CacheScope": "Default",
    "BufferSize": "53",
    "PacketData": "0x79D1840000010001000000010463657274036F72670000010001C00C0001000100000E1000049348FCF20000291000000080000000",
    "AdditionalInfo": ".",
    "GUID": "{A83A2976-B485-4486-B333-4B756EB8DB35}",
    "EventReceivedTime": "2021-09-16T20:09:52.753093-07:00",
    "SourceModuleName": "dnsserver",
    "SourceModuleType": "im_etw",
    "HostIP": "192.168.1.36"
  },
  {
    "SourceName": "Microsoft-Windows-DNSServer",
    "ProviderGuid": "{EB79061A-A566-4698-9119-3ED2807060E7}",
    "EventID": 257,
    "Version": 0,
    "ChannelID": 16,
    "OpcodeValue": 0,
    "TaskValue": 1,
    "Keywords": "9223372036854775810",
    "EventTime": "2021-09-16T20:09:52.572918-07:00",
    "ExecutionProcessID": 2080,
    "ExecutionThreadID": 2940,
    "EventType": "INFO",
    "SeverityValue": 2,
    "Severity": "INFO",
    "Hostname": "WIN-93NOI1UVL29",
    "Domain": "NT AUTHORITY",
    "AccountName": "SYSTEM",
    "UserID": "S-1-5-18",
    "AccountType": "User",
    "Flags": "33152",
    "TCP": "0",
    "InterfaceIP": "2601:442:4400:82a:b8a3:7b53:d4bf:98bf",
    "Destination": "2601:442:4400:82a:b8a3:7b53:d4bf:98bf",
    "AA": "0",
    "AD": "0",
    "QNAME": "cert.org.",
    "QTYPE": "1",
    "XID": "4",
    "DNSSEC": "0",
    "RCODE": "0",
    "Port": "52582",
    "Scope": "Default",
    "Zone": "..Cache",
    "PolicyName": "NULL",
    "BufferSize": "42",
    "PacketData": "0x0004818000010001000000000463657274036F72670000010001C00C0001000100000E1000049348FCF2",
    "AdditionalInfo": "VirtualizationInstance:.",
    "ElapsedTime": "309",
    "GUID": "{A83A2976-B485-4486-B333-4B756EB8DB35}",
    "EventReceivedTime": "2021-09-16T20:09:52.753093-07:00",
    "SourceModuleName": "dnsserver",
    "SourceModuleType": "im_etw",
    "HostIP": "192.168.1.36"
  },
  {
    "SourceName": "Microsoft-Windows-DNSServer",
    "ProviderGuid": "{EB79061A-A566-4698-9119-3ED2807060E7}",
    "EventID": 256,
    "Version": 0,
    "ChannelID": 16,
    "OpcodeValue": 0,
    "TaskValue": 1,
    "Keywords": "9223372036854775809",
    "EventTime": "2021-09-16T20:09:52.575847-07:00",
    "ExecutionProcessID": 2080,
    "ExecutionThreadID": 2940,
    "EventType": "INFO",
    "SeverityValue": 2,
    "Severity": "INFO",
    "Hostname": "WIN-93NOI1UVL29",
    "Domain": "NT AUTHORITY",
    "AccountName": "SYSTEM",
    "UserID": "S-1-5-18",
    "AccountType": "User",
    "Flags": "256",
    "TCP": "0",
    "InterfaceIP": "2601:442:4400:82a:b8a3:7b53:d4bf:98bf",
    "Source": "2601:442:4400:82a:b8a3:7b53:d4bf:98bf",
    "RD": "1",
    "QNAME": "cert.org.",
    "QTYPE": "28",
    "XID": "5",
    "Port": "52583",
    "BufferSize": "26",
    "PacketData": "0x0005010000010000000000000463657274036F726700001C0001",
    "AdditionalInfo": ".",
    "GUID": "{9100BDBA-09FD-4FFE-B641-CBDBCC610CBE}",
    "EventReceivedTime": "2021-09-16T20:09:52.753093-07:00",
    "SourceModuleName": "dnsserver",
    "SourceModuleType": "im_etw",
    "HostIP": "192.168.1.36"
  },
  {
    "SourceName": "Microsoft-Windows-DNSServer",
    "ProviderGuid": "{EB79061A-A566-4698-9119-3ED2807060E7}",
    "EventID": 260,
    "Version": 0,
    "ChannelID": 16,
    "OpcodeValue": 0,
    "TaskValue": 2,
    "Keywords": "9223372036854775824",
    "EventTime": "2021-09-16T20:09:52.575937-07:00",
    "ExecutionProcessID": 2080,
    "ExecutionThreadID": 2940,
    "EventType": "INFO",
    "SeverityValue": 2,
    "Severity": "INFO",
    "Hostname": "WIN-93NOI1UVL29",
    "Domain": "NT AUTHORITY",
    "AccountName": "SYSTEM",
    "UserID": "S-1-5-18",
    "AccountType": "User",
    "Flags": "0",
    "TCP": "0",
    "Destination": "147.72.252.20",
    "InterfaceIP": "0.0.0.0",
    "RD": "0",
    "QNAME": "cert.org.",
    "QTYPE": "28",
    "QXID": "5",
    "XID": "60210",
    "Port": "0",
    "RecursionScope": ".",
    "CacheScope": "Default",
    "PolicyName": "NULL",
    "BufferSize": "37",
    "PacketData": "0xEB32000000010000000000010463657274036F726700001C00010000290FA0000080000000",
    "AdditionalInfo": ".",
    "GUID": "{9100BDBA-09FD-4FFE-B641-CBDBCC610CBE}",
    "EventReceivedTime": "2021-09-16T20:09:52.753093-07:00",
    "SourceModuleName": "dnsserver",
    "SourceModuleType": "im_etw",
    "HostIP": "192.168.1.36"
  },
  {
    "SourceName": "Microsoft-Windows-DNSServer",
    "ProviderGuid": "{EB79061A-A566-4698-9119-3ED2807060E7}",
    "EventID": 261,
    "Version": 0,
    "ChannelID": 16,
    "OpcodeValue": 0,
    "TaskValue": 2,
    "Keywords": "9223372036854775840",
    "EventTime": "2021-09-16T20:09:52.610451-07:00",
    "ExecutionProcessID": 2080,
    "ExecutionThreadID": 2940,
    "EventType": "INFO",
    "SeverityValue": 2,
    "Severity": "INFO",
    "Hostname": "WIN-93NOI1UVL29",
    "Domain": "NT AUTHORITY",
    "AccountName": "SYSTEM",
    "UserID": "S-1-5-18",
    "AccountType": "User",
    "Flags": "33792",
    "TCP": "0",
    "Source": "147.72.252.20",
    "InterfaceIP": "0.0.0.0",
    "AA": "1",
    "AD": "0",
    "QNAME": "cert.org.",
    "QTYPE": "28",
    "XID": "60210",
    "RecursionDepth": "1",
    "Port": "0",
    "RecursionScope": ".",
    "CacheScope": "Default",
    "BufferSize": "110",
    "PacketData": "0xEB32840000010000000100010463657274036F726700001C0001C00C0006000100000384003D0E6E732D677269642D6D61737465720373656903636D7503656475000A686F73746D6173746572C00C00004EFF000003840000012C00093A80000003840000291000000080000000",
    "AdditionalInfo": ".",
    "GUID": "{9100BDBA-09FD-4FFE-B641-CBDBCC610CBE}",
    "EventReceivedTime": "2021-09-16T20:09:52.753093-07:00",
    "SourceModuleName": "dnsserver",
    "SourceModuleType": "im_etw",
    "HostIP": "192.168.1.36"
  },
  {
    "SourceName": "Microsoft-Windows-DNSServer",
    "ProviderGuid": "{EB79061A-A566-4698-9119-3ED2807060E7}",
    "EventID": 257,
    "Version": 0,
    "ChannelID": 16,
    "OpcodeValue": 0,
    "TaskValue": 1,
    "Keywords": "9223372036854775810",
    "EventTime": "2021-09-16T20:09:52.610451-07:00",
    "ExecutionProcessID": 2080,
    "ExecutionThreadID": 2940,
    "EventType": "INFO",
    "SeverityValue": 2,
    "Severity": "INFO",
    "Hostname": "WIN-93NOI1UVL29",
    "Domain": "NT AUTHORITY",
    "AccountName": "SYSTEM",
    "UserID": "S-1-5-18",
    "AccountType": "User",
    "Flags": "33152",
    "TCP": "0",
    "InterfaceIP": "2601:442:4400:82a:b8a3:7b53:d4bf:98bf",
    "Destination": "2601:442:4400:82a:b8a3:7b53:d4bf:98bf",
    "AA": "0",
    "AD": "0",
    "QNAME": "cert.org.",
    "QTYPE": "28",
    "XID": "5",
    "DNSSEC": "0",
    "RCODE": "0",
    "Port": "52583",
    "Scope": "Default",
    "Zone": "..Cache",
    "PolicyName": "NULL",
    "BufferSize": "99",
    "PacketData": "0x0005818000010000000100000463657274036F726700001C0001C00C0006000100000384003D0E6E732D677269642D6D61737465720373656903636D7503656475000A686F73746D6173746572C00C00004EFF000003840000012C00093A8000000384",
    "AdditionalInfo": "VirtualizationInstance:.",
    "ElapsedTime": "35",
    "GUID": "{9100BDBA-09FD-4FFE-B641-CBDBCC610CBE}",
    "EventReceivedTime": "2021-09-16T20:09:52.753093-07:00",
    "SourceModuleName": "dnsserver",
    "SourceModuleType": "im_etw",
    "HostIP": "192.168.1.36"
  },
  {
    "SourceName": "Microsoft-Windows-DNSServer",
    "ProviderGuid": "{EB79061A-A566-4698-9119-3ED2807060E7}",
    "EventID": 256,
    "Version": 0,
    "ChannelID": 16,
    "OpcodeValue": 0,
    "TaskValue": 1,
    "Keywords": "9223372036854775809",
    "EventTime": "2021-09-16T20:10:07.493875-07:00",
    "ExecutionProcessID": 2080,
    "ExecutionThreadID": 2940,
    "EventType": "INFO",
    "SeverityValue": 2,
    "Severity": "INFO",
    "Hostname": "WIN-93NOI1UVL29",
    "Domain": "NT AUTHORITY",
    "AccountName": "SYSTEM",
    "UserID": "S-1-5-18",
    "AccountType": "User",
    "Flags": "256",
    "TCP": "0",
    "InterfaceIP": "2601:442:4400:82a:b8a3:7b53:d4bf:98bf",
    "Source": "2601:442:4400:82a:b8a3:7b53:d4bf:98bf",
    "RD": "1",
    "QNAME": "telecommand.telemetry.microsoft.com.",
    "QTYPE": "1",
    "XID": "4310",
    "Port": "58514",
    "BufferSize": "53",
    "PacketData": "0x10D6010000010000000000000B74656C65636F6D6D616E640974656C656D65747279096D6963726F736F667403636F6D0000010001",
    "AdditionalInfo": ".",
    "GUID": "{1C62FC5E-7321-42C3-BDBE-F381A79CF4A5}",
    "EventReceivedTime": "2021-09-16T20:10:08.487104-07:00",
    "SourceModuleName": "dnsserver",
    "SourceModuleType": "im_etw",
    "HostIP": "192.168.1.36"
  },
  {
    "SourceName": "Microsoft-Windows-DNSServer",
    "ProviderGuid": "{EB79061A-A566-4698-9119-3ED2807060E7}",
    "EventID": 260,
    "Version": 0,
    "ChannelID": 16,
    "OpcodeValue": 0,
    "TaskValue": 2,
    "Keywords": "9223372036854775824",
    "EventTime": "2021-09-16T20:10:07.493984-07:00",
    "ExecutionProcessID": 2080,
    "ExecutionThreadID": 2940,
    "EventType": "INFO",
    "SeverityValue": 2,
    "Severity": "INFO",
    "Hostname": "WIN-93NOI1UVL29",
    "Domain": "NT AUTHORITY",
    "AccountName": "SYSTEM",
    "UserID": "S-1-5-18",
    "AccountType": "User",
    "Flags": "0",
    "TCP": "0",
    "Destination": "40.90.4.205",
    "InterfaceIP": "0.0.0.0",
    "RD": "0",
    "QNAME": "telecommand.telemetry.microsoft.com.",
    "QTYPE": "1",
    "QXID": "4310",
    "XID": "48601",
    "Port": "0",
    "RecursionScope": ".",
    "CacheScope": "Default",
    "PolicyName": "NULL",
    "BufferSize": "64",
    "PacketData": "0xBDD9000000010000000000010B74656C65636F6D6D616E640974656C656D65747279096D6963726F736F667403636F6D00000100010000290FA0000080000000",
    "AdditionalInfo": ".",
    "GUID": "{1C62FC5E-7321-42C3-BDBE-F381A79CF4A5}",
    "EventReceivedTime": "2021-09-16T20:10:08.487104-07:00",
    "SourceModuleName": "dnsserver",
    "SourceModuleType": "im_etw",
    "HostIP": "192.168.1.36"
  },
  {
    "SourceName": "Microsoft-Windows-DNSServer",
    "ProviderGuid": "{EB79061A-A566-4698-9119-3ED2807060E7}",
    "EventID": 256,
    "Version": 0,
    "ChannelID": 16,
    "OpcodeValue": 0,
    "TaskValue": 1,
    "Keywords": "9223372036854775809",
    "EventTime": "2021-09-16T20:10:07.494213-07:00",
    "ExecutionProcessID": 2080,
    "ExecutionThreadID": 2940,
    "EventType": "INFO",
    "SeverityValue": 2,
    "Severity": "INFO",
    "Hostname": "WIN-93NOI1UVL29",
    "Domain": "NT AUTHORITY",
    "AccountName": "SYSTEM",
    "UserID": "S-1-5-18",
    "AccountType": "User",
    "Flags": "256",
    "TCP": "0",
    "InterfaceIP": "2601:442:4400:82a:b8a3:7b53:d4bf:98bf",
    "Source": "2601:442:4400:82a:b8a3:7b53:d4bf:98bf",
    "RD": "1",
    "QNAME": "telecommand.telemetry.microsoft.com.",
    "QTYPE": "28",
    "XID": "50259",
    "Port": "52288",
    "BufferSize": "53",
    "PacketData": "0xC453010000010000000000000B74656C65636F6D6D616E640974656C656D65747279096D6963726F736F667403636F6D00001C0001",
    "AdditionalInfo": ".",
    "GUID": "{DBAB4AEA-2405-408F-A0D3-56D83E57EE56}",
    "EventReceivedTime": "2021-09-16T20:10:08.487104-07:00",
    "SourceModuleName": "dnsserver",
    "SourceModuleType": "im_etw",
    "HostIP": "192.168.1.36"
  },
  {
    "SourceName": "Microsoft-Windows-DNSServer",
    "ProviderGuid": "{EB79061A-A566-4698-9119-3ED2807060E7}",
    "EventID": 260,
    "Version": 0,
    "ChannelID": 16,
    "OpcodeValue": 0,
    "TaskValue": 2,
    "Keywords": "9223372036854775824",
    "EventTime": "2021-09-16T20:10:07.494296-07:00",
    "ExecutionProcessID": 2080,
    "ExecutionThreadID": 2940,
    "EventType": "INFO",
    "SeverityValue": 2,
    "Severity": "INFO",
    "Hostname": "WIN-93NOI1UVL29",
    "Domain": "NT AUTHORITY",
    "AccountName": "SYSTEM",
    "UserID": "S-1-5-18",
    "AccountType": "User",
    "Flags": "0",
    "TCP": "0",
    "Destination": "40.90.4.205",
    "InterfaceIP": "0.0.0.0",
    "RD": "0",
    "QNAME": "telecommand.telemetry.microsoft.com.",
    "QTYPE": "28",
    "QXID": "50259",
    "XID": "60888",
    "Port": "0",
    "RecursionScope": ".",
    "CacheScope": "Default",
    "PolicyName": "NULL",
    "BufferSize": "64",
    "PacketData": "0xEDD8000000010000000000010B74656C65636F6D6D616E640974656C656D65747279096D6963726F736F667403636F6D00001C00010000290FA0000080000000",
    "AdditionalInfo": ".",
    "GUID": "{DBAB4AEA-2405-408F-A0D3-56D83E57EE56}",
    "EventReceivedTime": "2021-09-16T20:10:08.501910-07:00",
    "SourceModuleName": "dnsserver",
    "SourceModuleType": "im_etw",
    "HostIP": "192.168.1.36"
  },
  {
    "SourceName": "Microsoft-Windows-DNSServer",
    "ProviderGuid": "{EB79061A-A566-4698-9119-3ED2807060E7}",
    "EventID": 261,
    "Version": 0,
    "ChannelID": 16,
    "OpcodeValue": 0,
    "TaskValue": 2,
    "Keywords": "9223372036854775840",
    "EventTime": "2021-09-16T20:10:07.514840-07:00",
    "ExecutionProcessID": 2080,
    "ExecutionThreadID": 2940,
    "EventType": "INFO",
    "SeverityValue": 2,
    "Severity": "INFO",
    "Hostname": "WIN-93NOI1UVL29",
    "Domain": "NT AUTHORITY",
    "AccountName": "SYSTEM",
    "UserID": "S-1-5-18",
    "AccountType": "User",
    "Flags": "33792",
    "TCP": "0",
    "Source": "40.90.4.205",
    "InterfaceIP": "0.0.0.0",
    "AA": "1",
    "AD": "0",
    "QNAME": "telecommand.telemetry.microsoft.com.",
    "QTYPE": "1",
    "XID": "48601",
    "RecursionDepth": "1",
    "Port": "0",
    "RecursionScope": ".",
    "CacheScope": "Default",
    "BufferSize": "80",
    "PacketData": "0xBDD9840000010001000000010B74656C65636F6D6D616E640974656C656D65747279096D6963726F736F667403636F6D0000010001C00C0001000100000E1000040D42FC7F00002904D0000080000000",
    "AdditionalInfo": ".",
    "GUID": "{1C62FC5E-7321-42C3-BDBE-F381A79CF4A5}",
    "EventReceivedTime": "2021-09-16T20:10:08.501910-07:00",
    "SourceModuleName": "dnsserver",
    "SourceModuleType": "im_etw",
    "HostIP": "192.168.1.36"
  },
  {
    "SourceName": "Microsoft-Windows-DNSServer",
    "ProviderGuid": "{EB79061A-A566-4698-9119-3ED2807060E7}",
    "EventID": 257,
    "Version": 0,
    "ChannelID": 16,
    "OpcodeValue": 0,
    "TaskValue": 1,
    "Keywords": "9223372036854775810",
    "EventTime": "2021-09-16T20:10:07.515059-07:00",
    "ExecutionProcessID": 2080,
    "ExecutionThreadID": 2940,
    "EventType": "INFO",
    "SeverityValue": 2,
    "Severity": "INFO",
    "Hostname": "WIN-93NOI1UVL29",
    "Domain": "NT AUTHORITY",
    "AccountName": "SYSTEM",
    "UserID": "S-1-5-18",
    "AccountType": "User",
    "Flags": "33152",
    "TCP": "0",
    "InterfaceIP": "2601:442:4400:82a:b8a3:7b53:d4bf:98bf",
    "Destination": "2601:442:4400:82a:b8a3:7b53:d4bf:98bf",
    "AA": "0",
    "AD": "0",
    "QNAME": "telecommand.telemetry.microsoft.com.",
    "QTYPE": "1",
    "XID": "4310",
    "DNSSEC": "0",
    "RCODE": "0",
    "Port": "58514",
    "Scope": "Default",
    "Zone": "..Cache",
    "PolicyName": "NULL",
    "BufferSize": "69",
    "PacketData": "0x10D6818000010001000000000B74656C65636F6D6D616E640974656C656D65747279096D6963726F736F667403636F6D0000010001C00C0001000100000E1000040D42FC7F",
    "AdditionalInfo": "VirtualizationInstance:.",
    "ElapsedTime": "22",
    "GUID": "{1C62FC5E-7321-42C3-BDBE-F381A79CF4A5}",
    "EventReceivedTime": "2021-09-16T20:10:08.501910-07:00",
    "SourceModuleName": "dnsserver",
    "SourceModuleType": "im_etw",
    "HostIP": "192.168.1.36"
  },
  {
    "SourceName": "Microsoft-Windows-DNSServer",
    "ProviderGuid": "{EB79061A-A566-4698-9119-3ED2807060E7}",
    "EventID": 261,
    "Version": 0,
    "ChannelID": 16,
    "OpcodeValue": 0,
    "TaskValue": 2,
    "Keywords": "9223372036854775840",
    "EventTime": "2021-09-16T20:10:07.524899-07:00",
    "ExecutionProcessID": 2080,
    "ExecutionThreadID": 2940,
    "EventType": "INFO",
    "SeverityValue": 2,
    "Severity": "INFO",
    "Hostname": "WIN-93NOI1UVL29",
    "Domain": "NT AUTHORITY",
    "AccountName": "SYSTEM",
    "UserID": "S-1-5-18",
    "AccountType": "User",
    "Flags": "33792",
    "TCP": "0",
    "Source": "40.90.4.205",
    "InterfaceIP": "0.0.0.0",
    "AA": "1",
    "AD": "0",
    "QNAME": "telecommand.telemetry.microsoft.com.",
    "QTYPE": "28",
    "XID": "60888",
    "RecursionDepth": "1",
    "Port": "0",
    "RecursionScope": ".",
    "CacheScope": "Default",
    "BufferSize": "138",
    "PacketData": "0xEDD8840000010000000100010B74656C65636F6D6D616E640974656C656D65747279096D6963726F736F667403636F6D00001C0001C022000600010000012C003E076E73312D32303509617A7572652D646E73C02C13617A757265646E732D686F73746D6173746572C0220000000100000E100000012C0024EA000000012C00002904D0000080000000",
    "AdditionalInfo": ".",
    "GUID": "{DBAB4AEA-2405-408F-A0D3-56D83E57EE56}",
    "EventReceivedTime": "2021-09-16T20:10:08.501910-07:00",
    "SourceModuleName": "dnsserver",
    "SourceModuleType": "im_etw",
    "HostIP": "192.168.1.36"
  },
  {
    "SourceName": "Microsoft-Windows-DNSServer",
    "ProviderGuid": "{EB79061A-A566-4698-9119-3ED2807060E7}",
    "EventID": 257,
    "Version": 0,
    "ChannelID": 16,
    "OpcodeValue": 0,
    "TaskValue": 1,
    "Keywords": "9223372036854775810",
    "EventTime": "2021-09-16T20:10:07.525184-07:00",
    "ExecutionProcessID": 2080,
    "ExecutionThreadID": 2940,
    "EventType": "INFO",
    "SeverityValue": 2,
    "Severity": "INFO",
    "Hostname": "WIN-93NOI1UVL29",
    "Domain": "NT AUTHORITY",
    "AccountName": "SYSTEM",
    "UserID": "S-1-5-18",
    "AccountType": "User",
    "Flags": "33152",
    "TCP": "0",
    "InterfaceIP": "2601:442:4400:82a:b8a3:7b53:d4bf:98bf",
    "Destination": "2601:442:4400:82a:b8a3:7b53:d4bf:98bf",
    "AA": "0",
    "AD": "0",
    "QNAME": "telecommand.telemetry.microsoft.com.",
    "QTYPE": "28",
    "XID": "50259",
    "DNSSEC": "0",
    "RCODE": "0",
    "Port": "52288",
    "Scope": "Default",
    "Zone": "..Cache",
    "PolicyName": "NULL",
    "BufferSize": "127",
    "PacketData": "0xC453818000010000000100000B74656C65636F6D6D616E640974656C656D65747279096D6963726F736F667403636F6D00001C0001C022000600010000012C003E076E73312D32303509617A7572652D646E73C02C13617A757265646E732D686F73746D6173746572C0220000000100000E100000012C0024EA000000012C",
    "AdditionalInfo": "VirtualizationInstance:.",
    "ElapsedTime": "31",
    "GUID": "{DBAB4AEA-2405-408F-A0D3-56D83E57EE56}",
    "EventReceivedTime": "2021-09-16T20:10:08.501910-07:00",
    "SourceModuleName": "dnsserver",
    "SourceModuleType": "im_etw",
    "HostIP": "192.168.1.36"
  },
  {
    "SourceName": "Microsoft-Windows-DNSServer",
    "ProviderGuid": "{EB79061A-A566-4698-9119-3ED2807060E7}",
    "EventID": 256,
    "Version": 0,
    "ChannelID": 16,
    "OpcodeValue": 0,
    "TaskValue": 1,
    "Keywords": "9223372036854775809",
    "EventTime": "2021-09-16T20:10:07.765828-07:00",
    "ExecutionProcessID": 2080,
    "ExecutionThreadID": 2940,
    "EventType": "INFO",
    "SeverityValue": 2,
    "Severity": "INFO",
    "Hostname": "WIN-93NOI1UVL29",
    "Domain": "NT AUTHORITY",
    "AccountName": "SYSTEM",
    "UserID": "S-1-5-18",
    "AccountType": "User",
    "Flags": "256",
    "TCP": "0",
    "InterfaceIP": "2601:442:4400:82a:b8a3:7b53:d4bf:98bf",
    "Source": "2601:442:4400:82a:b8a3:7b53:d4bf:98bf",
    "RD": "1",
    "QNAME": "ocsp.digicert.com.",
    "QTYPE": "28",
    "XID": "56828",
    "Port": "61289",
    "BufferSize": "35",
    "PacketData": "0xDDFC01000001000000000000046F63737008646967696365727403636F6D00001C0001",
    "AdditionalInfo": ".",
    "GUID": "{EAE93ED2-71FD-46B6-8EBA-FD484DAB0B7E}",
    "EventReceivedTime": "2021-09-16T20:10:08.501910-07:00",
    "SourceModuleName": "dnsserver",
    "SourceModuleType": "im_etw",
    "HostIP": "192.168.1.36"
  },
  {
    "SourceName": "Microsoft-Windows-DNSServer",
    "ProviderGuid": "{EB79061A-A566-4698-9119-3ED2807060E7}",
    "EventID": 279,
    "Version": 0,
    "ChannelID": 16,
    "OpcodeValue": 0,
    "TaskValue": 1,
    "Keywords": "9223372071214514176",
    "EventTime": "2021-09-16T20:10:07.765857-07:00",
    "ExecutionProcessID": 2080,
    "ExecutionThreadID": 2940,
    "EventType": "INFO",
    "SeverityValue": 2,
    "Severity": "INFO",
    "Hostname": "WIN-93NOI1UVL29",
    "Domain": "NT AUTHORITY",
    "AccountName": "SYSTEM",
    "UserID": "S-1-5-18",
    "AccountType": "User",
    "Flags": "33152",
    "TCP": "0",
    "InterfaceIP": "2601:442:4400:82a:b8a3:7b53:d4bf:98bf",
    "Source": "2601:442:4400:82a:b8a3:7b53:d4bf:98bf",
    "RD": "1",
    "QNAME": "cs9.wac.phicdn.net.",
    "QTYPE": "28",
    "Port": "61289",
    "XID": "56828",
    "BufferSize": "35",
    "PacketData": "0xDDFC81800001000100000000046F63737008646967696365727403636F6D00001C0001",
    "EventReceivedTime": "2021-09-16T20:10:08.501910-07:00",
    "SourceModuleName": "dnsserver",
    "SourceModuleType": "im_etw",
    "HostIP": "192.168.1.36"
  },
  {
    "SourceName": "Microsoft-Windows-DNSServer",
    "ProviderGuid": "{EB79061A-A566-4698-9119-3ED2807060E7}",
    "EventID": 260,
    "Version": 0,
    "ChannelID": 16,
    "OpcodeValue": 0,
    "TaskValue": 2,
    "Keywords": "9223372036854775824",
    "EventTime": "2021-09-16T20:10:07.766143-07:00",
    "ExecutionProcessID": 2080,
    "ExecutionThreadID": 2940,
    "EventType": "INFO",
    "SeverityValue": 2,
    "Severity": "INFO",
    "Hostname": "WIN-93NOI1UVL29",
    "Domain": "NT AUTHORITY",
    "AccountName": "SYSTEM",
    "UserID": "S-1-5-18",
    "AccountType": "User",
    "Flags": "0",
    "TCP": "0",
    "Destination": "2606:2800:1::6",
    "InterfaceIP": "::",
    "RD": "0",
    "QNAME": "cs9.wac.phicdn.NET.",
    "QTYPE": "28",
    "QXID": "56828",
    "XID": "43436",
    "Port": "0",
    "RecursionScope": ".",
    "CacheScope": "Default",
    "PolicyName": "NULL",
    "BufferSize": "47",
    "PacketData": "0xA9AC0000000100000000000103637339037761630670686963646E034E455400001C00010000290FA0000080000000",
    "AdditionalInfo": ".",
    "GUID": "{EAE93ED2-71FD-46B6-8EBA-FD484DAB0B7E}",
    "EventReceivedTime": "2021-09-16T20:10:08.501910-07:00",
    "SourceModuleName": "dnsserver",
    "SourceModuleType": "im_etw",
    "HostIP": "192.168.1.36"
  },
  {
    "SourceName": "Microsoft-Windows-DNSServer",
    "ProviderGuid": "{EB79061A-A566-4698-9119-3ED2807060E7}",
    "EventID": 261,
    "Version": 0,
    "ChannelID": 16,
    "OpcodeValue": 0,
    "TaskValue": 2,
    "Keywords": "9223372036854775840",
    "EventTime": "2021-09-16T20:10:07.783883-07:00",
    "ExecutionProcessID": 2080,
    "ExecutionThreadID": 2940,
    "EventType": "INFO",
    "SeverityValue": 2,
    "Severity": "INFO",
    "Hostname": "WIN-93NOI1UVL29",
    "Domain": "NT AUTHORITY",
    "AccountName": "SYSTEM",
    "UserID": "S-1-5-18",
    "AccountType": "User",
    "Flags": "33792",
    "TCP": "0",
    "Source": "2606:2800:1::6",
    "InterfaceIP": "::",
    "AA": "1",
    "AD": "0",
    "QNAME": "cs9.wac.phicdn.NET.",
    "QTYPE": "28",
    "XID": "43436",
    "RecursionDepth": "1",
    "Port": "0",
    "RecursionScope": ".",
    "CacheScope": "Default",
    "BufferSize": "115",
    "PacketData": "0xA9AC8400000100000001000103637339037761630670686963646E034E455400001C0001C01000060001000002580038036E73310B656467656361737463646EC01B036E6F6308656467656361737403636F6D00612EDC1C00000E100000025800093A800000025800002904D0000080000000",
    "AdditionalInfo": ".",
    "GUID": "{EAE93ED2-71FD-46B6-8EBA-FD484DAB0B7E}",
    "EventReceivedTime": "2021-09-16T20:10:08.501910-07:00",
    "SourceModuleName": "dnsserver",
    "SourceModuleType": "im_etw",
    "HostIP": "192.168.1.36"
  },
  {
    "SourceName": "Microsoft-Windows-DNSServer",
    "ProviderGuid": "{EB79061A-A566-4698-9119-3ED2807060E7}",
    "EventID": 257,
    "Version": 0,
    "ChannelID": 16,
    "OpcodeValue": 0,
    "TaskValue": 1,
    "Keywords": "9223372036854775810",
    "EventTime": "2021-09-16T20:10:07.783953-07:00",
    "ExecutionProcessID": 2080,
    "ExecutionThreadID": 2940,
    "EventType": "INFO",
    "SeverityValue": 2,
    "Severity": "INFO",
    "Hostname": "WIN-93NOI1UVL29",
    "Domain": "NT AUTHORITY",
    "AccountName": "SYSTEM",
    "UserID": "S-1-5-18",
    "AccountType": "User",
    "Flags": "33152",
    "TCP": "0",
    "InterfaceIP": "2601:442:4400:82a:b8a3:7b53:d4bf:98bf",
    "Destination": "2601:442:4400:82a:b8a3:7b53:d4bf:98bf",
    "AA": "0",
    "AD": "0",
    "QNAME": "ocsp.digicert.com.",
    "QTYPE": "28",
    "XID": "56828",
    "DNSSEC": "0",
    "RCODE": "0",
    "Port": "61289",
    "Scope": "Default",
    "Zone": "..Cache",
    "PolicyName": "NULL",
    "BufferSize": "67",
    "PacketData": "0xDDFC81800001000100000000046F63737008646967696365727403636F6D00001C0001C00C0005000100004F8C001403637339037761630670686963646E036E657400",
    "AdditionalInfo": "VirtualizationInstance:.",
    "ElapsedTime": "18",
    "GUID": "{EAE93ED2-71FD-46B6-8EBA-FD484DAB0B7E}",
    "EventReceivedTime": "2021-09-16T20:10:08.501910-07:00",
    "SourceModuleName": "dnsserver",
    "SourceModuleType": "im_etw",
    "HostIP": "192.168.1.36"
  },
  {
    "SourceName": "Microsoft-Windows-DNSServer",
    "ProviderGuid": "{EB79061A-A566-4698-9119-3ED2807060E7}",
    "EventID": 256,
    "Version": 0,
    "ChannelID": 16,
    "OpcodeValue": 0,
    "TaskValue": 1,
    "Keywords": "9223372036854775809",
    "EventTime": "2021-09-16T20:10:26.551148-07:00",
    "ExecutionProcessID": 2080,
    "ExecutionThreadID": 2940,
    "EventType": "INFO",
    "SeverityValue": 2,
    "Severity": "INFO",
    "Hostname": "WIN-93NOI1UVL29",
    "Domain": "NT AUTHORITY",
    "AccountName": "SYSTEM",
    "UserID": "S-1-5-18",
    "AccountType": "User",
    "Flags": "256",
    "TCP": "0",
    "InterfaceIP": "2601:442:4400:82a:b8a3:7b53:d4bf:98bf",
    "Source": "2601:442:4400:82a:b8a3:7b53:d4bf:98bf",
    "RD": "1",
    "QNAME": "f.b.8.9.f.b.4.d.3.5.b.7.3.a.8.b.a.2.8.0.0.0.4.4.2.4.4.0.1.0.6.2.ip6.arpa.",
    "QTYPE": "12",
    "XID": "1",
    "Port": "61290",
    "BufferSize": "90",
    "PacketData": "0x0001010000010000000000000166016201380139016601620134016401330135016201370133016101380162016101320138013001300130013401340132013401340130013101300136013203697036046172706100000C0001",
    "AdditionalInfo": ".",
    "GUID": "{122FD51C-9B3C-4543-924B-AA1084C5B295}",
    "EventReceivedTime": "2021-09-16T20:10:27.556282-07:00",
    "SourceModuleName": "dnsserver",
    "SourceModuleType": "im_etw",
    "HostIP": "192.168.1.36"
  },
  {
    "SourceName": "Microsoft-Windows-DNSServer",
    "ProviderGuid": "{EB79061A-A566-4698-9119-3ED2807060E7}",
    "EventID": 257,
    "Version": 0,
    "ChannelID": 16,
    "OpcodeValue": 0,
    "TaskValue": 1,
    "Keywords": "9223372036854775810",
    "EventTime": "2021-09-16T20:10:26.551195-07:00",
    "ExecutionProcessID": 2080,
    "ExecutionThreadID": 2940,
    "EventType": "INFO",
    "SeverityValue": 2,
    "Severity": "INFO",
    "Hostname": "WIN-93NOI1UVL29",
    "Domain": "NT AUTHORITY",
    "AccountName": "SYSTEM",
    "UserID": "S-1-5-18",
    "AccountType": "User",
    "Flags": "33155",
    "TCP": "0",
    "InterfaceIP": "2601:442:4400:82a:b8a3:7b53:d4bf:98bf",
    "Destination": "2601:442:4400:82a:b8a3:7b53:d4bf:98bf",
    "AA": "0",
    "AD": "0",
    "QNAME": "f.b.8.9.f.b.4.d.3.5.b.7.3.a.8.b.a.2.8.0.0.0.4.4.2.4.4.0.1.0.6.2.ip6.arpa.",
    "QTYPE": "12",
    "XID": "1",
    "DNSSEC": "0",
    "RCODE": "3",
    "Port": "61290",
    "Scope": "Default",
    "Zone": "..Cache",
    "PolicyName": "NULL",
    "BufferSize": "171",
    "PacketData": "0x0001818300010000000100000166016201380139016601620134016401330135016201370133016101380162016101320138013001300130013401340132013401340130013101300136013203697036046172706100000C0001C0420006000100000361004506646E7331303107636F6D63617374036E65740009646E736D61737465720D636F6D636173746F6E6C696E6503636F6D00780C9EE200001C200000012C00093A8000000384",
    "AdditionalInfo": "VirtualizationInstance:.",
    "ElapsedTime": "0",
    "GUID": "{122FD51C-9B3C-4543-924B-AA1084C5B295}",
    "EventReceivedTime": "2021-09-16T20:10:27.556282-07:00",
    "SourceModuleName": "dnsserver",
    "SourceModuleType": "im_etw",
    "HostIP": "192.168.1.36"
  },
  {
    "SourceName": "Microsoft-Windows-DNSServer",
    "ProviderGuid": "{EB79061A-A566-4698-9119-3ED2807060E7}",
    "EventID": 256,
    "Version": 0,
    "ChannelID": 16,
    "OpcodeValue": 0,
    "TaskValue": 1,
    "Keywords": "9223372036854775809",
    "EventTime": "2021-09-16T20:10:26.551972-07:00",
    "ExecutionProcessID": 2080,
    "ExecutionThreadID": 2940,
    "EventType": "INFO",
    "SeverityValue": 2,
    "Severity": "INFO",
    "Hostname": "WIN-93NOI1UVL29",
    "Domain": "NT AUTHORITY",
    "AccountName": "SYSTEM",
    "UserID": "S-1-5-18",
    "AccountType": "User",
    "Flags": "256",
    "TCP": "0",
    "InterfaceIP": "2601:442:4400:82a:b8a3:7b53:d4bf:98bf",
    "Source": "2601:442:4400:82a:b8a3:7b53:d4bf:98bf",
    "RD": "1",
    "QNAME": "time.apple.com.v6.example.com.",
    "QTYPE": "1",
    "XID": "2",
    "Port": "61291",
    "BufferSize": "47",
    "PacketData": "0x0002010000010000000000000474696D65056170706C6503636F6D027636076578616D706C6503636F6D0000010001",
    "AdditionalInfo": ".",
    "GUID": "{0C3CC680-43CA-499E-A2D8-88966614CCFC}",
    "EventReceivedTime": "2021-09-16T20:10:27.556282-07:00",
    "SourceModuleName": "dnsserver",
    "SourceModuleType": "im_etw",
    "HostIP": "192.168.1.36"
  },
  {
    "SourceName": "Microsoft-Windows-DNSServer",
    "ProviderGuid": "{EB79061A-A566-4698-9119-3ED2807060E7}",
    "EventID": 257,
    "Version": 0,
    "ChannelID": 16,
    "OpcodeValue": 0,
    "TaskValue": 1,
    "Keywords": "9223372036854775810",
    "EventTime": "2021-09-16T20:10:26.552000-07:00",
    "ExecutionProcessID": 2080,
    "ExecutionThreadID": 2940,
    "EventType": "INFO",
    "SeverityValue": 2,
    "Severity": "INFO",
    "Hostname": "WIN-93NOI1UVL29",
    "Domain": "NT AUTHORITY",
    "AccountName": "SYSTEM",
    "UserID": "S-1-5-18",
    "AccountType": "User",
    "Flags": "34179",
    "TCP": "0",
    "InterfaceIP": "2601:442:4400:82a:b8a3:7b53:d4bf:98bf",
    "Destination": "2601:442:4400:82a:b8a3:7b53:d4bf:98bf",
    "AA": "1",
    "AD": "0",
    "QNAME": "time.apple.com.v6.example.com.",
    "QTYPE": "1",
    "XID": "2",
    "DNSSEC": "0",
    "RCODE": "3",
    "Port": "61291",
    "Scope": "Default",
    "Zone": "example.com",
    "PolicyName": "NULL",
    "BufferSize": "119",
    "PacketData": "0x0002858300010000000100000474696D65056170706C6503636F6D027636076578616D706C6503636F6D0000010001076578616D706C6503636F6D000006000100000E1000310F77696E2D39336E6F693175766C3239000A686F73746D6173746572000000001500000384000002580001518000000E10",
    "AdditionalInfo": "VirtualizationInstance:.",
    "ElapsedTime": "1",
    "GUID": "{0C3CC680-43CA-499E-A2D8-88966614CCFC}",
    "EventReceivedTime": "2021-09-16T20:10:27.556282-07:00",
    "SourceModuleName": "dnsserver",
    "SourceModuleType": "im_etw",
    "HostIP": "192.168.1.36"
  },
  {
    "SourceName": "Microsoft-Windows-DNSServer",
    "ProviderGuid": "{EB79061A-A566-4698-9119-3ED2807060E7}",
    "EventID": 256,
    "Version": 0,
    "ChannelID": 16,
    "OpcodeValue": 0,
    "TaskValue": 1,
    "Keywords": "9223372036854775809",
    "EventTime": "2021-09-16T20:10:26.552147-07:00",
    "ExecutionProcessID": 2080,
    "ExecutionThreadID": 2940,
    "EventType": "INFO",
    "SeverityValue": 2,
    "Severity": "INFO",
    "Hostname": "WIN-93NOI1UVL29",
    "Domain": "NT AUTHORITY",
    "AccountName": "SYSTEM",
    "UserID": "S-1-5-18",
    "AccountType": "User",
    "Flags": "256",
    "TCP": "0",
    "InterfaceIP": "2601:442:4400:82a:b8a3:7b53:d4bf:98bf",
    "Source": "2601:442:4400:82a:b8a3:7b53:d4bf:98bf",
    "RD": "1",
    "QNAME": "time.apple.com.v6.example.com.",
    "QTYPE": "28",
    "XID": "3",
    "Port": "61292",
    "BufferSize": "47",
    "PacketData": "0x0003010000010000000000000474696D65056170706C6503636F6D027636076578616D706C6503636F6D00001C0001",
    "AdditionalInfo": ".",
    "GUID": "{C8DAA95C-A5A5-4E4C-B0EC-43308780EC2C}",
    "EventReceivedTime": "2021-09-16T20:10:27.556282-07:00",
    "SourceModuleName": "dnsserver",
    "SourceModuleType": "im_etw",
    "HostIP": "192.168.1.36"
  },
  {
    "SourceName": "Microsoft-Windows-DNSServer",
    "ProviderGuid": "{EB79061A-A566-4698-9119-3ED2807060E7}",
    "EventID": 257,
    "Version": 0,
    "ChannelID": 16,
    "OpcodeValue": 0,
    "TaskValue": 1,
    "Keywords": "9223372036854775810",
    "EventTime": "2021-09-16T20:10:26.552147-07:00",
    "ExecutionProcessID": 2080,
    "ExecutionThreadID": 2940,
    "EventType": "INFO",
    "SeverityValue": 2,
    "Severity": "INFO",
    "Hostname": "WIN-93NOI1UVL29",
    "Domain": "NT AUTHORITY",
    "AccountName": "SYSTEM",
    "UserID": "S-1-5-18",
    "AccountType": "User",
    "Flags": "34179",
    "TCP": "0",
    "InterfaceIP": "2601:442:4400:82a:b8a3:7b53:d4bf:98bf",
    "Destination": "2601:442:4400:82a:b8a3:7b53:d4bf:98bf",
    "AA": "1",
    "AD": "0",
    "QNAME": "time.apple.com.v6.example.com.",
    "QTYPE": "28",
    "XID": "3",
    "DNSSEC": "0",
    "RCODE": "3",
    "Port": "61292",
    "Scope": "Default",
    "Zone": "example.com",
    "PolicyName": "NULL",
    "BufferSize": "119",
    "PacketData": "0x0003858300010000000100000474696D65056170706C6503636F6D027636076578616D706C6503636F6D00001C0001076578616D706C6503636F6D000006000100000E1000310F77696E2D39336E6F693175766C3239000A686F73746D6173746572000000001500000384000002580001518000000E10",
    "AdditionalInfo": "VirtualizationInstance:.",
    "ElapsedTime": "0",
    "GUID": "{C8DAA95C-A5A5-4E4C-B0EC-43308780EC2C}",
    "EventReceivedTime": "2021-09-16T20:10:27.556282-07:00",
    "SourceModuleName": "dnsserver",
    "SourceModuleType": "im_etw",
    "HostIP": "192.168.1.36"
  },
  {
    "SourceName": "Microsoft-Windows-DNSServer",
    "ProviderGuid": "{EB79061A-A566-4698-9119-3ED2807060E7}",
    "EventID": 256,
    "Version": 0,
    "ChannelID": 16,
    "OpcodeValue": 0,
    "TaskValue": 1,
    "Keywords": "9223372036854775809",
    "EventTime": "2021-09-16T20:10:26.552148-07:00",
    "ExecutionProcessID": 2080,
    "ExecutionThreadID": 2940,
    "EventType": "INFO",
    "SeverityValue": 2,
    "Severity": "INFO",
    "Hostname": "WIN-93NOI1UVL29",
    "Domain": "NT AUTHORITY",
    "AccountName": "SYSTEM",
    "UserID": "S-1-5-18",
    "AccountType": "User",
    "Flags": "256",
    "TCP": "0",
    "InterfaceIP": "2601:442:4400:82a:b8a3:7b53:d4bf:98bf",
    "Source": "2601:442:4400:82a:b8a3:7b53:d4bf:98bf",
    "RD": "1",
    "QNAME": "time.apple.com.",
    "QTYPE": "1",
    "XID": "4",
    "Port": "61293",
    "BufferSize": "32",
    "PacketData": "0x0004010000010000000000000474696D65056170706C6503636F6D0000010001",
    "AdditionalInfo": ".",
    "GUID": "{CC372B07-F85C-4256-902A-C46DAF81C516}",
    "EventReceivedTime": "2021-09-16T20:10:27.556282-07:00",
    "SourceModuleName": "dnsserver",
    "SourceModuleType": "im_etw",
    "HostIP": "192.168.1.36"
  },
  {
    "SourceName": "Microsoft-Windows-DNSServer",
    "ProviderGuid": "{EB79061A-A566-4698-9119-3ED2807060E7}",
    "EventID": 260,
    "Version": 0,
    "ChannelID": 16,
    "OpcodeValue": 0,
    "TaskValue": 2,
    "Keywords": "9223372036854775824",
    "EventTime": "2021-09-16T20:10:26.552238-07:00",
    "ExecutionProcessID": 2080,
    "ExecutionThreadID": 2940,
    "EventType": "INFO",
    "SeverityValue": 2,
    "Severity": "INFO",
    "Hostname": "WIN-93NOI1UVL29",
    "Domain": "NT AUTHORITY",
    "AccountName": "SYSTEM",
    "UserID": "S-1-5-18",
    "AccountType": "User",
    "Flags": "0",
    "TCP": "0",
    "Destination": "192.55.83.30",
    "InterfaceIP": "0.0.0.0",
    "RD": "0",
    "QNAME": "time.apple.com.",
    "QTYPE": "1",
    "QXID": "4",
    "XID": "5017",
    "Port": "0",
    "RecursionScope": ".",
    "CacheScope": "Default",
    "PolicyName": "NULL",
    "BufferSize": "43",
    "PacketData": "0x1399000000010000000000010474696D65056170706C6503636F6D00000100010000290FA0000080000000",
    "AdditionalInfo": ".",
    "GUID": "{CC372B07-F85C-4256-902A-C46DAF81C516}",
    "EventReceivedTime": "2021-09-16T20:10:27.556282-07:00",
    "SourceModuleName": "dnsserver",
    "SourceModuleType": "im_etw",
    "HostIP": "192.168.1.36"
  },
  {
    "SourceName": "Microsoft-Windows-DNSServer",
    "ProviderGuid": "{EB79061A-A566-4698-9119-3ED2807060E7}",
    "EventID": 261,
    "Version": 0,
    "ChannelID": 16,
    "OpcodeValue": 0,
    "TaskValue": 2,
    "Keywords": "9223372036854775840",
    "EventTime": "2021-09-16T20:10:26.594327-07:00",
    "ExecutionProcessID": 2080,
    "ExecutionThreadID": 2940,
    "EventType": "INFO",
    "SeverityValue": 2,
    "Severity": "INFO",
    "Hostname": "WIN-93NOI1UVL29",
    "Domain": "NT AUTHORITY",
    "AccountName": "SYSTEM",
    "UserID": "S-1-5-18",
    "AccountType": "User",
    "Flags": "32768",
    "TCP": "0",
    "Source": "192.55.83.30",
    "InterfaceIP": "0.0.0.0",
    "AA": "0",
    "AD": "0",
    "QNAME": "time.apple.com.",
    "QTYPE": "1",
    "XID": "5017",
    "RecursionDepth": "1",
    "Port": "0",
    "RecursionScope": ".",
    "CacheScope": "Default",
    "BufferSize": "779",
    "PacketData": "0x1399800000010000000800070474696D65056170706C6503636F6D0000010001C011000200010002A30000070161026E73C011C011000200010002A30000040162C02EC011000200010002A30000040163C02EC011000200010002A30000040164C02E20434B30504F4A4D473837344C4A5245463745464E38343330515649543842534DC017003200010001518000230101000000146501A0C25720EE156F6C4E39636B3ADA0312D92A000722000000000290C063002E00010001518000B7003208020001518061495E696140138199AF03636F6D0073D49C969AD112E1F52C00137560047BE57A0C63D266917DED0C9A551F1942FF5A835C70F318B7C1EC6363C09CA90BC736EB8345EA6F090394D2675E2DD1E0CEC5ED70EADAD937CA6CC54F1A48BA6BE6ED4985DC52360CD72D6C33AB6A67D91A22530A0F796FA8CD809D5DFD4EDA95D33C8A5BF1A724B9CB9248BFE875C054CB318444F00A1E1D5AE0EB39B04D9810FF639A4962C6AEB971DC01E12935F5E6552053304E553335534442374B334A385133544A4C5636383734414A30353849314FC01700320001000151800022010100000014E02FE4D9ECF8741BF17656756F0227B46E43CDBD0006200000000012C176002E00010001518000B70032080200015180614966A061401BB899AF03636F6D007260EFDAADB2CF1155321C48C77D0650A5511D1FEA84816036322EA0F6CE29A5755AA07DC3B234D77F4BEEFB09CB0DA9E4992823F000459309B855E7B17D1121C4E7BEC3C78C739E4744F281E10D05FD93C61398D8EECF10BB9789EEC0C76CDCC0DC9C22B7010C8771CD46AAFF45A8598DCDCD289F369DF37729B52F2AEA60072CCF4A812EADB75A4A4FBF4739B7D3D68695BDDDE7F42F260B148884E5E51074C02C000100010002A300000411FDC801C03F000100010002A300000411FDCF01C04F000100010002A3000004CC137701C04F001C00010002A300001026200171080007140000000000000001C05F000100010002A3000004CC1A3901C05F001C00010002A3000010262001710801071400000000000000010000291000000080000000",
    "AdditionalInfo": ".",
    "GUID": "{CC372B07-F85C-4256-902A-C46DAF81C516}",
    "EventReceivedTime": "2021-09-16T20:10:27.571884-07:00",
    "SourceModuleName": "dnsserver",
    "SourceModuleType": "im_etw",
    "HostIP": "192.168.1.36"
  },
  {
    "SourceName": "Microsoft-Windows-DNSServer",
    "ProviderGuid": "{EB79061A-A566-4698-9119-3ED2807060E7}",
    "EventID": 260,
    "Version": 0,
    "ChannelID": 16,
    "OpcodeValue": 0,
    "TaskValue": 2,
    "Keywords": "9223372036854775824",
    "EventTime": "2021-09-16T20:10:26.594567-07:00",
    "ExecutionProcessID": 2080,
    "ExecutionThreadID": 2940,
    "EventType": "INFO",
    "SeverityValue": 2,
    "Severity": "INFO",
    "Hostname": "WIN-93NOI1UVL29",
    "Domain": "NT AUTHORITY",
    "AccountName": "SYSTEM",
    "UserID": "S-1-5-18",
    "AccountType": "User",
    "Flags": "0",
    "TCP": "0",
    "Destination": "2620:171:800:714::1",
    "InterfaceIP": "::",
    "RD": "0",
    "QNAME": "time.apple.com.",
    "QTYPE": "1",
    "QXID": "4",
    "XID": "55771",
    "Port": "0",
    "RecursionScope": ".",
    "CacheScope": "Default",
    "PolicyName": "NULL",
    "BufferSize": "43",
    "PacketData": "0xD9DB000000010000000000010474696D65056170706C6503636F6D00000100010000290FA0000080000000",
    "AdditionalInfo": ".",
    "GUID": "{CC372B07-F85C-4256-902A-C46DAF81C516}",
    "EventReceivedTime": "2021-09-16T20:10:27.571884-07:00",
    "SourceModuleName": "dnsserver",
    "SourceModuleType": "im_etw",
    "HostIP": "192.168.1.36"
  },
  {
    "SourceName": "Microsoft-Windows-DNSServer",
    "ProviderGuid": "{EB79061A-A566-4698-9119-3ED2807060E7}",
    "EventID": 261,
    "Version": 0,
    "ChannelID": 16,
    "OpcodeValue": 0,
    "TaskValue": 2,
    "Keywords": "9223372036854775840",
    "EventTime": "2021-09-16T20:10:26.612590-07:00",
    "ExecutionProcessID": 2080,
    "ExecutionThreadID": 2940,
    "EventType": "INFO",
    "SeverityValue": 2,
    "Severity": "INFO",
    "Hostname": "WIN-93NOI1UVL29",
    "Domain": "NT AUTHORITY",
    "AccountName": "SYSTEM",
    "UserID": "S-1-5-18",
    "AccountType": "User",
    "Flags": "33792",
    "TCP": "0",
    "Source": "2620:171:800:714::1",
    "InterfaceIP": "::",
    "AA": "1",
    "AD": "0",
    "QNAME": "time.apple.com.",
    "QTYPE": "1",
    "XID": "55771",
    "RecursionDepth": "2",
    "Port": "0",
    "RecursionScope": ".",
    "CacheScope": "Default",
    "BufferSize": "113",
    "PacketData": "0xD9DB840000010001000200010474696D65056170706C6503636F6D0000010001C00C0005000100001C2000150874696D652D6F73780167076161706C696D67C017C0350002000100000E10000901610467736C62C037C0350002000100000E1000040162C04F00002904D0000080000000",
    "AdditionalInfo": ".",
    "GUID": "{CC372B07-F85C-4256-902A-C46DAF81C516}",
    "EventReceivedTime": "2021-09-16T20:10:27.571884-07:00",
    "SourceModuleName": "dnsserver",
    "SourceModuleType": "im_etw",
    "HostIP": "192.168.1.36"
  },
  {
    "SourceName": "Microsoft-Windows-DNSServer",
    "ProviderGuid": "{EB79061A-A566-4698-9119-3ED2807060E7}",
    "EventID": 279,
    "Version": 0,
    "ChannelID": 16,
    "OpcodeValue": 0,
    "TaskValue": 1,
    "Keywords": "9223372071214514176",
    "EventTime": "2021-09-16T20:10:26.612603-07:00",
    "ExecutionProcessID": 2080,
    "ExecutionThreadID": 2940,
    "EventType": "INFO",
    "SeverityValue": 2,
    "Severity": "INFO",
    "Hostname": "WIN-93NOI1UVL29",
    "Domain": "NT AUTHORITY",
    "AccountName": "SYSTEM",
    "UserID": "S-1-5-18",
    "AccountType": "User",
    "Flags": "33152",
    "TCP": "0",
    "InterfaceIP": "2601:442:4400:82a:b8a3:7b53:d4bf:98bf",
    "Source": "2601:442:4400:82a:b8a3:7b53:d4bf:98bf",
    "RD": "1",
    "QNAME": "time-osx.g.aaplimg.com.",
    "QTYPE": "1",
    "Port": "61293",
    "XID": "4",
    "BufferSize": "32",
    "PacketData": "0x0004818000010001000000000474696D65056170706C6503636F6D0000010001",
    "EventReceivedTime": "2021-09-16T20:10:27.571884-07:00",
    "SourceModuleName": "dnsserver",
    "SourceModuleType": "im_etw",
    "HostIP": "192.168.1.36"
  },
  {
    "SourceName": "Microsoft-Windows-DNSServer",
    "ProviderGuid": "{EB79061A-A566-4698-9119-3ED2807060E7}",
    "EventID": 260,
    "Version": 0,
    "ChannelID": 16,
    "OpcodeValue": 0,
    "TaskValue": 2,
    "Keywords": "9223372036854775824",
    "EventTime": "2021-09-16T20:10:26.612726-07:00",
    "ExecutionProcessID": 2080,
    "ExecutionThreadID": 2940,
    "EventType": "INFO",
    "SeverityValue": 2,
    "Severity": "INFO",
    "Hostname": "WIN-93NOI1UVL29",
    "Domain": "NT AUTHORITY",
    "AccountName": "SYSTEM",
    "UserID": "S-1-5-18",
    "AccountType": "User",
    "Flags": "0",
    "TCP": "0",
    "Destination": "192.12.94.30",
    "InterfaceIP": "0.0.0.0",
    "RD": "0",
    "QNAME": "time-osx.g.aaplimg.com.",
    "QTYPE": "1",
    "QXID": "4",
    "XID": "47010",
    "Port": "0",
    "RecursionScope": ".",
    "CacheScope": "Default",
    "PolicyName": "NULL",
    "BufferSize": "51",
    "PacketData": "0xB7A2000000010000000000010874696D652D6F73780167076161706C696D6703636F6D00000100010000290FA0000080000000",
    "AdditionalInfo": ".",
    "GUID": "{CC372B07-F85C-4256-902A-C46DAF81C516}",
    "EventReceivedTime": "2021-09-16T20:10:27.571884-07:00",
    "SourceModuleName": "dnsserver",
    "SourceModuleType": "im_etw",
    "HostIP": "192.168.1.36"
  },
