  {
    "SourceName": "Microsoft-Windows-DNSServer",
    "ProviderGuid": "{EB79061A-A566-4698-9119-3ED2807060E7}",
    "EventID": 256,
    "Version": 0,
    "ChannelID": 16,
    "OpcodeValue": 0,
    "TaskValue": 1,
    "Keywords": "9223372036854775809",
    "EventTime": "2021-09-16T20:13:59.810056-07:00",
    "ExecutionProcessID": 2080,
    "ExecutionThreadID": 2940,
    "EventType": "INFO",
    "SeverityValue": 2,
    "Severity": "INFO",
    "Hostname": "WIN-93NOI1UVL29",
    "Domain": "NT AUTHORITY",
    "AccountName": "SYSTEM",
    "UserID": "S-1-5-18",
    "AccountType": "User",
    "Flags": "256",
    "TCP": "0",
    "InterfaceIP": "2601:442:4400:82a:b8a3:7b53:d4bf:98bf",
    "Source": "2601:442:4400:82a:b8a3:7b53:d4bf:98bf",
    "RD": "1",
    "QNAME": "www.usno.navy.mil.v6.example.com.",
    "QTYPE": "28",
    "XID": "3",
    "Port": "56420",
    "BufferSize": "50",
    "PacketData": "0x000301000001000000000000037777770475736E6F046E617679036D696C027636076578616D706C6503636F6D00001C0001",
    "AdditionalInfo": ".",
    "GUID": "{01B3BEC0-8594-47DA-AAC3-911EBF42D2A2}",
    "EventReceivedTime": "2021-09-16T20:14:00.797866-07:00",
    "SourceModuleName": "dnsserver",
    "SourceModuleType": "im_etw",
    "HostIP": "192.168.1.36"
  },
  {
    "SourceName": "Microsoft-Windows-DNSServer",
    "ProviderGuid": "{EB79061A-A566-4698-9119-3ED2807060E7}",
    "EventID": 257,
    "Version": 0,
    "ChannelID": 16,
    "OpcodeValue": 0,
    "TaskValue": 1,
    "Keywords": "9223372036854775810",
    "EventTime": "2021-09-16T20:13:59.810085-07:00",
    "ExecutionProcessID": 2080,
    "ExecutionThreadID": 2940,
    "EventType": "INFO",
    "SeverityValue": 2,
    "Severity": "INFO",
    "Hostname": "WIN-93NOI1UVL29",
    "Domain": "NT AUTHORITY",
    "AccountName": "SYSTEM",
    "UserID": "S-1-5-18",
    "AccountType": "User",
    "Flags": "34179",
    "TCP": "0",
    "InterfaceIP": "2601:442:4400:82a:b8a3:7b53:d4bf:98bf",
    "Destination": "2601:442:4400:82a:b8a3:7b53:d4bf:98bf",
    "AA": "1",
    "AD": "0",
    "QNAME": "www.usno.navy.mil.v6.example.com.",
    "QTYPE": "28",
    "XID": "3",
    "DNSSEC": "0",
    "RCODE": "3",
    "Port": "56420",
    "Scope": "Default",
    "Zone": "example.com",
    "PolicyName": "NULL",
    "BufferSize": "122",
    "PacketData": "0x000385830001000000010000037777770475736E6F046E617679036D696C027636076578616D706C6503636F6D00001C0001076578616D706C6503636F6D000006000100000E1000310F77696E2D39336E6F693175766C3239000A686F73746D6173746572000000001500000384000002580001518000000E10",
    "AdditionalInfo": "VirtualizationInstance:.",
    "ElapsedTime": "0",
    "GUID": "{01B3BEC0-8594-47DA-AAC3-911EBF42D2A2}",
    "EventReceivedTime": "2021-09-16T20:14:00.812511-07:00",
    "SourceModuleName": "dnsserver",
    "SourceModuleType": "im_etw",
    "HostIP": "192.168.1.36"
  },
  {
    "SourceName": "Microsoft-Windows-DNSServer",
    "ProviderGuid": "{EB79061A-A566-4698-9119-3ED2807060E7}",
    "EventID": 256,
    "Version": 0,
    "ChannelID": 16,
    "OpcodeValue": 0,
    "TaskValue": 1,
    "Keywords": "9223372036854775809",
    "EventTime": "2021-09-16T20:13:59.810233-07:00",
    "ExecutionProcessID": 2080,
    "ExecutionThreadID": 2940,
    "EventType": "INFO",
    "SeverityValue": 2,
    "Severity": "INFO",
    "Hostname": "WIN-93NOI1UVL29",
    "Domain": "NT AUTHORITY",
    "AccountName": "SYSTEM",
    "UserID": "S-1-5-18",
    "AccountType": "User",
    "Flags": "256",
    "TCP": "0",
    "InterfaceIP": "2601:442:4400:82a:b8a3:7b53:d4bf:98bf",
    "Source": "2601:442:4400:82a:b8a3:7b53:d4bf:98bf",
    "RD": "1",
    "QNAME": "www.usno.navy.mil.",
    "QTYPE": "1",
    "XID": "4",
    "Port": "56421",
    "BufferSize": "35",
    "PacketData": "0x000401000001000000000000037777770475736E6F046E617679036D696C0000010001",
    "AdditionalInfo": ".",
    "GUID": "{DABCD349-DF6A-4937-B665-5DE7398321C9}",
    "EventReceivedTime": "2021-09-16T20:14:00.812511-07:00",
    "SourceModuleName": "dnsserver",
    "SourceModuleType": "im_etw",
    "HostIP": "192.168.1.36"
  },
  {
    "SourceName": "Microsoft-Windows-DNSServer",
    "ProviderGuid": "{EB79061A-A566-4698-9119-3ED2807060E7}",
    "EventID": 260,
    "Version": 0,
    "ChannelID": 16,
    "OpcodeValue": 0,
    "TaskValue": 2,
    "Keywords": "9223372036854775824",
    "EventTime": "2021-09-16T20:13:59.810287-07:00",
    "ExecutionProcessID": 2080,
    "ExecutionThreadID": 2940,
    "EventType": "INFO",
    "SeverityValue": 2,
    "Severity": "INFO",
    "Hostname": "WIN-93NOI1UVL29",
    "Domain": "NT AUTHORITY",
    "AccountName": "SYSTEM",
    "UserID": "S-1-5-18",
    "AccountType": "User",
    "Flags": "0",
    "TCP": "0",
    "Destination": "2001:500:2::c",
    "InterfaceIP": "::",
    "RD": "0",
    "QNAME": "www.usno.navy.mil.",
    "QTYPE": "1",
    "QXID": "4",
    "XID": "23697",
    "Port": "0",
    "RecursionScope": ".",
    "CacheScope": "Default",
    "PolicyName": "NULL",
    "BufferSize": "46",
    "PacketData": "0x5C9100000001000000000001037777770475736E6F046E617679036D696C00000100010000290FA0000080000000",
    "AdditionalInfo": ".",
    "GUID": "{DABCD349-DF6A-4937-B665-5DE7398321C9}",
    "EventReceivedTime": "2021-09-16T20:14:00.812511-07:00",
    "SourceModuleName": "dnsserver",
    "SourceModuleType": "im_etw",
    "HostIP": "192.168.1.36"
  },
  {
    "SourceName": "Microsoft-Windows-DNSServer",
    "ProviderGuid": "{EB79061A-A566-4698-9119-3ED2807060E7}",
    "EventID": 261,
    "Version": 0,
    "ChannelID": 16,
    "OpcodeValue": 0,
    "TaskValue": 2,
    "Keywords": "9223372036854775840",
    "EventTime": "2021-09-16T20:13:59.839598-07:00",
    "ExecutionProcessID": 2080,
    "ExecutionThreadID": 2940,
    "EventType": "INFO",
    "SeverityValue": 2,
    "Severity": "INFO",
    "Hostname": "WIN-93NOI1UVL29",
    "Domain": "NT AUTHORITY",
    "AccountName": "SYSTEM",
    "UserID": "S-1-5-18",
    "AccountType": "User",
    "Flags": "32768",
    "TCP": "0",
    "Source": "2001:500:2::c",
    "InterfaceIP": "::",
    "AA": "0",
    "AD": "0",
    "QNAME": "www.usno.navy.mil.",
    "QTYPE": "1",
    "XID": "23697",
    "RecursionDepth": "1",
    "Port": "0",
    "RecursionScope": ".",
    "CacheScope": "Default",
    "BufferSize": "632",
    "PacketData": "0x5C9180000001000000090007037777770475736E6F046E617679036D696C0000010001C01A000200010002A300000C04636F6E31046E697072C01AC01A000200010002A30000070465757231C034C01A000200010002A30000070465757232C034C01A000200010002A300000704636F6E32C034C01A000200010002A30000070470616332C034C01A000200010002A30000070470616331C034C01A002B0001000151800024C8950802F4246898E30E7182322B5668847A033D78AC9B1DDA168CB431BC4CB03E9BAFBBC01A002B0001000151800018C8950801D28D15ADD021869A0A19F6CE162F55A596310FFFC01A002E0001000151800113002B08010001518061549B9061436A0068D600A86EB0F4E6B380E2D7C8CAC8BBD0E6F9A873AD50AB570F49E26EA997FC66A67423644E93F525785821894E8210A94F2A46710950161A75B6EA3FBFE27EA6738C3DF9D96FC40182CA165B18CD910FE5511DB456743828971E1C2F7F08BDC71FCF3C450D2B3BCCC617410A82B8181559EA7A014273F0CE4A129A064EEDBC3B19335A69BADA9CC47C3CB6F71268E9512BB843910089FF1C3946D29913ADB0CAAEF2912D22702F49F1F6A5DD6F8A41C90FED6A81615C9DEC43D47A3D1EC7651FA9D9413C51AE1CDE2FC6629FBB8F5D051D2E4F7BA67BC90ED46328A4A5A82F57BE3046CF37FCAE580EED27DE6FF418E9ED250191234F1D145931C1007FFC03E49398C02F000100010002A3000004C7FC9DEAC06D000100010002A3000004C7FCA2EAC047000100010002A3000004C7FC9AEAC05A000100010002A3000004C7FC8FEAC093000100010002A3000004C7FCB4EAC080000100010002A3000004C7FC9BEA00002904D0000080000000",
    "AdditionalInfo": ".",
    "GUID": "{DABCD349-DF6A-4937-B665-5DE7398321C9}",
    "EventReceivedTime": "2021-09-16T20:14:00.812511-07:00",
    "SourceModuleName": "dnsserver",
    "SourceModuleType": "im_etw",
    "HostIP": "192.168.1.36"
  },
  {
    "SourceName": "Microsoft-Windows-DNSServer",
    "ProviderGuid": "{EB79061A-A566-4698-9119-3ED2807060E7}",
    "EventID": 260,
    "Version": 0,
    "ChannelID": 16,
    "OpcodeValue": 0,
    "TaskValue": 2,
    "Keywords": "9223372036854775824",
    "EventTime": "2021-09-16T20:13:59.839818-07:00",
    "ExecutionProcessID": 2080,
    "ExecutionThreadID": 2940,
    "EventType": "INFO",
    "SeverityValue": 2,
    "Severity": "INFO",
    "Hostname": "WIN-93NOI1UVL29",
    "Domain": "NT AUTHORITY",
    "AccountName": "SYSTEM",
    "UserID": "S-1-5-18",
    "AccountType": "User",
    "Flags": "0",
    "TCP": "0",
    "Destination": "199.252.157.234",
    "InterfaceIP": "0.0.0.0",
    "RD": "0",
    "QNAME": "www.usno.navy.mil.",
    "QTYPE": "1",
    "QXID": "4",
    "XID": "14382",
    "Port": "0",
    "RecursionScope": ".",
    "CacheScope": "Default",
    "PolicyName": "NULL",
    "BufferSize": "46",
    "PacketData": "0x382E00000001000000000001037777770475736E6F046E617679036D696C00000100010000290FA0000080000000",
    "AdditionalInfo": ".",
    "GUID": "{DABCD349-DF6A-4937-B665-5DE7398321C9}",
    "EventReceivedTime": "2021-09-16T20:14:00.812511-07:00",
    "SourceModuleName": "dnsserver",
    "SourceModuleType": "im_etw",
    "HostIP": "192.168.1.36"
  },
  {
    "SourceName": "Microsoft-Windows-DNSServer",
    "ProviderGuid": "{EB79061A-A566-4698-9119-3ED2807060E7}",
    "EventID": 261,
    "Version": 0,
    "ChannelID": 16,
    "OpcodeValue": 0,
    "TaskValue": 2,
    "Keywords": "9223372036854775840",
    "EventTime": "2021-09-16T20:13:59.871304-07:00",
    "ExecutionProcessID": 2080,
    "ExecutionThreadID": 2940,
    "EventType": "INFO",
    "SeverityValue": 2,
    "Severity": "INFO",
    "Hostname": "WIN-93NOI1UVL29",
    "Domain": "NT AUTHORITY",
    "AccountName": "SYSTEM",
    "UserID": "S-1-5-18",
    "AccountType": "User",
    "Flags": "32768",
    "TCP": "0",
    "Source": "199.252.157.234",
    "InterfaceIP": "0.0.0.0",
    "AA": "0",
    "AD": "0",
    "QNAME": "www.usno.navy.mil.",
    "QTYPE": "1",
    "XID": "14382",
    "RecursionDepth": "2",
    "Port": "0",
    "RecursionScope": ".",
    "CacheScope": "Default",
    "BufferSize": "599",
    "PacketData": "0x382E800000010000000A0008037777770475736E6F046E617679036D696C0000010001044E415659034D494C00000200010000546000190A55504443494654523032034353440444495341034D494C00C0230002000100005460000F024E53064A5446474E4F034D494C00C0230002000100005460000D0A55464F52494654523032C042C02300020001000054600006034E5331C042C02300020001000054600011024E53084359424552434F4D034D494C00C0230002000100005460000D0A55464F52494654523031C042C0230002000100005460000D0A55504443494654523031C042C023002B000100002A300024D46E0802637B84E970AA17AAAD8031B518F9B9FE8297566BAEC673ED1D080EBF68D30BF9C023002B000100002A300018D46E0801DF5F561497490D2FE13DBD70121858002287137CC023002E000100002A300097002B080200002A30614CB96D61437EED9BC7036D696C00B571A5D2295FEE5B5DBBD2426298ECA97A9C285963FE945E27851E7D0C4078F244CD375CA9EDFCEEDA14B61263B9151A43EEA9313238D49A65A80EFE908BAF1F86750E1D4A31E941A04EC8A749887288CFA8D5E6E60A9C647260206530DC678CFE67D2F036E047D8072ADD6A3D0B66403FF0830335BFB8DE027CDE004B994B2BC03700010001000054600004D7417EB5C0D800010001000054600004D7417EB4C07700010001000054600004D617F505C0BF00010001000054600004D617F504C0900001000100005460000498E56EEBC0A200010001000054600004834D3CEBC05C00010001000054600004D6037DE70000291000000080000000",
    "AdditionalInfo": ".",
    "GUID": "{DABCD349-DF6A-4937-B665-5DE7398321C9}",
    "EventReceivedTime": "2021-09-16T20:14:00.812511-07:00",
    "SourceModuleName": "dnsserver",
    "SourceModuleType": "im_etw",
    "HostIP": "192.168.1.36"
  },
  {
    "SourceName": "Microsoft-Windows-DNSServer",
    "ProviderGuid": "{EB79061A-A566-4698-9119-3ED2807060E7}",
    "EventID": 260,
    "Version": 0,
    "ChannelID": 16,
    "OpcodeValue": 0,
    "TaskValue": 2,
    "Keywords": "9223372036854775824",
    "EventTime": "2021-09-16T20:13:59.871438-07:00",
    "ExecutionProcessID": 2080,
    "ExecutionThreadID": 2940,
    "EventType": "INFO",
    "SeverityValue": 2,
    "Severity": "INFO",
    "Hostname": "WIN-93NOI1UVL29",
    "Domain": "NT AUTHORITY",
    "AccountName": "SYSTEM",
    "UserID": "S-1-5-18",
    "AccountType": "User",
    "Flags": "0",
    "TCP": "0",
    "Destination": "214.23.245.5",
    "InterfaceIP": "0.0.0.0",
    "RD": "0",
    "QNAME": "www.usno.navy.mil.",
    "QTYPE": "1",
    "QXID": "4",
    "XID": "63790",
    "Port": "0",
    "RecursionScope": ".",
    "CacheScope": "Default",
    "PolicyName": "NULL",
    "BufferSize": "46",
    "PacketData": "0xF92E00000001000000000001037777770475736E6F046E617679036D696C00000100010000290FA0000080000000",
    "AdditionalInfo": ".",
    "GUID": "{DABCD349-DF6A-4937-B665-5DE7398321C9}",
    "EventReceivedTime": "2021-09-16T20:14:00.812511-07:00",
    "SourceModuleName": "dnsserver",
    "SourceModuleType": "im_etw",
    "HostIP": "192.168.1.36"
  },
  {
    "SourceName": "Microsoft-Windows-DNSServer",
    "ProviderGuid": "{EB79061A-A566-4698-9119-3ED2807060E7}",
    "EventID": 261,
    "Version": 0,
    "ChannelID": 16,
    "OpcodeValue": 0,
    "TaskValue": 2,
    "Keywords": "9223372036854775840",
    "EventTime": "2021-09-16T20:13:59.978076-07:00",
    "ExecutionProcessID": 2080,
    "ExecutionThreadID": 2940,
    "EventType": "INFO",
    "SeverityValue": 2,
    "Severity": "INFO",
    "Hostname": "WIN-93NOI1UVL29",
    "Domain": "NT AUTHORITY",
    "AccountName": "SYSTEM",
    "UserID": "S-1-5-18",
    "AccountType": "User",
    "Flags": "33792",
    "TCP": "0",
    "Source": "214.23.245.5",
    "InterfaceIP": "0.0.0.0",
    "AA": "1",
    "AD": "0",
    "QNAME": "www.usno.navy.mil.",
    "QTYPE": "1",
    "XID": "63790",
    "RecursionDepth": "3",
    "Port": "0",
    "RecursionScope": ".",
    "CacheScope": "Default",
    "BufferSize": "62",
    "PacketData": "0xF92E84000001000100000001037777770475736E6F046E617679036D696C0000010001C00C000100010000012C0004C7D3855A0000291000000080000000",
    "AdditionalInfo": ".",
    "GUID": "{DABCD349-DF6A-4937-B665-5DE7398321C9}",
    "EventReceivedTime": "2021-09-16T20:14:00.812511-07:00",
    "SourceModuleName": "dnsserver",
    "SourceModuleType": "im_etw",
    "HostIP": "192.168.1.36"
  },
  {
    "SourceName": "Microsoft-Windows-DNSServer",
    "ProviderGuid": "{EB79061A-A566-4698-9119-3ED2807060E7}",
    "EventID": 257,
    "Version": 0,
    "ChannelID": 16,
    "OpcodeValue": 0,
    "TaskValue": 1,
    "Keywords": "9223372036854775810",
    "EventTime": "2021-09-16T20:13:59.979179-07:00",
    "ExecutionProcessID": 2080,
    "ExecutionThreadID": 2940,
    "EventType": "INFO",
    "SeverityValue": 2,
    "Severity": "INFO",
    "Hostname": "WIN-93NOI1UVL29",
    "Domain": "NT AUTHORITY",
    "AccountName": "SYSTEM",
    "UserID": "S-1-5-18",
    "AccountType": "User",
    "Flags": "33152",
    "TCP": "0",
    "InterfaceIP": "2601:442:4400:82a:b8a3:7b53:d4bf:98bf",
    "Destination": "2601:442:4400:82a:b8a3:7b53:d4bf:98bf",
    "AA": "0",
    "AD": "0",
    "QNAME": "www.usno.navy.mil.",
    "QTYPE": "1",
    "XID": "4",
    "DNSSEC": "0",
    "RCODE": "0",
    "Port": "56421",
    "Scope": "Default",
    "Zone": "..Cache",
    "PolicyName": "NULL",
    "BufferSize": "51",
    "PacketData": "0x000481800001000100000000037777770475736E6F046E617679036D696C0000010001C00C000100010000012C0004C7D3855A",
    "AdditionalInfo": "VirtualizationInstance:.",
    "ElapsedTime": "169",
    "GUID": "{DABCD349-DF6A-4937-B665-5DE7398321C9}",
    "EventReceivedTime": "2021-09-16T20:14:00.812511-07:00",
    "SourceModuleName": "dnsserver",
    "SourceModuleType": "im_etw",
    "HostIP": "192.168.1.36"
  },
  {
    "SourceName": "Microsoft-Windows-DNSServer",
    "ProviderGuid": "{EB79061A-A566-4698-9119-3ED2807060E7}",
    "EventID": 256,
    "Version": 0,
    "ChannelID": 16,
    "OpcodeValue": 0,
    "TaskValue": 1,
    "Keywords": "9223372036854775809",
    "EventTime": "2021-09-16T20:14:00.012011-07:00",
    "ExecutionProcessID": 2080,
    "ExecutionThreadID": 2940,
    "EventType": "INFO",
    "SeverityValue": 2,
    "Severity": "INFO",
    "Hostname": "WIN-93NOI1UVL29",
    "Domain": "NT AUTHORITY",
    "AccountName": "SYSTEM",
    "UserID": "S-1-5-18",
    "AccountType": "User",
    "Flags": "256",
    "TCP": "0",
    "InterfaceIP": "2601:442:4400:82a:b8a3:7b53:d4bf:98bf",
    "Source": "2601:442:4400:82a:b8a3:7b53:d4bf:98bf",
    "RD": "1",
    "QNAME": "www.usno.navy.mil.",
    "QTYPE": "28",
    "XID": "5",
    "Port": "56422",
    "BufferSize": "35",
    "PacketData": "0x000501000001000000000000037777770475736E6F046E617679036D696C00001C0001",
    "AdditionalInfo": ".",
    "GUID": "{BEB9A193-5D03-4004-A326-DD26EFB13A42}",
    "EventReceivedTime": "2021-09-16T20:14:00.812511-07:00",
    "SourceModuleName": "dnsserver",
    "SourceModuleType": "im_etw",
    "HostIP": "192.168.1.36"
  },
  {
    "SourceName": "Microsoft-Windows-DNSServer",
    "ProviderGuid": "{EB79061A-A566-4698-9119-3ED2807060E7}",
    "EventID": 260,
    "Version": 0,
    "ChannelID": 16,
    "OpcodeValue": 0,
    "TaskValue": 2,
    "Keywords": "9223372036854775824",
    "EventTime": "2021-09-16T20:14:00.012280-07:00",
    "ExecutionProcessID": 2080,
    "ExecutionThreadID": 2940,
    "EventType": "INFO",
    "SeverityValue": 2,
    "Severity": "INFO",
    "Hostname": "WIN-93NOI1UVL29",
    "Domain": "NT AUTHORITY",
    "AccountName": "SYSTEM",
    "UserID": "S-1-5-18",
    "AccountType": "User",
    "Flags": "0",
    "TCP": "0",
    "Destination": "214.23.245.4",
    "InterfaceIP": "0.0.0.0",
    "RD": "0",
    "QNAME": "www.usno.navy.mil.",
    "QTYPE": "28",
    "QXID": "5",
    "XID": "19912",
    "Port": "0",
    "RecursionScope": ".",
    "CacheScope": "Default",
    "PolicyName": "NULL",
    "BufferSize": "46",
    "PacketData": "0x4DC800000001000000000001037777770475736E6F046E617679036D696C00001C00010000290FA0000080000000",
    "AdditionalInfo": ".",
    "GUID": "{BEB9A193-5D03-4004-A326-DD26EFB13A42}",
    "EventReceivedTime": "2021-09-16T20:14:00.812511-07:00",
    "SourceModuleName": "dnsserver",
    "SourceModuleType": "im_etw",
    "HostIP": "192.168.1.36"
  },
  {
    "SourceName": "Microsoft-Windows-DNSServer",
    "ProviderGuid": "{EB79061A-A566-4698-9119-3ED2807060E7}",
    "EventID": 261,
    "Version": 0,
    "ChannelID": 16,
    "OpcodeValue": 0,
    "TaskValue": 2,
    "Keywords": "9223372036854775840",
    "EventTime": "2021-09-16T20:14:00.141090-07:00",
    "ExecutionProcessID": 2080,
    "ExecutionThreadID": 2940,
    "EventType": "INFO",
    "SeverityValue": 2,
    "Severity": "INFO",
    "Hostname": "WIN-93NOI1UVL29",
    "Domain": "NT AUTHORITY",
    "AccountName": "SYSTEM",
    "UserID": "S-1-5-18",
    "AccountType": "User",
    "Flags": "33792",
    "TCP": "0",
    "Source": "214.23.245.4",
    "InterfaceIP": "0.0.0.0",
    "AA": "1",
    "AD": "0",
    "QNAME": "www.usno.navy.mil.",
    "QTYPE": "28",
    "XID": "19912",
    "RecursionDepth": "1",
    "Port": "0",
    "RecursionScope": ".",
    "CacheScope": "Default",
    "BufferSize": "107",
    "PacketData": "0x4DC884000001000000010001037777770475736E6F046E617679036D696C00001C0001C010000600010000043F003104646E7331046E697072C01A0E686F73746D6173746572406E6963C01A0000003B0000546000000E100024EA0000000E100000291000000080000000",
    "AdditionalInfo": ".",
    "GUID": "{BEB9A193-5D03-4004-A326-DD26EFB13A42}",
    "EventReceivedTime": "2021-09-16T20:14:00.812511-07:00",
    "SourceModuleName": "dnsserver",
    "SourceModuleType": "im_etw",
    "HostIP": "192.168.1.36"
  },
  {
    "SourceName": "Microsoft-Windows-DNSServer",
    "ProviderGuid": "{EB79061A-A566-4698-9119-3ED2807060E7}",
    "EventID": 257,
    "Version": 0,
    "ChannelID": 16,
    "OpcodeValue": 0,
    "TaskValue": 1,
    "Keywords": "9223372036854775810",
    "EventTime": "2021-09-16T20:14:00.142609-07:00",
    "ExecutionProcessID": 2080,
    "ExecutionThreadID": 2940,
    "EventType": "INFO",
    "SeverityValue": 2,
    "Severity": "INFO",
    "Hostname": "WIN-93NOI1UVL29",
    "Domain": "NT AUTHORITY",
    "AccountName": "SYSTEM",
    "UserID": "S-1-5-18",
    "AccountType": "User",
    "Flags": "33152",
    "TCP": "0",
    "InterfaceIP": "2601:442:4400:82a:b8a3:7b53:d4bf:98bf",
    "Destination": "2601:442:4400:82a:b8a3:7b53:d4bf:98bf",
    "AA": "0",
    "AD": "0",
    "QNAME": "www.usno.navy.mil.",
    "QTYPE": "28",
    "XID": "5",
    "DNSSEC": "0",
    "RCODE": "0",
    "Port": "56422",
    "Scope": "Default",
    "Zone": "..Cache",
    "PolicyName": "NULL",
    "BufferSize": "96",
    "PacketData": "0x000581800001000000010000037777770475736E6F046E617679036D696C00001C0001C0100006000100000383003104646E7331046E697072C01A0E686F73746D6173746572406E6963C01A0000003B0000546000000E100024EA0000000E10",
    "AdditionalInfo": "VirtualizationInstance:.",
    "ElapsedTime": "130",
    "GUID": "{BEB9A193-5D03-4004-A326-DD26EFB13A42}",
    "EventReceivedTime": "2021-09-16T20:14:00.812511-07:00",
    "SourceModuleName": "dnsserver",
    "SourceModuleType": "im_etw",
    "HostIP": "192.168.1.36"
  },
  {
    "SourceName": "Microsoft-Windows-DNSServer",
    "ProviderGuid": "{EB79061A-A566-4698-9119-3ED2807060E7}",
    "EventID": 256,
    "Version": 0,
    "ChannelID": 16,
    "OpcodeValue": 0,
    "TaskValue": 1,
    "Keywords": "9223372036854775809",
    "EventTime": "2021-09-16T20:14:14.502596-07:00",
    "ExecutionProcessID": 2080,
    "ExecutionThreadID": 2940,
    "EventType": "INFO",
    "SeverityValue": 2,
    "Severity": "INFO",
    "Hostname": "WIN-93NOI1UVL29",
    "Domain": "NT AUTHORITY",
    "AccountName": "SYSTEM",
    "UserID": "S-1-5-18",
    "AccountType": "User",
    "Flags": "256",
    "TCP": "0",
    "InterfaceIP": "192.168.1.36",
    "Source": "192.168.1.7",
    "RD": "1",
    "QNAME": "mozilla.cloudflare-dns.com.",
    "QTYPE": "1",
    "XID": "43102",
    "Port": "55103",
    "BufferSize": "44",
    "PacketData": "0xA85E01000001000000000000076D6F7A696C6C610E636C6F7564666C6172652D646E7303636F6D0000010001",
    "AdditionalInfo": ".",
    "GUID": "{A63BFB55-9B31-4597-8FDB-3DE33BCE26CA}",
    "EventReceivedTime": "2021-09-16T20:14:15.532656-07:00",
    "SourceModuleName": "dnsserver",
    "SourceModuleType": "im_etw",
    "HostIP": "192.168.1.36"
  },
  {
    "SourceName": "Microsoft-Windows-DNSServer",
    "ProviderGuid": "{EB79061A-A566-4698-9119-3ED2807060E7}",
    "EventID": 257,
    "Version": 0,
    "ChannelID": 16,
    "OpcodeValue": 0,
    "TaskValue": 1,
    "Keywords": "9223372036854775810",
    "EventTime": "2021-09-16T20:14:14.502686-07:00",
    "ExecutionProcessID": 2080,
    "ExecutionThreadID": 2940,
    "EventType": "INFO",
    "SeverityValue": 2,
    "Severity": "INFO",
    "Hostname": "WIN-93NOI1UVL29",
    "Domain": "NT AUTHORITY",
    "AccountName": "SYSTEM",
    "UserID": "S-1-5-18",
    "AccountType": "User",
    "Flags": "33152",
    "TCP": "0",
    "InterfaceIP": "192.168.1.36",
    "Destination": "192.168.1.7",
    "AA": "0",
    "AD": "0",
    "QNAME": "mozilla.cloudflare-dns.com.",
    "QTYPE": "1",
    "XID": "43102",
    "DNSSEC": "0",
    "RCODE": "0",
    "Port": "55103",
    "Scope": "Default",
    "Zone": "..Cache",
    "PolicyName": "NULL",
    "BufferSize": "76",
    "PacketData": "0xA85E81800001000200000000076D6F7A696C6C610E636C6F7564666C6172652D646E7303636F6D0000010001C00C000100010000005900046810F9F9C00C000100010000005900046810F8F9",
    "AdditionalInfo": "VirtualizationInstance:.",
    "ElapsedTime": "0",
    "GUID": "{A63BFB55-9B31-4597-8FDB-3DE33BCE26CA}",
    "EventReceivedTime": "2021-09-16T20:14:15.532656-07:00",
    "SourceModuleName": "dnsserver",
    "SourceModuleType": "im_etw",
    "HostIP": "192.168.1.36"
  },
  {
    "SourceName": "Microsoft-Windows-DNSServer",
    "ProviderGuid": "{EB79061A-A566-4698-9119-3ED2807060E7}",
    "EventID": 256,
    "Version": 0,
    "ChannelID": 16,
    "OpcodeValue": 0,
    "TaskValue": 1,
    "Keywords": "9223372036854775809",
    "EventTime": "2021-09-16T20:14:14.502708-07:00",
    "ExecutionProcessID": 2080,
    "ExecutionThreadID": 2940,
    "EventType": "INFO",
    "SeverityValue": 2,
    "Severity": "INFO",
    "Hostname": "WIN-93NOI1UVL29",
    "Domain": "NT AUTHORITY",
    "AccountName": "SYSTEM",
    "UserID": "S-1-5-18",
    "AccountType": "User",
    "Flags": "256",
    "TCP": "0",
    "InterfaceIP": "192.168.1.36",
    "Source": "192.168.1.7",
    "RD": "1",
    "QNAME": "mozilla.cloudflare-dns.com.",
    "QTYPE": "28",
    "XID": "8541",
    "Port": "55103",
    "BufferSize": "44",
    "PacketData": "0x215D01000001000000000000076D6F7A696C6C610E636C6F7564666C6172652D646E7303636F6D00001C0001",
    "AdditionalInfo": ".",
    "GUID": "{8E212267-6EDF-431F-8E13-92C2A5E6F2BD}",
    "EventReceivedTime": "2021-09-16T20:14:15.532656-07:00",
    "SourceModuleName": "dnsserver",
    "SourceModuleType": "im_etw",
    "HostIP": "192.168.1.36"
  },
  {
    "SourceName": "Microsoft-Windows-DNSServer",
    "ProviderGuid": "{EB79061A-A566-4698-9119-3ED2807060E7}",
    "EventID": 257,
    "Version": 0,
    "ChannelID": 16,
    "OpcodeValue": 0,
    "TaskValue": 1,
    "Keywords": "9223372036854775810",
    "EventTime": "2021-09-16T20:14:14.502733-07:00",
    "ExecutionProcessID": 2080,
    "ExecutionThreadID": 2940,
    "EventType": "INFO",
    "SeverityValue": 2,
    "Severity": "INFO",
    "Hostname": "WIN-93NOI1UVL29",
    "Domain": "NT AUTHORITY",
    "AccountName": "SYSTEM",
    "UserID": "S-1-5-18",
    "AccountType": "User",
    "Flags": "33152",
    "TCP": "0",
    "InterfaceIP": "192.168.1.36",
    "Destination": "192.168.1.7",
    "AA": "0",
    "AD": "0",
    "QNAME": "mozilla.cloudflare-dns.com.",
    "QTYPE": "28",
    "XID": "8541",
    "DNSSEC": "0",
    "RCODE": "0",
    "Port": "55103",
    "Scope": "Default",
    "Zone": "..Cache",
    "PolicyName": "NULL",
    "BufferSize": "100",
    "PacketData": "0x215D81800001000200000000076D6F7A696C6C610E636C6F7564666C6172652D646E7303636F6D00001C0001C00C001C00010000005900102606470000000000000000006810F8F9C00C001C00010000005900102606470000000000000000006810F9F9",
    "AdditionalInfo": "VirtualizationInstance:.",
    "ElapsedTime": "0",
    "GUID": "{8E212267-6EDF-431F-8E13-92C2A5E6F2BD}",
    "EventReceivedTime": "2021-09-16T20:14:15.532656-07:00",
    "SourceModuleName": "dnsserver",
    "SourceModuleType": "im_etw",
    "HostIP": "192.168.1.36"
  },
  {
    "SourceName": "Microsoft-Windows-DNSServer",
    "ProviderGuid": "{EB79061A-A566-4698-9119-3ED2807060E7}",
    "EventID": 256,
    "Version": 0,
    "ChannelID": 16,
    "OpcodeValue": 0,
    "TaskValue": 1,
    "Keywords": "9223372036854775809",
    "EventTime": "2021-09-16T20:15:25.012204-07:00",
    "ExecutionProcessID": 2080,
    "ExecutionThreadID": 2940,
    "EventType": "INFO",
    "SeverityValue": 2,
    "Severity": "INFO",
    "Hostname": "WIN-93NOI1UVL29",
    "Domain": "NT AUTHORITY",
    "AccountName": "SYSTEM",
    "UserID": "S-1-5-18",
    "AccountType": "User",
    "Flags": "256",
    "TCP": "0",
    "InterfaceIP": "192.168.1.36",
    "Source": "192.168.1.7",
    "RD": "1",
    "QNAME": "mozilla.cloudflare-dns.com.",
    "QTYPE": "1",
    "XID": "42348",
    "Port": "44636",
    "BufferSize": "44",
    "PacketData": "0xA56C01000001000000000000076D6F7A696C6C610E636C6F7564666C6172652D646E7303636F6D0000010001",
    "AdditionalInfo": ".",
    "GUID": "{0F8420BF-E42D-499D-AB12-D7301230D6A9}",
    "EventReceivedTime": "2021-09-16T20:15:26.004876-07:00",
    "SourceModuleName": "dnsserver",
    "SourceModuleType": "im_etw",
    "HostIP": "192.168.1.36"
  },
  {
    "SourceName": "Microsoft-Windows-DNSServer",
    "ProviderGuid": "{EB79061A-A566-4698-9119-3ED2807060E7}",
    "EventID": 257,
    "Version": 0,
    "ChannelID": 16,
    "OpcodeValue": 0,
    "TaskValue": 1,
    "Keywords": "9223372036854775810",
    "EventTime": "2021-09-16T20:15:25.012282-07:00",
    "ExecutionProcessID": 2080,
    "ExecutionThreadID": 2940,
    "EventType": "INFO",
    "SeverityValue": 2,
    "Severity": "INFO",
    "Hostname": "WIN-93NOI1UVL29",
    "Domain": "NT AUTHORITY",
    "AccountName": "SYSTEM",
    "UserID": "S-1-5-18",
    "AccountType": "User",
    "Flags": "33152",
    "TCP": "0",
    "InterfaceIP": "192.168.1.36",
    "Destination": "192.168.1.7",
    "AA": "0",
    "AD": "0",
    "QNAME": "mozilla.cloudflare-dns.com.",
    "QTYPE": "1",
    "XID": "42348",
    "DNSSEC": "0",
    "RCODE": "0",
    "Port": "44636",
    "Scope": "Default",
    "Zone": "..Cache",
    "PolicyName": "NULL",
    "BufferSize": "76",
    "PacketData": "0xA56C81800001000200000000076D6F7A696C6C610E636C6F7564666C6172652D646E7303636F6D0000010001C00C000100010000001300046810F8F9C00C000100010000001300046810F9F9",
    "AdditionalInfo": "VirtualizationInstance:.",
    "ElapsedTime": "0",
    "GUID": "{0F8420BF-E42D-499D-AB12-D7301230D6A9}",
    "EventReceivedTime": "2021-09-16T20:15:26.004876-07:00",
    "SourceModuleName": "dnsserver",
    "SourceModuleType": "im_etw",
    "HostIP": "192.168.1.36"
  },
  {
    "SourceName": "Microsoft-Windows-DNSServer",
    "ProviderGuid": "{EB79061A-A566-4698-9119-3ED2807060E7}",
    "EventID": 256,
    "Version": 0,
    "ChannelID": 16,
    "OpcodeValue": 0,
    "TaskValue": 1,
    "Keywords": "9223372036854775809",
    "EventTime": "2021-09-16T20:15:25.012300-07:00",
    "ExecutionProcessID": 2080,
    "ExecutionThreadID": 2940,
    "EventType": "INFO",
    "SeverityValue": 2,
    "Severity": "INFO",
    "Hostname": "WIN-93NOI1UVL29",
    "Domain": "NT AUTHORITY",
    "AccountName": "SYSTEM",
    "UserID": "S-1-5-18",
    "AccountType": "User",
    "Flags": "256",
    "TCP": "0",
    "InterfaceIP": "192.168.1.36",
    "Source": "192.168.1.7",
    "RD": "1",
    "QNAME": "mozilla.cloudflare-dns.com.",
    "QTYPE": "28",
    "XID": "28256",
    "Port": "44636",
    "BufferSize": "44",
    "PacketData": "0x6E6001000001000000000000076D6F7A696C6C610E636C6F7564666C6172652D646E7303636F6D00001C0001",
    "AdditionalInfo": ".",
    "GUID": "{8262A9DE-09A4-4C05-879F-EF3F93AD7D76}",
    "EventReceivedTime": "2021-09-16T20:15:26.004876-07:00",
    "SourceModuleName": "dnsserver",
    "SourceModuleType": "im_etw",
    "HostIP": "192.168.1.36"
  },
  {
    "SourceName": "Microsoft-Windows-DNSServer",
    "ProviderGuid": "{EB79061A-A566-4698-9119-3ED2807060E7}",
    "EventID": 257,
    "Version": 0,
    "ChannelID": 16,
    "OpcodeValue": 0,
    "TaskValue": 1,
    "Keywords": "9223372036854775810",
    "EventTime": "2021-09-16T20:15:25.012746-07:00",
    "ExecutionProcessID": 2080,
    "ExecutionThreadID": 2940,
    "EventType": "INFO",
    "SeverityValue": 2,
    "Severity": "INFO",
    "Hostname": "WIN-93NOI1UVL29",
    "Domain": "NT AUTHORITY",
    "AccountName": "SYSTEM",
    "UserID": "S-1-5-18",
    "AccountType": "User",
    "Flags": "33152",
    "TCP": "0",
    "InterfaceIP": "192.168.1.36",
    "Destination": "192.168.1.7",
    "AA": "0",
    "AD": "0",
    "QNAME": "mozilla.cloudflare-dns.com.",
    "QTYPE": "28",
    "XID": "28256",
    "DNSSEC": "0",
    "RCODE": "0",
    "Port": "44636",
    "Scope": "Default",
    "Zone": "..Cache",
    "PolicyName": "NULL",
    "BufferSize": "100",
    "PacketData": "0x6E6081800001000200000000076D6F7A696C6C610E636C6F7564666C6172652D646E7303636F6D00001C0001C00C001C00010000001300102606470000000000000000006810F9F9C00C001C00010000001300102606470000000000000000006810F8F9",
    "AdditionalInfo": "VirtualizationInstance:.",
    "ElapsedTime": "0",
    "GUID": "{8262A9DE-09A4-4C05-879F-EF3F93AD7D76}",
    "EventReceivedTime": "2021-09-16T20:15:26.004876-07:00",
    "SourceModuleName": "dnsserver",
    "SourceModuleType": "im_etw",
    "HostIP": "192.168.1.36"
  },
  {
    "SourceName": "Microsoft-Windows-DNSServer",
    "ProviderGuid": "{EB79061A-A566-4698-9119-3ED2807060E7}",
    "EventID": 256,
    "Version": 0,
    "ChannelID": 16,
    "OpcodeValue": 0,
    "TaskValue": 1,
    "Keywords": "9223372036854775809",
    "EventTime": "2021-09-16T20:15:49.973724-07:00",
    "ExecutionProcessID": 2080,
    "ExecutionThreadID": 2940,
    "EventType": "INFO",
    "SeverityValue": 2,
    "Severity": "INFO",
    "Hostname": "WIN-93NOI1UVL29",
    "Domain": "NT AUTHORITY",
    "AccountName": "SYSTEM",
    "UserID": "S-1-5-18",
    "AccountType": "User",
    "Flags": "256",
    "TCP": "0",
    "InterfaceIP": "192.168.1.36",
    "Source": "192.168.1.7",
    "RD": "1",
    "QNAME": "tick.usno.navy.mil.",
    "QTYPE": "1",
    "XID": "38781",
    "Port": "59148",
    "BufferSize": "36",
    "PacketData": "0x977D01000001000000000000047469636B0475736E6F046E617679036D696C0000010001",
    "AdditionalInfo": ".",
    "GUID": "{613A0AD8-3A26-40B0-8D78-BB5F830CE9E1}",
    "EventReceivedTime": "2021-09-16T20:15:50.961307-07:00",
    "SourceModuleName": "dnsserver",
    "SourceModuleType": "im_etw",
    "HostIP": "192.168.1.36"
  },
  {
    "SourceName": "Microsoft-Windows-DNSServer",
    "ProviderGuid": "{EB79061A-A566-4698-9119-3ED2807060E7}",
    "EventID": 260,
    "Version": 0,
    "ChannelID": 16,
    "OpcodeValue": 0,
    "TaskValue": 2,
    "Keywords": "9223372036854775824",
    "EventTime": "2021-09-16T20:15:49.973852-07:00",
    "ExecutionProcessID": 2080,
    "ExecutionThreadID": 2940,
    "EventType": "INFO",
    "SeverityValue": 2,
    "Severity": "INFO",
    "Hostname": "WIN-93NOI1UVL29",
    "Domain": "NT AUTHORITY",
    "AccountName": "SYSTEM",
    "UserID": "S-1-5-18",
    "AccountType": "User",
    "Flags": "0",
    "TCP": "0",
    "Destination": "214.3.125.231",
    "InterfaceIP": "0.0.0.0",
    "RD": "0",
    "QNAME": "tick.usno.navy.mil.",
    "QTYPE": "1",
    "QXID": "38781",
    "XID": "7598",
    "Port": "0",
    "RecursionScope": ".",
    "CacheScope": "Default",
    "PolicyName": "NULL",
    "BufferSize": "47",
    "PacketData": "0x1DAE00000001000000000001047469636B0475736E6F046E617679036D696C00000100010000290FA0000080000000",
    "AdditionalInfo": ".",
    "GUID": "{613A0AD8-3A26-40B0-8D78-BB5F830CE9E1}",
    "EventReceivedTime": "2021-09-16T20:15:50.961307-07:00",
    "SourceModuleName": "dnsserver",
    "SourceModuleType": "im_etw",
    "HostIP": "192.168.1.36"
  },
  {
    "SourceName": "Microsoft-Windows-DNSServer",
    "ProviderGuid": "{EB79061A-A566-4698-9119-3ED2807060E7}",
    "EventID": 261,
    "Version": 0,
    "ChannelID": 16,
    "OpcodeValue": 0,
    "TaskValue": 2,
    "Keywords": "9223372036854775840",
    "EventTime": "2021-09-16T20:15:50.017751-07:00",
    "ExecutionProcessID": 2080,
    "ExecutionThreadID": 2940,
    "EventType": "INFO",
    "SeverityValue": 2,
    "Severity": "INFO",
    "Hostname": "WIN-93NOI1UVL29",
    "Domain": "NT AUTHORITY",
    "AccountName": "SYSTEM",
    "UserID": "S-1-5-18",
    "AccountType": "User",
    "Flags": "33792",
    "TCP": "0",
    "Source": "214.3.125.231",
    "InterfaceIP": "0.0.0.0",
    "AA": "1",
    "AD": "0",
    "QNAME": "tick.usno.navy.mil.",
    "QTYPE": "1",
    "XID": "7598",
    "RecursionDepth": "1",
    "Port": "0",
    "RecursionScope": ".",
    "CacheScope": "Default",
    "BufferSize": "63",
    "PacketData": "0x1DAE84000001000100000001047469636B0475736E6F046E617679036D696C0000010001C00C000100010000001C0004C00529280000291000000080000000",
    "AdditionalInfo": ".",
    "GUID": "{613A0AD8-3A26-40B0-8D78-BB5F830CE9E1}",
    "EventReceivedTime": "2021-09-16T20:15:50.961307-07:00",
    "SourceModuleName": "dnsserver",
    "SourceModuleType": "im_etw",
    "HostIP": "192.168.1.36"
  },
  {
    "SourceName": "Microsoft-Windows-DNSServer",
    "ProviderGuid": "{EB79061A-A566-4698-9119-3ED2807060E7}",
    "EventID": 257,
    "Version": 0,
    "ChannelID": 16,
    "OpcodeValue": 0,
    "TaskValue": 1,
    "Keywords": "9223372036854775810",
    "EventTime": "2021-09-16T20:15:50.017839-07:00",
    "ExecutionProcessID": 2080,
    "ExecutionThreadID": 2940,
    "EventType": "INFO",
    "SeverityValue": 2,
    "Severity": "INFO",
    "Hostname": "WIN-93NOI1UVL29",
    "Domain": "NT AUTHORITY",
    "AccountName": "SYSTEM",
    "UserID": "S-1-5-18",
    "AccountType": "User",
    "Flags": "33152",
    "TCP": "0",
    "InterfaceIP": "192.168.1.36",
    "Destination": "192.168.1.7",
    "AA": "0",
    "AD": "0",
    "QNAME": "tick.usno.navy.mil.",
    "QTYPE": "1",
    "XID": "38781",
    "DNSSEC": "0",
    "RCODE": "0",
    "Port": "59148",
    "Scope": "Default",
    "Zone": "..Cache",
    "PolicyName": "NULL",
    "BufferSize": "52",
    "PacketData": "0x977D81800001000100000000047469636B0475736E6F046E617679036D696C0000010001C00C000100010000001C0004C0052928",
    "AdditionalInfo": "VirtualizationInstance:.",
    "ElapsedTime": "44",
    "GUID": "{613A0AD8-3A26-40B0-8D78-BB5F830CE9E1}",
    "EventReceivedTime": "2021-09-16T20:15:50.976982-07:00",
    "SourceModuleName": "dnsserver",
    "SourceModuleType": "im_etw",
    "HostIP": "192.168.1.36"
  },
  {
    "SourceName": "Microsoft-Windows-DNSServer",
    "ProviderGuid": "{EB79061A-A566-4698-9119-3ED2807060E7}",
    "EventID": 256,
    "Version": 0,
    "ChannelID": 16,
    "OpcodeValue": 0,
    "TaskValue": 1,
    "Keywords": "9223372036854775809",
    "EventTime": "2021-09-16T20:15:50.018390-07:00",
    "ExecutionProcessID": 2080,
    "ExecutionThreadID": 2940,
    "EventType": "INFO",
    "SeverityValue": 2,
    "Severity": "INFO",
    "Hostname": "WIN-93NOI1UVL29",
    "Domain": "NT AUTHORITY",
    "AccountName": "SYSTEM",
    "UserID": "S-1-5-18",
    "AccountType": "User",
    "Flags": "256",
    "TCP": "0",
    "InterfaceIP": "192.168.1.36",
    "Source": "192.168.1.7",
    "RD": "1",
    "QNAME": "tick.usno.navy.mil.",
    "QTYPE": "28",
    "XID": "42281",
    "Port": "33170",
    "BufferSize": "36",
    "PacketData": "0xA52901000001000000000000047469636B0475736E6F046E617679036D696C00001C0001",
    "AdditionalInfo": ".",
    "GUID": "{49C1BA10-A38A-41A9-9E61-4FF822042C4C}",
    "EventReceivedTime": "2021-09-16T20:15:50.976982-07:00",
    "SourceModuleName": "dnsserver",
    "SourceModuleType": "im_etw",
    "HostIP": "192.168.1.36"
  },
  {
    "SourceName": "Microsoft-Windows-DNSServer",
    "ProviderGuid": "{EB79061A-A566-4698-9119-3ED2807060E7}",
    "EventID": 260,
    "Version": 0,
    "ChannelID": 16,
    "OpcodeValue": 0,
    "TaskValue": 2,
    "Keywords": "9223372036854775824",
    "EventTime": "2021-09-16T20:15:50.018504-07:00",
    "ExecutionProcessID": 2080,
    "ExecutionThreadID": 2940,
    "EventType": "INFO",
    "SeverityValue": 2,
    "Severity": "INFO",
    "Hostname": "WIN-93NOI1UVL29",
    "Domain": "NT AUTHORITY",
    "AccountName": "SYSTEM",
    "UserID": "S-1-5-18",
    "AccountType": "User",
    "Flags": "0",
    "TCP": "0",
    "Destination": "214.3.125.231",
    "InterfaceIP": "0.0.0.0",
    "RD": "0",
    "QNAME": "tick.usno.navy.mil.",
    "QTYPE": "28",
    "QXID": "42281",
    "XID": "34418",
    "Port": "0",
    "RecursionScope": ".",
    "CacheScope": "Default",
    "PolicyName": "NULL",
    "BufferSize": "47",
    "PacketData": "0x867200000001000000000001047469636B0475736E6F046E617679036D696C00001C00010000290FA0000080000000",
    "AdditionalInfo": ".",
    "GUID": "{49C1BA10-A38A-41A9-9E61-4FF822042C4C}",
    "EventReceivedTime": "2021-09-16T20:15:50.976982-07:00",
    "SourceModuleName": "dnsserver",
    "SourceModuleType": "im_etw",
    "HostIP": "192.168.1.36"
  },
  {
    "SourceName": "Microsoft-Windows-DNSServer",
    "ProviderGuid": "{EB79061A-A566-4698-9119-3ED2807060E7}",
    "EventID": 261,
    "Version": 0,
    "ChannelID": 16,
    "OpcodeValue": 0,
    "TaskValue": 2,
    "Keywords": "9223372036854775840",
    "EventTime": "2021-09-16T20:15:50.063755-07:00",
    "ExecutionProcessID": 2080,
    "ExecutionThreadID": 2940,
    "EventType": "INFO",
    "SeverityValue": 2,
    "Severity": "INFO",
    "Hostname": "WIN-93NOI1UVL29",
    "Domain": "NT AUTHORITY",
    "AccountName": "SYSTEM",
    "UserID": "S-1-5-18",
    "AccountType": "User",
    "Flags": "33792",
    "TCP": "0",
    "Source": "214.3.125.231",
    "InterfaceIP": "0.0.0.0",
    "AA": "1",
    "AD": "0",
    "QNAME": "tick.usno.navy.mil.",
    "QTYPE": "28",
    "XID": "34418",
    "RecursionDepth": "1",
    "Port": "0",
    "RecursionScope": ".",
    "CacheScope": "Default",
    "BufferSize": "108",
    "PacketData": "0x867284000001000000010001047469636B0475736E6F046E617679036D696C00001C0001C0110006000100000993003104646E7331046E697072C01B0E686F73746D6173746572406E6963C01B0000003B0000546000000E100024EA0000000E100000291000000080000000",
    "AdditionalInfo": ".",
    "GUID": "{49C1BA10-A38A-41A9-9E61-4FF822042C4C}",
    "EventReceivedTime": "2021-09-16T20:15:50.976982-07:00",
    "SourceModuleName": "dnsserver",
    "SourceModuleType": "im_etw",
    "HostIP": "192.168.1.36"
  },
  {
    "SourceName": "Microsoft-Windows-DNSServer",
    "ProviderGuid": "{EB79061A-A566-4698-9119-3ED2807060E7}",
    "EventID": 257,
    "Version": 0,
    "ChannelID": 16,
    "OpcodeValue": 0,
    "TaskValue": 1,
    "Keywords": "9223372036854775810",
    "EventTime": "2021-09-16T20:15:50.065026-07:00",
    "ExecutionProcessID": 2080,
    "ExecutionThreadID": 2940,
    "EventType": "INFO",
    "SeverityValue": 2,
    "Severity": "INFO",
    "Hostname": "WIN-93NOI1UVL29",
    "Domain": "NT AUTHORITY",
    "AccountName": "SYSTEM",
    "UserID": "S-1-5-18",
    "AccountType": "User",
    "Flags": "33152",
    "TCP": "0",
    "InterfaceIP": "192.168.1.36",
    "Destination": "192.168.1.7",
    "AA": "0",
    "AD": "0",
    "QNAME": "tick.usno.navy.mil.",
    "QTYPE": "28",
    "XID": "42281",
    "DNSSEC": "0",
    "RCODE": "0",
    "Port": "33170",
    "Scope": "Default",
    "Zone": "..Cache",
    "PolicyName": "NULL",
    "BufferSize": "97",
    "PacketData": "0xA52981800001000000010000047469636B0475736E6F046E617679036D696C00001C0001C0110006000100000384003104646E7331046E697072C01B0E686F73746D6173746572406E6963C01B0000003B0000546000000E100024EA0000000E10",
    "AdditionalInfo": "VirtualizationInstance:.",
    "ElapsedTime": "46",
    "GUID": "{49C1BA10-A38A-41A9-9E61-4FF822042C4C}",
    "EventReceivedTime": "2021-09-16T20:15:50.976982-07:00",
    "SourceModuleName": "dnsserver",
    "SourceModuleType": "im_etw",
    "HostIP": "192.168.1.36"
  },
  {
    "SourceName": "Microsoft-Windows-DNSServer",
    "ProviderGuid": "{EB79061A-A566-4698-9119-3ED2807060E7}",
    "EventID": 256,
    "Version": 0,
    "ChannelID": 16,
    "OpcodeValue": 0,
    "TaskValue": 1,
    "Keywords": "9223372036854775809",
    "EventTime": "2021-09-16T20:16:18.016481-07:00",
    "ExecutionProcessID": 2080,
    "ExecutionThreadID": 2940,
    "EventType": "INFO",
    "SeverityValue": 2,
    "Severity": "INFO",
    "Hostname": "WIN-93NOI1UVL29",
    "Domain": "NT AUTHORITY",
    "AccountName": "SYSTEM",
    "UserID": "S-1-5-18",
    "AccountType": "User",
    "Flags": "256",
    "TCP": "0",
    "InterfaceIP": "192.168.1.36",
    "Source": "192.168.1.7",
    "RD": "1",
    "QNAME": "client-api.hubstaff.com.",
    "QTYPE": "1",
    "XID": "11253",
    "Port": "45348",
    "BufferSize": "41",
    "PacketData": "0x2BF5010000010000000000000A636C69656E742D61706908687562737461666603636F6D0000010001",
    "AdditionalInfo": ".",
    "GUID": "{160990FC-A8F8-4BDB-A7E0-2473BDEDAA78}",
    "EventReceivedTime": "2021-09-16T20:16:19.027005-07:00",
    "SourceModuleName": "dnsserver",
    "SourceModuleType": "im_etw",
    "HostIP": "192.168.1.36"
  },
  {
    "SourceName": "Microsoft-Windows-DNSServer",
    "ProviderGuid": "{EB79061A-A566-4698-9119-3ED2807060E7}",
    "EventID": 279,
    "Version": 0,
    "ChannelID": 16,
    "OpcodeValue": 0,
    "TaskValue": 1,
    "Keywords": "9223372071214514176",
    "EventTime": "2021-09-16T20:16:18.016501-07:00",
    "ExecutionProcessID": 2080,
    "ExecutionThreadID": 2940,
    "EventType": "INFO",
    "SeverityValue": 2,
    "Severity": "INFO",
    "Hostname": "WIN-93NOI1UVL29",
    "Domain": "NT AUTHORITY",
    "AccountName": "SYSTEM",
    "UserID": "S-1-5-18",
    "AccountType": "User",
    "Flags": "33152",
    "TCP": "0",
    "InterfaceIP": "192.168.1.36",
    "Source": "192.168.1.7",
    "RD": "1",
    "QNAME": "philosophical-bison-9vt8wzdndw3v3gp7qhq4k8x0.herokudns.com.",
    "QTYPE": "1",
    "Port": "45348",
    "XID": "11253",
    "BufferSize": "41",
    "PacketData": "0x2BF5818000010001000000000A636C69656E742D61706908687562737461666603636F6D0000010001",
    "EventReceivedTime": "2021-09-16T20:16:19.027005-07:00",
    "SourceModuleName": "dnsserver",
    "SourceModuleType": "im_etw",
    "HostIP": "192.168.1.36"
  },
  {
    "SourceName": "Microsoft-Windows-DNSServer",
    "ProviderGuid": "{EB79061A-A566-4698-9119-3ED2807060E7}",
    "EventID": 260,
    "Version": 0,
    "ChannelID": 16,
    "OpcodeValue": 0,
    "TaskValue": 2,
    "Keywords": "9223372036854775824",
    "EventTime": "2021-09-16T20:16:18.016594-07:00",
    "ExecutionProcessID": 2080,
    "ExecutionThreadID": 2940,
    "EventType": "INFO",
    "SeverityValue": 2,
    "Severity": "INFO",
    "Hostname": "WIN-93NOI1UVL29",
    "Domain": "NT AUTHORITY",
    "AccountName": "SYSTEM",
    "UserID": "S-1-5-18",
    "AccountType": "User",
    "Flags": "0",
    "TCP": "0",
    "Destination": "198.51.44.5",
    "InterfaceIP": "0.0.0.0",
    "RD": "0",
    "QNAME": "philosophical-bison-9vt8wzdndw3v3gp7qhq4k8x0.herokudns.com.",
    "QTYPE": "1",
    "QXID": "11253",
    "XID": "52546",
    "Port": "0",
    "RecursionScope": ".",
    "CacheScope": "Default",
    "PolicyName": "NULL",
    "BufferSize": "87",
    "PacketData": "0xCD42000000010000000000012C7068696C6F736F70686963616C2D6269736F6E2D39767438777A646E6477337633677037716871346B387830096865726F6B75646E7303636F6D00000100010000290FA0000080000000",
    "AdditionalInfo": ".",
    "GUID": "{160990FC-A8F8-4BDB-A7E0-2473BDEDAA78}",
    "EventReceivedTime": "2021-09-16T20:16:19.027005-07:00",
    "SourceModuleName": "dnsserver",
    "SourceModuleType": "im_etw",
    "HostIP": "192.168.1.36"
  },
  {
    "SourceName": "Microsoft-Windows-DNSServer",
    "ProviderGuid": "{EB79061A-A566-4698-9119-3ED2807060E7}",
    "EventID": 256,
    "Version": 0,
    "ChannelID": 16,
    "OpcodeValue": 0,
    "TaskValue": 1,
    "Keywords": "9223372036854775809",
    "EventTime": "2021-09-16T20:16:18.016605-07:00",
    "ExecutionProcessID": 2080,
    "ExecutionThreadID": 2940,
    "EventType": "INFO",
    "SeverityValue": 2,
    "Severity": "INFO",
    "Hostname": "WIN-93NOI1UVL29",
    "Domain": "NT AUTHORITY",
    "AccountName": "SYSTEM",
    "UserID": "S-1-5-18",
    "AccountType": "User",
    "Flags": "256",
    "TCP": "0",
    "InterfaceIP": "192.168.1.36",
    "Source": "192.168.1.7",
    "RD": "1",
    "QNAME": "client-api.hubstaff.com.",
    "QTYPE": "28",
    "XID": "5367",
    "Port": "45348",
    "BufferSize": "41",
    "PacketData": "0x14F7010000010000000000000A636C69656E742D61706908687562737461666603636F6D00001C0001",
    "AdditionalInfo": ".",
    "GUID": "{92DCAC43-BAC7-4895-ACA1-352DB9F3CD1D}",
    "EventReceivedTime": "2021-09-16T20:16:19.027005-07:00",
    "SourceModuleName": "dnsserver",
    "SourceModuleType": "im_etw",
    "HostIP": "192.168.1.36"
  },
  {
    "SourceName": "Microsoft-Windows-DNSServer",
    "ProviderGuid": "{EB79061A-A566-4698-9119-3ED2807060E7}",
    "EventID": 279,
    "Version": 0,
    "ChannelID": 16,
    "OpcodeValue": 0,
    "TaskValue": 1,
    "Keywords": "9223372071214514176",
    "EventTime": "2021-09-16T20:16:18.016610-07:00",
    "ExecutionProcessID": 2080,
    "ExecutionThreadID": 2940,
    "EventType": "INFO",
    "SeverityValue": 2,
    "Severity": "INFO",
    "Hostname": "WIN-93NOI1UVL29",
    "Domain": "NT AUTHORITY",
    "AccountName": "SYSTEM",
    "UserID": "S-1-5-18",
    "AccountType": "User",
    "Flags": "33152",
    "TCP": "0",
    "InterfaceIP": "192.168.1.36",
    "Source": "192.168.1.7",
    "RD": "1",
    "QNAME": "philosophical-bison-9vt8wzdndw3v3gp7qhq4k8x0.herokudns.com.",
    "QTYPE": "28",
    "Port": "45348",
    "XID": "5367",
    "BufferSize": "41",
    "PacketData": "0x14F7818000010001000000000A636C69656E742D61706908687562737461666603636F6D00001C0001",
    "EventReceivedTime": "2021-09-16T20:16:19.027005-07:00",
    "SourceModuleName": "dnsserver",
    "SourceModuleType": "im_etw",
    "HostIP": "192.168.1.36"
  },
  {
    "SourceName": "Microsoft-Windows-DNSServer",
    "ProviderGuid": "{EB79061A-A566-4698-9119-3ED2807060E7}",
    "EventID": 260,
    "Version": 0,
    "ChannelID": 16,
    "OpcodeValue": 0,
    "TaskValue": 2,
    "Keywords": "9223372036854775824",
    "EventTime": "2021-09-16T20:16:18.016650-07:00",
    "ExecutionProcessID": 2080,
    "ExecutionThreadID": 2940,
    "EventType": "INFO",
    "SeverityValue": 2,
    "Severity": "INFO",
    "Hostname": "WIN-93NOI1UVL29",
    "Domain": "NT AUTHORITY",
    "AccountName": "SYSTEM",
    "UserID": "S-1-5-18",
    "AccountType": "User",
    "Flags": "0",
    "TCP": "0",
    "Destination": "198.51.44.5",
    "InterfaceIP": "0.0.0.0",
    "RD": "0",
    "QNAME": "philosophical-bison-9vt8wzdndw3v3gp7qhq4k8x0.herokudns.com.",
    "QTYPE": "28",
    "QXID": "5367",
    "XID": "53917",
    "Port": "0",
    "RecursionScope": ".",
    "CacheScope": "Default",
    "PolicyName": "NULL",
    "BufferSize": "87",
    "PacketData": "0xD29D000000010000000000012C7068696C6F736F70686963616C2D6269736F6E2D39767438777A646E6477337633677037716871346B387830096865726F6B75646E7303636F6D00001C00010000290FA0000080000000",
    "AdditionalInfo": ".",
    "GUID": "{92DCAC43-BAC7-4895-ACA1-352DB9F3CD1D}",
    "EventReceivedTime": "2021-09-16T20:16:19.042392-07:00",
    "SourceModuleName": "dnsserver",
    "SourceModuleType": "im_etw",
    "HostIP": "192.168.1.36"
  },
