  {
    "SourceName": "Microsoft-Windows-DNSServer",
    "ProviderGuid": "{EB79061A-A566-4698-9119-3ED2807060E7}",
    "EventID": 261,
    "Version": 0,
    "ChannelID": 16,
    "OpcodeValue": 0,
    "TaskValue": 2,
    "Keywords": "9223372036854775840",
    "EventTime": "2021-09-16T20:11:36.926958-07:00",
    "ExecutionProcessID": 2080,
    "ExecutionThreadID": 2940,
    "EventType": "INFO",
    "SeverityValue": 2,
    "Severity": "INFO",
    "Hostname": "WIN-93NOI1UVL29",
    "Domain": "NT AUTHORITY",
    "AccountName": "SYSTEM",
    "UserID": "S-1-5-18",
    "AccountType": "User",
    "Flags": "32768",
    "TCP": "0",
    "Source": "192.52.178.30",
    "InterfaceIP": "0.0.0.0",
    "AA": "0",
    "AD": "0",
    "QNAME": "detectportal.firefox.com.",
    "QTYPE": "1",
    "XID": "57108",
    "RecursionDepth": "1",
    "Port": "0",
    "RecursionScope": ".",
    "CacheScope": "Default",
    "BufferSize": "695",
    "PacketData": "0xDF14800000010000000800010C646574656374706F7274616C0766697265666F7803636F6D0000010001C019000200010002A3000012076E73312D32343004616B616D036E657400C019000200010002A3000009066E73372D3636C03EC019000200010002A3000009066E73352D3635C03EC019000200010002A3000009066E73342D3634C03E20434B30504F4A4D473837344C4A5245463745464E38343330515649543842534DC021003200010001518000230101000000146501A0C25720EE156F6C4E39636B3ADA0312D92A000722000000000290C087002E00010001518000B7003208020001518061495E696140138199AF03636F6D0073D49C969AD112E1F52C00137560047BE57A0C63D266917DED0C9A551F1942FF5A835C70F318B7C1EC6363C09CA90BC736EB8345EA6F090394D2675E2DD1E0CEC5ED70EADAD937CA6CC54F1A48BA6BE6ED4985DC52360CD72D6C33AB6A67D91A22530A0F796FA8CD809D5DFD4EDA95D33C8A5BF1A724B9CB9248BFE875C054CB318444F00A1E1D5AE0EB39B04D9810FF639A4962C6AEB971DC01E12935F5E6552048453144374E5330344954483341445131544C36513139524345554C43333854C021003200010001518000220101000000148B82DA17E46AD4A4FB43827643C545DC6684C3720006200000000012C19A002E00010001518000B70032080200015180614969C061401ED899AF03636F6D000F6DC86FE2BE05FB636C54425723CBAB966A02BAB7E4F3FF341204CF1FBB59B0C13BF9D00F816007F6D171B157485279342E679282D30523D9D0E14C4E8C5B99A3927E9D02941F7470DE072421AA4CF078705F90EBE2E67A8CF954608A4BA78C2415828EC54587DE570125E4EF2ABE288230BF6A3A7D6EB9963EFF247085764036CA3B7471C24E7EDE6B39820694F6CA7FDE6F0102CA71EECAC36F31B728CB610000291000000080000000",
    "AdditionalInfo": ".",
    "GUID": "{D61F2043-1C2D-4B3E-94A4-EAF81616484A}",
    "EventReceivedTime": "2021-09-16T20:11:37.540572-07:00",
    "SourceModuleName": "dnsserver",
    "SourceModuleType": "im_etw",
    "HostIP": "192.168.1.36"
  },
  {
    "SourceName": "Microsoft-Windows-DNSServer",
    "ProviderGuid": "{EB79061A-A566-4698-9119-3ED2807060E7}",
    "EventID": 260,
    "Version": 0,
    "ChannelID": 16,
    "OpcodeValue": 0,
    "TaskValue": 2,
    "Keywords": "9223372036854775824",
    "EventTime": "2021-09-16T20:11:36.927045-07:00",
    "ExecutionProcessID": 2080,
    "ExecutionThreadID": 2940,
    "EventType": "INFO",
    "SeverityValue": 2,
    "Severity": "INFO",
    "Hostname": "WIN-93NOI1UVL29",
    "Domain": "NT AUTHORITY",
    "AccountName": "SYSTEM",
    "UserID": "S-1-5-18",
    "AccountType": "User",
    "Flags": "0",
    "TCP": "0",
    "Destination": "184.85.248.65",
    "InterfaceIP": "0.0.0.0",
    "RD": "0",
    "QNAME": "detectportal.firefox.com.",
    "QTYPE": "1",
    "QXID": "53380",
    "XID": "1415",
    "Port": "0",
    "RecursionScope": ".",
    "CacheScope": "Default",
    "PolicyName": "NULL",
    "BufferSize": "53",
    "PacketData": "0x0587000000010000000000010C646574656374706F7274616C0766697265666F7803636F6D00000100010000290FA0000080000000",
    "AdditionalInfo": ".",
    "GUID": "{D61F2043-1C2D-4B3E-94A4-EAF81616484A}",
    "EventReceivedTime": "2021-09-16T20:11:37.540572-07:00",
    "SourceModuleName": "dnsserver",
    "SourceModuleType": "im_etw",
    "HostIP": "192.168.1.36"
  },
  {
    "SourceName": "Microsoft-Windows-DNSServer",
    "ProviderGuid": "{EB79061A-A566-4698-9119-3ED2807060E7}",
    "EventID": 261,
    "Version": 0,
    "ChannelID": 16,
    "OpcodeValue": 0,
    "TaskValue": 2,
    "Keywords": "9223372036854775840",
    "EventTime": "2021-09-16T20:11:36.945877-07:00",
    "ExecutionProcessID": 2080,
    "ExecutionThreadID": 2940,
    "EventType": "INFO",
    "SeverityValue": 2,
    "Severity": "INFO",
    "Hostname": "WIN-93NOI1UVL29",
    "Domain": "NT AUTHORITY",
    "AccountName": "SYSTEM",
    "UserID": "S-1-5-18",
    "AccountType": "User",
    "Flags": "33792",
    "TCP": "0",
    "Source": "184.85.248.65",
    "InterfaceIP": "0.0.0.0",
    "AA": "1",
    "AD": "0",
    "QNAME": "detectportal.firefox.com.",
    "QTYPE": "28",
    "XID": "24891",
    "RecursionDepth": "2",
    "Port": "0",
    "RecursionScope": ".",
    "CacheScope": "Default",
    "BufferSize": "95",
    "PacketData": "0x613B840000010001000000010C646574656374706F7274616C0766697265666F7803636F6D00001C0001C00C000500010000003C001E0C646574656374706F7274616C0470726F64066D6F7A617773036E6574000000291000000080000000",
    "AdditionalInfo": ".",
    "GUID": "{77E5BC84-6F69-4896-9B42-8F71AAD8C038}",
    "EventReceivedTime": "2021-09-16T20:11:37.540572-07:00",
    "SourceModuleName": "dnsserver",
    "SourceModuleType": "im_etw",
    "HostIP": "192.168.1.36"
  },
  {
    "SourceName": "Microsoft-Windows-DNSServer",
    "ProviderGuid": "{EB79061A-A566-4698-9119-3ED2807060E7}",
    "EventID": 279,
    "Version": 0,
    "ChannelID": 16,
    "OpcodeValue": 0,
    "TaskValue": 1,
    "Keywords": "9223372071214514176",
    "EventTime": "2021-09-16T20:11:36.945904-07:00",
    "ExecutionProcessID": 2080,
    "ExecutionThreadID": 2940,
    "EventType": "INFO",
    "SeverityValue": 2,
    "Severity": "INFO",
    "Hostname": "WIN-93NOI1UVL29",
    "Domain": "NT AUTHORITY",
    "AccountName": "SYSTEM",
    "UserID": "S-1-5-18",
    "AccountType": "User",
    "Flags": "33152",
    "TCP": "0",
    "InterfaceIP": "192.168.1.36",
    "Source": "192.168.1.7",
    "RD": "1",
    "QNAME": "detectportal.prod.mozaws.net.",
    "QTYPE": "28",
    "Port": "59937",
    "XID": "30064",
    "BufferSize": "42",
    "PacketData": "0x7570818000010001000000000C646574656374706F7274616C0766697265666F7803636F6D00001C0001",
    "EventReceivedTime": "2021-09-16T20:11:37.540572-07:00",
    "SourceModuleName": "dnsserver",
    "SourceModuleType": "im_etw",
    "HostIP": "192.168.1.36"
  },
  {
    "SourceName": "Microsoft-Windows-DNSServer",
    "ProviderGuid": "{EB79061A-A566-4698-9119-3ED2807060E7}",
    "EventID": 260,
    "Version": 0,
    "ChannelID": 16,
    "OpcodeValue": 0,
    "TaskValue": 2,
    "Keywords": "9223372036854775824",
    "EventTime": "2021-09-16T20:11:36.946070-07:00",
    "ExecutionProcessID": 2080,
    "ExecutionThreadID": 2940,
    "EventType": "INFO",
    "SeverityValue": 2,
    "Severity": "INFO",
    "Hostname": "WIN-93NOI1UVL29",
    "Domain": "NT AUTHORITY",
    "AccountName": "SYSTEM",
    "UserID": "S-1-5-18",
    "AccountType": "User",
    "Flags": "0",
    "TCP": "0",
    "Destination": "2001:503:a83e::2:30",
    "InterfaceIP": "::",
    "RD": "0",
    "QNAME": "detectportal.prod.mozaws.NET.",
    "QTYPE": "28",
    "QXID": "30064",
    "XID": "3134",
    "Port": "0",
    "RecursionScope": ".",
    "CacheScope": "Default",
    "PolicyName": "NULL",
    "BufferSize": "57",
    "PacketData": "0x0C3E000000010000000000010C646574656374706F7274616C0470726F64066D6F7A617773034E455400001C00010000290FA0000080000000",
    "AdditionalInfo": ".",
    "GUID": "{77E5BC84-6F69-4896-9B42-8F71AAD8C038}",
    "EventReceivedTime": "2021-09-16T20:11:37.540572-07:00",
    "SourceModuleName": "dnsserver",
    "SourceModuleType": "im_etw",
    "HostIP": "192.168.1.36"
  },
  {
    "SourceName": "Microsoft-Windows-DNSServer",
    "ProviderGuid": "{EB79061A-A566-4698-9119-3ED2807060E7}",
    "EventID": 261,
    "Version": 0,
    "ChannelID": 16,
    "OpcodeValue": 0,
    "TaskValue": 2,
    "Keywords": "9223372036854775840",
    "EventTime": "2021-09-16T20:11:36.952864-07:00",
    "ExecutionProcessID": 2080,
    "ExecutionThreadID": 2940,
    "EventType": "INFO",
    "SeverityValue": 2,
    "Severity": "INFO",
    "Hostname": "WIN-93NOI1UVL29",
    "Domain": "NT AUTHORITY",
    "AccountName": "SYSTEM",
    "UserID": "S-1-5-18",
    "AccountType": "User",
    "Flags": "32768",
    "TCP": "0",
    "Source": "2001:500:c::1",
    "InterfaceIP": "::",
    "AA": "0",
    "AD": "0",
    "QNAME": "mozilla.org.",
    "QTYPE": "28",
    "XID": "40391",
    "RecursionDepth": "1",
    "Port": "0",
    "RecursionScope": ".",
    "CacheScope": "Default",
    "BufferSize": "634",
    "PacketData": "0x9DC780000001000000080001076D6F7A696C6C61036F726700001C0001C00C00020001000151800011066E73352D363504616B616D036E657400C00C00020001000151800009066E73372D3636C030C00C00020001000151800009066E73342D3634C030C00C0002000100015180000A076E73312D323430C030203169383730766A3568343239766A39706369376172366539676B693734747237C0140032000100015180002B0101000A08332539EE7F95C32A140C907D989054FC4C24368D17E3C92EA2F87A23DD000722000000000290C07A002E00010001518000970032080200015180615FB6AC6143F91C9B01036F726700A9AC3C980ED996F4DC53D4285B83C796DF6A661B4A990CBA93A9E08ADFC8BF8C99C2AC47ADF026FD82E1F96E036B6D96A6F783236D1565F77A5FF484E3686B7132DAF0CD55242B7C7CA6322C351FC2A8B197B3ACBE07CC2554A10AFE0FDE3646414DEE15778DD30A3AFBA61F13B6953C6349A00A380C217EFEE1B9ABFD878A33206774666B64626C316663746335653630396A3273333173396430336563677672C0F00032000100015180002A0101000A08332539EE7F95C32A14875FA48058818D3BA14043CCBF10203E9396E0AE0006200000000012C175002E00010001518000970032080200015180615C6B1F6140AD8F9B01036F72670063FB48F9CB7894D5311DC3832F64BE68A72BB0C588740DE73FF441425A049C3D1FC5D2214FEE2FA647E0BDCD36496BF291296A988CCF5FC78C908E4CBD040A91DDD85E415399170E8A5B37535EF7D7DAF6A0FF810D8ACB306CFC2935D6F5C8A62434BF286A122DEAF414A462EE3A9D9F67ABD2C766998CD9A6F802BD7E517EDE00002904D0000080000000",
    "AdditionalInfo": ".",
    "GUID": "{DF779280-F118-41D1-85F4-E992392824C7}",
    "EventReceivedTime": "2021-09-16T20:11:37.540572-07:00",
    "SourceModuleName": "dnsserver",
    "SourceModuleType": "im_etw",
    "HostIP": "192.168.1.36"
  },
  {
    "SourceName": "Microsoft-Windows-DNSServer",
    "ProviderGuid": "{EB79061A-A566-4698-9119-3ED2807060E7}",
    "EventID": 260,
    "Version": 0,
    "ChannelID": 16,
    "OpcodeValue": 0,
    "TaskValue": 2,
    "Keywords": "9223372036854775824",
    "EventTime": "2021-09-16T20:11:36.952988-07:00",
    "ExecutionProcessID": 2080,
    "ExecutionThreadID": 2940,
    "EventType": "INFO",
    "SeverityValue": 2,
    "Severity": "INFO",
    "Hostname": "WIN-93NOI1UVL29",
    "Domain": "NT AUTHORITY",
    "AccountName": "SYSTEM",
    "UserID": "S-1-5-18",
    "AccountType": "User",
    "Flags": "0",
    "TCP": "0",
    "Destination": "184.85.248.65",
    "InterfaceIP": "0.0.0.0",
    "RD": "0",
    "QNAME": "mozilla.org.",
    "QTYPE": "28",
    "QXID": "16535",
    "XID": "13177",
    "Port": "0",
    "RecursionScope": ".",
    "CacheScope": "Default",
    "PolicyName": "NULL",
    "BufferSize": "40",
    "PacketData": "0x337900000001000000000001076D6F7A696C6C61036F726700001C00010000290FA0000080000000",
    "AdditionalInfo": ".",
    "GUID": "{DF779280-F118-41D1-85F4-E992392824C7}",
    "EventReceivedTime": "2021-09-16T20:11:37.540572-07:00",
    "SourceModuleName": "dnsserver",
    "SourceModuleType": "im_etw",
    "HostIP": "192.168.1.36"
  },
  {
    "SourceName": "Microsoft-Windows-DNSServer",
    "ProviderGuid": "{EB79061A-A566-4698-9119-3ED2807060E7}",
    "EventID": 261,
    "Version": 0,
    "ChannelID": 16,
    "OpcodeValue": 0,
    "TaskValue": 2,
    "Keywords": "9223372036854775840",
    "EventTime": "2021-09-16T20:11:36.955807-07:00",
    "ExecutionProcessID": 2080,
    "ExecutionThreadID": 2940,
    "EventType": "INFO",
    "SeverityValue": 2,
    "Severity": "INFO",
    "Hostname": "WIN-93NOI1UVL29",
    "Domain": "NT AUTHORITY",
    "AccountName": "SYSTEM",
    "UserID": "S-1-5-18",
    "AccountType": "User",
    "Flags": "33792",
    "TCP": "0",
    "Source": "184.85.248.65",
    "InterfaceIP": "0.0.0.0",
    "AA": "1",
    "AD": "0",
    "QNAME": "mozilla.org.",
    "QTYPE": "1",
    "XID": "24055",
    "RecursionDepth": "2",
    "Port": "0",
    "RecursionScope": ".",
    "CacheScope": "Default",
    "BufferSize": "88",
    "PacketData": "0x5DF784000001000300000001076D6F7A696C6C61036F72670000010001C00C0001000100000E1000042CEC301FC00C0001000100000E1000042CEC485DC00C0001000100000E1000042CEBF69B0000291000000080000000",
    "AdditionalInfo": ".",
    "GUID": "{D54A3796-B9D2-460B-8F99-8B204BEA4A2D}",
    "EventReceivedTime": "2021-09-16T20:11:37.540572-07:00",
    "SourceModuleName": "dnsserver",
    "SourceModuleType": "im_etw",
    "HostIP": "192.168.1.36"
  },
  {
    "SourceName": "Microsoft-Windows-DNSServer",
    "ProviderGuid": "{EB79061A-A566-4698-9119-3ED2807060E7}",
    "EventID": 257,
    "Version": 0,
    "ChannelID": 16,
    "OpcodeValue": 0,
    "TaskValue": 1,
    "Keywords": "9223372036854775810",
    "EventTime": "2021-09-16T20:11:36.955872-07:00",
    "ExecutionProcessID": 2080,
    "ExecutionThreadID": 2940,
    "EventType": "INFO",
    "SeverityValue": 2,
    "Severity": "INFO",
    "Hostname": "WIN-93NOI1UVL29",
    "Domain": "NT AUTHORITY",
    "AccountName": "SYSTEM",
    "UserID": "S-1-5-18",
    "AccountType": "User",
    "Flags": "33152",
    "TCP": "0",
    "InterfaceIP": "192.168.1.36",
    "Destination": "192.168.1.7",
    "AA": "0",
    "AD": "0",
    "QNAME": "mozilla.org.",
    "QTYPE": "1",
    "XID": "17641",
    "DNSSEC": "0",
    "RCODE": "0",
    "Port": "45623",
    "Scope": "Default",
    "Zone": "..Cache",
    "PolicyName": "NULL",
    "BufferSize": "77",
    "PacketData": "0x44E981800001000300000000076D6F7A696C6C61036F72670000010001C00C0001000100000E0F00042CEC301FC00C0001000100000E0F00042CEC485DC00C0001000100000E0F00042CEBF69B",
    "AdditionalInfo": "VirtualizationInstance:.",
    "ElapsedTime": "76",
    "GUID": "{D54A3796-B9D2-460B-8F99-8B204BEA4A2D}",
    "EventReceivedTime": "2021-09-16T20:11:37.540572-07:00",
    "SourceModuleName": "dnsserver",
    "SourceModuleType": "im_etw",
    "HostIP": "192.168.1.36"
  },
  {
    "SourceName": "Microsoft-Windows-DNSServer",
    "ProviderGuid": "{EB79061A-A566-4698-9119-3ED2807060E7}",
    "EventID": 257,
    "Version": 0,
    "ChannelID": 16,
    "OpcodeValue": 0,
    "TaskValue": 1,
    "Keywords": "9223372036854775810",
    "EventTime": "2021-09-16T20:11:36.955895-07:00",
    "ExecutionProcessID": 2080,
    "ExecutionThreadID": 2940,
    "EventType": "INFO",
    "SeverityValue": 2,
    "Severity": "INFO",
    "Hostname": "WIN-93NOI1UVL29",
    "Domain": "NT AUTHORITY",
    "AccountName": "SYSTEM",
    "UserID": "S-1-5-18",
    "AccountType": "User",
    "Flags": "33152",
    "TCP": "0",
    "InterfaceIP": "192.168.1.36",
    "Destination": "192.168.1.7",
    "AA": "0",
    "AD": "0",
    "QNAME": "mozilla.org.",
    "QTYPE": "1",
    "XID": "40604",
    "DNSSEC": "0",
    "RCODE": "0",
    "Port": "54890",
    "Scope": "Default",
    "Zone": "..Cache",
    "PolicyName": "NULL",
    "BufferSize": "77",
    "PacketData": "0x9E9C81800001000300000000076D6F7A696C6C61036F72670000010001C00C0001000100000E0F00042CEC301FC00C0001000100000E0F00042CEC485DC00C0001000100000E0F00042CEBF69B",
    "AdditionalInfo": "VirtualizationInstance:.",
    "ElapsedTime": "76",
    "GUID": "{D54A3796-B9D2-460B-8F99-8B204BEA4A2D}",
    "EventReceivedTime": "2021-09-16T20:11:37.540572-07:00",
    "SourceModuleName": "dnsserver",
    "SourceModuleType": "im_etw",
    "HostIP": "192.168.1.36"
  },
  {
    "SourceName": "Microsoft-Windows-DNSServer",
    "ProviderGuid": "{EB79061A-A566-4698-9119-3ED2807060E7}",
    "EventID": 256,
    "Version": 0,
    "ChannelID": 16,
    "OpcodeValue": 0,
    "TaskValue": 1,
    "Keywords": "9223372036854775809",
    "EventTime": "2021-09-16T20:11:36.956319-07:00",
    "ExecutionProcessID": 2080,
    "ExecutionThreadID": 2940,
    "EventType": "INFO",
    "SeverityValue": 2,
    "Severity": "INFO",
    "Hostname": "WIN-93NOI1UVL29",
    "Domain": "NT AUTHORITY",
    "AccountName": "SYSTEM",
    "UserID": "S-1-5-18",
    "AccountType": "User",
    "Flags": "256",
    "TCP": "0",
    "InterfaceIP": "192.168.1.36",
    "Source": "192.168.1.7",
    "RD": "1",
    "QNAME": "mozilla.org.",
    "QTYPE": "1",
    "XID": "31924",
    "Port": "49024",
    "BufferSize": "29",
    "PacketData": "0x7CB401000001000000000000076D6F7A696C6C61036F72670000010001",
    "AdditionalInfo": ".",
    "GUID": "{31E9AE83-6D79-4712-B91D-B1A7148CF7D7}",
    "EventReceivedTime": "2021-09-16T20:11:37.540572-07:00",
    "SourceModuleName": "dnsserver",
    "SourceModuleType": "im_etw",
    "HostIP": "192.168.1.36"
  },
  {
    "SourceName": "Microsoft-Windows-DNSServer",
    "ProviderGuid": "{EB79061A-A566-4698-9119-3ED2807060E7}",
    "EventID": 257,
    "Version": 0,
    "ChannelID": 16,
    "OpcodeValue": 0,
    "TaskValue": 1,
    "Keywords": "9223372036854775810",
    "EventTime": "2021-09-16T20:11:36.956478-07:00",
    "ExecutionProcessID": 2080,
    "ExecutionThreadID": 2940,
    "EventType": "INFO",
    "SeverityValue": 2,
    "Severity": "INFO",
    "Hostname": "WIN-93NOI1UVL29",
    "Domain": "NT AUTHORITY",
    "AccountName": "SYSTEM",
    "UserID": "S-1-5-18",
    "AccountType": "User",
    "Flags": "33152",
    "TCP": "0",
    "InterfaceIP": "192.168.1.36",
    "Destination": "192.168.1.7",
    "AA": "0",
    "AD": "0",
    "QNAME": "mozilla.org.",
    "QTYPE": "1",
    "XID": "31924",
    "DNSSEC": "0",
    "RCODE": "0",
    "Port": "49024",
    "Scope": "Default",
    "Zone": "..Cache",
    "PolicyName": "NULL",
    "BufferSize": "77",
    "PacketData": "0x7CB481800001000300000000076D6F7A696C6C61036F72670000010001C00C0001000100000E0F00042CEC485DC00C0001000100000E0F00042CEBF69BC00C0001000100000E0F00042CEC301F",
    "AdditionalInfo": "VirtualizationInstance:.",
    "ElapsedTime": "0",
    "GUID": "{31E9AE83-6D79-4712-B91D-B1A7148CF7D7}",
    "EventReceivedTime": "2021-09-16T20:11:37.540572-07:00",
    "SourceModuleName": "dnsserver",
    "SourceModuleType": "im_etw",
    "HostIP": "192.168.1.36"
  },
  {
    "SourceName": "Microsoft-Windows-DNSServer",
    "ProviderGuid": "{EB79061A-A566-4698-9119-3ED2807060E7}",
    "EventID": 256,
    "Version": 0,
    "ChannelID": 16,
    "OpcodeValue": 0,
    "TaskValue": 1,
    "Keywords": "9223372036854775809",
    "EventTime": "2021-09-16T20:11:36.956601-07:00",
    "ExecutionProcessID": 2080,
    "ExecutionThreadID": 2940,
    "EventType": "INFO",
    "SeverityValue": 2,
    "Severity": "INFO",
    "Hostname": "WIN-93NOI1UVL29",
    "Domain": "NT AUTHORITY",
    "AccountName": "SYSTEM",
    "UserID": "S-1-5-18",
    "AccountType": "User",
    "Flags": "256",
    "TCP": "0",
    "InterfaceIP": "192.168.1.36",
    "Source": "192.168.1.7",
    "RD": "1",
    "QNAME": "www.google.com.",
    "QTYPE": "1",
    "XID": "36809",
    "Port": "50092",
    "BufferSize": "32",
    "PacketData": "0x8FC9010000010000000000000377777706676F6F676C6503636F6D0000010001",
    "AdditionalInfo": ".",
    "GUID": "{EDDEF943-AF67-4E7D-BEE9-0C0EB94926C2}",
    "EventReceivedTime": "2021-09-16T20:11:37.540572-07:00",
    "SourceModuleName": "dnsserver",
    "SourceModuleType": "im_etw",
    "HostIP": "192.168.1.36"
  },
  {
    "SourceName": "Microsoft-Windows-DNSServer",
    "ProviderGuid": "{EB79061A-A566-4698-9119-3ED2807060E7}",
    "EventID": 260,
    "Version": 0,
    "ChannelID": 16,
    "OpcodeValue": 0,
    "TaskValue": 2,
    "Keywords": "9223372036854775824",
    "EventTime": "2021-09-16T20:11:36.956693-07:00",
    "ExecutionProcessID": 2080,
    "ExecutionThreadID": 2940,
    "EventType": "INFO",
    "SeverityValue": 2,
    "Severity": "INFO",
    "Hostname": "WIN-93NOI1UVL29",
    "Domain": "NT AUTHORITY",
    "AccountName": "SYSTEM",
    "UserID": "S-1-5-18",
    "AccountType": "User",
    "Flags": "0",
    "TCP": "0",
    "Destination": "216.239.36.10",
    "InterfaceIP": "0.0.0.0",
    "RD": "0",
    "QNAME": "www.google.com.",
    "QTYPE": "1",
    "QXID": "36809",
    "XID": "44673",
    "Port": "0",
    "RecursionScope": ".",
    "CacheScope": "Default",
    "PolicyName": "NULL",
    "BufferSize": "43",
    "PacketData": "0xAE81000000010000000000010377777706676F6F676C6503636F6D00000100010000290FA0000080000000",
    "AdditionalInfo": ".",
    "GUID": "{EDDEF943-AF67-4E7D-BEE9-0C0EB94926C2}",
    "EventReceivedTime": "2021-09-16T20:11:37.540572-07:00",
    "SourceModuleName": "dnsserver",
    "SourceModuleType": "im_etw",
    "HostIP": "192.168.1.36"
  },
  {
    "SourceName": "Microsoft-Windows-DNSServer",
    "ProviderGuid": "{EB79061A-A566-4698-9119-3ED2807060E7}",
    "EventID": 261,
    "Version": 0,
    "ChannelID": 16,
    "OpcodeValue": 0,
    "TaskValue": 2,
    "Keywords": "9223372036854775840",
    "EventTime": "2021-09-16T20:11:36.963362-07:00",
    "ExecutionProcessID": 2080,
    "ExecutionThreadID": 2940,
    "EventType": "INFO",
    "SeverityValue": 2,
    "Severity": "INFO",
    "Hostname": "WIN-93NOI1UVL29",
    "Domain": "NT AUTHORITY",
    "AccountName": "SYSTEM",
    "UserID": "S-1-5-18",
    "AccountType": "User",
    "Flags": "33792",
    "TCP": "0",
    "Source": "184.85.248.65",
    "InterfaceIP": "0.0.0.0",
    "AA": "1",
    "AD": "0",
    "QNAME": "detectportal.firefox.com.",
    "QTYPE": "1",
    "XID": "1415",
    "RecursionDepth": "2",
    "Port": "0",
    "RecursionScope": ".",
    "CacheScope": "Default",
    "BufferSize": "95",
    "PacketData": "0x0587840000010001000000010C646574656374706F7274616C0766697265666F7803636F6D0000010001C00C000500010000003C001E0C646574656374706F7274616C0470726F64066D6F7A617773036E6574000000291000000080000000",
    "AdditionalInfo": ".",
    "GUID": "{D61F2043-1C2D-4B3E-94A4-EAF81616484A}",
    "EventReceivedTime": "2021-09-16T20:11:37.540572-07:00",
    "SourceModuleName": "dnsserver",
    "SourceModuleType": "im_etw",
    "HostIP": "192.168.1.36"
  },
  {
    "SourceName": "Microsoft-Windows-DNSServer",
    "ProviderGuid": "{EB79061A-A566-4698-9119-3ED2807060E7}",
    "EventID": 279,
    "Version": 0,
    "ChannelID": 16,
    "OpcodeValue": 0,
    "TaskValue": 1,
    "Keywords": "9223372071214514176",
    "EventTime": "2021-09-16T20:11:36.963381-07:00",
    "ExecutionProcessID": 2080,
    "ExecutionThreadID": 2940,
    "EventType": "INFO",
    "SeverityValue": 2,
    "Severity": "INFO",
    "Hostname": "WIN-93NOI1UVL29",
    "Domain": "NT AUTHORITY",
    "AccountName": "SYSTEM",
    "UserID": "S-1-5-18",
    "AccountType": "User",
    "Flags": "33152",
    "TCP": "0",
    "InterfaceIP": "192.168.1.36",
    "Source": "192.168.1.7",
    "RD": "1",
    "QNAME": "detectportal.prod.mozaws.net.",
    "QTYPE": "1",
    "Port": "59937",
    "XID": "53380",
    "BufferSize": "42",
    "PacketData": "0xD084818000010001000000000C646574656374706F7274616C0766697265666F7803636F6D0000010001",
    "EventReceivedTime": "2021-09-16T20:11:37.540572-07:00",
    "SourceModuleName": "dnsserver",
    "SourceModuleType": "im_etw",
    "HostIP": "192.168.1.36"
  },
  {
    "SourceName": "Microsoft-Windows-DNSServer",
    "ProviderGuid": "{EB79061A-A566-4698-9119-3ED2807060E7}",
    "EventID": 260,
    "Version": 0,
    "ChannelID": 16,
    "OpcodeValue": 0,
    "TaskValue": 2,
    "Keywords": "9223372036854775824",
    "EventTime": "2021-09-16T20:11:36.963479-07:00",
    "ExecutionProcessID": 2080,
    "ExecutionThreadID": 2940,
    "EventType": "INFO",
    "SeverityValue": 2,
    "Severity": "INFO",
    "Hostname": "WIN-93NOI1UVL29",
    "Domain": "NT AUTHORITY",
    "AccountName": "SYSTEM",
    "UserID": "S-1-5-18",
    "AccountType": "User",
    "Flags": "0",
    "TCP": "0",
    "Destination": "192.31.80.30",
    "InterfaceIP": "0.0.0.0",
    "RD": "0",
    "QNAME": "detectportal.prod.mozaws.NET.",
    "QTYPE": "1",
    "QXID": "53380",
    "XID": "23957",
    "Port": "0",
    "RecursionScope": ".",
    "CacheScope": "Default",
    "PolicyName": "NULL",
    "BufferSize": "57",
    "PacketData": "0x5D95000000010000000000010C646574656374706F7274616C0470726F64066D6F7A617773034E455400000100010000290FA0000080000000",
    "AdditionalInfo": ".",
    "GUID": "{D61F2043-1C2D-4B3E-94A4-EAF81616484A}",
    "EventReceivedTime": "2021-09-16T20:11:37.540572-07:00",
    "SourceModuleName": "dnsserver",
    "SourceModuleType": "im_etw",
    "HostIP": "192.168.1.36"
  },
  {
    "SourceName": "Microsoft-Windows-DNSServer",
    "ProviderGuid": "{EB79061A-A566-4698-9119-3ED2807060E7}",
    "EventID": 261,
    "Version": 0,
    "ChannelID": 16,
    "OpcodeValue": 0,
    "TaskValue": 2,
    "Keywords": "9223372036854775840",
    "EventTime": "2021-09-16T20:11:36.982912-07:00",
    "ExecutionProcessID": 2080,
    "ExecutionThreadID": 2940,
    "EventType": "INFO",
    "SeverityValue": 2,
    "Severity": "INFO",
    "Hostname": "WIN-93NOI1UVL29",
    "Domain": "NT AUTHORITY",
    "AccountName": "SYSTEM",
    "UserID": "S-1-5-18",
    "AccountType": "User",
    "Flags": "32768",
    "TCP": "0",
    "Source": "2001:503:a83e::2:30",
    "InterfaceIP": "::",
    "AA": "0",
    "AD": "0",
    "QNAME": "detectportal.prod.mozaws.NET.",
    "QTYPE": "28",
    "XID": "3134",
    "RecursionDepth": "3",
    "Port": "0",
    "RecursionScope": ".",
    "CacheScope": "Default",
    "BufferSize": "759",
    "PacketData": "0x0C3E800000010000000800020C646574656374706F7274616C0470726F64066D6F7A617773034E455400001C0001C01E000200010002A3000016066E732D31373809617773646E732D323203636F6D00C01E000200010002A3000013066E732D38363509617773646E732D3434C025C01E000200010002A3000017076E732D3130383409617773646E732D3037036F726700C01E000200010002A3000019076E732D3139393509617773646E732D353702636F02756B0020413152543938425335514743394E4649353153394843493437554C4A47364A48C025003200010001518000230101000000145077EF3DF3A33A2D14993A1E874E1344D743C90B000722000000000290C0B7002E00010001518000B700320802000151806149717C61402694FF62036E657400B6321648DFB0D93CE5875A4612080D3092669F8C1B7E7BA200F78095D14E072097269DDAB573C06E9DE1D637095BD0561D096122F515E3A42C71E1C545889FC3BA4016371DAC852CC727732B22E34129A97E424D82E9531B20698A87B307DCC9FC6FF6E3E3DA999E66D048E1E7B01688586CCBCA11D3604AD67C06119723641FAAEE7F8F982A0D36D6B39CC34CA9005DAB99EAF51A2B4D183DCC4C9C234EAA9720313835304946354E544F3438374B524832364E55494F444B4437514B37524752C025003200010001518000220101000000140A0A7783B02375ADC08EA0D89EEE228CE8203FCE0006200000000012C1CA002E00010001518000B70032080200015180614C14466142C95EFF62036E6574000375F3B38463F0A024EFE1B158251B69424DB8E5150D7CA47FD76F4AFFE98EB74EC04EAD12A2E7F7C1DAD13907ABBEBF5AF0F19F93AFA2E77A3DE6499B6888FBA586C93960C354047160A51196E8AC391075E7550076A7A2B6AA522B4BDFDEAAAA4AF19C11CA26737F05521F24176322EA14E3D8FEC0F2703F233BAE0798B4E32BC998316B98F21E3291E3D9119891DA4E46AEC80DFB485601A2848699ED6152C05C000100010002A3000004CDFBC3610000291000000080000000",
    "AdditionalInfo": ".",
    "GUID": "{77E5BC84-6F69-4896-9B42-8F71AAD8C038}",
    "EventReceivedTime": "2021-09-16T20:11:37.556174-07:00",
    "SourceModuleName": "dnsserver",
    "SourceModuleType": "im_etw",
    "HostIP": "192.168.1.36"
  },
  {
    "SourceName": "Microsoft-Windows-DNSServer",
    "ProviderGuid": "{EB79061A-A566-4698-9119-3ED2807060E7}",
    "EventID": 260,
    "Version": 0,
    "ChannelID": 16,
    "OpcodeValue": 0,
    "TaskValue": 2,
    "Keywords": "9223372036854775824",
    "EventTime": "2021-09-16T20:11:36.983058-07:00",
    "ExecutionProcessID": 2080,
    "ExecutionThreadID": 2940,
    "EventType": "INFO",
    "SeverityValue": 2,
    "Severity": "INFO",
    "Hostname": "WIN-93NOI1UVL29",
    "Domain": "NT AUTHORITY",
    "AccountName": "SYSTEM",
    "UserID": "S-1-5-18",
    "AccountType": "User",
    "Flags": "0",
    "TCP": "0",
    "Destination": "205.251.195.97",
    "InterfaceIP": "0.0.0.0",
    "RD": "0",
    "QNAME": "detectportal.prod.mozaws.NET.",
    "QTYPE": "28",
    "QXID": "30064",
    "XID": "57310",
    "Port": "0",
    "RecursionScope": ".",
    "CacheScope": "Default",
    "PolicyName": "NULL",
    "BufferSize": "57",
    "PacketData": "0xDFDE000000010000000000010C646574656374706F7274616C0470726F64066D6F7A617773034E455400001C00010000290FA0000080000000",
    "AdditionalInfo": ".",
    "GUID": "{77E5BC84-6F69-4896-9B42-8F71AAD8C038}",
    "EventReceivedTime": "2021-09-16T20:11:37.556174-07:00",
    "SourceModuleName": "dnsserver",
    "SourceModuleType": "im_etw",
    "HostIP": "192.168.1.36"
  },
  {
    "SourceName": "Microsoft-Windows-DNSServer",
    "ProviderGuid": "{EB79061A-A566-4698-9119-3ED2807060E7}",
    "EventID": 261,
    "Version": 0,
    "ChannelID": 16,
    "OpcodeValue": 0,
    "TaskValue": 2,
    "Keywords": "9223372036854775840",
    "EventTime": "2021-09-16T20:11:36.989309-07:00",
    "ExecutionProcessID": 2080,
    "ExecutionThreadID": 2940,
    "EventType": "INFO",
    "SeverityValue": 2,
    "Severity": "INFO",
    "Hostname": "WIN-93NOI1UVL29",
    "Domain": "NT AUTHORITY",
    "AccountName": "SYSTEM",
    "UserID": "S-1-5-18",
    "AccountType": "User",
    "Flags": "33792",
    "TCP": "0",
    "Source": "184.85.248.65",
    "InterfaceIP": "0.0.0.0",
    "AA": "1",
    "AD": "0",
    "QNAME": "mozilla.org.",
    "QTYPE": "28",
    "XID": "13177",
    "RecursionDepth": "2",
    "Port": "0",
    "RecursionScope": ".",
    "CacheScope": "Default",
    "BufferSize": "120",
    "PacketData": "0x337984000001000000010001076D6F7A696C6C61036F726700001C0001C00C000600010000003C004409696E666F626C6F78310770726976617465046D646331076D6F7A696C6C6103636F6D000973797361646D696E73C00C78581ECA000000B4000000B4001275000000003C0000291000000080000000",
    "AdditionalInfo": ".",
    "GUID": "{DF779280-F118-41D1-85F4-E992392824C7}",
    "EventReceivedTime": "2021-09-16T20:11:37.556174-07:00",
    "SourceModuleName": "dnsserver",
    "SourceModuleType": "im_etw",
    "HostIP": "192.168.1.36"
  },
  {
    "SourceName": "Microsoft-Windows-DNSServer",
    "ProviderGuid": "{EB79061A-A566-4698-9119-3ED2807060E7}",
    "EventID": 257,
    "Version": 0,
    "ChannelID": 16,
    "OpcodeValue": 0,
    "TaskValue": 1,
    "Keywords": "9223372036854775810",
    "EventTime": "2021-09-16T20:11:36.989572-07:00",
    "ExecutionProcessID": 2080,
    "ExecutionThreadID": 2940,
    "EventType": "INFO",
    "SeverityValue": 2,
    "Severity": "INFO",
    "Hostname": "WIN-93NOI1UVL29",
    "Domain": "NT AUTHORITY",
    "AccountName": "SYSTEM",
    "UserID": "S-1-5-18",
    "AccountType": "User",
    "Flags": "33152",
    "TCP": "0",
    "InterfaceIP": "192.168.1.36",
    "Destination": "192.168.1.7",
    "AA": "0",
    "AD": "0",
    "QNAME": "mozilla.org.",
    "QTYPE": "28",
    "XID": "16535",
    "DNSSEC": "0",
    "RCODE": "0",
    "Port": "45623",
    "Scope": "Default",
    "Zone": "..Cache",
    "PolicyName": "NULL",
    "BufferSize": "109",
    "PacketData": "0x409781800001000000010000076D6F7A696C6C61036F726700001C0001C00C000600010000003B004409696E666F626C6F78310770726976617465046D646331076D6F7A696C6C6103636F6D000973797361646D696E73C00C78581ECA000000B4000000B4001275000000003C",
    "AdditionalInfo": "VirtualizationInstance:.",
    "ElapsedTime": "107",
    "GUID": "{DF779280-F118-41D1-85F4-E992392824C7}",
    "EventReceivedTime": "2021-09-16T20:11:37.556174-07:00",
    "SourceModuleName": "dnsserver",
    "SourceModuleType": "im_etw",
    "HostIP": "192.168.1.36"
  },
  {
    "SourceName": "Microsoft-Windows-DNSServer",
    "ProviderGuid": "{EB79061A-A566-4698-9119-3ED2807060E7}",
    "EventID": 256,
    "Version": 0,
    "ChannelID": 16,
    "OpcodeValue": 0,
    "TaskValue": 1,
    "Keywords": "9223372036854775809",
    "EventTime": "2021-09-16T20:11:36.990441-07:00",
    "ExecutionProcessID": 2080,
    "ExecutionThreadID": 2940,
    "EventType": "INFO",
    "SeverityValue": 2,
    "Severity": "INFO",
    "Hostname": "WIN-93NOI1UVL29",
    "Domain": "NT AUTHORITY",
    "AccountName": "SYSTEM",
    "UserID": "S-1-5-18",
    "AccountType": "User",
    "Flags": "256",
    "TCP": "0",
    "InterfaceIP": "192.168.1.36",
    "Source": "192.168.1.7",
    "RD": "1",
    "QNAME": "mozilla.org.",
    "QTYPE": "1",
    "XID": "26173",
    "Port": "47088",
    "BufferSize": "29",
    "PacketData": "0x663D01000001000000000000076D6F7A696C6C61036F72670000010001",
    "AdditionalInfo": ".",
    "GUID": "{9BC7B6E0-A78A-4832-8A9C-2C9A6DF965B6}",
    "EventReceivedTime": "2021-09-16T20:11:37.556174-07:00",
    "SourceModuleName": "dnsserver",
    "SourceModuleType": "im_etw",
    "HostIP": "192.168.1.36"
  },
  {
    "SourceName": "Microsoft-Windows-DNSServer",
    "ProviderGuid": "{EB79061A-A566-4698-9119-3ED2807060E7}",
    "EventID": 257,
    "Version": 0,
    "ChannelID": 16,
    "OpcodeValue": 0,
    "TaskValue": 1,
    "Keywords": "9223372036854775810",
    "EventTime": "2021-09-16T20:11:36.990502-07:00",
    "ExecutionProcessID": 2080,
    "ExecutionThreadID": 2940,
    "EventType": "INFO",
    "SeverityValue": 2,
    "Severity": "INFO",
    "Hostname": "WIN-93NOI1UVL29",
    "Domain": "NT AUTHORITY",
    "AccountName": "SYSTEM",
    "UserID": "S-1-5-18",
    "AccountType": "User",
    "Flags": "33152",
    "TCP": "0",
    "InterfaceIP": "192.168.1.36",
    "Destination": "192.168.1.7",
    "AA": "0",
    "AD": "0",
    "QNAME": "mozilla.org.",
    "QTYPE": "1",
    "XID": "26173",
    "DNSSEC": "0",
    "RCODE": "0",
    "Port": "47088",
    "Scope": "Default",
    "Zone": "..Cache",
    "PolicyName": "NULL",
    "BufferSize": "77",
    "PacketData": "0x663D81800001000300000000076D6F7A696C6C61036F72670000010001C00C0001000100000E0F00042CEBF69BC00C0001000100000E0F00042CEC301FC00C0001000100000E0F00042CEC485D",
    "AdditionalInfo": "VirtualizationInstance:.",
    "ElapsedTime": "0",
    "GUID": "{9BC7B6E0-A78A-4832-8A9C-2C9A6DF965B6}",
    "EventReceivedTime": "2021-09-16T20:11:37.556174-07:00",
    "SourceModuleName": "dnsserver",
    "SourceModuleType": "im_etw",
    "HostIP": "192.168.1.36"
  },
  {
    "SourceName": "Microsoft-Windows-DNSServer",
    "ProviderGuid": "{EB79061A-A566-4698-9119-3ED2807060E7}",
    "EventID": 256,
    "Version": 0,
    "ChannelID": 16,
    "OpcodeValue": 0,
    "TaskValue": 1,
    "Keywords": "9223372036854775809",
    "EventTime": "2021-09-16T20:11:36.990516-07:00",
    "ExecutionProcessID": 2080,
    "ExecutionThreadID": 2940,
    "EventType": "INFO",
    "SeverityValue": 2,
    "Severity": "INFO",
    "Hostname": "WIN-93NOI1UVL29",
    "Domain": "NT AUTHORITY",
    "AccountName": "SYSTEM",
    "UserID": "S-1-5-18",
    "AccountType": "User",
    "Flags": "256",
    "TCP": "0",
    "InterfaceIP": "192.168.1.36",
    "Source": "192.168.1.7",
    "RD": "1",
    "QNAME": "mozilla.org.",
    "QTYPE": "28",
    "XID": "39680",
    "Port": "47088",
    "BufferSize": "29",
    "PacketData": "0x9B0001000001000000000000076D6F7A696C6C61036F726700001C0001",
    "AdditionalInfo": ".",
    "GUID": "{C548AC11-3421-4D47-A84D-D1857704D759}",
    "EventReceivedTime": "2021-09-16T20:11:37.556174-07:00",
    "SourceModuleName": "dnsserver",
    "SourceModuleType": "im_etw",
    "HostIP": "192.168.1.36"
  },
  {
    "SourceName": "Microsoft-Windows-DNSServer",
    "ProviderGuid": "{EB79061A-A566-4698-9119-3ED2807060E7}",
    "EventID": 257,
    "Version": 0,
    "ChannelID": 16,
    "OpcodeValue": 0,
    "TaskValue": 1,
    "Keywords": "9223372036854775810",
    "EventTime": "2021-09-16T20:11:36.990551-07:00",
    "ExecutionProcessID": 2080,
    "ExecutionThreadID": 2940,
    "EventType": "INFO",
    "SeverityValue": 2,
    "Severity": "INFO",
    "Hostname": "WIN-93NOI1UVL29",
    "Domain": "NT AUTHORITY",
    "AccountName": "SYSTEM",
    "UserID": "S-1-5-18",
    "AccountType": "User",
    "Flags": "33152",
    "TCP": "0",
    "InterfaceIP": "192.168.1.36",
    "Destination": "192.168.1.7",
    "AA": "0",
    "AD": "0",
    "QNAME": "mozilla.org.",
    "QTYPE": "28",
    "XID": "39680",
    "DNSSEC": "0",
    "RCODE": "0",
    "Port": "47088",
    "Scope": "Default",
    "Zone": "..Cache",
    "PolicyName": "NULL",
    "BufferSize": "109",
    "PacketData": "0x9B0081800001000000010000076D6F7A696C6C61036F726700001C0001C00C000600010000003B004409696E666F626C6F78310770726976617465046D646331076D6F7A696C6C6103636F6D000973797361646D696E73C00C78581ECA000000B4000000B4001275000000003C",
    "AdditionalInfo": "VirtualizationInstance:.",
    "ElapsedTime": "0",
    "GUID": "{C548AC11-3421-4D47-A84D-D1857704D759}",
    "EventReceivedTime": "2021-09-16T20:11:37.556174-07:00",
    "SourceModuleName": "dnsserver",
    "SourceModuleType": "im_etw",
    "HostIP": "192.168.1.36"
  },
  {
    "SourceName": "Microsoft-Windows-DNSServer",
    "ProviderGuid": "{EB79061A-A566-4698-9119-3ED2807060E7}",
    "EventID": 261,
    "Version": 0,
    "ChannelID": 16,
    "OpcodeValue": 0,
    "TaskValue": 2,
    "Keywords": "9223372036854775840",
    "EventTime": "2021-09-16T20:11:36.993382-07:00",
    "ExecutionProcessID": 2080,
    "ExecutionThreadID": 2940,
    "EventType": "INFO",
    "SeverityValue": 2,
    "Severity": "INFO",
    "Hostname": "WIN-93NOI1UVL29",
    "Domain": "NT AUTHORITY",
    "AccountName": "SYSTEM",
    "UserID": "S-1-5-18",
    "AccountType": "User",
    "Flags": "33792",
    "TCP": "0",
    "Source": "216.239.36.10",
    "InterfaceIP": "0.0.0.0",
    "AA": "1",
    "AD": "0",
    "QNAME": "www.google.com.",
    "QTYPE": "1",
    "XID": "44673",
    "RecursionDepth": "1",
    "Port": "0",
    "RecursionScope": ".",
    "CacheScope": "Default",
    "BufferSize": "59",
    "PacketData": "0xAE81840000010001000000010377777706676F6F676C6503636F6D0000010001C00C000100010000012C00048EFABE040000290200000080000000",
    "AdditionalInfo": ".",
    "GUID": "{EDDEF943-AF67-4E7D-BEE9-0C0EB94926C2}",
    "EventReceivedTime": "2021-09-16T20:11:37.556174-07:00",
    "SourceModuleName": "dnsserver",
    "SourceModuleType": "im_etw",
    "HostIP": "192.168.1.36"
  },
  {
    "SourceName": "Microsoft-Windows-DNSServer",
    "ProviderGuid": "{EB79061A-A566-4698-9119-3ED2807060E7}",
    "EventID": 257,
    "Version": 0,
    "ChannelID": 16,
    "OpcodeValue": 0,
    "TaskValue": 1,
    "Keywords": "9223372036854775810",
    "EventTime": "2021-09-16T20:11:36.993458-07:00",
    "ExecutionProcessID": 2080,
    "ExecutionThreadID": 2940,
    "EventType": "INFO",
    "SeverityValue": 2,
    "Severity": "INFO",
    "Hostname": "WIN-93NOI1UVL29",
    "Domain": "NT AUTHORITY",
    "AccountName": "SYSTEM",
    "UserID": "S-1-5-18",
    "AccountType": "User",
    "Flags": "33152",
    "TCP": "0",
    "InterfaceIP": "192.168.1.36",
    "Destination": "192.168.1.7",
    "AA": "0",
    "AD": "0",
    "QNAME": "www.google.com.",
    "QTYPE": "1",
    "XID": "36809",
    "DNSSEC": "0",
    "RCODE": "0",
    "Port": "50092",
    "Scope": "Default",
    "Zone": "..Cache",
    "PolicyName": "NULL",
    "BufferSize": "48",
    "PacketData": "0x8FC9818000010001000000000377777706676F6F676C6503636F6D0000010001C00C000100010000012C00048EFABE04",
    "AdditionalInfo": "VirtualizationInstance:.",
    "ElapsedTime": "37",
    "GUID": "{EDDEF943-AF67-4E7D-BEE9-0C0EB94926C2}",
    "EventReceivedTime": "2021-09-16T20:11:37.556174-07:00",
    "SourceModuleName": "dnsserver",
    "SourceModuleType": "im_etw",
    "HostIP": "192.168.1.36"
  },
  {
    "SourceName": "Microsoft-Windows-DNSServer",
    "ProviderGuid": "{EB79061A-A566-4698-9119-3ED2807060E7}",
    "EventID": 256,
    "Version": 0,
    "ChannelID": 16,
    "OpcodeValue": 0,
    "TaskValue": 1,
    "Keywords": "9223372036854775809",
    "EventTime": "2021-09-16T20:11:36.996248-07:00",
    "ExecutionProcessID": 2080,
    "ExecutionThreadID": 2940,
    "EventType": "INFO",
    "SeverityValue": 2,
    "Severity": "INFO",
    "Hostname": "WIN-93NOI1UVL29",
    "Domain": "NT AUTHORITY",
    "AccountName": "SYSTEM",
    "UserID": "S-1-5-18",
    "AccountType": "User",
    "Flags": "256",
    "TCP": "0",
    "InterfaceIP": "192.168.1.36",
    "Source": "192.168.1.7",
    "RD": "1",
    "QNAME": "google.com.",
    "QTYPE": "1",
    "XID": "44232",
    "Port": "38485",
    "BufferSize": "28",
    "PacketData": "0xACC80100000100000000000006676F6F676C6503636F6D0000010001",
    "AdditionalInfo": ".",
    "GUID": "{3A78425D-9482-4AA8-AD63-D11E14450858}",
    "EventReceivedTime": "2021-09-16T20:11:37.556174-07:00",
    "SourceModuleName": "dnsserver",
    "SourceModuleType": "im_etw",
    "HostIP": "192.168.1.36"
  },
  {
    "SourceName": "Microsoft-Windows-DNSServer",
    "ProviderGuid": "{EB79061A-A566-4698-9119-3ED2807060E7}",
    "EventID": 260,
    "Version": 0,
    "ChannelID": 16,
    "OpcodeValue": 0,
    "TaskValue": 2,
    "Keywords": "9223372036854775824",
    "EventTime": "2021-09-16T20:11:36.996461-07:00",
    "ExecutionProcessID": 2080,
    "ExecutionThreadID": 2940,
    "EventType": "INFO",
    "SeverityValue": 2,
    "Severity": "INFO",
    "Hostname": "WIN-93NOI1UVL29",
    "Domain": "NT AUTHORITY",
    "AccountName": "SYSTEM",
    "UserID": "S-1-5-18",
    "AccountType": "User",
    "Flags": "0",
    "TCP": "0",
    "Destination": "2001:4860:4802:32::a",
    "InterfaceIP": "::",
    "RD": "0",
    "QNAME": "google.com.",
    "QTYPE": "1",
    "QXID": "44232",
    "XID": "46336",
    "Port": "0",
    "RecursionScope": ".",
    "CacheScope": "Default",
    "PolicyName": "NULL",
    "BufferSize": "39",
    "PacketData": "0xB5000000000100000000000106676F6F676C6503636F6D00000100010000290FA0000080000000",
    "AdditionalInfo": ".",
    "GUID": "{3A78425D-9482-4AA8-AD63-D11E14450858}",
    "EventReceivedTime": "2021-09-16T20:11:37.556174-07:00",
    "SourceModuleName": "dnsserver",
    "SourceModuleType": "im_etw",
    "HostIP": "192.168.1.36"
  },
  {
    "SourceName": "Microsoft-Windows-DNSServer",
    "ProviderGuid": "{EB79061A-A566-4698-9119-3ED2807060E7}",
    "EventID": 261,
    "Version": 0,
    "ChannelID": 16,
    "OpcodeValue": 0,
    "TaskValue": 2,
    "Keywords": "9223372036854775840",
    "EventTime": "2021-09-16T20:11:37.000832-07:00",
    "ExecutionProcessID": 2080,
    "ExecutionThreadID": 2940,
    "EventType": "INFO",
    "SeverityValue": 2,
    "Severity": "INFO",
    "Hostname": "WIN-93NOI1UVL29",
    "Domain": "NT AUTHORITY",
    "AccountName": "SYSTEM",
    "UserID": "S-1-5-18",
    "AccountType": "User",
    "Flags": "32768",
    "TCP": "0",
    "Source": "192.31.80.30",
    "InterfaceIP": "0.0.0.0",
    "AA": "0",
    "AD": "0",
    "QNAME": "detectportal.prod.mozaws.NET.",
    "QTYPE": "1",
    "XID": "23957",
    "RecursionDepth": "3",
    "Port": "0",
    "RecursionScope": ".",
    "CacheScope": "Default",
    "BufferSize": "759",
    "PacketData": "0x5D95800000010000000800020C646574656374706F7274616C0470726F64066D6F7A617773034E45540000010001C01E000200010002A3000016066E732D31373809617773646E732D323203636F6D00C01E000200010002A3000013066E732D38363509617773646E732D3434C025C01E000200010002A3000017076E732D3130383409617773646E732D3037036F726700C01E000200010002A3000019076E732D3139393509617773646E732D353702636F02756B0020413152543938425335514743394E4649353153394843493437554C4A47364A48C025003200010001518000230101000000145077EF3DF3A33A2D14993A1E874E1344D743C90B000722000000000290C0B7002E00010001518000B700320802000151806149717C61402694FF62036E657400B6321648DFB0D93CE5875A4612080D3092669F8C1B7E7BA200F78095D14E072097269DDAB573C06E9DE1D637095BD0561D096122F515E3A42C71E1C545889FC3BA4016371DAC852CC727732B22E34129A97E424D82E9531B20698A87B307DCC9FC6FF6E3E3DA999E66D048E1E7B01688586CCBCA11D3604AD67C06119723641FAAEE7F8F982A0D36D6B39CC34CA9005DAB99EAF51A2B4D183DCC4C9C234EAA9720313835304946354E544F3438374B524832364E55494F444B4437514B37524752C025003200010001518000220101000000140A0A7783B02375ADC08EA0D89EEE228CE8203FCE0006200000000012C1CA002E00010001518000B70032080200015180614C14466142C95EFF62036E6574000375F3B38463F0A024EFE1B158251B69424DB8E5150D7CA47FD76F4AFFE98EB74EC04EAD12A2E7F7C1DAD13907ABBEBF5AF0F19F93AFA2E77A3DE6499B6888FBA586C93960C354047160A51196E8AC391075E7550076A7A2B6AA522B4BDFDEAAAA4AF19C11CA26737F05521F24176322EA14E3D8FEC0F2703F233BAE0798B4E32BC998316B98F21E3291E3D9119891DA4E46AEC80DFB485601A2848699ED6152C05C000100010002A3000004CDFBC3610000291000000080000000",
    "AdditionalInfo": ".",
    "GUID": "{D61F2043-1C2D-4B3E-94A4-EAF81616484A}",
    "EventReceivedTime": "2021-09-16T20:11:37.556174-07:00",
    "SourceModuleName": "dnsserver",
    "SourceModuleType": "im_etw",
    "HostIP": "192.168.1.36"
  },
  {
    "SourceName": "Microsoft-Windows-DNSServer",
    "ProviderGuid": "{EB79061A-A566-4698-9119-3ED2807060E7}",
    "EventID": 260,
    "Version": 0,
    "ChannelID": 16,
    "OpcodeValue": 0,
    "TaskValue": 2,
    "Keywords": "9223372036854775824",
    "EventTime": "2021-09-16T20:11:37.001243-07:00",
    "ExecutionProcessID": 2080,
    "ExecutionThreadID": 2940,
    "EventType": "INFO",
    "SeverityValue": 2,
    "Severity": "INFO",
    "Hostname": "WIN-93NOI1UVL29",
    "Domain": "NT AUTHORITY",
    "AccountName": "SYSTEM",
    "UserID": "S-1-5-18",
    "AccountType": "User",
    "Flags": "0",
    "TCP": "0",
    "Destination": "205.251.195.97",
    "InterfaceIP": "0.0.0.0",
    "RD": "0",
    "QNAME": "detectportal.prod.mozaws.NET.",
    "QTYPE": "1",
    "QXID": "53380",
    "XID": "5865",
    "Port": "0",
    "RecursionScope": ".",
    "CacheScope": "Default",
    "PolicyName": "NULL",
    "BufferSize": "46",
    "PacketData": "0x16E9000000010000000000000C646574656374706F7274616C0470726F64066D6F7A617773034E45540000010001",
    "AdditionalInfo": ".",
    "GUID": "{D61F2043-1C2D-4B3E-94A4-EAF81616484A}",
    "EventReceivedTime": "2021-09-16T20:11:37.556174-07:00",
    "SourceModuleName": "dnsserver",
    "SourceModuleType": "im_etw",
    "HostIP": "192.168.1.36"
  },
  {
    "SourceName": "Microsoft-Windows-DNSServer",
    "ProviderGuid": "{EB79061A-A566-4698-9119-3ED2807060E7}",
    "EventID": 261,
    "Version": 0,
    "ChannelID": 16,
    "OpcodeValue": 0,
    "TaskValue": 2,
    "Keywords": "9223372036854775840",
    "EventTime": "2021-09-16T20:11:37.020548-07:00",
    "ExecutionProcessID": 2080,
    "ExecutionThreadID": 2940,
    "EventType": "INFO",
    "SeverityValue": 2,
    "Severity": "INFO",
    "Hostname": "WIN-93NOI1UVL29",
    "Domain": "NT AUTHORITY",
    "AccountName": "SYSTEM",
    "UserID": "S-1-5-18",
    "AccountType": "User",
    "Flags": "32800",
    "TCP": "0",
    "Source": "205.251.195.97",
    "InterfaceIP": "0.0.0.0",
    "AA": "0",
    "AD": "1",
    "QNAME": "detectportal.prod.mozaws.NET.",
    "QTYPE": "28",
    "XID": "57310",
    "RecursionDepth": "4",
    "Port": "0",
    "RecursionScope": ".",
    "CacheScope": "Default",
    "BufferSize": "194",
    "PacketData": "0xDFDE802000010000000400010C646574656374706F7274616C0470726F64066D6F7A617773034E455400001C0001C0190002000100000E100017076E732D3132363009617773646E732D3239036F726700C0190002000100000E100019076E732D3139383609617773646E732D353602636F02756B00C0190002000100000E100016066E732D33373709617773646E732D343703636F6D00C0190002000100000E100013066E732D36313409617773646E732D3132C0250000291000000080000000",
    "AdditionalInfo": ".",
    "GUID": "{77E5BC84-6F69-4896-9B42-8F71AAD8C038}",
    "EventReceivedTime": "2021-09-16T20:11:37.556174-07:00",
    "SourceModuleName": "dnsserver",
    "SourceModuleType": "im_etw",
    "HostIP": "192.168.1.36"
  },
  {
    "SourceName": "Microsoft-Windows-DNSServer",
    "ProviderGuid": "{EB79061A-A566-4698-9119-3ED2807060E7}",
    "EventID": 260,
    "Version": 0,
    "ChannelID": 16,
    "OpcodeValue": 0,
    "TaskValue": 2,
    "Keywords": "9223372036854775824",
    "EventTime": "2021-09-16T20:11:37.022990-07:00",
    "ExecutionProcessID": 2080,
    "ExecutionThreadID": 2940,
    "EventType": "INFO",
    "SeverityValue": 2,
    "Severity": "INFO",
    "Hostname": "WIN-93NOI1UVL29",
    "Domain": "NT AUTHORITY",
    "AccountName": "SYSTEM",
    "UserID": "S-1-5-18",
    "AccountType": "User",
    "Flags": "0",
    "TCP": "0",
    "Destination": "199.249.112.1",
    "InterfaceIP": "0.0.0.0",
    "RD": "0",
    "QNAME": "ns-1260.awsdns-29.org.",
    "QTYPE": "1",
    "QXID": "1",
    "XID": "31030",
    "Port": "0",
    "RecursionScope": ".",
    "CacheScope": "Default",
    "PolicyName": "NULL",
    "BufferSize": "50",
    "PacketData": "0x793600000001000000000001076E732D3132363009617773646E732D3239036F726700000100010000290FA0000080000000",
    "AdditionalInfo": ".",
    "GUID": "{00000000-0000-0000-0000-000000000000}",
    "EventReceivedTime": "2021-09-16T20:11:37.556174-07:00",
    "SourceModuleName": "dnsserver",
    "SourceModuleType": "im_etw",
    "HostIP": "192.168.1.36"
  },
  {
    "SourceName": "Microsoft-Windows-DNSServer",
    "ProviderGuid": "{EB79061A-A566-4698-9119-3ED2807060E7}",
    "EventID": 261,
    "Version": 0,
    "ChannelID": 16,
    "OpcodeValue": 0,
    "TaskValue": 2,
    "Keywords": "9223372036854775840",
    "EventTime": "2021-09-16T20:11:37.037121-07:00",
    "ExecutionProcessID": 2080,
    "ExecutionThreadID": 2940,
    "EventType": "INFO",
    "SeverityValue": 2,
    "Severity": "INFO",
    "Hostname": "WIN-93NOI1UVL29",
    "Domain": "NT AUTHORITY",
    "AccountName": "SYSTEM",
    "UserID": "S-1-5-18",
    "AccountType": "User",
    "Flags": "33792",
    "TCP": "0",
    "Source": "2001:4860:4802:32::a",
    "InterfaceIP": "::",
    "AA": "1",
    "AD": "0",
    "QNAME": "google.com.",
    "QTYPE": "1",
    "XID": "46336",
    "RecursionDepth": "1",
    "Port": "0",
    "RecursionScope": ".",
    "CacheScope": "Default",
    "BufferSize": "55",
    "PacketData": "0xB5008400000100010000000106676F6F676C6503636F6D0000010001C00C000100010000012C0004ACD9050E0000290200000080000000",
    "AdditionalInfo": ".",
    "GUID": "{3A78425D-9482-4AA8-AD63-D11E14450858}",
    "EventReceivedTime": "2021-09-16T20:11:37.556174-07:00",
    "SourceModuleName": "dnsserver",
    "SourceModuleType": "im_etw",
    "HostIP": "192.168.1.36"
  },
