  {
    "SourceName": "Microsoft-Windows-DNSServer",
    "ProviderGuid": "{EB79061A-A566-4698-9119-3ED2807060E7}",
    "EventID": 261,
    "Version": 0,
    "ChannelID": 16,
    "OpcodeValue": 0,
    "TaskValue": 2,
    "Keywords": "9223372036854775840",
    "EventTime": "2021-09-16T20:11:39.889065-07:00",
    "ExecutionProcessID": 2080,
    "ExecutionThreadID": 2940,
    "EventType": "INFO",
    "SeverityValue": 2,
    "Severity": "INFO",
    "Hostname": "WIN-93NOI1UVL29",
    "Domain": "NT AUTHORITY",
    "AccountName": "SYSTEM",
    "UserID": "S-1-5-18",
    "AccountType": "User",
    "Flags": "33792",
    "TCP": "0",
    "Source": "2603:1061::2",
    "InterfaceIP": "::",
    "AA": "1",
    "AD": "0",
    "QNAME": "wd-prod-cp-us-west-2-fe.westus.cloudapp.azure.com.",
    "QTYPE": "1",
    "XID": "50302",
    "RecursionDepth": "2",
    "Port": "0",
    "RecursionScope": ".",
    "CacheScope": "Default",
    "BufferSize": "94",
    "PacketData": "0xC47E840000010001000000011777642D70726F642D63702D75732D776573742D322D66650677657374757308636C6F756461707005617A75726503636F6D0000010001C00C000100010000000A00040D5B818000002904D0000080000000",
    "AdditionalInfo": ".",
    "GUID": "{796A79CA-659F-4B98-A420-572624FF68F9}",
    "EventReceivedTime": "2021-09-16T20:11:40.321822-07:00",
    "SourceModuleName": "dnsserver",
    "SourceModuleType": "im_etw",
    "HostIP": "192.168.1.36"
  },
  {
    "SourceName": "Microsoft-Windows-DNSServer",
    "ProviderGuid": "{EB79061A-A566-4698-9119-3ED2807060E7}",
    "EventID": 257,
    "Version": 0,
    "ChannelID": 16,
    "OpcodeValue": 0,
    "TaskValue": 1,
    "Keywords": "9223372036854775810",
    "EventTime": "2021-09-16T20:11:39.889106-07:00",
    "ExecutionProcessID": 2080,
    "ExecutionThreadID": 2940,
    "EventType": "INFO",
    "SeverityValue": 2,
    "Severity": "INFO",
    "Hostname": "WIN-93NOI1UVL29",
    "Domain": "NT AUTHORITY",
    "AccountName": "SYSTEM",
    "UserID": "S-1-5-18",
    "AccountType": "User",
    "Flags": "33152",
    "TCP": "0",
    "InterfaceIP": "2601:442:4400:82a:b8a3:7b53:d4bf:98bf",
    "Destination": "2601:442:4400:82a:b8a3:7b53:d4bf:98bf",
    "AA": "0",
    "AD": "0",
    "QNAME": "wdcp.microsoft.com.",
    "QTYPE": "1",
    "XID": "39648",
    "DNSSEC": "0",
    "RCODE": "0",
    "Port": "50813",
    "Scope": "Default",
    "Zone": "..Cache",
    "PolicyName": "NULL",
    "BufferSize": "155",
    "PacketData": "0x9AE0818000010003000000000477646370096D6963726F736F667403636F6D0000010001C00C00050001000008E8001F0A77642D70726F642D63700E747261666669636D616E61676572036E657400C030000500010000012C00301777642D70726F642D63702D75732D776573742D322D66650677657374757308636C6F756461707005617A757265C01BC05B000100010000000A00040D5B8180",
    "AdditionalInfo": "VirtualizationInstance:.",
    "ElapsedTime": "51",
    "GUID": "{796A79CA-659F-4B98-A420-572624FF68F9}",
    "EventReceivedTime": "2021-09-16T20:11:40.321822-07:00",
    "SourceModuleName": "dnsserver",
    "SourceModuleType": "im_etw",
    "HostIP": "192.168.1.36"
  },
  {
    "SourceName": "Microsoft-Windows-DNSServer",
    "ProviderGuid": "{EB79061A-A566-4698-9119-3ED2807060E7}",
    "EventID": 256,
    "Version": 0,
    "ChannelID": 16,
    "OpcodeValue": 0,
    "TaskValue": 1,
    "Keywords": "9223372036854775809",
    "EventTime": "2021-09-16T20:11:46.383695-07:00",
    "ExecutionProcessID": 2080,
    "ExecutionThreadID": 2940,
    "EventType": "INFO",
    "SeverityValue": 2,
    "Severity": "INFO",
    "Hostname": "WIN-93NOI1UVL29",
    "Domain": "NT AUTHORITY",
    "AccountName": "SYSTEM",
    "UserID": "S-1-5-18",
    "AccountType": "User",
    "Flags": "256",
    "TCP": "0",
    "InterfaceIP": "192.168.1.36",
    "Source": "192.168.1.7",
    "RD": "1",
    "QNAME": "mozilla.cloudflare-dns.com.",
    "QTYPE": "1",
    "XID": "53209",
    "Port": "51381",
    "BufferSize": "44",
    "PacketData": "0xCFD901000001000000000000076D6F7A696C6C610E636C6F7564666C6172652D646E7303636F6D0000010001",
    "AdditionalInfo": ".",
    "GUID": "{3E35430A-D604-497A-8D9E-662F0C64466C}",
    "EventReceivedTime": "2021-09-16T20:11:47.370726-07:00",
    "SourceModuleName": "dnsserver",
    "SourceModuleType": "im_etw",
    "HostIP": "192.168.1.36"
  },
  {
    "SourceName": "Microsoft-Windows-DNSServer",
    "ProviderGuid": "{EB79061A-A566-4698-9119-3ED2807060E7}",
    "EventID": 257,
    "Version": 0,
    "ChannelID": 16,
    "OpcodeValue": 0,
    "TaskValue": 1,
    "Keywords": "9223372036854775810",
    "EventTime": "2021-09-16T20:11:46.383880-07:00",
    "ExecutionProcessID": 2080,
    "ExecutionThreadID": 2940,
    "EventType": "INFO",
    "SeverityValue": 2,
    "Severity": "INFO",
    "Hostname": "WIN-93NOI1UVL29",
    "Domain": "NT AUTHORITY",
    "AccountName": "SYSTEM",
    "UserID": "S-1-5-18",
    "AccountType": "User",
    "Flags": "33152",
    "TCP": "0",
    "InterfaceIP": "192.168.1.36",
    "Destination": "192.168.1.7",
    "AA": "0",
    "AD": "0",
    "QNAME": "mozilla.cloudflare-dns.com.",
    "QTYPE": "1",
    "XID": "53209",
    "DNSSEC": "0",
    "RCODE": "0",
    "Port": "51381",
    "Scope": "Default",
    "Zone": "..Cache",
    "PolicyName": "NULL",
    "BufferSize": "76",
    "PacketData": "0xCFD981800001000200000000076D6F7A696C6C610E636C6F7564666C6172652D646E7303636F6D0000010001C00C00010001000000ED00046810F8F9C00C00010001000000ED00046810F9F9",
    "AdditionalInfo": "VirtualizationInstance:.",
    "ElapsedTime": "0",
    "GUID": "{3E35430A-D604-497A-8D9E-662F0C64466C}",
    "EventReceivedTime": "2021-09-16T20:11:47.370726-07:00",
    "SourceModuleName": "dnsserver",
    "SourceModuleType": "im_etw",
    "HostIP": "192.168.1.36"
  },
  {
    "SourceName": "Microsoft-Windows-DNSServer",
    "ProviderGuid": "{EB79061A-A566-4698-9119-3ED2807060E7}",
    "EventID": 256,
    "Version": 0,
    "ChannelID": 16,
    "OpcodeValue": 0,
    "TaskValue": 1,
    "Keywords": "9223372036854775809",
    "EventTime": "2021-09-16T20:11:46.384319-07:00",
    "ExecutionProcessID": 2080,
    "ExecutionThreadID": 2940,
    "EventType": "INFO",
    "SeverityValue": 2,
    "Severity": "INFO",
    "Hostname": "WIN-93NOI1UVL29",
    "Domain": "NT AUTHORITY",
    "AccountName": "SYSTEM",
    "UserID": "S-1-5-18",
    "AccountType": "User",
    "Flags": "256",
    "TCP": "0",
    "InterfaceIP": "192.168.1.36",
    "Source": "192.168.1.7",
    "RD": "1",
    "QNAME": "mozilla.cloudflare-dns.com.",
    "QTYPE": "28",
    "XID": "60371",
    "Port": "51381",
    "BufferSize": "44",
    "PacketData": "0xEBD301000001000000000000076D6F7A696C6C610E636C6F7564666C6172652D646E7303636F6D00001C0001",
    "AdditionalInfo": ".",
    "GUID": "{28851F51-2741-46AB-8E8F-48BA86F3B19E}",
    "EventReceivedTime": "2021-09-16T20:11:47.370726-07:00",
    "SourceModuleName": "dnsserver",
    "SourceModuleType": "im_etw",
    "HostIP": "192.168.1.36"
  },
  {
    "SourceName": "Microsoft-Windows-DNSServer",
    "ProviderGuid": "{EB79061A-A566-4698-9119-3ED2807060E7}",
    "EventID": 257,
    "Version": 0,
    "ChannelID": 16,
    "OpcodeValue": 0,
    "TaskValue": 1,
    "Keywords": "9223372036854775810",
    "EventTime": "2021-09-16T20:11:46.384407-07:00",
    "ExecutionProcessID": 2080,
    "ExecutionThreadID": 2940,
    "EventType": "INFO",
    "SeverityValue": 2,
    "Severity": "INFO",
    "Hostname": "WIN-93NOI1UVL29",
    "Domain": "NT AUTHORITY",
    "AccountName": "SYSTEM",
    "UserID": "S-1-5-18",
    "AccountType": "User",
    "Flags": "33152",
    "TCP": "0",
    "InterfaceIP": "192.168.1.36",
    "Destination": "192.168.1.7",
    "AA": "0",
    "AD": "0",
    "QNAME": "mozilla.cloudflare-dns.com.",
    "QTYPE": "28",
    "XID": "60371",
    "DNSSEC": "0",
    "RCODE": "0",
    "Port": "51381",
    "Scope": "Default",
    "Zone": "..Cache",
    "PolicyName": "NULL",
    "BufferSize": "100",
    "PacketData": "0xEBD381800001000200000000076D6F7A696C6C610E636C6F7564666C6172652D646E7303636F6D00001C0001C00C001C0001000000ED00102606470000000000000000006810F9F9C00C001C0001000000ED00102606470000000000000000006810F8F9",
    "AdditionalInfo": "VirtualizationInstance:.",
    "ElapsedTime": "0",
    "GUID": "{28851F51-2741-46AB-8E8F-48BA86F3B19E}",
    "EventReceivedTime": "2021-09-16T20:11:47.370726-07:00",
    "SourceModuleName": "dnsserver",
    "SourceModuleType": "im_etw",
    "HostIP": "192.168.1.36"
  },
  {
    "SourceName": "Microsoft-Windows-DNSServer",
    "ProviderGuid": "{EB79061A-A566-4698-9119-3ED2807060E7}",
    "EventID": 256,
    "Version": 0,
    "ChannelID": 16,
    "OpcodeValue": 0,
    "TaskValue": 1,
    "Keywords": "9223372036854775809",
    "EventTime": "2021-09-16T20:12:18.083642-07:00",
    "ExecutionProcessID": 2080,
    "ExecutionThreadID": 2940,
    "EventType": "INFO",
    "SeverityValue": 2,
    "Severity": "INFO",
    "Hostname": "WIN-93NOI1UVL29",
    "Domain": "NT AUTHORITY",
    "AccountName": "SYSTEM",
    "UserID": "S-1-5-18",
    "AccountType": "User",
    "Flags": "256",
    "TCP": "0",
    "InterfaceIP": "192.168.1.36",
    "Source": "192.168.1.7",
    "RD": "1",
    "QNAME": "www.pool.ntp.org.",
    "QTYPE": "1",
    "XID": "13277",
    "Port": "49298",
    "BufferSize": "34",
    "PacketData": "0x33DD010000010000000000000377777704706F6F6C036E7470036F72670000010001",
    "AdditionalInfo": ".",
    "GUID": "{1C4256F8-E302-45DB-9B36-CBA3AF2DF5D1}",
    "EventReceivedTime": "2021-09-16T20:12:19.078419-07:00",
    "SourceModuleName": "dnsserver",
    "SourceModuleType": "im_etw",
    "HostIP": "192.168.1.36"
  },
  {
    "SourceName": "Microsoft-Windows-DNSServer",
    "ProviderGuid": "{EB79061A-A566-4698-9119-3ED2807060E7}",
    "EventID": 260,
    "Version": 0,
    "ChannelID": 16,
    "OpcodeValue": 0,
    "TaskValue": 2,
    "Keywords": "9223372036854775824",
    "EventTime": "2021-09-16T20:12:18.083836-07:00",
    "ExecutionProcessID": 2080,
    "ExecutionThreadID": 2940,
    "EventType": "INFO",
    "SeverityValue": 2,
    "Severity": "INFO",
    "Hostname": "WIN-93NOI1UVL29",
    "Domain": "NT AUTHORITY",
    "AccountName": "SYSTEM",
    "UserID": "S-1-5-18",
    "AccountType": "User",
    "Flags": "0",
    "TCP": "0",
    "Destination": "199.19.54.1",
    "InterfaceIP": "0.0.0.0",
    "RD": "0",
    "QNAME": "www.pool.ntp.org.",
    "QTYPE": "1",
    "QXID": "13277",
    "XID": "3421",
    "Port": "0",
    "RecursionScope": ".",
    "CacheScope": "Default",
    "PolicyName": "NULL",
    "BufferSize": "45",
    "PacketData": "0x0D5D000000010000000000010377777704706F6F6C036E7470036F726700000100010000290FA0000080000000",
    "AdditionalInfo": ".",
    "GUID": "{1C4256F8-E302-45DB-9B36-CBA3AF2DF5D1}",
    "EventReceivedTime": "2021-09-16T20:12:19.078419-07:00",
    "SourceModuleName": "dnsserver",
    "SourceModuleType": "im_etw",
    "HostIP": "192.168.1.36"
  },
  {
    "SourceName": "Microsoft-Windows-DNSServer",
    "ProviderGuid": "{EB79061A-A566-4698-9119-3ED2807060E7}",
    "EventID": 261,
    "Version": 0,
    "ChannelID": 16,
    "OpcodeValue": 0,
    "TaskValue": 2,
    "Keywords": "9223372036854775840",
    "EventTime": "2021-09-16T20:12:18.147109-07:00",
    "ExecutionProcessID": 2080,
    "ExecutionThreadID": 2940,
    "EventType": "INFO",
    "SeverityValue": 2,
    "Severity": "INFO",
    "Hostname": "WIN-93NOI1UVL29",
    "Domain": "NT AUTHORITY",
    "AccountName": "SYSTEM",
    "UserID": "S-1-5-18",
    "AccountType": "User",
    "Flags": "32768",
    "TCP": "0",
    "Source": "199.19.54.1",
    "InterfaceIP": "0.0.0.0",
    "AA": "0",
    "AD": "0",
    "QNAME": "www.pool.ntp.org.",
    "QTYPE": "1",
    "XID": "3421",
    "RecursionDepth": "1",
    "Port": "0",
    "RecursionScope": ".",
    "CacheScope": "Default",
    "BufferSize": "744",
    "PacketData": "0x0D5D800000010000000C00020377777704706F6F6C036E7470036F72670000010001C01500020001000151800014036E7333037032300664796E656374036E657400C0150002000100015180000F04646E7332047564656C0365647500C0150002000100015180000C05616E796E7303706368C03DC01500020001000151800006036E7331C032C01500020001000151800006036E7334C032C0150002000100015180000704646E7331C053C01500020001000151800006036E7332C032C0150002000100015180000E036E73310765766572657474C019203169383730766A3568343239766A39706369376172366539676B693734747237C0190032000100015180002B0101000A08332539EE7F95C32A140C907D989054FC4C24368D17E3C92EA2F87A23DD000722000000000290C0D8002E00010001518000970032080200015180615FB6E86143F9589B01036F726700841D156F0689C9A3DCB853C0C8F355DBF28D988578F5505781CC669DC9ECFB20D741FB3B43B0E0A1127FC316CC9CCA0882061718DFCE7440D60CF533BCAB33FCCD1DB661D3F340A642DB60FFB404E5527ADAD0F49C0E3B7856E739ABEC114BF7652D8FD50420F6E01B479C144E7B151F1DE0099038E32506C5011CA4E998239B206C67616E7137736232616D353037346B6264643233746D68713862696232726BC14E0032000100015180002A0101000A08332539EE7F95C32A14AC15DD9CAFD96830D5B46A8843CE2E8994F57D570006200000000012C1D3002E00010001518000970032080200015180615C6B1F6140AD8F9B01036F72670018813A20F863489EB37EE399DE01686450DC37824DAC69EFB6469CA1C90C4A4A459874788BB576818C95124C88648F3BA2669DCB6EA71DB8416E9AC7870D016A01206238977E0A8436D8A36B3E9129E62129DA4F3F8738B6A89F4B6002EE6F285E7F35F6427FE3E67B49C5F4C039F2244BB4DDE4BC84342B7423FDBD63F02735C0CA0001000100015180000442DC0DE500002904D0000080000000",
    "AdditionalInfo": ".",
    "GUID": "{1C4256F8-E302-45DB-9B36-CBA3AF2DF5D1}",
    "EventReceivedTime": "2021-09-16T20:12:19.078419-07:00",
    "SourceModuleName": "dnsserver",
    "SourceModuleType": "im_etw",
    "HostIP": "192.168.1.36"
  },
  {
    "SourceName": "Microsoft-Windows-DNSServer",
    "ProviderGuid": "{EB79061A-A566-4698-9119-3ED2807060E7}",
    "EventID": 260,
    "Version": 0,
    "ChannelID": 16,
    "OpcodeValue": 0,
    "TaskValue": 2,
    "Keywords": "9223372036854775824",
    "EventTime": "2021-09-16T20:12:18.148371-07:00",
    "ExecutionProcessID": 2080,
    "ExecutionThreadID": 2940,
    "EventType": "INFO",
    "SeverityValue": 2,
    "Severity": "INFO",
    "Hostname": "WIN-93NOI1UVL29",
    "Domain": "NT AUTHORITY",
    "AccountName": "SYSTEM",
    "UserID": "S-1-5-18",
    "AccountType": "User",
    "Flags": "0",
    "TCP": "0",
    "Destination": "66.220.13.229",
    "InterfaceIP": "0.0.0.0",
    "RD": "0",
    "QNAME": "www.pool.ntp.org.",
    "QTYPE": "1",
    "QXID": "13277",
    "XID": "13646",
    "Port": "0",
    "RecursionScope": ".",
    "CacheScope": "Default",
    "PolicyName": "NULL",
    "BufferSize": "45",
    "PacketData": "0x354E000000010000000000010377777704706F6F6C036E7470036F726700000100010000290FA0000080000000",
    "AdditionalInfo": ".",
    "GUID": "{1C4256F8-E302-45DB-9B36-CBA3AF2DF5D1}",
    "EventReceivedTime": "2021-09-16T20:12:19.078419-07:00",
    "SourceModuleName": "dnsserver",
    "SourceModuleType": "im_etw",
    "HostIP": "192.168.1.36"
  },
  {
    "SourceName": "Microsoft-Windows-DNSServer",
    "ProviderGuid": "{EB79061A-A566-4698-9119-3ED2807060E7}",
    "EventID": 261,
    "Version": 0,
    "ChannelID": 16,
    "OpcodeValue": 0,
    "TaskValue": 2,
    "Keywords": "9223372036854775840",
    "EventTime": "2021-09-16T20:12:18.210105-07:00",
    "ExecutionProcessID": 2080,
    "ExecutionThreadID": 2940,
    "EventType": "INFO",
    "SeverityValue": 2,
    "Severity": "INFO",
    "Hostname": "WIN-93NOI1UVL29",
    "Domain": "NT AUTHORITY",
    "AccountName": "SYSTEM",
    "UserID": "S-1-5-18",
    "AccountType": "User",
    "Flags": "32768",
    "TCP": "0",
    "Source": "66.220.13.229",
    "InterfaceIP": "0.0.0.0",
    "AA": "0",
    "AD": "0",
    "QNAME": "www.pool.ntp.org.",
    "QTYPE": "1",
    "XID": "13646",
    "RecursionDepth": "2",
    "Port": "0",
    "RecursionScope": ".",
    "CacheScope": "Default",
    "BufferSize": "195",
    "PacketData": "0x354E800000010000000900010377777704706F6F6C036E7470036F72670000010001C0100002000100093A80000A0166056E74706E73C019C0100002000100093A8000040165C030C0100002000100093A8000040163C030C0100002000100093A8000040164C030C0100002000100093A8000040162C030C0100002000100093A8000040169C030C0100002000100093A8000040167C030C0100002000100093A8000040161C030C0100002000100093A8000040168C0300000291000000080000000",
    "AdditionalInfo": ".",
    "GUID": "{1C4256F8-E302-45DB-9B36-CBA3AF2DF5D1}",
    "EventReceivedTime": "2021-09-16T20:12:19.078419-07:00",
    "SourceModuleName": "dnsserver",
    "SourceModuleType": "im_etw",
    "HostIP": "192.168.1.36"
  },
  {
    "SourceName": "Microsoft-Windows-DNSServer",
    "ProviderGuid": "{EB79061A-A566-4698-9119-3ED2807060E7}",
    "EventID": 260,
    "Version": 0,
    "ChannelID": 16,
    "OpcodeValue": 0,
    "TaskValue": 2,
    "Keywords": "9223372036854775824",
    "EventTime": "2021-09-16T20:12:18.211314-07:00",
    "ExecutionProcessID": 2080,
    "ExecutionThreadID": 2940,
    "EventType": "INFO",
    "SeverityValue": 2,
    "Severity": "INFO",
    "Hostname": "WIN-93NOI1UVL29",
    "Domain": "NT AUTHORITY",
    "AccountName": "SYSTEM",
    "UserID": "S-1-5-18",
    "AccountType": "User",
    "Flags": "0",
    "TCP": "0",
    "Destination": "2001:500:48::1",
    "InterfaceIP": "::",
    "RD": "0",
    "QNAME": "f.ntpns.org.",
    "QTYPE": "1",
    "QXID": "1",
    "XID": "36556",
    "Port": "0",
    "RecursionScope": ".",
    "CacheScope": "Default",
    "PolicyName": "NULL",
    "BufferSize": "40",
    "PacketData": "0x8ECC000000010000000000010166056E74706E73036F726700000100010000290FA0000080000000",
    "AdditionalInfo": ".",
    "GUID": "{00000000-0000-0000-0000-000000000000}",
    "EventReceivedTime": "2021-09-16T20:12:19.094207-07:00",
    "SourceModuleName": "dnsserver",
    "SourceModuleType": "im_etw",
    "HostIP": "192.168.1.36"
  },
  {
    "SourceName": "Microsoft-Windows-DNSServer",
    "ProviderGuid": "{EB79061A-A566-4698-9119-3ED2807060E7}",
    "EventID": 261,
    "Version": 0,
    "ChannelID": 16,
    "OpcodeValue": 0,
    "TaskValue": 2,
    "Keywords": "9223372036854775840",
    "EventTime": "2021-09-16T20:12:18.249127-07:00",
    "ExecutionProcessID": 2080,
    "ExecutionThreadID": 2940,
    "EventType": "INFO",
    "SeverityValue": 2,
    "Severity": "INFO",
    "Hostname": "WIN-93NOI1UVL29",
    "Domain": "NT AUTHORITY",
    "AccountName": "SYSTEM",
    "UserID": "S-1-5-18",
    "AccountType": "User",
    "Flags": "32768",
    "TCP": "0",
    "Source": "2001:500:48::1",
    "InterfaceIP": "::",
    "AA": "0",
    "AD": "0",
    "QNAME": "f.ntpns.org.",
    "QTYPE": "1",
    "XID": "36556",
    "RecursionDepth": "1",
    "Port": "0",
    "RecursionScope": ".",
    "CacheScope": "Default",
    "BufferSize": "682",
    "PacketData": "0x8ECC800000010000000A00010166056E74706E73036F72670000010001C00E00020001000151800015036E7331026575086269746E616D657303636F6D00C01D00020001000151800009036E7331027573C030C01D00020001000151800009036E7332026575C030C01D00020001000151800009036E7332027573C030C01D00020001000151800006036E7333C078C01D0002000100015180000F05616E796E7303706368036E657400203169383730766A3568343239766A39706369376172366539676B693734747237C0140032000100015180002B0101000A08332539EE7F95C32A140C907D989054FC4C24368D17E3C92EA2F87A23DD000722000000000290203368316574716B336974666D63756263717467666D39716F737033306C343274C0140032000100015180002A0101000A08332539EE7F95C32A141C43482747F4F705A1DD4B8F111CC9A3B56EBB160006200000000012C0AA002E00010001518000970032080200015180615FB6E86143F9589B01036F726700841D156F0689C9A3DCB853C0C8F355DBF28D988578F5505781CC669DC9ECFB20D741FB3B43B0E0A1127FC316CC9CCA0882061718DFCE7440D60CF533BCAB33FCCD1DB661D3F340A642DB60FFB404E5527ADAD0F49C0E3B7856E739ABEC114BF7652D8FD50420F6E01B479C144E7B151F1DE0099038E32506C5011CA4E998239BC102002E00010001518000970032080200015180615C6B1F6140AD8F9B01036F72670039D019536F735B04CAEE015F8264104370F6579521056F87E7DD4D3AF3EDF00E7A991CF4457F6615B920DF3E9EC4698CE8141060AEFF9288BE0E1FD6E1447251BB97DF85FB2C68BC3EE2DD35D8E07047820E45123B2F29CE1AF83BDDA4A57E91D6383102C19167F91D0B580C9AAF02D684B081B1D9A9ECC6EBDA9C1C7EBF2D3300002904D0000080000000",
    "AdditionalInfo": ".",
    "GUID": "{00000000-0000-0000-0000-000000000000}",
    "EventReceivedTime": "2021-09-16T20:12:19.094207-07:00",
    "SourceModuleName": "dnsserver",
    "SourceModuleType": "im_etw",
    "HostIP": "192.168.1.36"
  },
  {
    "SourceName": "Microsoft-Windows-DNSServer",
    "ProviderGuid": "{EB79061A-A566-4698-9119-3ED2807060E7}",
    "EventID": 260,
    "Version": 0,
    "ChannelID": 16,
    "OpcodeValue": 0,
    "TaskValue": 2,
    "Keywords": "9223372036854775824",
    "EventTime": "2021-09-16T20:12:18.251708-07:00",
    "ExecutionProcessID": 2080,
    "ExecutionThreadID": 2940,
    "EventType": "INFO",
    "SeverityValue": 2,
    "Severity": "INFO",
    "Hostname": "WIN-93NOI1UVL29",
    "Domain": "NT AUTHORITY",
    "AccountName": "SYSTEM",
    "UserID": "S-1-5-18",
    "AccountType": "User",
    "Flags": "0",
    "TCP": "0",
    "Destination": "192.26.92.30",
    "InterfaceIP": "0.0.0.0",
    "RD": "0",
    "QNAME": "ns1.eu.bitnames.com.",
    "QTYPE": "1",
    "QXID": "1",
    "XID": "9567",
    "Port": "0",
    "RecursionScope": ".",
    "CacheScope": "Default",
    "PolicyName": "NULL",
    "BufferSize": "48",
    "PacketData": "0x255F00000001000000000001036E7331026575086269746E616D657303636F6D00000100010000290FA0000080000000",
    "AdditionalInfo": ".",
    "GUID": "{00000000-0000-0000-0000-000000000000}",
    "EventReceivedTime": "2021-09-16T20:12:19.094207-07:00",
    "SourceModuleName": "dnsserver",
    "SourceModuleType": "im_etw",
    "HostIP": "192.168.1.36"
  },
  {
    "SourceName": "Microsoft-Windows-DNSServer",
    "ProviderGuid": "{EB79061A-A566-4698-9119-3ED2807060E7}",
    "EventID": 261,
    "Version": 0,
    "ChannelID": 16,
    "OpcodeValue": 0,
    "TaskValue": 2,
    "Keywords": "9223372036854775840",
    "EventTime": "2021-09-16T20:12:18.287583-07:00",
    "ExecutionProcessID": 2080,
    "ExecutionThreadID": 2940,
    "EventType": "INFO",
    "SeverityValue": 2,
    "Severity": "INFO",
    "Hostname": "WIN-93NOI1UVL29",
    "Domain": "NT AUTHORITY",
    "AccountName": "SYSTEM",
    "UserID": "S-1-5-18",
    "AccountType": "User",
    "Flags": "32768",
    "TCP": "0",
    "Source": "192.26.92.30",
    "InterfaceIP": "0.0.0.0",
    "AA": "0",
    "AD": "0",
    "QNAME": "ns1.eu.bitnames.com.",
    "QTYPE": "1",
    "XID": "9567",
    "RecursionDepth": "1",
    "Port": "0",
    "RecursionScope": ".",
    "CacheScope": "Default",
    "BufferSize": "878",
    "PacketData": "0x255F8000000100000009000A036E7331026575086269746E616D657303636F6D0000010001C013000200010002A3000002C00CC013000200010002A3000009036E7331027573C013C013000200010002A3000006036E7332C043C013000200010002A3000006036E7333C043C013000200010002A3000006036E7332C01020434B30504F4A4D473837344C4A5245463745464E38343330515649543842534DC01C003200010001518000230101000000146501A0C25720EE156F6C4E39636B3ADA0312D92A000722000000000290C07E002E00010001518000B7003208020001518061495E696140138199AF03636F6D0073D49C969AD112E1F52C00137560047BE57A0C63D266917DED0C9A551F1942FF5A835C70F318B7C1EC6363C09CA90BC736EB8345EA6F090394D2675E2DD1E0CEC5ED70EADAD937CA6CC54F1A48BA6BE6ED4985DC52360CD72D6C33AB6A67D91A22530A0F796FA8CD809D5DFD4EDA95D33C8A5BF1A724B9CB9248BFE875C054CB318444F00A1E1D5AE0EB39B04D9810FF639A4962C6AEB971DC01E12935F5E65520563956344B4B344C44324350354D55304E323856444931515431525048333244C01C00320001000151800022010100000014FA7E503D5DAC8E672467B62EF732535B2260F6610006200000000012C191002E00010001518000B700320802000151806149A2D2614057EA99AF03636F6D0076FF51471A88DBE24E73095A950312E08228C95F3DAA85285030D32793A261F97AE1A146D7F00A88A2038E3168B4589551A43B26944014F57359DAC754C407795DAA1E577DDE0F596C483BA6111AE6988DE57F93E4335466276316F5BEBEB1CA82301B4E1D063A1720D9005EC75C6AA3ECD39A0EDAE0E6C0D1DB144B988ECE6E8C15D171927F1B2CD4D09C6C5561945CDF456957F198071D9B6FF61645E4A5DFC00C000100010002A3000004A5E385CEC00C001C00010002A30000102A03B0C0000300D00000000000C04001C03F000100010002A3000004B280BF7AC03F001C00010002A30000102604A880000200D0000000001CE87001C054000100010002A30000046BAAB6AEC066000100010002A30000048890347AC066001C00010002A300001026041380300088000000000000000001C078000100010002A3000004BCA63860C078001C00010002A30000102A03B0C0000200D000000000002010010000291000000080000000",
    "AdditionalInfo": ".",
    "GUID": "{00000000-0000-0000-0000-000000000000}",
    "EventReceivedTime": "2021-09-16T20:12:19.094207-07:00",
    "SourceModuleName": "dnsserver",
    "SourceModuleType": "im_etw",
    "HostIP": "192.168.1.36"
  },
  {
    "SourceName": "Microsoft-Windows-DNSServer",
    "ProviderGuid": "{EB79061A-A566-4698-9119-3ED2807060E7}",
    "EventID": 260,
    "Version": 0,
    "ChannelID": 16,
    "OpcodeValue": 0,
    "TaskValue": 2,
    "Keywords": "9223372036854775824",
    "EventTime": "2021-09-16T20:12:18.288880-07:00",
    "ExecutionProcessID": 2080,
    "ExecutionThreadID": 2940,
    "EventType": "INFO",
    "SeverityValue": 2,
    "Severity": "INFO",
    "Hostname": "WIN-93NOI1UVL29",
    "Domain": "NT AUTHORITY",
    "AccountName": "SYSTEM",
    "UserID": "S-1-5-18",
    "AccountType": "User",
    "Flags": "0",
    "TCP": "0",
    "Destination": "188.166.56.96",
    "InterfaceIP": "0.0.0.0",
    "RD": "0",
    "QNAME": "ns1.eu.bitnames.com.",
    "QTYPE": "1",
    "QXID": "1",
    "XID": "37240",
    "Port": "0",
    "RecursionScope": ".",
    "CacheScope": "Default",
    "PolicyName": "NULL",
    "BufferSize": "48",
    "PacketData": "0x917800000001000000000001036E7331026575086269746E616D657303636F6D00000100010000290FA0000080000000",
    "AdditionalInfo": ".",
    "GUID": "{00000000-0000-0000-0000-000000000000}",
    "EventReceivedTime": "2021-09-16T20:12:19.094207-07:00",
    "SourceModuleName": "dnsserver",
    "SourceModuleType": "im_etw",
    "HostIP": "192.168.1.36"
  },
  {
    "SourceName": "Microsoft-Windows-DNSServer",
    "ProviderGuid": "{EB79061A-A566-4698-9119-3ED2807060E7}",
    "EventID": 261,
    "Version": 0,
    "ChannelID": 16,
    "OpcodeValue": 0,
    "TaskValue": 2,
    "Keywords": "9223372036854775840",
    "EventTime": "2021-09-16T20:12:18.398276-07:00",
    "ExecutionProcessID": 2080,
    "ExecutionThreadID": 2940,
    "EventType": "INFO",
    "SeverityValue": 2,
    "Severity": "INFO",
    "Hostname": "WIN-93NOI1UVL29",
    "Domain": "NT AUTHORITY",
    "AccountName": "SYSTEM",
    "UserID": "S-1-5-18",
    "AccountType": "User",
    "Flags": "33792",
    "TCP": "0",
    "Source": "188.166.56.96",
    "InterfaceIP": "0.0.0.0",
    "AA": "1",
    "AD": "0",
    "QNAME": "ns1.eu.bitnames.com.",
    "QTYPE": "1",
    "XID": "37240",
    "RecursionDepth": "2",
    "Port": "0",
    "RecursionScope": ".",
    "CacheScope": "Default",
    "BufferSize": "64",
    "PacketData": "0x917884000001000100000001036E7331026575086269746E616D657303636F6D0000010001C00C000100010002A3000004A5E385CE0000291000000080000000",
    "AdditionalInfo": ".",
    "GUID": "{00000000-0000-0000-0000-000000000000}",
    "EventReceivedTime": "2021-09-16T20:12:19.094207-07:00",
    "SourceModuleName": "dnsserver",
    "SourceModuleType": "im_etw",
    "HostIP": "192.168.1.36"
  },
  {
    "SourceName": "Microsoft-Windows-DNSServer",
    "ProviderGuid": "{EB79061A-A566-4698-9119-3ED2807060E7}",
    "EventID": 260,
    "Version": 0,
    "ChannelID": 16,
    "OpcodeValue": 0,
    "TaskValue": 2,
    "Keywords": "9223372036854775824",
    "EventTime": "2021-09-16T20:12:18.398515-07:00",
    "ExecutionProcessID": 2080,
    "ExecutionThreadID": 2940,
    "EventType": "INFO",
    "SeverityValue": 2,
    "Severity": "INFO",
    "Hostname": "WIN-93NOI1UVL29",
    "Domain": "NT AUTHORITY",
    "AccountName": "SYSTEM",
    "UserID": "S-1-5-18",
    "AccountType": "User",
    "Flags": "0",
    "TCP": "0",
    "Destination": "2a03:b0c0:3:d0::c0:4001",
    "InterfaceIP": "::",
    "RD": "0",
    "QNAME": "f.ntpns.org.",
    "QTYPE": "1",
    "QXID": "1",
    "XID": "23511",
    "Port": "0",
    "RecursionScope": ".",
    "CacheScope": "Default",
    "PolicyName": "NULL",
    "BufferSize": "40",
    "PacketData": "0x5BD7000000010000000000010166056E74706E73036F726700000100010000290FA0000080000000",
    "AdditionalInfo": ".",
    "GUID": "{00000000-0000-0000-0000-000000000000}",
    "EventReceivedTime": "2021-09-16T20:12:19.094207-07:00",
    "SourceModuleName": "dnsserver",
    "SourceModuleType": "im_etw",
    "HostIP": "192.168.1.36"
  },
  {
    "SourceName": "Microsoft-Windows-DNSServer",
    "ProviderGuid": "{EB79061A-A566-4698-9119-3ED2807060E7}",
    "EventID": 261,
    "Version": 0,
    "ChannelID": 16,
    "OpcodeValue": 0,
    "TaskValue": 2,
    "Keywords": "9223372036854775840",
    "EventTime": "2021-09-16T20:12:18.524144-07:00",
    "ExecutionProcessID": 2080,
    "ExecutionThreadID": 2940,
    "EventType": "INFO",
    "SeverityValue": 2,
    "Severity": "INFO",
    "Hostname": "WIN-93NOI1UVL29",
    "Domain": "NT AUTHORITY",
    "AccountName": "SYSTEM",
    "UserID": "S-1-5-18",
    "AccountType": "User",
    "Flags": "33792",
    "TCP": "0",
    "Source": "2a03:b0c0:3:d0::c0:4001",
    "InterfaceIP": "::",
    "AA": "1",
    "AD": "0",
    "QNAME": "f.ntpns.org.",
    "QTYPE": "1",
    "XID": "23511",
    "RecursionDepth": "2",
    "Port": "0",
    "RecursionScope": ".",
    "CacheScope": "Default",
    "BufferSize": "88",
    "PacketData": "0x5BD7840000010003000000010166056E74706E73036F72670000010001C00C000100010000E10000041F036962C00C000100010000E1000004677F7916C00C000100010000E1000004934B64970000291000000080000000",
    "AdditionalInfo": ".",
    "GUID": "{00000000-0000-0000-0000-000000000000}",
    "EventReceivedTime": "2021-09-16T20:12:19.094207-07:00",
    "SourceModuleName": "dnsserver",
    "SourceModuleType": "im_etw",
    "HostIP": "192.168.1.36"
  },
  {
    "SourceName": "Microsoft-Windows-DNSServer",
    "ProviderGuid": "{EB79061A-A566-4698-9119-3ED2807060E7}",
    "EventID": 260,
    "Version": 0,
    "ChannelID": 16,
    "OpcodeValue": 0,
    "TaskValue": 2,
    "Keywords": "9223372036854775824",
    "EventTime": "2021-09-16T20:12:18.525117-07:00",
    "ExecutionProcessID": 2080,
    "ExecutionThreadID": 2940,
    "EventType": "INFO",
    "SeverityValue": 2,
    "Severity": "INFO",
    "Hostname": "WIN-93NOI1UVL29",
    "Domain": "NT AUTHORITY",
    "AccountName": "SYSTEM",
    "UserID": "S-1-5-18",
    "AccountType": "User",
    "Flags": "0",
    "TCP": "0",
    "Destination": "147.75.100.151",
    "InterfaceIP": "0.0.0.0",
    "RD": "0",
    "QNAME": "www.pool.ntp.org.",
    "QTYPE": "1",
    "QXID": "13277",
    "XID": "32073",
    "Port": "0",
    "RecursionScope": ".",
    "CacheScope": "Default",
    "PolicyName": "NULL",
    "BufferSize": "45",
    "PacketData": "0x7D49000000010000000000010377777704706F6F6C036E7470036F726700000100010000290FA0000080000000",
    "AdditionalInfo": ".",
    "GUID": "{1C4256F8-E302-45DB-9B36-CBA3AF2DF5D1}",
    "EventReceivedTime": "2021-09-16T20:12:19.094207-07:00",
    "SourceModuleName": "dnsserver",
    "SourceModuleType": "im_etw",
    "HostIP": "192.168.1.36"
  },
  {
    "SourceName": "Microsoft-Windows-DNSServer",
    "ProviderGuid": "{EB79061A-A566-4698-9119-3ED2807060E7}",
    "EventID": 261,
    "Version": 0,
    "ChannelID": 16,
    "OpcodeValue": 0,
    "TaskValue": 2,
    "Keywords": "9223372036854775840",
    "EventTime": "2021-09-16T20:12:18.636824-07:00",
    "ExecutionProcessID": 2080,
    "ExecutionThreadID": 2940,
    "EventType": "INFO",
    "SeverityValue": 2,
    "Severity": "INFO",
    "Hostname": "WIN-93NOI1UVL29",
    "Domain": "NT AUTHORITY",
    "AccountName": "SYSTEM",
    "UserID": "S-1-5-18",
    "AccountType": "User",
    "Flags": "33792",
    "TCP": "0",
    "Source": "147.75.100.151",
    "InterfaceIP": "0.0.0.0",
    "AA": "1",
    "AD": "0",
    "QNAME": "www.pool.ntp.org.",
    "QTYPE": "1",
    "XID": "32073",
    "RecursionDepth": "3",
    "Port": "0",
    "RecursionScope": ".",
    "CacheScope": "Default",
    "BufferSize": "93",
    "PacketData": "0x7D49840000010001000000010377777704706F6F6C036E7470036F726700000100010377777704706F6F6C036E7470036F7267000005000100001C200014067777772D6C62076E7470706F6F6C036F7267000000290FA0000080000000",
    "AdditionalInfo": ".",
    "GUID": "{1C4256F8-E302-45DB-9B36-CBA3AF2DF5D1}",
    "EventReceivedTime": "2021-09-16T20:12:19.094207-07:00",
    "SourceModuleName": "dnsserver",
    "SourceModuleType": "im_etw",
    "HostIP": "192.168.1.36"
  },
  {
    "SourceName": "Microsoft-Windows-DNSServer",
    "ProviderGuid": "{EB79061A-A566-4698-9119-3ED2807060E7}",
    "EventID": 279,
    "Version": 0,
    "ChannelID": 16,
    "OpcodeValue": 0,
    "TaskValue": 1,
    "Keywords": "9223372071214514176",
    "EventTime": "2021-09-16T20:12:18.636920-07:00",
    "ExecutionProcessID": 2080,
    "ExecutionThreadID": 2940,
    "EventType": "INFO",
    "SeverityValue": 2,
    "Severity": "INFO",
    "Hostname": "WIN-93NOI1UVL29",
    "Domain": "NT AUTHORITY",
    "AccountName": "SYSTEM",
    "UserID": "S-1-5-18",
    "AccountType": "User",
    "Flags": "33152",
    "TCP": "0",
    "InterfaceIP": "192.168.1.36",
    "Source": "192.168.1.7",
    "RD": "1",
    "QNAME": "www-lb.ntppool.org.",
    "QTYPE": "1",
    "Port": "49298",
    "XID": "13277",
    "BufferSize": "34",
    "PacketData": "0x33DD818000010001000000000377777704706F6F6C036E7470036F72670000010001",
    "EventReceivedTime": "2021-09-16T20:12:19.094207-07:00",
    "SourceModuleName": "dnsserver",
    "SourceModuleType": "im_etw",
    "HostIP": "192.168.1.36"
  },
  {
    "SourceName": "Microsoft-Windows-DNSServer",
    "ProviderGuid": "{EB79061A-A566-4698-9119-3ED2807060E7}",
    "EventID": 260,
    "Version": 0,
    "ChannelID": 16,
    "OpcodeValue": 0,
    "TaskValue": 2,
    "Keywords": "9223372036854775824",
    "EventTime": "2021-09-16T20:12:18.637651-07:00",
    "ExecutionProcessID": 2080,
    "ExecutionThreadID": 2940,
    "EventType": "INFO",
    "SeverityValue": 2,
    "Severity": "INFO",
    "Hostname": "WIN-93NOI1UVL29",
    "Domain": "NT AUTHORITY",
    "AccountName": "SYSTEM",
    "UserID": "S-1-5-18",
    "AccountType": "User",
    "Flags": "0",
    "TCP": "0",
    "Destination": "199.249.112.1",
    "InterfaceIP": "0.0.0.0",
    "RD": "0",
    "QNAME": "www-lb.ntppool.org.",
    "QTYPE": "1",
    "QXID": "13277",
    "XID": "59267",
    "Port": "0",
    "RecursionScope": ".",
    "CacheScope": "Default",
    "PolicyName": "NULL",
    "BufferSize": "47",
    "PacketData": "0xE78300000001000000000001067777772D6C62076E7470706F6F6C036F726700000100010000290FA0000080000000",
    "AdditionalInfo": ".",
    "GUID": "{1C4256F8-E302-45DB-9B36-CBA3AF2DF5D1}",
    "EventReceivedTime": "2021-09-16T20:12:19.094207-07:00",
    "SourceModuleName": "dnsserver",
    "SourceModuleType": "im_etw",
    "HostIP": "192.168.1.36"
  },
  {
    "SourceName": "Microsoft-Windows-DNSServer",
    "ProviderGuid": "{EB79061A-A566-4698-9119-3ED2807060E7}",
    "EventID": 261,
    "Version": 0,
    "ChannelID": 16,
    "OpcodeValue": 0,
    "TaskValue": 2,
    "Keywords": "9223372036854775840",
    "EventTime": "2021-09-16T20:12:18.684289-07:00",
    "ExecutionProcessID": 2080,
    "ExecutionThreadID": 2940,
    "EventType": "INFO",
    "SeverityValue": 2,
    "Severity": "INFO",
    "Hostname": "WIN-93NOI1UVL29",
    "Domain": "NT AUTHORITY",
    "AccountName": "SYSTEM",
    "UserID": "S-1-5-18",
    "AccountType": "User",
    "Flags": "32768",
    "TCP": "0",
    "Source": "199.249.112.1",
    "InterfaceIP": "0.0.0.0",
    "AA": "0",
    "AD": "0",
    "QNAME": "www-lb.ntppool.org.",
    "QTYPE": "1",
    "XID": "59267",
    "RecursionDepth": "4",
    "Port": "0",
    "RecursionScope": ".",
    "CacheScope": "Default",
    "BufferSize": "697",
    "PacketData": "0xE783800000010000000A0001067777772D6C62076E7470706F6F6C036F72670000010001C01300020001000151800015036E7331026575086269746E616D657303636F6D00C02400020001000151800009036E7331027573C037C02400020001000151800006036E7332C055C02400020001000151800006036E7333C055C0240002000100015180000F05616E796E7303706368036E657400C02400020001000151800014056E732D6731086269746E616D657303636F6D00203169383730766A3568343239766A39706369376172366539676B693734747237C01B0032000100015180002B0101000A08332539EE7F95C32A140C907D989054FC4C24368D17E3C92EA2F87A23DD000722000000000290203968357237666D663070386D656B31347075746A6F656861366A636A716C6170C01B0032000100015180002A0101000A08332539EE7F95C32A144C4BEF8600101944F7AC9D2E1ED15767091C7B8C0006200000000012C0B9002E00010001518000970032080200015180615FB6E86143F9589B01036F726700841D156F0689C9A3DCB853C0C8F355DBF28D988578F5505781CC669DC9ECFB20D741FB3B43B0E0A1127FC316CC9CCA0882061718DFCE7440D60CF533BCAB33FCCD1DB661D3F340A642DB60FFB404E5527ADAD0F49C0E3B7856E739ABEC114BF7652D8FD50420F6E01B479C144E7B151F1DE0099038E32506C5011CA4E998239BC111002E00010001518000970032080200015180615C6B1F6140AD8F9B01036F726700736F7A2D3E9E79B26EEE17A401ED14029FB1CF4651CBD1CE8A84749D4FD4A5CEB969D98E6B11BF5ACC3B58C93CB6716CDD10442EA947AEE49532FC101A214183A8CC47452F840D2B56067EAA7EEF8F578EC29AF29776CB6A463AB6DF70361ABFB0C4899D4C2078B76D93B0E1A22586782DEFBE893792C130ADCF0BAAAD8E9EF500002904D0000080000000",
    "AdditionalInfo": ".",
    "GUID": "{1C4256F8-E302-45DB-9B36-CBA3AF2DF5D1}",
    "EventReceivedTime": "2021-09-16T20:12:19.094207-07:00",
    "SourceModuleName": "dnsserver",
    "SourceModuleType": "im_etw",
    "HostIP": "192.168.1.36"
  },
  {
    "SourceName": "Microsoft-Windows-DNSServer",
    "ProviderGuid": "{EB79061A-A566-4698-9119-3ED2807060E7}",
    "EventID": 260,
    "Version": 0,
    "ChannelID": 16,
    "OpcodeValue": 0,
    "TaskValue": 2,
    "Keywords": "9223372036854775824",
    "EventTime": "2021-09-16T20:12:18.684685-07:00",
    "ExecutionProcessID": 2080,
    "ExecutionThreadID": 2940,
    "EventType": "INFO",
    "SeverityValue": 2,
    "Severity": "INFO",
    "Hostname": "WIN-93NOI1UVL29",
    "Domain": "NT AUTHORITY",
    "AccountName": "SYSTEM",
    "UserID": "S-1-5-18",
    "AccountType": "User",
    "Flags": "0",
    "TCP": "0",
    "Destination": "178.128.191.122",
    "InterfaceIP": "0.0.0.0",
    "RD": "0",
    "QNAME": "www-lb.ntppool.org.",
    "QTYPE": "1",
    "QXID": "13277",
    "XID": "13843",
    "Port": "0",
    "RecursionScope": ".",
    "CacheScope": "Default",
    "PolicyName": "NULL",
    "BufferSize": "47",
    "PacketData": "0x361300000001000000000001067777772D6C62076E7470706F6F6C036F726700000100010000290FA0000080000000",
    "AdditionalInfo": ".",
    "GUID": "{1C4256F8-E302-45DB-9B36-CBA3AF2DF5D1}",
    "EventReceivedTime": "2021-09-16T20:12:19.094207-07:00",
    "SourceModuleName": "dnsserver",
    "SourceModuleType": "im_etw",
    "HostIP": "192.168.1.36"
  },
  {
    "SourceName": "Microsoft-Windows-DNSServer",
    "ProviderGuid": "{EB79061A-A566-4698-9119-3ED2807060E7}",
    "EventID": 261,
    "Version": 0,
    "ChannelID": 16,
    "OpcodeValue": 0,
    "TaskValue": 2,
    "Keywords": "9223372036854775840",
    "EventTime": "2021-09-16T20:12:18.735951-07:00",
    "ExecutionProcessID": 2080,
    "ExecutionThreadID": 2940,
    "EventType": "INFO",
    "SeverityValue": 2,
    "Severity": "INFO",
    "Hostname": "WIN-93NOI1UVL29",
    "Domain": "NT AUTHORITY",
    "AccountName": "SYSTEM",
    "UserID": "S-1-5-18",
    "AccountType": "User",
    "Flags": "33792",
    "TCP": "0",
    "Source": "178.128.191.122",
    "InterfaceIP": "0.0.0.0",
    "AA": "1",
    "AD": "0",
    "QNAME": "www-lb.ntppool.org.",
    "QTYPE": "1",
    "XID": "13843",
    "RecursionDepth": "5",
    "Port": "0",
    "RecursionScope": ".",
    "CacheScope": "Default",
    "BufferSize": "151",
    "PacketData": "0x361384000001000300000001067777772D6C62076E7470706F6F6C036F72670000010001C00C0005000100000E1000100D7777772D6C622D666173746C79C013C030000500010000007800110E63646E2D666173746C792D736E69C013C04C0005000100000E100023096475616C737461636B016B03736E6906676C6F62616C06666173746C79036E6574000000291000000080000000",
    "AdditionalInfo": ".",
    "GUID": "{1C4256F8-E302-45DB-9B36-CBA3AF2DF5D1}",
    "EventReceivedTime": "2021-09-16T20:12:19.094207-07:00",
    "SourceModuleName": "dnsserver",
    "SourceModuleType": "im_etw",
    "HostIP": "192.168.1.36"
  },
  {
    "SourceName": "Microsoft-Windows-DNSServer",
    "ProviderGuid": "{EB79061A-A566-4698-9119-3ED2807060E7}",
    "EventID": 279,
    "Version": 0,
    "ChannelID": 16,
    "OpcodeValue": 0,
    "TaskValue": 1,
    "Keywords": "9223372071214514176",
    "EventTime": "2021-09-16T20:12:18.736065-07:00",
    "ExecutionProcessID": 2080,
    "ExecutionThreadID": 2940,
    "EventType": "INFO",
    "SeverityValue": 2,
    "Severity": "INFO",
    "Hostname": "WIN-93NOI1UVL29",
    "Domain": "NT AUTHORITY",
    "AccountName": "SYSTEM",
    "UserID": "S-1-5-18",
    "AccountType": "User",
    "Flags": "33152",
    "TCP": "0",
    "InterfaceIP": "192.168.1.36",
    "Source": "192.168.1.7",
    "RD": "1",
    "QNAME": "www-lb-fastly.ntppool.org.",
    "QTYPE": "1",
    "Port": "49298",
    "XID": "13277",
    "BufferSize": "34",
    "PacketData": "0x33DD818000010002000000000377777704706F6F6C036E7470036F72670000010001",
    "EventReceivedTime": "2021-09-16T20:12:19.094207-07:00",
    "SourceModuleName": "dnsserver",
    "SourceModuleType": "im_etw",
    "HostIP": "192.168.1.36"
  },
  {
    "SourceName": "Microsoft-Windows-DNSServer",
    "ProviderGuid": "{EB79061A-A566-4698-9119-3ED2807060E7}",
    "EventID": 279,
    "Version": 0,
    "ChannelID": 16,
    "OpcodeValue": 0,
    "TaskValue": 1,
    "Keywords": "9223372071214514176",
    "EventTime": "2021-09-16T20:12:18.736100-07:00",
    "ExecutionProcessID": 2080,
    "ExecutionThreadID": 2940,
    "EventType": "INFO",
    "SeverityValue": 2,
    "Severity": "INFO",
    "Hostname": "WIN-93NOI1UVL29",
    "Domain": "NT AUTHORITY",
    "AccountName": "SYSTEM",
    "UserID": "S-1-5-18",
    "AccountType": "User",
    "Flags": "33152",
    "TCP": "0",
    "InterfaceIP": "192.168.1.36",
    "Source": "192.168.1.7",
    "RD": "1",
    "QNAME": "cdn-fastly-sni.ntppool.org.",
    "QTYPE": "1",
    "Port": "49298",
    "XID": "13277",
    "BufferSize": "34",
    "PacketData": "0x33DD818000010003000000000377777704706F6F6C036E7470036F72670000010001",
    "EventReceivedTime": "2021-09-16T20:12:19.094207-07:00",
    "SourceModuleName": "dnsserver",
    "SourceModuleType": "im_etw",
    "HostIP": "192.168.1.36"
  },
  {
    "SourceName": "Microsoft-Windows-DNSServer",
    "ProviderGuid": "{EB79061A-A566-4698-9119-3ED2807060E7}",
    "EventID": 279,
    "Version": 0,
    "ChannelID": 16,
    "OpcodeValue": 0,
    "TaskValue": 1,
    "Keywords": "9223372071214514176",
    "EventTime": "2021-09-16T20:12:18.736122-07:00",
    "ExecutionProcessID": 2080,
    "ExecutionThreadID": 2940,
    "EventType": "INFO",
    "SeverityValue": 2,
    "Severity": "INFO",
    "Hostname": "WIN-93NOI1UVL29",
    "Domain": "NT AUTHORITY",
    "AccountName": "SYSTEM",
    "UserID": "S-1-5-18",
    "AccountType": "User",
    "Flags": "33152",
    "TCP": "0",
    "InterfaceIP": "192.168.1.36",
    "Source": "192.168.1.7",
    "RD": "1",
    "QNAME": "dualstack.k.sni.global.fastly.net.",
    "QTYPE": "1",
    "Port": "49298",
    "XID": "13277",
    "BufferSize": "34",
    "PacketData": "0x33DD818000010004000000000377777704706F6F6C036E7470036F72670000010001",
    "EventReceivedTime": "2021-09-16T20:12:19.094207-07:00",
    "SourceModuleName": "dnsserver",
    "SourceModuleType": "im_etw",
    "HostIP": "192.168.1.36"
  },
  {
    "SourceName": "Microsoft-Windows-DNSServer",
    "ProviderGuid": "{EB79061A-A566-4698-9119-3ED2807060E7}",
    "EventID": 260,
    "Version": 0,
    "ChannelID": 16,
    "OpcodeValue": 0,
    "TaskValue": 2,
    "Keywords": "9223372036854775824",
    "EventTime": "2021-09-16T20:12:18.736994-07:00",
    "ExecutionProcessID": 2080,
    "ExecutionThreadID": 2940,
    "EventType": "INFO",
    "SeverityValue": 2,
    "Severity": "INFO",
    "Hostname": "WIN-93NOI1UVL29",
    "Domain": "NT AUTHORITY",
    "AccountName": "SYSTEM",
    "UserID": "S-1-5-18",
    "AccountType": "User",
    "Flags": "0",
    "TCP": "0",
    "Destination": "2001:502:7094::30",
    "InterfaceIP": "::",
    "RD": "0",
    "QNAME": "dualstack.k.sni.global.fastly.NET.",
    "QTYPE": "1",
    "QXID": "13277",
    "XID": "29631",
    "Port": "0",
    "RecursionScope": ".",
    "CacheScope": "Default",
    "PolicyName": "NULL",
    "BufferSize": "62",
    "PacketData": "0x73BF00000001000000000001096475616C737461636B016B03736E6906676C6F62616C06666173746C79034E455400000100010000290FA0000080000000",
    "AdditionalInfo": ".",
    "GUID": "{1C4256F8-E302-45DB-9B36-CBA3AF2DF5D1}",
    "EventReceivedTime": "2021-09-16T20:12:19.094207-07:00",
    "SourceModuleName": "dnsserver",
    "SourceModuleType": "im_etw",
    "HostIP": "192.168.1.36"
  },
  {
    "SourceName": "Microsoft-Windows-DNSServer",
    "ProviderGuid": "{EB79061A-A566-4698-9119-3ED2807060E7}",
    "EventID": 261,
    "Version": 0,
    "ChannelID": 16,
    "OpcodeValue": 0,
    "TaskValue": 2,
    "Keywords": "9223372036854775840",
    "EventTime": "2021-09-16T20:12:18.778924-07:00",
    "ExecutionProcessID": 2080,
    "ExecutionThreadID": 2940,
    "EventType": "INFO",
    "SeverityValue": 2,
    "Severity": "INFO",
    "Hostname": "WIN-93NOI1UVL29",
    "Domain": "NT AUTHORITY",
    "AccountName": "SYSTEM",
    "UserID": "S-1-5-18",
    "AccountType": "User",
    "Flags": "32768",
    "TCP": "0",
    "Source": "2001:502:7094::30",
    "InterfaceIP": "::",
    "AA": "0",
    "AD": "0",
    "QNAME": "dualstack.k.sni.global.fastly.NET.",
    "QTYPE": "1",
    "XID": "29631",
    "RecursionDepth": "6",
    "Port": "0",
    "RecursionScope": ".",
    "CacheScope": "Default",
    "BufferSize": "747",
    "PacketData": "0x73BF80000001000000080005096475616C737461636B016B03736E6906676C6F62616C06666173746C79034E45540000010001C023000200010002A3000006036E7331C023C023000200010002A3000006036E7332C023C023000200010002A3000006036E7333C023C023000200010002A3000006036E7334C02320413152543938425335514743394E4649353153394843493437554C4A47364A48C02A003200010001518000230101000000145077EF3DF3A33A2D14993A1E874E1344D743C90B000722000000000290C07B002E00010001518000B700320802000151806149717C61402694FF62036E657400B6321648DFB0D93CE5875A4612080D3092669F8C1B7E7BA200F78095D14E072097269DDAB573C06E9DE1D637095BD0561D096122F515E3A42C71E1C545889FC3BA4016371DAC852CC727732B22E34129A97E424D82E9531B20698A87B307DCC9FC6FF6E3E3DA999E66D048E1E7B01688586CCBCA11D3604AD67C06119723641FAAEE7F8F982A0D36D6B39CC34CA9005DAB99EAF51A2B4D183DCC4C9C234EAA972041503234444531485132344E48564730355654554D3936533230303855304830C02A00320001000151800022010100000014564482399A4B132D615044921C5E1B29D04B11DD0006200000000012C18E002E00010001518000B70032080200015180614AC2CA614177E2FF62036E6574007CA8BB068A5CA6847845D5CA058501BA3A20CF7C80B6F9F9B739ABC002F9CDD0BAA9EC2EBAEE3D64BF9A0E2901724DEF7CA503FD25A47A5320437A1BFD8536FF7432F77DC2923794C22E0E6FD4E310617EFBEF5DC29AB17F79FC7856D467961E8F28BD6D1DB6B6292F6D417AC6570AD8E6D584E43D07901F5CFBB4D2F5EFD8396692AB06E34A14B13E723D3619733DAA95488C08CDD8A7C2EF8297BF9A95C99EC03F000100010002A300000417EB2020C051000100010002A3000004689C5020C063000100010002A300000417EB2420C075000100010002A3000004689C54200000291000000080000000",
    "AdditionalInfo": ".",
    "GUID": "{1C4256F8-E302-45DB-9B36-CBA3AF2DF5D1}",
    "EventReceivedTime": "2021-09-16T20:12:19.094207-07:00",
    "SourceModuleName": "dnsserver",
    "SourceModuleType": "im_etw",
    "HostIP": "192.168.1.36"
  },
  {
    "SourceName": "Microsoft-Windows-DNSServer",
    "ProviderGuid": "{EB79061A-A566-4698-9119-3ED2807060E7}",
    "EventID": 260,
    "Version": 0,
    "ChannelID": 16,
    "OpcodeValue": 0,
    "TaskValue": 2,
    "Keywords": "9223372036854775824",
    "EventTime": "2021-09-16T20:12:18.779448-07:00",
    "ExecutionProcessID": 2080,
    "ExecutionThreadID": 2940,
    "EventType": "INFO",
    "SeverityValue": 2,
    "Severity": "INFO",
    "Hostname": "WIN-93NOI1UVL29",
    "Domain": "NT AUTHORITY",
    "AccountName": "SYSTEM",
    "UserID": "S-1-5-18",
    "AccountType": "User",
    "Flags": "0",
    "TCP": "0",
    "Destination": "23.235.32.32",
    "InterfaceIP": "0.0.0.0",
    "RD": "0",
    "QNAME": "dualstack.k.sni.global.fastly.NET.",
    "QTYPE": "1",
    "QXID": "13277",
    "XID": "25013",
    "Port": "0",
    "RecursionScope": ".",
    "CacheScope": "Default",
    "PolicyName": "NULL",
    "BufferSize": "62",
    "PacketData": "0x61B500000001000000000001096475616C737461636B016B03736E6906676C6F62616C06666173746C79034E455400000100010000290FA0000080000000",
    "AdditionalInfo": ".",
    "GUID": "{1C4256F8-E302-45DB-9B36-CBA3AF2DF5D1}",
    "EventReceivedTime": "2021-09-16T20:12:19.094207-07:00",
    "SourceModuleName": "dnsserver",
    "SourceModuleType": "im_etw",
    "HostIP": "192.168.1.36"
  },
