  {
    "SourceName": "Microsoft-Windows-DNSServer",
    "ProviderGuid": "{EB79061A-A566-4698-9119-3ED2807060E7}",
    "EventID": 261,
    "Version": 0,
    "ChannelID": 16,
    "OpcodeValue": 0,
    "TaskValue": 2,
    "Keywords": "9223372036854775840",
    "EventTime": "2021-09-16T20:12:18.799677-07:00",
    "ExecutionProcessID": 2080,
    "ExecutionThreadID": 2940,
    "EventType": "INFO",
    "SeverityValue": 2,
    "Severity": "INFO",
    "Hostname": "WIN-93NOI1UVL29",
    "Domain": "NT AUTHORITY",
    "AccountName": "SYSTEM",
    "UserID": "S-1-5-18",
    "AccountType": "User",
    "Flags": "33792",
    "TCP": "0",
    "Source": "23.235.32.32",
    "InterfaceIP": "0.0.0.0",
    "AA": "1",
    "AD": "0",
    "QNAME": "dualstack.k.sni.global.fastly.NET.",
    "QTYPE": "1",
    "XID": "25013",
    "RecursionDepth": "7",
    "Port": "0",
    "RecursionScope": ".",
    "CacheScope": "Default",
    "BufferSize": "150",
    "PacketData": "0x61B584000001000100040001096475616C737461636B016B03736E6906676C6F62616C06666173746C79034E45540000010001C00C000100010000001E0004C7E87E89C0230002000100001C200006036E7331C023C0430002000100001C200006036E7332C023C0430002000100001C200006036E7333C023C0430002000100001C200006036E7334C02300002904D0000080000000",
    "AdditionalInfo": ".",
    "GUID": "{1C4256F8-E302-45DB-9B36-CBA3AF2DF5D1}",
    "EventReceivedTime": "2021-09-16T20:12:19.108896-07:00",
    "SourceModuleName": "dnsserver",
    "SourceModuleType": "im_etw",
    "HostIP": "192.168.1.36"
  },
  {
    "SourceName": "Microsoft-Windows-DNSServer",
    "ProviderGuid": "{EB79061A-A566-4698-9119-3ED2807060E7}",
    "EventID": 257,
    "Version": 0,
    "ChannelID": 16,
    "OpcodeValue": 0,
    "TaskValue": 1,
    "Keywords": "9223372036854775810",
    "EventTime": "2021-09-16T20:12:18.800566-07:00",
    "ExecutionProcessID": 2080,
    "ExecutionThreadID": 2940,
    "EventType": "INFO",
    "SeverityValue": 2,
    "Severity": "INFO",
    "Hostname": "WIN-93NOI1UVL29",
    "Domain": "NT AUTHORITY",
    "AccountName": "SYSTEM",
    "UserID": "S-1-5-18",
    "AccountType": "User",
    "Flags": "33152",
    "TCP": "0",
    "InterfaceIP": "192.168.1.36",
    "Destination": "192.168.1.7",
    "AA": "0",
    "AD": "0",
    "QNAME": "www.pool.ntp.org.",
    "QTYPE": "1",
    "XID": "13277",
    "DNSSEC": "0",
    "RCODE": "0",
    "Port": "49298",
    "Scope": "Default",
    "Zone": "..Cache",
    "PolicyName": "NULL",
    "BufferSize": "183",
    "PacketData": "0x33DD818000010005000000000377777704706F6F6C036E7470036F72670000010001C00C0005000100001C200011067777772D6C62076E7470706F6F6CC019C02E0005000100000E1000100D7777772D6C622D666173746C79C035C04B000500010000007800110E63646E2D666173746C792D736E69C035C0670005000100000E100023096475616C737461636B016B03736E6906676C6F62616C06666173746C79036E657400C084000100010000001E0004C7E87E89",
    "AdditionalInfo": "VirtualizationInstance:.",
    "ElapsedTime": "716",
    "GUID": "{1C4256F8-E302-45DB-9B36-CBA3AF2DF5D1}",
    "EventReceivedTime": "2021-09-16T20:12:19.108896-07:00",
    "SourceModuleName": "dnsserver",
    "SourceModuleType": "im_etw",
    "HostIP": "192.168.1.36"
  },
  {
    "SourceName": "Microsoft-Windows-DNSServer",
    "ProviderGuid": "{EB79061A-A566-4698-9119-3ED2807060E7}",
    "EventID": 256,
    "Version": 0,
    "ChannelID": 16,
    "OpcodeValue": 0,
    "TaskValue": 1,
    "Keywords": "9223372036854775809",
    "EventTime": "2021-09-16T20:12:18.801864-07:00",
    "ExecutionProcessID": 2080,
    "ExecutionThreadID": 2940,
    "EventType": "INFO",
    "SeverityValue": 2,
    "Severity": "INFO",
    "Hostname": "WIN-93NOI1UVL29",
    "Domain": "NT AUTHORITY",
    "AccountName": "SYSTEM",
    "UserID": "S-1-5-18",
    "AccountType": "User",
    "Flags": "256",
    "TCP": "0",
    "InterfaceIP": "192.168.1.36",
    "Source": "192.168.1.7",
    "RD": "1",
    "QNAME": "dualstack.k.sni.global.fastly.net.",
    "QTYPE": "28",
    "XID": "64020",
    "Port": "38185",
    "BufferSize": "51",
    "PacketData": "0xFA1401000001000000000000096475616C737461636B016B03736E6906676C6F62616C06666173746C79036E657400001C0001",
    "AdditionalInfo": ".",
    "GUID": "{1F5B9759-80EF-4CB1-A2D0-D7B277CA996B}",
    "EventReceivedTime": "2021-09-16T20:12:19.108896-07:00",
    "SourceModuleName": "dnsserver",
    "SourceModuleType": "im_etw",
    "HostIP": "192.168.1.36"
  },
  {
    "SourceName": "Microsoft-Windows-DNSServer",
    "ProviderGuid": "{EB79061A-A566-4698-9119-3ED2807060E7}",
    "EventID": 260,
    "Version": 0,
    "ChannelID": 16,
    "OpcodeValue": 0,
    "TaskValue": 2,
    "Keywords": "9223372036854775824",
    "EventTime": "2021-09-16T20:12:18.801984-07:00",
    "ExecutionProcessID": 2080,
    "ExecutionThreadID": 2940,
    "EventType": "INFO",
    "SeverityValue": 2,
    "Severity": "INFO",
    "Hostname": "WIN-93NOI1UVL29",
    "Domain": "NT AUTHORITY",
    "AccountName": "SYSTEM",
    "UserID": "S-1-5-18",
    "AccountType": "User",
    "Flags": "0",
    "TCP": "0",
    "Destination": "104.156.84.32",
    "InterfaceIP": "0.0.0.0",
    "RD": "0",
    "QNAME": "dualstack.k.sni.global.fastly.net.",
    "QTYPE": "28",
    "QXID": "64020",
    "XID": "19282",
    "Port": "0",
    "RecursionScope": ".",
    "CacheScope": "Default",
    "PolicyName": "NULL",
    "BufferSize": "62",
    "PacketData": "0x4B5200000001000000000001096475616C737461636B016B03736E6906676C6F62616C06666173746C79036E657400001C00010000290FA0000080000000",
    "AdditionalInfo": ".",
    "GUID": "{1F5B9759-80EF-4CB1-A2D0-D7B277CA996B}",
    "EventReceivedTime": "2021-09-16T20:12:19.108896-07:00",
    "SourceModuleName": "dnsserver",
    "SourceModuleType": "im_etw",
    "HostIP": "192.168.1.36"
  },
  {
    "SourceName": "Microsoft-Windows-DNSServer",
    "ProviderGuid": "{EB79061A-A566-4698-9119-3ED2807060E7}",
    "EventID": 261,
    "Version": 0,
    "ChannelID": 16,
    "OpcodeValue": 0,
    "TaskValue": 2,
    "Keywords": "9223372036854775840",
    "EventTime": "2021-09-16T20:12:18.821065-07:00",
    "ExecutionProcessID": 2080,
    "ExecutionThreadID": 2940,
    "EventType": "INFO",
    "SeverityValue": 2,
    "Severity": "INFO",
    "Hostname": "WIN-93NOI1UVL29",
    "Domain": "NT AUTHORITY",
    "AccountName": "SYSTEM",
    "UserID": "S-1-5-18",
    "AccountType": "User",
    "Flags": "33792",
    "TCP": "0",
    "Source": "104.156.84.32",
    "InterfaceIP": "0.0.0.0",
    "AA": "1",
    "AD": "0",
    "QNAME": "dualstack.k.sni.global.fastly.net.",
    "QTYPE": "28",
    "XID": "19282",
    "RecursionDepth": "1",
    "Port": "0",
    "RecursionScope": ".",
    "CacheScope": "Default",
    "BufferSize": "162",
    "PacketData": "0x4B5284000001000100040001096475616C737461636B016B03736E6906676C6F62616C06666173746C79036E657400001C0001C00C001C00010000001E00102A044E42002C00000000000000000649C0230002000100001C200006036E7331C023C04F0002000100001C200006036E7332C023C04F0002000100001C200006036E7333C023C04F0002000100001C200006036E7334C02300002904D0000080000000",
    "AdditionalInfo": ".",
    "GUID": "{1F5B9759-80EF-4CB1-A2D0-D7B277CA996B}",
    "EventReceivedTime": "2021-09-16T20:12:19.108896-07:00",
    "SourceModuleName": "dnsserver",
    "SourceModuleType": "im_etw",
    "HostIP": "192.168.1.36"
  },
  {
    "SourceName": "Microsoft-Windows-DNSServer",
    "ProviderGuid": "{EB79061A-A566-4698-9119-3ED2807060E7}",
    "EventID": 257,
    "Version": 0,
    "ChannelID": 16,
    "OpcodeValue": 0,
    "TaskValue": 1,
    "Keywords": "9223372036854775810",
    "EventTime": "2021-09-16T20:12:18.821123-07:00",
    "ExecutionProcessID": 2080,
    "ExecutionThreadID": 2940,
    "EventType": "INFO",
    "SeverityValue": 2,
    "Severity": "INFO",
    "Hostname": "WIN-93NOI1UVL29",
    "Domain": "NT AUTHORITY",
    "AccountName": "SYSTEM",
    "UserID": "S-1-5-18",
    "AccountType": "User",
    "Flags": "33152",
    "TCP": "0",
    "InterfaceIP": "192.168.1.36",
    "Destination": "192.168.1.7",
    "AA": "0",
    "AD": "0",
    "QNAME": "dualstack.k.sni.global.fastly.net.",
    "QTYPE": "28",
    "XID": "64020",
    "DNSSEC": "0",
    "RCODE": "0",
    "Port": "38185",
    "Scope": "Default",
    "Zone": "..Cache",
    "PolicyName": "NULL",
    "BufferSize": "79",
    "PacketData": "0xFA1481800001000100000000096475616C737461636B016B03736E6906676C6F62616C06666173746C79036E657400001C0001C00C001C00010000001E00102A044E42002C00000000000000000649",
    "AdditionalInfo": "VirtualizationInstance:.",
    "ElapsedTime": "19",
    "GUID": "{1F5B9759-80EF-4CB1-A2D0-D7B277CA996B}",
    "EventReceivedTime": "2021-09-16T20:12:19.108896-07:00",
    "SourceModuleName": "dnsserver",
    "SourceModuleType": "im_etw",
    "HostIP": "192.168.1.36"
  },
  {
    "SourceName": "Microsoft-Windows-DNSServer",
    "ProviderGuid": "{EB79061A-A566-4698-9119-3ED2807060E7}",
    "EventID": 256,
    "Version": 0,
    "ChannelID": 16,
    "OpcodeValue": 0,
    "TaskValue": 1,
    "Keywords": "9223372036854775809",
    "EventTime": "2021-09-16T20:12:36.300465-07:00",
    "ExecutionProcessID": 2080,
    "ExecutionThreadID": 2940,
    "EventType": "INFO",
    "SeverityValue": 2,
    "Severity": "INFO",
    "Hostname": "WIN-93NOI1UVL29",
    "Domain": "NT AUTHORITY",
    "AccountName": "SYSTEM",
    "UserID": "S-1-5-18",
    "AccountType": "User",
    "Flags": "256",
    "TCP": "0",
    "InterfaceIP": "192.168.1.36",
    "Source": "192.168.1.7",
    "RD": "1",
    "QNAME": "connectivity-check.ubuntu.com.",
    "QTYPE": "28",
    "XID": "59228",
    "Port": "45652",
    "BufferSize": "47",
    "PacketData": "0xE75C0100000100000000000012636F6E6E65637469766974792D636865636B067562756E747503636F6D00001C0001",
    "AdditionalInfo": ".",
    "GUID": "{54FA624A-F6A2-4966-92B8-8C9D6D9D2E06}",
    "EventReceivedTime": "2021-09-16T20:12:37.345384-07:00",
    "SourceModuleName": "dnsserver",
    "SourceModuleType": "im_etw",
    "HostIP": "192.168.1.36"
  },
  {
    "SourceName": "Microsoft-Windows-DNSServer",
    "ProviderGuid": "{EB79061A-A566-4698-9119-3ED2807060E7}",
    "EventID": 260,
    "Version": 0,
    "ChannelID": 16,
    "OpcodeValue": 0,
    "TaskValue": 2,
    "Keywords": "9223372036854775824",
    "EventTime": "2021-09-16T20:12:36.300910-07:00",
    "ExecutionProcessID": 2080,
    "ExecutionThreadID": 2940,
    "EventType": "INFO",
    "SeverityValue": 2,
    "Severity": "INFO",
    "Hostname": "WIN-93NOI1UVL29",
    "Domain": "NT AUTHORITY",
    "AccountName": "SYSTEM",
    "UserID": "S-1-5-18",
    "AccountType": "User",
    "Flags": "0",
    "TCP": "0",
    "Destination": "2001:503:39c1::30",
    "InterfaceIP": "::",
    "RD": "0",
    "QNAME": "connectivity-check.ubuntu.com.",
    "QTYPE": "28",
    "QXID": "59228",
    "XID": "47597",
    "Port": "0",
    "RecursionScope": ".",
    "CacheScope": "Default",
    "PolicyName": "NULL",
    "BufferSize": "58",
    "PacketData": "0xB9ED0000000100000000000112636F6E6E65637469766974792D636865636B067562756E747503636F6D00001C00010000290FA0000080000000",
    "AdditionalInfo": ".",
    "GUID": "{54FA624A-F6A2-4966-92B8-8C9D6D9D2E06}",
    "EventReceivedTime": "2021-09-16T20:12:37.345384-07:00",
    "SourceModuleName": "dnsserver",
    "SourceModuleType": "im_etw",
    "HostIP": "192.168.1.36"
  },
  {
    "SourceName": "Microsoft-Windows-DNSServer",
    "ProviderGuid": "{EB79061A-A566-4698-9119-3ED2807060E7}",
    "EventID": 261,
    "Version": 0,
    "ChannelID": 16,
    "OpcodeValue": 0,
    "TaskValue": 2,
    "Keywords": "9223372036854775840",
    "EventTime": "2021-09-16T20:12:36.325055-07:00",
    "ExecutionProcessID": 2080,
    "ExecutionThreadID": 2940,
    "EventType": "INFO",
    "SeverityValue": 2,
    "Severity": "INFO",
    "Hostname": "WIN-93NOI1UVL29",
    "Domain": "NT AUTHORITY",
    "AccountName": "SYSTEM",
    "UserID": "S-1-5-18",
    "AccountType": "User",
    "Flags": "32768",
    "TCP": "0",
    "Source": "2001:503:39c1::30",
    "InterfaceIP": "::",
    "AA": "0",
    "AD": "0",
    "QNAME": "connectivity-check.ubuntu.com.",
    "QTYPE": "28",
    "XID": "47597",
    "RecursionDepth": "1",
    "Port": "0",
    "RecursionScope": ".",
    "CacheScope": "Default",
    "BufferSize": "719",
    "PacketData": "0xB9ED8000000100000007000412636F6E6E65637469766974792D636865636B067562756E747503636F6D00001C0001C01F000200010002A3000010036E73310963616E6F6E6963616CC026C01F000200010002A3000006036E7332C03FC01F000200010002A3000006036E7333C03F20434B30504F4A4D473837344C4A5245463745464E38343330515649543842534DC026003200010001518000230101000000146501A0C25720EE156F6C4E39636B3ADA0312D92A000722000000000290C06F002E00010001518000B7003208020001518061495E696140138199AF03636F6D0073D49C969AD112E1F52C00137560047BE57A0C63D266917DED0C9A551F1942FF5A835C70F318B7C1EC6363C09CA90BC736EB8345EA6F090394D2675E2DD1E0CEC5ED70EADAD937CA6CC54F1A48BA6BE6ED4985DC52360CD72D6C33AB6A67D91A22530A0F796FA8CD809D5DFD4EDA95D33C8A5BF1A724B9CB9248BFE875C054CB318444F00A1E1D5AE0EB39B04D9810FF639A4962C6AEB971DC01E12935F5E65520383934494F38414D394E445138564D383447504153475530514448464C465331C02600320001000151800022010100000014424932BEE2357785D77B222FA8B3D7932EA84F460006200000000012C182002E00010001518000B7003208020001518061496AF36140200B99AF03636F6D00374D6E2BB0EE7F1E91B1E8DEF33CDBE251DDBC3B73ED0E6BA3F4E2C113F91374BFBFA66A91E01CAD4923DF2DB205E8838633656212C4BA3070C2CB1C5B62AB26DAED0FE317DBCEE8A79C4B67D2E90CB1E4D63E45ADBB74CE3B0CBCAB678FA3038E6A68C29083515A14A8AE7298D4159863B8021EEBB0827141F769F911C0834D8B3CE0ABB5F63FA7D0804DF9C1BFBD63BEF314E33790E2E6A1816EADB15C21C7C03B000100010002A30000045BBD5EADC057000100010002A30000045BBD5F03C069000100010002A30000045BBD5B8B0000291000000080000000",
    "AdditionalInfo": ".",
    "GUID": "{54FA624A-F6A2-4966-92B8-8C9D6D9D2E06}",
    "EventReceivedTime": "2021-09-16T20:12:37.345384-07:00",
    "SourceModuleName": "dnsserver",
    "SourceModuleType": "im_etw",
    "HostIP": "192.168.1.36"
  },
  {
    "SourceName": "Microsoft-Windows-DNSServer",
    "ProviderGuid": "{EB79061A-A566-4698-9119-3ED2807060E7}",
    "EventID": 260,
    "Version": 0,
    "ChannelID": 16,
    "OpcodeValue": 0,
    "TaskValue": 2,
    "Keywords": "9223372036854775824",
    "EventTime": "2021-09-16T20:12:36.325231-07:00",
    "ExecutionProcessID": 2080,
    "ExecutionThreadID": 2940,
    "EventType": "INFO",
    "SeverityValue": 2,
    "Severity": "INFO",
    "Hostname": "WIN-93NOI1UVL29",
    "Domain": "NT AUTHORITY",
    "AccountName": "SYSTEM",
    "UserID": "S-1-5-18",
    "AccountType": "User",
    "Flags": "0",
    "TCP": "0",
    "Destination": "91.189.91.139",
    "InterfaceIP": "0.0.0.0",
    "RD": "0",
    "QNAME": "connectivity-check.ubuntu.com.",
    "QTYPE": "28",
    "QXID": "59228",
    "XID": "34001",
    "Port": "0",
    "RecursionScope": ".",
    "CacheScope": "Default",
    "PolicyName": "NULL",
    "BufferSize": "58",
    "PacketData": "0x84D10000000100000000000112636F6E6E65637469766974792D636865636B067562756E747503636F6D00001C00010000290FA0000080000000",
    "AdditionalInfo": ".",
    "GUID": "{54FA624A-F6A2-4966-92B8-8C9D6D9D2E06}",
    "EventReceivedTime": "2021-09-16T20:12:37.345384-07:00",
    "SourceModuleName": "dnsserver",
    "SourceModuleType": "im_etw",
    "HostIP": "192.168.1.36"
  },
  {
    "SourceName": "Microsoft-Windows-DNSServer",
    "ProviderGuid": "{EB79061A-A566-4698-9119-3ED2807060E7}",
    "EventID": 261,
    "Version": 0,
    "ChannelID": 16,
    "OpcodeValue": 0,
    "TaskValue": 2,
    "Keywords": "9223372036854775840",
    "EventTime": "2021-09-16T20:12:36.365531-07:00",
    "ExecutionProcessID": 2080,
    "ExecutionThreadID": 2940,
    "EventType": "INFO",
    "SeverityValue": 2,
    "Severity": "INFO",
    "Hostname": "WIN-93NOI1UVL29",
    "Domain": "NT AUTHORITY",
    "AccountName": "SYSTEM",
    "UserID": "S-1-5-18",
    "AccountType": "User",
    "Flags": "33792",
    "TCP": "0",
    "Source": "91.189.91.139",
    "InterfaceIP": "0.0.0.0",
    "AA": "1",
    "AD": "0",
    "QNAME": "connectivity-check.ubuntu.com.",
    "QTYPE": "28",
    "XID": "34001",
    "RecursionDepth": "2",
    "Port": "0",
    "RecursionScope": ".",
    "CacheScope": "Default",
    "BufferSize": "119",
    "PacketData": "0x84D18400000100000001000112636F6E6E65637469766974792D636865636B067562756E747503636F6D00001C0001C01F0006000100000E100031036E73310963616E6F6E6963616CC0260A686F73746D6173746572C03F7849112A00002A3000000E1000093A8000000E100000291000000080000000",
    "AdditionalInfo": ".",
    "GUID": "{54FA624A-F6A2-4966-92B8-8C9D6D9D2E06}",
    "EventReceivedTime": "2021-09-16T20:12:37.345384-07:00",
    "SourceModuleName": "dnsserver",
    "SourceModuleType": "im_etw",
    "HostIP": "192.168.1.36"
  },
  {
    "SourceName": "Microsoft-Windows-DNSServer",
    "ProviderGuid": "{EB79061A-A566-4698-9119-3ED2807060E7}",
    "EventID": 257,
    "Version": 0,
    "ChannelID": 16,
    "OpcodeValue": 0,
    "TaskValue": 1,
    "Keywords": "9223372036854775810",
    "EventTime": "2021-09-16T20:12:36.365682-07:00",
    "ExecutionProcessID": 2080,
    "ExecutionThreadID": 2940,
    "EventType": "INFO",
    "SeverityValue": 2,
    "Severity": "INFO",
    "Hostname": "WIN-93NOI1UVL29",
    "Domain": "NT AUTHORITY",
    "AccountName": "SYSTEM",
    "UserID": "S-1-5-18",
    "AccountType": "User",
    "Flags": "33152",
    "TCP": "0",
    "InterfaceIP": "192.168.1.36",
    "Destination": "192.168.1.7",
    "AA": "0",
    "AD": "0",
    "QNAME": "connectivity-check.ubuntu.com.",
    "QTYPE": "28",
    "XID": "59228",
    "DNSSEC": "0",
    "RCODE": "0",
    "Port": "45652",
    "Scope": "Default",
    "Zone": "..Cache",
    "PolicyName": "NULL",
    "BufferSize": "108",
    "PacketData": "0xE75C8180000100000001000012636F6E6E65637469766974792D636865636B067562756E747503636F6D00001C0001C01F00060001000003840031036E73310963616E6F6E6963616CC0260A686F73746D6173746572C03F7849112A00002A3000000E1000093A8000000E10",
    "AdditionalInfo": "VirtualizationInstance:.",
    "ElapsedTime": "66",
    "GUID": "{54FA624A-F6A2-4966-92B8-8C9D6D9D2E06}",
    "EventReceivedTime": "2021-09-16T20:12:37.345384-07:00",
    "SourceModuleName": "dnsserver",
    "SourceModuleType": "im_etw",
    "HostIP": "192.168.1.36"
  },
  {
    "SourceName": "Microsoft-Windows-DNSServer",
    "ProviderGuid": "{EB79061A-A566-4698-9119-3ED2807060E7}",
    "EventID": 256,
    "Version": 0,
    "ChannelID": 16,
    "OpcodeValue": 0,
    "TaskValue": 1,
    "Keywords": "9223372036854775809",
    "EventTime": "2021-09-16T20:12:36.366230-07:00",
    "ExecutionProcessID": 2080,
    "ExecutionThreadID": 2940,
    "EventType": "INFO",
    "SeverityValue": 2,
    "Severity": "INFO",
    "Hostname": "WIN-93NOI1UVL29",
    "Domain": "NT AUTHORITY",
    "AccountName": "SYSTEM",
    "UserID": "S-1-5-18",
    "AccountType": "User",
    "Flags": "256",
    "TCP": "0",
    "InterfaceIP": "192.168.1.36",
    "Source": "192.168.1.7",
    "RD": "1",
    "QNAME": "connectivity-check.ubuntu.com.example.com.",
    "QTYPE": "28",
    "XID": "37382",
    "Port": "33468",
    "BufferSize": "59",
    "PacketData": "0x92060100000100000000000012636F6E6E65637469766974792D636865636B067562756E747503636F6D076578616D706C6503636F6D00001C0001",
    "AdditionalInfo": ".",
    "GUID": "{6A75540C-1E22-485E-844C-27D6A400E40C}",
    "EventReceivedTime": "2021-09-16T20:12:37.345384-07:00",
    "SourceModuleName": "dnsserver",
    "SourceModuleType": "im_etw",
    "HostIP": "192.168.1.36"
  },
  {
    "SourceName": "Microsoft-Windows-DNSServer",
    "ProviderGuid": "{EB79061A-A566-4698-9119-3ED2807060E7}",
    "EventID": 257,
    "Version": 0,
    "ChannelID": 16,
    "OpcodeValue": 0,
    "TaskValue": 1,
    "Keywords": "9223372036854775810",
    "EventTime": "2021-09-16T20:12:36.366326-07:00",
    "ExecutionProcessID": 2080,
    "ExecutionThreadID": 2940,
    "EventType": "INFO",
    "SeverityValue": 2,
    "Severity": "INFO",
    "Hostname": "WIN-93NOI1UVL29",
    "Domain": "NT AUTHORITY",
    "AccountName": "SYSTEM",
    "UserID": "S-1-5-18",
    "AccountType": "User",
    "Flags": "34179",
    "TCP": "0",
    "InterfaceIP": "192.168.1.36",
    "Destination": "192.168.1.7",
    "AA": "1",
    "AD": "0",
    "QNAME": "connectivity-check.ubuntu.com.example.com.",
    "QTYPE": "28",
    "XID": "37382",
    "DNSSEC": "0",
    "RCODE": "3",
    "Port": "33468",
    "Scope": "Default",
    "Zone": "example.com",
    "PolicyName": "NULL",
    "BufferSize": "131",
    "PacketData": "0x92068583000100000001000012636F6E6E65637469766974792D636865636B067562756E747503636F6D076578616D706C6503636F6D00001C0001076578616D706C6503636F6D000006000100000E1000310F77696E2D39336E6F693175766C3239000A686F73746D6173746572000000001500000384000002580001518000000E10",
    "AdditionalInfo": "VirtualizationInstance:.",
    "ElapsedTime": "0",
    "GUID": "{6A75540C-1E22-485E-844C-27D6A400E40C}",
    "EventReceivedTime": "2021-09-16T20:12:37.345384-07:00",
    "SourceModuleName": "dnsserver",
    "SourceModuleType": "im_etw",
    "HostIP": "192.168.1.36"
  },
  {
    "SourceName": "Microsoft-Windows-DNSServer",
    "ProviderGuid": "{EB79061A-A566-4698-9119-3ED2807060E7}",
    "EventID": 256,
    "Version": 0,
    "ChannelID": 16,
    "OpcodeValue": 0,
    "TaskValue": 1,
    "Keywords": "9223372036854775809",
    "EventTime": "2021-09-16T20:12:42.474176-07:00",
    "ExecutionProcessID": 2080,
    "ExecutionThreadID": 2940,
    "EventType": "INFO",
    "SeverityValue": 2,
    "Severity": "INFO",
    "Hostname": "WIN-93NOI1UVL29",
    "Domain": "NT AUTHORITY",
    "AccountName": "SYSTEM",
    "UserID": "S-1-5-18",
    "AccountType": "User",
    "Flags": "256",
    "TCP": "0",
    "InterfaceIP": "192.168.1.36",
    "Source": "192.168.1.7",
    "RD": "1",
    "QNAME": "client-api.hubstaff.com.",
    "QTYPE": "1",
    "XID": "64014",
    "Port": "48977",
    "BufferSize": "41",
    "PacketData": "0xFA0E010000010000000000000A636C69656E742D61706908687562737461666603636F6D0000010001",
    "AdditionalInfo": ".",
    "GUID": "{275AC71A-C4F9-4036-AE9E-192A25BD7111}",
    "EventReceivedTime": "2021-09-16T20:12:43.486034-07:00",
    "SourceModuleName": "dnsserver",
    "SourceModuleType": "im_etw",
    "HostIP": "192.168.1.36"
  },
  {
    "SourceName": "Microsoft-Windows-DNSServer",
    "ProviderGuid": "{EB79061A-A566-4698-9119-3ED2807060E7}",
    "EventID": 279,
    "Version": 0,
    "ChannelID": 16,
    "OpcodeValue": 0,
    "TaskValue": 1,
    "Keywords": "9223372071214514176",
    "EventTime": "2021-09-16T20:12:42.474258-07:00",
    "ExecutionProcessID": 2080,
    "ExecutionThreadID": 2940,
    "EventType": "INFO",
    "SeverityValue": 2,
    "Severity": "INFO",
    "Hostname": "WIN-93NOI1UVL29",
    "Domain": "NT AUTHORITY",
    "AccountName": "SYSTEM",
    "UserID": "S-1-5-18",
    "AccountType": "User",
    "Flags": "33152",
    "TCP": "0",
    "InterfaceIP": "192.168.1.36",
    "Source": "192.168.1.7",
    "RD": "1",
    "QNAME": "philosophical-bison-9vt8wzdndw3v3gp7qhq4k8x0.herokudns.com.",
    "QTYPE": "1",
    "Port": "48977",
    "XID": "64014",
    "BufferSize": "41",
    "PacketData": "0xFA0E818000010001000000000A636C69656E742D61706908687562737461666603636F6D0000010001",
    "EventReceivedTime": "2021-09-16T20:12:43.486034-07:00",
    "SourceModuleName": "dnsserver",
    "SourceModuleType": "im_etw",
    "HostIP": "192.168.1.36"
  },
  {
    "SourceName": "Microsoft-Windows-DNSServer",
    "ProviderGuid": "{EB79061A-A566-4698-9119-3ED2807060E7}",
    "EventID": 260,
    "Version": 0,
    "ChannelID": 16,
    "OpcodeValue": 0,
    "TaskValue": 2,
    "Keywords": "9223372036854775824",
    "EventTime": "2021-09-16T20:12:42.474463-07:00",
    "ExecutionProcessID": 2080,
    "ExecutionThreadID": 2940,
    "EventType": "INFO",
    "SeverityValue": 2,
    "Severity": "INFO",
    "Hostname": "WIN-93NOI1UVL29",
    "Domain": "NT AUTHORITY",
    "AccountName": "SYSTEM",
    "UserID": "S-1-5-18",
    "AccountType": "User",
    "Flags": "0",
    "TCP": "0",
    "Destination": "198.51.44.5",
    "InterfaceIP": "0.0.0.0",
    "RD": "0",
    "QNAME": "philosophical-bison-9vt8wzdndw3v3gp7qhq4k8x0.herokudns.com.",
    "QTYPE": "1",
    "QXID": "64014",
    "XID": "40536",
    "Port": "0",
    "RecursionScope": ".",
    "CacheScope": "Default",
    "PolicyName": "NULL",
    "BufferSize": "87",
    "PacketData": "0x9E58000000010000000000012C7068696C6F736F70686963616C2D6269736F6E2D39767438777A646E6477337633677037716871346B387830096865726F6B75646E7303636F6D00000100010000290FA0000080000000",
    "AdditionalInfo": ".",
    "GUID": "{275AC71A-C4F9-4036-AE9E-192A25BD7111}",
    "EventReceivedTime": "2021-09-16T20:12:43.486034-07:00",
    "SourceModuleName": "dnsserver",
    "SourceModuleType": "im_etw",
    "HostIP": "192.168.1.36"
  },
  {
    "SourceName": "Microsoft-Windows-DNSServer",
    "ProviderGuid": "{EB79061A-A566-4698-9119-3ED2807060E7}",
    "EventID": 256,
    "Version": 0,
    "ChannelID": 16,
    "OpcodeValue": 0,
    "TaskValue": 1,
    "Keywords": "9223372036854775809",
    "EventTime": "2021-09-16T20:12:42.474498-07:00",
    "ExecutionProcessID": 2080,
    "ExecutionThreadID": 2940,
    "EventType": "INFO",
    "SeverityValue": 2,
    "Severity": "INFO",
    "Hostname": "WIN-93NOI1UVL29",
    "Domain": "NT AUTHORITY",
    "AccountName": "SYSTEM",
    "UserID": "S-1-5-18",
    "AccountType": "User",
    "Flags": "256",
    "TCP": "0",
    "InterfaceIP": "192.168.1.36",
    "Source": "192.168.1.7",
    "RD": "1",
    "QNAME": "client-api.hubstaff.com.",
    "QTYPE": "28",
    "XID": "64260",
    "Port": "48977",
    "BufferSize": "41",
    "PacketData": "0xFB04010000010000000000000A636C69656E742D61706908687562737461666603636F6D00001C0001",
    "AdditionalInfo": ".",
    "GUID": "{A5623219-490E-455F-823F-6BB2C3DB6E14}",
    "EventReceivedTime": "2021-09-16T20:12:43.486034-07:00",
    "SourceModuleName": "dnsserver",
    "SourceModuleType": "im_etw",
    "HostIP": "192.168.1.36"
  },
  {
    "SourceName": "Microsoft-Windows-DNSServer",
    "ProviderGuid": "{EB79061A-A566-4698-9119-3ED2807060E7}",
    "EventID": 279,
    "Version": 0,
    "ChannelID": 16,
    "OpcodeValue": 0,
    "TaskValue": 1,
    "Keywords": "9223372071214514176",
    "EventTime": "2021-09-16T20:12:42.474524-07:00",
    "ExecutionProcessID": 2080,
    "ExecutionThreadID": 2940,
    "EventType": "INFO",
    "SeverityValue": 2,
    "Severity": "INFO",
    "Hostname": "WIN-93NOI1UVL29",
    "Domain": "NT AUTHORITY",
    "AccountName": "SYSTEM",
    "UserID": "S-1-5-18",
    "AccountType": "User",
    "Flags": "33152",
    "TCP": "0",
    "InterfaceIP": "192.168.1.36",
    "Source": "192.168.1.7",
    "RD": "1",
    "QNAME": "philosophical-bison-9vt8wzdndw3v3gp7qhq4k8x0.herokudns.com.",
    "QTYPE": "28",
    "Port": "48977",
    "XID": "64260",
    "BufferSize": "41",
    "PacketData": "0xFB04818000010001000000000A636C69656E742D61706908687562737461666603636F6D00001C0001",
    "EventReceivedTime": "2021-09-16T20:12:43.486034-07:00",
    "SourceModuleName": "dnsserver",
    "SourceModuleType": "im_etw",
    "HostIP": "192.168.1.36"
  },
  {
    "SourceName": "Microsoft-Windows-DNSServer",
    "ProviderGuid": "{EB79061A-A566-4698-9119-3ED2807060E7}",
    "EventID": 260,
    "Version": 0,
    "ChannelID": 16,
    "OpcodeValue": 0,
    "TaskValue": 2,
    "Keywords": "9223372036854775824",
    "EventTime": "2021-09-16T20:12:42.474772-07:00",
    "ExecutionProcessID": 2080,
    "ExecutionThreadID": 2940,
    "EventType": "INFO",
    "SeverityValue": 2,
    "Severity": "INFO",
    "Hostname": "WIN-93NOI1UVL29",
    "Domain": "NT AUTHORITY",
    "AccountName": "SYSTEM",
    "UserID": "S-1-5-18",
    "AccountType": "User",
    "Flags": "0",
    "TCP": "0",
    "Destination": "198.51.44.5",
    "InterfaceIP": "0.0.0.0",
    "RD": "0",
    "QNAME": "philosophical-bison-9vt8wzdndw3v3gp7qhq4k8x0.herokudns.com.",
    "QTYPE": "28",
    "QXID": "64260",
    "XID": "33102",
    "Port": "0",
    "RecursionScope": ".",
    "CacheScope": "Default",
    "PolicyName": "NULL",
    "BufferSize": "87",
    "PacketData": "0x814E000000010000000000012C7068696C6F736F70686963616C2D6269736F6E2D39767438777A646E6477337633677037716871346B387830096865726F6B75646E7303636F6D00001C00010000290FA0000080000000",
    "AdditionalInfo": ".",
    "GUID": "{A5623219-490E-455F-823F-6BB2C3DB6E14}",
    "EventReceivedTime": "2021-09-16T20:12:43.486034-07:00",
    "SourceModuleName": "dnsserver",
    "SourceModuleType": "im_etw",
    "HostIP": "192.168.1.36"
  },
  {
    "SourceName": "Microsoft-Windows-DNSServer",
    "ProviderGuid": "{EB79061A-A566-4698-9119-3ED2807060E7}",
    "EventID": 261,
    "Version": 0,
    "ChannelID": 16,
    "OpcodeValue": 0,
    "TaskValue": 2,
    "Keywords": "9223372036854775840",
    "EventTime": "2021-09-16T20:12:42.493884-07:00",
    "ExecutionProcessID": 2080,
    "ExecutionThreadID": 2940,
    "EventType": "INFO",
    "SeverityValue": 2,
    "Severity": "INFO",
    "Hostname": "WIN-93NOI1UVL29",
    "Domain": "NT AUTHORITY",
    "AccountName": "SYSTEM",
    "UserID": "S-1-5-18",
    "AccountType": "User",
    "Flags": "33792",
    "TCP": "0",
    "Source": "198.51.44.5",
    "InterfaceIP": "0.0.0.0",
    "AA": "1",
    "AD": "0",
    "QNAME": "philosophical-bison-9vt8wzdndw3v3gp7qhq4k8x0.herokudns.com.",
    "QTYPE": "1",
    "XID": "40536",
    "RecursionDepth": "1",
    "Port": "0",
    "RecursionScope": ".",
    "CacheScope": "Default",
    "BufferSize": "260",
    "PacketData": "0x9E58840000010005000000012C7068696C6F736F70686963616C2D6269736F6E2D39767438777A646E6477337633677037716871346B387830096865726F6B75646E7303636F6D0000010001C00C0001000100000004000436ED8551C00C0001000100000004000412CDDE80C00C0001000100000004000434CAA841C00C0001000100000004000436A1F12EC00C002E000100000004006100010D03000000046145592A6142B62AAE90096865726F6B75646E7303636F6D0052B6042571C23CD1B696D13079FC31EB74A14A9EB9C6FDEBA65A807F7F13AD042162FFAAAF421E7682642B4FD885091C26E439659040F90A7A61E3FE1FBDC47300002904D0000080000000",
    "AdditionalInfo": ".",
    "GUID": "{275AC71A-C4F9-4036-AE9E-192A25BD7111}",
    "EventReceivedTime": "2021-09-16T20:12:43.501926-07:00",
    "SourceModuleName": "dnsserver",
    "SourceModuleType": "im_etw",
    "HostIP": "192.168.1.36"
  },
  {
    "SourceName": "Microsoft-Windows-DNSServer",
    "ProviderGuid": "{EB79061A-A566-4698-9119-3ED2807060E7}",
    "EventID": 257,
    "Version": 0,
    "ChannelID": 16,
    "OpcodeValue": 0,
    "TaskValue": 1,
    "Keywords": "9223372036854775810",
    "EventTime": "2021-09-16T20:12:42.494508-07:00",
    "ExecutionProcessID": 2080,
    "ExecutionThreadID": 2940,
    "EventType": "INFO",
    "SeverityValue": 2,
    "Severity": "INFO",
    "Hostname": "WIN-93NOI1UVL29",
    "Domain": "NT AUTHORITY",
    "AccountName": "SYSTEM",
    "UserID": "S-1-5-18",
    "AccountType": "User",
    "Flags": "33152",
    "TCP": "0",
    "InterfaceIP": "192.168.1.36",
    "Destination": "192.168.1.7",
    "AA": "0",
    "AD": "0",
    "QNAME": "client-api.hubstaff.com.",
    "QTYPE": "1",
    "XID": "64014",
    "DNSSEC": "0",
    "RCODE": "0",
    "Port": "48977",
    "Scope": "Default",
    "Zone": "..Cache",
    "PolicyName": "NULL",
    "BufferSize": "174",
    "PacketData": "0xFA0E818000010005000000000A636C69656E742D61706908687562737461666603636F6D0000010001C00C000500010000090D00392C7068696C6F736F70686963616C2D6269736F6E2D39767438777A646E6477337633677037716871346B387830096865726F6B75646E73C020C0350001000100000003000436ED8551C0350001000100000003000412CDDE80C0350001000100000003000434CAA841C0350001000100000003000436A1F12E",
    "AdditionalInfo": "VirtualizationInstance:.",
    "ElapsedTime": "21",
    "GUID": "{275AC71A-C4F9-4036-AE9E-192A25BD7111}",
    "EventReceivedTime": "2021-09-16T20:12:43.501926-07:00",
    "SourceModuleName": "dnsserver",
    "SourceModuleType": "im_etw",
    "HostIP": "192.168.1.36"
  },
  {
    "SourceName": "Microsoft-Windows-DNSServer",
    "ProviderGuid": "{EB79061A-A566-4698-9119-3ED2807060E7}",
    "EventID": 261,
    "Version": 0,
    "ChannelID": 16,
    "OpcodeValue": 0,
    "TaskValue": 2,
    "Keywords": "9223372036854775840",
    "EventTime": "2021-09-16T20:12:42.494575-07:00",
    "ExecutionProcessID": 2080,
    "ExecutionThreadID": 2940,
    "EventType": "INFO",
    "SeverityValue": 2,
    "Severity": "INFO",
    "Hostname": "WIN-93NOI1UVL29",
    "Domain": "NT AUTHORITY",
    "AccountName": "SYSTEM",
    "UserID": "S-1-5-18",
    "AccountType": "User",
    "Flags": "33792",
    "TCP": "0",
    "Source": "198.51.44.5",
    "InterfaceIP": "0.0.0.0",
    "AA": "1",
    "AD": "0",
    "QNAME": "philosophical-bison-9vt8wzdndw3v3gp7qhq4k8x0.herokudns.com.",
    "QTYPE": "28",
    "XID": "33102",
    "RecursionDepth": "1",
    "Port": "0",
    "RecursionScope": ".",
    "CacheScope": "Default",
    "BufferSize": "452",
    "PacketData": "0x814E840000010000000400012C7068696C6F736F70686963616C2D6269736F6E2D39767438777A646E6477337633677037716871346B387830096865726F6B75646E7303636F6D00001C0001C039000600010000000A003504646E733103703035056E736F6E65036E6574000A686F73746D6173746572C061614407990000025800000384001275000000000AC039002E00010000000A006100060D020000003C6145592A6142B62AAE90096865726F6B75646E7303636F6D00DBCF54ABCCC3D4301F0731EEB077C92B9831E890775728C2E7A9ABBFD40233CF096DF5FA7A75CAAF6760CFA66678DC7A690C0F114056656FE669D14732791C49C00C002F00010000000A004601002C7068696C6F736F70686963616C2D6269736F6E2D39767438777A646E6477337633677037716871346B387830096865726F6B75646E7303636F6D000006400000000003C00C002E00010000000A0061002F0D030000000A6145592A6142B62AAE90096865726F6B75646E7303636F6D00AC04F359D4273E5663DE70728906CC01A6A28AF1600D8A1480C830FAC74C8767E653537EDD609BC096137D296E9C6EDA44BF4C16A4DF1BAB69A96B8D9C51DB2D00002904D0000080000000",
    "AdditionalInfo": ".",
    "GUID": "{A5623219-490E-455F-823F-6BB2C3DB6E14}",
    "EventReceivedTime": "2021-09-16T20:12:43.501926-07:00",
    "SourceModuleName": "dnsserver",
    "SourceModuleType": "im_etw",
    "HostIP": "192.168.1.36"
  },
  {
    "SourceName": "Microsoft-Windows-DNSServer",
    "ProviderGuid": "{EB79061A-A566-4698-9119-3ED2807060E7}",
    "EventID": 257,
    "Version": 0,
    "ChannelID": 16,
    "OpcodeValue": 0,
    "TaskValue": 1,
    "Keywords": "9223372036854775810",
    "EventTime": "2021-09-16T20:12:42.495160-07:00",
    "ExecutionProcessID": 2080,
    "ExecutionThreadID": 2940,
    "EventType": "INFO",
    "SeverityValue": 2,
    "Severity": "INFO",
    "Hostname": "WIN-93NOI1UVL29",
    "Domain": "NT AUTHORITY",
    "AccountName": "SYSTEM",
    "UserID": "S-1-5-18",
    "AccountType": "User",
    "Flags": "33152",
    "TCP": "0",
    "InterfaceIP": "192.168.1.36",
    "Destination": "192.168.1.7",
    "AA": "0",
    "AD": "0",
    "QNAME": "client-api.hubstaff.com.",
    "QTYPE": "28",
    "XID": "64260",
    "DNSSEC": "0",
    "RCODE": "0",
    "Port": "48977",
    "Scope": "Default",
    "Zone": "..Cache",
    "PolicyName": "NULL",
    "BufferSize": "110",
    "PacketData": "0xFB04818000010001000000000A636C69656E742D61706908687562737461666603636F6D00001C0001C00C000500010000090D00392C7068696C6F736F70686963616C2D6269736F6E2D39767438777A646E6477337633677037716871346B387830096865726F6B75646E73C020",
    "AdditionalInfo": "VirtualizationInstance:.",
    "ElapsedTime": "20",
    "GUID": "{A5623219-490E-455F-823F-6BB2C3DB6E14}",
    "EventReceivedTime": "2021-09-16T20:12:43.501926-07:00",
    "SourceModuleName": "dnsserver",
    "SourceModuleType": "im_etw",
    "HostIP": "192.168.1.36"
  },
  {
    "SourceName": "Microsoft-Windows-DNSServer",
    "ProviderGuid": "{EB79061A-A566-4698-9119-3ED2807060E7}",
    "EventID": 256,
    "Version": 0,
    "ChannelID": 16,
    "OpcodeValue": 0,
    "TaskValue": 1,
    "Keywords": "9223372036854775809",
    "EventTime": "2021-09-16T20:12:43.264759-07:00",
    "ExecutionProcessID": 2080,
    "ExecutionThreadID": 2940,
    "EventType": "INFO",
    "SeverityValue": 2,
    "Severity": "INFO",
    "Hostname": "WIN-93NOI1UVL29",
    "Domain": "NT AUTHORITY",
    "AccountName": "SYSTEM",
    "UserID": "S-1-5-18",
    "AccountType": "User",
    "Flags": "256",
    "TCP": "0",
    "InterfaceIP": "192.168.1.36",
    "Source": "192.168.1.7",
    "RD": "1",
    "QNAME": "client-api.hubstaff.com.",
    "QTYPE": "1",
    "XID": "6498",
    "Port": "36625",
    "BufferSize": "41",
    "PacketData": "0x1962010000010000000000000A636C69656E742D61706908687562737461666603636F6D0000010001",
    "AdditionalInfo": ".",
    "GUID": "{390576FA-EFDA-4853-BDF4-2AA6725248FC}",
    "EventReceivedTime": "2021-09-16T20:12:43.501926-07:00",
    "SourceModuleName": "dnsserver",
    "SourceModuleType": "im_etw",
    "HostIP": "192.168.1.36"
  },
  {
    "SourceName": "Microsoft-Windows-DNSServer",
    "ProviderGuid": "{EB79061A-A566-4698-9119-3ED2807060E7}",
    "EventID": 279,
    "Version": 0,
    "ChannelID": 16,
    "OpcodeValue": 0,
    "TaskValue": 1,
    "Keywords": "9223372071214514176",
    "EventTime": "2021-09-16T20:12:43.264788-07:00",
    "ExecutionProcessID": 2080,
    "ExecutionThreadID": 2940,
    "EventType": "INFO",
    "SeverityValue": 2,
    "Severity": "INFO",
    "Hostname": "WIN-93NOI1UVL29",
    "Domain": "NT AUTHORITY",
    "AccountName": "SYSTEM",
    "UserID": "S-1-5-18",
    "AccountType": "User",
    "Flags": "33152",
    "TCP": "0",
    "InterfaceIP": "192.168.1.36",
    "Source": "192.168.1.7",
    "RD": "1",
    "QNAME": "philosophical-bison-9vt8wzdndw3v3gp7qhq4k8x0.herokudns.com.",
    "QTYPE": "1",
    "Port": "36625",
    "XID": "6498",
    "BufferSize": "41",
    "PacketData": "0x1962818000010001000000000A636C69656E742D61706908687562737461666603636F6D0000010001",
    "EventReceivedTime": "2021-09-16T20:12:43.501926-07:00",
    "SourceModuleName": "dnsserver",
    "SourceModuleType": "im_etw",
    "HostIP": "192.168.1.36"
  },
  {
    "SourceName": "Microsoft-Windows-DNSServer",
    "ProviderGuid": "{EB79061A-A566-4698-9119-3ED2807060E7}",
    "EventID": 257,
    "Version": 0,
    "ChannelID": 16,
    "OpcodeValue": 0,
    "TaskValue": 1,
    "Keywords": "9223372036854775810",
    "EventTime": "2021-09-16T20:12:43.264854-07:00",
    "ExecutionProcessID": 2080,
    "ExecutionThreadID": 2940,
    "EventType": "INFO",
    "SeverityValue": 2,
    "Severity": "INFO",
    "Hostname": "WIN-93NOI1UVL29",
    "Domain": "NT AUTHORITY",
    "AccountName": "SYSTEM",
    "UserID": "S-1-5-18",
    "AccountType": "User",
    "Flags": "33152",
    "TCP": "0",
    "InterfaceIP": "192.168.1.36",
    "Destination": "192.168.1.7",
    "AA": "0",
    "AD": "0",
    "QNAME": "client-api.hubstaff.com.",
    "QTYPE": "1",
    "XID": "6498",
    "DNSSEC": "0",
    "RCODE": "0",
    "Port": "36625",
    "Scope": "Default",
    "Zone": "..Cache",
    "PolicyName": "NULL",
    "BufferSize": "174",
    "PacketData": "0x1962818000010005000000000A636C69656E742D61706908687562737461666603636F6D0000010001C00C000500010000090C00392C7068696C6F736F70686963616C2D6269736F6E2D39767438777A646E6477337633677037716871346B387830096865726F6B75646E73C020C0350001000100000002000412CDDE80C0350001000100000002000434CAA841C0350001000100000002000436A1F12EC0350001000100000002000436ED8551",
    "AdditionalInfo": "VirtualizationInstance:.",
    "ElapsedTime": "0",
    "GUID": "{390576FA-EFDA-4853-BDF4-2AA6725248FC}",
    "EventReceivedTime": "2021-09-16T20:12:43.501926-07:00",
    "SourceModuleName": "dnsserver",
    "SourceModuleType": "im_etw",
    "HostIP": "192.168.1.36"
  },
  {
    "SourceName": "Microsoft-Windows-DNSServer",
    "ProviderGuid": "{EB79061A-A566-4698-9119-3ED2807060E7}",
    "EventID": 256,
    "Version": 0,
    "ChannelID": 16,
    "OpcodeValue": 0,
    "TaskValue": 1,
    "Keywords": "9223372036854775809",
    "EventTime": "2021-09-16T20:12:43.264872-07:00",
    "ExecutionProcessID": 2080,
    "ExecutionThreadID": 2940,
    "EventType": "INFO",
    "SeverityValue": 2,
    "Severity": "INFO",
    "Hostname": "WIN-93NOI1UVL29",
    "Domain": "NT AUTHORITY",
    "AccountName": "SYSTEM",
    "UserID": "S-1-5-18",
    "AccountType": "User",
    "Flags": "256",
    "TCP": "0",
    "InterfaceIP": "192.168.1.36",
    "Source": "192.168.1.7",
    "RD": "1",
    "QNAME": "client-api.hubstaff.com.",
    "QTYPE": "28",
    "XID": "42334",
    "Port": "36625",
    "BufferSize": "41",
    "PacketData": "0xA55E010000010000000000000A636C69656E742D61706908687562737461666603636F6D00001C0001",
    "AdditionalInfo": ".",
    "GUID": "{86FA94CA-3A68-46C6-AE73-63722A8FE647}",
    "EventReceivedTime": "2021-09-16T20:12:43.501926-07:00",
    "SourceModuleName": "dnsserver",
    "SourceModuleType": "im_etw",
    "HostIP": "192.168.1.36"
  },
  {
    "SourceName": "Microsoft-Windows-DNSServer",
    "ProviderGuid": "{EB79061A-A566-4698-9119-3ED2807060E7}",
    "EventID": 279,
    "Version": 0,
    "ChannelID": 16,
    "OpcodeValue": 0,
    "TaskValue": 1,
    "Keywords": "9223372071214514176",
    "EventTime": "2021-09-16T20:12:43.264882-07:00",
    "ExecutionProcessID": 2080,
    "ExecutionThreadID": 2940,
    "EventType": "INFO",
    "SeverityValue": 2,
    "Severity": "INFO",
    "Hostname": "WIN-93NOI1UVL29",
    "Domain": "NT AUTHORITY",
    "AccountName": "SYSTEM",
    "UserID": "S-1-5-18",
    "AccountType": "User",
    "Flags": "33152",
    "TCP": "0",
    "InterfaceIP": "192.168.1.36",
    "Source": "192.168.1.7",
    "RD": "1",
    "QNAME": "philosophical-bison-9vt8wzdndw3v3gp7qhq4k8x0.herokudns.com.",
    "QTYPE": "28",
    "Port": "36625",
    "XID": "42334",
    "BufferSize": "41",
    "PacketData": "0xA55E818000010001000000000A636C69656E742D61706908687562737461666603636F6D00001C0001",
    "EventReceivedTime": "2021-09-16T20:12:43.501926-07:00",
    "SourceModuleName": "dnsserver",
    "SourceModuleType": "im_etw",
    "HostIP": "192.168.1.36"
  },
  {
    "SourceName": "Microsoft-Windows-DNSServer",
    "ProviderGuid": "{EB79061A-A566-4698-9119-3ED2807060E7}",
    "EventID": 257,
    "Version": 0,
    "ChannelID": 16,
    "OpcodeValue": 0,
    "TaskValue": 1,
    "Keywords": "9223372036854775810",
    "EventTime": "2021-09-16T20:12:43.264914-07:00",
    "ExecutionProcessID": 2080,
    "ExecutionThreadID": 2940,
    "EventType": "INFO",
    "SeverityValue": 2,
    "Severity": "INFO",
    "Hostname": "WIN-93NOI1UVL29",
    "Domain": "NT AUTHORITY",
    "AccountName": "SYSTEM",
    "UserID": "S-1-5-18",
    "AccountType": "User",
    "Flags": "33152",
    "TCP": "0",
    "InterfaceIP": "192.168.1.36",
    "Destination": "192.168.1.7",
    "AA": "0",
    "AD": "0",
    "QNAME": "client-api.hubstaff.com.",
    "QTYPE": "28",
    "XID": "42334",
    "DNSSEC": "0",
    "RCODE": "0",
    "Port": "36625",
    "Scope": "Default",
    "Zone": "..Cache",
    "PolicyName": "NULL",
    "BufferSize": "175",
    "PacketData": "0xA55E818000010001000100000A636C69656E742D61706908687562737461666603636F6D00001C0001C00C000500010000090C00392C7068696C6F736F70686963616C2D6269736F6E2D39767438777A646E6477337633677037716871346B387830096865726F6B75646E73C020C0620006000100000009003504646E733103703035056E736F6E65036E6574000A686F73746D6173746572C083614407990000025800000384001275000000000A",
    "AdditionalInfo": "VirtualizationInstance:.",
    "ElapsedTime": "0",
    "GUID": "{86FA94CA-3A68-46C6-AE73-63722A8FE647}",
    "EventReceivedTime": "2021-09-16T20:12:43.501926-07:00",
    "SourceModuleName": "dnsserver",
    "SourceModuleType": "im_etw",
    "HostIP": "192.168.1.36"
  },
  {
    "SourceName": "Microsoft-Windows-DNSServer",
    "ProviderGuid": "{EB79061A-A566-4698-9119-3ED2807060E7}",
    "EventID": 256,
    "Version": 0,
    "ChannelID": 16,
    "OpcodeValue": 0,
    "TaskValue": 1,
    "Keywords": "9223372036854775809",
    "EventTime": "2021-09-16T20:12:43.497782-07:00",
    "ExecutionProcessID": 2080,
    "ExecutionThreadID": 2940,
    "EventType": "INFO",
    "SeverityValue": 2,
    "Severity": "INFO",
    "Hostname": "WIN-93NOI1UVL29",
    "Domain": "NT AUTHORITY",
    "AccountName": "SYSTEM",
    "UserID": "S-1-5-18",
    "AccountType": "User",
    "Flags": "256",
    "TCP": "0",
    "InterfaceIP": "192.168.1.36",
    "Source": "192.168.1.7",
    "RD": "1",
    "QNAME": "hubstaff-production.s3.amazonaws.com.",
    "QTYPE": "1",
    "XID": "1245",
    "Port": "34264",
    "BufferSize": "54",
    "PacketData": "0x04DD010000010000000000001368756273746166662D70726F64756374696F6E02733309616D617A6F6E61777303636F6D0000010001",
    "AdditionalInfo": ".",
    "GUID": "{D322A169-7D2E-4814-8FDD-079D0180C781}",
    "EventReceivedTime": "2021-09-16T20:12:44.486333-07:00",
    "SourceModuleName": "dnsserver",
    "SourceModuleType": "im_etw",
    "HostIP": "192.168.1.36"
  },
  {
    "SourceName": "Microsoft-Windows-DNSServer",
    "ProviderGuid": "{EB79061A-A566-4698-9119-3ED2807060E7}",
    "EventID": 279,
    "Version": 0,
    "ChannelID": 16,
    "OpcodeValue": 0,
    "TaskValue": 1,
    "Keywords": "9223372071214514176",
    "EventTime": "2021-09-16T20:12:43.497828-07:00",
    "ExecutionProcessID": 2080,
    "ExecutionThreadID": 2940,
    "EventType": "INFO",
    "SeverityValue": 2,
    "Severity": "INFO",
    "Hostname": "WIN-93NOI1UVL29",
    "Domain": "NT AUTHORITY",
    "AccountName": "SYSTEM",
    "UserID": "S-1-5-18",
    "AccountType": "User",
    "Flags": "33152",
    "TCP": "0",
    "InterfaceIP": "192.168.1.36",
    "Source": "192.168.1.7",
    "RD": "1",
    "QNAME": "s3-1-w.amazonaws.com.",
    "QTYPE": "1",
    "Port": "34264",
    "XID": "1245",
    "BufferSize": "54",
    "PacketData": "0x04DD818000010001000000001368756273746166662D70726F64756374696F6E02733309616D617A6F6E61777303636F6D0000010001",
    "EventReceivedTime": "2021-09-16T20:12:44.486333-07:00",
    "SourceModuleName": "dnsserver",
    "SourceModuleType": "im_etw",
    "HostIP": "192.168.1.36"
  },
  {
    "SourceName": "Microsoft-Windows-DNSServer",
    "ProviderGuid": "{EB79061A-A566-4698-9119-3ED2807060E7}",
    "EventID": 260,
    "Version": 0,
    "ChannelID": 16,
    "OpcodeValue": 0,
    "TaskValue": 2,
    "Keywords": "9223372036854775824",
    "EventTime": "2021-09-16T20:12:43.498038-07:00",
    "ExecutionProcessID": 2080,
    "ExecutionThreadID": 2940,
    "EventType": "INFO",
    "SeverityValue": 2,
    "Severity": "INFO",
    "Hostname": "WIN-93NOI1UVL29",
    "Domain": "NT AUTHORITY",
    "AccountName": "SYSTEM",
    "UserID": "S-1-5-18",
    "AccountType": "User",
    "Flags": "0",
    "TCP": "0",
    "Destination": "205.251.195.199",
    "InterfaceIP": "0.0.0.0",
    "RD": "0",
    "QNAME": "s3-1-w.amazonaws.com.",
    "QTYPE": "1",
    "QXID": "1245",
    "XID": "18472",
    "Port": "0",
    "RecursionScope": ".",
    "CacheScope": "Default",
    "PolicyName": "NULL",
    "BufferSize": "49",
    "PacketData": "0x4828000000010000000000010673332D312D7709616D617A6F6E61777303636F6D00000100010000290FA0000080000000",
    "AdditionalInfo": ".",
    "GUID": "{D322A169-7D2E-4814-8FDD-079D0180C781}",
    "EventReceivedTime": "2021-09-16T20:12:44.486333-07:00",
    "SourceModuleName": "dnsserver",
    "SourceModuleType": "im_etw",
    "HostIP": "192.168.1.36"
  },
  {
    "SourceName": "Microsoft-Windows-DNSServer",
    "ProviderGuid": "{EB79061A-A566-4698-9119-3ED2807060E7}",
    "EventID": 256,
    "Version": 0,
    "ChannelID": 16,
    "OpcodeValue": 0,
    "TaskValue": 1,
    "Keywords": "9223372036854775809",
    "EventTime": "2021-09-16T20:12:43.498106-07:00",
    "ExecutionProcessID": 2080,
    "ExecutionThreadID": 2940,
    "EventType": "INFO",
    "SeverityValue": 2,
    "Severity": "INFO",
    "Hostname": "WIN-93NOI1UVL29",
    "Domain": "NT AUTHORITY",
    "AccountName": "SYSTEM",
    "UserID": "S-1-5-18",
    "AccountType": "User",
    "Flags": "256",
    "TCP": "0",
    "InterfaceIP": "192.168.1.36",
    "Source": "192.168.1.7",
    "RD": "1",
    "QNAME": "hubstaff-production.s3.amazonaws.com.",
    "QTYPE": "28",
    "XID": "13274",
    "Port": "34264",
    "BufferSize": "54",
    "PacketData": "0x33DA010000010000000000001368756273746166662D70726F64756374696F6E02733309616D617A6F6E61777303636F6D00001C0001",
    "AdditionalInfo": ".",
    "GUID": "{7B216F75-B7E7-455C-B9E0-02D284107990}",
    "EventReceivedTime": "2021-09-16T20:12:44.486333-07:00",
    "SourceModuleName": "dnsserver",
    "SourceModuleType": "im_etw",
    "HostIP": "192.168.1.36"
  },
  {
    "SourceName": "Microsoft-Windows-DNSServer",
    "ProviderGuid": "{EB79061A-A566-4698-9119-3ED2807060E7}",
    "EventID": 279,
    "Version": 0,
    "ChannelID": 16,
    "OpcodeValue": 0,
    "TaskValue": 1,
    "Keywords": "9223372071214514176",
    "EventTime": "2021-09-16T20:12:43.498416-07:00",
    "ExecutionProcessID": 2080,
    "ExecutionThreadID": 2940,
    "EventType": "INFO",
    "SeverityValue": 2,
    "Severity": "INFO",
    "Hostname": "WIN-93NOI1UVL29",
    "Domain": "NT AUTHORITY",
    "AccountName": "SYSTEM",
    "UserID": "S-1-5-18",
    "AccountType": "User",
    "Flags": "33152",
    "TCP": "0",
    "InterfaceIP": "192.168.1.36",
    "Source": "192.168.1.7",
    "RD": "1",
    "QNAME": "s3-1-w.amazonaws.com.",
    "QTYPE": "28",
    "Port": "34264",
    "XID": "13274",
    "BufferSize": "54",
    "PacketData": "0x33DA818000010001000000001368756273746166662D70726F64756374696F6E02733309616D617A6F6E61777303636F6D00001C0001",
    "EventReceivedTime": "2021-09-16T20:12:44.486333-07:00",
    "SourceModuleName": "dnsserver",
    "SourceModuleType": "im_etw",
    "HostIP": "192.168.1.36"
  },
