  {
    "SourceName": "Microsoft-Windows-DNSServer",
    "ProviderGuid": "{EB79061A-A566-4698-9119-3ED2807060E7}",
    "EventID": 260,
    "Version": 0,
    "ChannelID": 16,
    "OpcodeValue": 0,
    "TaskValue": 2,
    "Keywords": "9223372036854775824",
    "EventTime": "2021-09-16T20:07:24.835050-07:00",
    "ExecutionProcessID": 2080,
    "ExecutionThreadID": 2940,
    "EventType": "INFO",
    "SeverityValue": 2,
    "Severity": "INFO",
    "Hostname": "WIN-93NOI1UVL29",
    "Domain": "NT AUTHORITY",
    "AccountName": "SYSTEM",
    "UserID": "S-1-5-18",
    "AccountType": "User",
    "Flags": "0",
    "TCP": "0",
    "Destination": "2603:1061::2",
    "InterfaceIP": "::",
    "RD": "0",
    "QNAME": "onedscolprdwus00.westus.cloudapp.azure.com.",
    "QTYPE": "28",
    "QXID": "65157",
    "XID": "9171",
    "Port": "0",
    "RecursionScope": ".",
    "CacheScope": "Default",
    "PolicyName": "NULL",
    "BufferSize": "71",
    "PacketData": "0x23D300000001000000000001106F6E656473636F6C70726477757330300677657374757308636C6F756461707005617A75726503636F6D00001C00010000290FA0000080000000",
    "AdditionalInfo": ".",
    "GUID": "{D38E9A38-415D-4D59-B14F-9B3AC883FFD2}",
    "EventReceivedTime": "2021-09-16T20:07:25.713073-07:00",
    "SourceModuleName": "dnsserver",
    "SourceModuleType": "im_etw",
    "HostIP": "192.168.1.36"
  },
  {
    "SourceName": "Microsoft-Windows-DNSServer",
    "ProviderGuid": "{EB79061A-A566-4698-9119-3ED2807060E7}",
    "EventID": 261,
    "Version": 0,
    "ChannelID": 16,
    "OpcodeValue": 0,
    "TaskValue": 2,
    "Keywords": "9223372036854775840",
    "EventTime": "2021-09-16T20:07:24.841683-07:00",
    "ExecutionProcessID": 2080,
    "ExecutionThreadID": 2940,
    "EventType": "INFO",
    "SeverityValue": 2,
    "Severity": "INFO",
    "Hostname": "WIN-93NOI1UVL29",
    "Domain": "NT AUTHORITY",
    "AccountName": "SYSTEM",
    "UserID": "S-1-5-18",
    "AccountType": "User",
    "Flags": "33792",
    "TCP": "0",
    "Source": "40.90.4.2",
    "InterfaceIP": "0.0.0.0",
    "AA": "1",
    "AD": "0",
    "QNAME": "onedscolprdwus00.westus.cloudapp.azure.com.",
    "QTYPE": "1",
    "XID": "9652",
    "RecursionDepth": "3",
    "Port": "0",
    "RecursionScope": ".",
    "CacheScope": "Default",
    "BufferSize": "87",
    "PacketData": "0x25B484000001000100000001106F6E656473636F6C70726477757330300677657374757308636C6F756461707005617A75726503636F6D0000010001C00C000100010000000A000414BDAD0100002904D0000080000000",
    "AdditionalInfo": ".",
    "GUID": "{108EAB29-3997-45E6-9B21-8E6DFBB1DAFE}",
    "EventReceivedTime": "2021-09-16T20:07:25.713073-07:00",
    "SourceModuleName": "dnsserver",
    "SourceModuleType": "im_etw",
    "HostIP": "192.168.1.36"
  },
  {
    "SourceName": "Microsoft-Windows-DNSServer",
    "ProviderGuid": "{EB79061A-A566-4698-9119-3ED2807060E7}",
    "EventID": 257,
    "Version": 0,
    "ChannelID": 16,
    "OpcodeValue": 0,
    "TaskValue": 1,
    "Keywords": "9223372036854775810",
    "EventTime": "2021-09-16T20:07:24.842657-07:00",
    "ExecutionProcessID": 2080,
    "ExecutionThreadID": 2940,
    "EventType": "INFO",
    "SeverityValue": 2,
    "Severity": "INFO",
    "Hostname": "WIN-93NOI1UVL29",
    "Domain": "NT AUTHORITY",
    "AccountName": "SYSTEM",
    "UserID": "S-1-5-18",
    "AccountType": "User",
    "Flags": "33152",
    "TCP": "0",
    "InterfaceIP": "2601:442:4400:82a:b8a3:7b53:d4bf:98bf",
    "Destination": "2601:442:4400:82a:b8a3:7b53:d4bf:98bf",
    "AA": "0",
    "AD": "0",
    "QNAME": "v10.events.data.microsoft.com.",
    "QTYPE": "1",
    "XID": "45707",
    "DNSSEC": "0",
    "RCODE": "0",
    "Port": "58414",
    "Scope": "Default",
    "Zone": "..Cache",
    "PolicyName": "NULL",
    "BufferSize": "174",
    "PacketData": "0xB28B8180000100030000000003763130066576656E74730464617461096D6963726F736F667403636F6D0000010001C00C00050001000009E6002E06676C6F62616C066173696D6F76066576656E747304646174610E747261666669636D616E61676572036E657400C03B000500010000003C0029106F6E656473636F6C70726477757330300677657374757308636C6F756461707005617A757265C026C075000100010000000A000414BDAD01",
    "AdditionalInfo": "VirtualizationInstance:.",
    "ElapsedTime": "140",
    "GUID": "{108EAB29-3997-45E6-9B21-8E6DFBB1DAFE}",
    "EventReceivedTime": "2021-09-16T20:07:25.713073-07:00",
    "SourceModuleName": "dnsserver",
    "SourceModuleType": "im_etw",
    "HostIP": "192.168.1.36"
  },
  {
    "SourceName": "Microsoft-Windows-DNSServer",
    "ProviderGuid": "{EB79061A-A566-4698-9119-3ED2807060E7}",
    "EventID": 261,
    "Version": 0,
    "ChannelID": 16,
    "OpcodeValue": 0,
    "TaskValue": 2,
    "Keywords": "9223372036854775840",
    "EventTime": "2021-09-16T20:07:24.854965-07:00",
    "ExecutionProcessID": 2080,
    "ExecutionThreadID": 2940,
    "EventType": "INFO",
    "SeverityValue": 2,
    "Severity": "INFO",
    "Hostname": "WIN-93NOI1UVL29",
    "Domain": "NT AUTHORITY",
    "AccountName": "SYSTEM",
    "UserID": "S-1-5-18",
    "AccountType": "User",
    "Flags": "33792",
    "TCP": "0",
    "Source": "2603:1061::2",
    "InterfaceIP": "::",
    "AA": "1",
    "AD": "0",
    "QNAME": "onedscolprdwus00.westus.cloudapp.azure.com.",
    "QTYPE": "28",
    "XID": "9171",
    "RecursionDepth": "3",
    "Port": "0",
    "RecursionScope": ".",
    "CacheScope": "Default",
    "BufferSize": "141",
    "PacketData": "0x23D384000001000000010001106F6E656473636F6C70726477757330300677657374757308636C6F756461707005617A75726503636F6D00001C0001C01D000600010000003C003A066E73312D303209617A7572652D646E73C033066D736E687374096D6963726F736F6674C03300002711000003840000012C00093A800000003C00002904D0000080000000",
    "AdditionalInfo": ".",
    "GUID": "{D38E9A38-415D-4D59-B14F-9B3AC883FFD2}",
    "EventReceivedTime": "2021-09-16T20:07:25.713073-07:00",
    "SourceModuleName": "dnsserver",
    "SourceModuleType": "im_etw",
    "HostIP": "192.168.1.36"
  },
  {
    "SourceName": "Microsoft-Windows-DNSServer",
    "ProviderGuid": "{EB79061A-A566-4698-9119-3ED2807060E7}",
    "EventID": 257,
    "Version": 0,
    "ChannelID": 16,
    "OpcodeValue": 0,
    "TaskValue": 1,
    "Keywords": "9223372036854775810",
    "EventTime": "2021-09-16T20:07:24.855131-07:00",
    "ExecutionProcessID": 2080,
    "ExecutionThreadID": 2940,
    "EventType": "INFO",
    "SeverityValue": 2,
    "Severity": "INFO",
    "Hostname": "WIN-93NOI1UVL29",
    "Domain": "NT AUTHORITY",
    "AccountName": "SYSTEM",
    "UserID": "S-1-5-18",
    "AccountType": "User",
    "Flags": "33152",
    "TCP": "0",
    "InterfaceIP": "2601:442:4400:82a:b8a3:7b53:d4bf:98bf",
    "Destination": "2601:442:4400:82a:b8a3:7b53:d4bf:98bf",
    "AA": "0",
    "AD": "0",
    "QNAME": "v10.events.data.microsoft.com.",
    "QTYPE": "28",
    "XID": "65157",
    "DNSSEC": "0",
    "RCODE": "0",
    "Port": "50813",
    "Scope": "Default",
    "Zone": "..Cache",
    "PolicyName": "NULL",
    "BufferSize": "158",
    "PacketData": "0xFE858180000100020000000003763130066576656E74730464617461096D6963726F736F667403636F6D00001C0001C00C00050001000009E6002E06676C6F62616C066173696D6F76066576656E747304646174610E747261666669636D616E61676572036E657400C03B000500010000003C0029106F6E656473636F6C70726477757330300677657374757308636C6F756461707005617A757265C026",
    "AdditionalInfo": "VirtualizationInstance:.",
    "ElapsedTime": "152",
    "GUID": "{D38E9A38-415D-4D59-B14F-9B3AC883FFD2}",
    "EventReceivedTime": "2021-09-16T20:07:25.713073-07:00",
    "SourceModuleName": "dnsserver",
    "SourceModuleType": "im_etw",
    "HostIP": "192.168.1.36"
  },
  {
    "SourceName": "Microsoft-Windows-DNSServer",
    "ProviderGuid": "{EB79061A-A566-4698-9119-3ED2807060E7}",
    "EventID": 256,
    "Version": 0,
    "ChannelID": 16,
    "OpcodeValue": 0,
    "TaskValue": 1,
    "Keywords": "9223372036854775809",
    "EventTime": "2021-09-16T20:07:36.438420-07:00",
    "ExecutionProcessID": 2080,
    "ExecutionThreadID": 2940,
    "EventType": "INFO",
    "SeverityValue": 2,
    "Severity": "INFO",
    "Hostname": "WIN-93NOI1UVL29",
    "Domain": "NT AUTHORITY",
    "AccountName": "SYSTEM",
    "UserID": "S-1-5-18",
    "AccountType": "User",
    "Flags": "256",
    "TCP": "0",
    "InterfaceIP": "192.168.1.36",
    "Source": "192.168.1.7",
    "RD": "1",
    "QNAME": "connectivity-check.ubuntu.com.",
    "QTYPE": "28",
    "XID": "62671",
    "Port": "52165",
    "BufferSize": "47",
    "PacketData": "0xF4CF0100000100000000000012636F6E6E65637469766974792D636865636B067562756E747503636F6D00001C0001",
    "AdditionalInfo": ".",
    "GUID": "{68C7D13A-D74A-46CC-8146-8BEFE74213B1}",
    "EventReceivedTime": "2021-09-16T20:07:37.447621-07:00",
    "SourceModuleName": "dnsserver",
    "SourceModuleType": "im_etw",
    "HostIP": "192.168.1.36"
  },
  {
    "SourceName": "Microsoft-Windows-DNSServer",
    "ProviderGuid": "{EB79061A-A566-4698-9119-3ED2807060E7}",
    "EventID": 257,
    "Version": 0,
    "ChannelID": 16,
    "OpcodeValue": 0,
    "TaskValue": 1,
    "Keywords": "9223372036854775810",
    "EventTime": "2021-09-16T20:07:36.438961-07:00",
    "ExecutionProcessID": 2080,
    "ExecutionThreadID": 2940,
    "EventType": "INFO",
    "SeverityValue": 2,
    "Severity": "INFO",
    "Hostname": "WIN-93NOI1UVL29",
    "Domain": "NT AUTHORITY",
    "AccountName": "SYSTEM",
    "UserID": "S-1-5-18",
    "AccountType": "User",
    "Flags": "33152",
    "TCP": "0",
    "InterfaceIP": "192.168.1.36",
    "Destination": "192.168.1.7",
    "AA": "0",
    "AD": "0",
    "QNAME": "connectivity-check.ubuntu.com.",
    "QTYPE": "28",
    "XID": "62671",
    "DNSSEC": "0",
    "RCODE": "0",
    "Port": "52165",
    "Scope": "Default",
    "Zone": "..Cache",
    "PolicyName": "NULL",
    "BufferSize": "108",
    "PacketData": "0xF4CF8180000100000001000012636F6E6E65637469766974792D636865636B067562756E747503636F6D00001C0001C01F00060001000000000031036E73310963616E6F6E6963616CC0260A686F73746D6173746572C03F7849112A00002A3000000E1000093A8000000E10",
    "AdditionalInfo": "VirtualizationInstance:.",
    "ElapsedTime": "1",
    "GUID": "{68C7D13A-D74A-46CC-8146-8BEFE74213B1}",
    "EventReceivedTime": "2021-09-16T20:07:37.447621-07:00",
    "SourceModuleName": "dnsserver",
    "SourceModuleType": "im_etw",
    "HostIP": "192.168.1.36"
  },
  {
    "SourceName": "Microsoft-Windows-DNSServer",
    "ProviderGuid": "{EB79061A-A566-4698-9119-3ED2807060E7}",
    "EventID": 256,
    "Version": 0,
    "ChannelID": 16,
    "OpcodeValue": 0,
    "TaskValue": 1,
    "Keywords": "9223372036854775809",
    "EventTime": "2021-09-16T20:07:36.439610-07:00",
    "ExecutionProcessID": 2080,
    "ExecutionThreadID": 2940,
    "EventType": "INFO",
    "SeverityValue": 2,
    "Severity": "INFO",
    "Hostname": "WIN-93NOI1UVL29",
    "Domain": "NT AUTHORITY",
    "AccountName": "SYSTEM",
    "UserID": "S-1-5-18",
    "AccountType": "User",
    "Flags": "256",
    "TCP": "0",
    "InterfaceIP": "192.168.1.36",
    "Source": "192.168.1.7",
    "RD": "1",
    "QNAME": "connectivity-check.ubuntu.com.example.com.",
    "QTYPE": "28",
    "XID": "20683",
    "Port": "34353",
    "BufferSize": "59",
    "PacketData": "0x50CB0100000100000000000012636F6E6E65637469766974792D636865636B067562756E747503636F6D076578616D706C6503636F6D00001C0001",
    "AdditionalInfo": ".",
    "GUID": "{01F0D68F-B2D3-4FFC-874E-9D8BB9E8A8BC}",
    "EventReceivedTime": "2021-09-16T20:07:37.447621-07:00",
    "SourceModuleName": "dnsserver",
    "SourceModuleType": "im_etw",
    "HostIP": "192.168.1.36"
  },
  {
    "SourceName": "Microsoft-Windows-DNSServer",
    "ProviderGuid": "{EB79061A-A566-4698-9119-3ED2807060E7}",
    "EventID": 257,
    "Version": 0,
    "ChannelID": 16,
    "OpcodeValue": 0,
    "TaskValue": 1,
    "Keywords": "9223372036854775810",
    "EventTime": "2021-09-16T20:07:36.439761-07:00",
    "ExecutionProcessID": 2080,
    "ExecutionThreadID": 2940,
    "EventType": "INFO",
    "SeverityValue": 2,
    "Severity": "INFO",
    "Hostname": "WIN-93NOI1UVL29",
    "Domain": "NT AUTHORITY",
    "AccountName": "SYSTEM",
    "UserID": "S-1-5-18",
    "AccountType": "User",
    "Flags": "34179",
    "TCP": "0",
    "InterfaceIP": "192.168.1.36",
    "Destination": "192.168.1.7",
    "AA": "1",
    "AD": "0",
    "QNAME": "connectivity-check.ubuntu.com.example.com.",
    "QTYPE": "28",
    "XID": "20683",
    "DNSSEC": "0",
    "RCODE": "3",
    "Port": "34353",
    "Scope": "Default",
    "Zone": "example.com",
    "PolicyName": "NULL",
    "BufferSize": "131",
    "PacketData": "0x50CB8583000100000001000012636F6E6E65637469766974792D636865636B067562756E747503636F6D076578616D706C6503636F6D00001C0001076578616D706C6503636F6D000006000100000E1000310F77696E2D39336E6F693175766C3239000A686F73746D6173746572000000001200000384000002580001518000000E10",
    "AdditionalInfo": "VirtualizationInstance:.",
    "ElapsedTime": "1",
    "GUID": "{01F0D68F-B2D3-4FFC-874E-9D8BB9E8A8BC}",
    "EventReceivedTime": "2021-09-16T20:07:37.447621-07:00",
    "SourceModuleName": "dnsserver",
    "SourceModuleType": "im_etw",
    "HostIP": "192.168.1.36"
  },
  {
    "SourceName": "Microsoft-Windows-DNSServer",
    "ProviderGuid": "{EB79061A-A566-4698-9119-3ED2807060E7}",
    "EventID": 515,
    "Version": 0,
    "ChannelID": 17,
    "OpcodeValue": 0,
    "TaskValue": 5,
    "Keywords": "4611686018428436480",
    "EventTime": "2021-09-16T20:08:16.567333-07:00",
    "ExecutionProcessID": 2080,
    "ExecutionThreadID": 5668,
    "EventType": "INFO",
    "SeverityValue": 2,
    "Severity": "INFO",
    "Hostname": "WIN-93NOI1UVL29",
    "Domain": "WIN-93NOI1UVL29",
    "AccountName": "Administrator",
    "UserID": "S-1-5-21-3792008863-3761660533-1198677510-500",
    "AccountType": "User",
    "Flags": "EXTENDED_INFO|IS_64_BIT_HEADER|PROCESSOR_INDEX (577)",
    "Type": "5",
    "NAME": "u20server-1.example.com",
    "TTL": "3600",
    "BufferSize": "17",
    "RDATA": "0x106E73312E6578616D706C652E636F6D2E",
    "Zone": "example.com",
    "ZoneScope": "Default",
    "VirtualizationID": ".",
    "EventReceivedTime": "2021-09-16T20:08:17.553234-07:00",
    "SourceModuleName": "dnsserver",
    "SourceModuleType": "im_etw",
    "HostIP": "192.168.1.36"
  },
  {
    "SourceName": "Microsoft-Windows-DNSServer",
    "ProviderGuid": "{EB79061A-A566-4698-9119-3ED2807060E7}",
    "EventID": 515,
    "Version": 0,
    "ChannelID": 17,
    "OpcodeValue": 0,
    "TaskValue": 5,
    "Keywords": "4611686018428436480",
    "EventTime": "2021-09-16T20:08:59.855800-07:00",
    "ExecutionProcessID": 2080,
    "ExecutionThreadID": 1556,
    "EventType": "INFO",
    "SeverityValue": 2,
    "Severity": "INFO",
    "Hostname": "WIN-93NOI1UVL29",
    "Domain": "WIN-93NOI1UVL29",
    "AccountName": "Administrator",
    "UserID": "S-1-5-21-3792008863-3761660533-1198677510-500",
    "AccountType": "User",
    "Flags": "EXTENDED_INFO|IS_64_BIT_HEADER|PROCESSOR_INDEX (577)",
    "Type": "5",
    "NAME": "u20server-1.v6.example.com",
    "TTL": "3600",
    "BufferSize": "20",
    "RDATA": "0x136E73312E76362E6578616D706C652E636F6D2E",
    "Zone": "example.com",
    "ZoneScope": "Default",
    "VirtualizationID": ".",
    "EventReceivedTime": "2021-09-16T20:09:00.862070-07:00",
    "SourceModuleName": "dnsserver",
    "SourceModuleType": "im_etw",
    "HostIP": "192.168.1.36"
  },
  {
    "SourceName": "Microsoft-Windows-DNSServer",
    "ProviderGuid": "{EB79061A-A566-4698-9119-3ED2807060E7}",
    "EventID": 256,
    "Version": 0,
    "ChannelID": 16,
    "OpcodeValue": 0,
    "TaskValue": 1,
    "Keywords": "9223372036854775809",
    "EventTime": "2021-09-16T20:09:20.912928-07:00",
    "ExecutionProcessID": 2080,
    "ExecutionThreadID": 2940,
    "EventType": "INFO",
    "SeverityValue": 2,
    "Severity": "INFO",
    "Hostname": "WIN-93NOI1UVL29",
    "Domain": "NT AUTHORITY",
    "AccountName": "SYSTEM",
    "UserID": "S-1-5-18",
    "AccountType": "User",
    "Flags": "256",
    "TCP": "0",
    "InterfaceIP": "2601:442:4400:82a:b8a3:7b53:d4bf:98bf",
    "Source": "2601:442:4400:82a:b8a3:7b53:d4bf:98bf",
    "RD": "1",
    "QNAME": "storecatalogrevocation.storequality.microsoft.com.",
    "QTYPE": "1",
    "XID": "18433",
    "Port": "50813",
    "BufferSize": "67",
    "PacketData": "0x4801010000010000000000001673746F7265636174616C6F677265766F636174696F6E0C73746F72657175616C697479096D6963726F736F667403636F6D0000010001",
    "AdditionalInfo": ".",
    "GUID": "{ECB58A4C-F3C9-40DC-8B70-33323A8F8499}",
    "EventReceivedTime": "2021-09-16T20:09:22.230063-07:00",
    "SourceModuleName": "dnsserver",
    "SourceModuleType": "im_etw",
    "HostIP": "192.168.1.36"
  },
  {
    "SourceName": "Microsoft-Windows-DNSServer",
    "ProviderGuid": "{EB79061A-A566-4698-9119-3ED2807060E7}",
    "EventID": 260,
    "Version": 0,
    "ChannelID": 16,
    "OpcodeValue": 0,
    "TaskValue": 2,
    "Keywords": "9223372036854775824",
    "EventTime": "2021-09-16T20:09:20.913002-07:00",
    "ExecutionProcessID": 2080,
    "ExecutionThreadID": 2940,
    "EventType": "INFO",
    "SeverityValue": 2,
    "Severity": "INFO",
    "Hostname": "WIN-93NOI1UVL29",
    "Domain": "NT AUTHORITY",
    "AccountName": "SYSTEM",
    "UserID": "S-1-5-18",
    "AccountType": "User",
    "Flags": "0",
    "TCP": "0",
    "Destination": "40.90.4.205",
    "InterfaceIP": "0.0.0.0",
    "RD": "0",
    "QNAME": "storecatalogrevocation.storequality.microsoft.com.",
    "QTYPE": "1",
    "QXID": "18433",
    "XID": "59244",
    "Port": "0",
    "RecursionScope": ".",
    "CacheScope": "Default",
    "PolicyName": "NULL",
    "BufferSize": "78",
    "PacketData": "0xE76C000000010000000000011673746F7265636174616C6F677265766F636174696F6E0C73746F72657175616C697479096D6963726F736F667403636F6D00000100010000290FA0000080000000",
    "AdditionalInfo": ".",
    "GUID": "{ECB58A4C-F3C9-40DC-8B70-33323A8F8499}",
    "EventReceivedTime": "2021-09-16T20:09:22.230063-07:00",
    "SourceModuleName": "dnsserver",
    "SourceModuleType": "im_etw",
    "HostIP": "192.168.1.36"
  },
  {
    "SourceName": "Microsoft-Windows-DNSServer",
    "ProviderGuid": "{EB79061A-A566-4698-9119-3ED2807060E7}",
    "EventID": 256,
    "Version": 0,
    "ChannelID": 16,
    "OpcodeValue": 0,
    "TaskValue": 1,
    "Keywords": "9223372036854775809",
    "EventTime": "2021-09-16T20:09:20.913237-07:00",
    "ExecutionProcessID": 2080,
    "ExecutionThreadID": 2940,
    "EventType": "INFO",
    "SeverityValue": 2,
    "Severity": "INFO",
    "Hostname": "WIN-93NOI1UVL29",
    "Domain": "NT AUTHORITY",
    "AccountName": "SYSTEM",
    "UserID": "S-1-5-18",
    "AccountType": "User",
    "Flags": "256",
    "TCP": "0",
    "InterfaceIP": "2601:442:4400:82a:b8a3:7b53:d4bf:98bf",
    "Source": "2601:442:4400:82a:b8a3:7b53:d4bf:98bf",
    "RD": "1",
    "QNAME": "storecatalogrevocation.storequality.microsoft.com.",
    "QTYPE": "28",
    "XID": "5339",
    "Port": "57839",
    "BufferSize": "67",
    "PacketData": "0x14DB010000010000000000001673746F7265636174616C6F677265766F636174696F6E0C73746F72657175616C697479096D6963726F736F667403636F6D00001C0001",
    "AdditionalInfo": ".",
    "GUID": "{BE37EDAD-CEDD-48DD-B62B-C06DB3249AB6}",
    "EventReceivedTime": "2021-09-16T20:09:22.230063-07:00",
    "SourceModuleName": "dnsserver",
    "SourceModuleType": "im_etw",
    "HostIP": "192.168.1.36"
  },
  {
    "SourceName": "Microsoft-Windows-DNSServer",
    "ProviderGuid": "{EB79061A-A566-4698-9119-3ED2807060E7}",
    "EventID": 260,
    "Version": 0,
    "ChannelID": 16,
    "OpcodeValue": 0,
    "TaskValue": 2,
    "Keywords": "9223372036854775824",
    "EventTime": "2021-09-16T20:09:20.913296-07:00",
    "ExecutionProcessID": 2080,
    "ExecutionThreadID": 2940,
    "EventType": "INFO",
    "SeverityValue": 2,
    "Severity": "INFO",
    "Hostname": "WIN-93NOI1UVL29",
    "Domain": "NT AUTHORITY",
    "AccountName": "SYSTEM",
    "UserID": "S-1-5-18",
    "AccountType": "User",
    "Flags": "0",
    "TCP": "0",
    "Destination": "2603:1061::cd",
    "InterfaceIP": "::",
    "RD": "0",
    "QNAME": "storecatalogrevocation.storequality.microsoft.com.",
    "QTYPE": "28",
    "QXID": "5339",
    "XID": "14237",
    "Port": "0",
    "RecursionScope": ".",
    "CacheScope": "Default",
    "PolicyName": "NULL",
    "BufferSize": "78",
    "PacketData": "0x379D000000010000000000011673746F7265636174616C6F677265766F636174696F6E0C73746F72657175616C697479096D6963726F736F667403636F6D00001C00010000290FA0000080000000",
    "AdditionalInfo": ".",
    "GUID": "{BE37EDAD-CEDD-48DD-B62B-C06DB3249AB6}",
    "EventReceivedTime": "2021-09-16T20:09:22.230063-07:00",
    "SourceModuleName": "dnsserver",
    "SourceModuleType": "im_etw",
    "HostIP": "192.168.1.36"
  },
  {
    "SourceName": "Microsoft-Windows-DNSServer",
    "ProviderGuid": "{EB79061A-A566-4698-9119-3ED2807060E7}",
    "EventID": 261,
    "Version": 0,
    "ChannelID": 16,
    "OpcodeValue": 0,
    "TaskValue": 2,
    "Keywords": "9223372036854775840",
    "EventTime": "2021-09-16T20:09:20.935869-07:00",
    "ExecutionProcessID": 2080,
    "ExecutionThreadID": 2940,
    "EventType": "INFO",
    "SeverityValue": 2,
    "Severity": "INFO",
    "Hostname": "WIN-93NOI1UVL29",
    "Domain": "NT AUTHORITY",
    "AccountName": "SYSTEM",
    "UserID": "S-1-5-18",
    "AccountType": "User",
    "Flags": "33792",
    "TCP": "0",
    "Source": "40.90.4.205",
    "InterfaceIP": "0.0.0.0",
    "AA": "1",
    "AD": "0",
    "QNAME": "storecatalogrevocation.storequality.microsoft.com.",
    "QTYPE": "1",
    "XID": "59244",
    "RecursionDepth": "1",
    "Port": "0",
    "RecursionScope": ".",
    "CacheScope": "Default",
    "BufferSize": "153",
    "PacketData": "0xE76C840000010001000000011673746F7265636174616C6F677265766F636174696F6E0C73746F72657175616C697479096D6963726F736F667403636F6D0000010001C00C0005000100000E10003F1673746F7265636174616C6F677265766F636174696F6E0C73746F72657175616C697479096D6963726F736F667403636F6D07656467656B6579036E65740000002904D0000080000000",
    "AdditionalInfo": ".",
    "GUID": "{ECB58A4C-F3C9-40DC-8B70-33323A8F8499}",
    "EventReceivedTime": "2021-09-16T20:09:22.230063-07:00",
    "SourceModuleName": "dnsserver",
    "SourceModuleType": "im_etw",
    "HostIP": "192.168.1.36"
  },
  {
    "SourceName": "Microsoft-Windows-DNSServer",
    "ProviderGuid": "{EB79061A-A566-4698-9119-3ED2807060E7}",
    "EventID": 279,
    "Version": 0,
    "ChannelID": 16,
    "OpcodeValue": 0,
    "TaskValue": 1,
    "Keywords": "9223372071214514176",
    "EventTime": "2021-09-16T20:09:20.935912-07:00",
    "ExecutionProcessID": 2080,
    "ExecutionThreadID": 2940,
    "EventType": "INFO",
    "SeverityValue": 2,
    "Severity": "INFO",
    "Hostname": "WIN-93NOI1UVL29",
    "Domain": "NT AUTHORITY",
    "AccountName": "SYSTEM",
    "UserID": "S-1-5-18",
    "AccountType": "User",
    "Flags": "33152",
    "TCP": "0",
    "InterfaceIP": "2601:442:4400:82a:b8a3:7b53:d4bf:98bf",
    "Source": "2601:442:4400:82a:b8a3:7b53:d4bf:98bf",
    "RD": "1",
    "QNAME": "storecatalogrevocation.storequality.microsoft.com.edgekey.net.",
    "QTYPE": "1",
    "Port": "50813",
    "XID": "18433",
    "BufferSize": "67",
    "PacketData": "0x4801818000010001000000001673746F7265636174616C6F677265766F636174696F6E0C73746F72657175616C697479096D6963726F736F667403636F6D0000010001",
    "EventReceivedTime": "2021-09-16T20:09:22.230063-07:00",
    "SourceModuleName": "dnsserver",
    "SourceModuleType": "im_etw",
    "HostIP": "192.168.1.36"
  },
  {
    "SourceName": "Microsoft-Windows-DNSServer",
    "ProviderGuid": "{EB79061A-A566-4698-9119-3ED2807060E7}",
    "EventID": 260,
    "Version": 0,
    "ChannelID": 16,
    "OpcodeValue": 0,
    "TaskValue": 2,
    "Keywords": "9223372036854775824",
    "EventTime": "2021-09-16T20:09:20.936024-07:00",
    "ExecutionProcessID": 2080,
    "ExecutionThreadID": 2940,
    "EventType": "INFO",
    "SeverityValue": 2,
    "Severity": "INFO",
    "Hostname": "WIN-93NOI1UVL29",
    "Domain": "NT AUTHORITY",
    "AccountName": "SYSTEM",
    "UserID": "S-1-5-18",
    "AccountType": "User",
    "Flags": "0",
    "TCP": "0",
    "Destination": "96.7.49.65",
    "InterfaceIP": "0.0.0.0",
    "RD": "0",
    "QNAME": "storecatalogrevocation.storequality.microsoft.com.edgekey.NET.",
    "QTYPE": "1",
    "QXID": "18433",
    "XID": "29689",
    "Port": "0",
    "RecursionScope": ".",
    "CacheScope": "Default",
    "PolicyName": "NULL",
    "BufferSize": "90",
    "PacketData": "0x73F9000000010000000000011673746F7265636174616C6F677265766F636174696F6E0C73746F72657175616C697479096D6963726F736F667403636F6D07656467656B6579034E455400000100010000290FA0000080000000",
    "AdditionalInfo": ".",
    "GUID": "{ECB58A4C-F3C9-40DC-8B70-33323A8F8499}",
    "EventReceivedTime": "2021-09-16T20:09:22.230063-07:00",
    "SourceModuleName": "dnsserver",
    "SourceModuleType": "im_etw",
    "HostIP": "192.168.1.36"
  },
  {
    "SourceName": "Microsoft-Windows-DNSServer",
    "ProviderGuid": "{EB79061A-A566-4698-9119-3ED2807060E7}",
    "EventID": 261,
    "Version": 0,
    "ChannelID": 16,
    "OpcodeValue": 0,
    "TaskValue": 2,
    "Keywords": "9223372036854775840",
    "EventTime": "2021-09-16T20:09:20.947698-07:00",
    "ExecutionProcessID": 2080,
    "ExecutionThreadID": 2940,
    "EventType": "INFO",
    "SeverityValue": 2,
    "Severity": "INFO",
    "Hostname": "WIN-93NOI1UVL29",
    "Domain": "NT AUTHORITY",
    "AccountName": "SYSTEM",
    "UserID": "S-1-5-18",
    "AccountType": "User",
    "Flags": "33792",
    "TCP": "0",
    "Source": "2603:1061::cd",
    "InterfaceIP": "::",
    "AA": "1",
    "AD": "0",
    "QNAME": "storecatalogrevocation.storequality.microsoft.com.",
    "QTYPE": "28",
    "XID": "14237",
    "RecursionDepth": "1",
    "Port": "0",
    "RecursionScope": ".",
    "CacheScope": "Default",
    "BufferSize": "153",
    "PacketData": "0x379D840000010001000000011673746F7265636174616C6F677265766F636174696F6E0C73746F72657175616C697479096D6963726F736F667403636F6D00001C0001C00C0005000100000E10003F1673746F7265636174616C6F677265766F636174696F6E0C73746F72657175616C697479096D6963726F736F667403636F6D07656467656B6579036E65740000002904D0000080000000",
    "AdditionalInfo": ".",
    "GUID": "{BE37EDAD-CEDD-48DD-B62B-C06DB3249AB6}",
    "EventReceivedTime": "2021-09-16T20:09:22.230063-07:00",
    "SourceModuleName": "dnsserver",
    "SourceModuleType": "im_etw",
    "HostIP": "192.168.1.36"
  },
  {
    "SourceName": "Microsoft-Windows-DNSServer",
    "ProviderGuid": "{EB79061A-A566-4698-9119-3ED2807060E7}",
    "EventID": 279,
    "Version": 0,
    "ChannelID": 16,
    "OpcodeValue": 0,
    "TaskValue": 1,
    "Keywords": "9223372071214514176",
    "EventTime": "2021-09-16T20:09:20.947698-07:00",
    "ExecutionProcessID": 2080,
    "ExecutionThreadID": 2940,
    "EventType": "INFO",
    "SeverityValue": 2,
    "Severity": "INFO",
    "Hostname": "WIN-93NOI1UVL29",
    "Domain": "NT AUTHORITY",
    "AccountName": "SYSTEM",
    "UserID": "S-1-5-18",
    "AccountType": "User",
    "Flags": "33152",
    "TCP": "0",
    "InterfaceIP": "2601:442:4400:82a:b8a3:7b53:d4bf:98bf",
    "Source": "2601:442:4400:82a:b8a3:7b53:d4bf:98bf",
    "RD": "1",
    "QNAME": "storecatalogrevocation.storequality.microsoft.com.edgekey.net.",
    "QTYPE": "28",
    "Port": "57839",
    "XID": "5339",
    "BufferSize": "67",
    "PacketData": "0x14DB818000010001000000001673746F7265636174616C6F677265766F636174696F6E0C73746F72657175616C697479096D6963726F736F667403636F6D00001C0001",
    "EventReceivedTime": "2021-09-16T20:09:22.230063-07:00",
    "SourceModuleName": "dnsserver",
    "SourceModuleType": "im_etw",
    "HostIP": "192.168.1.36"
  },
  {
    "SourceName": "Microsoft-Windows-DNSServer",
    "ProviderGuid": "{EB79061A-A566-4698-9119-3ED2807060E7}",
    "EventID": 260,
    "Version": 0,
    "ChannelID": 16,
    "OpcodeValue": 0,
    "TaskValue": 2,
    "Keywords": "9223372036854775824",
    "EventTime": "2021-09-16T20:09:20.947924-07:00",
    "ExecutionProcessID": 2080,
    "ExecutionThreadID": 2940,
    "EventType": "INFO",
    "SeverityValue": 2,
    "Severity": "INFO",
    "Hostname": "WIN-93NOI1UVL29",
    "Domain": "NT AUTHORITY",
    "AccountName": "SYSTEM",
    "UserID": "S-1-5-18",
    "AccountType": "User",
    "Flags": "0",
    "TCP": "0",
    "Destination": "184.26.160.65",
    "InterfaceIP": "0.0.0.0",
    "RD": "0",
    "QNAME": "storecatalogrevocation.storequality.microsoft.com.edgekey.NET.",
    "QTYPE": "28",
    "QXID": "5339",
    "XID": "63750",
    "Port": "0",
    "RecursionScope": ".",
    "CacheScope": "Default",
    "PolicyName": "NULL",
    "BufferSize": "90",
    "PacketData": "0xF906000000010000000000011673746F7265636174616C6F677265766F636174696F6E0C73746F72657175616C697479096D6963726F736F667403636F6D07656467656B6579034E455400001C00010000290FA0000080000000",
    "AdditionalInfo": ".",
    "GUID": "{BE37EDAD-CEDD-48DD-B62B-C06DB3249AB6}",
    "EventReceivedTime": "2021-09-16T20:09:22.230063-07:00",
    "SourceModuleName": "dnsserver",
    "SourceModuleType": "im_etw",
    "HostIP": "192.168.1.36"
  },
  {
    "SourceName": "Microsoft-Windows-DNSServer",
    "ProviderGuid": "{EB79061A-A566-4698-9119-3ED2807060E7}",
    "EventID": 261,
    "Version": 0,
    "ChannelID": 16,
    "OpcodeValue": 0,
    "TaskValue": 2,
    "Keywords": "9223372036854775840",
    "EventTime": "2021-09-16T20:09:20.956124-07:00",
    "ExecutionProcessID": 2080,
    "ExecutionThreadID": 2940,
    "EventType": "INFO",
    "SeverityValue": 2,
    "Severity": "INFO",
    "Hostname": "WIN-93NOI1UVL29",
    "Domain": "NT AUTHORITY",
    "AccountName": "SYSTEM",
    "UserID": "S-1-5-18",
    "AccountType": "User",
    "Flags": "33792",
    "TCP": "0",
    "Source": "96.7.49.65",
    "InterfaceIP": "0.0.0.0",
    "AA": "1",
    "AD": "0",
    "QNAME": "storecatalogrevocation.storequality.microsoft.com.edgekey.NET.",
    "QTYPE": "1",
    "XID": "29689",
    "RecursionDepth": "2",
    "Port": "0",
    "RecursionScope": ".",
    "CacheScope": "Default",
    "BufferSize": "124",
    "PacketData": "0x73F9840000010001000000011673746F7265636174616C6F677265766F636174696F6E0C73746F72657175616C697479096D6963726F736F667403636F6D07656467656B6579034E45540000010001C00C000500010000012C00160665313031393801620A616B616D616965646765C0460000291000000080000000",
    "AdditionalInfo": ".",
    "GUID": "{ECB58A4C-F3C9-40DC-8B70-33323A8F8499}",
    "EventReceivedTime": "2021-09-16T20:09:22.230063-07:00",
    "SourceModuleName": "dnsserver",
    "SourceModuleType": "im_etw",
    "HostIP": "192.168.1.36"
  },
  {
    "SourceName": "Microsoft-Windows-DNSServer",
    "ProviderGuid": "{EB79061A-A566-4698-9119-3ED2807060E7}",
    "EventID": 279,
    "Version": 0,
    "ChannelID": 16,
    "OpcodeValue": 0,
    "TaskValue": 1,
    "Keywords": "9223372071214514176",
    "EventTime": "2021-09-16T20:09:20.956158-07:00",
    "ExecutionProcessID": 2080,
    "ExecutionThreadID": 2940,
    "EventType": "INFO",
    "SeverityValue": 2,
    "Severity": "INFO",
    "Hostname": "WIN-93NOI1UVL29",
    "Domain": "NT AUTHORITY",
    "AccountName": "SYSTEM",
    "UserID": "S-1-5-18",
    "AccountType": "User",
    "Flags": "33152",
    "TCP": "0",
    "InterfaceIP": "2601:442:4400:82a:b8a3:7b53:d4bf:98bf",
    "Source": "2601:442:4400:82a:b8a3:7b53:d4bf:98bf",
    "RD": "1",
    "QNAME": "e10198.b.akamaiedge.net.",
    "QTYPE": "1",
    "Port": "50813",
    "XID": "18433",
    "BufferSize": "67",
    "PacketData": "0x4801818000010002000000001673746F7265636174616C6F677265766F636174696F6E0C73746F72657175616C697479096D6963726F736F667403636F6D0000010001",
    "EventReceivedTime": "2021-09-16T20:09:22.230063-07:00",
    "SourceModuleName": "dnsserver",
    "SourceModuleType": "im_etw",
    "HostIP": "192.168.1.36"
  },
  {
    "SourceName": "Microsoft-Windows-DNSServer",
    "ProviderGuid": "{EB79061A-A566-4698-9119-3ED2807060E7}",
    "EventID": 260,
    "Version": 0,
    "ChannelID": 16,
    "OpcodeValue": 0,
    "TaskValue": 2,
    "Keywords": "9223372036854775824",
    "EventTime": "2021-09-16T20:09:20.956273-07:00",
    "ExecutionProcessID": 2080,
    "ExecutionThreadID": 2940,
    "EventType": "INFO",
    "SeverityValue": 2,
    "Severity": "INFO",
    "Hostname": "WIN-93NOI1UVL29",
    "Domain": "NT AUTHORITY",
    "AccountName": "SYSTEM",
    "UserID": "S-1-5-18",
    "AccountType": "User",
    "Flags": "0",
    "TCP": "0",
    "Destination": "193.108.88.0",
    "InterfaceIP": "0.0.0.0",
    "RD": "0",
    "QNAME": "e10198.b.akamaiedge.NET.",
    "QTYPE": "1",
    "QXID": "18433",
    "XID": "25433",
    "Port": "0",
    "RecursionScope": ".",
    "CacheScope": "Default",
    "PolicyName": "NULL",
    "BufferSize": "52",
    "PacketData": "0x6359000000010000000000010665313031393801620A616B616D616965646765034E455400000100010000290FA0000080000000",
    "AdditionalInfo": ".",
    "GUID": "{ECB58A4C-F3C9-40DC-8B70-33323A8F8499}",
    "EventReceivedTime": "2021-09-16T20:09:22.230063-07:00",
    "SourceModuleName": "dnsserver",
    "SourceModuleType": "im_etw",
    "HostIP": "192.168.1.36"
  },
  {
    "SourceName": "Microsoft-Windows-DNSServer",
    "ProviderGuid": "{EB79061A-A566-4698-9119-3ED2807060E7}",
    "EventID": 261,
    "Version": 0,
    "ChannelID": 16,
    "OpcodeValue": 0,
    "TaskValue": 2,
    "Keywords": "9223372036854775840",
    "EventTime": "2021-09-16T20:09:20.994037-07:00",
    "ExecutionProcessID": 2080,
    "ExecutionThreadID": 2940,
    "EventType": "INFO",
    "SeverityValue": 2,
    "Severity": "INFO",
    "Hostname": "WIN-93NOI1UVL29",
    "Domain": "NT AUTHORITY",
    "AccountName": "SYSTEM",
    "UserID": "S-1-5-18",
    "AccountType": "User",
    "Flags": "32768",
    "TCP": "0",
    "Source": "193.108.88.0",
    "InterfaceIP": "0.0.0.0",
    "AA": "0",
    "AD": "0",
    "QNAME": "e10198.b.akamaiedge.NET.",
    "QTYPE": "1",
    "XID": "25433",
    "RecursionDepth": "3",
    "Port": "0",
    "RecursionScope": ".",
    "CacheScope": "Default",
    "BufferSize": "380",
    "PacketData": "0x63598000000100000008000B0665313031393801620A616B616D616965646765034E45540000010001C0130002000100000FA00006036E3562C015C0130002000100000FA00006036E3162C015C0130002000100000FA00006036E3662C015C0130002000100000FA00006036E3062C015C0130002000100000FA00006036E3462C015C0130002000100000FA00006036E3262C015C0130002000100000FA00006036E3762C015C0130002000100000FA00006036E3362C015C047001C000100000FA000102A0226F0005CF0000F325AA811E11363C0A10001000100000FA00004C6907307C06B0001000100000FA0000458DD51C0C0B30001000100000FA00004685BA705C0470001000100000FA00004685BA707C06B001C000100000FA0001026001480E800000000000000000000C0C08F0001000100000FA00004CC5D2EDDC07D0001000100000FA00004685BA706C0590001000100000FA00004685BA704C0350001000100000FA00004CC5D2EDE0000291000000080000000",
    "AdditionalInfo": ".",
    "GUID": "{ECB58A4C-F3C9-40DC-8B70-33323A8F8499}",
    "EventReceivedTime": "2021-09-16T20:09:22.230063-07:00",
    "SourceModuleName": "dnsserver",
    "SourceModuleType": "im_etw",
    "HostIP": "192.168.1.36"
  },
  {
    "SourceName": "Microsoft-Windows-DNSServer",
    "ProviderGuid": "{EB79061A-A566-4698-9119-3ED2807060E7}",
    "EventID": 260,
    "Version": 0,
    "ChannelID": 16,
    "OpcodeValue": 0,
    "TaskValue": 2,
    "Keywords": "9223372036854775824",
    "EventTime": "2021-09-16T20:09:20.994207-07:00",
    "ExecutionProcessID": 2080,
    "ExecutionThreadID": 2940,
    "EventType": "INFO",
    "SeverityValue": 2,
    "Severity": "INFO",
    "Hostname": "WIN-93NOI1UVL29",
    "Domain": "NT AUTHORITY",
    "AccountName": "SYSTEM",
    "UserID": "S-1-5-18",
    "AccountType": "User",
    "Flags": "0",
    "TCP": "0",
    "Destination": "104.91.167.7",
    "InterfaceIP": "0.0.0.0",
    "RD": "0",
    "QNAME": "e10198.b.akamaiedge.NET.",
    "QTYPE": "1",
    "QXID": "18433",
    "XID": "59113",
    "Port": "0",
    "RecursionScope": ".",
    "CacheScope": "Default",
    "PolicyName": "NULL",
    "BufferSize": "52",
    "PacketData": "0xE6E9000000010000000000010665313031393801620A616B616D616965646765034E455400000100010000290FA0000080000000",
    "AdditionalInfo": ".",
    "GUID": "{ECB58A4C-F3C9-40DC-8B70-33323A8F8499}",
    "EventReceivedTime": "2021-09-16T20:09:22.230063-07:00",
    "SourceModuleName": "dnsserver",
    "SourceModuleType": "im_etw",
    "HostIP": "192.168.1.36"
  },
  {
    "SourceName": "Microsoft-Windows-DNSServer",
    "ProviderGuid": "{EB79061A-A566-4698-9119-3ED2807060E7}",
    "EventID": 261,
    "Version": 0,
    "ChannelID": 16,
    "OpcodeValue": 0,
    "TaskValue": 2,
    "Keywords": "9223372036854775840",
    "EventTime": "2021-09-16T20:09:21.012209-07:00",
    "ExecutionProcessID": 2080,
    "ExecutionThreadID": 2940,
    "EventType": "INFO",
    "SeverityValue": 2,
    "Severity": "INFO",
    "Hostname": "WIN-93NOI1UVL29",
    "Domain": "NT AUTHORITY",
    "AccountName": "SYSTEM",
    "UserID": "S-1-5-18",
    "AccountType": "User",
    "Flags": "33792",
    "TCP": "0",
    "Source": "184.26.160.65",
    "InterfaceIP": "0.0.0.0",
    "AA": "1",
    "AD": "0",
    "QNAME": "storecatalogrevocation.storequality.microsoft.com.edgekey.NET.",
    "QTYPE": "28",
    "XID": "63750",
    "RecursionDepth": "2",
    "Port": "0",
    "RecursionScope": ".",
    "CacheScope": "Default",
    "BufferSize": "124",
    "PacketData": "0xF906840000010001000000011673746F7265636174616C6F677265766F636174696F6E0C73746F72657175616C697479096D6963726F736F667403636F6D07656467656B6579034E455400001C0001C00C000500010000012C00160665313031393801620A616B616D616965646765C0460000291000000080000000",
    "AdditionalInfo": ".",
    "GUID": "{BE37EDAD-CEDD-48DD-B62B-C06DB3249AB6}",
    "EventReceivedTime": "2021-09-16T20:09:22.230063-07:00",
    "SourceModuleName": "dnsserver",
    "SourceModuleType": "im_etw",
    "HostIP": "192.168.1.36"
  },
  {
    "SourceName": "Microsoft-Windows-DNSServer",
    "ProviderGuid": "{EB79061A-A566-4698-9119-3ED2807060E7}",
    "EventID": 279,
    "Version": 0,
    "ChannelID": 16,
    "OpcodeValue": 0,
    "TaskValue": 1,
    "Keywords": "9223372071214514176",
    "EventTime": "2021-09-16T20:09:21.012209-07:00",
    "ExecutionProcessID": 2080,
    "ExecutionThreadID": 2940,
    "EventType": "INFO",
    "SeverityValue": 2,
    "Severity": "INFO",
    "Hostname": "WIN-93NOI1UVL29",
    "Domain": "NT AUTHORITY",
    "AccountName": "SYSTEM",
    "UserID": "S-1-5-18",
    "AccountType": "User",
    "Flags": "33152",
    "TCP": "0",
    "InterfaceIP": "2601:442:4400:82a:b8a3:7b53:d4bf:98bf",
    "Source": "2601:442:4400:82a:b8a3:7b53:d4bf:98bf",
    "RD": "1",
    "QNAME": "e10198.b.akamaiedge.net.",
    "QTYPE": "28",
    "Port": "57839",
    "XID": "5339",
    "BufferSize": "67",
    "PacketData": "0x14DB818000010002000000001673746F7265636174616C6F677265766F636174696F6E0C73746F72657175616C697479096D6963726F736F667403636F6D00001C0001",
    "EventReceivedTime": "2021-09-16T20:09:22.230063-07:00",
    "SourceModuleName": "dnsserver",
    "SourceModuleType": "im_etw",
    "HostIP": "192.168.1.36"
  },
  {
    "SourceName": "Microsoft-Windows-DNSServer",
    "ProviderGuid": "{EB79061A-A566-4698-9119-3ED2807060E7}",
    "EventID": 260,
    "Version": 0,
    "ChannelID": 16,
    "OpcodeValue": 0,
    "TaskValue": 2,
    "Keywords": "9223372036854775824",
    "EventTime": "2021-09-16T20:09:21.012303-07:00",
    "ExecutionProcessID": 2080,
    "ExecutionThreadID": 2940,
    "EventType": "INFO",
    "SeverityValue": 2,
    "Severity": "INFO",
    "Hostname": "WIN-93NOI1UVL29",
    "Domain": "NT AUTHORITY",
    "AccountName": "SYSTEM",
    "UserID": "S-1-5-18",
    "AccountType": "User",
    "Flags": "0",
    "TCP": "0",
    "Destination": "104.91.167.4",
    "InterfaceIP": "0.0.0.0",
    "RD": "0",
    "QNAME": "e10198.b.akamaiedge.NET.",
    "QTYPE": "28",
    "QXID": "5339",
    "XID": "21182",
    "Port": "0",
    "RecursionScope": ".",
    "CacheScope": "Default",
    "PolicyName": "NULL",
    "BufferSize": "52",
    "PacketData": "0x52BE000000010000000000010665313031393801620A616B616D616965646765034E455400001C00010000290FA0000080000000",
    "AdditionalInfo": ".",
    "GUID": "{BE37EDAD-CEDD-48DD-B62B-C06DB3249AB6}",
    "EventReceivedTime": "2021-09-16T20:09:22.230063-07:00",
    "SourceModuleName": "dnsserver",
    "SourceModuleType": "im_etw",
    "HostIP": "192.168.1.36"
  },
  {
    "SourceName": "Microsoft-Windows-DNSServer",
    "ProviderGuid": "{EB79061A-A566-4698-9119-3ED2807060E7}",
    "EventID": 261,
    "Version": 0,
    "ChannelID": 16,
    "OpcodeValue": 0,
    "TaskValue": 2,
    "Keywords": "9223372036854775840",
    "EventTime": "2021-09-16T20:09:21.015030-07:00",
    "ExecutionProcessID": 2080,
    "ExecutionThreadID": 2940,
    "EventType": "INFO",
    "SeverityValue": 2,
    "Severity": "INFO",
    "Hostname": "WIN-93NOI1UVL29",
    "Domain": "NT AUTHORITY",
    "AccountName": "SYSTEM",
    "UserID": "S-1-5-18",
    "AccountType": "User",
    "Flags": "33792",
    "TCP": "0",
    "Source": "104.91.167.7",
    "InterfaceIP": "0.0.0.0",
    "AA": "1",
    "AD": "0",
    "QNAME": "e10198.b.akamaiedge.NET.",
    "QTYPE": "1",
    "XID": "59113",
    "RecursionDepth": "4",
    "Port": "0",
    "RecursionScope": ".",
    "CacheScope": "Default",
    "BufferSize": "68",
    "PacketData": "0xE6E9840000010001000000010665313031393801620A616B616D616965646765034E45540000010001C00C00010001000000140004174FC1F60000291000000080000000",
    "AdditionalInfo": ".",
    "GUID": "{ECB58A4C-F3C9-40DC-8B70-33323A8F8499}",
    "EventReceivedTime": "2021-09-16T20:09:22.230063-07:00",
    "SourceModuleName": "dnsserver",
    "SourceModuleType": "im_etw",
    "HostIP": "192.168.1.36"
  },
  {
    "SourceName": "Microsoft-Windows-DNSServer",
    "ProviderGuid": "{EB79061A-A566-4698-9119-3ED2807060E7}",
    "EventID": 257,
    "Version": 0,
    "ChannelID": 16,
    "OpcodeValue": 0,
    "TaskValue": 1,
    "Keywords": "9223372036854775810",
    "EventTime": "2021-09-16T20:09:21.015043-07:00",
    "ExecutionProcessID": 2080,
    "ExecutionThreadID": 2940,
    "EventType": "INFO",
    "SeverityValue": 2,
    "Severity": "INFO",
    "Hostname": "WIN-93NOI1UVL29",
    "Domain": "NT AUTHORITY",
    "AccountName": "SYSTEM",
    "UserID": "S-1-5-18",
    "AccountType": "User",
    "Flags": "33152",
    "TCP": "0",
    "InterfaceIP": "2601:442:4400:82a:b8a3:7b53:d4bf:98bf",
    "Destination": "2601:442:4400:82a:b8a3:7b53:d4bf:98bf",
    "AA": "0",
    "AD": "0",
    "QNAME": "storecatalogrevocation.storequality.microsoft.com.",
    "QTYPE": "1",
    "XID": "18433",
    "DNSSEC": "0",
    "RCODE": "0",
    "Port": "50813",
    "Scope": "Default",
    "Zone": "..Cache",
    "PolicyName": "NULL",
    "BufferSize": "192",
    "PacketData": "0x4801818000010003000000001673746F7265636174616C6F677265766F636174696F6E0C73746F72657175616C697479096D6963726F736F667403636F6D0000010001C00C0005000100000E0F003F1673746F7265636174616C6F677265766F636174696F6E0C73746F72657175616C697479096D6963726F736F667403636F6D07656467656B6579036E657400C04F000500010000012B00160665313031393801620A616B616D616965646765C089C09A00010001000000130004174FC1F6",
    "AdditionalInfo": "VirtualizationInstance:.",
    "ElapsedTime": "102",
    "GUID": "{ECB58A4C-F3C9-40DC-8B70-33323A8F8499}",
    "EventReceivedTime": "2021-09-16T20:09:22.230063-07:00",
    "SourceModuleName": "dnsserver",
    "SourceModuleType": "im_etw",
    "HostIP": "192.168.1.36"
  },
  {
    "SourceName": "Microsoft-Windows-DNSServer",
    "ProviderGuid": "{EB79061A-A566-4698-9119-3ED2807060E7}",
    "EventID": 261,
    "Version": 0,
    "ChannelID": 16,
    "OpcodeValue": 0,
    "TaskValue": 2,
    "Keywords": "9223372036854775840",
    "EventTime": "2021-09-16T20:09:21.032993-07:00",
    "ExecutionProcessID": 2080,
    "ExecutionThreadID": 2940,
    "EventType": "INFO",
    "SeverityValue": 2,
    "Severity": "INFO",
    "Hostname": "WIN-93NOI1UVL29",
    "Domain": "NT AUTHORITY",
    "AccountName": "SYSTEM",
    "UserID": "S-1-5-18",
    "AccountType": "User",
    "Flags": "33792",
    "TCP": "0",
    "Source": "104.91.167.4",
    "InterfaceIP": "0.0.0.0",
    "AA": "1",
    "AD": "0",
    "QNAME": "e10198.b.akamaiedge.NET.",
    "QTYPE": "28",
    "XID": "21182",
    "RecursionDepth": "3",
    "Port": "0",
    "RecursionScope": ".",
    "CacheScope": "Default",
    "BufferSize": "113",
    "PacketData": "0x52BE840000010000000100010665313031393801620A616B616D616965646765034E455400001C0001C01300060001000003E80031036E3062C0150A686F73746D617374657206616B616D616903636F6D00614406E1000003E8000003E8000003E8000007080000291000000080000000",
    "AdditionalInfo": ".",
    "GUID": "{BE37EDAD-CEDD-48DD-B62B-C06DB3249AB6}",
    "EventReceivedTime": "2021-09-16T20:09:22.230063-07:00",
    "SourceModuleName": "dnsserver",
    "SourceModuleType": "im_etw",
    "HostIP": "192.168.1.36"
  },
  {
    "SourceName": "Microsoft-Windows-DNSServer",
    "ProviderGuid": "{EB79061A-A566-4698-9119-3ED2807060E7}",
    "EventID": 257,
    "Version": 0,
    "ChannelID": 16,
    "OpcodeValue": 0,
    "TaskValue": 1,
    "Keywords": "9223372036854775810",
    "EventTime": "2021-09-16T20:09:21.033055-07:00",
    "ExecutionProcessID": 2080,
    "ExecutionThreadID": 2940,
    "EventType": "INFO",
    "SeverityValue": 2,
    "Severity": "INFO",
    "Hostname": "WIN-93NOI1UVL29",
    "Domain": "NT AUTHORITY",
    "AccountName": "SYSTEM",
    "UserID": "S-1-5-18",
    "AccountType": "User",
    "Flags": "33152",
    "TCP": "0",
    "InterfaceIP": "2601:442:4400:82a:b8a3:7b53:d4bf:98bf",
    "Destination": "2601:442:4400:82a:b8a3:7b53:d4bf:98bf",
    "AA": "0",
    "AD": "0",
    "QNAME": "storecatalogrevocation.storequality.microsoft.com.",
    "QTYPE": "28",
    "XID": "5339",
    "DNSSEC": "0",
    "RCODE": "0",
    "Port": "57839",
    "Scope": "Default",
    "Zone": "..Cache",
    "PolicyName": "NULL",
    "BufferSize": "176",
    "PacketData": "0x14DB818000010002000000001673746F7265636174616C6F677265766F636174696F6E0C73746F72657175616C697479096D6963726F736F667403636F6D00001C0001C00C0005000100000E0F003F1673746F7265636174616C6F677265766F636174696F6E0C73746F72657175616C697479096D6963726F736F667403636F6D07656467656B6579036E657400C04F000500010000012B00160665313031393801620A616B616D616965646765C089",
    "AdditionalInfo": "VirtualizationInstance:.",
    "ElapsedTime": "120",
    "GUID": "{BE37EDAD-CEDD-48DD-B62B-C06DB3249AB6}",
    "EventReceivedTime": "2021-09-16T20:09:22.230063-07:00",
    "SourceModuleName": "dnsserver",
    "SourceModuleType": "im_etw",
    "HostIP": "192.168.1.36"
  },
  {
    "SourceName": "Microsoft-Windows-DNSServer",
    "ProviderGuid": "{EB79061A-A566-4698-9119-3ED2807060E7}",
    "EventID": 516,
    "Version": 0,
    "ChannelID": 17,
    "OpcodeValue": 0,
    "TaskValue": 5,
    "Keywords": "4611686018428436480",
    "EventTime": "2021-09-16T20:09:22.953223-07:00",
    "ExecutionProcessID": 2080,
    "ExecutionThreadID": 1556,
    "EventType": "INFO",
    "SeverityValue": 2,
    "Severity": "INFO",
    "Hostname": "WIN-93NOI1UVL29",
    "Domain": "WIN-93NOI1UVL29",
    "AccountName": "Administrator",
    "UserID": "S-1-5-21-3792008863-3761660533-1198677510-500",
    "AccountType": "User",
    "Flags": "EXTENDED_INFO|IS_64_BIT_HEADER|PROCESSOR_INDEX (577)",
    "Type": "1",
    "NAME": "router.example.com",
    "TTL": "0",
    "BufferSize": "4",
    "RDATA": "0xC0A80101",
    "Zone": "example.com",
    "ZoneScope": "Default",
    "VirtualizationID": ".",
    "EventReceivedTime": "2021-09-16T20:09:23.964141-07:00",
    "SourceModuleName": "dnsserver",
    "SourceModuleType": "im_etw",
    "HostIP": "192.168.1.36"
  },
  {
    "SourceName": "Microsoft-Windows-DNSServer",
    "ProviderGuid": "{EB79061A-A566-4698-9119-3ED2807060E7}",
    "EventID": 256,
    "Version": 0,
    "ChannelID": 16,
    "OpcodeValue": 0,
    "TaskValue": 1,
    "Keywords": "9223372036854775809",
    "EventTime": "2021-09-16T20:09:43.724538-07:00",
    "ExecutionProcessID": 2080,
    "ExecutionThreadID": 2940,
    "EventType": "INFO",
    "SeverityValue": 2,
    "Severity": "INFO",
    "Hostname": "WIN-93NOI1UVL29",
    "Domain": "NT AUTHORITY",
    "AccountName": "SYSTEM",
    "UserID": "S-1-5-18",
    "AccountType": "User",
    "Flags": "256",
    "TCP": "0",
    "InterfaceIP": "2601:442:4400:82a:b8a3:7b53:d4bf:98bf",
    "Source": "2601:442:4400:82a:b8a3:7b53:d4bf:98bf",
    "RD": "1",
    "QNAME": "settings-win.data.microsoft.com.",
    "QTYPE": "1",
    "XID": "25842",
    "Port": "58205",
    "BufferSize": "49",
    "PacketData": "0x64F2010000010000000000000C73657474696E67732D77696E0464617461096D6963726F736F667403636F6D0000010001",
    "AdditionalInfo": ".",
    "GUID": "{63DC22F3-2494-4CA4-8F11-A16ACA571CDD}",
    "EventReceivedTime": "2021-09-16T20:09:44.712121-07:00",
    "SourceModuleName": "dnsserver",
    "SourceModuleType": "im_etw",
    "HostIP": "192.168.1.36"
  },
