  {
    "SourceName": "Microsoft-Windows-DNSServer",
    "ProviderGuid": "{EB79061A-A566-4698-9119-3ED2807060E7}",
    "EventID": 260,
    "Version": 0,
    "ChannelID": 16,
    "OpcodeValue": 0,
    "TaskValue": 2,
    "Keywords": "9223372036854775824",
    "EventTime": "2021-09-16T20:01:01.678226-07:00",
    "ExecutionProcessID": 2080,
    "ExecutionThreadID": 2940,
    "EventType": "INFO",
    "SeverityValue": 2,
    "Severity": "INFO",
    "Hostname": "WIN-93NOI1UVL29",
    "Domain": "NT AUTHORITY",
    "AccountName": "SYSTEM",
    "UserID": "S-1-5-18",
    "AccountType": "User",
    "Flags": "0",
    "TCP": "0",
    "Destination": "13.107.222.240",
    "InterfaceIP": "0.0.0.0",
    "RD": "0",
    "QNAME": "geo.prod.do.dsp.trafficmanager.NET.",
    "QTYPE": "1",
    "QXID": "13173",
    "XID": "24294",
    "Port": "0",
    "RecursionScope": ".",
    "CacheScope": "Default",
    "PolicyName": "NULL",
    "BufferSize": "63",
    "PacketData": "0x5EE6000000010000000000010367656F0470726F6402646F036473700E747261666669636D616E61676572034E455400000100010000290FA0000080000000",
    "AdditionalInfo": ".",
    "GUID": "{F9E9CBAD-D437-41FE-9440-E5325B30ED6E}",
    "EventReceivedTime": "2021-09-16T20:01:02.306887-07:00",
    "SourceModuleName": "dnsserver",
    "SourceModuleType": "im_etw",
    "HostIP": "192.168.1.36"
  },
  {
    "SourceName": "Microsoft-Windows-DNSServer",
    "ProviderGuid": "{EB79061A-A566-4698-9119-3ED2807060E7}",
    "EventID": 256,
    "Version": 0,
    "ChannelID": 16,
    "OpcodeValue": 0,
    "TaskValue": 1,
    "Keywords": "9223372036854775809",
    "EventTime": "2021-09-16T20:01:01.678808-07:00",
    "ExecutionProcessID": 2080,
    "ExecutionThreadID": 2940,
    "EventType": "INFO",
    "SeverityValue": 2,
    "Severity": "INFO",
    "Hostname": "WIN-93NOI1UVL29",
    "Domain": "NT AUTHORITY",
    "AccountName": "SYSTEM",
    "UserID": "S-1-5-18",
    "AccountType": "User",
    "Flags": "256",
    "TCP": "0",
    "InterfaceIP": "192.168.1.36",
    "Source": "192.168.1.36",
    "RD": "1",
    "QNAME": "geo.prod.do.dsp.mp.microsoft.com.",
    "QTYPE": "28",
    "XID": "33601",
    "Port": "54783",
    "BufferSize": "50",
    "PacketData": "0x8341010000010000000000000367656F0470726F6402646F03647370026D70096D6963726F736F667403636F6D00001C0001",
    "AdditionalInfo": ".",
    "GUID": "{2AB6D2F6-6CF2-4C02-A060-0BE05EC75E47}",
    "EventReceivedTime": "2021-09-16T20:01:02.306887-07:00",
    "SourceModuleName": "dnsserver",
    "SourceModuleType": "im_etw",
    "HostIP": "192.168.1.36"
  },
  {
    "SourceName": "Microsoft-Windows-DNSServer",
    "ProviderGuid": "{EB79061A-A566-4698-9119-3ED2807060E7}",
    "EventID": 279,
    "Version": 0,
    "ChannelID": 16,
    "OpcodeValue": 0,
    "TaskValue": 1,
    "Keywords": "9223372071214514176",
    "EventTime": "2021-09-16T20:01:01.678821-07:00",
    "ExecutionProcessID": 2080,
    "ExecutionThreadID": 2940,
    "EventType": "INFO",
    "SeverityValue": 2,
    "Severity": "INFO",
    "Hostname": "WIN-93NOI1UVL29",
    "Domain": "NT AUTHORITY",
    "AccountName": "SYSTEM",
    "UserID": "S-1-5-18",
    "AccountType": "User",
    "Flags": "33152",
    "TCP": "0",
    "InterfaceIP": "192.168.1.36",
    "Source": "192.168.1.36",
    "RD": "1",
    "QNAME": "geo.prod.do.dsp.trafficmanager.net.",
    "QTYPE": "28",
    "Port": "54783",
    "XID": "33601",
    "BufferSize": "50",
    "PacketData": "0x8341818000010001000000000367656F0470726F6402646F03647370026D70096D6963726F736F667403636F6D00001C0001",
    "EventReceivedTime": "2021-09-16T20:01:02.306887-07:00",
    "SourceModuleName": "dnsserver",
    "SourceModuleType": "im_etw",
    "HostIP": "192.168.1.36"
  },
  {
    "SourceName": "Microsoft-Windows-DNSServer",
    "ProviderGuid": "{EB79061A-A566-4698-9119-3ED2807060E7}",
    "EventID": 260,
    "Version": 0,
    "ChannelID": 16,
    "OpcodeValue": 0,
    "TaskValue": 2,
    "Keywords": "9223372036854775824",
    "EventTime": "2021-09-16T20:01:01.678976-07:00",
    "ExecutionProcessID": 2080,
    "ExecutionThreadID": 2940,
    "EventType": "INFO",
    "SeverityValue": 2,
    "Severity": "INFO",
    "Hostname": "WIN-93NOI1UVL29",
    "Domain": "NT AUTHORITY",
    "AccountName": "SYSTEM",
    "UserID": "S-1-5-18",
    "AccountType": "User",
    "Flags": "0",
    "TCP": "0",
    "Destination": "13.107.222.240",
    "InterfaceIP": "0.0.0.0",
    "RD": "0",
    "QNAME": "geo.prod.do.dsp.trafficmanager.NET.",
    "QTYPE": "28",
    "QXID": "33601",
    "XID": "5446",
    "Port": "0",
    "RecursionScope": ".",
    "CacheScope": "Default",
    "PolicyName": "NULL",
    "BufferSize": "63",
    "PacketData": "0x1546000000010000000000010367656F0470726F6402646F036473700E747261666669636D616E61676572034E455400001C00010000290FA0000080000000",
    "AdditionalInfo": ".",
    "GUID": "{2AB6D2F6-6CF2-4C02-A060-0BE05EC75E47}",
    "EventReceivedTime": "2021-09-16T20:01:02.306887-07:00",
    "SourceModuleName": "dnsserver",
    "SourceModuleType": "im_etw",
    "HostIP": "192.168.1.36"
  },
  {
    "SourceName": "Microsoft-Windows-DNSServer",
    "ProviderGuid": "{EB79061A-A566-4698-9119-3ED2807060E7}",
    "EventID": 261,
    "Version": 0,
    "ChannelID": 16,
    "OpcodeValue": 0,
    "TaskValue": 2,
    "Keywords": "9223372036854775840",
    "EventTime": "2021-09-16T20:01:01.703038-07:00",
    "ExecutionProcessID": 2080,
    "ExecutionThreadID": 2940,
    "EventType": "INFO",
    "SeverityValue": 2,
    "Severity": "INFO",
    "Hostname": "WIN-93NOI1UVL29",
    "Domain": "NT AUTHORITY",
    "AccountName": "SYSTEM",
    "UserID": "S-1-5-18",
    "AccountType": "User",
    "Flags": "33824",
    "TCP": "0",
    "Source": "13.107.222.240",
    "InterfaceIP": "0.0.0.0",
    "AA": "1",
    "AD": "1",
    "QNAME": "geo.prod.do.dsp.trafficmanager.NET.",
    "QTYPE": "1",
    "XID": "24294",
    "RecursionDepth": "1",
    "Port": "0",
    "RecursionScope": ".",
    "CacheScope": "Default",
    "BufferSize": "114",
    "PacketData": "0x5EE6842000010001000000010367656F0470726F6402646F036473700E747261666669636D616E61676572034E45540000010001C00C000500010000012C00270861727261793830310470726F6402646F03647370026D70096D6963726F736F667403636F6D0000002904D0000000000000",
    "AdditionalInfo": ".",
    "GUID": "{F9E9CBAD-D437-41FE-9440-E5325B30ED6E}",
    "EventReceivedTime": "2021-09-16T20:01:02.306887-07:00",
    "SourceModuleName": "dnsserver",
    "SourceModuleType": "im_etw",
    "HostIP": "192.168.1.36"
  },
  {
    "SourceName": "Microsoft-Windows-DNSServer",
    "ProviderGuid": "{EB79061A-A566-4698-9119-3ED2807060E7}",
    "EventID": 279,
    "Version": 0,
    "ChannelID": 16,
    "OpcodeValue": 0,
    "TaskValue": 1,
    "Keywords": "9223372071214514176",
    "EventTime": "2021-09-16T20:01:01.703070-07:00",
    "ExecutionProcessID": 2080,
    "ExecutionThreadID": 2940,
    "EventType": "INFO",
    "SeverityValue": 2,
    "Severity": "INFO",
    "Hostname": "WIN-93NOI1UVL29",
    "Domain": "NT AUTHORITY",
    "AccountName": "SYSTEM",
    "UserID": "S-1-5-18",
    "AccountType": "User",
    "Flags": "33152",
    "TCP": "0",
    "InterfaceIP": "192.168.1.36",
    "Source": "192.168.1.36",
    "RD": "1",
    "QNAME": "array801.prod.do.dsp.mp.microsoft.com.",
    "QTYPE": "1",
    "Port": "63099",
    "XID": "13173",
    "BufferSize": "50",
    "PacketData": "0x3375818000010002000000000367656F0470726F6402646F03647370026D70096D6963726F736F667403636F6D0000010001",
    "EventReceivedTime": "2021-09-16T20:01:02.306887-07:00",
    "SourceModuleName": "dnsserver",
    "SourceModuleType": "im_etw",
    "HostIP": "192.168.1.36"
  },
  {
    "SourceName": "Microsoft-Windows-DNSServer",
    "ProviderGuid": "{EB79061A-A566-4698-9119-3ED2807060E7}",
    "EventID": 260,
    "Version": 0,
    "ChannelID": 16,
    "OpcodeValue": 0,
    "TaskValue": 2,
    "Keywords": "9223372036854775824",
    "EventTime": "2021-09-16T20:01:01.703211-07:00",
    "ExecutionProcessID": 2080,
    "ExecutionThreadID": 2940,
    "EventType": "INFO",
    "SeverityValue": 2,
    "Severity": "INFO",
    "Hostname": "WIN-93NOI1UVL29",
    "Domain": "NT AUTHORITY",
    "AccountName": "SYSTEM",
    "UserID": "S-1-5-18",
    "AccountType": "User",
    "Flags": "0",
    "TCP": "0",
    "Destination": "40.90.4.6",
    "InterfaceIP": "0.0.0.0",
    "RD": "0",
    "QNAME": "array801.prod.do.dsp.mp.microsoft.com.",
    "QTYPE": "1",
    "QXID": "13173",
    "XID": "30748",
    "Port": "0",
    "RecursionScope": ".",
    "CacheScope": "Default",
    "PolicyName": "NULL",
    "BufferSize": "66",
    "PacketData": "0x781C000000010000000000010861727261793830310470726F6402646F03647370026D70096D6963726F736F667403636F6D00000100010000290FA0000080000000",
    "AdditionalInfo": ".",
    "GUID": "{F9E9CBAD-D437-41FE-9440-E5325B30ED6E}",
    "EventReceivedTime": "2021-09-16T20:01:02.306887-07:00",
    "SourceModuleName": "dnsserver",
    "SourceModuleType": "im_etw",
    "HostIP": "192.168.1.36"
  },
  {
    "SourceName": "Microsoft-Windows-DNSServer",
    "ProviderGuid": "{EB79061A-A566-4698-9119-3ED2807060E7}",
    "EventID": 261,
    "Version": 0,
    "ChannelID": 16,
    "OpcodeValue": 0,
    "TaskValue": 2,
    "Keywords": "9223372036854775840",
    "EventTime": "2021-09-16T20:01:01.706090-07:00",
    "ExecutionProcessID": 2080,
    "ExecutionThreadID": 2940,
    "EventType": "INFO",
    "SeverityValue": 2,
    "Severity": "INFO",
    "Hostname": "WIN-93NOI1UVL29",
    "Domain": "NT AUTHORITY",
    "AccountName": "SYSTEM",
    "UserID": "S-1-5-18",
    "AccountType": "User",
    "Flags": "33824",
    "TCP": "0",
    "Source": "13.107.222.240",
    "InterfaceIP": "0.0.0.0",
    "AA": "1",
    "AD": "1",
    "QNAME": "geo.prod.do.dsp.trafficmanager.NET.",
    "QTYPE": "28",
    "XID": "5446",
    "RecursionDepth": "1",
    "Port": "0",
    "RecursionScope": ".",
    "CacheScope": "Default",
    "BufferSize": "114",
    "PacketData": "0x1546842000010001000000010367656F0470726F6402646F036473700E747261666669636D616E61676572034E455400001C0001C00C000500010000012C00270861727261793631320470726F6402646F03647370026D70096D6963726F736F667403636F6D0000002904D0000000000000",
    "AdditionalInfo": ".",
    "GUID": "{2AB6D2F6-6CF2-4C02-A060-0BE05EC75E47}",
    "EventReceivedTime": "2021-09-16T20:01:02.306887-07:00",
    "SourceModuleName": "dnsserver",
    "SourceModuleType": "im_etw",
    "HostIP": "192.168.1.36"
  },
  {
    "SourceName": "Microsoft-Windows-DNSServer",
    "ProviderGuid": "{EB79061A-A566-4698-9119-3ED2807060E7}",
    "EventID": 279,
    "Version": 0,
    "ChannelID": 16,
    "OpcodeValue": 0,
    "TaskValue": 1,
    "Keywords": "9223372071214514176",
    "EventTime": "2021-09-16T20:01:01.706132-07:00",
    "ExecutionProcessID": 2080,
    "ExecutionThreadID": 2940,
    "EventType": "INFO",
    "SeverityValue": 2,
    "Severity": "INFO",
    "Hostname": "WIN-93NOI1UVL29",
    "Domain": "NT AUTHORITY",
    "AccountName": "SYSTEM",
    "UserID": "S-1-5-18",
    "AccountType": "User",
    "Flags": "33152",
    "TCP": "0",
    "InterfaceIP": "192.168.1.36",
    "Source": "192.168.1.36",
    "RD": "1",
    "QNAME": "array801.prod.do.dsp.mp.microsoft.com.",
    "QTYPE": "28",
    "Port": "54783",
    "XID": "33601",
    "BufferSize": "50",
    "PacketData": "0x8341818000010002000000000367656F0470726F6402646F03647370026D70096D6963726F736F667403636F6D00001C0001",
    "EventReceivedTime": "2021-09-16T20:01:02.306887-07:00",
    "SourceModuleName": "dnsserver",
    "SourceModuleType": "im_etw",
    "HostIP": "192.168.1.36"
  },
  {
    "SourceName": "Microsoft-Windows-DNSServer",
    "ProviderGuid": "{EB79061A-A566-4698-9119-3ED2807060E7}",
    "EventID": 260,
    "Version": 0,
    "ChannelID": 16,
    "OpcodeValue": 0,
    "TaskValue": 2,
    "Keywords": "9223372036854775824",
    "EventTime": "2021-09-16T20:01:01.706555-07:00",
    "ExecutionProcessID": 2080,
    "ExecutionThreadID": 2940,
    "EventType": "INFO",
    "SeverityValue": 2,
    "Severity": "INFO",
    "Hostname": "WIN-93NOI1UVL29",
    "Domain": "NT AUTHORITY",
    "AccountName": "SYSTEM",
    "UserID": "S-1-5-18",
    "AccountType": "User",
    "Flags": "0",
    "TCP": "0",
    "Destination": "40.90.4.6",
    "InterfaceIP": "0.0.0.0",
    "RD": "0",
    "QNAME": "array801.prod.do.dsp.mp.microsoft.com.",
    "QTYPE": "28",
    "QXID": "33601",
    "XID": "34528",
    "Port": "0",
    "RecursionScope": ".",
    "CacheScope": "Default",
    "PolicyName": "NULL",
    "BufferSize": "66",
    "PacketData": "0x86E0000000010000000000010861727261793830310470726F6402646F03647370026D70096D6963726F736F667403636F6D00001C00010000290FA0000080000000",
    "AdditionalInfo": ".",
    "GUID": "{2AB6D2F6-6CF2-4C02-A060-0BE05EC75E47}",
    "EventReceivedTime": "2021-09-16T20:01:02.306887-07:00",
    "SourceModuleName": "dnsserver",
    "SourceModuleType": "im_etw",
    "HostIP": "192.168.1.36"
  },
  {
    "SourceName": "Microsoft-Windows-DNSServer",
    "ProviderGuid": "{EB79061A-A566-4698-9119-3ED2807060E7}",
    "EventID": 261,
    "Version": 0,
    "ChannelID": 16,
    "OpcodeValue": 0,
    "TaskValue": 2,
    "Keywords": "9223372036854775840",
    "EventTime": "2021-09-16T20:01:01.727682-07:00",
    "ExecutionProcessID": 2080,
    "ExecutionThreadID": 2940,
    "EventType": "INFO",
    "SeverityValue": 2,
    "Severity": "INFO",
    "Hostname": "WIN-93NOI1UVL29",
    "Domain": "NT AUTHORITY",
    "AccountName": "SYSTEM",
    "UserID": "S-1-5-18",
    "AccountType": "User",
    "Flags": "33792",
    "TCP": "0",
    "Source": "40.90.4.6",
    "InterfaceIP": "0.0.0.0",
    "AA": "1",
    "AD": "0",
    "QNAME": "array801.prod.do.dsp.mp.microsoft.com.",
    "QTYPE": "1",
    "XID": "30748",
    "RecursionDepth": "2",
    "Port": "0",
    "RecursionScope": ".",
    "CacheScope": "Default",
    "BufferSize": "82",
    "PacketData": "0x781C840000010001000000010861727261793830310470726F6402646F03647370026D70096D6963726F736F667403636F6D0000010001C00C0001000100000E100004285B505900002904D0000080000000",
    "AdditionalInfo": ".",
    "GUID": "{F9E9CBAD-D437-41FE-9440-E5325B30ED6E}",
    "EventReceivedTime": "2021-09-16T20:01:02.306887-07:00",
    "SourceModuleName": "dnsserver",
    "SourceModuleType": "im_etw",
    "HostIP": "192.168.1.36"
  },
  {
    "SourceName": "Microsoft-Windows-DNSServer",
    "ProviderGuid": "{EB79061A-A566-4698-9119-3ED2807060E7}",
    "EventID": 257,
    "Version": 0,
    "ChannelID": 16,
    "OpcodeValue": 0,
    "TaskValue": 1,
    "Keywords": "9223372036854775810",
    "EventTime": "2021-09-16T20:01:01.727819-07:00",
    "ExecutionProcessID": 2080,
    "ExecutionThreadID": 2940,
    "EventType": "INFO",
    "SeverityValue": 2,
    "Severity": "INFO",
    "Hostname": "WIN-93NOI1UVL29",
    "Domain": "NT AUTHORITY",
    "AccountName": "SYSTEM",
    "UserID": "S-1-5-18",
    "AccountType": "User",
    "Flags": "33152",
    "TCP": "0",
    "InterfaceIP": "192.168.1.36",
    "Destination": "192.168.1.36",
    "AA": "0",
    "AD": "0",
    "QNAME": "geo.prod.do.dsp.mp.microsoft.com.",
    "QTYPE": "1",
    "XID": "13173",
    "DNSSEC": "0",
    "RCODE": "0",
    "Port": "63099",
    "Scope": "Default",
    "Zone": "..Cache",
    "PolicyName": "NULL",
    "BufferSize": "137",
    "PacketData": "0x3375818000010003000000000367656F0470726F6402646F03647370026D70096D6963726F736F667403636F6D0000010001C00C0005000100000B7100240367656F0470726F6402646F036473700E747261666669636D616E61676572036E657400C03E000500010000012B000B086172726179383031C010C06E0001000100000E0F0004285B5059",
    "AdditionalInfo": "VirtualizationInstance:.",
    "ElapsedTime": "50",
    "GUID": "{F9E9CBAD-D437-41FE-9440-E5325B30ED6E}",
    "EventReceivedTime": "2021-09-16T20:01:02.322039-07:00",
    "SourceModuleName": "dnsserver",
    "SourceModuleType": "im_etw",
    "HostIP": "192.168.1.36"
  },
  {
    "SourceName": "Microsoft-Windows-DNSServer",
    "ProviderGuid": "{EB79061A-A566-4698-9119-3ED2807060E7}",
    "EventID": 261,
    "Version": 0,
    "ChannelID": 16,
    "OpcodeValue": 0,
    "TaskValue": 2,
    "Keywords": "9223372036854775840",
    "EventTime": "2021-09-16T20:01:01.734356-07:00",
    "ExecutionProcessID": 2080,
    "ExecutionThreadID": 2940,
    "EventType": "INFO",
    "SeverityValue": 2,
    "Severity": "INFO",
    "Hostname": "WIN-93NOI1UVL29",
    "Domain": "NT AUTHORITY",
    "AccountName": "SYSTEM",
    "UserID": "S-1-5-18",
    "AccountType": "User",
    "Flags": "33792",
    "TCP": "0",
    "Source": "40.90.4.6",
    "InterfaceIP": "0.0.0.0",
    "AA": "1",
    "AD": "0",
    "QNAME": "array801.prod.do.dsp.mp.microsoft.com.",
    "QTYPE": "28",
    "XID": "34528",
    "RecursionDepth": "2",
    "Port": "0",
    "RecursionScope": ".",
    "CacheScope": "Default",
    "BufferSize": "139",
    "PacketData": "0x86E0840000010000000100010861727261793830310470726F6402646F03647370026D70096D6963726F736F667403636F6D00001C0001C015000600010000012C003D066E73312D303609617A7572652D646E73C02E13617A757265646E732D686F73746D6173746572C0240000000100000E100000012C0024EA000000012C00002904D0000080000000",
    "AdditionalInfo": ".",
    "GUID": "{2AB6D2F6-6CF2-4C02-A060-0BE05EC75E47}",
    "EventReceivedTime": "2021-09-16T20:01:02.322039-07:00",
    "SourceModuleName": "dnsserver",
    "SourceModuleType": "im_etw",
    "HostIP": "192.168.1.36"
  },
  {
    "SourceName": "Microsoft-Windows-DNSServer",
    "ProviderGuid": "{EB79061A-A566-4698-9119-3ED2807060E7}",
    "EventID": 257,
    "Version": 0,
    "ChannelID": 16,
    "OpcodeValue": 0,
    "TaskValue": 1,
    "Keywords": "9223372036854775810",
    "EventTime": "2021-09-16T20:01:01.734418-07:00",
    "ExecutionProcessID": 2080,
    "ExecutionThreadID": 2940,
    "EventType": "INFO",
    "SeverityValue": 2,
    "Severity": "INFO",
    "Hostname": "WIN-93NOI1UVL29",
    "Domain": "NT AUTHORITY",
    "AccountName": "SYSTEM",
    "UserID": "S-1-5-18",
    "AccountType": "User",
    "Flags": "33152",
    "TCP": "0",
    "InterfaceIP": "192.168.1.36",
    "Destination": "192.168.1.36",
    "AA": "0",
    "AD": "0",
    "QNAME": "geo.prod.do.dsp.mp.microsoft.com.",
    "QTYPE": "28",
    "XID": "33601",
    "DNSSEC": "0",
    "RCODE": "0",
    "Port": "54783",
    "Scope": "Default",
    "Zone": "..Cache",
    "PolicyName": "NULL",
    "BufferSize": "121",
    "PacketData": "0x8341818000010002000000000367656F0470726F6402646F03647370026D70096D6963726F736F667403636F6D00001C0001C00C0005000100000B7100240367656F0470726F6402646F036473700E747261666669636D616E61676572036E657400C03E000500010000012B000B086172726179383031C010",
    "AdditionalInfo": "VirtualizationInstance:.",
    "ElapsedTime": "55",
    "GUID": "{2AB6D2F6-6CF2-4C02-A060-0BE05EC75E47}",
    "EventReceivedTime": "2021-09-16T20:01:02.322039-07:00",
    "SourceModuleName": "dnsserver",
    "SourceModuleType": "im_etw",
    "HostIP": "192.168.1.36"
  },
  {
    "SourceName": "Microsoft-Windows-DNSServer",
    "ProviderGuid": "{EB79061A-A566-4698-9119-3ED2807060E7}",
    "EventID": 256,
    "Version": 0,
    "ChannelID": 16,
    "OpcodeValue": 0,
    "TaskValue": 1,
    "Keywords": "9223372036854775809",
    "EventTime": "2021-09-16T20:01:02.059403-07:00",
    "ExecutionProcessID": 2080,
    "ExecutionThreadID": 2940,
    "EventType": "INFO",
    "SeverityValue": 2,
    "Severity": "INFO",
    "Hostname": "WIN-93NOI1UVL29",
    "Domain": "NT AUTHORITY",
    "AccountName": "SYSTEM",
    "UserID": "S-1-5-18",
    "AccountType": "User",
    "Flags": "256",
    "TCP": "0",
    "InterfaceIP": "192.168.1.36",
    "Source": "192.168.1.36",
    "RD": "1",
    "QNAME": "kv801.prod.do.dsp.mp.microsoft.com.",
    "QTYPE": "1",
    "XID": "56777",
    "Port": "50813",
    "BufferSize": "52",
    "PacketData": "0xDDC901000001000000000000056B763830310470726F6402646F03647370026D70096D6963726F736F667403636F6D0000010001",
    "AdditionalInfo": ".",
    "GUID": "{6D922CC8-922A-4F1F-A748-ED74F923BD26}",
    "EventReceivedTime": "2021-09-16T20:01:02.322039-07:00",
    "SourceModuleName": "dnsserver",
    "SourceModuleType": "im_etw",
    "HostIP": "192.168.1.36"
  },
  {
    "SourceName": "Microsoft-Windows-DNSServer",
    "ProviderGuid": "{EB79061A-A566-4698-9119-3ED2807060E7}",
    "EventID": 279,
    "Version": 0,
    "ChannelID": 16,
    "OpcodeValue": 0,
    "TaskValue": 1,
    "Keywords": "9223372071214514176",
    "EventTime": "2021-09-16T20:01:02.059453-07:00",
    "ExecutionProcessID": 2080,
    "ExecutionThreadID": 2940,
    "EventType": "INFO",
    "SeverityValue": 2,
    "Severity": "INFO",
    "Hostname": "WIN-93NOI1UVL29",
    "Domain": "NT AUTHORITY",
    "AccountName": "SYSTEM",
    "UserID": "S-1-5-18",
    "AccountType": "User",
    "Flags": "33152",
    "TCP": "0",
    "InterfaceIP": "192.168.1.36",
    "Source": "192.168.1.36",
    "RD": "1",
    "QNAME": "kv801.prod.do.dsp.mp.microsoft.com.edgekey.net.",
    "QTYPE": "1",
    "Port": "50813",
    "XID": "56777",
    "BufferSize": "52",
    "PacketData": "0xDDC981800001000100000000056B763830310470726F6402646F03647370026D70096D6963726F736F667403636F6D0000010001",
    "EventReceivedTime": "2021-09-16T20:01:02.322039-07:00",
    "SourceModuleName": "dnsserver",
    "SourceModuleType": "im_etw",
    "HostIP": "192.168.1.36"
  },
  {
    "SourceName": "Microsoft-Windows-DNSServer",
    "ProviderGuid": "{EB79061A-A566-4698-9119-3ED2807060E7}",
    "EventID": 279,
    "Version": 0,
    "ChannelID": 16,
    "OpcodeValue": 0,
    "TaskValue": 1,
    "Keywords": "9223372071214514176",
    "EventTime": "2021-09-16T20:01:02.059481-07:00",
    "ExecutionProcessID": 2080,
    "ExecutionThreadID": 2940,
    "EventType": "INFO",
    "SeverityValue": 2,
    "Severity": "INFO",
    "Hostname": "WIN-93NOI1UVL29",
    "Domain": "NT AUTHORITY",
    "AccountName": "SYSTEM",
    "UserID": "S-1-5-18",
    "AccountType": "User",
    "Flags": "33152",
    "TCP": "0",
    "InterfaceIP": "192.168.1.36",
    "Source": "192.168.1.36",
    "RD": "1",
    "QNAME": "e12437.g.akamaiedge.net.",
    "QTYPE": "1",
    "Port": "50813",
    "XID": "56777",
    "BufferSize": "52",
    "PacketData": "0xDDC981800001000200000000056B763830310470726F6402646F03647370026D70096D6963726F736F667403636F6D0000010001",
    "EventReceivedTime": "2021-09-16T20:01:02.322039-07:00",
    "SourceModuleName": "dnsserver",
    "SourceModuleType": "im_etw",
    "HostIP": "192.168.1.36"
  },
  {
    "SourceName": "Microsoft-Windows-DNSServer",
    "ProviderGuid": "{EB79061A-A566-4698-9119-3ED2807060E7}",
    "EventID": 260,
    "Version": 0,
    "ChannelID": 16,
    "OpcodeValue": 0,
    "TaskValue": 2,
    "Keywords": "9223372036854775824",
    "EventTime": "2021-09-16T20:01:02.059698-07:00",
    "ExecutionProcessID": 2080,
    "ExecutionThreadID": 2940,
    "EventType": "INFO",
    "SeverityValue": 2,
    "Severity": "INFO",
    "Hostname": "WIN-93NOI1UVL29",
    "Domain": "NT AUTHORITY",
    "AccountName": "SYSTEM",
    "UserID": "S-1-5-18",
    "AccountType": "User",
    "Flags": "0",
    "TCP": "0",
    "Destination": "23.73.217.4",
    "InterfaceIP": "0.0.0.0",
    "RD": "0",
    "QNAME": "e12437.g.akamaiedge.NET.",
    "QTYPE": "1",
    "QXID": "56777",
    "XID": "17304",
    "Port": "0",
    "RecursionScope": ".",
    "CacheScope": "Default",
    "PolicyName": "NULL",
    "BufferSize": "52",
    "PacketData": "0x4398000000010000000000010665313234333701670A616B616D616965646765034E455400000100010000290FA0000080000000",
    "AdditionalInfo": ".",
    "GUID": "{6D922CC8-922A-4F1F-A748-ED74F923BD26}",
    "EventReceivedTime": "2021-09-16T20:01:02.322039-07:00",
    "SourceModuleName": "dnsserver",
    "SourceModuleType": "im_etw",
    "HostIP": "192.168.1.36"
  },
  {
    "SourceName": "Microsoft-Windows-DNSServer",
    "ProviderGuid": "{EB79061A-A566-4698-9119-3ED2807060E7}",
    "EventID": 256,
    "Version": 0,
    "ChannelID": 16,
    "OpcodeValue": 0,
    "TaskValue": 1,
    "Keywords": "9223372036854775809",
    "EventTime": "2021-09-16T20:01:02.059786-07:00",
    "ExecutionProcessID": 2080,
    "ExecutionThreadID": 2940,
    "EventType": "INFO",
    "SeverityValue": 2,
    "Severity": "INFO",
    "Hostname": "WIN-93NOI1UVL29",
    "Domain": "NT AUTHORITY",
    "AccountName": "SYSTEM",
    "UserID": "S-1-5-18",
    "AccountType": "User",
    "Flags": "256",
    "TCP": "0",
    "InterfaceIP": "192.168.1.36",
    "Source": "192.168.1.36",
    "RD": "1",
    "QNAME": "kv801.prod.do.dsp.mp.microsoft.com.",
    "QTYPE": "28",
    "XID": "52854",
    "Port": "57305",
    "BufferSize": "52",
    "PacketData": "0xCE7601000001000000000000056B763830310470726F6402646F03647370026D70096D6963726F736F667403636F6D00001C0001",
    "AdditionalInfo": ".",
    "GUID": "{2F61FBAE-31BD-4C06-9333-A5E52C874036}",
    "EventReceivedTime": "2021-09-16T20:01:02.322039-07:00",
    "SourceModuleName": "dnsserver",
    "SourceModuleType": "im_etw",
    "HostIP": "192.168.1.36"
  },
  {
    "SourceName": "Microsoft-Windows-DNSServer",
    "ProviderGuid": "{EB79061A-A566-4698-9119-3ED2807060E7}",
    "EventID": 279,
    "Version": 0,
    "ChannelID": 16,
    "OpcodeValue": 0,
    "TaskValue": 1,
    "Keywords": "9223372071214514176",
    "EventTime": "2021-09-16T20:01:02.059786-07:00",
    "ExecutionProcessID": 2080,
    "ExecutionThreadID": 2940,
    "EventType": "INFO",
    "SeverityValue": 2,
    "Severity": "INFO",
    "Hostname": "WIN-93NOI1UVL29",
    "Domain": "NT AUTHORITY",
    "AccountName": "SYSTEM",
    "UserID": "S-1-5-18",
    "AccountType": "User",
    "Flags": "33152",
    "TCP": "0",
    "InterfaceIP": "192.168.1.36",
    "Source": "192.168.1.36",
    "RD": "1",
    "QNAME": "kv801.prod.do.dsp.mp.microsoft.com.edgekey.net.",
    "QTYPE": "28",
    "Port": "57305",
    "XID": "52854",
    "BufferSize": "52",
    "PacketData": "0xCE7681800001000100000000056B763830310470726F6402646F03647370026D70096D6963726F736F667403636F6D00001C0001",
    "EventReceivedTime": "2021-09-16T20:01:02.322039-07:00",
    "SourceModuleName": "dnsserver",
    "SourceModuleType": "im_etw",
    "HostIP": "192.168.1.36"
  },
  {
    "SourceName": "Microsoft-Windows-DNSServer",
    "ProviderGuid": "{EB79061A-A566-4698-9119-3ED2807060E7}",
    "EventID": 279,
    "Version": 0,
    "ChannelID": 16,
    "OpcodeValue": 0,
    "TaskValue": 1,
    "Keywords": "9223372071214514176",
    "EventTime": "2021-09-16T20:01:02.059786-07:00",
    "ExecutionProcessID": 2080,
    "ExecutionThreadID": 2940,
    "EventType": "INFO",
    "SeverityValue": 2,
    "Severity": "INFO",
    "Hostname": "WIN-93NOI1UVL29",
    "Domain": "NT AUTHORITY",
    "AccountName": "SYSTEM",
    "UserID": "S-1-5-18",
    "AccountType": "User",
    "Flags": "33152",
    "TCP": "0",
    "InterfaceIP": "192.168.1.36",
    "Source": "192.168.1.36",
    "RD": "1",
    "QNAME": "e12437.g.akamaiedge.net.",
    "QTYPE": "28",
    "Port": "57305",
    "XID": "52854",
    "BufferSize": "52",
    "PacketData": "0xCE7681800001000200000000056B763830310470726F6402646F03647370026D70096D6963726F736F667403636F6D00001C0001",
    "EventReceivedTime": "2021-09-16T20:01:02.322039-07:00",
    "SourceModuleName": "dnsserver",
    "SourceModuleType": "im_etw",
    "HostIP": "192.168.1.36"
  },
  {
    "SourceName": "Microsoft-Windows-DNSServer",
    "ProviderGuid": "{EB79061A-A566-4698-9119-3ED2807060E7}",
    "EventID": 257,
    "Version": 0,
    "ChannelID": 16,
    "OpcodeValue": 0,
    "TaskValue": 1,
    "Keywords": "9223372036854775810",
    "EventTime": "2021-09-16T20:01:02.059787-07:00",
    "ExecutionProcessID": 2080,
    "ExecutionThreadID": 2940,
    "EventType": "INFO",
    "SeverityValue": 2,
    "Severity": "INFO",
    "Hostname": "WIN-93NOI1UVL29",
    "Domain": "NT AUTHORITY",
    "AccountName": "SYSTEM",
    "UserID": "S-1-5-18",
    "AccountType": "User",
    "Flags": "33152",
    "TCP": "0",
    "InterfaceIP": "192.168.1.36",
    "Destination": "192.168.1.36",
    "AA": "0",
    "AD": "0",
    "QNAME": "kv801.prod.do.dsp.mp.microsoft.com.",
    "QTYPE": "28",
    "XID": "52854",
    "DNSSEC": "0",
    "RCODE": "0",
    "Port": "57305",
    "Scope": "Default",
    "Zone": "..Cache",
    "PolicyName": "NULL",
    "BufferSize": "204",
    "PacketData": "0xCE7681800001000200010000056B763830310470726F6402646F03647370026D70096D6963726F736F667403636F6D00001C0001C00C0005000100000B720030056B763830310470726F6402646F03647370026D70096D6963726F736F667403636F6D07656467656B6579036E657400C04000050001000051C200160665313234333701670A616B616D616965646765C06BC08300060001000000E7002E036E3067C0850A686F73746D617374657206616B616D6169C02B61440250000003E8000003E8000003E800000708",
    "AdditionalInfo": "VirtualizationInstance:.",
    "ElapsedTime": "0",
    "GUID": "{2F61FBAE-31BD-4C06-9333-A5E52C874036}",
    "EventReceivedTime": "2021-09-16T20:01:02.322039-07:00",
    "SourceModuleName": "dnsserver",
    "SourceModuleType": "im_etw",
    "HostIP": "192.168.1.36"
  },
  {
    "SourceName": "Microsoft-Windows-DNSServer",
    "ProviderGuid": "{EB79061A-A566-4698-9119-3ED2807060E7}",
    "EventID": 261,
    "Version": 0,
    "ChannelID": 16,
    "OpcodeValue": 0,
    "TaskValue": 2,
    "Keywords": "9223372036854775840",
    "EventTime": "2021-09-16T20:01:02.071475-07:00",
    "ExecutionProcessID": 2080,
    "ExecutionThreadID": 2940,
    "EventType": "INFO",
    "SeverityValue": 2,
    "Severity": "INFO",
    "Hostname": "WIN-93NOI1UVL29",
    "Domain": "NT AUTHORITY",
    "AccountName": "SYSTEM",
    "UserID": "S-1-5-18",
    "AccountType": "User",
    "Flags": "33792",
    "TCP": "0",
    "Source": "23.73.217.4",
    "InterfaceIP": "0.0.0.0",
    "AA": "1",
    "AD": "0",
    "QNAME": "e12437.g.akamaiedge.NET.",
    "QTYPE": "1",
    "XID": "17304",
    "RecursionDepth": "1",
    "Port": "0",
    "RecursionScope": ".",
    "CacheScope": "Default",
    "BufferSize": "68",
    "PacketData": "0x4398840000010001000000010665313234333701670A616B616D616965646765034E45540000010001C00C0001000100000014000417CAD18A0000291000000080000000",
    "AdditionalInfo": ".",
    "GUID": "{6D922CC8-922A-4F1F-A748-ED74F923BD26}",
    "EventReceivedTime": "2021-09-16T20:01:02.322039-07:00",
    "SourceModuleName": "dnsserver",
    "SourceModuleType": "im_etw",
    "HostIP": "192.168.1.36"
  },
  {
    "SourceName": "Microsoft-Windows-DNSServer",
    "ProviderGuid": "{EB79061A-A566-4698-9119-3ED2807060E7}",
    "EventID": 257,
    "Version": 0,
    "ChannelID": 16,
    "OpcodeValue": 0,
    "TaskValue": 1,
    "Keywords": "9223372036854775810",
    "EventTime": "2021-09-16T20:01:02.071562-07:00",
    "ExecutionProcessID": 2080,
    "ExecutionThreadID": 2940,
    "EventType": "INFO",
    "SeverityValue": 2,
    "Severity": "INFO",
    "Hostname": "WIN-93NOI1UVL29",
    "Domain": "NT AUTHORITY",
    "AccountName": "SYSTEM",
    "UserID": "S-1-5-18",
    "AccountType": "User",
    "Flags": "33152",
    "TCP": "0",
    "InterfaceIP": "192.168.1.36",
    "Destination": "192.168.1.36",
    "AA": "0",
    "AD": "0",
    "QNAME": "kv801.prod.do.dsp.mp.microsoft.com.",
    "QTYPE": "1",
    "XID": "56777",
    "DNSSEC": "0",
    "RCODE": "0",
    "Port": "50813",
    "Scope": "Default",
    "Zone": "..Cache",
    "PolicyName": "NULL",
    "BufferSize": "162",
    "PacketData": "0xDDC981800001000300000000056B763830310470726F6402646F03647370026D70096D6963726F736F667403636F6D0000010001C00C0005000100000B720030056B763830310470726F6402646F03647370026D70096D6963726F736F667403636F6D07656467656B6579036E657400C04000050001000051C200160665313234333701670A616B616D616965646765C06BC07C0001000100000014000417CAD18A",
    "AdditionalInfo": "VirtualizationInstance:.",
    "ElapsedTime": "12",
    "GUID": "{6D922CC8-922A-4F1F-A748-ED74F923BD26}",
    "EventReceivedTime": "2021-09-16T20:01:02.322039-07:00",
    "SourceModuleName": "dnsserver",
    "SourceModuleType": "im_etw",
    "HostIP": "192.168.1.36"
  },
  {
    "SourceName": "Microsoft-Windows-DNSServer",
    "ProviderGuid": "{EB79061A-A566-4698-9119-3ED2807060E7}",
    "EventID": 256,
    "Version": 0,
    "ChannelID": 16,
    "OpcodeValue": 0,
    "TaskValue": 1,
    "Keywords": "9223372036854775809",
    "EventTime": "2021-09-16T20:01:02.259396-07:00",
    "ExecutionProcessID": 2080,
    "ExecutionThreadID": 2940,
    "EventType": "INFO",
    "SeverityValue": 2,
    "Severity": "INFO",
    "Hostname": "WIN-93NOI1UVL29",
    "Domain": "NT AUTHORITY",
    "AccountName": "SYSTEM",
    "UserID": "S-1-5-18",
    "AccountType": "User",
    "Flags": "256",
    "TCP": "0",
    "InterfaceIP": "192.168.1.36",
    "Source": "192.168.1.36",
    "RD": "1",
    "QNAME": "cp801.prod.do.dsp.mp.microsoft.com.",
    "QTYPE": "1",
    "XID": "61261",
    "Port": "58068",
    "BufferSize": "52",
    "PacketData": "0xEF4D010000010000000000000563703830310470726F6402646F03647370026D70096D6963726F736F667403636F6D0000010001",
    "AdditionalInfo": ".",
    "GUID": "{C2E4CA49-5990-43BD-BF7B-FF6277C1FAF7}",
    "EventReceivedTime": "2021-09-16T20:01:02.322039-07:00",
    "SourceModuleName": "dnsserver",
    "SourceModuleType": "im_etw",
    "HostIP": "192.168.1.36"
  },
  {
    "SourceName": "Microsoft-Windows-DNSServer",
    "ProviderGuid": "{EB79061A-A566-4698-9119-3ED2807060E7}",
    "EventID": 279,
    "Version": 0,
    "ChannelID": 16,
    "OpcodeValue": 0,
    "TaskValue": 1,
    "Keywords": "9223372071214514176",
    "EventTime": "2021-09-16T20:01:02.259417-07:00",
    "ExecutionProcessID": 2080,
    "ExecutionThreadID": 2940,
    "EventType": "INFO",
    "SeverityValue": 2,
    "Severity": "INFO",
    "Hostname": "WIN-93NOI1UVL29",
    "Domain": "NT AUTHORITY",
    "AccountName": "SYSTEM",
    "UserID": "S-1-5-18",
    "AccountType": "User",
    "Flags": "33152",
    "TCP": "0",
    "InterfaceIP": "192.168.1.36",
    "Source": "192.168.1.36",
    "RD": "1",
    "QNAME": "cp801.prod.do.dsp.mp.microsoft.com.edgekey.net.",
    "QTYPE": "1",
    "Port": "58068",
    "XID": "61261",
    "BufferSize": "52",
    "PacketData": "0xEF4D818000010001000000000563703830310470726F6402646F03647370026D70096D6963726F736F667403636F6D0000010001",
    "EventReceivedTime": "2021-09-16T20:01:02.322039-07:00",
    "SourceModuleName": "dnsserver",
    "SourceModuleType": "im_etw",
    "HostIP": "192.168.1.36"
  },
  {
    "SourceName": "Microsoft-Windows-DNSServer",
    "ProviderGuid": "{EB79061A-A566-4698-9119-3ED2807060E7}",
    "EventID": 279,
    "Version": 0,
    "ChannelID": 16,
    "OpcodeValue": 0,
    "TaskValue": 1,
    "Keywords": "9223372071214514176",
    "EventTime": "2021-09-16T20:01:02.259425-07:00",
    "ExecutionProcessID": 2080,
    "ExecutionThreadID": 2940,
    "EventType": "INFO",
    "SeverityValue": 2,
    "Severity": "INFO",
    "Hostname": "WIN-93NOI1UVL29",
    "Domain": "NT AUTHORITY",
    "AccountName": "SYSTEM",
    "UserID": "S-1-5-18",
    "AccountType": "User",
    "Flags": "33152",
    "TCP": "0",
    "InterfaceIP": "192.168.1.36",
    "Source": "192.168.1.36",
    "RD": "1",
    "QNAME": "e12437.g.akamaiedge.net.",
    "QTYPE": "1",
    "Port": "58068",
    "XID": "61261",
    "BufferSize": "52",
    "PacketData": "0xEF4D818000010002000000000563703830310470726F6402646F03647370026D70096D6963726F736F667403636F6D0000010001",
    "EventReceivedTime": "2021-09-16T20:01:02.322039-07:00",
    "SourceModuleName": "dnsserver",
    "SourceModuleType": "im_etw",
    "HostIP": "192.168.1.36"
  },
  {
    "SourceName": "Microsoft-Windows-DNSServer",
    "ProviderGuid": "{EB79061A-A566-4698-9119-3ED2807060E7}",
    "EventID": 257,
    "Version": 0,
    "ChannelID": 16,
    "OpcodeValue": 0,
    "TaskValue": 1,
    "Keywords": "9223372036854775810",
    "EventTime": "2021-09-16T20:01:02.259451-07:00",
    "ExecutionProcessID": 2080,
    "ExecutionThreadID": 2940,
    "EventType": "INFO",
    "SeverityValue": 2,
    "Severity": "INFO",
    "Hostname": "WIN-93NOI1UVL29",
    "Domain": "NT AUTHORITY",
    "AccountName": "SYSTEM",
    "UserID": "S-1-5-18",
    "AccountType": "User",
    "Flags": "33152",
    "TCP": "0",
    "InterfaceIP": "192.168.1.36",
    "Destination": "192.168.1.36",
    "AA": "0",
    "AD": "0",
    "QNAME": "cp801.prod.do.dsp.mp.microsoft.com.",
    "QTYPE": "1",
    "XID": "61261",
    "DNSSEC": "0",
    "RCODE": "0",
    "Port": "58068",
    "Scope": "Default",
    "Zone": "..Cache",
    "PolicyName": "NULL",
    "BufferSize": "162",
    "PacketData": "0xEF4D818000010003000000000563703830310470726F6402646F03647370026D70096D6963726F736F667403636F6D0000010001C00C0005000100000B7300300563703830310470726F6402646F03647370026D70096D6963726F736F667403636F6D07656467656B6579036E657400C04000050001000051C300160665313234333701670A616B616D616965646765C06BC07C0001000100000014000417CAD18A",
    "AdditionalInfo": "VirtualizationInstance:.",
    "ElapsedTime": "0",
    "GUID": "{C2E4CA49-5990-43BD-BF7B-FF6277C1FAF7}",
    "EventReceivedTime": "2021-09-16T20:01:02.322039-07:00",
    "SourceModuleName": "dnsserver",
    "SourceModuleType": "im_etw",
    "HostIP": "192.168.1.36"
  },
  {
    "SourceName": "Microsoft-Windows-DNSServer",
    "ProviderGuid": "{EB79061A-A566-4698-9119-3ED2807060E7}",
    "EventID": 256,
    "Version": 0,
    "ChannelID": 16,
    "OpcodeValue": 0,
    "TaskValue": 1,
    "Keywords": "9223372036854775809",
    "EventTime": "2021-09-16T20:01:02.259631-07:00",
    "ExecutionProcessID": 2080,
    "ExecutionThreadID": 2940,
    "EventType": "INFO",
    "SeverityValue": 2,
    "Severity": "INFO",
    "Hostname": "WIN-93NOI1UVL29",
    "Domain": "NT AUTHORITY",
    "AccountName": "SYSTEM",
    "UserID": "S-1-5-18",
    "AccountType": "User",
    "Flags": "256",
    "TCP": "0",
    "InterfaceIP": "192.168.1.36",
    "Source": "192.168.1.36",
    "RD": "1",
    "QNAME": "cp801.prod.do.dsp.mp.microsoft.com.",
    "QTYPE": "28",
    "XID": "14939",
    "Port": "63802",
    "BufferSize": "52",
    "PacketData": "0x3A5B010000010000000000000563703830310470726F6402646F03647370026D70096D6963726F736F667403636F6D00001C0001",
    "AdditionalInfo": ".",
    "GUID": "{7CE34C18-77F6-46A0-B3A3-145DEDEF86C6}",
    "EventReceivedTime": "2021-09-16T20:01:02.322039-07:00",
    "SourceModuleName": "dnsserver",
    "SourceModuleType": "im_etw",
    "HostIP": "192.168.1.36"
  },
  {
    "SourceName": "Microsoft-Windows-DNSServer",
    "ProviderGuid": "{EB79061A-A566-4698-9119-3ED2807060E7}",
    "EventID": 279,
    "Version": 0,
    "ChannelID": 16,
    "OpcodeValue": 0,
    "TaskValue": 1,
    "Keywords": "9223372071214514176",
    "EventTime": "2021-09-16T20:01:02.260063-07:00",
    "ExecutionProcessID": 2080,
    "ExecutionThreadID": 2940,
    "EventType": "INFO",
    "SeverityValue": 2,
    "Severity": "INFO",
    "Hostname": "WIN-93NOI1UVL29",
    "Domain": "NT AUTHORITY",
    "AccountName": "SYSTEM",
    "UserID": "S-1-5-18",
    "AccountType": "User",
    "Flags": "33152",
    "TCP": "0",
    "InterfaceIP": "192.168.1.36",
    "Source": "192.168.1.36",
    "RD": "1",
    "QNAME": "cp801.prod.do.dsp.mp.microsoft.com.edgekey.net.",
    "QTYPE": "28",
    "Port": "63802",
    "XID": "14939",
    "BufferSize": "52",
    "PacketData": "0x3A5B818000010001000000000563703830310470726F6402646F03647370026D70096D6963726F736F667403636F6D00001C0001",
    "EventReceivedTime": "2021-09-16T20:01:02.322039-07:00",
    "SourceModuleName": "dnsserver",
    "SourceModuleType": "im_etw",
    "HostIP": "192.168.1.36"
  },
  {
    "SourceName": "Microsoft-Windows-DNSServer",
    "ProviderGuid": "{EB79061A-A566-4698-9119-3ED2807060E7}",
    "EventID": 279,
    "Version": 0,
    "ChannelID": 16,
    "OpcodeValue": 0,
    "TaskValue": 1,
    "Keywords": "9223372071214514176",
    "EventTime": "2021-09-16T20:01:02.260074-07:00",
    "ExecutionProcessID": 2080,
    "ExecutionThreadID": 2940,
    "EventType": "INFO",
    "SeverityValue": 2,
    "Severity": "INFO",
    "Hostname": "WIN-93NOI1UVL29",
    "Domain": "NT AUTHORITY",
    "AccountName": "SYSTEM",
    "UserID": "S-1-5-18",
    "AccountType": "User",
    "Flags": "33152",
    "TCP": "0",
    "InterfaceIP": "192.168.1.36",
    "Source": "192.168.1.36",
    "RD": "1",
    "QNAME": "e12437.g.akamaiedge.net.",
    "QTYPE": "28",
    "Port": "63802",
    "XID": "14939",
    "BufferSize": "52",
    "PacketData": "0x3A5B818000010002000000000563703830310470726F6402646F03647370026D70096D6963726F736F667403636F6D00001C0001",
    "EventReceivedTime": "2021-09-16T20:01:02.322039-07:00",
    "SourceModuleName": "dnsserver",
    "SourceModuleType": "im_etw",
    "HostIP": "192.168.1.36"
  },
  {
    "SourceName": "Microsoft-Windows-DNSServer",
    "ProviderGuid": "{EB79061A-A566-4698-9119-3ED2807060E7}",
    "EventID": 257,
    "Version": 0,
    "ChannelID": 16,
    "OpcodeValue": 0,
    "TaskValue": 1,
    "Keywords": "9223372036854775810",
    "EventTime": "2021-09-16T20:01:02.260096-07:00",
    "ExecutionProcessID": 2080,
    "ExecutionThreadID": 2940,
    "EventType": "INFO",
    "SeverityValue": 2,
    "Severity": "INFO",
    "Hostname": "WIN-93NOI1UVL29",
    "Domain": "NT AUTHORITY",
    "AccountName": "SYSTEM",
    "UserID": "S-1-5-18",
    "AccountType": "User",
    "Flags": "33152",
    "TCP": "0",
    "InterfaceIP": "192.168.1.36",
    "Destination": "192.168.1.36",
    "AA": "0",
    "AD": "0",
    "QNAME": "cp801.prod.do.dsp.mp.microsoft.com.",
    "QTYPE": "28",
    "XID": "14939",
    "DNSSEC": "0",
    "RCODE": "0",
    "Port": "63802",
    "Scope": "Default",
    "Zone": "..Cache",
    "PolicyName": "NULL",
    "BufferSize": "204",
    "PacketData": "0x3A5B818000010002000100000563703830310470726F6402646F03647370026D70096D6963726F736F667403636F6D00001C0001C00C0005000100000B7300300563703830310470726F6402646F03647370026D70096D6963726F736F667403636F6D07656467656B6579036E657400C04000050001000051C300160665313234333701670A616B616D616965646765C06BC08300060001000000E7002E036E3067C0850A686F73746D617374657206616B616D6169C02B61440250000003E8000003E8000003E800000708",
    "AdditionalInfo": "VirtualizationInstance:.",
    "ElapsedTime": "1",
    "GUID": "{7CE34C18-77F6-46A0-B3A3-145DEDEF86C6}",
    "EventReceivedTime": "2021-09-16T20:01:02.322039-07:00",
    "SourceModuleName": "dnsserver",
    "SourceModuleType": "im_etw",
    "HostIP": "192.168.1.36"
  },
  {
    "SourceName": "Microsoft-Windows-DNSServer",
    "ProviderGuid": "{EB79061A-A566-4698-9119-3ED2807060E7}",
    "EventID": 256,
    "Version": 0,
    "ChannelID": 16,
    "OpcodeValue": 0,
    "TaskValue": 1,
    "Keywords": "9223372036854775809",
    "EventTime": "2021-09-16T20:01:02.449031-07:00",
    "ExecutionProcessID": 2080,
    "ExecutionThreadID": 2940,
    "EventType": "INFO",
    "SeverityValue": 2,
    "Severity": "INFO",
    "Hostname": "WIN-93NOI1UVL29",
    "Domain": "NT AUTHORITY",
    "AccountName": "SYSTEM",
    "UserID": "S-1-5-18",
    "AccountType": "User",
    "Flags": "256",
    "TCP": "0",
    "InterfaceIP": "192.168.1.36",
    "Source": "192.168.1.36",
    "RD": "1",
    "QNAME": "au.download.windowsupdate.com.",
    "QTYPE": "1",
    "XID": "5114",
    "Port": "56548",
    "BufferSize": "47",
    "PacketData": "0x13FA0100000100000000000002617508646F776E6C6F61640D77696E646F777375706461746503636F6D0000010001",
    "AdditionalInfo": ".",
    "GUID": "{0443AC02-D687-4CA0-81C6-00A439384FEE}",
    "EventReceivedTime": "2021-09-16T20:01:03.432282-07:00",
    "SourceModuleName": "dnsserver",
    "SourceModuleType": "im_etw",
    "HostIP": "192.168.1.36"
  },
  {
    "SourceName": "Microsoft-Windows-DNSServer",
    "ProviderGuid": "{EB79061A-A566-4698-9119-3ED2807060E7}",
    "EventID": 279,
    "Version": 0,
    "ChannelID": 16,
    "OpcodeValue": 0,
    "TaskValue": 1,
    "Keywords": "9223372071214514176",
    "EventTime": "2021-09-16T20:01:02.449059-07:00",
    "ExecutionProcessID": 2080,
    "ExecutionThreadID": 2940,
    "EventType": "INFO",
    "SeverityValue": 2,
    "Severity": "INFO",
    "Hostname": "WIN-93NOI1UVL29",
    "Domain": "NT AUTHORITY",
    "AccountName": "SYSTEM",
    "UserID": "S-1-5-18",
    "AccountType": "User",
    "Flags": "33152",
    "TCP": "0",
    "InterfaceIP": "192.168.1.36",
    "Source": "192.168.1.36",
    "RD": "1",
    "QNAME": "wu-shim.trafficmanager.net.",
    "QTYPE": "1",
    "Port": "56548",
    "XID": "5114",
    "BufferSize": "47",
    "PacketData": "0x13FA8180000100010000000002617508646F776E6C6F61640D77696E646F777375706461746503636F6D0000010001",
    "EventReceivedTime": "2021-09-16T20:01:03.432282-07:00",
    "SourceModuleName": "dnsserver",
    "SourceModuleType": "im_etw",
    "HostIP": "192.168.1.36"
  },
  {
    "SourceName": "Microsoft-Windows-DNSServer",
    "ProviderGuid": "{EB79061A-A566-4698-9119-3ED2807060E7}",
    "EventID": 279,
    "Version": 0,
    "ChannelID": 16,
    "OpcodeValue": 0,
    "TaskValue": 1,
    "Keywords": "9223372071214514176",
    "EventTime": "2021-09-16T20:01:02.449070-07:00",
    "ExecutionProcessID": 2080,
    "ExecutionThreadID": 2940,
    "EventType": "INFO",
    "SeverityValue": 2,
    "Severity": "INFO",
    "Hostname": "WIN-93NOI1UVL29",
    "Domain": "NT AUTHORITY",
    "AccountName": "SYSTEM",
    "UserID": "S-1-5-18",
    "AccountType": "User",
    "Flags": "33152",
    "TCP": "0",
    "InterfaceIP": "192.168.1.36",
    "Source": "192.168.1.36",
    "RD": "1",
    "QNAME": "download.windowsupdate.com.edgesuite.net.",
    "QTYPE": "1",
    "Port": "56548",
    "XID": "5114",
    "BufferSize": "47",
    "PacketData": "0x13FA8180000100020000000002617508646F776E6C6F61640D77696E646F777375706461746503636F6D0000010001",
    "EventReceivedTime": "2021-09-16T20:01:03.432282-07:00",
    "SourceModuleName": "dnsserver",
    "SourceModuleType": "im_etw",
    "HostIP": "192.168.1.36"
  },
  {
    "SourceName": "Microsoft-Windows-DNSServer",
    "ProviderGuid": "{EB79061A-A566-4698-9119-3ED2807060E7}",
    "EventID": 279,
    "Version": 0,
    "ChannelID": 16,
    "OpcodeValue": 0,
    "TaskValue": 1,
    "Keywords": "9223372071214514176",
    "EventTime": "2021-09-16T20:01:02.449079-07:00",
    "ExecutionProcessID": 2080,
    "ExecutionThreadID": 2940,
    "EventType": "INFO",
    "SeverityValue": 2,
    "Severity": "INFO",
    "Hostname": "WIN-93NOI1UVL29",
    "Domain": "NT AUTHORITY",
    "AccountName": "SYSTEM",
    "UserID": "S-1-5-18",
    "AccountType": "User",
    "Flags": "33152",
    "TCP": "0",
    "InterfaceIP": "192.168.1.36",
    "Source": "192.168.1.36",
    "RD": "1",
    "QNAME": "a767.dspw65.akamai.net.",
    "QTYPE": "1",
    "Port": "56548",
    "XID": "5114",
    "BufferSize": "47",
    "PacketData": "0x13FA8180000100030000000002617508646F776E6C6F61640D77696E646F777375706461746503636F6D0000010001",
    "EventReceivedTime": "2021-09-16T20:01:03.432282-07:00",
    "SourceModuleName": "dnsserver",
    "SourceModuleType": "im_etw",
    "HostIP": "192.168.1.36"
  },
  {
    "SourceName": "Microsoft-Windows-DNSServer",
    "ProviderGuid": "{EB79061A-A566-4698-9119-3ED2807060E7}",
    "EventID": 260,
    "Version": 0,
    "ChannelID": 16,
    "OpcodeValue": 0,
    "TaskValue": 2,
    "Keywords": "9223372036854775824",
    "EventTime": "2021-09-16T20:01:02.449219-07:00",
    "ExecutionProcessID": 2080,
    "ExecutionThreadID": 2940,
    "EventType": "INFO",
    "SeverityValue": 2,
    "Severity": "INFO",
    "Hostname": "WIN-93NOI1UVL29",
    "Domain": "NT AUTHORITY",
    "AccountName": "SYSTEM",
    "UserID": "S-1-5-18",
    "AccountType": "User",
    "Flags": "0",
    "TCP": "0",
    "Destination": "104.102.240.149",
    "InterfaceIP": "0.0.0.0",
    "RD": "0",
    "QNAME": "a767.dspw65.akamai.NET.",
    "QTYPE": "1",
    "QXID": "5114",
    "XID": "28248",
    "Port": "0",
    "RecursionScope": ".",
    "CacheScope": "Default",
    "PolicyName": "NULL",
    "BufferSize": "51",
    "PacketData": "0x6E580000000100000000000104613736370664737077363506616B616D6169034E455400000100010000290FA0000080000000",
    "AdditionalInfo": ".",
    "GUID": "{0443AC02-D687-4CA0-81C6-00A439384FEE}",
    "EventReceivedTime": "2021-09-16T20:01:03.432282-07:00",
    "SourceModuleName": "dnsserver",
    "SourceModuleType": "im_etw",
    "HostIP": "192.168.1.36"
  },
  {
    "SourceName": "Microsoft-Windows-DNSServer",
    "ProviderGuid": "{EB79061A-A566-4698-9119-3ED2807060E7}",
    "EventID": 256,
    "Version": 0,
    "ChannelID": 16,
    "OpcodeValue": 0,
    "TaskValue": 1,
    "Keywords": "9223372036854775809",
    "EventTime": "2021-09-16T20:01:02.449554-07:00",
    "ExecutionProcessID": 2080,
    "ExecutionThreadID": 2940,
    "EventType": "INFO",
    "SeverityValue": 2,
    "Severity": "INFO",
    "Hostname": "WIN-93NOI1UVL29",
    "Domain": "NT AUTHORITY",
    "AccountName": "SYSTEM",
    "UserID": "S-1-5-18",
    "AccountType": "User",
    "Flags": "256",
    "TCP": "0",
    "InterfaceIP": "192.168.1.36",
    "Source": "192.168.1.36",
    "RD": "1",
    "QNAME": "au.download.windowsupdate.com.",
    "QTYPE": "28",
    "XID": "43974",
    "Port": "58331",
    "BufferSize": "47",
    "PacketData": "0xABC60100000100000000000002617508646F776E6C6F61640D77696E646F777375706461746503636F6D00001C0001",
    "AdditionalInfo": ".",
    "GUID": "{1E4F586F-2650-43CD-9FB7-4F044382881C}",
    "EventReceivedTime": "2021-09-16T20:01:03.432282-07:00",
    "SourceModuleName": "dnsserver",
    "SourceModuleType": "im_etw",
    "HostIP": "192.168.1.36"
  },
