  {
    "SourceName": "Microsoft-Windows-DNSServer",
    "ProviderGuid": "{EB79061A-A566-4698-9119-3ED2807060E7}",
    "EventID": 279,
    "Version": 0,
    "ChannelID": 16,
    "OpcodeValue": 0,
    "TaskValue": 1,
    "Keywords": "9223372071214514176",
    "EventTime": "2021-09-16T20:01:02.449568-07:00",
    "ExecutionProcessID": 2080,
    "ExecutionThreadID": 2940,
    "EventType": "INFO",
    "SeverityValue": 2,
    "Severity": "INFO",
    "Hostname": "WIN-93NOI1UVL29",
    "Domain": "NT AUTHORITY",
    "AccountName": "SYSTEM",
    "UserID": "S-1-5-18",
    "AccountType": "User",
    "Flags": "33152",
    "TCP": "0",
    "InterfaceIP": "192.168.1.36",
    "Source": "192.168.1.36",
    "RD": "1",
    "QNAME": "wu-shim.trafficmanager.net.",
    "QTYPE": "28",
    "Port": "58331",
    "XID": "43974",
    "BufferSize": "47",
    "PacketData": "0xABC68180000100010000000002617508646F776E6C6F61640D77696E646F777375706461746503636F6D00001C0001",
    "EventReceivedTime": "2021-09-16T20:01:03.432282-07:00",
    "SourceModuleName": "dnsserver",
    "SourceModuleType": "im_etw",
    "HostIP": "192.168.1.36"
  },
  {
    "SourceName": "Microsoft-Windows-DNSServer",
    "ProviderGuid": "{EB79061A-A566-4698-9119-3ED2807060E7}",
    "EventID": 279,
    "Version": 0,
    "ChannelID": 16,
    "OpcodeValue": 0,
    "TaskValue": 1,
    "Keywords": "9223372071214514176",
    "EventTime": "2021-09-16T20:01:02.449576-07:00",
    "ExecutionProcessID": 2080,
    "ExecutionThreadID": 2940,
    "EventType": "INFO",
    "SeverityValue": 2,
    "Severity": "INFO",
    "Hostname": "WIN-93NOI1UVL29",
    "Domain": "NT AUTHORITY",
    "AccountName": "SYSTEM",
    "UserID": "S-1-5-18",
    "AccountType": "User",
    "Flags": "33152",
    "TCP": "0",
    "InterfaceIP": "192.168.1.36",
    "Source": "192.168.1.36",
    "RD": "1",
    "QNAME": "download.windowsupdate.com.edgesuite.net.",
    "QTYPE": "28",
    "Port": "58331",
    "XID": "43974",
    "BufferSize": "47",
    "PacketData": "0xABC68180000100020000000002617508646F776E6C6F61640D77696E646F777375706461746503636F6D00001C0001",
    "EventReceivedTime": "2021-09-16T20:01:03.432282-07:00",
    "SourceModuleName": "dnsserver",
    "SourceModuleType": "im_etw",
    "HostIP": "192.168.1.36"
  },
  {
    "SourceName": "Microsoft-Windows-DNSServer",
    "ProviderGuid": "{EB79061A-A566-4698-9119-3ED2807060E7}",
    "EventID": 279,
    "Version": 0,
    "ChannelID": 16,
    "OpcodeValue": 0,
    "TaskValue": 1,
    "Keywords": "9223372071214514176",
    "EventTime": "2021-09-16T20:01:02.449584-07:00",
    "ExecutionProcessID": 2080,
    "ExecutionThreadID": 2940,
    "EventType": "INFO",
    "SeverityValue": 2,
    "Severity": "INFO",
    "Hostname": "WIN-93NOI1UVL29",
    "Domain": "NT AUTHORITY",
    "AccountName": "SYSTEM",
    "UserID": "S-1-5-18",
    "AccountType": "User",
    "Flags": "33152",
    "TCP": "0",
    "InterfaceIP": "192.168.1.36",
    "Source": "192.168.1.36",
    "RD": "1",
    "QNAME": "a767.dspw65.akamai.net.",
    "QTYPE": "28",
    "Port": "58331",
    "XID": "43974",
    "BufferSize": "47",
    "PacketData": "0xABC68180000100030000000002617508646F776E6C6F61640D77696E646F777375706461746503636F6D00001C0001",
    "EventReceivedTime": "2021-09-16T20:01:03.432282-07:00",
    "SourceModuleName": "dnsserver",
    "SourceModuleType": "im_etw",
    "HostIP": "192.168.1.36"
  },
  {
    "SourceName": "Microsoft-Windows-DNSServer",
    "ProviderGuid": "{EB79061A-A566-4698-9119-3ED2807060E7}",
    "EventID": 260,
    "Version": 0,
    "ChannelID": 16,
    "OpcodeValue": 0,
    "TaskValue": 2,
    "Keywords": "9223372036854775824",
    "EventTime": "2021-09-16T20:01:02.449692-07:00",
    "ExecutionProcessID": 2080,
    "ExecutionThreadID": 2940,
    "EventType": "INFO",
    "SeverityValue": 2,
    "Severity": "INFO",
    "Hostname": "WIN-93NOI1UVL29",
    "Domain": "NT AUTHORITY",
    "AccountName": "SYSTEM",
    "UserID": "S-1-5-18",
    "AccountType": "User",
    "Flags": "0",
    "TCP": "0",
    "Destination": "88.221.81.192",
    "InterfaceIP": "0.0.0.0",
    "RD": "0",
    "QNAME": "a767.dspw65.akamai.NET.",
    "QTYPE": "28",
    "QXID": "43974",
    "XID": "37227",
    "Port": "0",
    "RecursionScope": ".",
    "CacheScope": "Default",
    "PolicyName": "NULL",
    "BufferSize": "51",
    "PacketData": "0x916B0000000100000000000104613736370664737077363506616B616D6169034E455400001C00010000290FA0000080000000",
    "AdditionalInfo": ".",
    "GUID": "{1E4F586F-2650-43CD-9FB7-4F044382881C}",
    "EventReceivedTime": "2021-09-16T20:01:03.432282-07:00",
    "SourceModuleName": "dnsserver",
    "SourceModuleType": "im_etw",
    "HostIP": "192.168.1.36"
  },
  {
    "SourceName": "Microsoft-Windows-DNSServer",
    "ProviderGuid": "{EB79061A-A566-4698-9119-3ED2807060E7}",
    "EventID": 261,
    "Version": 0,
    "ChannelID": 16,
    "OpcodeValue": 0,
    "TaskValue": 2,
    "Keywords": "9223372036854775840",
    "EventTime": "2021-09-16T20:01:02.461048-07:00",
    "ExecutionProcessID": 2080,
    "ExecutionThreadID": 2940,
    "EventType": "INFO",
    "SeverityValue": 2,
    "Severity": "INFO",
    "Hostname": "WIN-93NOI1UVL29",
    "Domain": "NT AUTHORITY",
    "AccountName": "SYSTEM",
    "UserID": "S-1-5-18",
    "AccountType": "User",
    "Flags": "33792",
    "TCP": "0",
    "Source": "104.102.240.149",
    "InterfaceIP": "0.0.0.0",
    "AA": "1",
    "AD": "0",
    "QNAME": "a767.dspw65.akamai.NET.",
    "QTYPE": "1",
    "XID": "28248",
    "RecursionDepth": "1",
    "Port": "0",
    "RecursionScope": ".",
    "CacheScope": "Default",
    "BufferSize": "83",
    "PacketData": "0x6E588400000100020000000104613736370664737077363506616B616D6169034E45540000010001C00C000100010000001400046866F049C00C000100010000001400046866F0530000291000000080000000",
    "AdditionalInfo": ".",
    "GUID": "{0443AC02-D687-4CA0-81C6-00A439384FEE}",
    "EventReceivedTime": "2021-09-16T20:01:03.432282-07:00",
    "SourceModuleName": "dnsserver",
    "SourceModuleType": "im_etw",
    "HostIP": "192.168.1.36"
  },
  {
    "SourceName": "Microsoft-Windows-DNSServer",
    "ProviderGuid": "{EB79061A-A566-4698-9119-3ED2807060E7}",
    "EventID": 257,
    "Version": 0,
    "ChannelID": 16,
    "OpcodeValue": 0,
    "TaskValue": 1,
    "Keywords": "9223372036854775810",
    "EventTime": "2021-09-16T20:01:02.461117-07:00",
    "ExecutionProcessID": 2080,
    "ExecutionThreadID": 2940,
    "EventType": "INFO",
    "SeverityValue": 2,
    "Severity": "INFO",
    "Hostname": "WIN-93NOI1UVL29",
    "Domain": "NT AUTHORITY",
    "AccountName": "SYSTEM",
    "UserID": "S-1-5-18",
    "AccountType": "User",
    "Flags": "33152",
    "TCP": "0",
    "InterfaceIP": "192.168.1.36",
    "Destination": "192.168.1.36",
    "AA": "0",
    "AD": "0",
    "QNAME": "au.download.windowsupdate.com.",
    "QTYPE": "1",
    "XID": "5114",
    "DNSSEC": "0",
    "RCODE": "0",
    "Port": "56548",
    "Scope": "Default",
    "Zone": "..Cache",
    "PolicyName": "NULL",
    "BufferSize": "203",
    "PacketData": "0x13FA8180000100050000000002617508646F776E6C6F61640D77696E646F777375706461746503636F6D0000010001C00C0005000100000B74001C0777752D7368696D0E747261666669636D616E61676572036E657400C03B0005000100000B56002708646F776E6C6F61640D77696E646F777375706461746503636F6D09656467657375697465C052C06300050001000000CA001504613736370664737077363506616B616D6169C052C096000100010000001400046866F049C096000100010000001400046866F053",
    "AdditionalInfo": "VirtualizationInstance:.",
    "ElapsedTime": "12",
    "GUID": "{0443AC02-D687-4CA0-81C6-00A439384FEE}",
    "EventReceivedTime": "2021-09-16T20:01:03.432282-07:00",
    "SourceModuleName": "dnsserver",
    "SourceModuleType": "im_etw",
    "HostIP": "192.168.1.36"
  },
  {
    "SourceName": "Microsoft-Windows-DNSServer",
    "ProviderGuid": "{EB79061A-A566-4698-9119-3ED2807060E7}",
    "EventID": 261,
    "Version": 0,
    "ChannelID": 16,
    "OpcodeValue": 0,
    "TaskValue": 2,
    "Keywords": "9223372036854775840",
    "EventTime": "2021-09-16T20:01:02.486095-07:00",
    "ExecutionProcessID": 2080,
    "ExecutionThreadID": 2940,
    "EventType": "INFO",
    "SeverityValue": 2,
    "Severity": "INFO",
    "Hostname": "WIN-93NOI1UVL29",
    "Domain": "NT AUTHORITY",
    "AccountName": "SYSTEM",
    "UserID": "S-1-5-18",
    "AccountType": "User",
    "Flags": "33792",
    "TCP": "0",
    "Source": "88.221.81.192",
    "InterfaceIP": "0.0.0.0",
    "AA": "1",
    "AD": "0",
    "QNAME": "a767.dspw65.akamai.NET.",
    "QTYPE": "28",
    "XID": "37227",
    "RecursionDepth": "1",
    "Port": "0",
    "RecursionScope": ".",
    "CacheScope": "Default",
    "BufferSize": "107",
    "PacketData": "0x916B8400000100020000000104613736370664737077363506616B616D6169034E455400001C0001C00C001C000100000014001026001418C0000000000000006866F049C00C001C000100000014001026001418C0000000000000006866F0530000291000000080000000",
    "AdditionalInfo": ".",
    "GUID": "{1E4F586F-2650-43CD-9FB7-4F044382881C}",
    "EventReceivedTime": "2021-09-16T20:01:03.432282-07:00",
    "SourceModuleName": "dnsserver",
    "SourceModuleType": "im_etw",
    "HostIP": "192.168.1.36"
  },
  {
    "SourceName": "Microsoft-Windows-DNSServer",
    "ProviderGuid": "{EB79061A-A566-4698-9119-3ED2807060E7}",
    "EventID": 257,
    "Version": 0,
    "ChannelID": 16,
    "OpcodeValue": 0,
    "TaskValue": 1,
    "Keywords": "9223372036854775810",
    "EventTime": "2021-09-16T20:01:02.486149-07:00",
    "ExecutionProcessID": 2080,
    "ExecutionThreadID": 2940,
    "EventType": "INFO",
    "SeverityValue": 2,
    "Severity": "INFO",
    "Hostname": "WIN-93NOI1UVL29",
    "Domain": "NT AUTHORITY",
    "AccountName": "SYSTEM",
    "UserID": "S-1-5-18",
    "AccountType": "User",
    "Flags": "33152",
    "TCP": "0",
    "InterfaceIP": "192.168.1.36",
    "Destination": "192.168.1.36",
    "AA": "0",
    "AD": "0",
    "QNAME": "au.download.windowsupdate.com.",
    "QTYPE": "28",
    "XID": "43974",
    "DNSSEC": "0",
    "RCODE": "0",
    "Port": "58331",
    "Scope": "Default",
    "Zone": "..Cache",
    "PolicyName": "NULL",
    "BufferSize": "227",
    "PacketData": "0xABC68180000100050000000002617508646F776E6C6F61640D77696E646F777375706461746503636F6D00001C0001C00C0005000100000B74001C0777752D7368696D0E747261666669636D616E61676572036E657400C03B0005000100000B56002708646F776E6C6F61640D77696E646F777375706461746503636F6D09656467657375697465C052C06300050001000000CA001504613736370664737077363506616B616D6169C052C096001C000100000014001026001418C0000000000000006866F049C096001C000100000014001026001418C0000000000000006866F053",
    "AdditionalInfo": "VirtualizationInstance:.",
    "ElapsedTime": "36",
    "GUID": "{1E4F586F-2650-43CD-9FB7-4F044382881C}",
    "EventReceivedTime": "2021-09-16T20:01:03.432282-07:00",
    "SourceModuleName": "dnsserver",
    "SourceModuleType": "im_etw",
    "HostIP": "192.168.1.36"
  },
  {
    "SourceName": "Microsoft-Windows-DNSServer",
    "ProviderGuid": "{EB79061A-A566-4698-9119-3ED2807060E7}",
    "EventID": 256,
    "Version": 0,
    "ChannelID": 16,
    "OpcodeValue": 0,
    "TaskValue": 1,
    "Keywords": "9223372036854775809",
    "EventTime": "2021-09-16T20:01:11.428129-07:00",
    "ExecutionProcessID": 2080,
    "ExecutionThreadID": 2940,
    "EventType": "INFO",
    "SeverityValue": 2,
    "Severity": "INFO",
    "Hostname": "WIN-93NOI1UVL29",
    "Domain": "NT AUTHORITY",
    "AccountName": "SYSTEM",
    "UserID": "S-1-5-18",
    "AccountType": "User",
    "Flags": "256",
    "TCP": "0",
    "InterfaceIP": "192.168.1.36",
    "Source": "192.168.1.36",
    "RD": "1",
    "QNAME": "v10.events.data.microsoft.com.",
    "QTYPE": "1",
    "XID": "3724",
    "Port": "52288",
    "BufferSize": "47",
    "PacketData": "0x0E8C0100000100000000000003763130066576656E74730464617461096D6963726F736F667403636F6D0000010001",
    "AdditionalInfo": ".",
    "GUID": "{FC954BFA-34CD-4757-826A-A4546B520F1C}",
    "EventReceivedTime": "2021-09-16T20:01:12.452498-07:00",
    "SourceModuleName": "dnsserver",
    "SourceModuleType": "im_etw",
    "HostIP": "192.168.1.36"
  },
  {
    "SourceName": "Microsoft-Windows-DNSServer",
    "ProviderGuid": "{EB79061A-A566-4698-9119-3ED2807060E7}",
    "EventID": 279,
    "Version": 0,
    "ChannelID": 16,
    "OpcodeValue": 0,
    "TaskValue": 1,
    "Keywords": "9223372071214514176",
    "EventTime": "2021-09-16T20:01:11.428151-07:00",
    "ExecutionProcessID": 2080,
    "ExecutionThreadID": 2940,
    "EventType": "INFO",
    "SeverityValue": 2,
    "Severity": "INFO",
    "Hostname": "WIN-93NOI1UVL29",
    "Domain": "NT AUTHORITY",
    "AccountName": "SYSTEM",
    "UserID": "S-1-5-18",
    "AccountType": "User",
    "Flags": "33152",
    "TCP": "0",
    "InterfaceIP": "192.168.1.36",
    "Source": "192.168.1.36",
    "RD": "1",
    "QNAME": "global.asimov.events.data.trafficmanager.net.",
    "QTYPE": "1",
    "Port": "52288",
    "XID": "3724",
    "BufferSize": "47",
    "PacketData": "0x0E8C8180000100010000000003763130066576656E74730464617461096D6963726F736F667403636F6D0000010001",
    "EventReceivedTime": "2021-09-16T20:01:12.452498-07:00",
    "SourceModuleName": "dnsserver",
    "SourceModuleType": "im_etw",
    "HostIP": "192.168.1.36"
  },
  {
    "SourceName": "Microsoft-Windows-DNSServer",
    "ProviderGuid": "{EB79061A-A566-4698-9119-3ED2807060E7}",
    "EventID": 279,
    "Version": 0,
    "ChannelID": 16,
    "OpcodeValue": 0,
    "TaskValue": 1,
    "Keywords": "9223372071214514176",
    "EventTime": "2021-09-16T20:01:11.428159-07:00",
    "ExecutionProcessID": 2080,
    "ExecutionThreadID": 2940,
    "EventType": "INFO",
    "SeverityValue": 2,
    "Severity": "INFO",
    "Hostname": "WIN-93NOI1UVL29",
    "Domain": "NT AUTHORITY",
    "AccountName": "SYSTEM",
    "UserID": "S-1-5-18",
    "AccountType": "User",
    "Flags": "33152",
    "TCP": "0",
    "InterfaceIP": "192.168.1.36",
    "Source": "192.168.1.36",
    "RD": "1",
    "QNAME": "onedscolprdcus11.centralus.cloudapp.azure.com.",
    "QTYPE": "1",
    "Port": "52288",
    "XID": "3724",
    "BufferSize": "47",
    "PacketData": "0x0E8C8180000100020000000003763130066576656E74730464617461096D6963726F736F667403636F6D0000010001",
    "EventReceivedTime": "2021-09-16T20:01:12.452498-07:00",
    "SourceModuleName": "dnsserver",
    "SourceModuleType": "im_etw",
    "HostIP": "192.168.1.36"
  },
  {
    "SourceName": "Microsoft-Windows-DNSServer",
    "ProviderGuid": "{EB79061A-A566-4698-9119-3ED2807060E7}",
    "EventID": 260,
    "Version": 0,
    "ChannelID": 16,
    "OpcodeValue": 0,
    "TaskValue": 2,
    "Keywords": "9223372036854775824",
    "EventTime": "2021-09-16T20:01:11.428248-07:00",
    "ExecutionProcessID": 2080,
    "ExecutionThreadID": 2940,
    "EventType": "INFO",
    "SeverityValue": 2,
    "Severity": "INFO",
    "Hostname": "WIN-93NOI1UVL29",
    "Domain": "NT AUTHORITY",
    "AccountName": "SYSTEM",
    "UserID": "S-1-5-18",
    "AccountType": "User",
    "Flags": "0",
    "TCP": "0",
    "Destination": "64.4.48.201",
    "InterfaceIP": "0.0.0.0",
    "RD": "0",
    "QNAME": "onedscolprdcus11.centralus.cloudapp.azure.com.",
    "QTYPE": "1",
    "QXID": "3724",
    "XID": "23403",
    "Port": "0",
    "RecursionScope": ".",
    "CacheScope": "Default",
    "PolicyName": "NULL",
    "BufferSize": "74",
    "PacketData": "0x5B6B00000001000000000001106F6E656473636F6C70726463757331310963656E7472616C757308636C6F756461707005617A75726503636F6D00000100010000290FA0000080000000",
    "AdditionalInfo": ".",
    "GUID": "{FC954BFA-34CD-4757-826A-A4546B520F1C}",
    "EventReceivedTime": "2021-09-16T20:01:12.452498-07:00",
    "SourceModuleName": "dnsserver",
    "SourceModuleType": "im_etw",
    "HostIP": "192.168.1.36"
  },
  {
    "SourceName": "Microsoft-Windows-DNSServer",
    "ProviderGuid": "{EB79061A-A566-4698-9119-3ED2807060E7}",
    "EventID": 256,
    "Version": 0,
    "ChannelID": 16,
    "OpcodeValue": 0,
    "TaskValue": 1,
    "Keywords": "9223372036854775809",
    "EventTime": "2021-09-16T20:01:11.428421-07:00",
    "ExecutionProcessID": 2080,
    "ExecutionThreadID": 2940,
    "EventType": "INFO",
    "SeverityValue": 2,
    "Severity": "INFO",
    "Hostname": "WIN-93NOI1UVL29",
    "Domain": "NT AUTHORITY",
    "AccountName": "SYSTEM",
    "UserID": "S-1-5-18",
    "AccountType": "User",
    "Flags": "256",
    "TCP": "0",
    "InterfaceIP": "192.168.1.36",
    "Source": "192.168.1.36",
    "RD": "1",
    "QNAME": "v10.events.data.microsoft.com.",
    "QTYPE": "28",
    "XID": "63692",
    "Port": "63145",
    "BufferSize": "47",
    "PacketData": "0xF8CC0100000100000000000003763130066576656E74730464617461096D6963726F736F667403636F6D00001C0001",
    "AdditionalInfo": ".",
    "GUID": "{F7D0F9E6-7BC4-47AD-BAA3-4EEB186044FF}",
    "EventReceivedTime": "2021-09-16T20:01:12.452498-07:00",
    "SourceModuleName": "dnsserver",
    "SourceModuleType": "im_etw",
    "HostIP": "192.168.1.36"
  },
  {
    "SourceName": "Microsoft-Windows-DNSServer",
    "ProviderGuid": "{EB79061A-A566-4698-9119-3ED2807060E7}",
    "EventID": 279,
    "Version": 0,
    "ChannelID": 16,
    "OpcodeValue": 0,
    "TaskValue": 1,
    "Keywords": "9223372071214514176",
    "EventTime": "2021-09-16T20:01:11.428432-07:00",
    "ExecutionProcessID": 2080,
    "ExecutionThreadID": 2940,
    "EventType": "INFO",
    "SeverityValue": 2,
    "Severity": "INFO",
    "Hostname": "WIN-93NOI1UVL29",
    "Domain": "NT AUTHORITY",
    "AccountName": "SYSTEM",
    "UserID": "S-1-5-18",
    "AccountType": "User",
    "Flags": "33152",
    "TCP": "0",
    "InterfaceIP": "192.168.1.36",
    "Source": "192.168.1.36",
    "RD": "1",
    "QNAME": "global.asimov.events.data.trafficmanager.net.",
    "QTYPE": "28",
    "Port": "63145",
    "XID": "63692",
    "BufferSize": "47",
    "PacketData": "0xF8CC8180000100010000000003763130066576656E74730464617461096D6963726F736F667403636F6D00001C0001",
    "EventReceivedTime": "2021-09-16T20:01:12.452498-07:00",
    "SourceModuleName": "dnsserver",
    "SourceModuleType": "im_etw",
    "HostIP": "192.168.1.36"
  },
  {
    "SourceName": "Microsoft-Windows-DNSServer",
    "ProviderGuid": "{EB79061A-A566-4698-9119-3ED2807060E7}",
    "EventID": 279,
    "Version": 0,
    "ChannelID": 16,
    "OpcodeValue": 0,
    "TaskValue": 1,
    "Keywords": "9223372071214514176",
    "EventTime": "2021-09-16T20:01:11.428437-07:00",
    "ExecutionProcessID": 2080,
    "ExecutionThreadID": 2940,
    "EventType": "INFO",
    "SeverityValue": 2,
    "Severity": "INFO",
    "Hostname": "WIN-93NOI1UVL29",
    "Domain": "NT AUTHORITY",
    "AccountName": "SYSTEM",
    "UserID": "S-1-5-18",
    "AccountType": "User",
    "Flags": "33152",
    "TCP": "0",
    "InterfaceIP": "192.168.1.36",
    "Source": "192.168.1.36",
    "RD": "1",
    "QNAME": "onedscolprdcus11.centralus.cloudapp.azure.com.",
    "QTYPE": "28",
    "Port": "63145",
    "XID": "63692",
    "BufferSize": "47",
    "PacketData": "0xF8CC8180000100020000000003763130066576656E74730464617461096D6963726F736F667403636F6D00001C0001",
    "EventReceivedTime": "2021-09-16T20:01:12.452498-07:00",
    "SourceModuleName": "dnsserver",
    "SourceModuleType": "im_etw",
    "HostIP": "192.168.1.36"
  },
  {
    "SourceName": "Microsoft-Windows-DNSServer",
    "ProviderGuid": "{EB79061A-A566-4698-9119-3ED2807060E7}",
    "EventID": 257,
    "Version": 0,
    "ChannelID": 16,
    "OpcodeValue": 0,
    "TaskValue": 1,
    "Keywords": "9223372036854775810",
    "EventTime": "2021-09-16T20:01:11.428460-07:00",
    "ExecutionProcessID": 2080,
    "ExecutionThreadID": 2940,
    "EventType": "INFO",
    "SeverityValue": 2,
    "Severity": "INFO",
    "Hostname": "WIN-93NOI1UVL29",
    "Domain": "NT AUTHORITY",
    "AccountName": "SYSTEM",
    "UserID": "S-1-5-18",
    "AccountType": "User",
    "Flags": "33152",
    "TCP": "0",
    "InterfaceIP": "192.168.1.36",
    "Destination": "192.168.1.36",
    "AA": "0",
    "AD": "0",
    "QNAME": "v10.events.data.microsoft.com.",
    "QTYPE": "28",
    "XID": "63692",
    "DNSSEC": "0",
    "RCODE": "0",
    "Port": "63145",
    "Scope": "Default",
    "Zone": "..Cache",
    "PolicyName": "NULL",
    "BufferSize": "222",
    "PacketData": "0xF8CC8180000100020001000003763130066576656E74730464617461096D6963726F736F667403636F6D00001C0001C00C0005000100000B5B002E06676C6F62616C066173696D6F76066576656E747304646174610E747261666669636D616E61676572036E657400C03B0005000100000031002C106F6E656473636F6C70726463757331310963656E7472616C757308636C6F756461707005617A757265C026C08600060001000000310031076E73312D32303109617A7572652D646E73C026066D736E687374C01C00002711000003840000012C00093A800000003C",
    "AdditionalInfo": "VirtualizationInstance:.",
    "ElapsedTime": "0",
    "GUID": "{F7D0F9E6-7BC4-47AD-BAA3-4EEB186044FF}",
    "EventReceivedTime": "2021-09-16T20:01:12.452498-07:00",
    "SourceModuleName": "dnsserver",
    "SourceModuleType": "im_etw",
    "HostIP": "192.168.1.36"
  },
  {
    "SourceName": "Microsoft-Windows-DNSServer",
    "ProviderGuid": "{EB79061A-A566-4698-9119-3ED2807060E7}",
    "EventID": 261,
    "Version": 0,
    "ChannelID": 16,
    "OpcodeValue": 0,
    "TaskValue": 2,
    "Keywords": "9223372036854775840",
    "EventTime": "2021-09-16T20:01:11.448507-07:00",
    "ExecutionProcessID": 2080,
    "ExecutionThreadID": 2940,
    "EventType": "INFO",
    "SeverityValue": 2,
    "Severity": "INFO",
    "Hostname": "WIN-93NOI1UVL29",
    "Domain": "NT AUTHORITY",
    "AccountName": "SYSTEM",
    "UserID": "S-1-5-18",
    "AccountType": "User",
    "Flags": "33792",
    "TCP": "0",
    "Source": "64.4.48.201",
    "InterfaceIP": "0.0.0.0",
    "AA": "1",
    "AD": "0",
    "QNAME": "onedscolprdcus11.centralus.cloudapp.azure.com.",
    "QTYPE": "1",
    "XID": "23403",
    "RecursionDepth": "1",
    "Port": "0",
    "RecursionScope": ".",
    "CacheScope": "Default",
    "BufferSize": "90",
    "PacketData": "0x5B6B84000001000100000001106F6E656473636F6C70726463757331310963656E7472616C757308636C6F756461707005617A75726503636F6D0000010001C00C000100010000000A000468D0105900002904D0000080000000",
    "AdditionalInfo": ".",
    "GUID": "{FC954BFA-34CD-4757-826A-A4546B520F1C}",
    "EventReceivedTime": "2021-09-16T20:01:12.452498-07:00",
    "SourceModuleName": "dnsserver",
    "SourceModuleType": "im_etw",
    "HostIP": "192.168.1.36"
  },
  {
    "SourceName": "Microsoft-Windows-DNSServer",
    "ProviderGuid": "{EB79061A-A566-4698-9119-3ED2807060E7}",
    "EventID": 257,
    "Version": 0,
    "ChannelID": 16,
    "OpcodeValue": 0,
    "TaskValue": 1,
    "Keywords": "9223372036854775810",
    "EventTime": "2021-09-16T20:01:11.448543-07:00",
    "ExecutionProcessID": 2080,
    "ExecutionThreadID": 2940,
    "EventType": "INFO",
    "SeverityValue": 2,
    "Severity": "INFO",
    "Hostname": "WIN-93NOI1UVL29",
    "Domain": "NT AUTHORITY",
    "AccountName": "SYSTEM",
    "UserID": "S-1-5-18",
    "AccountType": "User",
    "Flags": "33152",
    "TCP": "0",
    "InterfaceIP": "192.168.1.36",
    "Destination": "192.168.1.36",
    "AA": "0",
    "AD": "0",
    "QNAME": "v10.events.data.microsoft.com.",
    "QTYPE": "1",
    "XID": "3724",
    "DNSSEC": "0",
    "RCODE": "0",
    "Port": "52288",
    "Scope": "Default",
    "Zone": "..Cache",
    "PolicyName": "NULL",
    "BufferSize": "177",
    "PacketData": "0x0E8C8180000100030000000003763130066576656E74730464617461096D6963726F736F667403636F6D0000010001C00C0005000100000B5B002E06676C6F62616C066173696D6F76066576656E747304646174610E747261666669636D616E61676572036E657400C03B0005000100000031002C106F6E656473636F6C70726463757331310963656E7472616C757308636C6F756461707005617A757265C026C075000100010000000A000468D01059",
    "AdditionalInfo": "VirtualizationInstance:.",
    "ElapsedTime": "20",
    "GUID": "{FC954BFA-34CD-4757-826A-A4546B520F1C}",
    "EventReceivedTime": "2021-09-16T20:01:12.452498-07:00",
    "SourceModuleName": "dnsserver",
    "SourceModuleType": "im_etw",
    "HostIP": "192.168.1.36"
  },
  {
    "SourceName": "Microsoft-Windows-DNSServer",
    "ProviderGuid": "{EB79061A-A566-4698-9119-3ED2807060E7}",
    "EventID": 256,
    "Version": 0,
    "ChannelID": 16,
    "OpcodeValue": 0,
    "TaskValue": 1,
    "Keywords": "9223372036854775809",
    "EventTime": "2021-09-16T20:01:18.197391-07:00",
    "ExecutionProcessID": 2080,
    "ExecutionThreadID": 2940,
    "EventType": "INFO",
    "SeverityValue": 2,
    "Severity": "INFO",
    "Hostname": "WIN-93NOI1UVL29",
    "Domain": "NT AUTHORITY",
    "AccountName": "SYSTEM",
    "UserID": "S-1-5-18",
    "AccountType": "User",
    "Flags": "256",
    "TCP": "0",
    "InterfaceIP": "192.168.1.36",
    "Source": "192.168.1.7",
    "RD": "1",
    "QNAME": "client-api.hubstaff.com.",
    "QTYPE": "1",
    "XID": "43839",
    "Port": "55551",
    "BufferSize": "41",
    "PacketData": "0xAB3F010000010000000000000A636C69656E742D61706908687562737461666603636F6D0000010001",
    "AdditionalInfo": ".",
    "GUID": "{8D71AE24-7ACF-4A27-8385-CD3F5C79C107}",
    "EventReceivedTime": "2021-09-16T20:01:19.205296-07:00",
    "SourceModuleName": "dnsserver",
    "SourceModuleType": "im_etw",
    "HostIP": "192.168.1.36"
  },
  {
    "SourceName": "Microsoft-Windows-DNSServer",
    "ProviderGuid": "{EB79061A-A566-4698-9119-3ED2807060E7}",
    "EventID": 279,
    "Version": 0,
    "ChannelID": 16,
    "OpcodeValue": 0,
    "TaskValue": 1,
    "Keywords": "9223372071214514176",
    "EventTime": "2021-09-16T20:01:18.197415-07:00",
    "ExecutionProcessID": 2080,
    "ExecutionThreadID": 2940,
    "EventType": "INFO",
    "SeverityValue": 2,
    "Severity": "INFO",
    "Hostname": "WIN-93NOI1UVL29",
    "Domain": "NT AUTHORITY",
    "AccountName": "SYSTEM",
    "UserID": "S-1-5-18",
    "AccountType": "User",
    "Flags": "33152",
    "TCP": "0",
    "InterfaceIP": "192.168.1.36",
    "Source": "192.168.1.7",
    "RD": "1",
    "QNAME": "philosophical-bison-9vt8wzdndw3v3gp7qhq4k8x0.herokudns.com.",
    "QTYPE": "1",
    "Port": "55551",
    "XID": "43839",
    "BufferSize": "41",
    "PacketData": "0xAB3F818000010001000000000A636C69656E742D61706908687562737461666603636F6D0000010001",
    "EventReceivedTime": "2021-09-16T20:01:19.205296-07:00",
    "SourceModuleName": "dnsserver",
    "SourceModuleType": "im_etw",
    "HostIP": "192.168.1.36"
  },
  {
    "SourceName": "Microsoft-Windows-DNSServer",
    "ProviderGuid": "{EB79061A-A566-4698-9119-3ED2807060E7}",
    "EventID": 260,
    "Version": 0,
    "ChannelID": 16,
    "OpcodeValue": 0,
    "TaskValue": 2,
    "Keywords": "9223372036854775824",
    "EventTime": "2021-09-16T20:01:18.197581-07:00",
    "ExecutionProcessID": 2080,
    "ExecutionThreadID": 2940,
    "EventType": "INFO",
    "SeverityValue": 2,
    "Severity": "INFO",
    "Hostname": "WIN-93NOI1UVL29",
    "Domain": "NT AUTHORITY",
    "AccountName": "SYSTEM",
    "UserID": "S-1-5-18",
    "AccountType": "User",
    "Flags": "0",
    "TCP": "0",
    "Destination": "198.51.44.5",
    "InterfaceIP": "0.0.0.0",
    "RD": "0",
    "QNAME": "philosophical-bison-9vt8wzdndw3v3gp7qhq4k8x0.herokudns.com.",
    "QTYPE": "1",
    "QXID": "43839",
    "XID": "19274",
    "Port": "0",
    "RecursionScope": ".",
    "CacheScope": "Default",
    "PolicyName": "NULL",
    "BufferSize": "87",
    "PacketData": "0x4B4A000000010000000000012C7068696C6F736F70686963616C2D6269736F6E2D39767438777A646E6477337633677037716871346B387830096865726F6B75646E7303636F6D00000100010000290FA0000080000000",
    "AdditionalInfo": ".",
    "GUID": "{8D71AE24-7ACF-4A27-8385-CD3F5C79C107}",
    "EventReceivedTime": "2021-09-16T20:01:19.205296-07:00",
    "SourceModuleName": "dnsserver",
    "SourceModuleType": "im_etw",
    "HostIP": "192.168.1.36"
  },
  {
    "SourceName": "Microsoft-Windows-DNSServer",
    "ProviderGuid": "{EB79061A-A566-4698-9119-3ED2807060E7}",
    "EventID": 256,
    "Version": 0,
    "ChannelID": 16,
    "OpcodeValue": 0,
    "TaskValue": 1,
    "Keywords": "9223372036854775809",
    "EventTime": "2021-09-16T20:01:18.197597-07:00",
    "ExecutionProcessID": 2080,
    "ExecutionThreadID": 2940,
    "EventType": "INFO",
    "SeverityValue": 2,
    "Severity": "INFO",
    "Hostname": "WIN-93NOI1UVL29",
    "Domain": "NT AUTHORITY",
    "AccountName": "SYSTEM",
    "UserID": "S-1-5-18",
    "AccountType": "User",
    "Flags": "256",
    "TCP": "0",
    "InterfaceIP": "192.168.1.36",
    "Source": "192.168.1.7",
    "RD": "1",
    "QNAME": "client-api.hubstaff.com.",
    "QTYPE": "28",
    "XID": "32560",
    "Port": "55551",
    "BufferSize": "41",
    "PacketData": "0x7F30010000010000000000000A636C69656E742D61706908687562737461666603636F6D00001C0001",
    "AdditionalInfo": ".",
    "GUID": "{0A8EEA11-9083-4DCB-BC30-AA9C02061B9F}",
    "EventReceivedTime": "2021-09-16T20:01:19.205296-07:00",
    "SourceModuleName": "dnsserver",
    "SourceModuleType": "im_etw",
    "HostIP": "192.168.1.36"
  },
  {
    "SourceName": "Microsoft-Windows-DNSServer",
    "ProviderGuid": "{EB79061A-A566-4698-9119-3ED2807060E7}",
    "EventID": 279,
    "Version": 0,
    "ChannelID": 16,
    "OpcodeValue": 0,
    "TaskValue": 1,
    "Keywords": "9223372071214514176",
    "EventTime": "2021-09-16T20:01:18.197607-07:00",
    "ExecutionProcessID": 2080,
    "ExecutionThreadID": 2940,
    "EventType": "INFO",
    "SeverityValue": 2,
    "Severity": "INFO",
    "Hostname": "WIN-93NOI1UVL29",
    "Domain": "NT AUTHORITY",
    "AccountName": "SYSTEM",
    "UserID": "S-1-5-18",
    "AccountType": "User",
    "Flags": "33152",
    "TCP": "0",
    "InterfaceIP": "192.168.1.36",
    "Source": "192.168.1.7",
    "RD": "1",
    "QNAME": "philosophical-bison-9vt8wzdndw3v3gp7qhq4k8x0.herokudns.com.",
    "QTYPE": "28",
    "Port": "55551",
    "XID": "32560",
    "BufferSize": "41",
    "PacketData": "0x7F30818000010001000000000A636C69656E742D61706908687562737461666603636F6D00001C0001",
    "EventReceivedTime": "2021-09-16T20:01:19.205296-07:00",
    "SourceModuleName": "dnsserver",
    "SourceModuleType": "im_etw",
    "HostIP": "192.168.1.36"
  },
  {
    "SourceName": "Microsoft-Windows-DNSServer",
    "ProviderGuid": "{EB79061A-A566-4698-9119-3ED2807060E7}",
    "EventID": 260,
    "Version": 0,
    "ChannelID": 16,
    "OpcodeValue": 0,
    "TaskValue": 2,
    "Keywords": "9223372036854775824",
    "EventTime": "2021-09-16T20:01:18.197729-07:00",
    "ExecutionProcessID": 2080,
    "ExecutionThreadID": 2940,
    "EventType": "INFO",
    "SeverityValue": 2,
    "Severity": "INFO",
    "Hostname": "WIN-93NOI1UVL29",
    "Domain": "NT AUTHORITY",
    "AccountName": "SYSTEM",
    "UserID": "S-1-5-18",
    "AccountType": "User",
    "Flags": "0",
    "TCP": "0",
    "Destination": "198.51.44.5",
    "InterfaceIP": "0.0.0.0",
    "RD": "0",
    "QNAME": "philosophical-bison-9vt8wzdndw3v3gp7qhq4k8x0.herokudns.com.",
    "QTYPE": "28",
    "QXID": "32560",
    "XID": "19921",
    "Port": "0",
    "RecursionScope": ".",
    "CacheScope": "Default",
    "PolicyName": "NULL",
    "BufferSize": "87",
    "PacketData": "0x4DD1000000010000000000012C7068696C6F736F70686963616C2D6269736F6E2D39767438777A646E6477337633677037716871346B387830096865726F6B75646E7303636F6D00001C00010000290FA0000080000000",
    "AdditionalInfo": ".",
    "GUID": "{0A8EEA11-9083-4DCB-BC30-AA9C02061B9F}",
    "EventReceivedTime": "2021-09-16T20:01:19.205296-07:00",
    "SourceModuleName": "dnsserver",
    "SourceModuleType": "im_etw",
    "HostIP": "192.168.1.36"
  },
  {
    "SourceName": "Microsoft-Windows-DNSServer",
    "ProviderGuid": "{EB79061A-A566-4698-9119-3ED2807060E7}",
    "EventID": 261,
    "Version": 0,
    "ChannelID": 16,
    "OpcodeValue": 0,
    "TaskValue": 2,
    "Keywords": "9223372036854775840",
    "EventTime": "2021-09-16T20:01:18.219501-07:00",
    "ExecutionProcessID": 2080,
    "ExecutionThreadID": 2940,
    "EventType": "INFO",
    "SeverityValue": 2,
    "Severity": "INFO",
    "Hostname": "WIN-93NOI1UVL29",
    "Domain": "NT AUTHORITY",
    "AccountName": "SYSTEM",
    "UserID": "S-1-5-18",
    "AccountType": "User",
    "Flags": "33792",
    "TCP": "0",
    "Source": "198.51.44.5",
    "InterfaceIP": "0.0.0.0",
    "AA": "1",
    "AD": "0",
    "QNAME": "philosophical-bison-9vt8wzdndw3v3gp7qhq4k8x0.herokudns.com.",
    "QTYPE": "1",
    "XID": "19274",
    "RecursionDepth": "1",
    "Port": "0",
    "RecursionScope": ".",
    "CacheScope": "Default",
    "BufferSize": "260",
    "PacketData": "0x4B4A840000010005000000012C7068696C6F736F70686963616C2D6269736F6E2D39767438777A646E6477337633677037716871346B387830096865726F6B75646E7303636F6D0000010001C00C0001000100000003000412CDDE80C00C0001000100000003000436A1F12EC00C0001000100000003000434CAA841C00C0001000100000003000436ED8551C00C002E000100000003006100010D03000000036145567E6142B37EAE90096865726F6B75646E7303636F6D00FBAEC3AEFC304E10959FFA0230EF614B9426FBD49C38EA56D4ABFB35BDF46E1CFA12F82AECED7218D8F7C4A03C16377086429000BDDE8CAAB54F3FBA1C3384C700002904D0000080000000",
    "AdditionalInfo": ".",
    "GUID": "{8D71AE24-7ACF-4A27-8385-CD3F5C79C107}",
    "EventReceivedTime": "2021-09-16T20:01:19.205296-07:00",
    "SourceModuleName": "dnsserver",
    "SourceModuleType": "im_etw",
    "HostIP": "192.168.1.36"
  },
  {
    "SourceName": "Microsoft-Windows-DNSServer",
    "ProviderGuid": "{EB79061A-A566-4698-9119-3ED2807060E7}",
    "EventID": 257,
    "Version": 0,
    "ChannelID": 16,
    "OpcodeValue": 0,
    "TaskValue": 1,
    "Keywords": "9223372036854775810",
    "EventTime": "2021-09-16T20:01:18.220097-07:00",
    "ExecutionProcessID": 2080,
    "ExecutionThreadID": 2940,
    "EventType": "INFO",
    "SeverityValue": 2,
    "Severity": "INFO",
    "Hostname": "WIN-93NOI1UVL29",
    "Domain": "NT AUTHORITY",
    "AccountName": "SYSTEM",
    "UserID": "S-1-5-18",
    "AccountType": "User",
    "Flags": "33152",
    "TCP": "0",
    "InterfaceIP": "192.168.1.36",
    "Destination": "192.168.1.7",
    "AA": "0",
    "AD": "0",
    "QNAME": "client-api.hubstaff.com.",
    "QTYPE": "1",
    "XID": "43839",
    "DNSSEC": "0",
    "RCODE": "0",
    "Port": "55551",
    "Scope": "Default",
    "Zone": "..Cache",
    "PolicyName": "NULL",
    "BufferSize": "174",
    "PacketData": "0xAB3F818000010005000000000A636C69656E742D61706908687562737461666603636F6D0000010001C00C0005000100000BB900392C7068696C6F736F70686963616C2D6269736F6E2D39767438777A646E6477337633677037716871346B387830096865726F6B75646E73C020C0350001000100000002000412CDDE80C0350001000100000002000436A1F12EC0350001000100000002000434CAA841C0350001000100000002000436ED8551",
    "AdditionalInfo": "VirtualizationInstance:.",
    "ElapsedTime": "23",
    "GUID": "{8D71AE24-7ACF-4A27-8385-CD3F5C79C107}",
    "EventReceivedTime": "2021-09-16T20:01:19.220409-07:00",
    "SourceModuleName": "dnsserver",
    "SourceModuleType": "im_etw",
    "HostIP": "192.168.1.36"
  },
  {
    "SourceName": "Microsoft-Windows-DNSServer",
    "ProviderGuid": "{EB79061A-A566-4698-9119-3ED2807060E7}",
    "EventID": 261,
    "Version": 0,
    "ChannelID": 16,
    "OpcodeValue": 0,
    "TaskValue": 2,
    "Keywords": "9223372036854775840",
    "EventTime": "2021-09-16T20:01:18.220248-07:00",
    "ExecutionProcessID": 2080,
    "ExecutionThreadID": 2940,
    "EventType": "INFO",
    "SeverityValue": 2,
    "Severity": "INFO",
    "Hostname": "WIN-93NOI1UVL29",
    "Domain": "NT AUTHORITY",
    "AccountName": "SYSTEM",
    "UserID": "S-1-5-18",
    "AccountType": "User",
    "Flags": "33792",
    "TCP": "0",
    "Source": "198.51.44.5",
    "InterfaceIP": "0.0.0.0",
    "AA": "1",
    "AD": "0",
    "QNAME": "philosophical-bison-9vt8wzdndw3v3gp7qhq4k8x0.herokudns.com.",
    "QTYPE": "28",
    "XID": "19921",
    "RecursionDepth": "1",
    "Port": "0",
    "RecursionScope": ".",
    "CacheScope": "Default",
    "BufferSize": "452",
    "PacketData": "0x4DD1840000010000000400012C7068696C6F736F70686963616C2D6269736F6E2D39767438777A646E6477337633677037716871346B387830096865726F6B75646E7303636F6D00001C0001C039000600010000000A003504646E733103703035056E736F6E65036E6574000A686F73746D6173746572C061614404EE0000025800000384001275000000000AC039002E00010000000A006100060D020000003C6145567E6142B37EAE90096865726F6B75646E7303636F6D00D7D3DC7724EDB62B2C0A55704E6614FEFEB44306BF1B23DF111575C450764A338A5246E55196FE08D9D6A44BE843DB95DBD1E6C4D2B9C9BC2DA62D3AF76018A9C00C002F00010000000A004601002C7068696C6F736F70686963616C2D6269736F6E2D39767438777A646E6477337633677037716871346B387830096865726F6B75646E7303636F6D000006400000000003C00C002E00010000000A0061002F0D030000000A6145567E6142B37EAE90096865726F6B75646E7303636F6D004D07450C6B8BFE7E3C1BB0246B618E9994F895DD4CC47183A3A24A053E5A29FA0300924E93E8F51E8CAA5E44D228D7A9B97A61B77012B8F7E0F08734FDAB2CF600002904D0000080000000",
    "AdditionalInfo": ".",
    "GUID": "{0A8EEA11-9083-4DCB-BC30-AA9C02061B9F}",
    "EventReceivedTime": "2021-09-16T20:01:19.220409-07:00",
    "SourceModuleName": "dnsserver",
    "SourceModuleType": "im_etw",
    "HostIP": "192.168.1.36"
  },
  {
    "SourceName": "Microsoft-Windows-DNSServer",
    "ProviderGuid": "{EB79061A-A566-4698-9119-3ED2807060E7}",
    "EventID": 257,
    "Version": 0,
    "ChannelID": 16,
    "OpcodeValue": 0,
    "TaskValue": 1,
    "Keywords": "9223372036854775810",
    "EventTime": "2021-09-16T20:01:18.224731-07:00",
    "ExecutionProcessID": 2080,
    "ExecutionThreadID": 2940,
    "EventType": "INFO",
    "SeverityValue": 2,
    "Severity": "INFO",
    "Hostname": "WIN-93NOI1UVL29",
    "Domain": "NT AUTHORITY",
    "AccountName": "SYSTEM",
    "UserID": "S-1-5-18",
    "AccountType": "User",
    "Flags": "33152",
    "TCP": "0",
    "InterfaceIP": "192.168.1.36",
    "Destination": "192.168.1.7",
    "AA": "0",
    "AD": "0",
    "QNAME": "client-api.hubstaff.com.",
    "QTYPE": "28",
    "XID": "32560",
    "DNSSEC": "0",
    "RCODE": "0",
    "Port": "55551",
    "Scope": "Default",
    "Zone": "..Cache",
    "PolicyName": "NULL",
    "BufferSize": "110",
    "PacketData": "0x7F30818000010001000000000A636C69656E742D61706908687562737461666603636F6D00001C0001C00C0005000100000BB900392C7068696C6F736F70686963616C2D6269736F6E2D39767438777A646E6477337633677037716871346B387830096865726F6B75646E73C020",
    "AdditionalInfo": "VirtualizationInstance:.",
    "ElapsedTime": "23",
    "GUID": "{0A8EEA11-9083-4DCB-BC30-AA9C02061B9F}",
    "EventReceivedTime": "2021-09-16T20:01:19.220409-07:00",
    "SourceModuleName": "dnsserver",
    "SourceModuleType": "im_etw",
    "HostIP": "192.168.1.36"
  },
  {
    "SourceName": "Microsoft-Windows-DNSServer",
    "ProviderGuid": "{EB79061A-A566-4698-9119-3ED2807060E7}",
    "EventID": 515,
    "Version": 0,
    "ChannelID": 17,
    "OpcodeValue": 0,
    "TaskValue": 5,
    "Keywords": "4611686018428436480",
    "EventTime": "2021-09-16T20:01:38.666920-07:00",
    "ExecutionProcessID": 2080,
    "ExecutionThreadID": 1004,
    "EventType": "INFO",
    "SeverityValue": 2,
    "Severity": "INFO",
    "Hostname": "WIN-93NOI1UVL29",
    "Domain": "WIN-93NOI1UVL29",
    "AccountName": "Administrator",
    "UserID": "S-1-5-21-3792008863-3761660533-1198677510-500",
    "AccountType": "User",
    "Flags": "EXTENDED_INFO|IS_64_BIT_HEADER|PROCESSOR_INDEX (577)",
    "Type": "28",
    "NAME": "ns2.v6.example.com",
    "TTL": "3600",
    "BufferSize": "16",
    "RDATA": "0x260104424400082AD65D64FFFE27597C",
    "Zone": "example.com",
    "ZoneScope": "Default",
    "VirtualizationID": ".",
    "EventReceivedTime": "2021-09-16T20:01:39.709331-07:00",
    "SourceModuleName": "dnsserver",
    "SourceModuleType": "im_etw",
    "HostIP": "192.168.1.36"
  },
  {
    "SourceName": "Microsoft-Windows-DNSServer",
    "ProviderGuid": "{EB79061A-A566-4698-9119-3ED2807060E7}",
    "EventID": 516,
    "Version": 0,
    "ChannelID": 17,
    "OpcodeValue": 0,
    "TaskValue": 5,
    "Keywords": "4611686018428436480",
    "EventTime": "2021-09-16T20:02:15.135167-07:00",
    "ExecutionProcessID": 2080,
    "ExecutionThreadID": 1540,
    "EventType": "INFO",
    "SeverityValue": 2,
    "Severity": "INFO",
    "Hostname": "WIN-93NOI1UVL29",
    "Domain": "WIN-93NOI1UVL29",
    "AccountName": "Administrator",
    "UserID": "S-1-5-21-3792008863-3761660533-1198677510-500",
    "AccountType": "User",
    "Flags": "EXTENDED_INFO|IS_64_BIT_HEADER|PROCESSOR_INDEX (577)",
    "Type": "28",
    "NAME": "router.v6.example.com",
    "TTL": "0",
    "BufferSize": "16",
    "RDATA": "0x260104424400082A764401FFFE3E5A36",
    "Zone": "example.com",
    "ZoneScope": "Default",
    "VirtualizationID": ".",
    "EventReceivedTime": "2021-09-16T20:02:16.135552-07:00",
    "SourceModuleName": "dnsserver",
    "SourceModuleType": "im_etw",
    "HostIP": "192.168.1.36"
  },
  {
    "SourceName": "Microsoft-Windows-DNSServer",
    "ProviderGuid": "{EB79061A-A566-4698-9119-3ED2807060E7}",
    "EventID": 256,
    "Version": 0,
    "ChannelID": 16,
    "OpcodeValue": 0,
    "TaskValue": 1,
    "Keywords": "9223372036854775809",
    "EventTime": "2021-09-16T20:02:36.444681-07:00",
    "ExecutionProcessID": 2080,
    "ExecutionThreadID": 2940,
    "EventType": "INFO",
    "SeverityValue": 2,
    "Severity": "INFO",
    "Hostname": "WIN-93NOI1UVL29",
    "Domain": "NT AUTHORITY",
    "AccountName": "SYSTEM",
    "UserID": "S-1-5-18",
    "AccountType": "User",
    "Flags": "256",
    "TCP": "0",
    "InterfaceIP": "192.168.1.36",
    "Source": "192.168.1.7",
    "RD": "1",
    "QNAME": "connectivity-check.ubuntu.com.",
    "QTYPE": "28",
    "XID": "21389",
    "Port": "43864",
    "BufferSize": "47",
    "PacketData": "0x538D0100000100000000000012636F6E6E65637469766974792D636865636B067562756E747503636F6D00001C0001",
    "AdditionalInfo": ".",
    "GUID": "{40A207A2-59B1-43E6-BAE4-98113CB4C223}",
    "EventReceivedTime": "2021-09-16T20:02:37.435672-07:00",
    "SourceModuleName": "dnsserver",
    "SourceModuleType": "im_etw",
    "HostIP": "192.168.1.36"
  },
  {
    "SourceName": "Microsoft-Windows-DNSServer",
    "ProviderGuid": "{EB79061A-A566-4698-9119-3ED2807060E7}",
    "EventID": 257,
    "Version": 0,
    "ChannelID": 16,
    "OpcodeValue": 0,
    "TaskValue": 1,
    "Keywords": "9223372036854775810",
    "EventTime": "2021-09-16T20:02:36.444873-07:00",
    "ExecutionProcessID": 2080,
    "ExecutionThreadID": 2940,
    "EventType": "INFO",
    "SeverityValue": 2,
    "Severity": "INFO",
    "Hostname": "WIN-93NOI1UVL29",
    "Domain": "NT AUTHORITY",
    "AccountName": "SYSTEM",
    "UserID": "S-1-5-18",
    "AccountType": "User",
    "Flags": "33152",
    "TCP": "0",
    "InterfaceIP": "192.168.1.36",
    "Destination": "192.168.1.7",
    "AA": "0",
    "AD": "0",
    "QNAME": "connectivity-check.ubuntu.com.",
    "QTYPE": "28",
    "XID": "21389",
    "DNSSEC": "0",
    "RCODE": "0",
    "Port": "43864",
    "Scope": "Default",
    "Zone": "..Cache",
    "PolicyName": "NULL",
    "BufferSize": "108",
    "PacketData": "0x538D8180000100000001000012636F6E6E65637469766974792D636865636B067562756E747503636F6D00001C0001C01F000600010000012C0031036E73310963616E6F6E6963616CC0260A686F73746D6173746572C03F7849112A00002A3000000E1000093A8000000E10",
    "AdditionalInfo": "VirtualizationInstance:.",
    "ElapsedTime": "0",
    "GUID": "{40A207A2-59B1-43E6-BAE4-98113CB4C223}",
    "EventReceivedTime": "2021-09-16T20:02:37.435672-07:00",
    "SourceModuleName": "dnsserver",
    "SourceModuleType": "im_etw",
    "HostIP": "192.168.1.36"
  },
  {
    "SourceName": "Microsoft-Windows-DNSServer",
    "ProviderGuid": "{EB79061A-A566-4698-9119-3ED2807060E7}",
    "EventID": 256,
    "Version": 0,
    "ChannelID": 16,
    "OpcodeValue": 0,
    "TaskValue": 1,
    "Keywords": "9223372036854775809",
    "EventTime": "2021-09-16T20:02:36.445874-07:00",
    "ExecutionProcessID": 2080,
    "ExecutionThreadID": 2940,
    "EventType": "INFO",
    "SeverityValue": 2,
    "Severity": "INFO",
    "Hostname": "WIN-93NOI1UVL29",
    "Domain": "NT AUTHORITY",
    "AccountName": "SYSTEM",
    "UserID": "S-1-5-18",
    "AccountType": "User",
    "Flags": "256",
    "TCP": "0",
    "InterfaceIP": "192.168.1.36",
    "Source": "192.168.1.7",
    "RD": "1",
    "QNAME": "connectivity-check.ubuntu.com.example.com.",
    "QTYPE": "28",
    "XID": "21295",
    "Port": "40906",
    "BufferSize": "59",
    "PacketData": "0x532F0100000100000000000012636F6E6E65637469766974792D636865636B067562756E747503636F6D076578616D706C6503636F6D00001C0001",
    "AdditionalInfo": ".",
    "GUID": "{1DBCB19C-8589-47CD-8BB6-A4E4DF8167E8}",
    "EventReceivedTime": "2021-09-16T20:02:37.435672-07:00",
    "SourceModuleName": "dnsserver",
    "SourceModuleType": "im_etw",
    "HostIP": "192.168.1.36"
  },
  {
    "SourceName": "Microsoft-Windows-DNSServer",
    "ProviderGuid": "{EB79061A-A566-4698-9119-3ED2807060E7}",
    "EventID": 257,
    "Version": 0,
    "ChannelID": 16,
    "OpcodeValue": 0,
    "TaskValue": 1,
    "Keywords": "9223372036854775810",
    "EventTime": "2021-09-16T20:02:36.447623-07:00",
    "ExecutionProcessID": 2080,
    "ExecutionThreadID": 2940,
    "EventType": "INFO",
    "SeverityValue": 2,
    "Severity": "INFO",
    "Hostname": "WIN-93NOI1UVL29",
    "Domain": "NT AUTHORITY",
    "AccountName": "SYSTEM",
    "UserID": "S-1-5-18",
    "AccountType": "User",
    "Flags": "34179",
    "TCP": "0",
    "InterfaceIP": "192.168.1.36",
    "Destination": "192.168.1.7",
    "AA": "1",
    "AD": "0",
    "QNAME": "connectivity-check.ubuntu.com.example.com.",
    "QTYPE": "28",
    "XID": "21295",
    "DNSSEC": "0",
    "RCODE": "3",
    "Port": "40906",
    "Scope": "Default",
    "Zone": "example.com",
    "PolicyName": "NULL",
    "BufferSize": "131",
    "PacketData": "0x532F8583000100000001000012636F6E6E65637469766974792D636865636B067562756E747503636F6D076578616D706C6503636F6D00001C0001076578616D706C6503636F6D000006000100000E1000310F77696E2D39336E6F693175766C3239000A686F73746D6173746572000000001200000384000002580001518000000E10",
    "AdditionalInfo": "VirtualizationInstance:.",
    "ElapsedTime": "2",
    "GUID": "{1DBCB19C-8589-47CD-8BB6-A4E4DF8167E8}",
    "EventReceivedTime": "2021-09-16T20:02:37.435672-07:00",
    "SourceModuleName": "dnsserver",
    "SourceModuleType": "im_etw",
    "HostIP": "192.168.1.36"
  },
  {
    "SourceName": "Microsoft-Windows-DNSServer",
    "ProviderGuid": "{EB79061A-A566-4698-9119-3ED2807060E7}",
    "EventID": 256,
    "Version": 0,
    "ChannelID": 16,
    "OpcodeValue": 0,
    "TaskValue": 1,
    "Keywords": "9223372036854775809",
    "EventTime": "2021-09-16T20:02:37.500866-07:00",
    "ExecutionProcessID": 2080,
    "ExecutionThreadID": 2940,
    "EventType": "INFO",
    "SeverityValue": 2,
    "Severity": "INFO",
    "Hostname": "WIN-93NOI1UVL29",
    "Domain": "NT AUTHORITY",
    "AccountName": "SYSTEM",
    "UserID": "S-1-5-18",
    "AccountType": "User",
    "Flags": "256",
    "TCP": "0",
    "InterfaceIP": "192.168.1.36",
    "Source": "192.168.1.7",
    "RD": "1",
    "QNAME": "client-api.hubstaff.com.",
    "QTYPE": "1",
    "XID": "28353",
    "Port": "34040",
    "BufferSize": "41",
    "PacketData": "0x6EC1010000010000000000000A636C69656E742D61706908687562737461666603636F6D0000010001",
    "AdditionalInfo": ".",
    "GUID": "{F669A225-BC8B-4FCE-97FF-3DCDC3979077}",
    "EventReceivedTime": "2021-09-16T20:02:38.450297-07:00",
    "SourceModuleName": "dnsserver",
    "SourceModuleType": "im_etw",
    "HostIP": "192.168.1.36"
  },
  {
    "SourceName": "Microsoft-Windows-DNSServer",
    "ProviderGuid": "{EB79061A-A566-4698-9119-3ED2807060E7}",
    "EventID": 279,
    "Version": 0,
    "ChannelID": 16,
    "OpcodeValue": 0,
    "TaskValue": 1,
    "Keywords": "9223372071214514176",
    "EventTime": "2021-09-16T20:02:37.500896-07:00",
    "ExecutionProcessID": 2080,
    "ExecutionThreadID": 2940,
    "EventType": "INFO",
    "SeverityValue": 2,
    "Severity": "INFO",
    "Hostname": "WIN-93NOI1UVL29",
    "Domain": "NT AUTHORITY",
    "AccountName": "SYSTEM",
    "UserID": "S-1-5-18",
    "AccountType": "User",
    "Flags": "33152",
    "TCP": "0",
    "InterfaceIP": "192.168.1.36",
    "Source": "192.168.1.7",
    "RD": "1",
    "QNAME": "philosophical-bison-9vt8wzdndw3v3gp7qhq4k8x0.herokudns.com.",
    "QTYPE": "1",
    "Port": "34040",
    "XID": "28353",
    "BufferSize": "41",
    "PacketData": "0x6EC1818000010001000000000A636C69656E742D61706908687562737461666603636F6D0000010001",
    "EventReceivedTime": "2021-09-16T20:02:38.450297-07:00",
    "SourceModuleName": "dnsserver",
    "SourceModuleType": "im_etw",
    "HostIP": "192.168.1.36"
  },
  {
    "SourceName": "Microsoft-Windows-DNSServer",
    "ProviderGuid": "{EB79061A-A566-4698-9119-3ED2807060E7}",
    "EventID": 260,
    "Version": 0,
    "ChannelID": 16,
    "OpcodeValue": 0,
    "TaskValue": 2,
    "Keywords": "9223372036854775824",
    "EventTime": "2021-09-16T20:02:37.501027-07:00",
    "ExecutionProcessID": 2080,
    "ExecutionThreadID": 2940,
    "EventType": "INFO",
    "SeverityValue": 2,
    "Severity": "INFO",
    "Hostname": "WIN-93NOI1UVL29",
    "Domain": "NT AUTHORITY",
    "AccountName": "SYSTEM",
    "UserID": "S-1-5-18",
    "AccountType": "User",
    "Flags": "0",
    "TCP": "0",
    "Destination": "198.51.44.5",
    "InterfaceIP": "0.0.0.0",
    "RD": "0",
    "QNAME": "philosophical-bison-9vt8wzdndw3v3gp7qhq4k8x0.herokudns.com.",
    "QTYPE": "1",
    "QXID": "28353",
    "XID": "143",
    "Port": "0",
    "RecursionScope": ".",
    "CacheScope": "Default",
    "PolicyName": "NULL",
    "BufferSize": "87",
    "PacketData": "0x008F000000010000000000012C7068696C6F736F70686963616C2D6269736F6E2D39767438777A646E6477337633677037716871346B387830096865726F6B75646E7303636F6D00000100010000290FA0000080000000",
    "AdditionalInfo": ".",
    "GUID": "{F669A225-BC8B-4FCE-97FF-3DCDC3979077}",
    "EventReceivedTime": "2021-09-16T20:02:38.450297-07:00",
    "SourceModuleName": "dnsserver",
    "SourceModuleType": "im_etw",
    "HostIP": "192.168.1.36"
  },
