  {
    "SourceName": "Microsoft-Windows-DNSServer",
    "ProviderGuid": "{EB79061A-A566-4698-9119-3ED2807060E7}",
    "EventID": 257,
    "Version": 0,
    "ChannelID": 16,
    "OpcodeValue": 0,
    "TaskValue": 1,
    "Keywords": "9223372036854775810",
    "EventTime": "2021-09-16T20:11:37.616749-07:00",
    "ExecutionProcessID": 2080,
    "ExecutionThreadID": 2940,
    "EventType": "INFO",
    "SeverityValue": 2,
    "Severity": "INFO",
    "Hostname": "WIN-93NOI1UVL29",
    "Domain": "NT AUTHORITY",
    "AccountName": "SYSTEM",
    "UserID": "S-1-5-18",
    "AccountType": "User",
    "Flags": "33152",
    "TCP": "0",
    "InterfaceIP": "192.168.1.36",
    "Destination": "192.168.1.7",
    "AA": "0",
    "AD": "0",
    "QNAME": "sitereview.zscaler.com.",
    "QTYPE": "1",
    "XID": "14688",
    "DNSSEC": "0",
    "RCODE": "0",
    "Port": "59966",
    "Scope": "Default",
    "Zone": "..Cache",
    "PolicyName": "NULL",
    "BufferSize": "56",
    "PacketData": "0x3960818000010001000000000A73697465726576696577077A7363616C657203636F6D0000010001C00C000100010000012C0004C7A89456",
    "AdditionalInfo": "VirtualizationInstance:.",
    "ElapsedTime": "45",
    "GUID": "{D1646174-EA78-45DB-80E1-1129172E1262}",
    "EventReceivedTime": "2021-09-16T20:11:37.915297-07:00",
    "SourceModuleName": "dnsserver",
    "SourceModuleType": "im_etw",
    "HostIP": "192.168.1.36"
  },
  {
    "SourceName": "Microsoft-Windows-DNSServer",
    "ProviderGuid": "{EB79061A-A566-4698-9119-3ED2807060E7}",
    "EventID": 256,
    "Version": 0,
    "ChannelID": 16,
    "OpcodeValue": 0,
    "TaskValue": 1,
    "Keywords": "9223372036854775809",
    "EventTime": "2021-09-16T20:11:37.618263-07:00",
    "ExecutionProcessID": 2080,
    "ExecutionThreadID": 2940,
    "EventType": "INFO",
    "SeverityValue": 2,
    "Severity": "INFO",
    "Hostname": "WIN-93NOI1UVL29",
    "Domain": "NT AUTHORITY",
    "AccountName": "SYSTEM",
    "UserID": "S-1-5-18",
    "AccountType": "User",
    "Flags": "256",
    "TCP": "0",
    "InterfaceIP": "192.168.1.36",
    "Source": "192.168.1.7",
    "RD": "1",
    "QNAME": "use-application-dns.net.",
    "QTYPE": "1",
    "XID": "50802",
    "Port": "50536",
    "BufferSize": "41",
    "PacketData": "0xC67201000001000000000000137573652D6170706C69636174696F6E2D646E73036E65740000010001",
    "AdditionalInfo": ".",
    "GUID": "{5B339A76-DF68-449A-BE44-858702A159C7}",
    "EventReceivedTime": "2021-09-16T20:11:37.915297-07:00",
    "SourceModuleName": "dnsserver",
    "SourceModuleType": "im_etw",
    "HostIP": "192.168.1.36"
  },
  {
    "SourceName": "Microsoft-Windows-DNSServer",
    "ProviderGuid": "{EB79061A-A566-4698-9119-3ED2807060E7}",
    "EventID": 260,
    "Version": 0,
    "ChannelID": 16,
    "OpcodeValue": 0,
    "TaskValue": 2,
    "Keywords": "9223372036854775824",
    "EventTime": "2021-09-16T20:11:37.618387-07:00",
    "ExecutionProcessID": 2080,
    "ExecutionThreadID": 2940,
    "EventType": "INFO",
    "SeverityValue": 2,
    "Severity": "INFO",
    "Hostname": "WIN-93NOI1UVL29",
    "Domain": "NT AUTHORITY",
    "AccountName": "SYSTEM",
    "UserID": "S-1-5-18",
    "AccountType": "User",
    "Flags": "0",
    "TCP": "0",
    "Destination": "2001:503:d2d::30",
    "InterfaceIP": "::",
    "RD": "0",
    "QNAME": "use-application-dns.net.",
    "QTYPE": "1",
    "QXID": "50802",
    "XID": "37855",
    "Port": "0",
    "RecursionScope": ".",
    "CacheScope": "Default",
    "PolicyName": "NULL",
    "BufferSize": "52",
    "PacketData": "0x93DF00000001000000000001137573652D6170706C69636174696F6E2D646E73036E657400000100010000290FA0000080000000",
    "AdditionalInfo": ".",
    "GUID": "{5B339A76-DF68-449A-BE44-858702A159C7}",
    "EventReceivedTime": "2021-09-16T20:11:37.915297-07:00",
    "SourceModuleName": "dnsserver",
    "SourceModuleType": "im_etw",
    "HostIP": "192.168.1.36"
  },
  {
    "SourceName": "Microsoft-Windows-DNSServer",
    "ProviderGuid": "{EB79061A-A566-4698-9119-3ED2807060E7}",
    "EventID": 261,
    "Version": 0,
    "ChannelID": 16,
    "OpcodeValue": 0,
    "TaskValue": 2,
    "Keywords": "9223372036854775840",
    "EventTime": "2021-09-16T20:11:37.658044-07:00",
    "ExecutionProcessID": 2080,
    "ExecutionThreadID": 2940,
    "EventType": "INFO",
    "SeverityValue": 2,
    "Severity": "INFO",
    "Hostname": "WIN-93NOI1UVL29",
    "Domain": "NT AUTHORITY",
    "AccountName": "SYSTEM",
    "UserID": "S-1-5-18",
    "AccountType": "User",
    "Flags": "32768",
    "TCP": "0",
    "Source": "2001:503:d2d::30",
    "InterfaceIP": "::",
    "AA": "0",
    "AD": "0",
    "QNAME": "use-application-dns.net.",
    "QTYPE": "1",
    "XID": "37855",
    "RecursionDepth": "1",
    "Port": "0",
    "RecursionScope": ".",
    "CacheScope": "Default",
    "BufferSize": "783",
    "PacketData": "0x93DF80000001000000080006137573652D6170706C69636174696F6E2D646E73036E65740000010001C00C000200010002A300000F076E73312D32343004616B616DC020C00C000200010002A3000009066E73372D3636C03DC00C000200010002A3000009066E73352D3635C03DC00C000200010002A3000009066E73342D3634C03D20413152543938425335514743394E4649353153394843493437554C4A47364A48C020003200010001518000230101000000145077EF3DF3A33A2D14993A1E874E1344D743C90B000722000000000290C083002E00010001518000B700320802000151806149717C61402694FF62036E657400B6321648DFB0D93CE5875A4612080D3092669F8C1B7E7BA200F78095D14E072097269DDAB573C06E9DE1D637095BD0561D096122F515E3A42C71E1C545889FC3BA4016371DAC852CC727732B22E34129A97E424D82E9531B20698A87B307DCC9FC6FF6E3E3DA999E66D048E1E7B01688586CCBCA11D3604AD67C06119723641FAAEE7F8F982A0D36D6B39CC34CA9005DAB99EAF51A2B4D183DCC4C9C234EAA97203533475131454B394637535337354945443933523452464C4334424151394448C0200032000100015180002201010000001428E1CC68D0D76BBA3DE60AF8E9D547593596BAC60006200000000012C196002E00010001518000B70032080200015180614970E4614025FCFF62036E657400A1EA4D2DB2E1F7F903608BE5E3E04B8202BD41765B3D4F7A1F392E082D4CF6655F38F509D977D748932333B7499F48F81475166FB78E32CB7BB5CA26AFD7A227AE98758BF3503B7E37D546B586CD30AF88023340BAE4FB945935C1D029B77C6874AF6CD24B58BADDEDE8B788B5EC83399B3CBEBED9D5563EB75CA6605E1D6462F09057682567C4B83AF2480A00274D15C0052D0A1181D06D16F9EFF632E48A26C035000100010002A3000004C16C5BF0C035001C00010002A3000010260014010002000000000000000000F0C050000100010002A300000460073142C065000100010002A3000004B855F841C07A000100010002A300000454358B400000291000000080000000",
    "AdditionalInfo": ".",
    "GUID": "{5B339A76-DF68-449A-BE44-858702A159C7}",
    "EventReceivedTime": "2021-09-16T20:11:37.915297-07:00",
    "SourceModuleName": "dnsserver",
    "SourceModuleType": "im_etw",
    "HostIP": "192.168.1.36"
  },
  {
    "SourceName": "Microsoft-Windows-DNSServer",
    "ProviderGuid": "{EB79061A-A566-4698-9119-3ED2807060E7}",
    "EventID": 260,
    "Version": 0,
    "ChannelID": 16,
    "OpcodeValue": 0,
    "TaskValue": 2,
    "Keywords": "9223372036854775824",
    "EventTime": "2021-09-16T20:11:37.658261-07:00",
    "ExecutionProcessID": 2080,
    "ExecutionThreadID": 2940,
    "EventType": "INFO",
    "SeverityValue": 2,
    "Severity": "INFO",
    "Hostname": "WIN-93NOI1UVL29",
    "Domain": "NT AUTHORITY",
    "AccountName": "SYSTEM",
    "UserID": "S-1-5-18",
    "AccountType": "User",
    "Flags": "0",
    "TCP": "0",
    "Destination": "184.85.248.65",
    "InterfaceIP": "0.0.0.0",
    "RD": "0",
    "QNAME": "use-application-dns.net.",
    "QTYPE": "1",
    "QXID": "50802",
    "XID": "6932",
    "Port": "0",
    "RecursionScope": ".",
    "CacheScope": "Default",
    "PolicyName": "NULL",
    "BufferSize": "52",
    "PacketData": "0x1B1400000001000000000001137573652D6170706C69636174696F6E2D646E73036E657400000100010000290FA0000080000000",
    "AdditionalInfo": ".",
    "GUID": "{5B339A76-DF68-449A-BE44-858702A159C7}",
    "EventReceivedTime": "2021-09-16T20:11:37.915297-07:00",
    "SourceModuleName": "dnsserver",
    "SourceModuleType": "im_etw",
    "HostIP": "192.168.1.36"
  },
  {
    "SourceName": "Microsoft-Windows-DNSServer",
    "ProviderGuid": "{EB79061A-A566-4698-9119-3ED2807060E7}",
    "EventID": 261,
    "Version": 0,
    "ChannelID": 16,
    "OpcodeValue": 0,
    "TaskValue": 2,
    "Keywords": "9223372036854775840",
    "EventTime": "2021-09-16T20:11:37.693665-07:00",
    "ExecutionProcessID": 2080,
    "ExecutionThreadID": 2940,
    "EventType": "INFO",
    "SeverityValue": 2,
    "Severity": "INFO",
    "Hostname": "WIN-93NOI1UVL29",
    "Domain": "NT AUTHORITY",
    "AccountName": "SYSTEM",
    "UserID": "S-1-5-18",
    "AccountType": "User",
    "Flags": "33792",
    "TCP": "0",
    "Source": "184.85.248.65",
    "InterfaceIP": "0.0.0.0",
    "AA": "1",
    "AD": "0",
    "QNAME": "use-application-dns.net.",
    "QTYPE": "1",
    "XID": "6932",
    "RecursionDepth": "2",
    "Port": "0",
    "RecursionScope": ".",
    "CacheScope": "Default",
    "BufferSize": "100",
    "PacketData": "0x1B1484000001000300000001137573652D6170706C69636174696F6E2D646E73036E65740000010001C00C000100010000025800042CEC485DC00C000100010000025800042CEC301FC00C000100010000025800042CEBF69B0000291000000080000000",
    "AdditionalInfo": ".",
    "GUID": "{5B339A76-DF68-449A-BE44-858702A159C7}",
    "EventReceivedTime": "2021-09-16T20:11:37.915297-07:00",
    "SourceModuleName": "dnsserver",
    "SourceModuleType": "im_etw",
    "HostIP": "192.168.1.36"
  },
  {
    "SourceName": "Microsoft-Windows-DNSServer",
    "ProviderGuid": "{EB79061A-A566-4698-9119-3ED2807060E7}",
    "EventID": 257,
    "Version": 0,
    "ChannelID": 16,
    "OpcodeValue": 0,
    "TaskValue": 1,
    "Keywords": "9223372036854775810",
    "EventTime": "2021-09-16T20:11:37.693724-07:00",
    "ExecutionProcessID": 2080,
    "ExecutionThreadID": 2940,
    "EventType": "INFO",
    "SeverityValue": 2,
    "Severity": "INFO",
    "Hostname": "WIN-93NOI1UVL29",
    "Domain": "NT AUTHORITY",
    "AccountName": "SYSTEM",
    "UserID": "S-1-5-18",
    "AccountType": "User",
    "Flags": "33152",
    "TCP": "0",
    "InterfaceIP": "192.168.1.36",
    "Destination": "192.168.1.7",
    "AA": "0",
    "AD": "0",
    "QNAME": "use-application-dns.net.",
    "QTYPE": "1",
    "XID": "50802",
    "DNSSEC": "0",
    "RCODE": "0",
    "Port": "50536",
    "Scope": "Default",
    "Zone": "..Cache",
    "PolicyName": "NULL",
    "BufferSize": "89",
    "PacketData": "0xC67281800001000300000000137573652D6170706C69636174696F6E2D646E73036E65740000010001C00C000100010000025800042CEC485DC00C000100010000025800042CEC301FC00C000100010000025800042CEBF69B",
    "AdditionalInfo": "VirtualizationInstance:.",
    "ElapsedTime": "76",
    "GUID": "{5B339A76-DF68-449A-BE44-858702A159C7}",
    "EventReceivedTime": "2021-09-16T20:11:37.915297-07:00",
    "SourceModuleName": "dnsserver",
    "SourceModuleType": "im_etw",
    "HostIP": "192.168.1.36"
  },
  {
    "SourceName": "Microsoft-Windows-DNSServer",
    "ProviderGuid": "{EB79061A-A566-4698-9119-3ED2807060E7}",
    "EventID": 256,
    "Version": 0,
    "ChannelID": 16,
    "OpcodeValue": 0,
    "TaskValue": 1,
    "Keywords": "9223372036854775809",
    "EventTime": "2021-09-16T20:11:37.737591-07:00",
    "ExecutionProcessID": 2080,
    "ExecutionThreadID": 2940,
    "EventType": "INFO",
    "SeverityValue": 2,
    "Severity": "INFO",
    "Hostname": "WIN-93NOI1UVL29",
    "Domain": "NT AUTHORITY",
    "AccountName": "SYSTEM",
    "UserID": "S-1-5-18",
    "AccountType": "User",
    "Flags": "256",
    "TCP": "0",
    "InterfaceIP": "192.168.1.36",
    "Source": "192.168.1.7",
    "RD": "1",
    "QNAME": "doh.test.",
    "QTYPE": "1",
    "XID": "26997",
    "Port": "53330",
    "BufferSize": "26",
    "PacketData": "0x69750100000100000000000003646F6804746573740000010001",
    "AdditionalInfo": ".",
    "GUID": "{8CAF32E1-A4F8-4707-A36B-6A87FBB1BF84}",
    "EventReceivedTime": "2021-09-16T20:11:37.915297-07:00",
    "SourceModuleName": "dnsserver",
    "SourceModuleType": "im_etw",
    "HostIP": "192.168.1.36"
  },
  {
    "SourceName": "Microsoft-Windows-DNSServer",
    "ProviderGuid": "{EB79061A-A566-4698-9119-3ED2807060E7}",
    "EventID": 260,
    "Version": 0,
    "ChannelID": 16,
    "OpcodeValue": 0,
    "TaskValue": 2,
    "Keywords": "9223372036854775824",
    "EventTime": "2021-09-16T20:11:37.737760-07:00",
    "ExecutionProcessID": 2080,
    "ExecutionThreadID": 2940,
    "EventType": "INFO",
    "SeverityValue": 2,
    "Severity": "INFO",
    "Hostname": "WIN-93NOI1UVL29",
    "Domain": "NT AUTHORITY",
    "AccountName": "SYSTEM",
    "UserID": "S-1-5-18",
    "AccountType": "User",
    "Flags": "0",
    "TCP": "0",
    "Destination": "192.112.36.4",
    "InterfaceIP": "0.0.0.0",
    "RD": "0",
    "QNAME": "doh.test.",
    "QTYPE": "1",
    "QXID": "26997",
    "XID": "19270",
    "Port": "0",
    "RecursionScope": ".",
    "CacheScope": "Default",
    "PolicyName": "NULL",
    "BufferSize": "37",
    "PacketData": "0x4B460000000100000000000103646F68047465737400000100010000290FA0000080000000",
    "AdditionalInfo": ".",
    "GUID": "{8CAF32E1-A4F8-4707-A36B-6A87FBB1BF84}",
    "EventReceivedTime": "2021-09-16T20:11:37.915297-07:00",
    "SourceModuleName": "dnsserver",
    "SourceModuleType": "im_etw",
    "HostIP": "192.168.1.36"
  },
  {
    "SourceName": "Microsoft-Windows-DNSServer",
    "ProviderGuid": "{EB79061A-A566-4698-9119-3ED2807060E7}",
    "EventID": 261,
    "Version": 0,
    "ChannelID": 16,
    "OpcodeValue": 0,
    "TaskValue": 2,
    "Keywords": "9223372036854775840",
    "EventTime": "2021-09-16T20:11:37.767780-07:00",
    "ExecutionProcessID": 2080,
    "ExecutionThreadID": 2940,
    "EventType": "INFO",
    "SeverityValue": 2,
    "Severity": "INFO",
    "Hostname": "WIN-93NOI1UVL29",
    "Domain": "NT AUTHORITY",
    "AccountName": "SYSTEM",
    "UserID": "S-1-5-18",
    "AccountType": "User",
    "Flags": "33795",
    "TCP": "0",
    "Source": "192.112.36.4",
    "InterfaceIP": "0.0.0.0",
    "AA": "1",
    "AD": "0",
    "QNAME": "doh.test.",
    "QTYPE": "1",
    "XID": "19270",
    "RecursionDepth": "1",
    "Port": "0",
    "RecursionScope": ".",
    "CacheScope": "Default",
    "BufferSize": "1028",
    "PacketData": "0x4B468403000100000006000103646F6804746573740000010001000006000100015180004001610C726F6F742D73657276657273036E657400056E73746C640C766572697369676E2D67727303636F6D0078776911000007080000038400093A800001518000002E0001000151800113000608000001518061549B9061436A0068D6000FCA9528A96F69885F9B4A7A96926527B4EC6020DC1879BD5441FAB53EACC88DCF049369C5304D2CAEC2E78F64604FC8D4BEABB4CEE8E335E081AB943144C8DE6260721CC1A8A0DAD654D24D6DDB2A8C5B484EDEE2892B9CA535A3CA21348E74ABCD10B0CE2A94C80BF31E952DD9D666019721F1E098C1BCE3950AAF16A9AFDBAF2ABF082C92713BD2164CD47DFAC7988A901282C003AB94B932F5879F02F14BB4848F25ACC76C636EF043A248AA51B43A96032BFFBA0023A32688DCD1C8283AE5DC39D6EDE17665A897EEB5367F76C037D143148E22288C4A3BCA9D1502F892A65B8165877829CA3EA520F7C63484EA8009CA2DE424212ED2C8EB8315AAFFF000002F000100015180000E036161610000072200000000038000002E0001000151800113002F08000001518061549B9061436A0068D600021E29406258E17E46E40A3DB4CA1FD0ECB6014E01C7A2046E4ADE9573613A1AE8FC03ABC16ED91F6041D462F1C5F3C6BE491182D2E7EC80F32674D2C5E643936BD01C3EE71A743818254340F6E1A9F8D03BF5D1328674D77BD1460F70DB2724B382C1CB3373BD9371AEA1BDDE1AD69B02FA01F3F2FA47088DA69B3C0D684817E55E1FFE0462D7A943975E8030B841D88601C5EB93F3968E7A9C3D7AE8FC57C3E3B2D7E01F5220A1E91046B118CC55B384D02E6315BB051712A1B9A2643E7B25805A844BD6F13B1F319624D8AB9DB6009B218E4AA0AFA660745529601009F219D964C8139C48EBFD597B35E11615734BD7179B223A6F4D903723E2F5B2AF3F900674656E6E697300002F000100015180000E0474657661000006200000000013C2BA002E0001000151800113002F08010001518061549B9061436A0068D6009F6824B87A7AEA2CC0FC864EABEA8DD0D62076565650C33D1FF19666D416FBCC24F0AA85DC476D2D81EF78CCD42A55452205DD7A0A3B6B465C59B50DF677624AE42B5A26F729F6C1FF5399CD7108AED7FB3371F5BC1D786FEE6261CD2984C67BFBCEBDE3091AF6E68338F985F762257E4EDF8A3D14B925FDA91FE4EE9CF56604C89A36E4FA84D3514C08D2A0C08CBF25119C0C2B7FFB4FDD02B9BEE3E0A30D09AA03C03044FF9BDD97E434C45F1DEB4EFD78C55AD69DF874C7A809B502FA37566985FEB4983B2A8F8C1A0B2BC67D223D7B61B184D423ED42363AD3772F0992E0DF156B0136750719D0A13D2EFDCE907569A29E23245FB60B5783D41DB97D51D900002904D0000080000000",
    "AdditionalInfo": ".",
    "GUID": "{8CAF32E1-A4F8-4707-A36B-6A87FBB1BF84}",
    "EventReceivedTime": "2021-09-16T20:11:37.915297-07:00",
    "SourceModuleName": "dnsserver",
    "SourceModuleType": "im_etw",
    "HostIP": "192.168.1.36"
  },
  {
    "SourceName": "Microsoft-Windows-DNSServer",
    "ProviderGuid": "{EB79061A-A566-4698-9119-3ED2807060E7}",
    "EventID": 257,
    "Version": 0,
    "ChannelID": 16,
    "OpcodeValue": 0,
    "TaskValue": 1,
    "Keywords": "9223372036854775810",
    "EventTime": "2021-09-16T20:11:37.767994-07:00",
    "ExecutionProcessID": 2080,
    "ExecutionThreadID": 2940,
    "EventType": "INFO",
    "SeverityValue": 2,
    "Severity": "INFO",
    "Hostname": "WIN-93NOI1UVL29",
    "Domain": "NT AUTHORITY",
    "AccountName": "SYSTEM",
    "UserID": "S-1-5-18",
    "AccountType": "User",
    "Flags": "33155",
    "TCP": "0",
    "InterfaceIP": "192.168.1.36",
    "Destination": "192.168.1.7",
    "AA": "0",
    "AD": "0",
    "QNAME": "doh.test.",
    "QTYPE": "1",
    "XID": "26997",
    "DNSSEC": "0",
    "RCODE": "3",
    "Port": "53330",
    "Scope": "Default",
    "Zone": "..Cache",
    "PolicyName": "NULL",
    "BufferSize": "101",
    "PacketData": "0x69758183000100000001000003646F6804746573740000010001000006000100000384004001610C726F6F742D73657276657273036E657400056E73746C640C766572697369676E2D67727303636F6D0078776911000007080000038400093A8000015180",
    "AdditionalInfo": "VirtualizationInstance:.",
    "ElapsedTime": "30",
    "GUID": "{8CAF32E1-A4F8-4707-A36B-6A87FBB1BF84}",
    "EventReceivedTime": "2021-09-16T20:11:37.915297-07:00",
    "SourceModuleName": "dnsserver",
    "SourceModuleType": "im_etw",
    "HostIP": "192.168.1.36"
  },
  {
    "SourceName": "Microsoft-Windows-DNSServer",
    "ProviderGuid": "{EB79061A-A566-4698-9119-3ED2807060E7}",
    "EventID": 256,
    "Version": 0,
    "ChannelID": 16,
    "OpcodeValue": 0,
    "TaskValue": 1,
    "Keywords": "9223372036854775809",
    "EventTime": "2021-09-16T20:11:37.768124-07:00",
    "ExecutionProcessID": 2080,
    "ExecutionThreadID": 2940,
    "EventType": "INFO",
    "SeverityValue": 2,
    "Severity": "INFO",
    "Hostname": "WIN-93NOI1UVL29",
    "Domain": "NT AUTHORITY",
    "AccountName": "SYSTEM",
    "UserID": "S-1-5-18",
    "AccountType": "User",
    "Flags": "256",
    "TCP": "0",
    "InterfaceIP": "192.168.1.36",
    "Source": "192.168.1.7",
    "RD": "1",
    "QNAME": "doh.test.example.com.",
    "QTYPE": "1",
    "XID": "54898",
    "Port": "51546",
    "BufferSize": "38",
    "PacketData": "0xD6720100000100000000000003646F680474657374076578616D706C6503636F6D0000010001",
    "AdditionalInfo": ".",
    "GUID": "{6A0459C7-64EF-4362-9258-01CDF84C2053}",
    "EventReceivedTime": "2021-09-16T20:11:37.915297-07:00",
    "SourceModuleName": "dnsserver",
    "SourceModuleType": "im_etw",
    "HostIP": "192.168.1.36"
  },
  {
    "SourceName": "Microsoft-Windows-DNSServer",
    "ProviderGuid": "{EB79061A-A566-4698-9119-3ED2807060E7}",
    "EventID": 257,
    "Version": 0,
    "ChannelID": 16,
    "OpcodeValue": 0,
    "TaskValue": 1,
    "Keywords": "9223372036854775810",
    "EventTime": "2021-09-16T20:11:37.768165-07:00",
    "ExecutionProcessID": 2080,
    "ExecutionThreadID": 2940,
    "EventType": "INFO",
    "SeverityValue": 2,
    "Severity": "INFO",
    "Hostname": "WIN-93NOI1UVL29",
    "Domain": "NT AUTHORITY",
    "AccountName": "SYSTEM",
    "UserID": "S-1-5-18",
    "AccountType": "User",
    "Flags": "34179",
    "TCP": "0",
    "InterfaceIP": "192.168.1.36",
    "Destination": "192.168.1.7",
    "AA": "1",
    "AD": "0",
    "QNAME": "doh.test.example.com.",
    "QTYPE": "1",
    "XID": "54898",
    "DNSSEC": "0",
    "RCODE": "3",
    "Port": "51546",
    "Scope": "Default",
    "Zone": "example.com",
    "PolicyName": "NULL",
    "BufferSize": "110",
    "PacketData": "0xD6728583000100000001000003646F680474657374076578616D706C6503636F6D0000010001076578616D706C6503636F6D000006000100000E1000310F77696E2D39336E6F693175766C3239000A686F73746D6173746572000000001500000384000002580001518000000E10",
    "AdditionalInfo": "VirtualizationInstance:.",
    "ElapsedTime": "0",
    "GUID": "{6A0459C7-64EF-4362-9258-01CDF84C2053}",
    "EventReceivedTime": "2021-09-16T20:11:37.915297-07:00",
    "SourceModuleName": "dnsserver",
    "SourceModuleType": "im_etw",
    "HostIP": "192.168.1.36"
  },
  {
    "SourceName": "Microsoft-Windows-DNSServer",
    "ProviderGuid": "{EB79061A-A566-4698-9119-3ED2807060E7}",
    "EventID": 256,
    "Version": 0,
    "ChannelID": 16,
    "OpcodeValue": 0,
    "TaskValue": 1,
    "Keywords": "9223372036854775809",
    "EventTime": "2021-09-16T20:11:39.255757-07:00",
    "ExecutionProcessID": 2080,
    "ExecutionThreadID": 2940,
    "EventType": "INFO",
    "SeverityValue": 2,
    "Severity": "INFO",
    "Hostname": "WIN-93NOI1UVL29",
    "Domain": "NT AUTHORITY",
    "AccountName": "SYSTEM",
    "UserID": "S-1-5-18",
    "AccountType": "User",
    "Flags": "256",
    "TCP": "0",
    "InterfaceIP": "192.168.1.36",
    "Source": "192.168.1.7",
    "RD": "1",
    "QNAME": "mozilla.cloudflare-dns.com.",
    "QTYPE": "1",
    "XID": "35615",
    "Port": "37081",
    "BufferSize": "44",
    "PacketData": "0x8B1F01000001000000000000076D6F7A696C6C610E636C6F7564666C6172652D646E7303636F6D0000010001",
    "AdditionalInfo": ".",
    "GUID": "{3F8D5309-6B93-410D-9882-8FA1B682F51C}",
    "EventReceivedTime": "2021-09-16T20:11:40.261540-07:00",
    "SourceModuleName": "dnsserver",
    "SourceModuleType": "im_etw",
    "HostIP": "192.168.1.36"
  },
  {
    "SourceName": "Microsoft-Windows-DNSServer",
    "ProviderGuid": "{EB79061A-A566-4698-9119-3ED2807060E7}",
    "EventID": 257,
    "Version": 0,
    "ChannelID": 16,
    "OpcodeValue": 0,
    "TaskValue": 1,
    "Keywords": "9223372036854775810",
    "EventTime": "2021-09-16T20:11:39.255883-07:00",
    "ExecutionProcessID": 2080,
    "ExecutionThreadID": 2940,
    "EventType": "INFO",
    "SeverityValue": 2,
    "Severity": "INFO",
    "Hostname": "WIN-93NOI1UVL29",
    "Domain": "NT AUTHORITY",
    "AccountName": "SYSTEM",
    "UserID": "S-1-5-18",
    "AccountType": "User",
    "Flags": "33152",
    "TCP": "0",
    "InterfaceIP": "192.168.1.36",
    "Destination": "192.168.1.7",
    "AA": "0",
    "AD": "0",
    "QNAME": "mozilla.cloudflare-dns.com.",
    "QTYPE": "1",
    "XID": "35615",
    "DNSSEC": "0",
    "RCODE": "0",
    "Port": "37081",
    "Scope": "Default",
    "Zone": "..Cache",
    "PolicyName": "NULL",
    "BufferSize": "76",
    "PacketData": "0x8B1F81800001000200000000076D6F7A696C6C610E636C6F7564666C6172652D646E7303636F6D0000010001C00C00010001000000F400046810F9F9C00C00010001000000F400046810F8F9",
    "AdditionalInfo": "VirtualizationInstance:.",
    "ElapsedTime": "0",
    "GUID": "{3F8D5309-6B93-410D-9882-8FA1B682F51C}",
    "EventReceivedTime": "2021-09-16T20:11:40.261540-07:00",
    "SourceModuleName": "dnsserver",
    "SourceModuleType": "im_etw",
    "HostIP": "192.168.1.36"
  },
  {
    "SourceName": "Microsoft-Windows-DNSServer",
    "ProviderGuid": "{EB79061A-A566-4698-9119-3ED2807060E7}",
    "EventID": 256,
    "Version": 0,
    "ChannelID": 16,
    "OpcodeValue": 0,
    "TaskValue": 1,
    "Keywords": "9223372036854775809",
    "EventTime": "2021-09-16T20:11:39.255914-07:00",
    "ExecutionProcessID": 2080,
    "ExecutionThreadID": 2940,
    "EventType": "INFO",
    "SeverityValue": 2,
    "Severity": "INFO",
    "Hostname": "WIN-93NOI1UVL29",
    "Domain": "NT AUTHORITY",
    "AccountName": "SYSTEM",
    "UserID": "S-1-5-18",
    "AccountType": "User",
    "Flags": "256",
    "TCP": "0",
    "InterfaceIP": "192.168.1.36",
    "Source": "192.168.1.7",
    "RD": "1",
    "QNAME": "mozilla.cloudflare-dns.com.",
    "QTYPE": "28",
    "XID": "41239",
    "Port": "37081",
    "BufferSize": "44",
    "PacketData": "0xA11701000001000000000000076D6F7A696C6C610E636C6F7564666C6172652D646E7303636F6D00001C0001",
    "AdditionalInfo": ".",
    "GUID": "{83A5AC60-0260-4131-B195-331649B12912}",
    "EventReceivedTime": "2021-09-16T20:11:40.274732-07:00",
    "SourceModuleName": "dnsserver",
    "SourceModuleType": "im_etw",
    "HostIP": "192.168.1.36"
  },
  {
    "SourceName": "Microsoft-Windows-DNSServer",
    "ProviderGuid": "{EB79061A-A566-4698-9119-3ED2807060E7}",
    "EventID": 257,
    "Version": 0,
    "ChannelID": 16,
    "OpcodeValue": 0,
    "TaskValue": 1,
    "Keywords": "9223372036854775810",
    "EventTime": "2021-09-16T20:11:39.257007-07:00",
    "ExecutionProcessID": 2080,
    "ExecutionThreadID": 2940,
    "EventType": "INFO",
    "SeverityValue": 2,
    "Severity": "INFO",
    "Hostname": "WIN-93NOI1UVL29",
    "Domain": "NT AUTHORITY",
    "AccountName": "SYSTEM",
    "UserID": "S-1-5-18",
    "AccountType": "User",
    "Flags": "33152",
    "TCP": "0",
    "InterfaceIP": "192.168.1.36",
    "Destination": "192.168.1.7",
    "AA": "0",
    "AD": "0",
    "QNAME": "mozilla.cloudflare-dns.com.",
    "QTYPE": "28",
    "XID": "41239",
    "DNSSEC": "0",
    "RCODE": "0",
    "Port": "37081",
    "Scope": "Default",
    "Zone": "..Cache",
    "PolicyName": "NULL",
    "BufferSize": "100",
    "PacketData": "0xA11781800001000200000000076D6F7A696C6C610E636C6F7564666C6172652D646E7303636F6D00001C0001C00C001C0001000000F400102606470000000000000000006810F8F9C00C001C0001000000F400102606470000000000000000006810F9F9",
    "AdditionalInfo": "VirtualizationInstance:.",
    "ElapsedTime": "1",
    "GUID": "{83A5AC60-0260-4131-B195-331649B12912}",
    "EventReceivedTime": "2021-09-16T20:11:40.274732-07:00",
    "SourceModuleName": "dnsserver",
    "SourceModuleType": "im_etw",
    "HostIP": "192.168.1.36"
  },
  {
    "SourceName": "Microsoft-Windows-DNSServer",
    "ProviderGuid": "{EB79061A-A566-4698-9119-3ED2807060E7}",
    "EventID": 256,
    "Version": 0,
    "ChannelID": 16,
    "OpcodeValue": 0,
    "TaskValue": 1,
    "Keywords": "9223372036854775809",
    "EventTime": "2021-09-16T20:11:39.454221-07:00",
    "ExecutionProcessID": 2080,
    "ExecutionThreadID": 2940,
    "EventType": "INFO",
    "SeverityValue": 2,
    "Severity": "INFO",
    "Hostname": "WIN-93NOI1UVL29",
    "Domain": "NT AUTHORITY",
    "AccountName": "SYSTEM",
    "UserID": "S-1-5-18",
    "AccountType": "User",
    "Flags": "256",
    "TCP": "0",
    "InterfaceIP": "192.168.1.36",
    "Source": "192.168.1.7",
    "RD": "1",
    "QNAME": "mozilla.org.",
    "QTYPE": "1",
    "XID": "22343",
    "Port": "55630",
    "BufferSize": "29",
    "PacketData": "0x574701000001000000000000076D6F7A696C6C61036F72670000010001",
    "AdditionalInfo": ".",
    "GUID": "{EB25A0D2-95A9-4DE4-84A3-EB5FBE414EEE}",
    "EventReceivedTime": "2021-09-16T20:11:40.274732-07:00",
    "SourceModuleName": "dnsserver",
    "SourceModuleType": "im_etw",
    "HostIP": "192.168.1.36"
  },
  {
    "SourceName": "Microsoft-Windows-DNSServer",
    "ProviderGuid": "{EB79061A-A566-4698-9119-3ED2807060E7}",
    "EventID": 257,
    "Version": 0,
    "ChannelID": 16,
    "OpcodeValue": 0,
    "TaskValue": 1,
    "Keywords": "9223372036854775810",
    "EventTime": "2021-09-16T20:11:39.454324-07:00",
    "ExecutionProcessID": 2080,
    "ExecutionThreadID": 2940,
    "EventType": "INFO",
    "SeverityValue": 2,
    "Severity": "INFO",
    "Hostname": "WIN-93NOI1UVL29",
    "Domain": "NT AUTHORITY",
    "AccountName": "SYSTEM",
    "UserID": "S-1-5-18",
    "AccountType": "User",
    "Flags": "33152",
    "TCP": "0",
    "InterfaceIP": "192.168.1.36",
    "Destination": "192.168.1.7",
    "AA": "0",
    "AD": "0",
    "QNAME": "mozilla.org.",
    "QTYPE": "1",
    "XID": "22343",
    "DNSSEC": "0",
    "RCODE": "0",
    "Port": "55630",
    "Scope": "Default",
    "Zone": "..Cache",
    "PolicyName": "NULL",
    "BufferSize": "77",
    "PacketData": "0x574781800001000300000000076D6F7A696C6C61036F72670000010001C00C0001000100000E0D00042CEC485DC00C0001000100000E0D00042CEBF69BC00C0001000100000E0D00042CEC301F",
    "AdditionalInfo": "VirtualizationInstance:.",
    "ElapsedTime": "1",
    "GUID": "{EB25A0D2-95A9-4DE4-84A3-EB5FBE414EEE}",
    "EventReceivedTime": "2021-09-16T20:11:40.274732-07:00",
    "SourceModuleName": "dnsserver",
    "SourceModuleType": "im_etw",
    "HostIP": "192.168.1.36"
  },
  {
    "SourceName": "Microsoft-Windows-DNSServer",
    "ProviderGuid": "{EB79061A-A566-4698-9119-3ED2807060E7}",
    "EventID": 256,
    "Version": 0,
    "ChannelID": 16,
    "OpcodeValue": 0,
    "TaskValue": 1,
    "Keywords": "9223372036854775809",
    "EventTime": "2021-09-16T20:11:39.454343-07:00",
    "ExecutionProcessID": 2080,
    "ExecutionThreadID": 2940,
    "EventType": "INFO",
    "SeverityValue": 2,
    "Severity": "INFO",
    "Hostname": "WIN-93NOI1UVL29",
    "Domain": "NT AUTHORITY",
    "AccountName": "SYSTEM",
    "UserID": "S-1-5-18",
    "AccountType": "User",
    "Flags": "256",
    "TCP": "0",
    "InterfaceIP": "192.168.1.36",
    "Source": "192.168.1.7",
    "RD": "1",
    "QNAME": "mozilla.org.",
    "QTYPE": "28",
    "XID": "28738",
    "Port": "55630",
    "BufferSize": "29",
    "PacketData": "0x704201000001000000000000076D6F7A696C6C61036F726700001C0001",
    "AdditionalInfo": ".",
    "GUID": "{FA180806-EC69-4A00-9C0E-70E79B198EBF}",
    "EventReceivedTime": "2021-09-16T20:11:40.274732-07:00",
    "SourceModuleName": "dnsserver",
    "SourceModuleType": "im_etw",
    "HostIP": "192.168.1.36"
  },
  {
    "SourceName": "Microsoft-Windows-DNSServer",
    "ProviderGuid": "{EB79061A-A566-4698-9119-3ED2807060E7}",
    "EventID": 257,
    "Version": 0,
    "ChannelID": 16,
    "OpcodeValue": 0,
    "TaskValue": 1,
    "Keywords": "9223372036854775810",
    "EventTime": "2021-09-16T20:11:39.454661-07:00",
    "ExecutionProcessID": 2080,
    "ExecutionThreadID": 2940,
    "EventType": "INFO",
    "SeverityValue": 2,
    "Severity": "INFO",
    "Hostname": "WIN-93NOI1UVL29",
    "Domain": "NT AUTHORITY",
    "AccountName": "SYSTEM",
    "UserID": "S-1-5-18",
    "AccountType": "User",
    "Flags": "33152",
    "TCP": "0",
    "InterfaceIP": "192.168.1.36",
    "Destination": "192.168.1.7",
    "AA": "0",
    "AD": "0",
    "QNAME": "mozilla.org.",
    "QTYPE": "28",
    "XID": "28738",
    "DNSSEC": "0",
    "RCODE": "0",
    "Port": "55630",
    "Scope": "Default",
    "Zone": "..Cache",
    "PolicyName": "NULL",
    "BufferSize": "109",
    "PacketData": "0x704281800001000000010000076D6F7A696C6C61036F726700001C0001C00C0006000100000039004409696E666F626C6F78310770726976617465046D646331076D6F7A696C6C6103636F6D000973797361646D696E73C00C78581ECA000000B4000000B4001275000000003C",
    "AdditionalInfo": "VirtualizationInstance:.",
    "ElapsedTime": "0",
    "GUID": "{FA180806-EC69-4A00-9C0E-70E79B198EBF}",
    "EventReceivedTime": "2021-09-16T20:11:40.274732-07:00",
    "SourceModuleName": "dnsserver",
    "SourceModuleType": "im_etw",
    "HostIP": "192.168.1.36"
  },
  {
    "SourceName": "Microsoft-Windows-DNSServer",
    "ProviderGuid": "{EB79061A-A566-4698-9119-3ED2807060E7}",
    "EventID": 256,
    "Version": 0,
    "ChannelID": 16,
    "OpcodeValue": 0,
    "TaskValue": 1,
    "Keywords": "9223372036854775809",
    "EventTime": "2021-09-16T20:11:39.454693-07:00",
    "ExecutionProcessID": 2080,
    "ExecutionThreadID": 2940,
    "EventType": "INFO",
    "SeverityValue": 2,
    "Severity": "INFO",
    "Hostname": "WIN-93NOI1UVL29",
    "Domain": "NT AUTHORITY",
    "AccountName": "SYSTEM",
    "UserID": "S-1-5-18",
    "AccountType": "User",
    "Flags": "256",
    "TCP": "0",
    "InterfaceIP": "192.168.1.36",
    "Source": "192.168.1.7",
    "RD": "1",
    "QNAME": "detectportal.firefox.com.",
    "QTYPE": "1",
    "XID": "9149",
    "Port": "34383",
    "BufferSize": "42",
    "PacketData": "0x23BD010000010000000000000C646574656374706F7274616C0766697265666F7803636F6D0000010001",
    "AdditionalInfo": ".",
    "GUID": "{504CBA7B-108D-40B6-A2CC-13895F59E3B1}",
    "EventReceivedTime": "2021-09-16T20:11:40.274732-07:00",
    "SourceModuleName": "dnsserver",
    "SourceModuleType": "im_etw",
    "HostIP": "192.168.1.36"
  },
  {
    "SourceName": "Microsoft-Windows-DNSServer",
    "ProviderGuid": "{EB79061A-A566-4698-9119-3ED2807060E7}",
    "EventID": 279,
    "Version": 0,
    "ChannelID": 16,
    "OpcodeValue": 0,
    "TaskValue": 1,
    "Keywords": "9223372071214514176",
    "EventTime": "2021-09-16T20:11:39.454732-07:00",
    "ExecutionProcessID": 2080,
    "ExecutionThreadID": 2940,
    "EventType": "INFO",
    "SeverityValue": 2,
    "Severity": "INFO",
    "Hostname": "WIN-93NOI1UVL29",
    "Domain": "NT AUTHORITY",
    "AccountName": "SYSTEM",
    "UserID": "S-1-5-18",
    "AccountType": "User",
    "Flags": "33152",
    "TCP": "0",
    "InterfaceIP": "192.168.1.36",
    "Source": "192.168.1.7",
    "RD": "1",
    "QNAME": "detectportal.prod.mozaws.net.",
    "QTYPE": "1",
    "Port": "34383",
    "XID": "9149",
    "BufferSize": "42",
    "PacketData": "0x23BD818000010001000000000C646574656374706F7274616C0766697265666F7803636F6D0000010001",
    "EventReceivedTime": "2021-09-16T20:11:40.274732-07:00",
    "SourceModuleName": "dnsserver",
    "SourceModuleType": "im_etw",
    "HostIP": "192.168.1.36"
  },
  {
    "SourceName": "Microsoft-Windows-DNSServer",
    "ProviderGuid": "{EB79061A-A566-4698-9119-3ED2807060E7}",
    "EventID": 279,
    "Version": 0,
    "ChannelID": 16,
    "OpcodeValue": 0,
    "TaskValue": 1,
    "Keywords": "9223372071214514176",
    "EventTime": "2021-09-16T20:11:39.454758-07:00",
    "ExecutionProcessID": 2080,
    "ExecutionThreadID": 2940,
    "EventType": "INFO",
    "SeverityValue": 2,
    "Severity": "INFO",
    "Hostname": "WIN-93NOI1UVL29",
    "Domain": "NT AUTHORITY",
    "AccountName": "SYSTEM",
    "UserID": "S-1-5-18",
    "AccountType": "User",
    "Flags": "33152",
    "TCP": "0",
    "InterfaceIP": "192.168.1.36",
    "Source": "192.168.1.7",
    "RD": "1",
    "QNAME": "prod.detectportal.prod.cloudops.mozgcp.net.",
    "QTYPE": "1",
    "Port": "34383",
    "XID": "9149",
    "BufferSize": "42",
    "PacketData": "0x23BD818000010002000000000C646574656374706F7274616C0766697265666F7803636F6D0000010001",
    "EventReceivedTime": "2021-09-16T20:11:40.274732-07:00",
    "SourceModuleName": "dnsserver",
    "SourceModuleType": "im_etw",
    "HostIP": "192.168.1.36"
  },
  {
    "SourceName": "Microsoft-Windows-DNSServer",
    "ProviderGuid": "{EB79061A-A566-4698-9119-3ED2807060E7}",
    "EventID": 257,
    "Version": 0,
    "ChannelID": 16,
    "OpcodeValue": 0,
    "TaskValue": 1,
    "Keywords": "9223372036854775810",
    "EventTime": "2021-09-16T20:11:39.454859-07:00",
    "ExecutionProcessID": 2080,
    "ExecutionThreadID": 2940,
    "EventType": "INFO",
    "SeverityValue": 2,
    "Severity": "INFO",
    "Hostname": "WIN-93NOI1UVL29",
    "Domain": "NT AUTHORITY",
    "AccountName": "SYSTEM",
    "UserID": "S-1-5-18",
    "AccountType": "User",
    "Flags": "33152",
    "TCP": "0",
    "InterfaceIP": "192.168.1.36",
    "Destination": "192.168.1.7",
    "AA": "0",
    "AD": "0",
    "QNAME": "detectportal.firefox.com.",
    "QTYPE": "1",
    "XID": "9149",
    "DNSSEC": "0",
    "RCODE": "0",
    "Port": "34383",
    "Scope": "Default",
    "Zone": "..Cache",
    "PolicyName": "NULL",
    "BufferSize": "153",
    "PacketData": "0x23BD818000010003000000000C646574656374706F7274616C0766697265666F7803636F6D0000010001C00C0005000100000039001E0C646574656374706F7274616C0470726F64066D6F7A617773036E657400C036000500010000012900290470726F640C646574656374706F7274616C0470726F6408636C6F75646F7073066D6F7A676370C04FC06000010001000007050004226BDD52",
    "AdditionalInfo": "VirtualizationInstance:.",
    "ElapsedTime": "0",
    "GUID": "{504CBA7B-108D-40B6-A2CC-13895F59E3B1}",
    "EventReceivedTime": "2021-09-16T20:11:40.290719-07:00",
    "SourceModuleName": "dnsserver",
    "SourceModuleType": "im_etw",
    "HostIP": "192.168.1.36"
  },
  {
    "SourceName": "Microsoft-Windows-DNSServer",
    "ProviderGuid": "{EB79061A-A566-4698-9119-3ED2807060E7}",
    "EventID": 256,
    "Version": 0,
    "ChannelID": 16,
    "OpcodeValue": 0,
    "TaskValue": 1,
    "Keywords": "9223372036854775809",
    "EventTime": "2021-09-16T20:11:39.454921-07:00",
    "ExecutionProcessID": 2080,
    "ExecutionThreadID": 2940,
    "EventType": "INFO",
    "SeverityValue": 2,
    "Severity": "INFO",
    "Hostname": "WIN-93NOI1UVL29",
    "Domain": "NT AUTHORITY",
    "AccountName": "SYSTEM",
    "UserID": "S-1-5-18",
    "AccountType": "User",
    "Flags": "256",
    "TCP": "0",
    "InterfaceIP": "192.168.1.36",
    "Source": "192.168.1.7",
    "RD": "1",
    "QNAME": "detectportal.firefox.com.",
    "QTYPE": "28",
    "XID": "1202",
    "Port": "34383",
    "BufferSize": "42",
    "PacketData": "0x04B2010000010000000000000C646574656374706F7274616C0766697265666F7803636F6D00001C0001",
    "AdditionalInfo": ".",
    "GUID": "{615FBD14-360E-4D01-9401-AFD12A559B10}",
    "EventReceivedTime": "2021-09-16T20:11:40.290719-07:00",
    "SourceModuleName": "dnsserver",
    "SourceModuleType": "im_etw",
    "HostIP": "192.168.1.36"
  },
  {
    "SourceName": "Microsoft-Windows-DNSServer",
    "ProviderGuid": "{EB79061A-A566-4698-9119-3ED2807060E7}",
    "EventID": 279,
    "Version": 0,
    "ChannelID": 16,
    "OpcodeValue": 0,
    "TaskValue": 1,
    "Keywords": "9223372071214514176",
    "EventTime": "2021-09-16T20:11:39.454963-07:00",
    "ExecutionProcessID": 2080,
    "ExecutionThreadID": 2940,
    "EventType": "INFO",
    "SeverityValue": 2,
    "Severity": "INFO",
    "Hostname": "WIN-93NOI1UVL29",
    "Domain": "NT AUTHORITY",
    "AccountName": "SYSTEM",
    "UserID": "S-1-5-18",
    "AccountType": "User",
    "Flags": "33152",
    "TCP": "0",
    "InterfaceIP": "192.168.1.36",
    "Source": "192.168.1.7",
    "RD": "1",
    "QNAME": "detectportal.prod.mozaws.net.",
    "QTYPE": "28",
    "Port": "34383",
    "XID": "1202",
    "BufferSize": "42",
    "PacketData": "0x04B2818000010001000000000C646574656374706F7274616C0766697265666F7803636F6D00001C0001",
    "EventReceivedTime": "2021-09-16T20:11:40.290719-07:00",
    "SourceModuleName": "dnsserver",
    "SourceModuleType": "im_etw",
    "HostIP": "192.168.1.36"
  },
  {
    "SourceName": "Microsoft-Windows-DNSServer",
    "ProviderGuid": "{EB79061A-A566-4698-9119-3ED2807060E7}",
    "EventID": 279,
    "Version": 0,
    "ChannelID": 16,
    "OpcodeValue": 0,
    "TaskValue": 1,
    "Keywords": "9223372071214514176",
    "EventTime": "2021-09-16T20:11:39.454987-07:00",
    "ExecutionProcessID": 2080,
    "ExecutionThreadID": 2940,
    "EventType": "INFO",
    "SeverityValue": 2,
    "Severity": "INFO",
    "Hostname": "WIN-93NOI1UVL29",
    "Domain": "NT AUTHORITY",
    "AccountName": "SYSTEM",
    "UserID": "S-1-5-18",
    "AccountType": "User",
    "Flags": "33152",
    "TCP": "0",
    "InterfaceIP": "192.168.1.36",
    "Source": "192.168.1.7",
    "RD": "1",
    "QNAME": "prod.detectportal.prod.cloudops.mozgcp.net.",
    "QTYPE": "28",
    "Port": "34383",
    "XID": "1202",
    "BufferSize": "42",
    "PacketData": "0x04B2818000010002000000000C646574656374706F7274616C0766697265666F7803636F6D00001C0001",
    "EventReceivedTime": "2021-09-16T20:11:40.290719-07:00",
    "SourceModuleName": "dnsserver",
    "SourceModuleType": "im_etw",
    "HostIP": "192.168.1.36"
  },
  {
    "SourceName": "Microsoft-Windows-DNSServer",
    "ProviderGuid": "{EB79061A-A566-4698-9119-3ED2807060E7}",
    "EventID": 257,
    "Version": 0,
    "ChannelID": 16,
    "OpcodeValue": 0,
    "TaskValue": 1,
    "Keywords": "9223372036854775810",
    "EventTime": "2021-09-16T20:11:39.456400-07:00",
    "ExecutionProcessID": 2080,
    "ExecutionThreadID": 2940,
    "EventType": "INFO",
    "SeverityValue": 2,
    "Severity": "INFO",
    "Hostname": "WIN-93NOI1UVL29",
    "Domain": "NT AUTHORITY",
    "AccountName": "SYSTEM",
    "UserID": "S-1-5-18",
    "AccountType": "User",
    "Flags": "33152",
    "TCP": "0",
    "InterfaceIP": "192.168.1.36",
    "Destination": "192.168.1.7",
    "AA": "0",
    "AD": "0",
    "QNAME": "detectportal.firefox.com.",
    "QTYPE": "28",
    "XID": "1202",
    "DNSSEC": "0",
    "RCODE": "0",
    "Port": "34383",
    "Scope": "Default",
    "Zone": "..Cache",
    "PolicyName": "NULL",
    "BufferSize": "165",
    "PacketData": "0x04B2818000010003000000000C646574656374706F7274616C0766697265666F7803636F6D00001C0001C00C0005000100000039001E0C646574656374706F7274616C0470726F64066D6F7A617773036E657400C036000500010000012900290470726F640C646574656374706F7274616C0470726F6408636C6F75646F7073066D6F7A676370C04FC060001C000100000705001026001901000038D70000000000000000",
    "AdditionalInfo": "VirtualizationInstance:.",
    "ElapsedTime": "1",
    "GUID": "{615FBD14-360E-4D01-9401-AFD12A559B10}",
    "EventReceivedTime": "2021-09-16T20:11:40.290719-07:00",
    "SourceModuleName": "dnsserver",
    "SourceModuleType": "im_etw",
    "HostIP": "192.168.1.36"
  },
  {
    "SourceName": "Microsoft-Windows-DNSServer",
    "ProviderGuid": "{EB79061A-A566-4698-9119-3ED2807060E7}",
    "EventID": 256,
    "Version": 0,
    "ChannelID": 16,
    "OpcodeValue": 0,
    "TaskValue": 1,
    "Keywords": "9223372036854775809",
    "EventTime": "2021-09-16T20:11:39.456467-07:00",
    "ExecutionProcessID": 2080,
    "ExecutionThreadID": 2940,
    "EventType": "INFO",
    "SeverityValue": 2,
    "Severity": "INFO",
    "Hostname": "WIN-93NOI1UVL29",
    "Domain": "NT AUTHORITY",
    "AccountName": "SYSTEM",
    "UserID": "S-1-5-18",
    "AccountType": "User",
    "Flags": "256",
    "TCP": "0",
    "InterfaceIP": "192.168.1.36",
    "Source": "192.168.1.7",
    "RD": "1",
    "QNAME": "mozilla.org.",
    "QTYPE": "1",
    "XID": "31383",
    "Port": "58712",
    "BufferSize": "29",
    "PacketData": "0x7A9701000001000000000000076D6F7A696C6C61036F72670000010001",
    "AdditionalInfo": ".",
    "GUID": "{2431635F-FAA0-47D4-804E-3C7E334F171B}",
    "EventReceivedTime": "2021-09-16T20:11:40.290719-07:00",
    "SourceModuleName": "dnsserver",
    "SourceModuleType": "im_etw",
    "HostIP": "192.168.1.36"
  },
  {
    "SourceName": "Microsoft-Windows-DNSServer",
    "ProviderGuid": "{EB79061A-A566-4698-9119-3ED2807060E7}",
    "EventID": 257,
    "Version": 0,
    "ChannelID": 16,
    "OpcodeValue": 0,
    "TaskValue": 1,
    "Keywords": "9223372036854775810",
    "EventTime": "2021-09-16T20:11:39.456555-07:00",
    "ExecutionProcessID": 2080,
    "ExecutionThreadID": 2940,
    "EventType": "INFO",
    "SeverityValue": 2,
    "Severity": "INFO",
    "Hostname": "WIN-93NOI1UVL29",
    "Domain": "NT AUTHORITY",
    "AccountName": "SYSTEM",
    "UserID": "S-1-5-18",
    "AccountType": "User",
    "Flags": "33152",
    "TCP": "0",
    "InterfaceIP": "192.168.1.36",
    "Destination": "192.168.1.7",
    "AA": "0",
    "AD": "0",
    "QNAME": "mozilla.org.",
    "QTYPE": "1",
    "XID": "31383",
    "DNSSEC": "0",
    "RCODE": "0",
    "Port": "58712",
    "Scope": "Default",
    "Zone": "..Cache",
    "PolicyName": "NULL",
    "BufferSize": "77",
    "PacketData": "0x7A9781800001000300000000076D6F7A696C6C61036F72670000010001C00C0001000100000E0D00042CEBF69BC00C0001000100000E0D00042CEC301FC00C0001000100000E0D00042CEC485D",
    "AdditionalInfo": "VirtualizationInstance:.",
    "ElapsedTime": "0",
    "GUID": "{2431635F-FAA0-47D4-804E-3C7E334F171B}",
    "EventReceivedTime": "2021-09-16T20:11:40.290719-07:00",
    "SourceModuleName": "dnsserver",
    "SourceModuleType": "im_etw",
    "HostIP": "192.168.1.36"
  },
  {
    "SourceName": "Microsoft-Windows-DNSServer",
    "ProviderGuid": "{EB79061A-A566-4698-9119-3ED2807060E7}",
    "EventID": 256,
    "Version": 0,
    "ChannelID": 16,
    "OpcodeValue": 0,
    "TaskValue": 1,
    "Keywords": "9223372036854775809",
    "EventTime": "2021-09-16T20:11:39.456567-07:00",
    "ExecutionProcessID": 2080,
    "ExecutionThreadID": 2940,
    "EventType": "INFO",
    "SeverityValue": 2,
    "Severity": "INFO",
    "Hostname": "WIN-93NOI1UVL29",
    "Domain": "NT AUTHORITY",
    "AccountName": "SYSTEM",
    "UserID": "S-1-5-18",
    "AccountType": "User",
    "Flags": "256",
    "TCP": "0",
    "InterfaceIP": "192.168.1.36",
    "Source": "192.168.1.7",
    "RD": "1",
    "QNAME": "mozilla.org.",
    "QTYPE": "28",
    "XID": "59035",
    "Port": "58712",
    "BufferSize": "29",
    "PacketData": "0xE69B01000001000000000000076D6F7A696C6C61036F726700001C0001",
    "AdditionalInfo": ".",
    "GUID": "{C917D7BA-CC74-4AEE-A946-5BD34DAD7F52}",
    "EventReceivedTime": "2021-09-16T20:11:40.290719-07:00",
    "SourceModuleName": "dnsserver",
    "SourceModuleType": "im_etw",
    "HostIP": "192.168.1.36"
  },
  {
    "SourceName": "Microsoft-Windows-DNSServer",
    "ProviderGuid": "{EB79061A-A566-4698-9119-3ED2807060E7}",
    "EventID": 257,
    "Version": 0,
    "ChannelID": 16,
    "OpcodeValue": 0,
    "TaskValue": 1,
    "Keywords": "9223372036854775810",
    "EventTime": "2021-09-16T20:11:39.456606-07:00",
    "ExecutionProcessID": 2080,
    "ExecutionThreadID": 2940,
    "EventType": "INFO",
    "SeverityValue": 2,
    "Severity": "INFO",
    "Hostname": "WIN-93NOI1UVL29",
    "Domain": "NT AUTHORITY",
    "AccountName": "SYSTEM",
    "UserID": "S-1-5-18",
    "AccountType": "User",
    "Flags": "33152",
    "TCP": "0",
    "InterfaceIP": "192.168.1.36",
    "Destination": "192.168.1.7",
    "AA": "0",
    "AD": "0",
    "QNAME": "mozilla.org.",
    "QTYPE": "28",
    "XID": "59035",
    "DNSSEC": "0",
    "RCODE": "0",
    "Port": "58712",
    "Scope": "Default",
    "Zone": "..Cache",
    "PolicyName": "NULL",
    "BufferSize": "109",
    "PacketData": "0xE69B81800001000000010000076D6F7A696C6C61036F726700001C0001C00C0006000100000039004409696E666F626C6F78310770726976617465046D646331076D6F7A696C6C6103636F6D000973797361646D696E73C00C78581ECA000000B4000000B4001275000000003C",
    "AdditionalInfo": "VirtualizationInstance:.",
    "ElapsedTime": "0",
    "GUID": "{C917D7BA-CC74-4AEE-A946-5BD34DAD7F52}",
    "EventReceivedTime": "2021-09-16T20:11:40.290719-07:00",
    "SourceModuleName": "dnsserver",
    "SourceModuleType": "im_etw",
    "HostIP": "192.168.1.36"
  },
  {
    "SourceName": "Microsoft-Windows-DNSServer",
    "ProviderGuid": "{EB79061A-A566-4698-9119-3ED2807060E7}",
    "EventID": 256,
    "Version": 0,
    "ChannelID": 16,
    "OpcodeValue": 0,
    "TaskValue": 1,
    "Keywords": "9223372036854775809",
    "EventTime": "2021-09-16T20:11:39.456624-07:00",
    "ExecutionProcessID": 2080,
    "ExecutionThreadID": 2940,
    "EventType": "INFO",
    "SeverityValue": 2,
    "Severity": "INFO",
    "Hostname": "WIN-93NOI1UVL29",
    "Domain": "NT AUTHORITY",
    "AccountName": "SYSTEM",
    "UserID": "S-1-5-18",
    "AccountType": "User",
    "Flags": "256",
    "TCP": "0",
    "InterfaceIP": "192.168.1.36",
    "Source": "192.168.1.7",
    "RD": "1",
    "QNAME": "detectportal.firefox.com.",
    "QTYPE": "1",
    "XID": "1476",
    "Port": "56243",
    "BufferSize": "42",
    "PacketData": "0x05C4010000010000000000000C646574656374706F7274616C0766697265666F7803636F6D0000010001",
    "AdditionalInfo": ".",
    "GUID": "{4E0FFA02-192B-493E-9A65-54C55F44927F}",
    "EventReceivedTime": "2021-09-16T20:11:40.290719-07:00",
    "SourceModuleName": "dnsserver",
    "SourceModuleType": "im_etw",
    "HostIP": "192.168.1.36"
  },
  {
    "SourceName": "Microsoft-Windows-DNSServer",
    "ProviderGuid": "{EB79061A-A566-4698-9119-3ED2807060E7}",
    "EventID": 279,
    "Version": 0,
    "ChannelID": 16,
    "OpcodeValue": 0,
    "TaskValue": 1,
    "Keywords": "9223372071214514176",
    "EventTime": "2021-09-16T20:11:39.456786-07:00",
    "ExecutionProcessID": 2080,
    "ExecutionThreadID": 2940,
    "EventType": "INFO",
    "SeverityValue": 2,
    "Severity": "INFO",
    "Hostname": "WIN-93NOI1UVL29",
    "Domain": "NT AUTHORITY",
    "AccountName": "SYSTEM",
    "UserID": "S-1-5-18",
    "AccountType": "User",
    "Flags": "33152",
    "TCP": "0",
    "InterfaceIP": "192.168.1.36",
    "Source": "192.168.1.7",
    "RD": "1",
    "QNAME": "detectportal.prod.mozaws.net.",
    "QTYPE": "1",
    "Port": "56243",
    "XID": "1476",
    "BufferSize": "42",
    "PacketData": "0x05C4818000010001000000000C646574656374706F7274616C0766697265666F7803636F6D0000010001",
    "EventReceivedTime": "2021-09-16T20:11:40.290719-07:00",
    "SourceModuleName": "dnsserver",
    "SourceModuleType": "im_etw",
    "HostIP": "192.168.1.36"
  },
  {
    "SourceName": "Microsoft-Windows-DNSServer",
    "ProviderGuid": "{EB79061A-A566-4698-9119-3ED2807060E7}",
    "EventID": 279,
    "Version": 0,
    "ChannelID": 16,
    "OpcodeValue": 0,
    "TaskValue": 1,
    "Keywords": "9223372071214514176",
    "EventTime": "2021-09-16T20:11:39.456811-07:00",
    "ExecutionProcessID": 2080,
    "ExecutionThreadID": 2940,
    "EventType": "INFO",
    "SeverityValue": 2,
    "Severity": "INFO",
    "Hostname": "WIN-93NOI1UVL29",
    "Domain": "NT AUTHORITY",
    "AccountName": "SYSTEM",
    "UserID": "S-1-5-18",
    "AccountType": "User",
    "Flags": "33152",
    "TCP": "0",
    "InterfaceIP": "192.168.1.36",
    "Source": "192.168.1.7",
    "RD": "1",
    "QNAME": "prod.detectportal.prod.cloudops.mozgcp.net.",
    "QTYPE": "1",
    "Port": "56243",
    "XID": "1476",
    "BufferSize": "42",
    "PacketData": "0x05C4818000010002000000000C646574656374706F7274616C0766697265666F7803636F6D0000010001",
    "EventReceivedTime": "2021-09-16T20:11:40.290719-07:00",
    "SourceModuleName": "dnsserver",
    "SourceModuleType": "im_etw",
    "HostIP": "192.168.1.36"
  },
