  {
    "SourceName": "Microsoft-Windows-DNSServer",
    "ProviderGuid": "{EB79061A-A566-4698-9119-3ED2807060E7}",
    "EventID": 261,
    "Version": 0,
    "ChannelID": 16,
    "OpcodeValue": 0,
    "TaskValue": 2,
    "Keywords": "9223372036854775840",
    "EventTime": "2021-09-16T20:17:37.830177-07:00",
    "ExecutionProcessID": 2080,
    "ExecutionThreadID": 2940,
    "EventType": "INFO",
    "SeverityValue": 2,
    "Severity": "INFO",
    "Hostname": "WIN-93NOI1UVL29",
    "Domain": "NT AUTHORITY",
    "AccountName": "SYSTEM",
    "UserID": "S-1-5-18",
    "AccountType": "User",
    "Flags": "33824",
    "TCP": "0",
    "Source": "205.251.193.165",
    "InterfaceIP": "0.0.0.0",
    "AA": "1",
    "AD": "1",
    "QNAME": "github.com.",
    "QTYPE": "28",
    "XID": "7921",
    "RecursionDepth": "1",
    "Port": "0",
    "RecursionScope": ".",
    "CacheScope": "Default",
    "BufferSize": "123",
    "PacketData": "0x1EF1842000010000000100010667697468756203636F6D00001C0001C00C00060001000003840048076E732D3137303709617773646E732D323102636F02756B0011617773646E732D686F73746D617374657206616D617A6F6EC0130000000100001C200000038400127500000151800000291000000080000000",
    "AdditionalInfo": ".",
    "GUID": "{2A608162-A2F0-45B2-8A2B-7A740737C50C}",
    "EventReceivedTime": "2021-09-16T20:17:38.346617-07:00",
    "SourceModuleName": "dnsserver",
    "SourceModuleType": "im_etw",
    "HostIP": "192.168.1.36"
  },
  {
    "SourceName": "Microsoft-Windows-DNSServer",
    "ProviderGuid": "{EB79061A-A566-4698-9119-3ED2807060E7}",
    "EventID": 257,
    "Version": 0,
    "ChannelID": 16,
    "OpcodeValue": 0,
    "TaskValue": 1,
    "Keywords": "9223372036854775810",
    "EventTime": "2021-09-16T20:17:37.830383-07:00",
    "ExecutionProcessID": 2080,
    "ExecutionThreadID": 2940,
    "EventType": "INFO",
    "SeverityValue": 2,
    "Severity": "INFO",
    "Hostname": "WIN-93NOI1UVL29",
    "Domain": "NT AUTHORITY",
    "AccountName": "SYSTEM",
    "UserID": "S-1-5-18",
    "AccountType": "User",
    "Flags": "33152",
    "TCP": "0",
    "InterfaceIP": "192.168.1.36",
    "Destination": "192.168.1.7",
    "AA": "0",
    "AD": "0",
    "QNAME": "github.com.",
    "QTYPE": "28",
    "XID": "55640",
    "DNSSEC": "0",
    "RCODE": "0",
    "Port": "39005",
    "Scope": "Default",
    "Zone": "..Cache",
    "PolicyName": "NULL",
    "BufferSize": "112",
    "PacketData": "0xD958818000010000000100000667697468756203636F6D00001C0001C00C00060001000003840048076E732D3137303709617773646E732D323102636F02756B0011617773646E732D686F73746D617374657206616D617A6F6EC0130000000100001C20000003840012750000015180",
    "AdditionalInfo": "VirtualizationInstance:.",
    "ElapsedTime": "22",
    "GUID": "{2A608162-A2F0-45B2-8A2B-7A740737C50C}",
    "EventReceivedTime": "2021-09-16T20:17:38.346617-07:00",
    "SourceModuleName": "dnsserver",
    "SourceModuleType": "im_etw",
    "HostIP": "192.168.1.36"
  },
  {
    "SourceName": "Microsoft-Windows-DNSServer",
    "ProviderGuid": "{EB79061A-A566-4698-9119-3ED2807060E7}",
    "EventID": 256,
    "Version": 0,
    "ChannelID": 16,
    "OpcodeValue": 0,
    "TaskValue": 1,
    "Keywords": "9223372036854775809",
    "EventTime": "2021-09-16T20:17:44.086437-07:00",
    "ExecutionProcessID": 2080,
    "ExecutionThreadID": 2940,
    "EventType": "INFO",
    "SeverityValue": 2,
    "Severity": "INFO",
    "Hostname": "WIN-93NOI1UVL29",
    "Domain": "NT AUTHORITY",
    "AccountName": "SYSTEM",
    "UserID": "S-1-5-18",
    "AccountType": "User",
    "Flags": "256",
    "TCP": "0",
    "InterfaceIP": "192.168.1.36",
    "Source": "192.168.1.7",
    "RD": "1",
    "QNAME": "gitlab.com.",
    "QTYPE": "1",
    "XID": "6988",
    "Port": "58481",
    "BufferSize": "28",
    "PacketData": "0x1B4C01000001000000000000066769746C616203636F6D0000010001",
    "AdditionalInfo": ".",
    "GUID": "{4E545316-8DD0-4F68-967C-A61B7B44E030}",
    "EventReceivedTime": "2021-09-16T20:17:45.094868-07:00",
    "SourceModuleName": "dnsserver",
    "SourceModuleType": "im_etw",
    "HostIP": "192.168.1.36"
  },
  {
    "SourceName": "Microsoft-Windows-DNSServer",
    "ProviderGuid": "{EB79061A-A566-4698-9119-3ED2807060E7}",
    "EventID": 260,
    "Version": 0,
    "ChannelID": 16,
    "OpcodeValue": 0,
    "TaskValue": 2,
    "Keywords": "9223372036854775824",
    "EventTime": "2021-09-16T20:17:44.086605-07:00",
    "ExecutionProcessID": 2080,
    "ExecutionThreadID": 2940,
    "EventType": "INFO",
    "SeverityValue": 2,
    "Severity": "INFO",
    "Hostname": "WIN-93NOI1UVL29",
    "Domain": "NT AUTHORITY",
    "AccountName": "SYSTEM",
    "UserID": "S-1-5-18",
    "AccountType": "User",
    "Flags": "0",
    "TCP": "0",
    "Destination": "2001:503:231d::2:30",
    "InterfaceIP": "::",
    "RD": "0",
    "QNAME": "gitlab.com.",
    "QTYPE": "1",
    "QXID": "6988",
    "XID": "17703",
    "Port": "0",
    "RecursionScope": ".",
    "CacheScope": "Default",
    "PolicyName": "NULL",
    "BufferSize": "39",
    "PacketData": "0x452700000001000000000001066769746C616203636F6D00000100010000290FA0000080000000",
    "AdditionalInfo": ".",
    "GUID": "{4E545316-8DD0-4F68-967C-A61B7B44E030}",
    "EventReceivedTime": "2021-09-16T20:17:45.094868-07:00",
    "SourceModuleName": "dnsserver",
    "SourceModuleType": "im_etw",
    "HostIP": "192.168.1.36"
  },
  {
    "SourceName": "Microsoft-Windows-DNSServer",
    "ProviderGuid": "{EB79061A-A566-4698-9119-3ED2807060E7}",
    "EventID": 261,
    "Version": 0,
    "ChannelID": 16,
    "OpcodeValue": 0,
    "TaskValue": 2,
    "Keywords": "9223372036854775840",
    "EventTime": "2021-09-16T20:17:44.339079-07:00",
    "ExecutionProcessID": 2080,
    "ExecutionThreadID": 2940,
    "EventType": "INFO",
    "SeverityValue": 2,
    "Severity": "INFO",
    "Hostname": "WIN-93NOI1UVL29",
    "Domain": "NT AUTHORITY",
    "AccountName": "SYSTEM",
    "UserID": "S-1-5-18",
    "AccountType": "User",
    "Flags": "32768",
    "TCP": "0",
    "Source": "2001:503:231d::2:30",
    "InterfaceIP": "::",
    "AA": "0",
    "AD": "0",
    "QNAME": "gitlab.com.",
    "QTYPE": "1",
    "XID": "17703",
    "RecursionDepth": "1",
    "Port": "0",
    "RecursionScope": ".",
    "CacheScope": "Default",
    "BufferSize": "908",
    "PacketData": "0x45278000000100000006000D066769746C616203636F6D0000010001C00C000200010002A30000150464697661026E730A636C6F7564666C617265C013C00C000200010002A300000B086A65726D61696E65C02D20434B30504F4A4D473837344C4A5245463745464E38343330515649543842534DC013003200010001518000230101000000146501A0C25720EE156F6C4E39636B3ADA0312D92A000722000000000290C054002E00010001518000B7003208020001518061495E696140138199AF03636F6D0073D49C969AD112E1F52C00137560047BE57A0C63D266917DED0C9A551F1942FF5A835C70F318B7C1EC6363C09CA90BC736EB8345EA6F090394D2675E2DD1E0CEC5ED70EADAD937CA6CC54F1A48BA6BE6ED4985DC52360CD72D6C33AB6A67D91A22530A0F796FA8CD809D5DFD4EDA95D33C8A5BF1A724B9CB9248BFE875C054CB318444F00A1E1D5AE0EB39B04D9810FF639A4962C6AEB971DC01E12935F5E655205048474737364B493948544450544C343244504D374C31555448413544464430C01300320001000151800022010100000014CC6113A97E477AE513E1C5E6C32806565F7746530006200000000012C167002E00010001518000B7003208020001518061496D2C6140224499AF03636F6D007151540D3BC7B5A1D2393F76F00C155BF8B9B51051534746A79F584C78D8236B2C178FD470D98C077087F33C813437942B79E928C86AD5ADA503C2FB3AA7EBA609BDD558AEE10E5FEC8B4E6CACF8512A39C63D47A26DEBB04B382733AC81DFAE7E4C3D66519054D1D9623282F3AB94D8844BD72FB8DCFB9B771B23A858C1249FA6BB5D8F2639946D8CFCA5A60F7BA742464B4F0BA9EBF73F1EFE0EB152B09D11C028000100010002A30000046CA2C061C028000100010002A3000004AC402061C028000100010002A3000004ADF53A61C028001C00010002A3000010260647000050000000000000ADF53A61C028001C00010002A30000102803F80000500000000000006CA2C061C028001C00010002A30000102A0698C10050000000000000AC402061C049000100010002A30000046CA2C39DC049000100010002A3000004A29F2C9DC049000100010002A3000004AC40239DC049001C00010002A3000010260647000058000000000000A29F2C9DC049001C00010002A30000102803F80000500000000000006CA2C39DC049001C00010002A30000102A0698C10050000000000000AC40239D0000291000000080000000",
    "AdditionalInfo": ".",
    "GUID": "{4E545316-8DD0-4F68-967C-A61B7B44E030}",
    "EventReceivedTime": "2021-09-16T20:17:45.110742-07:00",
    "SourceModuleName": "dnsserver",
    "SourceModuleType": "im_etw",
    "HostIP": "192.168.1.36"
  },
  {
    "SourceName": "Microsoft-Windows-DNSServer",
    "ProviderGuid": "{EB79061A-A566-4698-9119-3ED2807060E7}",
    "EventID": 260,
    "Version": 0,
    "ChannelID": 16,
    "OpcodeValue": 0,
    "TaskValue": 2,
    "Keywords": "9223372036854775824",
    "EventTime": "2021-09-16T20:17:44.339315-07:00",
    "ExecutionProcessID": 2080,
    "ExecutionThreadID": 2940,
    "EventType": "INFO",
    "SeverityValue": 2,
    "Severity": "INFO",
    "Hostname": "WIN-93NOI1UVL29",
    "Domain": "NT AUTHORITY",
    "AccountName": "SYSTEM",
    "UserID": "S-1-5-18",
    "AccountType": "User",
    "Flags": "0",
    "TCP": "0",
    "Destination": "2606:4700:58::a29f:2c9d",
    "InterfaceIP": "::",
    "RD": "0",
    "QNAME": "gitlab.com.",
    "QTYPE": "1",
    "QXID": "6988",
    "XID": "49812",
    "Port": "0",
    "RecursionScope": ".",
    "CacheScope": "Default",
    "PolicyName": "NULL",
    "BufferSize": "39",
    "PacketData": "0xC29400000001000000000001066769746C616203636F6D00000100010000290FA0000080000000",
    "AdditionalInfo": ".",
    "GUID": "{4E545316-8DD0-4F68-967C-A61B7B44E030}",
    "EventReceivedTime": "2021-09-16T20:17:45.110742-07:00",
    "SourceModuleName": "dnsserver",
    "SourceModuleType": "im_etw",
    "HostIP": "192.168.1.36"
  },
  {
    "SourceName": "Microsoft-Windows-DNSServer",
    "ProviderGuid": "{EB79061A-A566-4698-9119-3ED2807060E7}",
    "EventID": 261,
    "Version": 0,
    "ChannelID": 16,
    "OpcodeValue": 0,
    "TaskValue": 2,
    "Keywords": "9223372036854775840",
    "EventTime": "2021-09-16T20:17:44.351276-07:00",
    "ExecutionProcessID": 2080,
    "ExecutionThreadID": 2940,
    "EventType": "INFO",
    "SeverityValue": 2,
    "Severity": "INFO",
    "Hostname": "WIN-93NOI1UVL29",
    "Domain": "NT AUTHORITY",
    "AccountName": "SYSTEM",
    "UserID": "S-1-5-18",
    "AccountType": "User",
    "Flags": "33792",
    "TCP": "0",
    "Source": "2606:4700:58::a29f:2c9d",
    "InterfaceIP": "::",
    "AA": "1",
    "AD": "0",
    "QNAME": "gitlab.com.",
    "QTYPE": "1",
    "XID": "49812",
    "RecursionDepth": "2",
    "Port": "0",
    "RecursionScope": ".",
    "CacheScope": "Default",
    "BufferSize": "55",
    "PacketData": "0xC29484000001000100000001066769746C616203636F6D0000010001C00C000100010000012C0004AC41FB4E00002904D0000080000000",
    "AdditionalInfo": ".",
    "GUID": "{4E545316-8DD0-4F68-967C-A61B7B44E030}",
    "EventReceivedTime": "2021-09-16T20:17:45.110742-07:00",
    "SourceModuleName": "dnsserver",
    "SourceModuleType": "im_etw",
    "HostIP": "192.168.1.36"
  },
  {
    "SourceName": "Microsoft-Windows-DNSServer",
    "ProviderGuid": "{EB79061A-A566-4698-9119-3ED2807060E7}",
    "EventID": 257,
    "Version": 0,
    "ChannelID": 16,
    "OpcodeValue": 0,
    "TaskValue": 1,
    "Keywords": "9223372036854775810",
    "EventTime": "2021-09-16T20:17:44.351342-07:00",
    "ExecutionProcessID": 2080,
    "ExecutionThreadID": 2940,
    "EventType": "INFO",
    "SeverityValue": 2,
    "Severity": "INFO",
    "Hostname": "WIN-93NOI1UVL29",
    "Domain": "NT AUTHORITY",
    "AccountName": "SYSTEM",
    "UserID": "S-1-5-18",
    "AccountType": "User",
    "Flags": "33152",
    "TCP": "0",
    "InterfaceIP": "192.168.1.36",
    "Destination": "192.168.1.7",
    "AA": "0",
    "AD": "0",
    "QNAME": "gitlab.com.",
    "QTYPE": "1",
    "XID": "6988",
    "DNSSEC": "0",
    "RCODE": "0",
    "Port": "58481",
    "Scope": "Default",
    "Zone": "..Cache",
    "PolicyName": "NULL",
    "BufferSize": "44",
    "PacketData": "0x1B4C81800001000100000000066769746C616203636F6D0000010001C00C000100010000012B0004AC41FB4E",
    "AdditionalInfo": "VirtualizationInstance:.",
    "ElapsedTime": "265",
    "GUID": "{4E545316-8DD0-4F68-967C-A61B7B44E030}",
    "EventReceivedTime": "2021-09-16T20:17:45.110742-07:00",
    "SourceModuleName": "dnsserver",
    "SourceModuleType": "im_etw",
    "HostIP": "192.168.1.36"
  },
  {
    "SourceName": "Microsoft-Windows-DNSServer",
    "ProviderGuid": "{EB79061A-A566-4698-9119-3ED2807060E7}",
    "EventID": 256,
    "Version": 0,
    "ChannelID": 16,
    "OpcodeValue": 0,
    "TaskValue": 1,
    "Keywords": "9223372036854775809",
    "EventTime": "2021-09-16T20:17:44.352069-07:00",
    "ExecutionProcessID": 2080,
    "ExecutionThreadID": 2940,
    "EventType": "INFO",
    "SeverityValue": 2,
    "Severity": "INFO",
    "Hostname": "WIN-93NOI1UVL29",
    "Domain": "NT AUTHORITY",
    "AccountName": "SYSTEM",
    "UserID": "S-1-5-18",
    "AccountType": "User",
    "Flags": "256",
    "TCP": "0",
    "InterfaceIP": "192.168.1.36",
    "Source": "192.168.1.7",
    "RD": "1",
    "QNAME": "gitlab.com.",
    "QTYPE": "28",
    "XID": "40285",
    "Port": "51166",
    "BufferSize": "28",
    "PacketData": "0x9D5D01000001000000000000066769746C616203636F6D00001C0001",
    "AdditionalInfo": ".",
    "GUID": "{A49A5641-A27E-41E7-AFFF-6C09997FE5FB}",
    "EventReceivedTime": "2021-09-16T20:17:45.110742-07:00",
    "SourceModuleName": "dnsserver",
    "SourceModuleType": "im_etw",
    "HostIP": "192.168.1.36"
  },
  {
    "SourceName": "Microsoft-Windows-DNSServer",
    "ProviderGuid": "{EB79061A-A566-4698-9119-3ED2807060E7}",
    "EventID": 260,
    "Version": 0,
    "ChannelID": 16,
    "OpcodeValue": 0,
    "TaskValue": 2,
    "Keywords": "9223372036854775824",
    "EventTime": "2021-09-16T20:17:44.352195-07:00",
    "ExecutionProcessID": 2080,
    "ExecutionThreadID": 2940,
    "EventType": "INFO",
    "SeverityValue": 2,
    "Severity": "INFO",
    "Hostname": "WIN-93NOI1UVL29",
    "Domain": "NT AUTHORITY",
    "AccountName": "SYSTEM",
    "UserID": "S-1-5-18",
    "AccountType": "User",
    "Flags": "0",
    "TCP": "0",
    "Destination": "2803:f800:50::6ca2:c39d",
    "InterfaceIP": "::",
    "RD": "0",
    "QNAME": "gitlab.com.",
    "QTYPE": "28",
    "QXID": "40285",
    "XID": "53891",
    "Port": "0",
    "RecursionScope": ".",
    "CacheScope": "Default",
    "PolicyName": "NULL",
    "BufferSize": "39",
    "PacketData": "0xD28300000001000000000001066769746C616203636F6D00001C00010000290FA0000080000000",
    "AdditionalInfo": ".",
    "GUID": "{A49A5641-A27E-41E7-AFFF-6C09997FE5FB}",
    "EventReceivedTime": "2021-09-16T20:17:45.110742-07:00",
    "SourceModuleName": "dnsserver",
    "SourceModuleType": "im_etw",
    "HostIP": "192.168.1.36"
  },
  {
    "SourceName": "Microsoft-Windows-DNSServer",
    "ProviderGuid": "{EB79061A-A566-4698-9119-3ED2807060E7}",
    "EventID": 261,
    "Version": 0,
    "ChannelID": 16,
    "OpcodeValue": 0,
    "TaskValue": 2,
    "Keywords": "9223372036854775840",
    "EventTime": "2021-09-16T20:17:44.362421-07:00",
    "ExecutionProcessID": 2080,
    "ExecutionThreadID": 2940,
    "EventType": "INFO",
    "SeverityValue": 2,
    "Severity": "INFO",
    "Hostname": "WIN-93NOI1UVL29",
    "Domain": "NT AUTHORITY",
    "AccountName": "SYSTEM",
    "UserID": "S-1-5-18",
    "AccountType": "User",
    "Flags": "33792",
    "TCP": "0",
    "Source": "2803:f800:50::6ca2:c39d",
    "InterfaceIP": "::",
    "AA": "1",
    "AD": "0",
    "QNAME": "gitlab.com.",
    "QTYPE": "28",
    "XID": "53891",
    "RecursionDepth": "1",
    "Port": "0",
    "RecursionScope": ".",
    "CacheScope": "Default",
    "BufferSize": "67",
    "PacketData": "0xD28384000001000100000001066769746C616203636F6D00001C0001C00C001C00010000012C00102606470000900000F22EFBEC5BEDA9B900002904D0000080000000",
    "AdditionalInfo": ".",
    "GUID": "{A49A5641-A27E-41E7-AFFF-6C09997FE5FB}",
    "EventReceivedTime": "2021-09-16T20:17:45.110742-07:00",
    "SourceModuleName": "dnsserver",
    "SourceModuleType": "im_etw",
    "HostIP": "192.168.1.36"
  },
  {
    "SourceName": "Microsoft-Windows-DNSServer",
    "ProviderGuid": "{EB79061A-A566-4698-9119-3ED2807060E7}",
    "EventID": 257,
    "Version": 0,
    "ChannelID": 16,
    "OpcodeValue": 0,
    "TaskValue": 1,
    "Keywords": "9223372036854775810",
    "EventTime": "2021-09-16T20:17:44.362684-07:00",
    "ExecutionProcessID": 2080,
    "ExecutionThreadID": 2940,
    "EventType": "INFO",
    "SeverityValue": 2,
    "Severity": "INFO",
    "Hostname": "WIN-93NOI1UVL29",
    "Domain": "NT AUTHORITY",
    "AccountName": "SYSTEM",
    "UserID": "S-1-5-18",
    "AccountType": "User",
    "Flags": "33152",
    "TCP": "0",
    "InterfaceIP": "192.168.1.36",
    "Destination": "192.168.1.7",
    "AA": "0",
    "AD": "0",
    "QNAME": "gitlab.com.",
    "QTYPE": "28",
    "XID": "40285",
    "DNSSEC": "0",
    "RCODE": "0",
    "Port": "51166",
    "Scope": "Default",
    "Zone": "..Cache",
    "PolicyName": "NULL",
    "BufferSize": "56",
    "PacketData": "0x9D5D81800001000100000000066769746C616203636F6D00001C0001C00C001C00010000012C00102606470000900000F22EFBEC5BEDA9B9",
    "AdditionalInfo": "VirtualizationInstance:.",
    "ElapsedTime": "11",
    "GUID": "{A49A5641-A27E-41E7-AFFF-6C09997FE5FB}",
    "EventReceivedTime": "2021-09-16T20:17:45.110742-07:00",
    "SourceModuleName": "dnsserver",
    "SourceModuleType": "im_etw",
    "HostIP": "192.168.1.36"
  }
]