  {
    "SourceName": "Microsoft-Windows-DNSServer",
    "ProviderGuid": "{EB79061A-A566-4698-9119-3ED2807060E7}",
    "EventID": 257,
    "Version": 0,
    "ChannelID": 16,
    "OpcodeValue": 0,
    "TaskValue": 1,
    "Keywords": "9223372036854775810",
    "EventTime": "2021-09-16T20:10:52.417830-07:00",
    "ExecutionProcessID": 2080,
    "ExecutionThreadID": 2940,
    "EventType": "INFO",
    "SeverityValue": 2,
    "Severity": "INFO",
    "Hostname": "WIN-93NOI1UVL29",
    "Domain": "NT AUTHORITY",
    "AccountName": "SYSTEM",
    "UserID": "S-1-5-18",
    "AccountType": "User",
    "Flags": "34179",
    "TCP": "0",
    "InterfaceIP": "192.168.1.36",
    "Destination": "192.168.1.7",
    "AA": "1",
    "AD": "0",
    "QNAME": "nxlogmgr.example.com.",
    "QTYPE": "28",
    "XID": "33336",
    "DNSSEC": "0",
    "RCODE": "3",
    "Port": "44127",
    "Scope": "Default",
    "Zone": "example.com",
    "PolicyName": "NULL",
    "BufferSize": "110",
    "PacketData": "0x823885830001000000010000086E786C6F676D6772076578616D706C6503636F6D00001C0001076578616D706C6503636F6D000006000100000E1000310F77696E2D39336E6F693175766C3239000A686F73746D6173746572000000001500000384000002580001518000000E10",
    "AdditionalInfo": "VirtualizationInstance:.",
    "ElapsedTime": "0",
    "GUID": "{1C0A86C3-6144-41E8-B9E1-47A09E18054D}",
    "EventReceivedTime": "2021-09-16T20:10:53.384883-07:00",
    "SourceModuleName": "dnsserver",
    "SourceModuleType": "im_etw",
    "HostIP": "192.168.1.36"
  },
  {
    "SourceName": "Microsoft-Windows-DNSServer",
    "ProviderGuid": "{EB79061A-A566-4698-9119-3ED2807060E7}",
    "EventID": 256,
    "Version": 0,
    "ChannelID": 16,
    "OpcodeValue": 0,
    "TaskValue": 1,
    "Keywords": "9223372036854775809",
    "EventTime": "2021-09-16T20:10:52.417871-07:00",
    "ExecutionProcessID": 2080,
    "ExecutionThreadID": 2940,
    "EventType": "INFO",
    "SeverityValue": 2,
    "Severity": "INFO",
    "Hostname": "WIN-93NOI1UVL29",
    "Domain": "NT AUTHORITY",
    "AccountName": "SYSTEM",
    "UserID": "S-1-5-18",
    "AccountType": "User",
    "Flags": "256",
    "TCP": "0",
    "InterfaceIP": "192.168.1.36",
    "Source": "192.168.1.7",
    "RD": "1",
    "QNAME": "nxlogmgr.",
    "QTYPE": "1",
    "XID": "62944",
    "Port": "57107",
    "BufferSize": "26",
    "PacketData": "0xF5E001000001000000000000086E786C6F676D67720000010001",
    "AdditionalInfo": ".",
    "GUID": "{9A31D957-37CE-457E-8827-B286CFE7B492}",
    "EventReceivedTime": "2021-09-16T20:10:53.384883-07:00",
    "SourceModuleName": "dnsserver",
    "SourceModuleType": "im_etw",
    "HostIP": "192.168.1.36"
  },
  {
    "SourceName": "Microsoft-Windows-DNSServer",
    "ProviderGuid": "{EB79061A-A566-4698-9119-3ED2807060E7}",
    "EventID": 258,
    "Version": 0,
    "ChannelID": 16,
    "OpcodeValue": 0,
    "TaskValue": 1,
    "Keywords": "9223372036854775812",
    "EventTime": "2021-09-16T20:10:52.417940-07:00",
    "ExecutionProcessID": 2080,
    "ExecutionThreadID": 2940,
    "EventType": "ERROR",
    "SeverityValue": 4,
    "Severity": "ERROR",
    "Hostname": "WIN-93NOI1UVL29",
    "Domain": "NT AUTHORITY",
    "AccountName": "SYSTEM",
    "UserID": "S-1-5-18",
    "AccountType": "User",
    "Flags": "33154",
    "TCP": "0",
    "InterfaceIP": "192.168.1.36",
    "Reason": "Single Label",
    "Destination": "192.168.1.7",
    "QNAME": "nxlogmgr.",
    "QTYPE": "1",
    "XID": "62944",
    "RCODE": "2",
    "Port": "57107",
    "Zone": "..Cache",
    "PolicyName": "NULL",
    "BufferSize": "26",
    "PacketData": "0xF5E081820001000000000000086E786C6F676D67720000010001",
    "AdditionalInfo": ".",
    "ElapsedTime": "0",
    "GUID": "{9A31D957-37CE-457E-8827-B286CFE7B492}",
    "EventReceivedTime": "2021-09-16T20:10:53.384883-07:00",
    "SourceModuleName": "dnsserver",
    "SourceModuleType": "im_etw",
    "HostIP": "192.168.1.36"
  },
  {
    "SourceName": "Microsoft-Windows-DNSServer",
    "ProviderGuid": "{EB79061A-A566-4698-9119-3ED2807060E7}",
    "EventID": 256,
    "Version": 0,
    "ChannelID": 16,
    "OpcodeValue": 0,
    "TaskValue": 1,
    "Keywords": "9223372036854775809",
    "EventTime": "2021-09-16T20:10:52.417954-07:00",
    "ExecutionProcessID": 2080,
    "ExecutionThreadID": 2940,
    "EventType": "INFO",
    "SeverityValue": 2,
    "Severity": "INFO",
    "Hostname": "WIN-93NOI1UVL29",
    "Domain": "NT AUTHORITY",
    "AccountName": "SYSTEM",
    "UserID": "S-1-5-18",
    "AccountType": "User",
    "Flags": "256",
    "TCP": "0",
    "InterfaceIP": "192.168.1.36",
    "Source": "192.168.1.7",
    "RD": "1",
    "QNAME": "nxlogmgr.",
    "QTYPE": "28",
    "XID": "63484",
    "Port": "57107",
    "BufferSize": "26",
    "PacketData": "0xF7FC01000001000000000000086E786C6F676D677200001C0001",
    "AdditionalInfo": ".",
    "GUID": "{03568CFE-8DAA-418B-A66D-4FD4224722D1}",
    "EventReceivedTime": "2021-09-16T20:10:53.401956-07:00",
    "SourceModuleName": "dnsserver",
    "SourceModuleType": "im_etw",
    "HostIP": "192.168.1.36"
  },
  {
    "SourceName": "Microsoft-Windows-DNSServer",
    "ProviderGuid": "{EB79061A-A566-4698-9119-3ED2807060E7}",
    "EventID": 258,
    "Version": 0,
    "ChannelID": 16,
    "OpcodeValue": 0,
    "TaskValue": 1,
    "Keywords": "9223372036854775812",
    "EventTime": "2021-09-16T20:10:52.417987-07:00",
    "ExecutionProcessID": 2080,
    "ExecutionThreadID": 2940,
    "EventType": "ERROR",
    "SeverityValue": 4,
    "Severity": "ERROR",
    "Hostname": "WIN-93NOI1UVL29",
    "Domain": "NT AUTHORITY",
    "AccountName": "SYSTEM",
    "UserID": "S-1-5-18",
    "AccountType": "User",
    "Flags": "33154",
    "TCP": "0",
    "InterfaceIP": "192.168.1.36",
    "Reason": "Single Label",
    "Destination": "192.168.1.7",
    "QNAME": "nxlogmgr.",
    "QTYPE": "28",
    "XID": "63484",
    "RCODE": "2",
    "Port": "57107",
    "Zone": "..Cache",
    "PolicyName": "NULL",
    "BufferSize": "26",
    "PacketData": "0xF7FC81820001000000000000086E786C6F676D677200001C0001",
    "AdditionalInfo": ".",
    "ElapsedTime": "1",
    "GUID": "{03568CFE-8DAA-418B-A66D-4FD4224722D1}",
    "EventReceivedTime": "2021-09-16T20:10:53.401956-07:00",
    "SourceModuleName": "dnsserver",
    "SourceModuleType": "im_etw",
    "HostIP": "192.168.1.36"
  },
  {
    "SourceName": "Microsoft-Windows-DNSServer",
    "ProviderGuid": "{EB79061A-A566-4698-9119-3ED2807060E7}",
    "EventID": 256,
    "Version": 0,
    "ChannelID": 16,
    "OpcodeValue": 0,
    "TaskValue": 1,
    "Keywords": "9223372036854775809",
    "EventTime": "2021-09-16T20:10:52.440529-07:00",
    "ExecutionProcessID": 2080,
    "ExecutionThreadID": 2940,
    "EventType": "INFO",
    "SeverityValue": 2,
    "Severity": "INFO",
    "Hostname": "WIN-93NOI1UVL29",
    "Domain": "NT AUTHORITY",
    "AccountName": "SYSTEM",
    "UserID": "S-1-5-18",
    "AccountType": "User",
    "Flags": "256",
    "TCP": "0",
    "InterfaceIP": "192.168.1.36",
    "Source": "192.168.1.7",
    "RD": "1",
    "QNAME": "raijin-1.example.com.",
    "QTYPE": "1",
    "XID": "49523",
    "Port": "60864",
    "BufferSize": "38",
    "PacketData": "0xC17301000001000000000000087261696A696E2D31076578616D706C6503636F6D0000010001",
    "AdditionalInfo": ".",
    "GUID": "{5154885D-8F35-4BBD-9B5A-3AEF03DF2209}",
    "EventReceivedTime": "2021-09-16T20:10:53.401956-07:00",
    "SourceModuleName": "dnsserver",
    "SourceModuleType": "im_etw",
    "HostIP": "192.168.1.36"
  },
  {
    "SourceName": "Microsoft-Windows-DNSServer",
    "ProviderGuid": "{EB79061A-A566-4698-9119-3ED2807060E7}",
    "EventID": 279,
    "Version": 0,
    "ChannelID": 16,
    "OpcodeValue": 0,
    "TaskValue": 1,
    "Keywords": "9223372071214514176",
    "EventTime": "2021-09-16T20:10:52.440551-07:00",
    "ExecutionProcessID": 2080,
    "ExecutionThreadID": 2940,
    "EventType": "INFO",
    "SeverityValue": 2,
    "Severity": "INFO",
    "Hostname": "WIN-93NOI1UVL29",
    "Domain": "NT AUTHORITY",
    "AccountName": "SYSTEM",
    "UserID": "S-1-5-18",
    "AccountType": "User",
    "Flags": "34176",
    "TCP": "0",
    "InterfaceIP": "192.168.1.36",
    "Source": "192.168.1.7",
    "RD": "1",
    "QNAME": "u20server-2.example.com.",
    "QTYPE": "1",
    "Port": "60864",
    "XID": "49523",
    "BufferSize": "38",
    "PacketData": "0xC17385800001000100000000087261696A696E2D31076578616D706C6503636F6D0000010001",
    "EventReceivedTime": "2021-09-16T20:10:53.401956-07:00",
    "SourceModuleName": "dnsserver",
    "SourceModuleType": "im_etw",
    "HostIP": "192.168.1.36"
  },
  {
    "SourceName": "Microsoft-Windows-DNSServer",
    "ProviderGuid": "{EB79061A-A566-4698-9119-3ED2807060E7}",
    "EventID": 257,
    "Version": 0,
    "ChannelID": 16,
    "OpcodeValue": 0,
    "TaskValue": 1,
    "Keywords": "9223372036854775810",
    "EventTime": "2021-09-16T20:10:52.440604-07:00",
    "ExecutionProcessID": 2080,
    "ExecutionThreadID": 2940,
    "EventType": "INFO",
    "SeverityValue": 2,
    "Severity": "INFO",
    "Hostname": "WIN-93NOI1UVL29",
    "Domain": "NT AUTHORITY",
    "AccountName": "SYSTEM",
    "UserID": "S-1-5-18",
    "AccountType": "User",
    "Flags": "34176",
    "TCP": "0",
    "InterfaceIP": "192.168.1.36",
    "Destination": "192.168.1.7",
    "AA": "1",
    "AD": "0",
    "QNAME": "raijin-1.example.com.",
    "QTYPE": "1",
    "XID": "49523",
    "DNSSEC": "0",
    "RCODE": "0",
    "Port": "60864",
    "Scope": "Default",
    "Zone": "example.com",
    "PolicyName": "NULL",
    "BufferSize": "80",
    "PacketData": "0xC17385800001000200000000087261696A696E2D31076578616D706C6503636F6D0000010001C00C0005000100000E10000E0B7532307365727665722D32C015C0320001000100000E100004C0A80151",
    "AdditionalInfo": "VirtualizationInstance:.",
    "ElapsedTime": "0",
    "GUID": "{5154885D-8F35-4BBD-9B5A-3AEF03DF2209}",
    "EventReceivedTime": "2021-09-16T20:10:53.401956-07:00",
    "SourceModuleName": "dnsserver",
    "SourceModuleType": "im_etw",
    "HostIP": "192.168.1.36"
  },
  {
    "SourceName": "Microsoft-Windows-DNSServer",
    "ProviderGuid": "{EB79061A-A566-4698-9119-3ED2807060E7}",
    "EventID": 256,
    "Version": 0,
    "ChannelID": 16,
    "OpcodeValue": 0,
    "TaskValue": 1,
    "Keywords": "9223372036854775809",
    "EventTime": "2021-09-16T20:10:52.440619-07:00",
    "ExecutionProcessID": 2080,
    "ExecutionThreadID": 2940,
    "EventType": "INFO",
    "SeverityValue": 2,
    "Severity": "INFO",
    "Hostname": "WIN-93NOI1UVL29",
    "Domain": "NT AUTHORITY",
    "AccountName": "SYSTEM",
    "UserID": "S-1-5-18",
    "AccountType": "User",
    "Flags": "256",
    "TCP": "0",
    "InterfaceIP": "192.168.1.36",
    "Source": "192.168.1.7",
    "RD": "1",
    "QNAME": "raijin-1.example.com.",
    "QTYPE": "28",
    "XID": "61046",
    "Port": "60864",
    "BufferSize": "38",
    "PacketData": "0xEE7601000001000000000000087261696A696E2D31076578616D706C6503636F6D00001C0001",
    "AdditionalInfo": ".",
    "GUID": "{07390103-7029-491F-A79E-432810236E6A}",
    "EventReceivedTime": "2021-09-16T20:10:53.401956-07:00",
    "SourceModuleName": "dnsserver",
    "SourceModuleType": "im_etw",
    "HostIP": "192.168.1.36"
  },
  {
    "SourceName": "Microsoft-Windows-DNSServer",
    "ProviderGuid": "{EB79061A-A566-4698-9119-3ED2807060E7}",
    "EventID": 279,
    "Version": 0,
    "ChannelID": 16,
    "OpcodeValue": 0,
    "TaskValue": 1,
    "Keywords": "9223372071214514176",
    "EventTime": "2021-09-16T20:10:52.440627-07:00",
    "ExecutionProcessID": 2080,
    "ExecutionThreadID": 2940,
    "EventType": "INFO",
    "SeverityValue": 2,
    "Severity": "INFO",
    "Hostname": "WIN-93NOI1UVL29",
    "Domain": "NT AUTHORITY",
    "AccountName": "SYSTEM",
    "UserID": "S-1-5-18",
    "AccountType": "User",
    "Flags": "34176",
    "TCP": "0",
    "InterfaceIP": "192.168.1.36",
    "Source": "192.168.1.7",
    "RD": "1",
    "QNAME": "u20server-2.example.com.",
    "QTYPE": "28",
    "Port": "60864",
    "XID": "61046",
    "BufferSize": "38",
    "PacketData": "0xEE7685800001000100000000087261696A696E2D31076578616D706C6503636F6D00001C0001",
    "EventReceivedTime": "2021-09-16T20:10:53.401956-07:00",
    "SourceModuleName": "dnsserver",
    "SourceModuleType": "im_etw",
    "HostIP": "192.168.1.36"
  },
  {
    "SourceName": "Microsoft-Windows-DNSServer",
    "ProviderGuid": "{EB79061A-A566-4698-9119-3ED2807060E7}",
    "EventID": 257,
    "Version": 0,
    "ChannelID": 16,
    "OpcodeValue": 0,
    "TaskValue": 1,
    "Keywords": "9223372036854775810",
    "EventTime": "2021-09-16T20:10:52.440655-07:00",
    "ExecutionProcessID": 2080,
    "ExecutionThreadID": 2940,
    "EventType": "INFO",
    "SeverityValue": 2,
    "Severity": "INFO",
    "Hostname": "WIN-93NOI1UVL29",
    "Domain": "NT AUTHORITY",
    "AccountName": "SYSTEM",
    "UserID": "S-1-5-18",
    "AccountType": "User",
    "Flags": "34176",
    "TCP": "0",
    "InterfaceIP": "192.168.1.36",
    "Destination": "192.168.1.7",
    "AA": "1",
    "AD": "0",
    "QNAME": "raijin-1.example.com.",
    "QTYPE": "28",
    "XID": "61046",
    "DNSSEC": "0",
    "RCODE": "0",
    "Port": "60864",
    "Scope": "Default",
    "Zone": "example.com",
    "PolicyName": "NULL",
    "BufferSize": "64",
    "PacketData": "0xEE7685800001000100000000087261696A696E2D31076578616D706C6503636F6D00001C0001C00C0005000100000E10000E0B7532307365727665722D32C015",
    "AdditionalInfo": "VirtualizationInstance:.",
    "ElapsedTime": "0",
    "GUID": "{07390103-7029-491F-A79E-432810236E6A}",
    "EventReceivedTime": "2021-09-16T20:10:53.401956-07:00",
    "SourceModuleName": "dnsserver",
    "SourceModuleType": "im_etw",
    "HostIP": "192.168.1.36"
  },
  {
    "SourceName": "Microsoft-Windows-DNSServer",
    "ProviderGuid": "{EB79061A-A566-4698-9119-3ED2807060E7}",
    "EventID": 256,
    "Version": 0,
    "ChannelID": 16,
    "OpcodeValue": 0,
    "TaskValue": 1,
    "Keywords": "9223372036854775809",
    "EventTime": "2021-09-16T20:11:18.672852-07:00",
    "ExecutionProcessID": 2080,
    "ExecutionThreadID": 2940,
    "EventType": "INFO",
    "SeverityValue": 2,
    "Severity": "INFO",
    "Hostname": "WIN-93NOI1UVL29",
    "Domain": "NT AUTHORITY",
    "AccountName": "SYSTEM",
    "UserID": "S-1-5-18",
    "AccountType": "User",
    "Flags": "256",
    "TCP": "0",
    "InterfaceIP": "192.168.1.36",
    "Source": "192.168.1.7",
    "RD": "1",
    "QNAME": "client-api.hubstaff.com.",
    "QTYPE": "1",
    "XID": "63882",
    "Port": "51008",
    "BufferSize": "41",
    "PacketData": "0xF98A010000010000000000000A636C69656E742D61706908687562737461666603636F6D0000010001",
    "AdditionalInfo": ".",
    "GUID": "{3E6FCA0F-9431-4360-B85A-BE15385C850F}",
    "EventReceivedTime": "2021-09-16T20:11:19.680986-07:00",
    "SourceModuleName": "dnsserver",
    "SourceModuleType": "im_etw",
    "HostIP": "192.168.1.36"
  },
  {
    "SourceName": "Microsoft-Windows-DNSServer",
    "ProviderGuid": "{EB79061A-A566-4698-9119-3ED2807060E7}",
    "EventID": 279,
    "Version": 0,
    "ChannelID": 16,
    "OpcodeValue": 0,
    "TaskValue": 1,
    "Keywords": "9223372071214514176",
    "EventTime": "2021-09-16T20:11:18.672886-07:00",
    "ExecutionProcessID": 2080,
    "ExecutionThreadID": 2940,
    "EventType": "INFO",
    "SeverityValue": 2,
    "Severity": "INFO",
    "Hostname": "WIN-93NOI1UVL29",
    "Domain": "NT AUTHORITY",
    "AccountName": "SYSTEM",
    "UserID": "S-1-5-18",
    "AccountType": "User",
    "Flags": "33152",
    "TCP": "0",
    "InterfaceIP": "192.168.1.36",
    "Source": "192.168.1.7",
    "RD": "1",
    "QNAME": "philosophical-bison-9vt8wzdndw3v3gp7qhq4k8x0.herokudns.com.",
    "QTYPE": "1",
    "Port": "51008",
    "XID": "63882",
    "BufferSize": "41",
    "PacketData": "0xF98A818000010001000000000A636C69656E742D61706908687562737461666603636F6D0000010001",
    "EventReceivedTime": "2021-09-16T20:11:19.680986-07:00",
    "SourceModuleName": "dnsserver",
    "SourceModuleType": "im_etw",
    "HostIP": "192.168.1.36"
  },
  {
    "SourceName": "Microsoft-Windows-DNSServer",
    "ProviderGuid": "{EB79061A-A566-4698-9119-3ED2807060E7}",
    "EventID": 260,
    "Version": 0,
    "ChannelID": 16,
    "OpcodeValue": 0,
    "TaskValue": 2,
    "Keywords": "9223372036854775824",
    "EventTime": "2021-09-16T20:11:18.672996-07:00",
    "ExecutionProcessID": 2080,
    "ExecutionThreadID": 2940,
    "EventType": "INFO",
    "SeverityValue": 2,
    "Severity": "INFO",
    "Hostname": "WIN-93NOI1UVL29",
    "Domain": "NT AUTHORITY",
    "AccountName": "SYSTEM",
    "UserID": "S-1-5-18",
    "AccountType": "User",
    "Flags": "0",
    "TCP": "0",
    "Destination": "198.51.44.5",
    "InterfaceIP": "0.0.0.0",
    "RD": "0",
    "QNAME": "philosophical-bison-9vt8wzdndw3v3gp7qhq4k8x0.herokudns.com.",
    "QTYPE": "1",
    "QXID": "63882",
    "XID": "34228",
    "Port": "0",
    "RecursionScope": ".",
    "CacheScope": "Default",
    "PolicyName": "NULL",
    "BufferSize": "87",
    "PacketData": "0x85B4000000010000000000012C7068696C6F736F70686963616C2D6269736F6E2D39767438777A646E6477337633677037716871346B387830096865726F6B75646E7303636F6D00000100010000290FA0000080000000",
    "AdditionalInfo": ".",
    "GUID": "{3E6FCA0F-9431-4360-B85A-BE15385C850F}",
    "EventReceivedTime": "2021-09-16T20:11:19.680986-07:00",
    "SourceModuleName": "dnsserver",
    "SourceModuleType": "im_etw",
    "HostIP": "192.168.1.36"
  },
  {
    "SourceName": "Microsoft-Windows-DNSServer",
    "ProviderGuid": "{EB79061A-A566-4698-9119-3ED2807060E7}",
    "EventID": 256,
    "Version": 0,
    "ChannelID": 16,
    "OpcodeValue": 0,
    "TaskValue": 1,
    "Keywords": "9223372036854775809",
    "EventTime": "2021-09-16T20:11:18.673008-07:00",
    "ExecutionProcessID": 2080,
    "ExecutionThreadID": 2940,
    "EventType": "INFO",
    "SeverityValue": 2,
    "Severity": "INFO",
    "Hostname": "WIN-93NOI1UVL29",
    "Domain": "NT AUTHORITY",
    "AccountName": "SYSTEM",
    "UserID": "S-1-5-18",
    "AccountType": "User",
    "Flags": "256",
    "TCP": "0",
    "InterfaceIP": "192.168.1.36",
    "Source": "192.168.1.7",
    "RD": "1",
    "QNAME": "client-api.hubstaff.com.",
    "QTYPE": "28",
    "XID": "62088",
    "Port": "51008",
    "BufferSize": "41",
    "PacketData": "0xF288010000010000000000000A636C69656E742D61706908687562737461666603636F6D00001C0001",
    "AdditionalInfo": ".",
    "GUID": "{9FD44C0A-6339-4676-B1E2-07FFC507135B}",
    "EventReceivedTime": "2021-09-16T20:11:19.680986-07:00",
    "SourceModuleName": "dnsserver",
    "SourceModuleType": "im_etw",
    "HostIP": "192.168.1.36"
  },
  {
    "SourceName": "Microsoft-Windows-DNSServer",
    "ProviderGuid": "{EB79061A-A566-4698-9119-3ED2807060E7}",
    "EventID": 279,
    "Version": 0,
    "ChannelID": 16,
    "OpcodeValue": 0,
    "TaskValue": 1,
    "Keywords": "9223372071214514176",
    "EventTime": "2021-09-16T20:11:18.673015-07:00",
    "ExecutionProcessID": 2080,
    "ExecutionThreadID": 2940,
    "EventType": "INFO",
    "SeverityValue": 2,
    "Severity": "INFO",
    "Hostname": "WIN-93NOI1UVL29",
    "Domain": "NT AUTHORITY",
    "AccountName": "SYSTEM",
    "UserID": "S-1-5-18",
    "AccountType": "User",
    "Flags": "33152",
    "TCP": "0",
    "InterfaceIP": "192.168.1.36",
    "Source": "192.168.1.7",
    "RD": "1",
    "QNAME": "philosophical-bison-9vt8wzdndw3v3gp7qhq4k8x0.herokudns.com.",
    "QTYPE": "28",
    "Port": "51008",
    "XID": "62088",
    "BufferSize": "41",
    "PacketData": "0xF288818000010001000000000A636C69656E742D61706908687562737461666603636F6D00001C0001",
    "EventReceivedTime": "2021-09-16T20:11:19.680986-07:00",
    "SourceModuleName": "dnsserver",
    "SourceModuleType": "im_etw",
    "HostIP": "192.168.1.36"
  },
  {
    "SourceName": "Microsoft-Windows-DNSServer",
    "ProviderGuid": "{EB79061A-A566-4698-9119-3ED2807060E7}",
    "EventID": 260,
    "Version": 0,
    "ChannelID": 16,
    "OpcodeValue": 0,
    "TaskValue": 2,
    "Keywords": "9223372036854775824",
    "EventTime": "2021-09-16T20:11:18.673015-07:00",
    "ExecutionProcessID": 2080,
    "ExecutionThreadID": 2940,
    "EventType": "INFO",
    "SeverityValue": 2,
    "Severity": "INFO",
    "Hostname": "WIN-93NOI1UVL29",
    "Domain": "NT AUTHORITY",
    "AccountName": "SYSTEM",
    "UserID": "S-1-5-18",
    "AccountType": "User",
    "Flags": "0",
    "TCP": "0",
    "Destination": "198.51.44.5",
    "InterfaceIP": "0.0.0.0",
    "RD": "0",
    "QNAME": "philosophical-bison-9vt8wzdndw3v3gp7qhq4k8x0.herokudns.com.",
    "QTYPE": "28",
    "QXID": "62088",
    "XID": "40252",
    "Port": "0",
    "RecursionScope": ".",
    "CacheScope": "Default",
    "PolicyName": "NULL",
    "BufferSize": "76",
    "PacketData": "0x9D3C000000010000000000002C7068696C6F736F70686963616C2D6269736F6E2D39767438777A646E6477337633677037716871346B387830096865726F6B75646E7303636F6D00001C0001",
    "AdditionalInfo": ".",
    "GUID": "{9FD44C0A-6339-4676-B1E2-07FFC507135B}",
    "EventReceivedTime": "2021-09-16T20:11:19.680986-07:00",
    "SourceModuleName": "dnsserver",
    "SourceModuleType": "im_etw",
    "HostIP": "192.168.1.36"
  },
  {
    "SourceName": "Microsoft-Windows-DNSServer",
    "ProviderGuid": "{EB79061A-A566-4698-9119-3ED2807060E7}",
    "EventID": 261,
    "Version": 0,
    "ChannelID": 16,
    "OpcodeValue": 0,
    "TaskValue": 2,
    "Keywords": "9223372036854775840",
    "EventTime": "2021-09-16T20:11:18.692018-07:00",
    "ExecutionProcessID": 2080,
    "ExecutionThreadID": 2940,
    "EventType": "INFO",
    "SeverityValue": 2,
    "Severity": "INFO",
    "Hostname": "WIN-93NOI1UVL29",
    "Domain": "NT AUTHORITY",
    "AccountName": "SYSTEM",
    "UserID": "S-1-5-18",
    "AccountType": "User",
    "Flags": "33792",
    "TCP": "0",
    "Source": "198.51.44.5",
    "InterfaceIP": "0.0.0.0",
    "AA": "1",
    "AD": "0",
    "QNAME": "philosophical-bison-9vt8wzdndw3v3gp7qhq4k8x0.herokudns.com.",
    "QTYPE": "1",
    "XID": "34228",
    "RecursionDepth": "1",
    "Port": "0",
    "RecursionScope": ".",
    "CacheScope": "Default",
    "BufferSize": "260",
    "PacketData": "0x85B4840000010005000000012C7068696C6F736F70686963616C2D6269736F6E2D39767438777A646E6477337633677037716871346B387830096865726F6B75646E7303636F6D0000010001C00C0001000100000002000436ED8551C00C0001000100000002000412CDDE80C00C0001000100000002000434CAA841C00C0001000100000002000436A1F12EC00C002E000100000002006100010D0300000002614558D66142B5D6AE90096865726F6B75646E7303636F6D0023A1BD6486BBCBE64929F18D041070EA64CBC40AD9F3639D185D3F1D30FE664BDB56AD56105410F660BC4235DFF16F402D5ABE9ADC137BD8F037CC8AC68B93D100002904D0000080000000",
    "AdditionalInfo": ".",
    "GUID": "{3E6FCA0F-9431-4360-B85A-BE15385C850F}",
    "EventReceivedTime": "2021-09-16T20:11:19.680986-07:00",
    "SourceModuleName": "dnsserver",
    "SourceModuleType": "im_etw",
    "HostIP": "192.168.1.36"
  },
  {
    "SourceName": "Microsoft-Windows-DNSServer",
    "ProviderGuid": "{EB79061A-A566-4698-9119-3ED2807060E7}",
    "EventID": 257,
    "Version": 0,
    "ChannelID": 16,
    "OpcodeValue": 0,
    "TaskValue": 1,
    "Keywords": "9223372036854775810",
    "EventTime": "2021-09-16T20:11:18.692115-07:00",
    "ExecutionProcessID": 2080,
    "ExecutionThreadID": 2940,
    "EventType": "INFO",
    "SeverityValue": 2,
    "Severity": "INFO",
    "Hostname": "WIN-93NOI1UVL29",
    "Domain": "NT AUTHORITY",
    "AccountName": "SYSTEM",
    "UserID": "S-1-5-18",
    "AccountType": "User",
    "Flags": "33152",
    "TCP": "0",
    "InterfaceIP": "192.168.1.36",
    "Destination": "192.168.1.7",
    "AA": "0",
    "AD": "0",
    "QNAME": "client-api.hubstaff.com.",
    "QTYPE": "1",
    "XID": "63882",
    "DNSSEC": "0",
    "RCODE": "0",
    "Port": "51008",
    "Scope": "Default",
    "Zone": "..Cache",
    "PolicyName": "NULL",
    "BufferSize": "174",
    "PacketData": "0xF98A818000010005000000000A636C69656E742D61706908687562737461666603636F6D0000010001C00C000500010000096100392C7068696C6F736F70686963616C2D6269736F6E2D39767438777A646E6477337633677037716871346B387830096865726F6B75646E73C020C0350001000100000002000436ED8551C0350001000100000002000412CDDE80C0350001000100000002000434CAA841C0350001000100000002000436A1F12E",
    "AdditionalInfo": "VirtualizationInstance:.",
    "ElapsedTime": "19",
    "GUID": "{3E6FCA0F-9431-4360-B85A-BE15385C850F}",
    "EventReceivedTime": "2021-09-16T20:11:19.680986-07:00",
    "SourceModuleName": "dnsserver",
    "SourceModuleType": "im_etw",
    "HostIP": "192.168.1.36"
  },
  {
    "SourceName": "Microsoft-Windows-DNSServer",
    "ProviderGuid": "{EB79061A-A566-4698-9119-3ED2807060E7}",
    "EventID": 261,
    "Version": 0,
    "ChannelID": 16,
    "OpcodeValue": 0,
    "TaskValue": 2,
    "Keywords": "9223372036854775840",
    "EventTime": "2021-09-16T20:11:18.693238-07:00",
    "ExecutionProcessID": 2080,
    "ExecutionThreadID": 2940,
    "EventType": "INFO",
    "SeverityValue": 2,
    "Severity": "INFO",
    "Hostname": "WIN-93NOI1UVL29",
    "Domain": "NT AUTHORITY",
    "AccountName": "SYSTEM",
    "UserID": "S-1-5-18",
    "AccountType": "User",
    "Flags": "33792",
    "TCP": "0",
    "Source": "198.51.44.5",
    "InterfaceIP": "0.0.0.0",
    "AA": "1",
    "AD": "0",
    "QNAME": "philosophical-bison-9vt8wzdndw3v3gp7qhq4k8x0.herokudns.com.",
    "QTYPE": "28",
    "XID": "40252",
    "RecursionDepth": "1",
    "Port": "0",
    "RecursionScope": ".",
    "CacheScope": "Default",
    "BufferSize": "141",
    "PacketData": "0x9D3C840000010000000100002C7068696C6F736F70686963616C2D6269736F6E2D39767438777A646E6477337633677037716871346B387830096865726F6B75646E7303636F6D00001C0001C039000600010000000A003504646E733103703035056E736F6E65036E6574000A686F73746D6173746572C061614407560000025800000384001275000000000A",
    "AdditionalInfo": ".",
    "GUID": "{9FD44C0A-6339-4676-B1E2-07FFC507135B}",
    "EventReceivedTime": "2021-09-16T20:11:19.680986-07:00",
    "SourceModuleName": "dnsserver",
    "SourceModuleType": "im_etw",
    "HostIP": "192.168.1.36"
  },
  {
    "SourceName": "Microsoft-Windows-DNSServer",
    "ProviderGuid": "{EB79061A-A566-4698-9119-3ED2807060E7}",
    "EventID": 257,
    "Version": 0,
    "ChannelID": 16,
    "OpcodeValue": 0,
    "TaskValue": 1,
    "Keywords": "9223372036854775810",
    "EventTime": "2021-09-16T20:11:18.693295-07:00",
    "ExecutionProcessID": 2080,
    "ExecutionThreadID": 2940,
    "EventType": "INFO",
    "SeverityValue": 2,
    "Severity": "INFO",
    "Hostname": "WIN-93NOI1UVL29",
    "Domain": "NT AUTHORITY",
    "AccountName": "SYSTEM",
    "UserID": "S-1-5-18",
    "AccountType": "User",
    "Flags": "33152",
    "TCP": "0",
    "InterfaceIP": "192.168.1.36",
    "Destination": "192.168.1.7",
    "AA": "0",
    "AD": "0",
    "QNAME": "client-api.hubstaff.com.",
    "QTYPE": "28",
    "XID": "62088",
    "DNSSEC": "0",
    "RCODE": "0",
    "Port": "51008",
    "Scope": "Default",
    "Zone": "..Cache",
    "PolicyName": "NULL",
    "BufferSize": "110",
    "PacketData": "0xF288818000010001000000000A636C69656E742D61706908687562737461666603636F6D00001C0001C00C000500010000096100392C7068696C6F736F70686963616C2D6269736F6E2D39767438777A646E6477337633677037716871346B387830096865726F6B75646E73C020",
    "AdditionalInfo": "VirtualizationInstance:.",
    "ElapsedTime": "20",
    "GUID": "{9FD44C0A-6339-4676-B1E2-07FFC507135B}",
    "EventReceivedTime": "2021-09-16T20:11:19.680986-07:00",
    "SourceModuleName": "dnsserver",
    "SourceModuleType": "im_etw",
    "HostIP": "192.168.1.36"
  },
  {
    "SourceName": "Microsoft-Windows-DNSServer",
    "ProviderGuid": "{EB79061A-A566-4698-9119-3ED2807060E7}",
    "EventID": 256,
    "Version": 0,
    "ChannelID": 16,
    "OpcodeValue": 0,
    "TaskValue": 1,
    "Keywords": "9223372036854775809",
    "EventTime": "2021-09-16T20:11:36.880499-07:00",
    "ExecutionProcessID": 2080,
    "ExecutionThreadID": 2940,
    "EventType": "INFO",
    "SeverityValue": 2,
    "Severity": "INFO",
    "Hostname": "WIN-93NOI1UVL29",
    "Domain": "NT AUTHORITY",
    "AccountName": "SYSTEM",
    "UserID": "S-1-5-18",
    "AccountType": "User",
    "Flags": "256",
    "TCP": "0",
    "InterfaceIP": "192.168.1.36",
    "Source": "192.168.1.7",
    "RD": "1",
    "QNAME": "mozilla.org.",
    "QTYPE": "1",
    "XID": "40604",
    "Port": "54890",
    "BufferSize": "29",
    "PacketData": "0x9E9C01000001000000000000076D6F7A696C6C61036F72670000010001",
    "AdditionalInfo": ".",
    "GUID": "{D54A3796-B9D2-460B-8F99-8B204BEA4A2D}",
    "EventReceivedTime": "2021-09-16T20:11:37.527399-07:00",
    "SourceModuleName": "dnsserver",
    "SourceModuleType": "im_etw",
    "HostIP": "192.168.1.36"
  },
  {
    "SourceName": "Microsoft-Windows-DNSServer",
    "ProviderGuid": "{EB79061A-A566-4698-9119-3ED2807060E7}",
    "EventID": 260,
    "Version": 0,
    "ChannelID": 16,
    "OpcodeValue": 0,
    "TaskValue": 2,
    "Keywords": "9223372036854775824",
    "EventTime": "2021-09-16T20:11:36.882101-07:00",
    "ExecutionProcessID": 2080,
    "ExecutionThreadID": 2940,
    "EventType": "INFO",
    "SeverityValue": 2,
    "Severity": "INFO",
    "Hostname": "WIN-93NOI1UVL29",
    "Domain": "NT AUTHORITY",
    "AccountName": "SYSTEM",
    "UserID": "S-1-5-18",
    "AccountType": "User",
    "Flags": "0",
    "TCP": "0",
    "Destination": "2001:500:40::1",
    "InterfaceIP": "::",
    "RD": "0",
    "QNAME": "mozilla.org.",
    "QTYPE": "1",
    "QXID": "40604",
    "XID": "48732",
    "Port": "0",
    "RecursionScope": ".",
    "CacheScope": "Default",
    "PolicyName": "NULL",
    "BufferSize": "40",
    "PacketData": "0xBE5C00000001000000000001076D6F7A696C6C61036F726700000100010000290FA0000080000000",
    "AdditionalInfo": ".",
    "GUID": "{D54A3796-B9D2-460B-8F99-8B204BEA4A2D}",
    "EventReceivedTime": "2021-09-16T20:11:37.527399-07:00",
    "SourceModuleName": "dnsserver",
    "SourceModuleType": "im_etw",
    "HostIP": "192.168.1.36"
  },
  {
    "SourceName": "Microsoft-Windows-DNSServer",
    "ProviderGuid": "{EB79061A-A566-4698-9119-3ED2807060E7}",
    "EventID": 256,
    "Version": 0,
    "ChannelID": 16,
    "OpcodeValue": 0,
    "TaskValue": 1,
    "Keywords": "9223372036854775809",
    "EventTime": "2021-09-16T20:11:36.882200-07:00",
    "ExecutionProcessID": 2080,
    "ExecutionThreadID": 2940,
    "EventType": "INFO",
    "SeverityValue": 2,
    "Severity": "INFO",
    "Hostname": "WIN-93NOI1UVL29",
    "Domain": "NT AUTHORITY",
    "AccountName": "SYSTEM",
    "UserID": "S-1-5-18",
    "AccountType": "User",
    "Flags": "256",
    "TCP": "0",
    "InterfaceIP": "192.168.1.36",
    "Source": "192.168.1.7",
    "RD": "1",
    "QNAME": "mozilla.org.",
    "QTYPE": "1",
    "XID": "17641",
    "Port": "45623",
    "BufferSize": "29",
    "PacketData": "0x44E901000001000000000000076D6F7A696C6C61036F72670000010001",
    "AdditionalInfo": ".",
    "GUID": "{0215D8E7-EBDF-48CB-8712-756B8D7DB4EB}",
    "EventReceivedTime": "2021-09-16T20:11:37.527399-07:00",
    "SourceModuleName": "dnsserver",
    "SourceModuleType": "im_etw",
    "HostIP": "192.168.1.36"
  },
  {
    "SourceName": "Microsoft-Windows-DNSServer",
    "ProviderGuid": "{EB79061A-A566-4698-9119-3ED2807060E7}",
    "EventID": 256,
    "Version": 0,
    "ChannelID": 16,
    "OpcodeValue": 0,
    "TaskValue": 1,
    "Keywords": "9223372036854775809",
    "EventTime": "2021-09-16T20:11:36.882786-07:00",
    "ExecutionProcessID": 2080,
    "ExecutionThreadID": 2940,
    "EventType": "INFO",
    "SeverityValue": 2,
    "Severity": "INFO",
    "Hostname": "WIN-93NOI1UVL29",
    "Domain": "NT AUTHORITY",
    "AccountName": "SYSTEM",
    "UserID": "S-1-5-18",
    "AccountType": "User",
    "Flags": "256",
    "TCP": "0",
    "InterfaceIP": "192.168.1.36",
    "Source": "192.168.1.7",
    "RD": "1",
    "QNAME": "mozilla.org.",
    "QTYPE": "28",
    "XID": "16535",
    "Port": "45623",
    "BufferSize": "29",
    "PacketData": "0x409701000001000000000000076D6F7A696C6C61036F726700001C0001",
    "AdditionalInfo": ".",
    "GUID": "{DF779280-F118-41D1-85F4-E992392824C7}",
    "EventReceivedTime": "2021-09-16T20:11:37.527399-07:00",
    "SourceModuleName": "dnsserver",
    "SourceModuleType": "im_etw",
    "HostIP": "192.168.1.36"
  },
  {
    "SourceName": "Microsoft-Windows-DNSServer",
    "ProviderGuid": "{EB79061A-A566-4698-9119-3ED2807060E7}",
    "EventID": 260,
    "Version": 0,
    "ChannelID": 16,
    "OpcodeValue": 0,
    "TaskValue": 2,
    "Keywords": "9223372036854775824",
    "EventTime": "2021-09-16T20:11:36.883286-07:00",
    "ExecutionProcessID": 2080,
    "ExecutionThreadID": 2940,
    "EventType": "INFO",
    "SeverityValue": 2,
    "Severity": "INFO",
    "Hostname": "WIN-93NOI1UVL29",
    "Domain": "NT AUTHORITY",
    "AccountName": "SYSTEM",
    "UserID": "S-1-5-18",
    "AccountType": "User",
    "Flags": "0",
    "TCP": "0",
    "Destination": "2001:500:c::1",
    "InterfaceIP": "::",
    "RD": "0",
    "QNAME": "mozilla.org.",
    "QTYPE": "28",
    "QXID": "16535",
    "XID": "40391",
    "Port": "0",
    "RecursionScope": ".",
    "CacheScope": "Default",
    "PolicyName": "NULL",
    "BufferSize": "40",
    "PacketData": "0x9DC700000001000000000001076D6F7A696C6C61036F726700001C00010000290FA0000080000000",
    "AdditionalInfo": ".",
    "GUID": "{DF779280-F118-41D1-85F4-E992392824C7}",
    "EventReceivedTime": "2021-09-16T20:11:37.527399-07:00",
    "SourceModuleName": "dnsserver",
    "SourceModuleType": "im_etw",
    "HostIP": "192.168.1.36"
  },
  {
    "SourceName": "Microsoft-Windows-DNSServer",
    "ProviderGuid": "{EB79061A-A566-4698-9119-3ED2807060E7}",
    "EventID": 256,
    "Version": 0,
    "ChannelID": 16,
    "OpcodeValue": 0,
    "TaskValue": 1,
    "Keywords": "9223372036854775809",
    "EventTime": "2021-09-16T20:11:36.884629-07:00",
    "ExecutionProcessID": 2080,
    "ExecutionThreadID": 2940,
    "EventType": "INFO",
    "SeverityValue": 2,
    "Severity": "INFO",
    "Hostname": "WIN-93NOI1UVL29",
    "Domain": "NT AUTHORITY",
    "AccountName": "SYSTEM",
    "UserID": "S-1-5-18",
    "AccountType": "User",
    "Flags": "256",
    "TCP": "0",
    "InterfaceIP": "192.168.1.36",
    "Source": "192.168.1.7",
    "RD": "1",
    "QNAME": "detectportal.firefox.com.",
    "QTYPE": "1",
    "XID": "53380",
    "Port": "59937",
    "BufferSize": "42",
    "PacketData": "0xD084010000010000000000000C646574656374706F7274616C0766697265666F7803636F6D0000010001",
    "AdditionalInfo": ".",
    "GUID": "{D61F2043-1C2D-4B3E-94A4-EAF81616484A}",
    "EventReceivedTime": "2021-09-16T20:11:37.527399-07:00",
    "SourceModuleName": "dnsserver",
    "SourceModuleType": "im_etw",
    "HostIP": "192.168.1.36"
  },
  {
    "SourceName": "Microsoft-Windows-DNSServer",
    "ProviderGuid": "{EB79061A-A566-4698-9119-3ED2807060E7}",
    "EventID": 260,
    "Version": 0,
    "ChannelID": 16,
    "OpcodeValue": 0,
    "TaskValue": 2,
    "Keywords": "9223372036854775824",
    "EventTime": "2021-09-16T20:11:36.885226-07:00",
    "ExecutionProcessID": 2080,
    "ExecutionThreadID": 2940,
    "EventType": "INFO",
    "SeverityValue": 2,
    "Severity": "INFO",
    "Hostname": "WIN-93NOI1UVL29",
    "Domain": "NT AUTHORITY",
    "AccountName": "SYSTEM",
    "UserID": "S-1-5-18",
    "AccountType": "User",
    "Flags": "0",
    "TCP": "0",
    "Destination": "192.52.178.30",
    "InterfaceIP": "0.0.0.0",
    "RD": "0",
    "QNAME": "detectportal.firefox.com.",
    "QTYPE": "1",
    "QXID": "53380",
    "XID": "57108",
    "Port": "0",
    "RecursionScope": ".",
    "CacheScope": "Default",
    "PolicyName": "NULL",
    "BufferSize": "53",
    "PacketData": "0xDF14000000010000000000010C646574656374706F7274616C0766697265666F7803636F6D00000100010000290FA0000080000000",
    "AdditionalInfo": ".",
    "GUID": "{D61F2043-1C2D-4B3E-94A4-EAF81616484A}",
    "EventReceivedTime": "2021-09-16T20:11:37.527399-07:00",
    "SourceModuleName": "dnsserver",
    "SourceModuleType": "im_etw",
    "HostIP": "192.168.1.36"
  },
  {
    "SourceName": "Microsoft-Windows-DNSServer",
    "ProviderGuid": "{EB79061A-A566-4698-9119-3ED2807060E7}",
    "EventID": 256,
    "Version": 0,
    "ChannelID": 16,
    "OpcodeValue": 0,
    "TaskValue": 1,
    "Keywords": "9223372036854775809",
    "EventTime": "2021-09-16T20:11:36.887689-07:00",
    "ExecutionProcessID": 2080,
    "ExecutionThreadID": 2940,
    "EventType": "INFO",
    "SeverityValue": 2,
    "Severity": "INFO",
    "Hostname": "WIN-93NOI1UVL29",
    "Domain": "NT AUTHORITY",
    "AccountName": "SYSTEM",
    "UserID": "S-1-5-18",
    "AccountType": "User",
    "Flags": "256",
    "TCP": "0",
    "InterfaceIP": "192.168.1.36",
    "Source": "192.168.1.7",
    "RD": "1",
    "QNAME": "detectportal.firefox.com.",
    "QTYPE": "28",
    "XID": "30064",
    "Port": "59937",
    "BufferSize": "42",
    "PacketData": "0x7570010000010000000000000C646574656374706F7274616C0766697265666F7803636F6D00001C0001",
    "AdditionalInfo": ".",
    "GUID": "{77E5BC84-6F69-4896-9B42-8F71AAD8C038}",
    "EventReceivedTime": "2021-09-16T20:11:37.540572-07:00",
    "SourceModuleName": "dnsserver",
    "SourceModuleType": "im_etw",
    "HostIP": "192.168.1.36"
  },
  {
    "SourceName": "Microsoft-Windows-DNSServer",
    "ProviderGuid": "{EB79061A-A566-4698-9119-3ED2807060E7}",
    "EventID": 260,
    "Version": 0,
    "ChannelID": 16,
    "OpcodeValue": 0,
    "TaskValue": 2,
    "Keywords": "9223372036854775824",
    "EventTime": "2021-09-16T20:11:36.888387-07:00",
    "ExecutionProcessID": 2080,
    "ExecutionThreadID": 2940,
    "EventType": "INFO",
    "SeverityValue": 2,
    "Severity": "INFO",
    "Hostname": "WIN-93NOI1UVL29",
    "Domain": "NT AUTHORITY",
    "AccountName": "SYSTEM",
    "UserID": "S-1-5-18",
    "AccountType": "User",
    "Flags": "0",
    "TCP": "0",
    "Destination": "2001:503:eea3::30",
    "InterfaceIP": "::",
    "RD": "0",
    "QNAME": "detectportal.firefox.com.",
    "QTYPE": "28",
    "QXID": "30064",
    "XID": "43800",
    "Port": "0",
    "RecursionScope": ".",
    "CacheScope": "Default",
    "PolicyName": "NULL",
    "BufferSize": "53",
    "PacketData": "0xAB18000000010000000000010C646574656374706F7274616C0766697265666F7803636F6D00001C00010000290FA0000080000000",
    "AdditionalInfo": ".",
    "GUID": "{77E5BC84-6F69-4896-9B42-8F71AAD8C038}",
    "EventReceivedTime": "2021-09-16T20:11:37.540572-07:00",
    "SourceModuleName": "dnsserver",
    "SourceModuleType": "im_etw",
    "HostIP": "192.168.1.36"
  },
  {
    "SourceName": "Microsoft-Windows-DNSServer",
    "ProviderGuid": "{EB79061A-A566-4698-9119-3ED2807060E7}",
    "EventID": 256,
    "Version": 0,
    "ChannelID": 16,
    "OpcodeValue": 0,
    "TaskValue": 1,
    "Keywords": "9223372036854775809",
    "EventTime": "2021-09-16T20:11:36.889774-07:00",
    "ExecutionProcessID": 2080,
    "ExecutionThreadID": 2940,
    "EventType": "INFO",
    "SeverityValue": 2,
    "Severity": "INFO",
    "Hostname": "WIN-93NOI1UVL29",
    "Domain": "NT AUTHORITY",
    "AccountName": "SYSTEM",
    "UserID": "S-1-5-18",
    "AccountType": "User",
    "Flags": "256",
    "TCP": "0",
    "InterfaceIP": "192.168.1.36",
    "Source": "192.168.1.7",
    "RD": "1",
    "QNAME": "detectportal.firefox.com.",
    "QTYPE": "1",
    "XID": "4938",
    "Port": "55126",
    "BufferSize": "42",
    "PacketData": "0x134A010000010000000000000C646574656374706F7274616C0766697265666F7803636F6D0000010001",
    "AdditionalInfo": ".",
    "GUID": "{7294ABB0-3EB0-4E13-9980-5A09949C131C}",
    "EventReceivedTime": "2021-09-16T20:11:37.540572-07:00",
    "SourceModuleName": "dnsserver",
    "SourceModuleType": "im_etw",
    "HostIP": "192.168.1.36"
  },
  {
    "SourceName": "Microsoft-Windows-DNSServer",
    "ProviderGuid": "{EB79061A-A566-4698-9119-3ED2807060E7}",
    "EventID": 256,
    "Version": 0,
    "ChannelID": 16,
    "OpcodeValue": 0,
    "TaskValue": 1,
    "Keywords": "9223372036854775809",
    "EventTime": "2021-09-16T20:11:36.894658-07:00",
    "ExecutionProcessID": 2080,
    "ExecutionThreadID": 2940,
    "EventType": "INFO",
    "SeverityValue": 2,
    "Severity": "INFO",
    "Hostname": "WIN-93NOI1UVL29",
    "Domain": "NT AUTHORITY",
    "AccountName": "SYSTEM",
    "UserID": "S-1-5-18",
    "AccountType": "User",
    "Flags": "256",
    "TCP": "0",
    "InterfaceIP": "192.168.1.36",
    "Source": "192.168.1.7",
    "RD": "1",
    "QNAME": "detectportal.firefox.com.",
    "QTYPE": "1",
    "XID": "17503",
    "Port": "47055",
    "BufferSize": "42",
    "PacketData": "0x445F010000010000000000000C646574656374706F7274616C0766697265666F7803636F6D0000010001",
    "AdditionalInfo": ".",
    "GUID": "{BE82F370-928E-4EA1-946C-86C581D00E53}",
    "EventReceivedTime": "2021-09-16T20:11:37.540572-07:00",
    "SourceModuleName": "dnsserver",
    "SourceModuleType": "im_etw",
    "HostIP": "192.168.1.36"
  },
  {
    "SourceName": "Microsoft-Windows-DNSServer",
    "ProviderGuid": "{EB79061A-A566-4698-9119-3ED2807060E7}",
    "EventID": 256,
    "Version": 0,
    "ChannelID": 16,
    "OpcodeValue": 0,
    "TaskValue": 1,
    "Keywords": "9223372036854775809",
    "EventTime": "2021-09-16T20:11:36.894726-07:00",
    "ExecutionProcessID": 2080,
    "ExecutionThreadID": 2940,
    "EventType": "INFO",
    "SeverityValue": 2,
    "Severity": "INFO",
    "Hostname": "WIN-93NOI1UVL29",
    "Domain": "NT AUTHORITY",
    "AccountName": "SYSTEM",
    "UserID": "S-1-5-18",
    "AccountType": "User",
    "Flags": "256",
    "TCP": "0",
    "InterfaceIP": "192.168.1.36",
    "Source": "192.168.1.7",
    "RD": "1",
    "QNAME": "detectportal.firefox.com.",
    "QTYPE": "28",
    "XID": "21849",
    "Port": "47055",
    "BufferSize": "42",
    "PacketData": "0x5559010000010000000000000C646574656374706F7274616C0766697265666F7803636F6D00001C0001",
    "AdditionalInfo": ".",
    "GUID": "{B2121301-D749-417D-945E-051A35F715E5}",
    "EventReceivedTime": "2021-09-16T20:11:37.540572-07:00",
    "SourceModuleName": "dnsserver",
    "SourceModuleType": "im_etw",
    "HostIP": "192.168.1.36"
  },
  {
    "SourceName": "Microsoft-Windows-DNSServer",
    "ProviderGuid": "{EB79061A-A566-4698-9119-3ED2807060E7}",
    "EventID": 261,
    "Version": 0,
    "ChannelID": 16,
    "OpcodeValue": 0,
    "TaskValue": 2,
    "Keywords": "9223372036854775840",
    "EventTime": "2021-09-16T20:11:36.910058-07:00",
    "ExecutionProcessID": 2080,
    "ExecutionThreadID": 2940,
    "EventType": "INFO",
    "SeverityValue": 2,
    "Severity": "INFO",
    "Hostname": "WIN-93NOI1UVL29",
    "Domain": "NT AUTHORITY",
    "AccountName": "SYSTEM",
    "UserID": "S-1-5-18",
    "AccountType": "User",
    "Flags": "32768",
    "TCP": "0",
    "Source": "2001:503:eea3::30",
    "InterfaceIP": "::",
    "AA": "0",
    "AD": "0",
    "QNAME": "detectportal.firefox.com.",
    "QTYPE": "28",
    "XID": "43800",
    "RecursionDepth": "1",
    "Port": "0",
    "RecursionScope": ".",
    "CacheScope": "Default",
    "BufferSize": "695",
    "PacketData": "0xAB18800000010000000800010C646574656374706F7274616C0766697265666F7803636F6D00001C0001C019000200010002A3000012076E73312D32343004616B616D036E657400C019000200010002A3000009066E73372D3636C03EC019000200010002A3000009066E73352D3635C03EC019000200010002A3000009066E73342D3634C03E20434B30504F4A4D473837344C4A5245463745464E38343330515649543842534DC021003200010001518000230101000000146501A0C25720EE156F6C4E39636B3ADA0312D92A000722000000000290C087002E00010001518000B7003208020001518061495E696140138199AF03636F6D0073D49C969AD112E1F52C00137560047BE57A0C63D266917DED0C9A551F1942FF5A835C70F318B7C1EC6363C09CA90BC736EB8345EA6F090394D2675E2DD1E0CEC5ED70EADAD937CA6CC54F1A48BA6BE6ED4985DC52360CD72D6C33AB6A67D91A22530A0F796FA8CD809D5DFD4EDA95D33C8A5BF1A724B9CB9248BFE875C054CB318444F00A1E1D5AE0EB39B04D9810FF639A4962C6AEB971DC01E12935F5E6552048453144374E5330344954483341445131544C36513139524345554C43333854C021003200010001518000220101000000148B82DA17E46AD4A4FB43827643C545DC6684C3720006200000000012C19A002E00010001518000B70032080200015180614969C061401ED899AF03636F6D000F6DC86FE2BE05FB636C54425723CBAB966A02BAB7E4F3FF341204CF1FBB59B0C13BF9D00F816007F6D171B157485279342E679282D30523D9D0E14C4E8C5B99A3927E9D02941F7470DE072421AA4CF078705F90EBE2E67A8CF954608A4BA78C2415828EC54587DE570125E4EF2ABE288230BF6A3A7D6EB9963EFF247085764036CA3B7471C24E7EDE6B39820694F6CA7FDE6F0102CA71EECAC36F31B728CB610000291000000080000000",
    "AdditionalInfo": ".",
    "GUID": "{77E5BC84-6F69-4896-9B42-8F71AAD8C038}",
    "EventReceivedTime": "2021-09-16T20:11:37.540572-07:00",
    "SourceModuleName": "dnsserver",
    "SourceModuleType": "im_etw",
    "HostIP": "192.168.1.36"
  },
  {
    "SourceName": "Microsoft-Windows-DNSServer",
    "ProviderGuid": "{EB79061A-A566-4698-9119-3ED2807060E7}",
    "EventID": 260,
    "Version": 0,
    "ChannelID": 16,
    "OpcodeValue": 0,
    "TaskValue": 2,
    "Keywords": "9223372036854775824",
    "EventTime": "2021-09-16T20:11:36.910262-07:00",
    "ExecutionProcessID": 2080,
    "ExecutionThreadID": 2940,
    "EventType": "INFO",
    "SeverityValue": 2,
    "Severity": "INFO",
    "Hostname": "WIN-93NOI1UVL29",
    "Domain": "NT AUTHORITY",
    "AccountName": "SYSTEM",
    "UserID": "S-1-5-18",
    "AccountType": "User",
    "Flags": "0",
    "TCP": "0",
    "Destination": "184.85.248.65",
    "InterfaceIP": "0.0.0.0",
    "RD": "0",
    "QNAME": "detectportal.firefox.com.",
    "QTYPE": "28",
    "QXID": "30064",
    "XID": "24891",
    "Port": "0",
    "RecursionScope": ".",
    "CacheScope": "Default",
    "PolicyName": "NULL",
    "BufferSize": "53",
    "PacketData": "0x613B000000010000000000010C646574656374706F7274616C0766697265666F7803636F6D00001C00010000290FA0000080000000",
    "AdditionalInfo": ".",
    "GUID": "{77E5BC84-6F69-4896-9B42-8F71AAD8C038}",
    "EventReceivedTime": "2021-09-16T20:11:37.540572-07:00",
    "SourceModuleName": "dnsserver",
    "SourceModuleType": "im_etw",
    "HostIP": "192.168.1.36"
  },
  {
    "SourceName": "Microsoft-Windows-DNSServer",
    "ProviderGuid": "{EB79061A-A566-4698-9119-3ED2807060E7}",
    "EventID": 261,
    "Version": 0,
    "ChannelID": 16,
    "OpcodeValue": 0,
    "TaskValue": 2,
    "Keywords": "9223372036854775840",
    "EventTime": "2021-09-16T20:11:36.919491-07:00",
    "ExecutionProcessID": 2080,
    "ExecutionThreadID": 2940,
    "EventType": "INFO",
    "SeverityValue": 2,
    "Severity": "INFO",
    "Hostname": "WIN-93NOI1UVL29",
    "Domain": "NT AUTHORITY",
    "AccountName": "SYSTEM",
    "UserID": "S-1-5-18",
    "AccountType": "User",
    "Flags": "32768",
    "TCP": "0",
    "Source": "2001:500:40::1",
    "InterfaceIP": "::",
    "AA": "0",
    "AD": "0",
    "QNAME": "mozilla.org.",
    "QTYPE": "1",
    "XID": "48732",
    "RecursionDepth": "1",
    "Port": "0",
    "RecursionScope": ".",
    "CacheScope": "Default",
    "BufferSize": "634",
    "PacketData": "0xBE5C80000001000000080001076D6F7A696C6C61036F72670000010001C00C00020001000151800011066E73342D363404616B616D036E657400C00C00020001000151800009066E73352D3635C030C00C00020001000151800009066E73372D3636C030C00C0002000100015180000A076E73312D323430C030203169383730766A3568343239766A39706369376172366539676B693734747237C0140032000100015180002B0101000A08332539EE7F95C32A140C907D989054FC4C24368D17E3C92EA2F87A23DD000722000000000290206774666B64626C316663746335653630396A3273333173396430336563677672C0140032000100015180002A0101000A08332539EE7F95C32A14875FA48058818D3BA14043CCBF10203E9396E0AE0006200000000012C07A002E00010001518000970032080200015180615FB6AC6143F91C9B01036F726700A9AC3C980ED996F4DC53D4285B83C796DF6A661B4A990CBA93A9E08ADFC8BF8C99C2AC47ADF026FD82E1F96E036B6D96A6F783236D1565F77A5FF484E3686B7132DAF0CD55242B7C7CA6322C351FC2A8B197B3ACBE07CC2554A10AFE0FDE3646414DEE15778DD30A3AFBA61F13B6953C6349A00A380C217EFEE1B9ABFD878A33C0D2002E00010001518000970032080200015180615C6B1F6140AD8F9B01036F72670063FB48F9CB7894D5311DC3832F64BE68A72BB0C588740DE73FF441425A049C3D1FC5D2214FEE2FA647E0BDCD36496BF291296A988CCF5FC78C908E4CBD040A91DDD85E415399170E8A5B37535EF7D7DAF6A0FF810D8ACB306CFC2935D6F5C8A62434BF286A122DEAF414A462EE3A9D9F67ABD2C766998CD9A6F802BD7E517EDE00002904D0000080000000",
    "AdditionalInfo": ".",
    "GUID": "{D54A3796-B9D2-460B-8F99-8B204BEA4A2D}",
    "EventReceivedTime": "2021-09-16T20:11:37.540572-07:00",
    "SourceModuleName": "dnsserver",
    "SourceModuleType": "im_etw",
    "HostIP": "192.168.1.36"
  },
  {
    "SourceName": "Microsoft-Windows-DNSServer",
    "ProviderGuid": "{EB79061A-A566-4698-9119-3ED2807060E7}",
    "EventID": 260,
    "Version": 0,
    "ChannelID": 16,
    "OpcodeValue": 0,
    "TaskValue": 2,
    "Keywords": "9223372036854775824",
    "EventTime": "2021-09-16T20:11:36.919617-07:00",
    "ExecutionProcessID": 2080,
    "ExecutionThreadID": 2940,
    "EventType": "INFO",
    "SeverityValue": 2,
    "Severity": "INFO",
    "Hostname": "WIN-93NOI1UVL29",
    "Domain": "NT AUTHORITY",
    "AccountName": "SYSTEM",
    "UserID": "S-1-5-18",
    "AccountType": "User",
    "Flags": "0",
    "TCP": "0",
    "Destination": "184.85.248.65",
    "InterfaceIP": "0.0.0.0",
    "RD": "0",
    "QNAME": "mozilla.org.",
    "QTYPE": "1",
    "QXID": "40604",
    "XID": "24055",
    "Port": "0",
    "RecursionScope": ".",
    "CacheScope": "Default",
    "PolicyName": "NULL",
    "BufferSize": "40",
    "PacketData": "0x5DF700000001000000000001076D6F7A696C6C61036F726700000100010000290FA0000080000000",
    "AdditionalInfo": ".",
    "GUID": "{D54A3796-B9D2-460B-8F99-8B204BEA4A2D}",
    "EventReceivedTime": "2021-09-16T20:11:37.540572-07:00",
    "SourceModuleName": "dnsserver",
    "SourceModuleType": "im_etw",
    "HostIP": "192.168.1.36"
  },
