  {
    "SourceName": "Microsoft-Windows-DNSServer",
    "ProviderGuid": "{EB79061A-A566-4698-9119-3ED2807060E7}",
    "EventID": 261,
    "Version": 0,
    "ChannelID": 16,
    "OpcodeValue": 0,
    "TaskValue": 2,
    "Keywords": "9223372036854775840",
    "EventTime": "2021-09-16T20:10:26.650977-07:00",
    "ExecutionProcessID": 2080,
    "ExecutionThreadID": 2940,
    "EventType": "INFO",
    "SeverityValue": 2,
    "Severity": "INFO",
    "Hostname": "WIN-93NOI1UVL29",
    "Domain": "NT AUTHORITY",
    "AccountName": "SYSTEM",
    "UserID": "S-1-5-18",
    "AccountType": "User",
    "Flags": "32768",
    "TCP": "0",
    "Source": "192.12.94.30",
    "InterfaceIP": "0.0.0.0",
    "AA": "0",
    "AD": "0",
    "QNAME": "time-osx.g.aaplimg.com.",
    "QTYPE": "1",
    "XID": "47010",
    "RecursionDepth": "3",
    "Port": "0",
    "RecursionScope": ".",
    "CacheScope": "Default",
    "BufferSize": "793",
    "PacketData": "0xB7A2800000010000000800070874696D652D6F73780167076161706C696D6703636F6D0000010001C017000200010002A300000D0161026E73056170706C65C01FC017000200010002A30000040162C036C017000200010002A30000040163C036C017000200010002A30000040164C03620434B30504F4A4D473837344C4A5245463745464E38343330515649543842534DC01F003200010001518000230101000000146501A0C25720EE156F6C4E39636B3ADA0312D92A000722000000000290C071002E00010001518000B7003208020001518061495E696140138199AF03636F6D0073D49C969AD112E1F52C00137560047BE57A0C63D266917DED0C9A551F1942FF5A835C70F318B7C1EC6363C09CA90BC736EB8345EA6F090394D2675E2DD1E0CEC5ED70EADAD937CA6CC54F1A48BA6BE6ED4985DC52360CD72D6C33AB6A67D91A22530A0F796FA8CD809D5DFD4EDA95D33C8A5BF1A724B9CB9248BFE875C054CB318444F00A1E1D5AE0EB39B04D9810FF639A4962C6AEB971DC01E12935F5E6552039374B523235514A3242303648424E4B544E3749524152544A5643504D394B53C01F0032000100015180002201010000001449E9C29B34362D256764445A737082E8B1D4B9AA0006200000000012C184002E00010001518000B70032080200015180614AB492614169AA99AF03636F6D00848AB58F663735DE67EDDBAFBAF62419533DEAFF95F499E9CD960171E2152E0B048E8343BA09831D31DC70B9D5BF9DA3D6C5D597A6F64228F62F42BEF0F6B88C19658ECEA554AE0189D4561D501D231F54310CF210DF58D3FDFE28BF25489892AB4AF0AB331F964CBD4D921D515A36E22B05FA99D96C3D0239A43F0150B123377EDEA03A943FE738B90784943391A6E8046D81058C50E6805A7F0ED92A903155C034000100010002A300000411FDC801C04D000100010002A300000411FDCF01C05D000100010002A3000004CC137701C05D001C00010002A300001026200171080007140000000000000001C06D000100010002A3000004CC1A3901C06D001C00010002A3000010262001710801071400000000000000010000291000000080000000",
    "AdditionalInfo": ".",
    "GUID": "{CC372B07-F85C-4256-902A-C46DAF81C516}",
    "EventReceivedTime": "2021-09-16T20:10:27.571884-07:00",
    "SourceModuleName": "dnsserver",
    "SourceModuleType": "im_etw",
    "HostIP": "192.168.1.36"
  },
  {
    "SourceName": "Microsoft-Windows-DNSServer",
    "ProviderGuid": "{EB79061A-A566-4698-9119-3ED2807060E7}",
    "EventID": 260,
    "Version": 0,
    "ChannelID": 16,
    "OpcodeValue": 0,
    "TaskValue": 2,
    "Keywords": "9223372036854775824",
    "EventTime": "2021-09-16T20:10:26.651172-07:00",
    "ExecutionProcessID": 2080,
    "ExecutionThreadID": 2940,
    "EventType": "INFO",
    "SeverityValue": 2,
    "Severity": "INFO",
    "Hostname": "WIN-93NOI1UVL29",
    "Domain": "NT AUTHORITY",
    "AccountName": "SYSTEM",
    "UserID": "S-1-5-18",
    "AccountType": "User",
    "Flags": "0",
    "TCP": "0",
    "Destination": "2620:171:801:714::1",
    "InterfaceIP": "::",
    "RD": "0",
    "QNAME": "time-osx.g.aaplimg.com.",
    "QTYPE": "1",
    "QXID": "4",
    "XID": "60077",
    "Port": "0",
    "RecursionScope": ".",
    "CacheScope": "Default",
    "PolicyName": "NULL",
    "BufferSize": "51",
    "PacketData": "0xEAAD000000010000000000010874696D652D6F73780167076161706C696D6703636F6D00000100010000290FA0000080000000",
    "AdditionalInfo": ".",
    "GUID": "{CC372B07-F85C-4256-902A-C46DAF81C516}",
    "EventReceivedTime": "2021-09-16T20:10:27.571884-07:00",
    "SourceModuleName": "dnsserver",
    "SourceModuleType": "im_etw",
    "HostIP": "192.168.1.36"
  },
  {
    "SourceName": "Microsoft-Windows-DNSServer",
    "ProviderGuid": "{EB79061A-A566-4698-9119-3ED2807060E7}",
    "EventID": 261,
    "Version": 0,
    "ChannelID": 16,
    "OpcodeValue": 0,
    "TaskValue": 2,
    "Keywords": "9223372036854775840",
    "EventTime": "2021-09-16T20:10:26.686702-07:00",
    "ExecutionProcessID": 2080,
    "ExecutionThreadID": 2940,
    "EventType": "INFO",
    "SeverityValue": 2,
    "Severity": "INFO",
    "Hostname": "WIN-93NOI1UVL29",
    "Domain": "NT AUTHORITY",
    "AccountName": "SYSTEM",
    "UserID": "S-1-5-18",
    "AccountType": "User",
    "Flags": "32768",
    "TCP": "0",
    "Source": "2620:171:801:714::1",
    "InterfaceIP": "::",
    "AA": "0",
    "AD": "0",
    "QNAME": "time-osx.g.aaplimg.com.",
    "QTYPE": "1",
    "XID": "60077",
    "RecursionDepth": "4",
    "Port": "0",
    "RecursionScope": ".",
    "CacheScope": "Default",
    "BufferSize": "88",
    "PacketData": "0xEAAD800000010000000200010874696D652D6F73780167076161706C696D6703636F6D0000010001C0150002000100000E10000901610467736C62C017C0150002000100000E1000040162C03600002904D0000080000000",
    "AdditionalInfo": ".",
    "GUID": "{CC372B07-F85C-4256-902A-C46DAF81C516}",
    "EventReceivedTime": "2021-09-16T20:10:27.571884-07:00",
    "SourceModuleName": "dnsserver",
    "SourceModuleType": "im_etw",
    "HostIP": "192.168.1.36"
  },
  {
    "SourceName": "Microsoft-Windows-DNSServer",
    "ProviderGuid": "{EB79061A-A566-4698-9119-3ED2807060E7}",
    "EventID": 260,
    "Version": 0,
    "ChannelID": 16,
    "OpcodeValue": 0,
    "TaskValue": 2,
    "Keywords": "9223372036854775824",
    "EventTime": "2021-09-16T20:10:26.687751-07:00",
    "ExecutionProcessID": 2080,
    "ExecutionThreadID": 2940,
    "EventType": "INFO",
    "SeverityValue": 2,
    "Severity": "INFO",
    "Hostname": "WIN-93NOI1UVL29",
    "Domain": "NT AUTHORITY",
    "AccountName": "SYSTEM",
    "UserID": "S-1-5-18",
    "AccountType": "User",
    "Flags": "0",
    "TCP": "0",
    "Destination": "17.253.207.1",
    "InterfaceIP": "0.0.0.0",
    "RD": "0",
    "QNAME": "a.gslb.aaplimg.com.",
    "QTYPE": "1",
    "QXID": "1",
    "XID": "35596",
    "Port": "0",
    "RecursionScope": ".",
    "CacheScope": "Default",
    "PolicyName": "NULL",
    "BufferSize": "47",
    "PacketData": "0x8B0C0000000100000000000101610467736C62076161706C696D6703636F6D00000100010000290FA0000080000000",
    "AdditionalInfo": ".",
    "GUID": "{00000000-0000-0000-0000-000000000000}",
    "EventReceivedTime": "2021-09-16T20:10:27.571884-07:00",
    "SourceModuleName": "dnsserver",
    "SourceModuleType": "im_etw",
    "HostIP": "192.168.1.36"
  },
  {
    "SourceName": "Microsoft-Windows-DNSServer",
    "ProviderGuid": "{EB79061A-A566-4698-9119-3ED2807060E7}",
    "EventID": 261,
    "Version": 0,
    "ChannelID": 16,
    "OpcodeValue": 0,
    "TaskValue": 2,
    "Keywords": "9223372036854775840",
    "EventTime": "2021-09-16T20:10:26.708120-07:00",
    "ExecutionProcessID": 2080,
    "ExecutionThreadID": 2940,
    "EventType": "INFO",
    "SeverityValue": 2,
    "Severity": "INFO",
    "Hostname": "WIN-93NOI1UVL29",
    "Domain": "NT AUTHORITY",
    "AccountName": "SYSTEM",
    "UserID": "S-1-5-18",
    "AccountType": "User",
    "Flags": "33792",
    "TCP": "0",
    "Source": "17.253.207.1",
    "InterfaceIP": "0.0.0.0",
    "AA": "1",
    "AD": "0",
    "QNAME": "a.gslb.aaplimg.com.",
    "QTYPE": "1",
    "XID": "35596",
    "RecursionDepth": "1",
    "Port": "0",
    "RecursionScope": ".",
    "CacheScope": "Default",
    "BufferSize": "136",
    "PacketData": "0x8B0C8400000100010004000101610467736C62076161706C696D6703636F6D0000010001C00C0001000100015180000411FDC908C00E0002000100015180000D0162026E73056170706C65C01BC00E000200010001518000040161C042C00E000200010001518000040163C042C00E000200010001518000040164C04200002904D0000080000000",
    "AdditionalInfo": ".",
    "GUID": "{00000000-0000-0000-0000-000000000000}",
    "EventReceivedTime": "2021-09-16T20:10:27.571884-07:00",
    "SourceModuleName": "dnsserver",
    "SourceModuleType": "im_etw",
    "HostIP": "192.168.1.36"
  },
  {
    "SourceName": "Microsoft-Windows-DNSServer",
    "ProviderGuid": "{EB79061A-A566-4698-9119-3ED2807060E7}",
    "EventID": 260,
    "Version": 0,
    "ChannelID": 16,
    "OpcodeValue": 0,
    "TaskValue": 2,
    "Keywords": "9223372036854775824",
    "EventTime": "2021-09-16T20:10:26.708857-07:00",
    "ExecutionProcessID": 2080,
    "ExecutionThreadID": 2940,
    "EventType": "INFO",
    "SeverityValue": 2,
    "Severity": "INFO",
    "Hostname": "WIN-93NOI1UVL29",
    "Domain": "NT AUTHORITY",
    "AccountName": "SYSTEM",
    "UserID": "S-1-5-18",
    "AccountType": "User",
    "Flags": "0",
    "TCP": "0",
    "Destination": "17.253.201.8",
    "InterfaceIP": "0.0.0.0",
    "RD": "0",
    "QNAME": "time-osx.g.aaplimg.com.",
    "QTYPE": "1",
    "QXID": "4",
    "XID": "19567",
    "Port": "0",
    "RecursionScope": ".",
    "CacheScope": "Default",
    "PolicyName": "NULL",
    "BufferSize": "51",
    "PacketData": "0x4C6F000000010000000000010874696D652D6F73780167076161706C696D6703636F6D00000100010000290FA0000080000000",
    "AdditionalInfo": ".",
    "GUID": "{CC372B07-F85C-4256-902A-C46DAF81C516}",
    "EventReceivedTime": "2021-09-16T20:10:27.571884-07:00",
    "SourceModuleName": "dnsserver",
    "SourceModuleType": "im_etw",
    "HostIP": "192.168.1.36"
  },
  {
    "SourceName": "Microsoft-Windows-DNSServer",
    "ProviderGuid": "{EB79061A-A566-4698-9119-3ED2807060E7}",
    "EventID": 261,
    "Version": 0,
    "ChannelID": 16,
    "OpcodeValue": 0,
    "TaskValue": 2,
    "Keywords": "9223372036854775840",
    "EventTime": "2021-09-16T20:10:26.728253-07:00",
    "ExecutionProcessID": 2080,
    "ExecutionThreadID": 2940,
    "EventType": "INFO",
    "SeverityValue": 2,
    "Severity": "INFO",
    "Hostname": "WIN-93NOI1UVL29",
    "Domain": "NT AUTHORITY",
    "AccountName": "SYSTEM",
    "UserID": "S-1-5-18",
    "AccountType": "User",
    "Flags": "33792",
    "TCP": "0",
    "Source": "17.253.201.8",
    "InterfaceIP": "0.0.0.0",
    "AA": "1",
    "AD": "0",
    "QNAME": "time-osx.g.aaplimg.com.",
    "QTYPE": "1",
    "XID": "19567",
    "RecursionDepth": "5",
    "Port": "0",
    "RecursionScope": ".",
    "CacheScope": "Default",
    "BufferSize": "131",
    "PacketData": "0x4C6F840000010005000000010874696D652D6F73780167076161706C696D6703636F6D0000010001C00C0001000100000384000411FD147DC00C0001000100000384000411FD18FDC00C0001000100000384000411FD187DC00C0001000100000384000411FD027DC00C0001000100000384000411FD02FD00002904D0000080000000",
    "AdditionalInfo": ".",
    "GUID": "{CC372B07-F85C-4256-902A-C46DAF81C516}",
    "EventReceivedTime": "2021-09-16T20:10:27.588543-07:00",
    "SourceModuleName": "dnsserver",
    "SourceModuleType": "im_etw",
    "HostIP": "192.168.1.36"
  },
  {
    "SourceName": "Microsoft-Windows-DNSServer",
    "ProviderGuid": "{EB79061A-A566-4698-9119-3ED2807060E7}",
    "EventID": 257,
    "Version": 0,
    "ChannelID": 16,
    "OpcodeValue": 0,
    "TaskValue": 1,
    "Keywords": "9223372036854775810",
    "EventTime": "2021-09-16T20:10:26.728484-07:00",
    "ExecutionProcessID": 2080,
    "ExecutionThreadID": 2940,
    "EventType": "INFO",
    "SeverityValue": 2,
    "Severity": "INFO",
    "Hostname": "WIN-93NOI1UVL29",
    "Domain": "NT AUTHORITY",
    "AccountName": "SYSTEM",
    "UserID": "S-1-5-18",
    "AccountType": "User",
    "Flags": "33152",
    "TCP": "0",
    "InterfaceIP": "2601:442:4400:82a:b8a3:7b53:d4bf:98bf",
    "Destination": "2601:442:4400:82a:b8a3:7b53:d4bf:98bf",
    "AA": "0",
    "AD": "0",
    "QNAME": "time.apple.com.",
    "QTYPE": "1",
    "XID": "4",
    "DNSSEC": "0",
    "RCODE": "0",
    "Port": "61293",
    "Scope": "Default",
    "Zone": "..Cache",
    "PolicyName": "NULL",
    "BufferSize": "145",
    "PacketData": "0x0004818000010006000000000474696D65056170706C6503636F6D0000010001C00C0005000100001C2000150874696D652D6F73780167076161706C696D67C017C02C0001000100000384000411FD147DC02C0001000100000384000411FD18FDC02C0001000100000384000411FD187DC02C0001000100000384000411FD027DC02C0001000100000384000411FD02FD",
    "AdditionalInfo": "VirtualizationInstance:.",
    "ElapsedTime": "176",
    "GUID": "{CC372B07-F85C-4256-902A-C46DAF81C516}",
    "EventReceivedTime": "2021-09-16T20:10:27.588543-07:00",
    "SourceModuleName": "dnsserver",
    "SourceModuleType": "im_etw",
    "HostIP": "192.168.1.36"
  },
  {
    "SourceName": "Microsoft-Windows-DNSServer",
    "ProviderGuid": "{EB79061A-A566-4698-9119-3ED2807060E7}",
    "EventID": 256,
    "Version": 0,
    "ChannelID": 16,
    "OpcodeValue": 0,
    "TaskValue": 1,
    "Keywords": "9223372036854775809",
    "EventTime": "2021-09-16T20:10:26.748601-07:00",
    "ExecutionProcessID": 2080,
    "ExecutionThreadID": 2940,
    "EventType": "INFO",
    "SeverityValue": 2,
    "Severity": "INFO",
    "Hostname": "WIN-93NOI1UVL29",
    "Domain": "NT AUTHORITY",
    "AccountName": "SYSTEM",
    "UserID": "S-1-5-18",
    "AccountType": "User",
    "Flags": "256",
    "TCP": "0",
    "InterfaceIP": "2601:442:4400:82a:b8a3:7b53:d4bf:98bf",
    "Source": "2601:442:4400:82a:b8a3:7b53:d4bf:98bf",
    "RD": "1",
    "QNAME": "time.apple.com.",
    "QTYPE": "28",
    "XID": "5",
    "Port": "61294",
    "BufferSize": "32",
    "PacketData": "0x0005010000010000000000000474696D65056170706C6503636F6D00001C0001",
    "AdditionalInfo": ".",
    "GUID": "{360B0090-79BD-4DA0-85FE-EC6CE4D20913}",
    "EventReceivedTime": "2021-09-16T20:10:27.588543-07:00",
    "SourceModuleName": "dnsserver",
    "SourceModuleType": "im_etw",
    "HostIP": "192.168.1.36"
  },
  {
    "SourceName": "Microsoft-Windows-DNSServer",
    "ProviderGuid": "{EB79061A-A566-4698-9119-3ED2807060E7}",
    "EventID": 279,
    "Version": 0,
    "ChannelID": 16,
    "OpcodeValue": 0,
    "TaskValue": 1,
    "Keywords": "9223372071214514176",
    "EventTime": "2021-09-16T20:10:26.748645-07:00",
    "ExecutionProcessID": 2080,
    "ExecutionThreadID": 2940,
    "EventType": "INFO",
    "SeverityValue": 2,
    "Severity": "INFO",
    "Hostname": "WIN-93NOI1UVL29",
    "Domain": "NT AUTHORITY",
    "AccountName": "SYSTEM",
    "UserID": "S-1-5-18",
    "AccountType": "User",
    "Flags": "33152",
    "TCP": "0",
    "InterfaceIP": "2601:442:4400:82a:b8a3:7b53:d4bf:98bf",
    "Source": "2601:442:4400:82a:b8a3:7b53:d4bf:98bf",
    "RD": "1",
    "QNAME": "time-osx.g.aaplimg.com.",
    "QTYPE": "28",
    "Port": "61294",
    "XID": "5",
    "BufferSize": "32",
    "PacketData": "0x0005818000010001000000000474696D65056170706C6503636F6D00001C0001",
    "EventReceivedTime": "2021-09-16T20:10:27.588543-07:00",
    "SourceModuleName": "dnsserver",
    "SourceModuleType": "im_etw",
    "HostIP": "192.168.1.36"
  },
  {
    "SourceName": "Microsoft-Windows-DNSServer",
    "ProviderGuid": "{EB79061A-A566-4698-9119-3ED2807060E7}",
    "EventID": 260,
    "Version": 0,
    "ChannelID": 16,
    "OpcodeValue": 0,
    "TaskValue": 2,
    "Keywords": "9223372036854775824",
    "EventTime": "2021-09-16T20:10:26.748827-07:00",
    "ExecutionProcessID": 2080,
    "ExecutionThreadID": 2940,
    "EventType": "INFO",
    "SeverityValue": 2,
    "Severity": "INFO",
    "Hostname": "WIN-93NOI1UVL29",
    "Domain": "NT AUTHORITY",
    "AccountName": "SYSTEM",
    "UserID": "S-1-5-18",
    "AccountType": "User",
    "Flags": "0",
    "TCP": "0",
    "Destination": "17.253.201.8",
    "InterfaceIP": "0.0.0.0",
    "RD": "0",
    "QNAME": "time-osx.g.aaplimg.com.",
    "QTYPE": "28",
    "QXID": "5",
    "XID": "25884",
    "Port": "0",
    "RecursionScope": ".",
    "CacheScope": "Default",
    "PolicyName": "NULL",
    "BufferSize": "51",
    "PacketData": "0x651C000000010000000000010874696D652D6F73780167076161706C696D6703636F6D00001C00010000290FA0000080000000",
    "AdditionalInfo": ".",
    "GUID": "{360B0090-79BD-4DA0-85FE-EC6CE4D20913}",
    "EventReceivedTime": "2021-09-16T20:10:27.588543-07:00",
    "SourceModuleName": "dnsserver",
    "SourceModuleType": "im_etw",
    "HostIP": "192.168.1.36"
  },
  {
    "SourceName": "Microsoft-Windows-DNSServer",
    "ProviderGuid": "{EB79061A-A566-4698-9119-3ED2807060E7}",
    "EventID": 261,
    "Version": 0,
    "ChannelID": 16,
    "OpcodeValue": 0,
    "TaskValue": 2,
    "Keywords": "9223372036854775840",
    "EventTime": "2021-09-16T20:10:26.767883-07:00",
    "ExecutionProcessID": 2080,
    "ExecutionThreadID": 2940,
    "EventType": "INFO",
    "SeverityValue": 2,
    "Severity": "INFO",
    "Hostname": "WIN-93NOI1UVL29",
    "Domain": "NT AUTHORITY",
    "AccountName": "SYSTEM",
    "UserID": "S-1-5-18",
    "AccountType": "User",
    "Flags": "33792",
    "TCP": "0",
    "Source": "17.253.201.8",
    "InterfaceIP": "0.0.0.0",
    "AA": "1",
    "AD": "0",
    "QNAME": "time-osx.g.aaplimg.com.",
    "QTYPE": "28",
    "XID": "25884",
    "RecursionDepth": "1",
    "Port": "0",
    "RecursionScope": ".",
    "CacheScope": "Default",
    "BufferSize": "111",
    "PacketData": "0x651C840000010000000100010874696D652D6F73780167076161706C696D6703636F6D00001C0001C00C000600010000012C003001610467736C62C0170A686F73746D6173746572056170706C65C01F6143C3C3000007080000012C0000EC400000012C00002904D0000080000000",
    "AdditionalInfo": ".",
    "GUID": "{360B0090-79BD-4DA0-85FE-EC6CE4D20913}",
    "EventReceivedTime": "2021-09-16T20:10:27.588543-07:00",
    "SourceModuleName": "dnsserver",
    "SourceModuleType": "im_etw",
    "HostIP": "192.168.1.36"
  },
  {
    "SourceName": "Microsoft-Windows-DNSServer",
    "ProviderGuid": "{EB79061A-A566-4698-9119-3ED2807060E7}",
    "EventID": 257,
    "Version": 0,
    "ChannelID": 16,
    "OpcodeValue": 0,
    "TaskValue": 1,
    "Keywords": "9223372036854775810",
    "EventTime": "2021-09-16T20:10:26.768036-07:00",
    "ExecutionProcessID": 2080,
    "ExecutionThreadID": 2940,
    "EventType": "INFO",
    "SeverityValue": 2,
    "Severity": "INFO",
    "Hostname": "WIN-93NOI1UVL29",
    "Domain": "NT AUTHORITY",
    "AccountName": "SYSTEM",
    "UserID": "S-1-5-18",
    "AccountType": "User",
    "Flags": "33152",
    "TCP": "0",
    "InterfaceIP": "2601:442:4400:82a:b8a3:7b53:d4bf:98bf",
    "Destination": "2601:442:4400:82a:b8a3:7b53:d4bf:98bf",
    "AA": "0",
    "AD": "0",
    "QNAME": "time.apple.com.",
    "QTYPE": "28",
    "XID": "5",
    "DNSSEC": "0",
    "RCODE": "0",
    "Port": "61294",
    "Scope": "Default",
    "Zone": "..Cache",
    "PolicyName": "NULL",
    "BufferSize": "65",
    "PacketData": "0x0005818000010001000000000474696D65056170706C6503636F6D00001C0001C00C0005000100001C2000150874696D652D6F73780167076161706C696D67C017",
    "AdditionalInfo": "VirtualizationInstance:.",
    "ElapsedTime": "19",
    "GUID": "{360B0090-79BD-4DA0-85FE-EC6CE4D20913}",
    "EventReceivedTime": "2021-09-16T20:10:27.588543-07:00",
    "SourceModuleName": "dnsserver",
    "SourceModuleType": "im_etw",
    "HostIP": "192.168.1.36"
  },
  {
    "SourceName": "Microsoft-Windows-DNSServer",
    "ProviderGuid": "{EB79061A-A566-4698-9119-3ED2807060E7}",
    "EventID": 256,
    "Version": 0,
    "ChannelID": 16,
    "OpcodeValue": 0,
    "TaskValue": 1,
    "Keywords": "9223372036854775809",
    "EventTime": "2021-09-16T20:10:43.670922-07:00",
    "ExecutionProcessID": 2080,
    "ExecutionThreadID": 2940,
    "EventType": "INFO",
    "SeverityValue": 2,
    "Severity": "INFO",
    "Hostname": "WIN-93NOI1UVL29",
    "Domain": "NT AUTHORITY",
    "AccountName": "SYSTEM",
    "UserID": "S-1-5-18",
    "AccountType": "User",
    "Flags": "256",
    "TCP": "0",
    "InterfaceIP": "192.168.1.36",
    "Source": "192.168.1.7",
    "RD": "1",
    "QNAME": "mozilla.cloudflare-dns.com.",
    "QTYPE": "1",
    "XID": "11385",
    "Port": "53830",
    "BufferSize": "44",
    "PacketData": "0x2C7901000001000000000000076D6F7A696C6C610E636C6F7564666C6172652D646E7303636F6D0000010001",
    "AdditionalInfo": ".",
    "GUID": "{2343574F-C4FC-49CE-99E9-80934D0FBBD3}",
    "EventReceivedTime": "2021-09-16T20:10:44.682718-07:00",
    "SourceModuleName": "dnsserver",
    "SourceModuleType": "im_etw",
    "HostIP": "192.168.1.36"
  },
  {
    "SourceName": "Microsoft-Windows-DNSServer",
    "ProviderGuid": "{EB79061A-A566-4698-9119-3ED2807060E7}",
    "EventID": 260,
    "Version": 0,
    "ChannelID": 16,
    "OpcodeValue": 0,
    "TaskValue": 2,
    "Keywords": "9223372036854775824",
    "EventTime": "2021-09-16T20:10:43.671686-07:00",
    "ExecutionProcessID": 2080,
    "ExecutionThreadID": 2940,
    "EventType": "INFO",
    "SeverityValue": 2,
    "Severity": "INFO",
    "Hostname": "WIN-93NOI1UVL29",
    "Domain": "NT AUTHORITY",
    "AccountName": "SYSTEM",
    "UserID": "S-1-5-18",
    "AccountType": "User",
    "Flags": "0",
    "TCP": "0",
    "Destination": "162.159.0.33",
    "InterfaceIP": "0.0.0.0",
    "RD": "0",
    "QNAME": "mozilla.cloudflare-dns.com.",
    "QTYPE": "1",
    "QXID": "11385",
    "XID": "61390",
    "Port": "0",
    "RecursionScope": ".",
    "CacheScope": "Default",
    "PolicyName": "NULL",
    "BufferSize": "55",
    "PacketData": "0xEFCE00000001000000000001076D6F7A696C6C610E636C6F7564666C6172652D646E7303636F6D00000100010000290FA0000080000000",
    "AdditionalInfo": ".",
    "GUID": "{2343574F-C4FC-49CE-99E9-80934D0FBBD3}",
    "EventReceivedTime": "2021-09-16T20:10:44.682718-07:00",
    "SourceModuleName": "dnsserver",
    "SourceModuleType": "im_etw",
    "HostIP": "192.168.1.36"
  },
  {
    "SourceName": "Microsoft-Windows-DNSServer",
    "ProviderGuid": "{EB79061A-A566-4698-9119-3ED2807060E7}",
    "EventID": 256,
    "Version": 0,
    "ChannelID": 16,
    "OpcodeValue": 0,
    "TaskValue": 1,
    "Keywords": "9223372036854775809",
    "EventTime": "2021-09-16T20:10:43.672018-07:00",
    "ExecutionProcessID": 2080,
    "ExecutionThreadID": 2940,
    "EventType": "INFO",
    "SeverityValue": 2,
    "Severity": "INFO",
    "Hostname": "WIN-93NOI1UVL29",
    "Domain": "NT AUTHORITY",
    "AccountName": "SYSTEM",
    "UserID": "S-1-5-18",
    "AccountType": "User",
    "Flags": "256",
    "TCP": "0",
    "InterfaceIP": "192.168.1.36",
    "Source": "192.168.1.7",
    "RD": "1",
    "QNAME": "mozilla.cloudflare-dns.com.",
    "QTYPE": "28",
    "XID": "5653",
    "Port": "53830",
    "BufferSize": "44",
    "PacketData": "0x161501000001000000000000076D6F7A696C6C610E636C6F7564666C6172652D646E7303636F6D00001C0001",
    "AdditionalInfo": ".",
    "GUID": "{A6DEB45A-52C3-46D0-A5CC-4C6B1B8FDCAA}",
    "EventReceivedTime": "2021-09-16T20:10:44.682718-07:00",
    "SourceModuleName": "dnsserver",
    "SourceModuleType": "im_etw",
    "HostIP": "192.168.1.36"
  },
  {
    "SourceName": "Microsoft-Windows-DNSServer",
    "ProviderGuid": "{EB79061A-A566-4698-9119-3ED2807060E7}",
    "EventID": 260,
    "Version": 0,
    "ChannelID": 16,
    "OpcodeValue": 0,
    "TaskValue": 2,
    "Keywords": "9223372036854775824",
    "EventTime": "2021-09-16T20:10:43.673385-07:00",
    "ExecutionProcessID": 2080,
    "ExecutionThreadID": 2940,
    "EventType": "INFO",
    "SeverityValue": 2,
    "Severity": "INFO",
    "Hostname": "WIN-93NOI1UVL29",
    "Domain": "NT AUTHORITY",
    "AccountName": "SYSTEM",
    "UserID": "S-1-5-18",
    "AccountType": "User",
    "Flags": "0",
    "TCP": "0",
    "Destination": "162.159.0.33",
    "InterfaceIP": "0.0.0.0",
    "RD": "0",
    "QNAME": "mozilla.cloudflare-dns.com.",
    "QTYPE": "28",
    "QXID": "5653",
    "XID": "30129",
    "Port": "0",
    "RecursionScope": ".",
    "CacheScope": "Default",
    "PolicyName": "NULL",
    "BufferSize": "55",
    "PacketData": "0x75B100000001000000000001076D6F7A696C6C610E636C6F7564666C6172652D646E7303636F6D00001C00010000290FA0000080000000",
    "AdditionalInfo": ".",
    "GUID": "{A6DEB45A-52C3-46D0-A5CC-4C6B1B8FDCAA}",
    "EventReceivedTime": "2021-09-16T20:10:44.682718-07:00",
    "SourceModuleName": "dnsserver",
    "SourceModuleType": "im_etw",
    "HostIP": "192.168.1.36"
  },
  {
    "SourceName": "Microsoft-Windows-DNSServer",
    "ProviderGuid": "{EB79061A-A566-4698-9119-3ED2807060E7}",
    "EventID": 261,
    "Version": 0,
    "ChannelID": 16,
    "OpcodeValue": 0,
    "TaskValue": 2,
    "Keywords": "9223372036854775840",
    "EventTime": "2021-09-16T20:10:43.687018-07:00",
    "ExecutionProcessID": 2080,
    "ExecutionThreadID": 2940,
    "EventType": "INFO",
    "SeverityValue": 2,
    "Severity": "INFO",
    "Hostname": "WIN-93NOI1UVL29",
    "Domain": "NT AUTHORITY",
    "AccountName": "SYSTEM",
    "UserID": "S-1-5-18",
    "AccountType": "User",
    "Flags": "33792",
    "TCP": "0",
    "Source": "162.159.0.33",
    "InterfaceIP": "0.0.0.0",
    "AA": "1",
    "AD": "0",
    "QNAME": "mozilla.cloudflare-dns.com.",
    "QTYPE": "1",
    "XID": "61390",
    "RecursionDepth": "1",
    "Port": "0",
    "RecursionScope": ".",
    "CacheScope": "Default",
    "BufferSize": "201",
    "PacketData": "0xEFCE84000001000300000001076D6F7A696C6C610E636C6F7564666C6172652D646E7303636F6D0000010001C00C000100010000012C00046810F8F9C00C000100010000012C00046810F9F9C00C002E00010000012C006600010D030000012C614566AE6142A78E86C90E636C6F7564666C6172652D646E7303636F6D009F7FF7058FBDD2DBE230BCFA51B164D783D134BD1F91FC0290B72790F56161BC6FE4D7D90E547E4A8784672C6FC62FC79CD9FD7387A9619B684AF0B8C160CA3B00002904D0000080000000",
    "AdditionalInfo": ".",
    "GUID": "{2343574F-C4FC-49CE-99E9-80934D0FBBD3}",
    "EventReceivedTime": "2021-09-16T20:10:44.682718-07:00",
    "SourceModuleName": "dnsserver",
    "SourceModuleType": "im_etw",
    "HostIP": "192.168.1.36"
  },
  {
    "SourceName": "Microsoft-Windows-DNSServer",
    "ProviderGuid": "{EB79061A-A566-4698-9119-3ED2807060E7}",
    "EventID": 257,
    "Version": 0,
    "ChannelID": 16,
    "OpcodeValue": 0,
    "TaskValue": 1,
    "Keywords": "9223372036854775810",
    "EventTime": "2021-09-16T20:10:43.689032-07:00",
    "ExecutionProcessID": 2080,
    "ExecutionThreadID": 2940,
    "EventType": "INFO",
    "SeverityValue": 2,
    "Severity": "INFO",
    "Hostname": "WIN-93NOI1UVL29",
    "Domain": "NT AUTHORITY",
    "AccountName": "SYSTEM",
    "UserID": "S-1-5-18",
    "AccountType": "User",
    "Flags": "33152",
    "TCP": "0",
    "InterfaceIP": "192.168.1.36",
    "Destination": "192.168.1.7",
    "AA": "0",
    "AD": "0",
    "QNAME": "mozilla.cloudflare-dns.com.",
    "QTYPE": "1",
    "XID": "11385",
    "DNSSEC": "0",
    "RCODE": "0",
    "Port": "53830",
    "Scope": "Default",
    "Zone": "..Cache",
    "PolicyName": "NULL",
    "BufferSize": "76",
    "PacketData": "0x2C7981800001000200000000076D6F7A696C6C610E636C6F7564666C6172652D646E7303636F6D0000010001C00C000100010000012C00046810F8F9C00C000100010000012C00046810F9F9",
    "AdditionalInfo": "VirtualizationInstance:.",
    "ElapsedTime": "17",
    "GUID": "{2343574F-C4FC-49CE-99E9-80934D0FBBD3}",
    "EventReceivedTime": "2021-09-16T20:10:44.682718-07:00",
    "SourceModuleName": "dnsserver",
    "SourceModuleType": "im_etw",
    "HostIP": "192.168.1.36"
  },
  {
    "SourceName": "Microsoft-Windows-DNSServer",
    "ProviderGuid": "{EB79061A-A566-4698-9119-3ED2807060E7}",
    "EventID": 261,
    "Version": 0,
    "ChannelID": 16,
    "OpcodeValue": 0,
    "TaskValue": 2,
    "Keywords": "9223372036854775840",
    "EventTime": "2021-09-16T20:10:43.689176-07:00",
    "ExecutionProcessID": 2080,
    "ExecutionThreadID": 2940,
    "EventType": "INFO",
    "SeverityValue": 2,
    "Severity": "INFO",
    "Hostname": "WIN-93NOI1UVL29",
    "Domain": "NT AUTHORITY",
    "AccountName": "SYSTEM",
    "UserID": "S-1-5-18",
    "AccountType": "User",
    "Flags": "33792",
    "TCP": "0",
    "Source": "162.159.0.33",
    "InterfaceIP": "0.0.0.0",
    "AA": "1",
    "AD": "0",
    "QNAME": "mozilla.cloudflare-dns.com.",
    "QTYPE": "28",
    "XID": "30129",
    "RecursionDepth": "1",
    "Port": "0",
    "RecursionScope": ".",
    "CacheScope": "Default",
    "BufferSize": "225",
    "PacketData": "0x75B184000001000300000001076D6F7A696C6C610E636C6F7564666C6172652D646E7303636F6D00001C0001C00C001C00010000012C00102606470000000000000000006810F9F9C00C001C00010000012C00102606470000000000000000006810F8F9C00C002E00010000012C0066001C0D030000012C614566B86142A79886C90E636C6F7564666C6172652D646E7303636F6D00AE8BF7D30D94C45F7818FB13590B0AC5ADC3FDC4298F78B00D00A9482F1C09D77AC389C79A42E70C18FB126E86DE305A59538B44B99E185E9193708CF8E457CF00002904D0000080000000",
    "AdditionalInfo": ".",
    "GUID": "{A6DEB45A-52C3-46D0-A5CC-4C6B1B8FDCAA}",
    "EventReceivedTime": "2021-09-16T20:10:44.682718-07:00",
    "SourceModuleName": "dnsserver",
    "SourceModuleType": "im_etw",
    "HostIP": "192.168.1.36"
  },
  {
    "SourceName": "Microsoft-Windows-DNSServer",
    "ProviderGuid": "{EB79061A-A566-4698-9119-3ED2807060E7}",
    "EventID": 257,
    "Version": 0,
    "ChannelID": 16,
    "OpcodeValue": 0,
    "TaskValue": 1,
    "Keywords": "9223372036854775810",
    "EventTime": "2021-09-16T20:10:43.689699-07:00",
    "ExecutionProcessID": 2080,
    "ExecutionThreadID": 2940,
    "EventType": "INFO",
    "SeverityValue": 2,
    "Severity": "INFO",
    "Hostname": "WIN-93NOI1UVL29",
    "Domain": "NT AUTHORITY",
    "AccountName": "SYSTEM",
    "UserID": "S-1-5-18",
    "AccountType": "User",
    "Flags": "33152",
    "TCP": "0",
    "InterfaceIP": "192.168.1.36",
    "Destination": "192.168.1.7",
    "AA": "0",
    "AD": "0",
    "QNAME": "mozilla.cloudflare-dns.com.",
    "QTYPE": "28",
    "XID": "5653",
    "DNSSEC": "0",
    "RCODE": "0",
    "Port": "53830",
    "Scope": "Default",
    "Zone": "..Cache",
    "PolicyName": "NULL",
    "BufferSize": "100",
    "PacketData": "0x161581800001000200000000076D6F7A696C6C610E636C6F7564666C6172652D646E7303636F6D00001C0001C00C001C00010000012C00102606470000000000000000006810F9F9C00C001C00010000012C00102606470000000000000000006810F8F9",
    "AdditionalInfo": "VirtualizationInstance:.",
    "ElapsedTime": "18",
    "GUID": "{A6DEB45A-52C3-46D0-A5CC-4C6B1B8FDCAA}",
    "EventReceivedTime": "2021-09-16T20:10:44.682718-07:00",
    "SourceModuleName": "dnsserver",
    "SourceModuleType": "im_etw",
    "HostIP": "192.168.1.36"
  },
  {
    "SourceName": "Microsoft-Windows-DNSServer",
    "ProviderGuid": "{EB79061A-A566-4698-9119-3ED2807060E7}",
    "EventID": 256,
    "Version": 0,
    "ChannelID": 16,
    "OpcodeValue": 0,
    "TaskValue": 1,
    "Keywords": "9223372036854775809",
    "EventTime": "2021-09-16T20:10:44.911377-07:00",
    "ExecutionProcessID": 2080,
    "ExecutionThreadID": 2940,
    "EventType": "INFO",
    "SeverityValue": 2,
    "Severity": "INFO",
    "Hostname": "WIN-93NOI1UVL29",
    "Domain": "NT AUTHORITY",
    "AccountName": "SYSTEM",
    "UserID": "S-1-5-18",
    "AccountType": "User",
    "Flags": "256",
    "TCP": "0",
    "InterfaceIP": "2601:442:4400:82a:b8a3:7b53:d4bf:98bf",
    "Source": "2601:442:4400:82a:b8a3:7b53:d4bf:98bf",
    "RD": "1",
    "QNAME": "wpad.v6.example.com.",
    "QTYPE": "1",
    "XID": "59488",
    "Port": "55998",
    "BufferSize": "37",
    "PacketData": "0xE860010000010000000000000477706164027636076578616D706C6503636F6D0000010001",
    "AdditionalInfo": ".",
    "GUID": "{56C05A4B-380F-4B83-A5DF-9B810DF860F0}",
    "EventReceivedTime": "2021-09-16T20:10:45.697572-07:00",
    "SourceModuleName": "dnsserver",
    "SourceModuleType": "im_etw",
    "HostIP": "192.168.1.36"
  },
  {
    "SourceName": "Microsoft-Windows-DNSServer",
    "ProviderGuid": "{EB79061A-A566-4698-9119-3ED2807060E7}",
    "EventID": 257,
    "Version": 0,
    "ChannelID": 16,
    "OpcodeValue": 0,
    "TaskValue": 1,
    "Keywords": "9223372036854775810",
    "EventTime": "2021-09-16T20:10:44.911990-07:00",
    "ExecutionProcessID": 2080,
    "ExecutionThreadID": 2940,
    "EventType": "INFO",
    "SeverityValue": 2,
    "Severity": "INFO",
    "Hostname": "WIN-93NOI1UVL29",
    "Domain": "NT AUTHORITY",
    "AccountName": "SYSTEM",
    "UserID": "S-1-5-18",
    "AccountType": "User",
    "Flags": "34179",
    "TCP": "0",
    "InterfaceIP": "2601:442:4400:82a:b8a3:7b53:d4bf:98bf",
    "Destination": "2601:442:4400:82a:b8a3:7b53:d4bf:98bf",
    "AA": "1",
    "AD": "0",
    "QNAME": "wpad.v6.example.com.",
    "QTYPE": "1",
    "XID": "59488",
    "DNSSEC": "0",
    "RCODE": "3",
    "Port": "55998",
    "Scope": "Default",
    "Zone": "example.com",
    "PolicyName": "NULL",
    "BufferSize": "109",
    "PacketData": "0xE860858300010000000100000477706164027636076578616D706C6503636F6D0000010001076578616D706C6503636F6D000006000100000E1000310F77696E2D39336E6F693175766C3239000A686F73746D6173746572000000001500000384000002580001518000000E10",
    "AdditionalInfo": "VirtualizationInstance:.",
    "ElapsedTime": "0",
    "GUID": "{56C05A4B-380F-4B83-A5DF-9B810DF860F0}",
    "EventReceivedTime": "2021-09-16T20:10:45.697572-07:00",
    "SourceModuleName": "dnsserver",
    "SourceModuleType": "im_etw",
    "HostIP": "192.168.1.36"
  },
  {
    "SourceName": "Microsoft-Windows-DNSServer",
    "ProviderGuid": "{EB79061A-A566-4698-9119-3ED2807060E7}",
    "EventID": 256,
    "Version": 0,
    "ChannelID": 16,
    "OpcodeValue": 0,
    "TaskValue": 1,
    "Keywords": "9223372036854775809",
    "EventTime": "2021-09-16T20:10:44.912689-07:00",
    "ExecutionProcessID": 2080,
    "ExecutionThreadID": 2940,
    "EventType": "INFO",
    "SeverityValue": 2,
    "Severity": "INFO",
    "Hostname": "WIN-93NOI1UVL29",
    "Domain": "NT AUTHORITY",
    "AccountName": "SYSTEM",
    "UserID": "S-1-5-18",
    "AccountType": "User",
    "Flags": "256",
    "TCP": "0",
    "InterfaceIP": "2601:442:4400:82a:b8a3:7b53:d4bf:98bf",
    "Source": "2601:442:4400:82a:b8a3:7b53:d4bf:98bf",
    "RD": "1",
    "QNAME": "wpad.v6.example.com.",
    "QTYPE": "28",
    "XID": "56391",
    "Port": "58284",
    "BufferSize": "37",
    "PacketData": "0xDC47010000010000000000000477706164027636076578616D706C6503636F6D00001C0001",
    "AdditionalInfo": ".",
    "GUID": "{21385A99-9F55-4595-BF95-03E5608EDA51}",
    "EventReceivedTime": "2021-09-16T20:10:45.697572-07:00",
    "SourceModuleName": "dnsserver",
    "SourceModuleType": "im_etw",
    "HostIP": "192.168.1.36"
  },
  {
    "SourceName": "Microsoft-Windows-DNSServer",
    "ProviderGuid": "{EB79061A-A566-4698-9119-3ED2807060E7}",
    "EventID": 257,
    "Version": 0,
    "ChannelID": 16,
    "OpcodeValue": 0,
    "TaskValue": 1,
    "Keywords": "9223372036854775810",
    "EventTime": "2021-09-16T20:10:44.912773-07:00",
    "ExecutionProcessID": 2080,
    "ExecutionThreadID": 2940,
    "EventType": "INFO",
    "SeverityValue": 2,
    "Severity": "INFO",
    "Hostname": "WIN-93NOI1UVL29",
    "Domain": "NT AUTHORITY",
    "AccountName": "SYSTEM",
    "UserID": "S-1-5-18",
    "AccountType": "User",
    "Flags": "34179",
    "TCP": "0",
    "InterfaceIP": "2601:442:4400:82a:b8a3:7b53:d4bf:98bf",
    "Destination": "2601:442:4400:82a:b8a3:7b53:d4bf:98bf",
    "AA": "1",
    "AD": "0",
    "QNAME": "wpad.v6.example.com.",
    "QTYPE": "28",
    "XID": "56391",
    "DNSSEC": "0",
    "RCODE": "3",
    "Port": "58284",
    "Scope": "Default",
    "Zone": "example.com",
    "PolicyName": "NULL",
    "BufferSize": "109",
    "PacketData": "0xDC47858300010000000100000477706164027636076578616D706C6503636F6D00001C0001076578616D706C6503636F6D000006000100000E1000310F77696E2D39336E6F693175766C3239000A686F73746D6173746572000000001500000384000002580001518000000E10",
    "AdditionalInfo": "VirtualizationInstance:.",
    "ElapsedTime": "0",
    "GUID": "{21385A99-9F55-4595-BF95-03E5608EDA51}",
    "EventReceivedTime": "2021-09-16T20:10:45.697572-07:00",
    "SourceModuleName": "dnsserver",
    "SourceModuleType": "im_etw",
    "HostIP": "192.168.1.36"
  },
  {
    "SourceName": "Microsoft-Windows-DNSServer",
    "ProviderGuid": "{EB79061A-A566-4698-9119-3ED2807060E7}",
    "EventID": 256,
    "Version": 0,
    "ChannelID": 16,
    "OpcodeValue": 0,
    "TaskValue": 1,
    "Keywords": "9223372036854775809",
    "EventTime": "2021-09-16T20:10:52.380197-07:00",
    "ExecutionProcessID": 2080,
    "ExecutionThreadID": 2940,
    "EventType": "INFO",
    "SeverityValue": 2,
    "Severity": "INFO",
    "Hostname": "WIN-93NOI1UVL29",
    "Domain": "NT AUTHORITY",
    "AccountName": "SYSTEM",
    "UserID": "S-1-5-18",
    "AccountType": "User",
    "Flags": "256",
    "TCP": "0",
    "InterfaceIP": "192.168.1.36",
    "Source": "192.168.1.7",
    "RD": "1",
    "QNAME": "nxlogmgr.example.com.",
    "QTYPE": "1",
    "XID": "8693",
    "Port": "44906",
    "BufferSize": "38",
    "PacketData": "0x21F501000001000000000000086E786C6F676D6772076578616D706C6503636F6D0000010001",
    "AdditionalInfo": ".",
    "GUID": "{FBE28A56-638A-465F-A366-E89C54384CA7}",
    "EventReceivedTime": "2021-09-16T20:10:53.384883-07:00",
    "SourceModuleName": "dnsserver",
    "SourceModuleType": "im_etw",
    "HostIP": "192.168.1.36"
  },
  {
    "SourceName": "Microsoft-Windows-DNSServer",
    "ProviderGuid": "{EB79061A-A566-4698-9119-3ED2807060E7}",
    "EventID": 257,
    "Version": 0,
    "ChannelID": 16,
    "OpcodeValue": 0,
    "TaskValue": 1,
    "Keywords": "9223372036854775810",
    "EventTime": "2021-09-16T20:10:52.380867-07:00",
    "ExecutionProcessID": 2080,
    "ExecutionThreadID": 2940,
    "EventType": "INFO",
    "SeverityValue": 2,
    "Severity": "INFO",
    "Hostname": "WIN-93NOI1UVL29",
    "Domain": "NT AUTHORITY",
    "AccountName": "SYSTEM",
    "UserID": "S-1-5-18",
    "AccountType": "User",
    "Flags": "34179",
    "TCP": "0",
    "InterfaceIP": "192.168.1.36",
    "Destination": "192.168.1.7",
    "AA": "1",
    "AD": "0",
    "QNAME": "nxlogmgr.example.com.",
    "QTYPE": "1",
    "XID": "8693",
    "DNSSEC": "0",
    "RCODE": "3",
    "Port": "44906",
    "Scope": "Default",
    "Zone": "example.com",
    "PolicyName": "NULL",
    "BufferSize": "110",
    "PacketData": "0x21F585830001000000010000086E786C6F676D6772076578616D706C6503636F6D0000010001076578616D706C6503636F6D000006000100000E1000310F77696E2D39336E6F693175766C3239000A686F73746D6173746572000000001500000384000002580001518000000E10",
    "AdditionalInfo": "VirtualizationInstance:.",
    "ElapsedTime": "0",
    "GUID": "{FBE28A56-638A-465F-A366-E89C54384CA7}",
    "EventReceivedTime": "2021-09-16T20:10:53.384883-07:00",
    "SourceModuleName": "dnsserver",
    "SourceModuleType": "im_etw",
    "HostIP": "192.168.1.36"
  },
  {
    "SourceName": "Microsoft-Windows-DNSServer",
    "ProviderGuid": "{EB79061A-A566-4698-9119-3ED2807060E7}",
    "EventID": 256,
    "Version": 0,
    "ChannelID": 16,
    "OpcodeValue": 0,
    "TaskValue": 1,
    "Keywords": "9223372036854775809",
    "EventTime": "2021-09-16T20:10:52.380910-07:00",
    "ExecutionProcessID": 2080,
    "ExecutionThreadID": 2940,
    "EventType": "INFO",
    "SeverityValue": 2,
    "Severity": "INFO",
    "Hostname": "WIN-93NOI1UVL29",
    "Domain": "NT AUTHORITY",
    "AccountName": "SYSTEM",
    "UserID": "S-1-5-18",
    "AccountType": "User",
    "Flags": "256",
    "TCP": "0",
    "InterfaceIP": "192.168.1.36",
    "Source": "192.168.1.7",
    "RD": "1",
    "QNAME": "nxlogmgr.example.com.",
    "QTYPE": "28",
    "XID": "31180",
    "Port": "44906",
    "BufferSize": "38",
    "PacketData": "0x79CC01000001000000000000086E786C6F676D6772076578616D706C6503636F6D00001C0001",
    "AdditionalInfo": ".",
    "GUID": "{3728C63F-973D-41A6-80C4-6ADD758569B1}",
    "EventReceivedTime": "2021-09-16T20:10:53.384883-07:00",
    "SourceModuleName": "dnsserver",
    "SourceModuleType": "im_etw",
    "HostIP": "192.168.1.36"
  },
  {
    "SourceName": "Microsoft-Windows-DNSServer",
    "ProviderGuid": "{EB79061A-A566-4698-9119-3ED2807060E7}",
    "EventID": 257,
    "Version": 0,
    "ChannelID": 16,
    "OpcodeValue": 0,
    "TaskValue": 1,
    "Keywords": "9223372036854775810",
    "EventTime": "2021-09-16T20:10:52.381009-07:00",
    "ExecutionProcessID": 2080,
    "ExecutionThreadID": 2940,
    "EventType": "INFO",
    "SeverityValue": 2,
    "Severity": "INFO",
    "Hostname": "WIN-93NOI1UVL29",
    "Domain": "NT AUTHORITY",
    "AccountName": "SYSTEM",
    "UserID": "S-1-5-18",
    "AccountType": "User",
    "Flags": "34179",
    "TCP": "0",
    "InterfaceIP": "192.168.1.36",
    "Destination": "192.168.1.7",
    "AA": "1",
    "AD": "0",
    "QNAME": "nxlogmgr.example.com.",
    "QTYPE": "28",
    "XID": "31180",
    "DNSSEC": "0",
    "RCODE": "3",
    "Port": "44906",
    "Scope": "Default",
    "Zone": "example.com",
    "PolicyName": "NULL",
    "BufferSize": "110",
    "PacketData": "0x79CC85830001000000010000086E786C6F676D6772076578616D706C6503636F6D00001C0001076578616D706C6503636F6D000006000100000E1000310F77696E2D39336E6F693175766C3239000A686F73746D6173746572000000001500000384000002580001518000000E10",
    "AdditionalInfo": "VirtualizationInstance:.",
    "ElapsedTime": "1",
    "GUID": "{3728C63F-973D-41A6-80C4-6ADD758569B1}",
    "EventReceivedTime": "2021-09-16T20:10:53.384883-07:00",
    "SourceModuleName": "dnsserver",
    "SourceModuleType": "im_etw",
    "HostIP": "192.168.1.36"
  },
  {
    "SourceName": "Microsoft-Windows-DNSServer",
    "ProviderGuid": "{EB79061A-A566-4698-9119-3ED2807060E7}",
    "EventID": 256,
    "Version": 0,
    "ChannelID": 16,
    "OpcodeValue": 0,
    "TaskValue": 1,
    "Keywords": "9223372036854775809",
    "EventTime": "2021-09-16T20:10:52.381736-07:00",
    "ExecutionProcessID": 2080,
    "ExecutionThreadID": 2940,
    "EventType": "INFO",
    "SeverityValue": 2,
    "Severity": "INFO",
    "Hostname": "WIN-93NOI1UVL29",
    "Domain": "NT AUTHORITY",
    "AccountName": "SYSTEM",
    "UserID": "S-1-5-18",
    "AccountType": "User",
    "Flags": "256",
    "TCP": "0",
    "InterfaceIP": "192.168.1.36",
    "Source": "192.168.1.7",
    "RD": "1",
    "QNAME": "nxlogmgr.",
    "QTYPE": "1",
    "XID": "46227",
    "Port": "48929",
    "BufferSize": "26",
    "PacketData": "0xB49301000001000000000000086E786C6F676D67720000010001",
    "AdditionalInfo": ".",
    "GUID": "{EF27E835-EFC6-4256-AB4D-D3456CD99CE6}",
    "EventReceivedTime": "2021-09-16T20:10:53.384883-07:00",
    "SourceModuleName": "dnsserver",
    "SourceModuleType": "im_etw",
    "HostIP": "192.168.1.36"
  },
  {
    "SourceName": "Microsoft-Windows-DNSServer",
    "ProviderGuid": "{EB79061A-A566-4698-9119-3ED2807060E7}",
    "EventID": 258,
    "Version": 0,
    "ChannelID": 16,
    "OpcodeValue": 0,
    "TaskValue": 1,
    "Keywords": "9223372036854775812",
    "EventTime": "2021-09-16T20:10:52.381950-07:00",
    "ExecutionProcessID": 2080,
    "ExecutionThreadID": 2940,
    "EventType": "ERROR",
    "SeverityValue": 4,
    "Severity": "ERROR",
    "Hostname": "WIN-93NOI1UVL29",
    "Domain": "NT AUTHORITY",
    "AccountName": "SYSTEM",
    "UserID": "S-1-5-18",
    "AccountType": "User",
    "Flags": "33154",
    "TCP": "0",
    "InterfaceIP": "192.168.1.36",
    "Reason": "Single Label",
    "Destination": "192.168.1.7",
    "QNAME": "nxlogmgr.",
    "QTYPE": "1",
    "XID": "46227",
    "RCODE": "2",
    "Port": "48929",
    "Zone": "..Cache",
    "PolicyName": "NULL",
    "BufferSize": "26",
    "PacketData": "0xB49381820001000000000000086E786C6F676D67720000010001",
    "AdditionalInfo": ".",
    "ElapsedTime": "0",
    "GUID": "{EF27E835-EFC6-4256-AB4D-D3456CD99CE6}",
    "EventReceivedTime": "2021-09-16T20:10:53.384883-07:00",
    "SourceModuleName": "dnsserver",
    "SourceModuleType": "im_etw",
    "HostIP": "192.168.1.36"
  },
  {
    "SourceName": "Microsoft-Windows-DNSServer",
    "ProviderGuid": "{EB79061A-A566-4698-9119-3ED2807060E7}",
    "EventID": 256,
    "Version": 0,
    "ChannelID": 16,
    "OpcodeValue": 0,
    "TaskValue": 1,
    "Keywords": "9223372036854775809",
    "EventTime": "2021-09-16T20:10:52.382015-07:00",
    "ExecutionProcessID": 2080,
    "ExecutionThreadID": 2940,
    "EventType": "INFO",
    "SeverityValue": 2,
    "Severity": "INFO",
    "Hostname": "WIN-93NOI1UVL29",
    "Domain": "NT AUTHORITY",
    "AccountName": "SYSTEM",
    "UserID": "S-1-5-18",
    "AccountType": "User",
    "Flags": "256",
    "TCP": "0",
    "InterfaceIP": "192.168.1.36",
    "Source": "192.168.1.7",
    "RD": "1",
    "QNAME": "nxlogmgr.",
    "QTYPE": "28",
    "XID": "17049",
    "Port": "48929",
    "BufferSize": "26",
    "PacketData": "0x429901000001000000000000086E786C6F676D677200001C0001",
    "AdditionalInfo": ".",
    "GUID": "{BB1D286A-9070-4607-B17A-E3A7BDFEA810}",
    "EventReceivedTime": "2021-09-16T20:10:53.384883-07:00",
    "SourceModuleName": "dnsserver",
    "SourceModuleType": "im_etw",
    "HostIP": "192.168.1.36"
  },
  {
    "SourceName": "Microsoft-Windows-DNSServer",
    "ProviderGuid": "{EB79061A-A566-4698-9119-3ED2807060E7}",
    "EventID": 258,
    "Version": 0,
    "ChannelID": 16,
    "OpcodeValue": 0,
    "TaskValue": 1,
    "Keywords": "9223372036854775812",
    "EventTime": "2021-09-16T20:10:52.382590-07:00",
    "ExecutionProcessID": 2080,
    "ExecutionThreadID": 2940,
    "EventType": "ERROR",
    "SeverityValue": 4,
    "Severity": "ERROR",
    "Hostname": "WIN-93NOI1UVL29",
    "Domain": "NT AUTHORITY",
    "AccountName": "SYSTEM",
    "UserID": "S-1-5-18",
    "AccountType": "User",
    "Flags": "33154",
    "TCP": "0",
    "InterfaceIP": "192.168.1.36",
    "Reason": "Single Label",
    "Destination": "192.168.1.7",
    "QNAME": "nxlogmgr.",
    "QTYPE": "28",
    "XID": "17049",
    "RCODE": "2",
    "Port": "48929",
    "Zone": "..Cache",
    "PolicyName": "NULL",
    "BufferSize": "26",
    "PacketData": "0x429981820001000000000000086E786C6F676D677200001C0001",
    "AdditionalInfo": ".",
    "ElapsedTime": "0",
    "GUID": "{BB1D286A-9070-4607-B17A-E3A7BDFEA810}",
    "EventReceivedTime": "2021-09-16T20:10:53.384883-07:00",
    "SourceModuleName": "dnsserver",
    "SourceModuleType": "im_etw",
    "HostIP": "192.168.1.36"
  },
  {
    "SourceName": "Microsoft-Windows-DNSServer",
    "ProviderGuid": "{EB79061A-A566-4698-9119-3ED2807060E7}",
    "EventID": 256,
    "Version": 0,
    "ChannelID": 16,
    "OpcodeValue": 0,
    "TaskValue": 1,
    "Keywords": "9223372036854775809",
    "EventTime": "2021-09-16T20:10:52.417210-07:00",
    "ExecutionProcessID": 2080,
    "ExecutionThreadID": 2940,
    "EventType": "INFO",
    "SeverityValue": 2,
    "Severity": "INFO",
    "Hostname": "WIN-93NOI1UVL29",
    "Domain": "NT AUTHORITY",
    "AccountName": "SYSTEM",
    "UserID": "S-1-5-18",
    "AccountType": "User",
    "Flags": "256",
    "TCP": "0",
    "InterfaceIP": "192.168.1.36",
    "Source": "192.168.1.7",
    "RD": "1",
    "QNAME": "nxlogmgr.example.com.",
    "QTYPE": "1",
    "XID": "51747",
    "Port": "44127",
    "BufferSize": "38",
    "PacketData": "0xCA2301000001000000000000086E786C6F676D6772076578616D706C6503636F6D0000010001",
    "AdditionalInfo": ".",
    "GUID": "{9C35DDBD-BCEF-4F3C-9F49-F95C5F79F137}",
    "EventReceivedTime": "2021-09-16T20:10:53.384883-07:00",
    "SourceModuleName": "dnsserver",
    "SourceModuleType": "im_etw",
    "HostIP": "192.168.1.36"
  },
  {
    "SourceName": "Microsoft-Windows-DNSServer",
    "ProviderGuid": "{EB79061A-A566-4698-9119-3ED2807060E7}",
    "EventID": 257,
    "Version": 0,
    "ChannelID": 16,
    "OpcodeValue": 0,
    "TaskValue": 1,
    "Keywords": "9223372036854775810",
    "EventTime": "2021-09-16T20:10:52.417312-07:00",
    "ExecutionProcessID": 2080,
    "ExecutionThreadID": 2940,
    "EventType": "INFO",
    "SeverityValue": 2,
    "Severity": "INFO",
    "Hostname": "WIN-93NOI1UVL29",
    "Domain": "NT AUTHORITY",
    "AccountName": "SYSTEM",
    "UserID": "S-1-5-18",
    "AccountType": "User",
    "Flags": "34179",
    "TCP": "0",
    "InterfaceIP": "192.168.1.36",
    "Destination": "192.168.1.7",
    "AA": "1",
    "AD": "0",
    "QNAME": "nxlogmgr.example.com.",
    "QTYPE": "1",
    "XID": "51747",
    "DNSSEC": "0",
    "RCODE": "3",
    "Port": "44127",
    "Scope": "Default",
    "Zone": "example.com",
    "PolicyName": "NULL",
    "BufferSize": "110",
    "PacketData": "0xCA2385830001000000010000086E786C6F676D6772076578616D706C6503636F6D0000010001076578616D706C6503636F6D000006000100000E1000310F77696E2D39336E6F693175766C3239000A686F73746D6173746572000000001500000384000002580001518000000E10",
    "AdditionalInfo": "VirtualizationInstance:.",
    "ElapsedTime": "0",
    "GUID": "{9C35DDBD-BCEF-4F3C-9F49-F95C5F79F137}",
    "EventReceivedTime": "2021-09-16T20:10:53.384883-07:00",
    "SourceModuleName": "dnsserver",
    "SourceModuleType": "im_etw",
    "HostIP": "192.168.1.36"
  },
  {
    "SourceName": "Microsoft-Windows-DNSServer",
    "ProviderGuid": "{EB79061A-A566-4698-9119-3ED2807060E7}",
    "EventID": 256,
    "Version": 0,
    "ChannelID": 16,
    "OpcodeValue": 0,
    "TaskValue": 1,
    "Keywords": "9223372036854775809",
    "EventTime": "2021-09-16T20:10:52.417334-07:00",
    "ExecutionProcessID": 2080,
    "ExecutionThreadID": 2940,
    "EventType": "INFO",
    "SeverityValue": 2,
    "Severity": "INFO",
    "Hostname": "WIN-93NOI1UVL29",
    "Domain": "NT AUTHORITY",
    "AccountName": "SYSTEM",
    "UserID": "S-1-5-18",
    "AccountType": "User",
    "Flags": "256",
    "TCP": "0",
    "InterfaceIP": "192.168.1.36",
    "Source": "192.168.1.7",
    "RD": "1",
    "QNAME": "nxlogmgr.example.com.",
    "QTYPE": "28",
    "XID": "33336",
    "Port": "44127",
    "BufferSize": "38",
    "PacketData": "0x823801000001000000000000086E786C6F676D6772076578616D706C6503636F6D00001C0001",
    "AdditionalInfo": ".",
    "GUID": "{1C0A86C3-6144-41E8-B9E1-47A09E18054D}",
    "EventReceivedTime": "2021-09-16T20:10:53.384883-07:00",
    "SourceModuleName": "dnsserver",
    "SourceModuleType": "im_etw",
    "HostIP": "192.168.1.36"
  },
