  {
    "SourceName": "Microsoft-Windows-DNSServer",
    "ProviderGuid": "{EB79061A-A566-4698-9119-3ED2807060E7}",
    "EventID": 279,
    "Version": 0,
    "ChannelID": 16,
    "OpcodeValue": 0,
    "TaskValue": 1,
    "Keywords": "9223372071214514176",
    "EventTime": "2021-09-16T20:12:46.061514-07:00",
    "ExecutionProcessID": 2080,
    "ExecutionThreadID": 2940,
    "EventType": "INFO",
    "SeverityValue": 2,
    "Severity": "INFO",
    "Hostname": "WIN-93NOI1UVL29",
    "Domain": "NT AUTHORITY",
    "AccountName": "SYSTEM",
    "UserID": "S-1-5-18",
    "AccountType": "User",
    "Flags": "33152",
    "TCP": "0",
    "InterfaceIP": "192.168.1.36",
    "Source": "192.168.1.7",
    "RD": "1",
    "QNAME": "s3-1-w.amazonaws.com.",
    "QTYPE": "28",
    "Port": "54259",
    "XID": "38729",
    "BufferSize": "54",
    "PacketData": "0x9749818000010001000000001368756273746166662D70726F64756374696F6E02733309616D617A6F6E61777303636F6D00001C0001",
    "EventReceivedTime": "2021-09-16T20:12:46.535659-07:00",
    "SourceModuleName": "dnsserver",
    "SourceModuleType": "im_etw",
    "HostIP": "192.168.1.36"
  },
  {
    "SourceName": "Microsoft-Windows-DNSServer",
    "ProviderGuid": "{EB79061A-A566-4698-9119-3ED2807060E7}",
    "EventID": 279,
    "Version": 0,
    "ChannelID": 16,
    "OpcodeValue": 0,
    "TaskValue": 1,
    "Keywords": "9223372071214514176",
    "EventTime": "2021-09-16T20:12:46.061519-07:00",
    "ExecutionProcessID": 2080,
    "ExecutionThreadID": 2940,
    "EventType": "INFO",
    "SeverityValue": 2,
    "Severity": "INFO",
    "Hostname": "WIN-93NOI1UVL29",
    "Domain": "NT AUTHORITY",
    "AccountName": "SYSTEM",
    "UserID": "S-1-5-18",
    "AccountType": "User",
    "Flags": "33152",
    "TCP": "0",
    "InterfaceIP": "192.168.1.36",
    "Source": "192.168.1.7",
    "RD": "1",
    "QNAME": "s3-w.us-east-1.amazonaws.com.",
    "QTYPE": "28",
    "Port": "54259",
    "XID": "38729",
    "BufferSize": "54",
    "PacketData": "0x9749818000010002000000001368756273746166662D70726F64756374696F6E02733309616D617A6F6E61777303636F6D00001C0001",
    "EventReceivedTime": "2021-09-16T20:12:46.535659-07:00",
    "SourceModuleName": "dnsserver",
    "SourceModuleType": "im_etw",
    "HostIP": "192.168.1.36"
  },
  {
    "SourceName": "Microsoft-Windows-DNSServer",
    "ProviderGuid": "{EB79061A-A566-4698-9119-3ED2807060E7}",
    "EventID": 257,
    "Version": 0,
    "ChannelID": 16,
    "OpcodeValue": 0,
    "TaskValue": 1,
    "Keywords": "9223372036854775810",
    "EventTime": "2021-09-16T20:12:46.061681-07:00",
    "ExecutionProcessID": 2080,
    "ExecutionThreadID": 2940,
    "EventType": "INFO",
    "SeverityValue": 2,
    "Severity": "INFO",
    "Hostname": "WIN-93NOI1UVL29",
    "Domain": "NT AUTHORITY",
    "AccountName": "SYSTEM",
    "UserID": "S-1-5-18",
    "AccountType": "User",
    "Flags": "33152",
    "TCP": "0",
    "InterfaceIP": "192.168.1.36",
    "Destination": "192.168.1.7",
    "AA": "0",
    "AD": "0",
    "QNAME": "hubstaff-production.s3.amazonaws.com.",
    "QTYPE": "28",
    "XID": "38729",
    "DNSSEC": "0",
    "RCODE": "0",
    "Port": "54259",
    "Scope": "Default",
    "Zone": "..Cache",
    "PolicyName": "NULL",
    "BufferSize": "182",
    "PacketData": "0x9749818000010002000100001368756273746166662D70726F64756374696F6E02733309616D617A6F6E61777303636F6D00001C0001C00C000500010000A28D00090673332D312D77C023C042000500010000012200110473332D770975732D656173742D31C023C05700060001000001220042066E732D33323809617773646E732D3431C02D11617773646E732D686F73746D617374657206616D617A6F6EC02D0000000100001C20000003840012750000000125",
    "AdditionalInfo": "VirtualizationInstance:.",
    "ElapsedTime": "0",
    "GUID": "{F9879E7A-9EAC-47D0-A440-793835429B2B}",
    "EventReceivedTime": "2021-09-16T20:12:46.535659-07:00",
    "SourceModuleName": "dnsserver",
    "SourceModuleType": "im_etw",
    "HostIP": "192.168.1.36"
  },
  {
    "SourceName": "Microsoft-Windows-DNSServer",
    "ProviderGuid": "{EB79061A-A566-4698-9119-3ED2807060E7}",
    "EventID": 256,
    "Version": 0,
    "ChannelID": 16,
    "OpcodeValue": 0,
    "TaskValue": 1,
    "Keywords": "9223372036854775809",
    "EventTime": "2021-09-16T20:12:46.095006-07:00",
    "ExecutionProcessID": 2080,
    "ExecutionThreadID": 2940,
    "EventType": "INFO",
    "SeverityValue": 2,
    "Severity": "INFO",
    "Hostname": "WIN-93NOI1UVL29",
    "Domain": "NT AUTHORITY",
    "AccountName": "SYSTEM",
    "UserID": "S-1-5-18",
    "AccountType": "User",
    "Flags": "256",
    "TCP": "0",
    "InterfaceIP": "192.168.1.36",
    "Source": "192.168.1.7",
    "RD": "1",
    "QNAME": "tick.nsit.gov.",
    "QTYPE": "1",
    "XID": "40356",
    "Port": "52697",
    "BufferSize": "31",
    "PacketData": "0x9DA401000001000000000000047469636B046E73697403676F760000010001",
    "AdditionalInfo": ".",
    "GUID": "{9E3CFB6A-2611-4FC2-8935-CD0873E30BA0}",
    "EventReceivedTime": "2021-09-16T20:12:46.535659-07:00",
    "SourceModuleName": "dnsserver",
    "SourceModuleType": "im_etw",
    "HostIP": "192.168.1.36"
  },
  {
    "SourceName": "Microsoft-Windows-DNSServer",
    "ProviderGuid": "{EB79061A-A566-4698-9119-3ED2807060E7}",
    "EventID": 260,
    "Version": 0,
    "ChannelID": 16,
    "OpcodeValue": 0,
    "TaskValue": 2,
    "Keywords": "9223372036854775824",
    "EventTime": "2021-09-16T20:12:46.095190-07:00",
    "ExecutionProcessID": 2080,
    "ExecutionThreadID": 2940,
    "EventType": "INFO",
    "SeverityValue": 2,
    "Severity": "INFO",
    "Hostname": "WIN-93NOI1UVL29",
    "Domain": "NT AUTHORITY",
    "AccountName": "SYSTEM",
    "UserID": "S-1-5-18",
    "AccountType": "User",
    "Flags": "0",
    "TCP": "0",
    "Destination": "2001:503:c27::2:30",
    "InterfaceIP": "::",
    "RD": "0",
    "QNAME": "tick.nsit.gov.",
    "QTYPE": "1",
    "QXID": "40356",
    "XID": "64668",
    "Port": "0",
    "RecursionScope": ".",
    "CacheScope": "Default",
    "PolicyName": "NULL",
    "BufferSize": "42",
    "PacketData": "0xFC9C00000001000000000001047469636B046E73697403676F7600000100010000290FA0000080000000",
    "AdditionalInfo": ".",
    "GUID": "{9E3CFB6A-2611-4FC2-8935-CD0873E30BA0}",
    "EventReceivedTime": "2021-09-16T20:12:46.535659-07:00",
    "SourceModuleName": "dnsserver",
    "SourceModuleType": "im_etw",
    "HostIP": "192.168.1.36"
  },
  {
    "SourceName": "Microsoft-Windows-DNSServer",
    "ProviderGuid": "{EB79061A-A566-4698-9119-3ED2807060E7}",
    "EventID": 261,
    "Version": 0,
    "ChannelID": 16,
    "OpcodeValue": 0,
    "TaskValue": 2,
    "Keywords": "9223372036854775840",
    "EventTime": "2021-09-16T20:12:46.350779-07:00",
    "ExecutionProcessID": 2080,
    "ExecutionThreadID": 2940,
    "EventType": "INFO",
    "SeverityValue": 2,
    "Severity": "INFO",
    "Hostname": "WIN-93NOI1UVL29",
    "Domain": "NT AUTHORITY",
    "AccountName": "SYSTEM",
    "UserID": "S-1-5-18",
    "AccountType": "User",
    "Flags": "32768",
    "TCP": "0",
    "Source": "2001:503:c27::2:30",
    "InterfaceIP": "::",
    "AA": "0",
    "AD": "0",
    "QNAME": "tick.nsit.gov.",
    "QTYPE": "1",
    "XID": "64668",
    "RecursionDepth": "1",
    "Port": "0",
    "RecursionScope": ".",
    "CacheScope": "Default",
    "BufferSize": "632",
    "PacketData": "0xFC9C80000001000000060009047469636B046E73697403676F760000010001C016000200010002A300001301610B676F762D73657276657273036E657400C016000200010002A30000040162C02DC016000200010002A30000040163C02DC016000200010002A30000040164C02DC016002B00010001518000241E1208026BC949E638442EAD0BDAF0935763C8D003760384FF15EBBD5CE86BB5559561F0C016002E0001000151800113002B08010001518061549B9061436A0068D60010F34DDC000F6D8A8E4C72B50BB1B1E2F1D699782CABA2731CA256427E46C491E9DAAEDDB3584FA4EDDBF3924839842BAB89B0A1C1AFA76CBC7A92822053ECC2EE91A5106D8E88607ED571843C2FE1ECE52650D417829E71A00BABBD0C9D60E884A6DD2EDCAA985CF14EF8DED3CB9F739E7FDCBC834CB4E10C1DE073E368C5F2404E46D6CC6D7CD55F242298285CBE09FDE8266E1EADB67C3E3CE288CE5E15B63EDAC080B29B4BCF62290666EAED3CFC02A24A922437FFC42FD6F4B4568FE10CF4C7698847EC64C8A1371016A159503269F60A9C1E0A9643636DC069E61E143776C3D4C1734242EF127C5892B00665103CAF337C85E8347CA82067611494CB16C02B000100010002A300000445249D1EC04A000100010002A3000004D1707B1EC05A000100010002A30000044524991EC06A000100010002A30000045113C21EC02B001C00010002A300001020010500443100000000000000020030C04A001C00010002A300001026200074002700000000000000020030C05A001C00010002A300001026200074002800000000000000020030C06A001C00010002A30000102620007400290000000000000002003000002904D0000080000000",
    "AdditionalInfo": ".",
    "GUID": "{9E3CFB6A-2611-4FC2-8935-CD0873E30BA0}",
    "EventReceivedTime": "2021-09-16T20:12:46.535659-07:00",
    "SourceModuleName": "dnsserver",
    "SourceModuleType": "im_etw",
    "HostIP": "192.168.1.36"
  },
  {
    "SourceName": "Microsoft-Windows-DNSServer",
    "ProviderGuid": "{EB79061A-A566-4698-9119-3ED2807060E7}",
    "EventID": 260,
    "Version": 0,
    "ChannelID": 16,
    "OpcodeValue": 0,
    "TaskValue": 2,
    "Keywords": "9223372036854775824",
    "EventTime": "2021-09-16T20:12:46.350973-07:00",
    "ExecutionProcessID": 2080,
    "ExecutionThreadID": 2940,
    "EventType": "INFO",
    "SeverityValue": 2,
    "Severity": "INFO",
    "Hostname": "WIN-93NOI1UVL29",
    "Domain": "NT AUTHORITY",
    "AccountName": "SYSTEM",
    "UserID": "S-1-5-18",
    "AccountType": "User",
    "Flags": "0",
    "TCP": "0",
    "Destination": "2620:74:28::2:30",
    "InterfaceIP": "::",
    "RD": "0",
    "QNAME": "tick.nsit.gov.",
    "QTYPE": "1",
    "QXID": "40356",
    "XID": "20638",
    "Port": "0",
    "RecursionScope": ".",
    "CacheScope": "Default",
    "PolicyName": "NULL",
    "BufferSize": "42",
    "PacketData": "0x509E00000001000000000001047469636B046E73697403676F7600000100010000290FA0000080000000",
    "AdditionalInfo": ".",
    "GUID": "{9E3CFB6A-2611-4FC2-8935-CD0873E30BA0}",
    "EventReceivedTime": "2021-09-16T20:12:46.535659-07:00",
    "SourceModuleName": "dnsserver",
    "SourceModuleType": "im_etw",
    "HostIP": "192.168.1.36"
  },
  {
    "SourceName": "Microsoft-Windows-DNSServer",
    "ProviderGuid": "{EB79061A-A566-4698-9119-3ED2807060E7}",
    "EventID": 261,
    "Version": 0,
    "ChannelID": 16,
    "OpcodeValue": 0,
    "TaskValue": 2,
    "Keywords": "9223372036854775840",
    "EventTime": "2021-09-16T20:12:46.403857-07:00",
    "ExecutionProcessID": 2080,
    "ExecutionThreadID": 2940,
    "EventType": "INFO",
    "SeverityValue": 2,
    "Severity": "INFO",
    "Hostname": "WIN-93NOI1UVL29",
    "Domain": "NT AUTHORITY",
    "AccountName": "SYSTEM",
    "UserID": "S-1-5-18",
    "AccountType": "User",
    "Flags": "33795",
    "TCP": "0",
    "Source": "2620:74:28::2:30",
    "InterfaceIP": "::",
    "AA": "1",
    "AD": "0",
    "QNAME": "tick.nsit.gov.",
    "QTYPE": "1",
    "XID": "20638",
    "RecursionDepth": "2",
    "Port": "0",
    "RecursionScope": ".",
    "CacheScope": "Default",
    "BufferSize": "1142",
    "PacketData": "0x509E84030001000000080001047469636B046E73697403676F760000010001C0160006000100015180003E01610B676F762D73657276657273036E65740004696E666F0C766572697369676E2D67727303636F6D006144073A00000E1000000384001BAF8000015180C016002E00010001518000B70006080100015180614D23426143E8C2E18703676F7600189ACBFBFC0C187C04531AADC2297C122BE47F3A8055ABC01C62B0D6FAC0283FF1BD6142CB35A55C71A19CC951F6442FF0C72D1AC1D23DF966FCC32CE4CAB352F98EF54E3F35F4EAA53E307629720EB6567526CC478BB443496F253E097760D68F6B7912F75DE10C6918B95A1594739E136B403DEF11EE1E2C03DC06CBAA012CB0A6810104746E08E84E9CC7C118CDCDB1CD40E5ACB31D4DAE923E2AAC477CA4203537384554313653374C544E5351315430414D4D3231474C32304F4A35473736C0160032000100015180002901000008064C44934802D31429D112DFA274B51174CC776B772EFDA945D03BA8000722000000000290C12C002E00010001518000B70032080200015180614ADDFD6141A37DE18703676F76008AC8BFAE82018E26F98C45E9084CAD1C0E0FE683B5D6B4D05B42D3BB9ACDB8E389F88E5513FE05D66B57FC66DFC515158A96A074C489CD9A7CB26FC3837990614C8094AA66B47B1E465ED9F66DE1A7F7FDCBF1376B36BAD3FF8225E1418269E7A2CEE76BD26F8A25834FC2A164C869E3A683B540274570EE8DB42FA51350FCD07FEF3F206D28C9EF4FD8103CCEF99E3404183B8276EE99BD45FF9BFA6EA94D782064336D6E61343965353067696775333331747074616C72313767386F35706370C0160032000100015180002301000008064C44934802D314691B6897875C2E2079B9BCB7EBD9B97371E33051000120C245002E00010001518000B70032080200015180614ADE2C6141A3ACE18703676F7600B1F94A3C9401F4285AC7E5A3D9DEF422045ADB778C504ECF66F56FA55DEE00ED5D89968E2A2297E556D45FC2BC1AD0C2BF7DB660A1804AD69CB3F2073E2C8166AE6D01EE4B1B27D14949E58913D4419F06C741AAAE37E32CEF3A6519CABF93D2DFFE9661643CFCE5698F010FC1B56FC516F77EEC09990410E2ACFF5286EA9FA31D767842B5C650371114E7D79D83D80C8E3CC3C957A06D4C0CB32BA905E8139F206B61363930666E61746E69716964373870766A6838623239746234703362696FC0160032000100015180002301000008064C44934802D314A2B2F0363F82B9E23B04B7CDC2D32551537AACFA000120C358002E00010001518000B70032080200015180614ADDEA6141A36AE18703676F7600217CB7C01013B21A933D7FCECCBE158FFD221FAE98737FBEE5EDA7486D26AA018CC27EC4361D71AB2047E04BE47750C9AAB048DC3E3F4940E1DF8554099D62B008E57590910B4F9AB9664CD6075B289DB6CBF83EC1ED2A3C23F1CD44069F565ECF9F632FD50C0E82D07BE6D897F0B2D749B45114EB045E8BBEF81046CE8D27824023FBDC4CD44111A7CCBAE4A1EA38BF12B8BCD419CC4A8988536AE10E28A1840000291000000080000000",
    "AdditionalInfo": ".",
    "GUID": "{9E3CFB6A-2611-4FC2-8935-CD0873E30BA0}",
    "EventReceivedTime": "2021-09-16T20:12:46.535659-07:00",
    "SourceModuleName": "dnsserver",
    "SourceModuleType": "im_etw",
    "HostIP": "192.168.1.36"
  },
  {
    "SourceName": "Microsoft-Windows-DNSServer",
    "ProviderGuid": "{EB79061A-A566-4698-9119-3ED2807060E7}",
    "EventID": 257,
    "Version": 0,
    "ChannelID": 16,
    "OpcodeValue": 0,
    "TaskValue": 1,
    "Keywords": "9223372036854775810",
    "EventTime": "2021-09-16T20:12:46.403989-07:00",
    "ExecutionProcessID": 2080,
    "ExecutionThreadID": 2940,
    "EventType": "INFO",
    "SeverityValue": 2,
    "Severity": "INFO",
    "Hostname": "WIN-93NOI1UVL29",
    "Domain": "NT AUTHORITY",
    "AccountName": "SYSTEM",
    "UserID": "S-1-5-18",
    "AccountType": "User",
    "Flags": "33155",
    "TCP": "0",
    "InterfaceIP": "192.168.1.36",
    "Destination": "192.168.1.7",
    "AA": "0",
    "AD": "0",
    "QNAME": "tick.nsit.gov.",
    "QTYPE": "1",
    "XID": "40356",
    "DNSSEC": "0",
    "RCODE": "3",
    "Port": "52697",
    "Scope": "Default",
    "Zone": "..Cache",
    "PolicyName": "NULL",
    "BufferSize": "105",
    "PacketData": "0x9DA481830001000000010000047469636B046E73697403676F760000010001C0160006000100000384003E01610B676F762D73657276657273036E65740004696E666F0C766572697369676E2D67727303636F6D006144073A00000E1000000384001BAF8000015180",
    "AdditionalInfo": "VirtualizationInstance:.",
    "ElapsedTime": "309",
    "GUID": "{9E3CFB6A-2611-4FC2-8935-CD0873E30BA0}",
    "EventReceivedTime": "2021-09-16T20:12:46.548738-07:00",
    "SourceModuleName": "dnsserver",
    "SourceModuleType": "im_etw",
    "HostIP": "192.168.1.36"
  },
  {
    "SourceName": "Microsoft-Windows-DNSServer",
    "ProviderGuid": "{EB79061A-A566-4698-9119-3ED2807060E7}",
    "EventID": 256,
    "Version": 0,
    "ChannelID": 16,
    "OpcodeValue": 0,
    "TaskValue": 1,
    "Keywords": "9223372036854775809",
    "EventTime": "2021-09-16T20:12:51.259501-07:00",
    "ExecutionProcessID": 2080,
    "ExecutionThreadID": 2940,
    "EventType": "INFO",
    "SeverityValue": 2,
    "Severity": "INFO",
    "Hostname": "WIN-93NOI1UVL29",
    "Domain": "NT AUTHORITY",
    "AccountName": "SYSTEM",
    "UserID": "S-1-5-18",
    "AccountType": "User",
    "Flags": "256",
    "TCP": "0",
    "InterfaceIP": "192.168.1.36",
    "Source": "192.168.1.7",
    "RD": "1",
    "QNAME": "tick.nist.gov.",
    "QTYPE": "1",
    "XID": "61249",
    "Port": "60794",
    "BufferSize": "31",
    "PacketData": "0xEF4101000001000000000000047469636B046E69737403676F760000010001",
    "AdditionalInfo": ".",
    "GUID": "{4B1B1E44-5984-4526-B89D-04219F46C694}",
    "EventReceivedTime": "2021-09-16T20:12:52.252259-07:00",
    "SourceModuleName": "dnsserver",
    "SourceModuleType": "im_etw",
    "HostIP": "192.168.1.36"
  },
  {
    "SourceName": "Microsoft-Windows-DNSServer",
    "ProviderGuid": "{EB79061A-A566-4698-9119-3ED2807060E7}",
    "EventID": 260,
    "Version": 0,
    "ChannelID": 16,
    "OpcodeValue": 0,
    "TaskValue": 2,
    "Keywords": "9223372036854775824",
    "EventTime": "2021-09-16T20:12:51.259652-07:00",
    "ExecutionProcessID": 2080,
    "ExecutionThreadID": 2940,
    "EventType": "INFO",
    "SeverityValue": 2,
    "Severity": "INFO",
    "Hostname": "WIN-93NOI1UVL29",
    "Domain": "NT AUTHORITY",
    "AccountName": "SYSTEM",
    "UserID": "S-1-5-18",
    "AccountType": "User",
    "Flags": "0",
    "TCP": "0",
    "Destination": "209.112.123.30",
    "InterfaceIP": "0.0.0.0",
    "RD": "0",
    "QNAME": "tick.nist.gov.",
    "QTYPE": "1",
    "QXID": "61249",
    "XID": "64412",
    "Port": "0",
    "RecursionScope": ".",
    "CacheScope": "Default",
    "PolicyName": "NULL",
    "BufferSize": "42",
    "PacketData": "0xFB9C00000001000000000001047469636B046E69737403676F7600000100010000290FA0000080000000",
    "AdditionalInfo": ".",
    "GUID": "{4B1B1E44-5984-4526-B89D-04219F46C694}",
    "EventReceivedTime": "2021-09-16T20:12:52.252259-07:00",
    "SourceModuleName": "dnsserver",
    "SourceModuleType": "im_etw",
    "HostIP": "192.168.1.36"
  },
  {
    "SourceName": "Microsoft-Windows-DNSServer",
    "ProviderGuid": "{EB79061A-A566-4698-9119-3ED2807060E7}",
    "EventID": 261,
    "Version": 0,
    "ChannelID": 16,
    "OpcodeValue": 0,
    "TaskValue": 2,
    "Keywords": "9223372036854775840",
    "EventTime": "2021-09-16T20:12:51.296938-07:00",
    "ExecutionProcessID": 2080,
    "ExecutionThreadID": 2940,
    "EventType": "INFO",
    "SeverityValue": 2,
    "Severity": "INFO",
    "Hostname": "WIN-93NOI1UVL29",
    "Domain": "NT AUTHORITY",
    "AccountName": "SYSTEM",
    "UserID": "S-1-5-18",
    "AccountType": "User",
    "Flags": "32768",
    "TCP": "0",
    "Source": "209.112.123.30",
    "InterfaceIP": "0.0.0.0",
    "AA": "0",
    "AD": "0",
    "QNAME": "tick.nist.gov.",
    "QTYPE": "1",
    "XID": "64412",
    "RecursionDepth": "1",
    "Port": "0",
    "RecursionScope": ".",
    "CacheScope": "Default",
    "BufferSize": "718",
    "PacketData": "0xFB9C800000010000000A000B047469636B046E69737403676F760000010001C0110002000100015180000603676561C011C011000200010001518000070467656132C011C0110002000100015180000603626561C011C011000200010001518000070467656133C011C011000200010001518000070462656132C011C011002B000100000E100018CD23070141FB8043F5695CD3FB4B19CB4FF7083524ADEC59C011002B000100000E10002484DE0702F378CDAF7B41BEA12CA2732A8E203DFC8458331B6FB9EA8A666ABEAC4DE1DEF0C011002B000100000E100024CD23070289558E424B73D58C2F0CE91B0380B23016CADEE8F5FA3C9554814C406F954F1DC011002B000100000E10001884DE0701CE7F1942DE1C96F123FD32C7A46524CC75AC8B8CC011002E000100000E1000B7002B080200000E10614ADDF36141A373E18703676F76004BB1A810F742C19BAFE8A9B4B6B167DE8185C47B2680D6DD5EB72F2C6D69CCD201C0EC30AD44E8ED8D13A2D21B129ADED1F4221E5DBB0EDD2D2CAFA3886765B00CF9A04ED4039CEDC96AEBD3F3DC51D536CCB022C858EDE95B63CB248F4ADA9EBD79E25BAA0ECB5F31AB7DEB99D4FE1DEBD9484BC8B2153AE253D14FEF5D573E3720AA03ED25A85FB18B10855D5E368180657469E9447D4FC3BBB89E78DD6E23C02B0001000100015180000481060D03C02B001C000100015180001026100020600500130000000000000003C03D0001000100015180000481060D04C03D001C000100015180001026100020600500130000000000000004C0500001000100015180000484A3040AC050001C0001000151800010261000206B0100040000000000000010C0620001000100015180000481060EC1C062001C000100015180001026100020600521920000000000000193C0750001000100015180000484A3040BC075001C0001000151800010261000206B01000400000000000000110000291000000080000000",
    "AdditionalInfo": ".",
    "GUID": "{4B1B1E44-5984-4526-B89D-04219F46C694}",
    "EventReceivedTime": "2021-09-16T20:12:52.252259-07:00",
    "SourceModuleName": "dnsserver",
    "SourceModuleType": "im_etw",
    "HostIP": "192.168.1.36"
  },
  {
    "SourceName": "Microsoft-Windows-DNSServer",
    "ProviderGuid": "{EB79061A-A566-4698-9119-3ED2807060E7}",
    "EventID": 260,
    "Version": 0,
    "ChannelID": 16,
    "OpcodeValue": 0,
    "TaskValue": 2,
    "Keywords": "9223372036854775824",
    "EventTime": "2021-09-16T20:12:51.298067-07:00",
    "ExecutionProcessID": 2080,
    "ExecutionThreadID": 2940,
    "EventType": "INFO",
    "SeverityValue": 2,
    "Severity": "INFO",
    "Hostname": "WIN-93NOI1UVL29",
    "Domain": "NT AUTHORITY",
    "AccountName": "SYSTEM",
    "UserID": "S-1-5-18",
    "AccountType": "User",
    "Flags": "0",
    "TCP": "0",
    "Destination": "2610:20:6005:13::4",
    "InterfaceIP": "::",
    "RD": "0",
    "QNAME": "tick.nist.gov.",
    "QTYPE": "1",
    "QXID": "61249",
    "XID": "995",
    "Port": "0",
    "RecursionScope": ".",
    "CacheScope": "Default",
    "PolicyName": "NULL",
    "BufferSize": "42",
    "PacketData": "0x03E300000001000000000001047469636B046E69737403676F7600000100010000290FA0000080000000",
    "AdditionalInfo": ".",
    "GUID": "{4B1B1E44-5984-4526-B89D-04219F46C694}",
    "EventReceivedTime": "2021-09-16T20:12:52.252259-07:00",
    "SourceModuleName": "dnsserver",
    "SourceModuleType": "im_etw",
    "HostIP": "192.168.1.36"
  },
  {
    "SourceName": "Microsoft-Windows-DNSServer",
    "ProviderGuid": "{EB79061A-A566-4698-9119-3ED2807060E7}",
    "EventID": 261,
    "Version": 0,
    "ChannelID": 16,
    "OpcodeValue": 0,
    "TaskValue": 2,
    "Keywords": "9223372036854775840",
    "EventTime": "2021-09-16T20:12:51.335675-07:00",
    "ExecutionProcessID": 2080,
    "ExecutionThreadID": 2940,
    "EventType": "INFO",
    "SeverityValue": 2,
    "Severity": "INFO",
    "Hostname": "WIN-93NOI1UVL29",
    "Domain": "NT AUTHORITY",
    "AccountName": "SYSTEM",
    "UserID": "S-1-5-18",
    "AccountType": "User",
    "Flags": "33792",
    "TCP": "0",
    "Source": "2610:20:6005:13::4",
    "InterfaceIP": "::",
    "AA": "1",
    "AD": "0",
    "QNAME": "tick.nist.gov.",
    "QTYPE": "1",
    "XID": "995",
    "RecursionDepth": "2",
    "Port": "0",
    "RecursionScope": ".",
    "CacheScope": "Default",
    "BufferSize": "1037",
    "PacketData": "0x03E384000001000000080001047469636B046E69737403676F760000010001203455384A55504B304D42384D5349444E37545352534F4B4D3050564D354E4946C011003200010000012C00300100000A0D44854351BF7744A000C2D5F07714279AB9597ACDB55AF53CA6BCE7B1AC8E6EAD608B000762018008000290C01F002E00010000012C009C003207030000012C614C09C06142CA46C551046E69737403676F76004A13D193D395D5E7DE5D54EA92B09AFCEA70CD3A30C4BABF254D8B7E3ABB132D2D0D2C3198371ADC4F894F2672E76551BB63E34724ACC1649891A4ED25BC849054F34F366F82BD6C62751C0AD2534D36101CC5D8C666D0CF2021AEEC8B810EC7DF28D023CD198B05D7AA8829E2EA3716C61E8414F58F0A6A29D96CA5316332A420414135394946354A4D51364652414C4945465241435151525538394D4C514B37C09A003200010000012C002F0100000A0D44854351BF7744A000C2D5F07714529EFAAD2463EAEFF518AF690E808B6912EEA67C0006000080000002C124002E00010000012C009C003207030000012C614C19156142DDD5C551046E69737403676F76007544A630AD5E30265C55E82B67F9249AB9246B0808C91B5B633DA26F7409521A58739F37204399C583936AA264E5B98562C8EF19E8F705439761E48C27B1218E82D2D7AD72B04C29D4488EB93EF18CBBA4F568E88827D00DD6F0F67FF12CB71CB7364AB68125086DB1010F249F455C221A0D512A05D2A53B89F097FCC44E42F620424C4B543850383438365439493435353331454F555541534941365532313053C19E003200010000012C002F0100000A0D44854351BF7744A000C2D5F077145D6CEABFBEAFF6A73A38903FE2AE5D63FE1960060006000080000002C228002E00010000012C009C003207030000012C614C24696142DC20C551046E69737403676F7600A52E7A9379F15D935963CCD8508003629DBACEAEE5076C1DAF6691C766C5D4CED28136386274D8CA33D2CBF7072B16B502EA2AC1A124B90FD69EDFFE9037C5879C1C48D8B7AF3C41E4CA367C74B33531113436E773F809203250DC1E40C41AE94116CF8E04073B2302F72542E46385F5809BCD56EB4E32CDCC337883CE2DC412C2A2000600010000012C002202676DC2A2066E65746F7073C2A2002D182400002A30000004380024EA000000012CC2A2002E00010000012C009C0006070200000708614D3E266143F596C551046E69737403676F76007FB12C9486F3C045E9654D44E2D6F00F43838EA076FF3109D4356B728ED1678BF97783DC48CEE31A9C4FC91DDDD1EC5A702ADC1E8C88D8F14D00096A366ED8DC46F6FC6E2E996CEADF82E1F5D5E12B5E70C4C4B4B7A695782F2A85AC467E17881D1CD97EDFAB941BC4176E482F3F710A80F83095C77EE19ECE4563029EBAD9290000291000000080000000",
    "AdditionalInfo": ".",
    "GUID": "{4B1B1E44-5984-4526-B89D-04219F46C694}",
    "EventReceivedTime": "2021-09-16T20:12:52.252259-07:00",
    "SourceModuleName": "dnsserver",
    "SourceModuleType": "im_etw",
    "HostIP": "192.168.1.36"
  },
  {
    "SourceName": "Microsoft-Windows-DNSServer",
    "ProviderGuid": "{EB79061A-A566-4698-9119-3ED2807060E7}",
    "EventID": 257,
    "Version": 0,
    "ChannelID": 16,
    "OpcodeValue": 0,
    "TaskValue": 1,
    "Keywords": "9223372036854775810",
    "EventTime": "2021-09-16T20:12:51.335820-07:00",
    "ExecutionProcessID": 2080,
    "ExecutionThreadID": 2940,
    "EventType": "INFO",
    "SeverityValue": 2,
    "Severity": "INFO",
    "Hostname": "WIN-93NOI1UVL29",
    "Domain": "NT AUTHORITY",
    "AccountName": "SYSTEM",
    "UserID": "S-1-5-18",
    "AccountType": "User",
    "Flags": "33152",
    "TCP": "0",
    "InterfaceIP": "192.168.1.36",
    "Destination": "192.168.1.7",
    "AA": "0",
    "AD": "0",
    "QNAME": "tick.nist.gov.",
    "QTYPE": "1",
    "XID": "61249",
    "DNSSEC": "0",
    "RCODE": "0",
    "Port": "60794",
    "Scope": "Default",
    "Zone": "..Cache",
    "PolicyName": "NULL",
    "BufferSize": "77",
    "PacketData": "0xEF4181800001000000010000047469636B046E69737403676F760000010001C011000600010000012B002202676DC011066E65746F7073C011002D182400002A30000004380024EA000000012C",
    "AdditionalInfo": "VirtualizationInstance:.",
    "ElapsedTime": "77",
    "GUID": "{4B1B1E44-5984-4526-B89D-04219F46C694}",
    "EventReceivedTime": "2021-09-16T20:12:52.252259-07:00",
    "SourceModuleName": "dnsserver",
    "SourceModuleType": "im_etw",
    "HostIP": "192.168.1.36"
  },
  {
    "SourceName": "Microsoft-Windows-DNSServer",
    "ProviderGuid": "{EB79061A-A566-4698-9119-3ED2807060E7}",
    "EventID": 256,
    "Version": 0,
    "ChannelID": 16,
    "OpcodeValue": 0,
    "TaskValue": 1,
    "Keywords": "9223372036854775809",
    "EventTime": "2021-09-16T20:12:51.336266-07:00",
    "ExecutionProcessID": 2080,
    "ExecutionThreadID": 2940,
    "EventType": "INFO",
    "SeverityValue": 2,
    "Severity": "INFO",
    "Hostname": "WIN-93NOI1UVL29",
    "Domain": "NT AUTHORITY",
    "AccountName": "SYSTEM",
    "UserID": "S-1-5-18",
    "AccountType": "User",
    "Flags": "256",
    "TCP": "0",
    "InterfaceIP": "192.168.1.36",
    "Source": "192.168.1.7",
    "RD": "1",
    "QNAME": "tick.nist.gov.",
    "QTYPE": "28",
    "XID": "49373",
    "Port": "51652",
    "BufferSize": "31",
    "PacketData": "0xC0DD01000001000000000000047469636B046E69737403676F7600001C0001",
    "AdditionalInfo": ".",
    "GUID": "{3A26445D-6446-4A20-A35D-1C87EAF6B7B4}",
    "EventReceivedTime": "2021-09-16T20:12:52.252259-07:00",
    "SourceModuleName": "dnsserver",
    "SourceModuleType": "im_etw",
    "HostIP": "192.168.1.36"
  },
  {
    "SourceName": "Microsoft-Windows-DNSServer",
    "ProviderGuid": "{EB79061A-A566-4698-9119-3ED2807060E7}",
    "EventID": 260,
    "Version": 0,
    "ChannelID": 16,
    "OpcodeValue": 0,
    "TaskValue": 2,
    "Keywords": "9223372036854775824",
    "EventTime": "2021-09-16T20:12:51.336364-07:00",
    "ExecutionProcessID": 2080,
    "ExecutionThreadID": 2940,
    "EventType": "INFO",
    "SeverityValue": 2,
    "Severity": "INFO",
    "Hostname": "WIN-93NOI1UVL29",
    "Domain": "NT AUTHORITY",
    "AccountName": "SYSTEM",
    "UserID": "S-1-5-18",
    "AccountType": "User",
    "Flags": "0",
    "TCP": "0",
    "Destination": "129.6.13.4",
    "InterfaceIP": "0.0.0.0",
    "RD": "0",
    "QNAME": "tick.nist.gov.",
    "QTYPE": "28",
    "QXID": "49373",
    "XID": "52580",
    "Port": "0",
    "RecursionScope": ".",
    "CacheScope": "Default",
    "PolicyName": "NULL",
    "BufferSize": "42",
    "PacketData": "0xCD6400000001000000000001047469636B046E69737403676F7600001C00010000290FA0000080000000",
    "AdditionalInfo": ".",
    "GUID": "{3A26445D-6446-4A20-A35D-1C87EAF6B7B4}",
    "EventReceivedTime": "2021-09-16T20:12:52.252259-07:00",
    "SourceModuleName": "dnsserver",
    "SourceModuleType": "im_etw",
    "HostIP": "192.168.1.36"
  },
  {
    "SourceName": "Microsoft-Windows-DNSServer",
    "ProviderGuid": "{EB79061A-A566-4698-9119-3ED2807060E7}",
    "EventID": 261,
    "Version": 0,
    "ChannelID": 16,
    "OpcodeValue": 0,
    "TaskValue": 2,
    "Keywords": "9223372036854775840",
    "EventTime": "2021-09-16T20:12:51.376102-07:00",
    "ExecutionProcessID": 2080,
    "ExecutionThreadID": 2940,
    "EventType": "INFO",
    "SeverityValue": 2,
    "Severity": "INFO",
    "Hostname": "WIN-93NOI1UVL29",
    "Domain": "NT AUTHORITY",
    "AccountName": "SYSTEM",
    "UserID": "S-1-5-18",
    "AccountType": "User",
    "Flags": "33792",
    "TCP": "0",
    "Source": "129.6.13.4",
    "InterfaceIP": "0.0.0.0",
    "AA": "1",
    "AD": "0",
    "QNAME": "tick.nist.gov.",
    "QTYPE": "28",
    "XID": "52580",
    "RecursionDepth": "1",
    "Port": "0",
    "RecursionScope": ".",
    "CacheScope": "Default",
    "BufferSize": "1037",
    "PacketData": "0xCD6484000001000000080001047469636B046E69737403676F7600001C0001203455384A55504B304D42384D5349444E37545352534F4B4D3050564D354E4946C011003200010000012C00300100000A0D44854351BF7744A000C2D5F07714279AB9597ACDB55AF53CA6BCE7B1AC8E6EAD608B000762018008000290C01F002E00010000012C009C003207030000012C614C09C06142CA46C551046E69737403676F76004A13D193D395D5E7DE5D54EA92B09AFCEA70CD3A30C4BABF254D8B7E3ABB132D2D0D2C3198371ADC4F894F2672E76551BB63E34724ACC1649891A4ED25BC849054F34F366F82BD6C62751C0AD2534D36101CC5D8C666D0CF2021AEEC8B810EC7DF28D023CD198B05D7AA8829E2EA3716C61E8414F58F0A6A29D96CA5316332A420414135394946354A4D51364652414C4945465241435151525538394D4C514B37C09A003200010000012C002F0100000A0D44854351BF7744A000C2D5F07714529EFAAD2463EAEFF518AF690E808B6912EEA67C0006000080000002C124002E00010000012C009C003207030000012C614C19156142DDD5C551046E69737403676F76007544A630AD5E30265C55E82B67F9249AB9246B0808C91B5B633DA26F7409521A58739F37204399C583936AA264E5B98562C8EF19E8F705439761E48C27B1218E82D2D7AD72B04C29D4488EB93EF18CBBA4F568E88827D00DD6F0F67FF12CB71CB7364AB68125086DB1010F249F455C221A0D512A05D2A53B89F097FCC44E42F620424C4B543850383438365439493435353331454F555541534941365532313053C19E003200010000012C002F0100000A0D44854351BF7744A000C2D5F077145D6CEABFBEAFF6A73A38903FE2AE5D63FE1960060006000080000002C228002E00010000012C009C003207030000012C614C24696142DC20C551046E69737403676F7600A52E7A9379F15D935963CCD8508003629DBACEAEE5076C1DAF6691C766C5D4CED28136386274D8CA33D2CBF7072B16B502EA2AC1A124B90FD69EDFFE9037C5879C1C48D8B7AF3C41E4CA367C74B33531113436E773F809203250DC1E40C41AE94116CF8E04073B2302F72542E46385F5809BCD56EB4E32CDCC337883CE2DC412C2A2000600010000012C002202676DC2A2066E65746F7073C2A2002D182400002A30000004380024EA000000012CC2A2002E00010000012C009C0006070200000708614D3E266143F596C551046E69737403676F76007FB12C9486F3C045E9654D44E2D6F00F43838EA076FF3109D4356B728ED1678BF97783DC48CEE31A9C4FC91DDDD1EC5A702ADC1E8C88D8F14D00096A366ED8DC46F6FC6E2E996CEADF82E1F5D5E12B5E70C4C4B4B7A695782F2A85AC467E17881D1CD97EDFAB941BC4176E482F3F710A80F83095C77EE19ECE4563029EBAD9290000291000000080000000",
    "AdditionalInfo": ".",
    "GUID": "{3A26445D-6446-4A20-A35D-1C87EAF6B7B4}",
    "EventReceivedTime": "2021-09-16T20:12:52.252259-07:00",
    "SourceModuleName": "dnsserver",
    "SourceModuleType": "im_etw",
    "HostIP": "192.168.1.36"
  },
  {
    "SourceName": "Microsoft-Windows-DNSServer",
    "ProviderGuid": "{EB79061A-A566-4698-9119-3ED2807060E7}",
    "EventID": 257,
    "Version": 0,
    "ChannelID": 16,
    "OpcodeValue": 0,
    "TaskValue": 1,
    "Keywords": "9223372036854775810",
    "EventTime": "2021-09-16T20:12:51.382119-07:00",
    "ExecutionProcessID": 2080,
    "ExecutionThreadID": 2940,
    "EventType": "INFO",
    "SeverityValue": 2,
    "Severity": "INFO",
    "Hostname": "WIN-93NOI1UVL29",
    "Domain": "NT AUTHORITY",
    "AccountName": "SYSTEM",
    "UserID": "S-1-5-18",
    "AccountType": "User",
    "Flags": "33152",
    "TCP": "0",
    "InterfaceIP": "192.168.1.36",
    "Destination": "192.168.1.7",
    "AA": "0",
    "AD": "0",
    "QNAME": "tick.nist.gov.",
    "QTYPE": "28",
    "XID": "49373",
    "DNSSEC": "0",
    "RCODE": "0",
    "Port": "51652",
    "Scope": "Default",
    "Zone": "..Cache",
    "PolicyName": "NULL",
    "BufferSize": "77",
    "PacketData": "0xC0DD81800001000000010000047469636B046E69737403676F7600001C0001C011000600010000012C002202676DC011066E65746F7073C011002D182400002A30000004380024EA000000012C",
    "AdditionalInfo": "VirtualizationInstance:.",
    "ElapsedTime": "40",
    "GUID": "{3A26445D-6446-4A20-A35D-1C87EAF6B7B4}",
    "EventReceivedTime": "2021-09-16T20:12:52.252259-07:00",
    "SourceModuleName": "dnsserver",
    "SourceModuleType": "im_etw",
    "HostIP": "192.168.1.36"
  },
  {
    "SourceName": "Microsoft-Windows-DNSServer",
    "ProviderGuid": "{EB79061A-A566-4698-9119-3ED2807060E7}",
    "EventID": 256,
    "Version": 0,
    "ChannelID": 16,
    "OpcodeValue": 0,
    "TaskValue": 1,
    "Keywords": "9223372036854775809",
    "EventTime": "2021-09-16T20:13:10.779204-07:00",
    "ExecutionProcessID": 2080,
    "ExecutionThreadID": 2940,
    "EventType": "INFO",
    "SeverityValue": 2,
    "Severity": "INFO",
    "Hostname": "WIN-93NOI1UVL29",
    "Domain": "NT AUTHORITY",
    "AccountName": "SYSTEM",
    "UserID": "S-1-5-18",
    "AccountType": "User",
    "Flags": "256",
    "TCP": "0",
    "InterfaceIP": "192.168.1.36",
    "Source": "192.168.1.7",
    "RD": "1",
    "QNAME": "tick.ntp.org.",
    "QTYPE": "1",
    "XID": "49787",
    "Port": "55746",
    "BufferSize": "30",
    "PacketData": "0xC27B01000001000000000000047469636B036E7470036F72670000010001",
    "AdditionalInfo": ".",
    "GUID": "{CA42C32A-BC57-4BE2-9F94-97553BFCA3AC}",
    "EventReceivedTime": "2021-09-16T20:13:11.783840-07:00",
    "SourceModuleName": "dnsserver",
    "SourceModuleType": "im_etw",
    "HostIP": "192.168.1.36"
  },
  {
    "SourceName": "Microsoft-Windows-DNSServer",
    "ProviderGuid": "{EB79061A-A566-4698-9119-3ED2807060E7}",
    "EventID": 260,
    "Version": 0,
    "ChannelID": 16,
    "OpcodeValue": 0,
    "TaskValue": 2,
    "Keywords": "9223372036854775824",
    "EventTime": "2021-09-16T20:13:10.779331-07:00",
    "ExecutionProcessID": 2080,
    "ExecutionThreadID": 2940,
    "EventType": "INFO",
    "SeverityValue": 2,
    "Severity": "INFO",
    "Hostname": "WIN-93NOI1UVL29",
    "Domain": "NT AUTHORITY",
    "AccountName": "SYSTEM",
    "UserID": "S-1-5-18",
    "AccountType": "User",
    "Flags": "0",
    "TCP": "0",
    "Destination": "66.220.13.229",
    "InterfaceIP": "0.0.0.0",
    "RD": "0",
    "QNAME": "tick.ntp.org.",
    "QTYPE": "1",
    "QXID": "49787",
    "XID": "12285",
    "Port": "0",
    "RecursionScope": ".",
    "CacheScope": "Default",
    "PolicyName": "NULL",
    "BufferSize": "41",
    "PacketData": "0x2FFD00000001000000000001047469636B036E7470036F726700000100010000290FA0000080000000",
    "AdditionalInfo": ".",
    "GUID": "{CA42C32A-BC57-4BE2-9F94-97553BFCA3AC}",
    "EventReceivedTime": "2021-09-16T20:13:11.783840-07:00",
    "SourceModuleName": "dnsserver",
    "SourceModuleType": "im_etw",
    "HostIP": "192.168.1.36"
  },
  {
    "SourceName": "Microsoft-Windows-DNSServer",
    "ProviderGuid": "{EB79061A-A566-4698-9119-3ED2807060E7}",
    "EventID": 261,
    "Version": 0,
    "ChannelID": 16,
    "OpcodeValue": 0,
    "TaskValue": 2,
    "Keywords": "9223372036854775840",
    "EventTime": "2021-09-16T20:13:10.840737-07:00",
    "ExecutionProcessID": 2080,
    "ExecutionThreadID": 2940,
    "EventType": "INFO",
    "SeverityValue": 2,
    "Severity": "INFO",
    "Hostname": "WIN-93NOI1UVL29",
    "Domain": "NT AUTHORITY",
    "AccountName": "SYSTEM",
    "UserID": "S-1-5-18",
    "AccountType": "User",
    "Flags": "33792",
    "TCP": "0",
    "Source": "66.220.13.229",
    "InterfaceIP": "0.0.0.0",
    "AA": "1",
    "AD": "0",
    "QNAME": "tick.ntp.org.",
    "QTYPE": "1",
    "XID": "12285",
    "RecursionDepth": "1",
    "Port": "0",
    "RecursionScope": ".",
    "CacheScope": "Default",
    "BufferSize": "100",
    "PacketData": "0x2FFD84000001000000010001047469636B036E7470036F72670000010001C0110006000100000E10002F036E73310765766572657474C0150A706F73746D6173746572C011787743F4000151800000384000093A8000000E100000291000000080000000",
    "AdditionalInfo": ".",
    "GUID": "{CA42C32A-BC57-4BE2-9F94-97553BFCA3AC}",
    "EventReceivedTime": "2021-09-16T20:13:11.783840-07:00",
    "SourceModuleName": "dnsserver",
    "SourceModuleType": "im_etw",
    "HostIP": "192.168.1.36"
  },
  {
    "SourceName": "Microsoft-Windows-DNSServer",
    "ProviderGuid": "{EB79061A-A566-4698-9119-3ED2807060E7}",
    "EventID": 257,
    "Version": 0,
    "ChannelID": 16,
    "OpcodeValue": 0,
    "TaskValue": 1,
    "Keywords": "9223372036854775810",
    "EventTime": "2021-09-16T20:13:10.840964-07:00",
    "ExecutionProcessID": 2080,
    "ExecutionThreadID": 2940,
    "EventType": "INFO",
    "SeverityValue": 2,
    "Severity": "INFO",
    "Hostname": "WIN-93NOI1UVL29",
    "Domain": "NT AUTHORITY",
    "AccountName": "SYSTEM",
    "UserID": "S-1-5-18",
    "AccountType": "User",
    "Flags": "33152",
    "TCP": "0",
    "InterfaceIP": "192.168.1.36",
    "Destination": "192.168.1.7",
    "AA": "0",
    "AD": "0",
    "QNAME": "tick.ntp.org.",
    "QTYPE": "1",
    "XID": "49787",
    "DNSSEC": "0",
    "RCODE": "0",
    "Port": "55746",
    "Scope": "Default",
    "Zone": "..Cache",
    "PolicyName": "NULL",
    "BufferSize": "89",
    "PacketData": "0xC27B81800001000000010000047469636B036E7470036F72670000010001C0110006000100000384002F036E73310765766572657474C0150A706F73746D6173746572C011787743F4000151800000384000093A8000000E10",
    "AdditionalInfo": "VirtualizationInstance:.",
    "ElapsedTime": "62",
    "GUID": "{CA42C32A-BC57-4BE2-9F94-97553BFCA3AC}",
    "EventReceivedTime": "2021-09-16T20:13:11.783840-07:00",
    "SourceModuleName": "dnsserver",
    "SourceModuleType": "im_etw",
    "HostIP": "192.168.1.36"
  },
  {
    "SourceName": "Microsoft-Windows-DNSServer",
    "ProviderGuid": "{EB79061A-A566-4698-9119-3ED2807060E7}",
    "EventID": 256,
    "Version": 0,
    "ChannelID": 16,
    "OpcodeValue": 0,
    "TaskValue": 1,
    "Keywords": "9223372036854775809",
    "EventTime": "2021-09-16T20:13:10.842208-07:00",
    "ExecutionProcessID": 2080,
    "ExecutionThreadID": 2940,
    "EventType": "INFO",
    "SeverityValue": 2,
    "Severity": "INFO",
    "Hostname": "WIN-93NOI1UVL29",
    "Domain": "NT AUTHORITY",
    "AccountName": "SYSTEM",
    "UserID": "S-1-5-18",
    "AccountType": "User",
    "Flags": "256",
    "TCP": "0",
    "InterfaceIP": "192.168.1.36",
    "Source": "192.168.1.7",
    "RD": "1",
    "QNAME": "tick.ntp.org.",
    "QTYPE": "28",
    "XID": "177",
    "Port": "35573",
    "BufferSize": "30",
    "PacketData": "0x00B101000001000000000000047469636B036E7470036F726700001C0001",
    "AdditionalInfo": ".",
    "GUID": "{75D591E1-C30A-433A-BC90-7F8EA44F03AB}",
    "EventReceivedTime": "2021-09-16T20:13:11.783840-07:00",
    "SourceModuleName": "dnsserver",
    "SourceModuleType": "im_etw",
    "HostIP": "192.168.1.36"
  },
  {
    "SourceName": "Microsoft-Windows-DNSServer",
    "ProviderGuid": "{EB79061A-A566-4698-9119-3ED2807060E7}",
    "EventID": 260,
    "Version": 0,
    "ChannelID": 16,
    "OpcodeValue": 0,
    "TaskValue": 2,
    "Keywords": "9223372036854775824",
    "EventTime": "2021-09-16T20:13:10.843394-07:00",
    "ExecutionProcessID": 2080,
    "ExecutionThreadID": 2940,
    "EventType": "INFO",
    "SeverityValue": 2,
    "Severity": "INFO",
    "Hostname": "WIN-93NOI1UVL29",
    "Domain": "NT AUTHORITY",
    "AccountName": "SYSTEM",
    "UserID": "S-1-5-18",
    "AccountType": "User",
    "Flags": "0",
    "TCP": "0",
    "Destination": "66.220.13.229",
    "InterfaceIP": "0.0.0.0",
    "RD": "0",
    "QNAME": "tick.ntp.org.",
    "QTYPE": "28",
    "QXID": "177",
    "XID": "4006",
    "Port": "0",
    "RecursionScope": ".",
    "CacheScope": "Default",
    "PolicyName": "NULL",
    "BufferSize": "41",
    "PacketData": "0x0FA600000001000000000001047469636B036E7470036F726700001C00010000290FA0000080000000",
    "AdditionalInfo": ".",
    "GUID": "{75D591E1-C30A-433A-BC90-7F8EA44F03AB}",
    "EventReceivedTime": "2021-09-16T20:13:11.783840-07:00",
    "SourceModuleName": "dnsserver",
    "SourceModuleType": "im_etw",
    "HostIP": "192.168.1.36"
  },
  {
    "SourceName": "Microsoft-Windows-DNSServer",
    "ProviderGuid": "{EB79061A-A566-4698-9119-3ED2807060E7}",
    "EventID": 261,
    "Version": 0,
    "ChannelID": 16,
    "OpcodeValue": 0,
    "TaskValue": 2,
    "Keywords": "9223372036854775840",
    "EventTime": "2021-09-16T20:13:10.904470-07:00",
    "ExecutionProcessID": 2080,
    "ExecutionThreadID": 2940,
    "EventType": "INFO",
    "SeverityValue": 2,
    "Severity": "INFO",
    "Hostname": "WIN-93NOI1UVL29",
    "Domain": "NT AUTHORITY",
    "AccountName": "SYSTEM",
    "UserID": "S-1-5-18",
    "AccountType": "User",
    "Flags": "33792",
    "TCP": "0",
    "Source": "66.220.13.229",
    "InterfaceIP": "0.0.0.0",
    "AA": "1",
    "AD": "0",
    "QNAME": "tick.ntp.org.",
    "QTYPE": "28",
    "XID": "4006",
    "RecursionDepth": "1",
    "Port": "0",
    "RecursionScope": ".",
    "CacheScope": "Default",
    "BufferSize": "100",
    "PacketData": "0x0FA684000001000000010001047469636B036E7470036F726700001C0001C0110006000100000E10002F036E73310765766572657474C0150A706F73746D6173746572C011787743F4000151800000384000093A8000000E100000291000000080000000",
    "AdditionalInfo": ".",
    "GUID": "{75D591E1-C30A-433A-BC90-7F8EA44F03AB}",
    "EventReceivedTime": "2021-09-16T20:13:11.799237-07:00",
    "SourceModuleName": "dnsserver",
    "SourceModuleType": "im_etw",
    "HostIP": "192.168.1.36"
  },
  {
    "SourceName": "Microsoft-Windows-DNSServer",
    "ProviderGuid": "{EB79061A-A566-4698-9119-3ED2807060E7}",
    "EventID": 257,
    "Version": 0,
    "ChannelID": 16,
    "OpcodeValue": 0,
    "TaskValue": 1,
    "Keywords": "9223372036854775810",
    "EventTime": "2021-09-16T20:13:10.906072-07:00",
    "ExecutionProcessID": 2080,
    "ExecutionThreadID": 2940,
    "EventType": "INFO",
    "SeverityValue": 2,
    "Severity": "INFO",
    "Hostname": "WIN-93NOI1UVL29",
    "Domain": "NT AUTHORITY",
    "AccountName": "SYSTEM",
    "UserID": "S-1-5-18",
    "AccountType": "User",
    "Flags": "33152",
    "TCP": "0",
    "InterfaceIP": "192.168.1.36",
    "Destination": "192.168.1.7",
    "AA": "0",
    "AD": "0",
    "QNAME": "tick.ntp.org.",
    "QTYPE": "28",
    "XID": "177",
    "DNSSEC": "0",
    "RCODE": "0",
    "Port": "35573",
    "Scope": "Default",
    "Zone": "..Cache",
    "PolicyName": "NULL",
    "BufferSize": "89",
    "PacketData": "0x00B181800001000000010000047469636B036E7470036F726700001C0001C0110006000100000384002F036E73310765766572657474C0150A706F73746D6173746572C011787743F4000151800000384000093A8000000E10",
    "AdditionalInfo": "VirtualizationInstance:.",
    "ElapsedTime": "63",
    "GUID": "{75D591E1-C30A-433A-BC90-7F8EA44F03AB}",
    "EventReceivedTime": "2021-09-16T20:13:11.799237-07:00",
    "SourceModuleName": "dnsserver",
    "SourceModuleType": "im_etw",
    "HostIP": "192.168.1.36"
  },
  {
    "SourceName": "Microsoft-Windows-DNSServer",
    "ProviderGuid": "{EB79061A-A566-4698-9119-3ED2807060E7}",
    "EventID": 256,
    "Version": 0,
    "ChannelID": 16,
    "OpcodeValue": 0,
    "TaskValue": 1,
    "Keywords": "9223372036854775809",
    "EventTime": "2021-09-16T20:13:59.807782-07:00",
    "ExecutionProcessID": 2080,
    "ExecutionThreadID": 2940,
    "EventType": "INFO",
    "SeverityValue": 2,
    "Severity": "INFO",
    "Hostname": "WIN-93NOI1UVL29",
    "Domain": "NT AUTHORITY",
    "AccountName": "SYSTEM",
    "UserID": "S-1-5-18",
    "AccountType": "User",
    "Flags": "256",
    "TCP": "0",
    "InterfaceIP": "2601:442:4400:82a:b8a3:7b53:d4bf:98bf",
    "Source": "2601:442:4400:82a:b8a3:7b53:d4bf:98bf",
    "RD": "1",
    "QNAME": "f.b.8.9.f.b.4.d.3.5.b.7.3.a.8.b.a.2.8.0.0.0.4.4.2.4.4.0.1.0.6.2.ip6.arpa.",
    "QTYPE": "12",
    "XID": "1",
    "Port": "56418",
    "BufferSize": "90",
    "PacketData": "0x0001010000010000000000000166016201380139016601620134016401330135016201370133016101380162016101320138013001300130013401340132013401340130013101300136013203697036046172706100000C0001",
    "AdditionalInfo": ".",
    "GUID": "{E2D46116-6B84-4CEE-8285-A4BA7AE2E1EB}",
    "EventReceivedTime": "2021-09-16T20:14:00.797866-07:00",
    "SourceModuleName": "dnsserver",
    "SourceModuleType": "im_etw",
    "HostIP": "192.168.1.36"
  },
  {
    "SourceName": "Microsoft-Windows-DNSServer",
    "ProviderGuid": "{EB79061A-A566-4698-9119-3ED2807060E7}",
    "EventID": 257,
    "Version": 0,
    "ChannelID": 16,
    "OpcodeValue": 0,
    "TaskValue": 1,
    "Keywords": "9223372036854775810",
    "EventTime": "2021-09-16T20:13:59.807828-07:00",
    "ExecutionProcessID": 2080,
    "ExecutionThreadID": 2940,
    "EventType": "INFO",
    "SeverityValue": 2,
    "Severity": "INFO",
    "Hostname": "WIN-93NOI1UVL29",
    "Domain": "NT AUTHORITY",
    "AccountName": "SYSTEM",
    "UserID": "S-1-5-18",
    "AccountType": "User",
    "Flags": "33155",
    "TCP": "0",
    "InterfaceIP": "2601:442:4400:82a:b8a3:7b53:d4bf:98bf",
    "Destination": "2601:442:4400:82a:b8a3:7b53:d4bf:98bf",
    "AA": "0",
    "AD": "0",
    "QNAME": "f.b.8.9.f.b.4.d.3.5.b.7.3.a.8.b.a.2.8.0.0.0.4.4.2.4.4.0.1.0.6.2.ip6.arpa.",
    "QTYPE": "12",
    "XID": "1",
    "DNSSEC": "0",
    "RCODE": "3",
    "Port": "56418",
    "Scope": "Default",
    "Zone": "..Cache",
    "PolicyName": "NULL",
    "BufferSize": "171",
    "PacketData": "0x0001818300010000000100000166016201380139016601620134016401330135016201370133016101380162016101320138013001300130013401340132013401340130013101300136013203697036046172706100000C0001C042000600010000028C004506646E7331303107636F6D63617374036E65740009646E736D61737465720D636F6D636173746F6E6C696E6503636F6D00780C9EE200001C200000012C00093A8000000384",
    "AdditionalInfo": "VirtualizationInstance:.",
    "ElapsedTime": "1",
    "GUID": "{E2D46116-6B84-4CEE-8285-A4BA7AE2E1EB}",
    "EventReceivedTime": "2021-09-16T20:14:00.797866-07:00",
    "SourceModuleName": "dnsserver",
    "SourceModuleType": "im_etw",
    "HostIP": "192.168.1.36"
  },
  {
    "SourceName": "Microsoft-Windows-DNSServer",
    "ProviderGuid": "{EB79061A-A566-4698-9119-3ED2807060E7}",
    "EventID": 256,
    "Version": 0,
    "ChannelID": 16,
    "OpcodeValue": 0,
    "TaskValue": 1,
    "Keywords": "9223372036854775809",
    "EventTime": "2021-09-16T20:13:59.809830-07:00",
    "ExecutionProcessID": 2080,
    "ExecutionThreadID": 2940,
    "EventType": "INFO",
    "SeverityValue": 2,
    "Severity": "INFO",
    "Hostname": "WIN-93NOI1UVL29",
    "Domain": "NT AUTHORITY",
    "AccountName": "SYSTEM",
    "UserID": "S-1-5-18",
    "AccountType": "User",
    "Flags": "256",
    "TCP": "0",
    "InterfaceIP": "2601:442:4400:82a:b8a3:7b53:d4bf:98bf",
    "Source": "2601:442:4400:82a:b8a3:7b53:d4bf:98bf",
    "RD": "1",
    "QNAME": "www.usno.navy.mil.v6.example.com.",
    "QTYPE": "1",
    "XID": "2",
    "Port": "56419",
    "BufferSize": "50",
    "PacketData": "0x000201000001000000000000037777770475736E6F046E617679036D696C027636076578616D706C6503636F6D0000010001",
    "AdditionalInfo": ".",
    "GUID": "{D76AF5E0-C45F-4142-A37F-DB72A16137B2}",
    "EventReceivedTime": "2021-09-16T20:14:00.797866-07:00",
    "SourceModuleName": "dnsserver",
    "SourceModuleType": "im_etw",
    "HostIP": "192.168.1.36"
  },
  {
    "SourceName": "Microsoft-Windows-DNSServer",
    "ProviderGuid": "{EB79061A-A566-4698-9119-3ED2807060E7}",
    "EventID": 257,
    "Version": 0,
    "ChannelID": 16,
    "OpcodeValue": 0,
    "TaskValue": 1,
    "Keywords": "9223372036854775810",
    "EventTime": "2021-09-16T20:13:59.809865-07:00",
    "ExecutionProcessID": 2080,
    "ExecutionThreadID": 2940,
    "EventType": "INFO",
    "SeverityValue": 2,
    "Severity": "INFO",
    "Hostname": "WIN-93NOI1UVL29",
    "Domain": "NT AUTHORITY",
    "AccountName": "SYSTEM",
    "UserID": "S-1-5-18",
    "AccountType": "User",
    "Flags": "34179",
    "TCP": "0",
    "InterfaceIP": "2601:442:4400:82a:b8a3:7b53:d4bf:98bf",
    "Destination": "2601:442:4400:82a:b8a3:7b53:d4bf:98bf",
    "AA": "1",
    "AD": "0",
    "QNAME": "www.usno.navy.mil.v6.example.com.",
    "QTYPE": "1",
    "XID": "2",
    "DNSSEC": "0",
    "RCODE": "3",
    "Port": "56419",
    "Scope": "Default",
    "Zone": "example.com",
    "PolicyName": "NULL",
    "BufferSize": "122",
    "PacketData": "0x000285830001000000010000037777770475736E6F046E617679036D696C027636076578616D706C6503636F6D0000010001076578616D706C6503636F6D000006000100000E1000310F77696E2D39336E6F693175766C3239000A686F73746D6173746572000000001500000384000002580001518000000E10",
    "AdditionalInfo": "VirtualizationInstance:.",
    "ElapsedTime": "0",
    "GUID": "{D76AF5E0-C45F-4142-A37F-DB72A16137B2}",
    "EventReceivedTime": "2021-09-16T20:14:00.797866-07:00",
    "SourceModuleName": "dnsserver",
    "SourceModuleType": "im_etw",
    "HostIP": "192.168.1.36"
  },
