  {
    "SourceName": "Microsoft-Windows-DNSServer",
    "ProviderGuid": "{EB79061A-A566-4698-9119-3ED2807060E7}",
    "EventID": 257,
    "Version": 0,
    "ChannelID": 16,
    "OpcodeValue": 0,
    "TaskValue": 1,
    "Keywords": "9223372036854775810",
    "EventTime": "2021-09-16T20:11:37.213672-07:00",
    "ExecutionProcessID": 2080,
    "ExecutionThreadID": 2940,
    "EventType": "INFO",
    "SeverityValue": 2,
    "Severity": "INFO",
    "Hostname": "WIN-93NOI1UVL29",
    "Domain": "NT AUTHORITY",
    "AccountName": "SYSTEM",
    "UserID": "S-1-5-18",
    "AccountType": "User",
    "Flags": "33152",
    "TCP": "0",
    "InterfaceIP": "192.168.1.36",
    "Destination": "192.168.1.7",
    "AA": "0",
    "AD": "0",
    "QNAME": "www.youtube.com.",
    "QTYPE": "1",
    "XID": "30590",
    "DNSSEC": "0",
    "RCODE": "0",
    "Port": "54657",
    "Scope": "Default",
    "Zone": "..Cache",
    "PolicyName": "NULL",
    "BufferSize": "291",
    "PacketData": "0x777E81800001000F000000000377777707796F757475626503636F6D0000010001C00C000500010001518000160A796F75747562652D7569016C06676F6F676C65C018C02D000100010000012C00048EFABFEEC02D000100010000012C00048EFB200EC02D000100010000012C00048EFABE0EC02D000100010000012C00048EFABE2EC02D000100010000012C00048EFABE4EC02D000100010000012C00048EFABE6EC02D000100010000012C00048EFABE8EC02D000100010000012C0004ACD9042EC02D000100010000012C0004ACD9050EC02D000100010000012C0004ACD904CEC02D000100010000012C00048EFABF6EC02D000100010000012C00048EFABF8EC02D000100010000012C00048EFABFAEC02D000100010000012C00048EFABFCE",
    "AdditionalInfo": "VirtualizationInstance:.",
    "ElapsedTime": "119",
    "GUID": "{D105A5CE-09CB-4AC4-BEFF-C7069B3747E8}",
    "EventReceivedTime": "2021-09-16T20:11:37.571827-07:00",
    "SourceModuleName": "dnsserver",
    "SourceModuleType": "im_etw",
    "HostIP": "192.168.1.36"
  },
  {
    "SourceName": "Microsoft-Windows-DNSServer",
    "ProviderGuid": "{EB79061A-A566-4698-9119-3ED2807060E7}",
    "EventID": 256,
    "Version": 0,
    "ChannelID": 16,
    "OpcodeValue": 0,
    "TaskValue": 1,
    "Keywords": "9223372036854775809",
    "EventTime": "2021-09-16T20:11:37.219640-07:00",
    "ExecutionProcessID": 2080,
    "ExecutionThreadID": 2940,
    "EventType": "INFO",
    "SeverityValue": 2,
    "Severity": "INFO",
    "Hostname": "WIN-93NOI1UVL29",
    "Domain": "NT AUTHORITY",
    "AccountName": "SYSTEM",
    "UserID": "S-1-5-18",
    "AccountType": "User",
    "Flags": "256",
    "TCP": "0",
    "InterfaceIP": "192.168.1.36",
    "Source": "192.168.1.7",
    "RD": "1",
    "QNAME": "m.youtube.com.",
    "QTYPE": "1",
    "XID": "26471",
    "Port": "54873",
    "BufferSize": "31",
    "PacketData": "0x676701000001000000000000016D07796F757475626503636F6D0000010001",
    "AdditionalInfo": ".",
    "GUID": "{FADF55AB-82A7-432B-A843-79536C8654BD}",
    "EventReceivedTime": "2021-09-16T20:11:37.571827-07:00",
    "SourceModuleName": "dnsserver",
    "SourceModuleType": "im_etw",
    "HostIP": "192.168.1.36"
  },
  {
    "SourceName": "Microsoft-Windows-DNSServer",
    "ProviderGuid": "{EB79061A-A566-4698-9119-3ED2807060E7}",
    "EventID": 260,
    "Version": 0,
    "ChannelID": 16,
    "OpcodeValue": 0,
    "TaskValue": 2,
    "Keywords": "9223372036854775824",
    "EventTime": "2021-09-16T20:11:37.220908-07:00",
    "ExecutionProcessID": 2080,
    "ExecutionThreadID": 2940,
    "EventType": "INFO",
    "SeverityValue": 2,
    "Severity": "INFO",
    "Hostname": "WIN-93NOI1UVL29",
    "Domain": "NT AUTHORITY",
    "AccountName": "SYSTEM",
    "UserID": "S-1-5-18",
    "AccountType": "User",
    "Flags": "0",
    "TCP": "0",
    "Destination": "216.239.36.10",
    "InterfaceIP": "0.0.0.0",
    "RD": "0",
    "QNAME": "m.youtube.com.",
    "QTYPE": "1",
    "QXID": "26471",
    "XID": "64715",
    "Port": "0",
    "RecursionScope": ".",
    "CacheScope": "Default",
    "PolicyName": "NULL",
    "BufferSize": "42",
    "PacketData": "0xFCCB00000001000000000001016D07796F757475626503636F6D00000100010000290FA0000080000000",
    "AdditionalInfo": ".",
    "GUID": "{FADF55AB-82A7-432B-A843-79536C8654BD}",
    "EventReceivedTime": "2021-09-16T20:11:37.571827-07:00",
    "SourceModuleName": "dnsserver",
    "SourceModuleType": "im_etw",
    "HostIP": "192.168.1.36"
  },
  {
    "SourceName": "Microsoft-Windows-DNSServer",
    "ProviderGuid": "{EB79061A-A566-4698-9119-3ED2807060E7}",
    "EventID": 261,
    "Version": 0,
    "ChannelID": 16,
    "OpcodeValue": 0,
    "TaskValue": 2,
    "Keywords": "9223372036854775840",
    "EventTime": "2021-09-16T20:11:37.238030-07:00",
    "ExecutionProcessID": 2080,
    "ExecutionThreadID": 2940,
    "EventType": "INFO",
    "SeverityValue": 2,
    "Severity": "INFO",
    "Hostname": "WIN-93NOI1UVL29",
    "Domain": "NT AUTHORITY",
    "AccountName": "SYSTEM",
    "UserID": "S-1-5-18",
    "AccountType": "User",
    "Flags": "33824",
    "TCP": "0",
    "Source": "205.251.196.236",
    "InterfaceIP": "0.0.0.0",
    "AA": "1",
    "AD": "1",
    "QNAME": "detectportal.prod.mozaws.NET.",
    "QTYPE": "1",
    "XID": "49638",
    "RecursionDepth": "5",
    "Port": "0",
    "RecursionScope": ".",
    "CacheScope": "Default",
    "BufferSize": "247",
    "PacketData": "0xC1E6842000010001000400010C646574656374706F7274616C0470726F64066D6F7A617773034E45540000010001C00C000500010000012C00290470726F640C646574656374706F7274616C0470726F6408636C6F75646F7073066D6F7A676370C025C019000200010002A3000017076E732D3132363009617773646E732D3239036F726700C019000200010002A3000019076E732D3139383609617773646E732D353602636F02756B00C019000200010002A3000016066E732D33373709617773646E732D343703636F6D00C019000200010002A3000013066E732D36313409617773646E732D3132C0250000291000000080000000",
    "AdditionalInfo": ".",
    "GUID": "{D61F2043-1C2D-4B3E-94A4-EAF81616484A}",
    "EventReceivedTime": "2021-09-16T20:11:37.571827-07:00",
    "SourceModuleName": "dnsserver",
    "SourceModuleType": "im_etw",
    "HostIP": "192.168.1.36"
  },
  {
    "SourceName": "Microsoft-Windows-DNSServer",
    "ProviderGuid": "{EB79061A-A566-4698-9119-3ED2807060E7}",
    "EventID": 279,
    "Version": 0,
    "ChannelID": 16,
    "OpcodeValue": 0,
    "TaskValue": 1,
    "Keywords": "9223372071214514176",
    "EventTime": "2021-09-16T20:11:37.238136-07:00",
    "ExecutionProcessID": 2080,
    "ExecutionThreadID": 2940,
    "EventType": "INFO",
    "SeverityValue": 2,
    "Severity": "INFO",
    "Hostname": "WIN-93NOI1UVL29",
    "Domain": "NT AUTHORITY",
    "AccountName": "SYSTEM",
    "UserID": "S-1-5-18",
    "AccountType": "User",
    "Flags": "33152",
    "TCP": "0",
    "InterfaceIP": "192.168.1.36",
    "Source": "192.168.1.7",
    "RD": "1",
    "QNAME": "prod.detectportal.prod.cloudops.mozgcp.net.",
    "QTYPE": "1",
    "Port": "59937",
    "XID": "53380",
    "BufferSize": "42",
    "PacketData": "0xD084818000010002000000000C646574656374706F7274616C0766697265666F7803636F6D0000010001",
    "EventReceivedTime": "2021-09-16T20:11:37.571827-07:00",
    "SourceModuleName": "dnsserver",
    "SourceModuleType": "im_etw",
    "HostIP": "192.168.1.36"
  },
  {
    "SourceName": "Microsoft-Windows-DNSServer",
    "ProviderGuid": "{EB79061A-A566-4698-9119-3ED2807060E7}",
    "EventID": 260,
    "Version": 0,
    "ChannelID": 16,
    "OpcodeValue": 0,
    "TaskValue": 2,
    "Keywords": "9223372036854775824",
    "EventTime": "2021-09-16T20:11:37.238688-07:00",
    "ExecutionProcessID": 2080,
    "ExecutionThreadID": 2940,
    "EventType": "INFO",
    "SeverityValue": 2,
    "Severity": "INFO",
    "Hostname": "WIN-93NOI1UVL29",
    "Domain": "NT AUTHORITY",
    "AccountName": "SYSTEM",
    "UserID": "S-1-5-18",
    "AccountType": "User",
    "Flags": "0",
    "TCP": "0",
    "Destination": "216.239.38.10",
    "InterfaceIP": "0.0.0.0",
    "RD": "0",
    "QNAME": "ns-cloud-c1.googledomains.com.",
    "QTYPE": "1",
    "QXID": "1",
    "XID": "18295",
    "Port": "0",
    "RecursionScope": ".",
    "CacheScope": "Default",
    "PolicyName": "NULL",
    "BufferSize": "58",
    "PacketData": "0x4777000000010000000000010B6E732D636C6F75642D63310D676F6F676C65646F6D61696E7303636F6D00000100010000290FA0000080000000",
    "AdditionalInfo": ".",
    "GUID": "{00000000-0000-0000-0000-000000000000}",
    "EventReceivedTime": "2021-09-16T20:11:37.571827-07:00",
    "SourceModuleName": "dnsserver",
    "SourceModuleType": "im_etw",
    "HostIP": "192.168.1.36"
  },
  {
    "SourceName": "Microsoft-Windows-DNSServer",
    "ProviderGuid": "{EB79061A-A566-4698-9119-3ED2807060E7}",
    "EventID": 261,
    "Version": 0,
    "ChannelID": 16,
    "OpcodeValue": 0,
    "TaskValue": 2,
    "Keywords": "9223372036854775840",
    "EventTime": "2021-09-16T20:11:37.243498-07:00",
    "ExecutionProcessID": 2080,
    "ExecutionThreadID": 2940,
    "EventType": "INFO",
    "SeverityValue": 2,
    "Severity": "INFO",
    "Hostname": "WIN-93NOI1UVL29",
    "Domain": "NT AUTHORITY",
    "AccountName": "SYSTEM",
    "UserID": "S-1-5-18",
    "AccountType": "User",
    "Flags": "33792",
    "TCP": "0",
    "Source": "2001:4860:4802:38::a",
    "InterfaceIP": "::",
    "AA": "1",
    "AD": "0",
    "QNAME": "ns-cloud-c1.googledomains.com.",
    "QTYPE": "1",
    "XID": "64533",
    "RecursionDepth": "2",
    "Port": "0",
    "RecursionScope": ".",
    "CacheScope": "Default",
    "BufferSize": "74",
    "PacketData": "0xFC15840000010001000000010B6E732D636C6F75642D63310D676F6F676C65646F6D61696E7303636F6D0000010001C00C00010001000546000004D8EF206C0000290200000080000000",
    "AdditionalInfo": ".",
    "GUID": "{00000000-0000-0000-0000-000000000000}",
    "EventReceivedTime": "2021-09-16T20:11:37.571827-07:00",
    "SourceModuleName": "dnsserver",
    "SourceModuleType": "im_etw",
    "HostIP": "192.168.1.36"
  },
  {
    "SourceName": "Microsoft-Windows-DNSServer",
    "ProviderGuid": "{EB79061A-A566-4698-9119-3ED2807060E7}",
    "EventID": 260,
    "Version": 0,
    "ChannelID": 16,
    "OpcodeValue": 0,
    "TaskValue": 2,
    "Keywords": "9223372036854775824",
    "EventTime": "2021-09-16T20:11:37.244463-07:00",
    "ExecutionProcessID": 2080,
    "ExecutionThreadID": 2940,
    "EventType": "INFO",
    "SeverityValue": 2,
    "Severity": "INFO",
    "Hostname": "WIN-93NOI1UVL29",
    "Domain": "NT AUTHORITY",
    "AccountName": "SYSTEM",
    "UserID": "S-1-5-18",
    "AccountType": "User",
    "Flags": "0",
    "TCP": "0",
    "Destination": "216.239.32.108",
    "InterfaceIP": "0.0.0.0",
    "RD": "0",
    "QNAME": "prod.detectportal.prod.cloudops.mozgcp.NET.",
    "QTYPE": "28",
    "QXID": "30064",
    "XID": "6040",
    "Port": "0",
    "RecursionScope": ".",
    "CacheScope": "Default",
    "PolicyName": "NULL",
    "BufferSize": "71",
    "PacketData": "0x1798000000010000000000010470726F640C646574656374706F7274616C0470726F6408636C6F75646F7073066D6F7A676370034E455400001C00010000290FA0000080000000",
    "AdditionalInfo": ".",
    "GUID": "{77E5BC84-6F69-4896-9B42-8F71AAD8C038}",
    "EventReceivedTime": "2021-09-16T20:11:37.571827-07:00",
    "SourceModuleName": "dnsserver",
    "SourceModuleType": "im_etw",
    "HostIP": "192.168.1.36"
  },
  {
    "SourceName": "Microsoft-Windows-DNSServer",
    "ProviderGuid": "{EB79061A-A566-4698-9119-3ED2807060E7}",
    "EventID": 261,
    "Version": 0,
    "ChannelID": 16,
    "OpcodeValue": 0,
    "TaskValue": 2,
    "Keywords": "9223372036854775840",
    "EventTime": "2021-09-16T20:11:37.257375-07:00",
    "ExecutionProcessID": 2080,
    "ExecutionThreadID": 2940,
    "EventType": "INFO",
    "SeverityValue": 2,
    "Severity": "INFO",
    "Hostname": "WIN-93NOI1UVL29",
    "Domain": "NT AUTHORITY",
    "AccountName": "SYSTEM",
    "UserID": "S-1-5-18",
    "AccountType": "User",
    "Flags": "33792",
    "TCP": "0",
    "Source": "216.239.36.10",
    "InterfaceIP": "0.0.0.0",
    "AA": "1",
    "AD": "0",
    "QNAME": "m.youtube.com.",
    "QTYPE": "1",
    "XID": "64715",
    "RecursionDepth": "1",
    "Port": "0",
    "RecursionScope": ".",
    "CacheScope": "Default",
    "BufferSize": "58",
    "PacketData": "0xFCCB84000001000100000001016D07796F757475626503636F6D0000010001C00C000100010000012C00048EFABF8E0000290200000080000000",
    "AdditionalInfo": ".",
    "GUID": "{FADF55AB-82A7-432B-A843-79536C8654BD}",
    "EventReceivedTime": "2021-09-16T20:11:37.571827-07:00",
    "SourceModuleName": "dnsserver",
    "SourceModuleType": "im_etw",
    "HostIP": "192.168.1.36"
  },
  {
    "SourceName": "Microsoft-Windows-DNSServer",
    "ProviderGuid": "{EB79061A-A566-4698-9119-3ED2807060E7}",
    "EventID": 257,
    "Version": 0,
    "ChannelID": 16,
    "OpcodeValue": 0,
    "TaskValue": 1,
    "Keywords": "9223372036854775810",
    "EventTime": "2021-09-16T20:11:37.257567-07:00",
    "ExecutionProcessID": 2080,
    "ExecutionThreadID": 2940,
    "EventType": "INFO",
    "SeverityValue": 2,
    "Severity": "INFO",
    "Hostname": "WIN-93NOI1UVL29",
    "Domain": "NT AUTHORITY",
    "AccountName": "SYSTEM",
    "UserID": "S-1-5-18",
    "AccountType": "User",
    "Flags": "33152",
    "TCP": "0",
    "InterfaceIP": "192.168.1.36",
    "Destination": "192.168.1.7",
    "AA": "0",
    "AD": "0",
    "QNAME": "m.youtube.com.",
    "QTYPE": "1",
    "XID": "26471",
    "DNSSEC": "0",
    "RCODE": "0",
    "Port": "54873",
    "Scope": "Default",
    "Zone": "..Cache",
    "PolicyName": "NULL",
    "BufferSize": "47",
    "PacketData": "0x676781800001000100000000016D07796F757475626503636F6D0000010001C00C000100010000012C00048EFABF8E",
    "AdditionalInfo": "VirtualizationInstance:.",
    "ElapsedTime": "38",
    "GUID": "{FADF55AB-82A7-432B-A843-79536C8654BD}",
    "EventReceivedTime": "2021-09-16T20:11:37.571827-07:00",
    "SourceModuleName": "dnsserver",
    "SourceModuleType": "im_etw",
    "HostIP": "192.168.1.36"
  },
  {
    "SourceName": "Microsoft-Windows-DNSServer",
    "ProviderGuid": "{EB79061A-A566-4698-9119-3ED2807060E7}",
    "EventID": 256,
    "Version": 0,
    "ChannelID": 16,
    "OpcodeValue": 0,
    "TaskValue": 1,
    "Keywords": "9223372036854775809",
    "EventTime": "2021-09-16T20:11:37.263621-07:00",
    "ExecutionProcessID": 2080,
    "ExecutionThreadID": 2940,
    "EventType": "INFO",
    "SeverityValue": 2,
    "Severity": "INFO",
    "Hostname": "WIN-93NOI1UVL29",
    "Domain": "NT AUTHORITY",
    "AccountName": "SYSTEM",
    "UserID": "S-1-5-18",
    "AccountType": "User",
    "Flags": "256",
    "TCP": "0",
    "InterfaceIP": "192.168.1.36",
    "Source": "192.168.1.7",
    "RD": "1",
    "QNAME": "youtubei.googleapis.com.",
    "QTYPE": "1",
    "XID": "52984",
    "Port": "36470",
    "BufferSize": "41",
    "PacketData": "0xCEF80100000100000000000008796F7574756265690A676F6F676C656170697303636F6D0000010001",
    "AdditionalInfo": ".",
    "GUID": "{999E5393-7239-49E6-ABE3-A146DEA4A56A}",
    "EventReceivedTime": "2021-09-16T20:11:37.587444-07:00",
    "SourceModuleName": "dnsserver",
    "SourceModuleType": "im_etw",
    "HostIP": "192.168.1.36"
  },
  {
    "SourceName": "Microsoft-Windows-DNSServer",
    "ProviderGuid": "{EB79061A-A566-4698-9119-3ED2807060E7}",
    "EventID": 260,
    "Version": 0,
    "ChannelID": 16,
    "OpcodeValue": 0,
    "TaskValue": 2,
    "Keywords": "9223372036854775824",
    "EventTime": "2021-09-16T20:11:37.264617-07:00",
    "ExecutionProcessID": 2080,
    "ExecutionThreadID": 2940,
    "EventType": "INFO",
    "SeverityValue": 2,
    "Severity": "INFO",
    "Hostname": "WIN-93NOI1UVL29",
    "Domain": "NT AUTHORITY",
    "AccountName": "SYSTEM",
    "UserID": "S-1-5-18",
    "AccountType": "User",
    "Flags": "0",
    "TCP": "0",
    "Destination": "2001:501:b1f9::30",
    "InterfaceIP": "::",
    "RD": "0",
    "QNAME": "youtubei.googleapis.com.",
    "QTYPE": "1",
    "QXID": "52984",
    "XID": "58143",
    "Port": "0",
    "RecursionScope": ".",
    "CacheScope": "Default",
    "PolicyName": "NULL",
    "BufferSize": "52",
    "PacketData": "0xE31F0000000100000000000108796F7574756265690A676F6F676C656170697303636F6D00000100010000290FA0000080000000",
    "AdditionalInfo": ".",
    "GUID": "{999E5393-7239-49E6-ABE3-A146DEA4A56A}",
    "EventReceivedTime": "2021-09-16T20:11:37.587444-07:00",
    "SourceModuleName": "dnsserver",
    "SourceModuleType": "im_etw",
    "HostIP": "192.168.1.36"
  },
  {
    "SourceName": "Microsoft-Windows-DNSServer",
    "ProviderGuid": "{EB79061A-A566-4698-9119-3ED2807060E7}",
    "EventID": 261,
    "Version": 0,
    "ChannelID": 16,
    "OpcodeValue": 0,
    "TaskValue": 2,
    "Keywords": "9223372036854775840",
    "EventTime": "2021-09-16T20:11:37.280036-07:00",
    "ExecutionProcessID": 2080,
    "ExecutionThreadID": 2940,
    "EventType": "INFO",
    "SeverityValue": 2,
    "Severity": "INFO",
    "Hostname": "WIN-93NOI1UVL29",
    "Domain": "NT AUTHORITY",
    "AccountName": "SYSTEM",
    "UserID": "S-1-5-18",
    "AccountType": "User",
    "Flags": "33792",
    "TCP": "0",
    "Source": "216.239.38.10",
    "InterfaceIP": "0.0.0.0",
    "AA": "1",
    "AD": "0",
    "QNAME": "ns-cloud-c1.googledomains.com.",
    "QTYPE": "1",
    "XID": "18295",
    "RecursionDepth": "1",
    "Port": "0",
    "RecursionScope": ".",
    "CacheScope": "Default",
    "BufferSize": "74",
    "PacketData": "0x4777840000010001000000010B6E732D636C6F75642D63310D676F6F676C65646F6D61696E7303636F6D0000010001C00C00010001000546000004D8EF206C0000290200000080000000",
    "AdditionalInfo": ".",
    "GUID": "{00000000-0000-0000-0000-000000000000}",
    "EventReceivedTime": "2021-09-16T20:11:37.587444-07:00",
    "SourceModuleName": "dnsserver",
    "SourceModuleType": "im_etw",
    "HostIP": "192.168.1.36"
  },
  {
    "SourceName": "Microsoft-Windows-DNSServer",
    "ProviderGuid": "{EB79061A-A566-4698-9119-3ED2807060E7}",
    "EventID": 260,
    "Version": 0,
    "ChannelID": 16,
    "OpcodeValue": 0,
    "TaskValue": 2,
    "Keywords": "9223372036854775824",
    "EventTime": "2021-09-16T20:11:37.281284-07:00",
    "ExecutionProcessID": 2080,
    "ExecutionThreadID": 2940,
    "EventType": "INFO",
    "SeverityValue": 2,
    "Severity": "INFO",
    "Hostname": "WIN-93NOI1UVL29",
    "Domain": "NT AUTHORITY",
    "AccountName": "SYSTEM",
    "UserID": "S-1-5-18",
    "AccountType": "User",
    "Flags": "0",
    "TCP": "0",
    "Destination": "216.239.32.108",
    "InterfaceIP": "0.0.0.0",
    "RD": "0",
    "QNAME": "prod.detectportal.prod.cloudops.mozgcp.NET.",
    "QTYPE": "1",
    "QXID": "53380",
    "XID": "33340",
    "Port": "0",
    "RecursionScope": ".",
    "CacheScope": "Default",
    "PolicyName": "NULL",
    "BufferSize": "60",
    "PacketData": "0x823C000000010000000000000470726F640C646574656374706F7274616C0470726F6408636C6F75646F7073066D6F7A676370034E45540000010001",
    "AdditionalInfo": ".",
    "GUID": "{D61F2043-1C2D-4B3E-94A4-EAF81616484A}",
    "EventReceivedTime": "2021-09-16T20:11:37.587444-07:00",
    "SourceModuleName": "dnsserver",
    "SourceModuleType": "im_etw",
    "HostIP": "192.168.1.36"
  },
  {
    "SourceName": "Microsoft-Windows-DNSServer",
    "ProviderGuid": "{EB79061A-A566-4698-9119-3ED2807060E7}",
    "EventID": 261,
    "Version": 0,
    "ChannelID": 16,
    "OpcodeValue": 0,
    "TaskValue": 2,
    "Keywords": "9223372036854775840",
    "EventTime": "2021-09-16T20:11:37.283726-07:00",
    "ExecutionProcessID": 2080,
    "ExecutionThreadID": 2940,
    "EventType": "INFO",
    "SeverityValue": 2,
    "Severity": "INFO",
    "Hostname": "WIN-93NOI1UVL29",
    "Domain": "NT AUTHORITY",
    "AccountName": "SYSTEM",
    "UserID": "S-1-5-18",
    "AccountType": "User",
    "Flags": "32768",
    "TCP": "0",
    "Source": "216.239.32.108",
    "InterfaceIP": "0.0.0.0",
    "AA": "0",
    "AD": "0",
    "QNAME": "prod.detectportal.prod.cloudops.mozgcp.NET.",
    "QTYPE": "28",
    "XID": "6040",
    "RecursionDepth": "7",
    "Port": "0",
    "RecursionScope": ".",
    "CacheScope": "Default",
    "BufferSize": "192",
    "PacketData": "0x1798800000010000000400010470726F640C646574656374706F7274616C0470726F6408636C6F75646F7073066D6F7A676370034E455400001C0001C023000200010000012C001F0B6E732D636C6F75642D61340D676F6F676C65646F6D61696E7303636F6D00C023000200010000012C000E0B6E732D636C6F75642D6131C054C023000200010000012C000E0B6E732D636C6F75642D6132C054C023000200010000012C000E0B6E732D636C6F75642D6133C0540000290200000080000000",
    "AdditionalInfo": ".",
    "GUID": "{77E5BC84-6F69-4896-9B42-8F71AAD8C038}",
    "EventReceivedTime": "2021-09-16T20:11:37.587444-07:00",
    "SourceModuleName": "dnsserver",
    "SourceModuleType": "im_etw",
    "HostIP": "192.168.1.36"
  },
  {
    "SourceName": "Microsoft-Windows-DNSServer",
    "ProviderGuid": "{EB79061A-A566-4698-9119-3ED2807060E7}",
    "EventID": 260,
    "Version": 0,
    "ChannelID": 16,
    "OpcodeValue": 0,
    "TaskValue": 2,
    "Keywords": "9223372036854775824",
    "EventTime": "2021-09-16T20:11:37.284585-07:00",
    "ExecutionProcessID": 2080,
    "ExecutionThreadID": 2940,
    "EventType": "INFO",
    "SeverityValue": 2,
    "Severity": "INFO",
    "Hostname": "WIN-93NOI1UVL29",
    "Domain": "NT AUTHORITY",
    "AccountName": "SYSTEM",
    "UserID": "S-1-5-18",
    "AccountType": "User",
    "Flags": "0",
    "TCP": "0",
    "Destination": "2001:4860:4802:34::a",
    "InterfaceIP": "::",
    "RD": "0",
    "QNAME": "ns-cloud-a4.googledomains.com.",
    "QTYPE": "1",
    "QXID": "1",
    "XID": "57742",
    "Port": "0",
    "RecursionScope": ".",
    "CacheScope": "Default",
    "PolicyName": "NULL",
    "BufferSize": "58",
    "PacketData": "0xE18E000000010000000000010B6E732D636C6F75642D61340D676F6F676C65646F6D61696E7303636F6D00000100010000290FA0000080000000",
    "AdditionalInfo": ".",
    "GUID": "{00000000-0000-0000-0000-000000000000}",
    "EventReceivedTime": "2021-09-16T20:11:37.587444-07:00",
    "SourceModuleName": "dnsserver",
    "SourceModuleType": "im_etw",
    "HostIP": "192.168.1.36"
  },
  {
    "SourceName": "Microsoft-Windows-DNSServer",
    "ProviderGuid": "{EB79061A-A566-4698-9119-3ED2807060E7}",
    "EventID": 261,
    "Version": 0,
    "ChannelID": 16,
    "OpcodeValue": 0,
    "TaskValue": 2,
    "Keywords": "9223372036854775840",
    "EventTime": "2021-09-16T20:11:37.307277-07:00",
    "ExecutionProcessID": 2080,
    "ExecutionThreadID": 2940,
    "EventType": "INFO",
    "SeverityValue": 2,
    "Severity": "INFO",
    "Hostname": "WIN-93NOI1UVL29",
    "Domain": "NT AUTHORITY",
    "AccountName": "SYSTEM",
    "UserID": "S-1-5-18",
    "AccountType": "User",
    "Flags": "32768",
    "TCP": "0",
    "Source": "2001:501:b1f9::30",
    "InterfaceIP": "::",
    "AA": "0",
    "AD": "0",
    "QNAME": "youtubei.googleapis.com.",
    "QTYPE": "1",
    "XID": "58143",
    "RecursionDepth": "1",
    "Port": "0",
    "RecursionScope": ".",
    "CacheScope": "Default",
    "BufferSize": "856",
    "PacketData": "0xE31F8000000100000008000908796F7574756265690A676F6F676C656170697303636F6D0000010001C015000200010002A300000D036E733206676F6F676C65C020C015000200010002A3000006036E7331C039C015000200010002A3000006036E7333C039C015000200010002A3000006036E7334C03920434B30504F4A4D473837344C4A5245463745464E38343330515649543842534DC020003200010001518000230101000000146501A0C25720EE156F6C4E39636B3ADA0312D92A000722000000000290C078002E00010001518000B7003208020001518061495E696140138199AF03636F6D0073D49C969AD112E1F52C00137560047BE57A0C63D266917DED0C9A551F1942FF5A835C70F318B7C1EC6363C09CA90BC736EB8345EA6F090394D2675E2DD1E0CEC5ED70EADAD937CA6CC54F1A48BA6BE6ED4985DC52360CD72D6C33AB6A67D91A22530A0F796FA8CD809D5DFD4EDA95D33C8A5BF1A724B9CB9248BFE875C054CB318444F00A1E1D5AE0EB39B04D9810FF639A4962C6AEB971DC01E12935F5E65520364C39345441334A544E4F35384C33364F4F31504C4B55394454435130453446C02000320001000151800022010100000014355257E8F63417F6184286881627E8C144C364360006200000000012C18B002E00010001518000B700320802000151806149664A61401B6299AF03636F6D003BAF30C211F86EBCA537D486EFB8CE2C35F62FB39711D5B5F85F9AA174E7D5D593328810BA8C7AE2F2F9D8BE0072ACC8E65F228F94CD0521402C9E72BB56A16018557CB628C8170839DF70C477261A7F754A506DD852143C2A892D301F3968CA05FD2001999C71436FC5AB30615B8C30EED3744FA2B116AD03EF603B63740A52963212C2F6AF8EE5FEF2CAA91EF2DBFCCE65FDF2248955D427C7CC749415C08EC035001C00010002A30000102001486048020034000000000000000AC035000100010002A3000004D8EF220AC04E001C00010002A30000102001486048020032000000000000000AC04E000100010002A3000004D8EF200AC060001C00010002A30000102001486048020036000000000000000AC060000100010002A3000004D8EF240AC072001C00010002A30000102001486048020038000000000000000AC072000100010002A3000004D8EF260A0000291000000080000000",
    "AdditionalInfo": ".",
    "GUID": "{999E5393-7239-49E6-ABE3-A146DEA4A56A}",
    "EventReceivedTime": "2021-09-16T20:11:37.587444-07:00",
    "SourceModuleName": "dnsserver",
    "SourceModuleType": "im_etw",
    "HostIP": "192.168.1.36"
  },
  {
    "SourceName": "Microsoft-Windows-DNSServer",
    "ProviderGuid": "{EB79061A-A566-4698-9119-3ED2807060E7}",
    "EventID": 260,
    "Version": 0,
    "ChannelID": 16,
    "OpcodeValue": 0,
    "TaskValue": 2,
    "Keywords": "9223372036854775824",
    "EventTime": "2021-09-16T20:11:37.308001-07:00",
    "ExecutionProcessID": 2080,
    "ExecutionThreadID": 2940,
    "EventType": "INFO",
    "SeverityValue": 2,
    "Severity": "INFO",
    "Hostname": "WIN-93NOI1UVL29",
    "Domain": "NT AUTHORITY",
    "AccountName": "SYSTEM",
    "UserID": "S-1-5-18",
    "AccountType": "User",
    "Flags": "0",
    "TCP": "0",
    "Destination": "2001:4860:4802:38::a",
    "InterfaceIP": "::",
    "RD": "0",
    "QNAME": "youtubei.googleapis.com.",
    "QTYPE": "1",
    "QXID": "52984",
    "XID": "40723",
    "Port": "0",
    "RecursionScope": ".",
    "CacheScope": "Default",
    "PolicyName": "NULL",
    "BufferSize": "52",
    "PacketData": "0x9F130000000100000000000108796F7574756265690A676F6F676C656170697303636F6D00000100010000290FA0000080000000",
    "AdditionalInfo": ".",
    "GUID": "{999E5393-7239-49E6-ABE3-A146DEA4A56A}",
    "EventReceivedTime": "2021-09-16T20:11:37.587444-07:00",
    "SourceModuleName": "dnsserver",
    "SourceModuleType": "im_etw",
    "HostIP": "192.168.1.36"
  },
  {
    "SourceName": "Microsoft-Windows-DNSServer",
    "ProviderGuid": "{EB79061A-A566-4698-9119-3ED2807060E7}",
    "EventID": 261,
    "Version": 0,
    "ChannelID": 16,
    "OpcodeValue": 0,
    "TaskValue": 2,
    "Keywords": "9223372036854775840",
    "EventTime": "2021-09-16T20:11:37.315461-07:00",
    "ExecutionProcessID": 2080,
    "ExecutionThreadID": 2940,
    "EventType": "INFO",
    "SeverityValue": 2,
    "Severity": "INFO",
    "Hostname": "WIN-93NOI1UVL29",
    "Domain": "NT AUTHORITY",
    "AccountName": "SYSTEM",
    "UserID": "S-1-5-18",
    "AccountType": "User",
    "Flags": "33792",
    "TCP": "0",
    "Source": "2001:4860:4802:34::a",
    "InterfaceIP": "::",
    "AA": "1",
    "AD": "0",
    "QNAME": "ns-cloud-a4.googledomains.com.",
    "QTYPE": "1",
    "XID": "57742",
    "RecursionDepth": "1",
    "Port": "0",
    "RecursionScope": ".",
    "CacheScope": "Default",
    "BufferSize": "74",
    "PacketData": "0xE18E840000010001000000010B6E732D636C6F75642D61340D676F6F676C65646F6D61696E7303636F6D0000010001C00C00010001000546000004D8EF266A0000290200000080000000",
    "AdditionalInfo": ".",
    "GUID": "{00000000-0000-0000-0000-000000000000}",
    "EventReceivedTime": "2021-09-16T20:11:37.587444-07:00",
    "SourceModuleName": "dnsserver",
    "SourceModuleType": "im_etw",
    "HostIP": "192.168.1.36"
  },
  {
    "SourceName": "Microsoft-Windows-DNSServer",
    "ProviderGuid": "{EB79061A-A566-4698-9119-3ED2807060E7}",
    "EventID": 260,
    "Version": 0,
    "ChannelID": 16,
    "OpcodeValue": 0,
    "TaskValue": 2,
    "Keywords": "9223372036854775824",
    "EventTime": "2021-09-16T20:11:37.316545-07:00",
    "ExecutionProcessID": 2080,
    "ExecutionThreadID": 2940,
    "EventType": "INFO",
    "SeverityValue": 2,
    "Severity": "INFO",
    "Hostname": "WIN-93NOI1UVL29",
    "Domain": "NT AUTHORITY",
    "AccountName": "SYSTEM",
    "UserID": "S-1-5-18",
    "AccountType": "User",
    "Flags": "0",
    "TCP": "0",
    "Destination": "216.239.38.106",
    "InterfaceIP": "0.0.0.0",
    "RD": "0",
    "QNAME": "prod.detectportal.prod.cloudops.mozgcp.NET.",
    "QTYPE": "28",
    "QXID": "30064",
    "XID": "26260",
    "Port": "0",
    "RecursionScope": ".",
    "CacheScope": "Default",
    "PolicyName": "NULL",
    "BufferSize": "71",
    "PacketData": "0x6694000000010000000000010470726F640C646574656374706F7274616C0470726F6408636C6F75646F7073066D6F7A676370034E455400001C00010000290FA0000080000000",
    "AdditionalInfo": ".",
    "GUID": "{77E5BC84-6F69-4896-9B42-8F71AAD8C038}",
    "EventReceivedTime": "2021-09-16T20:11:37.587444-07:00",
    "SourceModuleName": "dnsserver",
    "SourceModuleType": "im_etw",
    "HostIP": "192.168.1.36"
  },
  {
    "SourceName": "Microsoft-Windows-DNSServer",
    "ProviderGuid": "{EB79061A-A566-4698-9119-3ED2807060E7}",
    "EventID": 261,
    "Version": 0,
    "ChannelID": 16,
    "OpcodeValue": 0,
    "TaskValue": 2,
    "Keywords": "9223372036854775840",
    "EventTime": "2021-09-16T20:11:37.320172-07:00",
    "ExecutionProcessID": 2080,
    "ExecutionThreadID": 2940,
    "EventType": "INFO",
    "SeverityValue": 2,
    "Severity": "INFO",
    "Hostname": "WIN-93NOI1UVL29",
    "Domain": "NT AUTHORITY",
    "AccountName": "SYSTEM",
    "UserID": "S-1-5-18",
    "AccountType": "User",
    "Flags": "32768",
    "TCP": "0",
    "Source": "216.239.32.108",
    "InterfaceIP": "0.0.0.0",
    "AA": "0",
    "AD": "0",
    "QNAME": "prod.detectportal.prod.cloudops.mozgcp.NET.",
    "QTYPE": "1",
    "XID": "33340",
    "RecursionDepth": "6",
    "Port": "0",
    "RecursionScope": ".",
    "CacheScope": "Default",
    "BufferSize": "181",
    "PacketData": "0x823C800000010000000400000470726F640C646574656374706F7274616C0470726F6408636C6F75646F7073066D6F7A676370034E45540000010001C023000200010000012C001F0B6E732D636C6F75642D61330D676F6F676C65646F6D61696E7303636F6D00C023000200010000012C000E0B6E732D636C6F75642D6131C054C023000200010000012C000E0B6E732D636C6F75642D6134C054C023000200010000012C000E0B6E732D636C6F75642D6132C054",
    "AdditionalInfo": ".",
    "GUID": "{D61F2043-1C2D-4B3E-94A4-EAF81616484A}",
    "EventReceivedTime": "2021-09-16T20:11:37.587444-07:00",
    "SourceModuleName": "dnsserver",
    "SourceModuleType": "im_etw",
    "HostIP": "192.168.1.36"
  },
  {
    "SourceName": "Microsoft-Windows-DNSServer",
    "ProviderGuid": "{EB79061A-A566-4698-9119-3ED2807060E7}",
    "EventID": 260,
    "Version": 0,
    "ChannelID": 16,
    "OpcodeValue": 0,
    "TaskValue": 2,
    "Keywords": "9223372036854775824",
    "EventTime": "2021-09-16T20:11:37.324001-07:00",
    "ExecutionProcessID": 2080,
    "ExecutionThreadID": 2940,
    "EventType": "INFO",
    "SeverityValue": 2,
    "Severity": "INFO",
    "Hostname": "WIN-93NOI1UVL29",
    "Domain": "NT AUTHORITY",
    "AccountName": "SYSTEM",
    "UserID": "S-1-5-18",
    "AccountType": "User",
    "Flags": "0",
    "TCP": "0",
    "Destination": "216.239.38.106",
    "InterfaceIP": "0.0.0.0",
    "RD": "0",
    "QNAME": "prod.detectportal.prod.cloudops.mozgcp.NET.",
    "QTYPE": "1",
    "QXID": "53380",
    "XID": "7082",
    "Port": "0",
    "RecursionScope": ".",
    "CacheScope": "Default",
    "PolicyName": "NULL",
    "BufferSize": "60",
    "PacketData": "0x1BAA000000010000000000000470726F640C646574656374706F7274616C0470726F6408636C6F75646F7073066D6F7A676370034E45540000010001",
    "AdditionalInfo": ".",
    "GUID": "{D61F2043-1C2D-4B3E-94A4-EAF81616484A}",
    "EventReceivedTime": "2021-09-16T20:11:37.587444-07:00",
    "SourceModuleName": "dnsserver",
    "SourceModuleType": "im_etw",
    "HostIP": "192.168.1.36"
  },
  {
    "SourceName": "Microsoft-Windows-DNSServer",
    "ProviderGuid": "{EB79061A-A566-4698-9119-3ED2807060E7}",
    "EventID": 261,
    "Version": 0,
    "ChannelID": 16,
    "OpcodeValue": 0,
    "TaskValue": 2,
    "Keywords": "9223372036854775840",
    "EventTime": "2021-09-16T20:11:37.347260-07:00",
    "ExecutionProcessID": 2080,
    "ExecutionThreadID": 2940,
    "EventType": "INFO",
    "SeverityValue": 2,
    "Severity": "INFO",
    "Hostname": "WIN-93NOI1UVL29",
    "Domain": "NT AUTHORITY",
    "AccountName": "SYSTEM",
    "UserID": "S-1-5-18",
    "AccountType": "User",
    "Flags": "33792",
    "TCP": "0",
    "Source": "2001:4860:4802:38::a",
    "InterfaceIP": "::",
    "AA": "1",
    "AD": "0",
    "QNAME": "youtubei.googleapis.com.",
    "QTYPE": "1",
    "XID": "40723",
    "RecursionDepth": "2",
    "Port": "0",
    "RecursionScope": ".",
    "CacheScope": "Default",
    "BufferSize": "68",
    "PacketData": "0x9F138400000100010000000108796F7574756265690A676F6F676C656170697303636F6D0000010001C00C000100010000012C00048EFABF6A0000290200000080000000",
    "AdditionalInfo": ".",
    "GUID": "{999E5393-7239-49E6-ABE3-A146DEA4A56A}",
    "EventReceivedTime": "2021-09-16T20:11:37.587444-07:00",
    "SourceModuleName": "dnsserver",
    "SourceModuleType": "im_etw",
    "HostIP": "192.168.1.36"
  },
  {
    "SourceName": "Microsoft-Windows-DNSServer",
    "ProviderGuid": "{EB79061A-A566-4698-9119-3ED2807060E7}",
    "EventID": 257,
    "Version": 0,
    "ChannelID": 16,
    "OpcodeValue": 0,
    "TaskValue": 1,
    "Keywords": "9223372036854775810",
    "EventTime": "2021-09-16T20:11:37.348268-07:00",
    "ExecutionProcessID": 2080,
    "ExecutionThreadID": 2940,
    "EventType": "INFO",
    "SeverityValue": 2,
    "Severity": "INFO",
    "Hostname": "WIN-93NOI1UVL29",
    "Domain": "NT AUTHORITY",
    "AccountName": "SYSTEM",
    "UserID": "S-1-5-18",
    "AccountType": "User",
    "Flags": "33152",
    "TCP": "0",
    "InterfaceIP": "192.168.1.36",
    "Destination": "192.168.1.7",
    "AA": "0",
    "AD": "0",
    "QNAME": "youtubei.googleapis.com.",
    "QTYPE": "1",
    "XID": "52984",
    "DNSSEC": "0",
    "RCODE": "0",
    "Port": "36470",
    "Scope": "Default",
    "Zone": "..Cache",
    "PolicyName": "NULL",
    "BufferSize": "57",
    "PacketData": "0xCEF88180000100010000000008796F7574756265690A676F6F676C656170697303636F6D0000010001C00C000100010000012C00048EFABF6A",
    "AdditionalInfo": "VirtualizationInstance:.",
    "ElapsedTime": "84",
    "GUID": "{999E5393-7239-49E6-ABE3-A146DEA4A56A}",
    "EventReceivedTime": "2021-09-16T20:11:37.587444-07:00",
    "SourceModuleName": "dnsserver",
    "SourceModuleType": "im_etw",
    "HostIP": "192.168.1.36"
  },
  {
    "SourceName": "Microsoft-Windows-DNSServer",
    "ProviderGuid": "{EB79061A-A566-4698-9119-3ED2807060E7}",
    "EventID": 261,
    "Version": 0,
    "ChannelID": 16,
    "OpcodeValue": 0,
    "TaskValue": 2,
    "Keywords": "9223372036854775840",
    "EventTime": "2021-09-16T20:11:37.349290-07:00",
    "ExecutionProcessID": 2080,
    "ExecutionThreadID": 2940,
    "EventType": "INFO",
    "SeverityValue": 2,
    "Severity": "INFO",
    "Hostname": "WIN-93NOI1UVL29",
    "Domain": "NT AUTHORITY",
    "AccountName": "SYSTEM",
    "UserID": "S-1-5-18",
    "AccountType": "User",
    "Flags": "32768",
    "TCP": "0",
    "Source": "216.239.38.106",
    "InterfaceIP": "0.0.0.0",
    "AA": "0",
    "AD": "0",
    "QNAME": "prod.detectportal.prod.cloudops.mozgcp.NET.",
    "QTYPE": "28",
    "XID": "26260",
    "RecursionDepth": "8",
    "Port": "0",
    "RecursionScope": ".",
    "CacheScope": "Default",
    "BufferSize": "192",
    "PacketData": "0x6694800000010000000400010470726F640C646574656374706F7274616C0470726F6408636C6F75646F7073066D6F7A676370034E455400001C0001C01E000200010000012C001F0B6E732D636C6F75642D65330D676F6F676C65646F6D61696E7303636F6D00C01E000200010000012C000E0B6E732D636C6F75642D6532C054C01E000200010000012C000E0B6E732D636C6F75642D6534C054C01E000200010000012C000E0B6E732D636C6F75642D6531C0540000290200000080000000",
    "AdditionalInfo": ".",
    "GUID": "{77E5BC84-6F69-4896-9B42-8F71AAD8C038}",
    "EventReceivedTime": "2021-09-16T20:11:37.587444-07:00",
    "SourceModuleName": "dnsserver",
    "SourceModuleType": "im_etw",
    "HostIP": "192.168.1.36"
  },
  {
    "SourceName": "Microsoft-Windows-DNSServer",
    "ProviderGuid": "{EB79061A-A566-4698-9119-3ED2807060E7}",
    "EventID": 260,
    "Version": 0,
    "ChannelID": 16,
    "OpcodeValue": 0,
    "TaskValue": 2,
    "Keywords": "9223372036854775824",
    "EventTime": "2021-09-16T20:11:37.350143-07:00",
    "ExecutionProcessID": 2080,
    "ExecutionThreadID": 2940,
    "EventType": "INFO",
    "SeverityValue": 2,
    "Severity": "INFO",
    "Hostname": "WIN-93NOI1UVL29",
    "Domain": "NT AUTHORITY",
    "AccountName": "SYSTEM",
    "UserID": "S-1-5-18",
    "AccountType": "User",
    "Flags": "0",
    "TCP": "0",
    "Destination": "2001:4860:4802:38::a",
    "InterfaceIP": "::",
    "RD": "0",
    "QNAME": "ns-cloud-e3.googledomains.com.",
    "QTYPE": "1",
    "QXID": "1",
    "XID": "14563",
    "Port": "0",
    "RecursionScope": ".",
    "CacheScope": "Default",
    "PolicyName": "NULL",
    "BufferSize": "58",
    "PacketData": "0x38E3000000010000000000010B6E732D636C6F75642D65330D676F6F676C65646F6D61696E7303636F6D00000100010000290FA0000080000000",
    "AdditionalInfo": ".",
    "GUID": "{00000000-0000-0000-0000-000000000000}",
    "EventReceivedTime": "2021-09-16T20:11:37.587444-07:00",
    "SourceModuleName": "dnsserver",
    "SourceModuleType": "im_etw",
    "HostIP": "192.168.1.36"
  },
  {
    "SourceName": "Microsoft-Windows-DNSServer",
    "ProviderGuid": "{EB79061A-A566-4698-9119-3ED2807060E7}",
    "EventID": 261,
    "Version": 0,
    "ChannelID": 16,
    "OpcodeValue": 0,
    "TaskValue": 2,
    "Keywords": "9223372036854775840",
    "EventTime": "2021-09-16T20:11:37.355510-07:00",
    "ExecutionProcessID": 2080,
    "ExecutionThreadID": 2940,
    "EventType": "INFO",
    "SeverityValue": 2,
    "Severity": "INFO",
    "Hostname": "WIN-93NOI1UVL29",
    "Domain": "NT AUTHORITY",
    "AccountName": "SYSTEM",
    "UserID": "S-1-5-18",
    "AccountType": "User",
    "Flags": "32768",
    "TCP": "0",
    "Source": "216.239.38.106",
    "InterfaceIP": "0.0.0.0",
    "AA": "0",
    "AD": "0",
    "QNAME": "prod.detectportal.prod.cloudops.mozgcp.NET.",
    "QTYPE": "1",
    "XID": "7082",
    "RecursionDepth": "7",
    "Port": "0",
    "RecursionScope": ".",
    "CacheScope": "Default",
    "BufferSize": "181",
    "PacketData": "0x1BAA800000010000000400000470726F640C646574656374706F7274616C0470726F6408636C6F75646F7073066D6F7A676370034E45540000010001C01E000200010000012C001F0B6E732D636C6F75642D65340D676F6F676C65646F6D61696E7303636F6D00C01E000200010000012C000E0B6E732D636C6F75642D6533C054C01E000200010000012C000E0B6E732D636C6F75642D6531C054C01E000200010000012C000E0B6E732D636C6F75642D6532C054",
    "AdditionalInfo": ".",
    "GUID": "{D61F2043-1C2D-4B3E-94A4-EAF81616484A}",
    "EventReceivedTime": "2021-09-16T20:11:37.587444-07:00",
    "SourceModuleName": "dnsserver",
    "SourceModuleType": "im_etw",
    "HostIP": "192.168.1.36"
  },
  {
    "SourceName": "Microsoft-Windows-DNSServer",
    "ProviderGuid": "{EB79061A-A566-4698-9119-3ED2807060E7}",
    "EventID": 260,
    "Version": 0,
    "ChannelID": 16,
    "OpcodeValue": 0,
    "TaskValue": 2,
    "Keywords": "9223372036854775824",
    "EventTime": "2021-09-16T20:11:37.357898-07:00",
    "ExecutionProcessID": 2080,
    "ExecutionThreadID": 2940,
    "EventType": "INFO",
    "SeverityValue": 2,
    "Severity": "INFO",
    "Hostname": "WIN-93NOI1UVL29",
    "Domain": "NT AUTHORITY",
    "AccountName": "SYSTEM",
    "UserID": "S-1-5-18",
    "AccountType": "User",
    "Flags": "0",
    "TCP": "0",
    "Destination": "216.239.36.10",
    "InterfaceIP": "0.0.0.0",
    "RD": "0",
    "QNAME": "ns-cloud-e3.googledomains.com.",
    "QTYPE": "1",
    "QXID": "1",
    "XID": "30620",
    "Port": "0",
    "RecursionScope": ".",
    "CacheScope": "Default",
    "PolicyName": "NULL",
    "BufferSize": "58",
    "PacketData": "0x779C000000010000000000010B6E732D636C6F75642D65330D676F6F676C65646F6D61696E7303636F6D00000100010000290FA0000080000000",
    "AdditionalInfo": ".",
    "GUID": "{00000000-0000-0000-0000-000000000000}",
    "EventReceivedTime": "2021-09-16T20:11:37.587444-07:00",
    "SourceModuleName": "dnsserver",
    "SourceModuleType": "im_etw",
    "HostIP": "192.168.1.36"
  },
  {
    "SourceName": "Microsoft-Windows-DNSServer",
    "ProviderGuid": "{EB79061A-A566-4698-9119-3ED2807060E7}",
    "EventID": 256,
    "Version": 0,
    "ChannelID": 16,
    "OpcodeValue": 0,
    "TaskValue": 1,
    "Keywords": "9223372036854775809",
    "EventTime": "2021-09-16T20:11:37.358001-07:00",
    "ExecutionProcessID": 2080,
    "ExecutionThreadID": 2940,
    "EventType": "INFO",
    "SeverityValue": 2,
    "Severity": "INFO",
    "Hostname": "WIN-93NOI1UVL29",
    "Domain": "NT AUTHORITY",
    "AccountName": "SYSTEM",
    "UserID": "S-1-5-18",
    "AccountType": "User",
    "Flags": "256",
    "TCP": "0",
    "InterfaceIP": "192.168.1.36",
    "Source": "192.168.1.7",
    "RD": "1",
    "QNAME": "youtube.googleapis.com.",
    "QTYPE": "1",
    "XID": "20659",
    "Port": "41014",
    "BufferSize": "40",
    "PacketData": "0x50B30100000100000000000007796F75747562650A676F6F676C656170697303636F6D0000010001",
    "AdditionalInfo": ".",
    "GUID": "{BB6BC72D-01BE-4E10-9151-78CE461C9952}",
    "EventReceivedTime": "2021-09-16T20:11:37.587444-07:00",
    "SourceModuleName": "dnsserver",
    "SourceModuleType": "im_etw",
    "HostIP": "192.168.1.36"
  },
  {
    "SourceName": "Microsoft-Windows-DNSServer",
    "ProviderGuid": "{EB79061A-A566-4698-9119-3ED2807060E7}",
    "EventID": 260,
    "Version": 0,
    "ChannelID": 16,
    "OpcodeValue": 0,
    "TaskValue": 2,
    "Keywords": "9223372036854775824",
    "EventTime": "2021-09-16T20:11:37.358748-07:00",
    "ExecutionProcessID": 2080,
    "ExecutionThreadID": 2940,
    "EventType": "INFO",
    "SeverityValue": 2,
    "Severity": "INFO",
    "Hostname": "WIN-93NOI1UVL29",
    "Domain": "NT AUTHORITY",
    "AccountName": "SYSTEM",
    "UserID": "S-1-5-18",
    "AccountType": "User",
    "Flags": "0",
    "TCP": "0",
    "Destination": "216.239.32.10",
    "InterfaceIP": "0.0.0.0",
    "RD": "0",
    "QNAME": "youtube.googleapis.com.",
    "QTYPE": "1",
    "QXID": "20659",
    "XID": "44875",
    "Port": "0",
    "RecursionScope": ".",
    "CacheScope": "Default",
    "PolicyName": "NULL",
    "BufferSize": "51",
    "PacketData": "0xAF4B0000000100000000000107796F75747562650A676F6F676C656170697303636F6D00000100010000290FA0000080000000",
    "AdditionalInfo": ".",
    "GUID": "{BB6BC72D-01BE-4E10-9151-78CE461C9952}",
    "EventReceivedTime": "2021-09-16T20:11:37.587444-07:00",
    "SourceModuleName": "dnsserver",
    "SourceModuleType": "im_etw",
    "HostIP": "192.168.1.36"
  },
  {
    "SourceName": "Microsoft-Windows-DNSServer",
    "ProviderGuid": "{EB79061A-A566-4698-9119-3ED2807060E7}",
    "EventID": 261,
    "Version": 0,
    "ChannelID": 16,
    "OpcodeValue": 0,
    "TaskValue": 2,
    "Keywords": "9223372036854775840",
    "EventTime": "2021-09-16T20:11:37.389455-07:00",
    "ExecutionProcessID": 2080,
    "ExecutionThreadID": 2940,
    "EventType": "INFO",
    "SeverityValue": 2,
    "Severity": "INFO",
    "Hostname": "WIN-93NOI1UVL29",
    "Domain": "NT AUTHORITY",
    "AccountName": "SYSTEM",
    "UserID": "S-1-5-18",
    "AccountType": "User",
    "Flags": "33792",
    "TCP": "0",
    "Source": "2001:4860:4802:38::a",
    "InterfaceIP": "::",
    "AA": "1",
    "AD": "0",
    "QNAME": "ns-cloud-e3.googledomains.com.",
    "QTYPE": "1",
    "XID": "14563",
    "RecursionDepth": "1",
    "Port": "0",
    "RecursionScope": ".",
    "CacheScope": "Default",
    "BufferSize": "74",
    "PacketData": "0x38E3840000010001000000010B6E732D636C6F75642D65330D676F6F676C65646F6D61696E7303636F6D0000010001C00C00010001000546000004D8EF246E0000290200000080000000",
    "AdditionalInfo": ".",
    "GUID": "{00000000-0000-0000-0000-000000000000}",
    "EventReceivedTime": "2021-09-16T20:11:37.587444-07:00",
    "SourceModuleName": "dnsserver",
    "SourceModuleType": "im_etw",
    "HostIP": "192.168.1.36"
  },
  {
    "SourceName": "Microsoft-Windows-DNSServer",
    "ProviderGuid": "{EB79061A-A566-4698-9119-3ED2807060E7}",
    "EventID": 260,
    "Version": 0,
    "ChannelID": 16,
    "OpcodeValue": 0,
    "TaskValue": 2,
    "Keywords": "9223372036854775824",
    "EventTime": "2021-09-16T20:11:37.391396-07:00",
    "ExecutionProcessID": 2080,
    "ExecutionThreadID": 2940,
    "EventType": "INFO",
    "SeverityValue": 2,
    "Severity": "INFO",
    "Hostname": "WIN-93NOI1UVL29",
    "Domain": "NT AUTHORITY",
    "AccountName": "SYSTEM",
    "UserID": "S-1-5-18",
    "AccountType": "User",
    "Flags": "0",
    "TCP": "0",
    "Destination": "216.239.36.110",
    "InterfaceIP": "0.0.0.0",
    "RD": "0",
    "QNAME": "prod.detectportal.prod.cloudops.mozgcp.NET.",
    "QTYPE": "28",
    "QXID": "30064",
    "XID": "30461",
    "Port": "0",
    "RecursionScope": ".",
    "CacheScope": "Default",
    "PolicyName": "NULL",
    "BufferSize": "71",
    "PacketData": "0x76FD000000010000000000010470726F640C646574656374706F7274616C0470726F6408636C6F75646F7073066D6F7A676370034E455400001C00010000290FA0000080000000",
    "AdditionalInfo": ".",
    "GUID": "{77E5BC84-6F69-4896-9B42-8F71AAD8C038}",
    "EventReceivedTime": "2021-09-16T20:11:37.587444-07:00",
    "SourceModuleName": "dnsserver",
    "SourceModuleType": "im_etw",
    "HostIP": "192.168.1.36"
  },
  {
    "SourceName": "Microsoft-Windows-DNSServer",
    "ProviderGuid": "{EB79061A-A566-4698-9119-3ED2807060E7}",
    "EventID": 261,
    "Version": 0,
    "ChannelID": 16,
    "OpcodeValue": 0,
    "TaskValue": 2,
    "Keywords": "9223372036854775840",
    "EventTime": "2021-09-16T20:11:37.395725-07:00",
    "ExecutionProcessID": 2080,
    "ExecutionThreadID": 2940,
    "EventType": "INFO",
    "SeverityValue": 2,
    "Severity": "INFO",
    "Hostname": "WIN-93NOI1UVL29",
    "Domain": "NT AUTHORITY",
    "AccountName": "SYSTEM",
    "UserID": "S-1-5-18",
    "AccountType": "User",
    "Flags": "33792",
    "TCP": "0",
    "Source": "216.239.36.10",
    "InterfaceIP": "0.0.0.0",
    "AA": "1",
    "AD": "0",
    "QNAME": "ns-cloud-e3.googledomains.com.",
    "QTYPE": "1",
    "XID": "30620",
    "RecursionDepth": "1",
    "Port": "0",
    "RecursionScope": ".",
    "CacheScope": "Default",
    "BufferSize": "74",
    "PacketData": "0x779C840000010001000000010B6E732D636C6F75642D65330D676F6F676C65646F6D61696E7303636F6D0000010001C00C00010001000546000004D8EF246E0000290200000080000000",
    "AdditionalInfo": ".",
    "GUID": "{00000000-0000-0000-0000-000000000000}",
    "EventReceivedTime": "2021-09-16T20:11:37.587444-07:00",
    "SourceModuleName": "dnsserver",
    "SourceModuleType": "im_etw",
    "HostIP": "192.168.1.36"
  },
  {
    "SourceName": "Microsoft-Windows-DNSServer",
    "ProviderGuid": "{EB79061A-A566-4698-9119-3ED2807060E7}",
    "EventID": 260,
    "Version": 0,
    "ChannelID": 16,
    "OpcodeValue": 0,
    "TaskValue": 2,
    "Keywords": "9223372036854775824",
    "EventTime": "2021-09-16T20:11:37.396951-07:00",
    "ExecutionProcessID": 2080,
    "ExecutionThreadID": 2940,
    "EventType": "INFO",
    "SeverityValue": 2,
    "Severity": "INFO",
    "Hostname": "WIN-93NOI1UVL29",
    "Domain": "NT AUTHORITY",
    "AccountName": "SYSTEM",
    "UserID": "S-1-5-18",
    "AccountType": "User",
    "Flags": "0",
    "TCP": "0",
    "Destination": "216.239.36.110",
    "InterfaceIP": "0.0.0.0",
    "RD": "0",
    "QNAME": "prod.detectportal.prod.cloudops.mozgcp.NET.",
    "QTYPE": "1",
    "QXID": "53380",
    "XID": "10837",
    "Port": "0",
    "RecursionScope": ".",
    "CacheScope": "Default",
    "PolicyName": "NULL",
    "BufferSize": "60",
    "PacketData": "0x2A55000000010000000000000470726F640C646574656374706F7274616C0470726F6408636C6F75646F7073066D6F7A676370034E45540000010001",
    "AdditionalInfo": ".",
    "GUID": "{D61F2043-1C2D-4B3E-94A4-EAF81616484A}",
    "EventReceivedTime": "2021-09-16T20:11:37.587444-07:00",
    "SourceModuleName": "dnsserver",
    "SourceModuleType": "im_etw",
    "HostIP": "192.168.1.36"
  },
  {
    "SourceName": "Microsoft-Windows-DNSServer",
    "ProviderGuid": "{EB79061A-A566-4698-9119-3ED2807060E7}",
    "EventID": 261,
    "Version": 0,
    "ChannelID": 16,
    "OpcodeValue": 0,
    "TaskValue": 2,
    "Keywords": "9223372036854775840",
    "EventTime": "2021-09-16T20:11:37.399365-07:00",
    "ExecutionProcessID": 2080,
    "ExecutionThreadID": 2940,
    "EventType": "INFO",
    "SeverityValue": 2,
    "Severity": "INFO",
    "Hostname": "WIN-93NOI1UVL29",
    "Domain": "NT AUTHORITY",
    "AccountName": "SYSTEM",
    "UserID": "S-1-5-18",
    "AccountType": "User",
    "Flags": "33792",
    "TCP": "0",
    "Source": "216.239.32.10",
    "InterfaceIP": "0.0.0.0",
    "AA": "1",
    "AD": "0",
    "QNAME": "youtube.googleapis.com.",
    "QTYPE": "1",
    "XID": "44875",
    "RecursionDepth": "1",
    "Port": "0",
    "RecursionScope": ".",
    "CacheScope": "Default",
    "BufferSize": "67",
    "PacketData": "0xAF4B8400000100010000000107796F75747562650A676F6F676C656170697303636F6D0000010001C00C000100010000012C00048EFABFEA0000290200000080000000",
    "AdditionalInfo": ".",
    "GUID": "{BB6BC72D-01BE-4E10-9151-78CE461C9952}",
    "EventReceivedTime": "2021-09-16T20:11:37.587444-07:00",
    "SourceModuleName": "dnsserver",
    "SourceModuleType": "im_etw",
    "HostIP": "192.168.1.36"
  },
