  {
    "SourceName": "Microsoft-Windows-DNSServer",
    "ProviderGuid": "{EB79061A-A566-4698-9119-3ED2807060E7}",
    "EventID": 261,
    "Version": 0,
    "ChannelID": 16,
    "OpcodeValue": 0,
    "TaskValue": 2,
    "Keywords": "9223372036854775840",
    "EventTime": "2021-09-16T20:16:18.036283-07:00",
    "ExecutionProcessID": 2080,
    "ExecutionThreadID": 2940,
    "EventType": "INFO",
    "SeverityValue": 2,
    "Severity": "INFO",
    "Hostname": "WIN-93NOI1UVL29",
    "Domain": "NT AUTHORITY",
    "AccountName": "SYSTEM",
    "UserID": "S-1-5-18",
    "AccountType": "User",
    "Flags": "33792",
    "TCP": "0",
    "Source": "198.51.44.5",
    "InterfaceIP": "0.0.0.0",
    "AA": "1",
    "AD": "0",
    "QNAME": "philosophical-bison-9vt8wzdndw3v3gp7qhq4k8x0.herokudns.com.",
    "QTYPE": "1",
    "XID": "52546",
    "RecursionDepth": "1",
    "Port": "0",
    "RecursionScope": ".",
    "CacheScope": "Default",
    "BufferSize": "260",
    "PacketData": "0xCD42840000010005000000012C7068696C6F736F70686963616C2D6269736F6E2D39767438777A646E6477337633677037716871346B387830096865726F6B75646E7303636F6D0000010001C00C0001000100000003000436A1F12EC00C0001000100000003000434CAA841C00C0001000100000003000412CDDE80C00C0001000100000003000436ED8551C00C002E000100000003006100010D030000000361455A026142B702AE90096865726F6B75646E7303636F6D00BEAB480C5A7A4BBC733B376B711BB0D699FF2E7BA236A7F8C4F12D2C53A299ED811341B089255A0C24531ACB60B83803B292B3BC50281C9BD0448679FD0A8DE400002904D0000080000000",
    "AdditionalInfo": ".",
    "GUID": "{160990FC-A8F8-4BDB-A7E0-2473BDEDAA78}",
    "EventReceivedTime": "2021-09-16T20:16:19.042392-07:00",
    "SourceModuleName": "dnsserver",
    "SourceModuleType": "im_etw",
    "HostIP": "192.168.1.36"
  },
  {
    "SourceName": "Microsoft-Windows-DNSServer",
    "ProviderGuid": "{EB79061A-A566-4698-9119-3ED2807060E7}",
    "EventID": 257,
    "Version": 0,
    "ChannelID": 16,
    "OpcodeValue": 0,
    "TaskValue": 1,
    "Keywords": "9223372036854775810",
    "EventTime": "2021-09-16T20:16:18.036373-07:00",
    "ExecutionProcessID": 2080,
    "ExecutionThreadID": 2940,
    "EventType": "INFO",
    "SeverityValue": 2,
    "Severity": "INFO",
    "Hostname": "WIN-93NOI1UVL29",
    "Domain": "NT AUTHORITY",
    "AccountName": "SYSTEM",
    "UserID": "S-1-5-18",
    "AccountType": "User",
    "Flags": "33152",
    "TCP": "0",
    "InterfaceIP": "192.168.1.36",
    "Destination": "192.168.1.7",
    "AA": "0",
    "AD": "0",
    "QNAME": "client-api.hubstaff.com.",
    "QTYPE": "1",
    "XID": "11253",
    "DNSSEC": "0",
    "RCODE": "0",
    "Port": "45348",
    "Scope": "Default",
    "Zone": "..Cache",
    "PolicyName": "NULL",
    "BufferSize": "174",
    "PacketData": "0x2BF5818000010005000000000A636C69656E742D61706908687562737461666603636F6D0000010001C00C000500010000083600392C7068696C6F736F70686963616C2D6269736F6E2D39767438777A646E6477337633677037716871346B387830096865726F6B75646E73C020C0350001000100000003000436A1F12EC0350001000100000003000434CAA841C0350001000100000003000412CDDE80C0350001000100000003000436ED8551",
    "AdditionalInfo": "VirtualizationInstance:.",
    "ElapsedTime": "19",
    "GUID": "{160990FC-A8F8-4BDB-A7E0-2473BDEDAA78}",
    "EventReceivedTime": "2021-09-16T20:16:19.042392-07:00",
    "SourceModuleName": "dnsserver",
    "SourceModuleType": "im_etw",
    "HostIP": "192.168.1.36"
  },
  {
    "SourceName": "Microsoft-Windows-DNSServer",
    "ProviderGuid": "{EB79061A-A566-4698-9119-3ED2807060E7}",
    "EventID": 261,
    "Version": 0,
    "ChannelID": 16,
    "OpcodeValue": 0,
    "TaskValue": 2,
    "Keywords": "9223372036854775840",
    "EventTime": "2021-09-16T20:16:18.042021-07:00",
    "ExecutionProcessID": 2080,
    "ExecutionThreadID": 2940,
    "EventType": "INFO",
    "SeverityValue": 2,
    "Severity": "INFO",
    "Hostname": "WIN-93NOI1UVL29",
    "Domain": "NT AUTHORITY",
    "AccountName": "SYSTEM",
    "UserID": "S-1-5-18",
    "AccountType": "User",
    "Flags": "33792",
    "TCP": "0",
    "Source": "198.51.44.5",
    "InterfaceIP": "0.0.0.0",
    "AA": "1",
    "AD": "0",
    "QNAME": "philosophical-bison-9vt8wzdndw3v3gp7qhq4k8x0.herokudns.com.",
    "QTYPE": "28",
    "XID": "53917",
    "RecursionDepth": "1",
    "Port": "0",
    "RecursionScope": ".",
    "CacheScope": "Default",
    "BufferSize": "452",
    "PacketData": "0xD29D840000010000000400012C7068696C6F736F70686963616C2D6269736F6E2D39767438777A646E6477337633677037716871346B387830096865726F6B75646E7303636F6D00001C0001C039000600010000000A003504646E733103703035056E736F6E65036E6574000A686F73746D6173746572C0616144087F0000025800000384001275000000000AC039002E00010000000A006100060D020000003C61455A026142B702AE90096865726F6B75646E7303636F6D00C858A0382A27898506CD33054A3AD97AB6BA8ED0826A71D8530AC8EBF088A65B4BF4114B97620EF4231E58E95CF1E77A3DA1BA6454EF97FF0A45ED3E944A9C75C00C002F00010000000A004601002C7068696C6F736F70686963616C2D6269736F6E2D39767438777A646E6477337633677037716871346B387830096865726F6B75646E7303636F6D000006400000000003C00C002E00010000000A0061002F0D030000000A61455A026142B702AE90096865726F6B75646E7303636F6D0060C56B5D50863E5AEA48A0A9D06D319E424138A73FEFED355035A1AAAAAD4805056274D9875289406E9A6153D50E2BEB5F0414133AEB79E45CA446238B7ED35E00002904D0000080000000",
    "AdditionalInfo": ".",
    "GUID": "{92DCAC43-BAC7-4895-ACA1-352DB9F3CD1D}",
    "EventReceivedTime": "2021-09-16T20:16:19.042392-07:00",
    "SourceModuleName": "dnsserver",
    "SourceModuleType": "im_etw",
    "HostIP": "192.168.1.36"
  },
  {
    "SourceName": "Microsoft-Windows-DNSServer",
    "ProviderGuid": "{EB79061A-A566-4698-9119-3ED2807060E7}",
    "EventID": 257,
    "Version": 0,
    "ChannelID": 16,
    "OpcodeValue": 0,
    "TaskValue": 1,
    "Keywords": "9223372036854775810",
    "EventTime": "2021-09-16T20:16:18.042178-07:00",
    "ExecutionProcessID": 2080,
    "ExecutionThreadID": 2940,
    "EventType": "INFO",
    "SeverityValue": 2,
    "Severity": "INFO",
    "Hostname": "WIN-93NOI1UVL29",
    "Domain": "NT AUTHORITY",
    "AccountName": "SYSTEM",
    "UserID": "S-1-5-18",
    "AccountType": "User",
    "Flags": "33152",
    "TCP": "0",
    "InterfaceIP": "192.168.1.36",
    "Destination": "192.168.1.7",
    "AA": "0",
    "AD": "0",
    "QNAME": "client-api.hubstaff.com.",
    "QTYPE": "28",
    "XID": "5367",
    "DNSSEC": "0",
    "RCODE": "0",
    "Port": "45348",
    "Scope": "Default",
    "Zone": "..Cache",
    "PolicyName": "NULL",
    "BufferSize": "110",
    "PacketData": "0x14F7818000010001000000000A636C69656E742D61706908687562737461666603636F6D00001C0001C00C000500010000083600392C7068696C6F736F70686963616C2D6269736F6E2D39767438777A646E6477337633677037716871346B387830096865726F6B75646E73C020",
    "AdditionalInfo": "VirtualizationInstance:.",
    "ElapsedTime": "25",
    "GUID": "{92DCAC43-BAC7-4895-ACA1-352DB9F3CD1D}",
    "EventReceivedTime": "2021-09-16T20:16:19.042392-07:00",
    "SourceModuleName": "dnsserver",
    "SourceModuleType": "im_etw",
    "HostIP": "192.168.1.36"
  },
  {
    "SourceName": "Microsoft-Windows-DNSServer",
    "ProviderGuid": "{EB79061A-A566-4698-9119-3ED2807060E7}",
    "EventID": 256,
    "Version": 0,
    "ChannelID": 16,
    "OpcodeValue": 0,
    "TaskValue": 1,
    "Keywords": "9223372036854775809",
    "EventTime": "2021-09-16T20:16:18.244615-07:00",
    "ExecutionProcessID": 2080,
    "ExecutionThreadID": 2940,
    "EventType": "INFO",
    "SeverityValue": 2,
    "Severity": "INFO",
    "Hostname": "WIN-93NOI1UVL29",
    "Domain": "NT AUTHORITY",
    "AccountName": "SYSTEM",
    "UserID": "S-1-5-18",
    "AccountType": "User",
    "Flags": "256",
    "TCP": "0",
    "InterfaceIP": "192.168.1.36",
    "Source": "192.168.1.7",
    "RD": "1",
    "QNAME": "client-api.hubstaff.com.",
    "QTYPE": "1",
    "XID": "33347",
    "Port": "39368",
    "BufferSize": "41",
    "PacketData": "0x8243010000010000000000000A636C69656E742D61706908687562737461666603636F6D0000010001",
    "AdditionalInfo": ".",
    "GUID": "{02A7EFAD-B917-42EC-B5E8-0459FFD92BF6}",
    "EventReceivedTime": "2021-09-16T20:16:19.042392-07:00",
    "SourceModuleName": "dnsserver",
    "SourceModuleType": "im_etw",
    "HostIP": "192.168.1.36"
  },
  {
    "SourceName": "Microsoft-Windows-DNSServer",
    "ProviderGuid": "{EB79061A-A566-4698-9119-3ED2807060E7}",
    "EventID": 279,
    "Version": 0,
    "ChannelID": 16,
    "OpcodeValue": 0,
    "TaskValue": 1,
    "Keywords": "9223372071214514176",
    "EventTime": "2021-09-16T20:16:18.245104-07:00",
    "ExecutionProcessID": 2080,
    "ExecutionThreadID": 2940,
    "EventType": "INFO",
    "SeverityValue": 2,
    "Severity": "INFO",
    "Hostname": "WIN-93NOI1UVL29",
    "Domain": "NT AUTHORITY",
    "AccountName": "SYSTEM",
    "UserID": "S-1-5-18",
    "AccountType": "User",
    "Flags": "33152",
    "TCP": "0",
    "InterfaceIP": "192.168.1.36",
    "Source": "192.168.1.7",
    "RD": "1",
    "QNAME": "philosophical-bison-9vt8wzdndw3v3gp7qhq4k8x0.herokudns.com.",
    "QTYPE": "1",
    "Port": "39368",
    "XID": "33347",
    "BufferSize": "41",
    "PacketData": "0x8243818000010001000000000A636C69656E742D61706908687562737461666603636F6D0000010001",
    "EventReceivedTime": "2021-09-16T20:16:19.042392-07:00",
    "SourceModuleName": "dnsserver",
    "SourceModuleType": "im_etw",
    "HostIP": "192.168.1.36"
  },
  {
    "SourceName": "Microsoft-Windows-DNSServer",
    "ProviderGuid": "{EB79061A-A566-4698-9119-3ED2807060E7}",
    "EventID": 257,
    "Version": 0,
    "ChannelID": 16,
    "OpcodeValue": 0,
    "TaskValue": 1,
    "Keywords": "9223372036854775810",
    "EventTime": "2021-09-16T20:16:18.245291-07:00",
    "ExecutionProcessID": 2080,
    "ExecutionThreadID": 2940,
    "EventType": "INFO",
    "SeverityValue": 2,
    "Severity": "INFO",
    "Hostname": "WIN-93NOI1UVL29",
    "Domain": "NT AUTHORITY",
    "AccountName": "SYSTEM",
    "UserID": "S-1-5-18",
    "AccountType": "User",
    "Flags": "33152",
    "TCP": "0",
    "InterfaceIP": "192.168.1.36",
    "Destination": "192.168.1.7",
    "AA": "0",
    "AD": "0",
    "QNAME": "client-api.hubstaff.com.",
    "QTYPE": "1",
    "XID": "33347",
    "DNSSEC": "0",
    "RCODE": "0",
    "Port": "39368",
    "Scope": "Default",
    "Zone": "..Cache",
    "PolicyName": "NULL",
    "BufferSize": "174",
    "PacketData": "0x8243818000010005000000000A636C69656E742D61706908687562737461666603636F6D0000010001C00C000500010000083500392C7068696C6F736F70686963616C2D6269736F6E2D39767438777A646E6477337633677037716871346B387830096865726F6B75646E73C020C0350001000100000002000434CAA841C0350001000100000002000412CDDE80C0350001000100000002000436ED8551C0350001000100000002000436A1F12E",
    "AdditionalInfo": "VirtualizationInstance:.",
    "ElapsedTime": "0",
    "GUID": "{02A7EFAD-B917-42EC-B5E8-0459FFD92BF6}",
    "EventReceivedTime": "2021-09-16T20:16:19.042392-07:00",
    "SourceModuleName": "dnsserver",
    "SourceModuleType": "im_etw",
    "HostIP": "192.168.1.36"
  },
  {
    "SourceName": "Microsoft-Windows-DNSServer",
    "ProviderGuid": "{EB79061A-A566-4698-9119-3ED2807060E7}",
    "EventID": 256,
    "Version": 0,
    "ChannelID": 16,
    "OpcodeValue": 0,
    "TaskValue": 1,
    "Keywords": "9223372036854775809",
    "EventTime": "2021-09-16T20:16:18.245363-07:00",
    "ExecutionProcessID": 2080,
    "ExecutionThreadID": 2940,
    "EventType": "INFO",
    "SeverityValue": 2,
    "Severity": "INFO",
    "Hostname": "WIN-93NOI1UVL29",
    "Domain": "NT AUTHORITY",
    "AccountName": "SYSTEM",
    "UserID": "S-1-5-18",
    "AccountType": "User",
    "Flags": "256",
    "TCP": "0",
    "InterfaceIP": "192.168.1.36",
    "Source": "192.168.1.7",
    "RD": "1",
    "QNAME": "client-api.hubstaff.com.",
    "QTYPE": "28",
    "XID": "19290",
    "Port": "39368",
    "BufferSize": "41",
    "PacketData": "0x4B5A010000010000000000000A636C69656E742D61706908687562737461666603636F6D00001C0001",
    "AdditionalInfo": ".",
    "GUID": "{416DA9B2-2FFE-4824-9FF3-3F9890E2077A}",
    "EventReceivedTime": "2021-09-16T20:16:19.042392-07:00",
    "SourceModuleName": "dnsserver",
    "SourceModuleType": "im_etw",
    "HostIP": "192.168.1.36"
  },
  {
    "SourceName": "Microsoft-Windows-DNSServer",
    "ProviderGuid": "{EB79061A-A566-4698-9119-3ED2807060E7}",
    "EventID": 279,
    "Version": 0,
    "ChannelID": 16,
    "OpcodeValue": 0,
    "TaskValue": 1,
    "Keywords": "9223372071214514176",
    "EventTime": "2021-09-16T20:16:18.245765-07:00",
    "ExecutionProcessID": 2080,
    "ExecutionThreadID": 2940,
    "EventType": "INFO",
    "SeverityValue": 2,
    "Severity": "INFO",
    "Hostname": "WIN-93NOI1UVL29",
    "Domain": "NT AUTHORITY",
    "AccountName": "SYSTEM",
    "UserID": "S-1-5-18",
    "AccountType": "User",
    "Flags": "33152",
    "TCP": "0",
    "InterfaceIP": "192.168.1.36",
    "Source": "192.168.1.7",
    "RD": "1",
    "QNAME": "philosophical-bison-9vt8wzdndw3v3gp7qhq4k8x0.herokudns.com.",
    "QTYPE": "28",
    "Port": "39368",
    "XID": "19290",
    "BufferSize": "41",
    "PacketData": "0x4B5A818000010001000000000A636C69656E742D61706908687562737461666603636F6D00001C0001",
    "EventReceivedTime": "2021-09-16T20:16:19.042392-07:00",
    "SourceModuleName": "dnsserver",
    "SourceModuleType": "im_etw",
    "HostIP": "192.168.1.36"
  },
  {
    "SourceName": "Microsoft-Windows-DNSServer",
    "ProviderGuid": "{EB79061A-A566-4698-9119-3ED2807060E7}",
    "EventID": 257,
    "Version": 0,
    "ChannelID": 16,
    "OpcodeValue": 0,
    "TaskValue": 1,
    "Keywords": "9223372036854775810",
    "EventTime": "2021-09-16T20:16:18.245908-07:00",
    "ExecutionProcessID": 2080,
    "ExecutionThreadID": 2940,
    "EventType": "INFO",
    "SeverityValue": 2,
    "Severity": "INFO",
    "Hostname": "WIN-93NOI1UVL29",
    "Domain": "NT AUTHORITY",
    "AccountName": "SYSTEM",
    "UserID": "S-1-5-18",
    "AccountType": "User",
    "Flags": "33152",
    "TCP": "0",
    "InterfaceIP": "192.168.1.36",
    "Destination": "192.168.1.7",
    "AA": "0",
    "AD": "0",
    "QNAME": "client-api.hubstaff.com.",
    "QTYPE": "28",
    "XID": "19290",
    "DNSSEC": "0",
    "RCODE": "0",
    "Port": "39368",
    "Scope": "Default",
    "Zone": "..Cache",
    "PolicyName": "NULL",
    "BufferSize": "175",
    "PacketData": "0x4B5A818000010001000100000A636C69656E742D61706908687562737461666603636F6D00001C0001C00C000500010000083500392C7068696C6F736F70686963616C2D6269736F6E2D39767438777A646E6477337633677037716871346B387830096865726F6B75646E73C020C0620006000100000009003504646E733103703035056E736F6E65036E6574000A686F73746D6173746572C0836144087F0000025800000384001275000000000A",
    "AdditionalInfo": "VirtualizationInstance:.",
    "ElapsedTime": "1",
    "GUID": "{416DA9B2-2FFE-4824-9FF3-3F9890E2077A}",
    "EventReceivedTime": "2021-09-16T20:16:19.042392-07:00",
    "SourceModuleName": "dnsserver",
    "SourceModuleType": "im_etw",
    "HostIP": "192.168.1.36"
  },
  {
    "SourceName": "Microsoft-Windows-DNSServer",
    "ProviderGuid": "{EB79061A-A566-4698-9119-3ED2807060E7}",
    "EventID": 256,
    "Version": 0,
    "ChannelID": 16,
    "OpcodeValue": 0,
    "TaskValue": 1,
    "Keywords": "9223372036854775809",
    "EventTime": "2021-09-16T20:16:30.359229-07:00",
    "ExecutionProcessID": 2080,
    "ExecutionThreadID": 2940,
    "EventType": "INFO",
    "SeverityValue": 2,
    "Severity": "INFO",
    "Hostname": "WIN-93NOI1UVL29",
    "Domain": "NT AUTHORITY",
    "AccountName": "SYSTEM",
    "UserID": "S-1-5-18",
    "AccountType": "User",
    "Flags": "256",
    "TCP": "0",
    "InterfaceIP": "192.168.1.36",
    "Source": "192.168.1.7",
    "RD": "1",
    "QNAME": "mozilla.cloudflare-dns.com.",
    "QTYPE": "1",
    "XID": "31680",
    "Port": "44724",
    "BufferSize": "44",
    "PacketData": "0x7BC001000001000000000000076D6F7A696C6C610E636C6F7564666C6172652D646E7303636F6D0000010001",
    "AdditionalInfo": ".",
    "GUID": "{599C9FB7-9FE8-47A5-B42F-9C0DB5968688}",
    "EventReceivedTime": "2021-09-16T20:16:31.357294-07:00",
    "SourceModuleName": "dnsserver",
    "SourceModuleType": "im_etw",
    "HostIP": "192.168.1.36"
  },
  {
    "SourceName": "Microsoft-Windows-DNSServer",
    "ProviderGuid": "{EB79061A-A566-4698-9119-3ED2807060E7}",
    "EventID": 260,
    "Version": 0,
    "ChannelID": 16,
    "OpcodeValue": 0,
    "TaskValue": 2,
    "Keywords": "9223372036854775824",
    "EventTime": "2021-09-16T20:16:30.359375-07:00",
    "ExecutionProcessID": 2080,
    "ExecutionThreadID": 2940,
    "EventType": "INFO",
    "SeverityValue": 2,
    "Severity": "INFO",
    "Hostname": "WIN-93NOI1UVL29",
    "Domain": "NT AUTHORITY",
    "AccountName": "SYSTEM",
    "UserID": "S-1-5-18",
    "AccountType": "User",
    "Flags": "0",
    "TCP": "0",
    "Destination": "162.159.0.33",
    "InterfaceIP": "0.0.0.0",
    "RD": "0",
    "QNAME": "mozilla.cloudflare-dns.com.",
    "QTYPE": "1",
    "QXID": "31680",
    "XID": "48465",
    "Port": "0",
    "RecursionScope": ".",
    "CacheScope": "Default",
    "PolicyName": "NULL",
    "BufferSize": "55",
    "PacketData": "0xBD5100000001000000000001076D6F7A696C6C610E636C6F7564666C6172652D646E7303636F6D00000100010000290FA0000080000000",
    "AdditionalInfo": ".",
    "GUID": "{599C9FB7-9FE8-47A5-B42F-9C0DB5968688}",
    "EventReceivedTime": "2021-09-16T20:16:31.357294-07:00",
    "SourceModuleName": "dnsserver",
    "SourceModuleType": "im_etw",
    "HostIP": "192.168.1.36"
  },
  {
    "SourceName": "Microsoft-Windows-DNSServer",
    "ProviderGuid": "{EB79061A-A566-4698-9119-3ED2807060E7}",
    "EventID": 256,
    "Version": 0,
    "ChannelID": 16,
    "OpcodeValue": 0,
    "TaskValue": 1,
    "Keywords": "9223372036854775809",
    "EventTime": "2021-09-16T20:16:30.359394-07:00",
    "ExecutionProcessID": 2080,
    "ExecutionThreadID": 2940,
    "EventType": "INFO",
    "SeverityValue": 2,
    "Severity": "INFO",
    "Hostname": "WIN-93NOI1UVL29",
    "Domain": "NT AUTHORITY",
    "AccountName": "SYSTEM",
    "UserID": "S-1-5-18",
    "AccountType": "User",
    "Flags": "256",
    "TCP": "0",
    "InterfaceIP": "192.168.1.36",
    "Source": "192.168.1.7",
    "RD": "1",
    "QNAME": "mozilla.cloudflare-dns.com.",
    "QTYPE": "28",
    "XID": "62403",
    "Port": "44724",
    "BufferSize": "44",
    "PacketData": "0xF3C301000001000000000000076D6F7A696C6C610E636C6F7564666C6172652D646E7303636F6D00001C0001",
    "AdditionalInfo": ".",
    "GUID": "{19AE3960-9C3D-4F45-99F0-23C42007A877}",
    "EventReceivedTime": "2021-09-16T20:16:31.357294-07:00",
    "SourceModuleName": "dnsserver",
    "SourceModuleType": "im_etw",
    "HostIP": "192.168.1.36"
  },
  {
    "SourceName": "Microsoft-Windows-DNSServer",
    "ProviderGuid": "{EB79061A-A566-4698-9119-3ED2807060E7}",
    "EventID": 260,
    "Version": 0,
    "ChannelID": 16,
    "OpcodeValue": 0,
    "TaskValue": 2,
    "Keywords": "9223372036854775824",
    "EventTime": "2021-09-16T20:16:30.360196-07:00",
    "ExecutionProcessID": 2080,
    "ExecutionThreadID": 2940,
    "EventType": "INFO",
    "SeverityValue": 2,
    "Severity": "INFO",
    "Hostname": "WIN-93NOI1UVL29",
    "Domain": "NT AUTHORITY",
    "AccountName": "SYSTEM",
    "UserID": "S-1-5-18",
    "AccountType": "User",
    "Flags": "0",
    "TCP": "0",
    "Destination": "162.159.2.9",
    "InterfaceIP": "0.0.0.0",
    "RD": "0",
    "QNAME": "mozilla.cloudflare-dns.com.",
    "QTYPE": "28",
    "QXID": "62403",
    "XID": "23333",
    "Port": "0",
    "RecursionScope": ".",
    "CacheScope": "Default",
    "PolicyName": "NULL",
    "BufferSize": "55",
    "PacketData": "0x5B2500000001000000000001076D6F7A696C6C610E636C6F7564666C6172652D646E7303636F6D00001C00010000290FA0000080000000",
    "AdditionalInfo": ".",
    "GUID": "{19AE3960-9C3D-4F45-99F0-23C42007A877}",
    "EventReceivedTime": "2021-09-16T20:16:31.357294-07:00",
    "SourceModuleName": "dnsserver",
    "SourceModuleType": "im_etw",
    "HostIP": "192.168.1.36"
  },
  {
    "SourceName": "Microsoft-Windows-DNSServer",
    "ProviderGuid": "{EB79061A-A566-4698-9119-3ED2807060E7}",
    "EventID": 261,
    "Version": 0,
    "ChannelID": 16,
    "OpcodeValue": 0,
    "TaskValue": 2,
    "Keywords": "9223372036854775840",
    "EventTime": "2021-09-16T20:16:30.374419-07:00",
    "ExecutionProcessID": 2080,
    "ExecutionThreadID": 2940,
    "EventType": "INFO",
    "SeverityValue": 2,
    "Severity": "INFO",
    "Hostname": "WIN-93NOI1UVL29",
    "Domain": "NT AUTHORITY",
    "AccountName": "SYSTEM",
    "UserID": "S-1-5-18",
    "AccountType": "User",
    "Flags": "33792",
    "TCP": "0",
    "Source": "162.159.0.33",
    "InterfaceIP": "0.0.0.0",
    "AA": "1",
    "AD": "0",
    "QNAME": "mozilla.cloudflare-dns.com.",
    "QTYPE": "1",
    "XID": "48465",
    "RecursionDepth": "1",
    "Port": "0",
    "RecursionScope": ".",
    "CacheScope": "Default",
    "BufferSize": "201",
    "PacketData": "0xBD5184000001000300000001076D6F7A696C6C610E636C6F7564666C6172652D646E7303636F6D0000010001C00C000100010000012C00046810F9F9C00C000100010000012C00046810F8F9C00C002E00010000012C006600010D030000012C6145680E6142A8EE86C90E636C6F7564666C6172652D646E7303636F6D00C1B0C52FC83BA432194905517DD9E2EAD6BC120FAF66FF27B354C0B3DD0AB94BA8BB6663784721708827B5C457597F70500979544BCA3640D8EA9C2A778BAEDD00002904D0000080000000",
    "AdditionalInfo": ".",
    "GUID": "{599C9FB7-9FE8-47A5-B42F-9C0DB5968688}",
    "EventReceivedTime": "2021-09-16T20:16:31.371420-07:00",
    "SourceModuleName": "dnsserver",
    "SourceModuleType": "im_etw",
    "HostIP": "192.168.1.36"
  },
  {
    "SourceName": "Microsoft-Windows-DNSServer",
    "ProviderGuid": "{EB79061A-A566-4698-9119-3ED2807060E7}",
    "EventID": 257,
    "Version": 0,
    "ChannelID": 16,
    "OpcodeValue": 0,
    "TaskValue": 1,
    "Keywords": "9223372036854775810",
    "EventTime": "2021-09-16T20:16:30.374484-07:00",
    "ExecutionProcessID": 2080,
    "ExecutionThreadID": 2940,
    "EventType": "INFO",
    "SeverityValue": 2,
    "Severity": "INFO",
    "Hostname": "WIN-93NOI1UVL29",
    "Domain": "NT AUTHORITY",
    "AccountName": "SYSTEM",
    "UserID": "S-1-5-18",
    "AccountType": "User",
    "Flags": "33152",
    "TCP": "0",
    "InterfaceIP": "192.168.1.36",
    "Destination": "192.168.1.7",
    "AA": "0",
    "AD": "0",
    "QNAME": "mozilla.cloudflare-dns.com.",
    "QTYPE": "1",
    "XID": "31680",
    "DNSSEC": "0",
    "RCODE": "0",
    "Port": "44724",
    "Scope": "Default",
    "Zone": "..Cache",
    "PolicyName": "NULL",
    "BufferSize": "76",
    "PacketData": "0x7BC081800001000200000000076D6F7A696C6C610E636C6F7564666C6172652D646E7303636F6D0000010001C00C000100010000012B00046810F9F9C00C000100010000012B00046810F8F9",
    "AdditionalInfo": "VirtualizationInstance:.",
    "ElapsedTime": "15",
    "GUID": "{599C9FB7-9FE8-47A5-B42F-9C0DB5968688}",
    "EventReceivedTime": "2021-09-16T20:16:31.371420-07:00",
    "SourceModuleName": "dnsserver",
    "SourceModuleType": "im_etw",
    "HostIP": "192.168.1.36"
  },
  {
    "SourceName": "Microsoft-Windows-DNSServer",
    "ProviderGuid": "{EB79061A-A566-4698-9119-3ED2807060E7}",
    "EventID": 261,
    "Version": 0,
    "ChannelID": 16,
    "OpcodeValue": 0,
    "TaskValue": 2,
    "Keywords": "9223372036854775840",
    "EventTime": "2021-09-16T20:16:30.374916-07:00",
    "ExecutionProcessID": 2080,
    "ExecutionThreadID": 2940,
    "EventType": "INFO",
    "SeverityValue": 2,
    "Severity": "INFO",
    "Hostname": "WIN-93NOI1UVL29",
    "Domain": "NT AUTHORITY",
    "AccountName": "SYSTEM",
    "UserID": "S-1-5-18",
    "AccountType": "User",
    "Flags": "33792",
    "TCP": "0",
    "Source": "162.159.2.9",
    "InterfaceIP": "0.0.0.0",
    "AA": "1",
    "AD": "0",
    "QNAME": "mozilla.cloudflare-dns.com.",
    "QTYPE": "28",
    "XID": "23333",
    "RecursionDepth": "1",
    "Port": "0",
    "RecursionScope": ".",
    "CacheScope": "Default",
    "BufferSize": "225",
    "PacketData": "0x5B2584000001000300000001076D6F7A696C6C610E636C6F7564666C6172652D646E7303636F6D00001C0001C00C001C00010000012C00102606470000000000000000006810F8F9C00C001C00010000012C00102606470000000000000000006810F9F9C00C002E00010000012C0066001C0D030000012C6145681D6142A8FD86C90E636C6F7564666C6172652D646E7303636F6D0034A8DB1F4930141D6D8ECD91E116F82C98C8482CD9925C3CFFAB0588CB25239C90D398A3940DD2617F3647C1FBB8CAC3C3F829C6077F74ABDE7390A591A807A800002904D0000080000000",
    "AdditionalInfo": ".",
    "GUID": "{19AE3960-9C3D-4F45-99F0-23C42007A877}",
    "EventReceivedTime": "2021-09-16T20:16:31.371420-07:00",
    "SourceModuleName": "dnsserver",
    "SourceModuleType": "im_etw",
    "HostIP": "192.168.1.36"
  },
  {
    "SourceName": "Microsoft-Windows-DNSServer",
    "ProviderGuid": "{EB79061A-A566-4698-9119-3ED2807060E7}",
    "EventID": 257,
    "Version": 0,
    "ChannelID": 16,
    "OpcodeValue": 0,
    "TaskValue": 1,
    "Keywords": "9223372036854775810",
    "EventTime": "2021-09-16T20:16:30.374975-07:00",
    "ExecutionProcessID": 2080,
    "ExecutionThreadID": 2940,
    "EventType": "INFO",
    "SeverityValue": 2,
    "Severity": "INFO",
    "Hostname": "WIN-93NOI1UVL29",
    "Domain": "NT AUTHORITY",
    "AccountName": "SYSTEM",
    "UserID": "S-1-5-18",
    "AccountType": "User",
    "Flags": "33152",
    "TCP": "0",
    "InterfaceIP": "192.168.1.36",
    "Destination": "192.168.1.7",
    "AA": "0",
    "AD": "0",
    "QNAME": "mozilla.cloudflare-dns.com.",
    "QTYPE": "28",
    "XID": "62403",
    "DNSSEC": "0",
    "RCODE": "0",
    "Port": "44724",
    "Scope": "Default",
    "Zone": "..Cache",
    "PolicyName": "NULL",
    "BufferSize": "100",
    "PacketData": "0xF3C381800001000200000000076D6F7A696C6C610E636C6F7564666C6172652D646E7303636F6D00001C0001C00C001C00010000012C00102606470000000000000000006810F8F9C00C001C00010000012C00102606470000000000000000006810F9F9",
    "AdditionalInfo": "VirtualizationInstance:.",
    "ElapsedTime": "16",
    "GUID": "{19AE3960-9C3D-4F45-99F0-23C42007A877}",
    "EventReceivedTime": "2021-09-16T20:16:31.371420-07:00",
    "SourceModuleName": "dnsserver",
    "SourceModuleType": "im_etw",
    "HostIP": "192.168.1.36"
  },
  {
    "SourceName": "Microsoft-Windows-DNSServer",
    "ProviderGuid": "{EB79061A-A566-4698-9119-3ED2807060E7}",
    "EventID": 256,
    "Version": 0,
    "ChannelID": 16,
    "OpcodeValue": 0,
    "TaskValue": 1,
    "Keywords": "9223372036854775809",
    "EventTime": "2021-09-16T20:17:31.171660-07:00",
    "ExecutionProcessID": 2080,
    "ExecutionThreadID": 2940,
    "EventType": "INFO",
    "SeverityValue": 2,
    "Severity": "INFO",
    "Hostname": "WIN-93NOI1UVL29",
    "Domain": "NT AUTHORITY",
    "AccountName": "SYSTEM",
    "UserID": "S-1-5-18",
    "AccountType": "User",
    "Flags": "256",
    "TCP": "0",
    "InterfaceIP": "192.168.1.36",
    "Source": "192.168.1.7",
    "RD": "1",
    "QNAME": "mozilla.cloudflare-dns.com.",
    "QTYPE": "1",
    "XID": "16937",
    "Port": "35222",
    "BufferSize": "44",
    "PacketData": "0x422901000001000000000000076D6F7A696C6C610E636C6F7564666C6172652D646E7303636F6D0000010001",
    "AdditionalInfo": ".",
    "GUID": "{637C7EC9-ABEF-4EC8-8179-B3C0587AB473}",
    "EventReceivedTime": "2021-09-16T20:17:32.156839-07:00",
    "SourceModuleName": "dnsserver",
    "SourceModuleType": "im_etw",
    "HostIP": "192.168.1.36"
  },
  {
    "SourceName": "Microsoft-Windows-DNSServer",
    "ProviderGuid": "{EB79061A-A566-4698-9119-3ED2807060E7}",
    "EventID": 257,
    "Version": 0,
    "ChannelID": 16,
    "OpcodeValue": 0,
    "TaskValue": 1,
    "Keywords": "9223372036854775810",
    "EventTime": "2021-09-16T20:17:31.171802-07:00",
    "ExecutionProcessID": 2080,
    "ExecutionThreadID": 2940,
    "EventType": "INFO",
    "SeverityValue": 2,
    "Severity": "INFO",
    "Hostname": "WIN-93NOI1UVL29",
    "Domain": "NT AUTHORITY",
    "AccountName": "SYSTEM",
    "UserID": "S-1-5-18",
    "AccountType": "User",
    "Flags": "33152",
    "TCP": "0",
    "InterfaceIP": "192.168.1.36",
    "Destination": "192.168.1.7",
    "AA": "0",
    "AD": "0",
    "QNAME": "mozilla.cloudflare-dns.com.",
    "QTYPE": "1",
    "XID": "16937",
    "DNSSEC": "0",
    "RCODE": "0",
    "Port": "35222",
    "Scope": "Default",
    "Zone": "..Cache",
    "PolicyName": "NULL",
    "BufferSize": "76",
    "PacketData": "0x422981800001000200000000076D6F7A696C6C610E636C6F7564666C6172652D646E7303636F6D0000010001C00C00010001000000EE00046810F8F9C00C00010001000000EE00046810F9F9",
    "AdditionalInfo": "VirtualizationInstance:.",
    "ElapsedTime": "0",
    "GUID": "{637C7EC9-ABEF-4EC8-8179-B3C0587AB473}",
    "EventReceivedTime": "2021-09-16T20:17:32.156839-07:00",
    "SourceModuleName": "dnsserver",
    "SourceModuleType": "im_etw",
    "HostIP": "192.168.1.36"
  },
  {
    "SourceName": "Microsoft-Windows-DNSServer",
    "ProviderGuid": "{EB79061A-A566-4698-9119-3ED2807060E7}",
    "EventID": 256,
    "Version": 0,
    "ChannelID": 16,
    "OpcodeValue": 0,
    "TaskValue": 1,
    "Keywords": "9223372036854775809",
    "EventTime": "2021-09-16T20:17:31.172128-07:00",
    "ExecutionProcessID": 2080,
    "ExecutionThreadID": 2940,
    "EventType": "INFO",
    "SeverityValue": 2,
    "Severity": "INFO",
    "Hostname": "WIN-93NOI1UVL29",
    "Domain": "NT AUTHORITY",
    "AccountName": "SYSTEM",
    "UserID": "S-1-5-18",
    "AccountType": "User",
    "Flags": "256",
    "TCP": "0",
    "InterfaceIP": "192.168.1.36",
    "Source": "192.168.1.7",
    "RD": "1",
    "QNAME": "mozilla.cloudflare-dns.com.",
    "QTYPE": "28",
    "XID": "39471",
    "Port": "35222",
    "BufferSize": "44",
    "PacketData": "0x9A2F01000001000000000000076D6F7A696C6C610E636C6F7564666C6172652D646E7303636F6D00001C0001",
    "AdditionalInfo": ".",
    "GUID": "{4543CA13-674C-436C-A159-823DFDD11ABD}",
    "EventReceivedTime": "2021-09-16T20:17:32.156839-07:00",
    "SourceModuleName": "dnsserver",
    "SourceModuleType": "im_etw",
    "HostIP": "192.168.1.36"
  },
  {
    "SourceName": "Microsoft-Windows-DNSServer",
    "ProviderGuid": "{EB79061A-A566-4698-9119-3ED2807060E7}",
    "EventID": 257,
    "Version": 0,
    "ChannelID": 16,
    "OpcodeValue": 0,
    "TaskValue": 1,
    "Keywords": "9223372036854775810",
    "EventTime": "2021-09-16T20:17:31.172223-07:00",
    "ExecutionProcessID": 2080,
    "ExecutionThreadID": 2940,
    "EventType": "INFO",
    "SeverityValue": 2,
    "Severity": "INFO",
    "Hostname": "WIN-93NOI1UVL29",
    "Domain": "NT AUTHORITY",
    "AccountName": "SYSTEM",
    "UserID": "S-1-5-18",
    "AccountType": "User",
    "Flags": "33152",
    "TCP": "0",
    "InterfaceIP": "192.168.1.36",
    "Destination": "192.168.1.7",
    "AA": "0",
    "AD": "0",
    "QNAME": "mozilla.cloudflare-dns.com.",
    "QTYPE": "28",
    "XID": "39471",
    "DNSSEC": "0",
    "RCODE": "0",
    "Port": "35222",
    "Scope": "Default",
    "Zone": "..Cache",
    "PolicyName": "NULL",
    "BufferSize": "100",
    "PacketData": "0x9A2F81800001000200000000076D6F7A696C6C610E636C6F7564666C6172652D646E7303636F6D00001C0001C00C001C0001000000EF00102606470000000000000000006810F9F9C00C001C0001000000EF00102606470000000000000000006810F8F9",
    "AdditionalInfo": "VirtualizationInstance:.",
    "ElapsedTime": "0",
    "GUID": "{4543CA13-674C-436C-A159-823DFDD11ABD}",
    "EventReceivedTime": "2021-09-16T20:17:32.156839-07:00",
    "SourceModuleName": "dnsserver",
    "SourceModuleType": "im_etw",
    "HostIP": "192.168.1.36"
  },
  {
    "SourceName": "Microsoft-Windows-DNSServer",
    "ProviderGuid": "{EB79061A-A566-4698-9119-3ED2807060E7}",
    "EventID": 256,
    "Version": 0,
    "ChannelID": 16,
    "OpcodeValue": 0,
    "TaskValue": 1,
    "Keywords": "9223372036854775809",
    "EventTime": "2021-09-16T20:17:36.311373-07:00",
    "ExecutionProcessID": 2080,
    "ExecutionThreadID": 2940,
    "EventType": "INFO",
    "SeverityValue": 2,
    "Severity": "INFO",
    "Hostname": "WIN-93NOI1UVL29",
    "Domain": "NT AUTHORITY",
    "AccountName": "SYSTEM",
    "UserID": "S-1-5-18",
    "AccountType": "User",
    "Flags": "256",
    "TCP": "0",
    "InterfaceIP": "192.168.1.36",
    "Source": "192.168.1.7",
    "RD": "1",
    "QNAME": "connectivity-check.ubuntu.com.",
    "QTYPE": "28",
    "XID": "14102",
    "Port": "57088",
    "BufferSize": "47",
    "PacketData": "0x37160100000100000000000012636F6E6E65637469766974792D636865636B067562756E747503636F6D00001C0001",
    "AdditionalInfo": ".",
    "GUID": "{9747FF7F-6A7C-4D8C-9FF3-8F477C69CD1E}",
    "EventReceivedTime": "2021-09-16T20:17:37.313199-07:00",
    "SourceModuleName": "dnsserver",
    "SourceModuleType": "im_etw",
    "HostIP": "192.168.1.36"
  },
  {
    "SourceName": "Microsoft-Windows-DNSServer",
    "ProviderGuid": "{EB79061A-A566-4698-9119-3ED2807060E7}",
    "EventID": 257,
    "Version": 0,
    "ChannelID": 16,
    "OpcodeValue": 0,
    "TaskValue": 1,
    "Keywords": "9223372036854775810",
    "EventTime": "2021-09-16T20:17:36.311772-07:00",
    "ExecutionProcessID": 2080,
    "ExecutionThreadID": 2940,
    "EventType": "INFO",
    "SeverityValue": 2,
    "Severity": "INFO",
    "Hostname": "WIN-93NOI1UVL29",
    "Domain": "NT AUTHORITY",
    "AccountName": "SYSTEM",
    "UserID": "S-1-5-18",
    "AccountType": "User",
    "Flags": "33152",
    "TCP": "0",
    "InterfaceIP": "192.168.1.36",
    "Destination": "192.168.1.7",
    "AA": "0",
    "AD": "0",
    "QNAME": "connectivity-check.ubuntu.com.",
    "QTYPE": "28",
    "XID": "14102",
    "DNSSEC": "0",
    "RCODE": "0",
    "Port": "57088",
    "Scope": "Default",
    "Zone": "..Cache",
    "PolicyName": "NULL",
    "BufferSize": "108",
    "PacketData": "0x37168180000100000001000012636F6E6E65637469766974792D636865636B067562756E747503636F6D00001C0001C01F00060001000002580031036E73310963616E6F6E6963616CC0260A686F73746D6173746572C03F7849112A00002A3000000E1000093A8000000E10",
    "AdditionalInfo": "VirtualizationInstance:.",
    "ElapsedTime": "0",
    "GUID": "{9747FF7F-6A7C-4D8C-9FF3-8F477C69CD1E}",
    "EventReceivedTime": "2021-09-16T20:17:37.313199-07:00",
    "SourceModuleName": "dnsserver",
    "SourceModuleType": "im_etw",
    "HostIP": "192.168.1.36"
  },
  {
    "SourceName": "Microsoft-Windows-DNSServer",
    "ProviderGuid": "{EB79061A-A566-4698-9119-3ED2807060E7}",
    "EventID": 256,
    "Version": 0,
    "ChannelID": 16,
    "OpcodeValue": 0,
    "TaskValue": 1,
    "Keywords": "9223372036854775809",
    "EventTime": "2021-09-16T20:17:36.312892-07:00",
    "ExecutionProcessID": 2080,
    "ExecutionThreadID": 2940,
    "EventType": "INFO",
    "SeverityValue": 2,
    "Severity": "INFO",
    "Hostname": "WIN-93NOI1UVL29",
    "Domain": "NT AUTHORITY",
    "AccountName": "SYSTEM",
    "UserID": "S-1-5-18",
    "AccountType": "User",
    "Flags": "256",
    "TCP": "0",
    "InterfaceIP": "192.168.1.36",
    "Source": "192.168.1.7",
    "RD": "1",
    "QNAME": "connectivity-check.ubuntu.com.example.com.",
    "QTYPE": "28",
    "XID": "29644",
    "Port": "34246",
    "BufferSize": "59",
    "PacketData": "0x73CC0100000100000000000012636F6E6E65637469766974792D636865636B067562756E747503636F6D076578616D706C6503636F6D00001C0001",
    "AdditionalInfo": ".",
    "GUID": "{44CCEE72-F645-41D7-BF37-343B2147D23E}",
    "EventReceivedTime": "2021-09-16T20:17:37.313199-07:00",
    "SourceModuleName": "dnsserver",
    "SourceModuleType": "im_etw",
    "HostIP": "192.168.1.36"
  },
  {
    "SourceName": "Microsoft-Windows-DNSServer",
    "ProviderGuid": "{EB79061A-A566-4698-9119-3ED2807060E7}",
    "EventID": 257,
    "Version": 0,
    "ChannelID": 16,
    "OpcodeValue": 0,
    "TaskValue": 1,
    "Keywords": "9223372036854775810",
    "EventTime": "2021-09-16T20:17:36.314681-07:00",
    "ExecutionProcessID": 2080,
    "ExecutionThreadID": 2940,
    "EventType": "INFO",
    "SeverityValue": 2,
    "Severity": "INFO",
    "Hostname": "WIN-93NOI1UVL29",
    "Domain": "NT AUTHORITY",
    "AccountName": "SYSTEM",
    "UserID": "S-1-5-18",
    "AccountType": "User",
    "Flags": "34179",
    "TCP": "0",
    "InterfaceIP": "192.168.1.36",
    "Destination": "192.168.1.7",
    "AA": "1",
    "AD": "0",
    "QNAME": "connectivity-check.ubuntu.com.example.com.",
    "QTYPE": "28",
    "XID": "29644",
    "DNSSEC": "0",
    "RCODE": "3",
    "Port": "34246",
    "Scope": "Default",
    "Zone": "example.com",
    "PolicyName": "NULL",
    "BufferSize": "131",
    "PacketData": "0x73CC8583000100000001000012636F6E6E65637469766974792D636865636B067562756E747503636F6D076578616D706C6503636F6D00001C0001076578616D706C6503636F6D000006000100000E1000310F77696E2D39336E6F693175766C3239000A686F73746D6173746572000000001500000384000002580001518000000E10",
    "AdditionalInfo": "VirtualizationInstance:.",
    "ElapsedTime": "1",
    "GUID": "{44CCEE72-F645-41D7-BF37-343B2147D23E}",
    "EventReceivedTime": "2021-09-16T20:17:37.313199-07:00",
    "SourceModuleName": "dnsserver",
    "SourceModuleType": "im_etw",
    "HostIP": "192.168.1.36"
  },
  {
    "SourceName": "Microsoft-Windows-DNSServer",
    "ProviderGuid": "{EB79061A-A566-4698-9119-3ED2807060E7}",
    "EventID": 256,
    "Version": 0,
    "ChannelID": 16,
    "OpcodeValue": 0,
    "TaskValue": 1,
    "Keywords": "9223372036854775809",
    "EventTime": "2021-09-16T20:17:37.742674-07:00",
    "ExecutionProcessID": 2080,
    "ExecutionThreadID": 2940,
    "EventType": "INFO",
    "SeverityValue": 2,
    "Severity": "INFO",
    "Hostname": "WIN-93NOI1UVL29",
    "Domain": "NT AUTHORITY",
    "AccountName": "SYSTEM",
    "UserID": "S-1-5-18",
    "AccountType": "User",
    "Flags": "256",
    "TCP": "0",
    "InterfaceIP": "192.168.1.36",
    "Source": "192.168.1.7",
    "RD": "1",
    "QNAME": "github.com.",
    "QTYPE": "1",
    "XID": "22957",
    "Port": "52101",
    "BufferSize": "28",
    "PacketData": "0x59AD010000010000000000000667697468756203636F6D0000010001",
    "AdditionalInfo": ".",
    "GUID": "{D54A3468-B827-4803-B4B0-388724802E08}",
    "EventReceivedTime": "2021-09-16T20:17:38.313705-07:00",
    "SourceModuleName": "dnsserver",
    "SourceModuleType": "im_etw",
    "HostIP": "192.168.1.36"
  },
  {
    "SourceName": "Microsoft-Windows-DNSServer",
    "ProviderGuid": "{EB79061A-A566-4698-9119-3ED2807060E7}",
    "EventID": 260,
    "Version": 0,
    "ChannelID": 16,
    "OpcodeValue": 0,
    "TaskValue": 2,
    "Keywords": "9223372036854775824",
    "EventTime": "2021-09-16T20:17:37.744007-07:00",
    "ExecutionProcessID": 2080,
    "ExecutionThreadID": 2940,
    "EventType": "INFO",
    "SeverityValue": 2,
    "Severity": "INFO",
    "Hostname": "WIN-93NOI1UVL29",
    "Domain": "NT AUTHORITY",
    "AccountName": "SYSTEM",
    "UserID": "S-1-5-18",
    "AccountType": "User",
    "Flags": "0",
    "TCP": "0",
    "Destination": "2001:503:83eb::30",
    "InterfaceIP": "::",
    "RD": "0",
    "QNAME": "github.com.",
    "QTYPE": "1",
    "QXID": "22957",
    "XID": "30780",
    "Port": "0",
    "RecursionScope": ".",
    "CacheScope": "Default",
    "PolicyName": "NULL",
    "BufferSize": "39",
    "PacketData": "0x783C000000010000000000010667697468756203636F6D00000100010000290FA0000080000000",
    "AdditionalInfo": ".",
    "GUID": "{D54A3468-B827-4803-B4B0-388724802E08}",
    "EventReceivedTime": "2021-09-16T20:17:38.313705-07:00",
    "SourceModuleName": "dnsserver",
    "SourceModuleType": "im_etw",
    "HostIP": "192.168.1.36"
  },
  {
    "SourceName": "Microsoft-Windows-DNSServer",
    "ProviderGuid": "{EB79061A-A566-4698-9119-3ED2807060E7}",
    "EventID": 261,
    "Version": 0,
    "ChannelID": 16,
    "OpcodeValue": 0,
    "TaskValue": 2,
    "Keywords": "9223372036854775840",
    "EventTime": "2021-09-16T20:17:37.783796-07:00",
    "ExecutionProcessID": 2080,
    "ExecutionThreadID": 2940,
    "EventType": "INFO",
    "SeverityValue": 2,
    "Severity": "INFO",
    "Hostname": "WIN-93NOI1UVL29",
    "Domain": "NT AUTHORITY",
    "AccountName": "SYSTEM",
    "UserID": "S-1-5-18",
    "AccountType": "User",
    "Flags": "32768",
    "TCP": "0",
    "Source": "2001:503:83eb::30",
    "InterfaceIP": "::",
    "AA": "0",
    "AD": "0",
    "QNAME": "github.com.",
    "QTYPE": "1",
    "XID": "30780",
    "RecursionDepth": "1",
    "Port": "0",
    "RecursionScope": ".",
    "CacheScope": "Default",
    "BufferSize": "827",
    "PacketData": "0x783C800000010000000C00020667697468756203636F6D0000010001C00C000200010002A3000016066E732D35323009617773646E732D3031036E657400C00C000200010002A3000013066E732D34323109617773646E732D3532C013C00C000200010002A3000019076E732D3137303709617773646E732D323102636F02756B00C00C000200010002A3000017076E732D3132383309617773646E732D3332036F726700C00C000200010002A300001104646E733103703038056E736F6E65C039C00C000200010002A300000704646E7332C0B6C00C000200010002A300000704646E7333C0B6C00C000200010002A300000704646E7334C0B620434B30504F4A4D473837344C4A5245463745464E38343330515649543842534DC013003200010001518000230101000000146501A0C25720EE156F6C4E39636B3ADA0312D92A000722000000000290C0FB002E00010001518000B7003208020001518061495E696140138199AF03636F6D0073D49C969AD112E1F52C00137560047BE57A0C63D266917DED0C9A551F1942FF5A835C70F318B7C1EC6363C09CA90BC736EB8345EA6F090394D2675E2DD1E0CEC5ED70EADAD937CA6CC54F1A48BA6BE6ED4985DC52360CD72D6C33AB6A67D91A22530A0F796FA8CD809D5DFD4EDA95D33C8A5BF1A724B9CB9248BFE875C054CB318444F00A1E1D5AE0EB39B04D9810FF639A4962C6AEB971DC01E12935F5E65520344B423444465337314C4550384738503856543443435553514E4C34434E4353C0130032000100015180002201010000001425164CF75A2B3AA3E70CEC2C7DF9EC42C3BA75DE0006200000000012C20E002E00010001518000B70032080200015180614ABE9A614173B299AF03636F6D001B999BAD4EE13D388F8BDFF94C53E0B2AF2459C51582F21C19C20988C448EA002D778E479658B5D8A97A84AC248499BCD191203FE3F0A701DC727A0ECBC38298F2F24B30083AD68EEE6DD77A88E4FE8A021777AD306D8AD8887A90D1F4DE47F06BF9007FAB20F4ADFFE12706E9E7BB29A91FCA47175EC53F4B6930F548B1312C88360DE7122BF28A4E915CAE88A1E5831360E8DA5FC9391463CE0584E5B89254C04A000100010002A3000004CDFBC1A50000291000000080000000",
    "AdditionalInfo": ".",
    "GUID": "{D54A3468-B827-4803-B4B0-388724802E08}",
    "EventReceivedTime": "2021-09-16T20:17:38.331154-07:00",
    "SourceModuleName": "dnsserver",
    "SourceModuleType": "im_etw",
    "HostIP": "192.168.1.36"
  },
  {
    "SourceName": "Microsoft-Windows-DNSServer",
    "ProviderGuid": "{EB79061A-A566-4698-9119-3ED2807060E7}",
    "EventID": 260,
    "Version": 0,
    "ChannelID": 16,
    "OpcodeValue": 0,
    "TaskValue": 2,
    "Keywords": "9223372036854775824",
    "EventTime": "2021-09-16T20:17:37.783993-07:00",
    "ExecutionProcessID": 2080,
    "ExecutionThreadID": 2940,
    "EventType": "INFO",
    "SeverityValue": 2,
    "Severity": "INFO",
    "Hostname": "WIN-93NOI1UVL29",
    "Domain": "NT AUTHORITY",
    "AccountName": "SYSTEM",
    "UserID": "S-1-5-18",
    "AccountType": "User",
    "Flags": "0",
    "TCP": "0",
    "Destination": "205.251.193.165",
    "InterfaceIP": "0.0.0.0",
    "RD": "0",
    "QNAME": "github.com.",
    "QTYPE": "1",
    "QXID": "22957",
    "XID": "61168",
    "Port": "0",
    "RecursionScope": ".",
    "CacheScope": "Default",
    "PolicyName": "NULL",
    "BufferSize": "39",
    "PacketData": "0xEEF0000000010000000000010667697468756203636F6D00000100010000290FA0000080000000",
    "AdditionalInfo": ".",
    "GUID": "{D54A3468-B827-4803-B4B0-388724802E08}",
    "EventReceivedTime": "2021-09-16T20:17:38.331154-07:00",
    "SourceModuleName": "dnsserver",
    "SourceModuleType": "im_etw",
    "HostIP": "192.168.1.36"
  },
  {
    "SourceName": "Microsoft-Windows-DNSServer",
    "ProviderGuid": "{EB79061A-A566-4698-9119-3ED2807060E7}",
    "EventID": 261,
    "Version": 0,
    "ChannelID": 16,
    "OpcodeValue": 0,
    "TaskValue": 2,
    "Keywords": "9223372036854775840",
    "EventTime": "2021-09-16T20:17:37.803936-07:00",
    "ExecutionProcessID": 2080,
    "ExecutionThreadID": 2940,
    "EventType": "INFO",
    "SeverityValue": 2,
    "Severity": "INFO",
    "Hostname": "WIN-93NOI1UVL29",
    "Domain": "NT AUTHORITY",
    "AccountName": "SYSTEM",
    "UserID": "S-1-5-18",
    "AccountType": "User",
    "Flags": "33824",
    "TCP": "0",
    "Source": "205.251.193.165",
    "InterfaceIP": "0.0.0.0",
    "AA": "1",
    "AD": "1",
    "QNAME": "github.com.",
    "QTYPE": "1",
    "XID": "61168",
    "RecursionDepth": "2",
    "Port": "0",
    "RecursionScope": ".",
    "CacheScope": "Default",
    "BufferSize": "278",
    "PacketData": "0xEEF0842000010001000800010667697468756203636F6D0000010001C00C000100010000003C00048C527103C00C0002000100000384001404646E733103703038056E736F6E65036E657400C00C0002000100000384000704646E7332C03DC00C0002000100000384000704646E7333C03DC00C0002000100000384000704646E7334C03DC00C00020001000003840017076E732D3132383309617773646E732D3332036F726700C00C00020001000003840019076E732D3137303709617773646E732D323102636F02756B00C00C00020001000003840013066E732D34323109617773646E732D3532C013C00C00020001000003840013066E732D35323009617773646E732D3031C0470000291000000080000000",
    "AdditionalInfo": ".",
    "GUID": "{D54A3468-B827-4803-B4B0-388724802E08}",
    "EventReceivedTime": "2021-09-16T20:17:38.331154-07:00",
    "SourceModuleName": "dnsserver",
    "SourceModuleType": "im_etw",
    "HostIP": "192.168.1.36"
  },
  {
    "SourceName": "Microsoft-Windows-DNSServer",
    "ProviderGuid": "{EB79061A-A566-4698-9119-3ED2807060E7}",
    "EventID": 257,
    "Version": 0,
    "ChannelID": 16,
    "OpcodeValue": 0,
    "TaskValue": 1,
    "Keywords": "9223372036854775810",
    "EventTime": "2021-09-16T20:17:37.805707-07:00",
    "ExecutionProcessID": 2080,
    "ExecutionThreadID": 2940,
    "EventType": "INFO",
    "SeverityValue": 2,
    "Severity": "INFO",
    "Hostname": "WIN-93NOI1UVL29",
    "Domain": "NT AUTHORITY",
    "AccountName": "SYSTEM",
    "UserID": "S-1-5-18",
    "AccountType": "User",
    "Flags": "33152",
    "TCP": "0",
    "InterfaceIP": "192.168.1.36",
    "Destination": "192.168.1.7",
    "AA": "0",
    "AD": "0",
    "QNAME": "github.com.",
    "QTYPE": "1",
    "XID": "22957",
    "DNSSEC": "0",
    "RCODE": "0",
    "Port": "52101",
    "Scope": "Default",
    "Zone": "..Cache",
    "PolicyName": "NULL",
    "BufferSize": "44",
    "PacketData": "0x59AD818000010001000000000667697468756203636F6D0000010001C00C000100010000003C00048C527103",
    "AdditionalInfo": "VirtualizationInstance:.",
    "ElapsedTime": "63",
    "GUID": "{D54A3468-B827-4803-B4B0-388724802E08}",
    "EventReceivedTime": "2021-09-16T20:17:38.331154-07:00",
    "SourceModuleName": "dnsserver",
    "SourceModuleType": "im_etw",
    "HostIP": "192.168.1.36"
  },
  {
    "SourceName": "Microsoft-Windows-DNSServer",
    "ProviderGuid": "{EB79061A-A566-4698-9119-3ED2807060E7}",
    "EventID": 256,
    "Version": 0,
    "ChannelID": 16,
    "OpcodeValue": 0,
    "TaskValue": 1,
    "Keywords": "9223372036854775809",
    "EventTime": "2021-09-16T20:17:37.808530-07:00",
    "ExecutionProcessID": 2080,
    "ExecutionThreadID": 2940,
    "EventType": "INFO",
    "SeverityValue": 2,
    "Severity": "INFO",
    "Hostname": "WIN-93NOI1UVL29",
    "Domain": "NT AUTHORITY",
    "AccountName": "SYSTEM",
    "UserID": "S-1-5-18",
    "AccountType": "User",
    "Flags": "256",
    "TCP": "0",
    "InterfaceIP": "192.168.1.36",
    "Source": "192.168.1.7",
    "RD": "1",
    "QNAME": "github.com.",
    "QTYPE": "28",
    "XID": "55640",
    "Port": "39005",
    "BufferSize": "28",
    "PacketData": "0xD958010000010000000000000667697468756203636F6D00001C0001",
    "AdditionalInfo": ".",
    "GUID": "{2A608162-A2F0-45B2-8A2B-7A740737C50C}",
    "EventReceivedTime": "2021-09-16T20:17:38.331154-07:00",
    "SourceModuleName": "dnsserver",
    "SourceModuleType": "im_etw",
    "HostIP": "192.168.1.36"
  },
  {
    "SourceName": "Microsoft-Windows-DNSServer",
    "ProviderGuid": "{EB79061A-A566-4698-9119-3ED2807060E7}",
    "EventID": 260,
    "Version": 0,
    "ChannelID": 16,
    "OpcodeValue": 0,
    "TaskValue": 2,
    "Keywords": "9223372036854775824",
    "EventTime": "2021-09-16T20:17:37.809242-07:00",
    "ExecutionProcessID": 2080,
    "ExecutionThreadID": 2940,
    "EventType": "INFO",
    "SeverityValue": 2,
    "Severity": "INFO",
    "Hostname": "WIN-93NOI1UVL29",
    "Domain": "NT AUTHORITY",
    "AccountName": "SYSTEM",
    "UserID": "S-1-5-18",
    "AccountType": "User",
    "Flags": "0",
    "TCP": "0",
    "Destination": "205.251.193.165",
    "InterfaceIP": "0.0.0.0",
    "RD": "0",
    "QNAME": "github.com.",
    "QTYPE": "28",
    "QXID": "55640",
    "XID": "7921",
    "Port": "0",
    "RecursionScope": ".",
    "CacheScope": "Default",
    "PolicyName": "NULL",
    "BufferSize": "39",
    "PacketData": "0x1EF1000000010000000000010667697468756203636F6D00001C00010000290FA0000080000000",
    "AdditionalInfo": ".",
    "GUID": "{2A608162-A2F0-45B2-8A2B-7A740737C50C}",
    "EventReceivedTime": "2021-09-16T20:17:38.331154-07:00",
    "SourceModuleName": "dnsserver",
    "SourceModuleType": "im_etw",
    "HostIP": "192.168.1.36"
  },
