TenantId,SourceSystem,TimeGenerated,Provider,Channel,Computer,Task,EventLevel,EventLevelName,Data,EventID,ManagementGroupName,SystemUserId,Version,Opcode,Keywords,Correlation,SystemProcessId,SystemThreadId,EventRecordId,EventData,RawEventData,EventOriginId,TimeCreated,CollectorHostName,Type,_ResourceId
12345678-1234-1234-1234-123456789012,OpsManager,2024-12-27T10:15:30.123Z,Microsoft-Windows-Sysmon,Microsoft-Windows-Sysmon/Operational,WORKSTATION-01.contoso.com,12,4,Information,<Event xmlns='http://schemas.microsoft.com/win/2004/08/events/event'><System><Provider Name='Microsoft-Windows-Sysmon' Guid='{5770385F-C22A-43E0-BF4C-06F5698FFBD9}'/><EventID>12</EventID><Version>2</Version><Level>4</Level><Task>12</Task><Opcode>0</Opcode><Keywords>0x8000000000000000</Keywords><TimeCreated SystemTime='2024-12-27T10:15:30.123456Z'/><EventRecordID>123456</EventRecordID><Correlation/><Execution ProcessID='1234' ThreadID='5678'/><Channel>Microsoft-Windows-Sysmon/Operational</Channel><Computer>WORKSTATION-01.contoso.com</Computer><Security UserID='S-1-5-18'/></System><EventData><Data Name='RuleName'>-</Data><Data Name='EventType'>CreateKey</Data><Data Name='UtcTime'>2024-12-27 10:15:30.123</Data><Data Name='ProcessGuid'>{ABCD1234-5678-90AB-CDEF-123456789ABC}</Data><Data Name='ProcessId'>2468</Data><Data Name='Image'>C:\Windows\System32\reg.exe</Data><Data Name='TargetObject'>HKLM\SOFTWARE\Microsoft\Windows\CurrentVersion\Run\TestApp</Data><Data Name='User'>CONTOSO\administrator</Data></EventData></Event>,12,AOI-12345678-1234-1234-1234-123456789012,S-1-5-18,2,0,0x8000000000000000,,1234,5678,123456,"{""RuleName"":""-"",""EventType"":""CreateKey"",""UtcTime"":""2024-12-27 10:15:30.123"",""ProcessGuid"":""{ABCD1234-5678-90AB-CDEF-123456789ABC}"",""ProcessId"":""2468"",""Image"":""C:\\Windows\\System32\\reg.exe"",""TargetObject"":""HKLM\\SOFTWARE\\Microsoft\\Windows\\CurrentVersion\\Run\\TestApp"",""User"":""CONTOSO\\administrator""}",<Event xmlns='http://schemas.microsoft.com/win/2004/08/events/event'><System><Provider Name='Microsoft-Windows-Sysmon' Guid='{5770385F-C22A-43E0-BF4C-06F5698FFBD9}'/><EventID>12</EventID><Version>2</Version><Level>4</Level><Task>12</Task><Opcode>0</Opcode><Keywords>0x8000000000000000</Keywords><TimeCreated SystemTime='2024-12-27T10:15:30.123456Z'/><EventRecordID>123456</EventRecordID><Correlation/><Execution ProcessID='1234' ThreadID='5678'/><Channel>Microsoft-Windows-Sysmon/Operational</Channel><Computer>WORKSTATION-01.contoso.com</Computer><Security UserID='S-1-5-18'/></System><EventData><Data Name='RuleName'>-</Data><Data Name='EventType'>CreateKey</Data><Data Name='UtcTime'>2024-12-27 10:15:30.123</Data><Data Name='ProcessGuid'>{ABCD1234-5678-90AB-CDEF-123456789ABC}</Data><Data Name='ProcessId'>2468</Data><Data Name='Image'>C:\Windows\System32\reg.exe</Data><Data Name='TargetObject'>HKLM\SOFTWARE\Microsoft\Windows\CurrentVersion\Run\TestApp</Data><Data Name='User'>CONTOSO\administrator</Data></EventData></Event>,ABCD1234-5678-90AB-CDEF-123456789ABC,2024-12-27T10:15:30.123456Z,COLLECTOR-01.contoso.com,WindowsEvent,/subscriptions/12345678-1234-1234-1234-123456789012/resourcegroups/rg-sentinel/providers/microsoft.operationalinsights/workspaces/ws-sentinel
12345678-1234-1234-1234-123456789012,OpsManager,2024-12-27T10:16:45.456Z,Microsoft-Windows-Sysmon,Microsoft-Windows-Sysmon/Operational,SERVER-02.contoso.com,13,4,Information,<Event xmlns='http://schemas.microsoft.com/win/2004/08/events/event'><System><Provider Name='Microsoft-Windows-Sysmon' Guid='{5770385F-C22A-43E0-BF4C-06F5698FFBD9}'/><EventID>13</EventID><Version>2</Version><Level>4</Level><Task>13</Task><Opcode>0</Opcode><Keywords>0x8000000000000000</Keywords><TimeCreated SystemTime='2024-12-27T10:16:45.456789Z'/><EventRecordID>123457</EventRecordID><Correlation/><Execution ProcessID='2345' ThreadID='6789'/><Channel>Microsoft-Windows-Sysmon/Operational</Channel><Computer>SERVER-02.contoso.com</Computer><Security UserID='S-1-5-21-1234567890-1234567890-1234567890-1001'/></System><EventData><Data Name='RuleName'>-</Data><Data Name='EventType'>SetValue</Data><Data Name='UtcTime'>2024-12-27 10:16:45.456</Data><Data Name='ProcessGuid'>{EFGH5678-90AB-CDEF-1234-56789ABCDEF0}</Data><Data Name='ProcessId'>3579</Data><Data Name='Image'>C:\Program Files\Application\app.exe</Data><Data Name='TargetObject'>HKLM\SOFTWARE\Application\Settings\EnableLogging</Data><Data Name='Details'>DWORD (0x00000001)</Data><Data Name='User'>CONTOSO\serviceaccount</Data></EventData></Event>,13,AOI-12345678-1234-1234-1234-123456789012,S-1-5-21-1234567890-1234567890-1234567890-1001,2,0,0x8000000000000000,,2345,6789,123457,"{""RuleName"":""-"",""EventType"":""SetValue"",""UtcTime"":""2024-12-27 10:16:45.456"",""ProcessGuid"":""{EFGH5678-90AB-CDEF-1234-56789ABCDEF0}"",""ProcessId"":""3579"",""Image"":""C:\\Program Files\\Application\\app.exe"",""TargetObject"":""HKLM\\SOFTWARE\\Application\\Settings\\EnableLogging"",""Details"":""DWORD (0x00000001)"",""User"":""CONTOSO\\serviceaccount""}",<Event xmlns='http://schemas.microsoft.com/win/2004/08/events/event'><System><Provider Name='Microsoft-Windows-Sysmon' Guid='{5770385F-C22A-43E0-BF4C-06F5698FFBD9}'/><EventID>13</EventID><Version>2</Version><Level>4</Level><Task>13</Task><Opcode>0</Opcode><Keywords>0x8000000000000000</Keywords><TimeCreated SystemTime='2024-12-27T10:16:45.456789Z'/><EventRecordID>123457</EventRecordID><Correlation/><Execution ProcessID='2345' ThreadID='6789'/><Channel>Microsoft-Windows-Sysmon/Operational</Channel><Computer>SERVER-02.contoso.com</Computer><Security UserID='S-1-5-21-1234567890-1234567890-1234567890-1001'/></System><EventData><Data Name='RuleName'>-</Data><Data Name='EventType'>SetValue</Data><Data Name='UtcTime'>2024-12-27 10:16:45.456</Data><Data Name='ProcessGuid'>{EFGH5678-90AB-CDEF-1234-56789ABCDEF0}</Data><Data Name='ProcessId'>3579</Data><Data Name='Image'>C:\Program Files\Application\app.exe</Data><Data Name='TargetObject'>HKLM\SOFTWARE\Application\Settings\EnableLogging</Data><Data Name='Details'>DWORD (0x00000001)</Data><Data Name='User'>CONTOSO\serviceaccount</Data></EventData></Event>,EFGH5678-90AB-CDEF-1234-56789ABCDEF0,2024-12-27T10:16:45.456789Z,COLLECTOR-01.contoso.com,WindowsEvent,/subscriptions/12345678-1234-1234-1234-123456789012/resourcegroups/rg-sentinel/providers/microsoft.operationalinsights/workspaces/ws-sentinel
12345678-1234-1234-1234-123456789012,OpsManager,2024-12-27T10:17:22.789Z,Microsoft-Windows-Sysmon,Microsoft-Windows-Sysmon/Operational,LAPTOP-03.contoso.com,14,4,Information,<Event xmlns='http://schemas.microsoft.com/win/2004/08/events/event'><System><Provider Name='Microsoft-Windows-Sysmon' Guid='{5770385F-C22A-43E0-BF4C-06F5698FFBD9}'/><EventID>14</EventID><Version>2</Version><Level>4</Level><Task>14</Task><Opcode>0</Opcode><Keywords>0x8000000000000000</Keywords><TimeCreated SystemTime='2024-12-27T10:17:22.789012Z'/><EventRecordID>123458</EventRecordID><Correlation/><Execution ProcessID='3456' ThreadID='7890'/><Channel>Microsoft-Windows-Sysmon/Operational</Channel><Computer>LAPTOP-03.contoso.com</Computer><Security UserID='S-1-5-21-1234567890-1234567890-1234567890-1002'/></System><EventData><Data Name='RuleName'>-</Data><Data Name='EventType'>RenameKey</Data><Data Name='UtcTime'>2024-12-27 10:17:22.789</Data><Data Name='ProcessGuid'>{IJKL9012-CDEF-3456-7890-ABCDEF123456}</Data><Data Name='ProcessId'>4680</Data><Data Name='Image'>C:\Windows\regedit.exe</Data><Data Name='TargetObject'>HKCU\SOFTWARE\TempKey</Data><Data Name='NewName'>HKCU\SOFTWARE\RenamedKey</Data><Data Name='User'>CONTOSO\jsmith</Data></EventData></Event>,14,AOI-12345678-1234-1234-1234-123456789012,S-1-5-21-1234567890-1234567890-1234567890-1002,2,0,0x8000000000000000,,3456,7890,123458,"{""RuleName"":""-"",""EventType"":""RenameKey"",""UtcTime"":""2024-12-27 10:17:22.789"",""ProcessGuid"":""{IJKL9012-CDEF-3456-7890-ABCDEF123456}"",""ProcessId"":""4680"",""Image"":""C:\\Windows\\regedit.exe"",""TargetObject"":""HKCU\\SOFTWARE\\TempKey"",""NewName"":""HKCU\\SOFTWARE\\RenamedKey"",""User"":""CONTOSO\\jsmith""}",<Event xmlns='http://schemas.microsoft.com/win/2004/08/events/event'><System><Provider Name='Microsoft-Windows-Sysmon' Guid='{5770385F-C22A-43E0-BF4C-06F5698FFBD9}'/><EventID>14</EventID><Version>2</Version><Level>4</Level><Task>14</Task><Opcode>0</Opcode><Keywords>0x8000000000000000</Keywords><TimeCreated SystemTime='2024-12-27T10:17:22.789012Z'/><EventRecordID>123458</EventRecordID><Correlation/><Execution ProcessID='3456' ThreadID='7890'/><Channel>Microsoft-Windows-Sysmon/Operational</Channel><Computer>LAPTOP-03.contoso.com</Computer><Security UserID='S-1-5-21-1234567890-1234567890-1234567890-1002'/></System><EventData><Data Name='RuleName'>-</Data><Data Name='EventType'>RenameKey</Data><Data Name='UtcTime'>2024-12-27 10:17:22.789</Data><Data Name='ProcessGuid'>{IJKL9012-CDEF-3456-7890-ABCDEF123456}</Data><Data Name='ProcessId'>4680</Data><Data Name='Image'>C:\Windows\regedit.exe</Data><Data Name='TargetObject'>HKCU\SOFTWARE\TempKey</Data><Data Name='NewName'>HKCU\SOFTWARE\RenamedKey</Data><Data Name='User'>CONTOSO\jsmith</Data></EventData></Event>,IJKL9012-CDEF-3456-7890-ABCDEF123456,2024-12-27T10:17:22.789012Z,COLLECTOR-02.contoso.com,WindowsEvent,/subscriptions/12345678-1234-1234-1234-123456789012/resourcegroups/rg-sentinel/providers/microsoft.operationalinsights/workspaces/ws-sentinel
12345678-1234-1234-1234-123456789012,OpsManager,2024-12-27T10:18:15.234Z,Microsoft-Windows-Sysmon,Microsoft-Windows-Sysmon/Operational,DESKTOP-04.contoso.com,13,4,Information,<Event xmlns='http://schemas.microsoft.com/win/2004/08/events/event'><System><Provider Name='Microsoft-Windows-Sysmon' Guid='{5770385F-C22A-43E0-BF4C-06F5698FFBD9}'/><EventID>13</EventID><Version>2</Version><Level>4</Level><Task>13</Task><Opcode>0</Opcode><Keywords>0x8000000000000000</Keywords><TimeCreated SystemTime='2024-12-27T10:18:15.234567Z'/><EventRecordID>123459</EventRecordID><Correlation/><Execution ProcessID='4567' ThreadID='8901'/><Channel>Microsoft-Windows-Sysmon/Operational</Channel><Computer>DESKTOP-04.contoso.com</Computer><Security UserID='S-1-5-21-1234567890-1234567890-1234567890-1003'/></System><EventData><Data Name='RuleName'>-</Data><Data Name='EventType'>DeleteValue</Data><Data Name='UtcTime'>2024-12-27 10:18:15.234</Data><Data Name='ProcessGuid'>{MNOP3456-7890-ABCD-EF12-3456789ABCDE}</Data><Data Name='ProcessId'>5791</Data><Data Name='Image'>C:\Windows\System32\svchost.exe</Data><Data Name='TargetObject'>HKLM\SYSTEM\CurrentControlSet\Services\TestService\TempValue</Data><Data Name='User'>NT AUTHORITY\SYSTEM</Data></EventData></Event>,13,AOI-12345678-1234-1234-1234-123456789012,S-1-5-21-1234567890-1234567890-1234567890-1003,2,0,0x8000000000000000,,4567,8901,123459,"{""RuleName"":""-"",""EventType"":""DeleteValue"",""UtcTime"":""2024-12-27 10:18:15.234"",""ProcessGuid"":""{MNOP3456-7890-ABCD-EF12-3456789ABCDE}"",""ProcessId"":""5791"",""Image"":""C:\\Windows\\System32\\svchost.exe"",""TargetObject"":""HKLM\\SYSTEM\\CurrentControlSet\\Services\\TestService\\TempValue"",""User"":""NT AUTHORITY\\SYSTEM""}",<Event xmlns='http://schemas.microsoft.com/win/2004/08/events/event'><System><Provider Name='Microsoft-Windows-Sysmon' Guid='{5770385F-C22A-43E0-BF4C-06F5698FFBD9}'/><EventID>13</EventID><Version>2</Version><Level>4</Level><Task>13</Task><Opcode>0</Opcode><Keywords>0x8000000000000000</Keywords><TimeCreated SystemTime='2024-12-27T10:18:15.234567Z'/><EventRecordID>123459</EventRecordID><Correlation/><Execution ProcessID='4567' ThreadID='8901'/><Channel>Microsoft-Windows-Sysmon/Operational</Channel><Computer>DESKTOP-04.contoso.com</Computer><Security UserID='S-1-5-21-1234567890-1234567890-1234567890-1003'/></System><EventData><Data Name='RuleName'>-</Data><Data Name='EventType'>DeleteValue</Data><Data Name='UtcTime'>2024-12-27 10:18:15.234</Data><Data Name='ProcessGuid'>{MNOP3456-7890-ABCD-EF12-3456789ABCDE}</Data><Data Name='ProcessId'>5791</Data><Data Name='Image'>C:\Windows\System32\svchost.exe</Data><Data Name='TargetObject'>HKLM\SYSTEM\CurrentControlSet\Services\TestService\TempValue</Data><Data Name='User'>NT AUTHORITY\SYSTEM</Data></EventData></Event>,MNOP3456-7890-ABCD-EF12-3456789ABCDE,2024-12-27T10:18:15.234567Z,COLLECTOR-02.contoso.com,WindowsEvent,/subscriptions/12345678-1234-1234-1234-123456789012/resourcegroups/rg-sentinel/providers/microsoft.operationalinsights/workspaces/ws-sentinel
12345678-1234-1234-1234-123456789012,OpsManager,2024-12-27T10:18:15.234Z,Microsoft-Windows-Sysmon,Microsoft-Windows-Sysmon/Operational,DESKTOP-04.contoso.com,13,4,Information,<Event xmlns='http://schemas.microsoft.com/win/2004/08/events/event'><System><Provider Name='Microsoft-Windows-Sysmon' Guid='{5770385F-C22A-43E0-BF4C-06F5698FFBD9}'/><EventID>13</EventID><Version>2</Version><Level>4</Level><Task>13</Task><Opcode>0</Opcode><Keywords>0x8000000000000000</Keywords><TimeCreated SystemTime='2024-12-27T10:18:15.234567Z'/><EventRecordID>123459</EventRecordID><Correlation/><Execution ProcessID='4567' ThreadID='8901'/><Channel>Microsoft-Windows-Sysmon/Operational</Channel><Computer>DESKTOP-04.contoso.com</Computer><Security UserID='S-1-5-21-1234567890-1234567890-1234567890-1003'/></System><EventData><Data Name='RuleName'>-</Data><Data Name='EventType'>DeleteValue</Data><Data Name='UtcTime'>2024-12-27 10:18:15.234</Data><Data Name='ProcessGuid'>{MNOP3456-7890-ABCD-EF12-3456789ABCDE}</Data><Data Name='ProcessId'>5791</Data><Data Name='Image'>C:\Windows\System32\svchost.exe</Data><Data Name='TargetObject'>HKLM\SYSTEM\CurrentControlSet\Services\TestService\TempValue</Data><Data Name='User'>NT AUTHORITY\SYSTEM</Data></EventData></Event>,13,AOI-12345678-1234-1234-1234-123456789012,S-1-5-21-1234567890-1234567890-1234567890-1003,2,0,0x8000000000000000,,4567,8901,123459,"{""RuleName"":""-"",""EventType"":""DeleteValue"",""UtcTime"":""2024-12-27 10:18:15.234"",""ProcessGuid"":""{MNOP3456-7890-ABCD-EF12-3456789ABCDE}"",""ProcessId"":""5791"",""Image"":""C:\\Windows\\System32\\svchost.exe"",""TargetObject"":""HKLM\\SYSTEM\\CurrentControlSet\\Services\\TestService\\TempValue"",""User"":""NT AUTHORITY\\SYSTEM""}",<Event xmlns='http://schemas.microsoft.com/win/2004/08/events/event'><System><Provider Name='Microsoft-Windows-Sysmon' Guid='{5770385F-C22A-43E0-BF4C-06F5698FFBD9}'/><EventID>13</EventID><Version>2</Version><Level>4</Level><Task>13</Task><Opcode>0</Opcode><Keywords>0x8000000000000000</Keywords><TimeCreated SystemTime='2024-12-27T10:18:15.234567Z'/><EventRecordID>123459</EventRecordID><Correlation/><Execution ProcessID='4567' ThreadID='8901'/><Channel>Microsoft-Windows-Sysmon/Operational</Channel><Computer>DESKTOP-04.contoso.com</Computer><Security UserID='S-1-5-21-1234567890-1234567890-1234567890-1003'/></System><EventData><Data Name='RuleName'>-</Data><Data Name='EventType'>DeleteValue</Data><Data Name='UtcTime'>2024-12-27 10:18:15.234</Data><Data Name='ProcessGuid'>{MNOP3456-7890-ABCD-EF12-3456789ABCDE}</Data><Data Name='ProcessId'>5791</Data><Data Name='Image'>C:\Windows\System32\svchost.exe</Data><Data Name='TargetObject'>HKLM\SYSTEM\CurrentControlSet\Services\TestService\TempValue</Data><Data Name='User'>NT AUTHORITY\SYSTEM</Data></EventData></Event>,MNOP3456-7890-ABCD-EF12-3456789ABCDE,2024-12-27T10:18:15.234567Z,COLLECTOR-02.contoso.com,WindowsEvent,/subscriptions/12345678-1234-1234-1234-123456789012/resourcegroups/rg-sentinel/providers/microsoft.operationalinsights/workspaces/ws-sentinel
