[
  {
    "TimeGenerated": "2026-09-09T10:20:00Z",
    "TimeCollected": "2026-09-09T10:20:00Z",
    "Computer": "mock-host.example.invalid",
    "Account": "SYNTHETIC\\mock-user",
    "AccountType": "User",
    "EventSourceName": "Microsoft-Windows-Security-Auditing",
    "SubjectAccount": "SYNTHETIC\\mock-user",
    "SubjectUserName": "mock-user",
    "SubjectDomainName": "SYNTHETIC",
    "TargetAccount": "SYNTHETIC\\target-user",
    "TargetUserName": "target-user@example.invalid",
    "TargetDomainName": "SYNTHETIC",
    "Correlation": "ENDPOINT_WINDOWS_SHARED_MOCK_20260922",
    "EventID": 4688,
    "Process": "powershell.exe",
    "CommandLine": "powershell.exe -NoProfile -Command Get-Date"
  },
  {
    "TimeGenerated": "2026-09-10T10:20:00Z",
    "TimeCollected": "2026-09-10T10:20:00Z",
    "Computer": "mock-host.example.invalid",
    "Account": "SYNTHETIC\\mock-user",
    "AccountType": "User",
    "EventSourceName": "Microsoft-Windows-Security-Auditing",
    "SubjectAccount": "SYNTHETIC\\mock-user",
    "SubjectUserName": "mock-user",
    "SubjectDomainName": "SYNTHETIC",
    "TargetAccount": "SYNTHETIC\\target-user",
    "TargetUserName": "target-user@example.invalid",
    "TargetDomainName": "SYNTHETIC",
    "Correlation": "ENDPOINT_WINDOWS_SHARED_MOCK_20260922",
    "EventID": 4688,
    "Process": "powershell.exe",
    "CommandLine": "powershell.exe -NoProfile -Command Get-Date"
  },
  {
    "TimeGenerated": "2026-09-11T10:20:00Z",
    "TimeCollected": "2026-09-11T10:20:00Z",
    "Computer": "mock-host.example.invalid",
    "Account": "SYNTHETIC\\mock-user",
    "AccountType": "User",
    "EventSourceName": "Microsoft-Windows-Security-Auditing",
    "SubjectAccount": "SYNTHETIC\\mock-user",
    "SubjectUserName": "mock-user",
    "SubjectDomainName": "SYNTHETIC",
    "TargetAccount": "SYNTHETIC\\target-user",
    "TargetUserName": "target-user@example.invalid",
    "TargetDomainName": "SYNTHETIC",
    "Correlation": "ENDPOINT_WINDOWS_SHARED_MOCK_20260922",
    "EventID": 4688,
    "Process": "powershell.exe",
    "CommandLine": "powershell.exe -NoProfile -Command Get-Date"
  },
  {
    "TimeGenerated": "2026-09-12T10:20:00Z",
    "TimeCollected": "2026-09-12T10:20:00Z",
    "Computer": "mock-host.example.invalid",
    "Account": "SYNTHETIC\\mock-user",
    "AccountType": "User",
    "EventSourceName": "Microsoft-Windows-Security-Auditing",
    "SubjectAccount": "SYNTHETIC\\mock-user",
    "SubjectUserName": "mock-user",
    "SubjectDomainName": "SYNTHETIC",
    "TargetAccount": "SYNTHETIC\\target-user",
    "TargetUserName": "target-user@example.invalid",
    "TargetDomainName": "SYNTHETIC",
    "Correlation": "ENDPOINT_WINDOWS_SHARED_MOCK_20260922",
    "EventID": 4688,
    "Process": "powershell.exe",
    "CommandLine": "powershell.exe -NoProfile -Command Get-Date"
  },
  {
    "TimeGenerated": "2026-09-13T10:20:00Z",
    "TimeCollected": "2026-09-13T10:20:00Z",
    "Computer": "mock-host.example.invalid",
    "Account": "SYNTHETIC\\mock-user",
    "AccountType": "User",
    "EventSourceName": "Microsoft-Windows-Security-Auditing",
    "SubjectAccount": "SYNTHETIC\\mock-user",
    "SubjectUserName": "mock-user",
    "SubjectDomainName": "SYNTHETIC",
    "TargetAccount": "SYNTHETIC\\target-user",
    "TargetUserName": "target-user@example.invalid",
    "TargetDomainName": "SYNTHETIC",
    "Correlation": "ENDPOINT_WINDOWS_SHARED_MOCK_20260922",
    "EventID": 4688,
    "Process": "powershell.exe",
    "CommandLine": "powershell.exe -NoProfile -Command Get-Date"
  },
  {
    "TimeGenerated": "2026-09-14T10:20:00Z",
    "TimeCollected": "2026-09-14T10:20:00Z",
    "Computer": "mock-host.example.invalid",
    "Account": "SYNTHETIC\\mock-user",
    "AccountType": "User",
    "EventSourceName": "Microsoft-Windows-Security-Auditing",
    "SubjectAccount": "SYNTHETIC\\mock-user",
    "SubjectUserName": "mock-user",
    "SubjectDomainName": "SYNTHETIC",
    "TargetAccount": "SYNTHETIC\\target-user",
    "TargetUserName": "target-user@example.invalid",
    "TargetDomainName": "SYNTHETIC",
    "Correlation": "ENDPOINT_WINDOWS_SHARED_MOCK_20260922",
    "EventID": 4688,
    "Process": "powershell.exe",
    "CommandLine": "powershell.exe -NoProfile -Command Get-Date"
  },
  {
    "TimeGenerated": "2026-09-15T10:20:00Z",
    "TimeCollected": "2026-09-15T10:20:00Z",
    "Computer": "mock-host.example.invalid",
    "Account": "SYNTHETIC\\mock-user",
    "AccountType": "User",
    "EventSourceName": "Microsoft-Windows-Security-Auditing",
    "SubjectAccount": "SYNTHETIC\\mock-user",
    "SubjectUserName": "mock-user",
    "SubjectDomainName": "SYNTHETIC",
    "TargetAccount": "SYNTHETIC\\target-user",
    "TargetUserName": "target-user@example.invalid",
    "TargetDomainName": "SYNTHETIC",
    "Correlation": "ENDPOINT_WINDOWS_SHARED_MOCK_20260922",
    "EventID": 4688,
    "Process": "powershell.exe",
    "CommandLine": "powershell.exe -NoProfile -Command Get-Date"
  },
  {
    "TimeGenerated": "2026-09-16T10:20:00Z",
    "TimeCollected": "2026-09-16T10:20:00Z",
    "Computer": "mock-host.example.invalid",
    "Account": "SYNTHETIC\\mock-user",
    "AccountType": "User",
    "EventSourceName": "Microsoft-Windows-Security-Auditing",
    "SubjectAccount": "SYNTHETIC\\mock-user",
    "SubjectUserName": "mock-user",
    "SubjectDomainName": "SYNTHETIC",
    "TargetAccount": "SYNTHETIC\\target-user",
    "TargetUserName": "target-user@example.invalid",
    "TargetDomainName": "SYNTHETIC",
    "Correlation": "ENDPOINT_WINDOWS_SHARED_MOCK_20260922",
    "EventID": 4688,
    "Process": "powershell.exe",
    "CommandLine": "powershell.exe -NoProfile -Command Get-Date"
  },
  {
    "TimeGenerated": "2026-09-17T10:20:00Z",
    "TimeCollected": "2026-09-17T10:20:00Z",
    "Computer": "mock-host.example.invalid",
    "Account": "SYNTHETIC\\mock-user",
    "AccountType": "User",
    "EventSourceName": "Microsoft-Windows-Security-Auditing",
    "SubjectAccount": "SYNTHETIC\\mock-user",
    "SubjectUserName": "mock-user",
    "SubjectDomainName": "SYNTHETIC",
    "TargetAccount": "SYNTHETIC\\target-user",
    "TargetUserName": "target-user@example.invalid",
    "TargetDomainName": "SYNTHETIC",
    "Correlation": "ENDPOINT_WINDOWS_SHARED_MOCK_20260922",
    "EventID": 4688,
    "Process": "powershell.exe",
    "CommandLine": "powershell.exe -NoProfile -Command Get-Date"
  },
  {
    "TimeGenerated": "2026-09-18T10:20:00Z",
    "TimeCollected": "2026-09-18T10:20:00Z",
    "Computer": "mock-host.example.invalid",
    "Account": "SYNTHETIC\\mock-user",
    "AccountType": "User",
    "EventSourceName": "Microsoft-Windows-Security-Auditing",
    "SubjectAccount": "SYNTHETIC\\mock-user",
    "SubjectUserName": "mock-user",
    "SubjectDomainName": "SYNTHETIC",
    "TargetAccount": "SYNTHETIC\\target-user",
    "TargetUserName": "target-user@example.invalid",
    "TargetDomainName": "SYNTHETIC",
    "Correlation": "ENDPOINT_WINDOWS_SHARED_MOCK_20260922",
    "EventID": 4688,
    "Process": "powershell.exe",
    "CommandLine": "powershell.exe -NoProfile -Command Get-Date"
  },
  {
    "TimeGenerated": "2026-09-19T10:20:00Z",
    "TimeCollected": "2026-09-19T10:20:00Z",
    "Computer": "mock-host.example.invalid",
    "Account": "SYNTHETIC\\mock-user",
    "AccountType": "User",
    "EventSourceName": "Microsoft-Windows-Security-Auditing",
    "SubjectAccount": "SYNTHETIC\\mock-user",
    "SubjectUserName": "mock-user",
    "SubjectDomainName": "SYNTHETIC",
    "TargetAccount": "SYNTHETIC\\target-user",
    "TargetUserName": "target-user@example.invalid",
    "TargetDomainName": "SYNTHETIC",
    "Correlation": "ENDPOINT_WINDOWS_SHARED_MOCK_20260922",
    "EventID": 4688,
    "Process": "powershell.exe",
    "CommandLine": "powershell.exe -NoProfile -Command Get-Date"
  },
  {
    "TimeGenerated": "2026-09-20T22:20:00Z",
    "TimeCollected": "2026-09-20T22:20:00Z",
    "Computer": "mock-host.example.invalid",
    "Account": "SYNTHETIC\\mock-user",
    "AccountType": "User",
    "EventSourceName": "Microsoft-Windows-Security-Auditing",
    "SubjectAccount": "SYNTHETIC\\mock-user",
    "SubjectUserName": "mock-user",
    "SubjectDomainName": "SYNTHETIC",
    "TargetAccount": "SYNTHETIC\\target-user",
    "TargetUserName": "target-user@example.invalid",
    "TargetDomainName": "SYNTHETIC",
    "Correlation": "ENDPOINT_WINDOWS_SHARED_MOCK_20260922",
    "EventID": 4688,
    "Process": "powershell.exe",
    "CommandLine": "powershell.exe -NoProfile -Command Write-Output spike-1"
  },
  {
    "TimeGenerated": "2026-09-20T22:21:00Z",
    "TimeCollected": "2026-09-20T22:21:00Z",
    "Computer": "mock-host.example.invalid",
    "Account": "SYNTHETIC\\mock-user",
    "AccountType": "User",
    "EventSourceName": "Microsoft-Windows-Security-Auditing",
    "SubjectAccount": "SYNTHETIC\\mock-user",
    "SubjectUserName": "mock-user",
    "SubjectDomainName": "SYNTHETIC",
    "TargetAccount": "SYNTHETIC\\target-user",
    "TargetUserName": "target-user@example.invalid",
    "TargetDomainName": "SYNTHETIC",
    "Correlation": "ENDPOINT_WINDOWS_SHARED_MOCK_20260922",
    "EventID": 4688,
    "Process": "powershell.exe",
    "CommandLine": "powershell.exe -NoProfile -Command Write-Output spike-2"
  },
  {
    "TimeGenerated": "2026-09-20T22:22:00Z",
    "TimeCollected": "2026-09-20T22:22:00Z",
    "Computer": "mock-host.example.invalid",
    "Account": "SYNTHETIC\\mock-user",
    "AccountType": "User",
    "EventSourceName": "Microsoft-Windows-Security-Auditing",
    "SubjectAccount": "SYNTHETIC\\mock-user",
    "SubjectUserName": "mock-user",
    "SubjectDomainName": "SYNTHETIC",
    "TargetAccount": "SYNTHETIC\\target-user",
    "TargetUserName": "target-user@example.invalid",
    "TargetDomainName": "SYNTHETIC",
    "Correlation": "ENDPOINT_WINDOWS_SHARED_MOCK_20260922",
    "EventID": 4688,
    "Process": "powershell.exe",
    "CommandLine": "powershell.exe -NoProfile -Command Write-Output spike-3"
  },
  {
    "TimeGenerated": "2026-09-20T22:23:00Z",
    "TimeCollected": "2026-09-20T22:23:00Z",
    "Computer": "mock-host.example.invalid",
    "Account": "SYNTHETIC\\mock-user",
    "AccountType": "User",
    "EventSourceName": "Microsoft-Windows-Security-Auditing",
    "SubjectAccount": "SYNTHETIC\\mock-user",
    "SubjectUserName": "mock-user",
    "SubjectDomainName": "SYNTHETIC",
    "TargetAccount": "SYNTHETIC\\target-user",
    "TargetUserName": "target-user@example.invalid",
    "TargetDomainName": "SYNTHETIC",
    "Correlation": "ENDPOINT_WINDOWS_SHARED_MOCK_20260922",
    "EventID": 4688,
    "Process": "powershell.exe",
    "CommandLine": "powershell.exe -NoProfile -Command Write-Output spike-4"
  },
  {
    "TimeGenerated": "2026-09-20T22:24:00Z",
    "TimeCollected": "2026-09-20T22:24:00Z",
    "Computer": "mock-host.example.invalid",
    "Account": "SYNTHETIC\\mock-user",
    "AccountType": "User",
    "EventSourceName": "Microsoft-Windows-Security-Auditing",
    "SubjectAccount": "SYNTHETIC\\mock-user",
    "SubjectUserName": "mock-user",
    "SubjectDomainName": "SYNTHETIC",
    "TargetAccount": "SYNTHETIC\\target-user",
    "TargetUserName": "target-user@example.invalid",
    "TargetDomainName": "SYNTHETIC",
    "Correlation": "ENDPOINT_WINDOWS_SHARED_MOCK_20260922",
    "EventID": 4688,
    "Process": "powershell.exe",
    "CommandLine": "powershell.exe -NoProfile -Command Write-Output spike-5"
  },
  {
    "TimeGenerated": "2026-09-20T22:25:00Z",
    "TimeCollected": "2026-09-20T22:25:00Z",
    "Computer": "mock-host.example.invalid",
    "Account": "SYNTHETIC\\mock-user",
    "AccountType": "User",
    "EventSourceName": "Microsoft-Windows-Security-Auditing",
    "SubjectAccount": "SYNTHETIC\\mock-user",
    "SubjectUserName": "mock-user",
    "SubjectDomainName": "SYNTHETIC",
    "TargetAccount": "SYNTHETIC\\target-user",
    "TargetUserName": "target-user@example.invalid",
    "TargetDomainName": "SYNTHETIC",
    "Correlation": "ENDPOINT_WINDOWS_SHARED_MOCK_20260922",
    "EventID": 4688,
    "Process": "powershell.exe",
    "CommandLine": "powershell.exe -NoProfile -Command Write-Output spike-6"
  },
  {
    "TimeGenerated": "2026-09-20T22:26:00Z",
    "TimeCollected": "2026-09-20T22:26:00Z",
    "Computer": "mock-host.example.invalid",
    "Account": "SYNTHETIC\\mock-user",
    "AccountType": "User",
    "EventSourceName": "Microsoft-Windows-Security-Auditing",
    "SubjectAccount": "SYNTHETIC\\mock-user",
    "SubjectUserName": "mock-user",
    "SubjectDomainName": "SYNTHETIC",
    "TargetAccount": "SYNTHETIC\\target-user",
    "TargetUserName": "target-user@example.invalid",
    "TargetDomainName": "SYNTHETIC",
    "Correlation": "ENDPOINT_WINDOWS_SHARED_MOCK_20260922",
    "EventID": 4688,
    "Process": "powershell.exe",
    "CommandLine": "powershell.exe -NoProfile -Command Write-Output spike-7"
  },
  {
    "TimeGenerated": "2026-09-20T22:27:00Z",
    "TimeCollected": "2026-09-20T22:27:00Z",
    "Computer": "mock-host.example.invalid",
    "Account": "SYNTHETIC\\mock-user",
    "AccountType": "User",
    "EventSourceName": "Microsoft-Windows-Security-Auditing",
    "SubjectAccount": "SYNTHETIC\\mock-user",
    "SubjectUserName": "mock-user",
    "SubjectDomainName": "SYNTHETIC",
    "TargetAccount": "SYNTHETIC\\target-user",
    "TargetUserName": "target-user@example.invalid",
    "TargetDomainName": "SYNTHETIC",
    "Correlation": "ENDPOINT_WINDOWS_SHARED_MOCK_20260922",
    "EventID": 4688,
    "Process": "powershell.exe",
    "CommandLine": "powershell.exe -NoProfile -Command Write-Output spike-8"
  },
  {
    "TimeGenerated": "2026-09-20T22:28:00Z",
    "TimeCollected": "2026-09-20T22:28:00Z",
    "Computer": "mock-host.example.invalid",
    "Account": "SYNTHETIC\\mock-user",
    "AccountType": "User",
    "EventSourceName": "Microsoft-Windows-Security-Auditing",
    "SubjectAccount": "SYNTHETIC\\mock-user",
    "SubjectUserName": "mock-user",
    "SubjectDomainName": "SYNTHETIC",
    "TargetAccount": "SYNTHETIC\\target-user",
    "TargetUserName": "target-user@example.invalid",
    "TargetDomainName": "SYNTHETIC",
    "Correlation": "ENDPOINT_WINDOWS_SHARED_MOCK_20260922",
    "EventID": 4688,
    "Process": "powershell.exe",
    "CommandLine": "powershell.exe -NoProfile -Command Write-Output spike-9"
  },
  {
    "TimeGenerated": "2026-09-20T22:29:00Z",
    "TimeCollected": "2026-09-20T22:29:00Z",
    "Computer": "mock-host.example.invalid",
    "Account": "SYNTHETIC\\mock-user",
    "AccountType": "User",
    "EventSourceName": "Microsoft-Windows-Security-Auditing",
    "SubjectAccount": "SYNTHETIC\\mock-user",
    "SubjectUserName": "mock-user",
    "SubjectDomainName": "SYNTHETIC",
    "TargetAccount": "SYNTHETIC\\target-user",
    "TargetUserName": "target-user@example.invalid",
    "TargetDomainName": "SYNTHETIC",
    "Correlation": "ENDPOINT_WINDOWS_SHARED_MOCK_20260922",
    "EventID": 4688,
    "Process": "powershell.exe",
    "CommandLine": "powershell.exe -NoProfile -Command Write-Output spike-10"
  },
  {
    "TimeGenerated": "2026-09-20T22:30:00Z",
    "TimeCollected": "2026-09-20T22:30:00Z",
    "Computer": "mock-host.example.invalid",
    "Account": "SYNTHETIC\\mock-user",
    "AccountType": "User",
    "EventSourceName": "Microsoft-Windows-Security-Auditing",
    "SubjectAccount": "SYNTHETIC\\mock-user",
    "SubjectUserName": "mock-user",
    "SubjectDomainName": "SYNTHETIC",
    "TargetAccount": "SYNTHETIC\\target-user",
    "TargetUserName": "target-user@example.invalid",
    "TargetDomainName": "SYNTHETIC",
    "Correlation": "ENDPOINT_WINDOWS_SHARED_MOCK_20260922",
    "EventID": 4688,
    "Process": "powershell.exe",
    "CommandLine": "powershell.exe -NoProfile -Command Write-Output spike-11"
  },
  {
    "TimeGenerated": "2026-09-20T22:31:00Z",
    "TimeCollected": "2026-09-20T22:31:00Z",
    "Computer": "mock-host.example.invalid",
    "Account": "SYNTHETIC\\mock-user",
    "AccountType": "User",
    "EventSourceName": "Microsoft-Windows-Security-Auditing",
    "SubjectAccount": "SYNTHETIC\\mock-user",
    "SubjectUserName": "mock-user",
    "SubjectDomainName": "SYNTHETIC",
    "TargetAccount": "SYNTHETIC\\target-user",
    "TargetUserName": "target-user@example.invalid",
    "TargetDomainName": "SYNTHETIC",
    "Correlation": "ENDPOINT_WINDOWS_SHARED_MOCK_20260922",
    "EventID": 4688,
    "Process": "powershell.exe",
    "CommandLine": "powershell.exe -NoProfile -Command Write-Output spike-12"
  }
]
