      {
         "TimeGenerated":"2021-11-05T23:59:57.344Z",
         "SourceProcessId":"944",
         "SourceName":"Microsoft-Windows-Sysmon",
         "Hostname":"WORKSTATION5",
         "SourceImage":"C:\\windows\\system32\\svchost.exe",
         "ProviderGuid":"{5770385f-c22a-43e0-bf4c-06f5698ffbd9}",
         "CallTrace":"C:\\windows\\SYSTEM32\\ntdll.dll+9c584|C:\\windows\\SYSTEM32\\psmserviceexthost.dll+222a3|C:\\windows\\SYSTEM32\\psmserviceexthost.dll+37ea0|C:\\windows\\SYSTEM32\\psmserviceexthost.dll+37929|C:\\windows\\SYSTEM32\\psmserviceexthost.dll+686f8|C:\\windows\\SYSTEM32\\psmserviceexthost.dll+6e84a|C:\\windows\\SYSTEM32\\psmserviceexthost.dll+6f700|C:\\windows\\SYSTEM32\\psmserviceexthost.dll+34be4|C:\\windows\\SYSTEM32\\psmserviceexthost.dll+6f63e|C:\\windows\\SYSTEM32\\psmserviceexthost.dll+713b5|C:\\windows\\SYSTEM32\\psmserviceexthost.dll+50bda|C:\\windows\\SYSTEM32\\psmserviceexthost.dll+4500a|C:\\windows\\System32\\KERNEL32.DLL+17c24|C:\\windows\\SYSTEM32\\ntdll.dll+6cea1",
         "Image":"",
         "Level":"4",
         "Channel":"Microsoft-Windows-Sysmon/Operational",
         "Details":"",
         "EventID":"10",
         "EventType":"",
         "Keywords":"0x8000000000000000",
         "TargetObject":"",
         "Message":"Process accessed:\r\nRuleName: -\r\nUtcTime: 2020-11-02 09:13:02.992\r\nSourceProcessGUID: {39e4a257-f132-5f8b-1000-000000000700}\r\nSourceProcessId: 944\r\nSourceThreadId: 1060\r\nSourceImage: C:\\windows\\system32\\svchost.exe\r\nTargetProcessGUID: {39e4a257-f247-5f8b-d300-000000000700}\r\nTargetProcessId: 4368\r\nTargetImage: C:\\Windows\\SystemApps\\InputApp_cw5n1h2txyewy\\WindowsInternal.ComposableShell.Experiences.TextInput.InputApp.exe\r\nGrantedAccess: 0x1000\r\nCallTrace: C:\\windows\\SYSTEM32\\ntdll.dll+9c584|C:\\windows\\SYSTEM32\\psmserviceexthost.dll+222a3|C:\\windows\\SYSTEM32\\psmserviceexthost.dll+37ea0|C:\\windows\\SYSTEM32\\psmserviceexthost.dll+37929|C:\\windows\\SYSTEM32\\psmserviceexthost.dll+686f8|C:\\windows\\SYSTEM32\\psmserviceexthost.dll+6e84a|C:\\windows\\SYSTEM32\\psmserviceexthost.dll+6f700|C:\\windows\\SYSTEM32\\psmserviceexthost.dll+34be4|C:\\windows\\SYSTEM32\\psmserviceexthost.dll+6f63e|C:\\windows\\SYSTEM32\\psmserviceexthost.dll+713b5|C:\\windows\\SYSTEM32\\psmserviceexthost.dll+50bda|C:\\windows\\SYSTEM32\\psmserviceexthost.dll+4500a|C:\\windows\\System32\\KERNEL32.DLL+17c24|C:\\windows\\SYSTEM32\\ntdll.dll+6cea1",
         "RuleName":"-",
         "Task":"10",
         "DestPort":"",
         "DestAddress":"",
         "Protocol":"",
         "ProcessID":"",
         "LayerRTID":"",
         "Application":"",
         "SourcePort":"",
         "SourceAddress":"",
         "LayerName":"",
         "RemoteMachineID":"",
         "RemoteUserID":"",
         "ImageLoaded":"",
         "Company":"",
         "Signature":"",
         "Hashes":"",
         "Signed":"",
         "OriginalFileName":"",
         "FileVersion":"",
         "SignatureStatus":"",
         "GrantedAccess":"0x1000",
         "SourceThreadID":"",
         "Product":"",
         "SeverityValue":"",
         "ExecutionProcessID":"",
         "host":"",
         "AccountType":"",
         "UserID":"",
         "Opcode":"",
         "SourceModuleType":"",
         "port":"",
         "AccountName":"",
         "RecordNumber":"",
         "Domain":"",
         "OpcodeValue":"",
         "Version":"",
         "Category":"",
         "eventlog":"",
         "CommandLine":"",
         "ParentCommandLine":"",
         "Payload":"",
         "NewProcessName":"",
         "TokenElevationType":"",
         "TargetImage":"C:\\Windows\\SystemApps\\InputApp_cw5n1h2txyewy\\WindowsInternal.ComposableShell.Experiences.TextInput.InputApp.exe",
         "TargetProcessId":"4368"
      },
      {
         "TimeGenerated":"2021-11-05T23:59:57.344Z",
         "SourceProcessId":"944",
         "SourceName":"Microsoft-Windows-Sysmon",
         "Hostname":"WORKSTATION5",
         "SourceImage":"C:\\windows\\system32\\svchost.exe",
         "ProviderGuid":"{5770385f-c22a-43e0-bf4c-06f5698ffbd9}",
         "CallTrace":"C:\\windows\\SYSTEM32\\ntdll.dll+9c584|C:\\windows\\SYSTEM32\\psmserviceexthost.dll+222a3|C:\\windows\\SYSTEM32\\psmserviceexthost.dll+37ea0|C:\\windows\\SYSTEM32\\psmserviceexthost.dll+37929|C:\\windows\\SYSTEM32\\psmserviceexthost.dll+686f8|C:\\windows\\SYSTEM32\\psmserviceexthost.dll+6e84a|C:\\windows\\SYSTEM32\\psmserviceexthost.dll+6f700|C:\\windows\\SYSTEM32\\psmserviceexthost.dll+34be4|C:\\windows\\SYSTEM32\\psmserviceexthost.dll+6f63e|C:\\windows\\SYSTEM32\\psmserviceexthost.dll+713b5|C:\\windows\\SYSTEM32\\psmserviceexthost.dll+50bda|C:\\windows\\SYSTEM32\\psmserviceexthost.dll+4500a|C:\\windows\\System32\\KERNEL32.DLL+17c24|C:\\windows\\SYSTEM32\\ntdll.dll+6cea1",
         "Image":"",
         "Level":"4",
         "Channel":"Microsoft-Windows-Sysmon/Operational",
         "Details":"",
         "EventID":"10",
         "EventType":"",
         "Keywords":"0x8000000000000000",
         "TargetObject":"",
         "Message":"Process accessed:\r\nRuleName: -\r\nUtcTime: 2020-11-02 09:13:02.992\r\nSourceProcessGUID: {39e4a257-f132-5f8b-1000-000000000700}\r\nSourceProcessId: 944\r\nSourceThreadId: 1060\r\nSourceImage: C:\\windows\\system32\\svchost.exe\r\nTargetProcessGUID: {39e4a257-cd84-5f9f-fb49-000000000700}\r\nTargetProcessId: 14064\r\nTargetImage: C:\\windows\\system32\\backgroundTaskHost.exe\r\nGrantedAccess: 0x1000\r\nCallTrace: C:\\windows\\SYSTEM32\\ntdll.dll+9c584|C:\\windows\\SYSTEM32\\psmserviceexthost.dll+222a3|C:\\windows\\SYSTEM32\\psmserviceexthost.dll+37ea0|C:\\windows\\SYSTEM32\\psmserviceexthost.dll+37929|C:\\windows\\SYSTEM32\\psmserviceexthost.dll+686f8|C:\\windows\\SYSTEM32\\psmserviceexthost.dll+6e84a|C:\\windows\\SYSTEM32\\psmserviceexthost.dll+6f700|C:\\windows\\SYSTEM32\\psmserviceexthost.dll+34be4|C:\\windows\\SYSTEM32\\psmserviceexthost.dll+6f63e|C:\\windows\\SYSTEM32\\psmserviceexthost.dll+713b5|C:\\windows\\SYSTEM32\\psmserviceexthost.dll+50bda|C:\\windows\\SYSTEM32\\psmserviceexthost.dll+4500a|C:\\windows\\System32\\KERNEL32.DLL+17c24|C:\\windows\\SYSTEM32\\ntdll.dll+6cea1",
         "RuleName":"-",
         "Task":"10",
         "DestPort":"",
         "DestAddress":"",
         "Protocol":"",
         "ProcessID":"",
         "LayerRTID":"",
         "Application":"",
         "SourcePort":"",
         "SourceAddress":"",
         "LayerName":"",
         "RemoteMachineID":"",
         "RemoteUserID":"",
         "ImageLoaded":"",
         "Company":"",
         "Signature":"",
         "Hashes":"",
         "Signed":"",
         "OriginalFileName":"",
         "FileVersion":"",
         "SignatureStatus":"",
         "GrantedAccess":"0x1000",
         "SourceThreadID":"",
         "Product":"",
         "SeverityValue":"",
         "ExecutionProcessID":"",
         "host":"",
         "AccountType":"",
         "UserID":"",
         "Opcode":"",
         "SourceModuleType":"",
         "port":"",
         "AccountName":"",
         "RecordNumber":"",
         "Domain":"",
         "OpcodeValue":"",
         "Version":"",
         "Category":"",
         "eventlog":"",
         "CommandLine":"",
         "ParentCommandLine":"",
         "Payload":"",
         "NewProcessName":"",
         "TokenElevationType":"",
         "TargetImage":"C:\\windows\\system32\\backgroundTaskHost.exe",
         "TargetProcessId":"14064"
      },
      {
         "TimeGenerated":"2021-11-05T23:59:58.156Z",
         "SourceProcessId":"",
         "SourceName":"Microsoft-Windows-Sysmon",
         "Hostname":"WORKSTATION5",
         "SourceImage":"",
         "ProviderGuid":"{5770385f-c22a-43e0-bf4c-06f5698ffbd9}",
         "CallTrace":"",
         "Image":"C:\\Windows\\System32\\WindowsPowerShell\\v1.0\\powershell.exe",
         "Level":"4",
         "Channel":"Microsoft-Windows-Sysmon/Operational",
         "Details":"",
         "EventID":"22",
         "EventType":"",
         "Keywords":"0x8000000000000000",
         "TargetObject":"",
         "Message":"Dns query:\r\nRuleName: -\r\nUtcTime: 2020-11-02 09:12:57.391\r\nProcessGuid: {39e4a257-cd82-5f9f-f949-000000000700}\r\nProcessId: 10668\r\nQueryName: WORKSTATION5\r\nQueryStatus: 0\r\nQueryResults: fe80::90e:17af:263c:5209;::ffff:192.168.2.5;\r\nImage: C:\\Windows\\System32\\WindowsPowerShell\\v1.0\\powershell.exe",
         "RuleName":"-",
         "Task":"22",
         "DestPort":"",
         "DestAddress":"",
         "Protocol":"",
         "ProcessID":"",
         "LayerRTID":"",
         "Application":"",
         "SourcePort":"",
         "SourceAddress":"",
         "LayerName":"",
         "RemoteMachineID":"",
         "RemoteUserID":"",
         "ImageLoaded":"",
         "Company":"",
         "Signature":"",
         "Hashes":"",
         "Signed":"",
         "OriginalFileName":"",
         "FileVersion":"",
         "SignatureStatus":"",
         "GrantedAccess":"",
         "SourceThreadID":"",
         "Product":"",
         "SeverityValue":"",
         "ExecutionProcessID":"",
         "host":"",
         "AccountType":"",
         "UserID":"",
         "Opcode":"",
         "SourceModuleType":"",
         "port":"",
         "AccountName":"",
         "RecordNumber":"",
         "Domain":"",
         "OpcodeValue":"",
         "Version":"",
         "Category":"",
         "eventlog":"",
         "CommandLine":"",
         "ParentCommandLine":"",
         "Payload":"",
         "NewProcessName":"",
         "TokenElevationType":"",
         "TargetImage":"",
         "TargetProcessId":""
      },
      {
         "TimeGenerated":"2021-11-05T23:59:58.345Z",
         "SourceProcessId":"944",
         "SourceName":"Microsoft-Windows-Sysmon",
         "Hostname":"WORKSTATION5",
         "SourceImage":"C:\\windows\\system32\\svchost.exe",
         "ProviderGuid":"{5770385f-c22a-43e0-bf4c-06f5698ffbd9}",
         "CallTrace":"C:\\windows\\SYSTEM32\\ntdll.dll+9c584|C:\\windows\\SYSTEM32\\psmserviceexthost.dll+222a3|C:\\windows\\SYSTEM32\\psmserviceexthost.dll+37ea0|C:\\windows\\SYSTEM32\\psmserviceexthost.dll+37929|C:\\windows\\SYSTEM32\\psmserviceexthost.dll+686f8|C:\\windows\\SYSTEM32\\psmserviceexthost.dll+6e84a|C:\\windows\\SYSTEM32\\psmserviceexthost.dll+6f700|C:\\windows\\SYSTEM32\\psmserviceexthost.dll+34be4|C:\\windows\\SYSTEM32\\psmserviceexthost.dll+6f63e|C:\\windows\\SYSTEM32\\psmserviceexthost.dll+713b5|C:\\windows\\SYSTEM32\\psmserviceexthost.dll+50bda|C:\\windows\\SYSTEM32\\psmserviceexthost.dll+4500a|C:\\windows\\System32\\KERNEL32.DLL+17c24|C:\\windows\\SYSTEM32\\ntdll.dll+6cea1",
         "Image":"",
         "Level":"4",
         "Channel":"Microsoft-Windows-Sysmon/Operational",
         "Details":"",
         "EventID":"10",
         "EventType":"",
         "Keywords":"0x8000000000000000",
         "TargetObject":"",
         "Message":"Process accessed:\r\nRuleName: -\r\nUtcTime: 2020-11-02 09:13:03.993\r\nSourceProcessGUID: {39e4a257-f132-5f8b-1000-000000000700}\r\nSourceProcessId: 944\r\nSourceThreadId: 1060\r\nSourceImage: C:\\windows\\system32\\svchost.exe\r\nTargetProcessGUID: {39e4a257-f247-5f8b-d300-000000000700}\r\nTargetProcessId: 4368\r\nTargetImage: C:\\Windows\\SystemApps\\InputApp_cw5n1h2txyewy\\WindowsInternal.ComposableShell.Experiences.TextInput.InputApp.exe\r\nGrantedAccess: 0x1000\r\nCallTrace: C:\\windows\\SYSTEM32\\ntdll.dll+9c584|C:\\windows\\SYSTEM32\\psmserviceexthost.dll+222a3|C:\\windows\\SYSTEM32\\psmserviceexthost.dll+37ea0|C:\\windows\\SYSTEM32\\psmserviceexthost.dll+37929|C:\\windows\\SYSTEM32\\psmserviceexthost.dll+686f8|C:\\windows\\SYSTEM32\\psmserviceexthost.dll+6e84a|C:\\windows\\SYSTEM32\\psmserviceexthost.dll+6f700|C:\\windows\\SYSTEM32\\psmserviceexthost.dll+34be4|C:\\windows\\SYSTEM32\\psmserviceexthost.dll+6f63e|C:\\windows\\SYSTEM32\\psmserviceexthost.dll+713b5|C:\\windows\\SYSTEM32\\psmserviceexthost.dll+50bda|C:\\windows\\SYSTEM32\\psmserviceexthost.dll+4500a|C:\\windows\\System32\\KERNEL32.DLL+17c24|C:\\windows\\SYSTEM32\\ntdll.dll+6cea1",
         "RuleName":"-",
         "Task":"10",
         "DestPort":"",
         "DestAddress":"",
         "Protocol":"",
         "ProcessID":"",
         "LayerRTID":"",
         "Application":"",
         "SourcePort":"",
         "SourceAddress":"",
         "LayerName":"",
         "RemoteMachineID":"",
         "RemoteUserID":"",
         "ImageLoaded":"",
         "Company":"",
         "Signature":"",
         "Hashes":"",
         "Signed":"",
         "OriginalFileName":"",
         "FileVersion":"",
         "SignatureStatus":"",
         "GrantedAccess":"0x1000",
         "SourceThreadID":"",
         "Product":"",
         "SeverityValue":"",
         "ExecutionProcessID":"",
         "host":"",
         "AccountType":"",
         "UserID":"",
         "Opcode":"",
         "SourceModuleType":"",
         "port":"",
         "AccountName":"",
         "RecordNumber":"",
         "Domain":"",
         "OpcodeValue":"",
         "Version":"",
         "Category":"",
         "eventlog":"",
         "CommandLine":"",
         "ParentCommandLine":"",
         "Payload":"",
         "NewProcessName":"",
         "TokenElevationType":"",
         "TargetImage":"C:\\Windows\\SystemApps\\InputApp_cw5n1h2txyewy\\WindowsInternal.ComposableShell.Experiences.TextInput.InputApp.exe",
         "TargetProcessId":"4368"
      },
      {
         "TimeGenerated":"2021-11-05T23:59:58.345Z",
         "SourceProcessId":"944",
         "SourceName":"Microsoft-Windows-Sysmon",
         "Hostname":"WORKSTATION5",
         "SourceImage":"C:\\windows\\system32\\svchost.exe",
         "ProviderGuid":"{5770385f-c22a-43e0-bf4c-06f5698ffbd9}",
         "CallTrace":"C:\\windows\\SYSTEM32\\ntdll.dll+9c584|C:\\windows\\SYSTEM32\\psmserviceexthost.dll+222a3|C:\\windows\\SYSTEM32\\psmserviceexthost.dll+37ea0|C:\\windows\\SYSTEM32\\psmserviceexthost.dll+37929|C:\\windows\\SYSTEM32\\psmserviceexthost.dll+686f8|C:\\windows\\SYSTEM32\\psmserviceexthost.dll+6e84a|C:\\windows\\SYSTEM32\\psmserviceexthost.dll+6f700|C:\\windows\\SYSTEM32\\psmserviceexthost.dll+34be4|C:\\windows\\SYSTEM32\\psmserviceexthost.dll+6f63e|C:\\windows\\SYSTEM32\\psmserviceexthost.dll+713b5|C:\\windows\\SYSTEM32\\psmserviceexthost.dll+50bda|C:\\windows\\SYSTEM32\\psmserviceexthost.dll+4500a|C:\\windows\\System32\\KERNEL32.DLL+17c24|C:\\windows\\SYSTEM32\\ntdll.dll+6cea1",
         "Image":"",
         "Level":"4",
         "Channel":"Microsoft-Windows-Sysmon/Operational",
         "Details":"",
         "EventID":"10",
         "EventType":"",
         "Keywords":"0x8000000000000000",
         "TargetObject":"",
         "Message":"Process accessed:\r\nRuleName: -\r\nUtcTime: 2020-11-02 09:13:03.993\r\nSourceProcessGUID: {39e4a257-f132-5f8b-1000-000000000700}\r\nSourceProcessId: 944\r\nSourceThreadId: 1060\r\nSourceImage: C:\\windows\\system32\\svchost.exe\r\nTargetProcessGUID: {39e4a257-cd84-5f9f-fb49-000000000700}\r\nTargetProcessId: 14064\r\nTargetImage: C:\\windows\\system32\\backgroundTaskHost.exe\r\nGrantedAccess: 0x1000\r\nCallTrace: C:\\windows\\SYSTEM32\\ntdll.dll+9c584|C:\\windows\\SYSTEM32\\psmserviceexthost.dll+222a3|C:\\windows\\SYSTEM32\\psmserviceexthost.dll+37ea0|C:\\windows\\SYSTEM32\\psmserviceexthost.dll+37929|C:\\windows\\SYSTEM32\\psmserviceexthost.dll+686f8|C:\\windows\\SYSTEM32\\psmserviceexthost.dll+6e84a|C:\\windows\\SYSTEM32\\psmserviceexthost.dll+6f700|C:\\windows\\SYSTEM32\\psmserviceexthost.dll+34be4|C:\\windows\\SYSTEM32\\psmserviceexthost.dll+6f63e|C:\\windows\\SYSTEM32\\psmserviceexthost.dll+713b5|C:\\windows\\SYSTEM32\\psmserviceexthost.dll+50bda|C:\\windows\\SYSTEM32\\psmserviceexthost.dll+4500a|C:\\windows\\System32\\KERNEL32.DLL+17c24|C:\\windows\\SYSTEM32\\ntdll.dll+6cea1",
         "RuleName":"-",
         "Task":"10",
         "DestPort":"",
         "DestAddress":"",
         "Protocol":"",
         "ProcessID":"",
         "LayerRTID":"",
         "Application":"",
         "SourcePort":"",
         "SourceAddress":"",
         "LayerName":"",
         "RemoteMachineID":"",
         "RemoteUserID":"",
         "ImageLoaded":"",
         "Company":"",
         "Signature":"",
         "Hashes":"",
         "Signed":"",
         "OriginalFileName":"",
         "FileVersion":"",
         "SignatureStatus":"",
         "GrantedAccess":"0x1000",
         "SourceThreadID":"",
         "Product":"",
         "SeverityValue":"",
         "ExecutionProcessID":"",
         "host":"",
         "AccountType":"",
         "UserID":"",
         "Opcode":"",
         "SourceModuleType":"",
         "port":"",
         "AccountName":"",
         "RecordNumber":"",
         "Domain":"",
         "OpcodeValue":"",
         "Version":"",
         "Category":"",
         "eventlog":"",
         "CommandLine":"",
         "ParentCommandLine":"",
         "Payload":"",
         "NewProcessName":"",
         "TokenElevationType":"",
         "TargetImage":"C:\\windows\\system32\\backgroundTaskHost.exe",
         "TargetProcessId":"14064"
      },
      {
         "TimeGenerated":"2021-11-05T23:59:58.421Z",
         "SourceProcessId":"",
         "SourceName":"Microsoft-Windows-Sysmon",
         "Hostname":"WORKSTATION5",
         "SourceImage":"",
         "ProviderGuid":"{5770385f-c22a-43e0-bf4c-06f5698ffbd9}",
         "CallTrace":"",
         "Image":"C:\\windows\\Explorer.EXE",
         "Level":"4",
         "Channel":"Microsoft-Windows-Sysmon/Operational",
         "Details":"Binary Data",
         "EventID":"13",
         "EventType":"SetValue",
         "Keywords":"0x8000000000000000",
         "TargetObject":"HKU\\S-1-5-21-3940915590-64593676-1414006259-500\\Software\\Microsoft\\Windows\\CurrentVersion\\Explorer\\UserAssist\\{CEBFF5CD-ACE2-4F4F-9178-9926F41749EA}\\Count\\{1NP14R77-02R7-4R5Q-O744-2RO1NR5198O7}\\JvaqbjfCbjreFuryy\\i1.0\\cbjrefuryy.rkr",
         "Message":"Registry value set:\r\nRuleName: -\r\nEventType: SetValue\r\nUtcTime: 2020-11-02 09:13:04.071\r\nProcessGuid: {39e4a257-f1b3-5f8b-a700-000000000700}\r\nProcessId: 1072\r\nImage: C:\\windows\\Explorer.EXE\r\nTargetObject: HKU\\S-1-5-21-3940915590-64593676-1414006259-500\\Software\\Microsoft\\Windows\\CurrentVersion\\Explorer\\UserAssist\\{CEBFF5CD-ACE2-4F4F-9178-9926F41749EA}\\Count\\{1NP14R77-02R7-4R5Q-O744-2RO1NR5198O7}\\JvaqbjfCbjreFuryy\\i1.0\\cbjrefuryy.rkr\r\nDetails: Binary Data",
         "RuleName":"-",
         "Task":"13",
         "DestPort":"",
         "DestAddress":"",
         "Protocol":"",
         "ProcessID":"",
         "LayerRTID":"",
         "Application":"",
         "SourcePort":"",
         "SourceAddress":"",
         "LayerName":"",
         "RemoteMachineID":"",
         "RemoteUserID":"",
         "ImageLoaded":"",
         "Company":"",
         "Signature":"",
         "Hashes":"",
         "Signed":"",
         "OriginalFileName":"",
         "FileVersion":"",
         "SignatureStatus":"",
         "GrantedAccess":"",
         "SourceThreadID":"",
         "Product":"",
         "SeverityValue":"",
         "ExecutionProcessID":"",
         "host":"",
         "AccountType":"",
         "UserID":"",
         "Opcode":"",
         "SourceModuleType":"",
         "port":"",
         "AccountName":"",
         "RecordNumber":"",
         "Domain":"",
         "OpcodeValue":"",
         "Version":"",
         "Category":"",
         "eventlog":"",
         "CommandLine":"",
         "ParentCommandLine":"",
         "Payload":"",
         "NewProcessName":"",
         "TokenElevationType":"",
         "TargetImage":"",
         "TargetProcessId":""
      },
      {
         "TimeGenerated":"2021-11-05T23:59:58.422Z",
         "SourceProcessId":"",
         "SourceName":"Microsoft-Windows-Sysmon",
         "Hostname":"WORKSTATION5",
         "SourceImage":"",
         "ProviderGuid":"{5770385f-c22a-43e0-bf4c-06f5698ffbd9}",
         "CallTrace":"",
         "Image":"C:\\windows\\Explorer.EXE",
         "Level":"4",
         "Channel":"Microsoft-Windows-Sysmon/Operational",
         "Details":"Binary Data",
         "EventID":"13",
         "EventType":"SetValue",
         "Keywords":"0x8000000000000000",
         "TargetObject":"HKU\\S-1-5-21-3940915590-64593676-1414006259-500\\Software\\Microsoft\\Windows\\CurrentVersion\\Explorer\\UserAssist\\{CEBFF5CD-ACE2-4F4F-9178-9926F41749EA}\\Count\\HRZR_PGYFRFFVBA",
         "Message":"Registry value set:\r\nRuleName: -\r\nEventType: SetValue\r\nUtcTime: 2020-11-02 09:13:04.071\r\nProcessGuid: {39e4a257-f1b3-5f8b-a700-000000000700}\r\nProcessId: 1072\r\nImage: C:\\windows\\Explorer.EXE\r\nTargetObject: HKU\\S-1-5-21-3940915590-64593676-1414006259-500\\Software\\Microsoft\\Windows\\CurrentVersion\\Explorer\\UserAssist\\{CEBFF5CD-ACE2-4F4F-9178-9926F41749EA}\\Count\\HRZR_PGYFRFFVBA\r\nDetails: Binary Data",
         "RuleName":"-",
         "Task":"13",
         "DestPort":"",
         "DestAddress":"",
         "Protocol":"",
         "ProcessID":"",
         "LayerRTID":"",
         "Application":"",
         "SourcePort":"",
         "SourceAddress":"",
         "LayerName":"",
         "RemoteMachineID":"",
         "RemoteUserID":"",
         "ImageLoaded":"",
         "Company":"",
         "Signature":"",
         "Hashes":"",
         "Signed":"",
         "OriginalFileName":"",
         "FileVersion":"",
         "SignatureStatus":"",
         "GrantedAccess":"",
         "SourceThreadID":"",
         "Product":"",
         "SeverityValue":"",
         "ExecutionProcessID":"",
         "host":"",
         "AccountType":"",
         "UserID":"",
         "Opcode":"",
         "SourceModuleType":"",
         "port":"",
         "AccountName":"",
         "RecordNumber":"",
         "Domain":"",
         "OpcodeValue":"",
         "Version":"",
         "Category":"",
         "eventlog":"",
         "CommandLine":"",
         "ParentCommandLine":"",
         "Payload":"",
         "NewProcessName":"",
         "TokenElevationType":"",
         "TargetImage":"",
         "TargetProcessId":""
      },
      {
         "TimeGenerated":"2021-11-05T23:59:59.345Z",
         "SourceProcessId":"944",
         "SourceName":"Microsoft-Windows-Sysmon",
         "Hostname":"WORKSTATION5",
         "SourceImage":"C:\\windows\\system32\\svchost.exe",
         "ProviderGuid":"{5770385f-c22a-43e0-bf4c-06f5698ffbd9}",
         "CallTrace":"C:\\windows\\SYSTEM32\\ntdll.dll+9c584|C:\\windows\\SYSTEM32\\psmserviceexthost.dll+222a3|C:\\windows\\SYSTEM32\\psmserviceexthost.dll+37ea0|C:\\windows\\SYSTEM32\\psmserviceexthost.dll+37929|C:\\windows\\SYSTEM32\\psmserviceexthost.dll+686f8|C:\\windows\\SYSTEM32\\psmserviceexthost.dll+6e84a|C:\\windows\\SYSTEM32\\psmserviceexthost.dll+6f700|C:\\windows\\SYSTEM32\\psmserviceexthost.dll+34be4|C:\\windows\\SYSTEM32\\psmserviceexthost.dll+6f63e|C:\\windows\\SYSTEM32\\psmserviceexthost.dll+713b5|C:\\windows\\SYSTEM32\\psmserviceexthost.dll+50bda|C:\\windows\\SYSTEM32\\psmserviceexthost.dll+4500a|C:\\windows\\System32\\KERNEL32.DLL+17c24|C:\\windows\\SYSTEM32\\ntdll.dll+6cea1",
         "Image":"",
         "Level":"4",
         "Channel":"Microsoft-Windows-Sysmon/Operational",
         "Details":"",
         "EventID":"10",
         "EventType":"",
         "Keywords":"0x8000000000000000",
         "TargetObject":"",
         "Message":"Process accessed:\r\nRuleName: -\r\nUtcTime: 2020-11-02 09:13:04.993\r\nSourceProcessGUID: {39e4a257-f132-5f8b-1000-000000000700}\r\nSourceProcessId: 944\r\nSourceThreadId: 1060\r\nSourceImage: C:\\windows\\system32\\svchost.exe\r\nTargetProcessGUID: {39e4a257-f247-5f8b-d300-000000000700}\r\nTargetProcessId: 4368\r\nTargetImage: C:\\Windows\\SystemApps\\InputApp_cw5n1h2txyewy\\WindowsInternal.ComposableShell.Experiences.TextInput.InputApp.exe\r\nGrantedAccess: 0x1000\r\nCallTrace: C:\\windows\\SYSTEM32\\ntdll.dll+9c584|C:\\windows\\SYSTEM32\\psmserviceexthost.dll+222a3|C:\\windows\\SYSTEM32\\psmserviceexthost.dll+37ea0|C:\\windows\\SYSTEM32\\psmserviceexthost.dll+37929|C:\\windows\\SYSTEM32\\psmserviceexthost.dll+686f8|C:\\windows\\SYSTEM32\\psmserviceexthost.dll+6e84a|C:\\windows\\SYSTEM32\\psmserviceexthost.dll+6f700|C:\\windows\\SYSTEM32\\psmserviceexthost.dll+34be4|C:\\windows\\SYSTEM32\\psmserviceexthost.dll+6f63e|C:\\windows\\SYSTEM32\\psmserviceexthost.dll+713b5|C:\\windows\\SYSTEM32\\psmserviceexthost.dll+50bda|C:\\windows\\SYSTEM32\\psmserviceexthost.dll+4500a|C:\\windows\\System32\\KERNEL32.DLL+17c24|C:\\windows\\SYSTEM32\\ntdll.dll+6cea1",
         "RuleName":"-",
         "Task":"10",
         "DestPort":"",
         "DestAddress":"",
         "Protocol":"",
         "ProcessID":"",
         "LayerRTID":"",
         "Application":"",
         "SourcePort":"",
         "SourceAddress":"",
         "LayerName":"",
         "RemoteMachineID":"",
         "RemoteUserID":"",
         "ImageLoaded":"",
         "Company":"",
         "Signature":"",
         "Hashes":"",
         "Signed":"",
         "OriginalFileName":"",
         "FileVersion":"",
         "SignatureStatus":"",
         "GrantedAccess":"0x1000",
         "SourceThreadID":"",
         "Product":"",
         "SeverityValue":"",
         "ExecutionProcessID":"",
         "host":"",
         "AccountType":"",
         "UserID":"",
         "Opcode":"",
         "SourceModuleType":"",
         "port":"",
         "AccountName":"",
         "RecordNumber":"",
         "Domain":"",
         "OpcodeValue":"",
         "Version":"",
         "Category":"",
         "eventlog":"",
         "CommandLine":"",
         "ParentCommandLine":"",
         "Payload":"",
         "NewProcessName":"",
         "TokenElevationType":"",
         "TargetImage":"C:\\Windows\\SystemApps\\InputApp_cw5n1h2txyewy\\WindowsInternal.ComposableShell.Experiences.TextInput.InputApp.exe",
         "TargetProcessId":"4368"
      },
      {
         "TimeGenerated":"2021-11-05T23:59:59.346Z",
         "SourceProcessId":"944",
         "SourceName":"Microsoft-Windows-Sysmon",
         "Hostname":"WORKSTATION5",
         "SourceImage":"C:\\windows\\system32\\svchost.exe",
         "ProviderGuid":"{5770385f-c22a-43e0-bf4c-06f5698ffbd9}",
         "CallTrace":"C:\\windows\\SYSTEM32\\ntdll.dll+9c584|C:\\windows\\SYSTEM32\\psmserviceexthost.dll+222a3|C:\\windows\\SYSTEM32\\psmserviceexthost.dll+37ea0|C:\\windows\\SYSTEM32\\psmserviceexthost.dll+37929|C:\\windows\\SYSTEM32\\psmserviceexthost.dll+686f8|C:\\windows\\SYSTEM32\\psmserviceexthost.dll+6e84a|C:\\windows\\SYSTEM32\\psmserviceexthost.dll+6f700|C:\\windows\\SYSTEM32\\psmserviceexthost.dll+34be4|C:\\windows\\SYSTEM32\\psmserviceexthost.dll+6f63e|C:\\windows\\SYSTEM32\\psmserviceexthost.dll+713b5|C:\\windows\\SYSTEM32\\psmserviceexthost.dll+50bda|C:\\windows\\SYSTEM32\\psmserviceexthost.dll+4500a|C:\\windows\\System32\\KERNEL32.DLL+17c24|C:\\windows\\SYSTEM32\\ntdll.dll+6cea1",
         "Image":"",
         "Level":"4",
         "Channel":"Microsoft-Windows-Sysmon/Operational",
         "Details":"",
         "EventID":"10",
         "EventType":"",
         "Keywords":"0x8000000000000000",
         "TargetObject":"",
         "Message":"Process accessed:\r\nRuleName: -\r\nUtcTime: 2020-11-02 09:13:04.993\r\nSourceProcessGUID: {39e4a257-f132-5f8b-1000-000000000700}\r\nSourceProcessId: 944\r\nSourceThreadId: 1060\r\nSourceImage: C:\\windows\\system32\\svchost.exe\r\nTargetProcessGUID: {39e4a257-cd84-5f9f-fb49-000000000700}\r\nTargetProcessId: 14064\r\nTargetImage: C:\\windows\\system32\\backgroundTaskHost.exe\r\nGrantedAccess: 0x1000\r\nCallTrace: C:\\windows\\SYSTEM32\\ntdll.dll+9c584|C:\\windows\\SYSTEM32\\psmserviceexthost.dll+222a3|C:\\windows\\SYSTEM32\\psmserviceexthost.dll+37ea0|C:\\windows\\SYSTEM32\\psmserviceexthost.dll+37929|C:\\windows\\SYSTEM32\\psmserviceexthost.dll+686f8|C:\\windows\\SYSTEM32\\psmserviceexthost.dll+6e84a|C:\\windows\\SYSTEM32\\psmserviceexthost.dll+6f700|C:\\windows\\SYSTEM32\\psmserviceexthost.dll+34be4|C:\\windows\\SYSTEM32\\psmserviceexthost.dll+6f63e|C:\\windows\\SYSTEM32\\psmserviceexthost.dll+713b5|C:\\windows\\SYSTEM32\\psmserviceexthost.dll+50bda|C:\\windows\\SYSTEM32\\psmserviceexthost.dll+4500a|C:\\windows\\System32\\KERNEL32.DLL+17c24|C:\\windows\\SYSTEM32\\ntdll.dll+6cea1",
         "RuleName":"-",
         "Task":"10",
         "DestPort":"",
         "DestAddress":"",
         "Protocol":"",
         "ProcessID":"",
         "LayerRTID":"",
         "Application":"",
         "SourcePort":"",
         "SourceAddress":"",
         "LayerName":"",
         "RemoteMachineID":"",
         "RemoteUserID":"",
         "ImageLoaded":"",
         "Company":"",
         "Signature":"",
         "Hashes":"",
         "Signed":"",
         "OriginalFileName":"",
         "FileVersion":"",
         "SignatureStatus":"",
         "GrantedAccess":"0x1000",
         "SourceThreadID":"",
         "Product":"",
         "SeverityValue":"",
         "ExecutionProcessID":"",
         "host":"",
         "AccountType":"",
         "UserID":"",
         "Opcode":"",
         "SourceModuleType":"",
         "port":"",
         "AccountName":"",
         "RecordNumber":"",
         "Domain":"",
         "OpcodeValue":"",
         "Version":"",
         "Category":"",
         "eventlog":"",
         "CommandLine":"",
         "ParentCommandLine":"",
         "Payload":"",
         "NewProcessName":"",
         "TokenElevationType":"",
         "TargetImage":"C:\\windows\\system32\\backgroundTaskHost.exe",
         "TargetProcessId":"14064"
      },
      {
         "TimeGenerated":"2021-11-05T23:59:59.893Z",
         "SourceProcessId":"1072",
         "SourceName":"Microsoft-Windows-Sysmon",
         "Hostname":"WORKSTATION5",
         "SourceImage":"C:\\windows\\Explorer.EXE",
         "ProviderGuid":"{5770385f-c22a-43e0-bf4c-06f5698ffbd9}",
         "CallTrace":"C:\\windows\\SYSTEM32\\ntdll.dll+9c584|C:\\windows\\System32\\KERNELBASE.dll+305fe|C:\\windows\\system32\\twinui.pcshell.dll+1d207|C:\\windows\\system32\\twinui.pcshell.dll+fadd0|C:\\windows\\System32\\KERNEL32.DLL+17c24|C:\\windows\\SYSTEM32\\ntdll.dll+6cea1",
         "Image":"",
         "Level":"4",
         "Channel":"Microsoft-Windows-Sysmon/Operational",
         "Details":"",
         "EventID":"10",
         "EventType":"",
         "Keywords":"0x8000000000000000",
         "TargetObject":"",
         "Message":"Process accessed:\r\nRuleName: -\r\nUtcTime: 2020-11-02 09:13:05.524\r\nSourceProcessGUID: {39e4a257-f1b3-5f8b-a700-000000000700}\r\nSourceProcessId: 1072\r\nSourceThreadId: 1388\r\nSourceImage: C:\\windows\\Explorer.EXE\r\nTargetProcessGUID: {39e4a257-41a0-5f9a-2e36-000000000700}\r\nTargetProcessId: 12832\r\nTargetImage: C:\\windows\\system32\\conhost.exe\r\nGrantedAccess: 0x1410\r\nCallTrace: C:\\windows\\SYSTEM32\\ntdll.dll+9c584|C:\\windows\\System32\\KERNELBASE.dll+305fe|C:\\windows\\system32\\twinui.pcshell.dll+1d207|C:\\windows\\system32\\twinui.pcshell.dll+fadd0|C:\\windows\\System32\\KERNEL32.DLL+17c24|C:\\windows\\SYSTEM32\\ntdll.dll+6cea1",
         "RuleName":"-",
         "Task":"10",
         "DestPort":"",
         "DestAddress":"",
         "Protocol":"",
         "ProcessID":"",
         "LayerRTID":"",
         "Application":"",
         "SourcePort":"",
         "SourceAddress":"",
         "LayerName":"",
         "RemoteMachineID":"",
         "RemoteUserID":"",
         "ImageLoaded":"",
         "Company":"",
         "Signature":"",
         "Hashes":"",
         "Signed":"",
         "OriginalFileName":"",
         "FileVersion":"",
         "SignatureStatus":"",
         "GrantedAccess":"0x1410",
         "SourceThreadID":"",
         "Product":"",
         "SeverityValue":"",
         "ExecutionProcessID":"",
         "host":"",
         "AccountType":"",
         "UserID":"",
         "Opcode":"",
         "SourceModuleType":"",
         "port":"",
         "AccountName":"",
         "RecordNumber":"",
         "Domain":"",
         "OpcodeValue":"",
         "Version":"",
         "Category":"",
         "eventlog":"",
         "CommandLine":"",
         "ParentCommandLine":"",
         "Payload":"",
         "NewProcessName":"",
         "TokenElevationType":"",
         "TargetImage":"C:\\windows\\system32\\conhost.exe",
         "TargetProcessId":"12832"
      },
      {
         "TimeGenerated":"2021-11-05T23:59:59.893Z",
         "SourceProcessId":"1072",
         "SourceName":"Microsoft-Windows-Sysmon",
         "Hostname":"WORKSTATION5",
         "SourceImage":"C:\\windows\\Explorer.EXE",
         "ProviderGuid":"{5770385f-c22a-43e0-bf4c-06f5698ffbd9}",
         "CallTrace":"C:\\windows\\SYSTEM32\\ntdll.dll+9c584|C:\\windows\\System32\\KERNELBASE.dll+305fe|C:\\Windows\\System32\\appresolver.dll+221c5|C:\\Windows\\System32\\appresolver.dll+1edcc|C:\\windows\\system32\\twinui.pcshell.dll+1d434|C:\\windows\\system32\\twinui.pcshell.dll+fadd0|C:\\windows\\System32\\KERNEL32.DLL+17c24|C:\\windows\\SYSTEM32\\ntdll.dll+6cea1",
         "Image":"",
         "Level":"4",
         "Channel":"Microsoft-Windows-Sysmon/Operational",
         "Details":"",
         "EventID":"10",
         "EventType":"",
         "Keywords":"0x8000000000000000",
         "TargetObject":"",
         "Message":"Process accessed:\r\nRuleName: -\r\nUtcTime: 2020-11-02 09:13:05.524\r\nSourceProcessGUID: {39e4a257-f1b3-5f8b-a700-000000000700}\r\nSourceProcessId: 1072\r\nSourceThreadId: 1388\r\nSourceImage: C:\\windows\\Explorer.EXE\r\nTargetProcessGUID: {39e4a257-41a0-5f9a-2e36-000000000700}\r\nTargetProcessId: 12832\r\nTargetImage: C:\\windows\\system32\\conhost.exe\r\nGrantedAccess: 0x1000\r\nCallTrace: C:\\windows\\SYSTEM32\\ntdll.dll+9c584|C:\\windows\\System32\\KERNELBASE.dll+305fe|C:\\Windows\\System32\\appresolver.dll+221c5|C:\\Windows\\System32\\appresolver.dll+1edcc|C:\\windows\\system32\\twinui.pcshell.dll+1d434|C:\\windows\\system32\\twinui.pcshell.dll+fadd0|C:\\windows\\System32\\KERNEL32.DLL+17c24|C:\\windows\\SYSTEM32\\ntdll.dll+6cea1",
         "RuleName":"-",
         "Task":"10",
         "DestPort":"",
         "DestAddress":"",
         "Protocol":"",
         "ProcessID":"",
         "LayerRTID":"",
         "Application":"",
         "SourcePort":"",
         "SourceAddress":"",
         "LayerName":"",
         "RemoteMachineID":"",
         "RemoteUserID":"",
         "ImageLoaded":"",
         "Company":"",
         "Signature":"",
         "Hashes":"",
         "Signed":"",
         "OriginalFileName":"",
         "FileVersion":"",
         "SignatureStatus":"",
         "GrantedAccess":"0x1000",
         "SourceThreadID":"",
         "Product":"",
         "SeverityValue":"",
         "ExecutionProcessID":"",
         "host":"",
         "AccountType":"",
         "UserID":"",
         "Opcode":"",
         "SourceModuleType":"",
         "port":"",
         "AccountName":"",
         "RecordNumber":"",
         "Domain":"",
         "OpcodeValue":"",
         "Version":"",
         "Category":"",
         "eventlog":"",
         "CommandLine":"",
         "ParentCommandLine":"",
         "Payload":"",
         "NewProcessName":"",
         "TokenElevationType":"",
         "TargetImage":"C:\\windows\\system32\\conhost.exe",
         "TargetProcessId":"12832"
      },
      {
         "TimeGenerated":"2021-11-05T23:59:59.894Z",
         "SourceProcessId":"1072",
         "SourceName":"Microsoft-Windows-Sysmon",
         "Hostname":"WORKSTATION5",
         "SourceImage":"C:\\windows\\Explorer.EXE",
         "ProviderGuid":"{5770385f-c22a-43e0-bf4c-06f5698ffbd9}",
         "CallTrace":"C:\\windows\\SYSTEM32\\ntdll.dll+9c584|C:\\windows\\System32\\KERNELBASE.dll+305fe|C:\\Windows\\System32\\appresolver.dll+1ee93|C:\\windows\\system32\\twinui.pcshell.dll+1d434|C:\\windows\\system32\\twinui.pcshell.dll+fadd0|C:\\windows\\System32\\KERNEL32.DLL+17c24|C:\\windows\\SYSTEM32\\ntdll.dll+6cea1",
         "Image":"",
         "Level":"4",
         "Channel":"Microsoft-Windows-Sysmon/Operational",
         "Details":"",
         "EventID":"10",
         "EventType":"",
         "Keywords":"0x8000000000000000",
         "TargetObject":"",
         "Message":"Process accessed:\r\nRuleName: -\r\nUtcTime: 2020-11-02 09:13:05.524\r\nSourceProcessGUID: {39e4a257-f1b3-5f8b-a700-000000000700}\r\nSourceProcessId: 1072\r\nSourceThreadId: 1388\r\nSourceImage: C:\\windows\\Explorer.EXE\r\nTargetProcessGUID: {39e4a257-41a0-5f9a-2e36-000000000700}\r\nTargetProcessId: 12832\r\nTargetImage: C:\\windows\\system32\\conhost.exe\r\nGrantedAccess: 0x1000\r\nCallTrace: C:\\windows\\SYSTEM32\\ntdll.dll+9c584|C:\\windows\\System32\\KERNELBASE.dll+305fe|C:\\Windows\\System32\\appresolver.dll+1ee93|C:\\windows\\system32\\twinui.pcshell.dll+1d434|C:\\windows\\system32\\twinui.pcshell.dll+fadd0|C:\\windows\\System32\\KERNEL32.DLL+17c24|C:\\windows\\SYSTEM32\\ntdll.dll+6cea1",
         "RuleName":"-",
         "Task":"10",
         "DestPort":"",
         "DestAddress":"",
         "Protocol":"",
         "ProcessID":"",
         "LayerRTID":"",
         "Application":"",
         "SourcePort":"",
         "SourceAddress":"",
         "LayerName":"",
         "RemoteMachineID":"",
         "RemoteUserID":"",
         "ImageLoaded":"",
         "Company":"",
         "Signature":"",
         "Hashes":"",
         "Signed":"",
         "OriginalFileName":"",
         "FileVersion":"",
         "SignatureStatus":"",
         "GrantedAccess":"0x1000",
         "SourceThreadID":"",
         "Product":"",
         "SeverityValue":"",
         "ExecutionProcessID":"",
         "host":"",
         "AccountType":"",
         "UserID":"",
         "Opcode":"",
         "SourceModuleType":"",
         "port":"",
         "AccountName":"",
         "RecordNumber":"",
         "Domain":"",
         "OpcodeValue":"",
         "Version":"",
         "Category":"",
         "eventlog":"",
         "CommandLine":"",
         "ParentCommandLine":"",
         "Payload":"",
         "NewProcessName":"",
         "TokenElevationType":"",
         "TargetImage":"C:\\windows\\system32\\conhost.exe",
         "TargetProcessId":"12832"
      },
      {
         "TimeGenerated":"2021-11-05T23:59:59.894Z",
         "SourceProcessId":"1072",
         "SourceName":"Microsoft-Windows-Sysmon",
         "Hostname":"WORKSTATION5",
         "SourceImage":"C:\\windows\\Explorer.EXE",
         "ProviderGuid":"{5770385f-c22a-43e0-bf4c-06f5698ffbd9}",
         "CallTrace":"C:\\windows\\SYSTEM32\\ntdll.dll+9c584|C:\\windows\\System32\\KERNELBASE.dll+305fe|C:\\Windows\\System32\\appresolver.dll+21ee8|C:\\Windows\\System32\\appresolver.dll+1ef46|C:\\windows\\system32\\twinui.pcshell.dll+1d434|C:\\windows\\system32\\twinui.pcshell.dll+fadd0|C:\\windows\\System32\\KERNEL32.DLL+17c24|C:\\windows\\SYSTEM32\\ntdll.dll+6cea1",
         "Image":"",
         "Level":"4",
         "Channel":"Microsoft-Windows-Sysmon/Operational",
         "Details":"",
         "EventID":"10",
         "EventType":"",
         "Keywords":"0x8000000000000000",
         "TargetObject":"",
         "Message":"Process accessed:\r\nRuleName: -\r\nUtcTime: 2020-11-02 09:13:05.524\r\nSourceProcessGUID: {39e4a257-f1b3-5f8b-a700-000000000700}\r\nSourceProcessId: 1072\r\nSourceThreadId: 1388\r\nSourceImage: C:\\windows\\Explorer.EXE\r\nTargetProcessGUID: {39e4a257-41a0-5f9a-2e36-000000000700}\r\nTargetProcessId: 12832\r\nTargetImage: C:\\windows\\system32\\conhost.exe\r\nGrantedAccess: 0x1410\r\nCallTrace: C:\\windows\\SYSTEM32\\ntdll.dll+9c584|C:\\windows\\System32\\KERNELBASE.dll+305fe|C:\\Windows\\System32\\appresolver.dll+21ee8|C:\\Windows\\System32\\appresolver.dll+1ef46|C:\\windows\\system32\\twinui.pcshell.dll+1d434|C:\\windows\\system32\\twinui.pcshell.dll+fadd0|C:\\windows\\System32\\KERNEL32.DLL+17c24|C:\\windows\\SYSTEM32\\ntdll.dll+6cea1",
         "RuleName":"-",
         "Task":"10",
         "DestPort":"",
         "DestAddress":"",
         "Protocol":"",
         "ProcessID":"",
         "LayerRTID":"",
         "Application":"",
         "SourcePort":"",
         "SourceAddress":"",
         "LayerName":"",
         "RemoteMachineID":"",
         "RemoteUserID":"",
         "ImageLoaded":"",
         "Company":"",
         "Signature":"",
         "Hashes":"",
         "Signed":"",
         "OriginalFileName":"",
         "FileVersion":"",
         "SignatureStatus":"",
         "GrantedAccess":"0x1410",
         "SourceThreadID":"",
         "Product":"",
         "SeverityValue":"",
         "ExecutionProcessID":"",
         "host":"",
         "AccountType":"",
         "UserID":"",
         "Opcode":"",
         "SourceModuleType":"",
         "port":"",
         "AccountName":"",
         "RecordNumber":"",
         "Domain":"",
         "OpcodeValue":"",
         "Version":"",
         "Category":"",
         "eventlog":"",
         "CommandLine":"",
         "ParentCommandLine":"",
         "Payload":"",
         "NewProcessName":"",
         "TokenElevationType":"",
         "TargetImage":"C:\\windows\\system32\\conhost.exe",
         "TargetProcessId":"12832"
      },
      {
         "TimeGenerated":"2021-11-05T23:59:59.894Z",
         "SourceProcessId":"944",
         "SourceName":"Microsoft-Windows-Sysmon",
         "Hostname":"WORKSTATION5",
         "SourceImage":"C:\\windows\\system32\\svchost.exe",
         "ProviderGuid":"{5770385f-c22a-43e0-bf4c-06f5698ffbd9}",
         "CallTrace":"C:\\windows\\SYSTEM32\\ntdll.dll+9c584|C:\\windows\\SYSTEM32\\psmserviceexthost.dll+310c0|C:\\windows\\SYSTEM32\\psmserviceexthost.dll+30dbf|C:\\windows\\SYSTEM32\\ntdll.dll+6ba5|C:\\windows\\SYSTEM32\\ntdll.dll+67f1|C:\\windows\\SYSTEM32\\ntdll.dll+6650|C:\\windows\\SYSTEM32\\ntdll.dll+3052c|C:\\windows\\SYSTEM32\\ntdll.dll+34142|C:\\windows\\System32\\KERNEL32.DLL+17c24|C:\\windows\\SYSTEM32\\ntdll.dll+6cea1",
         "Image":"",
         "Level":"4",
         "Channel":"Microsoft-Windows-Sysmon/Operational",
         "Details":"",
         "EventID":"10",
         "EventType":"",
         "Keywords":"0x8000000000000000",
         "TargetObject":"",
         "Message":"Process accessed:\r\nRuleName: -\r\nUtcTime: 2020-11-02 09:13:05.524\r\nSourceProcessGUID: {39e4a257-f132-5f8b-1000-000000000700}\r\nSourceProcessId: 944\r\nSourceThreadId: 13268\r\nSourceImage: C:\\windows\\system32\\svchost.exe\r\nTargetProcessGUID: {39e4a257-41a0-5f9a-2e36-000000000700}\r\nTargetProcessId: 12832\r\nTargetImage: C:\\windows\\system32\\conhost.exe\r\nGrantedAccess: 0x2000\r\nCallTrace: C:\\windows\\SYSTEM32\\ntdll.dll+9c584|C:\\windows\\SYSTEM32\\psmserviceexthost.dll+310c0|C:\\windows\\SYSTEM32\\psmserviceexthost.dll+30dbf|C:\\windows\\SYSTEM32\\ntdll.dll+6ba5|C:\\windows\\SYSTEM32\\ntdll.dll+67f1|C:\\windows\\SYSTEM32\\ntdll.dll+6650|C:\\windows\\SYSTEM32\\ntdll.dll+3052c|C:\\windows\\SYSTEM32\\ntdll.dll+34142|C:\\windows\\System32\\KERNEL32.DLL+17c24|C:\\windows\\SYSTEM32\\ntdll.dll+6cea1",
         "RuleName":"-",
         "Task":"10",
         "DestPort":"",
         "DestAddress":"",
         "Protocol":"",
         "ProcessID":"",
         "LayerRTID":"",
         "Application":"",
         "SourcePort":"",
         "SourceAddress":"",
         "LayerName":"",
         "RemoteMachineID":"",
         "RemoteUserID":"",
         "ImageLoaded":"",
         "Company":"",
         "Signature":"",
         "Hashes":"",
         "Signed":"",
         "OriginalFileName":"",
         "FileVersion":"",
         "SignatureStatus":"",
         "GrantedAccess":"0x2000",
         "SourceThreadID":"",
         "Product":"",
         "SeverityValue":"",
         "ExecutionProcessID":"",
         "host":"",
         "AccountType":"",
         "UserID":"",
         "Opcode":"",
         "SourceModuleType":"",
         "port":"",
         "AccountName":"",
         "RecordNumber":"",
         "Domain":"",
         "OpcodeValue":"",
         "Version":"",
         "Category":"",
         "eventlog":"",
         "CommandLine":"",
         "ParentCommandLine":"",
         "Payload":"",
         "NewProcessName":"",
         "TokenElevationType":"",
         "TargetImage":"C:\\windows\\system32\\conhost.exe",
         "TargetProcessId":"12832"
      },
      {
         "TimeGenerated":"2021-11-05T23:59:59.894Z",
         "SourceProcessId":"1072",
         "SourceName":"Microsoft-Windows-Sysmon",
         "Hostname":"WORKSTATION5",
         "SourceImage":"C:\\windows\\Explorer.EXE",
         "ProviderGuid":"{5770385f-c22a-43e0-bf4c-06f5698ffbd9}",
         "CallTrace":"C:\\windows\\SYSTEM32\\ntdll.dll+9c584|C:\\windows\\System32\\KERNELBASE.dll+305fe|C:\\Windows\\System32\\appresolver.dll+221c5|C:\\Windows\\System32\\appresolver.dll+1edcc|C:\\Windows\\System32\\appresolver.dll+1ecb7|C:\\windows\\Explorer.EXE+5b1a7|C:\\windows\\Explorer.EXE+5b0a4|C:\\windows\\Explorer.EXE+29a50|C:\\windows\\System32\\windows.storage.dll+16e1c4|C:\\windows\\System32\\windows.storage.dll+16de05|C:\\windows\\System32\\windows.storage.dll+16dce5|C:\\windows\\System32\\shcore.dll+31636|C:\\windows\\SYSTEM32\\ntdll.dll+2f655|C:\\windows\\SYSTEM32\\ntdll.dll+345b4|C:\\windows\\System32\\KERNEL32.DLL+17c24|C:\\windows\\SYSTEM32\\ntdll.dll+6cea1",
         "Image":"",
         "Level":"4",
         "Channel":"Microsoft-Windows-Sysmon/Operational",
         "Details":"",
         "EventID":"10",
         "EventType":"",
         "Keywords":"0x8000000000000000",
         "TargetObject":"",
         "Message":"Process accessed:\r\nRuleName: -\r\nUtcTime: 2020-11-02 09:13:05.524\r\nSourceProcessGUID: {39e4a257-f1b3-5f8b-a700-000000000700}\r\nSourceProcessId: 1072\r\nSourceThreadId: 11428\r\nSourceImage: C:\\windows\\Explorer.EXE\r\nTargetProcessGUID: {39e4a257-41a0-5f9a-2d36-000000000700}\r\nTargetProcessId: 13264\r\nTargetImage: C:\\Windows\\System32\\WindowsPowerShell\\v1.0\\powershell.exe\r\nGrantedAccess: 0x1000\r\nCallTrace: C:\\windows\\SYSTEM32\\ntdll.dll+9c584|C:\\windows\\System32\\KERNELBASE.dll+305fe|C:\\Windows\\System32\\appresolver.dll+221c5|C:\\Windows\\System32\\appresolver.dll+1edcc|C:\\Windows\\System32\\appresolver.dll+1ecb7|C:\\windows\\Explorer.EXE+5b1a7|C:\\windows\\Explorer.EXE+5b0a4|C:\\windows\\Explorer.EXE+29a50|C:\\windows\\System32\\windows.storage.dll+16e1c4|C:\\windows\\System32\\windows.storage.dll+16de05|C:\\windows\\System32\\windows.storage.dll+16dce5|C:\\windows\\System32\\shcore.dll+31636|C:\\windows\\SYSTEM32\\ntdll.dll+2f655|C:\\windows\\SYSTEM32\\ntdll.dll+345b4|C:\\windows\\System32\\KERNEL32.DLL+17c24|C:\\windows\\SYSTEM32\\ntdll.dll+6cea1",
         "RuleName":"-",
         "Task":"10",
         "DestPort":"",
         "DestAddress":"",
         "Protocol":"",
         "ProcessID":"",
         "LayerRTID":"",
         "Application":"",
         "SourcePort":"",
         "SourceAddress":"",
         "LayerName":"",
         "RemoteMachineID":"",
         "RemoteUserID":"",
         "ImageLoaded":"",
         "Company":"",
         "Signature":"",
         "Hashes":"",
         "Signed":"",
         "OriginalFileName":"",
         "FileVersion":"",
         "SignatureStatus":"",
         "GrantedAccess":"0x1000",
         "SourceThreadID":"",
         "Product":"",
         "SeverityValue":"",
         "ExecutionProcessID":"",
         "host":"",
         "AccountType":"",
         "UserID":"",
         "Opcode":"",
         "SourceModuleType":"",
         "port":"",
         "AccountName":"",
         "RecordNumber":"",
         "Domain":"",
         "OpcodeValue":"",
         "Version":"",
         "Category":"",
         "eventlog":"",
         "CommandLine":"",
         "ParentCommandLine":"",
         "Payload":"",
         "NewProcessName":"",
         "TokenElevationType":"",
         "TargetImage":"C:\\Windows\\System32\\WindowsPowerShell\\v1.0\\powershell.exe",
         "TargetProcessId":"13264"
      },
