      {
         "TimeGenerated":"2021-11-05T23:59:54.368Z",
         "SourceProcessId":"",
         "SourceName":"Microsoft-Windows-Sysmon",
         "Hostname":"WORKSTATION5",
         "SourceImage":"",
         "ProviderGuid":"{5770385f-c22a-43e0-bf4c-06f5698ffbd9}",
         "CallTrace":"",
         "Image":"C:\\windows\\System32\\svchost.exe",
         "Level":"4",
         "Channel":"Microsoft-Windows-Sysmon/Operational",
         "Details":"",
         "EventID":"12",
         "EventType":"CreateKey",
         "Keywords":"0x8000000000000000",
         "TargetObject":"HKLM\\SOFTWARE\\Microsoft\\Windows\\CurrentVersion\\VFUProvider",
         "Message":"Registry object added or deleted:\r\nRuleName: -\r\nEventType: CreateKey\r\nUtcTime: 2020-11-02 09:13:00.008\r\nProcessGuid: {39e4a257-f137-5f8b-4c00-000000000700}\r\nProcessId: 3172\r\nImage: C:\\windows\\System32\\svchost.exe\r\nTargetObject: HKLM\\SOFTWARE\\Microsoft\\Windows\\CurrentVersion\\VFUProvider",
         "RuleName":"-",
         "Task":"12",
         "DestPort":"",
         "DestAddress":"",
         "Protocol":"",
         "ProcessID":"",
         "LayerRTID":"",
         "Application":"",
         "SourcePort":"",
         "SourceAddress":"",
         "LayerName":"",
         "RemoteMachineID":"",
         "RemoteUserID":"",
         "ImageLoaded":"",
         "Company":"",
         "Signature":"",
         "Hashes":"",
         "Signed":"",
         "OriginalFileName":"",
         "FileVersion":"",
         "SignatureStatus":"",
         "GrantedAccess":"",
         "SourceThreadID":"",
         "Product":"",
         "SeverityValue":"",
         "ExecutionProcessID":"",
         "host":"",
         "AccountType":"",
         "UserID":"",
         "Opcode":"",
         "SourceModuleType":"",
         "port":"",
         "AccountName":"",
         "RecordNumber":"",
         "Domain":"",
         "OpcodeValue":"",
         "Version":"",
         "Category":"",
         "eventlog":"",
         "CommandLine":"",
         "ParentCommandLine":"",
         "Payload":"",
         "NewProcessName":"",
         "TokenElevationType":"",
         "TargetImage":"",
         "TargetProcessId":""
      },
      {
         "TimeGenerated":"2021-11-05T23:59:54.368Z",
         "SourceProcessId":"",
         "SourceName":"Microsoft-Windows-Sysmon",
         "Hostname":"WORKSTATION5",
         "SourceImage":"",
         "ProviderGuid":"{5770385f-c22a-43e0-bf4c-06f5698ffbd9}",
         "CallTrace":"",
         "Image":"C:\\windows\\System32\\svchost.exe",
         "Level":"4",
         "Channel":"Microsoft-Windows-Sysmon/Operational",
         "Details":"QWORD (0x01d6b0f8-0x5c400ebe)",
         "EventID":"13",
         "EventType":"SetValue",
         "Keywords":"0x8000000000000000",
         "TargetObject":"HKLM\\SOFTWARE\\Microsoft\\Windows\\CurrentVersion\\VFUProvider\\StartTime",
         "Message":"Registry value set:\r\nRuleName: -\r\nEventType: SetValue\r\nUtcTime: 2020-11-02 09:13:00.008\r\nProcessGuid: {39e4a257-f137-5f8b-4c00-000000000700}\r\nProcessId: 3172\r\nImage: C:\\windows\\System32\\svchost.exe\r\nTargetObject: HKLM\\SOFTWARE\\Microsoft\\Windows\\CurrentVersion\\VFUProvider\\StartTime\r\nDetails: QWORD (0x01d6b0f8-0x5c400ebe)",
         "RuleName":"-",
         "Task":"13",
         "DestPort":"",
         "DestAddress":"",
         "Protocol":"",
         "ProcessID":"",
         "LayerRTID":"",
         "Application":"",
         "SourcePort":"",
         "SourceAddress":"",
         "LayerName":"",
         "RemoteMachineID":"",
         "RemoteUserID":"",
         "ImageLoaded":"",
         "Company":"",
         "Signature":"",
         "Hashes":"",
         "Signed":"",
         "OriginalFileName":"",
         "FileVersion":"",
         "SignatureStatus":"",
         "GrantedAccess":"",
         "SourceThreadID":"",
         "Product":"",
         "SeverityValue":"",
         "ExecutionProcessID":"",
         "host":"",
         "AccountType":"",
         "UserID":"",
         "Opcode":"",
         "SourceModuleType":"",
         "port":"",
         "AccountName":"",
         "RecordNumber":"",
         "Domain":"",
         "OpcodeValue":"",
         "Version":"",
         "Category":"",
         "eventlog":"",
         "CommandLine":"",
         "ParentCommandLine":"",
         "Payload":"",
         "NewProcessName":"",
         "TokenElevationType":"",
         "TargetImage":"",
         "TargetProcessId":""
      },
      {
         "TimeGenerated":"2021-11-05T23:59:54.998Z",
         "SourceProcessId":"944",
         "SourceName":"Microsoft-Windows-Sysmon",
         "Hostname":"WORKSTATION5",
         "SourceImage":"C:\\windows\\system32\\svchost.exe",
         "ProviderGuid":"{5770385f-c22a-43e0-bf4c-06f5698ffbd9}",
         "CallTrace":"C:\\windows\\SYSTEM32\\ntdll.dll+9c584|C:\\windows\\SYSTEM32\\psmserviceexthost.dll+310c0|C:\\windows\\SYSTEM32\\psmserviceexthost.dll+30dbf|C:\\windows\\SYSTEM32\\ntdll.dll+6ba5|C:\\windows\\SYSTEM32\\ntdll.dll+67f1|C:\\windows\\SYSTEM32\\ntdll.dll+6650|C:\\windows\\SYSTEM32\\ntdll.dll+3052c|C:\\windows\\SYSTEM32\\ntdll.dll+34142|C:\\windows\\System32\\KERNEL32.DLL+17c24|C:\\windows\\SYSTEM32\\ntdll.dll+6cea1",
         "Image":"",
         "Level":"4",
         "Channel":"Microsoft-Windows-Sysmon/Operational",
         "Details":"",
         "EventID":"10",
         "EventType":"",
         "Keywords":"0x8000000000000000",
         "TargetObject":"",
         "Message":"Process accessed:\r\nRuleName: -\r\nUtcTime: 2020-11-02 09:13:00.633\r\nSourceProcessGUID: {39e4a257-f132-5f8b-1000-000000000700}\r\nSourceProcessId: 944\r\nSourceThreadId: 11104\r\nSourceImage: C:\\windows\\system32\\svchost.exe\r\nTargetProcessGUID: {39e4a257-f1b3-5f8b-a700-000000000700}\r\nTargetProcessId: 1072\r\nTargetImage: C:\\windows\\Explorer.EXE\r\nGrantedAccess: 0x2000\r\nCallTrace: C:\\windows\\SYSTEM32\\ntdll.dll+9c584|C:\\windows\\SYSTEM32\\psmserviceexthost.dll+310c0|C:\\windows\\SYSTEM32\\psmserviceexthost.dll+30dbf|C:\\windows\\SYSTEM32\\ntdll.dll+6ba5|C:\\windows\\SYSTEM32\\ntdll.dll+67f1|C:\\windows\\SYSTEM32\\ntdll.dll+6650|C:\\windows\\SYSTEM32\\ntdll.dll+3052c|C:\\windows\\SYSTEM32\\ntdll.dll+34142|C:\\windows\\System32\\KERNEL32.DLL+17c24|C:\\windows\\SYSTEM32\\ntdll.dll+6cea1",
         "RuleName":"-",
         "Task":"10",
         "DestPort":"",
         "DestAddress":"",
         "Protocol":"",
         "ProcessID":"",
         "LayerRTID":"",
         "Application":"",
         "SourcePort":"",
         "SourceAddress":"",
         "LayerName":"",
         "RemoteMachineID":"",
         "RemoteUserID":"",
         "ImageLoaded":"",
         "Company":"",
         "Signature":"",
         "Hashes":"",
         "Signed":"",
         "OriginalFileName":"",
         "FileVersion":"",
         "SignatureStatus":"",
         "GrantedAccess":"0x2000",
         "SourceThreadID":"",
         "Product":"",
         "SeverityValue":"",
         "ExecutionProcessID":"",
         "host":"",
         "AccountType":"",
         "UserID":"",
         "Opcode":"",
         "SourceModuleType":"",
         "port":"",
         "AccountName":"",
         "RecordNumber":"",
         "Domain":"",
         "OpcodeValue":"",
         "Version":"",
         "Category":"",
         "eventlog":"",
         "CommandLine":"",
         "ParentCommandLine":"",
         "Payload":"",
         "NewProcessName":"",
         "TokenElevationType":"",
         "TargetImage":"C:\\windows\\Explorer.EXE",
         "TargetProcessId":"1072"
      },
      {
         "TimeGenerated":"2021-11-05T23:59:55.007Z",
         "SourceProcessId":"",
         "SourceName":"Microsoft-Windows-Sysmon",
         "Hostname":"WORKSTATION5",
         "SourceImage":"",
         "ProviderGuid":"{5770385f-c22a-43e0-bf4c-06f5698ffbd9}",
         "CallTrace":"",
         "Image":"C:\\windows\\system32\\ctfmon.exe",
         "Level":"4",
         "Channel":"Microsoft-Windows-Sysmon/Operational",
         "Details":"",
         "EventID":"12",
         "EventType":"CreateKey",
         "Keywords":"0x8000000000000000",
         "TargetObject":"HKU\\S-1-5-21-3940915590-64593676-1414006259-500\\Software\\Microsoft\\Input\\Settings",
         "Message":"Registry object added or deleted:\r\nRuleName: -\r\nEventType: CreateKey\r\nUtcTime: 2020-11-02 09:13:00.649\r\nProcessGuid: {39e4a257-f1b1-5f8b-a500-000000000700}\r\nProcessId: 5112\r\nImage: C:\\windows\\system32\\ctfmon.exe\r\nTargetObject: HKU\\S-1-5-21-3940915590-64593676-1414006259-500\\Software\\Microsoft\\Input\\Settings",
         "RuleName":"-",
         "Task":"12",
         "DestPort":"",
         "DestAddress":"",
         "Protocol":"",
         "ProcessID":"",
         "LayerRTID":"",
         "Application":"",
         "SourcePort":"",
         "SourceAddress":"",
         "LayerName":"",
         "RemoteMachineID":"",
         "RemoteUserID":"",
         "ImageLoaded":"",
         "Company":"",
         "Signature":"",
         "Hashes":"",
         "Signed":"",
         "OriginalFileName":"",
         "FileVersion":"",
         "SignatureStatus":"",
         "GrantedAccess":"",
         "SourceThreadID":"",
         "Product":"",
         "SeverityValue":"",
         "ExecutionProcessID":"",
         "host":"",
         "AccountType":"",
         "UserID":"",
         "Opcode":"",
         "SourceModuleType":"",
         "port":"",
         "AccountName":"",
         "RecordNumber":"",
         "Domain":"",
         "OpcodeValue":"",
         "Version":"",
         "Category":"",
         "eventlog":"",
         "CommandLine":"",
         "ParentCommandLine":"",
         "Payload":"",
         "NewProcessName":"",
         "TokenElevationType":"",
         "TargetImage":"",
         "TargetProcessId":""
      },
      {
         "TimeGenerated":"2021-11-05T23:59:55.007Z",
         "SourceProcessId":"1072",
         "SourceName":"Microsoft-Windows-Sysmon",
         "Hostname":"WORKSTATION5",
         "SourceImage":"C:\\windows\\Explorer.EXE",
         "ProviderGuid":"{5770385f-c22a-43e0-bf4c-06f5698ffbd9}",
         "CallTrace":"C:\\windows\\SYSTEM32\\ntdll.dll+9c584|C:\\windows\\System32\\KERNELBASE.dll+305fe|C:\\windows\\system32\\twinui.dll+72a89|C:\\windows\\system32\\twinui.dll+785b2|C:\\windows\\system32\\twinui.dll+1780b|C:\\windows\\system32\\twinui.dll+1734c|C:\\windows\\system32\\twinui.dll+68f7a|C:\\windows\\system32\\twinui.dll+16e09|C:\\windows\\system32\\twinui.dll+16f4b|C:\\windows\\system32\\twinui.dll+16ecd|C:\\windows\\System32\\USER32.dll+15c1d|C:\\windows\\System32\\USER32.dll+15612|C:\\Windows\\System32\\windows.immersiveshell.serviceprovider.dll+45f0|C:\\Windows\\System32\\windows.immersiveshell.serviceprovider.dll+41b9|C:\\Windows\\System32\\windows.immersiveshell.serviceprovider.dll+3e4f|C:\\windows\\System32\\KERNEL32.DLL+17c24|C:\\windows\\SYSTEM32\\ntdll.dll+6cea1",
         "Image":"",
         "Level":"4",
         "Channel":"Microsoft-Windows-Sysmon/Operational",
         "Details":"",
         "EventID":"10",
         "EventType":"",
         "Keywords":"0x8000000000000000",
         "TargetObject":"",
         "Message":"Process accessed:\r\nRuleName: -\r\nUtcTime: 2020-11-02 09:13:00.649\r\nSourceProcessGUID: {39e4a257-f1b3-5f8b-a700-000000000700}\r\nSourceProcessId: 1072\r\nSourceThreadId: 4688\r\nSourceImage: C:\\windows\\Explorer.EXE\r\nTargetProcessGUID: {39e4a257-f247-5f8b-d300-000000000700}\r\nTargetProcessId: 4368\r\nTargetImage: C:\\Windows\\SystemApps\\InputApp_cw5n1h2txyewy\\WindowsInternal.ComposableShell.Experiences.TextInput.InputApp.exe\r\nGrantedAccess: 0x2000\r\nCallTrace: C:\\windows\\SYSTEM32\\ntdll.dll+9c584|C:\\windows\\System32\\KERNELBASE.dll+305fe|C:\\windows\\system32\\twinui.dll+72a89|C:\\windows\\system32\\twinui.dll+785b2|C:\\windows\\system32\\twinui.dll+1780b|C:\\windows\\system32\\twinui.dll+1734c|C:\\windows\\system32\\twinui.dll+68f7a|C:\\windows\\system32\\twinui.dll+16e09|C:\\windows\\system32\\twinui.dll+16f4b|C:\\windows\\system32\\twinui.dll+16ecd|C:\\windows\\System32\\USER32.dll+15c1d|C:\\windows\\System32\\USER32.dll+15612|C:\\Windows\\System32\\windows.immersiveshell.serviceprovider.dll+45f0|C:\\Windows\\System32\\windows.immersiveshell.serviceprovider.dll+41b9|C:\\Windows\\System32\\windows.immersiveshell.serviceprovider.dll+3e4f|C:\\windows\\System32\\KERNEL32.DLL+17c24|C:\\windows\\SYSTEM32\\ntdll.dll+6cea1",
         "RuleName":"-",
         "Task":"10",
         "DestPort":"",
         "DestAddress":"",
         "Protocol":"",
         "ProcessID":"",
         "LayerRTID":"",
         "Application":"",
         "SourcePort":"",
         "SourceAddress":"",
         "LayerName":"",
         "RemoteMachineID":"",
         "RemoteUserID":"",
         "ImageLoaded":"",
         "Company":"",
         "Signature":"",
         "Hashes":"",
         "Signed":"",
         "OriginalFileName":"",
         "FileVersion":"",
         "SignatureStatus":"",
         "GrantedAccess":"0x2000",
         "SourceThreadID":"",
         "Product":"",
         "SeverityValue":"",
         "ExecutionProcessID":"",
         "host":"",
         "AccountType":"",
         "UserID":"",
         "Opcode":"",
         "SourceModuleType":"",
         "port":"",
         "AccountName":"",
         "RecordNumber":"",
         "Domain":"",
         "OpcodeValue":"",
         "Version":"",
         "Category":"",
         "eventlog":"",
         "CommandLine":"",
         "ParentCommandLine":"",
         "Payload":"",
         "NewProcessName":"",
         "TokenElevationType":"",
         "TargetImage":"C:\\Windows\\SystemApps\\InputApp_cw5n1h2txyewy\\WindowsInternal.ComposableShell.Experiences.TextInput.InputApp.exe",
         "TargetProcessId":"4368"
      },
      {
         "TimeGenerated":"2021-11-05T23:59:55.007Z",
         "SourceProcessId":"1072",
         "SourceName":"Microsoft-Windows-Sysmon",
         "Hostname":"WORKSTATION5",
         "SourceImage":"C:\\windows\\Explorer.EXE",
         "ProviderGuid":"{5770385f-c22a-43e0-bf4c-06f5698ffbd9}",
         "CallTrace":"C:\\windows\\SYSTEM32\\ntdll.dll+9c584|C:\\windows\\System32\\KERNELBASE.dll+305fe|C:\\windows\\system32\\twinui.dll+72a89|C:\\windows\\system32\\twinui.dll+785b2|C:\\windows\\system32\\twinui.dll+1780b|C:\\windows\\system32\\twinui.dll+1734c|C:\\windows\\system32\\twinui.dll+68f7a|C:\\windows\\system32\\twinui.dll+16e09|C:\\windows\\system32\\twinui.dll+16f4b|C:\\windows\\system32\\twinui.dll+16ecd|C:\\windows\\System32\\USER32.dll+15c1d|C:\\windows\\System32\\USER32.dll+15612|C:\\Windows\\System32\\windows.immersiveshell.serviceprovider.dll+45f0|C:\\Windows\\System32\\windows.immersiveshell.serviceprovider.dll+41b9|C:\\Windows\\System32\\windows.immersiveshell.serviceprovider.dll+3e4f|C:\\windows\\System32\\KERNEL32.DLL+17c24|C:\\windows\\SYSTEM32\\ntdll.dll+6cea1",
         "Image":"",
         "Level":"4",
         "Channel":"Microsoft-Windows-Sysmon/Operational",
         "Details":"",
         "EventID":"10",
         "EventType":"",
         "Keywords":"0x8000000000000000",
         "TargetObject":"",
         "Message":"Process accessed:\r\nRuleName: -\r\nUtcTime: 2020-11-02 09:13:00.649\r\nSourceProcessGUID: {39e4a257-f1b3-5f8b-a700-000000000700}\r\nSourceProcessId: 1072\r\nSourceThreadId: 4688\r\nSourceImage: C:\\windows\\Explorer.EXE\r\nTargetProcessGUID: {39e4a257-41a0-5f9a-2d36-000000000700}\r\nTargetProcessId: 13264\r\nTargetImage: C:\\Windows\\System32\\WindowsPowerShell\\v1.0\\powershell.exe\r\nGrantedAccess: 0x2000\r\nCallTrace: C:\\windows\\SYSTEM32\\ntdll.dll+9c584|C:\\windows\\System32\\KERNELBASE.dll+305fe|C:\\windows\\system32\\twinui.dll+72a89|C:\\windows\\system32\\twinui.dll+785b2|C:\\windows\\system32\\twinui.dll+1780b|C:\\windows\\system32\\twinui.dll+1734c|C:\\windows\\system32\\twinui.dll+68f7a|C:\\windows\\system32\\twinui.dll+16e09|C:\\windows\\system32\\twinui.dll+16f4b|C:\\windows\\system32\\twinui.dll+16ecd|C:\\windows\\System32\\USER32.dll+15c1d|C:\\windows\\System32\\USER32.dll+15612|C:\\Windows\\System32\\windows.immersiveshell.serviceprovider.dll+45f0|C:\\Windows\\System32\\windows.immersiveshell.serviceprovider.dll+41b9|C:\\Windows\\System32\\windows.immersiveshell.serviceprovider.dll+3e4f|C:\\windows\\System32\\KERNEL32.DLL+17c24|C:\\windows\\SYSTEM32\\ntdll.dll+6cea1",
         "RuleName":"-",
         "Task":"10",
         "DestPort":"",
         "DestAddress":"",
         "Protocol":"",
         "ProcessID":"",
         "LayerRTID":"",
         "Application":"",
         "SourcePort":"",
         "SourceAddress":"",
         "LayerName":"",
         "RemoteMachineID":"",
         "RemoteUserID":"",
         "ImageLoaded":"",
         "Company":"",
         "Signature":"",
         "Hashes":"",
         "Signed":"",
         "OriginalFileName":"",
         "FileVersion":"",
         "SignatureStatus":"",
         "GrantedAccess":"0x2000",
         "SourceThreadID":"",
         "Product":"",
         "SeverityValue":"",
         "ExecutionProcessID":"",
         "host":"",
         "AccountType":"",
         "UserID":"",
         "Opcode":"",
         "SourceModuleType":"",
         "port":"",
         "AccountName":"",
         "RecordNumber":"",
         "Domain":"",
         "OpcodeValue":"",
         "Version":"",
         "Category":"",
         "eventlog":"",
         "CommandLine":"",
         "ParentCommandLine":"",
         "Payload":"",
         "NewProcessName":"",
         "TokenElevationType":"",
         "TargetImage":"C:\\Windows\\System32\\WindowsPowerShell\\v1.0\\powershell.exe",
         "TargetProcessId":"13264"
      },
      {
         "TimeGenerated":"2021-11-05T23:59:55.007Z",
         "SourceProcessId":"1072",
         "SourceName":"Microsoft-Windows-Sysmon",
         "Hostname":"WORKSTATION5",
         "SourceImage":"C:\\windows\\Explorer.EXE",
         "ProviderGuid":"{5770385f-c22a-43e0-bf4c-06f5698ffbd9}",
         "CallTrace":"C:\\windows\\SYSTEM32\\ntdll.dll+9c584|C:\\windows\\System32\\KERNELBASE.dll+305fe|C:\\windows\\system32\\twinui.dll+72a89|C:\\windows\\system32\\twinui.dll+785b2|C:\\windows\\system32\\twinui.dll+1780b|C:\\windows\\system32\\twinui.dll+1734c|C:\\windows\\system32\\twinui.dll+68f7a|C:\\windows\\system32\\twinui.dll+16e09|C:\\windows\\system32\\twinui.dll+16f4b|C:\\windows\\system32\\twinui.dll+16ecd|C:\\windows\\System32\\USER32.dll+15c1d|C:\\windows\\System32\\USER32.dll+15612|C:\\Windows\\System32\\windows.immersiveshell.serviceprovider.dll+45f0|C:\\Windows\\System32\\windows.immersiveshell.serviceprovider.dll+41b9|C:\\Windows\\System32\\windows.immersiveshell.serviceprovider.dll+3e4f|C:\\windows\\System32\\KERNEL32.DLL+17c24|C:\\windows\\SYSTEM32\\ntdll.dll+6cea1",
         "Image":"",
         "Level":"4",
         "Channel":"Microsoft-Windows-Sysmon/Operational",
         "Details":"",
         "EventID":"10",
         "EventType":"",
         "Keywords":"0x8000000000000000",
         "TargetObject":"",
         "Message":"Process accessed:\r\nRuleName: -\r\nUtcTime: 2020-11-02 09:13:00.649\r\nSourceProcessGUID: {39e4a257-f1b3-5f8b-a700-000000000700}\r\nSourceProcessId: 1072\r\nSourceThreadId: 4688\r\nSourceImage: C:\\windows\\Explorer.EXE\r\nTargetProcessGUID: {39e4a257-cd82-5f9f-f949-000000000700}\r\nTargetProcessId: 10668\r\nTargetImage: C:\\Windows\\System32\\WindowsPowerShell\\v1.0\\powershell.exe\r\nGrantedAccess: 0x2000\r\nCallTrace: C:\\windows\\SYSTEM32\\ntdll.dll+9c584|C:\\windows\\System32\\KERNELBASE.dll+305fe|C:\\windows\\system32\\twinui.dll+72a89|C:\\windows\\system32\\twinui.dll+785b2|C:\\windows\\system32\\twinui.dll+1780b|C:\\windows\\system32\\twinui.dll+1734c|C:\\windows\\system32\\twinui.dll+68f7a|C:\\windows\\system32\\twinui.dll+16e09|C:\\windows\\system32\\twinui.dll+16f4b|C:\\windows\\system32\\twinui.dll+16ecd|C:\\windows\\System32\\USER32.dll+15c1d|C:\\windows\\System32\\USER32.dll+15612|C:\\Windows\\System32\\windows.immersiveshell.serviceprovider.dll+45f0|C:\\Windows\\System32\\windows.immersiveshell.serviceprovider.dll+41b9|C:\\Windows\\System32\\windows.immersiveshell.serviceprovider.dll+3e4f|C:\\windows\\System32\\KERNEL32.DLL+17c24|C:\\windows\\SYSTEM32\\ntdll.dll+6cea1",
         "RuleName":"-",
         "Task":"10",
         "DestPort":"",
         "DestAddress":"",
         "Protocol":"",
         "ProcessID":"",
         "LayerRTID":"",
         "Application":"",
         "SourcePort":"",
         "SourceAddress":"",
         "LayerName":"",
         "RemoteMachineID":"",
         "RemoteUserID":"",
         "ImageLoaded":"",
         "Company":"",
         "Signature":"",
         "Hashes":"",
         "Signed":"",
         "OriginalFileName":"",
         "FileVersion":"",
         "SignatureStatus":"",
         "GrantedAccess":"0x2000",
         "SourceThreadID":"",
         "Product":"",
         "SeverityValue":"",
         "ExecutionProcessID":"",
         "host":"",
         "AccountType":"",
         "UserID":"",
         "Opcode":"",
         "SourceModuleType":"",
         "port":"",
         "AccountName":"",
         "RecordNumber":"",
         "Domain":"",
         "OpcodeValue":"",
         "Version":"",
         "Category":"",
         "eventlog":"",
         "CommandLine":"",
         "ParentCommandLine":"",
         "Payload":"",
         "NewProcessName":"",
         "TokenElevationType":"",
         "TargetImage":"C:\\Windows\\System32\\WindowsPowerShell\\v1.0\\powershell.exe",
         "TargetProcessId":"10668"
      },
      {
         "TimeGenerated":"2021-11-05T23:59:55.007Z",
         "SourceProcessId":"",
         "SourceName":"Microsoft-Windows-Sysmon",
         "Hostname":"WORKSTATION5",
         "SourceImage":"",
         "ProviderGuid":"{5770385f-c22a-43e0-bf4c-06f5698ffbd9}",
         "CallTrace":"",
         "Image":"C:\\windows\\Explorer.EXE",
         "Level":"4",
         "Channel":"Microsoft-Windows-Sysmon/Operational",
         "Details":"Binary Data",
         "EventID":"13",
         "EventType":"SetValue",
         "Keywords":"0x8000000000000000",
         "TargetObject":"HKU\\S-1-5-21-3940915590-64593676-1414006259-500\\Software\\Microsoft\\Windows\\CurrentVersion\\Explorer\\UserAssist\\{CEBFF5CD-ACE2-4F4F-9178-9926F41749EA}\\Count\\{1NP14R77-02R7-4R5Q-O744-2RO1NR5198O7}\\JvaqbjfCbjreFuryy\\i1.0\\cbjrefuryy.rkr",
         "Message":"Registry value set:\r\nRuleName: -\r\nEventType: SetValue\r\nUtcTime: 2020-11-02 09:13:00.649\r\nProcessGuid: {39e4a257-f1b3-5f8b-a700-000000000700}\r\nProcessId: 1072\r\nImage: C:\\windows\\Explorer.EXE\r\nTargetObject: HKU\\S-1-5-21-3940915590-64593676-1414006259-500\\Software\\Microsoft\\Windows\\CurrentVersion\\Explorer\\UserAssist\\{CEBFF5CD-ACE2-4F4F-9178-9926F41749EA}\\Count\\{1NP14R77-02R7-4R5Q-O744-2RO1NR5198O7}\\JvaqbjfCbjreFuryy\\i1.0\\cbjrefuryy.rkr\r\nDetails: Binary Data",
         "RuleName":"-",
         "Task":"13",
         "DestPort":"",
         "DestAddress":"",
         "Protocol":"",
         "ProcessID":"",
         "LayerRTID":"",
         "Application":"",
         "SourcePort":"",
         "SourceAddress":"",
         "LayerName":"",
         "RemoteMachineID":"",
         "RemoteUserID":"",
         "ImageLoaded":"",
         "Company":"",
         "Signature":"",
         "Hashes":"",
         "Signed":"",
         "OriginalFileName":"",
         "FileVersion":"",
         "SignatureStatus":"",
         "GrantedAccess":"",
         "SourceThreadID":"",
         "Product":"",
         "SeverityValue":"",
         "ExecutionProcessID":"",
         "host":"",
         "AccountType":"",
         "UserID":"",
         "Opcode":"",
         "SourceModuleType":"",
         "port":"",
         "AccountName":"",
         "RecordNumber":"",
         "Domain":"",
         "OpcodeValue":"",
         "Version":"",
         "Category":"",
         "eventlog":"",
         "CommandLine":"",
         "ParentCommandLine":"",
         "Payload":"",
         "NewProcessName":"",
         "TokenElevationType":"",
         "TargetImage":"",
         "TargetProcessId":""
      },
      {
         "TimeGenerated":"2021-11-05T23:59:55.007Z",
         "SourceProcessId":"",
         "SourceName":"Microsoft-Windows-Sysmon",
         "Hostname":"WORKSTATION5",
         "SourceImage":"",
         "ProviderGuid":"{5770385f-c22a-43e0-bf4c-06f5698ffbd9}",
         "CallTrace":"",
         "Image":"C:\\windows\\Explorer.EXE",
         "Level":"4",
         "Channel":"Microsoft-Windows-Sysmon/Operational",
         "Details":"Binary Data",
         "EventID":"13",
         "EventType":"SetValue",
         "Keywords":"0x8000000000000000",
         "TargetObject":"HKU\\S-1-5-21-3940915590-64593676-1414006259-500\\Software\\Microsoft\\Windows\\CurrentVersion\\Explorer\\UserAssist\\{CEBFF5CD-ACE2-4F4F-9178-9926F41749EA}\\Count\\HRZR_PGYFRFFVBA",
         "Message":"Registry value set:\r\nRuleName: -\r\nEventType: SetValue\r\nUtcTime: 2020-11-02 09:13:00.649\r\nProcessGuid: {39e4a257-f1b3-5f8b-a700-000000000700}\r\nProcessId: 1072\r\nImage: C:\\windows\\Explorer.EXE\r\nTargetObject: HKU\\S-1-5-21-3940915590-64593676-1414006259-500\\Software\\Microsoft\\Windows\\CurrentVersion\\Explorer\\UserAssist\\{CEBFF5CD-ACE2-4F4F-9178-9926F41749EA}\\Count\\HRZR_PGYFRFFVBA\r\nDetails: Binary Data",
         "RuleName":"-",
         "Task":"13",
         "DestPort":"",
         "DestAddress":"",
         "Protocol":"",
         "ProcessID":"",
         "LayerRTID":"",
         "Application":"",
         "SourcePort":"",
         "SourceAddress":"",
         "LayerName":"",
         "RemoteMachineID":"",
         "RemoteUserID":"",
         "ImageLoaded":"",
         "Company":"",
         "Signature":"",
         "Hashes":"",
         "Signed":"",
         "OriginalFileName":"",
         "FileVersion":"",
         "SignatureStatus":"",
         "GrantedAccess":"",
         "SourceThreadID":"",
         "Product":"",
         "SeverityValue":"",
         "ExecutionProcessID":"",
         "host":"",
         "AccountType":"",
         "UserID":"",
         "Opcode":"",
         "SourceModuleType":"",
         "port":"",
         "AccountName":"",
         "RecordNumber":"",
         "Domain":"",
         "OpcodeValue":"",
         "Version":"",
         "Category":"",
         "eventlog":"",
         "CommandLine":"",
         "ParentCommandLine":"",
         "Payload":"",
         "NewProcessName":"",
         "TokenElevationType":"",
         "TargetImage":"",
         "TargetProcessId":""
      },
      {
         "TimeGenerated":"2021-11-05T23:59:55.018Z",
         "SourceProcessId":"",
         "SourceName":"Microsoft-Windows-Sysmon",
         "Hostname":"WORKSTATION5",
         "SourceImage":"",
         "ProviderGuid":"{5770385f-c22a-43e0-bf4c-06f5698ffbd9}",
         "CallTrace":"",
         "Image":"C:\\windows\\Explorer.EXE",
         "Level":"4",
         "Channel":"Microsoft-Windows-Sysmon/Operational",
         "Details":"Binary Data",
         "EventID":"13",
         "EventType":"SetValue",
         "Keywords":"0x8000000000000000",
         "TargetObject":"HKU\\S-1-5-21-3940915590-64593676-1414006259-500\\Software\\Microsoft\\Windows\\CurrentVersion\\ActivityDataModel\\ReaderRevisionInfo\\A972977C-95EC-9F21-DCC4-595CA3A0E033",
         "Message":"Registry value set:\r\nRuleName: -\r\nEventType: SetValue\r\nUtcTime: 2020-11-02 09:13:00.664\r\nProcessGuid: {39e4a257-f1b3-5f8b-a700-000000000700}\r\nProcessId: 1072\r\nImage: C:\\windows\\Explorer.EXE\r\nTargetObject: HKU\\S-1-5-21-3940915590-64593676-1414006259-500\\Software\\Microsoft\\Windows\\CurrentVersion\\ActivityDataModel\\ReaderRevisionInfo\\A972977C-95EC-9F21-DCC4-595CA3A0E033\r\nDetails: Binary Data",
         "RuleName":"-",
         "Task":"13",
         "DestPort":"",
         "DestAddress":"",
         "Protocol":"",
         "ProcessID":"",
         "LayerRTID":"",
         "Application":"",
         "SourcePort":"",
         "SourceAddress":"",
         "LayerName":"",
         "RemoteMachineID":"",
         "RemoteUserID":"",
         "ImageLoaded":"",
         "Company":"",
         "Signature":"",
         "Hashes":"",
         "Signed":"",
         "OriginalFileName":"",
         "FileVersion":"",
         "SignatureStatus":"",
         "GrantedAccess":"",
         "SourceThreadID":"",
         "Product":"",
         "SeverityValue":"",
         "ExecutionProcessID":"",
         "host":"",
         "AccountType":"",
         "UserID":"",
         "Opcode":"",
         "SourceModuleType":"",
         "port":"",
         "AccountName":"",
         "RecordNumber":"",
         "Domain":"",
         "OpcodeValue":"",
         "Version":"",
         "Category":"",
         "eventlog":"",
         "CommandLine":"",
         "ParentCommandLine":"",
         "Payload":"",
         "NewProcessName":"",
         "TokenElevationType":"",
         "TargetImage":"",
         "TargetProcessId":""
      },
      {
         "TimeGenerated":"2021-11-05T23:59:55.021Z",
         "SourceProcessId":"",
         "SourceName":"Microsoft-Windows-Sysmon",
         "Hostname":"WORKSTATION5",
         "SourceImage":"",
         "ProviderGuid":"{5770385f-c22a-43e0-bf4c-06f5698ffbd9}",
         "CallTrace":"",
         "Image":"C:\\windows\\Explorer.EXE",
         "Level":"4",
         "Channel":"Microsoft-Windows-Sysmon/Operational",
         "Details":"Binary Data",
         "EventID":"13",
         "EventType":"SetValue",
         "Keywords":"0x8000000000000000",
         "TargetObject":"HKU\\S-1-5-21-3940915590-64593676-1414006259-500\\Software\\Microsoft\\Windows\\CurrentVersion\\ActivityDataModel\\ReaderRevisionInfo\\A972977C-95EC-9F21-DCC4-595CA3A0E033",
         "Message":"Registry value set:\r\nRuleName: -\r\nEventType: SetValue\r\nUtcTime: 2020-11-02 09:13:00.664\r\nProcessGuid: {39e4a257-f1b3-5f8b-a700-000000000700}\r\nProcessId: 1072\r\nImage: C:\\windows\\Explorer.EXE\r\nTargetObject: HKU\\S-1-5-21-3940915590-64593676-1414006259-500\\Software\\Microsoft\\Windows\\CurrentVersion\\ActivityDataModel\\ReaderRevisionInfo\\A972977C-95EC-9F21-DCC4-595CA3A0E033\r\nDetails: Binary Data",
         "RuleName":"-",
         "Task":"13",
         "DestPort":"",
         "DestAddress":"",
         "Protocol":"",
         "ProcessID":"",
         "LayerRTID":"",
         "Application":"",
         "SourcePort":"",
         "SourceAddress":"",
         "LayerName":"",
         "RemoteMachineID":"",
         "RemoteUserID":"",
         "ImageLoaded":"",
         "Company":"",
         "Signature":"",
         "Hashes":"",
         "Signed":"",
         "OriginalFileName":"",
         "FileVersion":"",
         "SignatureStatus":"",
         "GrantedAccess":"",
         "SourceThreadID":"",
         "Product":"",
         "SeverityValue":"",
         "ExecutionProcessID":"",
         "host":"",
         "AccountType":"",
         "UserID":"",
         "Opcode":"",
         "SourceModuleType":"",
         "port":"",
         "AccountName":"",
         "RecordNumber":"",
         "Domain":"",
         "OpcodeValue":"",
         "Version":"",
         "Category":"",
         "eventlog":"",
         "CommandLine":"",
         "ParentCommandLine":"",
         "Payload":"",
         "NewProcessName":"",
         "TokenElevationType":"",
         "TargetImage":"",
         "TargetProcessId":""
      },
      {
         "TimeGenerated":"2021-11-05T23:59:55.329Z",
         "SourceProcessId":"944",
         "SourceName":"Microsoft-Windows-Sysmon",
         "Hostname":"WORKSTATION5",
         "SourceImage":"C:\\windows\\system32\\svchost.exe",
         "ProviderGuid":"{5770385f-c22a-43e0-bf4c-06f5698ffbd9}",
         "CallTrace":"C:\\windows\\SYSTEM32\\ntdll.dll+9c584|C:\\windows\\SYSTEM32\\psmserviceexthost.dll+222a3|C:\\windows\\SYSTEM32\\psmserviceexthost.dll+37ea0|C:\\windows\\SYSTEM32\\psmserviceexthost.dll+37929|C:\\windows\\SYSTEM32\\psmserviceexthost.dll+686f8|C:\\windows\\SYSTEM32\\psmserviceexthost.dll+6e84a|C:\\windows\\SYSTEM32\\psmserviceexthost.dll+6f700|C:\\windows\\SYSTEM32\\psmserviceexthost.dll+34be4|C:\\windows\\SYSTEM32\\psmserviceexthost.dll+6f63e|C:\\windows\\SYSTEM32\\psmserviceexthost.dll+713b5|C:\\windows\\SYSTEM32\\psmserviceexthost.dll+50bda|C:\\windows\\SYSTEM32\\psmserviceexthost.dll+4500a|C:\\windows\\System32\\KERNEL32.DLL+17c24|C:\\windows\\SYSTEM32\\ntdll.dll+6cea1",
         "Image":"",
         "Level":"4",
         "Channel":"Microsoft-Windows-Sysmon/Operational",
         "Details":"",
         "EventID":"10",
         "EventType":"",
         "Keywords":"0x8000000000000000",
         "TargetObject":"",
         "Message":"Process accessed:\r\nRuleName: -\r\nUtcTime: 2020-11-02 09:13:00.977\r\nSourceProcessGUID: {39e4a257-f132-5f8b-1000-000000000700}\r\nSourceProcessId: 944\r\nSourceThreadId: 1060\r\nSourceImage: C:\\windows\\system32\\svchost.exe\r\nTargetProcessGUID: {39e4a257-f247-5f8b-d300-000000000700}\r\nTargetProcessId: 4368\r\nTargetImage: C:\\Windows\\SystemApps\\InputApp_cw5n1h2txyewy\\WindowsInternal.ComposableShell.Experiences.TextInput.InputApp.exe\r\nGrantedAccess: 0x1000\r\nCallTrace: C:\\windows\\SYSTEM32\\ntdll.dll+9c584|C:\\windows\\SYSTEM32\\psmserviceexthost.dll+222a3|C:\\windows\\SYSTEM32\\psmserviceexthost.dll+37ea0|C:\\windows\\SYSTEM32\\psmserviceexthost.dll+37929|C:\\windows\\SYSTEM32\\psmserviceexthost.dll+686f8|C:\\windows\\SYSTEM32\\psmserviceexthost.dll+6e84a|C:\\windows\\SYSTEM32\\psmserviceexthost.dll+6f700|C:\\windows\\SYSTEM32\\psmserviceexthost.dll+34be4|C:\\windows\\SYSTEM32\\psmserviceexthost.dll+6f63e|C:\\windows\\SYSTEM32\\psmserviceexthost.dll+713b5|C:\\windows\\SYSTEM32\\psmserviceexthost.dll+50bda|C:\\windows\\SYSTEM32\\psmserviceexthost.dll+4500a|C:\\windows\\System32\\KERNEL32.DLL+17c24|C:\\windows\\SYSTEM32\\ntdll.dll+6cea1",
         "RuleName":"-",
         "Task":"10",
         "DestPort":"",
         "DestAddress":"",
         "Protocol":"",
         "ProcessID":"",
         "LayerRTID":"",
         "Application":"",
         "SourcePort":"",
         "SourceAddress":"",
         "LayerName":"",
         "RemoteMachineID":"",
         "RemoteUserID":"",
         "ImageLoaded":"",
         "Company":"",
         "Signature":"",
         "Hashes":"",
         "Signed":"",
         "OriginalFileName":"",
         "FileVersion":"",
         "SignatureStatus":"",
         "GrantedAccess":"0x1000",
         "SourceThreadID":"",
         "Product":"",
         "SeverityValue":"",
         "ExecutionProcessID":"",
         "host":"",
         "AccountType":"",
         "UserID":"",
         "Opcode":"",
         "SourceModuleType":"",
         "port":"",
         "AccountName":"",
         "RecordNumber":"",
         "Domain":"",
         "OpcodeValue":"",
         "Version":"",
         "Category":"",
         "eventlog":"",
         "CommandLine":"",
         "ParentCommandLine":"",
         "Payload":"",
         "NewProcessName":"",
         "TokenElevationType":"",
         "TargetImage":"C:\\Windows\\SystemApps\\InputApp_cw5n1h2txyewy\\WindowsInternal.ComposableShell.Experiences.TextInput.InputApp.exe",
         "TargetProcessId":"4368"
      },
      {
         "TimeGenerated":"2021-11-05T23:59:55.329Z",
         "SourceProcessId":"944",
         "SourceName":"Microsoft-Windows-Sysmon",
         "Hostname":"WORKSTATION5",
         "SourceImage":"C:\\windows\\system32\\svchost.exe",
         "ProviderGuid":"{5770385f-c22a-43e0-bf4c-06f5698ffbd9}",
         "CallTrace":"C:\\windows\\SYSTEM32\\ntdll.dll+9c584|C:\\windows\\SYSTEM32\\psmserviceexthost.dll+222a3|C:\\windows\\SYSTEM32\\psmserviceexthost.dll+37ea0|C:\\windows\\SYSTEM32\\psmserviceexthost.dll+37929|C:\\windows\\SYSTEM32\\psmserviceexthost.dll+686f8|C:\\windows\\SYSTEM32\\psmserviceexthost.dll+6e84a|C:\\windows\\SYSTEM32\\psmserviceexthost.dll+6f700|C:\\windows\\SYSTEM32\\psmserviceexthost.dll+34be4|C:\\windows\\SYSTEM32\\psmserviceexthost.dll+6f63e|C:\\windows\\SYSTEM32\\psmserviceexthost.dll+713b5|C:\\windows\\SYSTEM32\\psmserviceexthost.dll+50bda|C:\\windows\\SYSTEM32\\psmserviceexthost.dll+4500a|C:\\windows\\System32\\KERNEL32.DLL+17c24|C:\\windows\\SYSTEM32\\ntdll.dll+6cea1",
         "Image":"",
         "Level":"4",
         "Channel":"Microsoft-Windows-Sysmon/Operational",
         "Details":"",
         "EventID":"10",
         "EventType":"",
         "Keywords":"0x8000000000000000",
         "TargetObject":"",
         "Message":"Process accessed:\r\nRuleName: -\r\nUtcTime: 2020-11-02 09:13:00.977\r\nSourceProcessGUID: {39e4a257-f132-5f8b-1000-000000000700}\r\nSourceProcessId: 944\r\nSourceThreadId: 1060\r\nSourceImage: C:\\windows\\system32\\svchost.exe\r\nTargetProcessGUID: {39e4a257-cd84-5f9f-fb49-000000000700}\r\nTargetProcessId: 14064\r\nTargetImage: C:\\windows\\system32\\backgroundTaskHost.exe\r\nGrantedAccess: 0x1000\r\nCallTrace: C:\\windows\\SYSTEM32\\ntdll.dll+9c584|C:\\windows\\SYSTEM32\\psmserviceexthost.dll+222a3|C:\\windows\\SYSTEM32\\psmserviceexthost.dll+37ea0|C:\\windows\\SYSTEM32\\psmserviceexthost.dll+37929|C:\\windows\\SYSTEM32\\psmserviceexthost.dll+686f8|C:\\windows\\SYSTEM32\\psmserviceexthost.dll+6e84a|C:\\windows\\SYSTEM32\\psmserviceexthost.dll+6f700|C:\\windows\\SYSTEM32\\psmserviceexthost.dll+34be4|C:\\windows\\SYSTEM32\\psmserviceexthost.dll+6f63e|C:\\windows\\SYSTEM32\\psmserviceexthost.dll+713b5|C:\\windows\\SYSTEM32\\psmserviceexthost.dll+50bda|C:\\windows\\SYSTEM32\\psmserviceexthost.dll+4500a|C:\\windows\\System32\\KERNEL32.DLL+17c24|C:\\windows\\SYSTEM32\\ntdll.dll+6cea1",
         "RuleName":"-",
         "Task":"10",
         "DestPort":"",
         "DestAddress":"",
         "Protocol":"",
         "ProcessID":"",
         "LayerRTID":"",
         "Application":"",
         "SourcePort":"",
         "SourceAddress":"",
         "LayerName":"",
         "RemoteMachineID":"",
         "RemoteUserID":"",
         "ImageLoaded":"",
         "Company":"",
         "Signature":"",
         "Hashes":"",
         "Signed":"",
         "OriginalFileName":"",
         "FileVersion":"",
         "SignatureStatus":"",
         "GrantedAccess":"0x1000",
         "SourceThreadID":"",
         "Product":"",
         "SeverityValue":"",
         "ExecutionProcessID":"",
         "host":"",
         "AccountType":"",
         "UserID":"",
         "Opcode":"",
         "SourceModuleType":"",
         "port":"",
         "AccountName":"",
         "RecordNumber":"",
         "Domain":"",
         "OpcodeValue":"",
         "Version":"",
         "Category":"",
         "eventlog":"",
         "CommandLine":"",
         "ParentCommandLine":"",
         "Payload":"",
         "NewProcessName":"",
         "TokenElevationType":"",
         "TargetImage":"C:\\windows\\system32\\backgroundTaskHost.exe",
         "TargetProcessId":"14064"
      },
      {
         "TimeGenerated":"2021-11-05T23:59:55.422Z",
         "SourceProcessId":"",
         "SourceName":"Microsoft-Windows-Sysmon",
         "Hostname":"WORKSTATION5",
         "SourceImage":"",
         "ProviderGuid":"{5770385f-c22a-43e0-bf4c-06f5698ffbd9}",
         "CallTrace":"",
         "Image":"C:\\windows\\Explorer.EXE",
         "Level":"4",
         "Channel":"Microsoft-Windows-Sysmon/Operational",
         "Details":"",
         "EventID":"12",
         "EventType":"CreateKey",
         "Keywords":"0x8000000000000000",
         "TargetObject":"HKU\\S-1-5-21-3940915590-64593676-1414006259-500\\Software\\Microsoft\\Windows\\CurrentVersion\\Explorer\\FeatureUsage\\AppSwitched",
         "Message":"Registry object added or deleted:\r\nRuleName: -\r\nEventType: CreateKey\r\nUtcTime: 2020-11-02 09:13:01.071\r\nProcessGuid: {39e4a257-f1b3-5f8b-a700-000000000700}\r\nProcessId: 1072\r\nImage: C:\\windows\\Explorer.EXE\r\nTargetObject: HKU\\S-1-5-21-3940915590-64593676-1414006259-500\\Software\\Microsoft\\Windows\\CurrentVersion\\Explorer\\FeatureUsage\\AppSwitched",
         "RuleName":"-",
         "Task":"12",
         "DestPort":"",
         "DestAddress":"",
         "Protocol":"",
         "ProcessID":"",
         "LayerRTID":"",
         "Application":"",
         "SourcePort":"",
         "SourceAddress":"",
         "LayerName":"",
         "RemoteMachineID":"",
         "RemoteUserID":"",
         "ImageLoaded":"",
         "Company":"",
         "Signature":"",
         "Hashes":"",
         "Signed":"",
         "OriginalFileName":"",
         "FileVersion":"",
         "SignatureStatus":"",
         "GrantedAccess":"",
         "SourceThreadID":"",
         "Product":"",
         "SeverityValue":"",
         "ExecutionProcessID":"",
         "host":"",
         "AccountType":"",
         "UserID":"",
         "Opcode":"",
         "SourceModuleType":"",
         "port":"",
         "AccountName":"",
         "RecordNumber":"",
         "Domain":"",
         "OpcodeValue":"",
         "Version":"",
         "Category":"",
         "eventlog":"",
         "CommandLine":"",
         "ParentCommandLine":"",
         "Payload":"",
         "NewProcessName":"",
         "TokenElevationType":"",
         "TargetImage":"",
         "TargetProcessId":""
      },
      {
         "TimeGenerated":"2021-11-05T23:59:55.422Z",
         "SourceProcessId":"",
         "SourceName":"Microsoft-Windows-Sysmon",
         "Hostname":"WORKSTATION5",
         "SourceImage":"",
         "ProviderGuid":"{5770385f-c22a-43e0-bf4c-06f5698ffbd9}",
         "CallTrace":"",
         "Image":"C:\\windows\\Explorer.EXE",
         "Level":"4",
         "Channel":"Microsoft-Windows-Sysmon/Operational",
         "Details":"DWORD (0x000000f8)",
         "EventID":"13",
         "EventType":"SetValue",
         "Keywords":"0x8000000000000000",
         "TargetObject":"HKU\\S-1-5-21-3940915590-64593676-1414006259-500\\Software\\Microsoft\\Windows\\CurrentVersion\\Explorer\\FeatureUsage\\AppSwitched\\{1AC14E77-02E7-4E5D-B744-2EB1AE5198B7}\\WindowsPowerShell\\v1.0\\powershell.exe",
         "Message":"Registry value set:\r\nRuleName: -\r\nEventType: SetValue\r\nUtcTime: 2020-11-02 09:13:01.071\r\nProcessGuid: {39e4a257-f1b3-5f8b-a700-000000000700}\r\nProcessId: 1072\r\nImage: C:\\windows\\Explorer.EXE\r\nTargetObject: HKU\\S-1-5-21-3940915590-64593676-1414006259-500\\Software\\Microsoft\\Windows\\CurrentVersion\\Explorer\\FeatureUsage\\AppSwitched\\{1AC14E77-02E7-4E5D-B744-2EB1AE5198B7}\\WindowsPowerShell\\v1.0\\powershell.exe\r\nDetails: DWORD (0x000000f8)",
         "RuleName":"-",
         "Task":"13",
         "DestPort":"",
         "DestAddress":"",
         "Protocol":"",
         "ProcessID":"",
         "LayerRTID":"",
         "Application":"",
         "SourcePort":"",
         "SourceAddress":"",
         "LayerName":"",
         "RemoteMachineID":"",
         "RemoteUserID":"",
         "ImageLoaded":"",
         "Company":"",
         "Signature":"",
         "Hashes":"",
         "Signed":"",
         "OriginalFileName":"",
         "FileVersion":"",
         "SignatureStatus":"",
         "GrantedAccess":"",
         "SourceThreadID":"",
         "Product":"",
         "SeverityValue":"",
         "ExecutionProcessID":"",
         "host":"",
         "AccountType":"",
         "UserID":"",
         "Opcode":"",
         "SourceModuleType":"",
         "port":"",
         "AccountName":"",
         "RecordNumber":"",
         "Domain":"",
         "OpcodeValue":"",
         "Version":"",
         "Category":"",
         "eventlog":"",
         "CommandLine":"",
         "ParentCommandLine":"",
         "Payload":"",
         "NewProcessName":"",
         "TokenElevationType":"",
         "TargetImage":"",
         "TargetProcessId":""
      },
      {
         "TimeGenerated":"2021-11-05T23:59:55.434Z",
         "SourceProcessId":"1072",
         "SourceName":"Microsoft-Windows-Sysmon",
         "Hostname":"WORKSTATION5",
         "SourceImage":"C:\\windows\\Explorer.EXE",
         "ProviderGuid":"{5770385f-c22a-43e0-bf4c-06f5698ffbd9}",
         "CallTrace":"C:\\windows\\SYSTEM32\\ntdll.dll+9c584|C:\\windows\\System32\\KERNELBASE.dll+305fe|C:\\windows\\system32\\twinui.pcshell.dll+1d207|C:\\windows\\system32\\twinui.pcshell.dll+fadd0|C:\\windows\\System32\\KERNEL32.DLL+17c24|C:\\windows\\SYSTEM32\\ntdll.dll+6cea1",
         "Image":"",
         "Level":"4",
         "Channel":"Microsoft-Windows-Sysmon/Operational",
         "Details":"",
         "EventID":"10",
         "EventType":"",
         "Keywords":"0x8000000000000000",
         "TargetObject":"",
         "Message":"Process accessed:\r\nRuleName: -\r\nUtcTime: 2020-11-02 09:13:01.071\r\nSourceProcessGUID: {39e4a257-f1b3-5f8b-a700-000000000700}\r\nSourceProcessId: 1072\r\nSourceThreadId: 1388\r\nSourceImage: C:\\windows\\Explorer.EXE\r\nTargetProcessGUID: {39e4a257-cd82-5f9f-fa49-000000000700}\r\nTargetProcessId: 12692\r\nTargetImage: C:\\windows\\system32\\conhost.exe\r\nGrantedAccess: 0x1410\r\nCallTrace: C:\\windows\\SYSTEM32\\ntdll.dll+9c584|C:\\windows\\System32\\KERNELBASE.dll+305fe|C:\\windows\\system32\\twinui.pcshell.dll+1d207|C:\\windows\\system32\\twinui.pcshell.dll+fadd0|C:\\windows\\System32\\KERNEL32.DLL+17c24|C:\\windows\\SYSTEM32\\ntdll.dll+6cea1",
         "RuleName":"-",
         "Task":"10",
         "DestPort":"",
         "DestAddress":"",
         "Protocol":"",
         "ProcessID":"",
         "LayerRTID":"",
         "Application":"",
         "SourcePort":"",
         "SourceAddress":"",
         "LayerName":"",
         "RemoteMachineID":"",
         "RemoteUserID":"",
         "ImageLoaded":"",
         "Company":"",
         "Signature":"",
         "Hashes":"",
         "Signed":"",
         "OriginalFileName":"",
         "FileVersion":"",
         "SignatureStatus":"",
         "GrantedAccess":"0x1410",
         "SourceThreadID":"",
         "Product":"",
         "SeverityValue":"",
         "ExecutionProcessID":"",
         "host":"",
         "AccountType":"",
         "UserID":"",
         "Opcode":"",
         "SourceModuleType":"",
         "port":"",
         "AccountName":"",
         "RecordNumber":"",
         "Domain":"",
         "OpcodeValue":"",
         "Version":"",
         "Category":"",
         "eventlog":"",
         "CommandLine":"",
         "ParentCommandLine":"",
         "Payload":"",
         "NewProcessName":"",
         "TokenElevationType":"",
         "TargetImage":"C:\\windows\\system32\\conhost.exe",
         "TargetProcessId":"12692"
      },
      {
         "TimeGenerated":"2021-11-05T23:59:55.434Z",
         "SourceProcessId":"1072",
         "SourceName":"Microsoft-Windows-Sysmon",
         "Hostname":"WORKSTATION5",
         "SourceImage":"C:\\windows\\Explorer.EXE",
         "ProviderGuid":"{5770385f-c22a-43e0-bf4c-06f5698ffbd9}",
         "CallTrace":"C:\\windows\\SYSTEM32\\ntdll.dll+9c584|C:\\windows\\System32\\KERNELBASE.dll+305fe|C:\\Windows\\System32\\appresolver.dll+221c5|C:\\Windows\\System32\\appresolver.dll+1edcc|C:\\windows\\system32\\twinui.pcshell.dll+1d434|C:\\windows\\system32\\twinui.pcshell.dll+fadd0|C:\\windows\\System32\\KERNEL32.DLL+17c24|C:\\windows\\SYSTEM32\\ntdll.dll+6cea1",
         "Image":"",
         "Level":"4",
         "Channel":"Microsoft-Windows-Sysmon/Operational",
         "Details":"",
         "EventID":"10",
         "EventType":"",
         "Keywords":"0x8000000000000000",
         "TargetObject":"",
         "Message":"Process accessed:\r\nRuleName: -\r\nUtcTime: 2020-11-02 09:13:01.071\r\nSourceProcessGUID: {39e4a257-f1b3-5f8b-a700-000000000700}\r\nSourceProcessId: 1072\r\nSourceThreadId: 1388\r\nSourceImage: C:\\windows\\Explorer.EXE\r\nTargetProcessGUID: {39e4a257-cd82-5f9f-fa49-000000000700}\r\nTargetProcessId: 12692\r\nTargetImage: C:\\windows\\system32\\conhost.exe\r\nGrantedAccess: 0x1000\r\nCallTrace: C:\\windows\\SYSTEM32\\ntdll.dll+9c584|C:\\windows\\System32\\KERNELBASE.dll+305fe|C:\\Windows\\System32\\appresolver.dll+221c5|C:\\Windows\\System32\\appresolver.dll+1edcc|C:\\windows\\system32\\twinui.pcshell.dll+1d434|C:\\windows\\system32\\twinui.pcshell.dll+fadd0|C:\\windows\\System32\\KERNEL32.DLL+17c24|C:\\windows\\SYSTEM32\\ntdll.dll+6cea1",
         "RuleName":"-",
         "Task":"10",
         "DestPort":"",
         "DestAddress":"",
         "Protocol":"",
         "ProcessID":"",
         "LayerRTID":"",
         "Application":"",
         "SourcePort":"",
         "SourceAddress":"",
         "LayerName":"",
         "RemoteMachineID":"",
         "RemoteUserID":"",
         "ImageLoaded":"",
         "Company":"",
         "Signature":"",
         "Hashes":"",
         "Signed":"",
         "OriginalFileName":"",
         "FileVersion":"",
         "SignatureStatus":"",
         "GrantedAccess":"0x1000",
         "SourceThreadID":"",
         "Product":"",
         "SeverityValue":"",
         "ExecutionProcessID":"",
         "host":"",
         "AccountType":"",
         "UserID":"",
         "Opcode":"",
         "SourceModuleType":"",
         "port":"",
         "AccountName":"",
         "RecordNumber":"",
         "Domain":"",
         "OpcodeValue":"",
         "Version":"",
         "Category":"",
         "eventlog":"",
         "CommandLine":"",
         "ParentCommandLine":"",
         "Payload":"",
         "NewProcessName":"",
         "TokenElevationType":"",
         "TargetImage":"C:\\windows\\system32\\conhost.exe",
         "TargetProcessId":"12692"
      },
