      {
         "TimeGenerated":"2021-11-05T23:59:55.434Z",
         "SourceProcessId":"1072",
         "SourceName":"Microsoft-Windows-Sysmon",
         "Hostname":"WORKSTATION5",
         "SourceImage":"C:\\windows\\Explorer.EXE",
         "ProviderGuid":"{5770385f-c22a-43e0-bf4c-06f5698ffbd9}",
         "CallTrace":"C:\\windows\\SYSTEM32\\ntdll.dll+9c584|C:\\windows\\System32\\KERNELBASE.dll+305fe|C:\\Windows\\System32\\appresolver.dll+1ee93|C:\\windows\\system32\\twinui.pcshell.dll+1d434|C:\\windows\\system32\\twinui.pcshell.dll+fadd0|C:\\windows\\System32\\KERNEL32.DLL+17c24|C:\\windows\\SYSTEM32\\ntdll.dll+6cea1",
         "Image":"",
         "Level":"4",
         "Channel":"Microsoft-Windows-Sysmon/Operational",
         "Details":"",
         "EventID":"10",
         "EventType":"",
         "Keywords":"0x8000000000000000",
         "TargetObject":"",
         "Message":"Process accessed:\r\nRuleName: -\r\nUtcTime: 2020-11-02 09:13:01.071\r\nSourceProcessGUID: {39e4a257-f1b3-5f8b-a700-000000000700}\r\nSourceProcessId: 1072\r\nSourceThreadId: 1388\r\nSourceImage: C:\\windows\\Explorer.EXE\r\nTargetProcessGUID: {39e4a257-cd82-5f9f-fa49-000000000700}\r\nTargetProcessId: 12692\r\nTargetImage: C:\\windows\\system32\\conhost.exe\r\nGrantedAccess: 0x1000\r\nCallTrace: C:\\windows\\SYSTEM32\\ntdll.dll+9c584|C:\\windows\\System32\\KERNELBASE.dll+305fe|C:\\Windows\\System32\\appresolver.dll+1ee93|C:\\windows\\system32\\twinui.pcshell.dll+1d434|C:\\windows\\system32\\twinui.pcshell.dll+fadd0|C:\\windows\\System32\\KERNEL32.DLL+17c24|C:\\windows\\SYSTEM32\\ntdll.dll+6cea1",
         "RuleName":"-",
         "Task":"10",
         "DestPort":"",
         "DestAddress":"",
         "Protocol":"",
         "ProcessID":"",
         "LayerRTID":"",
         "Application":"",
         "SourcePort":"",
         "SourceAddress":"",
         "LayerName":"",
         "RemoteMachineID":"",
         "RemoteUserID":"",
         "ImageLoaded":"",
         "Company":"",
         "Signature":"",
         "Hashes":"",
         "Signed":"",
         "OriginalFileName":"",
         "FileVersion":"",
         "SignatureStatus":"",
         "GrantedAccess":"0x1000",
         "SourceThreadID":"",
         "Product":"",
         "SeverityValue":"",
         "ExecutionProcessID":"",
         "host":"",
         "AccountType":"",
         "UserID":"",
         "Opcode":"",
         "SourceModuleType":"",
         "port":"",
         "AccountName":"",
         "RecordNumber":"",
         "Domain":"",
         "OpcodeValue":"",
         "Version":"",
         "Category":"",
         "eventlog":"",
         "CommandLine":"",
         "ParentCommandLine":"",
         "Payload":"",
         "NewProcessName":"",
         "TokenElevationType":"",
         "TargetImage":"C:\\windows\\system32\\conhost.exe",
         "TargetProcessId":"12692"
      },
      {
         "TimeGenerated":"2021-11-05T23:59:55.434Z",
         "SourceProcessId":"",
         "SourceName":"Microsoft-Windows-Sysmon",
         "Hostname":"WORKSTATION5",
         "SourceImage":"",
         "ProviderGuid":"{5770385f-c22a-43e0-bf4c-06f5698ffbd9}",
         "CallTrace":"",
         "Image":"C:\\windows\\system32\\ctfmon.exe",
         "Level":"4",
         "Channel":"Microsoft-Windows-Sysmon/Operational",
         "Details":"",
         "EventID":"12",
         "EventType":"CreateKey",
         "Keywords":"0x8000000000000000",
         "TargetObject":"HKU\\S-1-5-21-3940915590-64593676-1414006259-500\\Software\\Microsoft\\Input\\Settings",
         "Message":"Registry object added or deleted:\r\nRuleName: -\r\nEventType: CreateKey\r\nUtcTime: 2020-11-02 09:13:01.071\r\nProcessGuid: {39e4a257-f1b1-5f8b-a500-000000000700}\r\nProcessId: 5112\r\nImage: C:\\windows\\system32\\ctfmon.exe\r\nTargetObject: HKU\\S-1-5-21-3940915590-64593676-1414006259-500\\Software\\Microsoft\\Input\\Settings",
         "RuleName":"-",
         "Task":"12",
         "DestPort":"",
         "DestAddress":"",
         "Protocol":"",
         "ProcessID":"",
         "LayerRTID":"",
         "Application":"",
         "SourcePort":"",
         "SourceAddress":"",
         "LayerName":"",
         "RemoteMachineID":"",
         "RemoteUserID":"",
         "ImageLoaded":"",
         "Company":"",
         "Signature":"",
         "Hashes":"",
         "Signed":"",
         "OriginalFileName":"",
         "FileVersion":"",
         "SignatureStatus":"",
         "GrantedAccess":"",
         "SourceThreadID":"",
         "Product":"",
         "SeverityValue":"",
         "ExecutionProcessID":"",
         "host":"",
         "AccountType":"",
         "UserID":"",
         "Opcode":"",
         "SourceModuleType":"",
         "port":"",
         "AccountName":"",
         "RecordNumber":"",
         "Domain":"",
         "OpcodeValue":"",
         "Version":"",
         "Category":"",
         "eventlog":"",
         "CommandLine":"",
         "ParentCommandLine":"",
         "Payload":"",
         "NewProcessName":"",
         "TokenElevationType":"",
         "TargetImage":"",
         "TargetProcessId":""
      },
      {
         "TimeGenerated":"2021-11-05T23:59:55.434Z",
         "SourceProcessId":"1072",
         "SourceName":"Microsoft-Windows-Sysmon",
         "Hostname":"WORKSTATION5",
         "SourceImage":"C:\\windows\\Explorer.EXE",
         "ProviderGuid":"{5770385f-c22a-43e0-bf4c-06f5698ffbd9}",
         "CallTrace":"C:\\windows\\SYSTEM32\\ntdll.dll+9c584|C:\\windows\\System32\\KERNELBASE.dll+305fe|C:\\Windows\\System32\\appresolver.dll+21ee8|C:\\Windows\\System32\\appresolver.dll+1ef46|C:\\windows\\system32\\twinui.pcshell.dll+1d434|C:\\windows\\system32\\twinui.pcshell.dll+fadd0|C:\\windows\\System32\\KERNEL32.DLL+17c24|C:\\windows\\SYSTEM32\\ntdll.dll+6cea1",
         "Image":"",
         "Level":"4",
         "Channel":"Microsoft-Windows-Sysmon/Operational",
         "Details":"",
         "EventID":"10",
         "EventType":"",
         "Keywords":"0x8000000000000000",
         "TargetObject":"",
         "Message":"Process accessed:\r\nRuleName: -\r\nUtcTime: 2020-11-02 09:13:01.071\r\nSourceProcessGUID: {39e4a257-f1b3-5f8b-a700-000000000700}\r\nSourceProcessId: 1072\r\nSourceThreadId: 1388\r\nSourceImage: C:\\windows\\Explorer.EXE\r\nTargetProcessGUID: {39e4a257-cd82-5f9f-fa49-000000000700}\r\nTargetProcessId: 12692\r\nTargetImage: C:\\windows\\system32\\conhost.exe\r\nGrantedAccess: 0x1410\r\nCallTrace: C:\\windows\\SYSTEM32\\ntdll.dll+9c584|C:\\windows\\System32\\KERNELBASE.dll+305fe|C:\\Windows\\System32\\appresolver.dll+21ee8|C:\\Windows\\System32\\appresolver.dll+1ef46|C:\\windows\\system32\\twinui.pcshell.dll+1d434|C:\\windows\\system32\\twinui.pcshell.dll+fadd0|C:\\windows\\System32\\KERNEL32.DLL+17c24|C:\\windows\\SYSTEM32\\ntdll.dll+6cea1",
         "RuleName":"-",
         "Task":"10",
         "DestPort":"",
         "DestAddress":"",
         "Protocol":"",
         "ProcessID":"",
         "LayerRTID":"",
         "Application":"",
         "SourcePort":"",
         "SourceAddress":"",
         "LayerName":"",
         "RemoteMachineID":"",
         "RemoteUserID":"",
         "ImageLoaded":"",
         "Company":"",
         "Signature":"",
         "Hashes":"",
         "Signed":"",
         "OriginalFileName":"",
         "FileVersion":"",
         "SignatureStatus":"",
         "GrantedAccess":"0x1410",
         "SourceThreadID":"",
         "Product":"",
         "SeverityValue":"",
         "ExecutionProcessID":"",
         "host":"",
         "AccountType":"",
         "UserID":"",
         "Opcode":"",
         "SourceModuleType":"",
         "port":"",
         "AccountName":"",
         "RecordNumber":"",
         "Domain":"",
         "OpcodeValue":"",
         "Version":"",
         "Category":"",
         "eventlog":"",
         "CommandLine":"",
         "ParentCommandLine":"",
         "Payload":"",
         "NewProcessName":"",
         "TokenElevationType":"",
         "TargetImage":"C:\\windows\\system32\\conhost.exe",
         "TargetProcessId":"12692"
      },
      {
         "TimeGenerated":"2021-11-05T23:59:55.434Z",
         "SourceProcessId":"944",
         "SourceName":"Microsoft-Windows-Sysmon",
         "Hostname":"WORKSTATION5",
         "SourceImage":"C:\\windows\\system32\\svchost.exe",
         "ProviderGuid":"{5770385f-c22a-43e0-bf4c-06f5698ffbd9}",
         "CallTrace":"C:\\windows\\SYSTEM32\\ntdll.dll+9c584|C:\\windows\\SYSTEM32\\psmserviceexthost.dll+310c0|C:\\windows\\SYSTEM32\\psmserviceexthost.dll+30dbf|C:\\windows\\SYSTEM32\\ntdll.dll+6ba5|C:\\windows\\SYSTEM32\\ntdll.dll+67f1|C:\\windows\\SYSTEM32\\ntdll.dll+6650|C:\\windows\\SYSTEM32\\ntdll.dll+3052c|C:\\windows\\SYSTEM32\\ntdll.dll+34142|C:\\windows\\System32\\KERNEL32.DLL+17c24|C:\\windows\\SYSTEM32\\ntdll.dll+6cea1",
         "Image":"",
         "Level":"4",
         "Channel":"Microsoft-Windows-Sysmon/Operational",
         "Details":"",
         "EventID":"10",
         "EventType":"",
         "Keywords":"0x8000000000000000",
         "TargetObject":"",
         "Message":"Process accessed:\r\nRuleName: -\r\nUtcTime: 2020-11-02 09:13:01.071\r\nSourceProcessGUID: {39e4a257-f132-5f8b-1000-000000000700}\r\nSourceProcessId: 944\r\nSourceThreadId: 13268\r\nSourceImage: C:\\windows\\system32\\svchost.exe\r\nTargetProcessGUID: {39e4a257-cd82-5f9f-fa49-000000000700}\r\nTargetProcessId: 12692\r\nTargetImage: C:\\windows\\system32\\conhost.exe\r\nGrantedAccess: 0x2000\r\nCallTrace: C:\\windows\\SYSTEM32\\ntdll.dll+9c584|C:\\windows\\SYSTEM32\\psmserviceexthost.dll+310c0|C:\\windows\\SYSTEM32\\psmserviceexthost.dll+30dbf|C:\\windows\\SYSTEM32\\ntdll.dll+6ba5|C:\\windows\\SYSTEM32\\ntdll.dll+67f1|C:\\windows\\SYSTEM32\\ntdll.dll+6650|C:\\windows\\SYSTEM32\\ntdll.dll+3052c|C:\\windows\\SYSTEM32\\ntdll.dll+34142|C:\\windows\\System32\\KERNEL32.DLL+17c24|C:\\windows\\SYSTEM32\\ntdll.dll+6cea1",
         "RuleName":"-",
         "Task":"10",
         "DestPort":"",
         "DestAddress":"",
         "Protocol":"",
         "ProcessID":"",
         "LayerRTID":"",
         "Application":"",
         "SourcePort":"",
         "SourceAddress":"",
         "LayerName":"",
         "RemoteMachineID":"",
         "RemoteUserID":"",
         "ImageLoaded":"",
         "Company":"",
         "Signature":"",
         "Hashes":"",
         "Signed":"",
         "OriginalFileName":"",
         "FileVersion":"",
         "SignatureStatus":"",
         "GrantedAccess":"0x2000",
         "SourceThreadID":"",
         "Product":"",
         "SeverityValue":"",
         "ExecutionProcessID":"",
         "host":"",
         "AccountType":"",
         "UserID":"",
         "Opcode":"",
         "SourceModuleType":"",
         "port":"",
         "AccountName":"",
         "RecordNumber":"",
         "Domain":"",
         "OpcodeValue":"",
         "Version":"",
         "Category":"",
         "eventlog":"",
         "CommandLine":"",
         "ParentCommandLine":"",
         "Payload":"",
         "NewProcessName":"",
         "TokenElevationType":"",
         "TargetImage":"C:\\windows\\system32\\conhost.exe",
         "TargetProcessId":"12692"
      },
      {
         "TimeGenerated":"2021-11-05T23:59:55.435Z",
         "SourceProcessId":"1072",
         "SourceName":"Microsoft-Windows-Sysmon",
         "Hostname":"WORKSTATION5",
         "SourceImage":"C:\\windows\\Explorer.EXE",
         "ProviderGuid":"{5770385f-c22a-43e0-bf4c-06f5698ffbd9}",
         "CallTrace":"C:\\windows\\SYSTEM32\\ntdll.dll+9c584|C:\\windows\\System32\\KERNELBASE.dll+305fe|C:\\Windows\\System32\\appresolver.dll+221c5|C:\\Windows\\System32\\appresolver.dll+1edcc|C:\\Windows\\System32\\appresolver.dll+1ecb7|C:\\windows\\Explorer.EXE+5b1a7|C:\\windows\\Explorer.EXE+5b0a4|C:\\windows\\Explorer.EXE+29a50|C:\\windows\\System32\\windows.storage.dll+16e1c4|C:\\windows\\System32\\windows.storage.dll+16de05|C:\\windows\\System32\\windows.storage.dll+16dce5|C:\\windows\\System32\\shcore.dll+31636|C:\\windows\\SYSTEM32\\ntdll.dll+2f655|C:\\windows\\SYSTEM32\\ntdll.dll+345b4|C:\\windows\\System32\\KERNEL32.DLL+17c24|C:\\windows\\SYSTEM32\\ntdll.dll+6cea1",
         "Image":"",
         "Level":"4",
         "Channel":"Microsoft-Windows-Sysmon/Operational",
         "Details":"",
         "EventID":"10",
         "EventType":"",
         "Keywords":"0x8000000000000000",
         "TargetObject":"",
         "Message":"Process accessed:\r\nRuleName: -\r\nUtcTime: 2020-11-02 09:13:01.071\r\nSourceProcessGUID: {39e4a257-f1b3-5f8b-a700-000000000700}\r\nSourceProcessId: 1072\r\nSourceThreadId: 11428\r\nSourceImage: C:\\windows\\Explorer.EXE\r\nTargetProcessGUID: {39e4a257-cd82-5f9f-f949-000000000700}\r\nTargetProcessId: 10668\r\nTargetImage: C:\\Windows\\System32\\WindowsPowerShell\\v1.0\\powershell.exe\r\nGrantedAccess: 0x1000\r\nCallTrace: C:\\windows\\SYSTEM32\\ntdll.dll+9c584|C:\\windows\\System32\\KERNELBASE.dll+305fe|C:\\Windows\\System32\\appresolver.dll+221c5|C:\\Windows\\System32\\appresolver.dll+1edcc|C:\\Windows\\System32\\appresolver.dll+1ecb7|C:\\windows\\Explorer.EXE+5b1a7|C:\\windows\\Explorer.EXE+5b0a4|C:\\windows\\Explorer.EXE+29a50|C:\\windows\\System32\\windows.storage.dll+16e1c4|C:\\windows\\System32\\windows.storage.dll+16de05|C:\\windows\\System32\\windows.storage.dll+16dce5|C:\\windows\\System32\\shcore.dll+31636|C:\\windows\\SYSTEM32\\ntdll.dll+2f655|C:\\windows\\SYSTEM32\\ntdll.dll+345b4|C:\\windows\\System32\\KERNEL32.DLL+17c24|C:\\windows\\SYSTEM32\\ntdll.dll+6cea1",
         "RuleName":"-",
         "Task":"10",
         "DestPort":"",
         "DestAddress":"",
         "Protocol":"",
         "ProcessID":"",
         "LayerRTID":"",
         "Application":"",
         "SourcePort":"",
         "SourceAddress":"",
         "LayerName":"",
         "RemoteMachineID":"",
         "RemoteUserID":"",
         "ImageLoaded":"",
         "Company":"",
         "Signature":"",
         "Hashes":"",
         "Signed":"",
         "OriginalFileName":"",
         "FileVersion":"",
         "SignatureStatus":"",
         "GrantedAccess":"0x1000",
         "SourceThreadID":"",
         "Product":"",
         "SeverityValue":"",
         "ExecutionProcessID":"",
         "host":"",
         "AccountType":"",
         "UserID":"",
         "Opcode":"",
         "SourceModuleType":"",
         "port":"",
         "AccountName":"",
         "RecordNumber":"",
         "Domain":"",
         "OpcodeValue":"",
         "Version":"",
         "Category":"",
         "eventlog":"",
         "CommandLine":"",
         "ParentCommandLine":"",
         "Payload":"",
         "NewProcessName":"",
         "TokenElevationType":"",
         "TargetImage":"C:\\Windows\\System32\\WindowsPowerShell\\v1.0\\powershell.exe",
         "TargetProcessId":"10668"
      },
      {
         "TimeGenerated":"2021-11-05T23:59:55.435Z",
         "SourceProcessId":"1072",
         "SourceName":"Microsoft-Windows-Sysmon",
         "Hostname":"WORKSTATION5",
         "SourceImage":"C:\\windows\\Explorer.EXE",
         "ProviderGuid":"{5770385f-c22a-43e0-bf4c-06f5698ffbd9}",
         "CallTrace":"C:\\windows\\SYSTEM32\\ntdll.dll+9c584|C:\\windows\\System32\\KERNELBASE.dll+305fe|C:\\Windows\\System32\\appresolver.dll+1c4d6|C:\\Windows\\System32\\appresolver.dll+22383|C:\\Windows\\System32\\appresolver.dll+1edcc|C:\\Windows\\System32\\appresolver.dll+1ecb7|C:\\windows\\Explorer.EXE+5b1a7|C:\\windows\\Explorer.EXE+5b0a4|C:\\windows\\Explorer.EXE+29a50|C:\\windows\\System32\\windows.storage.dll+16e1c4|C:\\windows\\System32\\windows.storage.dll+16de05|C:\\windows\\System32\\windows.storage.dll+16dce5|C:\\windows\\System32\\shcore.dll+31636|C:\\windows\\SYSTEM32\\ntdll.dll+2f655|C:\\windows\\SYSTEM32\\ntdll.dll+345b4|C:\\windows\\System32\\KERNEL32.DLL+17c24|C:\\windows\\SYSTEM32\\ntdll.dll+6cea1",
         "Image":"",
         "Level":"4",
         "Channel":"Microsoft-Windows-Sysmon/Operational",
         "Details":"",
         "EventID":"10",
         "EventType":"",
         "Keywords":"0x8000000000000000",
         "TargetObject":"",
         "Message":"Process accessed:\r\nRuleName: -\r\nUtcTime: 2020-11-02 09:13:01.071\r\nSourceProcessGUID: {39e4a257-f1b3-5f8b-a700-000000000700}\r\nSourceProcessId: 1072\r\nSourceThreadId: 11428\r\nSourceImage: C:\\windows\\Explorer.EXE\r\nTargetProcessGUID: {39e4a257-cd82-5f9f-f949-000000000700}\r\nTargetProcessId: 10668\r\nTargetImage: C:\\Windows\\System32\\WindowsPowerShell\\v1.0\\powershell.exe\r\nGrantedAccess: 0x1400\r\nCallTrace: C:\\windows\\SYSTEM32\\ntdll.dll+9c584|C:\\windows\\System32\\KERNELBASE.dll+305fe|C:\\Windows\\System32\\appresolver.dll+1c4d6|C:\\Windows\\System32\\appresolver.dll+22383|C:\\Windows\\System32\\appresolver.dll+1edcc|C:\\Windows\\System32\\appresolver.dll+1ecb7|C:\\windows\\Explorer.EXE+5b1a7|C:\\windows\\Explorer.EXE+5b0a4|C:\\windows\\Explorer.EXE+29a50|C:\\windows\\System32\\windows.storage.dll+16e1c4|C:\\windows\\System32\\windows.storage.dll+16de05|C:\\windows\\System32\\windows.storage.dll+16dce5|C:\\windows\\System32\\shcore.dll+31636|C:\\windows\\SYSTEM32\\ntdll.dll+2f655|C:\\windows\\SYSTEM32\\ntdll.dll+345b4|C:\\windows\\System32\\KERNEL32.DLL+17c24|C:\\windows\\SYSTEM32\\ntdll.dll+6cea1",
         "RuleName":"-",
         "Task":"10",
         "DestPort":"",
         "DestAddress":"",
         "Protocol":"",
         "ProcessID":"",
         "LayerRTID":"",
         "Application":"",
         "SourcePort":"",
         "SourceAddress":"",
         "LayerName":"",
         "RemoteMachineID":"",
         "RemoteUserID":"",
         "ImageLoaded":"",
         "Company":"",
         "Signature":"",
         "Hashes":"",
         "Signed":"",
         "OriginalFileName":"",
         "FileVersion":"",
         "SignatureStatus":"",
         "GrantedAccess":"0x1400",
         "SourceThreadID":"",
         "Product":"",
         "SeverityValue":"",
         "ExecutionProcessID":"",
         "host":"",
         "AccountType":"",
         "UserID":"",
         "Opcode":"",
         "SourceModuleType":"",
         "port":"",
         "AccountName":"",
         "RecordNumber":"",
         "Domain":"",
         "OpcodeValue":"",
         "Version":"",
         "Category":"",
         "eventlog":"",
         "CommandLine":"",
         "ParentCommandLine":"",
         "Payload":"",
         "NewProcessName":"",
         "TokenElevationType":"",
         "TargetImage":"C:\\Windows\\System32\\WindowsPowerShell\\v1.0\\powershell.exe",
         "TargetProcessId":"10668"
      },
      {
         "TimeGenerated":"2021-11-05T23:59:55.435Z",
         "SourceProcessId":"1072",
         "SourceName":"Microsoft-Windows-Sysmon",
         "Hostname":"WORKSTATION5",
         "SourceImage":"C:\\windows\\Explorer.EXE",
         "ProviderGuid":"{5770385f-c22a-43e0-bf4c-06f5698ffbd9}",
         "CallTrace":"C:\\windows\\SYSTEM32\\ntdll.dll+9c584|C:\\windows\\System32\\KERNELBASE.dll+305fe|C:\\windows\\SYSTEM32\\TWINAPI.dll+6d4c|C:\\windows\\system32\\twinui.pcshell.dll+20880|C:\\windows\\system32\\twinui.pcshell.dll+20082|C:\\windows\\system32\\twinui.dll+1780b|C:\\windows\\system32\\twinui.dll+1734c|C:\\windows\\system32\\twinui.dll+68f7a|C:\\windows\\system32\\twinui.dll+16e09|C:\\windows\\system32\\twinui.dll+16f4b|C:\\windows\\system32\\twinui.dll+16ecd|C:\\windows\\System32\\USER32.dll+15c1d|C:\\windows\\System32\\USER32.dll+15612|C:\\Windows\\System32\\windows.immersiveshell.serviceprovider.dll+45f0|C:\\Windows\\System32\\windows.immersiveshell.serviceprovider.dll+41b9|C:\\Windows\\System32\\windows.immersiveshell.serviceprovider.dll+3e4f|C:\\windows\\System32\\KERNEL32.DLL+17c24|C:\\windows\\SYSTEM32\\ntdll.dll+6cea1",
         "Image":"",
         "Level":"4",
         "Channel":"Microsoft-Windows-Sysmon/Operational",
         "Details":"",
         "EventID":"10",
         "EventType":"",
         "Keywords":"0x8000000000000000",
         "TargetObject":"",
         "Message":"Process accessed:\r\nRuleName: -\r\nUtcTime: 2020-11-02 09:13:01.071\r\nSourceProcessGUID: {39e4a257-f1b3-5f8b-a700-000000000700}\r\nSourceProcessId: 1072\r\nSourceThreadId: 4688\r\nSourceImage: C:\\windows\\Explorer.EXE\r\nTargetProcessGUID: {39e4a257-cd82-5f9f-f949-000000000700}\r\nTargetProcessId: 10668\r\nTargetImage: C:\\Windows\\System32\\WindowsPowerShell\\v1.0\\powershell.exe\r\nGrantedAccess: 0x1000\r\nCallTrace: C:\\windows\\SYSTEM32\\ntdll.dll+9c584|C:\\windows\\System32\\KERNELBASE.dll+305fe|C:\\windows\\SYSTEM32\\TWINAPI.dll+6d4c|C:\\windows\\system32\\twinui.pcshell.dll+20880|C:\\windows\\system32\\twinui.pcshell.dll+20082|C:\\windows\\system32\\twinui.dll+1780b|C:\\windows\\system32\\twinui.dll+1734c|C:\\windows\\system32\\twinui.dll+68f7a|C:\\windows\\system32\\twinui.dll+16e09|C:\\windows\\system32\\twinui.dll+16f4b|C:\\windows\\system32\\twinui.dll+16ecd|C:\\windows\\System32\\USER32.dll+15c1d|C:\\windows\\System32\\USER32.dll+15612|C:\\Windows\\System32\\windows.immersiveshell.serviceprovider.dll+45f0|C:\\Windows\\System32\\windows.immersiveshell.serviceprovider.dll+41b9|C:\\Windows\\System32\\windows.immersiveshell.serviceprovider.dll+3e4f|C:\\windows\\System32\\KERNEL32.DLL+17c24|C:\\windows\\SYSTEM32\\ntdll.dll+6cea1",
         "RuleName":"-",
         "Task":"10",
         "DestPort":"",
         "DestAddress":"",
         "Protocol":"",
         "ProcessID":"",
         "LayerRTID":"",
         "Application":"",
         "SourcePort":"",
         "SourceAddress":"",
         "LayerName":"",
         "RemoteMachineID":"",
         "RemoteUserID":"",
         "ImageLoaded":"",
         "Company":"",
         "Signature":"",
         "Hashes":"",
         "Signed":"",
         "OriginalFileName":"",
         "FileVersion":"",
         "SignatureStatus":"",
         "GrantedAccess":"0x1000",
         "SourceThreadID":"",
         "Product":"",
         "SeverityValue":"",
         "ExecutionProcessID":"",
         "host":"",
         "AccountType":"",
         "UserID":"",
         "Opcode":"",
         "SourceModuleType":"",
         "port":"",
         "AccountName":"",
         "RecordNumber":"",
         "Domain":"",
         "OpcodeValue":"",
         "Version":"",
         "Category":"",
         "eventlog":"",
         "CommandLine":"",
         "ParentCommandLine":"",
         "Payload":"",
         "NewProcessName":"",
         "TokenElevationType":"",
         "TargetImage":"C:\\Windows\\System32\\WindowsPowerShell\\v1.0\\powershell.exe",
         "TargetProcessId":"10668"
      },
      {
         "TimeGenerated":"2021-11-05T23:59:55.435Z",
         "SourceProcessId":"1072",
         "SourceName":"Microsoft-Windows-Sysmon",
         "Hostname":"WORKSTATION5",
         "SourceImage":"C:\\windows\\Explorer.EXE",
         "ProviderGuid":"{5770385f-c22a-43e0-bf4c-06f5698ffbd9}",
         "CallTrace":"C:\\windows\\SYSTEM32\\ntdll.dll+9c584|C:\\windows\\System32\\KERNELBASE.dll+305fe|C:\\windows\\system32\\twinui.dll+783a3|C:\\windows\\system32\\twinui.dll+1780b|C:\\windows\\system32\\twinui.dll+1734c|C:\\windows\\system32\\twinui.dll+68f7a|C:\\windows\\system32\\twinui.dll+16e09|C:\\windows\\system32\\twinui.dll+16f4b|C:\\windows\\system32\\twinui.dll+16ecd|C:\\windows\\System32\\USER32.dll+15c1d|C:\\windows\\System32\\USER32.dll+15612|C:\\Windows\\System32\\windows.immersiveshell.serviceprovider.dll+45f0|C:\\Windows\\System32\\windows.immersiveshell.serviceprovider.dll+41b9|C:\\Windows\\System32\\windows.immersiveshell.serviceprovider.dll+3e4f|C:\\windows\\System32\\KERNEL32.DLL+17c24|C:\\windows\\SYSTEM32\\ntdll.dll+6cea1",
         "Image":"",
         "Level":"4",
         "Channel":"Microsoft-Windows-Sysmon/Operational",
         "Details":"",
         "EventID":"10",
         "EventType":"",
         "Keywords":"0x8000000000000000",
         "TargetObject":"",
         "Message":"Process accessed:\r\nRuleName: -\r\nUtcTime: 2020-11-02 09:13:01.071\r\nSourceProcessGUID: {39e4a257-f1b3-5f8b-a700-000000000700}\r\nSourceProcessId: 1072\r\nSourceThreadId: 4688\r\nSourceImage: C:\\windows\\Explorer.EXE\r\nTargetProcessGUID: {39e4a257-cd82-5f9f-f949-000000000700}\r\nTargetProcessId: 10668\r\nTargetImage: C:\\Windows\\System32\\WindowsPowerShell\\v1.0\\powershell.exe\r\nGrantedAccess: 0x2000\r\nCallTrace: C:\\windows\\SYSTEM32\\ntdll.dll+9c584|C:\\windows\\System32\\KERNELBASE.dll+305fe|C:\\windows\\system32\\twinui.dll+783a3|C:\\windows\\system32\\twinui.dll+1780b|C:\\windows\\system32\\twinui.dll+1734c|C:\\windows\\system32\\twinui.dll+68f7a|C:\\windows\\system32\\twinui.dll+16e09|C:\\windows\\system32\\twinui.dll+16f4b|C:\\windows\\system32\\twinui.dll+16ecd|C:\\windows\\System32\\USER32.dll+15c1d|C:\\windows\\System32\\USER32.dll+15612|C:\\Windows\\System32\\windows.immersiveshell.serviceprovider.dll+45f0|C:\\Windows\\System32\\windows.immersiveshell.serviceprovider.dll+41b9|C:\\Windows\\System32\\windows.immersiveshell.serviceprovider.dll+3e4f|C:\\windows\\System32\\KERNEL32.DLL+17c24|C:\\windows\\SYSTEM32\\ntdll.dll+6cea1",
         "RuleName":"-",
         "Task":"10",
         "DestPort":"",
         "DestAddress":"",
         "Protocol":"",
         "ProcessID":"",
         "LayerRTID":"",
         "Application":"",
         "SourcePort":"",
         "SourceAddress":"",
         "LayerName":"",
         "RemoteMachineID":"",
         "RemoteUserID":"",
         "ImageLoaded":"",
         "Company":"",
         "Signature":"",
         "Hashes":"",
         "Signed":"",
         "OriginalFileName":"",
         "FileVersion":"",
         "SignatureStatus":"",
         "GrantedAccess":"0x2000",
         "SourceThreadID":"",
         "Product":"",
         "SeverityValue":"",
         "ExecutionProcessID":"",
         "host":"",
         "AccountType":"",
         "UserID":"",
         "Opcode":"",
         "SourceModuleType":"",
         "port":"",
         "AccountName":"",
         "RecordNumber":"",
         "Domain":"",
         "OpcodeValue":"",
         "Version":"",
         "Category":"",
         "eventlog":"",
         "CommandLine":"",
         "ParentCommandLine":"",
         "Payload":"",
         "NewProcessName":"",
         "TokenElevationType":"",
         "TargetImage":"C:\\Windows\\System32\\WindowsPowerShell\\v1.0\\powershell.exe",
         "TargetProcessId":"10668"
      },
      {
         "TimeGenerated":"2021-11-05T23:59:55.435Z",
         "SourceProcessId":"1072",
         "SourceName":"Microsoft-Windows-Sysmon",
         "Hostname":"WORKSTATION5",
         "SourceImage":"C:\\windows\\Explorer.EXE",
         "ProviderGuid":"{5770385f-c22a-43e0-bf4c-06f5698ffbd9}",
         "CallTrace":"C:\\windows\\SYSTEM32\\ntdll.dll+9c584|C:\\windows\\System32\\KERNELBASE.dll+305fe|C:\\windows\\system32\\twinui.dll+72a89|C:\\windows\\system32\\twinui.dll+785b2|C:\\windows\\system32\\twinui.dll+1780b|C:\\windows\\system32\\twinui.dll+1734c|C:\\windows\\system32\\twinui.dll+68f7a|C:\\windows\\system32\\twinui.dll+16e09|C:\\windows\\system32\\twinui.dll+16f4b|C:\\windows\\system32\\twinui.dll+16ecd|C:\\windows\\System32\\USER32.dll+15c1d|C:\\windows\\System32\\USER32.dll+15612|C:\\Windows\\System32\\windows.immersiveshell.serviceprovider.dll+45f0|C:\\Windows\\System32\\windows.immersiveshell.serviceprovider.dll+41b9|C:\\Windows\\System32\\windows.immersiveshell.serviceprovider.dll+3e4f|C:\\windows\\System32\\KERNEL32.DLL+17c24|C:\\windows\\SYSTEM32\\ntdll.dll+6cea1",
         "Image":"",
         "Level":"4",
         "Channel":"Microsoft-Windows-Sysmon/Operational",
         "Details":"",
         "EventID":"10",
         "EventType":"",
         "Keywords":"0x8000000000000000",
         "TargetObject":"",
         "Message":"Process accessed:\r\nRuleName: -\r\nUtcTime: 2020-11-02 09:13:01.071\r\nSourceProcessGUID: {39e4a257-f1b3-5f8b-a700-000000000700}\r\nSourceProcessId: 1072\r\nSourceThreadId: 4688\r\nSourceImage: C:\\windows\\Explorer.EXE\r\nTargetProcessGUID: {39e4a257-f247-5f8b-d300-000000000700}\r\nTargetProcessId: 4368\r\nTargetImage: C:\\Windows\\SystemApps\\InputApp_cw5n1h2txyewy\\WindowsInternal.ComposableShell.Experiences.TextInput.InputApp.exe\r\nGrantedAccess: 0x2000\r\nCallTrace: C:\\windows\\SYSTEM32\\ntdll.dll+9c584|C:\\windows\\System32\\KERNELBASE.dll+305fe|C:\\windows\\system32\\twinui.dll+72a89|C:\\windows\\system32\\twinui.dll+785b2|C:\\windows\\system32\\twinui.dll+1780b|C:\\windows\\system32\\twinui.dll+1734c|C:\\windows\\system32\\twinui.dll+68f7a|C:\\windows\\system32\\twinui.dll+16e09|C:\\windows\\system32\\twinui.dll+16f4b|C:\\windows\\system32\\twinui.dll+16ecd|C:\\windows\\System32\\USER32.dll+15c1d|C:\\windows\\System32\\USER32.dll+15612|C:\\Windows\\System32\\windows.immersiveshell.serviceprovider.dll+45f0|C:\\Windows\\System32\\windows.immersiveshell.serviceprovider.dll+41b9|C:\\Windows\\System32\\windows.immersiveshell.serviceprovider.dll+3e4f|C:\\windows\\System32\\KERNEL32.DLL+17c24|C:\\windows\\SYSTEM32\\ntdll.dll+6cea1",
         "RuleName":"-",
         "Task":"10",
         "DestPort":"",
         "DestAddress":"",
         "Protocol":"",
         "ProcessID":"",
         "LayerRTID":"",
         "Application":"",
         "SourcePort":"",
         "SourceAddress":"",
         "LayerName":"",
         "RemoteMachineID":"",
         "RemoteUserID":"",
         "ImageLoaded":"",
         "Company":"",
         "Signature":"",
         "Hashes":"",
         "Signed":"",
         "OriginalFileName":"",
         "FileVersion":"",
         "SignatureStatus":"",
         "GrantedAccess":"0x2000",
         "SourceThreadID":"",
         "Product":"",
         "SeverityValue":"",
         "ExecutionProcessID":"",
         "host":"",
         "AccountType":"",
         "UserID":"",
         "Opcode":"",
         "SourceModuleType":"",
         "port":"",
         "AccountName":"",
         "RecordNumber":"",
         "Domain":"",
         "OpcodeValue":"",
         "Version":"",
         "Category":"",
         "eventlog":"",
         "CommandLine":"",
         "ParentCommandLine":"",
         "Payload":"",
         "NewProcessName":"",
         "TokenElevationType":"",
         "TargetImage":"C:\\Windows\\SystemApps\\InputApp_cw5n1h2txyewy\\WindowsInternal.ComposableShell.Experiences.TextInput.InputApp.exe",
         "TargetProcessId":"4368"
      },
      {
         "TimeGenerated":"2021-11-05T23:59:55.436Z",
         "SourceProcessId":"1072",
         "SourceName":"Microsoft-Windows-Sysmon",
         "Hostname":"WORKSTATION5",
         "SourceImage":"C:\\windows\\Explorer.EXE",
         "ProviderGuid":"{5770385f-c22a-43e0-bf4c-06f5698ffbd9}",
         "CallTrace":"C:\\windows\\SYSTEM32\\ntdll.dll+9c584|C:\\windows\\System32\\KERNELBASE.dll+305fe|C:\\windows\\system32\\twinui.dll+72a89|C:\\windows\\system32\\twinui.dll+785b2|C:\\windows\\system32\\twinui.dll+1780b|C:\\windows\\system32\\twinui.dll+1734c|C:\\windows\\system32\\twinui.dll+68f7a|C:\\windows\\system32\\twinui.dll+16e09|C:\\windows\\system32\\twinui.dll+16f4b|C:\\windows\\system32\\twinui.dll+16ecd|C:\\windows\\System32\\USER32.dll+15c1d|C:\\windows\\System32\\USER32.dll+15612|C:\\Windows\\System32\\windows.immersiveshell.serviceprovider.dll+45f0|C:\\Windows\\System32\\windows.immersiveshell.serviceprovider.dll+41b9|C:\\Windows\\System32\\windows.immersiveshell.serviceprovider.dll+3e4f|C:\\windows\\System32\\KERNEL32.DLL+17c24|C:\\windows\\SYSTEM32\\ntdll.dll+6cea1",
         "Image":"",
         "Level":"4",
         "Channel":"Microsoft-Windows-Sysmon/Operational",
         "Details":"",
         "EventID":"10",
         "EventType":"",
         "Keywords":"0x8000000000000000",
         "TargetObject":"",
         "Message":"Process accessed:\r\nRuleName: -\r\nUtcTime: 2020-11-02 09:13:01.071\r\nSourceProcessGUID: {39e4a257-f1b3-5f8b-a700-000000000700}\r\nSourceProcessId: 1072\r\nSourceThreadId: 4688\r\nSourceImage: C:\\windows\\Explorer.EXE\r\nTargetProcessGUID: {39e4a257-cd82-5f9f-f949-000000000700}\r\nTargetProcessId: 10668\r\nTargetImage: C:\\Windows\\System32\\WindowsPowerShell\\v1.0\\powershell.exe\r\nGrantedAccess: 0x2000\r\nCallTrace: C:\\windows\\SYSTEM32\\ntdll.dll+9c584|C:\\windows\\System32\\KERNELBASE.dll+305fe|C:\\windows\\system32\\twinui.dll+72a89|C:\\windows\\system32\\twinui.dll+785b2|C:\\windows\\system32\\twinui.dll+1780b|C:\\windows\\system32\\twinui.dll+1734c|C:\\windows\\system32\\twinui.dll+68f7a|C:\\windows\\system32\\twinui.dll+16e09|C:\\windows\\system32\\twinui.dll+16f4b|C:\\windows\\system32\\twinui.dll+16ecd|C:\\windows\\System32\\USER32.dll+15c1d|C:\\windows\\System32\\USER32.dll+15612|C:\\Windows\\System32\\windows.immersiveshell.serviceprovider.dll+45f0|C:\\Windows\\System32\\windows.immersiveshell.serviceprovider.dll+41b9|C:\\Windows\\System32\\windows.immersiveshell.serviceprovider.dll+3e4f|C:\\windows\\System32\\KERNEL32.DLL+17c24|C:\\windows\\SYSTEM32\\ntdll.dll+6cea1",
         "RuleName":"-",
         "Task":"10",
         "DestPort":"",
         "DestAddress":"",
         "Protocol":"",
         "ProcessID":"",
         "LayerRTID":"",
         "Application":"",
         "SourcePort":"",
         "SourceAddress":"",
         "LayerName":"",
         "RemoteMachineID":"",
         "RemoteUserID":"",
         "ImageLoaded":"",
         "Company":"",
         "Signature":"",
         "Hashes":"",
         "Signed":"",
         "OriginalFileName":"",
         "FileVersion":"",
         "SignatureStatus":"",
         "GrantedAccess":"0x2000",
         "SourceThreadID":"",
         "Product":"",
         "SeverityValue":"",
         "ExecutionProcessID":"",
         "host":"",
         "AccountType":"",
         "UserID":"",
         "Opcode":"",
         "SourceModuleType":"",
         "port":"",
         "AccountName":"",
         "RecordNumber":"",
         "Domain":"",
         "OpcodeValue":"",
         "Version":"",
         "Category":"",
         "eventlog":"",
         "CommandLine":"",
         "ParentCommandLine":"",
         "Payload":"",
         "NewProcessName":"",
         "TokenElevationType":"",
         "TargetImage":"C:\\Windows\\System32\\WindowsPowerShell\\v1.0\\powershell.exe",
         "TargetProcessId":"10668"
      },
      {
         "TimeGenerated":"2021-11-05T23:59:55.441Z",
         "SourceProcessId":"1072",
         "SourceName":"Microsoft-Windows-Sysmon",
         "Hostname":"WORKSTATION5",
         "SourceImage":"C:\\windows\\Explorer.EXE",
         "ProviderGuid":"{5770385f-c22a-43e0-bf4c-06f5698ffbd9}",
         "CallTrace":"C:\\windows\\SYSTEM32\\ntdll.dll+9c584|C:\\windows\\System32\\KERNELBASE.dll+305fe|C:\\windows\\system32\\twinui.dll+72a89|C:\\windows\\system32\\twinui.dll+785b2|C:\\windows\\system32\\twinui.dll+1780b|C:\\windows\\system32\\twinui.dll+1734c|C:\\windows\\system32\\twinui.dll+68f7a|C:\\windows\\system32\\twinui.dll+16e09|C:\\windows\\system32\\twinui.dll+16f4b|C:\\windows\\system32\\twinui.dll+16ecd|C:\\windows\\System32\\USER32.dll+15c1d|C:\\windows\\System32\\USER32.dll+15612|C:\\Windows\\System32\\windows.immersiveshell.serviceprovider.dll+45f0|C:\\Windows\\System32\\windows.immersiveshell.serviceprovider.dll+41b9|C:\\Windows\\System32\\windows.immersiveshell.serviceprovider.dll+3e4f|C:\\windows\\System32\\KERNEL32.DLL+17c24|C:\\windows\\SYSTEM32\\ntdll.dll+6cea1",
         "Image":"",
         "Level":"4",
         "Channel":"Microsoft-Windows-Sysmon/Operational",
         "Details":"",
         "EventID":"10",
         "EventType":"",
         "Keywords":"0x8000000000000000",
         "TargetObject":"",
         "Message":"Process accessed:\r\nRuleName: -\r\nUtcTime: 2020-11-02 09:13:01.071\r\nSourceProcessGUID: {39e4a257-f1b3-5f8b-a700-000000000700}\r\nSourceProcessId: 1072\r\nSourceThreadId: 4688\r\nSourceImage: C:\\windows\\Explorer.EXE\r\nTargetProcessGUID: {39e4a257-41a0-5f9a-2d36-000000000700}\r\nTargetProcessId: 13264\r\nTargetImage: C:\\Windows\\System32\\WindowsPowerShell\\v1.0\\powershell.exe\r\nGrantedAccess: 0x2000\r\nCallTrace: C:\\windows\\SYSTEM32\\ntdll.dll+9c584|C:\\windows\\System32\\KERNELBASE.dll+305fe|C:\\windows\\system32\\twinui.dll+72a89|C:\\windows\\system32\\twinui.dll+785b2|C:\\windows\\system32\\twinui.dll+1780b|C:\\windows\\system32\\twinui.dll+1734c|C:\\windows\\system32\\twinui.dll+68f7a|C:\\windows\\system32\\twinui.dll+16e09|C:\\windows\\system32\\twinui.dll+16f4b|C:\\windows\\system32\\twinui.dll+16ecd|C:\\windows\\System32\\USER32.dll+15c1d|C:\\windows\\System32\\USER32.dll+15612|C:\\Windows\\System32\\windows.immersiveshell.serviceprovider.dll+45f0|C:\\Windows\\System32\\windows.immersiveshell.serviceprovider.dll+41b9|C:\\Windows\\System32\\windows.immersiveshell.serviceprovider.dll+3e4f|C:\\windows\\System32\\KERNEL32.DLL+17c24|C:\\windows\\SYSTEM32\\ntdll.dll+6cea1",
         "RuleName":"-",
         "Task":"10",
         "DestPort":"",
         "DestAddress":"",
         "Protocol":"",
         "ProcessID":"",
         "LayerRTID":"",
         "Application":"",
         "SourcePort":"",
         "SourceAddress":"",
         "LayerName":"",
         "RemoteMachineID":"",
         "RemoteUserID":"",
         "ImageLoaded":"",
         "Company":"",
         "Signature":"",
         "Hashes":"",
         "Signed":"",
         "OriginalFileName":"",
         "FileVersion":"",
         "SignatureStatus":"",
         "GrantedAccess":"0x2000",
         "SourceThreadID":"",
         "Product":"",
         "SeverityValue":"",
         "ExecutionProcessID":"",
         "host":"",
         "AccountType":"",
         "UserID":"",
         "Opcode":"",
         "SourceModuleType":"",
         "port":"",
         "AccountName":"",
         "RecordNumber":"",
         "Domain":"",
         "OpcodeValue":"",
         "Version":"",
         "Category":"",
         "eventlog":"",
         "CommandLine":"",
         "ParentCommandLine":"",
         "Payload":"",
         "NewProcessName":"",
         "TokenElevationType":"",
         "TargetImage":"C:\\Windows\\System32\\WindowsPowerShell\\v1.0\\powershell.exe",
         "TargetProcessId":"13264"
      },
      {
         "TimeGenerated":"2021-11-05T23:59:55.441Z",
         "SourceProcessId":"1072",
         "SourceName":"Microsoft-Windows-Sysmon",
         "Hostname":"WORKSTATION5",
         "SourceImage":"C:\\windows\\Explorer.EXE",
         "ProviderGuid":"{5770385f-c22a-43e0-bf4c-06f5698ffbd9}",
         "CallTrace":"C:\\windows\\SYSTEM32\\ntdll.dll+9c584|C:\\windows\\System32\\KERNELBASE.dll+305fe|C:\\Windows\\System32\\TaskFlowDataEngine.dll+cf160|C:\\Windows\\System32\\TaskFlowDataEngine.dll+9827b|C:\\Windows\\System32\\TaskFlowDataEngine.dll+978ff|C:\\Windows\\System32\\TaskFlowDataEngine.dll+973f9|C:\\Windows\\System32\\TaskFlowDataEngine.dll+96e25|C:\\Windows\\System32\\TaskFlowDataEngine.dll+94c85|C:\\Windows\\System32\\TaskFlowDataEngine.dll+93658|C:\\Windows\\System32\\TaskFlowDataEngine.dll+9dfb1|C:\\windows\\System32\\shcore.dll+c540|C:\\windows\\System32\\shcore.dll+c1c8|C:\\windows\\System32\\shcore.dll+ac61|C:\\windows\\System32\\KERNEL32.DLL+17c24|C:\\windows\\SYSTEM32\\ntdll.dll+6cea1",
         "Image":"",
         "Level":"4",
         "Channel":"Microsoft-Windows-Sysmon/Operational",
         "Details":"",
         "EventID":"10",
         "EventType":"",
         "Keywords":"0x8000000000000000",
         "TargetObject":"",
         "Message":"Process accessed:\r\nRuleName: -\r\nUtcTime: 2020-11-02 09:13:01.071\r\nSourceProcessGUID: {39e4a257-f1b3-5f8b-a700-000000000700}\r\nSourceProcessId: 1072\r\nSourceThreadId: 10552\r\nSourceImage: C:\\windows\\Explorer.EXE\r\nTargetProcessGUID: {39e4a257-cd82-5f9f-f949-000000000700}\r\nTargetProcessId: 10668\r\nTargetImage: C:\\Windows\\System32\\WindowsPowerShell\\v1.0\\powershell.exe\r\nGrantedAccess: 0x1000\r\nCallTrace: C:\\windows\\SYSTEM32\\ntdll.dll+9c584|C:\\windows\\System32\\KERNELBASE.dll+305fe|C:\\Windows\\System32\\TaskFlowDataEngine.dll+cf160|C:\\Windows\\System32\\TaskFlowDataEngine.dll+9827b|C:\\Windows\\System32\\TaskFlowDataEngine.dll+978ff|C:\\Windows\\System32\\TaskFlowDataEngine.dll+973f9|C:\\Windows\\System32\\TaskFlowDataEngine.dll+96e25|C:\\Windows\\System32\\TaskFlowDataEngine.dll+94c85|C:\\Windows\\System32\\TaskFlowDataEngine.dll+93658|C:\\Windows\\System32\\TaskFlowDataEngine.dll+9dfb1|C:\\windows\\System32\\shcore.dll+c540|C:\\windows\\System32\\shcore.dll+c1c8|C:\\windows\\System32\\shcore.dll+ac61|C:\\windows\\System32\\KERNEL32.DLL+17c24|C:\\windows\\SYSTEM32\\ntdll.dll+6cea1",
         "RuleName":"-",
         "Task":"10",
         "DestPort":"",
         "DestAddress":"",
         "Protocol":"",
         "ProcessID":"",
         "LayerRTID":"",
         "Application":"",
         "SourcePort":"",
         "SourceAddress":"",
         "LayerName":"",
         "RemoteMachineID":"",
         "RemoteUserID":"",
         "ImageLoaded":"",
         "Company":"",
         "Signature":"",
         "Hashes":"",
         "Signed":"",
         "OriginalFileName":"",
         "FileVersion":"",
         "SignatureStatus":"",
         "GrantedAccess":"0x1000",
         "SourceThreadID":"",
         "Product":"",
         "SeverityValue":"",
         "ExecutionProcessID":"",
         "host":"",
         "AccountType":"",
         "UserID":"",
         "Opcode":"",
         "SourceModuleType":"",
         "port":"",
         "AccountName":"",
         "RecordNumber":"",
         "Domain":"",
         "OpcodeValue":"",
         "Version":"",
         "Category":"",
         "eventlog":"",
         "CommandLine":"",
         "ParentCommandLine":"",
         "Payload":"",
         "NewProcessName":"",
         "TokenElevationType":"",
         "TargetImage":"C:\\Windows\\System32\\WindowsPowerShell\\v1.0\\powershell.exe",
         "TargetProcessId":"10668"
      },
      {
         "TimeGenerated":"2021-11-05T23:59:55.441Z",
         "SourceProcessId":"1072",
         "SourceName":"Microsoft-Windows-Sysmon",
         "Hostname":"WORKSTATION5",
         "SourceImage":"C:\\windows\\Explorer.EXE",
         "ProviderGuid":"{5770385f-c22a-43e0-bf4c-06f5698ffbd9}",
         "CallTrace":"C:\\windows\\SYSTEM32\\ntdll.dll+9c584|C:\\windows\\System32\\KERNELBASE.dll+305fe|C:\\windows\\System32\\NPSMDesktopProvider.dll+1dbfa|C:\\windows\\System32\\NPSMDesktopProvider.dll+139e2|C:\\windows\\System32\\NPSMDesktopProvider.dll+1415b|C:\\windows\\System32\\shcore.dll+c540|C:\\windows\\System32\\shcore.dll+c1c8|C:\\windows\\System32\\shcore.dll+ac61|C:\\windows\\System32\\KERNEL32.DLL+17c24|C:\\windows\\SYSTEM32\\ntdll.dll+6cea1",
         "Image":"",
         "Level":"4",
         "Channel":"Microsoft-Windows-Sysmon/Operational",
         "Details":"",
         "EventID":"10",
         "EventType":"",
         "Keywords":"0x8000000000000000",
         "TargetObject":"",
         "Message":"Process accessed:\r\nRuleName: -\r\nUtcTime: 2020-11-02 09:13:01.071\r\nSourceProcessGUID: {39e4a257-f1b3-5f8b-a700-000000000700}\r\nSourceProcessId: 1072\r\nSourceThreadId: 7496\r\nSourceImage: C:\\windows\\Explorer.EXE\r\nTargetProcessGUID: {39e4a257-cd82-5f9f-f949-000000000700}\r\nTargetProcessId: 10668\r\nTargetImage: C:\\Windows\\System32\\WindowsPowerShell\\v1.0\\powershell.exe\r\nGrantedAccess: 0x1000\r\nCallTrace: C:\\windows\\SYSTEM32\\ntdll.dll+9c584|C:\\windows\\System32\\KERNELBASE.dll+305fe|C:\\windows\\System32\\NPSMDesktopProvider.dll+1dbfa|C:\\windows\\System32\\NPSMDesktopProvider.dll+139e2|C:\\windows\\System32\\NPSMDesktopProvider.dll+1415b|C:\\windows\\System32\\shcore.dll+c540|C:\\windows\\System32\\shcore.dll+c1c8|C:\\windows\\System32\\shcore.dll+ac61|C:\\windows\\System32\\KERNEL32.DLL+17c24|C:\\windows\\SYSTEM32\\ntdll.dll+6cea1",
         "RuleName":"-",
         "Task":"10",
         "DestPort":"",
         "DestAddress":"",
         "Protocol":"",
         "ProcessID":"",
         "LayerRTID":"",
         "Application":"",
         "SourcePort":"",
         "SourceAddress":"",
         "LayerName":"",
         "RemoteMachineID":"",
         "RemoteUserID":"",
         "ImageLoaded":"",
         "Company":"",
         "Signature":"",
         "Hashes":"",
         "Signed":"",
         "OriginalFileName":"",
         "FileVersion":"",
         "SignatureStatus":"",
         "GrantedAccess":"0x1000",
         "SourceThreadID":"",
         "Product":"",
         "SeverityValue":"",
         "ExecutionProcessID":"",
         "host":"",
         "AccountType":"",
         "UserID":"",
         "Opcode":"",
         "SourceModuleType":"",
         "port":"",
         "AccountName":"",
         "RecordNumber":"",
         "Domain":"",
         "OpcodeValue":"",
         "Version":"",
         "Category":"",
         "eventlog":"",
         "CommandLine":"",
         "ParentCommandLine":"",
         "Payload":"",
         "NewProcessName":"",
         "TokenElevationType":"",
         "TargetImage":"C:\\Windows\\System32\\WindowsPowerShell\\v1.0\\powershell.exe",
         "TargetProcessId":"10668"
      },
      {
         "TimeGenerated":"2021-11-05T23:59:55.499Z",
         "SourceProcessId":"",
         "SourceName":"Microsoft-Windows-Sysmon",
         "Hostname":"WORKSTATION5",
         "SourceImage":"",
         "ProviderGuid":"{5770385f-c22a-43e0-bf4c-06f5698ffbd9}",
         "CallTrace":"",
         "Image":"C:\\windows\\Explorer.EXE",
         "Level":"4",
         "Channel":"Microsoft-Windows-Sysmon/Operational",
         "Details":"",
         "EventID":"12",
         "EventType":"CreateKey",
         "Keywords":"0x8000000000000000",
         "TargetObject":"HKU\\S-1-5-21-3940915590-64593676-1414006259-500\\Software\\Microsoft\\Windows\\CurrentVersion\\Explorer\\SessionInfo\\2\\ApplicationViewManagement\\W32:00000000004902B2",
         "Message":"Registry object added or deleted:\r\nRuleName: -\r\nEventType: CreateKey\r\nUtcTime: 2020-11-02 09:13:01.149\r\nProcessGuid: {39e4a257-f1b3-5f8b-a700-000000000700}\r\nProcessId: 1072\r\nImage: C:\\windows\\Explorer.EXE\r\nTargetObject: HKU\\S-1-5-21-3940915590-64593676-1414006259-500\\Software\\Microsoft\\Windows\\CurrentVersion\\Explorer\\SessionInfo\\2\\ApplicationViewManagement\\W32:00000000004902B2",
         "RuleName":"-",
         "Task":"12",
         "DestPort":"",
         "DestAddress":"",
         "Protocol":"",
         "ProcessID":"",
         "LayerRTID":"",
         "Application":"",
         "SourcePort":"",
         "SourceAddress":"",
         "LayerName":"",
         "RemoteMachineID":"",
         "RemoteUserID":"",
         "ImageLoaded":"",
         "Company":"",
         "Signature":"",
         "Hashes":"",
         "Signed":"",
         "OriginalFileName":"",
         "FileVersion":"",
         "SignatureStatus":"",
         "GrantedAccess":"",
         "SourceThreadID":"",
         "Product":"",
         "SeverityValue":"",
         "ExecutionProcessID":"",
         "host":"",
         "AccountType":"",
         "UserID":"",
         "Opcode":"",
         "SourceModuleType":"",
         "port":"",
         "AccountName":"",
         "RecordNumber":"",
         "Domain":"",
         "OpcodeValue":"",
         "Version":"",
         "Category":"",
         "eventlog":"",
         "CommandLine":"",
         "ParentCommandLine":"",
         "Payload":"",
         "NewProcessName":"",
         "TokenElevationType":"",
         "TargetImage":"",
         "TargetProcessId":""
      },
      {
         "TimeGenerated":"2021-11-05T23:59:55.5Z",
         "SourceProcessId":"",
         "SourceName":"Microsoft-Windows-Sysmon",
         "Hostname":"WORKSTATION5",
         "SourceImage":"",
         "ProviderGuid":"{5770385f-c22a-43e0-bf4c-06f5698ffbd9}",
         "CallTrace":"",
         "Image":"C:\\windows\\Explorer.EXE",
         "Level":"4",
         "Channel":"Microsoft-Windows-Sysmon/Operational",
         "Details":"Binary Data",
         "EventID":"13",
         "EventType":"SetValue",
         "Keywords":"0x8000000000000000",
         "TargetObject":"HKU\\S-1-5-21-3940915590-64593676-1414006259-500\\Software\\Microsoft\\Windows\\CurrentVersion\\Explorer\\SessionInfo\\2\\ApplicationViewManagement\\W32:00000000004902B2\\VirtualDesktop",
         "Message":"Registry value set:\r\nRuleName: -\r\nEventType: SetValue\r\nUtcTime: 2020-11-02 09:13:01.149\r\nProcessGuid: {39e4a257-f1b3-5f8b-a700-000000000700}\r\nProcessId: 1072\r\nImage: C:\\windows\\Explorer.EXE\r\nTargetObject: HKU\\S-1-5-21-3940915590-64593676-1414006259-500\\Software\\Microsoft\\Windows\\CurrentVersion\\Explorer\\SessionInfo\\2\\ApplicationViewManagement\\W32:00000000004902B2\\VirtualDesktop\r\nDetails: Binary Data",
         "RuleName":"-",
         "Task":"13",
         "DestPort":"",
         "DestAddress":"",
         "Protocol":"",
         "ProcessID":"",
         "LayerRTID":"",
         "Application":"",
         "SourcePort":"",
         "SourceAddress":"",
         "LayerName":"",
         "RemoteMachineID":"",
         "RemoteUserID":"",
         "ImageLoaded":"",
         "Company":"",
         "Signature":"",
         "Hashes":"",
         "Signed":"",
         "OriginalFileName":"",
         "FileVersion":"",
         "SignatureStatus":"",
         "GrantedAccess":"",
         "SourceThreadID":"",
         "Product":"",
         "SeverityValue":"",
         "ExecutionProcessID":"",
         "host":"",
         "AccountType":"",
         "UserID":"",
         "Opcode":"",
         "SourceModuleType":"",
         "port":"",
         "AccountName":"",
         "RecordNumber":"",
         "Domain":"",
         "OpcodeValue":"",
         "Version":"",
         "Category":"",
         "eventlog":"",
         "CommandLine":"",
         "ParentCommandLine":"",
         "Payload":"",
         "NewProcessName":"",
         "TokenElevationType":"",
         "TargetImage":"",
         "TargetProcessId":""
      },
