{
   "table":[
      {
         "TimeGenerated":"2021-11-05T23:59:52.561Z",
         "SourceProcessId":"",
         "SourceName":"Microsoft-Windows-Eventlog",
         "Hostname":"WORKSTATION5",
         "SourceImage":"",
         "ProviderGuid":"{fc65ddd8-d6ef-4962-83d5-6e5cfe9ce148}",
         "CallTrace":"",
         "Image":"",
         "Level":"4",
         "Channel":"Security",
         "Details":"",
         "EventID":"1102",
         "EventType":"",
         "Keywords":"0x4020000000000000",
         "TargetObject":"",
         "Message":"The audit log was cleared.\r\nSubject:\r\n\tSecurity ID:\tS-1-5-21-3940915590-64593676-1414006259-500\r\n\tAccount Name:\twardog\r\n\tDomain Name:\tWORKSTATION5\r\n\tLogon ID:\t0xC61D9",
         "RuleName":"",
         "Task":"104",
         "DestPort":"",
         "DestAddress":"",
         "Protocol":"",
         "ProcessID":"",
         "LayerRTID":"",
         "Application":"",
         "SourcePort":"",
         "SourceAddress":"",
         "LayerName":"",
         "RemoteMachineID":"",
         "RemoteUserID":"",
         "ImageLoaded":"",
         "Company":"",
         "Signature":"",
         "Hashes":"",
         "Signed":"",
         "OriginalFileName":"",
         "FileVersion":"",
         "SignatureStatus":"",
         "GrantedAccess":"",
         "SourceThreadID":"",
         "Product":"",
         "SeverityValue":"",
         "ExecutionProcessID":"",
         "host":"",
         "AccountType":"",
         "UserID":"",
         "Opcode":"",
         "SourceModuleType":"",
         "port":"",
         "AccountName":"",
         "RecordNumber":"",
         "Domain":"",
         "OpcodeValue":"",
         "Version":"",
         "Category":"",
         "eventlog":"",
         "CommandLine":"",
         "ParentCommandLine":"",
         "Payload":"",
         "NewProcessName":"",
         "TokenElevationType":"",
         "TargetImage":"",
         "TargetProcessId":""
      },
      {
         "TimeGenerated":"2021-11-05T23:59:53.671Z",
         "SourceProcessId":"",
         "SourceName":"Microsoft-Windows-Security-Auditing",
         "Hostname":"WORKSTATION5",
         "SourceImage":"",
         "ProviderGuid":"{54849625-5478-4994-a5ba-3e3b0328c30d}",
         "CallTrace":"",
         "Image":"",
         "Level":"0",
         "Channel":"Security",
         "Details":"",
         "EventID":"5158",
         "EventType":"",
         "Keywords":"0x8020000000000000",
         "TargetObject":"",
         "Message":"The Windows Filtering Platform has permitted a bind to a local port.\r\n\r\nApplication Information:\r\n\tProcess ID:\t\t3428\r\n\tApplication Name:\t\\device\\harddiskvolume2\\windowsazure\\guestagent_2.7.41491.993_2020-10-08_063613\\guestagent\\windowsazureguestagent.exe\r\n\r\nNetwork Information:\r\n\tSource Address:\t\t0.0.0.0\r\n\tSource Port:\t\t52625\r\n\tProtocol:\t\t6\r\n\r\nFilter Information:\r\n\tFilter Run-Time ID:\t0\r\n\tLayer Name:\t\tResource Assignment\r\n\tLayer Run-Time ID:\t36",
         "RuleName":"",
         "Task":"12810",
         "DestPort":"",
         "DestAddress":"",
         "Protocol":"6",
         "ProcessID":"",
         "LayerRTID":"36",
         "Application":"\\device\\harddiskvolume2\\windowsazure\\guestagent_2.7.41491.993_2020-10-08_063613\\guestagent\\windowsazureguestagent.exe",
         "SourcePort":"52625",
         "SourceAddress":"0.0.0.0",
         "LayerName":"%%14608",
         "RemoteMachineID":"",
         "RemoteUserID":"",
         "ImageLoaded":"",
         "Company":"",
         "Signature":"",
         "Hashes":"",
         "Signed":"",
         "OriginalFileName":"",
         "FileVersion":"",
         "SignatureStatus":"",
         "GrantedAccess":"",
         "SourceThreadID":"",
         "Product":"",
         "SeverityValue":"",
         "ExecutionProcessID":"",
         "host":"",
         "AccountType":"",
         "UserID":"",
         "Opcode":"",
         "SourceModuleType":"",
         "port":"",
         "AccountName":"",
         "RecordNumber":"",
         "Domain":"",
         "OpcodeValue":"",
         "Version":"",
         "Category":"",
         "eventlog":"",
         "CommandLine":"",
         "ParentCommandLine":"",
         "Payload":"",
         "NewProcessName":"",
         "TokenElevationType":"",
         "TargetImage":"",
         "TargetProcessId":""
      },
      {
         "TimeGenerated":"2021-11-05T23:59:53.671Z",
         "SourceProcessId":"",
         "SourceName":"Microsoft-Windows-Security-Auditing",
         "Hostname":"WORKSTATION5",
         "SourceImage":"",
         "ProviderGuid":"{54849625-5478-4994-a5ba-3e3b0328c30d}",
         "CallTrace":"",
         "Image":"",
         "Level":"0",
         "Channel":"Security",
         "Details":"",
         "EventID":"5156",
         "EventType":"",
         "Keywords":"0x8020000000000000",
         "TargetObject":"",
         "Message":"The Windows Filtering Platform has permitted a connection.\r\n\r\nApplication Information:\r\n\tProcess ID:\t\t3428\r\n\tApplication Name:\t\\device\\harddiskvolume2\\windowsazure\\guestagent_2.7.41491.993_2020-10-08_063613\\guestagent\\windowsazureguestagent.exe\r\n\r\nNetwork Information:\r\n\tDirection:\t\tOutbound\r\n\tSource Address:\t\t192.168.2.5\r\n\tSource Port:\t\t52625\r\n\tDestination Address:\t168.63.129.16\r\n\tDestination Port:\t\t80\r\n\tProtocol:\t\t6\r\n\r\nFilter Information:\r\n\tFilter Run-Time ID:\t69895\r\n\tLayer Name:\t\tConnect\r\n\tLayer Run-Time ID:\t48",
         "RuleName":"",
         "Task":"12810",
         "DestPort":"80",
         "DestAddress":"168.63.129.16",
         "Protocol":"6",
         "ProcessID":"3428",
         "LayerRTID":"48",
         "Application":"\\device\\harddiskvolume2\\windowsazure\\guestagent_2.7.41491.993_2020-10-08_063613\\guestagent\\windowsazureguestagent.exe",
         "SourcePort":"52625",
         "SourceAddress":"192.168.2.5",
         "LayerName":"%%14611",
         "RemoteMachineID":"S-1-0-0",
         "RemoteUserID":"S-1-0-0",
         "ImageLoaded":"",
         "Company":"",
         "Signature":"",
         "Hashes":"",
         "Signed":"",
         "OriginalFileName":"",
         "FileVersion":"",
         "SignatureStatus":"",
         "GrantedAccess":"",
         "SourceThreadID":"",
         "Product":"",
         "SeverityValue":"",
         "ExecutionProcessID":"",
         "host":"",
         "AccountType":"",
         "UserID":"",
         "Opcode":"",
         "SourceModuleType":"",
         "port":"",
         "AccountName":"",
         "RecordNumber":"",
         "Domain":"",
         "OpcodeValue":"",
         "Version":"",
         "Category":"",
         "eventlog":"",
         "CommandLine":"",
         "ParentCommandLine":"",
         "Payload":"",
         "NewProcessName":"",
         "TokenElevationType":"",
         "TargetImage":"",
         "TargetProcessId":""
      },
      {
         "TimeGenerated":"2021-11-05T23:59:56.169Z",
         "SourceProcessId":"",
         "SourceName":"Microsoft-Windows-Security-Auditing",
         "Hostname":"WORKSTATION5",
         "SourceImage":"",
         "ProviderGuid":"{54849625-5478-4994-a5ba-3e3b0328c30d}",
         "CallTrace":"",
         "Image":"",
         "Level":"0",
         "Channel":"Security",
         "Details":"",
         "EventID":"5158",
         "EventType":"",
         "Keywords":"0x8020000000000000",
         "TargetObject":"",
         "Message":"The Windows Filtering Platform has permitted a bind to a local port.\r\n\r\nApplication Information:\r\n\tProcess ID:\t\t4\r\n\tApplication Name:\tSystem\r\n\r\nNetwork Information:\r\n\tSource Address:\t\t::\r\n\tSource Port:\t\t8000\r\n\tProtocol:\t\t6\r\n\r\nFilter Information:\r\n\tFilter Run-Time ID:\t0\r\n\tLayer Name:\t\tResource Assignment\r\n\tLayer Run-Time ID:\t36",
         "RuleName":"",
         "Task":"12810",
         "DestPort":"",
         "DestAddress":"",
         "Protocol":"6",
         "ProcessID":"",
         "LayerRTID":"36",
         "Application":"System",
         "SourcePort":"8000",
         "SourceAddress":"::",
         "LayerName":"%%14608",
         "RemoteMachineID":"",
         "RemoteUserID":"",
         "ImageLoaded":"",
         "Company":"",
         "Signature":"",
         "Hashes":"",
         "Signed":"",
         "OriginalFileName":"",
         "FileVersion":"",
         "SignatureStatus":"",
         "GrantedAccess":"",
         "SourceThreadID":"",
         "Product":"",
         "SeverityValue":"",
         "ExecutionProcessID":"",
         "host":"",
         "AccountType":"",
         "UserID":"",
         "Opcode":"",
         "SourceModuleType":"",
         "port":"",
         "AccountName":"",
         "RecordNumber":"",
         "Domain":"",
         "OpcodeValue":"",
         "Version":"",
         "Category":"",
         "eventlog":"",
         "CommandLine":"",
         "ParentCommandLine":"",
         "Payload":"",
         "NewProcessName":"",
         "TokenElevationType":"",
         "TargetImage":"",
         "TargetProcessId":""
      },
      {
         "TimeGenerated":"2021-11-05T23:59:56.169Z",
         "SourceProcessId":"",
         "SourceName":"Microsoft-Windows-Security-Auditing",
         "Hostname":"WORKSTATION5",
         "SourceImage":"",
         "ProviderGuid":"{54849625-5478-4994-a5ba-3e3b0328c30d}",
         "CallTrace":"",
         "Image":"",
         "Level":"0",
         "Channel":"Security",
         "Details":"",
         "EventID":"5158",
         "EventType":"",
         "Keywords":"0x8020000000000000",
         "TargetObject":"",
         "Message":"The Windows Filtering Platform has permitted a bind to a local port.\r\n\r\nApplication Information:\r\n\tProcess ID:\t\t4\r\n\tApplication Name:\tSystem\r\n\r\nNetwork Information:\r\n\tSource Address:\t\t::\r\n\tSource Port:\t\t8000\r\n\tProtocol:\t\t6\r\n\r\nFilter Information:\r\n\tFilter Run-Time ID:\t0\r\n\tLayer Name:\t\tResource Assignment\r\n\tLayer Run-Time ID:\t38",
         "RuleName":"",
         "Task":"12810",
         "DestPort":"",
         "DestAddress":"",
         "Protocol":"6",
         "ProcessID":"",
         "LayerRTID":"38",
         "Application":"System",
         "SourcePort":"8000",
         "SourceAddress":"::",
         "LayerName":"%%14608",
         "RemoteMachineID":"",
         "RemoteUserID":"",
         "ImageLoaded":"",
         "Company":"",
         "Signature":"",
         "Hashes":"",
         "Signed":"",
         "OriginalFileName":"",
         "FileVersion":"",
         "SignatureStatus":"",
         "GrantedAccess":"",
         "SourceThreadID":"",
         "Product":"",
         "SeverityValue":"",
         "ExecutionProcessID":"",
         "host":"",
         "AccountType":"",
         "UserID":"",
         "Opcode":"",
         "SourceModuleType":"",
         "port":"",
         "AccountName":"",
         "RecordNumber":"",
         "Domain":"",
         "OpcodeValue":"",
         "Version":"",
         "Category":"",
         "eventlog":"",
         "CommandLine":"",
         "ParentCommandLine":"",
         "Payload":"",
         "NewProcessName":"",
         "TokenElevationType":"",
         "TargetImage":"",
         "TargetProcessId":""
      },
      {
         "TimeGenerated":"2021-11-05T23:59:56.169Z",
         "SourceProcessId":"",
         "SourceName":"Microsoft-Windows-Security-Auditing",
         "Hostname":"WORKSTATION5",
         "SourceImage":"",
         "ProviderGuid":"{54849625-5478-4994-a5ba-3e3b0328c30d}",
         "CallTrace":"",
         "Image":"",
         "Level":"0",
         "Channel":"Security",
         "Details":"",
         "EventID":"5154",
         "EventType":"",
         "Keywords":"0x8020000000000000",
         "TargetObject":"",
         "Message":"The Windows Filtering Platform has permitted an application or service to listen on a port for incoming connections.\r\n\r\nApplication Information:\r\n\tProcess ID:\t\t4\r\n\tApplication Name:\tSystem\r\n\r\nNetwork Information:\r\n\tSource Address:\t\t::\r\n\tSource Port:\t\t8000\r\n\tProtocol:\t\t6\r\n\r\nFilter Information:\r\n\tFilter Run-Time ID:\t0\r\n\tLayer Name:\t\tListen\r\n\tLayer Run-Time ID:\t42",
         "RuleName":"",
         "Task":"12810",
         "DestPort":"",
         "DestAddress":"",
         "Protocol":"6",
         "ProcessID":"",
         "LayerRTID":"42",
         "Application":"System",
         "SourcePort":"8000",
         "SourceAddress":"::",
         "LayerName":"%%14609",
         "RemoteMachineID":"",
         "RemoteUserID":"",
         "ImageLoaded":"",
         "Company":"",
         "Signature":"",
         "Hashes":"",
         "Signed":"",
         "OriginalFileName":"",
         "FileVersion":"",
         "SignatureStatus":"",
         "GrantedAccess":"",
         "SourceThreadID":"",
         "Product":"",
         "SeverityValue":"",
         "ExecutionProcessID":"",
         "host":"",
         "AccountType":"",
         "UserID":"",
         "Opcode":"",
         "SourceModuleType":"",
         "port":"",
         "AccountName":"",
         "RecordNumber":"",
         "Domain":"",
         "OpcodeValue":"",
         "Version":"",
         "Category":"",
         "eventlog":"",
         "CommandLine":"",
         "ParentCommandLine":"",
         "Payload":"",
         "NewProcessName":"",
         "TokenElevationType":"",
         "TargetImage":"",
         "TargetProcessId":""
      },
      {
         "TimeGenerated":"2021-11-05T23:59:52.313Z",
         "SourceProcessId":"944",
         "SourceName":"Microsoft-Windows-Sysmon",
         "Hostname":"WORKSTATION5",
         "SourceImage":"C:\\windows\\system32\\svchost.exe",
         "ProviderGuid":"{5770385f-c22a-43e0-bf4c-06f5698ffbd9}",
         "CallTrace":"C:\\windows\\SYSTEM32\\ntdll.dll+9c584|C:\\windows\\SYSTEM32\\psmserviceexthost.dll+222a3|C:\\windows\\SYSTEM32\\psmserviceexthost.dll+37ea0|C:\\windows\\SYSTEM32\\psmserviceexthost.dll+37929|C:\\windows\\SYSTEM32\\psmserviceexthost.dll+686f8|C:\\windows\\SYSTEM32\\psmserviceexthost.dll+6e84a|C:\\windows\\SYSTEM32\\psmserviceexthost.dll+6f700|C:\\windows\\SYSTEM32\\psmserviceexthost.dll+34be4|C:\\windows\\SYSTEM32\\psmserviceexthost.dll+6f63e|C:\\windows\\SYSTEM32\\psmserviceexthost.dll+713b5|C:\\windows\\SYSTEM32\\psmserviceexthost.dll+50bda|C:\\windows\\SYSTEM32\\psmserviceexthost.dll+4500a|C:\\windows\\System32\\KERNEL32.DLL+17c24|C:\\windows\\SYSTEM32\\ntdll.dll+6cea1",
         "Image":"",
         "Level":"4",
         "Channel":"Microsoft-Windows-Sysmon/Operational",
         "Details":"",
         "EventID":"10",
         "EventType":"",
         "Keywords":"0x8000000000000000",
         "TargetObject":"",
         "Message":"Process accessed:\r\nRuleName: -\r\nUtcTime: 2020-11-02 09:12:57.961\r\nSourceProcessGUID: {39e4a257-f132-5f8b-1000-000000000700}\r\nSourceProcessId: 944\r\nSourceThreadId: 1060\r\nSourceImage: C:\\windows\\system32\\svchost.exe\r\nTargetProcessGUID: {39e4a257-f247-5f8b-d300-000000000700}\r\nTargetProcessId: 4368\r\nTargetImage: C:\\Windows\\SystemApps\\InputApp_cw5n1h2txyewy\\WindowsInternal.ComposableShell.Experiences.TextInput.InputApp.exe\r\nGrantedAccess: 0x1000\r\nCallTrace: C:\\windows\\SYSTEM32\\ntdll.dll+9c584|C:\\windows\\SYSTEM32\\psmserviceexthost.dll+222a3|C:\\windows\\SYSTEM32\\psmserviceexthost.dll+37ea0|C:\\windows\\SYSTEM32\\psmserviceexthost.dll+37929|C:\\windows\\SYSTEM32\\psmserviceexthost.dll+686f8|C:\\windows\\SYSTEM32\\psmserviceexthost.dll+6e84a|C:\\windows\\SYSTEM32\\psmserviceexthost.dll+6f700|C:\\windows\\SYSTEM32\\psmserviceexthost.dll+34be4|C:\\windows\\SYSTEM32\\psmserviceexthost.dll+6f63e|C:\\windows\\SYSTEM32\\psmserviceexthost.dll+713b5|C:\\windows\\SYSTEM32\\psmserviceexthost.dll+50bda|C:\\windows\\SYSTEM32\\psmserviceexthost.dll+4500a|C:\\windows\\System32\\KERNEL32.DLL+17c24|C:\\windows\\SYSTEM32\\ntdll.dll+6cea1",
         "RuleName":"-",
         "Task":"10",
         "DestPort":"",
         "DestAddress":"",
         "Protocol":"",
         "ProcessID":"",
         "LayerRTID":"",
         "Application":"",
         "SourcePort":"",
         "SourceAddress":"",
         "LayerName":"",
         "RemoteMachineID":"",
         "RemoteUserID":"",
         "ImageLoaded":"",
         "Company":"",
         "Signature":"",
         "Hashes":"",
         "Signed":"",
         "OriginalFileName":"",
         "FileVersion":"",
         "SignatureStatus":"",
         "GrantedAccess":"0x1000",
         "SourceThreadID":"",
         "Product":"",
         "SeverityValue":"",
         "ExecutionProcessID":"",
         "host":"",
         "AccountType":"",
         "UserID":"",
         "Opcode":"",
         "SourceModuleType":"",
         "port":"",
         "AccountName":"",
         "RecordNumber":"",
         "Domain":"",
         "OpcodeValue":"",
         "Version":"",
         "Category":"",
         "eventlog":"",
         "CommandLine":"",
         "ParentCommandLine":"",
         "Payload":"",
         "NewProcessName":"",
         "TokenElevationType":"",
         "TargetImage":"C:\\Windows\\SystemApps\\InputApp_cw5n1h2txyewy\\WindowsInternal.ComposableShell.Experiences.TextInput.InputApp.exe",
         "TargetProcessId":"4368"
      },
      {
         "TimeGenerated":"2021-11-05T23:59:52.313Z",
         "SourceProcessId":"944",
         "SourceName":"Microsoft-Windows-Sysmon",
         "Hostname":"WORKSTATION5",
         "SourceImage":"C:\\windows\\system32\\svchost.exe",
         "ProviderGuid":"{5770385f-c22a-43e0-bf4c-06f5698ffbd9}",
         "CallTrace":"C:\\windows\\SYSTEM32\\ntdll.dll+9c584|C:\\windows\\SYSTEM32\\psmserviceexthost.dll+222a3|C:\\windows\\SYSTEM32\\psmserviceexthost.dll+37ea0|C:\\windows\\SYSTEM32\\psmserviceexthost.dll+37929|C:\\windows\\SYSTEM32\\psmserviceexthost.dll+686f8|C:\\windows\\SYSTEM32\\psmserviceexthost.dll+6e84a|C:\\windows\\SYSTEM32\\psmserviceexthost.dll+6f700|C:\\windows\\SYSTEM32\\psmserviceexthost.dll+34be4|C:\\windows\\SYSTEM32\\psmserviceexthost.dll+6f63e|C:\\windows\\SYSTEM32\\psmserviceexthost.dll+713b5|C:\\windows\\SYSTEM32\\psmserviceexthost.dll+50bda|C:\\windows\\SYSTEM32\\psmserviceexthost.dll+4500a|C:\\windows\\System32\\KERNEL32.DLL+17c24|C:\\windows\\SYSTEM32\\ntdll.dll+6cea1",
         "Image":"",
         "Level":"4",
         "Channel":"Microsoft-Windows-Sysmon/Operational",
         "Details":"",
         "EventID":"10",
         "EventType":"",
         "Keywords":"0x8000000000000000",
         "TargetObject":"",
         "Message":"Process accessed:\r\nRuleName: -\r\nUtcTime: 2020-11-02 09:12:57.961\r\nSourceProcessGUID: {39e4a257-f132-5f8b-1000-000000000700}\r\nSourceProcessId: 944\r\nSourceThreadId: 1060\r\nSourceImage: C:\\windows\\system32\\svchost.exe\r\nTargetProcessGUID: {39e4a257-cd84-5f9f-fb49-000000000700}\r\nTargetProcessId: 14064\r\nTargetImage: C:\\windows\\system32\\backgroundTaskHost.exe\r\nGrantedAccess: 0x1000\r\nCallTrace: C:\\windows\\SYSTEM32\\ntdll.dll+9c584|C:\\windows\\SYSTEM32\\psmserviceexthost.dll+222a3|C:\\windows\\SYSTEM32\\psmserviceexthost.dll+37ea0|C:\\windows\\SYSTEM32\\psmserviceexthost.dll+37929|C:\\windows\\SYSTEM32\\psmserviceexthost.dll+686f8|C:\\windows\\SYSTEM32\\psmserviceexthost.dll+6e84a|C:\\windows\\SYSTEM32\\psmserviceexthost.dll+6f700|C:\\windows\\SYSTEM32\\psmserviceexthost.dll+34be4|C:\\windows\\SYSTEM32\\psmserviceexthost.dll+6f63e|C:\\windows\\SYSTEM32\\psmserviceexthost.dll+713b5|C:\\windows\\SYSTEM32\\psmserviceexthost.dll+50bda|C:\\windows\\SYSTEM32\\psmserviceexthost.dll+4500a|C:\\windows\\System32\\KERNEL32.DLL+17c24|C:\\windows\\SYSTEM32\\ntdll.dll+6cea1",
         "RuleName":"-",
         "Task":"10",
         "DestPort":"",
         "DestAddress":"",
         "Protocol":"",
         "ProcessID":"",
         "LayerRTID":"",
         "Application":"",
         "SourcePort":"",
         "SourceAddress":"",
         "LayerName":"",
         "RemoteMachineID":"",
         "RemoteUserID":"",
         "ImageLoaded":"",
         "Company":"",
         "Signature":"",
         "Hashes":"",
         "Signed":"",
         "OriginalFileName":"",
         "FileVersion":"",
         "SignatureStatus":"",
         "GrantedAccess":"0x1000",
         "SourceThreadID":"",
         "Product":"",
         "SeverityValue":"",
         "ExecutionProcessID":"",
         "host":"",
         "AccountType":"",
         "UserID":"",
         "Opcode":"",
         "SourceModuleType":"",
         "port":"",
         "AccountName":"",
         "RecordNumber":"",
         "Domain":"",
         "OpcodeValue":"",
         "Version":"",
         "Category":"",
         "eventlog":"",
         "CommandLine":"",
         "ParentCommandLine":"",
         "Payload":"",
         "NewProcessName":"",
         "TokenElevationType":"",
         "TargetImage":"C:\\windows\\system32\\backgroundTaskHost.exe",
         "TargetProcessId":"14064"
      },
      {
         "TimeGenerated":"2021-11-05T23:59:52.515Z",
         "SourceProcessId":"",
         "SourceName":"Microsoft-Windows-Sysmon",
         "Hostname":"WORKSTATION5",
         "SourceImage":"",
         "ProviderGuid":"{5770385f-c22a-43e0-bf4c-06f5698ffbd9}",
         "CallTrace":"",
         "Image":"C:\\windows\\Explorer.EXE",
         "Level":"4",
         "Channel":"Microsoft-Windows-Sysmon/Operational",
         "Details":"Binary Data",
         "EventID":"13",
         "EventType":"SetValue",
         "Keywords":"0x8000000000000000",
         "TargetObject":"HKU\\S-1-5-21-3940915590-64593676-1414006259-500\\Software\\Microsoft\\Windows\\CurrentVersion\\Explorer\\UserAssist\\{CEBFF5CD-ACE2-4F4F-9178-9926F41749EA}\\Count\\{1NP14R77-02R7-4R5Q-O744-2RO1NR5198O7}\\JvaqbjfCbjreFuryy\\i1.0\\cbjrefuryy.rkr",
         "Message":"Registry value set:\r\nRuleName: -\r\nEventType: SetValue\r\nUtcTime: 2020-11-02 09:12:58.164\r\nProcessGuid: {39e4a257-f1b3-5f8b-a700-000000000700}\r\nProcessId: 1072\r\nImage: C:\\windows\\Explorer.EXE\r\nTargetObject: HKU\\S-1-5-21-3940915590-64593676-1414006259-500\\Software\\Microsoft\\Windows\\CurrentVersion\\Explorer\\UserAssist\\{CEBFF5CD-ACE2-4F4F-9178-9926F41749EA}\\Count\\{1NP14R77-02R7-4R5Q-O744-2RO1NR5198O7}\\JvaqbjfCbjreFuryy\\i1.0\\cbjrefuryy.rkr\r\nDetails: Binary Data",
         "RuleName":"-",
         "Task":"13",
         "DestPort":"",
         "DestAddress":"",
         "Protocol":"",
         "ProcessID":"",
         "LayerRTID":"",
         "Application":"",
         "SourcePort":"",
         "SourceAddress":"",
         "LayerName":"",
         "RemoteMachineID":"",
         "RemoteUserID":"",
         "ImageLoaded":"",
         "Company":"",
         "Signature":"",
         "Hashes":"",
         "Signed":"",
         "OriginalFileName":"",
         "FileVersion":"",
         "SignatureStatus":"",
         "GrantedAccess":"",
         "SourceThreadID":"",
         "Product":"",
         "SeverityValue":"",
         "ExecutionProcessID":"",
         "host":"",
         "AccountType":"",
         "UserID":"",
         "Opcode":"",
         "SourceModuleType":"",
         "port":"",
         "AccountName":"",
         "RecordNumber":"",
         "Domain":"",
         "OpcodeValue":"",
         "Version":"",
         "Category":"",
         "eventlog":"",
         "CommandLine":"",
         "ParentCommandLine":"",
         "Payload":"",
         "NewProcessName":"",
         "TokenElevationType":"",
         "TargetImage":"",
         "TargetProcessId":""
      },
      {
         "TimeGenerated":"2021-11-05T23:59:52.515Z",
         "SourceProcessId":"",
         "SourceName":"Microsoft-Windows-Sysmon",
         "Hostname":"WORKSTATION5",
         "SourceImage":"",
         "ProviderGuid":"{5770385f-c22a-43e0-bf4c-06f5698ffbd9}",
         "CallTrace":"",
         "Image":"C:\\windows\\Explorer.EXE",
         "Level":"4",
         "Channel":"Microsoft-Windows-Sysmon/Operational",
         "Details":"Binary Data",
         "EventID":"13",
         "EventType":"SetValue",
         "Keywords":"0x8000000000000000",
         "TargetObject":"HKU\\S-1-5-21-3940915590-64593676-1414006259-500\\Software\\Microsoft\\Windows\\CurrentVersion\\Explorer\\UserAssist\\{CEBFF5CD-ACE2-4F4F-9178-9926F41749EA}\\Count\\HRZR_PGYFRFFVBA",
         "Message":"Registry value set:\r\nRuleName: -\r\nEventType: SetValue\r\nUtcTime: 2020-11-02 09:12:58.164\r\nProcessGuid: {39e4a257-f1b3-5f8b-a700-000000000700}\r\nProcessId: 1072\r\nImage: C:\\windows\\Explorer.EXE\r\nTargetObject: HKU\\S-1-5-21-3940915590-64593676-1414006259-500\\Software\\Microsoft\\Windows\\CurrentVersion\\Explorer\\UserAssist\\{CEBFF5CD-ACE2-4F4F-9178-9926F41749EA}\\Count\\HRZR_PGYFRFFVBA\r\nDetails: Binary Data",
         "RuleName":"-",
         "Task":"13",
         "DestPort":"",
         "DestAddress":"",
         "Protocol":"",
         "ProcessID":"",
         "LayerRTID":"",
         "Application":"",
         "SourcePort":"",
         "SourceAddress":"",
         "LayerName":"",
         "RemoteMachineID":"",
         "RemoteUserID":"",
         "ImageLoaded":"",
         "Company":"",
         "Signature":"",
         "Hashes":"",
         "Signed":"",
         "OriginalFileName":"",
         "FileVersion":"",
         "SignatureStatus":"",
         "GrantedAccess":"",
         "SourceThreadID":"",
         "Product":"",
         "SeverityValue":"",
         "ExecutionProcessID":"",
         "host":"",
         "AccountType":"",
         "UserID":"",
         "Opcode":"",
         "SourceModuleType":"",
         "port":"",
         "AccountName":"",
         "RecordNumber":"",
         "Domain":"",
         "OpcodeValue":"",
         "Version":"",
         "Category":"",
         "eventlog":"",
         "CommandLine":"",
         "ParentCommandLine":"",
         "Payload":"",
         "NewProcessName":"",
         "TokenElevationType":"",
         "TargetImage":"",
         "TargetProcessId":""
      },
      {
         "TimeGenerated":"2021-11-05T23:59:53.314Z",
         "SourceProcessId":"944",
         "SourceName":"Microsoft-Windows-Sysmon",
         "Hostname":"WORKSTATION5",
         "SourceImage":"C:\\windows\\system32\\svchost.exe",
         "ProviderGuid":"{5770385f-c22a-43e0-bf4c-06f5698ffbd9}",
         "CallTrace":"C:\\windows\\SYSTEM32\\ntdll.dll+9c584|C:\\windows\\SYSTEM32\\psmserviceexthost.dll+222a3|C:\\windows\\SYSTEM32\\psmserviceexthost.dll+37ea0|C:\\windows\\SYSTEM32\\psmserviceexthost.dll+37929|C:\\windows\\SYSTEM32\\psmserviceexthost.dll+686f8|C:\\windows\\SYSTEM32\\psmserviceexthost.dll+6e84a|C:\\windows\\SYSTEM32\\psmserviceexthost.dll+6f700|C:\\windows\\SYSTEM32\\psmserviceexthost.dll+34be4|C:\\windows\\SYSTEM32\\psmserviceexthost.dll+6f63e|C:\\windows\\SYSTEM32\\psmserviceexthost.dll+713b5|C:\\windows\\SYSTEM32\\psmserviceexthost.dll+50bda|C:\\windows\\SYSTEM32\\psmserviceexthost.dll+4500a|C:\\windows\\System32\\KERNEL32.DLL+17c24|C:\\windows\\SYSTEM32\\ntdll.dll+6cea1",
         "Image":"",
         "Level":"4",
         "Channel":"Microsoft-Windows-Sysmon/Operational",
         "Details":"",
         "EventID":"10",
         "EventType":"",
         "Keywords":"0x8000000000000000",
         "TargetObject":"",
         "Message":"Process accessed:\r\nRuleName: -\r\nUtcTime: 2020-11-02 09:12:58.961\r\nSourceProcessGUID: {39e4a257-f132-5f8b-1000-000000000700}\r\nSourceProcessId: 944\r\nSourceThreadId: 1060\r\nSourceImage: C:\\windows\\system32\\svchost.exe\r\nTargetProcessGUID: {39e4a257-f247-5f8b-d300-000000000700}\r\nTargetProcessId: 4368\r\nTargetImage: C:\\Windows\\SystemApps\\InputApp_cw5n1h2txyewy\\WindowsInternal.ComposableShell.Experiences.TextInput.InputApp.exe\r\nGrantedAccess: 0x1000\r\nCallTrace: C:\\windows\\SYSTEM32\\ntdll.dll+9c584|C:\\windows\\SYSTEM32\\psmserviceexthost.dll+222a3|C:\\windows\\SYSTEM32\\psmserviceexthost.dll+37ea0|C:\\windows\\SYSTEM32\\psmserviceexthost.dll+37929|C:\\windows\\SYSTEM32\\psmserviceexthost.dll+686f8|C:\\windows\\SYSTEM32\\psmserviceexthost.dll+6e84a|C:\\windows\\SYSTEM32\\psmserviceexthost.dll+6f700|C:\\windows\\SYSTEM32\\psmserviceexthost.dll+34be4|C:\\windows\\SYSTEM32\\psmserviceexthost.dll+6f63e|C:\\windows\\SYSTEM32\\psmserviceexthost.dll+713b5|C:\\windows\\SYSTEM32\\psmserviceexthost.dll+50bda|C:\\windows\\SYSTEM32\\psmserviceexthost.dll+4500a|C:\\windows\\System32\\KERNEL32.DLL+17c24|C:\\windows\\SYSTEM32\\ntdll.dll+6cea1",
         "RuleName":"-",
         "Task":"10",
         "DestPort":"",
         "DestAddress":"",
         "Protocol":"",
         "ProcessID":"",
         "LayerRTID":"",
         "Application":"",
         "SourcePort":"",
         "SourceAddress":"",
         "LayerName":"",
         "RemoteMachineID":"",
         "RemoteUserID":"",
         "ImageLoaded":"",
         "Company":"",
         "Signature":"",
         "Hashes":"",
         "Signed":"",
         "OriginalFileName":"",
         "FileVersion":"",
         "SignatureStatus":"",
         "GrantedAccess":"0x1000",
         "SourceThreadID":"",
         "Product":"",
         "SeverityValue":"",
         "ExecutionProcessID":"",
         "host":"",
         "AccountType":"",
         "UserID":"",
         "Opcode":"",
         "SourceModuleType":"",
         "port":"",
         "AccountName":"",
         "RecordNumber":"",
         "Domain":"",
         "OpcodeValue":"",
         "Version":"",
         "Category":"",
         "eventlog":"",
         "CommandLine":"",
         "ParentCommandLine":"",
         "Payload":"",
         "NewProcessName":"",
         "TokenElevationType":"",
         "TargetImage":"C:\\Windows\\SystemApps\\InputApp_cw5n1h2txyewy\\WindowsInternal.ComposableShell.Experiences.TextInput.InputApp.exe",
         "TargetProcessId":"4368"
      },
      {
         "TimeGenerated":"2021-11-05T23:59:53.314Z",
         "SourceProcessId":"944",
         "SourceName":"Microsoft-Windows-Sysmon",
         "Hostname":"WORKSTATION5",
         "SourceImage":"C:\\windows\\system32\\svchost.exe",
         "ProviderGuid":"{5770385f-c22a-43e0-bf4c-06f5698ffbd9}",
         "CallTrace":"C:\\windows\\SYSTEM32\\ntdll.dll+9c584|C:\\windows\\SYSTEM32\\psmserviceexthost.dll+222a3|C:\\windows\\SYSTEM32\\psmserviceexthost.dll+37ea0|C:\\windows\\SYSTEM32\\psmserviceexthost.dll+37929|C:\\windows\\SYSTEM32\\psmserviceexthost.dll+686f8|C:\\windows\\SYSTEM32\\psmserviceexthost.dll+6e84a|C:\\windows\\SYSTEM32\\psmserviceexthost.dll+6f700|C:\\windows\\SYSTEM32\\psmserviceexthost.dll+34be4|C:\\windows\\SYSTEM32\\psmserviceexthost.dll+6f63e|C:\\windows\\SYSTEM32\\psmserviceexthost.dll+713b5|C:\\windows\\SYSTEM32\\psmserviceexthost.dll+50bda|C:\\windows\\SYSTEM32\\psmserviceexthost.dll+4500a|C:\\windows\\System32\\KERNEL32.DLL+17c24|C:\\windows\\SYSTEM32\\ntdll.dll+6cea1",
         "Image":"",
         "Level":"4",
         "Channel":"Microsoft-Windows-Sysmon/Operational",
         "Details":"",
         "EventID":"10",
         "EventType":"",
         "Keywords":"0x8000000000000000",
         "TargetObject":"",
         "Message":"Process accessed:\r\nRuleName: -\r\nUtcTime: 2020-11-02 09:12:58.961\r\nSourceProcessGUID: {39e4a257-f132-5f8b-1000-000000000700}\r\nSourceProcessId: 944\r\nSourceThreadId: 1060\r\nSourceImage: C:\\windows\\system32\\svchost.exe\r\nTargetProcessGUID: {39e4a257-cd84-5f9f-fb49-000000000700}\r\nTargetProcessId: 14064\r\nTargetImage: C:\\windows\\system32\\backgroundTaskHost.exe\r\nGrantedAccess: 0x1000\r\nCallTrace: C:\\windows\\SYSTEM32\\ntdll.dll+9c584|C:\\windows\\SYSTEM32\\psmserviceexthost.dll+222a3|C:\\windows\\SYSTEM32\\psmserviceexthost.dll+37ea0|C:\\windows\\SYSTEM32\\psmserviceexthost.dll+37929|C:\\windows\\SYSTEM32\\psmserviceexthost.dll+686f8|C:\\windows\\SYSTEM32\\psmserviceexthost.dll+6e84a|C:\\windows\\SYSTEM32\\psmserviceexthost.dll+6f700|C:\\windows\\SYSTEM32\\psmserviceexthost.dll+34be4|C:\\windows\\SYSTEM32\\psmserviceexthost.dll+6f63e|C:\\windows\\SYSTEM32\\psmserviceexthost.dll+713b5|C:\\windows\\SYSTEM32\\psmserviceexthost.dll+50bda|C:\\windows\\SYSTEM32\\psmserviceexthost.dll+4500a|C:\\windows\\System32\\KERNEL32.DLL+17c24|C:\\windows\\SYSTEM32\\ntdll.dll+6cea1",
         "RuleName":"-",
         "Task":"10",
         "DestPort":"",
         "DestAddress":"",
         "Protocol":"",
         "ProcessID":"",
         "LayerRTID":"",
         "Application":"",
         "SourcePort":"",
         "SourceAddress":"",
         "LayerName":"",
         "RemoteMachineID":"",
         "RemoteUserID":"",
         "ImageLoaded":"",
         "Company":"",
         "Signature":"",
         "Hashes":"",
         "Signed":"",
         "OriginalFileName":"",
         "FileVersion":"",
         "SignatureStatus":"",
         "GrantedAccess":"0x1000",
         "SourceThreadID":"",
         "Product":"",
         "SeverityValue":"",
         "ExecutionProcessID":"",
         "host":"",
         "AccountType":"",
         "UserID":"",
         "Opcode":"",
         "SourceModuleType":"",
         "port":"",
         "AccountName":"",
         "RecordNumber":"",
         "Domain":"",
         "OpcodeValue":"",
         "Version":"",
         "Category":"",
         "eventlog":"",
         "CommandLine":"",
         "ParentCommandLine":"",
         "Payload":"",
         "NewProcessName":"",
         "TokenElevationType":"",
         "TargetImage":"C:\\windows\\system32\\backgroundTaskHost.exe",
         "TargetProcessId":"14064"
      },
      {
         "TimeGenerated":"2021-11-05T23:59:54.094Z",
         "SourceProcessId":"1072",
         "SourceName":"Microsoft-Windows-Sysmon",
         "Hostname":"WORKSTATION5",
         "SourceImage":"C:\\windows\\Explorer.EXE",
         "ProviderGuid":"{5770385f-c22a-43e0-bf4c-06f5698ffbd9}",
         "CallTrace":"C:\\windows\\SYSTEM32\\ntdll.dll+9c584|C:\\windows\\System32\\KERNELBASE.dll+305fe|C:\\windows\\system32\\twinui.dll+72a89|C:\\windows\\SYSTEM32\\ntdll.dll+30729|C:\\windows\\SYSTEM32\\ntdll.dll+345b4|C:\\windows\\System32\\KERNEL32.DLL+17c24|C:\\windows\\SYSTEM32\\ntdll.dll+6cea1",
         "Image":"",
         "Level":"4",
         "Channel":"Microsoft-Windows-Sysmon/Operational",
         "Details":"",
         "EventID":"10",
         "EventType":"",
         "Keywords":"0x8000000000000000",
         "TargetObject":"",
         "Message":"Process accessed:\r\nRuleName: -\r\nUtcTime: 2020-11-02 09:12:59.743\r\nSourceProcessGUID: {39e4a257-f1b3-5f8b-a700-000000000700}\r\nSourceProcessId: 1072\r\nSourceThreadId: 12740\r\nSourceImage: C:\\windows\\Explorer.EXE\r\nTargetProcessGUID: {39e4a257-f247-5f8b-d300-000000000700}\r\nTargetProcessId: 4368\r\nTargetImage: C:\\Windows\\SystemApps\\InputApp_cw5n1h2txyewy\\WindowsInternal.ComposableShell.Experiences.TextInput.InputApp.exe\r\nGrantedAccess: 0x2000\r\nCallTrace: C:\\windows\\SYSTEM32\\ntdll.dll+9c584|C:\\windows\\System32\\KERNELBASE.dll+305fe|C:\\windows\\system32\\twinui.dll+72a89|C:\\windows\\SYSTEM32\\ntdll.dll+30729|C:\\windows\\SYSTEM32\\ntdll.dll+345b4|C:\\windows\\System32\\KERNEL32.DLL+17c24|C:\\windows\\SYSTEM32\\ntdll.dll+6cea1",
         "RuleName":"-",
         "Task":"10",
         "DestPort":"",
         "DestAddress":"",
         "Protocol":"",
         "ProcessID":"",
         "LayerRTID":"",
         "Application":"",
         "SourcePort":"",
         "SourceAddress":"",
         "LayerName":"",
         "RemoteMachineID":"",
         "RemoteUserID":"",
         "ImageLoaded":"",
         "Company":"",
         "Signature":"",
         "Hashes":"",
         "Signed":"",
         "OriginalFileName":"",
         "FileVersion":"",
         "SignatureStatus":"",
         "GrantedAccess":"0x2000",
         "SourceThreadID":"",
         "Product":"",
         "SeverityValue":"",
         "ExecutionProcessID":"",
         "host":"",
         "AccountType":"",
         "UserID":"",
         "Opcode":"",
         "SourceModuleType":"",
         "port":"",
         "AccountName":"",
         "RecordNumber":"",
         "Domain":"",
         "OpcodeValue":"",
         "Version":"",
         "Category":"",
         "eventlog":"",
         "CommandLine":"",
         "ParentCommandLine":"",
         "Payload":"",
         "NewProcessName":"",
         "TokenElevationType":"",
         "TargetImage":"C:\\Windows\\SystemApps\\InputApp_cw5n1h2txyewy\\WindowsInternal.ComposableShell.Experiences.TextInput.InputApp.exe",
         "TargetProcessId":"4368"
      },
      {
         "TimeGenerated":"2021-11-05T23:59:54.094Z",
         "SourceProcessId":"1072",
         "SourceName":"Microsoft-Windows-Sysmon",
         "Hostname":"WORKSTATION5",
         "SourceImage":"C:\\windows\\Explorer.EXE",
         "ProviderGuid":"{5770385f-c22a-43e0-bf4c-06f5698ffbd9}",
         "CallTrace":"C:\\windows\\SYSTEM32\\ntdll.dll+9c584|C:\\windows\\System32\\KERNELBASE.dll+305fe|C:\\windows\\system32\\twinui.dll+72a89|C:\\windows\\SYSTEM32\\ntdll.dll+30729|C:\\windows\\SYSTEM32\\ntdll.dll+345b4|C:\\windows\\System32\\KERNEL32.DLL+17c24|C:\\windows\\SYSTEM32\\ntdll.dll+6cea1",
         "Image":"",
         "Level":"4",
         "Channel":"Microsoft-Windows-Sysmon/Operational",
         "Details":"",
         "EventID":"10",
         "EventType":"",
         "Keywords":"0x8000000000000000",
         "TargetObject":"",
         "Message":"Process accessed:\r\nRuleName: -\r\nUtcTime: 2020-11-02 09:12:59.743\r\nSourceProcessGUID: {39e4a257-f1b3-5f8b-a700-000000000700}\r\nSourceProcessId: 1072\r\nSourceThreadId: 12740\r\nSourceImage: C:\\windows\\Explorer.EXE\r\nTargetProcessGUID: {39e4a257-41a0-5f9a-2d36-000000000700}\r\nTargetProcessId: 13264\r\nTargetImage: C:\\Windows\\System32\\WindowsPowerShell\\v1.0\\powershell.exe\r\nGrantedAccess: 0x2000\r\nCallTrace: C:\\windows\\SYSTEM32\\ntdll.dll+9c584|C:\\windows\\System32\\KERNELBASE.dll+305fe|C:\\windows\\system32\\twinui.dll+72a89|C:\\windows\\SYSTEM32\\ntdll.dll+30729|C:\\windows\\SYSTEM32\\ntdll.dll+345b4|C:\\windows\\System32\\KERNEL32.DLL+17c24|C:\\windows\\SYSTEM32\\ntdll.dll+6cea1",
         "RuleName":"-",
         "Task":"10",
         "DestPort":"",
         "DestAddress":"",
         "Protocol":"",
         "ProcessID":"",
         "LayerRTID":"",
         "Application":"",
         "SourcePort":"",
         "SourceAddress":"",
         "LayerName":"",
         "RemoteMachineID":"",
         "RemoteUserID":"",
         "ImageLoaded":"",
         "Company":"",
         "Signature":"",
         "Hashes":"",
         "Signed":"",
         "OriginalFileName":"",
         "FileVersion":"",
         "SignatureStatus":"",
         "GrantedAccess":"0x2000",
         "SourceThreadID":"",
         "Product":"",
         "SeverityValue":"",
         "ExecutionProcessID":"",
         "host":"",
         "AccountType":"",
         "UserID":"",
         "Opcode":"",
         "SourceModuleType":"",
         "port":"",
         "AccountName":"",
         "RecordNumber":"",
         "Domain":"",
         "OpcodeValue":"",
         "Version":"",
         "Category":"",
         "eventlog":"",
         "CommandLine":"",
         "ParentCommandLine":"",
         "Payload":"",
         "NewProcessName":"",
         "TokenElevationType":"",
         "TargetImage":"C:\\Windows\\System32\\WindowsPowerShell\\v1.0\\powershell.exe",
         "TargetProcessId":"13264"
      },
      {
         "TimeGenerated":"2021-11-05T23:59:54.094Z",
         "SourceProcessId":"1072",
         "SourceName":"Microsoft-Windows-Sysmon",
         "Hostname":"WORKSTATION5",
         "SourceImage":"C:\\windows\\Explorer.EXE",
         "ProviderGuid":"{5770385f-c22a-43e0-bf4c-06f5698ffbd9}",
         "CallTrace":"C:\\windows\\SYSTEM32\\ntdll.dll+9c584|C:\\windows\\System32\\KERNELBASE.dll+305fe|C:\\windows\\system32\\twinui.dll+72a89|C:\\windows\\SYSTEM32\\ntdll.dll+30729|C:\\windows\\SYSTEM32\\ntdll.dll+345b4|C:\\windows\\System32\\KERNEL32.DLL+17c24|C:\\windows\\SYSTEM32\\ntdll.dll+6cea1",
         "Image":"",
         "Level":"4",
         "Channel":"Microsoft-Windows-Sysmon/Operational",
         "Details":"",
         "EventID":"10",
         "EventType":"",
         "Keywords":"0x8000000000000000",
         "TargetObject":"",
         "Message":"Process accessed:\r\nRuleName: -\r\nUtcTime: 2020-11-02 09:12:59.743\r\nSourceProcessGUID: {39e4a257-f1b3-5f8b-a700-000000000700}\r\nSourceProcessId: 1072\r\nSourceThreadId: 12740\r\nSourceImage: C:\\windows\\Explorer.EXE\r\nTargetProcessGUID: {39e4a257-cd82-5f9f-f949-000000000700}\r\nTargetProcessId: 10668\r\nTargetImage: C:\\Windows\\System32\\WindowsPowerShell\\v1.0\\powershell.exe\r\nGrantedAccess: 0x2000\r\nCallTrace: C:\\windows\\SYSTEM32\\ntdll.dll+9c584|C:\\windows\\System32\\KERNELBASE.dll+305fe|C:\\windows\\system32\\twinui.dll+72a89|C:\\windows\\SYSTEM32\\ntdll.dll+30729|C:\\windows\\SYSTEM32\\ntdll.dll+345b4|C:\\windows\\System32\\KERNEL32.DLL+17c24|C:\\windows\\SYSTEM32\\ntdll.dll+6cea1",
         "RuleName":"-",
         "Task":"10",
         "DestPort":"",
         "DestAddress":"",
         "Protocol":"",
         "ProcessID":"",
         "LayerRTID":"",
         "Application":"",
         "SourcePort":"",
         "SourceAddress":"",
         "LayerName":"",
         "RemoteMachineID":"",
         "RemoteUserID":"",
         "ImageLoaded":"",
         "Company":"",
         "Signature":"",
         "Hashes":"",
         "Signed":"",
         "OriginalFileName":"",
         "FileVersion":"",
         "SignatureStatus":"",
         "GrantedAccess":"0x2000",
         "SourceThreadID":"",
         "Product":"",
         "SeverityValue":"",
         "ExecutionProcessID":"",
         "host":"",
         "AccountType":"",
         "UserID":"",
         "Opcode":"",
         "SourceModuleType":"",
         "port":"",
         "AccountName":"",
         "RecordNumber":"",
         "Domain":"",
         "OpcodeValue":"",
         "Version":"",
         "Category":"",
         "eventlog":"",
         "CommandLine":"",
         "ParentCommandLine":"",
         "Payload":"",
         "NewProcessName":"",
         "TokenElevationType":"",
         "TargetImage":"C:\\Windows\\System32\\WindowsPowerShell\\v1.0\\powershell.exe",
         "TargetProcessId":"10668"
      },
      {
         "TimeGenerated":"2021-11-05T23:59:54.314Z",
         "SourceProcessId":"944",
         "SourceName":"Microsoft-Windows-Sysmon",
         "Hostname":"WORKSTATION5",
         "SourceImage":"C:\\windows\\system32\\svchost.exe",
         "ProviderGuid":"{5770385f-c22a-43e0-bf4c-06f5698ffbd9}",
         "CallTrace":"C:\\windows\\SYSTEM32\\ntdll.dll+9c584|C:\\windows\\SYSTEM32\\psmserviceexthost.dll+222a3|C:\\windows\\SYSTEM32\\psmserviceexthost.dll+37ea0|C:\\windows\\SYSTEM32\\psmserviceexthost.dll+37929|C:\\windows\\SYSTEM32\\psmserviceexthost.dll+686f8|C:\\windows\\SYSTEM32\\psmserviceexthost.dll+6e84a|C:\\windows\\SYSTEM32\\psmserviceexthost.dll+6f700|C:\\windows\\SYSTEM32\\psmserviceexthost.dll+34be4|C:\\windows\\SYSTEM32\\psmserviceexthost.dll+6f63e|C:\\windows\\SYSTEM32\\psmserviceexthost.dll+713b5|C:\\windows\\SYSTEM32\\psmserviceexthost.dll+50bda|C:\\windows\\SYSTEM32\\psmserviceexthost.dll+4500a|C:\\windows\\System32\\KERNEL32.DLL+17c24|C:\\windows\\SYSTEM32\\ntdll.dll+6cea1",
         "Image":"",
         "Level":"4",
         "Channel":"Microsoft-Windows-Sysmon/Operational",
         "Details":"",
         "EventID":"10",
         "EventType":"",
         "Keywords":"0x8000000000000000",
         "TargetObject":"",
         "Message":"Process accessed:\r\nRuleName: -\r\nUtcTime: 2020-11-02 09:12:59.961\r\nSourceProcessGUID: {39e4a257-f132-5f8b-1000-000000000700}\r\nSourceProcessId: 944\r\nSourceThreadId: 1060\r\nSourceImage: C:\\windows\\system32\\svchost.exe\r\nTargetProcessGUID: {39e4a257-f247-5f8b-d300-000000000700}\r\nTargetProcessId: 4368\r\nTargetImage: C:\\Windows\\SystemApps\\InputApp_cw5n1h2txyewy\\WindowsInternal.ComposableShell.Experiences.TextInput.InputApp.exe\r\nGrantedAccess: 0x1000\r\nCallTrace: C:\\windows\\SYSTEM32\\ntdll.dll+9c584|C:\\windows\\SYSTEM32\\psmserviceexthost.dll+222a3|C:\\windows\\SYSTEM32\\psmserviceexthost.dll+37ea0|C:\\windows\\SYSTEM32\\psmserviceexthost.dll+37929|C:\\windows\\SYSTEM32\\psmserviceexthost.dll+686f8|C:\\windows\\SYSTEM32\\psmserviceexthost.dll+6e84a|C:\\windows\\SYSTEM32\\psmserviceexthost.dll+6f700|C:\\windows\\SYSTEM32\\psmserviceexthost.dll+34be4|C:\\windows\\SYSTEM32\\psmserviceexthost.dll+6f63e|C:\\windows\\SYSTEM32\\psmserviceexthost.dll+713b5|C:\\windows\\SYSTEM32\\psmserviceexthost.dll+50bda|C:\\windows\\SYSTEM32\\psmserviceexthost.dll+4500a|C:\\windows\\System32\\KERNEL32.DLL+17c24|C:\\windows\\SYSTEM32\\ntdll.dll+6cea1",
         "RuleName":"-",
         "Task":"10",
         "DestPort":"",
         "DestAddress":"",
         "Protocol":"",
         "ProcessID":"",
         "LayerRTID":"",
         "Application":"",
         "SourcePort":"",
         "SourceAddress":"",
         "LayerName":"",
         "RemoteMachineID":"",
         "RemoteUserID":"",
         "ImageLoaded":"",
         "Company":"",
         "Signature":"",
         "Hashes":"",
         "Signed":"",
         "OriginalFileName":"",
         "FileVersion":"",
         "SignatureStatus":"",
         "GrantedAccess":"0x1000",
         "SourceThreadID":"",
         "Product":"",
         "SeverityValue":"",
         "ExecutionProcessID":"",
         "host":"",
         "AccountType":"",
         "UserID":"",
         "Opcode":"",
         "SourceModuleType":"",
         "port":"",
         "AccountName":"",
         "RecordNumber":"",
         "Domain":"",
         "OpcodeValue":"",
         "Version":"",
         "Category":"",
         "eventlog":"",
         "CommandLine":"",
         "ParentCommandLine":"",
         "Payload":"",
         "NewProcessName":"",
         "TokenElevationType":"",
         "TargetImage":"C:\\Windows\\SystemApps\\InputApp_cw5n1h2txyewy\\WindowsInternal.ComposableShell.Experiences.TextInput.InputApp.exe",
         "TargetProcessId":"4368"
      },
      {
         "TimeGenerated":"2021-11-05T23:59:54.314Z",
         "SourceProcessId":"944",
         "SourceName":"Microsoft-Windows-Sysmon",
         "Hostname":"WORKSTATION5",
         "SourceImage":"C:\\windows\\system32\\svchost.exe",
         "ProviderGuid":"{5770385f-c22a-43e0-bf4c-06f5698ffbd9}",
         "CallTrace":"C:\\windows\\SYSTEM32\\ntdll.dll+9c584|C:\\windows\\SYSTEM32\\psmserviceexthost.dll+222a3|C:\\windows\\SYSTEM32\\psmserviceexthost.dll+37ea0|C:\\windows\\SYSTEM32\\psmserviceexthost.dll+37929|C:\\windows\\SYSTEM32\\psmserviceexthost.dll+686f8|C:\\windows\\SYSTEM32\\psmserviceexthost.dll+6e84a|C:\\windows\\SYSTEM32\\psmserviceexthost.dll+6f700|C:\\windows\\SYSTEM32\\psmserviceexthost.dll+34be4|C:\\windows\\SYSTEM32\\psmserviceexthost.dll+6f63e|C:\\windows\\SYSTEM32\\psmserviceexthost.dll+713b5|C:\\windows\\SYSTEM32\\psmserviceexthost.dll+50bda|C:\\windows\\SYSTEM32\\psmserviceexthost.dll+4500a|C:\\windows\\System32\\KERNEL32.DLL+17c24|C:\\windows\\SYSTEM32\\ntdll.dll+6cea1",
         "Image":"",
         "Level":"4",
         "Channel":"Microsoft-Windows-Sysmon/Operational",
         "Details":"",
         "EventID":"10",
         "EventType":"",
         "Keywords":"0x8000000000000000",
         "TargetObject":"",
         "Message":"Process accessed:\r\nRuleName: -\r\nUtcTime: 2020-11-02 09:12:59.961\r\nSourceProcessGUID: {39e4a257-f132-5f8b-1000-000000000700}\r\nSourceProcessId: 944\r\nSourceThreadId: 1060\r\nSourceImage: C:\\windows\\system32\\svchost.exe\r\nTargetProcessGUID: {39e4a257-cd84-5f9f-fb49-000000000700}\r\nTargetProcessId: 14064\r\nTargetImage: C:\\windows\\system32\\backgroundTaskHost.exe\r\nGrantedAccess: 0x1000\r\nCallTrace: C:\\windows\\SYSTEM32\\ntdll.dll+9c584|C:\\windows\\SYSTEM32\\psmserviceexthost.dll+222a3|C:\\windows\\SYSTEM32\\psmserviceexthost.dll+37ea0|C:\\windows\\SYSTEM32\\psmserviceexthost.dll+37929|C:\\windows\\SYSTEM32\\psmserviceexthost.dll+686f8|C:\\windows\\SYSTEM32\\psmserviceexthost.dll+6e84a|C:\\windows\\SYSTEM32\\psmserviceexthost.dll+6f700|C:\\windows\\SYSTEM32\\psmserviceexthost.dll+34be4|C:\\windows\\SYSTEM32\\psmserviceexthost.dll+6f63e|C:\\windows\\SYSTEM32\\psmserviceexthost.dll+713b5|C:\\windows\\SYSTEM32\\psmserviceexthost.dll+50bda|C:\\windows\\SYSTEM32\\psmserviceexthost.dll+4500a|C:\\windows\\System32\\KERNEL32.DLL+17c24|C:\\windows\\SYSTEM32\\ntdll.dll+6cea1",
         "RuleName":"-",
         "Task":"10",
         "DestPort":"",
         "DestAddress":"",
         "Protocol":"",
         "ProcessID":"",
         "LayerRTID":"",
         "Application":"",
         "SourcePort":"",
         "SourceAddress":"",
         "LayerName":"",
         "RemoteMachineID":"",
         "RemoteUserID":"",
         "ImageLoaded":"",
         "Company":"",
         "Signature":"",
         "Hashes":"",
         "Signed":"",
         "OriginalFileName":"",
         "FileVersion":"",
         "SignatureStatus":"",
         "GrantedAccess":"0x1000",
         "SourceThreadID":"",
         "Product":"",
         "SeverityValue":"",
         "ExecutionProcessID":"",
         "host":"",
         "AccountType":"",
         "UserID":"",
         "Opcode":"",
         "SourceModuleType":"",
         "port":"",
         "AccountName":"",
         "RecordNumber":"",
         "Domain":"",
         "OpcodeValue":"",
         "Version":"",
         "Category":"",
         "eventlog":"",
         "CommandLine":"",
         "ParentCommandLine":"",
         "Payload":"",
         "NewProcessName":"",
         "TokenElevationType":"",
         "TargetImage":"C:\\windows\\system32\\backgroundTaskHost.exe",
         "TargetProcessId":"14064"
      },
