      {
         "TimeGenerated":"2021-11-05T23:59:55.926Z",
         "SourceProcessId":"",
         "SourceName":"Microsoft-Windows-Sysmon",
         "Hostname":"WORKSTATION5",
         "SourceImage":"",
         "ProviderGuid":"{5770385f-c22a-43e0-bf4c-06f5698ffbd9}",
         "CallTrace":"",
         "Image":"C:\\Windows\\System32\\conhost.exe",
         "Level":"4",
         "Channel":"Microsoft-Windows-Sysmon/Operational",
         "Details":"",
         "EventID":"7",
         "EventType":"",
         "Keywords":"0x8000000000000000",
         "TargetObject":"",
         "Message":"Image loaded:\r\nRuleName: -\r\nUtcTime: 2020-11-02 09:13:01.571\r\nProcessGuid: {39e4a257-cd82-5f9f-fa49-000000000700}\r\nProcessId: 12692\r\nImage: C:\\Windows\\System32\\conhost.exe\r\nImageLoaded: C:\\Windows\\System32\\edputil.dll\r\nFileVersion: 10.0.18362.1 (WinBuild.160101.0800)\r\nDescription: EDP util\r\nProduct: Microsoft Windows Operating System\r\nCompany: Microsoft Corporation\r\nOriginalFileName: EDPUTIL.DLL\r\nHashes: SHA1=13D34F2596A43A2467CFC901CEEBE8457B7F195F,MD5=85B87A7B4F529EC541818C241B8C0F43,SHA256=2505CBAB7459C0ECD8EDDCD3E2C09827B08D718BAF197AB24BB4E69B3948A27F,IMPHASH=3173150472840D83979F027AE2D1081C\r\nSigned: true\r\nSignature: Microsoft Windows\r\nSignatureStatus: Valid",
         "RuleName":"-",
         "Task":"7",
         "DestPort":"",
         "DestAddress":"",
         "Protocol":"",
         "ProcessID":"",
         "LayerRTID":"",
         "Application":"",
         "SourcePort":"",
         "SourceAddress":"",
         "LayerName":"",
         "RemoteMachineID":"",
         "RemoteUserID":"",
         "ImageLoaded":"C:\\Windows\\System32\\edputil.dll",
         "Company":"Microsoft Corporation",
         "Signature":"Microsoft Windows",
         "Hashes":"SHA1=13D34F2596A43A2467CFC901CEEBE8457B7F195F,MD5=85B87A7B4F529EC541818C241B8C0F43,SHA256=2505CBAB7459C0ECD8EDDCD3E2C09827B08D718BAF197AB24BB4E69B3948A27F,IMPHASH=3173150472840D83979F027AE2D1081C",
         "Signed":"true",
         "OriginalFileName":"EDPUTIL.DLL",
         "FileVersion":"10.0.18362.1 (WinBuild.160101.0800)",
         "SignatureStatus":"Valid",
         "GrantedAccess":"",
         "SourceThreadID":"",
         "Product":"Microsoft Windows Operating System",
         "SeverityValue":"",
         "ExecutionProcessID":"",
         "host":"",
         "AccountType":"",
         "UserID":"",
         "Opcode":"",
         "SourceModuleType":"",
         "port":"",
         "AccountName":"",
         "RecordNumber":"",
         "Domain":"",
         "OpcodeValue":"",
         "Version":"",
         "Category":"",
         "eventlog":"",
         "CommandLine":"",
         "ParentCommandLine":"",
         "Payload":"",
         "NewProcessName":"",
         "TokenElevationType":"",
         "TargetImage":"",
         "TargetProcessId":""
      },
      {
         "TimeGenerated":"2021-11-05T23:59:56.061Z",
         "SourceProcessId":"",
         "SourceName":"Microsoft-Windows-Sysmon",
         "Hostname":"WORKSTATION5",
         "SourceImage":"",
         "ProviderGuid":"{5770385f-c22a-43e0-bf4c-06f5698ffbd9}",
         "CallTrace":"",
         "Image":"C:\\Windows\\System32\\WindowsPowerShell\\v1.0\\powershell.exe",
         "Level":"4",
         "Channel":"Microsoft-Windows-Sysmon/Operational",
         "Details":"",
         "EventID":"7",
         "EventType":"",
         "Keywords":"0x8000000000000000",
         "TargetObject":"",
         "Message":"Image loaded:\r\nRuleName: -\r\nUtcTime: 2020-11-02 09:13:01.695\r\nProcessGuid: {39e4a257-cd82-5f9f-f949-000000000700}\r\nProcessId: 10668\r\nImage: C:\\Windows\\System32\\WindowsPowerShell\\v1.0\\powershell.exe\r\nImageLoaded: C:\\Windows\\System32\\httpapi.dll\r\nFileVersion: 10.0.18362.1 (WinBuild.160101.0800)\r\nDescription: HTTP Protocol Stack API\r\nProduct: Microsoft Windows Operating System\r\nCompany: Microsoft Corporation\r\nOriginalFileName: httpapi.dll\r\nHashes: SHA1=C608B077806D8B905C50FC023B8A4666CC35A1B3,MD5=38AFA52FD7161B95F3927CC6B95896B6,SHA256=5B47DBE7FFF515409EC916AEB152503798CE453871BE34823870BD50C38643F0,IMPHASH=CC2E69927A5241B7E666C7698B40F6AE\r\nSigned: true\r\nSignature: Microsoft Windows\r\nSignatureStatus: Valid",
         "RuleName":"-",
         "Task":"7",
         "DestPort":"",
         "DestAddress":"",
         "Protocol":"",
         "ProcessID":"",
         "LayerRTID":"",
         "Application":"",
         "SourcePort":"",
         "SourceAddress":"",
         "LayerName":"",
         "RemoteMachineID":"",
         "RemoteUserID":"",
         "ImageLoaded":"C:\\Windows\\System32\\httpapi.dll",
         "Company":"Microsoft Corporation",
         "Signature":"Microsoft Windows",
         "Hashes":"SHA1=C608B077806D8B905C50FC023B8A4666CC35A1B3,MD5=38AFA52FD7161B95F3927CC6B95896B6,SHA256=5B47DBE7FFF515409EC916AEB152503798CE453871BE34823870BD50C38643F0,IMPHASH=CC2E69927A5241B7E666C7698B40F6AE",
         "Signed":"true",
         "OriginalFileName":"httpapi.dll",
         "FileVersion":"10.0.18362.1 (WinBuild.160101.0800)",
         "SignatureStatus":"Valid",
         "GrantedAccess":"",
         "SourceThreadID":"",
         "Product":"Microsoft Windows Operating System",
         "SeverityValue":"",
         "ExecutionProcessID":"",
         "host":"",
         "AccountType":"",
         "UserID":"",
         "Opcode":"",
         "SourceModuleType":"",
         "port":"",
         "AccountName":"",
         "RecordNumber":"",
         "Domain":"",
         "OpcodeValue":"",
         "Version":"",
         "Category":"",
         "eventlog":"",
         "CommandLine":"",
         "ParentCommandLine":"",
         "Payload":"",
         "NewProcessName":"",
         "TokenElevationType":"",
         "TargetImage":"",
         "TargetProcessId":""
      },
      {
         "TimeGenerated":"2021-11-05T23:59:56.148Z",
         "SourceProcessId":"",
         "SourceName":"Microsoft-Windows-Sysmon",
         "Hostname":"WORKSTATION5",
         "SourceImage":"",
         "ProviderGuid":"{5770385f-c22a-43e0-bf4c-06f5698ffbd9}",
         "CallTrace":"",
         "Image":"C:\\Windows\\System32\\WindowsPowerShell\\v1.0\\powershell.exe",
         "Level":"4",
         "Channel":"Microsoft-Windows-Sysmon/Operational",
         "Details":"",
         "EventID":"7",
         "EventType":"",
         "Keywords":"0x8000000000000000",
         "TargetObject":"",
         "Message":"Image loaded:\r\nRuleName: -\r\nUtcTime: 2020-11-02 09:13:01.790\r\nProcessGuid: {39e4a257-cd82-5f9f-f949-000000000700}\r\nProcessId: 10668\r\nImage: C:\\Windows\\System32\\WindowsPowerShell\\v1.0\\powershell.exe\r\nImageLoaded: C:\\Windows\\System32\\mswsock.dll\r\nFileVersion: 10.0.18362.815 (WinBuild.160101.0800)\r\nDescription: Microsoft Windows Sockets 2.0 Service Provider\r\nProduct: Microsoft Windows Operating System\r\nCompany: Microsoft Corporation\r\nOriginalFileName: mswsock.dll\r\nHashes: SHA1=2E03CA141D735D13491049B4D6C2DC2B928B4C01,MD5=8578F1F72C6550CF62965D520FA7C6E9,SHA256=20008AAB6285FB2B24DE1E72D11654316FF601918FD05B7DF2F9894C64A16956,IMPHASH=E5E26C86BC73F56D7EDD17D98802AA21\r\nSigned: true\r\nSignature: Microsoft Windows\r\nSignatureStatus: Valid",
         "RuleName":"-",
         "Task":"7",
         "DestPort":"",
         "DestAddress":"",
         "Protocol":"",
         "ProcessID":"",
         "LayerRTID":"",
         "Application":"",
         "SourcePort":"",
         "SourceAddress":"",
         "LayerName":"",
         "RemoteMachineID":"",
         "RemoteUserID":"",
         "ImageLoaded":"C:\\Windows\\System32\\mswsock.dll",
         "Company":"Microsoft Corporation",
         "Signature":"Microsoft Windows",
         "Hashes":"SHA1=2E03CA141D735D13491049B4D6C2DC2B928B4C01,MD5=8578F1F72C6550CF62965D520FA7C6E9,SHA256=20008AAB6285FB2B24DE1E72D11654316FF601918FD05B7DF2F9894C64A16956,IMPHASH=E5E26C86BC73F56D7EDD17D98802AA21",
         "Signed":"true",
         "OriginalFileName":"mswsock.dll",
         "FileVersion":"10.0.18362.815 (WinBuild.160101.0800)",
         "SignatureStatus":"Valid",
         "GrantedAccess":"",
         "SourceThreadID":"",
         "Product":"Microsoft Windows Operating System",
         "SeverityValue":"",
         "ExecutionProcessID":"",
         "host":"",
         "AccountType":"",
         "UserID":"",
         "Opcode":"",
         "SourceModuleType":"",
         "port":"",
         "AccountName":"",
         "RecordNumber":"",
         "Domain":"",
         "OpcodeValue":"",
         "Version":"",
         "Category":"",
         "eventlog":"",
         "CommandLine":"",
         "ParentCommandLine":"",
         "Payload":"",
         "NewProcessName":"",
         "TokenElevationType":"",
         "TargetImage":"",
         "TargetProcessId":""
      },
      {
         "TimeGenerated":"2021-11-05T23:59:56.151Z",
         "SourceProcessId":"",
         "SourceName":"Microsoft-Windows-Sysmon",
         "Hostname":"WORKSTATION5",
         "SourceImage":"",
         "ProviderGuid":"{5770385f-c22a-43e0-bf4c-06f5698ffbd9}",
         "CallTrace":"",
         "Image":"C:\\Windows\\System32\\WindowsPowerShell\\v1.0\\powershell.exe",
         "Level":"4",
         "Channel":"Microsoft-Windows-Sysmon/Operational",
         "Details":"",
         "EventID":"7",
         "EventType":"",
         "Keywords":"0x8000000000000000",
         "TargetObject":"",
         "Message":"Image loaded:\r\nRuleName: -\r\nUtcTime: 2020-11-02 09:13:01.790\r\nProcessGuid: {39e4a257-cd82-5f9f-f949-000000000700}\r\nProcessId: 10668\r\nImage: C:\\Windows\\System32\\WindowsPowerShell\\v1.0\\powershell.exe\r\nImageLoaded: C:\\Windows\\System32\\dnsapi.dll\r\nFileVersion: 10.0.18362.1082 (WinBuild.160101.0800)\r\nDescription: DNS Client API DLL\r\nProduct: Microsoft Windows Operating System\r\nCompany: Microsoft Corporation\r\nOriginalFileName: dnsapi\r\nHashes: SHA1=F1909EDE6F17B5B31AFA580DFE3C28485CAA2037,MD5=F1286919D541FF93F1174B0B1F1CF7FD,SHA256=3453BD57B23A211FD45A1BBA0EF84FD3B61E174112D16974B9481A0818C372E5,IMPHASH=D8803D749EB329542778B6CC38924BBA\r\nSigned: true\r\nSignature: Microsoft Windows\r\nSignatureStatus: Valid",
         "RuleName":"-",
         "Task":"7",
         "DestPort":"",
         "DestAddress":"",
         "Protocol":"",
         "ProcessID":"",
         "LayerRTID":"",
         "Application":"",
         "SourcePort":"",
         "SourceAddress":"",
         "LayerName":"",
         "RemoteMachineID":"",
         "RemoteUserID":"",
         "ImageLoaded":"C:\\Windows\\System32\\dnsapi.dll",
         "Company":"Microsoft Corporation",
         "Signature":"Microsoft Windows",
         "Hashes":"SHA1=F1909EDE6F17B5B31AFA580DFE3C28485CAA2037,MD5=F1286919D541FF93F1174B0B1F1CF7FD,SHA256=3453BD57B23A211FD45A1BBA0EF84FD3B61E174112D16974B9481A0818C372E5,IMPHASH=D8803D749EB329542778B6CC38924BBA",
         "Signed":"true",
         "OriginalFileName":"dnsapi",
         "FileVersion":"10.0.18362.1082 (WinBuild.160101.0800)",
         "SignatureStatus":"Valid",
         "GrantedAccess":"",
         "SourceThreadID":"",
         "Product":"Microsoft Windows Operating System",
         "SeverityValue":"",
         "ExecutionProcessID":"",
         "host":"",
         "AccountType":"",
         "UserID":"",
         "Opcode":"",
         "SourceModuleType":"",
         "port":"",
         "AccountName":"",
         "RecordNumber":"",
         "Domain":"",
         "OpcodeValue":"",
         "Version":"",
         "Category":"",
         "eventlog":"",
         "CommandLine":"",
         "ParentCommandLine":"",
         "Payload":"",
         "NewProcessName":"",
         "TokenElevationType":"",
         "TargetImage":"",
         "TargetProcessId":""
      },
      {
         "TimeGenerated":"2021-11-05T23:59:56.152Z",
         "SourceProcessId":"",
         "SourceName":"Microsoft-Windows-Sysmon",
         "Hostname":"WORKSTATION5",
         "SourceImage":"",
         "ProviderGuid":"{5770385f-c22a-43e0-bf4c-06f5698ffbd9}",
         "CallTrace":"",
         "Image":"C:\\Windows\\System32\\WindowsPowerShell\\v1.0\\powershell.exe",
         "Level":"4",
         "Channel":"Microsoft-Windows-Sysmon/Operational",
         "Details":"",
         "EventID":"7",
         "EventType":"",
         "Keywords":"0x8000000000000000",
         "TargetObject":"",
         "Message":"Image loaded:\r\nRuleName: -\r\nUtcTime: 2020-11-02 09:13:01.790\r\nProcessGuid: {39e4a257-cd82-5f9f-f949-000000000700}\r\nProcessId: 10668\r\nImage: C:\\Windows\\System32\\WindowsPowerShell\\v1.0\\powershell.exe\r\nImageLoaded: C:\\Windows\\System32\\nsi.dll\r\nFileVersion: 10.0.18362.449 (WinBuild.160101.0800)\r\nDescription: NSI User-mode interface DLL\r\nProduct: Microsoft Windows Operating System\r\nCompany: Microsoft Corporation\r\nOriginalFileName: nsi.dll\r\nHashes: SHA1=4118D7E1C3531A1A01FB8924E1A1D470066EEA3F,MD5=9EB93B389D055FA045FC91D2B763B3AC,SHA256=AB620EE31FB65F1A51B2FA28F30BC31329966CB27E3570812138DF99E4D7CC8D,IMPHASH=DEFB8C5BB37FCD63DC790B55724FDE42\r\nSigned: true\r\nSignature: Microsoft Windows\r\nSignatureStatus: Valid",
         "RuleName":"-",
         "Task":"7",
         "DestPort":"",
         "DestAddress":"",
         "Protocol":"",
         "ProcessID":"",
         "LayerRTID":"",
         "Application":"",
         "SourcePort":"",
         "SourceAddress":"",
         "LayerName":"",
         "RemoteMachineID":"",
         "RemoteUserID":"",
         "ImageLoaded":"C:\\Windows\\System32\\nsi.dll",
         "Company":"Microsoft Corporation",
         "Signature":"Microsoft Windows",
         "Hashes":"SHA1=4118D7E1C3531A1A01FB8924E1A1D470066EEA3F,MD5=9EB93B389D055FA045FC91D2B763B3AC,SHA256=AB620EE31FB65F1A51B2FA28F30BC31329966CB27E3570812138DF99E4D7CC8D,IMPHASH=DEFB8C5BB37FCD63DC790B55724FDE42",
         "Signed":"true",
         "OriginalFileName":"nsi.dll",
         "FileVersion":"10.0.18362.449 (WinBuild.160101.0800)",
         "SignatureStatus":"Valid",
         "GrantedAccess":"",
         "SourceThreadID":"",
         "Product":"Microsoft Windows Operating System",
         "SeverityValue":"",
         "ExecutionProcessID":"",
         "host":"",
         "AccountType":"",
         "UserID":"",
         "Opcode":"",
         "SourceModuleType":"",
         "port":"",
         "AccountName":"",
         "RecordNumber":"",
         "Domain":"",
         "OpcodeValue":"",
         "Version":"",
         "Category":"",
         "eventlog":"",
         "CommandLine":"",
         "ParentCommandLine":"",
         "Payload":"",
         "NewProcessName":"",
         "TokenElevationType":"",
         "TargetImage":"",
         "TargetProcessId":""
      },
      {
         "TimeGenerated":"2021-11-05T23:59:56.152Z",
         "SourceProcessId":"",
         "SourceName":"Microsoft-Windows-Sysmon",
         "Hostname":"WORKSTATION5",
         "SourceImage":"",
         "ProviderGuid":"{5770385f-c22a-43e0-bf4c-06f5698ffbd9}",
         "CallTrace":"",
         "Image":"C:\\Windows\\System32\\WindowsPowerShell\\v1.0\\powershell.exe",
         "Level":"4",
         "Channel":"Microsoft-Windows-Sysmon/Operational",
         "Details":"",
         "EventID":"7",
         "EventType":"",
         "Keywords":"0x8000000000000000",
         "TargetObject":"",
         "Message":"Image loaded:\r\nRuleName: -\r\nUtcTime: 2020-11-02 09:13:01.790\r\nProcessGuid: {39e4a257-cd82-5f9f-f949-000000000700}\r\nProcessId: 10668\r\nImage: C:\\Windows\\System32\\WindowsPowerShell\\v1.0\\powershell.exe\r\nImageLoaded: C:\\Windows\\System32\\IPHLPAPI.DLL\r\nFileVersion: 10.0.18362.1 (WinBuild.160101.0800)\r\nDescription: IP Helper API\r\nProduct: Microsoft Windows Operating System\r\nCompany: Microsoft Corporation\r\nOriginalFileName: iphlpapi.dll\r\nHashes: SHA1=9414EC114C3389E0A7BC2FD986E00946E1A2A299,MD5=3929147A2A34B0902152C7D0F241B02A,SHA256=AD1C5309AA873F6A284EABE382812868E20C3D3D64197F3E6EF9D015EA060CAA,IMPHASH=6EC28633CC4ECB9F457795DD7E00B34B\r\nSigned: true\r\nSignature: Microsoft Windows\r\nSignatureStatus: Valid",
         "RuleName":"-",
         "Task":"7",
         "DestPort":"",
         "DestAddress":"",
         "Protocol":"",
         "ProcessID":"",
         "LayerRTID":"",
         "Application":"",
         "SourcePort":"",
         "SourceAddress":"",
         "LayerName":"",
         "RemoteMachineID":"",
         "RemoteUserID":"",
         "ImageLoaded":"C:\\Windows\\System32\\IPHLPAPI.DLL",
         "Company":"Microsoft Corporation",
         "Signature":"Microsoft Windows",
         "Hashes":"SHA1=9414EC114C3389E0A7BC2FD986E00946E1A2A299,MD5=3929147A2A34B0902152C7D0F241B02A,SHA256=AD1C5309AA873F6A284EABE382812868E20C3D3D64197F3E6EF9D015EA060CAA,IMPHASH=6EC28633CC4ECB9F457795DD7E00B34B",
         "Signed":"true",
         "OriginalFileName":"iphlpapi.dll",
         "FileVersion":"10.0.18362.1 (WinBuild.160101.0800)",
         "SignatureStatus":"Valid",
         "GrantedAccess":"",
         "SourceThreadID":"",
         "Product":"Microsoft Windows Operating System",
         "SeverityValue":"",
         "ExecutionProcessID":"",
         "host":"",
         "AccountType":"",
         "UserID":"",
         "Opcode":"",
         "SourceModuleType":"",
         "port":"",
         "AccountName":"",
         "RecordNumber":"",
         "Domain":"",
         "OpcodeValue":"",
         "Version":"",
         "Category":"",
         "eventlog":"",
         "CommandLine":"",
         "ParentCommandLine":"",
         "Payload":"",
         "NewProcessName":"",
         "TokenElevationType":"",
         "TargetImage":"",
         "TargetProcessId":""
      },
      {
         "TimeGenerated":"2021-11-05T23:59:56.152Z",
         "SourceProcessId":"",
         "SourceName":"Microsoft-Windows-Sysmon",
         "Hostname":"WORKSTATION5",
         "SourceImage":"",
         "ProviderGuid":"{5770385f-c22a-43e0-bf4c-06f5698ffbd9}",
         "CallTrace":"",
         "Image":"C:\\Windows\\System32\\WindowsPowerShell\\v1.0\\powershell.exe",
         "Level":"4",
         "Channel":"Microsoft-Windows-Sysmon/Operational",
         "Details":"",
         "EventID":"12",
         "EventType":"CreateKey",
         "Keywords":"0x8000000000000000",
         "TargetObject":"HKLM\\System\\CurrentControlSet\\Services\\Tcpip\\Parameters",
         "Message":"Registry object added or deleted:\r\nRuleName: -\r\nEventType: CreateKey\r\nUtcTime: 2020-11-02 09:13:01.790\r\nProcessGuid: {39e4a257-cd82-5f9f-f949-000000000700}\r\nProcessId: 10668\r\nImage: C:\\Windows\\System32\\WindowsPowerShell\\v1.0\\powershell.exe\r\nTargetObject: HKLM\\System\\CurrentControlSet\\Services\\Tcpip\\Parameters",
         "RuleName":"-",
         "Task":"12",
         "DestPort":"",
         "DestAddress":"",
         "Protocol":"",
         "ProcessID":"",
         "LayerRTID":"",
         "Application":"",
         "SourcePort":"",
         "SourceAddress":"",
         "LayerName":"",
         "RemoteMachineID":"",
         "RemoteUserID":"",
         "ImageLoaded":"",
         "Company":"",
         "Signature":"",
         "Hashes":"",
         "Signed":"",
         "OriginalFileName":"",
         "FileVersion":"",
         "SignatureStatus":"",
         "GrantedAccess":"",
         "SourceThreadID":"",
         "Product":"",
         "SeverityValue":"",
         "ExecutionProcessID":"",
         "host":"",
         "AccountType":"",
         "UserID":"",
         "Opcode":"",
         "SourceModuleType":"",
         "port":"",
         "AccountName":"",
         "RecordNumber":"",
         "Domain":"",
         "OpcodeValue":"",
         "Version":"",
         "Category":"",
         "eventlog":"",
         "CommandLine":"",
         "ParentCommandLine":"",
         "Payload":"",
         "NewProcessName":"",
         "TokenElevationType":"",
         "TargetImage":"",
         "TargetProcessId":""
      },
      {
         "TimeGenerated":"2021-11-05T23:59:56.152Z",
         "SourceProcessId":"",
         "SourceName":"Microsoft-Windows-Sysmon",
         "Hostname":"WORKSTATION5",
         "SourceImage":"",
         "ProviderGuid":"{5770385f-c22a-43e0-bf4c-06f5698ffbd9}",
         "CallTrace":"",
         "Image":"C:\\Windows\\System32\\WindowsPowerShell\\v1.0\\powershell.exe",
         "Level":"4",
         "Channel":"Microsoft-Windows-Sysmon/Operational",
         "Details":"",
         "EventID":"12",
         "EventType":"CreateKey",
         "Keywords":"0x8000000000000000",
         "TargetObject":"HKLM\\System\\CurrentControlSet\\Services\\Tcpip\\Parameters",
         "Message":"Registry object added or deleted:\r\nRuleName: -\r\nEventType: CreateKey\r\nUtcTime: 2020-11-02 09:13:01.790\r\nProcessGuid: {39e4a257-cd82-5f9f-f949-000000000700}\r\nProcessId: 10668\r\nImage: C:\\Windows\\System32\\WindowsPowerShell\\v1.0\\powershell.exe\r\nTargetObject: HKLM\\System\\CurrentControlSet\\Services\\Tcpip\\Parameters",
         "RuleName":"-",
         "Task":"12",
         "DestPort":"",
         "DestAddress":"",
         "Protocol":"",
         "ProcessID":"",
         "LayerRTID":"",
         "Application":"",
         "SourcePort":"",
         "SourceAddress":"",
         "LayerName":"",
         "RemoteMachineID":"",
         "RemoteUserID":"",
         "ImageLoaded":"",
         "Company":"",
         "Signature":"",
         "Hashes":"",
         "Signed":"",
         "OriginalFileName":"",
         "FileVersion":"",
         "SignatureStatus":"",
         "GrantedAccess":"",
         "SourceThreadID":"",
         "Product":"",
         "SeverityValue":"",
         "ExecutionProcessID":"",
         "host":"",
         "AccountType":"",
         "UserID":"",
         "Opcode":"",
         "SourceModuleType":"",
         "port":"",
         "AccountName":"",
         "RecordNumber":"",
         "Domain":"",
         "OpcodeValue":"",
         "Version":"",
         "Category":"",
         "eventlog":"",
         "CommandLine":"",
         "ParentCommandLine":"",
         "Payload":"",
         "NewProcessName":"",
         "TokenElevationType":"",
         "TargetImage":"",
         "TargetProcessId":""
      },
      {
         "TimeGenerated":"2021-11-05T23:59:56.153Z",
         "SourceProcessId":"",
         "SourceName":"Microsoft-Windows-Sysmon",
         "Hostname":"WORKSTATION5",
         "SourceImage":"",
         "ProviderGuid":"{5770385f-c22a-43e0-bf4c-06f5698ffbd9}",
         "CallTrace":"",
         "Image":"C:\\Windows\\System32\\WindowsPowerShell\\v1.0\\powershell.exe",
         "Level":"4",
         "Channel":"Microsoft-Windows-Sysmon/Operational",
         "Details":"",
         "EventID":"12",
         "EventType":"CreateKey",
         "Keywords":"0x8000000000000000",
         "TargetObject":"HKLM\\System\\CurrentControlSet\\Services\\Tcpip\\Parameters",
         "Message":"Registry object added or deleted:\r\nRuleName: -\r\nEventType: CreateKey\r\nUtcTime: 2020-11-02 09:13:01.790\r\nProcessGuid: {39e4a257-cd82-5f9f-f949-000000000700}\r\nProcessId: 10668\r\nImage: C:\\Windows\\System32\\WindowsPowerShell\\v1.0\\powershell.exe\r\nTargetObject: HKLM\\System\\CurrentControlSet\\Services\\Tcpip\\Parameters",
         "RuleName":"-",
         "Task":"12",
         "DestPort":"",
         "DestAddress":"",
         "Protocol":"",
         "ProcessID":"",
         "LayerRTID":"",
         "Application":"",
         "SourcePort":"",
         "SourceAddress":"",
         "LayerName":"",
         "RemoteMachineID":"",
         "RemoteUserID":"",
         "ImageLoaded":"",
         "Company":"",
         "Signature":"",
         "Hashes":"",
         "Signed":"",
         "OriginalFileName":"",
         "FileVersion":"",
         "SignatureStatus":"",
         "GrantedAccess":"",
         "SourceThreadID":"",
         "Product":"",
         "SeverityValue":"",
         "ExecutionProcessID":"",
         "host":"",
         "AccountType":"",
         "UserID":"",
         "Opcode":"",
         "SourceModuleType":"",
         "port":"",
         "AccountName":"",
         "RecordNumber":"",
         "Domain":"",
         "OpcodeValue":"",
         "Version":"",
         "Category":"",
         "eventlog":"",
         "CommandLine":"",
         "ParentCommandLine":"",
         "Payload":"",
         "NewProcessName":"",
         "TokenElevationType":"",
         "TargetImage":"",
         "TargetProcessId":""
      },
      {
         "TimeGenerated":"2021-11-05T23:59:56.153Z",
         "SourceProcessId":"",
         "SourceName":"Microsoft-Windows-Sysmon",
         "Hostname":"WORKSTATION5",
         "SourceImage":"",
         "ProviderGuid":"{5770385f-c22a-43e0-bf4c-06f5698ffbd9}",
         "CallTrace":"",
         "Image":"C:\\Windows\\System32\\WindowsPowerShell\\v1.0\\powershell.exe",
         "Level":"4",
         "Channel":"Microsoft-Windows-Sysmon/Operational",
         "Details":"",
         "EventID":"12",
         "EventType":"CreateKey",
         "Keywords":"0x8000000000000000",
         "TargetObject":"HKLM\\System\\CurrentControlSet\\Services\\Tcpip\\Parameters",
         "Message":"Registry object added or deleted:\r\nRuleName: -\r\nEventType: CreateKey\r\nUtcTime: 2020-11-02 09:13:01.790\r\nProcessGuid: {39e4a257-cd82-5f9f-f949-000000000700}\r\nProcessId: 10668\r\nImage: C:\\Windows\\System32\\WindowsPowerShell\\v1.0\\powershell.exe\r\nTargetObject: HKLM\\System\\CurrentControlSet\\Services\\Tcpip\\Parameters",
         "RuleName":"-",
         "Task":"12",
         "DestPort":"",
         "DestAddress":"",
         "Protocol":"",
         "ProcessID":"",
         "LayerRTID":"",
         "Application":"",
         "SourcePort":"",
         "SourceAddress":"",
         "LayerName":"",
         "RemoteMachineID":"",
         "RemoteUserID":"",
         "ImageLoaded":"",
         "Company":"",
         "Signature":"",
         "Hashes":"",
         "Signed":"",
         "OriginalFileName":"",
         "FileVersion":"",
         "SignatureStatus":"",
         "GrantedAccess":"",
         "SourceThreadID":"",
         "Product":"",
         "SeverityValue":"",
         "ExecutionProcessID":"",
         "host":"",
         "AccountType":"",
         "UserID":"",
         "Opcode":"",
         "SourceModuleType":"",
         "port":"",
         "AccountName":"",
         "RecordNumber":"",
         "Domain":"",
         "OpcodeValue":"",
         "Version":"",
         "Category":"",
         "eventlog":"",
         "CommandLine":"",
         "ParentCommandLine":"",
         "Payload":"",
         "NewProcessName":"",
         "TokenElevationType":"",
         "TargetImage":"",
         "TargetProcessId":""
      },
      {
         "TimeGenerated":"2021-11-05T23:59:56.153Z",
         "SourceProcessId":"",
         "SourceName":"Microsoft-Windows-Sysmon",
         "Hostname":"WORKSTATION5",
         "SourceImage":"",
         "ProviderGuid":"{5770385f-c22a-43e0-bf4c-06f5698ffbd9}",
         "CallTrace":"",
         "Image":"C:\\Windows\\System32\\WindowsPowerShell\\v1.0\\powershell.exe",
         "Level":"4",
         "Channel":"Microsoft-Windows-Sysmon/Operational",
         "Details":"",
         "EventID":"7",
         "EventType":"",
         "Keywords":"0x8000000000000000",
         "TargetObject":"",
         "Message":"Image loaded:\r\nRuleName: -\r\nUtcTime: 2020-11-02 09:13:01.790\r\nProcessGuid: {39e4a257-cd82-5f9f-f949-000000000700}\r\nProcessId: 10668\r\nImage: C:\\Windows\\System32\\WindowsPowerShell\\v1.0\\powershell.exe\r\nImageLoaded: C:\\Windows\\System32\\rasadhlp.dll\r\nFileVersion: 10.0.18362.1 (WinBuild.160101.0800)\r\nDescription: Remote Access AutoDial Helper\r\nProduct: Microsoft Windows Operating System\r\nCompany: Microsoft Corporation\r\nOriginalFileName: rasadhlp.dll\r\nHashes: SHA1=1BC9FA692CFFE0F829EF0093FC1EC1A7CDE0FEDF,MD5=285EB69E85F9C587B55DDD5816B827A4,SHA256=B009AF1CFFE8441149B1903B7841DA14B15BEE931F6709C20655668F2019F9D8,IMPHASH=FEAF8EF2A61D5237FD324D1624A3894B\r\nSigned: true\r\nSignature: Microsoft Windows\r\nSignatureStatus: Valid",
         "RuleName":"-",
         "Task":"7",
         "DestPort":"",
         "DestAddress":"",
         "Protocol":"",
         "ProcessID":"",
         "LayerRTID":"",
         "Application":"",
         "SourcePort":"",
         "SourceAddress":"",
         "LayerName":"",
         "RemoteMachineID":"",
         "RemoteUserID":"",
         "ImageLoaded":"C:\\Windows\\System32\\rasadhlp.dll",
         "Company":"Microsoft Corporation",
         "Signature":"Microsoft Windows",
         "Hashes":"SHA1=1BC9FA692CFFE0F829EF0093FC1EC1A7CDE0FEDF,MD5=285EB69E85F9C587B55DDD5816B827A4,SHA256=B009AF1CFFE8441149B1903B7841DA14B15BEE931F6709C20655668F2019F9D8,IMPHASH=FEAF8EF2A61D5237FD324D1624A3894B",
         "Signed":"true",
         "OriginalFileName":"rasadhlp.dll",
         "FileVersion":"10.0.18362.1 (WinBuild.160101.0800)",
         "SignatureStatus":"Valid",
         "GrantedAccess":"",
         "SourceThreadID":"",
         "Product":"Microsoft Windows Operating System",
         "SeverityValue":"",
         "ExecutionProcessID":"",
         "host":"",
         "AccountType":"",
         "UserID":"",
         "Opcode":"",
         "SourceModuleType":"",
         "port":"",
         "AccountName":"",
         "RecordNumber":"",
         "Domain":"",
         "OpcodeValue":"",
         "Version":"",
         "Category":"",
         "eventlog":"",
         "CommandLine":"",
         "ParentCommandLine":"",
         "Payload":"",
         "NewProcessName":"",
         "TokenElevationType":"",
         "TargetImage":"",
         "TargetProcessId":""
      },
      {
         "TimeGenerated":"2021-11-05T23:59:56.153Z",
         "SourceProcessId":"",
         "SourceName":"Microsoft-Windows-Sysmon",
         "Hostname":"WORKSTATION5",
         "SourceImage":"",
         "ProviderGuid":"{5770385f-c22a-43e0-bf4c-06f5698ffbd9}",
         "CallTrace":"",
         "Image":"C:\\Windows\\System32\\WindowsPowerShell\\v1.0\\powershell.exe",
         "Level":"4",
         "Channel":"Microsoft-Windows-Sysmon/Operational",
         "Details":"",
         "EventID":"12",
         "EventType":"CreateKey",
         "Keywords":"0x8000000000000000",
         "TargetObject":"HKLM\\System\\CurrentControlSet\\Services\\Tcpip\\Parameters",
         "Message":"Registry object added or deleted:\r\nRuleName: -\r\nEventType: CreateKey\r\nUtcTime: 2020-11-02 09:13:01.790\r\nProcessGuid: {39e4a257-cd82-5f9f-f949-000000000700}\r\nProcessId: 10668\r\nImage: C:\\Windows\\System32\\WindowsPowerShell\\v1.0\\powershell.exe\r\nTargetObject: HKLM\\System\\CurrentControlSet\\Services\\Tcpip\\Parameters",
         "RuleName":"-",
         "Task":"12",
         "DestPort":"",
         "DestAddress":"",
         "Protocol":"",
         "ProcessID":"",
         "LayerRTID":"",
         "Application":"",
         "SourcePort":"",
         "SourceAddress":"",
         "LayerName":"",
         "RemoteMachineID":"",
         "RemoteUserID":"",
         "ImageLoaded":"",
         "Company":"",
         "Signature":"",
         "Hashes":"",
         "Signed":"",
         "OriginalFileName":"",
         "FileVersion":"",
         "SignatureStatus":"",
         "GrantedAccess":"",
         "SourceThreadID":"",
         "Product":"",
         "SeverityValue":"",
         "ExecutionProcessID":"",
         "host":"",
         "AccountType":"",
         "UserID":"",
         "Opcode":"",
         "SourceModuleType":"",
         "port":"",
         "AccountName":"",
         "RecordNumber":"",
         "Domain":"",
         "OpcodeValue":"",
         "Version":"",
         "Category":"",
         "eventlog":"",
         "CommandLine":"",
         "ParentCommandLine":"",
         "Payload":"",
         "NewProcessName":"",
         "TokenElevationType":"",
         "TargetImage":"",
         "TargetProcessId":""
      },
      {
         "TimeGenerated":"2021-11-05T23:59:56.153Z",
         "SourceProcessId":"",
         "SourceName":"Microsoft-Windows-Sysmon",
         "Hostname":"WORKSTATION5",
         "SourceImage":"",
         "ProviderGuid":"{5770385f-c22a-43e0-bf4c-06f5698ffbd9}",
         "CallTrace":"",
         "Image":"C:\\Windows\\System32\\WindowsPowerShell\\v1.0\\powershell.exe",
         "Level":"4",
         "Channel":"Microsoft-Windows-Sysmon/Operational",
         "Details":"",
         "EventID":"12",
         "EventType":"CreateKey",
         "Keywords":"0x8000000000000000",
         "TargetObject":"HKLM\\System\\CurrentControlSet\\Services\\Tcpip\\Parameters",
         "Message":"Registry object added or deleted:\r\nRuleName: -\r\nEventType: CreateKey\r\nUtcTime: 2020-11-02 09:13:01.790\r\nProcessGuid: {39e4a257-cd82-5f9f-f949-000000000700}\r\nProcessId: 10668\r\nImage: C:\\Windows\\System32\\WindowsPowerShell\\v1.0\\powershell.exe\r\nTargetObject: HKLM\\System\\CurrentControlSet\\Services\\Tcpip\\Parameters",
         "RuleName":"-",
         "Task":"12",
         "DestPort":"",
         "DestAddress":"",
         "Protocol":"",
         "ProcessID":"",
         "LayerRTID":"",
         "Application":"",
         "SourcePort":"",
         "SourceAddress":"",
         "LayerName":"",
         "RemoteMachineID":"",
         "RemoteUserID":"",
         "ImageLoaded":"",
         "Company":"",
         "Signature":"",
         "Hashes":"",
         "Signed":"",
         "OriginalFileName":"",
         "FileVersion":"",
         "SignatureStatus":"",
         "GrantedAccess":"",
         "SourceThreadID":"",
         "Product":"",
         "SeverityValue":"",
         "ExecutionProcessID":"",
         "host":"",
         "AccountType":"",
         "UserID":"",
         "Opcode":"",
         "SourceModuleType":"",
         "port":"",
         "AccountName":"",
         "RecordNumber":"",
         "Domain":"",
         "OpcodeValue":"",
         "Version":"",
         "Category":"",
         "eventlog":"",
         "CommandLine":"",
         "ParentCommandLine":"",
         "Payload":"",
         "NewProcessName":"",
         "TokenElevationType":"",
         "TargetImage":"",
         "TargetProcessId":""
      },
      {
         "TimeGenerated":"2021-11-05T23:59:56.154Z",
         "SourceProcessId":"",
         "SourceName":"Microsoft-Windows-Sysmon",
         "Hostname":"WORKSTATION5",
         "SourceImage":"",
         "ProviderGuid":"{5770385f-c22a-43e0-bf4c-06f5698ffbd9}",
         "CallTrace":"",
         "Image":"C:\\Windows\\System32\\WindowsPowerShell\\v1.0\\powershell.exe",
         "Level":"4",
         "Channel":"Microsoft-Windows-Sysmon/Operational",
         "Details":"",
         "EventID":"12",
         "EventType":"CreateKey",
         "Keywords":"0x8000000000000000",
         "TargetObject":"HKLM\\System\\CurrentControlSet\\Services\\Tcpip\\Parameters",
         "Message":"Registry object added or deleted:\r\nRuleName: -\r\nEventType: CreateKey\r\nUtcTime: 2020-11-02 09:13:01.790\r\nProcessGuid: {39e4a257-cd82-5f9f-f949-000000000700}\r\nProcessId: 10668\r\nImage: C:\\Windows\\System32\\WindowsPowerShell\\v1.0\\powershell.exe\r\nTargetObject: HKLM\\System\\CurrentControlSet\\Services\\Tcpip\\Parameters",
         "RuleName":"-",
         "Task":"12",
         "DestPort":"",
         "DestAddress":"",
         "Protocol":"",
         "ProcessID":"",
         "LayerRTID":"",
         "Application":"",
         "SourcePort":"",
         "SourceAddress":"",
         "LayerName":"",
         "RemoteMachineID":"",
         "RemoteUserID":"",
         "ImageLoaded":"",
         "Company":"",
         "Signature":"",
         "Hashes":"",
         "Signed":"",
         "OriginalFileName":"",
         "FileVersion":"",
         "SignatureStatus":"",
         "GrantedAccess":"",
         "SourceThreadID":"",
         "Product":"",
         "SeverityValue":"",
         "ExecutionProcessID":"",
         "host":"",
         "AccountType":"",
         "UserID":"",
         "Opcode":"",
         "SourceModuleType":"",
         "port":"",
         "AccountName":"",
         "RecordNumber":"",
         "Domain":"",
         "OpcodeValue":"",
         "Version":"",
         "Category":"",
         "eventlog":"",
         "CommandLine":"",
         "ParentCommandLine":"",
         "Payload":"",
         "NewProcessName":"",
         "TokenElevationType":"",
         "TargetImage":"",
         "TargetProcessId":""
      },
      {
         "TimeGenerated":"2021-11-05T23:59:56.154Z",
         "SourceProcessId":"",
         "SourceName":"Microsoft-Windows-Sysmon",
         "Hostname":"WORKSTATION5",
         "SourceImage":"",
         "ProviderGuid":"{5770385f-c22a-43e0-bf4c-06f5698ffbd9}",
         "CallTrace":"",
         "Image":"C:\\Windows\\System32\\WindowsPowerShell\\v1.0\\powershell.exe",
         "Level":"4",
         "Channel":"Microsoft-Windows-Sysmon/Operational",
         "Details":"",
         "EventID":"12",
         "EventType":"CreateKey",
         "Keywords":"0x8000000000000000",
         "TargetObject":"HKLM\\System\\CurrentControlSet\\Services\\Tcpip\\Parameters",
         "Message":"Registry object added or deleted:\r\nRuleName: -\r\nEventType: CreateKey\r\nUtcTime: 2020-11-02 09:13:01.790\r\nProcessGuid: {39e4a257-cd82-5f9f-f949-000000000700}\r\nProcessId: 10668\r\nImage: C:\\Windows\\System32\\WindowsPowerShell\\v1.0\\powershell.exe\r\nTargetObject: HKLM\\System\\CurrentControlSet\\Services\\Tcpip\\Parameters",
         "RuleName":"-",
         "Task":"12",
         "DestPort":"",
         "DestAddress":"",
         "Protocol":"",
         "ProcessID":"",
         "LayerRTID":"",
         "Application":"",
         "SourcePort":"",
         "SourceAddress":"",
         "LayerName":"",
         "RemoteMachineID":"",
         "RemoteUserID":"",
         "ImageLoaded":"",
         "Company":"",
         "Signature":"",
         "Hashes":"",
         "Signed":"",
         "OriginalFileName":"",
         "FileVersion":"",
         "SignatureStatus":"",
         "GrantedAccess":"",
         "SourceThreadID":"",
         "Product":"",
         "SeverityValue":"",
         "ExecutionProcessID":"",
         "host":"",
         "AccountType":"",
         "UserID":"",
         "Opcode":"",
         "SourceModuleType":"",
         "port":"",
         "AccountName":"",
         "RecordNumber":"",
         "Domain":"",
         "OpcodeValue":"",
         "Version":"",
         "Category":"",
         "eventlog":"",
         "CommandLine":"",
         "ParentCommandLine":"",
         "Payload":"",
         "NewProcessName":"",
         "TokenElevationType":"",
         "TargetImage":"",
         "TargetProcessId":""
      },
      {
         "TimeGenerated":"2021-11-05T23:59:56.155Z",
         "SourceProcessId":"",
         "SourceName":"Microsoft-Windows-Sysmon",
         "Hostname":"WORKSTATION5",
         "SourceImage":"",
         "ProviderGuid":"{5770385f-c22a-43e0-bf4c-06f5698ffbd9}",
         "CallTrace":"",
         "Image":"C:\\Windows\\System32\\WindowsPowerShell\\v1.0\\powershell.exe",
         "Level":"4",
         "Channel":"Microsoft-Windows-Sysmon/Operational",
         "Details":"",
         "EventID":"7",
         "EventType":"",
         "Keywords":"0x8000000000000000",
         "TargetObject":"",
         "Message":"Image loaded:\r\nRuleName: -\r\nUtcTime: 2020-11-02 09:13:01.790\r\nProcessGuid: {39e4a257-cd82-5f9f-f949-000000000700}\r\nProcessId: 10668\r\nImage: C:\\Windows\\System32\\WindowsPowerShell\\v1.0\\powershell.exe\r\nImageLoaded: C:\\Windows\\System32\\FWPUCLNT.DLL\r\nFileVersion: 10.0.18362.1110 (WinBuild.160101.0800)\r\nDescription: FWP/IPsec User-Mode API\r\nProduct: Microsoft Windows Operating System\r\nCompany: Microsoft Corporation\r\nOriginalFileName: fwpuclnt.dll\r\nHashes: SHA1=A28C972B02687B3B4AC7B03A0B275580039D130B,MD5=B09AEAF6E34557F371609E8C5349CEED,SHA256=EF6A74EBB63FE5B8108BE3B296C86C0C3AE14E240110B78D27E7D3EA491B1F9D,IMPHASH=AFD4C9F86C7354898594DD6BBF32C51F\r\nSigned: true\r\nSignature: Microsoft Windows\r\nSignatureStatus: Valid",
         "RuleName":"-",
         "Task":"7",
         "DestPort":"",
         "DestAddress":"",
         "Protocol":"",
         "ProcessID":"",
         "LayerRTID":"",
         "Application":"",
         "SourcePort":"",
         "SourceAddress":"",
         "LayerName":"",
         "RemoteMachineID":"",
         "RemoteUserID":"",
         "ImageLoaded":"C:\\Windows\\System32\\FWPUCLNT.DLL",
         "Company":"Microsoft Corporation",
         "Signature":"Microsoft Windows",
         "Hashes":"SHA1=A28C972B02687B3B4AC7B03A0B275580039D130B,MD5=B09AEAF6E34557F371609E8C5349CEED,SHA256=EF6A74EBB63FE5B8108BE3B296C86C0C3AE14E240110B78D27E7D3EA491B1F9D,IMPHASH=AFD4C9F86C7354898594DD6BBF32C51F",
         "Signed":"true",
         "OriginalFileName":"fwpuclnt.dll",
         "FileVersion":"10.0.18362.1110 (WinBuild.160101.0800)",
         "SignatureStatus":"Valid",
         "GrantedAccess":"",
         "SourceThreadID":"",
         "Product":"Microsoft Windows Operating System",
         "SeverityValue":"",
         "ExecutionProcessID":"",
         "host":"",
         "AccountType":"",
         "UserID":"",
         "Opcode":"",
         "SourceModuleType":"",
         "port":"",
         "AccountName":"",
         "RecordNumber":"",
         "Domain":"",
         "OpcodeValue":"",
         "Version":"",
         "Category":"",
         "eventlog":"",
         "CommandLine":"",
         "ParentCommandLine":"",
         "Payload":"",
         "NewProcessName":"",
         "TokenElevationType":"",
         "TargetImage":"",
         "TargetProcessId":""
      },
      {
         "TimeGenerated":"2021-11-05T23:59:56.345Z",
         "SourceProcessId":"944",
         "SourceName":"Microsoft-Windows-Sysmon",
         "Hostname":"WORKSTATION5",
         "SourceImage":"C:\\windows\\system32\\svchost.exe",
         "ProviderGuid":"{5770385f-c22a-43e0-bf4c-06f5698ffbd9}",
         "CallTrace":"C:\\windows\\SYSTEM32\\ntdll.dll+9c584|C:\\windows\\SYSTEM32\\psmserviceexthost.dll+222a3|C:\\windows\\SYSTEM32\\psmserviceexthost.dll+37ea0|C:\\windows\\SYSTEM32\\psmserviceexthost.dll+37929|C:\\windows\\SYSTEM32\\psmserviceexthost.dll+686f8|C:\\windows\\SYSTEM32\\psmserviceexthost.dll+6e84a|C:\\windows\\SYSTEM32\\psmserviceexthost.dll+6f700|C:\\windows\\SYSTEM32\\psmserviceexthost.dll+34be4|C:\\windows\\SYSTEM32\\psmserviceexthost.dll+6f63e|C:\\windows\\SYSTEM32\\psmserviceexthost.dll+713b5|C:\\windows\\SYSTEM32\\psmserviceexthost.dll+50bda|C:\\windows\\SYSTEM32\\psmserviceexthost.dll+4500a|C:\\windows\\System32\\KERNEL32.DLL+17c24|C:\\windows\\SYSTEM32\\ntdll.dll+6cea1",
         "Image":"",
         "Level":"4",
         "Channel":"Microsoft-Windows-Sysmon/Operational",
         "Details":"",
         "EventID":"10",
         "EventType":"",
         "Keywords":"0x8000000000000000",
         "TargetObject":"",
         "Message":"Process accessed:\r\nRuleName: -\r\nUtcTime: 2020-11-02 09:13:01.992\r\nSourceProcessGUID: {39e4a257-f132-5f8b-1000-000000000700}\r\nSourceProcessId: 944\r\nSourceThreadId: 1060\r\nSourceImage: C:\\windows\\system32\\svchost.exe\r\nTargetProcessGUID: {39e4a257-f247-5f8b-d300-000000000700}\r\nTargetProcessId: 4368\r\nTargetImage: C:\\Windows\\SystemApps\\InputApp_cw5n1h2txyewy\\WindowsInternal.ComposableShell.Experiences.TextInput.InputApp.exe\r\nGrantedAccess: 0x1000\r\nCallTrace: C:\\windows\\SYSTEM32\\ntdll.dll+9c584|C:\\windows\\SYSTEM32\\psmserviceexthost.dll+222a3|C:\\windows\\SYSTEM32\\psmserviceexthost.dll+37ea0|C:\\windows\\SYSTEM32\\psmserviceexthost.dll+37929|C:\\windows\\SYSTEM32\\psmserviceexthost.dll+686f8|C:\\windows\\SYSTEM32\\psmserviceexthost.dll+6e84a|C:\\windows\\SYSTEM32\\psmserviceexthost.dll+6f700|C:\\windows\\SYSTEM32\\psmserviceexthost.dll+34be4|C:\\windows\\SYSTEM32\\psmserviceexthost.dll+6f63e|C:\\windows\\SYSTEM32\\psmserviceexthost.dll+713b5|C:\\windows\\SYSTEM32\\psmserviceexthost.dll+50bda|C:\\windows\\SYSTEM32\\psmserviceexthost.dll+4500a|C:\\windows\\System32\\KERNEL32.DLL+17c24|C:\\windows\\SYSTEM32\\ntdll.dll+6cea1",
         "RuleName":"-",
         "Task":"10",
         "DestPort":"",
         "DestAddress":"",
         "Protocol":"",
         "ProcessID":"",
         "LayerRTID":"",
         "Application":"",
         "SourcePort":"",
         "SourceAddress":"",
         "LayerName":"",
         "RemoteMachineID":"",
         "RemoteUserID":"",
         "ImageLoaded":"",
         "Company":"",
         "Signature":"",
         "Hashes":"",
         "Signed":"",
         "OriginalFileName":"",
         "FileVersion":"",
         "SignatureStatus":"",
         "GrantedAccess":"0x1000",
         "SourceThreadID":"",
         "Product":"",
         "SeverityValue":"",
         "ExecutionProcessID":"",
         "host":"",
         "AccountType":"",
         "UserID":"",
         "Opcode":"",
         "SourceModuleType":"",
         "port":"",
         "AccountName":"",
         "RecordNumber":"",
         "Domain":"",
         "OpcodeValue":"",
         "Version":"",
         "Category":"",
         "eventlog":"",
         "CommandLine":"",
         "ParentCommandLine":"",
         "Payload":"",
         "NewProcessName":"",
         "TokenElevationType":"",
         "TargetImage":"C:\\Windows\\SystemApps\\InputApp_cw5n1h2txyewy\\WindowsInternal.ComposableShell.Experiences.TextInput.InputApp.exe",
         "TargetProcessId":"4368"
      },
      {
         "TimeGenerated":"2021-11-05T23:59:56.345Z",
         "SourceProcessId":"944",
         "SourceName":"Microsoft-Windows-Sysmon",
         "Hostname":"WORKSTATION5",
         "SourceImage":"C:\\windows\\system32\\svchost.exe",
         "ProviderGuid":"{5770385f-c22a-43e0-bf4c-06f5698ffbd9}",
         "CallTrace":"C:\\windows\\SYSTEM32\\ntdll.dll+9c584|C:\\windows\\SYSTEM32\\psmserviceexthost.dll+222a3|C:\\windows\\SYSTEM32\\psmserviceexthost.dll+37ea0|C:\\windows\\SYSTEM32\\psmserviceexthost.dll+37929|C:\\windows\\SYSTEM32\\psmserviceexthost.dll+686f8|C:\\windows\\SYSTEM32\\psmserviceexthost.dll+6e84a|C:\\windows\\SYSTEM32\\psmserviceexthost.dll+6f700|C:\\windows\\SYSTEM32\\psmserviceexthost.dll+34be4|C:\\windows\\SYSTEM32\\psmserviceexthost.dll+6f63e|C:\\windows\\SYSTEM32\\psmserviceexthost.dll+713b5|C:\\windows\\SYSTEM32\\psmserviceexthost.dll+50bda|C:\\windows\\SYSTEM32\\psmserviceexthost.dll+4500a|C:\\windows\\System32\\KERNEL32.DLL+17c24|C:\\windows\\SYSTEM32\\ntdll.dll+6cea1",
         "Image":"",
         "Level":"4",
         "Channel":"Microsoft-Windows-Sysmon/Operational",
         "Details":"",
         "EventID":"10",
         "EventType":"",
         "Keywords":"0x8000000000000000",
         "TargetObject":"",
         "Message":"Process accessed:\r\nRuleName: -\r\nUtcTime: 2020-11-02 09:13:01.992\r\nSourceProcessGUID: {39e4a257-f132-5f8b-1000-000000000700}\r\nSourceProcessId: 944\r\nSourceThreadId: 1060\r\nSourceImage: C:\\windows\\system32\\svchost.exe\r\nTargetProcessGUID: {39e4a257-cd84-5f9f-fb49-000000000700}\r\nTargetProcessId: 14064\r\nTargetImage: C:\\windows\\system32\\backgroundTaskHost.exe\r\nGrantedAccess: 0x1000\r\nCallTrace: C:\\windows\\SYSTEM32\\ntdll.dll+9c584|C:\\windows\\SYSTEM32\\psmserviceexthost.dll+222a3|C:\\windows\\SYSTEM32\\psmserviceexthost.dll+37ea0|C:\\windows\\SYSTEM32\\psmserviceexthost.dll+37929|C:\\windows\\SYSTEM32\\psmserviceexthost.dll+686f8|C:\\windows\\SYSTEM32\\psmserviceexthost.dll+6e84a|C:\\windows\\SYSTEM32\\psmserviceexthost.dll+6f700|C:\\windows\\SYSTEM32\\psmserviceexthost.dll+34be4|C:\\windows\\SYSTEM32\\psmserviceexthost.dll+6f63e|C:\\windows\\SYSTEM32\\psmserviceexthost.dll+713b5|C:\\windows\\SYSTEM32\\psmserviceexthost.dll+50bda|C:\\windows\\SYSTEM32\\psmserviceexthost.dll+4500a|C:\\windows\\System32\\KERNEL32.DLL+17c24|C:\\windows\\SYSTEM32\\ntdll.dll+6cea1",
         "RuleName":"-",
         "Task":"10",
         "DestPort":"",
         "DestAddress":"",
         "Protocol":"",
         "ProcessID":"",
         "LayerRTID":"",
         "Application":"",
         "SourcePort":"",
         "SourceAddress":"",
         "LayerName":"",
         "RemoteMachineID":"",
         "RemoteUserID":"",
         "ImageLoaded":"",
         "Company":"",
         "Signature":"",
         "Hashes":"",
         "Signed":"",
         "OriginalFileName":"",
         "FileVersion":"",
         "SignatureStatus":"",
         "GrantedAccess":"0x1000",
         "SourceThreadID":"",
         "Product":"",
         "SeverityValue":"",
         "ExecutionProcessID":"",
         "host":"",
         "AccountType":"",
         "UserID":"",
         "Opcode":"",
         "SourceModuleType":"",
         "port":"",
         "AccountName":"",
         "RecordNumber":"",
         "Domain":"",
         "OpcodeValue":"",
         "Version":"",
         "Category":"",
         "eventlog":"",
         "CommandLine":"",
         "ParentCommandLine":"",
         "Payload":"",
         "NewProcessName":"",
         "TokenElevationType":"",
         "TargetImage":"C:\\windows\\system32\\backgroundTaskHost.exe",
         "TargetProcessId":"14064"
      },
