"00000000-0000-0000-0000-000000000000","4/20/2023, 6:34:22.855 PM",OpsManager,"KUSTOWORKS\Administrator",User,"DC1.kustoworks.com","Microsoft-Windows-Security-Auditing",Security,1,0,"<EventData xmlns=""http://schemas.microsoft.com/win/2004/08/events/event"">
  <Data Name=""OpCorrelationID"">{b3e35073-4c87-47e4-9ed4-514198bcfd8f}</Data>
  <Data Name=""AppCorrelationID"">-</Data>
  <Data Name=""SubjectUserSid"">S-1-5-21-2496762881-1366215883-1809657155-500</Data>
  <Data Name=""SubjectUserName"">Administrator</Data>
  <Data Name=""SubjectDomainName"">KUSTOWORKS</Data>
  <Data Name=""SubjectLogonId"">0x3aeb8e</Data>
  <Data Name=""DSName"">kustoworks.com</Data>
  <Data Name=""DSType"">%%14676</Data>
  <Data Name=""ObjectDN"">CN={31B2F340-016D-11D2-945F-00C04FB984F9},CN=POLICIES,CN=SYSTEM,DC=KUSTOWORKS,DC=COM</Data>
  <Data Name=""ObjectGUID"">{931811e8-2552-43d8-9119-638de8b70752}</Data>
  <Data Name=""ObjectClass"">groupPolicyContainer</Data>
  <Data Name=""AttributeLDAPDisplayName"">versionNumber</Data>
  <Data Name=""AttributeSyntaxOID"">2.5.5.9</Data>
  <Data Name=""AttributeValue"">8</Data>
  <Data Name=""OperationType"">%%14675</Data>
</EventData>",5136,"5136 - A directory service object was modified.","cc046e6c-795c-47b2-a5ae-c9a0645e6d32","cc046e6c-795c-47b2-a5ae-c9a0645e6d33","00000000-0000-0000-0000-000000000001","4/20/2023, 6:34:55.950 PM","AOI-00000000-0000-0000-0000-000000000000",,,,,,,,,,,,,,,,,,,,,,,,,,,,,,,,,,,,,,,,,,,,,,,,,,,,,,,,,,,,,,,,,,,,,,,,,,,,,,,,,,,,,,,,,,,,,,,,,,,,,,,,,,,,,,,,,,,,"%%14675",,,,,,,,,,,,,,,,,,,,,,,,,,,,,,,,,,,,,,,,,,,"KUSTOWORKS\Administrator",,,,KUSTOWORKS,,0x3aeb8e,,,Administrator,"S-1-5-21-2496762881-1366215883-1809657155-500",,,,,,,,,,,,,,,,,,,,,,,,,,,,,,,,,,,,,SecurityEvent,"/subscriptions/00000000-0000-0000-0000-000000000000/resourcegroups/kustoworksarc/providers/microsoft.hybridcompute/machines/dc1"
"00000000-0000-0000-0000-000000000000","4/20/2023, 6:34:22.855 PM",OpsManager,"KUSTOWORKS\Administrator",User,"DC1.kustoworks.com","Microsoft-Windows-Security-Auditing",Security,1,0,"<EventData xmlns=""http://schemas.microsoft.com/win/2004/08/events/event"">
  <Data Name=""OpCorrelationID"">{b3e35073-4c87-47e4-9ed4-514198bcfd8f}</Data>
  <Data Name=""AppCorrelationID"">-</Data>
  <Data Name=""SubjectUserSid"">S-1-5-21-2496762881-1366215883-1809657155-500</Data>
  <Data Name=""SubjectUserName"">Administrator</Data>
  <Data Name=""SubjectDomainName"">KUSTOWORKS</Data>
  <Data Name=""SubjectLogonId"">0x3aeb8e</Data>
  <Data Name=""DSName"">kustoworks.com</Data>
  <Data Name=""DSType"">%%14676</Data>
  <Data Name=""ObjectDN"">CN={31B2F340-016D-11D2-945F-00C04FB984F9},CN=POLICIES,CN=SYSTEM,DC=KUSTOWORKS,DC=COM</Data>
  <Data Name=""ObjectGUID"">{931811e8-2552-43d8-9119-638de8b70752}</Data>
  <Data Name=""ObjectClass"">groupPolicyContainer</Data>
  <Data Name=""AttributeLDAPDisplayName"">versionNumber</Data>
  <Data Name=""AttributeSyntaxOID"">2.5.5.9</Data>
  <Data Name=""AttributeValue"">9</Data>
  <Data Name=""OperationType"">%%14674</Data>
</EventData>",5136,"5136 - A directory service object was modified.","cc046e6c-795c-47b2-a5ae-c9a0645e6d32","cc046e6c-795c-47b2-a5ae-c9a0645e6d33","00000000-0000-0000-0000-000000000001","4/20/2023, 6:34:55.950 PM","AOI-00000000-0000-0000-0000-000000000000",,,,,,,,,,,,,,,,,,,,,,,,,,,,,,,,,,,,,,,,,,,,,,,,,,,,,,,,,,,,,,,,,,,,,,,,,,,,,,,,,,,,,,,,,,,,,,,,,,,,,,,,,,,,,,,,,,,,"%%14674",,,,,,,,,,,,,,,,,,,,,,,,,,,,,,,,,,,,,,,,,,,"KUSTOWORKS\Administrator",,,,KUSTOWORKS,,0x3aeb8e,,,Administrator,"S-1-5-21-2496762881-1366215883-1809657155-500",,,,,,,,,,,,,,,,,,,,,,,,,,,,,,,,,,,,,SecurityEvent,"/subscriptions/00000000-0000-0000-0000-000000000000/resourcegroups/kustoworksarc/providers/microsoft.hybridcompute/machines/dc1"
"00000000-0000-0000-0000-000000000000","4/20/2023, 6:35:12.897 PM",OpsManager,"KUSTOWORKS\Administrator",User,"DC1.kustoworks.com","Microsoft-Windows-Security-Auditing",Security,1,0,"<EventData xmlns=""http://schemas.microsoft.com/win/2004/08/events/event"">
  <Data Name=""OpCorrelationID"">{2bd2e254-8025-48c5-82ba-a1b126feae3b}</Data>
  <Data Name=""AppCorrelationID"">-</Data>
  <Data Name=""SubjectUserSid"">S-1-5-21-2496762881-1366215883-1809657155-500</Data>
  <Data Name=""SubjectUserName"">Administrator</Data>
  <Data Name=""SubjectDomainName"">KUSTOWORKS</Data>
  <Data Name=""SubjectLogonId"">0x3aeb8e</Data>
  <Data Name=""DSName"">kustoworks.com</Data>
  <Data Name=""DSType"">%%14676</Data>
  <Data Name=""ObjectDN"">CN={31B2F340-016D-11D2-945F-00C04FB984F9},CN=POLICIES,CN=SYSTEM,DC=KUSTOWORKS,DC=COM</Data>
  <Data Name=""ObjectGUID"">{931811e8-2552-43d8-9119-638de8b70752}</Data>
  <Data Name=""ObjectClass"">groupPolicyContainer</Data>
  <Data Name=""AttributeLDAPDisplayName"">versionNumber</Data>
  <Data Name=""AttributeSyntaxOID"">2.5.5.9</Data>
  <Data Name=""AttributeValue"">9</Data>
  <Data Name=""OperationType"">%%14675</Data>
</EventData>",5136,"5136 - A directory service object was modified.","cc046e6c-795c-47b2-a5ae-c9a0645e6d32","cc046e6c-795c-47b2-a5ae-c9a0645e6d33","00000000-0000-0000-0000-000000000001","4/20/2023, 6:35:35.759 PM","AOI-00000000-0000-0000-0000-000000000000",,,,,,,,,,,,,,,,,,,,,,,,,,,,,,,,,,,,,,,,,,,,,,,,,,,,,,,,,,,,,,,,,,,,,,,,,,,,,,,,,,,,,,,,,,,,,,,,,,,,,,,,,,,,,,,,,,,,"%%14675",,,,,,,,,,,,,,,,,,,,,,,,,,,,,,,,,,,,,,,,,,,"KUSTOWORKS\Administrator",,,,KUSTOWORKS,,0x3aeb8e,,,Administrator,"S-1-5-21-2496762881-1366215883-1809657155-500",,,,,,,,,,,,,,,,,,,,,,,,,,,,,,,,,,,,,SecurityEvent,"/subscriptions/00000000-0000-0000-0000-000000000000/resourcegroups/kustoworksarc/providers/microsoft.hybridcompute/machines/dc1"
"00000000-0000-0000-0000-000000000000","4/20/2023, 6:35:12.897 PM",OpsManager,"KUSTOWORKS\Administrator",User,"DC1.kustoworks.com","Microsoft-Windows-Security-Auditing",Security,1,0,"<EventData xmlns=""http://schemas.microsoft.com/win/2004/08/events/event"">
  <Data Name=""OpCorrelationID"">{2bd2e254-8025-48c5-82ba-a1b126feae3b}</Data>
  <Data Name=""AppCorrelationID"">-</Data>
  <Data Name=""SubjectUserSid"">S-1-5-21-2496762881-1366215883-1809657155-500</Data>
  <Data Name=""SubjectUserName"">Administrator</Data>
  <Data Name=""SubjectDomainName"">KUSTOWORKS</Data>
  <Data Name=""SubjectLogonId"">0x3aeb8e</Data>
  <Data Name=""DSName"">kustoworks.com</Data>
  <Data Name=""DSType"">%%14676</Data>
  <Data Name=""ObjectDN"">CN={31B2F340-016D-11D2-945F-00C04FB984F9},CN=POLICIES,CN=SYSTEM,DC=KUSTOWORKS,DC=COM</Data>
  <Data Name=""ObjectGUID"">{931811e8-2552-43d8-9119-638de8b70752}</Data>
  <Data Name=""ObjectClass"">groupPolicyContainer</Data>
  <Data Name=""AttributeLDAPDisplayName"">versionNumber</Data>
  <Data Name=""AttributeSyntaxOID"">2.5.5.9</Data>
  <Data Name=""AttributeValue"">10</Data>
  <Data Name=""OperationType"">%%14674</Data>
</EventData>",5136,"5136 - A directory service object was modified.","cc046e6c-795c-47b2-a5ae-c9a0645e6d32","cc046e6c-795c-47b2-a5ae-c9a0645e6d33","00000000-0000-0000-0000-000000000001","4/20/2023, 6:35:35.759 PM","AOI-00000000-0000-0000-0000-000000000000",,,,,,,,,,,,,,,,,,,,,,,,,,,,,,,,,,,,,,,,,,,,,,,,,,,,,,,,,,,,,,,,,,,,,,,,,,,,,,,,,,,,,,,,,,,,,,,,,,,,,,,,,,,,,,,,,,,,"%%14674",,,,,,,,,,,,,,,,,,,,,,,,,,,,,,,,,,,,,,,,,,,"KUSTOWORKS\Administrator",,,,KUSTOWORKS,,0x3aeb8e,,,Administrator,"S-1-5-21-2496762881-1366215883-1809657155-500",,,,,,,,,,,,,,,,,,,,,,,,,,,,,,,,,,,,,SecurityEvent,"/subscriptions/00000000-0000-0000-0000-000000000000/resourcegroups/kustoworksarc/providers/microsoft.hybridcompute/machines/dc1"
"00000000-0000-0000-0000-000000000000","4/20/2023, 6:35:42.937 PM",OpsManager,"KUSTOWORKS\Administrator",User,"DC1.kustoworks.com","Microsoft-Windows-Security-Auditing",Security,1,0,"<EventData xmlns=""http://schemas.microsoft.com/win/2004/08/events/event"">
  <Data Name=""OpCorrelationID"">{c8df9a50-35f1-43b6-9914-8a3a2bd48812}</Data>
  <Data Name=""AppCorrelationID"">-</Data>
  <Data Name=""SubjectUserSid"">S-1-5-21-2496762881-1366215883-1809657155-500</Data>
  <Data Name=""SubjectUserName"">Administrator</Data>
  <Data Name=""SubjectDomainName"">KUSTOWORKS</Data>
  <Data Name=""SubjectLogonId"">0x3aeb8e</Data>
  <Data Name=""DSName"">kustoworks.com</Data>
  <Data Name=""DSType"">%%14676</Data>
  <Data Name=""ObjectDN"">CN={31B2F340-016D-11D2-945F-00C04FB984F9},CN=POLICIES,CN=SYSTEM,DC=KUSTOWORKS,DC=COM</Data>
  <Data Name=""ObjectGUID"">{931811e8-2552-43d8-9119-638de8b70752}</Data>
  <Data Name=""ObjectClass"">groupPolicyContainer</Data>
  <Data Name=""AttributeLDAPDisplayName"">versionNumber</Data>
  <Data Name=""AttributeSyntaxOID"">2.5.5.9</Data>
  <Data Name=""AttributeValue"">10</Data>
  <Data Name=""OperationType"">%%14675</Data>
</EventData>",5136,"5136 - A directory service object was modified.","cc046e6c-795c-47b2-a5ae-c9a0645e6d32","cc046e6c-795c-47b2-a5ae-c9a0645e6d33","00000000-0000-0000-0000-000000000001","4/20/2023, 6:36:15.731 PM","AOI-00000000-0000-0000-0000-000000000000",,,,,,,,,,,,,,,,,,,,,,,,,,,,,,,,,,,,,,,,,,,,,,,,,,,,,,,,,,,,,,,,,,,,,,,,,,,,,,,,,,,,,,,,,,,,,,,,,,,,,,,,,,,,,,,,,,,,"%%14675",,,,,,,,,,,,,,,,,,,,,,,,,,,,,,,,,,,,,,,,,,,"KUSTOWORKS\Administrator",,,,KUSTOWORKS,,0x3aeb8e,,,Administrator,"S-1-5-21-2496762881-1366215883-1809657155-500",,,,,,,,,,,,,,,,,,,,,,,,,,,,,,,,,,,,,SecurityEvent,"/subscriptions/00000000-0000-0000-0000-000000000000/resourcegroups/kustoworksarc/providers/microsoft.hybridcompute/machines/dc1"
"00000000-0000-0000-0000-000000000000","4/20/2023, 6:35:42.938 PM",OpsManager,"KUSTOWORKS\Administrator",User,"DC1.kustoworks.com","Microsoft-Windows-Security-Auditing",Security,1,0,"<EventData xmlns=""http://schemas.microsoft.com/win/2004/08/events/event"">
  <Data Name=""OpCorrelationID"">{c8df9a50-35f1-43b6-9914-8a3a2bd48812}</Data>
  <Data Name=""AppCorrelationID"">-</Data>
  <Data Name=""SubjectUserSid"">S-1-5-21-2496762881-1366215883-1809657155-500</Data>
  <Data Name=""SubjectUserName"">Administrator</Data>
  <Data Name=""SubjectDomainName"">KUSTOWORKS</Data>
  <Data Name=""SubjectLogonId"">0x3aeb8e</Data>
  <Data Name=""DSName"">kustoworks.com</Data>
  <Data Name=""DSType"">%%14676</Data>
  <Data Name=""ObjectDN"">CN={31B2F340-016D-11D2-945F-00C04FB984F9},CN=POLICIES,CN=SYSTEM,DC=KUSTOWORKS,DC=COM</Data>
  <Data Name=""ObjectGUID"">{931811e8-2552-43d8-9119-638de8b70752}</Data>
  <Data Name=""ObjectClass"">groupPolicyContainer</Data>
  <Data Name=""AttributeLDAPDisplayName"">versionNumber</Data>
  <Data Name=""AttributeSyntaxOID"">2.5.5.9</Data>
  <Data Name=""AttributeValue"">11</Data>
  <Data Name=""OperationType"">%%14674</Data>
</EventData>",5136,"5136 - A directory service object was modified.","cc046e6c-795c-47b2-a5ae-c9a0645e6d32","cc046e6c-795c-47b2-a5ae-c9a0645e6d33","00000000-0000-0000-0000-000000000001","4/20/2023, 6:36:15.731 PM","AOI-00000000-0000-0000-0000-000000000000",,,,,,,,,,,,,,,,,,,,,,,,,,,,,,,,,,,,,,,,,,,,,,,,,,,,,,,,,,,,,,,,,,,,,,,,,,,,,,,,,,,,,,,,,,,,,,,,,,,,,,,,,,,,,,,,,,,,"%%14674",,,,,,,,,,,,,,,,,,,,,,,,,,,,,,,,,,,,,,,,,,,"KUSTOWORKS\Administrator",,,,KUSTOWORKS,,0x3aeb8e,,,Administrator,"S-1-5-21-2496762881-1366215883-1809657155-500",,,,,,,,,,,,,,,,,,,,,,,,,,,,,,,,,,,,,SecurityEvent,"/subscriptions/00000000-0000-0000-0000-000000000000/resourcegroups/kustoworksarc/providers/microsoft.hybridcompute/machines/dc1"
"00000000-0000-0000-0000-000000000000","4/20/2023, 6:36:22.950 PM",OpsManager,"KUSTOWORKS\Administrator",User,"DC1.kustoworks.com","Microsoft-Windows-Security-Auditing",Security,1,0,"<EventData xmlns=""http://schemas.microsoft.com/win/2004/08/events/event"">
  <Data Name=""OpCorrelationID"">{a3f9420c-f5db-444c-b16e-4855b97c21cf}</Data>
  <Data Name=""AppCorrelationID"">-</Data>
  <Data Name=""SubjectUserSid"">S-1-5-21-2496762881-1366215883-1809657155-500</Data>
  <Data Name=""SubjectUserName"">Administrator</Data>
  <Data Name=""SubjectDomainName"">KUSTOWORKS</Data>
  <Data Name=""SubjectLogonId"">0x3aeb8e</Data>
  <Data Name=""DSName"">kustoworks.com</Data>
  <Data Name=""DSType"">%%14676</Data>
  <Data Name=""ObjectDN"">CN={6AC1786C-016F-11D2-945F-00C04FB984F9},CN=POLICIES,CN=SYSTEM,DC=KUSTOWORKS,DC=COM</Data>
  <Data Name=""ObjectGUID"">{b16cdaeb-fdeb-4378-85a1-d8550fe374f2}</Data>
  <Data Name=""ObjectClass"">groupPolicyContainer</Data>
  <Data Name=""AttributeLDAPDisplayName"">versionNumber</Data>
  <Data Name=""AttributeSyntaxOID"">2.5.5.9</Data>
  <Data Name=""AttributeValue"">51</Data>
  <Data Name=""OperationType"">%%14675</Data>
</EventData>",5136,"5136 - A directory service object was modified.","cc046e6c-795c-47b2-a5ae-c9a0645e6d32","cc046e6c-795c-47b2-a5ae-c9a0645e6d33","00000000-0000-0000-0000-000000000001","4/20/2023, 6:36:55.717 PM","AOI-00000000-0000-0000-0000-000000000000",,,,,,,,,,,,,,,,,,,,,,,,,,,,,,,,,,,,,,,,,,,,,,,,,,,,,,,,,,,,,,,,,,,,,,,,,,,,,,,,,,,,,,,,,,,,,,,,,,,,,,,,,,,,,,,,,,,,"%%14675",,,,,,,,,,,,,,,,,,,,,,,,,,,,,,,,,,,,,,,,,,,"KUSTOWORKS\Administrator",,,,KUSTOWORKS,,0x3aeb8e,,,Administrator,"S-1-5-21-2496762881-1366215883-1809657155-500",,,,,,,,,,,,,,,,,,,,,,,,,,,,,,,,,,,,,SecurityEvent,"/subscriptions/00000000-0000-0000-0000-000000000000/resourcegroups/kustoworksarc/providers/microsoft.hybridcompute/machines/dc1"
"00000000-0000-0000-0000-000000000000","4/20/2023, 6:36:22.950 PM",OpsManager,"KUSTOWORKS\Administrator",User,"DC1.kustoworks.com","Microsoft-Windows-Security-Auditing",Security,1,0,"<EventData xmlns=""http://schemas.microsoft.com/win/2004/08/events/event"">
  <Data Name=""OpCorrelationID"">{a3f9420c-f5db-444c-b16e-4855b97c21cf}</Data>
  <Data Name=""AppCorrelationID"">-</Data>
  <Data Name=""SubjectUserSid"">S-1-5-21-2496762881-1366215883-1809657155-500</Data>
  <Data Name=""SubjectUserName"">Administrator</Data>
  <Data Name=""SubjectDomainName"">KUSTOWORKS</Data>
  <Data Name=""SubjectLogonId"">0x3aeb8e</Data>
  <Data Name=""DSName"">kustoworks.com</Data>
  <Data Name=""DSType"">%%14676</Data>
  <Data Name=""ObjectDN"">CN={6AC1786C-016F-11D2-945F-00C04FB984F9},CN=POLICIES,CN=SYSTEM,DC=KUSTOWORKS,DC=COM</Data>
  <Data Name=""ObjectGUID"">{b16cdaeb-fdeb-4378-85a1-d8550fe374f2}</Data>
  <Data Name=""ObjectClass"">groupPolicyContainer</Data>
  <Data Name=""AttributeLDAPDisplayName"">versionNumber</Data>
  <Data Name=""AttributeSyntaxOID"">2.5.5.9</Data>
  <Data Name=""AttributeValue"">52</Data>
  <Data Name=""OperationType"">%%14674</Data>
</EventData>",5136,"5136 - A directory service object was modified.","cc046e6c-795c-47b2-a5ae-c9a0645e6d32","cc046e6c-795c-47b2-a5ae-c9a0645e6d33","00000000-0000-0000-0000-000000000001","4/20/2023, 6:36:55.717 PM","AOI-00000000-0000-0000-0000-000000000000",,,,,,,,,,,,,,,,,,,,,,,,,,,,,,,,,,,,,,,,,,,,,,,,,,,,,,,,,,,,,,,,,,,,,,,,,,,,,,,,,,,,,,,,,,,,,,,,,,,,,,,,,,,,,,,,,,,,"%%14674",,,,,,,,,,,,,,,,,,,,,,,,,,,,,,,,,,,,,,,,,,,"KUSTOWORKS\Administrator",,,,KUSTOWORKS,,0x3aeb8e,,,Administrator,"S-1-5-21-2496762881-1366215883-1809657155-500",,,,,,,,,,,,,,,,,,,,,,,,,,,,,,,,,,,,,SecurityEvent,"/subscriptions/00000000-0000-0000-0000-000000000000/resourcegroups/kustoworksarc/providers/microsoft.hybridcompute/machines/dc1"
"00000000-0000-0000-0000-000000000000","4/20/2023, 6:36:22.951 PM",OpsManager,"KUSTOWORKS\Administrator",User,"DC1.kustoworks.com","Microsoft-Windows-Security-Auditing",Security,1,0,"<EventData xmlns=""http://schemas.microsoft.com/win/2004/08/events/event"">
  <Data Name=""OpCorrelationID"">{a3f9420c-f5db-444c-b16e-4855b97c21cf}</Data>
  <Data Name=""AppCorrelationID"">-</Data>
  <Data Name=""SubjectUserSid"">S-1-5-21-2496762881-1366215883-1809657155-500</Data>
  <Data Name=""SubjectUserName"">Administrator</Data>
  <Data Name=""SubjectDomainName"">KUSTOWORKS</Data>
  <Data Name=""SubjectLogonId"">0x3aeb8e</Data>
  <Data Name=""DSName"">kustoworks.com</Data>
  <Data Name=""DSType"">%%14676</Data>
  <Data Name=""ObjectDN"">CN={6AC1786C-016F-11D2-945F-00C04FB984F9},CN=POLICIES,CN=SYSTEM,DC=KUSTOWORKS,DC=COM</Data>
  <Data Name=""ObjectGUID"">{b16cdaeb-fdeb-4378-85a1-d8550fe374f2}</Data>
  <Data Name=""ObjectClass"">groupPolicyContainer</Data>
  <Data Name=""AttributeLDAPDisplayName"">gPCMachineExtensionNames</Data>
  <Data Name=""AttributeSyntaxOID"">2.5.5.12</Data>
  <Data Name=""AttributeValue"">[{00000000-0000-0000-0000-000000000000}{BEE07A6A-EC9F-4659-B8C9-0B1937907C83}][{827D319E-6EAC-11D2-A4EA-00C04F79F83A}{803E14A0-B4FB-11D0-A0D0-00A0C90F574B}][{B087BE9D-ED37-454F-AF9C-04291E351182}{BEE07A6A-EC9F-4659-B8C9-0B1937907C83}][{F3CCC681-B74C-4060-9F26-CD84525DCA2A}{0F3F3735-573D-9804-99E4-AB2A69BA5FD4}]</Data>
  <Data Name=""OperationType"">%%14675</Data>
</EventData>",5136,"5136 - A directory service object was modified.","cc046e6c-795c-47b2-a5ae-c9a0645e6d32","cc046e6c-795c-47b2-a5ae-c9a0645e6d33","00000000-0000-0000-0000-000000000001","4/20/2023, 6:36:55.717 PM","AOI-00000000-0000-0000-0000-000000000000",,,,,,,,,,,,,,,,,,,,,,,,,,,,,,,,,,,,,,,,,,,,,,,,,,,,,,,,,,,,,,,,,,,,,,,,,,,,,,,,,,,,,,,,,,,,,,,,,,,,,,,,,,,,,,,,,,,,"%%14675",,,,,,,,,,,,,,,,,,,,,,,,,,,,,,,,,,,,,,,,,,,"KUSTOWORKS\Administrator",,,,KUSTOWORKS,,0x3aeb8e,,,Administrator,"S-1-5-21-2496762881-1366215883-1809657155-500",,,,,,,,,,,,,,,,,,,,,,,,,,,,,,,,,,,,,SecurityEvent,"/subscriptions/00000000-0000-0000-0000-000000000000/resourcegroups/kustoworksarc/providers/microsoft.hybridcompute/machines/dc1"
"00000000-0000-0000-0000-000000000000","4/20/2023, 6:36:22.952 PM",OpsManager,"KUSTOWORKS\Administrator",User,"DC1.kustoworks.com","Microsoft-Windows-Security-Auditing",Security,1,0,"<EventData xmlns=""http://schemas.microsoft.com/win/2004/08/events/event"">
  <Data Name=""OpCorrelationID"">{a3f9420c-f5db-444c-b16e-4855b97c21cf}</Data>
  <Data Name=""AppCorrelationID"">-</Data>
  <Data Name=""SubjectUserSid"">S-1-5-21-2496762881-1366215883-1809657155-500</Data>
  <Data Name=""SubjectUserName"">Administrator</Data>
  <Data Name=""SubjectDomainName"">KUSTOWORKS</Data>
  <Data Name=""SubjectLogonId"">0x3aeb8e</Data>
  <Data Name=""DSName"">kustoworks.com</Data>
  <Data Name=""DSType"">%%14676</Data>
  <Data Name=""ObjectDN"">CN={6AC1786C-016F-11D2-945F-00C04FB984F9},CN=POLICIES,CN=SYSTEM,DC=KUSTOWORKS,DC=COM</Data>
  <Data Name=""ObjectGUID"">{b16cdaeb-fdeb-4378-85a1-d8550fe374f2}</Data>
  <Data Name=""ObjectClass"">groupPolicyContainer</Data>
  <Data Name=""AttributeLDAPDisplayName"">gPCMachineExtensionNames</Data>
  <Data Name=""AttributeSyntaxOID"">2.5.5.12</Data>
  <Data Name=""AttributeValue"">[{00000000-0000-0000-0000-000000000000}{BEE07A6A-EC9F-4659-B8C9-0B1937907C83}][{35378EAC-683F-11D2-A89A-00C04FBBCFA2}{D02B1F72-3407-48AE-BA88-E8213C6761F1}][{827D319E-6EAC-11D2-A4EA-00C04F79F83A}{803E14A0-B4FB-11D0-A0D0-00A0C90F574B}][{B087BE9D-ED37-454F-AF9C-04291E351182}{BEE07A6A-EC9F-4659-B8C9-0B1937907C83}][{F3CCC681-B74C-4060-9F26-CD84525DCA2A}{0F3F3735-573D-9804-99E4-AB2A69BA5FD4}]</Data>
  <Data Name=""OperationType"">%%14674</Data>
</EventData>",5136,"5136 - A directory service object was modified.","cc046e6c-795c-47b2-a5ae-c9a0645e6d32","cc046e6c-795c-47b2-a5ae-c9a0645e6d33","00000000-0000-0000-0000-000000000001","4/20/2023, 6:36:55.717 PM","AOI-00000000-0000-0000-0000-000000000000",,,,,,,,,,,,,,,,,,,,,,,,,,,,,,,,,,,,,,,,,,,,,,,,,,,,,,,,,,,,,,,,,,,,,,,,,,,,,,,,,,,,,,,,,,,,,,,,,,,,,,,,,,,,,,,,,,,,"%%14674",,,,,,,,,,,,,,,,,,,,,,,,,,,,,,,,,,,,,,,,,,,"KUSTOWORKS\Administrator",,,,KUSTOWORKS,,0x3aeb8e,,,Administrator,"S-1-5-21-2496762881-1366215883-1809657155-500",,,,,,,,,,,,,,,,,,,,,,,,,,,,,,,,,,,,,SecurityEvent,"/subscriptions/00000000-0000-0000-0000-000000000000/resourcegroups/kustoworksarc/providers/microsoft.hybridcompute/machines/dc1"
"00000000-0000-0000-0000-000000000000","4/20/2023, 6:37:03.012 PM",OpsManager,"KUSTOWORKS\Administrator",User,"DC1.kustoworks.com","Microsoft-Windows-Security-Auditing",Security,1,0,"<EventData xmlns=""http://schemas.microsoft.com/win/2004/08/events/event"">
  <Data Name=""OpCorrelationID"">{5183f38d-5e62-4a2b-9041-871c7b947d1e}</Data>
  <Data Name=""AppCorrelationID"">-</Data>
  <Data Name=""SubjectUserSid"">S-1-5-21-2496762881-1366215883-1809657155-500</Data>
  <Data Name=""SubjectUserName"">Administrator</Data>
  <Data Name=""SubjectDomainName"">KUSTOWORKS</Data>
  <Data Name=""SubjectLogonId"">0x3aeb8e</Data>
  <Data Name=""DSName"">kustoworks.com</Data>
  <Data Name=""DSType"">%%14676</Data>
  <Data Name=""ObjectDN"">CN={6AC1786C-016F-11D2-945F-00C04FB984F9},CN=POLICIES,CN=SYSTEM,DC=KUSTOWORKS,DC=COM</Data>
  <Data Name=""ObjectGUID"">{b16cdaeb-fdeb-4378-85a1-d8550fe374f2}</Data>
  <Data Name=""ObjectClass"">groupPolicyContainer</Data>
  <Data Name=""AttributeLDAPDisplayName"">versionNumber</Data>
  <Data Name=""AttributeSyntaxOID"">2.5.5.9</Data>
  <Data Name=""AttributeValue"">52</Data>
  <Data Name=""OperationType"">%%14675</Data>
</EventData>",5136,"5136 - A directory service object was modified.","cc046e6c-795c-47b2-a5ae-c9a0645e6d32","cc046e6c-795c-47b2-a5ae-c9a0645e6d33","00000000-0000-0000-0000-000000000001","4/20/2023, 6:37:35.730 PM","AOI-00000000-0000-0000-0000-000000000000",,,,,,,,,,,,,,,,,,,,,,,,,,,,,,,,,,,,,,,,,,,,,,,,,,,,,,,,,,,,,,,,,,,,,,,,,,,,,,,,,,,,,,,,,,,,,,,,,,,,,,,,,,,,,,,,,,,,"%%14675",,,,,,,,,,,,,,,,,,,,,,,,,,,,,,,,,,,,,,,,,,,"KUSTOWORKS\Administrator",,,,KUSTOWORKS,,0x3aeb8e,,,Administrator,"S-1-5-21-2496762881-1366215883-1809657155-500",,,,,,,,,,,,,,,,,,,,,,,,,,,,,,,,,,,,,SecurityEvent,"/subscriptions/00000000-0000-0000-0000-000000000000/resourcegroups/kustoworksarc/providers/microsoft.hybridcompute/machines/dc1"
"00000000-0000-0000-0000-000000000000","4/20/2023, 6:37:03.012 PM",OpsManager,"KUSTOWORKS\Administrator",User,"DC1.kustoworks.com","Microsoft-Windows-Security-Auditing",Security,1,0,"<EventData xmlns=""http://schemas.microsoft.com/win/2004/08/events/event"">
  <Data Name=""OpCorrelationID"">{5183f38d-5e62-4a2b-9041-871c7b947d1e}</Data>
  <Data Name=""AppCorrelationID"">-</Data>
  <Data Name=""SubjectUserSid"">S-1-5-21-2496762881-1366215883-1809657155-500</Data>
  <Data Name=""SubjectUserName"">Administrator</Data>
  <Data Name=""SubjectDomainName"">KUSTOWORKS</Data>
  <Data Name=""SubjectLogonId"">0x3aeb8e</Data>
  <Data Name=""DSName"">kustoworks.com</Data>
  <Data Name=""DSType"">%%14676</Data>
  <Data Name=""ObjectDN"">CN={6AC1786C-016F-11D2-945F-00C04FB984F9},CN=POLICIES,CN=SYSTEM,DC=KUSTOWORKS,DC=COM</Data>
  <Data Name=""ObjectGUID"">{b16cdaeb-fdeb-4378-85a1-d8550fe374f2}</Data>
  <Data Name=""ObjectClass"">groupPolicyContainer</Data>
  <Data Name=""AttributeLDAPDisplayName"">versionNumber</Data>
  <Data Name=""AttributeSyntaxOID"">2.5.5.9</Data>
  <Data Name=""AttributeValue"">53</Data>
  <Data Name=""OperationType"">%%14674</Data>
</EventData>",5136,"5136 - A directory service object was modified.","cc046e6c-795c-47b2-a5ae-c9a0645e6d32","cc046e6c-795c-47b2-a5ae-c9a0645e6d33","00000000-0000-0000-0000-000000000001","4/20/2023, 6:37:35.730 PM","AOI-00000000-0000-0000-0000-000000000000",,,,,,,,,,,,,,,,,,,,,,,,,,,,,,,,,,,,,,,,,,,,,,,,,,,,,,,,,,,,,,,,,,,,,,,,,,,,,,,,,,,,,,,,,,,,,,,,,,,,,,,,,,,,,,,,,,,,"%%14674",,,,,,,,,,,,,,,,,,,,,,,,,,,,,,,,,,,,,,,,,,,"KUSTOWORKS\Administrator",,,,KUSTOWORKS,,0x3aeb8e,,,Administrator,"S-1-5-21-2496762881-1366215883-1809657155-500",,,,,,,,,,,,,,,,,,,,,,,,,,,,,,,,,,,,,SecurityEvent,"/subscriptions/00000000-0000-0000-0000-000000000000/resourcegroups/kustoworksarc/providers/microsoft.hybridcompute/machines/dc1"
"00000000-0000-0000-0000-000000000000","4/20/2023, 6:38:36.257 PM",OpsManager,"KUSTOWORKS\Administrator",User,"DC1.kustoworks.com","Microsoft-Windows-Security-Auditing",Security,1,0,"<EventData xmlns=""http://schemas.microsoft.com/win/2004/08/events/event"">
  <Data Name=""OpCorrelationID"">{ddfa56f7-0919-43eb-8fb1-3fe47d757e7b}</Data>
  <Data Name=""AppCorrelationID"">-</Data>
  <Data Name=""SubjectUserSid"">S-1-5-21-2496762881-1366215883-1809657155-500</Data>
  <Data Name=""SubjectUserName"">Administrator</Data>
  <Data Name=""SubjectDomainName"">KUSTOWORKS</Data>
  <Data Name=""SubjectLogonId"">0x3aeb8e</Data>
  <Data Name=""DSName"">kustoworks.com</Data>
  <Data Name=""DSType"">%%14676</Data>
  <Data Name=""ObjectDN"">CN={6AC1786C-016F-11D2-945F-00C04FB984F9},CN=POLICIES,CN=SYSTEM,DC=KUSTOWORKS,DC=COM</Data>
  <Data Name=""ObjectGUID"">{b16cdaeb-fdeb-4378-85a1-d8550fe374f2}</Data>
  <Data Name=""ObjectClass"">groupPolicyContainer</Data>
  <Data Name=""AttributeLDAPDisplayName"">versionNumber</Data>
  <Data Name=""AttributeSyntaxOID"">2.5.5.9</Data>
  <Data Name=""AttributeValue"">56</Data>
  <Data Name=""OperationType"">%%14675</Data>
</EventData>",5136,"5136 - A directory service object was modified.","cc046e6c-795c-47b2-a5ae-c9a0645e6d32","cc046e6c-795c-47b2-a5ae-c9a0645e6d33","00000000-0000-0000-0000-000000000001","4/20/2023, 6:38:55.735 PM","AOI-00000000-0000-0000-0000-000000000000",,,,,,,,,,,,,,,,,,,,,,,,,,,,,,,,,,,,,,,,,,,,,,,,,,,,,,,,,,,,,,,,,,,,,,,,,,,,,,,,,,,,,,,,,,,,,,,,,,,,,,,,,,,,,,,,,,,,"%%14675",,,,,,,,,,,,,,,,,,,,,,,,,,,,,,,,,,,,,,,,,,,"KUSTOWORKS\Administrator",,,,KUSTOWORKS,,0x3aeb8e,,,Administrator,"S-1-5-21-2496762881-1366215883-1809657155-500",,,,,,,,,,,,,,,,,,,,,,,,,,,,,,,,,,,,,SecurityEvent,"/subscriptions/00000000-0000-0000-0000-000000000000/resourcegroups/kustoworksarc/providers/microsoft.hybridcompute/machines/dc1"
"00000000-0000-0000-0000-000000000000","4/20/2023, 6:38:36.258 PM",OpsManager,"KUSTOWORKS\Administrator",User,"DC1.kustoworks.com","Microsoft-Windows-Security-Auditing",Security,1,0,"<EventData xmlns=""http://schemas.microsoft.com/win/2004/08/events/event"">
  <Data Name=""OpCorrelationID"">{ddfa56f7-0919-43eb-8fb1-3fe47d757e7b}</Data>
  <Data Name=""AppCorrelationID"">-</Data>
  <Data Name=""SubjectUserSid"">S-1-5-21-2496762881-1366215883-1809657155-500</Data>
  <Data Name=""SubjectUserName"">Administrator</Data>
  <Data Name=""SubjectDomainName"">KUSTOWORKS</Data>
  <Data Name=""SubjectLogonId"">0x3aeb8e</Data>
  <Data Name=""DSName"">kustoworks.com</Data>
  <Data Name=""DSType"">%%14676</Data>
  <Data Name=""ObjectDN"">CN={6AC1786C-016F-11D2-945F-00C04FB984F9},CN=POLICIES,CN=SYSTEM,DC=KUSTOWORKS,DC=COM</Data>
  <Data Name=""ObjectGUID"">{b16cdaeb-fdeb-4378-85a1-d8550fe374f2}</Data>
  <Data Name=""ObjectClass"">groupPolicyContainer</Data>
  <Data Name=""AttributeLDAPDisplayName"">versionNumber</Data>
  <Data Name=""AttributeSyntaxOID"">2.5.5.9</Data>
  <Data Name=""AttributeValue"">57</Data>
  <Data Name=""OperationType"">%%14674</Data>
</EventData>",5136,"5136 - A directory service object was modified.","cc046e6c-795c-47b2-a5ae-c9a0645e6d32","cc046e6c-795c-47b2-a5ae-c9a0645e6d33","00000000-0000-0000-0000-000000000001","4/20/2023, 6:38:55.735 PM","AOI-00000000-0000-0000-0000-000000000000",,,,,,,,,,,,,,,,,,,,,,,,,,,,,,,,,,,,,,,,,,,,,,,,,,,,,,,,,,,,,,,,,,,,,,,,,,,,,,,,,,,,,,,,,,,,,,,,,,,,,,,,,,,,,,,,,,,,"%%14674",,,,,,,,,,,,,,,,,,,,,,,,,,,,,,,,,,,,,,,,,,,"KUSTOWORKS\Administrator",,,,KUSTOWORKS,,0x3aeb8e,,,Administrator,"S-1-5-21-2496762881-1366215883-1809657155-500",,,,,,,,,,,,,,,,,,,,,,,,,,,,,,,,,,,,,SecurityEvent,"/subscriptions/00000000-0000-0000-0000-000000000000/resourcegroups/kustoworksarc/providers/microsoft.hybridcompute/machines/dc1"
"00000000-0000-0000-0000-000000000000","4/20/2023, 6:38:36.258 PM",OpsManager,"KUSTOWORKS\Administrator",User,"DC1.kustoworks.com","Microsoft-Windows-Security-Auditing",Security,1,0,"<EventData xmlns=""http://schemas.microsoft.com/win/2004/08/events/event"">
  <Data Name=""OpCorrelationID"">{c9d580c5-18cc-47b5-abc4-e0a78c354c68}</Data>
  <Data Name=""AppCorrelationID"">-</Data>
  <Data Name=""SubjectUserSid"">S-1-5-21-2496762881-1366215883-1809657155-500</Data>
  <Data Name=""SubjectUserName"">Administrator</Data>
  <Data Name=""SubjectDomainName"">KUSTOWORKS</Data>
  <Data Name=""SubjectLogonId"">0x3aeb8e</Data>
  <Data Name=""DSName"">kustoworks.com</Data>
  <Data Name=""DSType"">%%14676</Data>
  <Data Name=""ObjectDN"">CN={6AC1786C-016F-11D2-945F-00C04FB984F9},CN=POLICIES,CN=SYSTEM,DC=KUSTOWORKS,DC=COM</Data>
  <Data Name=""ObjectGUID"">{b16cdaeb-fdeb-4378-85a1-d8550fe374f2}</Data>
  <Data Name=""ObjectClass"">groupPolicyContainer</Data>
  <Data Name=""AttributeLDAPDisplayName"">gPCMachineExtensionNames</Data>
  <Data Name=""AttributeSyntaxOID"">2.5.5.12</Data>
  <Data Name=""AttributeValue"">[{00000000-0000-0000-0000-000000000000}{BEE07A6A-EC9F-4659-B8C9-0B1937907C83}][{35378EAC-683F-11D2-A89A-00C04FBBCFA2}{D02B1F72-3407-48AE-BA88-E8213C6761F1}][{827D319E-6EAC-11D2-A4EA-00C04F79F83A}{803E14A0-B4FB-11D0-A0D0-00A0C90F574B}][{B087BE9D-ED37-454F-AF9C-04291E351182}{BEE07A6A-EC9F-4659-B8C9-0B1937907C83}][{F3CCC681-B74C-4060-9F26-CD84525DCA2A}{0F3F3735-573D-9804-99E4-AB2A69BA5FD4}]</Data>
  <Data Name=""OperationType"">%%14675</Data>
</EventData>",5136,"5136 - A directory service object was modified.","cc046e6c-795c-47b2-a5ae-c9a0645e6d32","cc046e6c-795c-47b2-a5ae-c9a0645e6d33","00000000-0000-0000-0000-000000000001","4/20/2023, 6:38:55.735 PM","AOI-00000000-0000-0000-0000-000000000000",,,,,,,,,,,,,,,,,,,,,,,,,,,,,,,,,,,,,,,,,,,,,,,,,,,,,,,,,,,,,,,,,,,,,,,,,,,,,,,,,,,,,,,,,,,,,,,,,,,,,,,,,,,,,,,,,,,,"%%14675",,,,,,,,,,,,,,,,,,,,,,,,,,,,,,,,,,,,,,,,,,,"KUSTOWORKS\Administrator",,,,KUSTOWORKS,,0x3aeb8e,,,Administrator,"S-1-5-21-2496762881-1366215883-1809657155-500",,,,,,,,,,,,,,,,,,,,,,,,,,,,,,,,,,,,,SecurityEvent,"/subscriptions/00000000-0000-0000-0000-000000000000/resourcegroups/kustoworksarc/providers/microsoft.hybridcompute/machines/dc1"
"00000000-0000-0000-0000-000000000000","4/20/2023, 6:38:36.258 PM",OpsManager,"KUSTOWORKS\Administrator",User,"DC1.kustoworks.com","Microsoft-Windows-Security-Auditing",Security,1,0,"<EventData xmlns=""http://schemas.microsoft.com/win/2004/08/events/event"">
  <Data Name=""OpCorrelationID"">{c9d580c5-18cc-47b5-abc4-e0a78c354c68}</Data>
  <Data Name=""AppCorrelationID"">-</Data>
  <Data Name=""SubjectUserSid"">S-1-5-21-2496762881-1366215883-1809657155-500</Data>
  <Data Name=""SubjectUserName"">Administrator</Data>
  <Data Name=""SubjectDomainName"">KUSTOWORKS</Data>
  <Data Name=""SubjectLogonId"">0x3aeb8e</Data>
  <Data Name=""DSName"">kustoworks.com</Data>
  <Data Name=""DSType"">%%14676</Data>
  <Data Name=""ObjectDN"">CN={6AC1786C-016F-11D2-945F-00C04FB984F9},CN=POLICIES,CN=SYSTEM,DC=KUSTOWORKS,DC=COM</Data>
  <Data Name=""ObjectGUID"">{b16cdaeb-fdeb-4378-85a1-d8550fe374f2}</Data>
  <Data Name=""ObjectClass"">groupPolicyContainer</Data>
  <Data Name=""AttributeLDAPDisplayName"">gPCMachineExtensionNames</Data>
  <Data Name=""AttributeSyntaxOID"">2.5.5.12</Data>
  <Data Name=""AttributeValue"">[{00000000-0000-0000-0000-000000000000}{BEE07A6A-EC9F-4659-B8C9-0B1937907C83}][{35378EAC-683F-11D2-A89A-00C04FBBCFA2}{D02B1F72-3407-48AE-BA88-E8213C6761F1}][{827D319E-6EAC-11D2-A4EA-00C04F79F83A}{803E14A0-B4FB-11D0-A0D0-00A0C90F574B}][{91FBB303-0CD5-4055-BF42-E512A681B325}{CC5746A9-9B74-4BE5-AE2E-64379C86E0E4}][{B087BE9D-ED37-454F-AF9C-04291E351182}{BEE07A6A-EC9F-4659-B8C9-0B1937907C83}][{F3CCC681-B74C-4060-9F26-CD84525DCA2A}{0F3F3735-573D-9804-99E4-AB2A69BA5FD4}]</Data>
  <Data Name=""OperationType"">%%14674</Data>
</EventData>",5136,"5136 - A directory service object was modified.","cc046e6c-795c-47b2-a5ae-c9a0645e6d32","cc046e6c-795c-47b2-a5ae-c9a0645e6d33","00000000-0000-0000-0000-000000000001","4/20/2023, 6:38:55.735 PM","AOI-00000000-0000-0000-0000-000000000000",,,,,,,,,,,,,,,,,,,,,,,,,,,,,,,,,,,,,,,,,,,,,,,,,,,,,,,,,,,,,,,,,,,,,,,,,,,,,,,,,,,,,,,,,,,,,,,,,,,,,,,,,,,,,,,,,,,,"%%14674",,,,,,,,,,,,,,,,,,,,,,,,,,,,,,,,,,,,,,,,,,,"KUSTOWORKS\Administrator",,,,KUSTOWORKS,,0x3aeb8e,,,Administrator,"S-1-5-21-2496762881-1366215883-1809657155-500",,,,,,,,,,,,,,,,,,,,,,,,,,,,,,,,,,,,,SecurityEvent,"/subscriptions/00000000-0000-0000-0000-000000000000/resourcegroups/kustoworksarc/providers/microsoft.hybridcompute/machines/dc1"
"00000000-0000-0000-0000-000000000000","4/20/2023, 6:38:36.259 PM",OpsManager,"KUSTOWORKS\Administrator",User,"DC1.kustoworks.com","Microsoft-Windows-Security-Auditing",Security,1,0,"<EventData xmlns=""http://schemas.microsoft.com/win/2004/08/events/event"">
  <Data Name=""OpCorrelationID"">{c9d580c5-18cc-47b5-abc4-e0a78c354c68}</Data>
  <Data Name=""AppCorrelationID"">-</Data>
  <Data Name=""SubjectUserSid"">S-1-5-21-2496762881-1366215883-1809657155-500</Data>
  <Data Name=""SubjectUserName"">Administrator</Data>
  <Data Name=""SubjectDomainName"">KUSTOWORKS</Data>
  <Data Name=""SubjectLogonId"">0x3aeb8e</Data>
  <Data Name=""DSName"">kustoworks.com</Data>
  <Data Name=""DSType"">%%14676</Data>
  <Data Name=""ObjectDN"">CN={6AC1786C-016F-11D2-945F-00C04FB984F9},CN=POLICIES,CN=SYSTEM,DC=KUSTOWORKS,DC=COM</Data>
  <Data Name=""ObjectGUID"">{b16cdaeb-fdeb-4378-85a1-d8550fe374f2}</Data>
  <Data Name=""ObjectClass"">groupPolicyContainer</Data>
  <Data Name=""AttributeLDAPDisplayName"">versionNumber</Data>
  <Data Name=""AttributeSyntaxOID"">2.5.5.9</Data>
  <Data Name=""AttributeValue"">53</Data>
  <Data Name=""OperationType"">%%14675</Data>
</EventData>",5136,"5136 - A directory service object was modified.","cc046e6c-795c-47b2-a5ae-c9a0645e6d32","cc046e6c-795c-47b2-a5ae-c9a0645e6d33","00000000-0000-0000-0000-000000000001","4/20/2023, 6:38:55.735 PM","AOI-00000000-0000-0000-0000-000000000000",,,,,,,,,,,,,,,,,,,,,,,,,,,,,,,,,,,,,,,,,,,,,,,,,,,,,,,,,,,,,,,,,,,,,,,,,,,,,,,,,,,,,,,,,,,,,,,,,,,,,,,,,,,,,,,,,,,,"%%14675",,,,,,,,,,,,,,,,,,,,,,,,,,,,,,,,,,,,,,,,,,,"KUSTOWORKS\Administrator",,,,KUSTOWORKS,,0x3aeb8e,,,Administrator,"S-1-5-21-2496762881-1366215883-1809657155-500",,,,,,,,,,,,,,,,,,,,,,,,,,,,,,,,,,,,,SecurityEvent,"/subscriptions/00000000-0000-0000-0000-000000000000/resourcegroups/kustoworksarc/providers/microsoft.hybridcompute/machines/dc1"
"00000000-0000-0000-0000-000000000000","4/20/2023, 6:38:36.259 PM",OpsManager,"KUSTOWORKS\Administrator",User,"DC1.kustoworks.com","Microsoft-Windows-Security-Auditing",Security,1,0,"<EventData xmlns=""http://schemas.microsoft.com/win/2004/08/events/event"">
  <Data Name=""OpCorrelationID"">{c9d580c5-18cc-47b5-abc4-e0a78c354c68}</Data>
  <Data Name=""AppCorrelationID"">-</Data>
  <Data Name=""SubjectUserSid"">S-1-5-21-2496762881-1366215883-1809657155-500</Data>
  <Data Name=""SubjectUserName"">Administrator</Data>
  <Data Name=""SubjectDomainName"">KUSTOWORKS</Data>
  <Data Name=""SubjectLogonId"">0x3aeb8e</Data>
  <Data Name=""DSName"">kustoworks.com</Data>
  <Data Name=""DSType"">%%14676</Data>
  <Data Name=""ObjectDN"">CN={6AC1786C-016F-11D2-945F-00C04FB984F9},CN=POLICIES,CN=SYSTEM,DC=KUSTOWORKS,DC=COM</Data>
  <Data Name=""ObjectGUID"">{b16cdaeb-fdeb-4378-85a1-d8550fe374f2}</Data>
  <Data Name=""ObjectClass"">groupPolicyContainer</Data>
  <Data Name=""AttributeLDAPDisplayName"">versionNumber</Data>
  <Data Name=""AttributeSyntaxOID"">2.5.5.9</Data>
  <Data Name=""AttributeValue"">54</Data>
  <Data Name=""OperationType"">%%14674</Data>
</EventData>",5136,"5136 - A directory service object was modified.","cc046e6c-795c-47b2-a5ae-c9a0645e6d32","cc046e6c-795c-47b2-a5ae-c9a0645e6d33","00000000-0000-0000-0000-000000000001","4/20/2023, 6:38:55.735 PM","AOI-00000000-0000-0000-0000-000000000000",,,,,,,,,,,,,,,,,,,,,,,,,,,,,,,,,,,,,,,,,,,,,,,,,,,,,,,,,,,,,,,,,,,,,,,,,,,,,,,,,,,,,,,,,,,,,,,,,,,,,,,,,,,,,,,,,,,,"%%14674",,,,,,,,,,,,,,,,,,,,,,,,,,,,,,,,,,,,,,,,,,,"KUSTOWORKS\Administrator",,,,KUSTOWORKS,,0x3aeb8e,,,Administrator,"S-1-5-21-2496762881-1366215883-1809657155-500",,,,,,,,,,,,,,,,,,,,,,,,,,,,,,,,,,,,,SecurityEvent,"/subscriptions/00000000-0000-0000-0000-000000000000/resourcegroups/kustoworksarc/providers/microsoft.hybridcompute/machines/dc1"
"00000000-0000-0000-0000-000000000000","4/20/2023, 6:38:36.259 PM",OpsManager,"KUSTOWORKS\Administrator",User,"DC1.kustoworks.com","Microsoft-Windows-Security-Auditing",Security,1,0,"<EventData xmlns=""http://schemas.microsoft.com/win/2004/08/events/event"">
  <Data Name=""OpCorrelationID"">{978c5619-09bd-4fcd-bd40-97a05e2a768c}</Data>
  <Data Name=""AppCorrelationID"">-</Data>
  <Data Name=""SubjectUserSid"">S-1-5-21-2496762881-1366215883-1809657155-500</Data>
  <Data Name=""SubjectUserName"">Administrator</Data>
  <Data Name=""SubjectDomainName"">KUSTOWORKS</Data>
  <Data Name=""SubjectLogonId"">0x3aeb8e</Data>
  <Data Name=""DSName"">kustoworks.com</Data>
  <Data Name=""DSType"">%%14676</Data>
  <Data Name=""ObjectDN"">CN={6AC1786C-016F-11D2-945F-00C04FB984F9},CN=POLICIES,CN=SYSTEM,DC=KUSTOWORKS,DC=COM</Data>
  <Data Name=""ObjectGUID"">{b16cdaeb-fdeb-4378-85a1-d8550fe374f2}</Data>
  <Data Name=""ObjectClass"">groupPolicyContainer</Data>
  <Data Name=""AttributeLDAPDisplayName"">versionNumber</Data>
  <Data Name=""AttributeSyntaxOID"">2.5.5.9</Data>
  <Data Name=""AttributeValue"">54</Data>
  <Data Name=""OperationType"">%%14675</Data>
</EventData>",5136,"5136 - A directory service object was modified.","cc046e6c-795c-47b2-a5ae-c9a0645e6d32","cc046e6c-795c-47b2-a5ae-c9a0645e6d33","00000000-0000-0000-0000-000000000001","4/20/2023, 6:38:55.735 PM","AOI-00000000-0000-0000-0000-000000000000",,,,,,,,,,,,,,,,,,,,,,,,,,,,,,,,,,,,,,,,,,,,,,,,,,,,,,,,,,,,,,,,,,,,,,,,,,,,,,,,,,,,,,,,,,,,,,,,,,,,,,,,,,,,,,,,,,,,"%%14675",,,,,,,,,,,,,,,,,,,,,,,,,,,,,,,,,,,,,,,,,,,"KUSTOWORKS\Administrator",,,,KUSTOWORKS,,0x3aeb8e,,,Administrator,"S-1-5-21-2496762881-1366215883-1809657155-500",,,,,,,,,,,,,,,,,,,,,,,,,,,,,,,,,,,,,SecurityEvent,"/subscriptions/00000000-0000-0000-0000-000000000000/resourcegroups/kustoworksarc/providers/microsoft.hybridcompute/machines/dc1"
"00000000-0000-0000-0000-000000000000","4/20/2023, 6:38:36.260 PM",OpsManager,"KUSTOWORKS\Administrator",User,"DC1.kustoworks.com","Microsoft-Windows-Security-Auditing",Security,1,0,"<EventData xmlns=""http://schemas.microsoft.com/win/2004/08/events/event"">
  <Data Name=""OpCorrelationID"">{978c5619-09bd-4fcd-bd40-97a05e2a768c}</Data>
  <Data Name=""AppCorrelationID"">-</Data>
  <Data Name=""SubjectUserSid"">S-1-5-21-2496762881-1366215883-1809657155-500</Data>
  <Data Name=""SubjectUserName"">Administrator</Data>
  <Data Name=""SubjectDomainName"">KUSTOWORKS</Data>
  <Data Name=""SubjectLogonId"">0x3aeb8e</Data>
  <Data Name=""DSName"">kustoworks.com</Data>
  <Data Name=""DSType"">%%14676</Data>
  <Data Name=""ObjectDN"">CN={6AC1786C-016F-11D2-945F-00C04FB984F9},CN=POLICIES,CN=SYSTEM,DC=KUSTOWORKS,DC=COM</Data>
  <Data Name=""ObjectGUID"">{b16cdaeb-fdeb-4378-85a1-d8550fe374f2}</Data>
  <Data Name=""ObjectClass"">groupPolicyContainer</Data>
  <Data Name=""AttributeLDAPDisplayName"">versionNumber</Data>
  <Data Name=""AttributeSyntaxOID"">2.5.5.9</Data>
  <Data Name=""AttributeValue"">55</Data>
  <Data Name=""OperationType"">%%14674</Data>
</EventData>",5136,"5136 - A directory service object was modified.","cc046e6c-795c-47b2-a5ae-c9a0645e6d32","cc046e6c-795c-47b2-a5ae-c9a0645e6d33","00000000-0000-0000-0000-000000000001","4/20/2023, 6:38:55.735 PM","AOI-00000000-0000-0000-0000-000000000000",,,,,,,,,,,,,,,,,,,,,,,,,,,,,,,,,,,,,,,,,,,,,,,,,,,,,,,,,,,,,,,,,,,,,,,,,,,,,,,,,,,,,,,,,,,,,,,,,,,,,,,,,,,,,,,,,,,,"%%14674",,,,,,,,,,,,,,,,,,,,,,,,,,,,,,,,,,,,,,,,,,,"KUSTOWORKS\Administrator",,,,KUSTOWORKS,,0x3aeb8e,,,Administrator,"S-1-5-21-2496762881-1366215883-1809657155-500",,,,,,,,,,,,,,,,,,,,,,,,,,,,,,,,,,,,,SecurityEvent,"/subscriptions/00000000-0000-0000-0000-000000000000/resourcegroups/kustoworksarc/providers/microsoft.hybridcompute/machines/dc1"
"00000000-0000-0000-0000-000000000000","4/20/2023, 6:38:36.260 PM",OpsManager,"KUSTOWORKS\Administrator",User,"DC1.kustoworks.com","Microsoft-Windows-Security-Auditing",Security,1,0,"<EventData xmlns=""http://schemas.microsoft.com/win/2004/08/events/event"">
  <Data Name=""OpCorrelationID"">{978c5619-09bd-4fcd-bd40-97a05e2a768c}</Data>
  <Data Name=""AppCorrelationID"">-</Data>
  <Data Name=""SubjectUserSid"">S-1-5-21-2496762881-1366215883-1809657155-500</Data>
  <Data Name=""SubjectUserName"">Administrator</Data>
  <Data Name=""SubjectDomainName"">KUSTOWORKS</Data>
  <Data Name=""SubjectLogonId"">0x3aeb8e</Data>
  <Data Name=""DSName"">kustoworks.com</Data>
  <Data Name=""DSType"">%%14676</Data>
  <Data Name=""ObjectDN"">CN={6AC1786C-016F-11D2-945F-00C04FB984F9},CN=POLICIES,CN=SYSTEM,DC=KUSTOWORKS,DC=COM</Data>
  <Data Name=""ObjectGUID"">{b16cdaeb-fdeb-4378-85a1-d8550fe374f2}</Data>
  <Data Name=""ObjectClass"">groupPolicyContainer</Data>
  <Data Name=""AttributeLDAPDisplayName"">gPCMachineExtensionNames</Data>
  <Data Name=""AttributeSyntaxOID"">2.5.5.12</Data>
  <Data Name=""AttributeValue"">[{00000000-0000-0000-0000-000000000000}{BEE07A6A-EC9F-4659-B8C9-0B1937907C83}][{35378EAC-683F-11D2-A89A-00C04FBBCFA2}{D02B1F72-3407-48AE-BA88-E8213C6761F1}][{827D319E-6EAC-11D2-A4EA-00C04F79F83A}{803E14A0-B4FB-11D0-A0D0-00A0C90F574B}][{91FBB303-0CD5-4055-BF42-E512A681B325}{CC5746A9-9B74-4BE5-AE2E-64379C86E0E4}][{B087BE9D-ED37-454F-AF9C-04291E351182}{BEE07A6A-EC9F-4659-B8C9-0B1937907C83}][{F3CCC681-B74C-4060-9F26-CD84525DCA2A}{0F3F3735-573D-9804-99E4-AB2A69BA5FD4}]</Data>
  <Data Name=""OperationType"">%%14675</Data>
</EventData>",5136,"5136 - A directory service object was modified.","cc046e6c-795c-47b2-a5ae-c9a0645e6d32","cc046e6c-795c-47b2-a5ae-c9a0645e6d33","00000000-0000-0000-0000-000000000001","4/20/2023, 6:38:55.735 PM","AOI-00000000-0000-0000-0000-000000000000",,,,,,,,,,,,,,,,,,,,,,,,,,,,,,,,,,,,,,,,,,,,,,,,,,,,,,,,,,,,,,,,,,,,,,,,,,,,,,,,,,,,,,,,,,,,,,,,,,,,,,,,,,,,,,,,,,,,"%%14675",,,,,,,,,,,,,,,,,,,,,,,,,,,,,,,,,,,,,,,,,,,"KUSTOWORKS\Administrator",,,,KUSTOWORKS,,0x3aeb8e,,,Administrator,"S-1-5-21-2496762881-1366215883-1809657155-500",,,,,,,,,,,,,,,,,,,,,,,,,,,,,,,,,,,,,SecurityEvent,"/subscriptions/00000000-0000-0000-0000-000000000000/resourcegroups/kustoworksarc/providers/microsoft.hybridcompute/machines/dc1"
"00000000-0000-0000-0000-000000000000","4/20/2023, 6:38:36.260 PM",OpsManager,"KUSTOWORKS\Administrator",User,"DC1.kustoworks.com","Microsoft-Windows-Security-Auditing",Security,1,0,"<EventData xmlns=""http://schemas.microsoft.com/win/2004/08/events/event"">
  <Data Name=""OpCorrelationID"">{978c5619-09bd-4fcd-bd40-97a05e2a768c}</Data>
  <Data Name=""AppCorrelationID"">-</Data>
  <Data Name=""SubjectUserSid"">S-1-5-21-2496762881-1366215883-1809657155-500</Data>
  <Data Name=""SubjectUserName"">Administrator</Data>
  <Data Name=""SubjectDomainName"">KUSTOWORKS</Data>
  <Data Name=""SubjectLogonId"">0x3aeb8e</Data>
  <Data Name=""DSName"">kustoworks.com</Data>
  <Data Name=""DSType"">%%14676</Data>
  <Data Name=""ObjectDN"">CN={6AC1786C-016F-11D2-945F-00C04FB984F9},CN=POLICIES,CN=SYSTEM,DC=KUSTOWORKS,DC=COM</Data>
  <Data Name=""ObjectGUID"">{b16cdaeb-fdeb-4378-85a1-d8550fe374f2}</Data>
  <Data Name=""ObjectClass"">groupPolicyContainer</Data>
  <Data Name=""AttributeLDAPDisplayName"">gPCMachineExtensionNames</Data>
  <Data Name=""AttributeSyntaxOID"">2.5.5.12</Data>
  <Data Name=""AttributeValue"">[{00000000-0000-0000-0000-000000000000}{BEE07A6A-EC9F-4659-B8C9-0B1937907C83}{CC5746A9-9B74-4BE5-AE2E-64379C86E0E4}][{35378EAC-683F-11D2-A89A-00C04FBBCFA2}{D02B1F72-3407-48AE-BA88-E8213C6761F1}][{827D319E-6EAC-11D2-A4EA-00C04F79F83A}{803E14A0-B4FB-11D0-A0D0-00A0C90F574B}][{91FBB303-0CD5-4055-BF42-E512A681B325}{CC5746A9-9B74-4BE5-AE2E-64379C86E0E4}][{B087BE9D-ED37-454F-AF9C-04291E351182}{BEE07A6A-EC9F-4659-B8C9-0B1937907C83}][{F3CCC681-B74C-4060-9F26-CD84525DCA2A}{0F3F3735-573D-9804-99E4-AB2A69BA5FD4}]</Data>
  <Data Name=""OperationType"">%%14674</Data>
</EventData>",5136,"5136 - A directory service object was modified.","cc046e6c-795c-47b2-a5ae-c9a0645e6d32","cc046e6c-795c-47b2-a5ae-c9a0645e6d33","00000000-0000-0000-0000-000000000001","4/20/2023, 6:38:55.735 PM","AOI-00000000-0000-0000-0000-000000000000",,,,,,,,,,,,,,,,,,,,,,,,,,,,,,,,,,,,,,,,,,,,,,,,,,,,,,,,,,,,,,,,,,,,,,,,,,,,,,,,,,,,,,,,,,,,,,,,,,,,,,,,,,,,,,,,,,,,"%%14674",,,,,,,,,,,,,,,,,,,,,,,,,,,,,,,,,,,,,,,,,,,"KUSTOWORKS\Administrator",,,,KUSTOWORKS,,0x3aeb8e,,,Administrator,"S-1-5-21-2496762881-1366215883-1809657155-500",,,,,,,,,,,,,,,,,,,,,,,,,,,,,,,,,,,,,SecurityEvent,"/subscriptions/00000000-0000-0000-0000-000000000000/resourcegroups/kustoworksarc/providers/microsoft.hybridcompute/machines/dc1"
"00000000-0000-0000-0000-000000000000","4/20/2023, 6:38:36.260 PM",OpsManager,"KUSTOWORKS\Administrator",User,"DC1.kustoworks.com","Microsoft-Windows-Security-Auditing",Security,1,0,"<EventData xmlns=""http://schemas.microsoft.com/win/2004/08/events/event"">
  <Data Name=""OpCorrelationID"">{0781885f-a2ec-4f73-a051-d571dd0a89d6}</Data>
  <Data Name=""AppCorrelationID"">-</Data>
  <Data Name=""SubjectUserSid"">S-1-5-21-2496762881-1366215883-1809657155-500</Data>
  <Data Name=""SubjectUserName"">Administrator</Data>
  <Data Name=""SubjectDomainName"">KUSTOWORKS</Data>
  <Data Name=""SubjectLogonId"">0x3aeb8e</Data>
  <Data Name=""DSName"">kustoworks.com</Data>
  <Data Name=""DSType"">%%14676</Data>
  <Data Name=""ObjectDN"">CN={6AC1786C-016F-11D2-945F-00C04FB984F9},CN=POLICIES,CN=SYSTEM,DC=KUSTOWORKS,DC=COM</Data>
  <Data Name=""ObjectGUID"">{b16cdaeb-fdeb-4378-85a1-d8550fe374f2}</Data>
  <Data Name=""ObjectClass"">groupPolicyContainer</Data>
  <Data Name=""AttributeLDAPDisplayName"">versionNumber</Data>
  <Data Name=""AttributeSyntaxOID"">2.5.5.9</Data>
  <Data Name=""AttributeValue"">55</Data>
  <Data Name=""OperationType"">%%14675</Data>
</EventData>",5136,"5136 - A directory service object was modified.","cc046e6c-795c-47b2-a5ae-c9a0645e6d32","cc046e6c-795c-47b2-a5ae-c9a0645e6d33","00000000-0000-0000-0000-000000000001","4/20/2023, 6:38:55.735 PM","AOI-00000000-0000-0000-0000-000000000000",,,,,,,,,,,,,,,,,,,,,,,,,,,,,,,,,,,,,,,,,,,,,,,,,,,,,,,,,,,,,,,,,,,,,,,,,,,,,,,,,,,,,,,,,,,,,,,,,,,,,,,,,,,,,,,,,,,,"%%14675",,,,,,,,,,,,,,,,,,,,,,,,,,,,,,,,,,,,,,,,,,,"KUSTOWORKS\Administrator",,,,KUSTOWORKS,,0x3aeb8e,,,Administrator,"S-1-5-21-2496762881-1366215883-1809657155-500",,,,,,,,,,,,,,,,,,,,,,,,,,,,,,,,,,,,,SecurityEvent,"/subscriptions/00000000-0000-0000-0000-000000000000/resourcegroups/kustoworksarc/providers/microsoft.hybridcompute/machines/dc1"
"00000000-0000-0000-0000-000000000000","4/20/2023, 6:38:36.261 PM",OpsManager,"KUSTOWORKS\Administrator",User,"DC1.kustoworks.com","Microsoft-Windows-Security-Auditing",Security,1,0,"<EventData xmlns=""http://schemas.microsoft.com/win/2004/08/events/event"">
  <Data Name=""OpCorrelationID"">{0781885f-a2ec-4f73-a051-d571dd0a89d6}</Data>
  <Data Name=""AppCorrelationID"">-</Data>
  <Data Name=""SubjectUserSid"">S-1-5-21-2496762881-1366215883-1809657155-500</Data>
  <Data Name=""SubjectUserName"">Administrator</Data>
  <Data Name=""SubjectDomainName"">KUSTOWORKS</Data>
  <Data Name=""SubjectLogonId"">0x3aeb8e</Data>
  <Data Name=""DSName"">kustoworks.com</Data>
  <Data Name=""DSType"">%%14676</Data>
  <Data Name=""ObjectDN"">CN={6AC1786C-016F-11D2-945F-00C04FB984F9},CN=POLICIES,CN=SYSTEM,DC=KUSTOWORKS,DC=COM</Data>
  <Data Name=""ObjectGUID"">{b16cdaeb-fdeb-4378-85a1-d8550fe374f2}</Data>
  <Data Name=""ObjectClass"">groupPolicyContainer</Data>
  <Data Name=""AttributeLDAPDisplayName"">versionNumber</Data>
  <Data Name=""AttributeSyntaxOID"">2.5.5.9</Data>
  <Data Name=""AttributeValue"">56</Data>
  <Data Name=""OperationType"">%%14674</Data>
</EventData>",5136,"5136 - A directory service object was modified.","cc046e6c-795c-47b2-a5ae-c9a0645e6d32","cc046e6c-795c-47b2-a5ae-c9a0645e6d33","00000000-0000-0000-0000-000000000001","4/20/2023, 6:38:55.735 PM","AOI-00000000-0000-0000-0000-000000000000",,,,,,,,,,,,,,,,,,,,,,,,,,,,,,,,,,,,,,,,,,,,,,,,,,,,,,,,,,,,,,,,,,,,,,,,,,,,,,,,,,,,,,,,,,,,,,,,,,,,,,,,,,,,,,,,,,,,"%%14674",,,,,,,,,,,,,,,,,,,,,,,,,,,,,,,,,,,,,,,,,,,"KUSTOWORKS\Administrator",,,,KUSTOWORKS,,0x3aeb8e,,,Administrator,"S-1-5-21-2496762881-1366215883-1809657155-500",,,,,,,,,,,,,,,,,,,,,,,,,,,,,,,,,,,,,SecurityEvent,"/subscriptions/00000000-0000-0000-0000-000000000000/resourcegroups/kustoworksarc/providers/microsoft.hybridcompute/machines/dc1"
"00000000-0000-0000-0000-000000000000","4/20/2023, 6:40:26.320 PM",OpsManager,"KUSTOWORKS\Administrator",User,"DC1.kustoworks.com","Microsoft-Windows-Security-Auditing",Security,1,0,"<EventData xmlns=""http://schemas.microsoft.com/win/2004/08/events/event"">
  <Data Name=""OpCorrelationID"">{b3f35299-a3e2-4404-919e-65326c085dd9}</Data>
  <Data Name=""AppCorrelationID"">-</Data>
  <Data Name=""SubjectUserSid"">S-1-5-21-2496762881-1366215883-1809657155-500</Data>
  <Data Name=""SubjectUserName"">Administrator</Data>
  <Data Name=""SubjectDomainName"">KUSTOWORKS</Data>
  <Data Name=""SubjectLogonId"">0x3aeb8e</Data>
  <Data Name=""DSName"">kustoworks.com</Data>
  <Data Name=""DSType"">%%14676</Data>
  <Data Name=""ObjectDN"">CN=Event Log Readers,CN=Builtin,DC=kustoworks,DC=com</Data>
  <Data Name=""ObjectGUID"">{a051608b-a495-4785-9a16-a272f7df5a8f}</Data>
  <Data Name=""ObjectClass"">group</Data>
  <Data Name=""AttributeLDAPDisplayName"">member</Data>
  <Data Name=""AttributeSyntaxOID"">2.5.5.1</Data>
  <Data Name=""AttributeValue"">CN=panosuserid,CN=Users,DC=kustoworks,DC=com</Data>
  <Data Name=""OperationType"">%%14675</Data>
</EventData>",5136,"5136 - A directory service object was modified.","cc046e6c-795c-47b2-a5ae-c9a0645e6d32","cc046e6c-795c-47b2-a5ae-c9a0645e6d33","00000000-0000-0000-0000-000000000001","4/20/2023, 6:40:55.707 PM","AOI-00000000-0000-0000-0000-000000000000",,,,,,,,,,,,,,,,,,,,,,,,,,,,,,,,,,,,,,,,,,,,,,,,,,,,,,,,,,,,,,,,,,,,,,,,,,,,,,,,,,,,,,,,,,,,,,,,,,,,,,,,,,,,,,,,,,,,"%%14675",,,,,,,,,,,,,,,,,,,,,,,,,,,,,,,,,,,,,,,,,,,"KUSTOWORKS\Administrator",,,,KUSTOWORKS,,0x3aeb8e,,,Administrator,"S-1-5-21-2496762881-1366215883-1809657155-500",,,,,,,,,,,,,,,,,,,,,,,,,,,,,,,,,,,,,SecurityEvent,"/subscriptions/00000000-0000-0000-0000-000000000000/resourcegroups/kustoworksarc/providers/microsoft.hybridcompute/machines/dc1"
