TenantId,SourceSystem,TimeGenerated,Provider,Channel,Computer,Task,EventLevel,EventLevelName,Data,EventID,ManagementGroupName,SystemUserId,Version,Opcode,Keywords,Correlation,SystemProcessId,SystemThreadId,EventRecordId,EventData,RawEventData,EventOriginId,TimeCreated,CollectorHostName,Type,_ResourceId  
"123e4567-e89b-12d3-a456-426614174000","Ops","2024-06-23T12:34:56Z","Microsoft-Windows-Security-Auditing","Security","WIN10-TEST1","125","4","Information","User logged in","4624","MG1","S-1-5-21-1234567890-123456789-1234567890-1001","0","0","-9214364837600034816","{CorrelationId: 'abc123'}","4568","3356","102030","{\"TargetUserName\": \"user1\"}","<rawxml>...</rawxml>","a1b2c3d4-e5f6-7890-ab12-34567890cdef","2024-06-23T12:34:56Z","Collector01","WindowsEvent","/subscriptions/00000000-0000-0000-0000-000000000000/resourceGroups/rg1/providers/Microsoft.OperationalInsights/workspaces/ws1"  
"789e1234-e45b-98d7-a123-426614174111","Direct","2024-06-24T10:20:30Z","Microsoft-Windows-TaskScheduler","System","SRV01","200","2","Warning","Task scheduled","100","MG2","S-1-5-18","1","1","-9214364837600034816","{CorrelationId: 'def456'}","2312","5421","112233","{\"TaskName\": \"Backup\"}","<rawxml>...</rawxml>","d4e5f6g7-h8i9-0123-jk45-67890lmnpqrs","2024-06-24T10:20:30Z","Collector02","WindowsEvent","/subscriptions/11111111-2222-3333-4444-555555555555/resourceGroups/rg2/providers/Microsoft.OperationalInsights/workspaces/ws2"  
"456e7890-e12b-56d7-c789-426614174222","Agent","2024-06-25T09:15:10Z","Microsoft-Windows-Application-Experience","Application","LAB-PC","150","3","Error","Compatibility issue","500","MG3","S-1-5-19","2","2","-9214364837600034816","{CorrelationId: 'ghi789'}","7894","1234","223344","{\"AppName\": \"TestApp.exe\"}","<rawxml>...</rawxml>","h1i2j3k4-l5m6-7890-no78-90123abcdefg","2024-06-25T09:15:10Z","Collector03","WindowsEvent","/subscriptions/aaaaaaaa-bbbb-cccc-dddd-eeeeeeeeeeee/resourceGroups/rg3/providers/Microsoft.OperationalInsights/workspaces/ws3"