"46bec743-35fa-4608-b7e2-2aa3c38a97c2",OpsManager,"11/28/2023, 11:43:25.030 AM","Microsoft-Windows-Sysmon","Microsoft-Windows-Sysmon/Operational",WindowsEventLog,22,4,Information,"NT AUTHORITY\SYSTEM",,"<Param>-</Param><Param>2023-11-28 06:13:23.147</Param><Param>{8CAD0A01-84FC-6565-1A00-000000001400}</Param><Param>1796</Param><Param>WindowsEventLog</Param><Param>0</Param><Param>fe80::d024:56ce:c156:9dae;</Param><Param>C:\Windows\System32\spoolsv.exe</Param><Param>NT AUTHORITY\SYSTEM</Param>","<DataItem type=""System.XmlData"" time=""2023-11-28T11:43:25.0301113+05:30"" sourceHealthServiceId=""F57C2BCF-DE2B-DA7F-FD91-0649DF501A73""><EventData xmlns=""http://schemas.microsoft.com/win/2004/08/events/event""><Data Name=""RuleName"">-</Data><Data Name=""UtcTime"">2023-11-28 06:13:23.147</Data><Data Name=""ProcessGuid"">{8CAD0A01-84FC-6565-1A00-000000001400}</Data><Data Name=""ProcessId"">1796</Data><Data Name=""QueryName"">WindowsEventLog</Data><Data Name=""QueryStatus"">0</Data><Data Name=""QueryResults"">fe80::d024:56ce:c156:9dae;</Data><Data Name=""Image"">C:\Windows\System32\spoolsv.exe</Data><Data Name=""User"">NT AUTHORITY\SYSTEM</Data></EventData></DataItem>",22,"Dns query: RuleName: - UtcTime: 2023-11-28 06:13:23.147 ProcessGuid: {8CAD0A01-84FC-6565-1A00-000000001400} ProcessId: 1796 QueryName: WindowsEventLog QueryStatus: 0 QueryResults: fe80::d024:56ce:c156:9dae; Image: C:\Windows\System32\spoolsv.exe User: NT AUTHORITY\SYSTEM ","00000000-0000-0000-0000-000000000001","AOI-46bec743-35fa-4608-b7e2-2aa3c38a97c2",,,Event,"448822d4-8db5-11ee-8bc4-6045bd72e15f","/subscriptions/4383ac89-7cd1-48c1-8061-b0b3c5ccfd97/resourcegroups/varunlab-rg/providers/microsoft.compute/virtualmachines/windowseventlogs","4383ac89-7cd1-48c1-8061-b0b3c5ccfd97"
"46bec743-35fa-4608-b7e2-2aa3c38a97c2",OpsManager,"11/28/2023, 11:43:25.030 AM","Microsoft-Windows-Sysmon","Microsoft-Windows-Sysmon/Operational",WindowsEventLog,22,4,Information,"NT AUTHORITY\SYSTEM",,"<Param>-</Param><Param>2023-11-28 06:13:23.888</Param><Param>{8CAD0A01-84FC-6565-1A00-000000001400}</Param><Param>1796</Param><Param>WindowsEventLog</Param><Param>0</Param><Param>fe80::3835:3480:f5ff:fffb;fe80::d024:56ce:c156:9dae;</Param><Param>C:\Windows\System32\spoolsv.exe</Param><Param>NT AUTHORITY\SYSTEM</Param>","<DataItem type=""System.XmlData"" time=""2023-11-28T11:43:25.0301640+05:30"" sourceHealthServiceId=""F57C2BCF-DE2B-DA7F-FD91-0649DF501A73""><EventData xmlns=""http://schemas.microsoft.com/win/2004/08/events/event""><Data Name=""RuleName"">-</Data><Data Name=""UtcTime"">2023-11-28 06:13:23.888</Data><Data Name=""ProcessGuid"">{8CAD0A01-84FC-6565-1A00-000000001400}</Data><Data Name=""ProcessId"">1796</Data><Data Name=""QueryName"">WindowsEventLog</Data><Data Name=""QueryStatus"">0</Data><Data Name=""QueryResults"">fe80::3835:3480:f5ff:fffb;fe80::d024:56ce:c156:9dae;</Data><Data Name=""Image"">C:\Windows\System32\spoolsv.exe</Data><Data Name=""User"">NT AUTHORITY\SYSTEM</Data></EventData></DataItem>",22,"Dns query: RuleName: - UtcTime: 2023-11-28 06:13:23.888 ProcessGuid: {8CAD0A01-84FC-6565-1A00-000000001400} ProcessId: 1796 QueryName: WindowsEventLog QueryStatus: 0 QueryResults: fe80::3835:3480:f5ff:fffb;fe80::d024:56ce:c156:9dae; Image: C:\Windows\System32\spoolsv.exe User: NT AUTHORITY\SYSTEM ","00000000-0000-0000-0000-000000000001","AOI-46bec743-35fa-4608-b7e2-2aa3c38a97c2",,,Event,"448822d5-8db5-11ee-8bc4-6045bd72e15f","/subscriptions/4383ac89-7cd1-48c1-8061-b0b3c5ccfd97/resourcegroups/varunlab-rg/providers/microsoft.compute/virtualmachines/windowseventlogs","4383ac89-7cd1-48c1-8061-b0b3c5ccfd97"
"46bec743-35fa-4608-b7e2-2aa3c38a97c2",OpsManager,"11/28/2023, 11:43:25.030 AM","Microsoft-Windows-Sysmon","Microsoft-Windows-Sysmon/Operational",WindowsEventLog,22,4,Information,"NT AUTHORITY\SYSTEM",,"<Param>-</Param><Param>2023-11-28 06:13:24.462</Param><Param>{8CAD0A01-84FA-6565-1600-000000001400}</Param><Param>1140</Param><Param>wpad</Param><Param>9003</Param><Param>-</Param><Param>C:\Windows\System32\svchost.exe</Param><Param>NT AUTHORITY\LOCAL SERVICE</Param>","<DataItem type=""System.XmlData"" time=""2023-11-28T11:43:25.0302541+05:30"" sourceHealthServiceId=""F57C2BCF-DE2B-DA7F-FD91-0649DF501A73""><EventData xmlns=""http://schemas.microsoft.com/win/2004/08/events/event""><Data Name=""RuleName"">-</Data><Data Name=""UtcTime"">2023-11-28 06:13:24.462</Data><Data Name=""ProcessGuid"">{8CAD0A01-84FA-6565-1600-000000001400}</Data><Data Name=""ProcessId"">1140</Data><Data Name=""QueryName"">wpad</Data><Data Name=""QueryStatus"">9003</Data><Data Name=""QueryResults"">-</Data><Data Name=""Image"">C:\Windows\System32\svchost.exe</Data><Data Name=""User"">NT AUTHORITY\LOCAL SERVICE</Data></EventData></DataItem>",22,"Dns query: RuleName: - UtcTime: 2023-11-28 06:13:24.462 ProcessGuid: {8CAD0A01-84FA-6565-1600-000000001400} ProcessId: 1140 QueryName: wpad QueryStatus: 9003 QueryResults: - Image: C:\Windows\System32\svchost.exe User: NT AUTHORITY\LOCAL SERVICE ","00000000-0000-0000-0000-000000000001","AOI-46bec743-35fa-4608-b7e2-2aa3c38a97c2",,,Event,"448822d6-8db5-11ee-8bc4-6045bd72e15f","/subscriptions/4383ac89-7cd1-48c1-8061-b0b3c5ccfd97/resourcegroups/varunlab-rg/providers/microsoft.compute/virtualmachines/windowseventlogs","4383ac89-7cd1-48c1-8061-b0b3c5ccfd97"
"46bec743-35fa-4608-b7e2-2aa3c38a97c2",OpsManager,"11/28/2023, 11:43:25.948 AM","Microsoft-Windows-Sysmon","Microsoft-Windows-Sysmon/Operational",WindowsEventLog,22,4,Information,"NT AUTHORITY\SYSTEM",,"<Param>-</Param><Param>2023-11-28 06:13:24.735</Param><Param>{8CAD0A01-84FC-6565-1A00-000000001400}</Param><Param>1796</Param><Param>WindowsEventLog</Param><Param>0</Param><Param>fe80::3835:3480:f5ff:fffb;2001:0:34f1:8072:3835:3480:f5ff:fffb;fe80::d024:56ce:c156:9dae;</Param><Param>C:\Windows\System32\spoolsv.exe</Param><Param>NT AUTHORITY\SYSTEM</Param>","<DataItem type=""System.XmlData"" time=""2023-11-28T11:43:25.9486707+05:30"" sourceHealthServiceId=""F57C2BCF-DE2B-DA7F-FD91-0649DF501A73""><EventData xmlns=""http://schemas.microsoft.com/win/2004/08/events/event""><Data Name=""RuleName"">-</Data><Data Name=""UtcTime"">2023-11-28 06:13:24.735</Data><Data Name=""ProcessGuid"">{8CAD0A01-84FC-6565-1A00-000000001400}</Data><Data Name=""ProcessId"">1796</Data><Data Name=""QueryName"">WindowsEventLog</Data><Data Name=""QueryStatus"">0</Data><Data Name=""QueryResults"">fe80::3835:3480:f5ff:fffb;2001:0:34f1:8072:3835:3480:f5ff:fffb;fe80::d024:56ce:c156:9dae;</Data><Data Name=""Image"">C:\Windows\System32\spoolsv.exe</Data><Data Name=""User"">NT AUTHORITY\SYSTEM</Data></EventData></DataItem>",22,"Dns query: RuleName: - UtcTime: 2023-11-28 06:13:24.735 ProcessGuid: {8CAD0A01-84FC-6565-1A00-000000001400} ProcessId: 1796 QueryName: WindowsEventLog QueryStatus: 0 QueryResults: fe80::3835:3480:f5ff:fffb;2001:0:34f1:8072:3835:3480:f5ff:fffb;fe80::d024:56ce:c156:9dae; Image: C:\Windows\System32\spoolsv.exe User: NT AUTHORITY\SYSTEM ","00000000-0000-0000-0000-000000000001","AOI-46bec743-35fa-4608-b7e2-2aa3c38a97c2",,,Event,"46178b94-8db5-11ee-8bc4-0022486ea518","/subscriptions/4383ac89-7cd1-48c1-8061-b0b3c5ccfd97/resourcegroups/varunlab-rg/providers/microsoft.compute/virtualmachines/windowseventlogs","4383ac89-7cd1-48c1-8061-b0b3c5ccfd97"
"46bec743-35fa-4608-b7e2-2aa3c38a97c2",OpsManager,"11/28/2023, 11:43:26.956 AM","Microsoft-Windows-Sysmon","Microsoft-Windows-Sysmon/Operational",WindowsEventLog,22,4,Information,"NT AUTHORITY\SYSTEM",,"<Param>-</Param><Param>2023-11-28 06:13:25.870</Param><Param>{8CAD0A01-84FB-6565-1700-000000001400}</Param><Param>1272</Param><Param>WindowsEventLog</Param><Param>1460</Param><Param>-</Param><Param>C:\Windows\System32\svchost.exe</Param><Param>NT AUTHORITY\NETWORK SERVICE</Param>","<DataItem type=""System.XmlData"" time=""2023-11-28T11:43:26.9568059+05:30"" sourceHealthServiceId=""F57C2BCF-DE2B-DA7F-FD91-0649DF501A73""><EventData xmlns=""http://schemas.microsoft.com/win/2004/08/events/event""><Data Name=""RuleName"">-</Data><Data Name=""UtcTime"">2023-11-28 06:13:25.870</Data><Data Name=""ProcessGuid"">{8CAD0A01-84FB-6565-1700-000000001400}</Data><Data Name=""ProcessId"">1272</Data><Data Name=""QueryName"">WindowsEventLog</Data><Data Name=""QueryStatus"">1460</Data><Data Name=""QueryResults"">-</Data><Data Name=""Image"">C:\Windows\System32\svchost.exe</Data><Data Name=""User"">NT AUTHORITY\NETWORK SERVICE</Data></EventData></DataItem>",22,"Dns query: RuleName: - UtcTime: 2023-11-28 06:13:25.870 ProcessGuid: {8CAD0A01-84FB-6565-1700-000000001400} ProcessId: 1272 QueryName: WindowsEventLog QueryStatus: 1460 QueryResults: - Image: C:\Windows\System32\svchost.exe User: NT AUTHORITY\NETWORK SERVICE ","00000000-0000-0000-0000-000000000001","AOI-46bec743-35fa-4608-b7e2-2aa3c38a97c2",,,Event,"46178bd7-8db5-11ee-8bc4-0022486ea518","/subscriptions/4383ac89-7cd1-48c1-8061-b0b3c5ccfd97/resourcegroups/varunlab-rg/providers/microsoft.compute/virtualmachines/windowseventlogs","4383ac89-7cd1-48c1-8061-b0b3c5ccfd97"
"46bec743-35fa-4608-b7e2-2aa3c38a97c2",OpsManager,"11/28/2023, 11:43:26.956 AM","Microsoft-Windows-Sysmon","Microsoft-Windows-Sysmon/Operational",WindowsEventLog,22,4,Information,"NT AUTHORITY\SYSTEM",,"<Param>-</Param><Param>2023-11-28 06:13:26.563</Param><Param>{8CAD0A01-8501-6565-3E00-000000001400}</Param><Param>2560</Param><Param>WindowsEventLog</Param><Param>0</Param><Param>fe80::3835:3480:f5ff:fffb;2001:0:34f1:8072:3835:3480:f5ff:fffb;fe80::d024:56ce:c156:9dae;::ffff:10.0.0.4;</Param><Param>C:\Windows\System32\wbem\WmiPrvSE.exe</Param><Param>NT AUTHORITY\NETWORK SERVICE</Param>","<DataItem type=""System.XmlData"" time=""2023-11-28T11:43:26.9568452+05:30"" sourceHealthServiceId=""F57C2BCF-DE2B-DA7F-FD91-0649DF501A73""><EventData xmlns=""http://schemas.microsoft.com/win/2004/08/events/event""><Data Name=""RuleName"">-</Data><Data Name=""UtcTime"">2023-11-28 06:13:26.563</Data><Data Name=""ProcessGuid"">{8CAD0A01-8501-6565-3E00-000000001400}</Data><Data Name=""ProcessId"">2560</Data><Data Name=""QueryName"">WindowsEventLog</Data><Data Name=""QueryStatus"">0</Data><Data Name=""QueryResults"">fe80::3835:3480:f5ff:fffb;2001:0:34f1:8072:3835:3480:f5ff:fffb;fe80::d024:56ce:c156:9dae;::ffff:10.0.0.4;</Data><Data Name=""Image"">C:\Windows\System32\wbem\WmiPrvSE.exe</Data><Data Name=""User"">NT AUTHORITY\NETWORK SERVICE</Data></EventData></DataItem>",22,"Dns query: RuleName: - UtcTime: 2023-11-28 06:13:26.563 ProcessGuid: {8CAD0A01-8501-6565-3E00-000000001400} ProcessId: 2560 QueryName: WindowsEventLog QueryStatus: 0 QueryResults: fe80::3835:3480:f5ff:fffb;2001:0:34f1:8072:3835:3480:f5ff:fffb;fe80::d024:56ce:c156:9dae;::ffff:10.0.0.4; Image: C:\Windows\System32\wbem\WmiPrvSE.exe User: NT AUTHORITY\NETWORK SERVICE ","00000000-0000-0000-0000-000000000001","AOI-46bec743-35fa-4608-b7e2-2aa3c38a97c2",,,Event,"46178bd9-8db5-11ee-8bc4-0022486ea518","/subscriptions/4383ac89-7cd1-48c1-8061-b0b3c5ccfd97/resourcegroups/varunlab-rg/providers/microsoft.compute/virtualmachines/windowseventlogs","4383ac89-7cd1-48c1-8061-b0b3c5ccfd97"
"46bec743-35fa-4608-b7e2-2aa3c38a97c2",OpsManager,"11/28/2023, 11:43:28.949 AM","Microsoft-Windows-Sysmon","Microsoft-Windows-Sysmon/Operational",WindowsEventLog,22,4,Information,"NT AUTHORITY\SYSTEM",,"<Param>-</Param><Param>2023-11-28 06:13:27.607</Param><Param>{8CAD0A01-84FC-6565-1E00-000000001400}</Param><Param>836</Param><Param>_ldap._tcp.dc._msdcs.WindowsEventLog</Param><Param>9003</Param><Param>-</Param><Param>C:\WindowsAzure\GuestAgent_2.7.41491.1095_2023-10-16_051251\WaAppAgent.exe</Param><Param>NT AUTHORITY\SYSTEM</Param>","<DataItem type=""System.XmlData"" time=""2023-11-28T11:43:28.9495397+05:30"" sourceHealthServiceId=""F57C2BCF-DE2B-DA7F-FD91-0649DF501A73""><EventData xmlns=""http://schemas.microsoft.com/win/2004/08/events/event""><Data Name=""RuleName"">-</Data><Data Name=""UtcTime"">2023-11-28 06:13:27.607</Data><Data Name=""ProcessGuid"">{8CAD0A01-84FC-6565-1E00-000000001400}</Data><Data Name=""ProcessId"">836</Data><Data Name=""QueryName"">_ldap._tcp.dc._msdcs.WindowsEventLog</Data><Data Name=""QueryStatus"">9003</Data><Data Name=""QueryResults"">-</Data><Data Name=""Image"">C:\WindowsAzure\GuestAgent_2.7.41491.1095_2023-10-16_051251\WaAppAgent.exe</Data><Data Name=""User"">NT AUTHORITY\SYSTEM</Data></EventData></DataItem>",22,"Dns query: RuleName: - UtcTime: 2023-11-28 06:13:27.607 ProcessGuid: {8CAD0A01-84FC-6565-1E00-000000001400} ProcessId: 836 QueryName: _ldap._tcp.dc._msdcs.WindowsEventLog QueryStatus: 9003 QueryResults: - Image: C:\WindowsAzure\GuestAgent_2.7.41491.1095_2023-10-16_051251\WaAppAgent.exe User: NT AUTHORITY\SYSTEM ","00000000-0000-0000-0000-000000000001","AOI-46bec743-35fa-4608-b7e2-2aa3c38a97c2",,,Event,"46178bea-8db5-11ee-8bc4-0022486ea518","/subscriptions/4383ac89-7cd1-48c1-8061-b0b3c5ccfd97/resourcegroups/varunlab-rg/providers/microsoft.compute/virtualmachines/windowseventlogs","4383ac89-7cd1-48c1-8061-b0b3c5ccfd97"
"46bec743-35fa-4608-b7e2-2aa3c38a97c2",OpsManager,"11/28/2023, 11:44:56.782 AM","Microsoft-Windows-Sysmon","Microsoft-Windows-Sysmon/Operational",WindowsEventLog,22,4,Information,"NT AUTHORITY\SYSTEM",,"<Param>-</Param><Param>2023-11-28 06:14:54.727</Param><Param>{8CAD0A01-855D-6565-BD00-000000001400}</Param><Param>4316</Param><Param>gcs.prod.monitoring.core.windows.net</Param><Param>0</Param><Param>type:  5 warmpath-prod-nested.trafficmanager.net;::ffff:20.42.65.128;</Param><Param>C:\Packages\Plugins\Microsoft.Azure.Geneva.GenevaMonitoring\2.41.0.3\Monitoring\Agent\MonAgentManager.exe</Param><Param>NT AUTHORITY\SYSTEM</Param>","<DataItem type=""System.XmlData"" time=""2023-11-28T11:44:56.7826399+05:30"" sourceHealthServiceId=""F57C2BCF-DE2B-DA7F-FD91-0649DF501A73""><EventData xmlns=""http://schemas.microsoft.com/win/2004/08/events/event""><Data Name=""RuleName"">-</Data><Data Name=""UtcTime"">2023-11-28 06:14:54.727</Data><Data Name=""ProcessGuid"">{8CAD0A01-855D-6565-BD00-000000001400}</Data><Data Name=""ProcessId"">4316</Data><Data Name=""QueryName"">gcs.prod.monitoring.core.windows.net</Data><Data Name=""QueryStatus"">0</Data><Data Name=""QueryResults"">type:  5 warmpath-prod-nested.trafficmanager.net;::ffff:20.42.65.128;</Data><Data Name=""Image"">C:\Packages\Plugins\Microsoft.Azure.Geneva.GenevaMonitoring\2.41.0.3\Monitoring\Agent\MonAgentManager.exe</Data><Data Name=""User"">NT AUTHORITY\SYSTEM</Data></EventData></DataItem>",22,"Dns query: RuleName: - UtcTime: 2023-11-28 06:14:54.727 ProcessGuid: {8CAD0A01-855D-6565-BD00-000000001400} ProcessId: 4316 QueryName: gcs.prod.monitoring.core.windows.net QueryStatus: 0 QueryResults: type:  5 warmpath-prod-nested.trafficmanager.net;::ffff:20.42.65.128; Image: C:\Packages\Plugins\Microsoft.Azure.Geneva.GenevaMonitoring\2.41.0.3\Monitoring\Agent\MonAgentManager.exe User: NT AUTHORITY\SYSTEM ","00000000-0000-0000-0000-000000000001","AOI-46bec743-35fa-4608-b7e2-2aa3c38a97c2",,,Event,"7478c1a2-8db5-11ee-8bc4-000d3af060ca","/subscriptions/4383ac89-7cd1-48c1-8061-b0b3c5ccfd97/resourcegroups/varunlab-rg/providers/microsoft.compute/virtualmachines/windowseventlogs","4383ac89-7cd1-48c1-8061-b0b3c5ccfd97"
"46bec743-35fa-4608-b7e2-2aa3c38a97c2",OpsManager,"11/28/2023, 11:44:59.238 AM","Microsoft-Windows-Sysmon","Microsoft-Windows-Sysmon/Operational",WindowsEventLog,22,4,Information,"NT AUTHORITY\SYSTEM",,"<Param>-</Param><Param>2023-11-28 06:14:57.801</Param><Param>{8CAD0A01-855B-6565-B600-000000001400}</Param><Param>3940</Param><Param>global.handler.control.monitor.azure.com</Param><Param>0</Param><Param>type:  5 global.handler.control.privatelink.monitor.azure.com;type:  5 amcs-prod-global-handler.trafficmanager.net;type:  5 amcs-prod-eus-1-handler.eastus.cloudapp.azure.com;::ffff:20.49.109.88;</Param><Param>C:\Packages\Plugins\Microsoft.Azure.Monitor.AzureMonitorWindowsAgent\1.20.0.0\Monitoring\Agent\MonAgentManager.exe</Param><Param>NT AUTHORITY\SYSTEM</Param>","<DataItem type=""System.XmlData"" time=""2023-11-28T11:44:59.2382871+05:30"" sourceHealthServiceId=""F57C2BCF-DE2B-DA7F-FD91-0649DF501A73""><EventData xmlns=""http://schemas.microsoft.com/win/2004/08/events/event""><Data Name=""RuleName"">-</Data><Data Name=""UtcTime"">2023-11-28 06:14:57.801</Data><Data Name=""ProcessGuid"">{8CAD0A01-855B-6565-B600-000000001400}</Data><Data Name=""ProcessId"">3940</Data><Data Name=""QueryName"">global.handler.control.monitor.azure.com</Data><Data Name=""QueryStatus"">0</Data><Data Name=""QueryResults"">type:  5 global.handler.control.privatelink.monitor.azure.com;type:  5 amcs-prod-global-handler.trafficmanager.net;type:  5 amcs-prod-eus-1-handler.eastus.cloudapp.azure.com;::ffff:20.49.109.88;</Data><Data Name=""Image"">C:\Packages\Plugins\Microsoft.Azure.Monitor.AzureMonitorWindowsAgent\1.20.0.0\Monitoring\Agent\MonAgentManager.exe</Data><Data Name=""User"">NT AUTHORITY\SYSTEM</Data></EventData></DataItem>",22,"Dns query: RuleName: - UtcTime: 2023-11-28 06:14:57.801 ProcessGuid: {8CAD0A01-855B-6565-B600-000000001400} ProcessId: 3940 QueryName: global.handler.control.monitor.azure.com QueryStatus: 0 QueryResults: type:  5 global.handler.control.privatelink.monitor.azure.com;type:  5 amcs-prod-global-handler.trafficmanager.net;type:  5 amcs-prod-eus-1-handler.eastus.cloudapp.azure.com;::ffff:20.49.109.88; Image: C:\Packages\Plugins\Microsoft.Azure.Monitor.AzureMonitorWindowsAgent\1.20.0.0\Monitoring\Agent\MonAgentManager.exe User: NT AUTHORITY\SYSTEM ","00000000-0000-0000-0000-000000000001","AOI-46bec743-35fa-4608-b7e2-2aa3c38a97c2",,,Event,"76c7c309-8db5-11ee-8bc4-0022486ea800","/subscriptions/4383ac89-7cd1-48c1-8061-b0b3c5ccfd97/resourcegroups/varunlab-rg/providers/microsoft.compute/virtualmachines/windowseventlogs","4383ac89-7cd1-48c1-8061-b0b3c5ccfd97"
"46bec743-35fa-4608-b7e2-2aa3c38a97c2",OpsManager,"11/28/2023, 11:44:58.225 AM","Microsoft-Windows-Sysmon","Microsoft-Windows-Sysmon/Operational",WindowsEventLog,22,4,Information,"NT AUTHORITY\SYSTEM",,"<Param>-</Param><Param>2023-11-28 06:14:57.229</Param><Param>{8CAD0A01-855E-6565-BE00-000000001400}</Param><Param>5304</Param><Param>gcs.prod.monitoring.core.windows.net</Param><Param>0</Param><Param>type:  5 warmpath-prod-nested.trafficmanager.net;::ffff:20.42.65.128;</Param><Param>C:\Packages\Plugins\Microsoft.Azure.Geneva.GenevaMonitoring\2.41.0.3\Monitoring\Agent\MonAgentCore.exe</Param><Param>NT AUTHORITY\SYSTEM</Param>","<DataItem type=""System.XmlData"" time=""2023-11-28T11:44:58.2254735+05:30"" sourceHealthServiceId=""F57C2BCF-DE2B-DA7F-FD91-0649DF501A73""><EventData xmlns=""http://schemas.microsoft.com/win/2004/08/events/event""><Data Name=""RuleName"">-</Data><Data Name=""UtcTime"">2023-11-28 06:14:57.229</Data><Data Name=""ProcessGuid"">{8CAD0A01-855E-6565-BE00-000000001400}</Data><Data Name=""ProcessId"">5304</Data><Data Name=""QueryName"">gcs.prod.monitoring.core.windows.net</Data><Data Name=""QueryStatus"">0</Data><Data Name=""QueryResults"">type:  5 warmpath-prod-nested.trafficmanager.net;::ffff:20.42.65.128;</Data><Data Name=""Image"">C:\Packages\Plugins\Microsoft.Azure.Geneva.GenevaMonitoring\2.41.0.3\Monitoring\Agent\MonAgentCore.exe</Data><Data Name=""User"">NT AUTHORITY\SYSTEM</Data></EventData></DataItem>",22,"Dns query: RuleName: - UtcTime: 2023-11-28 06:14:57.229 ProcessGuid: {8CAD0A01-855E-6565-BE00-000000001400} ProcessId: 5304 QueryName: gcs.prod.monitoring.core.windows.net QueryStatus: 0 QueryResults: type:  5 warmpath-prod-nested.trafficmanager.net;::ffff:20.42.65.128; Image: C:\Packages\Plugins\Microsoft.Azure.Geneva.GenevaMonitoring\2.41.0.3\Monitoring\Agent\MonAgentCore.exe User: NT AUTHORITY\SYSTEM ","00000000-0000-0000-0000-000000000001","AOI-46bec743-35fa-4608-b7e2-2aa3c38a97c2",,,Event,"75ec0100-8db5-11ee-8bc4-6045bd72e15f","/subscriptions/4383ac89-7cd1-48c1-8061-b0b3c5ccfd97/resourcegroups/varunlab-rg/providers/microsoft.compute/virtualmachines/windowseventlogs","4383ac89-7cd1-48c1-8061-b0b3c5ccfd97"
"46bec743-35fa-4608-b7e2-2aa3c38a97c2",OpsManager,"11/28/2023, 11:45:10.950 AM","Microsoft-Windows-Sysmon","Microsoft-Windows-Sysmon/Operational",WindowsEventLog,22,4,Information,"NT AUTHORITY\SYSTEM",,"<Param>-</Param><Param>2023-11-28 06:15:08.918</Param><Param>{8CAD0A01-855C-6565-BB00-000000001400}</Param><Param>5036</Param><Param>global.handler.control.monitor.azure.com</Param><Param>0</Param><Param>type:  5 global.handler.control.privatelink.monitor.azure.com;type:  5 amcs-prod-global-handler.trafficmanager.net;type:  5 amcs-prod-eus-1-handler.eastus.cloudapp.azure.com;::ffff:20.49.109.88;</Param><Param>C:\Packages\Plugins\Microsoft.Azure.Monitor.AzureMonitorWindowsAgent\1.20.0.0\Monitoring\Agent\MonAgentCore.exe</Param><Param>NT AUTHORITY\SYSTEM</Param>","<DataItem type=""System.XmlData"" time=""2023-11-28T11:45:10.9500949+05:30"" sourceHealthServiceId=""F57C2BCF-DE2B-DA7F-FD91-0649DF501A73""><EventData xmlns=""http://schemas.microsoft.com/win/2004/08/events/event""><Data Name=""RuleName"">-</Data><Data Name=""UtcTime"">2023-11-28 06:15:08.918</Data><Data Name=""ProcessGuid"">{8CAD0A01-855C-6565-BB00-000000001400}</Data><Data Name=""ProcessId"">5036</Data><Data Name=""QueryName"">global.handler.control.monitor.azure.com</Data><Data Name=""QueryStatus"">0</Data><Data Name=""QueryResults"">type:  5 global.handler.control.privatelink.monitor.azure.com;type:  5 amcs-prod-global-handler.trafficmanager.net;type:  5 amcs-prod-eus-1-handler.eastus.cloudapp.azure.com;::ffff:20.49.109.88;</Data><Data Name=""Image"">C:\Packages\Plugins\Microsoft.Azure.Monitor.AzureMonitorWindowsAgent\1.20.0.0\Monitoring\Agent\MonAgentCore.exe</Data><Data Name=""User"">NT AUTHORITY\SYSTEM</Data></EventData></DataItem>",22,"Dns query: RuleName: - UtcTime: 2023-11-28 06:15:08.918 ProcessGuid: {8CAD0A01-855C-6565-BB00-000000001400} ProcessId: 5036 QueryName: global.handler.control.monitor.azure.com QueryStatus: 0 QueryResults: type:  5 global.handler.control.privatelink.monitor.azure.com;type:  5 amcs-prod-global-handler.trafficmanager.net;type:  5 amcs-prod-eus-1-handler.eastus.cloudapp.azure.com;::ffff:20.49.109.88; Image: C:\Packages\Plugins\Microsoft.Azure.Monitor.AzureMonitorWindowsAgent\1.20.0.0\Monitoring\Agent\MonAgentCore.exe User: NT AUTHORITY\SYSTEM ","00000000-0000-0000-0000-000000000001","AOI-46bec743-35fa-4608-b7e2-2aa3c38a97c2",,,Event,"7d1b264a-8db5-11ee-8bc4-6045bd72eb78","/subscriptions/4383ac89-7cd1-48c1-8061-b0b3c5ccfd97/resourcegroups/varunlab-rg/providers/microsoft.compute/virtualmachines/windowseventlogs","4383ac89-7cd1-48c1-8061-b0b3c5ccfd97"
"46bec743-35fa-4608-b7e2-2aa3c38a97c2",OpsManager,"11/27/2023, 6:56:49.550 PM","Microsoft-Windows-Sysmon","Microsoft-Windows-Sysmon/Operational",WindowsEventLog,22,4,Information,"NT AUTHORITY\SYSTEM",,"<Param>-</Param><Param>2023-11-27 13:26:48.583</Param><Param>{8CAD0A01-9918-6564-2F05-000000001300}</Param><Param>5144</Param><Param>WindowsEventLog</Param><Param>0</Param><Param>fe80::3888:722:f5ff:fffb;2001:0:34f1:8072:3888:722:f5ff:fffb;fe80::d024:56ce:c156:9dae;::ffff:10.0.0.4;</Param><Param>C:\Windows\System32\wbem\WmiPrvSE.exe</Param><Param>NT AUTHORITY\NETWORK SERVICE</Param>","<DataItem type=""System.XmlData"" time=""2023-11-27T18:56:49.5508946+05:30"" sourceHealthServiceId=""F57C2BCF-DE2B-DA7F-FD91-0649DF501A73""><EventData xmlns=""http://schemas.microsoft.com/win/2004/08/events/event""><Data Name=""RuleName"">-</Data><Data Name=""UtcTime"">2023-11-27 13:26:48.583</Data><Data Name=""ProcessGuid"">{8CAD0A01-9918-6564-2F05-000000001300}</Data><Data Name=""ProcessId"">5144</Data><Data Name=""QueryName"">WindowsEventLog</Data><Data Name=""QueryStatus"">0</Data><Data Name=""QueryResults"">fe80::3888:722:f5ff:fffb;2001:0:34f1:8072:3888:722:f5ff:fffb;fe80::d024:56ce:c156:9dae;::ffff:10.0.0.4;</Data><Data Name=""Image"">C:\Windows\System32\wbem\WmiPrvSE.exe</Data><Data Name=""User"">NT AUTHORITY\NETWORK SERVICE</Data></EventData></DataItem>",22,"Dns query: RuleName: - UtcTime: 2023-11-27 13:26:48.583 ProcessGuid: {8CAD0A01-9918-6564-2F05-000000001300} ProcessId: 5144 QueryName: WindowsEventLog QueryStatus: 0 QueryResults: fe80::3888:722:f5ff:fffb;2001:0:34f1:8072:3888:722:f5ff:fffb;fe80::d024:56ce:c156:9dae;::ffff:10.0.0.4; Image: C:\Windows\System32\wbem\WmiPrvSE.exe User: NT AUTHORITY\NETWORK SERVICE ","00000000-0000-0000-0000-000000000001","AOI-46bec743-35fa-4608-b7e2-2aa3c38a97c2",,,Event,"9f913b82-8d28-11ee-8bc4-0022486ea20c","/subscriptions/4383ac89-7cd1-48c1-8061-b0b3c5ccfd97/resourcegroups/varunlab-rg/providers/microsoft.compute/virtualmachines/windowseventlogs","4383ac89-7cd1-48c1-8061-b0b3c5ccfd97"
"46bec743-35fa-4608-b7e2-2aa3c38a97c2",OpsManager,"11/28/2023, 11:43:36.639 AM","Microsoft-Windows-Sysmon","Microsoft-Windows-Sysmon/Operational",WindowsEventLog,22,4,Information,"NT AUTHORITY\SYSTEM",,"<Param>-</Param><Param>2023-11-28 06:13:34.587</Param><Param>{8CAD0A01-84FC-6565-1E00-000000001400}</Param><Param>836</Param><Param>_ldap._tcp.dc._msdcs..</Param><Param>123</Param><Param>-</Param><Param>C:\WindowsAzure\GuestAgent_2.7.41491.1095_2023-10-16_051251\WaAppAgent.exe</Param><Param>NT AUTHORITY\SYSTEM</Param>","<DataItem type=""System.XmlData"" time=""2023-11-28T11:43:36.6396288+05:30"" sourceHealthServiceId=""F57C2BCF-DE2B-DA7F-FD91-0649DF501A73""><EventData xmlns=""http://schemas.microsoft.com/win/2004/08/events/event""><Data Name=""RuleName"">-</Data><Data Name=""UtcTime"">2023-11-28 06:13:34.587</Data><Data Name=""ProcessGuid"">{8CAD0A01-84FC-6565-1E00-000000001400}</Data><Data Name=""ProcessId"">836</Data><Data Name=""QueryName"">_ldap._tcp.dc._msdcs..</Data><Data Name=""QueryStatus"">123</Data><Data Name=""QueryResults"">-</Data><Data Name=""Image"">C:\WindowsAzure\GuestAgent_2.7.41491.1095_2023-10-16_051251\WaAppAgent.exe</Data><Data Name=""User"">NT AUTHORITY\SYSTEM</Data></EventData></DataItem>",22,"Dns query: RuleName: - UtcTime: 2023-11-28 06:13:34.587 ProcessGuid: {8CAD0A01-84FC-6565-1E00-000000001400} ProcessId: 836 QueryName: _ldap._tcp.dc._msdcs.. QueryStatus: 123 QueryResults: - Image: C:\WindowsAzure\GuestAgent_2.7.41491.1095_2023-10-16_051251\WaAppAgent.exe User: NT AUTHORITY\SYSTEM ","00000000-0000-0000-0000-000000000001","AOI-46bec743-35fa-4608-b7e2-2aa3c38a97c2",,,Event,"45a29852-8db5-11ee-8bc4-000d3af06de7","/subscriptions/4383ac89-7cd1-48c1-8061-b0b3c5ccfd97/resourcegroups/varunlab-rg/providers/microsoft.compute/virtualmachines/windowseventlogs","4383ac89-7cd1-48c1-8061-b0b3c5ccfd97"
"46bec743-35fa-4608-b7e2-2aa3c38a97c2",OpsManager,"11/28/2023, 11:45:28.181 AM","Microsoft-Windows-Sysmon","Microsoft-Windows-Sysmon/Operational",WindowsEventLog,22,4,Information,"NT AUTHORITY\SYSTEM",,"<Param>-</Param><Param>2023-11-28 06:15:26.902</Param><Param>{8CAD0A01-855E-6565-BE00-000000001400}</Param><Param>5304</Param><Param>gsm983063799xt.blob.core.windows.net</Param><Param>0</Param><Param>type:  5 blob.blz22prdstr08a.store.core.windows.net;::ffff:52.239.170.36;</Param><Param>C:\Packages\Plugins\Microsoft.Azure.Geneva.GenevaMonitoring\2.41.0.3\Monitoring\Agent\MonAgentCore.exe</Param><Param>NT AUTHORITY\SYSTEM</Param>","<DataItem type=""System.XmlData"" time=""2023-11-28T11:45:28.1818508+05:30"" sourceHealthServiceId=""F57C2BCF-DE2B-DA7F-FD91-0649DF501A73""><EventData xmlns=""http://schemas.microsoft.com/win/2004/08/events/event""><Data Name=""RuleName"">-</Data><Data Name=""UtcTime"">2023-11-28 06:15:26.902</Data><Data Name=""ProcessGuid"">{8CAD0A01-855E-6565-BE00-000000001400}</Data><Data Name=""ProcessId"">5304</Data><Data Name=""QueryName"">gsm983063799xt.blob.core.windows.net</Data><Data Name=""QueryStatus"">0</Data><Data Name=""QueryResults"">type:  5 blob.blz22prdstr08a.store.core.windows.net;::ffff:52.239.170.36;</Data><Data Name=""Image"">C:\Packages\Plugins\Microsoft.Azure.Geneva.GenevaMonitoring\2.41.0.3\Monitoring\Agent\MonAgentCore.exe</Data><Data Name=""User"">NT AUTHORITY\SYSTEM</Data></EventData></DataItem>",22,"Dns query: RuleName: - UtcTime: 2023-11-28 06:15:26.902 ProcessGuid: {8CAD0A01-855E-6565-BE00-000000001400} ProcessId: 5304 QueryName: gsm983063799xt.blob.core.windows.net QueryStatus: 0 QueryResults: type:  5 blob.blz22prdstr08a.store.core.windows.net;::ffff:52.239.170.36; Image: C:\Packages\Plugins\Microsoft.Azure.Geneva.GenevaMonitoring\2.41.0.3\Monitoring\Agent\MonAgentCore.exe User: NT AUTHORITY\SYSTEM ","00000000-0000-0000-0000-000000000001","AOI-46bec743-35fa-4608-b7e2-2aa3c38a97c2",,,Event,"88a951a9-8db5-11ee-8bc2-000d3af0714e","/subscriptions/4383ac89-7cd1-48c1-8061-b0b3c5ccfd97/resourcegroups/varunlab-rg/providers/microsoft.compute/virtualmachines/windowseventlogs","4383ac89-7cd1-48c1-8061-b0b3c5ccfd97"
"46bec743-35fa-4608-b7e2-2aa3c38a97c2",OpsManager,"11/28/2023, 11:46:00.094 AM","Microsoft-Windows-Sysmon","Microsoft-Windows-Sysmon/Operational",WindowsEventLog,22,4,Information,"NT AUTHORITY\SYSTEM",,"<Param>-</Param><Param>2023-11-28 06:15:57.075</Param><Param>{8CAD0A01-855E-6565-BE00-000000001400}</Param><Param>5304</Param><Param>eastus-shared.prod.warm.ingest.monitor.core.windows.net</Param><Param>0</Param><Param>type:  5 gig-warm-prod-shared-eastus.trafficmanager.net;::ffff:20.62.132.15;</Param><Param>C:\Packages\Plugins\Microsoft.Azure.Geneva.GenevaMonitoring\2.41.0.3\Monitoring\Agent\MonAgentCore.exe</Param><Param>NT AUTHORITY\SYSTEM</Param>","<DataItem type=""System.XmlData"" time=""2023-11-28T11:46:00.0944043+05:30"" sourceHealthServiceId=""F57C2BCF-DE2B-DA7F-FD91-0649DF501A73""><EventData xmlns=""http://schemas.microsoft.com/win/2004/08/events/event""><Data Name=""RuleName"">-</Data><Data Name=""UtcTime"">2023-11-28 06:15:57.075</Data><Data Name=""ProcessGuid"">{8CAD0A01-855E-6565-BE00-000000001400}</Data><Data Name=""ProcessId"">5304</Data><Data Name=""QueryName"">eastus-shared.prod.warm.ingest.monitor.core.windows.net</Data><Data Name=""QueryStatus"">0</Data><Data Name=""QueryResults"">type:  5 gig-warm-prod-shared-eastus.trafficmanager.net;::ffff:20.62.132.15;</Data><Data Name=""Image"">C:\Packages\Plugins\Microsoft.Azure.Geneva.GenevaMonitoring\2.41.0.3\Monitoring\Agent\MonAgentCore.exe</Data><Data Name=""User"">NT AUTHORITY\SYSTEM</Data></EventData></DataItem>",22,"Dns query: RuleName: - UtcTime: 2023-11-28 06:15:57.075 ProcessGuid: {8CAD0A01-855E-6565-BE00-000000001400} ProcessId: 5304 QueryName: eastus-shared.prod.warm.ingest.monitor.core.windows.net QueryStatus: 0 QueryResults: type:  5 gig-warm-prod-shared-eastus.trafficmanager.net;::ffff:20.62.132.15; Image: C:\Packages\Plugins\Microsoft.Azure.Geneva.GenevaMonitoring\2.41.0.3\Monitoring\Agent\MonAgentCore.exe User: NT AUTHORITY\SYSTEM ","00000000-0000-0000-0000-000000000001","AOI-46bec743-35fa-4608-b7e2-2aa3c38a97c2",,,Event,"9c05179a-8db5-11ee-8bc4-0022486e92a3","/subscriptions/4383ac89-7cd1-48c1-8061-b0b3c5ccfd97/resourcegroups/varunlab-rg/providers/microsoft.compute/virtualmachines/windowseventlogs","4383ac89-7cd1-48c1-8061-b0b3c5ccfd97"
"46bec743-35fa-4608-b7e2-2aa3c38a97c2",OpsManager,"11/28/2023, 11:46:00.094 AM","Microsoft-Windows-Sysmon","Microsoft-Windows-Sysmon/Operational",WindowsEventLog,22,4,Information,"NT AUTHORITY\SYSTEM",,"<Param>-</Param><Param>2023-11-28 06:15:58.517</Param><Param>{8CAD0A01-859E-6565-1B01-000000001400}</Param><Param>5964</Param><Param>WindowsEventLog</Param><Param>0</Param><Param>fe80::3835:3480:f5ff:fffb;2001:0:34f1:8072:3835:3480:f5ff:fffb;fe80::d024:56ce:c156:9dae;::ffff:10.0.0.4;</Param><Param>C:\Windows\System32\PING.EXE</Param><Param>NT AUTHORITY\SYSTEM</Param>","<DataItem type=""System.XmlData"" time=""2023-11-28T11:46:00.0944516+05:30"" sourceHealthServiceId=""F57C2BCF-DE2B-DA7F-FD91-0649DF501A73""><EventData xmlns=""http://schemas.microsoft.com/win/2004/08/events/event""><Data Name=""RuleName"">-</Data><Data Name=""UtcTime"">2023-11-28 06:15:58.517</Data><Data Name=""ProcessGuid"">{8CAD0A01-859E-6565-1B01-000000001400}</Data><Data Name=""ProcessId"">5964</Data><Data Name=""QueryName"">WindowsEventLog</Data><Data Name=""QueryStatus"">0</Data><Data Name=""QueryResults"">fe80::3835:3480:f5ff:fffb;2001:0:34f1:8072:3835:3480:f5ff:fffb;fe80::d024:56ce:c156:9dae;::ffff:10.0.0.4;</Data><Data Name=""Image"">C:\Windows\System32\PING.EXE</Data><Data Name=""User"">NT AUTHORITY\SYSTEM</Data></EventData></DataItem>",22,"Dns query: RuleName: - UtcTime: 2023-11-28 06:15:58.517 ProcessGuid: {8CAD0A01-859E-6565-1B01-000000001400} ProcessId: 5964 QueryName: WindowsEventLog QueryStatus: 0 QueryResults: fe80::3835:3480:f5ff:fffb;2001:0:34f1:8072:3835:3480:f5ff:fffb;fe80::d024:56ce:c156:9dae;::ffff:10.0.0.4; Image: C:\Windows\System32\PING.EXE User: NT AUTHORITY\SYSTEM ","00000000-0000-0000-0000-000000000001","AOI-46bec743-35fa-4608-b7e2-2aa3c38a97c2",,,Event,"9c05179b-8db5-11ee-8bc4-0022486e92a3","/subscriptions/4383ac89-7cd1-48c1-8061-b0b3c5ccfd97/resourcegroups/varunlab-rg/providers/microsoft.compute/virtualmachines/windowseventlogs","4383ac89-7cd1-48c1-8061-b0b3c5ccfd97"
"46bec743-35fa-4608-b7e2-2aa3c38a97c2",OpsManager,"11/28/2023, 11:46:19.987 AM","Microsoft-Windows-Sysmon","Microsoft-Windows-Sysmon/Operational",WindowsEventLog,22,4,Information,"NT AUTHORITY\SYSTEM",,"<Param>-</Param><Param>2023-11-28 06:16:18.024</Param><Param>{8CAD0A01-855E-6565-BE00-000000001400}</Param><Param>5304</Param><Param>monitoring.windows.net</Param><Param>0</Param><Param>type:  5 mdsextprod.trafficmanager.net;type:  5 mdsfeprodexteus201.eastus2.cloudapp.azure.com;::ffff:52.167.145.162;</Param><Param>C:\Packages\Plugins\Microsoft.Azure.Geneva.GenevaMonitoring\2.41.0.3\Monitoring\Agent\MonAgentCore.exe</Param><Param>NT AUTHORITY\SYSTEM</Param>","<DataItem type=""System.XmlData"" time=""2023-11-28T11:46:19.9871543+05:30"" sourceHealthServiceId=""F57C2BCF-DE2B-DA7F-FD91-0649DF501A73""><EventData xmlns=""http://schemas.microsoft.com/win/2004/08/events/event""><Data Name=""RuleName"">-</Data><Data Name=""UtcTime"">2023-11-28 06:16:18.024</Data><Data Name=""ProcessGuid"">{8CAD0A01-855E-6565-BE00-000000001400}</Data><Data Name=""ProcessId"">5304</Data><Data Name=""QueryName"">monitoring.windows.net</Data><Data Name=""QueryStatus"">0</Data><Data Name=""QueryResults"">type:  5 mdsextprod.trafficmanager.net;type:  5 mdsfeprodexteus201.eastus2.cloudapp.azure.com;::ffff:52.167.145.162;</Data><Data Name=""Image"">C:\Packages\Plugins\Microsoft.Azure.Geneva.GenevaMonitoring\2.41.0.3\Monitoring\Agent\MonAgentCore.exe</Data><Data Name=""User"">NT AUTHORITY\SYSTEM</Data></EventData></DataItem>",22,"Dns query: RuleName: - UtcTime: 2023-11-28 06:16:18.024 ProcessGuid: {8CAD0A01-855E-6565-BE00-000000001400} ProcessId: 5304 QueryName: monitoring.windows.net QueryStatus: 0 QueryResults: type:  5 mdsextprod.trafficmanager.net;type:  5 mdsfeprodexteus201.eastus2.cloudapp.azure.com;::ffff:52.167.145.162; Image: C:\Packages\Plugins\Microsoft.Azure.Geneva.GenevaMonitoring\2.41.0.3\Monitoring\Agent\MonAgentCore.exe User: NT AUTHORITY\SYSTEM ","00000000-0000-0000-0000-000000000001","AOI-46bec743-35fa-4608-b7e2-2aa3c38a97c2",,,Event,"a5fbb86e-8db5-11ee-8bc4-000d3af075b5","/subscriptions/4383ac89-7cd1-48c1-8061-b0b3c5ccfd97/resourcegroups/varunlab-rg/providers/microsoft.compute/virtualmachines/windowseventlogs","4383ac89-7cd1-48c1-8061-b0b3c5ccfd97"
"46bec743-35fa-4608-b7e2-2aa3c38a97c2",OpsManager,"11/28/2023, 11:47:00.895 AM","Microsoft-Windows-Sysmon","Microsoft-Windows-Sysmon/Operational",WindowsEventLog,22,4,Information,"NT AUTHORITY\SYSTEM",,"<Param>-</Param><Param>2023-11-28 06:16:58.857</Param><Param>{8CAD0A01-855E-6565-BE00-000000001400}</Param><Param>5304</Param><Param>eastus-shared.prod.warm.ingest.monitor.core.windows.net</Param><Param>0</Param><Param>type:  5 gig-warm-prod-shared-eastus.trafficmanager.net;::ffff:20.62.132.10;</Param><Param>C:\Packages\Plugins\Microsoft.Azure.Geneva.GenevaMonitoring\2.41.0.3\Monitoring\Agent\MonAgentCore.exe</Param><Param>NT AUTHORITY\SYSTEM</Param>","<DataItem type=""System.XmlData"" time=""2023-11-28T11:47:00.8955199+05:30"" sourceHealthServiceId=""F57C2BCF-DE2B-DA7F-FD91-0649DF501A73""><EventData xmlns=""http://schemas.microsoft.com/win/2004/08/events/event""><Data Name=""RuleName"">-</Data><Data Name=""UtcTime"">2023-11-28 06:16:58.857</Data><Data Name=""ProcessGuid"">{8CAD0A01-855E-6565-BE00-000000001400}</Data><Data Name=""ProcessId"">5304</Data><Data Name=""QueryName"">eastus-shared.prod.warm.ingest.monitor.core.windows.net</Data><Data Name=""QueryStatus"">0</Data><Data Name=""QueryResults"">type:  5 gig-warm-prod-shared-eastus.trafficmanager.net;::ffff:20.62.132.10;</Data><Data Name=""Image"">C:\Packages\Plugins\Microsoft.Azure.Geneva.GenevaMonitoring\2.41.0.3\Monitoring\Agent\MonAgentCore.exe</Data><Data Name=""User"">NT AUTHORITY\SYSTEM</Data></EventData></DataItem>",22,"Dns query: RuleName: - UtcTime: 2023-11-28 06:16:58.857 ProcessGuid: {8CAD0A01-855E-6565-BE00-000000001400} ProcessId: 5304 QueryName: eastus-shared.prod.warm.ingest.monitor.core.windows.net QueryStatus: 0 QueryResults: type:  5 gig-warm-prod-shared-eastus.trafficmanager.net;::ffff:20.62.132.10; Image: C:\Packages\Plugins\Microsoft.Azure.Geneva.GenevaMonitoring\2.41.0.3\Monitoring\Agent\MonAgentCore.exe User: NT AUTHORITY\SYSTEM ","00000000-0000-0000-0000-000000000001","AOI-46bec743-35fa-4608-b7e2-2aa3c38a97c2",,,Event,"be7fb2b9-8db5-11ee-8bc4-000d3af075b5","/subscriptions/4383ac89-7cd1-48c1-8061-b0b3c5ccfd97/resourcegroups/varunlab-rg/providers/microsoft.compute/virtualmachines/windowseventlogs","4383ac89-7cd1-48c1-8061-b0b3c5ccfd97"
"46bec743-35fa-4608-b7e2-2aa3c38a97c2",OpsManager,"11/28/2023, 11:47:51.051 AM","Microsoft-Windows-Sysmon","Microsoft-Windows-Sysmon/Operational",WindowsEventLog,22,4,Information,"NT AUTHORITY\SYSTEM",,"<Param>-</Param><Param>2023-11-28 06:17:50.050</Param><Param>{8CAD0A01-855E-6565-BE00-000000001400}</Param><Param>5304</Param><Param>eastus-shared.prod.warm.ingest.monitor.core.windows.net</Param><Param>0</Param><Param>type:  5 gig-warm-prod-shared-eastus.trafficmanager.net;::ffff:20.62.132.17;</Param><Param>C:\Packages\Plugins\Microsoft.Azure.Geneva.GenevaMonitoring\2.41.0.3\Monitoring\Agent\MonAgentCore.exe</Param><Param>NT AUTHORITY\SYSTEM</Param>","<DataItem type=""System.XmlData"" time=""2023-11-28T11:47:51.0514268+05:30"" sourceHealthServiceId=""F57C2BCF-DE2B-DA7F-FD91-0649DF501A73""><EventData xmlns=""http://schemas.microsoft.com/win/2004/08/events/event""><Data Name=""RuleName"">-</Data><Data Name=""UtcTime"">2023-11-28 06:17:50.050</Data><Data Name=""ProcessGuid"">{8CAD0A01-855E-6565-BE00-000000001400}</Data><Data Name=""ProcessId"">5304</Data><Data Name=""QueryName"">eastus-shared.prod.warm.ingest.monitor.core.windows.net</Data><Data Name=""QueryStatus"">0</Data><Data Name=""QueryResults"">type:  5 gig-warm-prod-shared-eastus.trafficmanager.net;::ffff:20.62.132.17;</Data><Data Name=""Image"">C:\Packages\Plugins\Microsoft.Azure.Geneva.GenevaMonitoring\2.41.0.3\Monitoring\Agent\MonAgentCore.exe</Data><Data Name=""User"">NT AUTHORITY\SYSTEM</Data></EventData></DataItem>",22,"Dns query: RuleName: - UtcTime: 2023-11-28 06:17:50.050 ProcessGuid: {8CAD0A01-855E-6565-BE00-000000001400} ProcessId: 5304 QueryName: eastus-shared.prod.warm.ingest.monitor.core.windows.net QueryStatus: 0 QueryResults: type:  5 gig-warm-prod-shared-eastus.trafficmanager.net;::ffff:20.62.132.17; Image: C:\Packages\Plugins\Microsoft.Azure.Geneva.GenevaMonitoring\2.41.0.3\Monitoring\Agent\MonAgentCore.exe User: NT AUTHORITY\SYSTEM ","00000000-0000-0000-0000-000000000001","AOI-46bec743-35fa-4608-b7e2-2aa3c38a97c2",,,Event,"dca3f219-8db5-11ee-8bc2-000d3af0714e","/subscriptions/4383ac89-7cd1-48c1-8061-b0b3c5ccfd97/resourcegroups/varunlab-rg/providers/microsoft.compute/virtualmachines/windowseventlogs","4383ac89-7cd1-48c1-8061-b0b3c5ccfd97"
"46bec743-35fa-4608-b7e2-2aa3c38a97c2",OpsManager,"11/28/2023, 11:47:51.051 AM","Microsoft-Windows-Sysmon","Microsoft-Windows-Sysmon/Operational",WindowsEventLog,22,4,Information,"NT AUTHORITY\SYSTEM",,"<Param>-</Param><Param>2023-11-28 06:17:50.160</Param><Param>{8CAD0A01-855E-6565-BE00-000000001400}</Param><Param>5304</Param><Param>gsm723720xt.table.core.windows.net</Param><Param>0</Param><Param>type:  5 table.iad01prdstr06a.store.core.windows.net;::ffff:20.60.220.227;</Param><Param>C:\Packages\Plugins\Microsoft.Azure.Geneva.GenevaMonitoring\2.41.0.3\Monitoring\Agent\MonAgentCore.exe</Param><Param>NT AUTHORITY\SYSTEM</Param>","<DataItem type=""System.XmlData"" time=""2023-11-28T11:47:51.0514779+05:30"" sourceHealthServiceId=""F57C2BCF-DE2B-DA7F-FD91-0649DF501A73""><EventData xmlns=""http://schemas.microsoft.com/win/2004/08/events/event""><Data Name=""RuleName"">-</Data><Data Name=""UtcTime"">2023-11-28 06:17:50.160</Data><Data Name=""ProcessGuid"">{8CAD0A01-855E-6565-BE00-000000001400}</Data><Data Name=""ProcessId"">5304</Data><Data Name=""QueryName"">gsm723720xt.table.core.windows.net</Data><Data Name=""QueryStatus"">0</Data><Data Name=""QueryResults"">type:  5 table.iad01prdstr06a.store.core.windows.net;::ffff:20.60.220.227;</Data><Data Name=""Image"">C:\Packages\Plugins\Microsoft.Azure.Geneva.GenevaMonitoring\2.41.0.3\Monitoring\Agent\MonAgentCore.exe</Data><Data Name=""User"">NT AUTHORITY\SYSTEM</Data></EventData></DataItem>",22,"Dns query: RuleName: - UtcTime: 2023-11-28 06:17:50.160 ProcessGuid: {8CAD0A01-855E-6565-BE00-000000001400} ProcessId: 5304 QueryName: gsm723720xt.table.core.windows.net QueryStatus: 0 QueryResults: type:  5 table.iad01prdstr06a.store.core.windows.net;::ffff:20.60.220.227; Image: C:\Packages\Plugins\Microsoft.Azure.Geneva.GenevaMonitoring\2.41.0.3\Monitoring\Agent\MonAgentCore.exe User: NT AUTHORITY\SYSTEM ","00000000-0000-0000-0000-000000000001","AOI-46bec743-35fa-4608-b7e2-2aa3c38a97c2",,,Event,"dca3f21b-8db5-11ee-8bc2-000d3af0714e","/subscriptions/4383ac89-7cd1-48c1-8061-b0b3c5ccfd97/resourcegroups/varunlab-rg/providers/microsoft.compute/virtualmachines/windowseventlogs","4383ac89-7cd1-48c1-8061-b0b3c5ccfd97"
"46bec743-35fa-4608-b7e2-2aa3c38a97c2",OpsManager,"11/28/2023, 11:47:51.051 AM","Microsoft-Windows-Sysmon","Microsoft-Windows-Sysmon/Operational",WindowsEventLog,22,4,Information,"NT AUTHORITY\SYSTEM",,"<Param>-</Param><Param>2023-11-28 06:17:50.191</Param><Param>{8CAD0A01-855E-6565-BE00-000000001400}</Param><Param>5304</Param><Param>qos.prod.warm.ingest.monitor.core.windows.net</Param><Param>0</Param><Param>type:  5 gig-warm-prod-qos.trafficmanager.net;::ffff:20.62.132.20;</Param><Param>C:\Packages\Plugins\Microsoft.Azure.Geneva.GenevaMonitoring\2.41.0.3\Monitoring\Agent\MonAgentCore.exe</Param><Param>NT AUTHORITY\SYSTEM</Param>","<DataItem type=""System.XmlData"" time=""2023-11-28T11:47:51.0516432+05:30"" sourceHealthServiceId=""F57C2BCF-DE2B-DA7F-FD91-0649DF501A73""><EventData xmlns=""http://schemas.microsoft.com/win/2004/08/events/event""><Data Name=""RuleName"">-</Data><Data Name=""UtcTime"">2023-11-28 06:17:50.191</Data><Data Name=""ProcessGuid"">{8CAD0A01-855E-6565-BE00-000000001400}</Data><Data Name=""ProcessId"">5304</Data><Data Name=""QueryName"">qos.prod.warm.ingest.monitor.core.windows.net</Data><Data Name=""QueryStatus"">0</Data><Data Name=""QueryResults"">type:  5 gig-warm-prod-qos.trafficmanager.net;::ffff:20.62.132.20;</Data><Data Name=""Image"">C:\Packages\Plugins\Microsoft.Azure.Geneva.GenevaMonitoring\2.41.0.3\Monitoring\Agent\MonAgentCore.exe</Data><Data Name=""User"">NT AUTHORITY\SYSTEM</Data></EventData></DataItem>",22,"Dns query: RuleName: - UtcTime: 2023-11-28 06:17:50.191 ProcessGuid: {8CAD0A01-855E-6565-BE00-000000001400} ProcessId: 5304 QueryName: qos.prod.warm.ingest.monitor.core.windows.net QueryStatus: 0 QueryResults: type:  5 gig-warm-prod-qos.trafficmanager.net;::ffff:20.62.132.20; Image: C:\Packages\Plugins\Microsoft.Azure.Geneva.GenevaMonitoring\2.41.0.3\Monitoring\Agent\MonAgentCore.exe User: NT AUTHORITY\SYSTEM ","00000000-0000-0000-0000-000000000001","AOI-46bec743-35fa-4608-b7e2-2aa3c38a97c2",,,Event,"dca3f21c-8db5-11ee-8bc2-000d3af0714e","/subscriptions/4383ac89-7cd1-48c1-8061-b0b3c5ccfd97/resourcegroups/varunlab-rg/providers/microsoft.compute/virtualmachines/windowseventlogs","4383ac89-7cd1-48c1-8061-b0b3c5ccfd97"
"46bec743-35fa-4608-b7e2-2aa3c38a97c2",OpsManager,"11/28/2023, 11:54:24.065 AM","Microsoft-Windows-Sysmon","Microsoft-Windows-Sysmon/Operational",WindowsEventLog,22,4,Information,"NT AUTHORITY\SYSTEM",,"<Param>-</Param><Param>2023-11-28 06:24:22.075</Param><Param>{8CAD0A01-855E-6565-BE00-000000001400}</Param><Param>5304</Param><Param>gsm723720xt.blob.core.windows.net</Param><Param>0</Param><Param>type:  5 blob.iad01prdstr06a.store.core.windows.net;::ffff:20.60.220.225;</Param><Param>C:\Packages\Plugins\Microsoft.Azure.Geneva.GenevaMonitoring\2.41.0.3\Monitoring\Agent\MonAgentCore.exe</Param><Param>NT AUTHORITY\SYSTEM</Param>","<DataItem type=""System.XmlData"" time=""2023-11-28T11:54:24.0653766+05:30"" sourceHealthServiceId=""F57C2BCF-DE2B-DA7F-FD91-0649DF501A73""><EventData xmlns=""http://schemas.microsoft.com/win/2004/08/events/event""><Data Name=""RuleName"">-</Data><Data Name=""UtcTime"">2023-11-28 06:24:22.075</Data><Data Name=""ProcessGuid"">{8CAD0A01-855E-6565-BE00-000000001400}</Data><Data Name=""ProcessId"">5304</Data><Data Name=""QueryName"">gsm723720xt.blob.core.windows.net</Data><Data Name=""QueryStatus"">0</Data><Data Name=""QueryResults"">type:  5 blob.iad01prdstr06a.store.core.windows.net;::ffff:20.60.220.225;</Data><Data Name=""Image"">C:\Packages\Plugins\Microsoft.Azure.Geneva.GenevaMonitoring\2.41.0.3\Monitoring\Agent\MonAgentCore.exe</Data><Data Name=""User"">NT AUTHORITY\SYSTEM</Data></EventData></DataItem>",22,"Dns query: RuleName: - UtcTime: 2023-11-28 06:24:22.075 ProcessGuid: {8CAD0A01-855E-6565-BE00-000000001400} ProcessId: 5304 QueryName: gsm723720xt.blob.core.windows.net QueryStatus: 0 QueryResults: type:  5 blob.iad01prdstr06a.store.core.windows.net;::ffff:20.60.220.225; Image: C:\Packages\Plugins\Microsoft.Azure.Geneva.GenevaMonitoring\2.41.0.3\Monitoring\Agent\MonAgentCore.exe User: NT AUTHORITY\SYSTEM ","00000000-0000-0000-0000-000000000001","AOI-46bec743-35fa-4608-b7e2-2aa3c38a97c2",,,Event,"c78afa52-8db6-11ee-8bc4-0022486ea761","/subscriptions/4383ac89-7cd1-48c1-8061-b0b3c5ccfd97/resourcegroups/varunlab-rg/providers/microsoft.compute/virtualmachines/windowseventlogs","4383ac89-7cd1-48c1-8061-b0b3c5ccfd97"
"46bec743-35fa-4608-b7e2-2aa3c38a97c2",OpsManager,"11/28/2023, 11:49:56.702 AM","Microsoft-Windows-Sysmon","Microsoft-Windows-Sysmon/Operational",WindowsEventLog,22,4,Information,"NT AUTHORITY\SYSTEM",,"<Param>-</Param><Param>2023-11-28 06:19:54.876</Param><Param>{8CAD0A01-855D-6565-BD00-000000001400}</Param><Param>4316</Param><Param>gcs.prod.monitoring.core.windows.net</Param><Param>0</Param><Param>type:  5 warmpath-prod-nested.trafficmanager.net;::ffff:20.42.65.222;</Param><Param>C:\Packages\Plugins\Microsoft.Azure.Geneva.GenevaMonitoring\2.41.0.3\Monitoring\Agent\MonAgentManager.exe</Param><Param>NT AUTHORITY\SYSTEM</Param>","<DataItem type=""System.XmlData"" time=""2023-11-28T11:49:56.7029657+05:30"" sourceHealthServiceId=""F57C2BCF-DE2B-DA7F-FD91-0649DF501A73""><EventData xmlns=""http://schemas.microsoft.com/win/2004/08/events/event""><Data Name=""RuleName"">-</Data><Data Name=""UtcTime"">2023-11-28 06:19:54.876</Data><Data Name=""ProcessGuid"">{8CAD0A01-855D-6565-BD00-000000001400}</Data><Data Name=""ProcessId"">4316</Data><Data Name=""QueryName"">gcs.prod.monitoring.core.windows.net</Data><Data Name=""QueryStatus"">0</Data><Data Name=""QueryResults"">type:  5 warmpath-prod-nested.trafficmanager.net;::ffff:20.42.65.222;</Data><Data Name=""Image"">C:\Packages\Plugins\Microsoft.Azure.Geneva.GenevaMonitoring\2.41.0.3\Monitoring\Agent\MonAgentManager.exe</Data><Data Name=""User"">NT AUTHORITY\SYSTEM</Data></EventData></DataItem>",22,"Dns query: RuleName: - UtcTime: 2023-11-28 06:19:54.876 ProcessGuid: {8CAD0A01-855D-6565-BD00-000000001400} ProcessId: 4316 QueryName: gcs.prod.monitoring.core.windows.net QueryStatus: 0 QueryResults: type:  5 warmpath-prod-nested.trafficmanager.net;::ffff:20.42.65.222; Image: C:\Packages\Plugins\Microsoft.Azure.Geneva.GenevaMonitoring\2.41.0.3\Monitoring\Agent\MonAgentManager.exe User: NT AUTHORITY\SYSTEM ","00000000-0000-0000-0000-000000000001","AOI-46bec743-35fa-4608-b7e2-2aa3c38a97c2",,,Event,"2936d032-8db6-11ee-8bc4-0022486e7bb2","/subscriptions/4383ac89-7cd1-48c1-8061-b0b3c5ccfd97/resourcegroups/varunlab-rg/providers/microsoft.compute/virtualmachines/windowseventlogs","4383ac89-7cd1-48c1-8061-b0b3c5ccfd97"
