"00000000-0000-0000-0000-000000000000",OpsManager,"4/29/2023, 1:07:14.806 PM","Microsoft-Windows-Security-Auditing",Security,"DC1.kustoworks.com",12804,0,LogAlways,,4702,"AOI-00000000-0000-0000-0000-000000000000","N/A",1,0,0x8020000000000000,"{595d232f-053c-41a3-ab7a-b2c4ec9d2969}",728,4436,6810101,"{""SubjectUserSid"":""S-1-5-20"",""SubjectUserName"":""DC1$"",""SubjectDomainName"":""KUSTOWORKS"",""SubjectLogonId"":""0x3e4"",""TaskName"":""\\Microsoft\\Windows\\SoftwareProtectionPlatform\\SvcRestartTask"",""TaskContentNew"":""<?xml version=\""1.0\"" encoding=\""UTF-16\""?> <Task version=\""1.6\"" xmlns=\""http://schemas.microsoft.com/windows/2004/02/mit/task\"">   <RegistrationInfo>     <Source>$(@%systemroot%\\system32\\sppc.dll,-200)</Source>     <Author>$(@%systemroot%\\system32\\sppc.dll,-200)</Author>     <Version>1.0</Version>     <Description>$(@%systemroot%\\system32\\sppc.dll,-201)</Description>     <URI>\\Microsoft\\Windows\\SoftwareProtectionPlatform\\SvcRestartTask</URI>     <SecurityDescriptor>D:P(A;;FA;;;SY)(A;;FA;;;BA)(A;;FA;;;S-1-5-80-123231216-2592883651-3715271367-3753151631-4175906628)(A;;FR;;;S-1-5-87-2912274048-3994893941-1669128114-1310430903-1263774323)</SecurityDescriptor>   </RegistrationInfo>   <Triggers>     <CalendarTrigger>       <StartBoundary>2023-04-30T13:06:14Z</StartBoundary>       <Enabled>true</Enabled>       <ScheduleByDay>         <DaysInterval>1</DaysInterval>       </ScheduleByDay>     </CalendarTrigger>   </Triggers>   <Principals>     <Principal id=\""NetworkService\"">       <UserId>S-1-5-20</UserId>       <RunLevel>LeastPrivilege</RunLevel>     </Principal>   </Principals>   <Settings>     <MultipleInstancesPolicy>IgnoreNew</MultipleInstancesPolicy>     <DisallowStartIfOnBatteries>true</DisallowStartIfOnBatteries>     <StopIfGoingOnBatteries>true</StopIfGoingOnBatteries>     <AllowHardTerminate>false</AllowHardTerminate>     <StartWhenAvailable>true</StartWhenAvailable>     <RunOnlyIfNetworkAvailable>false</RunOnlyIfNetworkAvailable>     <IdleSettings>       <StopOnIdleEnd>true</StopOnIdleEnd>       <RestartOnIdle>false</RestartOnIdle>     </IdleSettings>     <AllowStartOnDemand>true</AllowStartOnDemand>     <Enabled>true</Enabled>     <Hidden>true</Hidden>     <RunOnlyIfIdle>false</RunOnlyIfIdle>     <DisallowStartOnRemoteAppSession>false</DisallowStartOnRemoteAppSession>     <UseUnifiedSchedulingEngine>true</UseUnifiedSchedulingEngine>     <WakeToRun>false</WakeToRun>     <ExecutionTimeLimit>PT0S</ExecutionTimeLimit>     <Priority>7</Priority>     <RestartOnFailure>       <Interval>PT1M</Interval>       <Count>3</Count>     </RestartOnFailure>   </Settings>   <Actions Context=\""NetworkService\"">     <ComHandler>       <ClassId>{B1AEBB5D-EAD9-4476-B375-9C3ED9F32AFC}</ClassId>       <Data><![CDATA[timer]]></Data>     </ComHandler>   </Actions> </Task>"",""ClientProcessStartKey"":""15762598695796773"",""ClientProcessId"":""1636"",""ParentProcessId"":""720"",""RpcCallClientLocality"":""0"",""FQDN"":""DC1.kustoworks.com""}",,"b6e34ebb-bc90-4c30-9e7b-8a9feae2eec1",,WindowsEvent,"/subscriptions/00000000-0000-0000-0000-000000000000/resourcegroups/rg-sentinel/providers/microsoft.hybridcompute/machines/wef1"
"00000000-0000-0000-0000-000000000000",OpsManager,"4/29/2023, 1:12:40.875 PM","Microsoft-Windows-Security-Auditing",Security,"DC1.kustoworks.com",12804,0,LogAlways,,4702,"AOI-00000000-0000-0000-0000-000000000000","N/A",1,0,0x8020000000000000,"{b192b4c4-c366-4a10-be34-2528067214f6}",728,792,6906042,"{""SubjectUserSid"":""S-1-5-20"",""SubjectUserName"":""DC1$"",""SubjectDomainName"":""KUSTOWORKS"",""SubjectLogonId"":""0x3e4"",""TaskName"":""\\Microsoft\\Windows\\SoftwareProtectionPlatform\\SvcRestartTask"",""TaskContentNew"":""<?xml version=\""1.0\"" encoding=\""UTF-16\""?> <Task version=\""1.6\"" xmlns=\""http://schemas.microsoft.com/windows/2004/02/mit/task\"">   <RegistrationInfo>     <Source>$(@%systemroot%\\system32\\sppc.dll,-200)</Source>     <Author>$(@%systemroot%\\system32\\sppc.dll,-200)</Author>     <Version>1.0</Version>     <Description>$(@%systemroot%\\system32\\sppc.dll,-201)</Description>     <URI>\\Microsoft\\Windows\\SoftwareProtectionPlatform\\SvcRestartTask</URI>     <SecurityDescriptor>D:P(A;;FA;;;SY)(A;;FA;;;BA)(A;;FA;;;S-1-5-80-123231216-2592883651-3715271367-3753151631-4175906628)(A;;FR;;;S-1-5-87-2912274048-3994893941-1669128114-1310430903-1263774323)</SecurityDescriptor>   </RegistrationInfo>   <Triggers>     <CalendarTrigger>       <StartBoundary>2023-04-30T13:11:40Z</StartBoundary>       <Enabled>true</Enabled>       <ScheduleByDay>         <DaysInterval>1</DaysInterval>       </ScheduleByDay>     </CalendarTrigger>   </Triggers>   <Principals>     <Principal id=\""NetworkService\"">       <UserId>S-1-5-20</UserId>       <RunLevel>LeastPrivilege</RunLevel>     </Principal>   </Principals>   <Settings>     <MultipleInstancesPolicy>IgnoreNew</MultipleInstancesPolicy>     <DisallowStartIfOnBatteries>true</DisallowStartIfOnBatteries>     <StopIfGoingOnBatteries>true</StopIfGoingOnBatteries>     <AllowHardTerminate>false</AllowHardTerminate>     <StartWhenAvailable>true</StartWhenAvailable>     <RunOnlyIfNetworkAvailable>false</RunOnlyIfNetworkAvailable>     <IdleSettings>       <StopOnIdleEnd>true</StopOnIdleEnd>       <RestartOnIdle>false</RestartOnIdle>     </IdleSettings>     <AllowStartOnDemand>true</AllowStartOnDemand>     <Enabled>true</Enabled>     <Hidden>true</Hidden>     <RunOnlyIfIdle>false</RunOnlyIfIdle>     <DisallowStartOnRemoteAppSession>false</DisallowStartOnRemoteAppSession>     <UseUnifiedSchedulingEngine>true</UseUnifiedSchedulingEngine>     <WakeToRun>false</WakeToRun>     <ExecutionTimeLimit>PT0S</ExecutionTimeLimit>     <Priority>7</Priority>     <RestartOnFailure>       <Interval>PT1M</Interval>       <Count>3</Count>     </RestartOnFailure>   </Settings>   <Actions Context=\""NetworkService\"">     <ComHandler>       <ClassId>{B1AEBB5D-EAD9-4476-B375-9C3ED9F32AFC}</ClassId>       <Data><![CDATA[timer]]></Data>     </ComHandler>   </Actions> </Task>"",""ClientProcessStartKey"":""15762598695796968"",""ClientProcessId"":""4336"",""ParentProcessId"":""720"",""RpcCallClientLocality"":""0"",""FQDN"":""DC1.kustoworks.com""}",,"b6e34ebb-bc90-4c30-9e7b-8a9feae2eec1",,WindowsEvent,"/subscriptions/00000000-0000-0000-0000-000000000000/resourcegroups/rg-sentinel/providers/microsoft.hybridcompute/machines/wef1"
"00000000-0000-0000-0000-000000000000",OpsManager,"4/29/2023, 1:13:18.788 PM","Microsoft-Windows-Security-Auditing",Security,"DC1.kustoworks.com",12804,0,LogAlways,,4702,"AOI-00000000-0000-0000-0000-000000000000","N/A",1,0,0x8020000000000000,"{b08a89a5-37de-4930-a6ee-d6d2d9771015}",728,784,6906084,"{""SubjectUserSid"":""S-1-5-18"",""SubjectUserName"":""DC1$"",""SubjectDomainName"":""KUSTOWORKS"",""SubjectLogonId"":""0x3e7"",""TaskName"":""\\Microsoft\\Windows\\Data Integrity Scan\\Data Integrity Check And Scan"",""TaskContentNew"":""<?xml version=\""1.0\"" encoding=\""UTF-16\""?> <Task version=\""1.6\"" xmlns=\""http://schemas.microsoft.com/windows/2004/02/mit/task\"">   <RegistrationInfo>     <Source>$(@%systemroot%\\system32\\discan.dll,-601)</Source>     <Author>$(@%systemroot%\\system32\\discan.dll,-600)</Author>     <Description>$(@%systemroot%\\system32\\discan.dll,-602)</Description>     <URI>\\Microsoft\\Windows\\Data Integrity Scan\\Data Integrity Check And Scan</URI>     <SecurityDescriptor>D:AI(A;;FA;;;BA)(A;;FA;;;SY)(A;;FRFX;;;LS)(A;;FR;;;AU)</SecurityDescriptor>   </RegistrationInfo>   <Triggers>     <CalendarTrigger id=\""Init\"">       <StartBoundary>2011-01-01T23:00:00</StartBoundary>       <Enabled>true</Enabled>       <RandomDelay>PT1H</RandomDelay>       <ScheduleByDay>         <DaysInterval>1</DaysInterval>       </ScheduleByDay>     </CalendarTrigger>     <BootTrigger id=\""Resume\"">       <Enabled>true</Enabled>       <Delay>PT1H</Delay>     </BootTrigger>   </Triggers>   <Principals>     <Principal id=\""LocalSystem\"">       <UserId>S-1-5-18</UserId>       <RunLevel>HighestAvailable</RunLevel>       <LogonType>InteractiveToken</LogonType>     </Principal>   </Principals>   <Settings>     <MultipleInstancesPolicy>IgnoreNew</MultipleInstancesPolicy>     <DisallowStartIfOnBatteries>true</DisallowStartIfOnBatteries>     <StopIfGoingOnBatteries>true</StopIfGoingOnBatteries>     <AllowHardTerminate>true</AllowHardTerminate>     <StartWhenAvailable>true</StartWhenAvailable>     <RunOnlyIfNetworkAvailable>false</RunOnlyIfNetworkAvailable>     <IdleSettings>       <StopOnIdleEnd>false</StopOnIdleEnd>       <RestartOnIdle>false</RestartOnIdle>     </IdleSettings>     <AllowStartOnDemand>true</AllowStartOnDemand>     <Enabled>true</Enabled>     <Hidden>false</Hidden>     <RunOnlyIfIdle>false</RunOnlyIfIdle>     <DisallowStartOnRemoteAppSession>false</DisallowStartOnRemoteAppSession>     <UseUnifiedSchedulingEngine>true</UseUnifiedSchedulingEngine>     <WakeToRun>false</WakeToRun>     <ExecutionTimeLimit>PT0S</ExecutionTimeLimit>     <Priority>7</Priority>   </Settings>   <Actions Context=\""LocalSystem\"">     <ComHandler>       <ClassId>{DCFD3EA8-D960-4719-8206-490AE315F94F}</ClassId>     </ComHandler>   </Actions> </Task>"",""ClientProcessStartKey"":""15762598695796886"",""ClientProcessId"":""1320"",""ParentProcessId"":""1304"",""RpcCallClientLocality"":""0"",""FQDN"":""DC1.kustoworks.com""}",,"b6e34ebb-bc90-4c30-9e7b-8a9feae2eec1",,WindowsEvent,"/subscriptions/00000000-0000-0000-0000-000000000000/resourcegroups/rg-sentinel/providers/microsoft.hybridcompute/machines/wef1"
"00000000-0000-0000-0000-000000000000",OpsManager,"4/29/2023, 1:13:19.169 PM","Microsoft-Windows-Security-Auditing",Security,"DC1.kustoworks.com",12804,0,LogAlways,,4702,"AOI-00000000-0000-0000-0000-000000000000","N/A",1,0,0x8020000000000000,"{d0b8b2ad-2709-4eb3-80f1-98746b076f03}",728,784,6906085,"{""SubjectUserSid"":""S-1-5-18"",""SubjectUserName"":""DC1$"",""SubjectDomainName"":""KUSTOWORKS"",""SubjectLogonId"":""0x3e7"",""TaskName"":""\\Microsoft\\Windows\\Data Integrity Scan\\Data Integrity Check And Scan"",""TaskContentNew"":""<?xml version=\""1.0\"" encoding=\""UTF-16\""?> <Task version=\""1.6\"" xmlns=\""http://schemas.microsoft.com/windows/2004/02/mit/task\"">   <RegistrationInfo>     <Source>$(@%systemroot%\\system32\\discan.dll,-601)</Source>     <Author>$(@%systemroot%\\system32\\discan.dll,-600)</Author>     <Description>$(@%systemroot%\\system32\\discan.dll,-602)</Description>     <URI>\\Microsoft\\Windows\\Data Integrity Scan\\Data Integrity Check And Scan</URI>     <SecurityDescriptor>D:AI(A;;FA;;;BA)(A;;FA;;;SY)(A;;FRFX;;;LS)(A;;FR;;;AU)</SecurityDescriptor>   </RegistrationInfo>   <Triggers>     <CalendarTrigger id=\""Init\"">       <StartBoundary>2011-01-01T23:00:00</StartBoundary>       <Enabled>true</Enabled>       <RandomDelay>PT1H</RandomDelay>       <ScheduleByDay>         <DaysInterval>1</DaysInterval>       </ScheduleByDay>     </CalendarTrigger>     <BootTrigger id=\""Resume\"">       <Enabled>false</Enabled>       <Delay>PT1H</Delay>     </BootTrigger>   </Triggers>   <Principals>     <Principal id=\""LocalSystem\"">       <UserId>S-1-5-18</UserId>       <RunLevel>HighestAvailable</RunLevel>       <LogonType>InteractiveToken</LogonType>     </Principal>   </Principals>   <Settings>     <MultipleInstancesPolicy>IgnoreNew</MultipleInstancesPolicy>     <DisallowStartIfOnBatteries>true</DisallowStartIfOnBatteries>     <StopIfGoingOnBatteries>true</StopIfGoingOnBatteries>     <AllowHardTerminate>true</AllowHardTerminate>     <StartWhenAvailable>true</StartWhenAvailable>     <RunOnlyIfNetworkAvailable>false</RunOnlyIfNetworkAvailable>     <IdleSettings>       <StopOnIdleEnd>false</StopOnIdleEnd>       <RestartOnIdle>false</RestartOnIdle>     </IdleSettings>     <AllowStartOnDemand>true</AllowStartOnDemand>     <Enabled>true</Enabled>     <Hidden>false</Hidden>     <RunOnlyIfIdle>false</RunOnlyIfIdle>     <DisallowStartOnRemoteAppSession>false</DisallowStartOnRemoteAppSession>     <UseUnifiedSchedulingEngine>true</UseUnifiedSchedulingEngine>     <WakeToRun>false</WakeToRun>     <ExecutionTimeLimit>PT0S</ExecutionTimeLimit>     <Priority>7</Priority>   </Settings>   <Actions Context=\""LocalSystem\"">     <ComHandler>       <ClassId>{DCFD3EA8-D960-4719-8206-490AE315F94F}</ClassId>     </ComHandler>   </Actions> </Task>"",""ClientProcessStartKey"":""15762598695796886"",""ClientProcessId"":""1320"",""ParentProcessId"":""1304"",""RpcCallClientLocality"":""0"",""FQDN"":""DC1.kustoworks.com""}",,"b6e34ebb-bc90-4c30-9e7b-8a9feae2eec1",,WindowsEvent,"/subscriptions/00000000-0000-0000-0000-000000000000/resourcegroups/rg-sentinel/providers/microsoft.hybridcompute/machines/wef1"
"00000000-0000-0000-0000-000000000000",OpsManager,"4/29/2023, 1:14:12.911 PM","Microsoft-Windows-Security-Auditing",Security,"DC1.kustoworks.com",12804,0,LogAlways,,4702,"AOI-00000000-0000-0000-0000-000000000000","N/A",1,0,0x8020000000000000,"{9a8661df-670a-463e-bb67-b16a1c2263fd}",728,4432,6906374,"{""SubjectUserSid"":""S-1-5-20"",""SubjectUserName"":""DC1$"",""SubjectDomainName"":""KUSTOWORKS"",""SubjectLogonId"":""0x3e4"",""TaskName"":""\\Microsoft\\Windows\\SoftwareProtectionPlatform\\SvcRestartTask"",""TaskContentNew"":""<?xml version=\""1.0\"" encoding=\""UTF-16\""?> <Task version=\""1.6\"" xmlns=\""http://schemas.microsoft.com/windows/2004/02/mit/task\"">   <RegistrationInfo>     <Source>$(@%systemroot%\\system32\\sppc.dll,-200)</Source>     <Author>$(@%systemroot%\\system32\\sppc.dll,-200)</Author>     <Version>1.0</Version>     <Description>$(@%systemroot%\\system32\\sppc.dll,-201)</Description>     <URI>\\Microsoft\\Windows\\SoftwareProtectionPlatform\\SvcRestartTask</URI>     <SecurityDescriptor>D:P(A;;FA;;;SY)(A;;FA;;;BA)(A;;FA;;;S-1-5-80-123231216-2592883651-3715271367-3753151631-4175906628)(A;;FR;;;S-1-5-87-2912274048-3994893941-1669128114-1310430903-1263774323)</SecurityDescriptor>   </RegistrationInfo>   <Triggers>     <CalendarTrigger>       <StartBoundary>2023-04-30T13:11:12Z</StartBoundary>       <Enabled>true</Enabled>       <ScheduleByDay>         <DaysInterval>1</DaysInterval>       </ScheduleByDay>     </CalendarTrigger>   </Triggers>   <Principals>     <Principal id=\""NetworkService\"">       <UserId>S-1-5-20</UserId>       <RunLevel>LeastPrivilege</RunLevel>     </Principal>   </Principals>   <Settings>     <MultipleInstancesPolicy>IgnoreNew</MultipleInstancesPolicy>     <DisallowStartIfOnBatteries>true</DisallowStartIfOnBatteries>     <StopIfGoingOnBatteries>true</StopIfGoingOnBatteries>     <AllowHardTerminate>false</AllowHardTerminate>     <StartWhenAvailable>true</StartWhenAvailable>     <RunOnlyIfNetworkAvailable>false</RunOnlyIfNetworkAvailable>     <IdleSettings>       <StopOnIdleEnd>true</StopOnIdleEnd>       <RestartOnIdle>false</RestartOnIdle>     </IdleSettings>     <AllowStartOnDemand>true</AllowStartOnDemand>     <Enabled>true</Enabled>     <Hidden>true</Hidden>     <RunOnlyIfIdle>false</RunOnlyIfIdle>     <DisallowStartOnRemoteAppSession>false</DisallowStartOnRemoteAppSession>     <UseUnifiedSchedulingEngine>true</UseUnifiedSchedulingEngine>     <WakeToRun>false</WakeToRun>     <ExecutionTimeLimit>PT0S</ExecutionTimeLimit>     <Priority>7</Priority>     <RestartOnFailure>       <Interval>PT1M</Interval>       <Count>3</Count>     </RestartOnFailure>   </Settings>   <Actions Context=\""NetworkService\"">     <ComHandler>       <ClassId>{B1AEBB5D-EAD9-4476-B375-9C3ED9F32AFC}</ClassId>       <Data><![CDATA[timer]]></Data>     </ComHandler>   </Actions> </Task>"",""ClientProcessStartKey"":""15762598695797021"",""ClientProcessId"":""4284"",""ParentProcessId"":""720"",""RpcCallClientLocality"":""0"",""FQDN"":""DC1.kustoworks.com""}",,"b6e34ebb-bc90-4c30-9e7b-8a9feae2eec1",,WindowsEvent,"/subscriptions/00000000-0000-0000-0000-000000000000/resourcegroups/rg-sentinel/providers/microsoft.hybridcompute/machines/wef1"
"00000000-0000-0000-0000-000000000000",OpsManager,"4/29/2023, 1:15:03.142 PM","Microsoft-Windows-Security-Auditing",Security,"DC1.kustoworks.com",12804,0,LogAlways,,4702,"AOI-00000000-0000-0000-0000-000000000000","N/A",1,0,0x8020000000000000,"{3d90c32d-e0be-4a4e-b745-296b2d37a15d}",728,784,6906416,"{""SubjectUserSid"":""S-1-5-20"",""SubjectUserName"":""DC1$"",""SubjectDomainName"":""KUSTOWORKS"",""SubjectLogonId"":""0x3e4"",""TaskName"":""\\Microsoft\\Windows\\SoftwareProtectionPlatform\\SvcRestartTask"",""TaskContentNew"":""<?xml version=\""1.0\"" encoding=\""UTF-16\""?> <Task version=\""1.6\"" xmlns=\""http://schemas.microsoft.com/windows/2004/02/mit/task\"">   <RegistrationInfo>     <Source>$(@%systemroot%\\system32\\sppc.dll,-200)</Source>     <Author>$(@%systemroot%\\system32\\sppc.dll,-200)</Author>     <Version>1.0</Version>     <Description>$(@%systemroot%\\system32\\sppc.dll,-201)</Description>     <URI>\\Microsoft\\Windows\\SoftwareProtectionPlatform\\SvcRestartTask</URI>     <SecurityDescriptor>D:P(A;;FA;;;SY)(A;;FA;;;BA)(A;;FA;;;S-1-5-80-123231216-2592883651-3715271367-3753151631-4175906628)(A;;FR;;;S-1-5-87-2912274048-3994893941-1669128114-1310430903-1263774323)</SecurityDescriptor>   </RegistrationInfo>   <Triggers>     <CalendarTrigger>       <StartBoundary>2023-04-30T13:11:03Z</StartBoundary>       <Enabled>true</Enabled>       <ScheduleByDay>         <DaysInterval>1</DaysInterval>       </ScheduleByDay>     </CalendarTrigger>   </Triggers>   <Principals>     <Principal id=\""NetworkService\"">       <UserId>S-1-5-20</UserId>       <RunLevel>LeastPrivilege</RunLevel>     </Principal>   </Principals>   <Settings>     <MultipleInstancesPolicy>IgnoreNew</MultipleInstancesPolicy>     <DisallowStartIfOnBatteries>true</DisallowStartIfOnBatteries>     <StopIfGoingOnBatteries>true</StopIfGoingOnBatteries>     <AllowHardTerminate>false</AllowHardTerminate>     <StartWhenAvailable>true</StartWhenAvailable>     <RunOnlyIfNetworkAvailable>false</RunOnlyIfNetworkAvailable>     <IdleSettings>       <StopOnIdleEnd>true</StopOnIdleEnd>       <RestartOnIdle>false</RestartOnIdle>     </IdleSettings>     <AllowStartOnDemand>true</AllowStartOnDemand>     <Enabled>true</Enabled>     <Hidden>true</Hidden>     <RunOnlyIfIdle>false</RunOnlyIfIdle>     <DisallowStartOnRemoteAppSession>false</DisallowStartOnRemoteAppSession>     <UseUnifiedSchedulingEngine>true</UseUnifiedSchedulingEngine>     <WakeToRun>false</WakeToRun>     <ExecutionTimeLimit>PT0S</ExecutionTimeLimit>     <Priority>7</Priority>     <RestartOnFailure>       <Interval>PT1M</Interval>       <Count>3</Count>     </RestartOnFailure>   </Settings>   <Actions Context=\""NetworkService\"">     <ComHandler>       <ClassId>{B1AEBB5D-EAD9-4476-B375-9C3ED9F32AFC}</ClassId>       <Data><![CDATA[timer]]></Data>     </ComHandler>   </Actions> </Task>"",""ClientProcessStartKey"":""15762598695797041"",""ClientProcessId"":""6600"",""ParentProcessId"":""720"",""RpcCallClientLocality"":""0"",""FQDN"":""DC1.kustoworks.com""}",,"b6e34ebb-bc90-4c30-9e7b-8a9feae2eec1",,WindowsEvent,"/subscriptions/00000000-0000-0000-0000-000000000000/resourcegroups/rg-sentinel/providers/microsoft.hybridcompute/machines/wef1"
"00000000-0000-0000-0000-000000000000",OpsManager,"4/29/2023, 1:15:57.760 PM","Microsoft-Windows-Security-Auditing",Security,"DC1.kustoworks.com",12804,0,LogAlways,,4702,"AOI-00000000-0000-0000-0000-000000000000","N/A",1,0,0x8020000000000000,"{b649474a-97fc-491c-a32f-9a5a7e990043}",728,4432,6906451,"{""SubjectUserSid"":""S-1-5-18"",""SubjectUserName"":""DC1$"",""SubjectDomainName"":""KUSTOWORKS"",""SubjectLogonId"":""0x3e7"",""TaskName"":""\\Microsoft\\Windows\\Device Information\\Device"",""TaskContentNew"":""<?xml version=\""1.0\"" encoding=\""UTF-16\""?> <Task version=\""1.6\"" xmlns=\""http://schemas.microsoft.com/windows/2004/02/mit/task\"">   <RegistrationInfo>     <Version>1.0</Version>     <URI>\\Microsoft\\Windows\\Device Information\\Device</URI>     <SecurityDescriptor>D:(A;;GA;;;BA)(A;;GA;;;SY)(A;;FRFX;;;LS)</SecurityDescriptor>   </RegistrationInfo>   <Triggers>     <TimeTrigger>       <Repetition>         <Interval>P1D</Interval>         <StopAtDurationEnd>false</StopAtDurationEnd>       </Repetition>       <StartBoundary>2008-09-01T03:00:00</StartBoundary>       <Enabled>true</Enabled>       <RandomDelay>PT2H</RandomDelay>     </TimeTrigger>     <WnfStateChangeTrigger id=\""WNF_DEP_OOBE_COMPLETE\"">       <Enabled>false</Enabled>       <StateName>750CBCA3290B9641</StateName>       <Data>01</Data>       <DataOffset>0</DataOffset>     </WnfStateChangeTrigger>   </Triggers>   <Principals>     <Principal id=\""LocalSystem\"">       <UserId>S-1-5-18</UserId>       <RunLevel>LeastPrivilege</RunLevel>     </Principal>   </Principals>   <Settings>     <MultipleInstancesPolicy>IgnoreNew</MultipleInstancesPolicy>     <DisallowStartIfOnBatteries>false</DisallowStartIfOnBatteries>     <StopIfGoingOnBatteries>false</StopIfGoingOnBatteries>     <AllowHardTerminate>true</AllowHardTerminate>     <StartWhenAvailable>true</StartWhenAvailable>     <RunOnlyIfNetworkAvailable>false</RunOnlyIfNetworkAvailable>     <IdleSettings>       <StopOnIdleEnd>true</StopOnIdleEnd>       <RestartOnIdle>false</RestartOnIdle>     </IdleSettings>     <AllowStartOnDemand>true</AllowStartOnDemand>     <Enabled>true</Enabled>     <Hidden>false</Hidden>     <RunOnlyIfIdle>false</RunOnlyIfIdle>     <DisallowStartOnRemoteAppSession>false</DisallowStartOnRemoteAppSession>     <UseUnifiedSchedulingEngine>true</UseUnifiedSchedulingEngine>     <WakeToRun>false</WakeToRun>     <ExecutionTimeLimit>P4D</ExecutionTimeLimit>     <Priority>7</Priority>   </Settings>   <Actions Context=\""LocalSystem\"">     <Exec>       <Command>%windir%\\system32\\devicecensus.exe</Command>       <Arguments>SystemCxt</Arguments>     </Exec>   </Actions> </Task>"",""ClientProcessStartKey"":""15762598695797005"",""ClientProcessId"":""7824"",""ParentProcessId"":""1304"",""RpcCallClientLocality"":""0"",""FQDN"":""DC1.kustoworks.com""}",,"b6e34ebb-bc90-4c30-9e7b-8a9feae2eec1",,WindowsEvent,"/subscriptions/00000000-0000-0000-0000-000000000000/resourcegroups/rg-sentinel/providers/microsoft.hybridcompute/machines/wef1"
"00000000-0000-0000-0000-000000000000",OpsManager,"4/29/2023, 1:15:57.864 PM","Microsoft-Windows-Security-Auditing",Security,"DC1.kustoworks.com",12804,0,LogAlways,,4702,"AOI-00000000-0000-0000-0000-000000000000","N/A",1,0,0x8020000000000000,"{795d15a9-e790-45b7-be11-ae11f22c88c1}",728,4432,6906452,"{""SubjectUserSid"":""S-1-5-18"",""SubjectUserName"":""DC1$"",""SubjectDomainName"":""KUSTOWORKS"",""SubjectLogonId"":""0x3e7"",""TaskName"":""\\Microsoft\\Windows\\Device Information\\Device"",""TaskContentNew"":""<?xml version=\""1.0\"" encoding=\""UTF-16\""?> <Task version=\""1.6\"" xmlns=\""http://schemas.microsoft.com/windows/2004/02/mit/task\"">   <RegistrationInfo>     <Version>1.0</Version>     <URI>\\Microsoft\\Windows\\Device Information\\Device</URI>     <SecurityDescriptor>D:(A;;GA;;;BA)(A;;GA;;;SY)(A;;FRFX;;;LS)</SecurityDescriptor>   </RegistrationInfo>   <Triggers>     <TimeTrigger>       <Repetition>         <Interval>P1D</Interval>         <StopAtDurationEnd>false</StopAtDurationEnd>       </Repetition>       <StartBoundary>2008-09-01T03:00:00</StartBoundary>       <Enabled>true</Enabled>       <RandomDelay>PT2H</RandomDelay>     </TimeTrigger>     <WnfStateChangeTrigger id=\""WNF_DEP_OOBE_COMPLETE\"">       <Enabled>false</Enabled>       <StateName>750CBCA3290B9641</StateName>       <Data>01</Data>       <DataOffset>0</DataOffset>     </WnfStateChangeTrigger>   </Triggers>   <Principals>     <Principal id=\""LocalSystem\"">       <UserId>S-1-5-18</UserId>       <RunLevel>LeastPrivilege</RunLevel>     </Principal>   </Principals>   <Settings>     <MultipleInstancesPolicy>IgnoreNew</MultipleInstancesPolicy>     <DisallowStartIfOnBatteries>false</DisallowStartIfOnBatteries>     <StopIfGoingOnBatteries>false</StopIfGoingOnBatteries>     <AllowHardTerminate>true</AllowHardTerminate>     <StartWhenAvailable>true</StartWhenAvailable>     <RunOnlyIfNetworkAvailable>false</RunOnlyIfNetworkAvailable>     <IdleSettings>       <StopOnIdleEnd>true</StopOnIdleEnd>       <RestartOnIdle>false</RestartOnIdle>     </IdleSettings>     <AllowStartOnDemand>true</AllowStartOnDemand>     <Enabled>true</Enabled>     <Hidden>false</Hidden>     <RunOnlyIfIdle>false</RunOnlyIfIdle>     <DisallowStartOnRemoteAppSession>false</DisallowStartOnRemoteAppSession>     <UseUnifiedSchedulingEngine>true</UseUnifiedSchedulingEngine>     <WakeToRun>false</WakeToRun>     <ExecutionTimeLimit>P4D</ExecutionTimeLimit>     <Priority>7</Priority>   </Settings>   <Actions Context=\""LocalSystem\"">     <Exec>       <Command>%windir%\\system32\\devicecensus.exe</Command>       <Arguments>SystemCxt</Arguments>     </Exec>   </Actions> </Task>"",""ClientProcessStartKey"":""15762598695797005"",""ClientProcessId"":""7824"",""ParentProcessId"":""1304"",""RpcCallClientLocality"":""0"",""FQDN"":""DC1.kustoworks.com""}",,"b6e34ebb-bc90-4c30-9e7b-8a9feae2eec1",,WindowsEvent,"/subscriptions/00000000-0000-0000-0000-000000000000/resourcegroups/rg-sentinel/providers/microsoft.hybridcompute/machines/wef1"
"00000000-0000-0000-0000-000000000000",OpsManager,"4/29/2023, 1:15:59.143 PM","Microsoft-Windows-Security-Auditing",Security,"DC1.kustoworks.com",12804,0,LogAlways,,4702,"AOI-00000000-0000-0000-0000-000000000000","N/A",1,0,0x8020000000000000,"{0ea71597-c9c5-4db1-993d-74ef01bf3fa9}",728,784,6906456,"{""SubjectUserSid"":""S-1-5-18"",""SubjectUserName"":""DC1$"",""SubjectDomainName"":""KUSTOWORKS"",""SubjectLogonId"":""0x3e7"",""TaskName"":""\\Microsoft\\Windows\\UpdateOrchestrator\\Reboot_AC"",""TaskContentNew"":""<?xml version=\""1.0\"" encoding=\""UTF-16\""?> <Task version=\""1.2\"" xmlns=\""http://schemas.microsoft.com/windows/2004/02/mit/task\"">   <RegistrationInfo>     <URI>\\Microsoft\\Windows\\UpdateOrchestrator\\Reboot_AC</URI>   </RegistrationInfo>   <Triggers>     <TimeTrigger>       <StartBoundary>2023-04-30T16:15:59.068Z</StartBoundary>       <Enabled>true</Enabled>     </TimeTrigger>   </Triggers>   <Settings>     <MultipleInstancesPolicy>IgnoreNew</MultipleInstancesPolicy>     <DisallowStartIfOnBatteries>true</DisallowStartIfOnBatteries>     <StopIfGoingOnBatteries>true</StopIfGoingOnBatteries>     <AllowHardTerminate>true</AllowHardTerminate>     <StartWhenAvailable>true</StartWhenAvailable>     <RunOnlyIfNetworkAvailable>false</RunOnlyIfNetworkAvailable>     <IdleSettings>       <Duration>PT10M</Duration>       <WaitTimeout>PT1H</WaitTimeout>       <StopOnIdleEnd>true</StopOnIdleEnd>       <RestartOnIdle>false</RestartOnIdle>     </IdleSettings>     <AllowStartOnDemand>true</AllowStartOnDemand>     <Enabled>true</Enabled>     <Hidden>false</Hidden>     <RunOnlyIfIdle>false</RunOnlyIfIdle>     <WakeToRun>false</WakeToRun>     <ExecutionTimeLimit>PT72H</ExecutionTimeLimit>     <Priority>7</Priority>   </Settings>   <Actions Context=\""Author\"">     <Exec>       <Command>%systemroot%\\system32\\MusNotification.exe</Command>       <Arguments>Display</Arguments>     </Exec>   </Actions>   <Principals>     <Principal id=\""Author\"">       <UserId>S-1-5-18</UserId>       <RunLevel>LeastPrivilege</RunLevel>     </Principal>   </Principals> </Task>"",""ClientProcessStartKey"":""15762598695796761"",""ClientProcessId"":""1304"",""ParentProcessId"":""720"",""RpcCallClientLocality"":""0"",""FQDN"":""DC1.kustoworks.com""}",,"b6e34ebb-bc90-4c30-9e7b-8a9feae2eec1",,WindowsEvent,"/subscriptions/00000000-0000-0000-0000-000000000000/resourcegroups/rg-sentinel/providers/microsoft.hybridcompute/machines/wef1"
"00000000-0000-0000-0000-000000000000",OpsManager,"4/29/2023, 1:15:59.229 PM","Microsoft-Windows-Security-Auditing",Security,"DC1.kustoworks.com",12804,0,LogAlways,,4702,"AOI-00000000-0000-0000-0000-000000000000","N/A",1,0,0x8020000000000000,"{a3c51d65-b178-4f1c-9e0a-c98000c61cba}",728,784,6906458,"{""SubjectUserSid"":""S-1-5-18"",""SubjectUserName"":""DC1$"",""SubjectDomainName"":""KUSTOWORKS"",""SubjectLogonId"":""0x3e7"",""TaskName"":""\\Microsoft\\Windows\\Flighting\\OneSettings\\RefreshCache"",""TaskContentNew"":""<?xml version=\""1.0\"" encoding=\""UTF-16\""?> <Task version=\""1.6\"" xmlns=\""http://schemas.microsoft.com/windows/2004/02/mit/task\"">   <RegistrationInfo>     <Source>$(@%systemroot%\\system32\\wosc.dll,-602)</Source>     <Author>$(@%systemroot%\\system32\\wosc.dll,-601)</Author>     <Description>$(@%systemroot%\\system32\\wosc.dll,-603)</Description>     <URI>\\Microsoft\\Windows\\Flighting\\OneSettings\\RefreshCache</URI>     <SecurityDescriptor>D:P(A;;FA;;;SY)(A;;FA;;;BA)(A;;FRFX;;;AU)</SecurityDescriptor>   </RegistrationInfo>   <Triggers>     <TimeTrigger>       <Repetition>         <Interval>PT375M</Interval>         <StopAtDurationEnd>false</StopAtDurationEnd>       </Repetition>       <StartBoundary>2023-04-29T13:16:59.209Z</StartBoundary>       <Enabled>true</Enabled>       <RandomDelay>PT1H</RandomDelay>     </TimeTrigger>     <WnfStateChangeTrigger>       <Enabled>true</Enabled>       <StateName>7538BCA33A019502</StateName>     </WnfStateChangeTrigger>   </Triggers>   <Principals>     <Principal id=\""LocalSystem\"">       <UserId>S-1-5-18</UserId>       <RunLevel>LeastPrivilege</RunLevel>     </Principal>   </Principals>   <Settings>     <MultipleInstancesPolicy>IgnoreNew</MultipleInstancesPolicy>     <DisallowStartIfOnBatteries>false</DisallowStartIfOnBatteries>     <StopIfGoingOnBatteries>false</StopIfGoingOnBatteries>     <AllowHardTerminate>true</AllowHardTerminate>     <StartWhenAvailable>true</StartWhenAvailable>     <RunOnlyIfNetworkAvailable>true</RunOnlyIfNetworkAvailable>     <IdleSettings>       <StopOnIdleEnd>false</StopOnIdleEnd>       <RestartOnIdle>false</RestartOnIdle>     </IdleSettings>     <AllowStartOnDemand>true</AllowStartOnDemand>     <Enabled>true</Enabled>     <Hidden>false</Hidden>     <RunOnlyIfIdle>false</RunOnlyIfIdle>     <DisallowStartOnRemoteAppSession>false</DisallowStartOnRemoteAppSession>     <UseUnifiedSchedulingEngine>true</UseUnifiedSchedulingEngine>     <WakeToRun>false</WakeToRun>     <ExecutionTimeLimit>PT5M</ExecutionTimeLimit>     <Priority>7</Priority>   </Settings>   <Actions Context=\""LocalSystem\"">     <ComHandler>       <ClassId>{E07647F7-AED2-48D9-9720-939BC24A8A3C}</ClassId>     </ComHandler>   </Actions> </Task>"",""ClientProcessStartKey"":""15762598695796886"",""ClientProcessId"":""1320"",""ParentProcessId"":""1304"",""RpcCallClientLocality"":""0"",""FQDN"":""DC1.kustoworks.com""}",,"b6e34ebb-bc90-4c30-9e7b-8a9feae2eec1",,WindowsEvent,"/subscriptions/00000000-0000-0000-0000-000000000000/resourcegroups/rg-sentinel/providers/microsoft.hybridcompute/machines/wef1"
"00000000-0000-0000-0000-000000000000",OpsManager,"4/29/2023, 1:16:04.756 PM","Microsoft-Windows-Security-Auditing",Security,"DC1.kustoworks.com",12804,0,LogAlways,,4702,"AOI-00000000-0000-0000-0000-000000000000","N/A",1,0,0x8020000000000000,"{33c06fe4-c309-4da8-9757-1b9708b1dd45}",728,784,6906468,"{""SubjectUserSid"":""S-1-5-18"",""SubjectUserName"":""DC1$"",""SubjectDomainName"":""KUSTOWORKS"",""SubjectLogonId"":""0x3e7"",""TaskName"":""\\Microsoft\\Windows\\UpdateOrchestrator\\Reboot_AC"",""TaskContentNew"":""<?xml version=\""1.0\"" encoding=\""UTF-16\""?> <Task version=\""1.2\"" xmlns=\""http://schemas.microsoft.com/windows/2004/02/mit/task\"">   <RegistrationInfo>     <URI>\\Microsoft\\Windows\\UpdateOrchestrator\\Reboot_AC</URI>   </RegistrationInfo>   <Triggers>     <TimeTrigger>       <StartBoundary>2023-04-30T18:15:59+02:00</StartBoundary>       <Enabled>true</Enabled>     </TimeTrigger>   </Triggers>   <Principals>     <Principal id=\""Author\"">       <RunLevel>LeastPrivilege</RunLevel>       <UserId>S-1-5-18</UserId>     </Principal>   </Principals>   <Settings>     <MultipleInstancesPolicy>IgnoreNew</MultipleInstancesPolicy>     <DisallowStartIfOnBatteries>true</DisallowStartIfOnBatteries>     <StopIfGoingOnBatteries>true</StopIfGoingOnBatteries>     <AllowHardTerminate>true</AllowHardTerminate>     <StartWhenAvailable>true</StartWhenAvailable>     <RunOnlyIfNetworkAvailable>false</RunOnlyIfNetworkAvailable>     <IdleSettings>       <Duration>PT10M</Duration>       <WaitTimeout>PT1H</WaitTimeout>       <StopOnIdleEnd>true</StopOnIdleEnd>       <RestartOnIdle>false</RestartOnIdle>     </IdleSettings>     <AllowStartOnDemand>true</AllowStartOnDemand>     <Enabled>false</Enabled>     <Hidden>false</Hidden>     <RunOnlyIfIdle>false</RunOnlyIfIdle>     <WakeToRun>false</WakeToRun>     <ExecutionTimeLimit>PT72H</ExecutionTimeLimit>     <Priority>7</Priority>   </Settings>   <Actions Context=\""Author\"">     <Exec>       <Command>%systemroot%\\system32\\MusNotification.exe</Command>       <Arguments>Display</Arguments>     </Exec>   </Actions> </Task>"",""ClientProcessStartKey"":""15762598695796761"",""ClientProcessId"":""1304"",""ParentProcessId"":""720"",""RpcCallClientLocality"":""0"",""FQDN"":""DC1.kustoworks.com""}",,"b6e34ebb-bc90-4c30-9e7b-8a9feae2eec1",,WindowsEvent,"/subscriptions/00000000-0000-0000-0000-000000000000/resourcegroups/rg-sentinel/providers/microsoft.hybridcompute/machines/wef1"
"00000000-0000-0000-0000-000000000000",OpsManager,"4/29/2023, 1:16:28.865 PM","Microsoft-Windows-Security-Auditing",Security,"DC1.kustoworks.com",12804,0,LogAlways,,4702,"AOI-00000000-0000-0000-0000-000000000000","N/A",1,0,0x8020000000000000,"{7563391e-afe7-439b-ab4e-444147c84c4f}",728,3088,6906491,"{""SubjectUserSid"":""S-1-5-20"",""SubjectUserName"":""DC1$"",""SubjectDomainName"":""KUSTOWORKS"",""SubjectLogonId"":""0x3e4"",""TaskName"":""\\Microsoft\\Windows\\SoftwareProtectionPlatform\\SvcRestartTask"",""TaskContentNew"":""<?xml version=\""1.0\"" encoding=\""UTF-16\""?> <Task version=\""1.6\"" xmlns=\""http://schemas.microsoft.com/windows/2004/02/mit/task\"">   <RegistrationInfo>     <Source>$(@%systemroot%\\system32\\sppc.dll,-200)</Source>     <Author>$(@%systemroot%\\system32\\sppc.dll,-200)</Author>     <Version>1.0</Version>     <Description>$(@%systemroot%\\system32\\sppc.dll,-201)</Description>     <URI>\\Microsoft\\Windows\\SoftwareProtectionPlatform\\SvcRestartTask</URI>     <SecurityDescriptor>D:P(A;;FA;;;SY)(A;;FA;;;BA)(A;;FA;;;S-1-5-80-123231216-2592883651-3715271367-3753151631-4175906628)(A;;FR;;;S-1-5-87-2912274048-3994893941-1669128114-1310430903-1263774323)</SecurityDescriptor>   </RegistrationInfo>   <Triggers>     <CalendarTrigger>       <StartBoundary>2023-04-30T13:11:28Z</StartBoundary>       <Enabled>true</Enabled>       <ScheduleByDay>         <DaysInterval>1</DaysInterval>       </ScheduleByDay>     </CalendarTrigger>   </Triggers>   <Principals>     <Principal id=\""NetworkService\"">       <UserId>S-1-5-20</UserId>       <RunLevel>LeastPrivilege</RunLevel>     </Principal>   </Principals>   <Settings>     <MultipleInstancesPolicy>IgnoreNew</MultipleInstancesPolicy>     <DisallowStartIfOnBatteries>true</DisallowStartIfOnBatteries>     <StopIfGoingOnBatteries>true</StopIfGoingOnBatteries>     <AllowHardTerminate>false</AllowHardTerminate>     <StartWhenAvailable>true</StartWhenAvailable>     <RunOnlyIfNetworkAvailable>false</RunOnlyIfNetworkAvailable>     <IdleSettings>       <StopOnIdleEnd>true</StopOnIdleEnd>       <RestartOnIdle>false</RestartOnIdle>     </IdleSettings>     <AllowStartOnDemand>true</AllowStartOnDemand>     <Enabled>true</Enabled>     <Hidden>true</Hidden>     <RunOnlyIfIdle>false</RunOnlyIfIdle>     <DisallowStartOnRemoteAppSession>false</DisallowStartOnRemoteAppSession>     <UseUnifiedSchedulingEngine>true</UseUnifiedSchedulingEngine>     <WakeToRun>false</WakeToRun>     <ExecutionTimeLimit>PT0S</ExecutionTimeLimit>     <Priority>7</Priority>     <RestartOnFailure>       <Interval>PT1M</Interval>       <Count>3</Count>     </RestartOnFailure>   </Settings>   <Actions Context=\""NetworkService\"">     <ComHandler>       <ClassId>{B1AEBB5D-EAD9-4476-B375-9C3ED9F32AFC}</ClassId>       <Data><![CDATA[timer]]></Data>     </ComHandler>   </Actions> </Task>"",""ClientProcessStartKey"":""15762598695797058"",""ClientProcessId"":""5800"",""ParentProcessId"":""720"",""RpcCallClientLocality"":""0"",""FQDN"":""DC1.kustoworks.com""}",,"b6e34ebb-bc90-4c30-9e7b-8a9feae2eec1",,WindowsEvent,"/subscriptions/00000000-0000-0000-0000-000000000000/resourcegroups/rg-sentinel/providers/microsoft.hybridcompute/machines/wef1"
"00000000-0000-0000-0000-000000000000",OpsManager,"4/29/2023, 1:18:18.305 PM","Microsoft-Windows-Security-Auditing",Security,"DC1.kustoworks.com",12804,0,LogAlways,,4702,"AOI-00000000-0000-0000-0000-000000000000","N/A",1,0,0x8020000000000000,"{5a1c50fe-40de-4f0d-91f7-51aeea519ce9}",728,2964,7203376,"{""SubjectUserSid"":""S-1-5-20"",""SubjectUserName"":""DC1$"",""SubjectDomainName"":""KUSTOWORKS"",""SubjectLogonId"":""0x3e4"",""TaskName"":""\\Microsoft\\Windows\\SoftwareProtectionPlatform\\SvcRestartTask"",""TaskContentNew"":""<?xml version=\""1.0\"" encoding=\""UTF-16\""?> <Task version=\""1.6\"" xmlns=\""http://schemas.microsoft.com/windows/2004/02/mit/task\"">   <RegistrationInfo>     <Source>$(@%systemroot%\\system32\\sppc.dll,-200)</Source>     <Author>$(@%systemroot%\\system32\\sppc.dll,-200)</Author>     <Version>1.0</Version>     <Description>$(@%systemroot%\\system32\\sppc.dll,-201)</Description>     <URI>\\Microsoft\\Windows\\SoftwareProtectionPlatform\\SvcRestartTask</URI>     <SecurityDescriptor>D:P(A;;FA;;;SY)(A;;FA;;;BA)(A;;FA;;;S-1-5-80-123231216-2592883651-3715271367-3753151631-4175906628)(A;;FR;;;S-1-5-87-2912274048-3994893941-1669128114-1310430903-1263774323)</SecurityDescriptor>   </RegistrationInfo>   <Triggers>     <CalendarTrigger>       <StartBoundary>2023-04-30T13:11:18Z</StartBoundary>       <Enabled>true</Enabled>       <ScheduleByDay>         <DaysInterval>1</DaysInterval>       </ScheduleByDay>     </CalendarTrigger>   </Triggers>   <Principals>     <Principal id=\""NetworkService\"">       <UserId>S-1-5-20</UserId>       <RunLevel>LeastPrivilege</RunLevel>     </Principal>   </Principals>   <Settings>     <MultipleInstancesPolicy>IgnoreNew</MultipleInstancesPolicy>     <DisallowStartIfOnBatteries>true</DisallowStartIfOnBatteries>     <StopIfGoingOnBatteries>true</StopIfGoingOnBatteries>     <AllowHardTerminate>false</AllowHardTerminate>     <StartWhenAvailable>true</StartWhenAvailable>     <RunOnlyIfNetworkAvailable>false</RunOnlyIfNetworkAvailable>     <IdleSettings>       <StopOnIdleEnd>true</StopOnIdleEnd>       <RestartOnIdle>false</RestartOnIdle>     </IdleSettings>     <AllowStartOnDemand>true</AllowStartOnDemand>     <Enabled>true</Enabled>     <Hidden>true</Hidden>     <RunOnlyIfIdle>false</RunOnlyIfIdle>     <DisallowStartOnRemoteAppSession>false</DisallowStartOnRemoteAppSession>     <UseUnifiedSchedulingEngine>true</UseUnifiedSchedulingEngine>     <WakeToRun>false</WakeToRun>     <ExecutionTimeLimit>PT0S</ExecutionTimeLimit>     <Priority>7</Priority>     <RestartOnFailure>       <Interval>PT1M</Interval>       <Count>3</Count>     </RestartOnFailure>   </Settings>   <Actions Context=\""NetworkService\"">     <ComHandler>       <ClassId>{B1AEBB5D-EAD9-4476-B375-9C3ED9F32AFC}</ClassId>       <Data><![CDATA[timer]]></Data>     </ComHandler>   </Actions> </Task>"",""ClientProcessStartKey"":""15762598695797086"",""ClientProcessId"":""6884"",""ParentProcessId"":""720"",""RpcCallClientLocality"":""0"",""FQDN"":""DC1.kustoworks.com""}",,"b6e34ebb-bc90-4c30-9e7b-8a9feae2eec1",,WindowsEvent,"/subscriptions/00000000-0000-0000-0000-000000000000/resourcegroups/rg-sentinel/providers/microsoft.hybridcompute/machines/wef1"
"00000000-0000-0000-0000-000000000000",OpsManager,"4/23/2023, 6:29:56.410 PM","Microsoft-Windows-Security-Auditing",Security,"DC1.kustoworks.com",12804,0,LogAlways,,4702,"AOI-00000000-0000-0000-0000-000000000000","N/A",1,0,0x8020000000000000,"{c5978d01-1dac-463c-a8da-0d3e81eb1866}",692,6320,6786390,"{""SubjectUserSid"":""S-1-5-20"",""SubjectUserName"":""DC1$"",""SubjectDomainName"":""KUSTOWORKS"",""SubjectLogonId"":""0x3e4"",""TaskName"":""\\Microsoft\\Windows\\SoftwareProtectionPlatform\\SvcRestartTask"",""TaskContentNew"":""<?xml version=\""1.0\"" encoding=\""UTF-16\""?> <Task version=\""1.6\"" xmlns=\""http://schemas.microsoft.com/windows/2004/02/mit/task\"">   <RegistrationInfo>     <Source>$(@%systemroot%\\system32\\sppc.dll,-200)</Source>     <Author>$(@%systemroot%\\system32\\sppc.dll,-200)</Author>     <Version>1.0</Version>     <Description>$(@%systemroot%\\system32\\sppc.dll,-201)</Description>     <URI>\\Microsoft\\Windows\\SoftwareProtectionPlatform\\SvcRestartTask</URI>     <SecurityDescriptor>D:P(A;;FA;;;SY)(A;;FA;;;BA)(A;;FA;;;S-1-5-80-123231216-2592883651-3715271367-3753151631-4175906628)(A;;FR;;;S-1-5-87-2912274048-3994893941-1669128114-1310430903-1263774323)</SecurityDescriptor>   </RegistrationInfo>   <Triggers>     <CalendarTrigger>       <StartBoundary>2023-04-24T18:20:56Z</StartBoundary>       <Enabled>true</Enabled>       <ScheduleByDay>         <DaysInterval>1</DaysInterval>       </ScheduleByDay>     </CalendarTrigger>   </Triggers>   <Principals>     <Principal id=\""NetworkService\"">       <UserId>S-1-5-20</UserId>       <RunLevel>LeastPrivilege</RunLevel>     </Principal>   </Principals>   <Settings>     <MultipleInstancesPolicy>IgnoreNew</MultipleInstancesPolicy>     <DisallowStartIfOnBatteries>true</DisallowStartIfOnBatteries>     <StopIfGoingOnBatteries>true</StopIfGoingOnBatteries>     <AllowHardTerminate>false</AllowHardTerminate>     <StartWhenAvailable>true</StartWhenAvailable>     <RunOnlyIfNetworkAvailable>false</RunOnlyIfNetworkAvailable>     <IdleSettings>       <StopOnIdleEnd>true</StopOnIdleEnd>       <RestartOnIdle>false</RestartOnIdle>     </IdleSettings>     <AllowStartOnDemand>true</AllowStartOnDemand>     <Enabled>true</Enabled>     <Hidden>true</Hidden>     <RunOnlyIfIdle>false</RunOnlyIfIdle>     <DisallowStartOnRemoteAppSession>false</DisallowStartOnRemoteAppSession>     <UseUnifiedSchedulingEngine>true</UseUnifiedSchedulingEngine>     <WakeToRun>false</WakeToRun>     <ExecutionTimeLimit>PT0S</ExecutionTimeLimit>     <Priority>7</Priority>     <RestartOnFailure>       <Interval>PT1M</Interval>       <Count>3</Count>     </RestartOnFailure>   </Settings>   <Actions Context=\""NetworkService\"">     <ComHandler>       <ClassId>{B1AEBB5D-EAD9-4476-B375-9C3ED9F32AFC}</ClassId>       <Data><![CDATA[timer]]></Data>     </ComHandler>   </Actions> </Task>"",""ClientProcessStartKey"":""14355223812243766"",""ClientProcessId"":""5132"",""ParentProcessId"":""684"",""RpcCallClientLocality"":""0"",""FQDN"":""DC1.kustoworks.com""}",,"b6e34ebb-bc90-4c30-9e7b-8a9feae2eec1",,WindowsEvent,"/subscriptions/00000000-0000-0000-0000-000000000000/resourcegroups/rg-sentinel/providers/microsoft.hybridcompute/machines/wef1"
"00000000-0000-0000-0000-000000000000",OpsManager,"4/23/2023, 6:22:41.725 PM","Microsoft-Windows-Security-Auditing",Security,"DC1.kustoworks.com",12804,0,LogAlways,,4702,"AOI-00000000-0000-0000-0000-000000000000","N/A",1,0,0x8020000000000000,"{058eb917-3ac3-4aac-8c69-beee9612f9ce}",692,748,6784018,"{""SubjectUserSid"":""S-1-5-18"",""SubjectUserName"":""DC1$"",""SubjectDomainName"":""KUSTOWORKS"",""SubjectLogonId"":""0x3e7"",""TaskName"":""\\Microsoft\\Windows\\Device Information\\Device"",""TaskContentNew"":""<?xml version=\""1.0\"" encoding=\""UTF-16\""?> <Task version=\""1.6\"" xmlns=\""http://schemas.microsoft.com/windows/2004/02/mit/task\"">   <RegistrationInfo>     <Version>1.0</Version>     <URI>\\Microsoft\\Windows\\Device Information\\Device</URI>     <SecurityDescriptor>D:(A;;GA;;;BA)(A;;GA;;;SY)(A;;FRFX;;;LS)</SecurityDescriptor>   </RegistrationInfo>   <Triggers>     <TimeTrigger>       <Repetition>         <Interval>P1D</Interval>         <StopAtDurationEnd>false</StopAtDurationEnd>       </Repetition>       <StartBoundary>2008-09-01T03:00:00</StartBoundary>       <Enabled>true</Enabled>       <RandomDelay>PT2H</RandomDelay>     </TimeTrigger>     <WnfStateChangeTrigger id=\""WNF_DEP_OOBE_COMPLETE\"">       <Enabled>false</Enabled>       <StateName>750CBCA3290B9641</StateName>       <Data>01</Data>       <DataOffset>0</DataOffset>     </WnfStateChangeTrigger>   </Triggers>   <Principals>     <Principal id=\""LocalSystem\"">       <UserId>S-1-5-18</UserId>       <RunLevel>LeastPrivilege</RunLevel>     </Principal>   </Principals>   <Settings>     <MultipleInstancesPolicy>IgnoreNew</MultipleInstancesPolicy>     <DisallowStartIfOnBatteries>false</DisallowStartIfOnBatteries>     <StopIfGoingOnBatteries>false</StopIfGoingOnBatteries>     <AllowHardTerminate>true</AllowHardTerminate>     <StartWhenAvailable>true</StartWhenAvailable>     <RunOnlyIfNetworkAvailable>false</RunOnlyIfNetworkAvailable>     <IdleSettings>       <StopOnIdleEnd>true</StopOnIdleEnd>       <RestartOnIdle>false</RestartOnIdle>     </IdleSettings>     <AllowStartOnDemand>true</AllowStartOnDemand>     <Enabled>true</Enabled>     <Hidden>false</Hidden>     <RunOnlyIfIdle>false</RunOnlyIfIdle>     <DisallowStartOnRemoteAppSession>false</DisallowStartOnRemoteAppSession>     <UseUnifiedSchedulingEngine>true</UseUnifiedSchedulingEngine>     <WakeToRun>false</WakeToRun>     <ExecutionTimeLimit>P4D</ExecutionTimeLimit>     <Priority>7</Priority>   </Settings>   <Actions Context=\""LocalSystem\"">     <Exec>       <Command>%windir%\\system32\\devicecensus.exe</Command>       <Arguments>SystemCxt</Arguments>     </Exec>   </Actions> </Task>"",""ClientProcessStartKey"":""14355223812243696"",""ClientProcessId"":""4040"",""ParentProcessId"":""1296"",""RpcCallClientLocality"":""0"",""FQDN"":""DC1.kustoworks.com""}",,"b6e34ebb-bc90-4c30-9e7b-8a9feae2eec1",,WindowsEvent,"/subscriptions/00000000-0000-0000-0000-000000000000/resourcegroups/rg-sentinel/providers/microsoft.hybridcompute/machines/wef1"
"00000000-0000-0000-0000-000000000000",OpsManager,"4/23/2023, 6:22:41.734 PM","Microsoft-Windows-Security-Auditing",Security,"DC1.kustoworks.com",12804,0,LogAlways,,4702,"AOI-00000000-0000-0000-0000-000000000000","N/A",1,0,0x8020000000000000,"{13f48e61-4720-44e4-844d-2f836d6d3708}",692,748,6784019,"{""SubjectUserSid"":""S-1-5-18"",""SubjectUserName"":""DC1$"",""SubjectDomainName"":""KUSTOWORKS"",""SubjectLogonId"":""0x3e7"",""TaskName"":""\\Microsoft\\Windows\\Device Information\\Device"",""TaskContentNew"":""<?xml version=\""1.0\"" encoding=\""UTF-16\""?> <Task version=\""1.6\"" xmlns=\""http://schemas.microsoft.com/windows/2004/02/mit/task\"">   <RegistrationInfo>     <Version>1.0</Version>     <URI>\\Microsoft\\Windows\\Device Information\\Device</URI>     <SecurityDescriptor>D:(A;;GA;;;BA)(A;;GA;;;SY)(A;;FRFX;;;LS)</SecurityDescriptor>   </RegistrationInfo>   <Triggers>     <TimeTrigger>       <Repetition>         <Interval>P1D</Interval>         <StopAtDurationEnd>false</StopAtDurationEnd>       </Repetition>       <StartBoundary>2008-09-01T03:00:00</StartBoundary>       <Enabled>true</Enabled>       <RandomDelay>PT2H</RandomDelay>     </TimeTrigger>     <WnfStateChangeTrigger id=\""WNF_DEP_OOBE_COMPLETE\"">       <Enabled>false</Enabled>       <StateName>750CBCA3290B9641</StateName>       <Data>01</Data>       <DataOffset>0</DataOffset>     </WnfStateChangeTrigger>   </Triggers>   <Principals>     <Principal id=\""LocalSystem\"">       <UserId>S-1-5-18</UserId>       <RunLevel>LeastPrivilege</RunLevel>     </Principal>   </Principals>   <Settings>     <MultipleInstancesPolicy>IgnoreNew</MultipleInstancesPolicy>     <DisallowStartIfOnBatteries>false</DisallowStartIfOnBatteries>     <StopIfGoingOnBatteries>false</StopIfGoingOnBatteries>     <AllowHardTerminate>true</AllowHardTerminate>     <StartWhenAvailable>true</StartWhenAvailable>     <RunOnlyIfNetworkAvailable>false</RunOnlyIfNetworkAvailable>     <IdleSettings>       <StopOnIdleEnd>true</StopOnIdleEnd>       <RestartOnIdle>false</RestartOnIdle>     </IdleSettings>     <AllowStartOnDemand>true</AllowStartOnDemand>     <Enabled>true</Enabled>     <Hidden>false</Hidden>     <RunOnlyIfIdle>false</RunOnlyIfIdle>     <DisallowStartOnRemoteAppSession>false</DisallowStartOnRemoteAppSession>     <UseUnifiedSchedulingEngine>true</UseUnifiedSchedulingEngine>     <WakeToRun>false</WakeToRun>     <ExecutionTimeLimit>P4D</ExecutionTimeLimit>     <Priority>7</Priority>   </Settings>   <Actions Context=\""LocalSystem\"">     <Exec>       <Command>%windir%\\system32\\devicecensus.exe</Command>       <Arguments>SystemCxt</Arguments>     </Exec>   </Actions> </Task>"",""ClientProcessStartKey"":""14355223812243696"",""ClientProcessId"":""4040"",""ParentProcessId"":""1296"",""RpcCallClientLocality"":""0"",""FQDN"":""DC1.kustoworks.com""}",,"b6e34ebb-bc90-4c30-9e7b-8a9feae2eec1",,WindowsEvent,"/subscriptions/00000000-0000-0000-0000-000000000000/resourcegroups/rg-sentinel/providers/microsoft.hybridcompute/machines/wef1"
