"0b2a9277-f48f-49f6-b78d-d8bfd6dea87a",RestAPI,,,"7/27/2023, 2:46:06.225 PM",,,,,,,,,,,,,,,,,,27382,,".",Default,,,"Microsoft-Windows-DNSServer","eb79061a-a566-4698-9119-3ed2807060e7",260,0,16,"Microsoft-Windows-DNS-Server/Analytical ",4,"Information ",0,2,"RECURSE_QUERY ",9223372036854775824,"7/27/2023, 2:46:03.525 PM",2908,4024,INFO,2,INFO,windns,"NT AUTHORITY",SYSTEM,"S-1-5-18",User,0,0,"0.0.0.0",,0,"ipv4-weu-oi-ods-cses-i.westeurope.cloudapp.azure.com.",1,43973,0,43973,false,false,false,QUERY,false,NOERROR,false,false,false,"[{""dns.query.name"":""ipv4-weu-oi-ods-cses-i.westeurope.cloudapp.azure.com"",""dns.query.type"":""A"",""dns.query.class"":""IN""}]",0xABC50000000100000000000116697076342D7765752D6F692D6F64732D637365732D690A776573746575726F706508636C6F756461707005617A75726503636F6D00000100010000290FA0000000000000,".","1978aa6b-6fc4-499b-b1f9-e6914be13089","7/27/2023, 2:46:05.583 PM","in_windowsdns_auditanalytics_sentinel_windows","im_etw","172.18.88.20","N/A","13.107.236.201",,,,,,,NULL,,,,"NXLog_DNS_Server_CL",
"0b2a9277-f48f-49f6-b78d-d8bfd6dea87a",RestAPI,,,"7/27/2023, 2:46:06.225 PM",,,,,,,,,,,,,,,,,,,1,".",Default,"[{""dns.answer.name"":""ipv4-weu-oi-ods-cses-i.westeurope.cloudapp.azure.com"",""dns.answer.type"":""A"",""dns.answer.class"":""IN"",""dns.answer.ttl"":10,""dns.answer.data"":""104.40.170.64""}]",0,"Microsoft-Windows-DNSServer","eb79061a-a566-4698-9119-3ed2807060e7",261,0,16,"Microsoft-Windows-DNS-Server/Analytical ",4,"Information ",0,2,"RECURSE_QUERY ",9223372036854775840,"7/27/2023, 2:46:03.557 PM",2908,4024,INFO,2,INFO,windns,"NT AUTHORITY",SYSTEM,"S-1-5-18",User,33792,0,"0.0.0.0","13.107.236.201",,"ipv4-weu-oi-ods-cses-i.westeurope.cloudapp.azure.com.",1,43973,0,43973,false,false,true,QUERY,true,NOERROR,false,false,false,"[{""dns.query.name"":""ipv4-weu-oi-ods-cses-i.westeurope.cloudapp.azure.com"",""dns.query.type"":""A"",""dns.query.class"":""IN""}]",0xABC58400000100010000000116697076342D7765752D6F692D6F64732D637365732D690A776573746575726F706508636C6F756461707005617A75726503636F6D0000010001C00C000100010000000A00046828AA4000002904D0000000000000,".","1978aa6b-6fc4-499b-b1f9-e6914be13089","7/27/2023, 2:46:05.583 PM","in_windowsdns_auditanalytics_sentinel_windows","im_etw","172.18.88.20","N/A",,1,0,,,,,,,,,"NXLog_DNS_Server_CL",
"0b2a9277-f48f-49f6-b78d-d8bfd6dea87a",RestAPI,,,"7/27/2023, 2:46:06.225 PM",,,,,,,,,,,,,,,,,,,,,,"[{""dns.answer.name"":""0b2a9277-f48f-49f6-b78d-d8bfd6dea87a.ods.opinsights.azure.com"",""dns.answer.type"":""CNAME"",""dns.answer.class"":""IN"",""dns.answer.ttl"":38,""dns.answer.data"":""opinsightsweuods.trafficmanager.net""},{""dns.answer.name"":""opinsightsweuods.trafficmanager.net"",""dns.answer.type"":""CNAME"",""dns.answer.class"":""IN"",""dns.answer.ttl"":38,""dns.answer.data"":""ipv4-weu-oi-ods-cses-i.westeurope.cloudapp.azure.com""},{""dns.answer.name"":""ipv4-weu-oi-ods-cses-i.westeurope.cloudapp.azure.com"",""dns.answer.type"":""A"",""dns.answer.class"":""IN"",""dns.answer.ttl"":9,""dns.answer.data"":""104.40.170.64""}]",,"Microsoft-Windows-DNSServer","eb79061a-a566-4698-9119-3ed2807060e7",257,0,16,"Microsoft-Windows-DNS-Server/Analytical ",4,"Information ",0,1,"LOOK_UP ",9223372036854775810,"7/27/2023, 2:46:03.557 PM",2908,4024,INFO,2,INFO,windns,"NT AUTHORITY",SYSTEM,"S-1-5-18",User,33152,0,"172.18.88.20",,,"0b2a9277-f48f-49f6-b78d-d8bfd6dea87a.ods.opinsights.azure.com.",1,27382,52544,27382,true,false,false,QUERY,true,NOERROR,false,false,true,"[{""dns.query.name"":""0b2a9277-f48f-49f6-b78d-d8bfd6dea87a.ods.opinsights.azure.com"",""dns.query.type"":""A"",""dns.query.class"":""IN""}]",0x6AF6818000010003000000002430623261393237372D663438662D343966362D623738642D643862666436646561383761036F64730A6F70696E73696768747305617A75726503636F6D0000010001C00C00050001000000260025106F70696E7369676874737765756F64730E747261666669636D616E61676572036E657400C05B0005000100000026002D16697076342D7765752D6F692D6F64732D637365732D690A776573746575726F706508636C6F7564617070C040C08C000100010000000900046828AA40,"VirtualizationInstance:.","1978aa6b-6fc4-499b-b1f9-e6914be13089","7/27/2023, 2:46:05.583 PM","in_windowsdns_auditanalytics_sentinel_windows","im_etw","172.18.88.20","N/A","172.18.88.20",0,0,0,0,Default,"..Cache",NULL,,34,,"NXLog_DNS_Server_CL",
"0b2a9277-f48f-49f6-b78d-d8bfd6dea87a",RestAPI,,,"7/27/2023, 2:24:49.720 PM",,,,,,,,,,,,,,,,,,,,,,,,"Microsoft-Windows-DNSServer","eb79061a-a566-4698-9119-3ed2807060e7",256,0,16,"Microsoft-Windows-DNS-Server/Analytical ",4,"Information ",0,1,"LOOK_UP ",9223372036854775809,"7/27/2023, 2:24:46.547 PM",2908,4028,INFO,2,INFO,windns,"NT AUTHORITY",SYSTEM,"S-1-5-18",User,256,0,"172.18.88.20","172.18.88.20",1,"adl.windows.com.",1,3595,54472,3595,true,false,false,QUERY,false,NOERROR,false,false,false,"[{""dns.query.name"":""adl.windows.com"",""dns.query.type"":""A"",""dns.query.class"":""IN""}]",0x0E0B010000010000000000000361646C0777696E646F777303636F6D0000010001,".","7bbb3f14-f27b-4b60-b4c8-4d841ba89ea2","7/27/2023, 2:24:48.532 PM","in_windowsdns_auditanalytics_sentinel_windows","im_etw","172.18.88.20","N/A",,,,,,,,,,,,"NXLog_DNS_Server_CL",
"0b2a9277-f48f-49f6-b78d-d8bfd6dea87a",RestAPI,,,"7/27/2023, 2:24:49.720 PM",,,,,,,,,,,,,,,,,,,1,".",Default,"[{""dns.answer.name"":""adl.windows.com"",""dns.answer.type"":""CNAME"",""dns.answer.class"":""IN"",""dns.answer.ttl"":3600,""dns.answer.data"":""adl.windows.com.edgesuite.net""}]",0,"Microsoft-Windows-DNSServer","eb79061a-a566-4698-9119-3ed2807060e7",261,0,16,"Microsoft-Windows-DNS-Server/Analytical ",4,"Information ",0,2,"RECURSE_QUERY ",9223372036854775840,"7/27/2023, 2:24:46.569 PM",2908,4028,INFO,2,INFO,windns,"NT AUTHORITY",SYSTEM,"S-1-5-18",User,33792,0,"0.0.0.0","13.107.236.205",,"adl.windows.com.",1,30275,0,30275,false,false,true,QUERY,true,NOERROR,false,false,false,"[{""dns.query.name"":""adl.windows.com"",""dns.query.type"":""A"",""dns.query.class"":""IN""}]",0x7643840000010001000000010361646C0777696E646F777303636F6D0000010001C00C0005000100000E10001F0361646C0777696E646F777303636F6D09656467657375697465036E65740000002904D0000000000000,".","27e53220-7c5f-42b3-8de8-ee229b8ba17c","7/27/2023, 2:24:48.532 PM","in_windowsdns_auditanalytics_sentinel_windows","im_etw","172.18.88.20","N/A",,1,0,,,,,,,,,"NXLog_DNS_Server_CL",
"0b2a9277-f48f-49f6-b78d-d8bfd6dea87a",RestAPI,,,"7/27/2023, 2:24:49.720 PM",,,,,,,,,,,,,,,,,,,,,,,,"Microsoft-Windows-DNSServer","eb79061a-a566-4698-9119-3ed2807060e7",279,0,16,"Microsoft-Windows-DNS-Server/Analytical ",4,"Information ",0,1,"LOOK_UP ",9223372071214514176,"7/27/2023, 2:24:46.569 PM",2908,4028,INFO,2,INFO,windns,"NT AUTHORITY",SYSTEM,"S-1-5-18",User,33152,0,"172.18.88.20","172.18.88.20",1,"adl.windows.com.edgesuite.net.",1,3595,54472,3595,true,false,false,QUERY,true,NOERROR,false,false,true,"[{""dns.query.name"":""adl.windows.com"",""dns.query.type"":""A"",""dns.query.class"":""IN""}]",0x0E0B818000010001000000000361646C0777696E646F777303636F6D0000010001,,,"7/27/2023, 2:24:48.532 PM","in_windowsdns_auditanalytics_sentinel_windows","im_etw","172.18.88.20","N/A",,,,,,,,,,,"N/A","NXLog_DNS_Server_CL",
"0b2a9277-f48f-49f6-b78d-d8bfd6dea87a",RestAPI,,,"7/27/2023, 2:24:49.720 PM",,,,,,,,,,,,,,,,,,3595,,".",Default,,,"Microsoft-Windows-DNSServer","eb79061a-a566-4698-9119-3ed2807060e7",260,0,16,"Microsoft-Windows-DNS-Server/Analytical ",4,"Information ",0,2,"RECURSE_QUERY ",9223372036854775824,"7/27/2023, 2:24:46.571 PM",2908,4028,INFO,2,INFO,windns,"NT AUTHORITY",SYSTEM,"S-1-5-18",User,0,0,"0.0.0.0",,0,"adl.windows.com.edgesuite.NET.",1,55386,0,55386,false,false,false,QUERY,false,NOERROR,false,false,false,"[{""dns.query.name"":""adl.windows.com.edgesuite.NET"",""dns.query.type"":""A"",""dns.query.class"":""IN""}]",0xD85A000000010000000000010361646C0777696E646F777303636F6D09656467657375697465034E455400000100010000290FA0000000000000,".","27e53220-7c5f-42b3-8de8-ee229b8ba17c","7/27/2023, 2:24:48.532 PM","in_windowsdns_auditanalytics_sentinel_windows","im_etw","172.18.88.20","N/A","192.33.14.30",,,,,,,NULL,,,,"NXLog_DNS_Server_CL",
"0b2a9277-f48f-49f6-b78d-d8bfd6dea87a",RestAPI,,,"7/27/2023, 2:24:49.720 PM",,,,,,,,,,,,,,,,,"[{""dns.additional.name"":""ns1-2.akam.NET"",""dns.additional.type"":""A"",""dns.additional.class"":""IN"",""dns.additional.ttl"":172800,""dns.additional.data"":""193.108.91.2""},{""dns.additional.name"":""ns1-2.akam.NET"",""dns.additional.type"":""AAAA"",""dns.additional.class"":""IN"",""dns.additional.ttl"":172800,""dns.additional.data"":""2600:1401:2::2""},{""dns.additional.name"":""usw6.akam.NET"",""dns.additional.type"":""A"",""dns.additional.class"":""IN"",""dns.additional.ttl"":172800,""dns.additional.data"":""23.61.199.64""},{""dns.additional.name"":""adns3.akam.NET"",""dns.additional.type"":""A"",""dns.additional.class"":""IN"",""dns.additional.ttl"":172800,""dns.additional.data"":""184.26.161.67""},{""dns.additional.name"":""ns4-65.akam.NET"",""dns.additional.type"":""A"",""dns.additional.class"":""IN"",""dns.additional.ttl"":172800,""dns.additional.data"":""84.53.139.65""},{""dns.additional.name"":""ns7-65.akam.NET"",""dns.additional.type"":""A"",""dns.additional.class"":""IN"",""dns.additional.ttl"":172800,""dns.additional.data"":""96.7.49.65""},{""dns.additional.name"":""ns5-65.akam.NET"",""dns.additional.type"":""A"",""dns.additional.class"":""IN"",""dns.additional.ttl"":172800,""dns.additional.data"":""184.85.248.65""},{""dns.additional.name"":""a12-64.akam.NET"",""dns.additional.type"":""A"",""dns.additional.class"":""IN"",""dns.additional.ttl"":172800,""dns.additional.data"":""184.26.160.64""},{""dns.additional.name"":""a28-64.akam.NET"",""dns.additional.type"":""A"",""dns.additional.class"":""IN"",""dns.additional.ttl"":172800,""dns.additional.data"":""95.100.173.64""},{""dns.additional.name"":""a13-64.akam.NET"",""dns.additional.type"":""A"",""dns.additional.class"":""IN"",""dns.additional.ttl"":172800,""dns.additional.data"":""2.22.230.64""},{""dns.additional.name"":""a6-64.akam.NET"",""dns.additional.type"":""A"",""dns.additional.class"":""IN"",""dns.additional.ttl"":172800,""dns.additional.data"":""23.211.133.64""},{""dns.additional.name"":""a6-64.akam.NET"",""dns.additional.type"":""AAAA"",""dns.additional.class"":""IN"",""dns.additional.ttl"":172800,""dns.additional.data"":""2600:1401:1::40""},{""dns.additional.name"":"""",""dns.additional.type"":""A"",""dns.additional.class"":""IN"",""dns.additional.ttl"":172800,""dns.additional.data"":""2.16.130.64""},{""dns.additional.name"":"""",""dns.additional.type"":""A"",""dns.additional.class"":""IN"",""dns.additional.ttl"":172800,""dns.additional.data"":""95.100.168.64""},{""dns.additional.name"":"""",""dns.additional.type"":""A"",""dns.additional.class"":""IN"",""dns.additional.ttl"":172800,""dns.additional.data"":""95.101.36.64""}]",,2,".",Default,,0,"Microsoft-Windows-DNSServer","eb79061a-a566-4698-9119-3ed2807060e7",261,0,16,"Microsoft-Windows-DNS-Server/Analytical ",4,"Information ",0,2,"RECURSE_QUERY ",9223372036854775840,"7/27/2023, 2:24:46.747 PM",2908,4028,INFO,2,INFO,windns,"NT AUTHORITY",SYSTEM,"S-1-5-18",User,32768,0,"0.0.0.0","192.33.14.30",,"adl.windows.com.edgesuite.NET.",1,55386,0,55386,false,false,false,QUERY,true,NOERROR,false,false,false,"[{""dns.query.name"":""adl.windows.com.edgesuite.NET"",""dns.query.type"":""A"",""dns.query.class"":""IN""}]",0xD85A800000010000000D00100361646C0777696E646F777303636F6D09656467657375697465034E45540000010001C01C000200010002A300000D056E73312D3204616B616DC026C01C000200010002A30000070475737736C041C01C000200010002A30000080561646E7333C041C01C000200010002A3000009066E73342D3635C041C01C000200010002A3000009066E73372D3635C041C01C000200010002A3000009066E73352D3635C041C01C000200010002A3000009066131322D3634C041C01C000200010002A3000009066132382D3634C041C01C000200010002A3000009066131332D3634C041C01C000200010002A30000080561362D3634C041C01C000200010002A3000009066132342D3634C041C01C000200010002A30000080561352D3634C041C01C000200010002A3000009066131382D3634C041C03B000100010002A3000004C16C5B02C03B001C00010002A300001026001401000200000000000000000002C054000100010002A3000004173DC740C067000100010002A3000004B81AA143C07B000100010002A300000454358B41C090000100010002A300000460073141C0A5000100010002A3000004B855F841C0BA000100010002A3000004B81AA040C0CF000100010002A30000045F64AD40C0E4000100010002A30000040216E640C0F9000100010002A300000417D38540C0F9001C00010002A300001026001401000100000000000000000040C10D000100010002A300000402108240C122000100010002A30000045F64A840C136000100010002A30000045F6524400000291000000000000000,".","27e53220-7c5f-42b3-8de8-ee229b8ba17c","7/27/2023, 2:24:48.532 PM","in_windowsdns_auditanalytics_sentinel_windows","im_etw","172.18.88.20","N/A",,0,0,,,,,,"[{""dns.authority.name"":""edgesuite.NET"",""dns.authority.type"":""NS"",""dns.authority.class"":""IN"",""dns.authority.ttl"":172800,""dns.authority.data"":""ns1-2.akam.NET""},{""dns.authority.name"":""edgesuite.NET"",""dns.authority.type"":""NS"",""dns.authority.class"":""IN"",""dns.authority.ttl"":172800,""dns.authority.data"":""usw6.akam.NET""},{""dns.authority.name"":""edgesuite.NET"",""dns.authority.type"":""NS"",""dns.authority.class"":""IN"",""dns.authority.ttl"":172800,""dns.authority.data"":""adns3.akam.NET""},{""dns.authority.name"":""edgesuite.NET"",""dns.authority.type"":""NS"",""dns.authority.class"":""IN"",""dns.authority.ttl"":172800,""dns.authority.data"":""ns4-65.akam.NET""},{""dns.authority.name"":""edgesuite.NET"",""dns.authority.type"":""NS"",""dns.authority.class"":""IN"",""dns.authority.ttl"":172800,""dns.authority.data"":""ns7-65.akam.NET""},{""dns.authority.name"":""edgesuite.NET"",""dns.authority.type"":""NS"",""dns.authority.class"":""IN"",""dns.authority.ttl"":172800,""dns.authority.data"":""ns5-65.akam.NET""},{""dns.authority.name"":""edgesuite.NET"",""dns.authority.type"":""NS"",""dns.authority.class"":""IN"",""dns.authority.ttl"":172800,""dns.authority.data"":""a12-64.akam.NET""},{""dns.authority.name"":""edgesuite.NET"",""dns.authority.type"":""NS"",""dns.authority.class"":""IN"",""dns.authority.ttl"":172800,""dns.authority.data"":""a28-64.akam.NET""},{""dns.authority.name"":""edgesuite.NET"",""dns.authority.type"":""NS"",""dns.authority.class"":""IN"",""dns.authority.ttl"":172800,""dns.authority.data"":""a13-64.akam.NET""},{""dns.authority.name"":""edgesuite.NET"",""dns.authority.type"":""NS"",""dns.authority.class"":""IN"",""dns.authority.ttl"":172800,""dns.authority.data"":""a6-64.akam.NET""},{""dns.authority.name"":""edgesuite.NET"",""dns.authority.type"":""NS"",""dns.authority.class"":""IN"",""dns.authority.ttl"":172800,""dns.authority.data"":""a24-64.akam.NET""},{""dns.authority.name"":""edgesuite.NET"",""dns.authority.type"":""NS"",""dns.authority.class"":""IN"",""dns.authority.ttl"":172800,""dns.authority.data"":""a5-64.akam.NET""},{""dns.authority.name"":""edgesuite.NET"",""dns.authority.type"":""NS"",""dns.authority.class"":""IN"",""dns.authority.ttl"":172800,""dns.authority.data"":""a18-64.akam.NET""}]",,,"NXLog_DNS_Server_CL",
"0b2a9277-f48f-49f6-b78d-d8bfd6dea87a",RestAPI,,,"7/27/2023, 2:24:49.720 PM",,,,,,,,,,,,,,,,,,3595,,".",Default,,,"Microsoft-Windows-DNSServer","eb79061a-a566-4698-9119-3ed2807060e7",260,0,16,"Microsoft-Windows-DNS-Server/Analytical ",4,"Information ",0,2,"RECURSE_QUERY ",9223372036854775824,"7/27/2023, 2:24:46.748 PM",2908,4028,INFO,2,INFO,windns,"NT AUTHORITY",SYSTEM,"S-1-5-18",User,0,0,"0.0.0.0",,0,"adl.windows.com.edgesuite.NET.",1,39721,0,39721,false,false,false,QUERY,false,NOERROR,false,false,false,"[{""dns.query.name"":""adl.windows.com.edgesuite.NET"",""dns.query.type"":""A"",""dns.query.class"":""IN""}]",0x9B29000000010000000000010361646C0777696E646F777303636F6D09656467657375697465034E455400000100010000290FA0000000000000,".","27e53220-7c5f-42b3-8de8-ee229b8ba17c","7/27/2023, 2:24:48.532 PM","in_windowsdns_auditanalytics_sentinel_windows","im_etw","172.18.88.20","N/A","96.7.49.65",,,,,,,NULL,,,,"NXLog_DNS_Server_CL",
"0b2a9277-f48f-49f6-b78d-d8bfd6dea87a",RestAPI,,,"7/27/2023, 2:24:49.720 PM",,,,,,,,,,,,,,,,,,,3,".",Default,"[{""dns.answer.name"":""adl.windows.com.edgesuite.NET"",""dns.answer.type"":""CNAME"",""dns.answer.class"":""IN"",""dns.answer.ttl"":21600,""dns.answer.data"":""a1943.g2.akamai.NET""}]",0,"Microsoft-Windows-DNSServer","eb79061a-a566-4698-9119-3ed2807060e7",261,0,16,"Microsoft-Windows-DNS-Server/Analytical ",4,"Information ",0,2,"RECURSE_QUERY ",9223372036854775840,"7/27/2023, 2:24:46.785 PM",2908,4028,INFO,2,INFO,windns,"NT AUTHORITY",SYSTEM,"S-1-5-18",User,33792,0,"0.0.0.0","96.7.49.65",,"adl.windows.com.edgesuite.NET.",1,39721,0,39721,false,false,true,QUERY,true,NOERROR,false,false,false,"[{""dns.query.name"":""adl.windows.com.edgesuite.NET"",""dns.query.type"":""A"",""dns.query.class"":""IN""}]",0x9B29840000010001000000010361646C0777696E646F777303636F6D09656467657375697465034E45540000010001C00C0005000100005460001205613139343302673206616B616D6169C0260000291000000000000000,".","27e53220-7c5f-42b3-8de8-ee229b8ba17c","7/27/2023, 2:24:48.532 PM","in_windowsdns_auditanalytics_sentinel_windows","im_etw","172.18.88.20","N/A",,1,0,,,,,,,,,"NXLog_DNS_Server_CL",
"0b2a9277-f48f-49f6-b78d-d8bfd6dea87a",RestAPI,,,"7/27/2023, 2:24:49.720 PM",,,,,,,,,,,,,,,,,,,,,,,,"Microsoft-Windows-DNSServer","eb79061a-a566-4698-9119-3ed2807060e7",279,0,16,"Microsoft-Windows-DNS-Server/Analytical ",4,"Information ",0,1,"LOOK_UP ",9223372071214514176,"7/27/2023, 2:24:46.785 PM",2908,4028,INFO,2,INFO,windns,"NT AUTHORITY",SYSTEM,"S-1-5-18",User,33152,0,"172.18.88.20","172.18.88.20",1,"a1943.g2.akamai.net.",1,3595,54472,3595,true,false,false,QUERY,true,NOERROR,false,false,true,"[{""dns.query.name"":""adl.windows.com"",""dns.query.type"":""A"",""dns.query.class"":""IN""}]",0x0E0B818000010002000000000361646C0777696E646F777303636F6D0000010001,,,"7/27/2023, 2:24:48.532 PM","in_windowsdns_auditanalytics_sentinel_windows","im_etw","172.18.88.20","N/A",,,,,,,,,,,"N/A","NXLog_DNS_Server_CL",
"0b2a9277-f48f-49f6-b78d-d8bfd6dea87a",RestAPI,,,"7/27/2023, 2:24:49.720 PM",,,,,,,,,,,,,,,,System,,,,,,,,"Microsoft-Windows-DNSServer","eb79061a-a566-4698-9119-3ed2807060e7",259,0,16,"Microsoft-Windows-DNS-Server/Analytical ",2,"Error ",0,1,"LOOK_UP ",9223372036854775816,"7/27/2023, 2:24:46.785 PM",2908,4028,ERROR,4,ERROR,windns,"NT AUTHORITY",SYSTEM,"S-1-5-18",User,"EXTENDED_INFO|IS_64_BIT_HEADER|PROCESSOR_INDEX (577)",0,"0.0.0.0","2001:500:856e::30",,"a1943.g2.akamai.NET.",1,60936,,,,,,,,,,,,,,".",,"7/27/2023, 2:24:49.062 PM","in_windowsdns_auditanalytics_sentinel_windows","im_etw","172.18.88.20","N/A",,,,,,,"..Cache",NULL,,,"N/A","NXLog_DNS_Server_CL",
"0b2a9277-f48f-49f6-b78d-d8bfd6dea87a",RestAPI,,,"7/27/2023, 2:33:58.939 PM",,,,,,,,,,,,,,,,,,,,,,,,"Microsoft-Windows-DNSServer","eb79061a-a566-4698-9119-3ed2807060e7",256,0,16,"Microsoft-Windows-DNS-Server/Analytical ",4,"Information ",0,1,"LOOK_UP ",9223372036854775809,"7/27/2023, 2:33:56.213 PM",2908,4028,INFO,2,INFO,windns,"NT AUTHORITY",SYSTEM,"S-1-5-18",User,256,0,"172.18.88.20","172.18.88.20",1,"0b2a9277-f48f-49f6-b78d-d8bfd6dea87a.ods.opinsights.azure.com.",1,22873,50185,22873,true,false,false,QUERY,false,NOERROR,false,false,false,"[{""dns.query.name"":""0b2a9277-f48f-49f6-b78d-d8bfd6dea87a.ods.opinsights.azure.com"",""dns.query.type"":""A"",""dns.query.class"":""IN""}]",0x5959010000010000000000002430623261393237372D663438662D343966362D623738642D643862666436646561383761036F64730A6F70696E73696768747305617A75726503636F6D0000010001,".","4483e952-e71a-4f32-8539-110072228dbb","7/27/2023, 2:33:58.232 PM","in_windowsdns_auditanalytics_sentinel_windows","im_etw","172.18.88.20","N/A",,,,,,,,,,,,"NXLog_DNS_Server_CL",
"0b2a9277-f48f-49f6-b78d-d8bfd6dea87a",RestAPI,,,"7/27/2023, 2:33:58.939 PM",,,,,,,,,,,,,,,,,,,,,,,,"Microsoft-Windows-DNSServer","eb79061a-a566-4698-9119-3ed2807060e7",279,0,16,"Microsoft-Windows-DNS-Server/Analytical ",4,"Information ",0,1,"LOOK_UP ",9223372071214514176,"7/27/2023, 2:33:56.213 PM",2908,4028,INFO,2,INFO,windns,"NT AUTHORITY",SYSTEM,"S-1-5-18",User,33152,0,"172.18.88.20","172.18.88.20",1,"opinsightsweuods.trafficmanager.net.",1,22873,50185,22873,true,false,false,QUERY,true,NOERROR,false,false,true,"[{""dns.query.name"":""0b2a9277-f48f-49f6-b78d-d8bfd6dea87a.ods.opinsights.azure.com"",""dns.query.type"":""A"",""dns.query.class"":""IN""}]",0x5959818000010001000000002430623261393237372D663438662D343966362D623738642D643862666436646561383761036F64730A6F70696E73696768747305617A75726503636F6D0000010001,,,"7/27/2023, 2:33:58.232 PM","in_windowsdns_auditanalytics_sentinel_windows","im_etw","172.18.88.20","N/A",,,,,,,,,,,"N/A","NXLog_DNS_Server_CL",
"0b2a9277-f48f-49f6-b78d-d8bfd6dea87a",RestAPI,,,"7/27/2023, 2:33:58.939 PM",,,,,,,,,,,,,,,,,,,,,,,,"Microsoft-Windows-DNSServer","eb79061a-a566-4698-9119-3ed2807060e7",279,0,16,"Microsoft-Windows-DNS-Server/Analytical ",4,"Information ",0,1,"LOOK_UP ",9223372071214514176,"7/27/2023, 2:33:56.213 PM",2908,4028,INFO,2,INFO,windns,"NT AUTHORITY",SYSTEM,"S-1-5-18",User,33152,0,"172.18.88.20","172.18.88.20",1,"ipv4-weu-oi-ods-cses-f.westeurope.cloudapp.azure.com.",1,22873,50185,22873,true,false,false,QUERY,true,NOERROR,false,false,true,"[{""dns.query.name"":""0b2a9277-f48f-49f6-b78d-d8bfd6dea87a.ods.opinsights.azure.com"",""dns.query.type"":""A"",""dns.query.class"":""IN""}]",0x5959818000010002000000002430623261393237372D663438662D343966362D623738642D643862666436646561383761036F64730A6F70696E73696768747305617A75726503636F6D0000010001,,,"7/27/2023, 2:33:58.232 PM","in_windowsdns_auditanalytics_sentinel_windows","im_etw","172.18.88.20","N/A",,,,,,,,,,,"N/A","NXLog_DNS_Server_CL",
"0b2a9277-f48f-49f6-b78d-d8bfd6dea87a",RestAPI,,,"7/27/2023, 2:33:58.939 PM",,,,,,,,,,,,,,,,,,22873,,".",Default,,,"Microsoft-Windows-DNSServer","eb79061a-a566-4698-9119-3ed2807060e7",260,0,16,"Microsoft-Windows-DNS-Server/Analytical ",4,"Information ",0,2,"RECURSE_QUERY ",9223372036854775824,"7/27/2023, 2:33:56.213 PM",2908,4028,INFO,2,INFO,windns,"NT AUTHORITY",SYSTEM,"S-1-5-18",User,0,0,"0.0.0.0",,0,"ipv4-weu-oi-ods-cses-f.westeurope.cloudapp.azure.com.",1,61473,0,61473,false,false,false,QUERY,false,NOERROR,false,false,false,"[{""dns.query.name"":""ipv4-weu-oi-ods-cses-f.westeurope.cloudapp.azure.com"",""dns.query.type"":""A"",""dns.query.class"":""IN""}]",0xF0210000000100000000000116697076342D7765752D6F692D6F64732D637365732D660A776573746575726F706508636C6F756461707005617A75726503636F6D00000100010000290FA0000000000000,".","4483e952-e71a-4f32-8539-110072228dbb","7/27/2023, 2:33:58.232 PM","in_windowsdns_auditanalytics_sentinel_windows","im_etw","172.18.88.20","N/A","150.171.10.201",,,,,,,NULL,,,,"NXLog_DNS_Server_CL",
"0b2a9277-f48f-49f6-b78d-d8bfd6dea87a",RestAPI,,,"7/27/2023, 2:33:58.939 PM",,,,,,,,,,,,,,,,,,,1,".",Default,"[{""dns.answer.name"":""ipv4-weu-oi-ods-cses-f.westeurope.cloudapp.azure.com"",""dns.answer.type"":""A"",""dns.answer.class"":""IN"",""dns.answer.ttl"":10,""dns.answer.data"":""13.69.65.29""}]",0,"Microsoft-Windows-DNSServer","eb79061a-a566-4698-9119-3ed2807060e7",261,0,16,"Microsoft-Windows-DNS-Server/Analytical ",4,"Information ",0,2,"RECURSE_QUERY ",9223372036854775840,"7/27/2023, 2:33:56.243 PM",2908,4028,INFO,2,INFO,windns,"NT AUTHORITY",SYSTEM,"S-1-5-18",User,33792,0,"0.0.0.0","150.171.10.201",,"ipv4-weu-oi-ods-cses-f.westeurope.cloudapp.azure.com.",1,61473,0,61473,false,false,true,QUERY,true,NOERROR,false,false,false,"[{""dns.query.name"":""ipv4-weu-oi-ods-cses-f.westeurope.cloudapp.azure.com"",""dns.query.type"":""A"",""dns.query.class"":""IN""}]",0xF0218400000100010000000116697076342D7765752D6F692D6F64732D637365732D660A776573746575726F706508636C6F756461707005617A75726503636F6D0000010001C00C000100010000000A00040D45411D00002904D0000000000000,".","4483e952-e71a-4f32-8539-110072228dbb","7/27/2023, 2:33:58.232 PM","in_windowsdns_auditanalytics_sentinel_windows","im_etw","172.18.88.20","N/A",,1,0,,,,,,,,,"NXLog_DNS_Server_CL",
"0b2a9277-f48f-49f6-b78d-d8bfd6dea87a",RestAPI,,,"7/27/2023, 2:33:58.939 PM",,,,,,,,,,,,,,,,,,,,,,"[{""dns.answer.name"":""0b2a9277-f48f-49f6-b78d-d8bfd6dea87a.ods.opinsights.azure.com"",""dns.answer.type"":""CNAME"",""dns.answer.class"":""IN"",""dns.answer.ttl"":16,""dns.answer.data"":""opinsightsweuods.trafficmanager.net""},{""dns.answer.name"":""opinsightsweuods.trafficmanager.net"",""dns.answer.type"":""CNAME"",""dns.answer.class"":""IN"",""dns.answer.ttl"":16,""dns.answer.data"":""ipv4-weu-oi-ods-cses-f.westeurope.cloudapp.azure.com""},{""dns.answer.name"":""ipv4-weu-oi-ods-cses-f.westeurope.cloudapp.azure.com"",""dns.answer.type"":""A"",""dns.answer.class"":""IN"",""dns.answer.ttl"":10,""dns.answer.data"":""13.69.65.29""}]",,"Microsoft-Windows-DNSServer","eb79061a-a566-4698-9119-3ed2807060e7",257,0,16,"Microsoft-Windows-DNS-Server/Analytical ",4,"Information ",0,1,"LOOK_UP ",9223372036854775810,"7/27/2023, 2:33:56.244 PM",2908,4028,INFO,2,INFO,windns,"NT AUTHORITY",SYSTEM,"S-1-5-18",User,33152,0,"172.18.88.20",,,"0b2a9277-f48f-49f6-b78d-d8bfd6dea87a.ods.opinsights.azure.com.",1,22873,50185,22873,true,false,false,QUERY,true,NOERROR,false,false,true,"[{""dns.query.name"":""0b2a9277-f48f-49f6-b78d-d8bfd6dea87a.ods.opinsights.azure.com"",""dns.query.type"":""A"",""dns.query.class"":""IN""}]",0x5959818000010003000000002430623261393237372D663438662D343966362D623738642D643862666436646561383761036F64730A6F70696E73696768747305617A75726503636F6D0000010001C00C00050001000000100025106F70696E7369676874737765756F64730E747261666669636D616E61676572036E657400C05B0005000100000010002D16697076342D7765752D6F692D6F64732D637365732D660A776573746575726F706508636C6F7564617070C040C08C000100010000000A00040D45411D,"VirtualizationInstance:.","4483e952-e71a-4f32-8539-110072228dbb","7/27/2023, 2:33:58.232 PM","in_windowsdns_auditanalytics_sentinel_windows","im_etw","172.18.88.20","N/A","172.18.88.20",0,0,0,0,Default,"..Cache",NULL,,31,,"NXLog_DNS_Server_CL",
"0b2a9277-f48f-49f6-b78d-d8bfd6dea87a",RestAPI,,,"7/27/2023, 2:46:18.439 PM",,,,,,,,,,,,,,,,,,,,,,,,"Microsoft-Windows-DNSServer","eb79061a-a566-4698-9119-3ed2807060e7",256,0,16,"Microsoft-Windows-DNS-Server/Analytical ",4,"Information ",0,1,"LOOK_UP ",9223372036854775809,"7/27/2023, 2:46:15.684 PM",2908,4024,INFO,2,INFO,windns,"NT AUTHORITY",SYSTEM,"S-1-5-18",User,256,0,"172.18.88.20","172.18.88.20",1,"0b2a9277-f48f-49f6-b78d-d8bfd6dea87a.ods.opinsights.azure.com.",1,49962,63296,49962,true,false,false,QUERY,false,NOERROR,false,false,false,"[{""dns.query.name"":""0b2a9277-f48f-49f6-b78d-d8bfd6dea87a.ods.opinsights.azure.com"",""dns.query.type"":""A"",""dns.query.class"":""IN""}]",0xC32A010000010000000000002430623261393237372D663438662D343966362D623738642D643862666436646561383761036F64730A6F70696E73696768747305617A75726503636F6D0000010001,".","e155c903-cd3e-413e-9224-008891c50578","7/27/2023, 2:46:17.740 PM","in_windowsdns_auditanalytics_sentinel_windows","im_etw","172.18.88.20","N/A",,,,,,,,,,,,"NXLog_DNS_Server_CL",
"0b2a9277-f48f-49f6-b78d-d8bfd6dea87a",RestAPI,,,"7/27/2023, 2:46:18.439 PM",,,,,,,,,,,,,,,,,,,,,,,,"Microsoft-Windows-DNSServer","eb79061a-a566-4698-9119-3ed2807060e7",279,0,16,"Microsoft-Windows-DNS-Server/Analytical ",4,"Information ",0,1,"LOOK_UP ",9223372071214514176,"7/27/2023, 2:46:15.684 PM",2908,4024,INFO,2,INFO,windns,"NT AUTHORITY",SYSTEM,"S-1-5-18",User,33152,0,"172.18.88.20","172.18.88.20",1,"opinsightsweuods.trafficmanager.net.",1,49962,63296,49962,true,false,false,QUERY,true,NOERROR,false,false,true,"[{""dns.query.name"":""0b2a9277-f48f-49f6-b78d-d8bfd6dea87a.ods.opinsights.azure.com"",""dns.query.type"":""A"",""dns.query.class"":""IN""}]",0xC32A818000010001000000002430623261393237372D663438662D343966362D623738642D643862666436646561383761036F64730A6F70696E73696768747305617A75726503636F6D0000010001,,,"7/27/2023, 2:46:17.740 PM","in_windowsdns_auditanalytics_sentinel_windows","im_etw","172.18.88.20","N/A",,,,,,,,,,,"N/A","NXLog_DNS_Server_CL",
"0b2a9277-f48f-49f6-b78d-d8bfd6dea87a",RestAPI,,,"7/27/2023, 2:46:18.439 PM",,,,,,,,,,,,,,,,,,,,,,,,"Microsoft-Windows-DNSServer","eb79061a-a566-4698-9119-3ed2807060e7",279,0,16,"Microsoft-Windows-DNS-Server/Analytical ",4,"Information ",0,1,"LOOK_UP ",9223372071214514176,"7/27/2023, 2:46:15.684 PM",2908,4024,INFO,2,INFO,windns,"NT AUTHORITY",SYSTEM,"S-1-5-18",User,33152,0,"172.18.88.20","172.18.88.20",1,"ipv4-weu-oi-ods-cses-i.westeurope.cloudapp.azure.com.",1,49962,63296,49962,true,false,false,QUERY,true,NOERROR,false,false,true,"[{""dns.query.name"":""0b2a9277-f48f-49f6-b78d-d8bfd6dea87a.ods.opinsights.azure.com"",""dns.query.type"":""A"",""dns.query.class"":""IN""}]",0xC32A818000010002000000002430623261393237372D663438662D343966362D623738642D643862666436646561383761036F64730A6F70696E73696768747305617A75726503636F6D0000010001,,,"7/27/2023, 2:46:17.740 PM","in_windowsdns_auditanalytics_sentinel_windows","im_etw","172.18.88.20","N/A",,,,,,,,,,,"N/A","NXLog_DNS_Server_CL",
"0b2a9277-f48f-49f6-b78d-d8bfd6dea87a",RestAPI,,,"7/27/2023, 2:46:18.439 PM",,,,,,,,,,,,,,,,,,49962,,".",Default,,,"Microsoft-Windows-DNSServer","eb79061a-a566-4698-9119-3ed2807060e7",260,0,16,"Microsoft-Windows-DNS-Server/Analytical ",4,"Information ",0,2,"RECURSE_QUERY ",9223372036854775824,"7/27/2023, 2:46:15.684 PM",2908,4024,INFO,2,INFO,windns,"NT AUTHORITY",SYSTEM,"S-1-5-18",User,0,0,"0.0.0.0",,0,"ipv4-weu-oi-ods-cses-i.westeurope.cloudapp.azure.com.",1,30641,0,30641,false,false,false,QUERY,false,NOERROR,false,false,false,"[{""dns.query.name"":""ipv4-weu-oi-ods-cses-i.westeurope.cloudapp.azure.com"",""dns.query.type"":""A"",""dns.query.class"":""IN""}]",0x77B10000000100000000000116697076342D7765752D6F692D6F64732D637365732D690A776573746575726F706508636C6F756461707005617A75726503636F6D00000100010000290FA0000000000000,".","e155c903-cd3e-413e-9224-008891c50578","7/27/2023, 2:46:17.740 PM","in_windowsdns_auditanalytics_sentinel_windows","im_etw","172.18.88.20","N/A","150.171.10.201",,,,,,,NULL,,,,"NXLog_DNS_Server_CL",
"0b2a9277-f48f-49f6-b78d-d8bfd6dea87a",RestAPI,,,"7/27/2023, 2:46:18.439 PM",,,,,,,,,,,,,,,,,,,1,".",Default,"[{""dns.answer.name"":""ipv4-weu-oi-ods-cses-i.westeurope.cloudapp.azure.com"",""dns.answer.type"":""A"",""dns.answer.class"":""IN"",""dns.answer.ttl"":10,""dns.answer.data"":""104.40.170.64""}]",0,"Microsoft-Windows-DNSServer","eb79061a-a566-4698-9119-3ed2807060e7",261,0,16,"Microsoft-Windows-DNS-Server/Analytical ",4,"Information ",0,2,"RECURSE_QUERY ",9223372036854775840,"7/27/2023, 2:46:15.714 PM",2908,4024,INFO,2,INFO,windns,"NT AUTHORITY",SYSTEM,"S-1-5-18",User,33792,0,"0.0.0.0","150.171.10.201",,"ipv4-weu-oi-ods-cses-i.westeurope.cloudapp.azure.com.",1,30641,0,30641,false,false,true,QUERY,true,NOERROR,false,false,false,"[{""dns.query.name"":""ipv4-weu-oi-ods-cses-i.westeurope.cloudapp.azure.com"",""dns.query.type"":""A"",""dns.query.class"":""IN""}]",0x77B18400000100010000000116697076342D7765752D6F692D6F64732D637365732D690A776573746575726F706508636C6F756461707005617A75726503636F6D0000010001C00C000100010000000A00046828AA4000002904D0000000000000,".","e155c903-cd3e-413e-9224-008891c50578","7/27/2023, 2:46:18.255 PM","in_windowsdns_auditanalytics_sentinel_windows","im_etw","172.18.88.20","N/A",,1,0,,,,,,,,,"NXLog_DNS_Server_CL",
"0b2a9277-f48f-49f6-b78d-d8bfd6dea87a",RestAPI,,,"7/27/2023, 2:46:18.439 PM",,,,,,,,,,,,,,,,,,,,,,"[{""dns.answer.name"":""0b2a9277-f48f-49f6-b78d-d8bfd6dea87a.ods.opinsights.azure.com"",""dns.answer.type"":""CNAME"",""dns.answer.class"":""IN"",""dns.answer.ttl"":26,""dns.answer.data"":""opinsightsweuods.trafficmanager.net""},{""dns.answer.name"":""opinsightsweuods.trafficmanager.net"",""dns.answer.type"":""CNAME"",""dns.answer.class"":""IN"",""dns.answer.ttl"":26,""dns.answer.data"":""ipv4-weu-oi-ods-cses-i.westeurope.cloudapp.azure.com""},{""dns.answer.name"":""ipv4-weu-oi-ods-cses-i.westeurope.cloudapp.azure.com"",""dns.answer.type"":""A"",""dns.answer.class"":""IN"",""dns.answer.ttl"":9,""dns.answer.data"":""104.40.170.64""}]",,"Microsoft-Windows-DNSServer","eb79061a-a566-4698-9119-3ed2807060e7",257,0,16,"Microsoft-Windows-DNS-Server/Analytical ",4,"Information ",0,1,"LOOK_UP ",9223372036854775810,"7/27/2023, 2:46:15.714 PM",2908,4024,INFO,2,INFO,windns,"NT AUTHORITY",SYSTEM,"S-1-5-18",User,33152,0,"172.18.88.20",,,"0b2a9277-f48f-49f6-b78d-d8bfd6dea87a.ods.opinsights.azure.com.",1,49962,63296,49962,true,false,false,QUERY,true,NOERROR,false,false,true,"[{""dns.query.name"":""0b2a9277-f48f-49f6-b78d-d8bfd6dea87a.ods.opinsights.azure.com"",""dns.query.type"":""A"",""dns.query.class"":""IN""}]",0xC32A818000010003000000002430623261393237372D663438662D343966362D623738642D643862666436646561383761036F64730A6F70696E73696768747305617A75726503636F6D0000010001C00C000500010000001A0025106F70696E7369676874737765756F64730E747261666669636D616E61676572036E657400C05B000500010000001A002D16697076342D7765752D6F692D6F64732D637365732D690A776573746575726F706508636C6F7564617070C040C08C000100010000000900046828AA40,"VirtualizationInstance:.","e155c903-cd3e-413e-9224-008891c50578","7/27/2023, 2:46:18.255 PM","in_windowsdns_auditanalytics_sentinel_windows","im_etw","172.18.88.20","N/A","172.18.88.20",0,0,0,0,Default,"..Cache",NULL,,30,,"NXLog_DNS_Server_CL",
"0b2a9277-f48f-49f6-b78d-d8bfd6dea87a",RestAPI,,,"7/27/2023, 2:46:29.918 PM",,,,,,,,,,,,,,,,,,,,,,,,"Microsoft-Windows-DNSServer","eb79061a-a566-4698-9119-3ed2807060e7",256,0,16,"Microsoft-Windows-DNS-Server/Analytical ",4,"Information ",0,1,"LOOK_UP ",9223372036854775809,"7/27/2023, 2:46:27.001 PM",2908,4024,INFO,2,INFO,windns,"NT AUTHORITY",SYSTEM,"S-1-5-18",User,256,0,"172.18.88.20","172.18.88.20",1,"v20.events.data.microsoft.com.",1,23053,57919,23053,true,false,false,QUERY,false,NOERROR,false,false,false,"[{""dns.query.name"":""v20.events.data.microsoft.com"",""dns.query.type"":""A"",""dns.query.class"":""IN""}]",0x5A0D0100000100000000000003763230066576656E74730464617461096D6963726F736F667403636F6D0000010001,".","69443701-61fe-4ee2-bd6b-0968109d93b8","7/27/2023, 2:46:28.990 PM","in_windowsdns_auditanalytics_sentinel_windows","im_etw","172.18.88.20","N/A",,,,,,,,,,,,"NXLog_DNS_Server_CL",
"0b2a9277-f48f-49f6-b78d-d8bfd6dea87a",RestAPI,,,"7/27/2023, 2:46:29.918 PM",,,,,,,,,,,,,,,,,,23053,,".",Default,,,"Microsoft-Windows-DNSServer","eb79061a-a566-4698-9119-3ed2807060e7",260,0,16,"Microsoft-Windows-DNS-Server/Analytical ",4,"Information ",0,2,"RECURSE_QUERY ",9223372036854775824,"7/27/2023, 2:46:27.001 PM",2908,4024,INFO,2,INFO,windns,"NT AUTHORITY",SYSTEM,"S-1-5-18",User,0,0,"0.0.0.0",,0,"v20.events.data.microsoft.com.",1,52268,0,52268,false,false,false,QUERY,false,NOERROR,false,false,false,"[{""dns.query.name"":""v20.events.data.microsoft.com"",""dns.query.type"":""A"",""dns.query.class"":""IN""}]",0xCC2C0000000100000000000103763230066576656E74730464617461096D6963726F736F667403636F6D00000100010000290FA0000000000000,".","69443701-61fe-4ee2-bd6b-0968109d93b8","7/27/2023, 2:46:28.990 PM","in_windowsdns_auditanalytics_sentinel_windows","im_etw","172.18.88.20","N/A","150.171.10.39",,,,,,,NULL,,,,"NXLog_DNS_Server_CL",
"0b2a9277-f48f-49f6-b78d-d8bfd6dea87a",RestAPI,,,"7/27/2023, 2:46:29.918 PM",,,,,,,,,,,,,,,,,,,1,".",Default,"[{""dns.answer.name"":""v20.events.data.microsoft.com"",""dns.answer.type"":""CNAME"",""dns.answer.class"":""IN"",""dns.answer.ttl"":120,""dns.answer.data"":""win-global-asimov-leafs-events-data.trafficmanager.net""}]",0,"Microsoft-Windows-DNSServer","eb79061a-a566-4698-9119-3ed2807060e7",261,0,16,"Microsoft-Windows-DNS-Server/Analytical ",4,"Information ",0,2,"RECURSE_QUERY ",9223372036854775840,"7/27/2023, 2:46:27.027 PM",2908,4024,INFO,2,INFO,windns,"NT AUTHORITY",SYSTEM,"S-1-5-18",User,33792,0,"0.0.0.0","150.171.10.39",,"v20.events.data.microsoft.com.",1,52268,0,52268,false,false,true,QUERY,true,NOERROR,false,false,false,"[{""dns.query.name"":""v20.events.data.microsoft.com"",""dns.query.type"":""A"",""dns.query.class"":""IN""}]",0xCC2C8400000100010000000103763230066576656E74730464617461096D6963726F736F667403636F6D0000010001C00C000500010000007800382377696E2D676C6F62616C2D6173696D6F762D6C656166732D6576656E74732D646174610E747261666669636D616E61676572036E65740000002904D0000000000000,".","69443701-61fe-4ee2-bd6b-0968109d93b8","7/27/2023, 2:46:28.990 PM","in_windowsdns_auditanalytics_sentinel_windows","im_etw","172.18.88.20","N/A",,1,0,,,,,,,,,"NXLog_DNS_Server_CL",
"0b2a9277-f48f-49f6-b78d-d8bfd6dea87a",RestAPI,,,"7/27/2023, 2:46:29.918 PM",,,,,,,,,,,,,,,,,,,,,,,,"Microsoft-Windows-DNSServer","eb79061a-a566-4698-9119-3ed2807060e7",279,0,16,"Microsoft-Windows-DNS-Server/Analytical ",4,"Information ",0,1,"LOOK_UP ",9223372071214514176,"7/27/2023, 2:46:27.027 PM",2908,4024,INFO,2,INFO,windns,"NT AUTHORITY",SYSTEM,"S-1-5-18",User,33152,0,"172.18.88.20","172.18.88.20",1,"win-global-asimov-leafs-events-data.trafficmanager.net.",1,23053,57919,23053,true,false,false,QUERY,true,NOERROR,false,false,true,"[{""dns.query.name"":""v20.events.data.microsoft.com"",""dns.query.type"":""A"",""dns.query.class"":""IN""}]",0x5A0D8180000100010000000003763230066576656E74730464617461096D6963726F736F667403636F6D0000010001,,,"7/27/2023, 2:46:28.990 PM","in_windowsdns_auditanalytics_sentinel_windows","im_etw","172.18.88.20","N/A",,,,,,,,,,,"N/A","NXLog_DNS_Server_CL",
"0b2a9277-f48f-49f6-b78d-d8bfd6dea87a",RestAPI,,,"7/27/2023, 2:46:29.918 PM",,,,,,,,,,,,,,,,,,23053,,".",Default,,,"Microsoft-Windows-DNSServer","eb79061a-a566-4698-9119-3ed2807060e7",260,0,16,"Microsoft-Windows-DNS-Server/Analytical ",4,"Information ",0,2,"RECURSE_QUERY ",9223372036854775824,"7/27/2023, 2:46:27.027 PM",2908,4024,INFO,2,INFO,windns,"NT AUTHORITY",SYSTEM,"S-1-5-18",User,0,0,"0.0.0.0",,0,"win-global-asimov-leafs-events-data.trafficmanager.NET.",1,38361,0,38361,false,false,false,QUERY,false,NOERROR,false,false,false,"[{""dns.query.name"":""win-global-asimov-leafs-events-data.trafficmanager.NET"",""dns.query.type"":""A"",""dns.query.class"":""IN""}]",0x95D9000000010000000000012377696E2D676C6F62616C2D6173696D6F762D6C656166732D6576656E74732D646174610E747261666669636D616E61676572034E455400000100010000290FA0000000000000,".","69443701-61fe-4ee2-bd6b-0968109d93b8","7/27/2023, 2:46:28.990 PM","in_windowsdns_auditanalytics_sentinel_windows","im_etw","172.18.88.20","N/A","13.107.222.240",,,,,,,NULL,,,,"NXLog_DNS_Server_CL",
"0b2a9277-f48f-49f6-b78d-d8bfd6dea87a",RestAPI,,,"7/27/2023, 2:46:29.918 PM",,,,,,,,,,,,,,,,,,,2,".",Default,"[{""dns.answer.name"":""win-global-asimov-leafs-events-data.trafficmanager.NET"",""dns.answer.type"":""CNAME"",""dns.answer.class"":""IN"",""dns.answer.ttl"":60,""dns.answer.data"":""onedscolprdeus07.eastus.cloudapp.azure.com""}]",0,"Microsoft-Windows-DNSServer","eb79061a-a566-4698-9119-3ed2807060e7",261,0,16,"Microsoft-Windows-DNS-Server/Analytical ",4,"Information ",0,2,"RECURSE_QUERY ",9223372036854775840,"7/27/2023, 2:46:27.056 PM",2908,4024,INFO,2,INFO,windns,"NT AUTHORITY",SYSTEM,"S-1-5-18",User,33792,0,"0.0.0.0","13.107.222.240",,"win-global-asimov-leafs-events-data.trafficmanager.NET.",1,38361,0,38361,false,false,true,QUERY,true,NOERROR,false,false,false,"[{""dns.query.name"":""win-global-asimov-leafs-events-data.trafficmanager.NET"",""dns.query.type"":""A"",""dns.query.class"":""IN""}]",0x95D9840000010001000000012377696E2D676C6F62616C2D6173696D6F762D6C656166732D6576656E74732D646174610E747261666669636D616E61676572034E45540000010001C00C000500010000003C002C106F6E656473636F6C70726465757330370665617374757308636C6F756461707005617A75726503636F6D0000002904D0000000000000,".","69443701-61fe-4ee2-bd6b-0968109d93b8","7/27/2023, 2:46:28.990 PM","in_windowsdns_auditanalytics_sentinel_windows","im_etw","172.18.88.20","N/A",,1,0,,,,,,,,,"NXLog_DNS_Server_CL",
"0b2a9277-f48f-49f6-b78d-d8bfd6dea87a",RestAPI,,,"7/27/2023, 2:46:29.918 PM",,,,,,,,,,,,,,,,,,,,,,,,"Microsoft-Windows-DNSServer","eb79061a-a566-4698-9119-3ed2807060e7",279,0,16,"Microsoft-Windows-DNS-Server/Analytical ",4,"Information ",0,1,"LOOK_UP ",9223372071214514176,"7/27/2023, 2:46:27.057 PM",2908,4024,INFO,2,INFO,windns,"NT AUTHORITY",SYSTEM,"S-1-5-18",User,33152,0,"172.18.88.20","172.18.88.20",1,"onedscolprdeus07.eastus.cloudapp.azure.com.",1,23053,57919,23053,true,false,false,QUERY,true,NOERROR,false,false,true,"[{""dns.query.name"":""v20.events.data.microsoft.com"",""dns.query.type"":""A"",""dns.query.class"":""IN""}]",0x5A0D8180000100020000000003763230066576656E74730464617461096D6963726F736F667403636F6D0000010001,,,"7/27/2023, 2:46:28.990 PM","in_windowsdns_auditanalytics_sentinel_windows","im_etw","172.18.88.20","N/A",,,,,,,,,,,"N/A","NXLog_DNS_Server_CL",
"0b2a9277-f48f-49f6-b78d-d8bfd6dea87a",RestAPI,,,"7/27/2023, 2:46:29.918 PM",,,,,,,,,,,,,,,,,,23053,,".",Default,,,"Microsoft-Windows-DNSServer","eb79061a-a566-4698-9119-3ed2807060e7",260,0,16,"Microsoft-Windows-DNS-Server/Analytical ",4,"Information ",0,2,"RECURSE_QUERY ",9223372036854775824,"7/27/2023, 2:46:27.057 PM",2908,4024,INFO,2,INFO,windns,"NT AUTHORITY",SYSTEM,"S-1-5-18",User,0,0,"0.0.0.0",,0,"onedscolprdeus07.eastus.cloudapp.azure.com.",1,36092,0,36092,false,false,false,QUERY,false,NOERROR,false,false,false,"[{""dns.query.name"":""onedscolprdeus07.eastus.cloudapp.azure.com"",""dns.query.type"":""A"",""dns.query.class"":""IN""}]",0x8CFC00000001000000000001106F6E656473636F6C70726465757330370665617374757308636C6F756461707005617A75726503636F6D00000100010000290FA0000000000000,".","69443701-61fe-4ee2-bd6b-0968109d93b8","7/27/2023, 2:46:28.990 PM","in_windowsdns_auditanalytics_sentinel_windows","im_etw","172.18.88.20","N/A","150.171.16.39",,,,,,,NULL,,,,"NXLog_DNS_Server_CL",
"0b2a9277-f48f-49f6-b78d-d8bfd6dea87a",RestAPI,,,"7/27/2023, 2:46:29.918 PM",,,,,,,,,,,,,,,,,,,3,".",Default,,0,"Microsoft-Windows-DNSServer","eb79061a-a566-4698-9119-3ed2807060e7",261,0,16,"Microsoft-Windows-DNS-Server/Analytical ",4,"Information ",0,2,"RECURSE_QUERY ",9223372036854775840,"7/27/2023, 2:46:27.086 PM",2908,4024,INFO,2,INFO,windns,"NT AUTHORITY",SYSTEM,"S-1-5-18",User,32768,0,"0.0.0.0","150.171.16.39",,"onedscolprdeus07.eastus.cloudapp.azure.com.",1,36092,0,36092,false,false,false,QUERY,true,NOERROR,false,false,false,"[{""dns.query.name"":""onedscolprdeus07.eastus.cloudapp.azure.com"",""dns.query.type"":""A"",""dns.query.class"":""IN""}]",0x8CFC80000001000000040001106F6E656473636F6C70726465757330370665617374757308636C6F756461707005617A75726503636F6D0000010001C01D000200010000012C0014076E73392D32303109617A7572652D646E73C033C01D000200010000012C0018086E7331302D32303109617A7572652D646E73036E657400C01D000200010000012C0018086E7331312D32303109617A7572652D646E73036F726700C01D000200010000012C0019086E7331322D32303109617A7572652D646E7304696E666F0000002904D0000000000000,".","69443701-61fe-4ee2-bd6b-0968109d93b8","7/27/2023, 2:46:28.990 PM","in_windowsdns_auditanalytics_sentinel_windows","im_etw","172.18.88.20","N/A",,0,0,,,,,,"[{""dns.authority.name"":""eastus.cloudapp.azure.com"",""dns.authority.type"":""NS"",""dns.authority.class"":""IN"",""dns.authority.ttl"":300,""dns.authority.data"":""ns9-201.azure-dns.com""},{""dns.authority.name"":""eastus.cloudapp.azure.com"",""dns.authority.type"":""NS"",""dns.authority.class"":""IN"",""dns.authority.ttl"":300,""dns.authority.data"":""ns10-201.azure-dns.net""},{""dns.authority.name"":""eastus.cloudapp.azure.com"",""dns.authority.type"":""NS"",""dns.authority.class"":""IN"",""dns.authority.ttl"":300,""dns.authority.data"":""ns11-201.azure-dns.org""},{""dns.authority.name"":""eastus.cloudapp.azure.com"",""dns.authority.type"":""NS"",""dns.authority.class"":""IN"",""dns.authority.ttl"":300,""dns.authority.data"":""ns12-201.azure-dns.info""}]",,,"NXLog_DNS_Server_CL",
"0b2a9277-f48f-49f6-b78d-d8bfd6dea87a",RestAPI,,,"7/27/2023, 2:46:29.918 PM",,,,,,,,,,,,,,,,,,23053,,".",Default,,,"Microsoft-Windows-DNSServer","eb79061a-a566-4698-9119-3ed2807060e7",260,0,16,"Microsoft-Windows-DNS-Server/Analytical ",4,"Information ",0,2,"RECURSE_QUERY ",9223372036854775824,"7/27/2023, 2:46:27.086 PM",2908,4024,INFO,2,INFO,windns,"NT AUTHORITY",SYSTEM,"S-1-5-18",User,0,0,"0.0.0.0",,0,"onedscolprdeus07.eastus.cloudapp.azure.com.",1,54278,0,54278,false,false,false,QUERY,false,NOERROR,false,false,false,"[{""dns.query.name"":""onedscolprdeus07.eastus.cloudapp.azure.com"",""dns.query.type"":""A"",""dns.query.class"":""IN""}]",0xD40600000001000000000001106F6E656473636F6C70726465757330370665617374757308636C6F756461707005617A75726503636F6D00000100010000290FA0000000000000,".","69443701-61fe-4ee2-bd6b-0968109d93b8","7/27/2023, 2:46:28.990 PM","in_windowsdns_auditanalytics_sentinel_windows","im_etw","172.18.88.20","N/A","150.171.10.201",,,,,,,NULL,,,,"NXLog_DNS_Server_CL",
"0b2a9277-f48f-49f6-b78d-d8bfd6dea87a",RestAPI,,,"7/27/2023, 2:46:29.918 PM",,,,,,,,,,,,,,,,,,,4,".",Default,"[{""dns.answer.name"":""onedscolprdeus07.eastus.cloudapp.azure.com"",""dns.answer.type"":""A"",""dns.answer.class"":""IN"",""dns.answer.ttl"":10,""dns.answer.data"":""52.168.117.168""}]",0,"Microsoft-Windows-DNSServer","eb79061a-a566-4698-9119-3ed2807060e7",261,0,16,"Microsoft-Windows-DNS-Server/Analytical ",4,"Information ",0,2,"RECURSE_QUERY ",9223372036854775840,"7/27/2023, 2:46:27.111 PM",2908,4024,INFO,2,INFO,windns,"NT AUTHORITY",SYSTEM,"S-1-5-18",User,33792,0,"0.0.0.0","150.171.10.201",,"onedscolprdeus07.eastus.cloudapp.azure.com.",1,54278,0,54278,false,false,true,QUERY,true,NOERROR,false,false,false,"[{""dns.query.name"":""onedscolprdeus07.eastus.cloudapp.azure.com"",""dns.query.type"":""A"",""dns.query.class"":""IN""}]",0xD40684000001000100000001106F6E656473636F6C70726465757330370665617374757308636C6F756461707005617A75726503636F6D0000010001C00C000100010000000A000434A875A800002904D0000000000000,".","69443701-61fe-4ee2-bd6b-0968109d93b8","7/27/2023, 2:46:28.990 PM","in_windowsdns_auditanalytics_sentinel_windows","im_etw","172.18.88.20","N/A",,1,0,,,,,,,,,"NXLog_DNS_Server_CL",
"0b2a9277-f48f-49f6-b78d-d8bfd6dea87a",RestAPI,,,"7/27/2023, 2:46:29.918 PM",,,,,,,,,,,,,,,,,,,,,,"[{""dns.answer.name"":""v20.events.data.microsoft.com"",""dns.answer.type"":""CNAME"",""dns.answer.class"":""IN"",""dns.answer.ttl"":119,""dns.answer.data"":""win-global-asimov-leafs-events-data.trafficmanager.net""},{""dns.answer.name"":""win-global-asimov-leafs-events-data.trafficmanager.net"",""dns.answer.type"":""CNAME"",""dns.answer.class"":""IN"",""dns.answer.ttl"":59,""dns.answer.data"":""onedscolprdeus07.eastus.cloudapp.azure.com""},{""dns.answer.name"":""onedscolprdeus07.eastus.cloudapp.azure.com"",""dns.answer.type"":""A"",""dns.answer.class"":""IN"",""dns.answer.ttl"":9,""dns.answer.data"":""52.168.117.168""}]",,"Microsoft-Windows-DNSServer","eb79061a-a566-4698-9119-3ed2807060e7",257,0,16,"Microsoft-Windows-DNS-Server/Analytical ",4,"Information ",0,1,"LOOK_UP ",9223372036854775810,"7/27/2023, 2:46:27.111 PM",2908,4024,INFO,2,INFO,windns,"NT AUTHORITY",SYSTEM,"S-1-5-18",User,33152,0,"172.18.88.20",,,"v20.events.data.microsoft.com.",1,23053,57919,23053,true,false,false,QUERY,true,NOERROR,false,false,true,"[{""dns.query.name"":""v20.events.data.microsoft.com"",""dns.query.type"":""A"",""dns.query.class"":""IN""}]",0x5A0D8180000100030000000003763230066576656E74730464617461096D6963726F736F667403636F6D0000010001C00C000500010000007700382377696E2D676C6F62616C2D6173696D6F762D6C656166732D6576656E74732D646174610E747261666669636D616E61676572036E657400C03B000500010000003B0029106F6E656473636F6C70726465757330370665617374757308636C6F756461707005617A757265C026C07F0001000100000009000434A875A8,"VirtualizationInstance:.","69443701-61fe-4ee2-bd6b-0968109d93b8","7/27/2023, 2:46:28.990 PM","in_windowsdns_auditanalytics_sentinel_windows","im_etw","172.18.88.20","N/A","172.18.88.20",0,0,0,0,Default,"..Cache",NULL,,110,,"NXLog_DNS_Server_CL",
"0b2a9277-f48f-49f6-b78d-d8bfd6dea87a",RestAPI,,,"7/27/2023, 2:46:29.918 PM",,,,,,,,,,,,,,,,,,,,,,,,"Microsoft-Windows-DNSServer","eb79061a-a566-4698-9119-3ed2807060e7",256,0,16,"Microsoft-Windows-DNS-Server/Analytical ",4,"Information ",0,1,"LOOK_UP ",9223372036854775809,"7/27/2023, 2:46:27.223 PM",2908,4028,INFO,2,INFO,windns,"NT AUTHORITY",SYSTEM,"S-1-5-18",User,256,0,"172.18.88.20","172.18.88.20",1,"licensing.mp.microsoft.com.",1,48565,61737,48565,true,false,false,QUERY,false,NOERROR,false,false,false,"[{""dns.query.name"":""licensing.mp.microsoft.com"",""dns.query.type"":""A"",""dns.query.class"":""IN""}]",0xBDB501000001000000000000096C6963656E73696E67026D70096D6963726F736F667403636F6D0000010001,".","a6433215-8da0-43ed-a6fe-ad42fae58dbb","7/27/2023, 2:46:28.990 PM","in_windowsdns_auditanalytics_sentinel_windows","im_etw","172.18.88.20","N/A",,,,,,,,,,,,"NXLog_DNS_Server_CL",
"0b2a9277-f48f-49f6-b78d-d8bfd6dea87a",RestAPI,,,"7/27/2023, 2:46:29.918 PM",,,,,,,,,,,,,,,,,,,,,,,,"Microsoft-Windows-DNSServer","eb79061a-a566-4698-9119-3ed2807060e7",279,0,16,"Microsoft-Windows-DNS-Server/Analytical ",4,"Information ",0,1,"LOOK_UP ",9223372071214514176,"7/27/2023, 2:46:27.223 PM",2908,4028,INFO,2,INFO,windns,"NT AUTHORITY",SYSTEM,"S-1-5-18",User,33152,0,"172.18.88.20","172.18.88.20",1,"consumer-licensing-aks2aks.md.mp.microsoft.com.akadns.net.",1,48565,61737,48565,true,false,false,QUERY,true,NOERROR,false,false,true,"[{""dns.query.name"":""licensing.mp.microsoft.com"",""dns.query.type"":""A"",""dns.query.class"":""IN""}]",0xBDB581800001000100000000096C6963656E73696E67026D70096D6963726F736F667403636F6D0000010001,,,"7/27/2023, 2:46:28.990 PM","in_windowsdns_auditanalytics_sentinel_windows","im_etw","172.18.88.20","N/A",,,,,,,,,,,"N/A","NXLog_DNS_Server_CL",
