"46bec743-35fa-4608-b7e2-2aa3c38a97c2",OpsManager,"11/24/2023, 1:32:40.353 PM","Microsoft-Windows-Sysmon","Microsoft-Windows-Sysmon/Operational",WindowsEventLog,3,4,Information,"NT AUTHORITY\SYSTEM",,"<Param>technique_id=T1021,technique_name=Remote Services</Param><Param>2023-11-24 08:02:39.053</Param><Param>{8CAD0A01-4FEE-6560-1800-000000000F00}</Param><Param>1244</Param><Param>C:\Windows\System32\svchost.exe</Param><Param>NT AUTHORITY\NETWORK SERVICE</Param><Param>tcp</Param><Param>TRUE</Param><Param>TRUE</Param><Param>fe80:0:0:0:d024:56ce:c156:9dae</Param><Param>-</Param><Param>50150</Param><Param>-</Param><Param>TRUE</Param><Param>fe80:0:0:0:d024:56ce:c156:9dae</Param><Param>-</Param><Param>5985</Param><Param>-</Param>","<DataItem type=""System.XmlData"" time=""2023-11-24T13:32:40.3538790+05:30"" sourceHealthServiceId=""F57C2BCF-DE2B-DA7F-FD91-0649DF501A73""><EventData xmlns=""http://schemas.microsoft.com/win/2004/08/events/event""><Data Name=""RuleName"">technique_id=T1021,technique_name=Remote Services</Data><Data Name=""UtcTime"">2023-11-24 08:02:39.053</Data><Data Name=""ProcessGuid"">{8CAD0A01-4FEE-6560-1800-000000000F00}</Data><Data Name=""ProcessId"">1244</Data><Data Name=""Image"">C:\Windows\System32\svchost.exe</Data><Data Name=""User"">NT AUTHORITY\NETWORK SERVICE</Data><Data Name=""Protocol"">tcp</Data><Data Name=""Initiated"">true</Data><Data Name=""SourceIsIpv6"">true</Data><Data Name=""SourceIp"">fe80:0:0:0:d024:56ce:c156:9dae</Data><Data Name=""SourceHostname"">-</Data><Data Name=""SourcePort"">50150</Data><Data Name=""SourcePortName"">-</Data><Data Name=""DestinationIsIpv6"">true</Data><Data Name=""DestinationIp"">fe80:0:0:0:d024:56ce:c156:9dae</Data><Data Name=""DestinationHostname"">-</Data><Data Name=""DestinationPort"">5985</Data><Data Name=""DestinationPortName"">-</Data></EventData></DataItem>",3,"Network connection detected: RuleName: technique_id=T1021,technique_name=Remote Services UtcTime: 2023-11-24 08:02:39.053 ProcessGuid: {8CAD0A01-4FEE-6560-1800-000000000F00} ProcessId: 1244 Image: C:\Windows\System32\svchost.exe User: NT AUTHORITY\NETWORK SERVICE Protocol: tcp Initiated: TRUE SourceIsIpv6: TRUE SourceIp: fe80:0:0:0:d024:56ce:c156:9dae SourceHostname: - SourcePort: 50150 SourcePortName: - DestinationIsIpv6: TRUE DestinationIp: fe80:0:0:0:d024:56ce:c156:9dae DestinationHostname: - DestinationPort: 5985 DestinationPortName: - ","00000000-0000-0000-0000-000000000001","AOI-46bec743-35fa-4608-b7e2-2aa3c38a97c2",,,Event,"/subscriptions/4383ac89-7cd1-48c1-8061-b0b3c5ccfd97/resourcegroups/varunlab-rg/providers/microsoft.compute/virtualmachines/windowseventlogs"
"46bec743-35fa-4608-b7e2-2aa3c38a97c2",OpsManager,"11/24/2023, 1:32:40.353 PM","Microsoft-Windows-Sysmon","Microsoft-Windows-Sysmon/Operational",WindowsEventLog,3,4,Information,"NT AUTHORITY\SYSTEM",,"<Param>technique_id=T1021,technique_name=Remote Services</Param><Param>2023-11-24 08:02:39.053</Param><Param>{8CAD0A01-4FE6-6560-EB03-000000000000}</Param><Param>4</Param><Param>System</Param><Param>NT AUTHORITY\SYSTEM</Param><Param>tcp</Param><Param>FALSE</Param><Param>TRUE</Param><Param>fe80:0:0:0:d024:56ce:c156:9dae</Param><Param>-</Param><Param>50150</Param><Param>-</Param><Param>TRUE</Param><Param>fe80:0:0:0:d024:56ce:c156:9dae</Param><Param>-</Param><Param>5985</Param><Param>-</Param>","<DataItem type=""System.XmlData"" time=""2023-11-24T13:32:40.3539110+05:30"" sourceHealthServiceId=""F57C2BCF-DE2B-DA7F-FD91-0649DF501A73""><EventData xmlns=""http://schemas.microsoft.com/win/2004/08/events/event""><Data Name=""RuleName"">technique_id=T1021,technique_name=Remote Services</Data><Data Name=""UtcTime"">2023-11-24 08:02:39.053</Data><Data Name=""ProcessGuid"">{8CAD0A01-4FE6-6560-EB03-000000000000}</Data><Data Name=""ProcessId"">4</Data><Data Name=""Image"">System</Data><Data Name=""User"">NT AUTHORITY\SYSTEM</Data><Data Name=""Protocol"">tcp</Data><Data Name=""Initiated"">false</Data><Data Name=""SourceIsIpv6"">true</Data><Data Name=""SourceIp"">fe80:0:0:0:d024:56ce:c156:9dae</Data><Data Name=""SourceHostname"">-</Data><Data Name=""SourcePort"">50150</Data><Data Name=""SourcePortName"">-</Data><Data Name=""DestinationIsIpv6"">true</Data><Data Name=""DestinationIp"">fe80:0:0:0:d024:56ce:c156:9dae</Data><Data Name=""DestinationHostname"">-</Data><Data Name=""DestinationPort"">5985</Data><Data Name=""DestinationPortName"">-</Data></EventData></DataItem>",3,"Network connection detected: RuleName: technique_id=T1021,technique_name=Remote Services UtcTime: 2023-11-24 08:02:39.053 ProcessGuid: {8CAD0A01-4FE6-6560-EB03-000000000000} ProcessId: 4 Image: System User: NT AUTHORITY\SYSTEM Protocol: tcp Initiated: FALSE SourceIsIpv6: TRUE SourceIp: fe80:0:0:0:d024:56ce:c156:9dae SourceHostname: - SourcePort: 50150 SourcePortName: - DestinationIsIpv6: TRUE DestinationIp: fe80:0:0:0:d024:56ce:c156:9dae DestinationHostname: - DestinationPort: 5985 DestinationPortName: - ","00000000-0000-0000-0000-000000000001","AOI-46bec743-35fa-4608-b7e2-2aa3c38a97c2",,,Event,"/subscriptions/4383ac89-7cd1-48c1-8061-b0b3c5ccfd97/resourcegroups/varunlab-rg/providers/microsoft.compute/virtualmachines/windowseventlogs"
"46bec743-35fa-4608-b7e2-2aa3c38a97c2",OpsManager,"11/24/2023, 7:20:29.962 PM","Microsoft-Windows-Sysmon","Microsoft-Windows-Sysmon/Operational",WindowsEventLog,3,4,Information,"NT AUTHORITY\SYSTEM","LCID;1033	Locale;ENU	Message;Network connection detected:%nRuleName: %1!s!%nUtcTime: %2!s!%nProcessGuid: %3!s!%nProcessId: %4!s!%nImage: %5!s!%nUser: %6!s!%nProtocol: %7!s!%nInitiated: %8!s!%nSourceIsIpv6: %9!s!%nSourceIp: %10!s!%nSourceHostname: %11!s!%nSourcePort: %12!s!%nSourcePortName: %13!s!%nDestinationIsIpv6: %14!s!%nDestinationIp: %15!s!%nDestinationHostname: %16!s!%nDestinationPort: %17!s!%nDestinationPortName: %18!s! 	","<Param>technique_id=T1021,technique_name=Remote Services</Param><Param>2023-11-24 13:50:28.277</Param><Param>{8CAD0A01-A9F8-6560-1100-000000001100}</Param><Param>928</Param><Param>C:\Windows\System32\svchost.exe</Param><Param>NT AUTHORITY\NETWORK SERVICE</Param><Param>tcp</Param><Param>FALSE</Param><Param>FALSE</Param><Param>20.24.150.112</Param><Param>-</Param><Param>21251</Param><Param>-</Param><Param>FALSE</Param><Param>10.0.0.4</Param><Param>-</Param><Param>3389</Param><Param>-</Param>","<DataItem type=""System.XmlData"" time=""2023-11-24T19:20:29.9620206+05:30"" sourceHealthServiceId=""F57C2BCF-DE2B-DA7F-FD91-0649DF501A73""><EventData xmlns=""http://schemas.microsoft.com/win/2004/08/events/event""><Data Name=""RuleName"">technique_id=T1021,technique_name=Remote Services</Data><Data Name=""UtcTime"">2023-11-24 13:50:28.277</Data><Data Name=""ProcessGuid"">{8CAD0A01-A9F8-6560-1100-000000001100}</Data><Data Name=""ProcessId"">928</Data><Data Name=""Image"">C:\Windows\System32\svchost.exe</Data><Data Name=""User"">NT AUTHORITY\NETWORK SERVICE</Data><Data Name=""Protocol"">tcp</Data><Data Name=""Initiated"">false</Data><Data Name=""SourceIsIpv6"">false</Data><Data Name=""SourceIp"">20.24.150.112</Data><Data Name=""SourceHostname"">-</Data><Data Name=""SourcePort"">21251</Data><Data Name=""SourcePortName"">-</Data><Data Name=""DestinationIsIpv6"">false</Data><Data Name=""DestinationIp"">10.0.0.4</Data><Data Name=""DestinationHostname"">-</Data><Data Name=""DestinationPort"">3389</Data><Data Name=""DestinationPortName"">-</Data></EventData></DataItem>",3,"Network connection detected: RuleName: technique_id=T1021,technique_name=Remote Services UtcTime: 2023-11-24 13:50:28.277 ProcessGuid: {8CAD0A01-A9F8-6560-1100-000000001100} ProcessId: 928 Image: C:\Windows\System32\svchost.exe User: NT AUTHORITY\NETWORK SERVICE Protocol: tcp Initiated: FALSE SourceIsIpv6: FALSE SourceIp: 20.24.150.112 SourceHostname: - SourcePort: 21251 SourcePortName: - DestinationIsIpv6: FALSE DestinationIp: 10.0.0.4 DestinationHostname: - DestinationPort: 3389 DestinationPortName: - ","00000000-0000-0000-0000-000000000001","AOI-46bec743-35fa-4608-b7e2-2aa3c38a97c2",,,Event,"/subscriptions/4383ac89-7cd1-48c1-8061-b0b3c5ccfd97/resourcegroups/varunlab-rg/providers/microsoft.compute/virtualmachines/windowseventlogs"
"46bec743-35fa-4608-b7e2-2aa3c38a97c2",OpsManager,"11/24/2023, 7:44:10.294 PM","Microsoft-Windows-Sysmon","Microsoft-Windows-Sysmon/Operational",WindowsEventLog,3,4,Information,"NT AUTHORITY\SYSTEM","LCID;1033	Locale;ENU	Message;Network connection detected:%nRuleName: %1!s!%nUtcTime: %2!s!%nProcessGuid: %3!s!%nProcessId: %4!s!%nImage: %5!s!%nUser: %6!s!%nProtocol: %7!s!%nInitiated: %8!s!%nSourceIsIpv6: %9!s!%nSourceIp: %10!s!%nSourceHostname: %11!s!%nSourcePort: %12!s!%nSourcePortName: %13!s!%nDestinationIsIpv6: %14!s!%nDestinationIp: %15!s!%nDestinationHostname: %16!s!%nDestinationPort: %17!s!%nDestinationPortName: %18!s! 	","<Param>technique_id=T1021,technique_name=Remote Services</Param><Param>2023-11-24 14:14:08.765</Param><Param>{8CAD0A01-AFA5-6560-1000-000000001200}</Param><Param>904</Param><Param>C:\Windows\System32\svchost.exe</Param><Param>NT AUTHORITY\NETWORK SERVICE</Param><Param>tcp</Param><Param>FALSE</Param><Param>FALSE</Param><Param>20.24.150.112</Param><Param>-</Param><Param>50817</Param><Param>-</Param><Param>FALSE</Param><Param>10.0.0.4</Param><Param>-</Param><Param>3389</Param><Param>-</Param>","<DataItem type=""System.XmlData"" time=""2023-11-24T19:44:10.2945793+05:30"" sourceHealthServiceId=""F57C2BCF-DE2B-DA7F-FD91-0649DF501A73""><EventData xmlns=""http://schemas.microsoft.com/win/2004/08/events/event""><Data Name=""RuleName"">technique_id=T1021,technique_name=Remote Services</Data><Data Name=""UtcTime"">2023-11-24 14:14:08.765</Data><Data Name=""ProcessGuid"">{8CAD0A01-AFA5-6560-1000-000000001200}</Data><Data Name=""ProcessId"">904</Data><Data Name=""Image"">C:\Windows\System32\svchost.exe</Data><Data Name=""User"">NT AUTHORITY\NETWORK SERVICE</Data><Data Name=""Protocol"">tcp</Data><Data Name=""Initiated"">false</Data><Data Name=""SourceIsIpv6"">false</Data><Data Name=""SourceIp"">20.24.150.112</Data><Data Name=""SourceHostname"">-</Data><Data Name=""SourcePort"">50817</Data><Data Name=""SourcePortName"">-</Data><Data Name=""DestinationIsIpv6"">false</Data><Data Name=""DestinationIp"">10.0.0.4</Data><Data Name=""DestinationHostname"">-</Data><Data Name=""DestinationPort"">3389</Data><Data Name=""DestinationPortName"">-</Data></EventData></DataItem>",3,"Network connection detected: RuleName: technique_id=T1021,technique_name=Remote Services UtcTime: 2023-11-24 14:14:08.765 ProcessGuid: {8CAD0A01-AFA5-6560-1000-000000001200} ProcessId: 904 Image: C:\Windows\System32\svchost.exe User: NT AUTHORITY\NETWORK SERVICE Protocol: tcp Initiated: FALSE SourceIsIpv6: FALSE SourceIp: 20.24.150.112 SourceHostname: - SourcePort: 50817 SourcePortName: - DestinationIsIpv6: FALSE DestinationIp: 10.0.0.4 DestinationHostname: - DestinationPort: 3389 DestinationPortName: - ","00000000-0000-0000-0000-000000000001","AOI-46bec743-35fa-4608-b7e2-2aa3c38a97c2",,,Event,"/subscriptions/4383ac89-7cd1-48c1-8061-b0b3c5ccfd97/resourcegroups/varunlab-rg/providers/microsoft.compute/virtualmachines/windowseventlogs"
"46bec743-35fa-4608-b7e2-2aa3c38a97c2",OpsManager,"11/24/2023, 7:46:03.520 PM","Microsoft-Windows-Sysmon","Microsoft-Windows-Sysmon/Operational",WindowsEventLog,3,4,Information,"NT AUTHORITY\SYSTEM",,"<Param>technique_id=T1021,technique_name=Remote Services</Param><Param>2023-11-24 14:16:02.282</Param><Param>{8CAD0A01-AFA5-6560-1000-000000001200}</Param><Param>904</Param><Param>C:\Windows\System32\svchost.exe</Param><Param>NT AUTHORITY\NETWORK SERVICE</Param><Param>tcp</Param><Param>FALSE</Param><Param>FALSE</Param><Param>20.24.150.112</Param><Param>-</Param><Param>18816</Param><Param>-</Param><Param>FALSE</Param><Param>10.0.0.4</Param><Param>-</Param><Param>3389</Param><Param>-</Param>","<DataItem type=""System.XmlData"" time=""2023-11-24T19:46:03.5204948+05:30"" sourceHealthServiceId=""F57C2BCF-DE2B-DA7F-FD91-0649DF501A73""><EventData xmlns=""http://schemas.microsoft.com/win/2004/08/events/event""><Data Name=""RuleName"">technique_id=T1021,technique_name=Remote Services</Data><Data Name=""UtcTime"">2023-11-24 14:16:02.282</Data><Data Name=""ProcessGuid"">{8CAD0A01-AFA5-6560-1000-000000001200}</Data><Data Name=""ProcessId"">904</Data><Data Name=""Image"">C:\Windows\System32\svchost.exe</Data><Data Name=""User"">NT AUTHORITY\NETWORK SERVICE</Data><Data Name=""Protocol"">tcp</Data><Data Name=""Initiated"">false</Data><Data Name=""SourceIsIpv6"">false</Data><Data Name=""SourceIp"">20.24.150.112</Data><Data Name=""SourceHostname"">-</Data><Data Name=""SourcePort"">18816</Data><Data Name=""SourcePortName"">-</Data><Data Name=""DestinationIsIpv6"">false</Data><Data Name=""DestinationIp"">10.0.0.4</Data><Data Name=""DestinationHostname"">-</Data><Data Name=""DestinationPort"">3389</Data><Data Name=""DestinationPortName"">-</Data></EventData></DataItem>",3,"Network connection detected: RuleName: technique_id=T1021,technique_name=Remote Services UtcTime: 2023-11-24 14:16:02.282 ProcessGuid: {8CAD0A01-AFA5-6560-1000-000000001200} ProcessId: 904 Image: C:\Windows\System32\svchost.exe User: NT AUTHORITY\NETWORK SERVICE Protocol: tcp Initiated: FALSE SourceIsIpv6: FALSE SourceIp: 20.24.150.112 SourceHostname: - SourcePort: 18816 SourcePortName: - DestinationIsIpv6: FALSE DestinationIp: 10.0.0.4 DestinationHostname: - DestinationPort: 3389 DestinationPortName: - ","00000000-0000-0000-0000-000000000001","AOI-46bec743-35fa-4608-b7e2-2aa3c38a97c2",,,Event,"/subscriptions/4383ac89-7cd1-48c1-8061-b0b3c5ccfd97/resourcegroups/varunlab-rg/providers/microsoft.compute/virtualmachines/windowseventlogs"
"46bec743-35fa-4608-b7e2-2aa3c38a97c2",OpsManager,"11/6/2023, 9:37:34.699 PM","Microsoft-Windows-Sysmon","Microsoft-Windows-Sysmon/Operational",WindowsEventLog,3,4,Information,"NT AUTHORITY\SYSTEM","LCID;1033	Locale;ENU	Message;Network connection detected:%nRuleName: %1!s!%nUtcTime: %2!s!%nProcessGuid: %3!s!%nProcessId: %4!s!%nImage: %5!s!%nUser: %6!s!%nProtocol: %7!s!%nInitiated: %8!s!%nSourceIsIpv6: %9!s!%nSourceIp: %10!s!%nSourceHostname: %11!s!%nSourcePort: %12!s!%nSourcePortName: %13!s!%nDestinationIsIpv6: %14!s!%nDestinationIp: %15!s!%nDestinationHostname: %16!s!%nDestinationPort: %17!s!%nDestinationPortName: %18!s! 	","<Param>technique_id=T1021,technique_name=Remote Services</Param><Param>2023-11-06 16:07:33.546</Param><Param>{8CAD0A01-0EC6-6549-1700-000000000900}</Param><Param>1268</Param><Param>C:\Windows\System32\svchost.exe</Param><Param>NT AUTHORITY\NETWORK SERVICE</Param><Param>tcp</Param><Param>TRUE</Param><Param>TRUE</Param><Param>fe80:0:0:0:d024:56ce:c156:9dae</Param><Param>-</Param><Param>49753</Param><Param>-</Param><Param>TRUE</Param><Param>fe80:0:0:0:d024:56ce:c156:9dae</Param><Param>-</Param><Param>5985</Param><Param>-</Param>","<DataItem type=""System.XmlData"" time=""2023-11-06T21:37:34.6994844+05:30"" sourceHealthServiceId=""F57C2BCF-DE2B-DA7F-FD91-0649DF501A73""><EventData xmlns=""http://schemas.microsoft.com/win/2004/08/events/event""><Data Name=""RuleName"">technique_id=T1021,technique_name=Remote Services</Data><Data Name=""UtcTime"">2023-11-06 16:07:33.546</Data><Data Name=""ProcessGuid"">{8CAD0A01-0EC6-6549-1700-000000000900}</Data><Data Name=""ProcessId"">1268</Data><Data Name=""Image"">C:\Windows\System32\svchost.exe</Data><Data Name=""User"">NT AUTHORITY\NETWORK SERVICE</Data><Data Name=""Protocol"">tcp</Data><Data Name=""Initiated"">true</Data><Data Name=""SourceIsIpv6"">true</Data><Data Name=""SourceIp"">fe80:0:0:0:d024:56ce:c156:9dae</Data><Data Name=""SourceHostname"">-</Data><Data Name=""SourcePort"">49753</Data><Data Name=""SourcePortName"">-</Data><Data Name=""DestinationIsIpv6"">true</Data><Data Name=""DestinationIp"">fe80:0:0:0:d024:56ce:c156:9dae</Data><Data Name=""DestinationHostname"">-</Data><Data Name=""DestinationPort"">5985</Data><Data Name=""DestinationPortName"">-</Data></EventData></DataItem>",3,"Network connection detected: RuleName: technique_id=T1021,technique_name=Remote Services UtcTime: 2023-11-06 16:07:33.546 ProcessGuid: {8CAD0A01-0EC6-6549-1700-000000000900} ProcessId: 1268 Image: C:\Windows\System32\svchost.exe User: NT AUTHORITY\NETWORK SERVICE Protocol: tcp Initiated: TRUE SourceIsIpv6: TRUE SourceIp: fe80:0:0:0:d024:56ce:c156:9dae SourceHostname: - SourcePort: 49753 SourcePortName: - DestinationIsIpv6: TRUE DestinationIp: fe80:0:0:0:d024:56ce:c156:9dae DestinationHostname: - DestinationPort: 5985 DestinationPortName: - ","00000000-0000-0000-0000-000000000001","AOI-46bec743-35fa-4608-b7e2-2aa3c38a97c2",,,Event,"/subscriptions/4383ac89-7cd1-48c1-8061-b0b3c5ccfd97/resourcegroups/varunlab-rg/providers/microsoft.compute/virtualmachines/windowseventlogs"
"46bec743-35fa-4608-b7e2-2aa3c38a97c2",OpsManager,"11/6/2023, 9:37:34.699 PM","Microsoft-Windows-Sysmon","Microsoft-Windows-Sysmon/Operational",WindowsEventLog,3,4,Information,"NT AUTHORITY\SYSTEM",,"<Param>technique_id=T1021,technique_name=Remote Services</Param><Param>2023-11-06 16:07:33.546</Param><Param>{8CAD0A01-0EBD-6549-EB03-000000000000}</Param><Param>4</Param><Param>System</Param><Param>NT AUTHORITY\SYSTEM</Param><Param>tcp</Param><Param>FALSE</Param><Param>TRUE</Param><Param>fe80:0:0:0:d024:56ce:c156:9dae</Param><Param>-</Param><Param>49753</Param><Param>-</Param><Param>TRUE</Param><Param>fe80:0:0:0:d024:56ce:c156:9dae</Param><Param>-</Param><Param>5985</Param><Param>-</Param>","<DataItem type=""System.XmlData"" time=""2023-11-06T21:37:34.6995093+05:30"" sourceHealthServiceId=""F57C2BCF-DE2B-DA7F-FD91-0649DF501A73""><EventData xmlns=""http://schemas.microsoft.com/win/2004/08/events/event""><Data Name=""RuleName"">technique_id=T1021,technique_name=Remote Services</Data><Data Name=""UtcTime"">2023-11-06 16:07:33.546</Data><Data Name=""ProcessGuid"">{8CAD0A01-0EBD-6549-EB03-000000000000}</Data><Data Name=""ProcessId"">4</Data><Data Name=""Image"">System</Data><Data Name=""User"">NT AUTHORITY\SYSTEM</Data><Data Name=""Protocol"">tcp</Data><Data Name=""Initiated"">false</Data><Data Name=""SourceIsIpv6"">true</Data><Data Name=""SourceIp"">fe80:0:0:0:d024:56ce:c156:9dae</Data><Data Name=""SourceHostname"">-</Data><Data Name=""SourcePort"">49753</Data><Data Name=""SourcePortName"">-</Data><Data Name=""DestinationIsIpv6"">true</Data><Data Name=""DestinationIp"">fe80:0:0:0:d024:56ce:c156:9dae</Data><Data Name=""DestinationHostname"">-</Data><Data Name=""DestinationPort"">5985</Data><Data Name=""DestinationPortName"">-</Data></EventData></DataItem>",3,"Network connection detected: RuleName: technique_id=T1021,technique_name=Remote Services UtcTime: 2023-11-06 16:07:33.546 ProcessGuid: {8CAD0A01-0EBD-6549-EB03-000000000000} ProcessId: 4 Image: System User: NT AUTHORITY\SYSTEM Protocol: tcp Initiated: FALSE SourceIsIpv6: TRUE SourceIp: fe80:0:0:0:d024:56ce:c156:9dae SourceHostname: - SourcePort: 49753 SourcePortName: - DestinationIsIpv6: TRUE DestinationIp: fe80:0:0:0:d024:56ce:c156:9dae DestinationHostname: - DestinationPort: 5985 DestinationPortName: - ","00000000-0000-0000-0000-000000000001","AOI-46bec743-35fa-4608-b7e2-2aa3c38a97c2",,,Event,"/subscriptions/4383ac89-7cd1-48c1-8061-b0b3c5ccfd97/resourcegroups/varunlab-rg/providers/microsoft.compute/virtualmachines/windowseventlogs"
"46bec743-35fa-4608-b7e2-2aa3c38a97c2",OpsManager,"11/6/2023, 9:37:37.992 PM","Microsoft-Windows-Sysmon","Microsoft-Windows-Sysmon/Operational",WindowsEventLog,3,4,Information,"NT AUTHORITY\SYSTEM",,"<Param>technique_id=T1021,technique_name=Remote Services</Param><Param>2023-11-06 16:07:35.772</Param><Param>{8CAD0A01-0EC4-6549-1100-000000000900}</Param><Param>944</Param><Param>C:\Windows\System32\svchost.exe</Param><Param>NT AUTHORITY\NETWORK SERVICE</Param><Param>tcp</Param><Param>FALSE</Param><Param>FALSE</Param><Param>20.24.150.112</Param><Param>-</Param><Param>13890</Param><Param>-</Param><Param>FALSE</Param><Param>10.0.0.4</Param><Param>-</Param><Param>3389</Param><Param>-</Param>","<DataItem type=""System.XmlData"" time=""2023-11-06T21:37:37.9924083+05:30"" sourceHealthServiceId=""F57C2BCF-DE2B-DA7F-FD91-0649DF501A73""><EventData xmlns=""http://schemas.microsoft.com/win/2004/08/events/event""><Data Name=""RuleName"">technique_id=T1021,technique_name=Remote Services</Data><Data Name=""UtcTime"">2023-11-06 16:07:35.772</Data><Data Name=""ProcessGuid"">{8CAD0A01-0EC4-6549-1100-000000000900}</Data><Data Name=""ProcessId"">944</Data><Data Name=""Image"">C:\Windows\System32\svchost.exe</Data><Data Name=""User"">NT AUTHORITY\NETWORK SERVICE</Data><Data Name=""Protocol"">tcp</Data><Data Name=""Initiated"">false</Data><Data Name=""SourceIsIpv6"">false</Data><Data Name=""SourceIp"">20.24.150.112</Data><Data Name=""SourceHostname"">-</Data><Data Name=""SourcePort"">13890</Data><Data Name=""SourcePortName"">-</Data><Data Name=""DestinationIsIpv6"">false</Data><Data Name=""DestinationIp"">10.0.0.4</Data><Data Name=""DestinationHostname"">-</Data><Data Name=""DestinationPort"">3389</Data><Data Name=""DestinationPortName"">-</Data></EventData></DataItem>",3,"Network connection detected: RuleName: technique_id=T1021,technique_name=Remote Services UtcTime: 2023-11-06 16:07:35.772 ProcessGuid: {8CAD0A01-0EC4-6549-1100-000000000900} ProcessId: 944 Image: C:\Windows\System32\svchost.exe User: NT AUTHORITY\NETWORK SERVICE Protocol: tcp Initiated: FALSE SourceIsIpv6: FALSE SourceIp: 20.24.150.112 SourceHostname: - SourcePort: 13890 SourcePortName: - DestinationIsIpv6: FALSE DestinationIp: 10.0.0.4 DestinationHostname: - DestinationPort: 3389 DestinationPortName: - ","00000000-0000-0000-0000-000000000001","AOI-46bec743-35fa-4608-b7e2-2aa3c38a97c2",,,Event,"/subscriptions/4383ac89-7cd1-48c1-8061-b0b3c5ccfd97/resourcegroups/varunlab-rg/providers/microsoft.compute/virtualmachines/windowseventlogs"
"46bec743-35fa-4608-b7e2-2aa3c38a97c2",OpsManager,"11/6/2023, 10:21:29.172 PM","Microsoft-Windows-Sysmon","Microsoft-Windows-Sysmon/Operational",WindowsEventLog,3,4,Information,"NT AUTHORITY\SYSTEM","LCID;1033	Locale;ENU	Message;Network connection detected:%nRuleName: %1!s!%nUtcTime: %2!s!%nProcessGuid: %3!s!%nProcessId: %4!s!%nImage: %5!s!%nUser: %6!s!%nProtocol: %7!s!%nInitiated: %8!s!%nSourceIsIpv6: %9!s!%nSourceIp: %10!s!%nSourceHostname: %11!s!%nSourcePort: %12!s!%nSourcePortName: %13!s!%nDestinationIsIpv6: %14!s!%nDestinationIp: %15!s!%nDestinationHostname: %16!s!%nDestinationPort: %17!s!%nDestinationPortName: %18!s! 	","<Param>technique_id=T1021,technique_name=Remote Services</Param><Param>2023-11-06 16:51:28.125</Param><Param>{8CAD0A01-1987-6549-1000-000000000A00}</Param><Param>916</Param><Param>C:\Windows\System32\svchost.exe</Param><Param>NT AUTHORITY\NETWORK SERVICE</Param><Param>tcp</Param><Param>FALSE</Param><Param>FALSE</Param><Param>20.24.150.112</Param><Param>-</Param><Param>48640</Param><Param>-</Param><Param>FALSE</Param><Param>10.0.0.4</Param><Param>-</Param><Param>3389</Param><Param>-</Param>","<DataItem type=""System.XmlData"" time=""2023-11-06T22:21:29.1729053+05:30"" sourceHealthServiceId=""F57C2BCF-DE2B-DA7F-FD91-0649DF501A73""><EventData xmlns=""http://schemas.microsoft.com/win/2004/08/events/event""><Data Name=""RuleName"">technique_id=T1021,technique_name=Remote Services</Data><Data Name=""UtcTime"">2023-11-06 16:51:28.125</Data><Data Name=""ProcessGuid"">{8CAD0A01-1987-6549-1000-000000000A00}</Data><Data Name=""ProcessId"">916</Data><Data Name=""Image"">C:\Windows\System32\svchost.exe</Data><Data Name=""User"">NT AUTHORITY\NETWORK SERVICE</Data><Data Name=""Protocol"">tcp</Data><Data Name=""Initiated"">false</Data><Data Name=""SourceIsIpv6"">false</Data><Data Name=""SourceIp"">20.24.150.112</Data><Data Name=""SourceHostname"">-</Data><Data Name=""SourcePort"">48640</Data><Data Name=""SourcePortName"">-</Data><Data Name=""DestinationIsIpv6"">false</Data><Data Name=""DestinationIp"">10.0.0.4</Data><Data Name=""DestinationHostname"">-</Data><Data Name=""DestinationPort"">3389</Data><Data Name=""DestinationPortName"">-</Data></EventData></DataItem>",3,"Network connection detected: RuleName: technique_id=T1021,technique_name=Remote Services UtcTime: 2023-11-06 16:51:28.125 ProcessGuid: {8CAD0A01-1987-6549-1000-000000000A00} ProcessId: 916 Image: C:\Windows\System32\svchost.exe User: NT AUTHORITY\NETWORK SERVICE Protocol: tcp Initiated: FALSE SourceIsIpv6: FALSE SourceIp: 20.24.150.112 SourceHostname: - SourcePort: 48640 SourcePortName: - DestinationIsIpv6: FALSE DestinationIp: 10.0.0.4 DestinationHostname: - DestinationPort: 3389 DestinationPortName: - ","00000000-0000-0000-0000-000000000001","AOI-46bec743-35fa-4608-b7e2-2aa3c38a97c2",,,Event,"/subscriptions/4383ac89-7cd1-48c1-8061-b0b3c5ccfd97/resourcegroups/varunlab-rg/providers/microsoft.compute/virtualmachines/windowseventlogs"
"46bec743-35fa-4608-b7e2-2aa3c38a97c2",OpsManager,"11/6/2023, 9:45:41.166 PM","Microsoft-Windows-Sysmon","Microsoft-Windows-Sysmon/Operational",WindowsEventLog,3,4,Information,"NT AUTHORITY\SYSTEM",,"<Param>technique_id=T1036,technique_name=Masquerading</Param><Param>2023-11-06 16:15:39.893</Param><Param>{8CAD0A01-0F5C-6549-2201-000000000900}</Param><Param>1304</Param><Param>C:\ProgramData\Microsoft\Windows Defender\Platform\4.18.23090.2008-0\MpCmdRun.exe</Param><Param>NT AUTHORITY\NETWORK SERVICE</Param><Param>tcp</Param><Param>TRUE</Param><Param>FALSE</Param><Param>10.0.0.4</Param><Param>-</Param><Param>49860</Param><Param>-</Param><Param>FALSE</Param><Param>20.83.130.102</Param><Param>-</Param><Param>443</Param><Param>-</Param>","<DataItem type=""System.XmlData"" time=""2023-11-06T21:45:41.1663680+05:30"" sourceHealthServiceId=""F57C2BCF-DE2B-DA7F-FD91-0649DF501A73""><EventData xmlns=""http://schemas.microsoft.com/win/2004/08/events/event""><Data Name=""RuleName"">technique_id=T1036,technique_name=Masquerading</Data><Data Name=""UtcTime"">2023-11-06 16:15:39.893</Data><Data Name=""ProcessGuid"">{8CAD0A01-0F5C-6549-2201-000000000900}</Data><Data Name=""ProcessId"">1304</Data><Data Name=""Image"">C:\ProgramData\Microsoft\Windows Defender\Platform\4.18.23090.2008-0\MpCmdRun.exe</Data><Data Name=""User"">NT AUTHORITY\NETWORK SERVICE</Data><Data Name=""Protocol"">tcp</Data><Data Name=""Initiated"">true</Data><Data Name=""SourceIsIpv6"">false</Data><Data Name=""SourceIp"">10.0.0.4</Data><Data Name=""SourceHostname"">-</Data><Data Name=""SourcePort"">49860</Data><Data Name=""SourcePortName"">-</Data><Data Name=""DestinationIsIpv6"">false</Data><Data Name=""DestinationIp"">20.83.130.102</Data><Data Name=""DestinationHostname"">-</Data><Data Name=""DestinationPort"">443</Data><Data Name=""DestinationPortName"">-</Data></EventData></DataItem>",3,"Network connection detected: RuleName: technique_id=T1036,technique_name=Masquerading UtcTime: 2023-11-06 16:15:39.893 ProcessGuid: {8CAD0A01-0F5C-6549-2201-000000000900} ProcessId: 1304 Image: C:\ProgramData\Microsoft\Windows Defender\Platform\4.18.23090.2008-0\MpCmdRun.exe User: NT AUTHORITY\NETWORK SERVICE Protocol: tcp Initiated: TRUE SourceIsIpv6: FALSE SourceIp: 10.0.0.4 SourceHostname: - SourcePort: 49860 SourcePortName: - DestinationIsIpv6: FALSE DestinationIp: 20.83.130.102 DestinationHostname: - DestinationPort: 443 DestinationPortName: - ","00000000-0000-0000-0000-000000000001","AOI-46bec743-35fa-4608-b7e2-2aa3c38a97c2",,,Event,"/subscriptions/4383ac89-7cd1-48c1-8061-b0b3c5ccfd97/resourcegroups/varunlab-rg/providers/microsoft.compute/virtualmachines/windowseventlogs"
"46bec743-35fa-4608-b7e2-2aa3c38a97c2",OpsManager,"11/6/2023, 9:45:45.261 PM","Microsoft-Windows-Sysmon","Microsoft-Windows-Sysmon/Operational",WindowsEventLog,3,4,Information,"NT AUTHORITY\SYSTEM",,"<Param>technique_id=T1036,technique_name=Masquerading</Param><Param>2023-11-06 16:15:43.675</Param><Param>{8CAD0A01-0F5C-6549-2201-000000000900}</Param><Param>1304</Param><Param>C:\ProgramData\Microsoft\Windows Defender\Platform\4.18.23090.2008-0\MpCmdRun.exe</Param><Param>NT AUTHORITY\NETWORK SERVICE</Param><Param>tcp</Param><Param>TRUE</Param><Param>FALSE</Param><Param>10.0.0.4</Param><Param>-</Param><Param>49861</Param><Param>-</Param><Param>FALSE</Param><Param>20.83.130.102</Param><Param>-</Param><Param>443</Param><Param>-</Param>","<DataItem type=""System.XmlData"" time=""2023-11-06T21:45:45.2619461+05:30"" sourceHealthServiceId=""F57C2BCF-DE2B-DA7F-FD91-0649DF501A73""><EventData xmlns=""http://schemas.microsoft.com/win/2004/08/events/event""><Data Name=""RuleName"">technique_id=T1036,technique_name=Masquerading</Data><Data Name=""UtcTime"">2023-11-06 16:15:43.675</Data><Data Name=""ProcessGuid"">{8CAD0A01-0F5C-6549-2201-000000000900}</Data><Data Name=""ProcessId"">1304</Data><Data Name=""Image"">C:\ProgramData\Microsoft\Windows Defender\Platform\4.18.23090.2008-0\MpCmdRun.exe</Data><Data Name=""User"">NT AUTHORITY\NETWORK SERVICE</Data><Data Name=""Protocol"">tcp</Data><Data Name=""Initiated"">true</Data><Data Name=""SourceIsIpv6"">false</Data><Data Name=""SourceIp"">10.0.0.4</Data><Data Name=""SourceHostname"">-</Data><Data Name=""SourcePort"">49861</Data><Data Name=""SourcePortName"">-</Data><Data Name=""DestinationIsIpv6"">false</Data><Data Name=""DestinationIp"">20.83.130.102</Data><Data Name=""DestinationHostname"">-</Data><Data Name=""DestinationPort"">443</Data><Data Name=""DestinationPortName"">-</Data></EventData></DataItem>",3,"Network connection detected: RuleName: technique_id=T1036,technique_name=Masquerading UtcTime: 2023-11-06 16:15:43.675 ProcessGuid: {8CAD0A01-0F5C-6549-2201-000000000900} ProcessId: 1304 Image: C:\ProgramData\Microsoft\Windows Defender\Platform\4.18.23090.2008-0\MpCmdRun.exe User: NT AUTHORITY\NETWORK SERVICE Protocol: tcp Initiated: TRUE SourceIsIpv6: FALSE SourceIp: 10.0.0.4 SourceHostname: - SourcePort: 49861 SourcePortName: - DestinationIsIpv6: FALSE DestinationIp: 20.83.130.102 DestinationHostname: - DestinationPort: 443 DestinationPortName: - ","00000000-0000-0000-0000-000000000001","AOI-46bec743-35fa-4608-b7e2-2aa3c38a97c2",,,Event,"/subscriptions/4383ac89-7cd1-48c1-8061-b0b3c5ccfd97/resourcegroups/varunlab-rg/providers/microsoft.compute/virtualmachines/windowseventlogs"
"46bec743-35fa-4608-b7e2-2aa3c38a97c2",OpsManager,"11/6/2023, 9:37:58.305 PM","Microsoft-Windows-Sysmon","Microsoft-Windows-Sysmon/Operational",WindowsEventLog,3,4,Information,"NT AUTHORITY\SYSTEM",,"<Param>technique_id=T1036,technique_name=Masquerading</Param><Param>2023-11-06 16:07:57.115</Param><Param>{8CAD0A01-0F5C-6549-2201-000000000900}</Param><Param>1304</Param><Param>C:\ProgramData\Microsoft\Windows Defender\Platform\4.18.23090.2008-0\MpCmdRun.exe</Param><Param>NT AUTHORITY\NETWORK SERVICE</Param><Param>tcp</Param><Param>TRUE</Param><Param>FALSE</Param><Param>10.0.0.4</Param><Param>-</Param><Param>49764</Param><Param>-</Param><Param>FALSE</Param><Param>20.83.130.102</Param><Param>-</Param><Param>443</Param><Param>-</Param>","<DataItem type=""System.XmlData"" time=""2023-11-06T21:37:58.3058545+05:30"" sourceHealthServiceId=""F57C2BCF-DE2B-DA7F-FD91-0649DF501A73""><EventData xmlns=""http://schemas.microsoft.com/win/2004/08/events/event""><Data Name=""RuleName"">technique_id=T1036,technique_name=Masquerading</Data><Data Name=""UtcTime"">2023-11-06 16:07:57.115</Data><Data Name=""ProcessGuid"">{8CAD0A01-0F5C-6549-2201-000000000900}</Data><Data Name=""ProcessId"">1304</Data><Data Name=""Image"">C:\ProgramData\Microsoft\Windows Defender\Platform\4.18.23090.2008-0\MpCmdRun.exe</Data><Data Name=""User"">NT AUTHORITY\NETWORK SERVICE</Data><Data Name=""Protocol"">tcp</Data><Data Name=""Initiated"">true</Data><Data Name=""SourceIsIpv6"">false</Data><Data Name=""SourceIp"">10.0.0.4</Data><Data Name=""SourceHostname"">-</Data><Data Name=""SourcePort"">49764</Data><Data Name=""SourcePortName"">-</Data><Data Name=""DestinationIsIpv6"">false</Data><Data Name=""DestinationIp"">20.83.130.102</Data><Data Name=""DestinationHostname"">-</Data><Data Name=""DestinationPort"">443</Data><Data Name=""DestinationPortName"">-</Data></EventData></DataItem>",3,"Network connection detected: RuleName: technique_id=T1036,technique_name=Masquerading UtcTime: 2023-11-06 16:07:57.115 ProcessGuid: {8CAD0A01-0F5C-6549-2201-000000000900} ProcessId: 1304 Image: C:\ProgramData\Microsoft\Windows Defender\Platform\4.18.23090.2008-0\MpCmdRun.exe User: NT AUTHORITY\NETWORK SERVICE Protocol: tcp Initiated: TRUE SourceIsIpv6: FALSE SourceIp: 10.0.0.4 SourceHostname: - SourcePort: 49764 SourcePortName: - DestinationIsIpv6: FALSE DestinationIp: 20.83.130.102 DestinationHostname: - DestinationPort: 443 DestinationPortName: - ","00000000-0000-0000-0000-000000000001","AOI-46bec743-35fa-4608-b7e2-2aa3c38a97c2",,,Event,"/subscriptions/4383ac89-7cd1-48c1-8061-b0b3c5ccfd97/resourcegroups/varunlab-rg/providers/microsoft.compute/virtualmachines/windowseventlogs"
"46bec743-35fa-4608-b7e2-2aa3c38a97c2",OpsManager,"11/6/2023, 10:23:01.842 PM","Microsoft-Windows-Sysmon","Microsoft-Windows-Sysmon/Operational",WindowsEventLog,3,4,Information,"NT AUTHORITY\SYSTEM",,"<Param>technique_id=T1021,technique_name=Remote Services</Param><Param>2023-11-06 16:53:00.046</Param><Param>{8CAD0A01-1987-6549-1000-000000000A00}</Param><Param>916</Param><Param>C:\Windows\System32\svchost.exe</Param><Param>NT AUTHORITY\NETWORK SERVICE</Param><Param>tcp</Param><Param>FALSE</Param><Param>FALSE</Param><Param>20.24.150.112</Param><Param>-</Param><Param>26113</Param><Param>-</Param><Param>FALSE</Param><Param>10.0.0.4</Param><Param>-</Param><Param>3389</Param><Param>-</Param>","<DataItem type=""System.XmlData"" time=""2023-11-06T22:23:01.8420153+05:30"" sourceHealthServiceId=""F57C2BCF-DE2B-DA7F-FD91-0649DF501A73""><EventData xmlns=""http://schemas.microsoft.com/win/2004/08/events/event""><Data Name=""RuleName"">technique_id=T1021,technique_name=Remote Services</Data><Data Name=""UtcTime"">2023-11-06 16:53:00.046</Data><Data Name=""ProcessGuid"">{8CAD0A01-1987-6549-1000-000000000A00}</Data><Data Name=""ProcessId"">916</Data><Data Name=""Image"">C:\Windows\System32\svchost.exe</Data><Data Name=""User"">NT AUTHORITY\NETWORK SERVICE</Data><Data Name=""Protocol"">tcp</Data><Data Name=""Initiated"">false</Data><Data Name=""SourceIsIpv6"">false</Data><Data Name=""SourceIp"">20.24.150.112</Data><Data Name=""SourceHostname"">-</Data><Data Name=""SourcePort"">26113</Data><Data Name=""SourcePortName"">-</Data><Data Name=""DestinationIsIpv6"">false</Data><Data Name=""DestinationIp"">10.0.0.4</Data><Data Name=""DestinationHostname"">-</Data><Data Name=""DestinationPort"">3389</Data><Data Name=""DestinationPortName"">-</Data></EventData></DataItem>",3,"Network connection detected: RuleName: technique_id=T1021,technique_name=Remote Services UtcTime: 2023-11-06 16:53:00.046 ProcessGuid: {8CAD0A01-1987-6549-1000-000000000A00} ProcessId: 916 Image: C:\Windows\System32\svchost.exe User: NT AUTHORITY\NETWORK SERVICE Protocol: tcp Initiated: FALSE SourceIsIpv6: FALSE SourceIp: 20.24.150.112 SourceHostname: - SourcePort: 26113 SourcePortName: - DestinationIsIpv6: FALSE DestinationIp: 10.0.0.4 DestinationHostname: - DestinationPort: 3389 DestinationPortName: - ","00000000-0000-0000-0000-000000000001","AOI-46bec743-35fa-4608-b7e2-2aa3c38a97c2",,,Event,"/subscriptions/4383ac89-7cd1-48c1-8061-b0b3c5ccfd97/resourcegroups/varunlab-rg/providers/microsoft.compute/virtualmachines/windowseventlogs"
"46bec743-35fa-4608-b7e2-2aa3c38a97c2",OpsManager,"11/6/2023, 10:23:31.702 PM","Microsoft-Windows-Sysmon","Microsoft-Windows-Sysmon/Operational",WindowsEventLog,3,4,Information,"NT AUTHORITY\SYSTEM",,"<Param>technique_id=T1021,technique_name=Remote Services</Param><Param>2023-11-06 16:53:30.463</Param><Param>{8CAD0A01-198A-6549-1700-000000000A00}</Param><Param>1368</Param><Param>C:\Windows\System32\svchost.exe</Param><Param>NT AUTHORITY\NETWORK SERVICE</Param><Param>tcp</Param><Param>TRUE</Param><Param>TRUE</Param><Param>fe80:0:0:0:d024:56ce:c156:9dae</Param><Param>-</Param><Param>49748</Param><Param>-</Param><Param>TRUE</Param><Param>fe80:0:0:0:d024:56ce:c156:9dae</Param><Param>-</Param><Param>5985</Param><Param>-</Param>","<DataItem type=""System.XmlData"" time=""2023-11-06T22:23:31.7025246+05:30"" sourceHealthServiceId=""F57C2BCF-DE2B-DA7F-FD91-0649DF501A73""><EventData xmlns=""http://schemas.microsoft.com/win/2004/08/events/event""><Data Name=""RuleName"">technique_id=T1021,technique_name=Remote Services</Data><Data Name=""UtcTime"">2023-11-06 16:53:30.463</Data><Data Name=""ProcessGuid"">{8CAD0A01-198A-6549-1700-000000000A00}</Data><Data Name=""ProcessId"">1368</Data><Data Name=""Image"">C:\Windows\System32\svchost.exe</Data><Data Name=""User"">NT AUTHORITY\NETWORK SERVICE</Data><Data Name=""Protocol"">tcp</Data><Data Name=""Initiated"">true</Data><Data Name=""SourceIsIpv6"">true</Data><Data Name=""SourceIp"">fe80:0:0:0:d024:56ce:c156:9dae</Data><Data Name=""SourceHostname"">-</Data><Data Name=""SourcePort"">49748</Data><Data Name=""SourcePortName"">-</Data><Data Name=""DestinationIsIpv6"">true</Data><Data Name=""DestinationIp"">fe80:0:0:0:d024:56ce:c156:9dae</Data><Data Name=""DestinationHostname"">-</Data><Data Name=""DestinationPort"">5985</Data><Data Name=""DestinationPortName"">-</Data></EventData></DataItem>",3,"Network connection detected: RuleName: technique_id=T1021,technique_name=Remote Services UtcTime: 2023-11-06 16:53:30.463 ProcessGuid: {8CAD0A01-198A-6549-1700-000000000A00} ProcessId: 1368 Image: C:\Windows\System32\svchost.exe User: NT AUTHORITY\NETWORK SERVICE Protocol: tcp Initiated: TRUE SourceIsIpv6: TRUE SourceIp: fe80:0:0:0:d024:56ce:c156:9dae SourceHostname: - SourcePort: 49748 SourcePortName: - DestinationIsIpv6: TRUE DestinationIp: fe80:0:0:0:d024:56ce:c156:9dae DestinationHostname: - DestinationPort: 5985 DestinationPortName: - ","00000000-0000-0000-0000-000000000001","AOI-46bec743-35fa-4608-b7e2-2aa3c38a97c2",,,Event,"/subscriptions/4383ac89-7cd1-48c1-8061-b0b3c5ccfd97/resourcegroups/varunlab-rg/providers/microsoft.compute/virtualmachines/windowseventlogs"
"46bec743-35fa-4608-b7e2-2aa3c38a97c2",OpsManager,"11/6/2023, 10:23:31.702 PM","Microsoft-Windows-Sysmon","Microsoft-Windows-Sysmon/Operational",WindowsEventLog,3,4,Information,"NT AUTHORITY\SYSTEM",,"<Param>technique_id=T1021,technique_name=Remote Services</Param><Param>2023-11-06 16:53:30.463</Param><Param>{8CAD0A01-1986-6549-EB03-000000000000}</Param><Param>4</Param><Param>System</Param><Param>NT AUTHORITY\SYSTEM</Param><Param>tcp</Param><Param>FALSE</Param><Param>TRUE</Param><Param>fe80:0:0:0:d024:56ce:c156:9dae</Param><Param>-</Param><Param>49748</Param><Param>-</Param><Param>TRUE</Param><Param>fe80:0:0:0:d024:56ce:c156:9dae</Param><Param>-</Param><Param>5985</Param><Param>-</Param>","<DataItem type=""System.XmlData"" time=""2023-11-06T22:23:31.7025559+05:30"" sourceHealthServiceId=""F57C2BCF-DE2B-DA7F-FD91-0649DF501A73""><EventData xmlns=""http://schemas.microsoft.com/win/2004/08/events/event""><Data Name=""RuleName"">technique_id=T1021,technique_name=Remote Services</Data><Data Name=""UtcTime"">2023-11-06 16:53:30.463</Data><Data Name=""ProcessGuid"">{8CAD0A01-1986-6549-EB03-000000000000}</Data><Data Name=""ProcessId"">4</Data><Data Name=""Image"">System</Data><Data Name=""User"">NT AUTHORITY\SYSTEM</Data><Data Name=""Protocol"">tcp</Data><Data Name=""Initiated"">false</Data><Data Name=""SourceIsIpv6"">true</Data><Data Name=""SourceIp"">fe80:0:0:0:d024:56ce:c156:9dae</Data><Data Name=""SourceHostname"">-</Data><Data Name=""SourcePort"">49748</Data><Data Name=""SourcePortName"">-</Data><Data Name=""DestinationIsIpv6"">true</Data><Data Name=""DestinationIp"">fe80:0:0:0:d024:56ce:c156:9dae</Data><Data Name=""DestinationHostname"">-</Data><Data Name=""DestinationPort"">5985</Data><Data Name=""DestinationPortName"">-</Data></EventData></DataItem>",3,"Network connection detected: RuleName: technique_id=T1021,technique_name=Remote Services UtcTime: 2023-11-06 16:53:30.463 ProcessGuid: {8CAD0A01-1986-6549-EB03-000000000000} ProcessId: 4 Image: System User: NT AUTHORITY\SYSTEM Protocol: tcp Initiated: FALSE SourceIsIpv6: TRUE SourceIp: fe80:0:0:0:d024:56ce:c156:9dae SourceHostname: - SourcePort: 49748 SourcePortName: - DestinationIsIpv6: TRUE DestinationIp: fe80:0:0:0:d024:56ce:c156:9dae DestinationHostname: - DestinationPort: 5985 DestinationPortName: - ","00000000-0000-0000-0000-000000000001","AOI-46bec743-35fa-4608-b7e2-2aa3c38a97c2",,,Event,"/subscriptions/4383ac89-7cd1-48c1-8061-b0b3c5ccfd97/resourcegroups/varunlab-rg/providers/microsoft.compute/virtualmachines/windowseventlogs"
"46bec743-35fa-4608-b7e2-2aa3c38a97c2",OpsManager,"11/6/2023, 9:48:44.095 PM","Microsoft-Windows-Sysmon","Microsoft-Windows-Sysmon/Operational",WindowsEventLog,3,4,Information,"NT AUTHORITY\SYSTEM",,"<Param>technique_id=T1036,technique_name=Masquerading</Param><Param>2023-11-06 16:18:41.906</Param><Param>{8CAD0A01-0F5C-6549-2201-000000000900}</Param><Param>1304</Param><Param>C:\ProgramData\Microsoft\Windows Defender\Platform\4.18.23090.2008-0\MpCmdRun.exe</Param><Param>NT AUTHORITY\NETWORK SERVICE</Param><Param>tcp</Param><Param>TRUE</Param><Param>FALSE</Param><Param>10.0.0.4</Param><Param>-</Param><Param>49891</Param><Param>-</Param><Param>FALSE</Param><Param>20.83.130.102</Param><Param>-</Param><Param>443</Param><Param>-</Param>","<DataItem type=""System.XmlData"" time=""2023-11-06T21:48:44.0958333+05:30"" sourceHealthServiceId=""F57C2BCF-DE2B-DA7F-FD91-0649DF501A73""><EventData xmlns=""http://schemas.microsoft.com/win/2004/08/events/event""><Data Name=""RuleName"">technique_id=T1036,technique_name=Masquerading</Data><Data Name=""UtcTime"">2023-11-06 16:18:41.906</Data><Data Name=""ProcessGuid"">{8CAD0A01-0F5C-6549-2201-000000000900}</Data><Data Name=""ProcessId"">1304</Data><Data Name=""Image"">C:\ProgramData\Microsoft\Windows Defender\Platform\4.18.23090.2008-0\MpCmdRun.exe</Data><Data Name=""User"">NT AUTHORITY\NETWORK SERVICE</Data><Data Name=""Protocol"">tcp</Data><Data Name=""Initiated"">true</Data><Data Name=""SourceIsIpv6"">false</Data><Data Name=""SourceIp"">10.0.0.4</Data><Data Name=""SourceHostname"">-</Data><Data Name=""SourcePort"">49891</Data><Data Name=""SourcePortName"">-</Data><Data Name=""DestinationIsIpv6"">false</Data><Data Name=""DestinationIp"">20.83.130.102</Data><Data Name=""DestinationHostname"">-</Data><Data Name=""DestinationPort"">443</Data><Data Name=""DestinationPortName"">-</Data></EventData></DataItem>",3,"Network connection detected: RuleName: technique_id=T1036,technique_name=Masquerading UtcTime: 2023-11-06 16:18:41.906 ProcessGuid: {8CAD0A01-0F5C-6549-2201-000000000900} ProcessId: 1304 Image: C:\ProgramData\Microsoft\Windows Defender\Platform\4.18.23090.2008-0\MpCmdRun.exe User: NT AUTHORITY\NETWORK SERVICE Protocol: tcp Initiated: TRUE SourceIsIpv6: FALSE SourceIp: 10.0.0.4 SourceHostname: - SourcePort: 49891 SourcePortName: - DestinationIsIpv6: FALSE DestinationIp: 20.83.130.102 DestinationHostname: - DestinationPort: 443 DestinationPortName: - ","00000000-0000-0000-0000-000000000001","AOI-46bec743-35fa-4608-b7e2-2aa3c38a97c2",,,Event,"/subscriptions/4383ac89-7cd1-48c1-8061-b0b3c5ccfd97/resourcegroups/varunlab-rg/providers/microsoft.compute/virtualmachines/windowseventlogs"
"46bec743-35fa-4608-b7e2-2aa3c38a97c2",OpsManager,"11/6/2023, 10:05:21.162 PM","Microsoft-Windows-Sysmon","Microsoft-Windows-Sysmon/Operational",WindowsEventLog,3,4,Information,"NT AUTHORITY\SYSTEM",,"<Param>technique_id=T1021,technique_name=Remote Services</Param><Param>2023-11-06 16:35:19.990</Param><Param>{8CAD0A01-0EC4-6549-1100-000000000900}</Param><Param>944</Param><Param>C:\Windows\System32\svchost.exe</Param><Param>NT AUTHORITY\NETWORK SERVICE</Param><Param>tcp</Param><Param>FALSE</Param><Param>FALSE</Param><Param>20.24.150.112</Param><Param>-</Param><Param>28676</Param><Param>-</Param><Param>FALSE</Param><Param>10.0.0.4</Param><Param>-</Param><Param>3389</Param><Param>-</Param>","<DataItem type=""System.XmlData"" time=""2023-11-06T22:05:21.1627494+05:30"" sourceHealthServiceId=""F57C2BCF-DE2B-DA7F-FD91-0649DF501A73""><EventData xmlns=""http://schemas.microsoft.com/win/2004/08/events/event""><Data Name=""RuleName"">technique_id=T1021,technique_name=Remote Services</Data><Data Name=""UtcTime"">2023-11-06 16:35:19.990</Data><Data Name=""ProcessGuid"">{8CAD0A01-0EC4-6549-1100-000000000900}</Data><Data Name=""ProcessId"">944</Data><Data Name=""Image"">C:\Windows\System32\svchost.exe</Data><Data Name=""User"">NT AUTHORITY\NETWORK SERVICE</Data><Data Name=""Protocol"">tcp</Data><Data Name=""Initiated"">false</Data><Data Name=""SourceIsIpv6"">false</Data><Data Name=""SourceIp"">20.24.150.112</Data><Data Name=""SourceHostname"">-</Data><Data Name=""SourcePort"">28676</Data><Data Name=""SourcePortName"">-</Data><Data Name=""DestinationIsIpv6"">false</Data><Data Name=""DestinationIp"">10.0.0.4</Data><Data Name=""DestinationHostname"">-</Data><Data Name=""DestinationPort"">3389</Data><Data Name=""DestinationPortName"">-</Data></EventData></DataItem>",3,"Network connection detected: RuleName: technique_id=T1021,technique_name=Remote Services UtcTime: 2023-11-06 16:35:19.990 ProcessGuid: {8CAD0A01-0EC4-6549-1100-000000000900} ProcessId: 944 Image: C:\Windows\System32\svchost.exe User: NT AUTHORITY\NETWORK SERVICE Protocol: tcp Initiated: FALSE SourceIsIpv6: FALSE SourceIp: 20.24.150.112 SourceHostname: - SourcePort: 28676 SourcePortName: - DestinationIsIpv6: FALSE DestinationIp: 10.0.0.4 DestinationHostname: - DestinationPort: 3389 DestinationPortName: - ","00000000-0000-0000-0000-000000000001","AOI-46bec743-35fa-4608-b7e2-2aa3c38a97c2",,,Event,"/subscriptions/4383ac89-7cd1-48c1-8061-b0b3c5ccfd97/resourcegroups/varunlab-rg/providers/microsoft.compute/virtualmachines/windowseventlogs"
"46bec743-35fa-4608-b7e2-2aa3c38a97c2",OpsManager,"11/7/2023, 2:25:17.331 PM","Microsoft-Windows-Sysmon","Microsoft-Windows-Sysmon/Operational",WindowsEventLog,3,4,Information,"NT AUTHORITY\SYSTEM",,"<Param>technique_id=T1021,technique_name=Remote Services</Param><Param>2023-11-07 08:55:16.074</Param><Param>{8CAD0A01-198A-6549-1700-000000000A00}</Param><Param>1368</Param><Param>C:\Windows\System32\svchost.exe</Param><Param>NT AUTHORITY\NETWORK SERVICE</Param><Param>tcp</Param><Param>TRUE</Param><Param>TRUE</Param><Param>fe80:0:0:0:d024:56ce:c156:9dae</Param><Param>-</Param><Param>57511</Param><Param>-</Param><Param>TRUE</Param><Param>fe80:0:0:0:d024:56ce:c156:9dae</Param><Param>-</Param><Param>5985</Param><Param>-</Param>","<DataItem type=""System.XmlData"" time=""2023-11-07T14:25:17.3318707+05:30"" sourceHealthServiceId=""F57C2BCF-DE2B-DA7F-FD91-0649DF501A73""><EventData xmlns=""http://schemas.microsoft.com/win/2004/08/events/event""><Data Name=""RuleName"">technique_id=T1021,technique_name=Remote Services</Data><Data Name=""UtcTime"">2023-11-07 08:55:16.074</Data><Data Name=""ProcessGuid"">{8CAD0A01-198A-6549-1700-000000000A00}</Data><Data Name=""ProcessId"">1368</Data><Data Name=""Image"">C:\Windows\System32\svchost.exe</Data><Data Name=""User"">NT AUTHORITY\NETWORK SERVICE</Data><Data Name=""Protocol"">tcp</Data><Data Name=""Initiated"">true</Data><Data Name=""SourceIsIpv6"">true</Data><Data Name=""SourceIp"">fe80:0:0:0:d024:56ce:c156:9dae</Data><Data Name=""SourceHostname"">-</Data><Data Name=""SourcePort"">57511</Data><Data Name=""SourcePortName"">-</Data><Data Name=""DestinationIsIpv6"">true</Data><Data Name=""DestinationIp"">fe80:0:0:0:d024:56ce:c156:9dae</Data><Data Name=""DestinationHostname"">-</Data><Data Name=""DestinationPort"">5985</Data><Data Name=""DestinationPortName"">-</Data></EventData></DataItem>",3,"Network connection detected: RuleName: technique_id=T1021,technique_name=Remote Services UtcTime: 2023-11-07 08:55:16.074 ProcessGuid: {8CAD0A01-198A-6549-1700-000000000A00} ProcessId: 1368 Image: C:\Windows\System32\svchost.exe User: NT AUTHORITY\NETWORK SERVICE Protocol: tcp Initiated: TRUE SourceIsIpv6: TRUE SourceIp: fe80:0:0:0:d024:56ce:c156:9dae SourceHostname: - SourcePort: 57511 SourcePortName: - DestinationIsIpv6: TRUE DestinationIp: fe80:0:0:0:d024:56ce:c156:9dae DestinationHostname: - DestinationPort: 5985 DestinationPortName: - ","00000000-0000-0000-0000-000000000001","AOI-46bec743-35fa-4608-b7e2-2aa3c38a97c2",,,Event,"/subscriptions/4383ac89-7cd1-48c1-8061-b0b3c5ccfd97/resourcegroups/varunlab-rg/providers/microsoft.compute/virtualmachines/windowseventlogs"
