"0b2a9277-f48f-49f6-b78d-d8bfd6dea87a",RestAPI,,,"7/27/2023, 2:29:15.667 PM",,,,,,,,,,,,,,,,,,40932,,".",Default,,,"Microsoft-Windows-DNSServer","eb79061a-a566-4698-9119-3ed2807060e7",260,0,16,"Microsoft-Windows-DNS-Server/Analytical ",4,"Information ",0,2,"RECURSE_QUERY ",9223372036854775824,"7/27/2023, 2:29:12.042 PM",2908,4024,INFO,2,INFO,windns,"NT AUTHORITY",SYSTEM,"S-1-5-18",User,0,0,"0.0.0.0",,0,"opinsightsweuods.trafficmanager.NET.",1,64148,0,64148,false,false,false,QUERY,false,NOERROR,false,false,false,"[{""dns.query.name"":""opinsightsweuods.trafficmanager.NET"",""dns.query.type"":""A"",""dns.query.class"":""IN""}]",0xFA9400000001000000000001106F70696E7369676874737765756F64730E747261666669636D616E61676572034E455400000100010000290FA0000000000000,".","ec2bebc5-a9b0-4e57-b72d-5da3973da2dd","7/27/2023, 2:29:14.013 PM","in_windowsdns_auditanalytics_sentinel_windows","im_etw","172.18.88.20","N/A","13.107.222.240",,,,,,,NULL,,,,"NXLog_DNS_Server_CL",
"0b2a9277-f48f-49f6-b78d-d8bfd6dea87a",RestAPI,,,"7/27/2023, 2:29:15.667 PM",,,,,,,,,,,,,,,,,,,3,".",Default,"[{""dns.answer.name"":""opinsightsweuods.trafficmanager.NET"",""dns.answer.type"":""CNAME"",""dns.answer.class"":""IN"",""dns.answer.ttl"":300,""dns.answer.data"":""ipv4-weu-oi-ods-cses-f.westeurope.cloudapp.azure.com""}]",0,"Microsoft-Windows-DNSServer","eb79061a-a566-4698-9119-3ed2807060e7",261,0,16,"Microsoft-Windows-DNS-Server/Analytical ",4,"Information ",0,2,"RECURSE_QUERY ",9223372036854775840,"7/27/2023, 2:29:12.073 PM",2908,4024,INFO,2,INFO,windns,"NT AUTHORITY",SYSTEM,"S-1-5-18",User,33792,0,"0.0.0.0","13.107.222.240",,"opinsightsweuods.trafficmanager.NET.",1,64148,0,64148,false,false,true,QUERY,true,NOERROR,false,false,false,"[{""dns.query.name"":""opinsightsweuods.trafficmanager.NET"",""dns.query.type"":""A"",""dns.query.class"":""IN""}]",0xFA9484000001000100000001106F70696E7369676874737765756F64730E747261666669636D616E61676572034E45540000010001C00C000500010000012C003616697076342D7765752D6F692D6F64732D637365732D660A776573746575726F706508636C6F756461707005617A75726503636F6D0000002904D0000000000000,".","ec2bebc5-a9b0-4e57-b72d-5da3973da2dd","7/27/2023, 2:29:14.013 PM","in_windowsdns_auditanalytics_sentinel_windows","im_etw","172.18.88.20","N/A",,1,0,,,,,,,,,"NXLog_DNS_Server_CL",
"0b2a9277-f48f-49f6-b78d-d8bfd6dea87a",RestAPI,,,"7/27/2023, 2:29:15.667 PM",,,,,,,,,,,,,,,,,,,,,,,,"Microsoft-Windows-DNSServer","eb79061a-a566-4698-9119-3ed2807060e7",279,0,16,"Microsoft-Windows-DNS-Server/Analytical ",4,"Information ",0,1,"LOOK_UP ",9223372071214514176,"7/27/2023, 2:29:12.073 PM",2908,4024,INFO,2,INFO,windns,"NT AUTHORITY",SYSTEM,"S-1-5-18",User,33152,0,"172.18.88.20","172.18.88.20",1,"ipv4-weu-oi-ods-cses-f.westeurope.cloudapp.azure.com.",1,40932,52348,40932,true,false,false,QUERY,true,NOERROR,false,false,true,"[{""dns.query.name"":""0b2a9277-f48f-49f6-b78d-d8bfd6dea87a.ods.opinsights.azure.com"",""dns.query.type"":""A"",""dns.query.class"":""IN""}]",0x9FE4818000010002000000002430623261393237372D663438662D343966362D623738642D643862666436646561383761036F64730A6F70696E73696768747305617A75726503636F6D0000010001,,,"7/27/2023, 2:29:14.013 PM","in_windowsdns_auditanalytics_sentinel_windows","im_etw","172.18.88.20","N/A",,,,,,,,,,,"N/A","NXLog_DNS_Server_CL",
"0b2a9277-f48f-49f6-b78d-d8bfd6dea87a",RestAPI,,,"7/27/2023, 2:29:15.667 PM",,,,,,,,,,,,,,,,,,40932,,".",Default,,,"Microsoft-Windows-DNSServer","eb79061a-a566-4698-9119-3ed2807060e7",260,0,16,"Microsoft-Windows-DNS-Server/Analytical ",4,"Information ",0,2,"RECURSE_QUERY ",9223372036854775824,"7/27/2023, 2:29:12.073 PM",2908,4024,INFO,2,INFO,windns,"NT AUTHORITY",SYSTEM,"S-1-5-18",User,0,0,"0.0.0.0",,0,"ipv4-weu-oi-ods-cses-f.westeurope.cloudapp.azure.com.",1,61726,0,61726,false,false,false,QUERY,false,NOERROR,false,false,false,"[{""dns.query.name"":""ipv4-weu-oi-ods-cses-f.westeurope.cloudapp.azure.com"",""dns.query.type"":""A"",""dns.query.class"":""IN""}]",0xF11E0000000100000000000116697076342D7765752D6F692D6F64732D637365732D660A776573746575726F706508636C6F756461707005617A75726503636F6D00000100010000290FA0000000000000,".","ec2bebc5-a9b0-4e57-b72d-5da3973da2dd","7/27/2023, 2:29:14.013 PM","in_windowsdns_auditanalytics_sentinel_windows","im_etw","172.18.88.20","N/A","13.107.236.201",,,,,,,NULL,,,,"NXLog_DNS_Server_CL",
"0b2a9277-f48f-49f6-b78d-d8bfd6dea87a",RestAPI,,,"7/27/2023, 2:29:15.667 PM",,,,,,,,,,,,,,,,,,,4,".",Default,"[{""dns.answer.name"":""ipv4-weu-oi-ods-cses-f.westeurope.cloudapp.azure.com"",""dns.answer.type"":""A"",""dns.answer.class"":""IN"",""dns.answer.ttl"":10,""dns.answer.data"":""13.69.65.29""}]",0,"Microsoft-Windows-DNSServer","eb79061a-a566-4698-9119-3ed2807060e7",261,0,16,"Microsoft-Windows-DNS-Server/Analytical ",4,"Information ",0,2,"RECURSE_QUERY ",9223372036854775840,"7/27/2023, 2:29:12.102 PM",2908,4024,INFO,2,INFO,windns,"NT AUTHORITY",SYSTEM,"S-1-5-18",User,33792,0,"0.0.0.0","13.107.236.201",,"ipv4-weu-oi-ods-cses-f.westeurope.cloudapp.azure.com.",1,61726,0,61726,false,false,true,QUERY,true,NOERROR,false,false,false,"[{""dns.query.name"":""ipv4-weu-oi-ods-cses-f.westeurope.cloudapp.azure.com"",""dns.query.type"":""A"",""dns.query.class"":""IN""}]",0xF11E8400000100010000000116697076342D7765752D6F692D6F64732D637365732D660A776573746575726F706508636C6F756461707005617A75726503636F6D0000010001C00C000100010000000A00040D45411D00002904D0000000000000,".","ec2bebc5-a9b0-4e57-b72d-5da3973da2dd","7/27/2023, 2:29:14.013 PM","in_windowsdns_auditanalytics_sentinel_windows","im_etw","172.18.88.20","N/A",,1,0,,,,,,,,,"NXLog_DNS_Server_CL",
"0b2a9277-f48f-49f6-b78d-d8bfd6dea87a",RestAPI,,,"7/27/2023, 2:29:15.667 PM",,,,,,,,,,,,,,,,,,,,,,"[{""dns.answer.name"":""0b2a9277-f48f-49f6-b78d-d8bfd6dea87a.ods.opinsights.azure.com"",""dns.answer.type"":""CNAME"",""dns.answer.class"":""IN"",""dns.answer.ttl"":300,""dns.answer.data"":""opinsightsweuods.trafficmanager.net""},{""dns.answer.name"":""opinsightsweuods.trafficmanager.net"",""dns.answer.type"":""CNAME"",""dns.answer.class"":""IN"",""dns.answer.ttl"":300,""dns.answer.data"":""ipv4-weu-oi-ods-cses-f.westeurope.cloudapp.azure.com""},{""dns.answer.name"":""ipv4-weu-oi-ods-cses-f.westeurope.cloudapp.azure.com"",""dns.answer.type"":""A"",""dns.answer.class"":""IN"",""dns.answer.ttl"":10,""dns.answer.data"":""13.69.65.29""}]",,"Microsoft-Windows-DNSServer","eb79061a-a566-4698-9119-3ed2807060e7",257,0,16,"Microsoft-Windows-DNS-Server/Analytical ",4,"Information ",0,1,"LOOK_UP ",9223372036854775810,"7/27/2023, 2:29:12.102 PM",2908,4024,INFO,2,INFO,windns,"NT AUTHORITY",SYSTEM,"S-1-5-18",User,33152,0,"172.18.88.20",,,"0b2a9277-f48f-49f6-b78d-d8bfd6dea87a.ods.opinsights.azure.com.",1,40932,52348,40932,true,false,false,QUERY,true,NOERROR,false,false,true,"[{""dns.query.name"":""0b2a9277-f48f-49f6-b78d-d8bfd6dea87a.ods.opinsights.azure.com"",""dns.query.type"":""A"",""dns.query.class"":""IN""}]",0x9FE4818000010003000000002430623261393237372D663438662D343966362D623738642D643862666436646561383761036F64730A6F70696E73696768747305617A75726503636F6D0000010001C00C000500010000012C0025106F70696E7369676874737765756F64730E747261666669636D616E61676572036E657400C05B000500010000012C002D16697076342D7765752D6F692D6F64732D637365732D660A776573746575726F706508636C6F7564617070C040C08C000100010000000A00040D45411D,"VirtualizationInstance:.","ec2bebc5-a9b0-4e57-b72d-5da3973da2dd","7/27/2023, 2:29:14.528 PM","in_windowsdns_auditanalytics_sentinel_windows","im_etw","172.18.88.20","N/A","172.18.88.20",0,0,0,0,Default,"..Cache",NULL,,120,,"NXLog_DNS_Server_CL",
"0b2a9277-f48f-49f6-b78d-d8bfd6dea87a",RestAPI,,,"7/27/2023, 2:30:01.723 PM",,,,,,,,,,,,,,,,,,,,,,,,"Microsoft-Windows-DNSServer","eb79061a-a566-4698-9119-3ed2807060e7",256,0,16,"Microsoft-Windows-DNS-Server/Analytical ",4,"Information ",0,1,"LOOK_UP ",9223372036854775809,"7/27/2023, 2:29:59.030 PM",2908,4028,INFO,2,INFO,windns,"NT AUTHORITY",SYSTEM,"S-1-5-18",User,256,0,"172.18.88.20","172.18.88.20",1,"windns.local.",6,41786,65107,41786,true,false,false,QUERY,false,NOERROR,false,false,false,"[{""dns.query.name"":""windns.local"",""dns.query.type"":""SOA"",""dns.query.class"":""IN""}]",0xA33A010000010000000000000677696E646E73056C6F63616C0000060001,".","c4307789-5052-4796-b510-ba5be1b684f8","7/27/2023, 2:30:01.060 PM","in_windowsdns_auditanalytics_sentinel_windows","im_etw","172.18.88.20","N/A",,,,,,,,,,,,"NXLog_DNS_Server_CL",
"0b2a9277-f48f-49f6-b78d-d8bfd6dea87a",RestAPI,,,"7/27/2023, 2:30:01.723 PM",,,,,,,,,,,,,,,,,,,,,,,,"Microsoft-Windows-DNSServer","eb79061a-a566-4698-9119-3ed2807060e7",280,0,16,"Microsoft-Windows-DNS-Server/Analytical ",4,"Information ",0,1,"LOOK_UP ",9223372105574252544,"7/27/2023, 2:29:59.030 PM",2908,4028,INFO,2,INFO,windns,"NT AUTHORITY",SYSTEM,"S-1-5-18",User,34176,0,"172.18.88.20","172.18.88.20",1,"windns.local.",1,41786,65107,41786,true,false,true,QUERY,true,NOERROR,false,false,true,"[{""dns.query.name"":""windns.local"",""dns.query.type"":""SOA"",""dns.query.class"":""IN""}]",0xA33A858000010000000100000677696E646E73056C6F63616C0000060001,,,"7/27/2023, 2:30:01.060 PM","in_windowsdns_auditanalytics_sentinel_windows","im_etw","172.18.88.20","N/A",,,,,,,,,,,"N/A","NXLog_DNS_Server_CL",
"0b2a9277-f48f-49f6-b78d-d8bfd6dea87a",RestAPI,,,"7/27/2023, 2:30:01.723 PM",,,,,,,,,,,,,,,,,,,,,,,,"Microsoft-Windows-DNSServer","eb79061a-a566-4698-9119-3ed2807060e7",280,0,16,"Microsoft-Windows-DNS-Server/Analytical ",4,"Information ",0,1,"LOOK_UP ",9223372105574252544,"7/27/2023, 2:29:59.030 PM",2908,4028,INFO,2,INFO,windns,"NT AUTHORITY",SYSTEM,"S-1-5-18",User,34176,0,"172.18.88.20","172.18.88.20",1,"windns.local.",28,41786,65107,41786,true,false,true,QUERY,true,NOERROR,false,false,true,"[{""dns.query.name"":""windns.local"",""dns.query.type"":""SOA"",""dns.query.class"":""IN""}]",0xA33A858000010000000100010677696E646E73056C6F63616C0000060001,,,"7/27/2023, 2:30:01.060 PM","in_windowsdns_auditanalytics_sentinel_windows","im_etw","172.18.88.20","N/A",,,,,,,,,,,"N/A","NXLog_DNS_Server_CL",
"0b2a9277-f48f-49f6-b78d-d8bfd6dea87a",RestAPI,,,"7/27/2023, 2:30:01.723 PM",,,,,,,,,,,,,,,,,"[{""dns.additional.name"":""windns.local"",""dns.additional.type"":""A"",""dns.additional.class"":""IN"",""dns.additional.ttl"":3600,""dns.additional.data"":""172.18.88.20""}]",,,,,,,"Microsoft-Windows-DNSServer","eb79061a-a566-4698-9119-3ed2807060e7",257,0,16,"Microsoft-Windows-DNS-Server/Analytical ",4,"Information ",0,1,"LOOK_UP ",9223372036854775810,"7/27/2023, 2:29:59.031 PM",2908,4028,INFO,2,INFO,windns,"NT AUTHORITY",SYSTEM,"S-1-5-18",User,34176,0,"172.18.88.20",,,"windns.local.",6,41786,65107,41786,true,false,true,QUERY,true,NOERROR,false,false,true,"[{""dns.query.name"":""windns.local"",""dns.query.type"":""SOA"",""dns.query.class"":""IN""}]",0xA33A858000010000000100010677696E646E73056C6F63616C0000060001C0130006000100000E100023C00C0A686F73746D6173746572C0130000001500000384000002580001518000000E10C02A0001000100000E100004AC125814,"VirtualizationInstance:.","c4307789-5052-4796-b510-ba5be1b684f8","7/27/2023, 2:30:01.060 PM","in_windowsdns_auditanalytics_sentinel_windows","im_etw","172.18.88.20","N/A","172.18.88.20",1,0,0,0,Default,local,NULL,"[{""dns.authority.name"":""local"",""dns.authority.type"":""SOA"",""dns.authority.class"":""IN"",""dns.authority.ttl"":3600,""dns.soa.data.name_server"":""windns.local"",""dns.soa.data.auth_mailbox"":""hostmaster.local"",""dns.soa.data.serial_number"":21,""dns.soa.data.refresh_interval"":900,""dns.soa.data.retry_interval"":600,""dns.soa.data.expire_limit"":86400,""dns.soa.data.min_ttl"":3600}]",0,,"NXLog_DNS_Server_CL",
"0b2a9277-f48f-49f6-b78d-d8bfd6dea87a",RestAPI,,,"7/27/2023, 2:30:01.723 PM",,,,,,,,,,,,,,,,,,,,,,,,"Microsoft-Windows-DNSServer","eb79061a-a566-4698-9119-3ed2807060e7",256,0,16,"Microsoft-Windows-DNS-Server/Analytical ",4,"Information ",0,1,"LOOK_UP ",9223372036854775809,"7/27/2023, 2:29:59.033 PM",2908,4028,INFO,2,INFO,windns,"NT AUTHORITY",SYSTEM,"S-1-5-18",User,256,0,"172.18.88.20","172.18.88.20",1,"20.88.18.172.in-addr.arpa.",6,9072,65112,9072,true,false,false,QUERY,false,NOERROR,false,false,false,"[{""dns.query.name"":""20.88.18.172.in-addr.arpa"",""dns.query.type"":""SOA"",""dns.query.class"":""IN""}]",0x2370010000010000000000000232300238380231380331373207696E2D6164647204617270610000060001,".","32339224-184a-4b45-99de-134d2109ca6c","7/27/2023, 2:30:01.060 PM","in_windowsdns_auditanalytics_sentinel_windows","im_etw","172.18.88.20","N/A",,,,,,,,,,,,"NXLog_DNS_Server_CL",
"0b2a9277-f48f-49f6-b78d-d8bfd6dea87a",RestAPI,,,"7/27/2023, 2:30:01.723 PM",,,,,,,,,,,,,,,,,,9072,,".",Default,,,"Microsoft-Windows-DNSServer","eb79061a-a566-4698-9119-3ed2807060e7",260,0,16,"Microsoft-Windows-DNS-Server/Analytical ",4,"Information ",0,2,"RECURSE_QUERY ",9223372036854775824,"7/27/2023, 2:29:59.033 PM",2908,4028,INFO,2,INFO,windns,"NT AUTHORITY",SYSTEM,"S-1-5-18",User,0,0,"0.0.0.0",,0,"20.88.18.172.in-addr.arpa.",6,4564,0,4564,false,false,false,QUERY,false,NOERROR,false,false,false,"[{""dns.query.name"":""20.88.18.172.in-addr.arpa"",""dns.query.type"":""SOA"",""dns.query.class"":""IN""}]",0x11D4000000010000000000010232300238380231380331373207696E2D61646472046172706100000600010000290FA0000000000000,".","32339224-184a-4b45-99de-134d2109ca6c","7/27/2023, 2:30:01.060 PM","in_windowsdns_auditanalytics_sentinel_windows","im_etw","172.18.88.20","N/A","192.175.48.42",,,,,,,NULL,,,,"NXLog_DNS_Server_CL",
"0b2a9277-f48f-49f6-b78d-d8bfd6dea87a",RestAPI,,,"7/27/2023, 2:30:01.723 PM",,,,,,,,,,,,,,,,,,,1,".",Default,,0,"Microsoft-Windows-DNSServer","eb79061a-a566-4698-9119-3ed2807060e7",261,0,16,"Microsoft-Windows-DNS-Server/Analytical ",4,"Information ",0,2,"RECURSE_QUERY ",9223372036854775840,"7/27/2023, 2:29:59.139 PM",2908,4028,INFO,2,INFO,windns,"NT AUTHORITY",SYSTEM,"S-1-5-18",User,33795,0,"0.0.0.0","192.175.48.42",,"20.88.18.172.in-addr.arpa.",6,4564,0,4564,false,false,true,QUERY,true,NXDOMAIN,false,false,false,"[{""dns.query.name"":""20.88.18.172.in-addr.arpa"",""dns.query.type"":""SOA"",""dns.query.class"":""IN""}]",0x11D4840300010000000100010232300238380231380331373207696E2D6164647204617270610000060001C0120006000100093A80004108707269736F6E65720469616E61036F7267000A686F73746D61737465720C726F6F742D73657276657273C0450000000100093A800000003C00093A8000093A8000002904D0000000000000,".","32339224-184a-4b45-99de-134d2109ca6c","7/27/2023, 2:30:01.060 PM","in_windowsdns_auditanalytics_sentinel_windows","im_etw","172.18.88.20","N/A",,1,0,,,,,,"[{""dns.authority.name"":""18.172.in-addr.arpa"",""dns.authority.type"":""SOA"",""dns.authority.class"":""IN"",""dns.authority.ttl"":604800,""dns.soa.data.name_server"":""prisoner.iana.org"",""dns.soa.data.auth_mailbox"":""hostmaster.root-servers.org"",""dns.soa.data.serial_number"":1,""dns.soa.data.refresh_interval"":604800,""dns.soa.data.retry_interval"":60,""dns.soa.data.expire_limit"":604800,""dns.soa.data.min_ttl"":604800}]",,,"NXLog_DNS_Server_CL",
"0b2a9277-f48f-49f6-b78d-d8bfd6dea87a",RestAPI,,,"7/27/2023, 2:30:01.723 PM",,,,,,,,,,,,,,,,,,,,,,,,"Microsoft-Windows-DNSServer","eb79061a-a566-4698-9119-3ed2807060e7",257,0,16,"Microsoft-Windows-DNS-Server/Analytical ",4,"Information ",0,1,"LOOK_UP ",9223372036854775810,"7/27/2023, 2:29:59.139 PM",2908,4028,INFO,2,INFO,windns,"NT AUTHORITY",SYSTEM,"S-1-5-18",User,33155,0,"172.18.88.20",,,"20.88.18.172.in-addr.arpa.",6,9072,65112,9072,true,false,false,QUERY,true,NXDOMAIN,false,false,true,"[{""dns.query.name"":""20.88.18.172.in-addr.arpa"",""dns.query.type"":""SOA"",""dns.query.class"":""IN""}]",0x2370818300010000000100000232300238380231380331373207696E2D6164647204617270610000060001C012000600010000003B004108707269736F6E65720469616E61036F7267000A686F73746D61737465720C726F6F742D73657276657273C0450000000100093A800000003C00093A8000093A80,"VirtualizationInstance:.","32339224-184a-4b45-99de-134d2109ca6c","7/27/2023, 2:30:01.060 PM","in_windowsdns_auditanalytics_sentinel_windows","im_etw","172.18.88.20","N/A","172.18.88.20",0,0,0,3,Default,"..Cache",NULL,"[{""dns.authority.name"":""18.172.in-addr.arpa"",""dns.authority.type"":""SOA"",""dns.authority.class"":""IN"",""dns.authority.ttl"":59,""dns.soa.data.name_server"":""prisoner.iana.org"",""dns.soa.data.auth_mailbox"":""hostmaster.root-servers.org"",""dns.soa.data.serial_number"":1,""dns.soa.data.refresh_interval"":604800,""dns.soa.data.retry_interval"":60,""dns.soa.data.expire_limit"":604800,""dns.soa.data.min_ttl"":604800}]",107,,"NXLog_DNS_Server_CL",
"0b2a9277-f48f-49f6-b78d-d8bfd6dea87a",RestAPI,,,"7/27/2023, 2:30:01.723 PM",,,,,,,,,,,,,,,,,,,,,,,,"Microsoft-Windows-DNSServer","eb79061a-a566-4698-9119-3ed2807060e7",256,0,16,"Microsoft-Windows-DNS-Server/Analytical ",4,"Information ",0,1,"LOOK_UP ",9223372036854775809,"7/27/2023, 2:29:59.141 PM",2908,4028,INFO,2,INFO,windns,"NT AUTHORITY",SYSTEM,"S-1-5-18",User,256,0,"172.18.88.20","172.18.88.20",1,"prisoner.iana.org.",1,48623,52331,48623,true,false,false,QUERY,false,NOERROR,false,false,false,"[{""dns.query.name"":""prisoner.iana.org"",""dns.query.type"":""A"",""dns.query.class"":""IN""}]",0xBDEF0100000100000000000008707269736F6E65720469616E61036F72670000010001,".","862d109e-b6f8-46a4-b2b8-644479f3ed23","7/27/2023, 2:30:01.060 PM","in_windowsdns_auditanalytics_sentinel_windows","im_etw","172.18.88.20","N/A",,,,,,,,,,,,"NXLog_DNS_Server_CL",
"0b2a9277-f48f-49f6-b78d-d8bfd6dea87a",RestAPI,,,"7/27/2023, 2:30:01.723 PM",,,,,,,,,,,,,,,,,,,,,,"[{""dns.answer.name"":""prisoner.iana.org"",""dns.answer.type"":""A"",""dns.answer.class"":""IN"",""dns.answer.ttl"":2999,""dns.answer.data"":""192.175.48.1""}]",,"Microsoft-Windows-DNSServer","eb79061a-a566-4698-9119-3ed2807060e7",257,0,16,"Microsoft-Windows-DNS-Server/Analytical ",4,"Information ",0,1,"LOOK_UP ",9223372036854775810,"7/27/2023, 2:29:59.141 PM",2908,4028,INFO,2,INFO,windns,"NT AUTHORITY",SYSTEM,"S-1-5-18",User,33152,0,"172.18.88.20",,,"prisoner.iana.org.",1,48623,52331,48623,true,false,false,QUERY,true,NOERROR,false,false,true,"[{""dns.query.name"":""prisoner.iana.org"",""dns.query.type"":""A"",""dns.query.class"":""IN""}]",0xBDEF8180000100010000000008707269736F6E65720469616E61036F72670000010001C00C0001000100000BB70004C0AF3001,"VirtualizationInstance:.","862d109e-b6f8-46a4-b2b8-644479f3ed23","7/27/2023, 2:30:01.060 PM","in_windowsdns_auditanalytics_sentinel_windows","im_etw","172.18.88.20","N/A","172.18.88.20",0,0,0,0,Default,"..Cache",NULL,,0,,"NXLog_DNS_Server_CL",
"0b2a9277-f48f-49f6-b78d-d8bfd6dea87a",RestAPI,,,"7/27/2023, 2:35:53.763 PM",,,,,,,,,,,,,,,,,,,,,,,,"Microsoft-Windows-DNSServer","eb79061a-a566-4698-9119-3ed2807060e7",256,0,16,"Microsoft-Windows-DNS-Server/Analytical ",4,"Information ",0,1,"LOOK_UP ",9223372036854775809,"7/27/2023, 2:35:51.058 PM",2908,4028,INFO,2,INFO,windns,"NT AUTHORITY",SYSTEM,"S-1-5-18",User,256,0,"172.18.88.20","172.18.88.20",1,"wpad.local.",1,5051,54472,5051,true,false,false,QUERY,false,NOERROR,false,false,false,"[{""dns.query.name"":""wpad.local"",""dns.query.type"":""A"",""dns.query.class"":""IN""}]",0x13BB010000010000000000000477706164056C6F63616C0000010001,".","1bd68e70-9d26-4dca-bfbe-66f7557568c4","7/27/2023, 2:35:53.084 PM","in_windowsdns_auditanalytics_sentinel_windows","im_etw","172.18.88.20","N/A",,,,,,,,,,,,"NXLog_DNS_Server_CL",
"0b2a9277-f48f-49f6-b78d-d8bfd6dea87a",RestAPI,,,"7/27/2023, 2:35:53.763 PM",,,,,,,,,,,,,,,,,,,,,,,,"Microsoft-Windows-DNSServer","eb79061a-a566-4698-9119-3ed2807060e7",257,0,16,"Microsoft-Windows-DNS-Server/Analytical ",4,"Information ",0,1,"LOOK_UP ",9223372036854775810,"7/27/2023, 2:35:51.058 PM",2908,4028,INFO,2,INFO,windns,"NT AUTHORITY",SYSTEM,"S-1-5-18",User,34179,0,"172.18.88.20",,,"wpad.local.",1,5051,54472,5051,true,false,true,QUERY,true,NXDOMAIN,false,false,true,"[{""dns.query.name"":""wpad.local"",""dns.query.type"":""A"",""dns.query.class"":""IN""}]",0x13BB858300010000000100000477706164056C6F63616C0000010001056C6F63616C000006000100000E10002A0677696E646E73C01C0A686F73746D6173746572C01C0000001500000384000002580001518000000E10,"VirtualizationInstance:.","1bd68e70-9d26-4dca-bfbe-66f7557568c4","7/27/2023, 2:35:53.600 PM","in_windowsdns_auditanalytics_sentinel_windows","im_etw","172.18.88.20","N/A","172.18.88.20",1,0,0,3,Default,local,NULL,"[{""dns.authority.name"":""local"",""dns.authority.type"":""SOA"",""dns.authority.class"":""IN"",""dns.authority.ttl"":3600,""dns.soa.data.name_server"":""windns.local"",""dns.soa.data.auth_mailbox"":""hostmaster.local"",""dns.soa.data.serial_number"":21,""dns.soa.data.refresh_interval"":900,""dns.soa.data.retry_interval"":600,""dns.soa.data.expire_limit"":86400,""dns.soa.data.min_ttl"":3600}]",0,,"NXLog_DNS_Server_CL",
"0b2a9277-f48f-49f6-b78d-d8bfd6dea87a",RestAPI,,,"7/27/2023, 2:19:54.102 PM",,,,,,,,,,,,,,,,,,,,,,,,"Microsoft-Windows-DNSServer","eb79061a-a566-4698-9119-3ed2807060e7",256,0,16,"Microsoft-Windows-DNS-Server/Analytical ",4,"Information ",0,1,"LOOK_UP ",9223372036854775809,"7/27/2023, 2:19:51.546 PM",2908,4024,INFO,2,INFO,windns,"NT AUTHORITY",SYSTEM,"S-1-5-18",User,256,0,"172.18.88.20","172.18.88.20",1,"windns.local.",6,45533,49747,45533,true,false,false,QUERY,false,NOERROR,false,false,false,"[{""dns.query.name"":""windns.local"",""dns.query.type"":""SOA"",""dns.query.class"":""IN""}]",0xB1DD010000010000000000000677696E646E73056C6F63616C0000060001,".","697a7fb9-0d0b-41d8-927c-2c216319a531","7/27/2023, 2:19:53.551 PM","in_windowsdns_auditanalytics_sentinel_windows","im_etw","172.18.88.20","N/A",,,,,,,,,,,,"NXLog_DNS_Server_CL",
"0b2a9277-f48f-49f6-b78d-d8bfd6dea87a",RestAPI,,,"7/27/2023, 2:19:54.102 PM",,,,,,,,,,,,,,,,,,,,,,,,"Microsoft-Windows-DNSServer","eb79061a-a566-4698-9119-3ed2807060e7",280,0,16,"Microsoft-Windows-DNS-Server/Analytical ",4,"Information ",0,1,"LOOK_UP ",9223372105574252544,"7/27/2023, 2:19:51.546 PM",2908,4024,INFO,2,INFO,windns,"NT AUTHORITY",SYSTEM,"S-1-5-18",User,34176,0,"172.18.88.20","172.18.88.20",1,"windns.local.",1,45533,49747,45533,true,false,true,QUERY,true,NOERROR,false,false,true,"[{""dns.query.name"":""windns.local"",""dns.query.type"":""SOA"",""dns.query.class"":""IN""}]",0xB1DD858000010000000100000677696E646E73056C6F63616C0000060001,,,"7/27/2023, 2:19:53.551 PM","in_windowsdns_auditanalytics_sentinel_windows","im_etw","172.18.88.20","N/A",,,,,,,,,,,"N/A","NXLog_DNS_Server_CL",
"0b2a9277-f48f-49f6-b78d-d8bfd6dea87a",RestAPI,,,"7/27/2023, 2:19:54.102 PM",,,,,,,,,,,,,,,,,,,,,,,,"Microsoft-Windows-DNSServer","eb79061a-a566-4698-9119-3ed2807060e7",280,0,16,"Microsoft-Windows-DNS-Server/Analytical ",4,"Information ",0,1,"LOOK_UP ",9223372105574252544,"7/27/2023, 2:19:51.546 PM",2908,4024,INFO,2,INFO,windns,"NT AUTHORITY",SYSTEM,"S-1-5-18",User,34176,0,"172.18.88.20","172.18.88.20",1,"windns.local.",28,45533,49747,45533,true,false,true,QUERY,true,NOERROR,false,false,true,"[{""dns.query.name"":""windns.local"",""dns.query.type"":""SOA"",""dns.query.class"":""IN""}]",0xB1DD858000010000000100010677696E646E73056C6F63616C0000060001,,,"7/27/2023, 2:19:53.551 PM","in_windowsdns_auditanalytics_sentinel_windows","im_etw","172.18.88.20","N/A",,,,,,,,,,,"N/A","NXLog_DNS_Server_CL",
"0b2a9277-f48f-49f6-b78d-d8bfd6dea87a",RestAPI,,,"7/27/2023, 2:19:54.102 PM",,,,,,,,,,,,,,,,,"[{""dns.additional.name"":""windns.local"",""dns.additional.type"":""A"",""dns.additional.class"":""IN"",""dns.additional.ttl"":3600,""dns.additional.data"":""172.18.88.20""}]",,,,,,,"Microsoft-Windows-DNSServer","eb79061a-a566-4698-9119-3ed2807060e7",257,0,16,"Microsoft-Windows-DNS-Server/Analytical ",4,"Information ",0,1,"LOOK_UP ",9223372036854775810,"7/27/2023, 2:19:51.547 PM",2908,4024,INFO,2,INFO,windns,"NT AUTHORITY",SYSTEM,"S-1-5-18",User,34176,0,"172.18.88.20",,,"windns.local.",6,45533,49747,45533,true,false,true,QUERY,true,NOERROR,false,false,true,"[{""dns.query.name"":""windns.local"",""dns.query.type"":""SOA"",""dns.query.class"":""IN""}]",0xB1DD858000010000000100010677696E646E73056C6F63616C0000060001C0130006000100000E100023C00C0A686F73746D6173746572C0130000001500000384000002580001518000000E10C02A0001000100000E100004AC125814,"VirtualizationInstance:.","697a7fb9-0d0b-41d8-927c-2c216319a531","7/27/2023, 2:19:53.551 PM","in_windowsdns_auditanalytics_sentinel_windows","im_etw","172.18.88.20","N/A","172.18.88.20",1,0,0,0,Default,local,NULL,"[{""dns.authority.name"":""local"",""dns.authority.type"":""SOA"",""dns.authority.class"":""IN"",""dns.authority.ttl"":3600,""dns.soa.data.name_server"":""windns.local"",""dns.soa.data.auth_mailbox"":""hostmaster.local"",""dns.soa.data.serial_number"":21,""dns.soa.data.refresh_interval"":900,""dns.soa.data.retry_interval"":600,""dns.soa.data.expire_limit"":86400,""dns.soa.data.min_ttl"":3600}]",1,,"NXLog_DNS_Server_CL",
"0b2a9277-f48f-49f6-b78d-d8bfd6dea87a",RestAPI,,,"7/27/2023, 2:19:54.102 PM",,,,,,,,,,,,,,,,,,,,,,,,"Microsoft-Windows-DNSServer","eb79061a-a566-4698-9119-3ed2807060e7",256,0,16,"Microsoft-Windows-DNS-Server/Analytical ",4,"Information ",0,1,"LOOK_UP ",9223372036854775809,"7/27/2023, 2:19:51.559 PM",2908,4024,INFO,2,INFO,windns,"NT AUTHORITY",SYSTEM,"S-1-5-18",User,256,0,"172.18.88.20","172.18.88.20",1,"20.88.18.172.in-addr.arpa.",6,1356,57919,1356,true,false,false,QUERY,false,NOERROR,false,false,false,"[{""dns.query.name"":""20.88.18.172.in-addr.arpa"",""dns.query.type"":""SOA"",""dns.query.class"":""IN""}]",0x054C010000010000000000000232300238380231380331373207696E2D6164647204617270610000060001,".","1a1a8419-009b-4b1e-a632-d74d1fa9a4e3","7/27/2023, 2:19:53.551 PM","in_windowsdns_auditanalytics_sentinel_windows","im_etw","172.18.88.20","N/A",,,,,,,,,,,,"NXLog_DNS_Server_CL",
"0b2a9277-f48f-49f6-b78d-d8bfd6dea87a",RestAPI,,,"7/27/2023, 2:19:54.102 PM",,,,,,,,,,,,,,,,,,1356,,".",Default,,,"Microsoft-Windows-DNSServer","eb79061a-a566-4698-9119-3ed2807060e7",260,0,16,"Microsoft-Windows-DNS-Server/Analytical ",4,"Information ",0,2,"RECURSE_QUERY ",9223372036854775824,"7/27/2023, 2:19:51.559 PM",2908,4024,INFO,2,INFO,windns,"NT AUTHORITY",SYSTEM,"S-1-5-18",User,0,0,"0.0.0.0",,0,"20.88.18.172.in-addr.arpa.",6,35625,0,35625,false,false,false,QUERY,false,NOERROR,false,false,false,"[{""dns.query.name"":""20.88.18.172.in-addr.arpa"",""dns.query.type"":""SOA"",""dns.query.class"":""IN""}]",0x8B29000000010000000000010232300238380231380331373207696E2D61646472046172706100000600010000290FA0000000000000,".","1a1a8419-009b-4b1e-a632-d74d1fa9a4e3","7/27/2023, 2:19:53.569 PM","in_windowsdns_auditanalytics_sentinel_windows","im_etw","172.18.88.20","N/A","192.175.48.42",,,,,,,NULL,,,,"NXLog_DNS_Server_CL",
"0b2a9277-f48f-49f6-b78d-d8bfd6dea87a",RestAPI,,,"7/27/2023, 2:19:54.102 PM",,,,,,,,,,,,,,,,,,,,,,,,"Microsoft-Windows-DNSServer","eb79061a-a566-4698-9119-3ed2807060e7",256,0,16,"Microsoft-Windows-DNS-Server/Analytical ",4,"Information ",0,1,"LOOK_UP ",9223372036854775809,"7/27/2023, 2:19:51.628 PM",2908,4024,INFO,2,INFO,windns,"NT AUTHORITY",SYSTEM,"S-1-5-18",User,256,0,"172.18.88.20","172.18.88.20",1,"20.88.18.172.in-addr.arpa.",6,1356,57919,1356,true,false,false,QUERY,false,NOERROR,false,false,false,"[{""dns.query.name"":""20.88.18.172.in-addr.arpa"",""dns.query.type"":""SOA"",""dns.query.class"":""IN""}]",0x054C010000010000000000000232300238380231380331373207696E2D6164647204617270610000060001,".","588da0ac-8a12-44b2-813d-0b901f62add7","7/27/2023, 2:19:53.569 PM","in_windowsdns_auditanalytics_sentinel_windows","im_etw","172.18.88.20","N/A",,,,,,,,,,,,"NXLog_DNS_Server_CL",
"0b2a9277-f48f-49f6-b78d-d8bfd6dea87a",RestAPI,,,"7/27/2023, 2:19:54.102 PM",,,,,,,,,,,,,,,,,,,1,".",Default,,0,"Microsoft-Windows-DNSServer","eb79061a-a566-4698-9119-3ed2807060e7",261,0,16,"Microsoft-Windows-DNS-Server/Analytical ",4,"Information ",0,2,"RECURSE_QUERY ",9223372036854775840,"7/27/2023, 2:19:51.675 PM",2908,4024,INFO,2,INFO,windns,"NT AUTHORITY",SYSTEM,"S-1-5-18",User,33795,0,"0.0.0.0","192.175.48.42",,"20.88.18.172.in-addr.arpa.",6,35625,0,35625,false,false,true,QUERY,true,NXDOMAIN,false,false,false,"[{""dns.query.name"":""20.88.18.172.in-addr.arpa"",""dns.query.type"":""SOA"",""dns.query.class"":""IN""}]",0x8B29840300010000000100010232300238380231380331373207696E2D6164647204617270610000060001C0120006000100093A80004108707269736F6E65720469616E61036F7267000A686F73746D61737465720C726F6F742D73657276657273C0450000000100093A800000003C00093A8000093A8000002904D0000000000000,".","1a1a8419-009b-4b1e-a632-d74d1fa9a4e3","7/27/2023, 2:19:53.569 PM","in_windowsdns_auditanalytics_sentinel_windows","im_etw","172.18.88.20","N/A",,1,0,,,,,,"[{""dns.authority.name"":""18.172.in-addr.arpa"",""dns.authority.type"":""SOA"",""dns.authority.class"":""IN"",""dns.authority.ttl"":604800,""dns.soa.data.name_server"":""prisoner.iana.org"",""dns.soa.data.auth_mailbox"":""hostmaster.root-servers.org"",""dns.soa.data.serial_number"":1,""dns.soa.data.refresh_interval"":604800,""dns.soa.data.retry_interval"":60,""dns.soa.data.expire_limit"":604800,""dns.soa.data.min_ttl"":604800}]",,,"NXLog_DNS_Server_CL",
"0b2a9277-f48f-49f6-b78d-d8bfd6dea87a",RestAPI,,,"7/27/2023, 2:19:54.102 PM",,,,,,,,,,,,,,,,,,,,,,,,"Microsoft-Windows-DNSServer","eb79061a-a566-4698-9119-3ed2807060e7",257,0,16,"Microsoft-Windows-DNS-Server/Analytical ",4,"Information ",0,1,"LOOK_UP ",9223372036854775810,"7/27/2023, 2:19:51.675 PM",2908,4024,INFO,2,INFO,windns,"NT AUTHORITY",SYSTEM,"S-1-5-18",User,33155,0,"172.18.88.20",,,"20.88.18.172.in-addr.arpa.",6,1356,57919,1356,true,false,false,QUERY,true,NXDOMAIN,false,false,true,"[{""dns.query.name"":""20.88.18.172.in-addr.arpa"",""dns.query.type"":""SOA"",""dns.query.class"":""IN""}]",0x054C818300010000000100000232300238380231380331373207696E2D6164647204617270610000060001C012000600010000003B004108707269736F6E65720469616E61036F7267000A686F73746D61737465720C726F6F742D73657276657273C0450000000100093A800000003C00093A8000093A80,"VirtualizationInstance:.","1a1a8419-009b-4b1e-a632-d74d1fa9a4e3","7/27/2023, 2:19:53.569 PM","in_windowsdns_auditanalytics_sentinel_windows","im_etw","172.18.88.20","N/A","172.18.88.20",0,0,0,3,Default,"..Cache",NULL,"[{""dns.authority.name"":""18.172.in-addr.arpa"",""dns.authority.type"":""SOA"",""dns.authority.class"":""IN"",""dns.authority.ttl"":59,""dns.soa.data.name_server"":""prisoner.iana.org"",""dns.soa.data.auth_mailbox"":""hostmaster.root-servers.org"",""dns.soa.data.serial_number"":1,""dns.soa.data.refresh_interval"":604800,""dns.soa.data.retry_interval"":60,""dns.soa.data.expire_limit"":604800,""dns.soa.data.min_ttl"":604800}]",117,,"NXLog_DNS_Server_CL",
"0b2a9277-f48f-49f6-b78d-d8bfd6dea87a",RestAPI,,,"7/27/2023, 2:19:54.102 PM",,,,,,,,,,,,,,,,,,,,,,,,"Microsoft-Windows-DNSServer","eb79061a-a566-4698-9119-3ed2807060e7",256,0,16,"Microsoft-Windows-DNS-Server/Analytical ",4,"Information ",0,1,"LOOK_UP ",9223372036854775809,"7/27/2023, 2:19:51.687 PM",2908,4024,INFO,2,INFO,windns,"NT AUTHORITY",SYSTEM,"S-1-5-18",User,256,0,"172.18.88.20","172.18.88.20",1,"prisoner.iana.org.",1,13558,59996,13558,true,false,false,QUERY,false,NOERROR,false,false,false,"[{""dns.query.name"":""prisoner.iana.org"",""dns.query.type"":""A"",""dns.query.class"":""IN""}]",0x34F60100000100000000000008707269736F6E65720469616E61036F72670000010001,".","ef0c5ee4-49d1-4582-a049-8d2ecabc4805","7/27/2023, 2:19:54.082 PM","in_windowsdns_auditanalytics_sentinel_windows","im_etw","172.18.88.20","N/A",,,,,,,,,,,,"NXLog_DNS_Server_CL",
"0b2a9277-f48f-49f6-b78d-d8bfd6dea87a",RestAPI,,,"7/27/2023, 2:19:54.102 PM",,,,,,,,,,,,,,,,System,,,,,,,,"Microsoft-Windows-DNSServer","eb79061a-a566-4698-9119-3ed2807060e7",259,0,16,"Microsoft-Windows-DNS-Server/Analytical ",2,"Error ",0,1,"LOOK_UP ",9223372036854775816,"7/27/2023, 2:19:51.687 PM",2908,4024,ERROR,4,ERROR,windns,"NT AUTHORITY",SYSTEM,"S-1-5-18",User,"EXTENDED_INFO|IS_64_BIT_HEADER|PROCESSOR_INDEX (577)",0,,"2001:500:89::53",,"prisoner.iana.org.",1,10228,,,,,,,,,,,,,,".",,"7/27/2023, 2:19:54.082 PM","in_windowsdns_auditanalytics_sentinel_windows","im_etw","172.18.88.20","N/A",,,,,,,"..Cache",NULL,,,"N/A","NXLog_DNS_Server_CL",
"0b2a9277-f48f-49f6-b78d-d8bfd6dea87a",RestAPI,,,"7/27/2023, 2:19:54.102 PM",,,,,,,,,,,,,,,,,,,,,,,,"Microsoft-Windows-DNSServer","eb79061a-a566-4698-9119-3ed2807060e7",256,0,16,"Microsoft-Windows-DNS-Server/Analytical ",4,"Information ",0,1,"LOOK_UP ",9223372036854775809,"7/27/2023, 2:19:51.744 PM",2908,4024,INFO,2,INFO,windns,"NT AUTHORITY",SYSTEM,"S-1-5-18",User,256,0,"172.18.88.20","172.18.88.20",1,"prisoner.iana.org.",1,13558,59996,13558,true,false,false,QUERY,false,NOERROR,false,false,false,"[{""dns.query.name"":""prisoner.iana.org"",""dns.query.type"":""A"",""dns.query.class"":""IN""}]",0x34F60100000100000000000008707269736F6E65720469616E61036F72670000010001,".","a7cf0139-594e-4b1d-892b-f2717a589065","7/27/2023, 2:19:54.082 PM","in_windowsdns_auditanalytics_sentinel_windows","im_etw","172.18.88.20","N/A",,,,,,,,,,,,"NXLog_DNS_Server_CL",
"0b2a9277-f48f-49f6-b78d-d8bfd6dea87a",RestAPI,,,"7/27/2023, 2:19:55.184 PM",,,,,,,,,,,,,,,,,,,,,,,,"Microsoft-Windows-DNSServer","eb79061a-a566-4698-9119-3ed2807060e7",256,0,16,"Microsoft-Windows-DNS-Server/Analytical ",4,"Information ",0,1,"LOOK_UP ",9223372036854775809,"7/27/2023, 2:19:52.758 PM",2908,4024,INFO,2,INFO,windns,"NT AUTHORITY",SYSTEM,"S-1-5-18",User,256,0,"172.18.88.20","172.18.88.20",1,"prisoner.iana.org.",1,13558,59996,13558,true,false,false,QUERY,false,NOERROR,false,false,false,"[{""dns.query.name"":""prisoner.iana.org"",""dns.query.type"":""A"",""dns.query.class"":""IN""}]",0x34F60100000100000000000008707269736F6E65720469616E61036F72670000010001,".","777642a0-4da0-413e-8ffb-c6f22758279e","7/27/2023, 2:19:54.566 PM","in_windowsdns_auditanalytics_sentinel_windows","im_etw","172.18.88.20","N/A",,,,,,,,,,,,"NXLog_DNS_Server_CL",
"0b2a9277-f48f-49f6-b78d-d8bfd6dea87a",RestAPI,,,"7/27/2023, 2:19:57.227 PM",,,,,,,,,,,,,,,,,,,,,,,,"Microsoft-Windows-DNSServer","eb79061a-a566-4698-9119-3ed2807060e7",256,0,16,"Microsoft-Windows-DNS-Server/Analytical ",4,"Information ",0,1,"LOOK_UP ",9223372036854775809,"7/27/2023, 2:19:54.774 PM",2908,4024,INFO,2,INFO,windns,"NT AUTHORITY",SYSTEM,"S-1-5-18",User,256,0,"172.18.88.20","172.18.88.20",1,"prisoner.iana.org.",1,13558,59996,13558,true,false,false,QUERY,false,NOERROR,false,false,false,"[{""dns.query.name"":""prisoner.iana.org"",""dns.query.type"":""A"",""dns.query.class"":""IN""}]",0x34F60100000100000000000008707269736F6E65720469616E61036F72670000010001,".","7ddef91a-7a8f-47a1-8872-fa8e0a305ba0","7/27/2023, 2:19:56.801 PM","in_windowsdns_auditanalytics_sentinel_windows","im_etw","172.18.88.20","N/A",,,,,,,,,,,,"NXLog_DNS_Server_CL",
"0b2a9277-f48f-49f6-b78d-d8bfd6dea87a",RestAPI,,,"7/27/2023, 2:20:02.347 PM",,,,,,,,,,,,,,,,,,,1,".",Default,"[{""dns.answer.name"":""prisoner.iana.org"",""dns.answer.type"":""A"",""dns.answer.class"":""IN"",""dns.answer.ttl"":3600,""dns.answer.data"":""192.175.48.1""}]",0,"Microsoft-Windows-DNSServer","eb79061a-a566-4698-9119-3ed2807060e7",261,0,16,"Microsoft-Windows-DNS-Server/Analytical ",4,"Information ",0,2,"RECURSE_QUERY ",9223372036854775840,"7/27/2023, 2:19:58.909 PM",2908,4024,INFO,2,INFO,windns,"NT AUTHORITY",SYSTEM,"S-1-5-18",User,33792,0,"0.0.0.0","199.4.138.53",,"prisoner.iana.org.",1,12060,0,12060,false,false,true,QUERY,true,NOERROR,false,false,false,"[{""dns.query.name"":""prisoner.iana.org"",""dns.query.type"":""A"",""dns.query.class"":""IN""}]",0x2F1C8400000100010004000108707269736F6E65720469616E61036F72670000010001C00C0001000100000E100004C0AF3001C0150002000100015180001401610C69616E612D73657276657273036E657400C015000200010001518000040162C041C015000200010001518000040163C041C0150002000100015180000B026E73056963616E6EC01A0000291000000000000000,".","a3a70505-0a4e-4a6f-a020-6505018c6d16","7/27/2023, 2:20:01.816 PM","in_windowsdns_auditanalytics_sentinel_windows","im_etw","172.18.88.20","N/A",,1,0,,,,,,"[{""dns.authority.name"":""iana.org"",""dns.authority.type"":""NS"",""dns.authority.class"":""IN"",""dns.authority.ttl"":86400,""dns.authority.data"":""a.iana-servers.net""},{""dns.authority.name"":""iana.org"",""dns.authority.type"":""NS"",""dns.authority.class"":""IN"",""dns.authority.ttl"":86400,""dns.authority.data"":""b.iana-servers.net""},{""dns.authority.name"":""iana.org"",""dns.authority.type"":""NS"",""dns.authority.class"":""IN"",""dns.authority.ttl"":86400,""dns.authority.data"":""c.iana-servers.net""},{""dns.authority.name"":""iana.org"",""dns.authority.type"":""NS"",""dns.authority.class"":""IN"",""dns.authority.ttl"":86400,""dns.authority.data"":""ns.icann.org""}]",,,"NXLog_DNS_Server_CL",
"0b2a9277-f48f-49f6-b78d-d8bfd6dea87a",RestAPI,,,"7/27/2023, 2:20:02.347 PM",,,,,,,,,,,,,,,,,,,,,,"[{""dns.answer.name"":""prisoner.iana.org"",""dns.answer.type"":""A"",""dns.answer.class"":""IN"",""dns.answer.ttl"":3599,""dns.answer.data"":""192.175.48.1""}]",,"Microsoft-Windows-DNSServer","eb79061a-a566-4698-9119-3ed2807060e7",257,0,16,"Microsoft-Windows-DNS-Server/Analytical ",4,"Information ",0,1,"LOOK_UP ",9223372036854775810,"7/27/2023, 2:19:58.909 PM",2908,4024,INFO,2,INFO,windns,"NT AUTHORITY",SYSTEM,"S-1-5-18",User,33152,0,"172.18.88.20",,,"prisoner.iana.org.",1,13558,59996,13558,true,false,false,QUERY,true,NOERROR,false,false,true,"[{""dns.query.name"":""prisoner.iana.org"",""dns.query.type"":""A"",""dns.query.class"":""IN""}]",0x34F68180000100010000000008707269736F6E65720469616E61036F72670000010001C00C0001000100000E0F0004C0AF3001,"VirtualizationInstance:.","a3a70505-0a4e-4a6f-a020-6505018c6d16","7/27/2023, 2:20:01.816 PM","in_windowsdns_auditanalytics_sentinel_windows","im_etw","172.18.88.20","N/A","172.18.88.20",0,0,0,0,Default,"..Cache",NULL,,120,,"NXLog_DNS_Server_CL",
"0b2a9277-f48f-49f6-b78d-d8bfd6dea87a",RestAPI,,,"7/27/2023, 2:20:02.347 PM",,,,,,,,,,,,,,,,,,1,,".",Default,,,"Microsoft-Windows-DNSServer","eb79061a-a566-4698-9119-3ed2807060e7",262,0,16,"Microsoft-Windows-DNS-Server/Analytical ",2,"Error ",0,2,"RECURSE_QUERY ",9223372036854775872,"7/27/2023, 2:20:00.178 PM",2908,3164,ERROR,4,ERROR,windns,"NT AUTHORITY",SYSTEM,"S-1-5-18",User,0,0,,,,"a.iana-servers.NET.",1,47371,0,,,,,,,,,,,,,".","00000000-0000-0000-0000-000000000000","7/27/2023, 2:20:01.816 PM","in_windowsdns_auditanalytics_sentinel_windows","im_etw","172.18.88.20","N/A","2001:503:83eb::30",,,,,,,,,,,"NXLog_DNS_Server_CL",
"0b2a9277-f48f-49f6-b78d-d8bfd6dea87a",RestAPI,,,"7/27/2023, 2:20:02.347 PM",,,,,,,,,,,,,,,,,,1,,".",Default,,,"Microsoft-Windows-DNSServer","eb79061a-a566-4698-9119-3ed2807060e7",260,0,16,"Microsoft-Windows-DNS-Server/Analytical ",4,"Information ",0,2,"RECURSE_QUERY ",9223372036854775824,"7/27/2023, 2:20:00.179 PM",2908,3164,INFO,2,INFO,windns,"NT AUTHORITY",SYSTEM,"S-1-5-18",User,0,0,"0.0.0.0",,0,"a.iana-servers.NET.",1,47371,0,47371,false,false,false,QUERY,false,NOERROR,false,false,false,"[{""dns.query.name"":""a.iana-servers.NET"",""dns.query.type"":""A"",""dns.query.class"":""IN""}]",0xB90B0000000100000000000101610C69616E612D73657276657273034E455400000100010000290FA0000000000000,".","00000000-0000-0000-0000-000000000000","7/27/2023, 2:20:01.816 PM","in_windowsdns_auditanalytics_sentinel_windows","im_etw","172.18.88.20","N/A","192.35.51.30",,,,,,,NULL,,,,"NXLog_DNS_Server_CL",
"0b2a9277-f48f-49f6-b78d-d8bfd6dea87a",RestAPI,,,"7/27/2023, 2:20:02.347 PM",,,,,,,,,,,,,,,,,,1,,".",Default,,,"Microsoft-Windows-DNSServer","eb79061a-a566-4698-9119-3ed2807060e7",260,0,16,"Microsoft-Windows-DNS-Server/Analytical ",4,"Information ",0,2,"RECURSE_QUERY ",9223372036854775824,"7/27/2023, 2:20:00.180 PM",2908,3164,INFO,2,INFO,windns,"NT AUTHORITY",SYSTEM,"S-1-5-18",User,0,0,"0.0.0.0",,0,"a.iana-servers.NET.",1,47371,0,47371,false,false,false,QUERY,false,NOERROR,false,false,false,"[{""dns.query.name"":""a.iana-servers.NET"",""dns.query.type"":""A"",""dns.query.class"":""IN""}]",0xB90B0000000100000000000101610C69616E612D73657276657273034E455400000100010000290FA0000000000000,".","00000000-0000-0000-0000-000000000000","7/27/2023, 2:20:01.816 PM","in_windowsdns_auditanalytics_sentinel_windows","im_etw","172.18.88.20","N/A","192.43.172.30",,,,,,,NULL,,,,"NXLog_DNS_Server_CL",
"0b2a9277-f48f-49f6-b78d-d8bfd6dea87a",RestAPI,,,"7/27/2023, 2:20:02.347 PM",,,,,,,,,,,,,,,,,"[{""dns.additional.name"":""a.iana-servers.NET"",""dns.additional.type"":""A"",""dns.additional.class"":""IN"",""dns.additional.ttl"":172800,""dns.additional.data"":""199.43.135.53""},{""dns.additional.name"":""a.iana-servers.NET"",""dns.additional.type"":""AAAA"",""dns.additional.class"":""IN"",""dns.additional.ttl"":172800,""dns.additional.data"":""2001:500:8f::53""},{""dns.additional.name"":""b.iana-servers.NET"",""dns.additional.type"":""A"",""dns.additional.class"":""IN"",""dns.additional.ttl"":172800,""dns.additional.data"":""199.43.133.53""},{""dns.additional.name"":""b.iana-servers.NET"",""dns.additional.type"":""AAAA"",""dns.additional.class"":""IN"",""dns.additional.ttl"":172800,""dns.additional.data"":""2001:500:8d::53""},{""dns.additional.name"":""c.iana-servers.NET"",""dns.additional.type"":""A"",""dns.additional.class"":""IN"",""dns.additional.ttl"":172800,""dns.additional.data"":""199.43.134.53""},{""dns.additional.name"":""c.iana-servers.NET"",""dns.additional.type"":""AAAA"",""dns.additional.class"":""IN"",""dns.additional.ttl"":172800,""dns.additional.data"":""2001:500:8e::53""}]",,2,".",Default,,0,"Microsoft-Windows-DNSServer","eb79061a-a566-4698-9119-3ed2807060e7",261,0,16,"Microsoft-Windows-DNS-Server/Analytical ",4,"Information ",0,2,"RECURSE_QUERY ",9223372036854775840,"7/27/2023, 2:20:00.215 PM",2908,4024,INFO,2,INFO,windns,"NT AUTHORITY",SYSTEM,"S-1-5-18",User,32768,0,"0.0.0.0","192.35.51.30",,"a.iana-servers.NET.",1,47371,0,47371,false,false,false,QUERY,true,NOERROR,false,false,false,"[{""dns.query.name"":""a.iana-servers.NET"",""dns.query.type"":""A"",""dns.query.class"":""IN""}]",0xB90B8000000100000004000701610C69616E612D73657276657273034E45540000010001C00E000200010002A300000E026E73056963616E6E036F726700C00E000200010002A3000002C00CC00E000200010002A30000040162C00EC00E000200010002A30000040163C00EC00C000100010002A3000004C72B8735C00C001C00010002A300001020010500008F00000000000000000053C058000100010002A3000004C72B8535C058001C00010002A300001020010500008D00000000000000000053C068000100010002A3000004C72B8635C068001C00010002A300001020010500008E000000000000000000530000291000000000000000,".","00000000-0000-0000-0000-000000000000","7/27/2023, 2:20:01.816 PM","in_windowsdns_auditanalytics_sentinel_windows","im_etw","172.18.88.20","N/A",,0,0,,,,,,"[{""dns.authority.name"":""iana-servers.NET"",""dns.authority.type"":""NS"",""dns.authority.class"":""IN"",""dns.authority.ttl"":172800,""dns.authority.data"":""ns.icann.org""},{""dns.authority.name"":""iana-servers.NET"",""dns.authority.type"":""NS"",""dns.authority.class"":""IN"",""dns.authority.ttl"":172800,""dns.authority.data"":""a.iana-servers.NET""},{""dns.authority.name"":""iana-servers.NET"",""dns.authority.type"":""NS"",""dns.authority.class"":""IN"",""dns.authority.ttl"":172800,""dns.authority.data"":""b.iana-servers.NET""},{""dns.authority.name"":""iana-servers.NET"",""dns.authority.type"":""NS"",""dns.authority.class"":""IN"",""dns.authority.ttl"":172800,""dns.authority.data"":""c.iana-servers.NET""}]",,,"NXLog_DNS_Server_CL",
"0b2a9277-f48f-49f6-b78d-d8bfd6dea87a",RestAPI,,,"7/27/2023, 2:20:02.347 PM",,,,,,,,,,,,,,,,System,,,,,,,,"Microsoft-Windows-DNSServer","eb79061a-a566-4698-9119-3ed2807060e7",259,0,16,"Microsoft-Windows-DNS-Server/Analytical ",2,"Error ",0,1,"LOOK_UP ",9223372036854775816,"7/27/2023, 2:20:00.215 PM",2908,4024,ERROR,4,ERROR,windns,"NT AUTHORITY",SYSTEM,"S-1-5-18",User,"EXTENDED_INFO|IS_64_BIT_HEADER|PROCESSOR_INDEX (577)",0,"0.0.0.0","2001:500:8e::53",,"a.iana-servers.NET.",1,11398,,,,,,,,,,,,,,".",,"7/27/2023, 2:20:01.816 PM","in_windowsdns_auditanalytics_sentinel_windows","im_etw","172.18.88.20","N/A",,,,,,,NULL,NULL,,,"N/A","NXLog_DNS_Server_CL",
"0b2a9277-f48f-49f6-b78d-d8bfd6dea87a",RestAPI,,,"7/27/2023, 2:20:02.347 PM",,,,,,,,,,,,,,,,,"[{""dns.additional.name"":""a.iana-servers.NET"",""dns.additional.type"":""A"",""dns.additional.class"":""IN"",""dns.additional.ttl"":172800,""dns.additional.data"":""199.43.135.53""},{""dns.additional.name"":""a.iana-servers.NET"",""dns.additional.type"":""AAAA"",""dns.additional.class"":""IN"",""dns.additional.ttl"":172800,""dns.additional.data"":""2001:500:8f::53""},{""dns.additional.name"":""b.iana-servers.NET"",""dns.additional.type"":""A"",""dns.additional.class"":""IN"",""dns.additional.ttl"":172800,""dns.additional.data"":""199.43.133.53""},{""dns.additional.name"":""b.iana-servers.NET"",""dns.additional.type"":""AAAA"",""dns.additional.class"":""IN"",""dns.additional.ttl"":172800,""dns.additional.data"":""2001:500:8d::53""},{""dns.additional.name"":""c.iana-servers.NET"",""dns.additional.type"":""A"",""dns.additional.class"":""IN"",""dns.additional.ttl"":172800,""dns.additional.data"":""199.43.134.53""},{""dns.additional.name"":""c.iana-servers.NET"",""dns.additional.type"":""AAAA"",""dns.additional.class"":""IN"",""dns.additional.ttl"":172800,""dns.additional.data"":""2001:500:8e::53""}]",,0,".",Default,,0,"Microsoft-Windows-DNSServer","eb79061a-a566-4698-9119-3ed2807060e7",261,0,16,"Microsoft-Windows-DNS-Server/Analytical ",4,"Information ",0,2,"RECURSE_QUERY ",9223372036854775840,"7/27/2023, 2:20:00.220 PM",2908,4024,INFO,2,INFO,windns,"NT AUTHORITY",SYSTEM,"S-1-5-18",User,32768,0,"0.0.0.0","192.43.172.30",,"a.iana-servers.NET.",1,47371,0,47371,false,false,false,QUERY,true,NOERROR,false,false,false,"[{""dns.query.name"":""a.iana-servers.NET"",""dns.query.type"":""A"",""dns.query.class"":""IN""}]",0xB90B8000000100000004000701610C69616E612D73657276657273034E45540000010001C00E000200010002A300000E026E73056963616E6E036F726700C00E000200010002A3000002C00CC00E000200010002A30000040162C00EC00E000200010002A30000040163C00EC00C000100010002A3000004C72B8735C00C001C00010002A300001020010500008F00000000000000000053C058000100010002A3000004C72B8535C058001C00010002A300001020010500008D00000000000000000053C068000100010002A3000004C72B8635C068001C00010002A300001020010500008E000000000000000000530000291000000000000000,".","00000000-0000-0000-0000-000000000000","7/27/2023, 2:20:02.317 PM","in_windowsdns_auditanalytics_sentinel_windows","im_etw","172.18.88.20","N/A",,0,0,,,,,,"[{""dns.authority.name"":""iana-servers.NET"",""dns.authority.type"":""NS"",""dns.authority.class"":""IN"",""dns.authority.ttl"":172800,""dns.authority.data"":""ns.icann.org""},{""dns.authority.name"":""iana-servers.NET"",""dns.authority.type"":""NS"",""dns.authority.class"":""IN"",""dns.authority.ttl"":172800,""dns.authority.data"":""a.iana-servers.NET""},{""dns.authority.name"":""iana-servers.NET"",""dns.authority.type"":""NS"",""dns.authority.class"":""IN"",""dns.authority.ttl"":172800,""dns.authority.data"":""b.iana-servers.NET""},{""dns.authority.name"":""iana-servers.NET"",""dns.authority.type"":""NS"",""dns.authority.class"":""IN"",""dns.authority.ttl"":172800,""dns.authority.data"":""c.iana-servers.NET""}]",,,"NXLog_DNS_Server_CL",
"0b2a9277-f48f-49f6-b78d-d8bfd6dea87a",RestAPI,,,"7/27/2023, 2:20:02.347 PM",,,,,,,,,,,,,,,,System,,,,,,,,"Microsoft-Windows-DNSServer","eb79061a-a566-4698-9119-3ed2807060e7",259,0,16,"Microsoft-Windows-DNS-Server/Analytical ",2,"Error ",0,1,"LOOK_UP ",9223372036854775816,"7/27/2023, 2:20:00.220 PM",2908,4024,ERROR,4,ERROR,windns,"NT AUTHORITY",SYSTEM,"S-1-5-18",User,"EXTENDED_INFO|IS_64_BIT_HEADER|PROCESSOR_INDEX (577)",0,"0.0.0.0","192.43.172.30",,"a.iana-servers.NET.",1,47371,,,,,,,,,,,,,,".",,"7/27/2023, 2:20:02.317 PM","in_windowsdns_auditanalytics_sentinel_windows","im_etw","172.18.88.20","N/A",,,,,,,NULL,NULL,,,"N/A","NXLog_DNS_Server_CL",
"0b2a9277-f48f-49f6-b78d-d8bfd6dea87a",RestAPI,,,"7/27/2023, 2:31:19.543 PM",,,,,,,,,,,,,,,,,,,,,,,,"Microsoft-Windows-DNSServer","eb79061a-a566-4698-9119-3ed2807060e7",256,0,16,"Microsoft-Windows-DNS-Server/Analytical ",4,"Information ",0,1,"LOOK_UP ",9223372036854775809,"7/27/2023, 2:31:16.676 PM",2908,4028,INFO,2,INFO,windns,"NT AUTHORITY",SYSTEM,"S-1-5-18",User,256,0,"172.18.88.20","172.18.88.20",1,"0b2a9277-f48f-49f6-b78d-d8bfd6dea87a.ods.opinsights.azure.com.",1,49118,58597,49118,true,false,false,QUERY,false,NOERROR,false,false,false,"[{""dns.query.name"":""0b2a9277-f48f-49f6-b78d-d8bfd6dea87a.ods.opinsights.azure.com"",""dns.query.type"":""A"",""dns.query.class"":""IN""}]",0xBFDE010000010000000000002430623261393237372D663438662D343966362D623738642D643862666436646561383761036F64730A6F70696E73696768747305617A75726503636F6D0000010001,".","aff43fea-df87-4b72-8e88-8c004008d354","7/27/2023, 2:31:18.682 PM","in_windowsdns_auditanalytics_sentinel_windows","im_etw","172.18.88.20","N/A",,,,,,,,,,,,"NXLog_DNS_Server_CL",
"0b2a9277-f48f-49f6-b78d-d8bfd6dea87a",RestAPI,,,"7/27/2023, 2:31:19.543 PM",,,,,,,,,,,,,,,,,,,,,,,,"Microsoft-Windows-DNSServer","eb79061a-a566-4698-9119-3ed2807060e7",279,0,16,"Microsoft-Windows-DNS-Server/Analytical ",4,"Information ",0,1,"LOOK_UP ",9223372071214514176,"7/27/2023, 2:31:16.676 PM",2908,4028,INFO,2,INFO,windns,"NT AUTHORITY",SYSTEM,"S-1-5-18",User,33152,0,"172.18.88.20","172.18.88.20",1,"opinsightsweuods.trafficmanager.net.",1,49118,58597,49118,true,false,false,QUERY,true,NOERROR,false,false,true,"[{""dns.query.name"":""0b2a9277-f48f-49f6-b78d-d8bfd6dea87a.ods.opinsights.azure.com"",""dns.query.type"":""A"",""dns.query.class"":""IN""}]",0xBFDE818000010001000000002430623261393237372D663438662D343966362D623738642D643862666436646561383761036F64730A6F70696E73696768747305617A75726503636F6D0000010001,,,"7/27/2023, 2:31:18.682 PM","in_windowsdns_auditanalytics_sentinel_windows","im_etw","172.18.88.20","N/A",,,,,,,,,,,"N/A","NXLog_DNS_Server_CL",
