"0b2a9277-f48f-49f6-b78d-d8bfd6dea87a",RestAPI,,,"7/27/2023, 2:35:32.452 PM",,,,,,,,,,,,,,,,,,35810,,".",Default,,,"Microsoft-Windows-DNSServer","eb79061a-a566-4698-9119-3ed2807060e7",260,0,16,"Microsoft-Windows-DNS-Server/Analytical ",4,"Information ",0,2,"RECURSE_QUERY ",9223372036854775824,"7/27/2023, 2:35:29.317 PM",2908,4028,INFO,2,INFO,windns,"NT AUTHORITY",SYSTEM,"S-1-5-18",User,0,0,"0.0.0.0",,0,"opinsightsweuods.trafficmanager.NET.",1,7091,0,7091,false,false,false,QUERY,false,NOERROR,false,false,false,"[{""dns.query.name"":""opinsightsweuods.trafficmanager.NET"",""dns.query.type"":""A"",""dns.query.class"":""IN""}]",0x1BB300000001000000000001106F70696E7369676874737765756F64730E747261666669636D616E61676572034E455400000100010000290FA0000000000000,".","09d7bc57-637e-4056-86f8-962814546990","7/27/2023, 2:35:31.257 PM","in_windowsdns_auditanalytics_sentinel_windows","im_etw","172.18.88.20","N/A","13.107.222.240",,,,,,,NULL,,,,"NXLog_DNS_Server_CL",
"0b2a9277-f48f-49f6-b78d-d8bfd6dea87a",RestAPI,,,"7/27/2023, 2:35:32.452 PM",,,,,,,,,,,,,,,,,,,3,".",Default,"[{""dns.answer.name"":""opinsightsweuods.trafficmanager.NET"",""dns.answer.type"":""CNAME"",""dns.answer.class"":""IN"",""dns.answer.ttl"":300,""dns.answer.data"":""ipv4-weu-oi-ods-cses-g.westeurope.cloudapp.azure.com""}]",0,"Microsoft-Windows-DNSServer","eb79061a-a566-4698-9119-3ed2807060e7",261,0,16,"Microsoft-Windows-DNS-Server/Analytical ",4,"Information ",0,2,"RECURSE_QUERY ",9223372036854775840,"7/27/2023, 2:35:29.349 PM",2908,4028,INFO,2,INFO,windns,"NT AUTHORITY",SYSTEM,"S-1-5-18",User,33792,0,"0.0.0.0","13.107.222.240",,"opinsightsweuods.trafficmanager.NET.",1,7091,0,7091,false,false,true,QUERY,true,NOERROR,false,false,false,"[{""dns.query.name"":""opinsightsweuods.trafficmanager.NET"",""dns.query.type"":""A"",""dns.query.class"":""IN""}]",0x1BB384000001000100000001106F70696E7369676874737765756F64730E747261666669636D616E61676572034E45540000010001C00C000500010000012C003616697076342D7765752D6F692D6F64732D637365732D670A776573746575726F706508636C6F756461707005617A75726503636F6D0000002904D0000000000000,".","09d7bc57-637e-4056-86f8-962814546990","7/27/2023, 2:35:31.257 PM","in_windowsdns_auditanalytics_sentinel_windows","im_etw","172.18.88.20","N/A",,1,0,,,,,,,,,"NXLog_DNS_Server_CL",
"0b2a9277-f48f-49f6-b78d-d8bfd6dea87a",RestAPI,,,"7/27/2023, 2:35:32.452 PM",,,,,,,,,,,,,,,,,,,,,,,,"Microsoft-Windows-DNSServer","eb79061a-a566-4698-9119-3ed2807060e7",279,0,16,"Microsoft-Windows-DNS-Server/Analytical ",4,"Information ",0,1,"LOOK_UP ",9223372071214514176,"7/27/2023, 2:35:29.349 PM",2908,4028,INFO,2,INFO,windns,"NT AUTHORITY",SYSTEM,"S-1-5-18",User,33152,0,"172.18.88.20","172.18.88.20",1,"ipv4-weu-oi-ods-cses-g.westeurope.cloudapp.azure.com.",1,35810,57919,35810,true,false,false,QUERY,true,NOERROR,false,false,true,"[{""dns.query.name"":""0b2a9277-f48f-49f6-b78d-d8bfd6dea87a.ods.opinsights.azure.com"",""dns.query.type"":""A"",""dns.query.class"":""IN""}]",0x8BE2818000010002000000002430623261393237372D663438662D343966362D623738642D643862666436646561383761036F64730A6F70696E73696768747305617A75726503636F6D0000010001,,,"7/27/2023, 2:35:31.257 PM","in_windowsdns_auditanalytics_sentinel_windows","im_etw","172.18.88.20","N/A",,,,,,,,,,,"N/A","NXLog_DNS_Server_CL",
"0b2a9277-f48f-49f6-b78d-d8bfd6dea87a",RestAPI,,,"7/27/2023, 2:35:32.452 PM",,,,,,,,,,,,,,,,,,35810,,".",Default,,,"Microsoft-Windows-DNSServer","eb79061a-a566-4698-9119-3ed2807060e7",260,0,16,"Microsoft-Windows-DNS-Server/Analytical ",4,"Information ",0,2,"RECURSE_QUERY ",9223372036854775824,"7/27/2023, 2:35:29.349 PM",2908,4028,INFO,2,INFO,windns,"NT AUTHORITY",SYSTEM,"S-1-5-18",User,0,0,"0.0.0.0",,0,"ipv4-weu-oi-ods-cses-g.westeurope.cloudapp.azure.com.",1,33814,0,33814,false,false,false,QUERY,false,NOERROR,false,false,false,"[{""dns.query.name"":""ipv4-weu-oi-ods-cses-g.westeurope.cloudapp.azure.com"",""dns.query.type"":""A"",""dns.query.class"":""IN""}]",0x84160000000100000000000116697076342D7765752D6F692D6F64732D637365732D670A776573746575726F706508636C6F756461707005617A75726503636F6D00000100010000290FA0000000000000,".","09d7bc57-637e-4056-86f8-962814546990","7/27/2023, 2:35:31.257 PM","in_windowsdns_auditanalytics_sentinel_windows","im_etw","172.18.88.20","N/A","13.107.236.201",,,,,,,NULL,,,,"NXLog_DNS_Server_CL",
"0b2a9277-f48f-49f6-b78d-d8bfd6dea87a",RestAPI,,,"7/27/2023, 2:35:32.452 PM",,,,,,,,,,,,,,,,,,,4,".",Default,"[{""dns.answer.name"":""ipv4-weu-oi-ods-cses-g.westeurope.cloudapp.azure.com"",""dns.answer.type"":""A"",""dns.answer.class"":""IN"",""dns.answer.ttl"":10,""dns.answer.data"":""52.236.186.222""}]",0,"Microsoft-Windows-DNSServer","eb79061a-a566-4698-9119-3ed2807060e7",261,0,16,"Microsoft-Windows-DNS-Server/Analytical ",4,"Information ",0,2,"RECURSE_QUERY ",9223372036854775840,"7/27/2023, 2:35:29.376 PM",2908,4028,INFO,2,INFO,windns,"NT AUTHORITY",SYSTEM,"S-1-5-18",User,33792,0,"0.0.0.0","13.107.236.201",,"ipv4-weu-oi-ods-cses-g.westeurope.cloudapp.azure.com.",1,33814,0,33814,false,false,true,QUERY,true,NOERROR,false,false,false,"[{""dns.query.name"":""ipv4-weu-oi-ods-cses-g.westeurope.cloudapp.azure.com"",""dns.query.type"":""A"",""dns.query.class"":""IN""}]",0x84168400000100010000000116697076342D7765752D6F692D6F64732D637365732D670A776573746575726F706508636C6F756461707005617A75726503636F6D0000010001C00C000100010000000A000434ECBADE00002904D0000000000000,".","09d7bc57-637e-4056-86f8-962814546990","7/27/2023, 2:35:31.257 PM","in_windowsdns_auditanalytics_sentinel_windows","im_etw","172.18.88.20","N/A",,1,0,,,,,,,,,"NXLog_DNS_Server_CL",
"0b2a9277-f48f-49f6-b78d-d8bfd6dea87a",RestAPI,,,"7/27/2023, 2:35:32.452 PM",,,,,,,,,,,,,,,,,,,,,,"[{""dns.answer.name"":""0b2a9277-f48f-49f6-b78d-d8bfd6dea87a.ods.opinsights.azure.com"",""dns.answer.type"":""CNAME"",""dns.answer.class"":""IN"",""dns.answer.ttl"":299,""dns.answer.data"":""opinsightsweuods.trafficmanager.net""},{""dns.answer.name"":""opinsightsweuods.trafficmanager.net"",""dns.answer.type"":""CNAME"",""dns.answer.class"":""IN"",""dns.answer.ttl"":299,""dns.answer.data"":""ipv4-weu-oi-ods-cses-g.westeurope.cloudapp.azure.com""},{""dns.answer.name"":""ipv4-weu-oi-ods-cses-g.westeurope.cloudapp.azure.com"",""dns.answer.type"":""A"",""dns.answer.class"":""IN"",""dns.answer.ttl"":9,""dns.answer.data"":""52.236.186.222""}]",,"Microsoft-Windows-DNSServer","eb79061a-a566-4698-9119-3ed2807060e7",257,0,16,"Microsoft-Windows-DNS-Server/Analytical ",4,"Information ",0,1,"LOOK_UP ",9223372036854775810,"7/27/2023, 2:35:29.377 PM",2908,4028,INFO,2,INFO,windns,"NT AUTHORITY",SYSTEM,"S-1-5-18",User,33152,0,"172.18.88.20",,,"0b2a9277-f48f-49f6-b78d-d8bfd6dea87a.ods.opinsights.azure.com.",1,35810,57919,35810,true,false,false,QUERY,true,NOERROR,false,false,true,"[{""dns.query.name"":""0b2a9277-f48f-49f6-b78d-d8bfd6dea87a.ods.opinsights.azure.com"",""dns.query.type"":""A"",""dns.query.class"":""IN""}]",0x8BE2818000010003000000002430623261393237372D663438662D343966362D623738642D643862666436646561383761036F64730A6F70696E73696768747305617A75726503636F6D0000010001C00C000500010000012B0025106F70696E7369676874737765756F64730E747261666669636D616E61676572036E657400C05B000500010000012B002D16697076342D7765752D6F692D6F64732D637365732D670A776573746575726F706508636C6F7564617070C040C08C0001000100000009000434ECBADE,"VirtualizationInstance:.","09d7bc57-637e-4056-86f8-962814546990","7/27/2023, 2:35:31.773 PM","in_windowsdns_auditanalytics_sentinel_windows","im_etw","172.18.88.20","N/A","172.18.88.20",0,0,0,0,Default,"..Cache",NULL,,146,,"NXLog_DNS_Server_CL",
"0b2a9277-f48f-49f6-b78d-d8bfd6dea87a",RestAPI,,,"7/27/2023, 2:37:46.219 PM",,,,,,,,,,,,,,,,,,,,,,,,"Microsoft-Windows-DNSServer","eb79061a-a566-4698-9119-3ed2807060e7",256,0,16,"Microsoft-Windows-DNS-Server/Analytical ",4,"Information ",0,1,"LOOK_UP ",9223372036854775809,"7/27/2023, 2:37:43.498 PM",2908,4024,INFO,2,INFO,windns,"NT AUTHORITY",SYSTEM,"S-1-5-18",User,256,0,"172.18.88.20","172.18.88.20",1,"0b2a9277-f48f-49f6-b78d-d8bfd6dea87a.ods.opinsights.azure.com.",1,58568,61739,58568,true,false,false,QUERY,false,NOERROR,false,false,false,"[{""dns.query.name"":""0b2a9277-f48f-49f6-b78d-d8bfd6dea87a.ods.opinsights.azure.com"",""dns.query.type"":""A"",""dns.query.class"":""IN""}]",0xE4C8010000010000000000002430623261393237372D663438662D343966362D623738642D643862666436646561383761036F64730A6F70696E73696768747305617A75726503636F6D0000010001,".","6858e8ab-48ab-4d89-9468-81fd58dcb082","7/27/2023, 2:37:45.568 PM","in_windowsdns_auditanalytics_sentinel_windows","im_etw","172.18.88.20","N/A",,,,,,,,,,,,"NXLog_DNS_Server_CL",
"0b2a9277-f48f-49f6-b78d-d8bfd6dea87a",RestAPI,,,"7/27/2023, 2:37:46.219 PM",,,,,,,,,,,,,,,,,,,,,,,,"Microsoft-Windows-DNSServer","eb79061a-a566-4698-9119-3ed2807060e7",279,0,16,"Microsoft-Windows-DNS-Server/Analytical ",4,"Information ",0,1,"LOOK_UP ",9223372071214514176,"7/27/2023, 2:37:43.498 PM",2908,4024,INFO,2,INFO,windns,"NT AUTHORITY",SYSTEM,"S-1-5-18",User,33152,0,"172.18.88.20","172.18.88.20",1,"opinsightsweuods.trafficmanager.net.",1,58568,61739,58568,true,false,false,QUERY,true,NOERROR,false,false,true,"[{""dns.query.name"":""0b2a9277-f48f-49f6-b78d-d8bfd6dea87a.ods.opinsights.azure.com"",""dns.query.type"":""A"",""dns.query.class"":""IN""}]",0xE4C8818000010001000000002430623261393237372D663438662D343966362D623738642D643862666436646561383761036F64730A6F70696E73696768747305617A75726503636F6D0000010001,,,"7/27/2023, 2:37:45.568 PM","in_windowsdns_auditanalytics_sentinel_windows","im_etw","172.18.88.20","N/A",,,,,,,,,,,"N/A","NXLog_DNS_Server_CL",
"0b2a9277-f48f-49f6-b78d-d8bfd6dea87a",RestAPI,,,"7/27/2023, 2:37:46.219 PM",,,,,,,,,,,,,,,,,,,,,,,,"Microsoft-Windows-DNSServer","eb79061a-a566-4698-9119-3ed2807060e7",279,0,16,"Microsoft-Windows-DNS-Server/Analytical ",4,"Information ",0,1,"LOOK_UP ",9223372071214514176,"7/27/2023, 2:37:43.498 PM",2908,4024,INFO,2,INFO,windns,"NT AUTHORITY",SYSTEM,"S-1-5-18",User,33152,0,"172.18.88.20","172.18.88.20",1,"ipv4-weu-oi-ods-cses-g.westeurope.cloudapp.azure.com.",1,58568,61739,58568,true,false,false,QUERY,true,NOERROR,false,false,true,"[{""dns.query.name"":""0b2a9277-f48f-49f6-b78d-d8bfd6dea87a.ods.opinsights.azure.com"",""dns.query.type"":""A"",""dns.query.class"":""IN""}]",0xE4C8818000010002000000002430623261393237372D663438662D343966362D623738642D643862666436646561383761036F64730A6F70696E73696768747305617A75726503636F6D0000010001,,,"7/27/2023, 2:37:45.568 PM","in_windowsdns_auditanalytics_sentinel_windows","im_etw","172.18.88.20","N/A",,,,,,,,,,,"N/A","NXLog_DNS_Server_CL",
"0b2a9277-f48f-49f6-b78d-d8bfd6dea87a",RestAPI,,,"7/27/2023, 2:37:46.219 PM",,,,,,,,,,,,,,,,,,58568,,".",Default,,,"Microsoft-Windows-DNSServer","eb79061a-a566-4698-9119-3ed2807060e7",260,0,16,"Microsoft-Windows-DNS-Server/Analytical ",4,"Information ",0,2,"RECURSE_QUERY ",9223372036854775824,"7/27/2023, 2:37:43.499 PM",2908,4024,INFO,2,INFO,windns,"NT AUTHORITY",SYSTEM,"S-1-5-18",User,0,0,"0.0.0.0",,0,"ipv4-weu-oi-ods-cses-g.westeurope.cloudapp.azure.com.",1,60778,0,60778,false,false,false,QUERY,false,NOERROR,false,false,false,"[{""dns.query.name"":""ipv4-weu-oi-ods-cses-g.westeurope.cloudapp.azure.com"",""dns.query.type"":""A"",""dns.query.class"":""IN""}]",0xED6A0000000100000000000116697076342D7765752D6F692D6F64732D637365732D670A776573746575726F706508636C6F756461707005617A75726503636F6D00000100010000290FA0000000000000,".","6858e8ab-48ab-4d89-9468-81fd58dcb082","7/27/2023, 2:37:45.568 PM","in_windowsdns_auditanalytics_sentinel_windows","im_etw","172.18.88.20","N/A","13.107.236.201",,,,,,,NULL,,,,"NXLog_DNS_Server_CL",
"0b2a9277-f48f-49f6-b78d-d8bfd6dea87a",RestAPI,,,"7/27/2023, 2:37:46.219 PM",,,,,,,,,,,,,,,,,,,1,".",Default,"[{""dns.answer.name"":""ipv4-weu-oi-ods-cses-g.westeurope.cloudapp.azure.com"",""dns.answer.type"":""A"",""dns.answer.class"":""IN"",""dns.answer.ttl"":10,""dns.answer.data"":""52.236.186.222""}]",0,"Microsoft-Windows-DNSServer","eb79061a-a566-4698-9119-3ed2807060e7",261,0,16,"Microsoft-Windows-DNS-Server/Analytical ",4,"Information ",0,2,"RECURSE_QUERY ",9223372036854775840,"7/27/2023, 2:37:43.529 PM",2908,4024,INFO,2,INFO,windns,"NT AUTHORITY",SYSTEM,"S-1-5-18",User,33792,0,"0.0.0.0","13.107.236.201",,"ipv4-weu-oi-ods-cses-g.westeurope.cloudapp.azure.com.",1,60778,0,60778,false,false,true,QUERY,true,NOERROR,false,false,false,"[{""dns.query.name"":""ipv4-weu-oi-ods-cses-g.westeurope.cloudapp.azure.com"",""dns.query.type"":""A"",""dns.query.class"":""IN""}]",0xED6A8400000100010000000116697076342D7765752D6F692D6F64732D637365732D670A776573746575726F706508636C6F756461707005617A75726503636F6D0000010001C00C000100010000000A000434ECBADE00002904D0000000000000,".","6858e8ab-48ab-4d89-9468-81fd58dcb082","7/27/2023, 2:37:45.568 PM","in_windowsdns_auditanalytics_sentinel_windows","im_etw","172.18.88.20","N/A",,1,0,,,,,,,,,"NXLog_DNS_Server_CL",
"0b2a9277-f48f-49f6-b78d-d8bfd6dea87a",RestAPI,,,"7/27/2023, 2:37:46.219 PM",,,,,,,,,,,,,,,,,,,,,,"[{""dns.answer.name"":""0b2a9277-f48f-49f6-b78d-d8bfd6dea87a.ods.opinsights.azure.com"",""dns.answer.type"":""CNAME"",""dns.answer.class"":""IN"",""dns.answer.ttl"":165,""dns.answer.data"":""opinsightsweuods.trafficmanager.net""},{""dns.answer.name"":""opinsightsweuods.trafficmanager.net"",""dns.answer.type"":""CNAME"",""dns.answer.class"":""IN"",""dns.answer.ttl"":165,""dns.answer.data"":""ipv4-weu-oi-ods-cses-g.westeurope.cloudapp.azure.com""},{""dns.answer.name"":""ipv4-weu-oi-ods-cses-g.westeurope.cloudapp.azure.com"",""dns.answer.type"":""A"",""dns.answer.class"":""IN"",""dns.answer.ttl"":9,""dns.answer.data"":""52.236.186.222""}]",,"Microsoft-Windows-DNSServer","eb79061a-a566-4698-9119-3ed2807060e7",257,0,16,"Microsoft-Windows-DNS-Server/Analytical ",4,"Information ",0,1,"LOOK_UP ",9223372036854775810,"7/27/2023, 2:37:43.529 PM",2908,4024,INFO,2,INFO,windns,"NT AUTHORITY",SYSTEM,"S-1-5-18",User,33152,0,"172.18.88.20",,,"0b2a9277-f48f-49f6-b78d-d8bfd6dea87a.ods.opinsights.azure.com.",1,58568,61739,58568,true,false,false,QUERY,true,NOERROR,false,false,true,"[{""dns.query.name"":""0b2a9277-f48f-49f6-b78d-d8bfd6dea87a.ods.opinsights.azure.com"",""dns.query.type"":""A"",""dns.query.class"":""IN""}]",0xE4C8818000010003000000002430623261393237372D663438662D343966362D623738642D643862666436646561383761036F64730A6F70696E73696768747305617A75726503636F6D0000010001C00C00050001000000A50025106F70696E7369676874737765756F64730E747261666669636D616E61676572036E657400C05B00050001000000A5002D16697076342D7765752D6F692D6F64732D637365732D670A776573746575726F706508636C6F7564617070C040C08C0001000100000009000434ECBADE,"VirtualizationInstance:.","6858e8ab-48ab-4d89-9468-81fd58dcb082","7/27/2023, 2:37:45.568 PM","in_windowsdns_auditanalytics_sentinel_windows","im_etw","172.18.88.20","N/A","172.18.88.20",0,0,0,0,Default,"..Cache",NULL,,32,,"NXLog_DNS_Server_CL",
"0b2a9277-f48f-49f6-b78d-d8bfd6dea87a",RestAPI,,,"7/27/2023, 2:42:03.919 PM",,,,,,,,,,,,,,,,,,,,,,,,"Microsoft-Windows-DNSServer","eb79061a-a566-4698-9119-3ed2807060e7",256,0,16,"Microsoft-Windows-DNS-Server/Analytical ",4,"Information ",0,1,"LOOK_UP ",9223372036854775809,"7/27/2023, 2:42:01.198 PM",2908,4028,INFO,2,INFO,windns,"NT AUTHORITY",SYSTEM,"S-1-5-18",User,256,0,"172.18.88.20","172.18.88.20",1,"0b2a9277-f48f-49f6-b78d-d8bfd6dea87a.ods.opinsights.azure.com.",1,45334,54472,45334,true,false,false,QUERY,false,NOERROR,false,false,false,"[{""dns.query.name"":""0b2a9277-f48f-49f6-b78d-d8bfd6dea87a.ods.opinsights.azure.com"",""dns.query.type"":""A"",""dns.query.class"":""IN""}]",0xB116010000010000000000002430623261393237372D663438662D343966362D623738642D643862666436646561383761036F64730A6F70696E73696768747305617A75726503636F6D0000010001,".","3dec1592-db83-456d-9514-3e2c09ed07e6","7/27/2023, 2:42:03.209 PM","in_windowsdns_auditanalytics_sentinel_windows","im_etw","172.18.88.20","N/A",,,,,,,,,,,,"NXLog_DNS_Server_CL",
"0b2a9277-f48f-49f6-b78d-d8bfd6dea87a",RestAPI,,,"7/27/2023, 2:42:03.919 PM",,,,,,,,,,,,,,,,,,,,,,,,"Microsoft-Windows-DNSServer","eb79061a-a566-4698-9119-3ed2807060e7",279,0,16,"Microsoft-Windows-DNS-Server/Analytical ",4,"Information ",0,1,"LOOK_UP ",9223372071214514176,"7/27/2023, 2:42:01.198 PM",2908,4028,INFO,2,INFO,windns,"NT AUTHORITY",SYSTEM,"S-1-5-18",User,33152,0,"172.18.88.20","172.18.88.20",1,"opinsightsweuods.trafficmanager.net.",1,45334,54472,45334,true,false,false,QUERY,true,NOERROR,false,false,true,"[{""dns.query.name"":""0b2a9277-f48f-49f6-b78d-d8bfd6dea87a.ods.opinsights.azure.com"",""dns.query.type"":""A"",""dns.query.class"":""IN""}]",0xB116818000010001000000002430623261393237372D663438662D343966362D623738642D643862666436646561383761036F64730A6F70696E73696768747305617A75726503636F6D0000010001,,,"7/27/2023, 2:42:03.209 PM","in_windowsdns_auditanalytics_sentinel_windows","im_etw","172.18.88.20","N/A",,,,,,,,,,,"N/A","NXLog_DNS_Server_CL",
"0b2a9277-f48f-49f6-b78d-d8bfd6dea87a",RestAPI,,,"7/27/2023, 2:42:03.919 PM",,,,,,,,,,,,,,,,,,,,,,,,"Microsoft-Windows-DNSServer","eb79061a-a566-4698-9119-3ed2807060e7",279,0,16,"Microsoft-Windows-DNS-Server/Analytical ",4,"Information ",0,1,"LOOK_UP ",9223372071214514176,"7/27/2023, 2:42:01.198 PM",2908,4028,INFO,2,INFO,windns,"NT AUTHORITY",SYSTEM,"S-1-5-18",User,33152,0,"172.18.88.20","172.18.88.20",1,"ipv4-weu-oi-ods-cses-i.westeurope.cloudapp.azure.com.",1,45334,54472,45334,true,false,false,QUERY,true,NOERROR,false,false,true,"[{""dns.query.name"":""0b2a9277-f48f-49f6-b78d-d8bfd6dea87a.ods.opinsights.azure.com"",""dns.query.type"":""A"",""dns.query.class"":""IN""}]",0xB116818000010002000000002430623261393237372D663438662D343966362D623738642D643862666436646561383761036F64730A6F70696E73696768747305617A75726503636F6D0000010001,,,"7/27/2023, 2:42:03.209 PM","in_windowsdns_auditanalytics_sentinel_windows","im_etw","172.18.88.20","N/A",,,,,,,,,,,"N/A","NXLog_DNS_Server_CL",
"0b2a9277-f48f-49f6-b78d-d8bfd6dea87a",RestAPI,,,"7/27/2023, 2:42:03.919 PM",,,,,,,,,,,,,,,,,,,,,,"[{""dns.answer.name"":""0b2a9277-f48f-49f6-b78d-d8bfd6dea87a.ods.opinsights.azure.com"",""dns.answer.type"":""CNAME"",""dns.answer.class"":""IN"",""dns.answer.ttl"":281,""dns.answer.data"":""opinsightsweuods.trafficmanager.net""},{""dns.answer.name"":""opinsightsweuods.trafficmanager.net"",""dns.answer.type"":""CNAME"",""dns.answer.class"":""IN"",""dns.answer.ttl"":281,""dns.answer.data"":""ipv4-weu-oi-ods-cses-i.westeurope.cloudapp.azure.com""},{""dns.answer.name"":""ipv4-weu-oi-ods-cses-i.westeurope.cloudapp.azure.com"",""dns.answer.type"":""A"",""dns.answer.class"":""IN"",""dns.answer.ttl"":2,""dns.answer.data"":""104.40.170.64""}]",,"Microsoft-Windows-DNSServer","eb79061a-a566-4698-9119-3ed2807060e7",257,0,16,"Microsoft-Windows-DNS-Server/Analytical ",4,"Information ",0,1,"LOOK_UP ",9223372036854775810,"7/27/2023, 2:42:01.198 PM",2908,4028,INFO,2,INFO,windns,"NT AUTHORITY",SYSTEM,"S-1-5-18",User,33152,0,"172.18.88.20",,,"0b2a9277-f48f-49f6-b78d-d8bfd6dea87a.ods.opinsights.azure.com.",1,45334,54472,45334,true,false,false,QUERY,true,NOERROR,false,false,true,"[{""dns.query.name"":""0b2a9277-f48f-49f6-b78d-d8bfd6dea87a.ods.opinsights.azure.com"",""dns.query.type"":""A"",""dns.query.class"":""IN""}]",0xB116818000010003000000002430623261393237372D663438662D343966362D623738642D643862666436646561383761036F64730A6F70696E73696768747305617A75726503636F6D0000010001C00C00050001000001190025106F70696E7369676874737765756F64730E747261666669636D616E61676572036E657400C05B0005000100000119002D16697076342D7765752D6F692D6F64732D637365732D690A776573746575726F706508636C6F7564617070C040C08C000100010000000200046828AA40,"VirtualizationInstance:.","3dec1592-db83-456d-9514-3e2c09ed07e6","7/27/2023, 2:42:03.725 PM","in_windowsdns_auditanalytics_sentinel_windows","im_etw","172.18.88.20","N/A","172.18.88.20",0,0,0,0,Default,"..Cache",NULL,,0,,"NXLog_DNS_Server_CL",
"0b2a9277-f48f-49f6-b78d-d8bfd6dea87a",RestAPI,,,"7/27/2023, 2:46:46.124 PM",,,,,,,,,,,,,,,,,,38767,,".",Default,,,"Microsoft-Windows-DNSServer","eb79061a-a566-4698-9119-3ed2807060e7",260,0,16,"Microsoft-Windows-DNS-Server/Analytical ",4,"Information ",0,2,"RECURSE_QUERY ",9223372036854775824,"7/27/2023, 2:46:43.565 PM",2908,4024,INFO,2,INFO,windns,"NT AUTHORITY",SYSTEM,"S-1-5-18",User,0,0,"0.0.0.0",,0,"login.live.com.",1,18294,0,18294,false,false,false,QUERY,false,NOERROR,false,false,false,"[{""dns.query.name"":""login.live.com"",""dns.query.type"":""A"",""dns.query.class"":""IN""}]",0x477600000001000000000001056C6F67696E046C69766503636F6D00000100010000290FA0000000000000,".","5ce79a14-8724-4a01-84cc-2d1021c58bda","7/27/2023, 2:46:45.572 PM","in_windowsdns_auditanalytics_sentinel_windows","im_etw","172.18.88.20","N/A","150.171.10.34",,,,,,,NULL,,,,"NXLog_DNS_Server_CL",
"0b2a9277-f48f-49f6-b78d-d8bfd6dea87a",RestAPI,,,"7/27/2023, 2:46:47.819 PM",,,,,,,,,,,,,,,,,,,1,".",Default,"[{""dns.answer.name"":""login.live.com"",""dns.answer.type"":""CNAME"",""dns.answer.class"":""IN"",""dns.answer.ttl"":300,""dns.answer.data"":""login.msa.msidentity.com""}]",0,"Microsoft-Windows-DNSServer","eb79061a-a566-4698-9119-3ed2807060e7",261,0,16,"Microsoft-Windows-DNS-Server/Analytical ",4,"Information ",0,2,"RECURSE_QUERY ",9223372036854775840,"7/27/2023, 2:46:43.596 PM",2908,4024,INFO,2,INFO,windns,"NT AUTHORITY",SYSTEM,"S-1-5-18",User,33792,0,"0.0.0.0","150.171.10.34",,"login.live.com.",1,18294,0,18294,false,false,true,QUERY,true,NOERROR,false,false,false,"[{""dns.query.name"":""login.live.com"",""dns.query.type"":""A"",""dns.query.class"":""IN""}]",0x477684000001000100000001056C6F67696E046C69766503636F6D0000010001C00C000500010000012C0017056C6F67696E036D73610A6D736964656E74697479C01700002904D0000000000000,".","5ce79a14-8724-4a01-84cc-2d1021c58bda","7/27/2023, 2:46:46.576 PM","in_windowsdns_auditanalytics_sentinel_windows","im_etw","172.18.88.20","N/A",,1,0,,,,,,,,,"NXLog_DNS_Server_CL",
"0b2a9277-f48f-49f6-b78d-d8bfd6dea87a",RestAPI,,,"7/27/2023, 2:46:47.819 PM",,,,,,,,,,,,,,,,,,,,,,,,"Microsoft-Windows-DNSServer","eb79061a-a566-4698-9119-3ed2807060e7",279,0,16,"Microsoft-Windows-DNS-Server/Analytical ",4,"Information ",0,1,"LOOK_UP ",9223372071214514176,"7/27/2023, 2:46:43.596 PM",2908,4024,INFO,2,INFO,windns,"NT AUTHORITY",SYSTEM,"S-1-5-18",User,33152,0,"172.18.88.20","172.18.88.20",1,"login.msa.msidentity.com.",1,38767,57920,38767,true,false,false,QUERY,true,NOERROR,false,false,true,"[{""dns.query.name"":""login.live.com"",""dns.query.type"":""A"",""dns.query.class"":""IN""}]",0x976F81800001000100000000056C6F67696E046C69766503636F6D0000010001,,,"7/27/2023, 2:46:46.576 PM","in_windowsdns_auditanalytics_sentinel_windows","im_etw","172.18.88.20","N/A",,,,,,,,,,,"N/A","NXLog_DNS_Server_CL",
"0b2a9277-f48f-49f6-b78d-d8bfd6dea87a",RestAPI,,,"7/27/2023, 2:46:47.819 PM",,,,,,,,,,,,,,,,,,38767,,".",Default,,,"Microsoft-Windows-DNSServer","eb79061a-a566-4698-9119-3ed2807060e7",260,0,16,"Microsoft-Windows-DNS-Server/Analytical ",4,"Information ",0,2,"RECURSE_QUERY ",9223372036854775824,"7/27/2023, 2:46:43.596 PM",2908,4024,INFO,2,INFO,windns,"NT AUTHORITY",SYSTEM,"S-1-5-18",User,0,0,"0.0.0.0",,0,"login.msa.msidentity.com.",1,51016,0,51016,false,false,false,QUERY,false,NOERROR,false,false,false,"[{""dns.query.name"":""login.msa.msidentity.com"",""dns.query.type"":""A"",""dns.query.class"":""IN""}]",0xC74800000001000000000001056C6F67696E036D73610A6D736964656E7469747903636F6D00000100010000290FA0000000000000,".","5ce79a14-8724-4a01-84cc-2d1021c58bda","7/27/2023, 2:46:46.576 PM","in_windowsdns_auditanalytics_sentinel_windows","im_etw","172.18.88.20","N/A","13.107.206.36",,,,,,,NULL,,,,"NXLog_DNS_Server_CL",
"0b2a9277-f48f-49f6-b78d-d8bfd6dea87a",RestAPI,,,"7/27/2023, 2:46:47.819 PM",,,,,,,,,,,,,,,,,,,2,".",Default,"[{""dns.answer.name"":""login.msa.msidentity.com"",""dns.answer.type"":""CNAME"",""dns.answer.class"":""IN"",""dns.answer.ttl"":300,""dns.answer.data"":""www.tm.lg.prod.aadmsa.trafficmanager.net""}]",0,"Microsoft-Windows-DNSServer","eb79061a-a566-4698-9119-3ed2807060e7",261,0,16,"Microsoft-Windows-DNS-Server/Analytical ",4,"Information ",0,2,"RECURSE_QUERY ",9223372036854775840,"7/27/2023, 2:46:43.628 PM",2908,4024,INFO,2,INFO,windns,"NT AUTHORITY",SYSTEM,"S-1-5-18",User,33792,0,"0.0.0.0","13.107.206.36",,"login.msa.msidentity.com.",1,51016,0,51016,false,false,true,QUERY,true,NOERROR,false,false,false,"[{""dns.query.name"":""login.msa.msidentity.com"",""dns.query.type"":""A"",""dns.query.class"":""IN""}]",0xC74884000001000100000001056C6F67696E036D73610A6D736964656E7469747903636F6D0000010001C00C000500010000012C002A0377777702746D026C670470726F64066161646D73610E747261666669636D616E61676572036E65740000002904D0000000000000,".","5ce79a14-8724-4a01-84cc-2d1021c58bda","7/27/2023, 2:46:46.576 PM","in_windowsdns_auditanalytics_sentinel_windows","im_etw","172.18.88.20","N/A",,1,0,,,,,,,,,"NXLog_DNS_Server_CL",
"0b2a9277-f48f-49f6-b78d-d8bfd6dea87a",RestAPI,,,"7/27/2023, 2:46:47.819 PM",,,,,,,,,,,,,,,,,,,,,,,,"Microsoft-Windows-DNSServer","eb79061a-a566-4698-9119-3ed2807060e7",279,0,16,"Microsoft-Windows-DNS-Server/Analytical ",4,"Information ",0,1,"LOOK_UP ",9223372071214514176,"7/27/2023, 2:46:43.628 PM",2908,4024,INFO,2,INFO,windns,"NT AUTHORITY",SYSTEM,"S-1-5-18",User,33152,0,"172.18.88.20","172.18.88.20",1,"www.tm.lg.prod.aadmsa.trafficmanager.net.",1,38767,57920,38767,true,false,false,QUERY,true,NOERROR,false,false,true,"[{""dns.query.name"":""login.live.com"",""dns.query.type"":""A"",""dns.query.class"":""IN""}]",0x976F81800001000200000000056C6F67696E046C69766503636F6D0000010001,,,"7/27/2023, 2:46:46.576 PM","in_windowsdns_auditanalytics_sentinel_windows","im_etw","172.18.88.20","N/A",,,,,,,,,,,"N/A","NXLog_DNS_Server_CL",
"0b2a9277-f48f-49f6-b78d-d8bfd6dea87a",RestAPI,,,"7/27/2023, 2:46:47.819 PM",,,,,,,,,,,,,,,,,,1,,".",Default,,,"Microsoft-Windows-DNSServer","eb79061a-a566-4698-9119-3ed2807060e7",260,0,16,"Microsoft-Windows-DNS-Server/Analytical ",4,"Information ",0,2,"RECURSE_QUERY ",9223372036854775824,"7/27/2023, 2:46:43.628 PM",2908,4024,INFO,2,INFO,windns,"NT AUTHORITY",SYSTEM,"S-1-5-18",User,0,0,"0.0.0.0",,0,"tm1.edgedns-tm.info.",1,30604,0,30604,false,false,false,QUERY,false,NOERROR,false,false,false,"[{""dns.query.name"":""tm1.edgedns-tm.info"",""dns.query.type"":""A"",""dns.query.class"":""IN""}]",0x778C0000000100000000000103746D310A65646765646E732D746D04696E666F00000100010000290FA0000000000000,".","00000000-0000-0000-0000-000000000000","7/27/2023, 2:46:46.576 PM","in_windowsdns_auditanalytics_sentinel_windows","im_etw","172.18.88.20","N/A","13.107.206.36",,,,,,,NULL,,,,"NXLog_DNS_Server_CL",
"0b2a9277-f48f-49f6-b78d-d8bfd6dea87a",RestAPI,,,"7/27/2023, 2:46:47.819 PM",,,,,,,,,,,,,,,,,,,1,".",Default,"[{""dns.answer.name"":""tm1.edgedns-tm.info"",""dns.answer.type"":""A"",""dns.answer.class"":""IN"",""dns.answer.ttl"":300,""dns.answer.data"":""13.107.222.240""}]",0,"Microsoft-Windows-DNSServer","eb79061a-a566-4698-9119-3ed2807060e7",261,0,16,"Microsoft-Windows-DNS-Server/Analytical ",4,"Information ",0,2,"RECURSE_QUERY ",9223372036854775840,"7/27/2023, 2:46:43.655 PM",2908,4024,INFO,2,INFO,windns,"NT AUTHORITY",SYSTEM,"S-1-5-18",User,33792,0,"0.0.0.0","13.107.206.36",,"tm1.edgedns-tm.info.",1,30604,0,30604,false,false,true,QUERY,true,NOERROR,false,false,false,"[{""dns.query.name"":""tm1.edgedns-tm.info"",""dns.query.type"":""A"",""dns.query.class"":""IN""}]",0x778C8400000100010000000103746D310A65646765646E732D746D04696E666F0000010001C00C000100010000012C00040D6BDEF000002904D0000000000000,".","00000000-0000-0000-0000-000000000000","7/27/2023, 2:46:46.576 PM","in_windowsdns_auditanalytics_sentinel_windows","im_etw","172.18.88.20","N/A",,1,0,,,,,,,,,"NXLog_DNS_Server_CL",
"0b2a9277-f48f-49f6-b78d-d8bfd6dea87a",RestAPI,,,"7/27/2023, 2:46:47.819 PM",,,,,,,,,,,,,,,,,,38767,,".",Default,,,"Microsoft-Windows-DNSServer","eb79061a-a566-4698-9119-3ed2807060e7",260,0,16,"Microsoft-Windows-DNS-Server/Analytical ",4,"Information ",0,2,"RECURSE_QUERY ",9223372036854775824,"7/27/2023, 2:46:43.655 PM",2908,4024,INFO,2,INFO,windns,"NT AUTHORITY",SYSTEM,"S-1-5-18",User,0,0,"0.0.0.0",,0,"www.tm.lg.prod.aadmsa.trafficmanager.NET.",1,45765,0,45765,false,false,false,QUERY,false,NOERROR,false,false,false,"[{""dns.query.name"":""www.tm.lg.prod.aadmsa.trafficmanager.NET"",""dns.query.type"":""A"",""dns.query.class"":""IN""}]",0xB2C5000000010000000000010377777702746D026C670470726F64066161646D73610E747261666669636D616E61676572034E455400000100010000290FA0000000000000,".","5ce79a14-8724-4a01-84cc-2d1021c58bda","7/27/2023, 2:46:46.576 PM","in_windowsdns_auditanalytics_sentinel_windows","im_etw","172.18.88.20","N/A","13.107.222.240",,,,,,,NULL,,,,"NXLog_DNS_Server_CL",
"0b2a9277-f48f-49f6-b78d-d8bfd6dea87a",RestAPI,,,"7/27/2023, 2:46:47.819 PM",,,,,,,,,,,,,,,,,,,3,".",Default,"[{""dns.answer.name"":""www.tm.lg.prod.aadmsa.trafficmanager.NET"",""dns.answer.type"":""CNAME"",""dns.answer.class"":""IN"",""dns.answer.ttl"":300,""dns.answer.data"":""prdv4a.aadg.msidentity.com""}]",0,"Microsoft-Windows-DNSServer","eb79061a-a566-4698-9119-3ed2807060e7",261,0,16,"Microsoft-Windows-DNS-Server/Analytical ",4,"Information ",0,2,"RECURSE_QUERY ",9223372036854775840,"7/27/2023, 2:46:43.690 PM",2908,4024,INFO,2,INFO,windns,"NT AUTHORITY",SYSTEM,"S-1-5-18",User,33792,0,"0.0.0.0","13.107.222.240",,"www.tm.lg.prod.aadmsa.trafficmanager.NET.",1,45765,0,45765,false,false,true,QUERY,true,NOERROR,false,false,false,"[{""dns.query.name"":""www.tm.lg.prod.aadmsa.trafficmanager.NET"",""dns.query.type"":""A"",""dns.query.class"":""IN""}]",0xB2C5840000010001000000010377777702746D026C670470726F64066161646D73610E747261666669636D616E61676572034E45540000010001C00C000500010000012C001C0670726476346104616164670A6D736964656E7469747903636F6D0000002904D0000000000000,".","5ce79a14-8724-4a01-84cc-2d1021c58bda","7/27/2023, 2:46:46.576 PM","in_windowsdns_auditanalytics_sentinel_windows","im_etw","172.18.88.20","N/A",,1,0,,,,,,,,,"NXLog_DNS_Server_CL",
"0b2a9277-f48f-49f6-b78d-d8bfd6dea87a",RestAPI,,,"7/27/2023, 2:46:47.819 PM",,,,,,,,,,,,,,,,,,,,,,,,"Microsoft-Windows-DNSServer","eb79061a-a566-4698-9119-3ed2807060e7",279,0,16,"Microsoft-Windows-DNS-Server/Analytical ",4,"Information ",0,1,"LOOK_UP ",9223372071214514176,"7/27/2023, 2:46:43.691 PM",2908,4024,INFO,2,INFO,windns,"NT AUTHORITY",SYSTEM,"S-1-5-18",User,33152,0,"172.18.88.20","172.18.88.20",1,"prdv4a.aadg.msidentity.com.",1,38767,57920,38767,true,false,false,QUERY,true,NOERROR,false,false,true,"[{""dns.query.name"":""login.live.com"",""dns.query.type"":""A"",""dns.query.class"":""IN""}]",0x976F81800001000300000000056C6F67696E046C69766503636F6D0000010001,,,"7/27/2023, 2:46:46.582 PM","in_windowsdns_auditanalytics_sentinel_windows","im_etw","172.18.88.20","N/A",,,,,,,,,,,"N/A","NXLog_DNS_Server_CL",
"0b2a9277-f48f-49f6-b78d-d8bfd6dea87a",RestAPI,,,"7/27/2023, 2:46:47.819 PM",,,,,,,,,,,,,,,,,,38767,,".",Default,,,"Microsoft-Windows-DNSServer","eb79061a-a566-4698-9119-3ed2807060e7",260,0,16,"Microsoft-Windows-DNS-Server/Analytical ",4,"Information ",0,2,"RECURSE_QUERY ",9223372036854775824,"7/27/2023, 2:46:43.691 PM",2908,4024,INFO,2,INFO,windns,"NT AUTHORITY",SYSTEM,"S-1-5-18",User,0,0,"0.0.0.0",,0,"prdv4a.aadg.msidentity.com.",1,4973,0,4973,false,false,false,QUERY,false,NOERROR,false,false,false,"[{""dns.query.name"":""prdv4a.aadg.msidentity.com"",""dns.query.type"":""A"",""dns.query.class"":""IN""}]",0x136D000000010000000000010670726476346104616164670A6D736964656E7469747903636F6D00000100010000290FA0000000000000,".","5ce79a14-8724-4a01-84cc-2d1021c58bda","7/27/2023, 2:46:46.582 PM","in_windowsdns_auditanalytics_sentinel_windows","im_etw","172.18.88.20","N/A","95.100.173.64",,,,,,,NULL,,,,"NXLog_DNS_Server_CL",
"0b2a9277-f48f-49f6-b78d-d8bfd6dea87a",RestAPI,,,"7/27/2023, 2:46:47.819 PM",,,,,,,,,,,,,,,,,,,4,".",Default,"[{""dns.answer.name"":""prdv4a.aadg.msidentity.com"",""dns.answer.type"":""CNAME"",""dns.answer.class"":""IN"",""dns.answer.ttl"":300,""dns.answer.data"":""www.tm.v4.a.prd.aadg.akadns.net""}]",0,"Microsoft-Windows-DNSServer","eb79061a-a566-4698-9119-3ed2807060e7",261,0,16,"Microsoft-Windows-DNS-Server/Analytical ",4,"Information ",0,2,"RECURSE_QUERY ",9223372036854775840,"7/27/2023, 2:46:43.721 PM",2908,4024,INFO,2,INFO,windns,"NT AUTHORITY",SYSTEM,"S-1-5-18",User,33792,0,"0.0.0.0","95.100.173.64",,"prdv4a.aadg.msidentity.com.",1,4973,0,4973,false,false,true,QUERY,true,NOERROR,false,false,false,"[{""dns.query.name"":""prdv4a.aadg.msidentity.com"",""dns.query.type"":""A"",""dns.query.class"":""IN""}]",0x136D840000010001000000010670726476346104616164670A6D736964656E7469747903636F6D0000010001C00C000500010000012C00210377777702746D027634016103707264046161646706616B61646E73036E6574000000291000000000000000,".","5ce79a14-8724-4a01-84cc-2d1021c58bda","7/27/2023, 2:46:46.582 PM","in_windowsdns_auditanalytics_sentinel_windows","im_etw","172.18.88.20","N/A",,1,0,,,,,,,,,"NXLog_DNS_Server_CL",
"0b2a9277-f48f-49f6-b78d-d8bfd6dea87a",RestAPI,,,"7/27/2023, 2:46:47.819 PM",,,,,,,,,,,,,,,,,,,,,,,,"Microsoft-Windows-DNSServer","eb79061a-a566-4698-9119-3ed2807060e7",279,0,16,"Microsoft-Windows-DNS-Server/Analytical ",4,"Information ",0,1,"LOOK_UP ",9223372071214514176,"7/27/2023, 2:46:43.721 PM",2908,4024,INFO,2,INFO,windns,"NT AUTHORITY",SYSTEM,"S-1-5-18",User,33152,0,"172.18.88.20","172.18.88.20",1,"www.tm.v4.a.prd.aadg.akadns.net.",1,38767,57920,38767,true,false,false,QUERY,true,NOERROR,false,false,true,"[{""dns.query.name"":""login.live.com"",""dns.query.type"":""A"",""dns.query.class"":""IN""}]",0x976F81800001000400000000056C6F67696E046C69766503636F6D0000010001,,,"7/27/2023, 2:46:46.583 PM","in_windowsdns_auditanalytics_sentinel_windows","im_etw","172.18.88.20","N/A",,,,,,,,,,,"N/A","NXLog_DNS_Server_CL",
"0b2a9277-f48f-49f6-b78d-d8bfd6dea87a",RestAPI,,,"7/27/2023, 2:46:47.819 PM",,,,,,,,,,,,,,,,,,38767,,".",Default,,,"Microsoft-Windows-DNSServer","eb79061a-a566-4698-9119-3ed2807060e7",260,0,16,"Microsoft-Windows-DNS-Server/Analytical ",4,"Information ",0,2,"RECURSE_QUERY ",9223372036854775824,"7/27/2023, 2:46:43.721 PM",2908,4024,INFO,2,INFO,windns,"NT AUTHORITY",SYSTEM,"S-1-5-18",User,0,0,"0.0.0.0",,0,"www.tm.v4.a.prd.aadg.akadns.NET.",1,63686,0,63686,false,false,false,QUERY,false,NOERROR,false,false,false,"[{""dns.query.name"":""www.tm.v4.a.prd.aadg.akadns.NET"",""dns.query.type"":""A"",""dns.query.class"":""IN""}]",0xF8C6000000010000000000010377777702746D027634016103707264046161646706616B61646E73034E455400000100010000290FA0000000000000,".","5ce79a14-8724-4a01-84cc-2d1021c58bda","7/27/2023, 2:46:46.583 PM","in_windowsdns_auditanalytics_sentinel_windows","im_etw","172.18.88.20","N/A","84.53.139.129",,,,,,,NULL,,,,"NXLog_DNS_Server_CL",
"0b2a9277-f48f-49f6-b78d-d8bfd6dea87a",RestAPI,,,"7/27/2023, 2:46:47.819 PM",,,,,,,,,,,,,,,,,,,5,".",Default,"[{""dns.answer.name"":""www.tm.v4.a.prd.aadg.akadns.NET"",""dns.answer.type"":""A"",""dns.answer.class"":""IN"",""dns.answer.ttl"":300,""dns.answer.data"":""20.190.159.68""},{""dns.answer.name"":""www.tm.v4.a.prd.aadg.akadns.NET"",""dns.answer.type"":""A"",""dns.answer.class"":""IN"",""dns.answer.ttl"":300,""dns.answer.data"":""40.126.31.67""},{""dns.answer.name"":""www.tm.v4.a.prd.aadg.akadns.NET"",""dns.answer.type"":""A"",""dns.answer.class"":""IN"",""dns.answer.ttl"":300,""dns.answer.data"":""20.190.159.71""},{""dns.answer.name"":""www.tm.v4.a.prd.aadg.akadns.NET"",""dns.answer.type"":""A"",""dns.answer.class"":""IN"",""dns.answer.ttl"":300,""dns.answer.data"":""40.126.31.73""},{""dns.answer.name"":""www.tm.v4.a.prd.aadg.akadns.NET"",""dns.answer.type"":""A"",""dns.answer.class"":""IN"",""dns.answer.ttl"":300,""dns.answer.data"":""40.126.31.69""},{""dns.answer.name"":""www.tm.v4.a.prd.aadg.akadns.NET"",""dns.answer.type"":""A"",""dns.answer.class"":""IN"",""dns.answer.ttl"":300,""dns.answer.data"":""20.190.159.2""},{""dns.answer.name"":""www.tm.v4.a.prd.aadg.akadns.NET"",""dns.answer.type"":""A"",""dns.answer.class"":""IN"",""dns.answer.ttl"":300,""dns.answer.data"":""20.190.159.23""},{""dns.answer.name"":""www.tm.v4.a.prd.aadg.akadns.NET"",""dns.answer.type"":""A"",""dns.answer.class"":""IN"",""dns.answer.ttl"":300,""dns.answer.data"":""20.190.159.64""}]",0,"Microsoft-Windows-DNSServer","eb79061a-a566-4698-9119-3ed2807060e7",261,0,16,"Microsoft-Windows-DNS-Server/Analytical ",4,"Information ",0,2,"RECURSE_QUERY ",9223372036854775840,"7/27/2023, 2:46:43.772 PM",2908,4024,INFO,2,INFO,windns,"NT AUTHORITY",SYSTEM,"S-1-5-18",User,33792,0,"0.0.0.0","84.53.139.129",,"www.tm.v4.a.prd.aadg.akadns.NET.",1,63686,0,63686,false,false,true,QUERY,true,NOERROR,false,false,false,"[{""dns.query.name"":""www.tm.v4.a.prd.aadg.akadns.NET"",""dns.query.type"":""A"",""dns.query.class"":""IN""}]",0xF8C6840000010008000000010377777702746D027634016103707264046161646706616B61646E73034E45540000010001C00C000100010000012C000414BE9F44C00C000100010000012C0004287E1F43C00C000100010000012C000414BE9F47C00C000100010000012C0004287E1F49C00C000100010000012C0004287E1F45C00C000100010000012C000414BE9F02C00C000100010000012C000414BE9F17C00C000100010000012C000414BE9F400000291000000000000000,".","5ce79a14-8724-4a01-84cc-2d1021c58bda","7/27/2023, 2:46:46.584 PM","in_windowsdns_auditanalytics_sentinel_windows","im_etw","172.18.88.20","N/A",,1,0,,,,,,,,,"NXLog_DNS_Server_CL",
"0b2a9277-f48f-49f6-b78d-d8bfd6dea87a",RestAPI,,,"7/27/2023, 2:46:47.819 PM",,,,,,,,,,,,,,,,,,,,,,"[{""dns.answer.name"":""login.live.com"",""dns.answer.type"":""CNAME"",""dns.answer.class"":""IN"",""dns.answer.ttl"":300,""dns.answer.data"":""login.msa.msidentity.com""},{""dns.answer.name"":""login.msa.msidentity.com"",""dns.answer.type"":""CNAME"",""dns.answer.class"":""IN"",""dns.answer.ttl"":300,""dns.answer.data"":""www.tm.lg.prod.aadmsa.trafficmanager.net""},{""dns.answer.name"":""www.tm.lg.prod.aadmsa.trafficmanager.net"",""dns.answer.type"":""CNAME"",""dns.answer.class"":""IN"",""dns.answer.ttl"":300,""dns.answer.data"":""prdv4a.aadg.msidentity.com""},{""dns.answer.name"":""prdv4a.aadg.msidentity.com"",""dns.answer.type"":""CNAME"",""dns.answer.class"":""IN"",""dns.answer.ttl"":300,""dns.answer.data"":""www.tm.v4.a.prd.aadg.akadns.net""},{""dns.answer.name"":""www.tm.v4.a.prd.aadg.akadns.net"",""dns.answer.type"":""A"",""dns.answer.class"":""IN"",""dns.answer.ttl"":300,""dns.answer.data"":""20.190.159.68""},{""dns.answer.name"":""www.tm.v4.a.prd.aadg.akadns.net"",""dns.answer.type"":""A"",""dns.answer.class"":""IN"",""dns.answer.ttl"":300,""dns.answer.data"":""40.126.31.67""},{""dns.answer.name"":""www.tm.v4.a.prd.aadg.akadns.net"",""dns.answer.type"":""A"",""dns.answer.class"":""IN"",""dns.answer.ttl"":300,""dns.answer.data"":""20.190.159.71""},{""dns.answer.name"":""www.tm.v4.a.prd.aadg.akadns.net"",""dns.answer.type"":""A"",""dns.answer.class"":""IN"",""dns.answer.ttl"":300,""dns.answer.data"":""40.126.31.73""},{""dns.answer.name"":""www.tm.v4.a.prd.aadg.akadns.net"",""dns.answer.type"":""A"",""dns.answer.class"":""IN"",""dns.answer.ttl"":300,""dns.answer.data"":""40.126.31.69""},{""dns.answer.name"":""www.tm.v4.a.prd.aadg.akadns.net"",""dns.answer.type"":""A"",""dns.answer.class"":""IN"",""dns.answer.ttl"":300,""dns.answer.data"":""20.190.159.2""},{""dns.answer.name"":""www.tm.v4.a.prd.aadg.akadns.net"",""dns.answer.type"":""A"",""dns.answer.class"":""IN"",""dns.answer.ttl"":300,""dns.answer.data"":""20.190.159.23""},{""dns.answer.name"":""www.tm.v4.a.prd.aadg.akadns.net"",""dns.answer.type"":""A"",""dns.answer.class"":""IN"",""dns.answer.ttl"":300,""dns.answer.data"":""20.190.159.64""}]",,"Microsoft-Windows-DNSServer","eb79061a-a566-4698-9119-3ed2807060e7",257,0,16,"Microsoft-Windows-DNS-Server/Analytical ",4,"Information ",0,1,"LOOK_UP ",9223372036854775810,"7/27/2023, 2:46:43.772 PM",2908,4024,INFO,2,INFO,windns,"NT AUTHORITY",SYSTEM,"S-1-5-18",User,33152,0,"172.18.88.20",,,"login.live.com.",1,38767,57920,38767,true,false,false,QUERY,true,NOERROR,false,false,true,"[{""dns.query.name"":""login.live.com"",""dns.query.type"":""A"",""dns.query.class"":""IN""}]",0x976F81800001000C00000000056C6F67696E046C69766503636F6D0000010001C00C000500010000012C0017056C6F67696E036D73610A6D736964656E74697479C017C02C000500010000012C002A0377777702746D026C670470726F64066161646D73610E747261666669636D616E61676572036E657400C04F000500010000012C000E067072647634610461616467C036C085000500010000012C001E0377777702746D027634016103707264046161646706616B61646E73C074C09F000100010000012C000414BE9F44C09F000100010000012C0004287E1F43C09F000100010000012C000414BE9F47C09F000100010000012C0004287E1F49C09F000100010000012C0004287E1F45C09F000100010000012C000414BE9F02C09F000100010000012C000414BE9F17C09F000100010000012C000414BE9F40,"VirtualizationInstance:.","5ce79a14-8724-4a01-84cc-2d1021c58bda","7/27/2023, 2:46:46.584 PM","in_windowsdns_auditanalytics_sentinel_windows","im_etw","172.18.88.20","N/A","172.18.88.20",0,0,0,0,Default,"..Cache",NULL,,209,,"NXLog_DNS_Server_CL",
"0b2a9277-f48f-49f6-b78d-d8bfd6dea87a",RestAPI,,,"7/27/2023, 2:46:47.819 PM",,,,,,,,,,,,,,,,,,,,,,,,"Microsoft-Windows-DNSServer","eb79061a-a566-4698-9119-3ed2807060e7",256,0,16,"Microsoft-Windows-DNS-Server/Analytical ",4,"Information ",0,1,"LOOK_UP ",9223372036854775809,"7/27/2023, 2:46:43.841 PM",2908,4028,INFO,2,INFO,windns,"NT AUTHORITY",SYSTEM,"S-1-5-18",User,256,0,"172.18.88.20","172.18.88.20",1,"ocsp.digicert.com.",1,51391,51669,51391,true,false,false,QUERY,false,NOERROR,false,false,false,"[{""dns.query.name"":""ocsp.digicert.com"",""dns.query.type"":""A"",""dns.query.class"":""IN""}]",0xC8BF01000001000000000000046F63737008646967696365727403636F6D0000010001,".","c7497d90-fb7f-4ae0-b88b-6503ce7c440e","7/27/2023, 2:46:46.584 PM","in_windowsdns_auditanalytics_sentinel_windows","im_etw","172.18.88.20","N/A",,,,,,,,,,,,"NXLog_DNS_Server_CL",
"0b2a9277-f48f-49f6-b78d-d8bfd6dea87a",RestAPI,,,"7/27/2023, 2:46:47.819 PM",,,,,,,,,,,,,,,,,,,,,,,,"Microsoft-Windows-DNSServer","eb79061a-a566-4698-9119-3ed2807060e7",279,0,16,"Microsoft-Windows-DNS-Server/Analytical ",4,"Information ",0,1,"LOOK_UP ",9223372071214514176,"7/27/2023, 2:46:43.841 PM",2908,4028,INFO,2,INFO,windns,"NT AUTHORITY",SYSTEM,"S-1-5-18",User,33152,0,"172.18.88.20","172.18.88.20",1,"ocsp.edge.digicert.com.",1,51391,51669,51391,true,false,false,QUERY,true,NOERROR,false,false,true,"[{""dns.query.name"":""ocsp.digicert.com"",""dns.query.type"":""A"",""dns.query.class"":""IN""}]",0xC8BF81800001000100000000046F63737008646967696365727403636F6D0000010001,,,"7/27/2023, 2:46:46.584 PM","in_windowsdns_auditanalytics_sentinel_windows","im_etw","172.18.88.20","N/A",,,,,,,,,,,"N/A","NXLog_DNS_Server_CL",
"0b2a9277-f48f-49f6-b78d-d8bfd6dea87a",RestAPI,,,"7/27/2023, 2:46:47.819 PM",,,,,,,,,,,,,,,,,,,,,,,,"Microsoft-Windows-DNSServer","eb79061a-a566-4698-9119-3ed2807060e7",279,0,16,"Microsoft-Windows-DNS-Server/Analytical ",4,"Information ",0,1,"LOOK_UP ",9223372071214514176,"7/27/2023, 2:46:43.841 PM",2908,4028,INFO,2,INFO,windns,"NT AUTHORITY",SYSTEM,"S-1-5-18",User,33152,0,"172.18.88.20","172.18.88.20",1,"fp2e7a.wpc.2be4.phicdn.net.",1,51391,51669,51391,true,false,false,QUERY,true,NOERROR,false,false,true,"[{""dns.query.name"":""ocsp.digicert.com"",""dns.query.type"":""A"",""dns.query.class"":""IN""}]",0xC8BF81800001000200000000046F63737008646967696365727403636F6D0000010001,,,"7/27/2023, 2:46:46.585 PM","in_windowsdns_auditanalytics_sentinel_windows","im_etw","172.18.88.20","N/A",,,,,,,,,,,"N/A","NXLog_DNS_Server_CL",
"0b2a9277-f48f-49f6-b78d-d8bfd6dea87a",RestAPI,,,"7/27/2023, 2:46:47.819 PM",,,,,,,,,,,,,,,,,,,,,,,,"Microsoft-Windows-DNSServer","eb79061a-a566-4698-9119-3ed2807060e7",279,0,16,"Microsoft-Windows-DNS-Server/Analytical ",4,"Information ",0,1,"LOOK_UP ",9223372071214514176,"7/27/2023, 2:46:43.841 PM",2908,4028,INFO,2,INFO,windns,"NT AUTHORITY",SYSTEM,"S-1-5-18",User,33152,0,"172.18.88.20","172.18.88.20",1,"fp2e7a.wpc.phicdn.net.",1,51391,51669,51391,true,false,false,QUERY,true,NOERROR,false,false,true,"[{""dns.query.name"":""ocsp.digicert.com"",""dns.query.type"":""A"",""dns.query.class"":""IN""}]",0xC8BF81800001000300000000046F63737008646967696365727403636F6D0000010001,,,"7/27/2023, 2:46:46.585 PM","in_windowsdns_auditanalytics_sentinel_windows","im_etw","172.18.88.20","N/A",,,,,,,,,,,"N/A","NXLog_DNS_Server_CL",
"0b2a9277-f48f-49f6-b78d-d8bfd6dea87a",RestAPI,,,"7/27/2023, 2:46:47.819 PM",,,,,,,,,,,,,,,,,,,,,,"[{""dns.answer.name"":""ocsp.digicert.com"",""dns.answer.type"":""CNAME"",""dns.answer.class"":""IN"",""dns.answer.ttl"":19673,""dns.answer.data"":""ocsp.edge.digicert.com""},{""dns.answer.name"":""ocsp.edge.digicert.com"",""dns.answer.type"":""CNAME"",""dns.answer.class"":""IN"",""dns.answer.ttl"":1673,""dns.answer.data"":""fp2e7a.wpc.2be4.phicdn.net""},{""dns.answer.name"":""fp2e7a.wpc.2be4.phicdn.net"",""dns.answer.type"":""CNAME"",""dns.answer.class"":""IN"",""dns.answer.ttl"":1673,""dns.answer.data"":""fp2e7a.wpc.phicdn.net""},{""dns.answer.name"":""fp2e7a.wpc.phicdn.net"",""dns.answer.type"":""A"",""dns.answer.class"":""IN"",""dns.answer.ttl"":1673,""dns.answer.data"":""192.229.221.95""}]",,"Microsoft-Windows-DNSServer","eb79061a-a566-4698-9119-3ed2807060e7",257,0,16,"Microsoft-Windows-DNS-Server/Analytical ",4,"Information ",0,1,"LOOK_UP ",9223372036854775810,"7/27/2023, 2:46:43.841 PM",2908,4028,INFO,2,INFO,windns,"NT AUTHORITY",SYSTEM,"S-1-5-18",User,33152,0,"172.18.88.20",,,"ocsp.digicert.com.",1,51391,51669,51391,true,false,false,QUERY,true,NOERROR,false,false,true,"[{""dns.query.name"":""ocsp.digicert.com"",""dns.query.type"":""A"",""dns.query.class"":""IN""}]",0xC8BF81800001000400000000046F63737008646967696365727403636F6D0000010001C00C0005000100004CD9000C046F6373700465646765C011C02F0005000100000689001C066670326537610377706304326265340670686963646E036E657400C0470005000100000689000D0666703265376103777063C057C06F00010001000006890004C0E5DD5F,"VirtualizationInstance:.","c7497d90-fb7f-4ae0-b88b-6503ce7c440e","7/27/2023, 2:46:46.585 PM","in_windowsdns_auditanalytics_sentinel_windows","im_etw","172.18.88.20","N/A","172.18.88.20",0,0,0,0,Default,"..Cache",NULL,,0,,"NXLog_DNS_Server_CL",
"0b2a9277-f48f-49f6-b78d-d8bfd6dea87a",RestAPI,,,"7/27/2023, 2:46:47.819 PM",,,,,,,,,,,,,,,,,,,,,,,,"Microsoft-Windows-DNSServer","eb79061a-a566-4698-9119-3ed2807060e7",256,0,16,"Microsoft-Windows-DNS-Server/Analytical ",4,"Information ",0,1,"LOOK_UP ",9223372036854775809,"7/27/2023, 2:46:44.606 PM",2908,4028,INFO,2,INFO,windns,"NT AUTHORITY",SYSTEM,"S-1-5-18",User,256,0,"172.18.88.20","172.18.88.20",1,"checkappexec.microsoft.com.",1,6671,64967,6671,true,false,false,QUERY,false,NOERROR,false,false,false,"[{""dns.query.name"":""checkappexec.microsoft.com"",""dns.query.type"":""A"",""dns.query.class"":""IN""}]",0x1A0F010000010000000000000C636865636B61707065786563096D6963726F736F667403636F6D0000010001,".","eb7774bb-71f9-4cd2-87fd-2c04122ea94c","7/27/2023, 2:46:46.585 PM","in_windowsdns_auditanalytics_sentinel_windows","im_etw","172.18.88.20","N/A",,,,,,,,,,,,"NXLog_DNS_Server_CL",
"0b2a9277-f48f-49f6-b78d-d8bfd6dea87a",RestAPI,,,"7/27/2023, 2:46:47.819 PM",,,,,,,,,,,,,,,,,,6671,,".",Default,,,"Microsoft-Windows-DNSServer","eb79061a-a566-4698-9119-3ed2807060e7",260,0,16,"Microsoft-Windows-DNS-Server/Analytical ",4,"Information ",0,2,"RECURSE_QUERY ",9223372036854775824,"7/27/2023, 2:46:44.607 PM",2908,4028,INFO,2,INFO,windns,"NT AUTHORITY",SYSTEM,"S-1-5-18",User,0,0,"0.0.0.0",,0,"checkappexec.microsoft.com.",1,19045,0,19045,false,false,false,QUERY,false,NOERROR,false,false,false,"[{""dns.query.name"":""checkappexec.microsoft.com"",""dns.query.type"":""A"",""dns.query.class"":""IN""}]",0x4A65000000010000000000010C636865636B61707065786563096D6963726F736F667403636F6D00000100010000290FA0000000000000,".","eb7774bb-71f9-4cd2-87fd-2c04122ea94c","7/27/2023, 2:46:46.585 PM","in_windowsdns_auditanalytics_sentinel_windows","im_etw","172.18.88.20","N/A","150.171.10.39",,,,,,,NULL,,,,"NXLog_DNS_Server_CL",
"0b2a9277-f48f-49f6-b78d-d8bfd6dea87a",RestAPI,,,"7/27/2023, 2:46:47.819 PM",,,,,,,,,,,,,,,,,,,1,".",Default,"[{""dns.answer.name"":""checkappexec.microsoft.com"",""dns.answer.type"":""CNAME"",""dns.answer.class"":""IN"",""dns.answer.ttl"":3600,""dns.answer.data"":""wd-prod-ss.trafficmanager.net""}]",0,"Microsoft-Windows-DNSServer","eb79061a-a566-4698-9119-3ed2807060e7",261,0,16,"Microsoft-Windows-DNS-Server/Analytical ",4,"Information ",0,2,"RECURSE_QUERY ",9223372036854775840,"7/27/2023, 2:46:44.633 PM",2908,4028,INFO,2,INFO,windns,"NT AUTHORITY",SYSTEM,"S-1-5-18",User,33792,0,"0.0.0.0","150.171.10.39",,"checkappexec.microsoft.com.",1,19045,0,19045,false,false,true,QUERY,true,NOERROR,false,false,false,"[{""dns.query.name"":""checkappexec.microsoft.com"",""dns.query.type"":""A"",""dns.query.class"":""IN""}]",0x4A65840000010001000000010C636865636B61707065786563096D6963726F736F667403636F6D0000010001C00C0005000100000E10001F0A77642D70726F642D73730E747261666669636D616E61676572036E65740000002904D0000000000000,".","eb7774bb-71f9-4cd2-87fd-2c04122ea94c","7/27/2023, 2:46:46.585 PM","in_windowsdns_auditanalytics_sentinel_windows","im_etw","172.18.88.20","N/A",,1,0,,,,,,,,,"NXLog_DNS_Server_CL",
"0b2a9277-f48f-49f6-b78d-d8bfd6dea87a",RestAPI,,,"7/27/2023, 2:46:47.819 PM",,,,,,,,,,,,,,,,,,,,,,,,"Microsoft-Windows-DNSServer","eb79061a-a566-4698-9119-3ed2807060e7",279,0,16,"Microsoft-Windows-DNS-Server/Analytical ",4,"Information ",0,1,"LOOK_UP ",9223372071214514176,"7/27/2023, 2:46:44.634 PM",2908,4028,INFO,2,INFO,windns,"NT AUTHORITY",SYSTEM,"S-1-5-18",User,33152,0,"172.18.88.20","172.18.88.20",1,"wd-prod-ss.trafficmanager.net.",1,6671,64967,6671,true,false,false,QUERY,true,NOERROR,false,false,true,"[{""dns.query.name"":""checkappexec.microsoft.com"",""dns.query.type"":""A"",""dns.query.class"":""IN""}]",0x1A0F818000010001000000000C636865636B61707065786563096D6963726F736F667403636F6D0000010001,,,"7/27/2023, 2:46:46.585 PM","in_windowsdns_auditanalytics_sentinel_windows","im_etw","172.18.88.20","N/A",,,,,,,,,,,"N/A","NXLog_DNS_Server_CL",
