"46bec743-35fa-4608-b7e2-2aa3c38a97c2",OpsManager,"11/24/2023, 1:01:03.342 PM","Microsoft-Windows-Sysmon","Microsoft-Windows-Sysmon/Operational",WindowsEventLog,22,4,Information,"NT AUTHORITY\SYSTEM",,"<Param>-</Param><Param>2023-11-24 07:31:01.271</Param><Param>{8CAD0A01-5049-6560-9A00-000000000F00}</Param><Param>3276</Param><Param>monitoring.windows.net</Param><Param>0</Param><Param>type:  5 mdsextprod.trafficmanager.net;type:  5 mdsfeprodextwus201.westus2.cloudapp.azure.com;::ffff:40.78.247.68;</Param><Param>C:\Packages\Plugins\Microsoft.Azure.Geneva.GenevaMonitoring\2.41.0.3\Monitoring\Agent\MonAgentCore.exe</Param><Param>NT AUTHORITY\SYSTEM</Param>","<DataItem type=""System.XmlData"" time=""2023-11-24T13:01:03.3422699+05:30"" sourceHealthServiceId=""F57C2BCF-DE2B-DA7F-FD91-0649DF501A73""><EventData xmlns=""http://schemas.microsoft.com/win/2004/08/events/event""><Data Name=""RuleName"">-</Data><Data Name=""UtcTime"">2023-11-24 07:31:01.271</Data><Data Name=""ProcessGuid"">{8CAD0A01-5049-6560-9A00-000000000F00}</Data><Data Name=""ProcessId"">3276</Data><Data Name=""QueryName"">monitoring.windows.net</Data><Data Name=""QueryStatus"">0</Data><Data Name=""QueryResults"">type:  5 mdsextprod.trafficmanager.net;type:  5 mdsfeprodextwus201.westus2.cloudapp.azure.com;::ffff:40.78.247.68;</Data><Data Name=""Image"">C:\Packages\Plugins\Microsoft.Azure.Geneva.GenevaMonitoring\2.41.0.3\Monitoring\Agent\MonAgentCore.exe</Data><Data Name=""User"">NT AUTHORITY\SYSTEM</Data></EventData></DataItem>",22,"Dns query: RuleName: - UtcTime: 2023-11-24 07:31:01.271 ProcessGuid: {8CAD0A01-5049-6560-9A00-000000000F00} ProcessId: 3276 QueryName: monitoring.windows.net QueryStatus: 0 QueryResults: type:  5 mdsextprod.trafficmanager.net;type:  5 mdsfeprodextwus201.westus2.cloudapp.azure.com;::ffff:40.78.247.68; Image: C:\Packages\Plugins\Microsoft.Azure.Geneva.GenevaMonitoring\2.41.0.3\Monitoring\Agent\MonAgentCore.exe User: NT AUTHORITY\SYSTEM ","00000000-0000-0000-0000-000000000001","AOI-46bec743-35fa-4608-b7e2-2aa3c38a97c2",,,Event,"6dbd466c-8a9b-11ee-8bc4-0022486eaba7","/subscriptions/4383ac89-7cd1-48c1-8061-b0b3c5ccfd97/resourcegroups/varunlab-rg/providers/microsoft.compute/virtualmachines/windowseventlogs","4383ac89-7cd1-48c1-8061-b0b3c5ccfd97"
"46bec743-35fa-4608-b7e2-2aa3c38a97c2",OpsManager,"11/24/2023, 1:57:40.871 PM","Microsoft-Windows-Sysmon","Microsoft-Windows-Sysmon/Operational",WindowsEventLog,22,4,Information,"NT AUTHORITY\SYSTEM",,"<Param>-</Param><Param>2023-11-24 08:27:38.853</Param><Param>{8CAD0A01-5C22-6560-A200-000000001000}</Param><Param>104</Param><Param>gcs.prod.monitoring.core.windows.net</Param><Param>0</Param><Param>type:  5 warmpath-prod-nested.trafficmanager.net;::ffff:20.42.65.225;</Param><Param>C:\Packages\Plugins\Microsoft.Azure.Geneva.GenevaMonitoring\2.41.0.3\Monitoring\Agent\MonAgentManager.exe</Param><Param>NT AUTHORITY\SYSTEM</Param>","<DataItem type=""System.XmlData"" time=""2023-11-24T13:57:40.8717644+05:30"" sourceHealthServiceId=""F57C2BCF-DE2B-DA7F-FD91-0649DF501A73""><EventData xmlns=""http://schemas.microsoft.com/win/2004/08/events/event""><Data Name=""RuleName"">-</Data><Data Name=""UtcTime"">2023-11-24 08:27:38.853</Data><Data Name=""ProcessGuid"">{8CAD0A01-5C22-6560-A200-000000001000}</Data><Data Name=""ProcessId"">104</Data><Data Name=""QueryName"">gcs.prod.monitoring.core.windows.net</Data><Data Name=""QueryStatus"">0</Data><Data Name=""QueryResults"">type:  5 warmpath-prod-nested.trafficmanager.net;::ffff:20.42.65.225;</Data><Data Name=""Image"">C:\Packages\Plugins\Microsoft.Azure.Geneva.GenevaMonitoring\2.41.0.3\Monitoring\Agent\MonAgentManager.exe</Data><Data Name=""User"">NT AUTHORITY\SYSTEM</Data></EventData></DataItem>",22,"Dns query: RuleName: - UtcTime: 2023-11-24 08:27:38.853 ProcessGuid: {8CAD0A01-5C22-6560-A200-000000001000} ProcessId: 104 QueryName: gcs.prod.monitoring.core.windows.net QueryStatus: 0 QueryResults: type:  5 warmpath-prod-nested.trafficmanager.net;::ffff:20.42.65.225; Image: C:\Packages\Plugins\Microsoft.Azure.Geneva.GenevaMonitoring\2.41.0.3\Monitoring\Agent\MonAgentManager.exe User: NT AUTHORITY\SYSTEM ","00000000-0000-0000-0000-000000000001","AOI-46bec743-35fa-4608-b7e2-2aa3c38a97c2",,,Event,"55a99fb8-8aa3-11ee-8bc4-0022486e92a3","/subscriptions/4383ac89-7cd1-48c1-8061-b0b3c5ccfd97/resourcegroups/varunlab-rg/providers/microsoft.compute/virtualmachines/windowseventlogs","4383ac89-7cd1-48c1-8061-b0b3c5ccfd97"
"46bec743-35fa-4608-b7e2-2aa3c38a97c2",OpsManager,"11/24/2023, 7:41:28.267 PM","Microsoft-Windows-Sysmon","Microsoft-Windows-Sysmon/Operational",WindowsEventLog,22,4,Information,"NT AUTHORITY\SYSTEM",,"<Param>-</Param><Param>2023-11-24 14:11:26.198</Param><Param>{8CAD0A01-A9F7-6560-0B00-000000001100}</Param><Param>620</Param><Param>_ldap._tcp.dc._msdcs.WORKGROUP</Param><Param>9003</Param><Param>-</Param><Param>C:\Windows\System32\lsass.exe</Param><Param>NT AUTHORITY\SYSTEM</Param>","<DataItem type=""System.XmlData"" time=""2023-11-24T19:41:28.2678416+05:30"" sourceHealthServiceId=""F57C2BCF-DE2B-DA7F-FD91-0649DF501A73""><EventData xmlns=""http://schemas.microsoft.com/win/2004/08/events/event""><Data Name=""RuleName"">-</Data><Data Name=""UtcTime"">2023-11-24 14:11:26.198</Data><Data Name=""ProcessGuid"">{8CAD0A01-A9F7-6560-0B00-000000001100}</Data><Data Name=""ProcessId"">620</Data><Data Name=""QueryName"">_ldap._tcp.dc._msdcs.WORKGROUP</Data><Data Name=""QueryStatus"">9003</Data><Data Name=""QueryResults"">-</Data><Data Name=""Image"">C:\Windows\System32\lsass.exe</Data><Data Name=""User"">NT AUTHORITY\SYSTEM</Data></EventData></DataItem>",22,"Dns query: RuleName: - UtcTime: 2023-11-24 14:11:26.198 ProcessGuid: {8CAD0A01-A9F7-6560-0B00-000000001100} ProcessId: 620 QueryName: _ldap._tcp.dc._msdcs.WORKGROUP QueryStatus: 9003 QueryResults: - Image: C:\Windows\System32\lsass.exe User: NT AUTHORITY\SYSTEM ","00000000-0000-0000-0000-000000000001","AOI-46bec743-35fa-4608-b7e2-2aa3c38a97c2",,,Event,"7a6f9aab-8ad3-11ee-8bc4-6045bd72e15f","/subscriptions/4383ac89-7cd1-48c1-8061-b0b3c5ccfd97/resourcegroups/varunlab-rg/providers/microsoft.compute/virtualmachines/windowseventlogs","4383ac89-7cd1-48c1-8061-b0b3c5ccfd97"
"46bec743-35fa-4608-b7e2-2aa3c38a97c2",OpsManager,"11/24/2023, 2:01:17.094 PM","Microsoft-Windows-Sysmon","Microsoft-Windows-Sysmon/Operational",WindowsEventLog,22,4,Information,"NT AUTHORITY\SYSTEM",,"<Param>-</Param><Param>2023-11-24 08:31:15.084</Param><Param>{8CAD0A01-5C22-6560-A300-000000001000}</Param><Param>2976</Param><Param>eastus-shared.prod.warm.ingest.monitor.core.windows.net</Param><Param>0</Param><Param>type:  5 gig-warm-prod-shared-eastus.trafficmanager.net;::ffff:20.62.132.1;</Param><Param>C:\Packages\Plugins\Microsoft.Azure.Geneva.GenevaMonitoring\2.41.0.3\Monitoring\Agent\MonAgentCore.exe</Param><Param>NT AUTHORITY\SYSTEM</Param>","<DataItem type=""System.XmlData"" time=""2023-11-24T14:01:17.0947534+05:30"" sourceHealthServiceId=""F57C2BCF-DE2B-DA7F-FD91-0649DF501A73""><EventData xmlns=""http://schemas.microsoft.com/win/2004/08/events/event""><Data Name=""RuleName"">-</Data><Data Name=""UtcTime"">2023-11-24 08:31:15.084</Data><Data Name=""ProcessGuid"">{8CAD0A01-5C22-6560-A300-000000001000}</Data><Data Name=""ProcessId"">2976</Data><Data Name=""QueryName"">eastus-shared.prod.warm.ingest.monitor.core.windows.net</Data><Data Name=""QueryStatus"">0</Data><Data Name=""QueryResults"">type:  5 gig-warm-prod-shared-eastus.trafficmanager.net;::ffff:20.62.132.1;</Data><Data Name=""Image"">C:\Packages\Plugins\Microsoft.Azure.Geneva.GenevaMonitoring\2.41.0.3\Monitoring\Agent\MonAgentCore.exe</Data><Data Name=""User"">NT AUTHORITY\SYSTEM</Data></EventData></DataItem>",22,"Dns query: RuleName: - UtcTime: 2023-11-24 08:31:15.084 ProcessGuid: {8CAD0A01-5C22-6560-A300-000000001000} ProcessId: 2976 QueryName: eastus-shared.prod.warm.ingest.monitor.core.windows.net QueryStatus: 0 QueryResults: type:  5 gig-warm-prod-shared-eastus.trafficmanager.net;::ffff:20.62.132.1; Image: C:\Packages\Plugins\Microsoft.Azure.Geneva.GenevaMonitoring\2.41.0.3\Monitoring\Agent\MonAgentCore.exe User: NT AUTHORITY\SYSTEM ","00000000-0000-0000-0000-000000000001","AOI-46bec743-35fa-4608-b7e2-2aa3c38a97c2",,,Event,"d7ac6594-8aa3-11ee-8bc4-0022486ea981","/subscriptions/4383ac89-7cd1-48c1-8061-b0b3c5ccfd97/resourcegroups/varunlab-rg/providers/microsoft.compute/virtualmachines/windowseventlogs","4383ac89-7cd1-48c1-8061-b0b3c5ccfd97"
"46bec743-35fa-4608-b7e2-2aa3c38a97c2",OpsManager,"11/24/2023, 7:46:04.661 PM","Microsoft-Windows-Sysmon","Microsoft-Windows-Sysmon/Operational",WindowsEventLog,22,4,Information,"NT AUTHORITY\SYSTEM",,"<Param>-</Param><Param>2023-11-24 14:16:02.642</Param><Param>{8CAD0A01-B003-6560-9E00-000000001200}</Param><Param>3936</Param><Param>monitoring.windows.net</Param><Param>0</Param><Param>type:  5 mdsextprod.trafficmanager.net;type:  5 mdsfeprodextwus201.westus2.cloudapp.azure.com;::ffff:40.78.247.68;</Param><Param>C:\Packages\Plugins\Microsoft.Azure.Geneva.GenevaMonitoring\2.41.0.3\Monitoring\Agent\MonAgentCore.exe</Param><Param>NT AUTHORITY\SYSTEM</Param>","<DataItem type=""System.XmlData"" time=""2023-11-24T19:46:04.6612258+05:30"" sourceHealthServiceId=""F57C2BCF-DE2B-DA7F-FD91-0649DF501A73""><EventData xmlns=""http://schemas.microsoft.com/win/2004/08/events/event""><Data Name=""RuleName"">-</Data><Data Name=""UtcTime"">2023-11-24 14:16:02.642</Data><Data Name=""ProcessGuid"">{8CAD0A01-B003-6560-9E00-000000001200}</Data><Data Name=""ProcessId"">3936</Data><Data Name=""QueryName"">monitoring.windows.net</Data><Data Name=""QueryStatus"">0</Data><Data Name=""QueryResults"">type:  5 mdsextprod.trafficmanager.net;type:  5 mdsfeprodextwus201.westus2.cloudapp.azure.com;::ffff:40.78.247.68;</Data><Data Name=""Image"">C:\Packages\Plugins\Microsoft.Azure.Geneva.GenevaMonitoring\2.41.0.3\Monitoring\Agent\MonAgentCore.exe</Data><Data Name=""User"">NT AUTHORITY\SYSTEM</Data></EventData></DataItem>",22,"Dns query: RuleName: - UtcTime: 2023-11-24 14:16:02.642 ProcessGuid: {8CAD0A01-B003-6560-9E00-000000001200} ProcessId: 3936 QueryName: monitoring.windows.net QueryStatus: 0 QueryResults: type:  5 mdsextprod.trafficmanager.net;type:  5 mdsfeprodextwus201.westus2.cloudapp.azure.com;::ffff:40.78.247.68; Image: C:\Packages\Plugins\Microsoft.Azure.Geneva.GenevaMonitoring\2.41.0.3\Monitoring\Agent\MonAgentCore.exe User: NT AUTHORITY\SYSTEM ","00000000-0000-0000-0000-000000000001","AOI-46bec743-35fa-4608-b7e2-2aa3c38a97c2",,,Event,"01bf8fc4-8ad4-11ee-8bc4-0022486ea8bc","/subscriptions/4383ac89-7cd1-48c1-8061-b0b3c5ccfd97/resourcegroups/varunlab-rg/providers/microsoft.compute/virtualmachines/windowseventlogs","4383ac89-7cd1-48c1-8061-b0b3c5ccfd97"
"46bec743-35fa-4608-b7e2-2aa3c38a97c2",OpsManager,"11/24/2023, 7:46:07.028 PM","Microsoft-Windows-Sysmon","Microsoft-Windows-Sysmon/Operational",WindowsEventLog,22,4,Information,"NT AUTHORITY\SYSTEM",,"<Param>-</Param><Param>2023-11-24 14:16:06.015</Param><Param>{8CAD0A01-AFA7-6560-1700-000000001200}</Param><Param>1428</Param><Param>windowseventlog</Param><Param>0</Param><Param>fe80::30b9:a18:f5ff:fffb;2001:0:34f1:8072:30b9:a18:f5ff:fffb;fe80::d024:56ce:c156:9dae;::ffff:10.0.0.4;</Param><Param>C:\Windows\System32\svchost.exe</Param><Param>NT AUTHORITY\NETWORK SERVICE</Param>","<DataItem type=""System.XmlData"" time=""2023-11-24T19:46:07.0289135+05:30"" sourceHealthServiceId=""F57C2BCF-DE2B-DA7F-FD91-0649DF501A73""><EventData xmlns=""http://schemas.microsoft.com/win/2004/08/events/event""><Data Name=""RuleName"">-</Data><Data Name=""UtcTime"">2023-11-24 14:16:06.015</Data><Data Name=""ProcessGuid"">{8CAD0A01-AFA7-6560-1700-000000001200}</Data><Data Name=""ProcessId"">1428</Data><Data Name=""QueryName"">windowseventlog</Data><Data Name=""QueryStatus"">0</Data><Data Name=""QueryResults"">fe80::30b9:a18:f5ff:fffb;2001:0:34f1:8072:30b9:a18:f5ff:fffb;fe80::d024:56ce:c156:9dae;::ffff:10.0.0.4;</Data><Data Name=""Image"">C:\Windows\System32\svchost.exe</Data><Data Name=""User"">NT AUTHORITY\NETWORK SERVICE</Data></EventData></DataItem>",22,"Dns query: RuleName: - UtcTime: 2023-11-24 14:16:06.015 ProcessGuid: {8CAD0A01-AFA7-6560-1700-000000001200} ProcessId: 1428 QueryName: windowseventlog QueryStatus: 0 QueryResults: fe80::30b9:a18:f5ff:fffb;2001:0:34f1:8072:30b9:a18:f5ff:fffb;fe80::d024:56ce:c156:9dae;::ffff:10.0.0.4; Image: C:\Windows\System32\svchost.exe User: NT AUTHORITY\NETWORK SERVICE ","00000000-0000-0000-0000-000000000001","AOI-46bec743-35fa-4608-b7e2-2aa3c38a97c2",,,Event,"03f2c684-8ad4-11ee-8bc4-6045bd72e49e","/subscriptions/4383ac89-7cd1-48c1-8061-b0b3c5ccfd97/resourcegroups/varunlab-rg/providers/microsoft.compute/virtualmachines/windowseventlogs","4383ac89-7cd1-48c1-8061-b0b3c5ccfd97"
"46bec743-35fa-4608-b7e2-2aa3c38a97c2",OpsManager,"11/24/2023, 7:48:20.081 PM","Microsoft-Windows-Sysmon","Microsoft-Windows-Sysmon/Operational",WindowsEventLog,22,4,Information,"NT AUTHORITY\SYSTEM",,"<Param>-</Param><Param>2023-11-24 14:18:18.061</Param><Param>{8CAD0A01-B003-6560-9E00-000000001200}</Param><Param>3936</Param><Param>gsm723720xt.table.core.windows.net</Param><Param>0</Param><Param>type:  5 table.iad01prdstr06a.store.core.windows.net;::ffff:20.60.220.227;</Param><Param>C:\Packages\Plugins\Microsoft.Azure.Geneva.GenevaMonitoring\2.41.0.3\Monitoring\Agent\MonAgentCore.exe</Param><Param>NT AUTHORITY\SYSTEM</Param>","<DataItem type=""System.XmlData"" time=""2023-11-24T19:48:20.0810748+05:30"" sourceHealthServiceId=""F57C2BCF-DE2B-DA7F-FD91-0649DF501A73""><EventData xmlns=""http://schemas.microsoft.com/win/2004/08/events/event""><Data Name=""RuleName"">-</Data><Data Name=""UtcTime"">2023-11-24 14:18:18.061</Data><Data Name=""ProcessGuid"">{8CAD0A01-B003-6560-9E00-000000001200}</Data><Data Name=""ProcessId"">3936</Data><Data Name=""QueryName"">gsm723720xt.table.core.windows.net</Data><Data Name=""QueryStatus"">0</Data><Data Name=""QueryResults"">type:  5 table.iad01prdstr06a.store.core.windows.net;::ffff:20.60.220.227;</Data><Data Name=""Image"">C:\Packages\Plugins\Microsoft.Azure.Geneva.GenevaMonitoring\2.41.0.3\Monitoring\Agent\MonAgentCore.exe</Data><Data Name=""User"">NT AUTHORITY\SYSTEM</Data></EventData></DataItem>",22,"Dns query: RuleName: - UtcTime: 2023-11-24 14:18:18.061 ProcessGuid: {8CAD0A01-B003-6560-9E00-000000001200} ProcessId: 3936 QueryName: gsm723720xt.table.core.windows.net QueryStatus: 0 QueryResults: type:  5 table.iad01prdstr06a.store.core.windows.net;::ffff:20.60.220.227; Image: C:\Packages\Plugins\Microsoft.Azure.Geneva.GenevaMonitoring\2.41.0.3\Monitoring\Agent\MonAgentCore.exe User: NT AUTHORITY\SYSTEM ","00000000-0000-0000-0000-000000000001","AOI-46bec743-35fa-4608-b7e2-2aa3c38a97c2",,,Event,"53f485f5-8ad4-11ee-8bc4-6045bd72e15f","/subscriptions/4383ac89-7cd1-48c1-8061-b0b3c5ccfd97/resourcegroups/varunlab-rg/providers/microsoft.compute/virtualmachines/windowseventlogs","4383ac89-7cd1-48c1-8061-b0b3c5ccfd97"
"46bec743-35fa-4608-b7e2-2aa3c38a97c2",OpsManager,"11/24/2023, 7:54:00.101 PM","Microsoft-Windows-Sysmon","Microsoft-Windows-Sysmon/Operational",WindowsEventLog,22,4,Information,"NT AUTHORITY\SYSTEM",,"<Param>-</Param><Param>2023-11-24 14:23:58.076</Param><Param>{8CAD0A01-B003-6560-9E00-000000001200}</Param><Param>3936</Param><Param>gsm394610435xt.table.core.windows.net</Param><Param>0</Param><Param>type:  5 table.mnz20prdstr04a.store.core.windows.net;::ffff:20.150.32.6;</Param><Param>C:\Packages\Plugins\Microsoft.Azure.Geneva.GenevaMonitoring\2.41.0.3\Monitoring\Agent\MonAgentCore.exe</Param><Param>NT AUTHORITY\SYSTEM</Param>","<DataItem type=""System.XmlData"" time=""2023-11-24T19:54:00.1010717+05:30"" sourceHealthServiceId=""F57C2BCF-DE2B-DA7F-FD91-0649DF501A73""><EventData xmlns=""http://schemas.microsoft.com/win/2004/08/events/event""><Data Name=""RuleName"">-</Data><Data Name=""UtcTime"">2023-11-24 14:23:58.076</Data><Data Name=""ProcessGuid"">{8CAD0A01-B003-6560-9E00-000000001200}</Data><Data Name=""ProcessId"">3936</Data><Data Name=""QueryName"">gsm394610435xt.table.core.windows.net</Data><Data Name=""QueryStatus"">0</Data><Data Name=""QueryResults"">type:  5 table.mnz20prdstr04a.store.core.windows.net;::ffff:20.150.32.6;</Data><Data Name=""Image"">C:\Packages\Plugins\Microsoft.Azure.Geneva.GenevaMonitoring\2.41.0.3\Monitoring\Agent\MonAgentCore.exe</Data><Data Name=""User"">NT AUTHORITY\SYSTEM</Data></EventData></DataItem>",22,"Dns query: RuleName: - UtcTime: 2023-11-24 14:23:58.076 ProcessGuid: {8CAD0A01-B003-6560-9E00-000000001200} ProcessId: 3936 QueryName: gsm394610435xt.table.core.windows.net QueryStatus: 0 QueryResults: type:  5 table.mnz20prdstr04a.store.core.windows.net;::ffff:20.150.32.6; Image: C:\Packages\Plugins\Microsoft.Azure.Geneva.GenevaMonitoring\2.41.0.3\Monitoring\Agent\MonAgentCore.exe User: NT AUTHORITY\SYSTEM ","00000000-0000-0000-0000-000000000001","AOI-46bec743-35fa-4608-b7e2-2aa3c38a97c2",,,Event,"1ca12092-8ad5-11ee-8bc4-000d3af075b5","/subscriptions/4383ac89-7cd1-48c1-8061-b0b3c5ccfd97/resourcegroups/varunlab-rg/providers/microsoft.compute/virtualmachines/windowseventlogs","4383ac89-7cd1-48c1-8061-b0b3c5ccfd97"
"46bec743-35fa-4608-b7e2-2aa3c38a97c2",OpsManager,"11/24/2023, 2:03:10.602 PM","Microsoft-Windows-Sysmon","Microsoft-Windows-Sysmon/Operational",WindowsEventLog,22,4,Information,"NT AUTHORITY\SYSTEM",,"<Param>-</Param><Param>2023-11-24 08:33:09.078</Param><Param>{8CAD0A01-5C22-6560-A300-000000001000}</Param><Param>2976</Param><Param>eastus-shared.prod.warm.ingest.monitor.core.windows.net</Param><Param>0</Param><Param>type:  5 gig-warm-prod-shared-eastus.trafficmanager.net;::ffff:20.62.132.18;</Param><Param>C:\Packages\Plugins\Microsoft.Azure.Geneva.GenevaMonitoring\2.41.0.3\Monitoring\Agent\MonAgentCore.exe</Param><Param>NT AUTHORITY\SYSTEM</Param>","<DataItem type=""System.XmlData"" time=""2023-11-24T14:03:10.6028151+05:30"" sourceHealthServiceId=""F57C2BCF-DE2B-DA7F-FD91-0649DF501A73""><EventData xmlns=""http://schemas.microsoft.com/win/2004/08/events/event""><Data Name=""RuleName"">-</Data><Data Name=""UtcTime"">2023-11-24 08:33:09.078</Data><Data Name=""ProcessGuid"">{8CAD0A01-5C22-6560-A300-000000001000}</Data><Data Name=""ProcessId"">2976</Data><Data Name=""QueryName"">eastus-shared.prod.warm.ingest.monitor.core.windows.net</Data><Data Name=""QueryStatus"">0</Data><Data Name=""QueryResults"">type:  5 gig-warm-prod-shared-eastus.trafficmanager.net;::ffff:20.62.132.18;</Data><Data Name=""Image"">C:\Packages\Plugins\Microsoft.Azure.Geneva.GenevaMonitoring\2.41.0.3\Monitoring\Agent\MonAgentCore.exe</Data><Data Name=""User"">NT AUTHORITY\SYSTEM</Data></EventData></DataItem>",22,"Dns query: RuleName: - UtcTime: 2023-11-24 08:33:09.078 ProcessGuid: {8CAD0A01-5C22-6560-A300-000000001000} ProcessId: 2976 QueryName: eastus-shared.prod.warm.ingest.monitor.core.windows.net QueryStatus: 0 QueryResults: type:  5 gig-warm-prod-shared-eastus.trafficmanager.net;::ffff:20.62.132.18; Image: C:\Packages\Plugins\Microsoft.Azure.Geneva.GenevaMonitoring\2.41.0.3\Monitoring\Agent\MonAgentCore.exe User: NT AUTHORITY\SYSTEM ","00000000-0000-0000-0000-000000000001","AOI-46bec743-35fa-4608-b7e2-2aa3c38a97c2",,,Event,"3c54b139-8aa4-11ee-8bc4-6045bd72ea3e","/subscriptions/4383ac89-7cd1-48c1-8061-b0b3c5ccfd97/resourcegroups/varunlab-rg/providers/microsoft.compute/virtualmachines/windowseventlogs","4383ac89-7cd1-48c1-8061-b0b3c5ccfd97"
"46bec743-35fa-4608-b7e2-2aa3c38a97c2",OpsManager,"11/24/2023, 2:03:23.071 PM","Microsoft-Windows-Sysmon","Microsoft-Windows-Sysmon/Operational",WindowsEventLog,22,4,Information,"NT AUTHORITY\SYSTEM",,"<Param>-</Param><Param>2023-11-24 08:33:21.058</Param><Param>{8CAD0A01-5C22-6560-A300-000000001000}</Param><Param>2976</Param><Param>qos.prod.warm.ingest.monitor.core.windows.net</Param><Param>0</Param><Param>type:  5 gig-warm-prod-qos.trafficmanager.net;::ffff:20.62.132.3;</Param><Param>C:\Packages\Plugins\Microsoft.Azure.Geneva.GenevaMonitoring\2.41.0.3\Monitoring\Agent\MonAgentCore.exe</Param><Param>NT AUTHORITY\SYSTEM</Param>","<DataItem type=""System.XmlData"" time=""2023-11-24T14:03:23.0715064+05:30"" sourceHealthServiceId=""F57C2BCF-DE2B-DA7F-FD91-0649DF501A73""><EventData xmlns=""http://schemas.microsoft.com/win/2004/08/events/event""><Data Name=""RuleName"">-</Data><Data Name=""UtcTime"">2023-11-24 08:33:21.058</Data><Data Name=""ProcessGuid"">{8CAD0A01-5C22-6560-A300-000000001000}</Data><Data Name=""ProcessId"">2976</Data><Data Name=""QueryName"">qos.prod.warm.ingest.monitor.core.windows.net</Data><Data Name=""QueryStatus"">0</Data><Data Name=""QueryResults"">type:  5 gig-warm-prod-qos.trafficmanager.net;::ffff:20.62.132.3;</Data><Data Name=""Image"">C:\Packages\Plugins\Microsoft.Azure.Geneva.GenevaMonitoring\2.41.0.3\Monitoring\Agent\MonAgentCore.exe</Data><Data Name=""User"">NT AUTHORITY\SYSTEM</Data></EventData></DataItem>",22,"Dns query: RuleName: - UtcTime: 2023-11-24 08:33:21.058 ProcessGuid: {8CAD0A01-5C22-6560-A300-000000001000} ProcessId: 2976 QueryName: qos.prod.warm.ingest.monitor.core.windows.net QueryStatus: 0 QueryResults: type:  5 gig-warm-prod-qos.trafficmanager.net;::ffff:20.62.132.3; Image: C:\Packages\Plugins\Microsoft.Azure.Geneva.GenevaMonitoring\2.41.0.3\Monitoring\Agent\MonAgentCore.exe User: NT AUTHORITY\SYSTEM ","00000000-0000-0000-0000-000000000001","AOI-46bec743-35fa-4608-b7e2-2aa3c38a97c2",,,Event,"3d804724-8aa4-11ee-8bc4-0022486ea518","/subscriptions/4383ac89-7cd1-48c1-8061-b0b3c5ccfd97/resourcegroups/varunlab-rg/providers/microsoft.compute/virtualmachines/windowseventlogs","4383ac89-7cd1-48c1-8061-b0b3c5ccfd97"
"46bec743-35fa-4608-b7e2-2aa3c38a97c2",OpsManager,"11/24/2023, 2:02:41.056 PM","Microsoft-Windows-Sysmon","Microsoft-Windows-Sysmon/Operational",WindowsEventLog,22,4,Information,"NT AUTHORITY\SYSTEM",,"<Param>-</Param><Param>2023-11-24 08:32:39.584</Param><Param>{8CAD0A01-5C22-6560-A300-000000001000}</Param><Param>2976</Param><Param>gcs.prod.monitoring.core.windows.net</Param><Param>0</Param><Param>type:  5 warmpath-prod-nested.trafficmanager.net;::ffff:20.42.65.225;</Param><Param>C:\Packages\Plugins\Microsoft.Azure.Geneva.GenevaMonitoring\2.41.0.3\Monitoring\Agent\MonAgentCore.exe</Param><Param>NT AUTHORITY\SYSTEM</Param>","<DataItem type=""System.XmlData"" time=""2023-11-24T14:02:41.0560166+05:30"" sourceHealthServiceId=""F57C2BCF-DE2B-DA7F-FD91-0649DF501A73""><EventData xmlns=""http://schemas.microsoft.com/win/2004/08/events/event""><Data Name=""RuleName"">-</Data><Data Name=""UtcTime"">2023-11-24 08:32:39.584</Data><Data Name=""ProcessGuid"">{8CAD0A01-5C22-6560-A300-000000001000}</Data><Data Name=""ProcessId"">2976</Data><Data Name=""QueryName"">gcs.prod.monitoring.core.windows.net</Data><Data Name=""QueryStatus"">0</Data><Data Name=""QueryResults"">type:  5 warmpath-prod-nested.trafficmanager.net;::ffff:20.42.65.225;</Data><Data Name=""Image"">C:\Packages\Plugins\Microsoft.Azure.Geneva.GenevaMonitoring\2.41.0.3\Monitoring\Agent\MonAgentCore.exe</Data><Data Name=""User"">NT AUTHORITY\SYSTEM</Data></EventData></DataItem>",22,"Dns query: RuleName: - UtcTime: 2023-11-24 08:32:39.584 ProcessGuid: {8CAD0A01-5C22-6560-A300-000000001000} ProcessId: 2976 QueryName: gcs.prod.monitoring.core.windows.net QueryStatus: 0 QueryResults: type:  5 warmpath-prod-nested.trafficmanager.net;::ffff:20.42.65.225; Image: C:\Packages\Plugins\Microsoft.Azure.Geneva.GenevaMonitoring\2.41.0.3\Monitoring\Agent\MonAgentCore.exe User: NT AUTHORITY\SYSTEM ","00000000-0000-0000-0000-000000000001","AOI-46bec743-35fa-4608-b7e2-2aa3c38a97c2",,,Event,"371033ee-8aa4-11ee-8bc4-0022486ea2b9","/subscriptions/4383ac89-7cd1-48c1-8061-b0b3c5ccfd97/resourcegroups/varunlab-rg/providers/microsoft.compute/virtualmachines/windowseventlogs","4383ac89-7cd1-48c1-8061-b0b3c5ccfd97"
"46bec743-35fa-4608-b7e2-2aa3c38a97c2",OpsManager,"11/24/2023, 2:15:52.070 PM","Microsoft-Windows-Sysmon","Microsoft-Windows-Sysmon/Operational",WindowsEventLog,22,4,Information,"NT AUTHORITY\SYSTEM",,"<Param>-</Param><Param>2023-11-24 08:45:51.128</Param><Param>{8CAD0A01-5C22-6560-A300-000000001000}</Param><Param>2976</Param><Param>WindowsEventLog</Param><Param>0</Param><Param>10.0.0.4;</Param><Param>C:\Packages\Plugins\Microsoft.Azure.Geneva.GenevaMonitoring\2.41.0.3\Monitoring\Agent\MonAgentCore.exe</Param><Param>NT AUTHORITY\SYSTEM</Param>","<DataItem type=""System.XmlData"" time=""2023-11-24T14:15:52.0709927+05:30"" sourceHealthServiceId=""F57C2BCF-DE2B-DA7F-FD91-0649DF501A73""><EventData xmlns=""http://schemas.microsoft.com/win/2004/08/events/event""><Data Name=""RuleName"">-</Data><Data Name=""UtcTime"">2023-11-24 08:45:51.128</Data><Data Name=""ProcessGuid"">{8CAD0A01-5C22-6560-A300-000000001000}</Data><Data Name=""ProcessId"">2976</Data><Data Name=""QueryName"">WindowsEventLog</Data><Data Name=""QueryStatus"">0</Data><Data Name=""QueryResults"">10.0.0.4;</Data><Data Name=""Image"">C:\Packages\Plugins\Microsoft.Azure.Geneva.GenevaMonitoring\2.41.0.3\Monitoring\Agent\MonAgentCore.exe</Data><Data Name=""User"">NT AUTHORITY\SYSTEM</Data></EventData></DataItem>",22,"Dns query: RuleName: - UtcTime: 2023-11-24 08:45:51.128 ProcessGuid: {8CAD0A01-5C22-6560-A300-000000001000} ProcessId: 2976 QueryName: WindowsEventLog QueryStatus: 0 QueryResults: 10.0.0.4; Image: C:\Packages\Plugins\Microsoft.Azure.Geneva.GenevaMonitoring\2.41.0.3\Monitoring\Agent\MonAgentCore.exe User: NT AUTHORITY\SYSTEM ","00000000-0000-0000-0000-000000000001","AOI-46bec743-35fa-4608-b7e2-2aa3c38a97c2",,,Event,"e18caed6-8aa5-11ee-8bc4-0022486ea665","/subscriptions/4383ac89-7cd1-48c1-8061-b0b3c5ccfd97/resourcegroups/varunlab-rg/providers/microsoft.compute/virtualmachines/windowseventlogs","4383ac89-7cd1-48c1-8061-b0b3c5ccfd97"
"46bec743-35fa-4608-b7e2-2aa3c38a97c2",OpsManager,"11/24/2023, 2:15:52.071 PM","Microsoft-Windows-Sysmon","Microsoft-Windows-Sysmon/Operational",WindowsEventLog,22,4,Information,"NT AUTHORITY\SYSTEM",,"<Param>-</Param><Param>2023-11-24 08:45:51.133</Param><Param>{8CAD0A01-5C22-6560-A300-000000001000}</Param><Param>2976</Param><Param>gsm723720eh.servicebus.windows.net</Param><Param>0</Param><Param>type:  5 ns-eh2-prod-bl3-505.cloudapp.net;104.45.147.24;</Param><Param>C:\Packages\Plugins\Microsoft.Azure.Geneva.GenevaMonitoring\2.41.0.3\Monitoring\Agent\MonAgentCore.exe</Param><Param>NT AUTHORITY\SYSTEM</Param>","<DataItem type=""System.XmlData"" time=""2023-11-24T14:15:52.0710233+05:30"" sourceHealthServiceId=""F57C2BCF-DE2B-DA7F-FD91-0649DF501A73""><EventData xmlns=""http://schemas.microsoft.com/win/2004/08/events/event""><Data Name=""RuleName"">-</Data><Data Name=""UtcTime"">2023-11-24 08:45:51.133</Data><Data Name=""ProcessGuid"">{8CAD0A01-5C22-6560-A300-000000001000}</Data><Data Name=""ProcessId"">2976</Data><Data Name=""QueryName"">gsm723720eh.servicebus.windows.net</Data><Data Name=""QueryStatus"">0</Data><Data Name=""QueryResults"">type:  5 ns-eh2-prod-bl3-505.cloudapp.net;104.45.147.24;</Data><Data Name=""Image"">C:\Packages\Plugins\Microsoft.Azure.Geneva.GenevaMonitoring\2.41.0.3\Monitoring\Agent\MonAgentCore.exe</Data><Data Name=""User"">NT AUTHORITY\SYSTEM</Data></EventData></DataItem>",22,"Dns query: RuleName: - UtcTime: 2023-11-24 08:45:51.133 ProcessGuid: {8CAD0A01-5C22-6560-A300-000000001000} ProcessId: 2976 QueryName: gsm723720eh.servicebus.windows.net QueryStatus: 0 QueryResults: type:  5 ns-eh2-prod-bl3-505.cloudapp.net;104.45.147.24; Image: C:\Packages\Plugins\Microsoft.Azure.Geneva.GenevaMonitoring\2.41.0.3\Monitoring\Agent\MonAgentCore.exe User: NT AUTHORITY\SYSTEM ","00000000-0000-0000-0000-000000000001","AOI-46bec743-35fa-4608-b7e2-2aa3c38a97c2",,,Event,"e18caed8-8aa5-11ee-8bc4-0022486ea665","/subscriptions/4383ac89-7cd1-48c1-8061-b0b3c5ccfd97/resourcegroups/varunlab-rg/providers/microsoft.compute/virtualmachines/windowseventlogs","4383ac89-7cd1-48c1-8061-b0b3c5ccfd97"
"46bec743-35fa-4608-b7e2-2aa3c38a97c2",OpsManager,"11/24/2023, 2:15:53.067 PM","Microsoft-Windows-Sysmon","Microsoft-Windows-Sysmon/Operational",WindowsEventLog,22,4,Information,"NT AUTHORITY\SYSTEM",,"<Param>-</Param><Param>2023-11-24 08:45:51.140</Param><Param>{8CAD0A01-5C22-6560-A300-000000001000}</Param><Param>2976</Param><Param>gsm723720eh.servicebus.windows.net</Param><Param>0</Param><Param>type:  5 ns-eh2-prod-bl3-505.cloudapp.net;::ffff:104.45.147.24;</Param><Param>C:\Packages\Plugins\Microsoft.Azure.Geneva.GenevaMonitoring\2.41.0.3\Monitoring\Agent\MonAgentCore.exe</Param><Param>NT AUTHORITY\SYSTEM</Param>","<DataItem type=""System.XmlData"" time=""2023-11-24T14:15:53.0677038+05:30"" sourceHealthServiceId=""F57C2BCF-DE2B-DA7F-FD91-0649DF501A73""><EventData xmlns=""http://schemas.microsoft.com/win/2004/08/events/event""><Data Name=""RuleName"">-</Data><Data Name=""UtcTime"">2023-11-24 08:45:51.140</Data><Data Name=""ProcessGuid"">{8CAD0A01-5C22-6560-A300-000000001000}</Data><Data Name=""ProcessId"">2976</Data><Data Name=""QueryName"">gsm723720eh.servicebus.windows.net</Data><Data Name=""QueryStatus"">0</Data><Data Name=""QueryResults"">type:  5 ns-eh2-prod-bl3-505.cloudapp.net;::ffff:104.45.147.24;</Data><Data Name=""Image"">C:\Packages\Plugins\Microsoft.Azure.Geneva.GenevaMonitoring\2.41.0.3\Monitoring\Agent\MonAgentCore.exe</Data><Data Name=""User"">NT AUTHORITY\SYSTEM</Data></EventData></DataItem>",22,"Dns query: RuleName: - UtcTime: 2023-11-24 08:45:51.140 ProcessGuid: {8CAD0A01-5C22-6560-A300-000000001000} ProcessId: 2976 QueryName: gsm723720eh.servicebus.windows.net QueryStatus: 0 QueryResults: type:  5 ns-eh2-prod-bl3-505.cloudapp.net;::ffff:104.45.147.24; Image: C:\Packages\Plugins\Microsoft.Azure.Geneva.GenevaMonitoring\2.41.0.3\Monitoring\Agent\MonAgentCore.exe User: NT AUTHORITY\SYSTEM ","00000000-0000-0000-0000-000000000001","AOI-46bec743-35fa-4608-b7e2-2aa3c38a97c2",,,Event,"e2c9c3b8-8aa5-11ee-8bc4-0022486ea8bc","/subscriptions/4383ac89-7cd1-48c1-8061-b0b3c5ccfd97/resourcegroups/varunlab-rg/providers/microsoft.compute/virtualmachines/windowseventlogs","4383ac89-7cd1-48c1-8061-b0b3c5ccfd97"
"46bec743-35fa-4608-b7e2-2aa3c38a97c2",OpsManager,"11/24/2023, 1:07:07.485 PM","Microsoft-Windows-Sysmon","Microsoft-Windows-Sysmon/Operational",WindowsEventLog,22,4,Information,"NT AUTHORITY\SYSTEM",,"<Param>-</Param><Param>2023-11-24 07:37:05.459</Param><Param>{8CAD0A01-5048-6560-9900-000000000F00}</Param><Param>3880</Param><Param>gcs.prod.monitoring.core.windows.net</Param><Param>0</Param><Param>type:  5 warmpath-prod-nested.trafficmanager.net;::ffff:20.42.65.128;</Param><Param>C:\Packages\Plugins\Microsoft.Azure.Geneva.GenevaMonitoring\2.41.0.3\Monitoring\Agent\MonAgentManager.exe</Param><Param>NT AUTHORITY\SYSTEM</Param>","<DataItem type=""System.XmlData"" time=""2023-11-24T13:07:07.4851886+05:30"" sourceHealthServiceId=""F57C2BCF-DE2B-DA7F-FD91-0649DF501A73""><EventData xmlns=""http://schemas.microsoft.com/win/2004/08/events/event""><Data Name=""RuleName"">-</Data><Data Name=""UtcTime"">2023-11-24 07:37:05.459</Data><Data Name=""ProcessGuid"">{8CAD0A01-5048-6560-9900-000000000F00}</Data><Data Name=""ProcessId"">3880</Data><Data Name=""QueryName"">gcs.prod.monitoring.core.windows.net</Data><Data Name=""QueryStatus"">0</Data><Data Name=""QueryResults"">type:  5 warmpath-prod-nested.trafficmanager.net;::ffff:20.42.65.128;</Data><Data Name=""Image"">C:\Packages\Plugins\Microsoft.Azure.Geneva.GenevaMonitoring\2.41.0.3\Monitoring\Agent\MonAgentManager.exe</Data><Data Name=""User"">NT AUTHORITY\SYSTEM</Data></EventData></DataItem>",22,"Dns query: RuleName: - UtcTime: 2023-11-24 07:37:05.459 ProcessGuid: {8CAD0A01-5048-6560-9900-000000000F00} ProcessId: 3880 QueryName: gcs.prod.monitoring.core.windows.net QueryStatus: 0 QueryResults: type:  5 warmpath-prod-nested.trafficmanager.net;::ffff:20.42.65.128; Image: C:\Packages\Plugins\Microsoft.Azure.Geneva.GenevaMonitoring\2.41.0.3\Monitoring\Agent\MonAgentManager.exe User: NT AUTHORITY\SYSTEM ","00000000-0000-0000-0000-000000000001","AOI-46bec743-35fa-4608-b7e2-2aa3c38a97c2",,,Event,"46944bab-8a9c-11ee-8bc4-0022486ea981","/subscriptions/4383ac89-7cd1-48c1-8061-b0b3c5ccfd97/resourcegroups/varunlab-rg/providers/microsoft.compute/virtualmachines/windowseventlogs","4383ac89-7cd1-48c1-8061-b0b3c5ccfd97"
"46bec743-35fa-4608-b7e2-2aa3c38a97c2",OpsManager,"11/24/2023, 2:26:14.097 PM","Microsoft-Windows-Sysmon","Microsoft-Windows-Sysmon/Operational",WindowsEventLog,22,4,Information,"NT AUTHORITY\SYSTEM",,"<Param>-</Param><Param>2023-11-24 08:56:12.066</Param><Param>{8CAD0A01-5C22-6560-A300-000000001000}</Param><Param>2976</Param><Param>eastus-shared.prod.warm.ingest.monitor.core.windows.net</Param><Param>0</Param><Param>type:  5 gig-warm-prod-shared-eastus.trafficmanager.net;::ffff:20.62.132.7;</Param><Param>C:\Packages\Plugins\Microsoft.Azure.Geneva.GenevaMonitoring\2.41.0.3\Monitoring\Agent\MonAgentCore.exe</Param><Param>NT AUTHORITY\SYSTEM</Param>","<DataItem type=""System.XmlData"" time=""2023-11-24T14:26:14.0970506+05:30"" sourceHealthServiceId=""F57C2BCF-DE2B-DA7F-FD91-0649DF501A73""><EventData xmlns=""http://schemas.microsoft.com/win/2004/08/events/event""><Data Name=""RuleName"">-</Data><Data Name=""UtcTime"">2023-11-24 08:56:12.066</Data><Data Name=""ProcessGuid"">{8CAD0A01-5C22-6560-A300-000000001000}</Data><Data Name=""ProcessId"">2976</Data><Data Name=""QueryName"">eastus-shared.prod.warm.ingest.monitor.core.windows.net</Data><Data Name=""QueryStatus"">0</Data><Data Name=""QueryResults"">type:  5 gig-warm-prod-shared-eastus.trafficmanager.net;::ffff:20.62.132.7;</Data><Data Name=""Image"">C:\Packages\Plugins\Microsoft.Azure.Geneva.GenevaMonitoring\2.41.0.3\Monitoring\Agent\MonAgentCore.exe</Data><Data Name=""User"">NT AUTHORITY\SYSTEM</Data></EventData></DataItem>",22,"Dns query: RuleName: - UtcTime: 2023-11-24 08:56:12.066 ProcessGuid: {8CAD0A01-5C22-6560-A300-000000001000} ProcessId: 2976 QueryName: eastus-shared.prod.warm.ingest.monitor.core.windows.net QueryStatus: 0 QueryResults: type:  5 gig-warm-prod-shared-eastus.trafficmanager.net;::ffff:20.62.132.7; Image: C:\Packages\Plugins\Microsoft.Azure.Geneva.GenevaMonitoring\2.41.0.3\Monitoring\Agent\MonAgentCore.exe User: NT AUTHORITY\SYSTEM ","00000000-0000-0000-0000-000000000001","AOI-46bec743-35fa-4608-b7e2-2aa3c38a97c2",,,Event,"5015ca6e-8aa7-11ee-8bc4-0022486ea7dc","/subscriptions/4383ac89-7cd1-48c1-8061-b0b3c5ccfd97/resourcegroups/varunlab-rg/providers/microsoft.compute/virtualmachines/windowseventlogs","4383ac89-7cd1-48c1-8061-b0b3c5ccfd97"
"46bec743-35fa-4608-b7e2-2aa3c38a97c2",OpsManager,"11/24/2023, 2:46:03.341 PM","Microsoft-Windows-Sysmon","Microsoft-Windows-Sysmon/Operational",WindowsEventLog,22,4,Information,"NT AUTHORITY\SYSTEM",,"<Param>-</Param><Param>2023-11-24 09:16:01.331</Param><Param>{8CAD0A01-5BBA-6560-1500-000000001000}</Param><Param>1056</Param><Param>isatap.hg4v2tti4jjuvc1t3qr1o112sg.bx.internal.cloudapp.net</Param><Param>9003</Param><Param>-</Param><Param>C:\Windows\System32\svchost.exe</Param><Param>NT AUTHORITY\SYSTEM</Param>","<DataItem type=""System.XmlData"" time=""2023-11-24T14:46:03.3413727+05:30"" sourceHealthServiceId=""F57C2BCF-DE2B-DA7F-FD91-0649DF501A73""><EventData xmlns=""http://schemas.microsoft.com/win/2004/08/events/event""><Data Name=""RuleName"">-</Data><Data Name=""UtcTime"">2023-11-24 09:16:01.331</Data><Data Name=""ProcessGuid"">{8CAD0A01-5BBA-6560-1500-000000001000}</Data><Data Name=""ProcessId"">1056</Data><Data Name=""QueryName"">isatap.hg4v2tti4jjuvc1t3qr1o112sg.bx.internal.cloudapp.net</Data><Data Name=""QueryStatus"">9003</Data><Data Name=""QueryResults"">-</Data><Data Name=""Image"">C:\Windows\System32\svchost.exe</Data><Data Name=""User"">NT AUTHORITY\SYSTEM</Data></EventData></DataItem>",22,"Dns query: RuleName: - UtcTime: 2023-11-24 09:16:01.331 ProcessGuid: {8CAD0A01-5BBA-6560-1500-000000001000} ProcessId: 1056 QueryName: isatap.hg4v2tti4jjuvc1t3qr1o112sg.bx.internal.cloudapp.net QueryStatus: 9003 QueryResults: - Image: C:\Windows\System32\svchost.exe User: NT AUTHORITY\SYSTEM ","00000000-0000-0000-0000-000000000001","AOI-46bec743-35fa-4608-b7e2-2aa3c38a97c2",,,Event,"17b395a2-8aaa-11ee-8bc4-0022486ea7dc","/subscriptions/4383ac89-7cd1-48c1-8061-b0b3c5ccfd97/resourcegroups/varunlab-rg/providers/microsoft.compute/virtualmachines/windowseventlogs","4383ac89-7cd1-48c1-8061-b0b3c5ccfd97"
"46bec743-35fa-4608-b7e2-2aa3c38a97c2",OpsManager,"11/24/2023, 3:37:45.991 PM","Microsoft-Windows-Sysmon","Microsoft-Windows-Sysmon/Operational",WindowsEventLog,22,4,Information,"NT AUTHORITY\SYSTEM",,"<Param>-</Param><Param>2023-11-24 10:07:43.972</Param><Param>{8CAD0A01-5C22-6560-A200-000000001000}</Param><Param>104</Param><Param>gcs.prod.monitoring.core.windows.net</Param><Param>0</Param><Param>type:  5 warmpath-prod-nested.trafficmanager.net;::ffff:20.42.65.224;</Param><Param>C:\Packages\Plugins\Microsoft.Azure.Geneva.GenevaMonitoring\2.41.0.3\Monitoring\Agent\MonAgentManager.exe</Param><Param>NT AUTHORITY\SYSTEM</Param>","<DataItem type=""System.XmlData"" time=""2023-11-24T15:37:45.9916401+05:30"" sourceHealthServiceId=""F57C2BCF-DE2B-DA7F-FD91-0649DF501A73""><EventData xmlns=""http://schemas.microsoft.com/win/2004/08/events/event""><Data Name=""RuleName"">-</Data><Data Name=""UtcTime"">2023-11-24 10:07:43.972</Data><Data Name=""ProcessGuid"">{8CAD0A01-5C22-6560-A200-000000001000}</Data><Data Name=""ProcessId"">104</Data><Data Name=""QueryName"">gcs.prod.monitoring.core.windows.net</Data><Data Name=""QueryStatus"">0</Data><Data Name=""QueryResults"">type:  5 warmpath-prod-nested.trafficmanager.net;::ffff:20.42.65.224;</Data><Data Name=""Image"">C:\Packages\Plugins\Microsoft.Azure.Geneva.GenevaMonitoring\2.41.0.3\Monitoring\Agent\MonAgentManager.exe</Data><Data Name=""User"">NT AUTHORITY\SYSTEM</Data></EventData></DataItem>",22,"Dns query: RuleName: - UtcTime: 2023-11-24 10:07:43.972 ProcessGuid: {8CAD0A01-5C22-6560-A200-000000001000} ProcessId: 104 QueryName: gcs.prod.monitoring.core.windows.net QueryStatus: 0 QueryResults: type:  5 warmpath-prod-nested.trafficmanager.net;::ffff:20.42.65.224; Image: C:\Packages\Plugins\Microsoft.Azure.Geneva.GenevaMonitoring\2.41.0.3\Monitoring\Agent\MonAgentManager.exe User: NT AUTHORITY\SYSTEM ","00000000-0000-0000-0000-000000000001","AOI-46bec743-35fa-4608-b7e2-2aa3c38a97c2",,,Event,"51cace33-8ab1-11ee-8bc4-0022486ea981","/subscriptions/4383ac89-7cd1-48c1-8061-b0b3c5ccfd97/resourcegroups/varunlab-rg/providers/microsoft.compute/virtualmachines/windowseventlogs","4383ac89-7cd1-48c1-8061-b0b3c5ccfd97"
"46bec743-35fa-4608-b7e2-2aa3c38a97c2",OpsManager,"11/24/2023, 1:12:07.506 PM","Microsoft-Windows-Sysmon","Microsoft-Windows-Sysmon/Operational",WindowsEventLog,22,4,Information,"NT AUTHORITY\SYSTEM",,"<Param>-</Param><Param>2023-11-24 07:42:05.490</Param><Param>{8CAD0A01-5048-6560-9900-000000000F00}</Param><Param>3880</Param><Param>gcs.prod.monitoring.core.windows.net</Param><Param>0</Param><Param>type:  5 warmpath-prod-nested.trafficmanager.net;::ffff:20.42.65.222;</Param><Param>C:\Packages\Plugins\Microsoft.Azure.Geneva.GenevaMonitoring\2.41.0.3\Monitoring\Agent\MonAgentManager.exe</Param><Param>NT AUTHORITY\SYSTEM</Param>","<DataItem type=""System.XmlData"" time=""2023-11-24T13:12:07.5061664+05:30"" sourceHealthServiceId=""F57C2BCF-DE2B-DA7F-FD91-0649DF501A73""><EventData xmlns=""http://schemas.microsoft.com/win/2004/08/events/event""><Data Name=""RuleName"">-</Data><Data Name=""UtcTime"">2023-11-24 07:42:05.490</Data><Data Name=""ProcessGuid"">{8CAD0A01-5048-6560-9900-000000000F00}</Data><Data Name=""ProcessId"">3880</Data><Data Name=""QueryName"">gcs.prod.monitoring.core.windows.net</Data><Data Name=""QueryStatus"">0</Data><Data Name=""QueryResults"">type:  5 warmpath-prod-nested.trafficmanager.net;::ffff:20.42.65.222;</Data><Data Name=""Image"">C:\Packages\Plugins\Microsoft.Azure.Geneva.GenevaMonitoring\2.41.0.3\Monitoring\Agent\MonAgentManager.exe</Data><Data Name=""User"">NT AUTHORITY\SYSTEM</Data></EventData></DataItem>",22,"Dns query: RuleName: - UtcTime: 2023-11-24 07:42:05.490 ProcessGuid: {8CAD0A01-5048-6560-9900-000000000F00} ProcessId: 3880 QueryName: gcs.prod.monitoring.core.windows.net QueryStatus: 0 QueryResults: type:  5 warmpath-prod-nested.trafficmanager.net;::ffff:20.42.65.222; Image: C:\Packages\Plugins\Microsoft.Azure.Geneva.GenevaMonitoring\2.41.0.3\Monitoring\Agent\MonAgentManager.exe User: NT AUTHORITY\SYSTEM ","00000000-0000-0000-0000-000000000001","AOI-46bec743-35fa-4608-b7e2-2aa3c38a97c2",,,Event,"f9964036-8a9c-11ee-8bc4-000d3af060ca","/subscriptions/4383ac89-7cd1-48c1-8061-b0b3c5ccfd97/resourcegroups/varunlab-rg/providers/microsoft.compute/virtualmachines/windowseventlogs","4383ac89-7cd1-48c1-8061-b0b3c5ccfd97"
"46bec743-35fa-4608-b7e2-2aa3c38a97c2",OpsManager,"11/24/2023, 4:27:45.160 PM","Microsoft-Windows-Sysmon","Microsoft-Windows-Sysmon/Operational",WindowsEventLog,22,4,Information,"NT AUTHORITY\SYSTEM",,"<Param>-</Param><Param>2023-11-24 10:57:44.194</Param><Param>{8CAD0A01-5C22-6560-A300-000000001000}</Param><Param>2976</Param><Param>gcs.prod.monitoring.core.windows.net</Param><Param>0</Param><Param>type:  5 warmpath-prod-nested.trafficmanager.net;::ffff:20.42.65.224;</Param><Param>C:\Packages\Plugins\Microsoft.Azure.Geneva.GenevaMonitoring\2.41.0.3\Monitoring\Agent\MonAgentCore.exe</Param><Param>NT AUTHORITY\SYSTEM</Param>","<DataItem type=""System.XmlData"" time=""2023-11-24T16:27:45.1606007+05:30"" sourceHealthServiceId=""F57C2BCF-DE2B-DA7F-FD91-0649DF501A73""><EventData xmlns=""http://schemas.microsoft.com/win/2004/08/events/event""><Data Name=""RuleName"">-</Data><Data Name=""UtcTime"">2023-11-24 10:57:44.194</Data><Data Name=""ProcessGuid"">{8CAD0A01-5C22-6560-A300-000000001000}</Data><Data Name=""ProcessId"">2976</Data><Data Name=""QueryName"">gcs.prod.monitoring.core.windows.net</Data><Data Name=""QueryStatus"">0</Data><Data Name=""QueryResults"">type:  5 warmpath-prod-nested.trafficmanager.net;::ffff:20.42.65.224;</Data><Data Name=""Image"">C:\Packages\Plugins\Microsoft.Azure.Geneva.GenevaMonitoring\2.41.0.3\Monitoring\Agent\MonAgentCore.exe</Data><Data Name=""User"">NT AUTHORITY\SYSTEM</Data></EventData></DataItem>",22,"Dns query: RuleName: - UtcTime: 2023-11-24 10:57:44.194 ProcessGuid: {8CAD0A01-5C22-6560-A300-000000001000} ProcessId: 2976 QueryName: gcs.prod.monitoring.core.windows.net QueryStatus: 0 QueryResults: type:  5 warmpath-prod-nested.trafficmanager.net;::ffff:20.42.65.224; Image: C:\Packages\Plugins\Microsoft.Azure.Geneva.GenevaMonitoring\2.41.0.3\Monitoring\Agent\MonAgentCore.exe User: NT AUTHORITY\SYSTEM ","00000000-0000-0000-0000-000000000001","AOI-46bec743-35fa-4608-b7e2-2aa3c38a97c2",,,Event,"4cb4535e-8ab8-11ee-8bc4-0022486e92a3","/subscriptions/4383ac89-7cd1-48c1-8061-b0b3c5ccfd97/resourcegroups/varunlab-rg/providers/microsoft.compute/virtualmachines/windowseventlogs","4383ac89-7cd1-48c1-8061-b0b3c5ccfd97"
"46bec743-35fa-4608-b7e2-2aa3c38a97c2",OpsManager,"11/24/2023, 1:10:19.201 PM","Microsoft-Windows-Sysmon","Microsoft-Windows-Sysmon/Operational",WindowsEventLog,22,4,Information,"NT AUTHORITY\SYSTEM",,"<Param>-</Param><Param>2023-11-24 07:40:17.192</Param><Param>{8CAD0A01-52FC-6560-8D01-000000000F00}</Param><Param>1600</Param><Param>WindowsEventLog</Param><Param>0</Param><Param>fe80::866:2971:f5ff:fffb;2001:0:34f1:8072:866:2971:f5ff:fffb;fe80::d024:56ce:c156:9dae;::ffff:10.0.0.4;</Param><Param>C:\Windows\System32\CompatTelRunner.exe</Param><Param>NT AUTHORITY\SYSTEM</Param>","<DataItem type=""System.XmlData"" time=""2023-11-24T13:10:19.2016140+05:30"" sourceHealthServiceId=""F57C2BCF-DE2B-DA7F-FD91-0649DF501A73""><EventData xmlns=""http://schemas.microsoft.com/win/2004/08/events/event""><Data Name=""RuleName"">-</Data><Data Name=""UtcTime"">2023-11-24 07:40:17.192</Data><Data Name=""ProcessGuid"">{8CAD0A01-52FC-6560-8D01-000000000F00}</Data><Data Name=""ProcessId"">1600</Data><Data Name=""QueryName"">WindowsEventLog</Data><Data Name=""QueryStatus"">0</Data><Data Name=""QueryResults"">fe80::866:2971:f5ff:fffb;2001:0:34f1:8072:866:2971:f5ff:fffb;fe80::d024:56ce:c156:9dae;::ffff:10.0.0.4;</Data><Data Name=""Image"">C:\Windows\System32\CompatTelRunner.exe</Data><Data Name=""User"">NT AUTHORITY\SYSTEM</Data></EventData></DataItem>",22,"Dns query: RuleName: - UtcTime: 2023-11-24 07:40:17.192 ProcessGuid: {8CAD0A01-52FC-6560-8D01-000000000F00} ProcessId: 1600 QueryName: WindowsEventLog QueryStatus: 0 QueryResults: fe80::866:2971:f5ff:fffb;2001:0:34f1:8072:866:2971:f5ff:fffb;fe80::d024:56ce:c156:9dae;::ffff:10.0.0.4; Image: C:\Windows\System32\CompatTelRunner.exe User: NT AUTHORITY\SYSTEM ","00000000-0000-0000-0000-000000000001","AOI-46bec743-35fa-4608-b7e2-2aa3c38a97c2",,,Event,"b87e9c5d-8a9c-11ee-8bc4-0022486ec517","/subscriptions/4383ac89-7cd1-48c1-8061-b0b3c5ccfd97/resourcegroups/varunlab-rg/providers/microsoft.compute/virtualmachines/windowseventlogs","4383ac89-7cd1-48c1-8061-b0b3c5ccfd97"
"46bec743-35fa-4608-b7e2-2aa3c38a97c2",OpsManager,"11/24/2023, 1:16:08.123 PM","Microsoft-Windows-Sysmon","Microsoft-Windows-Sysmon/Operational",WindowsEventLog,22,4,Information,"NT AUTHORITY\SYSTEM",,"<Param>-</Param><Param>2023-11-24 07:46:07.123</Param><Param>{8CAD0A01-5049-6560-9A00-000000000F00}</Param><Param>3276</Param><Param>gsm723720xt.table.core.windows.net</Param><Param>0</Param><Param>type:  5 table.iad01prdstr06a.store.core.windows.net;::ffff:20.60.220.227;</Param><Param>C:\Packages\Plugins\Microsoft.Azure.Geneva.GenevaMonitoring\2.41.0.3\Monitoring\Agent\MonAgentCore.exe</Param><Param>NT AUTHORITY\SYSTEM</Param>","<DataItem type=""System.XmlData"" time=""2023-11-24T13:16:08.1232790+05:30"" sourceHealthServiceId=""F57C2BCF-DE2B-DA7F-FD91-0649DF501A73""><EventData xmlns=""http://schemas.microsoft.com/win/2004/08/events/event""><Data Name=""RuleName"">-</Data><Data Name=""UtcTime"">2023-11-24 07:46:07.123</Data><Data Name=""ProcessGuid"">{8CAD0A01-5049-6560-9A00-000000000F00}</Data><Data Name=""ProcessId"">3276</Data><Data Name=""QueryName"">gsm723720xt.table.core.windows.net</Data><Data Name=""QueryStatus"">0</Data><Data Name=""QueryResults"">type:  5 table.iad01prdstr06a.store.core.windows.net;::ffff:20.60.220.227;</Data><Data Name=""Image"">C:\Packages\Plugins\Microsoft.Azure.Geneva.GenevaMonitoring\2.41.0.3\Monitoring\Agent\MonAgentCore.exe</Data><Data Name=""User"">NT AUTHORITY\SYSTEM</Data></EventData></DataItem>",22,"Dns query: RuleName: - UtcTime: 2023-11-24 07:46:07.123 ProcessGuid: {8CAD0A01-5049-6560-9A00-000000000F00} ProcessId: 3276 QueryName: gsm723720xt.table.core.windows.net QueryStatus: 0 QueryResults: type:  5 table.iad01prdstr06a.store.core.windows.net;::ffff:20.60.220.227; Image: C:\Packages\Plugins\Microsoft.Azure.Geneva.GenevaMonitoring\2.41.0.3\Monitoring\Agent\MonAgentCore.exe User: NT AUTHORITY\SYSTEM ","00000000-0000-0000-0000-000000000001","AOI-46bec743-35fa-4608-b7e2-2aa3c38a97c2",,,Event,"88fdf7a8-8a9d-11ee-8bc4-0022486ea761","/subscriptions/4383ac89-7cd1-48c1-8061-b0b3c5ccfd97/resourcegroups/varunlab-rg/providers/microsoft.compute/virtualmachines/windowseventlogs","4383ac89-7cd1-48c1-8061-b0b3c5ccfd97"
"46bec743-35fa-4608-b7e2-2aa3c38a97c2",OpsManager,"11/24/2023, 1:16:08.123 PM","Microsoft-Windows-Sysmon","Microsoft-Windows-Sysmon/Operational",WindowsEventLog,22,4,Information,"NT AUTHORITY\SYSTEM",,"<Param>-</Param><Param>2023-11-24 07:46:07.230</Param><Param>{8CAD0A01-5049-6560-9A00-000000000F00}</Param><Param>3276</Param><Param>qos.prod.warm.ingest.monitor.core.windows.net</Param><Param>0</Param><Param>type:  5 gig-warm-prod-qos.trafficmanager.net;::ffff:20.62.132.3;</Param><Param>C:\Packages\Plugins\Microsoft.Azure.Geneva.GenevaMonitoring\2.41.0.3\Monitoring\Agent\MonAgentCore.exe</Param><Param>NT AUTHORITY\SYSTEM</Param>","<DataItem type=""System.XmlData"" time=""2023-11-24T13:16:08.1233477+05:30"" sourceHealthServiceId=""F57C2BCF-DE2B-DA7F-FD91-0649DF501A73""><EventData xmlns=""http://schemas.microsoft.com/win/2004/08/events/event""><Data Name=""RuleName"">-</Data><Data Name=""UtcTime"">2023-11-24 07:46:07.230</Data><Data Name=""ProcessGuid"">{8CAD0A01-5049-6560-9A00-000000000F00}</Data><Data Name=""ProcessId"">3276</Data><Data Name=""QueryName"">qos.prod.warm.ingest.monitor.core.windows.net</Data><Data Name=""QueryStatus"">0</Data><Data Name=""QueryResults"">type:  5 gig-warm-prod-qos.trafficmanager.net;::ffff:20.62.132.3;</Data><Data Name=""Image"">C:\Packages\Plugins\Microsoft.Azure.Geneva.GenevaMonitoring\2.41.0.3\Monitoring\Agent\MonAgentCore.exe</Data><Data Name=""User"">NT AUTHORITY\SYSTEM</Data></EventData></DataItem>",22,"Dns query: RuleName: - UtcTime: 2023-11-24 07:46:07.230 ProcessGuid: {8CAD0A01-5049-6560-9A00-000000000F00} ProcessId: 3276 QueryName: qos.prod.warm.ingest.monitor.core.windows.net QueryStatus: 0 QueryResults: type:  5 gig-warm-prod-qos.trafficmanager.net;::ffff:20.62.132.3; Image: C:\Packages\Plugins\Microsoft.Azure.Geneva.GenevaMonitoring\2.41.0.3\Monitoring\Agent\MonAgentCore.exe User: NT AUTHORITY\SYSTEM ","00000000-0000-0000-0000-000000000001","AOI-46bec743-35fa-4608-b7e2-2aa3c38a97c2",,,Event,"88fdf7aa-8a9d-11ee-8bc4-0022486ea761","/subscriptions/4383ac89-7cd1-48c1-8061-b0b3c5ccfd97/resourcegroups/varunlab-rg/providers/microsoft.compute/virtualmachines/windowseventlogs","4383ac89-7cd1-48c1-8061-b0b3c5ccfd97"
