"00000000-0000-0000-0000-000000000000","4/23/2023, 6:42:15.677 PM",OpsManager,"KUSTOWORKS\Administrator",User,"DC1.kustoworks.com","Microsoft-Windows-Security-Auditing",Security,1,0,"<EventData xmlns=""http://schemas.microsoft.com/win/2004/08/events/event"">
  <Data Name=""OpCorrelationID"">{1ecd3b80-e62b-4890-95c0-4fdfe9de175b}</Data>
  <Data Name=""AppCorrelationID"">-</Data>
  <Data Name=""SubjectUserSid"">S-1-5-21-2496762881-1366215883-1809657155-500</Data>
  <Data Name=""SubjectUserName"">Administrator</Data>
  <Data Name=""SubjectDomainName"">KUSTOWORKS</Data>
  <Data Name=""SubjectLogonId"">0x4faf2e</Data>
  <Data Name=""DSName"">kustoworks.com</Data>
  <Data Name=""DSType"">%%14676</Data>
  <Data Name=""ObjectDN"">CN=DESKTOP-RTKLTV9,CN=Computers,DC=kustoworks,DC=com</Data>
  <Data Name=""ObjectGUID"">{91eed5a2-80a3-44e9-bf20-32a2e1d088ab}</Data>
  <Data Name=""ObjectClass"">computer</Data>
  <Data Name=""AttributeLDAPDisplayName"">servicePrincipalName</Data>
  <Data Name=""AttributeSyntaxOID"">2.5.5.12</Data>
  <Data Name=""AttributeValue"">GC/DESKTOP-RTKLTV9.kustoworks.com/kustoworks.com</Data>
  <Data Name=""OperationType"">%%14675</Data>
</EventData>",5136,"5136 - A directory service object was modified.","cc046e6c-795c-47b2-a5ae-c9a0645e6d32","cc046e6c-795c-47b2-a5ae-c9a0645e6d33","00000000-0000-0000-0000-000000000001","4/23/2023, 6:42:34.202 PM","AOI-00000000-0000-0000-0000-000000000000",,,,,,,,,,,,,,,,,,,,,,,,,,,,,,,,,,,,,,,,,,,,,,,,,,,,,,,,,,,,,,,,,,,,,,,,,,,,,,,,,,,,,,,,,,,,,,,,,,,,,,,,,,,,,,,,,,,,"%%14675",,,,,,,,,,,,,,,,,,,,,,,,,,,,,,,,,,,,,,,,,,,"KUSTOWORKS\Administrator",,,,KUSTOWORKS,,0x4faf2e,,,Administrator,"S-1-5-21-2496762881-1366215883-1809657155-500",,,,,,,,,,,,,,,,,,,,,,,,,,,,,,,,,,,,,SecurityEvent,"/subscriptions/00000000-0000-0000-0000-000000000000/resourcegroups/kustoworksarc/providers/microsoft.hybridcompute/machines/dc1"
"00000000-0000-0000-0000-000000000000","4/23/2023, 6:19:49.125 PM",OpsManager,"KUSTOWORKS\WEF1$",Machine,"DC1.kustoworks.com","Microsoft-Windows-Security-Auditing",Security,1,0,"<EventData xmlns=""http://schemas.microsoft.com/win/2004/08/events/event"">
  <Data Name=""OpCorrelationID"">{069ca11a-4f87-4dc5-9b6e-33b188f9ee81}</Data>
  <Data Name=""AppCorrelationID"">-</Data>
  <Data Name=""SubjectUserSid"">S-1-5-21-2496762881-1366215883-1809657155-1108</Data>
  <Data Name=""SubjectUserName"">WEF1$</Data>
  <Data Name=""SubjectDomainName"">KUSTOWORKS</Data>
  <Data Name=""SubjectLogonId"">0x1813ce</Data>
  <Data Name=""DSName"">kustoworks.com</Data>
  <Data Name=""DSType"">%%14676</Data>
  <Data Name=""ObjectDN"">CN=WEF1,CN=Computers,DC=kustoworks,DC=com</Data>
  <Data Name=""ObjectGUID"">{0d6800e9-8c6c-4bdb-a6ee-088bdef45635}</Data>
  <Data Name=""ObjectClass"">computer</Data>
  <Data Name=""AttributeLDAPDisplayName"">servicePrincipalName</Data>
  <Data Name=""AttributeSyntaxOID"">2.5.5.12</Data>
  <Data Name=""AttributeValue"">WSMAN/WEF1.kustoworks.com</Data>
  <Data Name=""OperationType"">%%14674</Data>
</EventData>",5136,"5136 - A directory service object was modified.","cc046e6c-795c-47b2-a5ae-c9a0645e6d32","cc046e6c-795c-47b2-a5ae-c9a0645e6d33","00000000-0000-0000-0000-000000000001","4/23/2023, 6:25:15.252 PM","AOI-00000000-0000-0000-0000-000000000000",,,,,,,,,,,,,,,,,,,,,,,,,,,,,,,,,,,,,,,,,,,,,,,,,,,,,,,,,,,,,,,,,,,,,,,,,,,,,,,,,,,,,,,,,,,,,,,,,,,,,,,,,,,,,,,,,,,,"%%14674",,,,,,,,,,,,,,,,,,,,,,,,,,,,,,,,,,,,,,,,,,,"KUSTOWORKS\WEF1$",,,,KUSTOWORKS,,0x1813ce,,,"WEF1$","S-1-5-21-2496762881-1366215883-1809657155-1108",,,,,,,,,,,,,,,,,,,,,,,,,,,,,,,,,,,,,SecurityEvent,"/subscriptions/00000000-0000-0000-0000-000000000000/resourcegroups/kustoworksarc/providers/microsoft.hybridcompute/machines/dc1"
"00000000-0000-0000-0000-000000000000","4/23/2023, 6:19:49.125 PM",OpsManager,"KUSTOWORKS\WEF1$",Machine,"DC1.kustoworks.com","Microsoft-Windows-Security-Auditing",Security,1,0,"<EventData xmlns=""http://schemas.microsoft.com/win/2004/08/events/event"">
  <Data Name=""OpCorrelationID"">{069ca11a-4f87-4dc5-9b6e-33b188f9ee81}</Data>
  <Data Name=""AppCorrelationID"">-</Data>
  <Data Name=""SubjectUserSid"">S-1-5-21-2496762881-1366215883-1809657155-1108</Data>
  <Data Name=""SubjectUserName"">WEF1$</Data>
  <Data Name=""SubjectDomainName"">KUSTOWORKS</Data>
  <Data Name=""SubjectLogonId"">0x1813ce</Data>
  <Data Name=""DSName"">kustoworks.com</Data>
  <Data Name=""DSType"">%%14676</Data>
  <Data Name=""ObjectDN"">CN=WEF1,CN=Computers,DC=kustoworks,DC=com</Data>
  <Data Name=""ObjectGUID"">{0d6800e9-8c6c-4bdb-a6ee-088bdef45635}</Data>
  <Data Name=""ObjectClass"">computer</Data>
  <Data Name=""AttributeLDAPDisplayName"">servicePrincipalName</Data>
  <Data Name=""AttributeSyntaxOID"">2.5.5.12</Data>
  <Data Name=""AttributeValue"">WSMAN/WEF1</Data>
  <Data Name=""OperationType"">%%14674</Data>
</EventData>",5136,"5136 - A directory service object was modified.","cc046e6c-795c-47b2-a5ae-c9a0645e6d32","cc046e6c-795c-47b2-a5ae-c9a0645e6d33","00000000-0000-0000-0000-000000000001","4/23/2023, 6:25:15.252 PM","AOI-00000000-0000-0000-0000-000000000000",,,,,,,,,,,,,,,,,,,,,,,,,,,,,,,,,,,,,,,,,,,,,,,,,,,,,,,,,,,,,,,,,,,,,,,,,,,,,,,,,,,,,,,,,,,,,,,,,,,,,,,,,,,,,,,,,,,,"%%14674",,,,,,,,,,,,,,,,,,,,,,,,,,,,,,,,,,,,,,,,,,,"KUSTOWORKS\WEF1$",,,,KUSTOWORKS,,0x1813ce,,,"WEF1$","S-1-5-21-2496762881-1366215883-1809657155-1108",,,,,,,,,,,,,,,,,,,,,,,,,,,,,,,,,,,,,SecurityEvent,"/subscriptions/00000000-0000-0000-0000-000000000000/resourcegroups/kustoworksarc/providers/microsoft.hybridcompute/machines/dc1"
"00000000-0000-0000-0000-000000000000","4/29/2023, 8:05:25.456 PM",OpsManager,"KUSTOWORKS\Administrator",User,"DC1.kustoworks.com","Microsoft-Windows-Security-Auditing",Security,14081,0,"<EventData xmlns=""http://schemas.microsoft.com/win/2004/08/events/event"">
  <Data Name=""OpCorrelationID"">{e512ad08-47b4-4141-ba1f-68b7f23742bc}</Data>
  <Data Name=""AppCorrelationID"">-</Data>
  <Data Name=""SubjectUserSid"">S-1-5-21-2496762881-1366215883-1809657155-500</Data>
  <Data Name=""SubjectUserName"">Administrator</Data>
  <Data Name=""SubjectDomainName"">KUSTOWORKS</Data>
  <Data Name=""SubjectLogonId"">0xe70f08</Data>
  <Data Name=""DSName"">kustoworks.com</Data>
  <Data Name=""DSType"">%%14676</Data>
  <Data Name=""ObjectDN"">OU=Domain Controllers,DC=kustoworks,DC=com</Data>
  <Data Name=""ObjectGUID"">{d402e1c2-9fb3-4d7a-a1d6-58af09500135}</Data>
  <Data Name=""ObjectClass"">organizationalUnit</Data>
  <Data Name=""AttributeLDAPDisplayName"">gPLink</Data>
  <Data Name=""AttributeSyntaxOID"">2.5.5.12</Data>
  <Data Name=""AttributeValue"">[LDAP://cn={397ABCB2-5057-4308-BD9B-A2F03C3522C7},cn=policies,cn=system,DC=kustoworks,DC=com;0][LDAP://cn={F9359134-FA37-449A-BAC4-FEAAC4AD07C2},cn=policies,cn=system,DC=kustoworks,DC=com;0][LDAP://cn={59F27C92-ABDF-4095-86A6-49BEBA1A2411},cn=policies,cn=system,DC=kustoworks,DC=com;0][LDAP://CN={6AC1786C-016F-11D2-945F-00C04fB984F9},CN=Policies,CN=System,DC=kustoworks,DC=com;0]</Data>
  <Data Name=""OperationType"">%%14675</Data>
</EventData>",5136,"5136 - A directory service object was modified.","cc046e6c-795c-47b2-a5ae-c9a0645e6d32","cc046e6c-795c-47b2-a5ae-c9a0645e6d33","00000000-0000-0000-0000-000000000001","4/29/2023, 8:05:53.017 PM","AOI-00000000-0000-0000-0000-000000000000",,,,,,,,,,,,,,,,,,,,,,,,,,,,,,,,,,,,,,,,,,,,,,,,,,,,,,,,,,,,,,,,,,,,,,,,,,,,,,,,,,,,,,,,,,,,,,,,,,,,,,,,,,,,,,,,,,,,"%%14675",,,,,,,,,,,,,,,,,,,,,,,,,,,,,,,,,,,,,,,,,,,"KUSTOWORKS\Administrator",,,,KUSTOWORKS,,0xe70f08,,,Administrator,"S-1-5-21-2496762881-1366215883-1809657155-500",,,,,,,,,,,,,,,,,,,,,,,,,,,,,,,,,,,,,SecurityEvent,"/subscriptions/00000000-0000-0000-0000-000000000000/resourcegroups/kustoworksarc/providers/microsoft.hybridcompute/machines/dc1"
"00000000-0000-0000-0000-000000000000","4/29/2023, 8:05:25.456 PM",OpsManager,"KUSTOWORKS\Administrator",User,"DC1.kustoworks.com","Microsoft-Windows-Security-Auditing",Security,14081,0,"<EventData xmlns=""http://schemas.microsoft.com/win/2004/08/events/event"">
  <Data Name=""OpCorrelationID"">{e512ad08-47b4-4141-ba1f-68b7f23742bc}</Data>
  <Data Name=""AppCorrelationID"">-</Data>
  <Data Name=""SubjectUserSid"">S-1-5-21-2496762881-1366215883-1809657155-500</Data>
  <Data Name=""SubjectUserName"">Administrator</Data>
  <Data Name=""SubjectDomainName"">KUSTOWORKS</Data>
  <Data Name=""SubjectLogonId"">0xe70f08</Data>
  <Data Name=""DSName"">kustoworks.com</Data>
  <Data Name=""DSType"">%%14676</Data>
  <Data Name=""ObjectDN"">OU=Domain Controllers,DC=kustoworks,DC=com</Data>
  <Data Name=""ObjectGUID"">{d402e1c2-9fb3-4d7a-a1d6-58af09500135}</Data>
  <Data Name=""ObjectClass"">organizationalUnit</Data>
  <Data Name=""AttributeLDAPDisplayName"">gPLink</Data>
  <Data Name=""AttributeSyntaxOID"">2.5.5.12</Data>
  <Data Name=""AttributeValue"">[LDAP://cn={F9359134-FA37-449A-BAC4-FEAAC4AD07C2},cn=policies,cn=system,DC=kustoworks,DC=com;0][LDAP://cn={59F27C92-ABDF-4095-86A6-49BEBA1A2411},cn=policies,cn=system,DC=kustoworks,DC=com;0][LDAP://CN={6AC1786C-016F-11D2-945F-00C04fB984F9},CN=Policies,CN=System,DC=kustoworks,DC=com;0]</Data>
  <Data Name=""OperationType"">%%14674</Data>
</EventData>",5136,"5136 - A directory service object was modified.","cc046e6c-795c-47b2-a5ae-c9a0645e6d32","cc046e6c-795c-47b2-a5ae-c9a0645e6d33","00000000-0000-0000-0000-000000000001","4/29/2023, 8:05:53.017 PM","AOI-00000000-0000-0000-0000-000000000000",,,,,,,,,,,,,,,,,,,,,,,,,,,,,,,,,,,,,,,,,,,,,,,,,,,,,,,,,,,,,,,,,,,,,,,,,,,,,,,,,,,,,,,,,,,,,,,,,,,,,,,,,,,,,,,,,,,,"%%14674",,,,,,,,,,,,,,,,,,,,,,,,,,,,,,,,,,,,,,,,,,,"KUSTOWORKS\Administrator",,,,KUSTOWORKS,,0xe70f08,,,Administrator,"S-1-5-21-2496762881-1366215883-1809657155-500",,,,,,,,,,,,,,,,,,,,,,,,,,,,,,,,,,,,,SecurityEvent,"/subscriptions/00000000-0000-0000-0000-000000000000/resourcegroups/kustoworksarc/providers/microsoft.hybridcompute/machines/dc1"
"00000000-0000-0000-0000-000000000000","4/29/2023, 8:05:35.468 PM",OpsManager,"KUSTOWORKS\Administrator",User,"DC1.kustoworks.com","Microsoft-Windows-Security-Auditing",Security,14081,0,"<EventData xmlns=""http://schemas.microsoft.com/win/2004/08/events/event"">
  <Data Name=""OpCorrelationID"">{c6277054-91a6-4c4a-b3c0-4b7d3f24dc80}</Data>
  <Data Name=""AppCorrelationID"">-</Data>
  <Data Name=""SubjectUserSid"">S-1-5-21-2496762881-1366215883-1809657155-500</Data>
  <Data Name=""SubjectUserName"">Administrator</Data>
  <Data Name=""SubjectDomainName"">KUSTOWORKS</Data>
  <Data Name=""SubjectLogonId"">0xe70f08</Data>
  <Data Name=""DSName"">kustoworks.com</Data>
  <Data Name=""DSType"">%%14676</Data>
  <Data Name=""ObjectDN"">OU=Domain Controllers,DC=kustoworks,DC=com</Data>
  <Data Name=""ObjectGUID"">{d402e1c2-9fb3-4d7a-a1d6-58af09500135}</Data>
  <Data Name=""ObjectClass"">organizationalUnit</Data>
  <Data Name=""AttributeLDAPDisplayName"">gPLink</Data>
  <Data Name=""AttributeSyntaxOID"">2.5.5.12</Data>
  <Data Name=""AttributeValue"">[LDAP://cn={F9359134-FA37-449A-BAC4-FEAAC4AD07C2},cn=policies,cn=system,DC=kustoworks,DC=com;0][LDAP://cn={59F27C92-ABDF-4095-86A6-49BEBA1A2411},cn=policies,cn=system,DC=kustoworks,DC=com;0][LDAP://CN={6AC1786C-016F-11D2-945F-00C04fB984F9},CN=Policies,CN=System,DC=kustoworks,DC=com;0]</Data>
  <Data Name=""OperationType"">%%14675</Data>
</EventData>",5136,"5136 - A directory service object was modified.","cc046e6c-795c-47b2-a5ae-c9a0645e6d32","cc046e6c-795c-47b2-a5ae-c9a0645e6d33","00000000-0000-0000-0000-000000000001","4/29/2023, 8:05:53.017 PM","AOI-00000000-0000-0000-0000-000000000000",,,,,,,,,,,,,,,,,,,,,,,,,,,,,,,,,,,,,,,,,,,,,,,,,,,,,,,,,,,,,,,,,,,,,,,,,,,,,,,,,,,,,,,,,,,,,,,,,,,,,,,,,,,,,,,,,,,,"%%14675",,,,,,,,,,,,,,,,,,,,,,,,,,,,,,,,,,,,,,,,,,,"KUSTOWORKS\Administrator",,,,KUSTOWORKS,,0xe70f08,,,Administrator,"S-1-5-21-2496762881-1366215883-1809657155-500",,,,,,,,,,,,,,,,,,,,,,,,,,,,,,,,,,,,,SecurityEvent,"/subscriptions/00000000-0000-0000-0000-000000000000/resourcegroups/kustoworksarc/providers/microsoft.hybridcompute/machines/dc1"
"00000000-0000-0000-0000-000000000000","4/29/2023, 8:05:35.469 PM",OpsManager,"KUSTOWORKS\Administrator",User,"DC1.kustoworks.com","Microsoft-Windows-Security-Auditing",Security,14081,0,"<EventData xmlns=""http://schemas.microsoft.com/win/2004/08/events/event"">
  <Data Name=""OpCorrelationID"">{c6277054-91a6-4c4a-b3c0-4b7d3f24dc80}</Data>
  <Data Name=""AppCorrelationID"">-</Data>
  <Data Name=""SubjectUserSid"">S-1-5-21-2496762881-1366215883-1809657155-500</Data>
  <Data Name=""SubjectUserName"">Administrator</Data>
  <Data Name=""SubjectDomainName"">KUSTOWORKS</Data>
  <Data Name=""SubjectLogonId"">0xe70f08</Data>
  <Data Name=""DSName"">kustoworks.com</Data>
  <Data Name=""DSType"">%%14676</Data>
  <Data Name=""ObjectDN"">OU=Domain Controllers,DC=kustoworks,DC=com</Data>
  <Data Name=""ObjectGUID"">{d402e1c2-9fb3-4d7a-a1d6-58af09500135}</Data>
  <Data Name=""ObjectClass"">organizationalUnit</Data>
  <Data Name=""AttributeLDAPDisplayName"">gPLink</Data>
  <Data Name=""AttributeSyntaxOID"">2.5.5.12</Data>
  <Data Name=""AttributeValue"">[LDAP://cn={59F27C92-ABDF-4095-86A6-49BEBA1A2411},cn=policies,cn=system,DC=kustoworks,DC=com;0][LDAP://CN={6AC1786C-016F-11D2-945F-00C04fB984F9},CN=Policies,CN=System,DC=kustoworks,DC=com;0]</Data>
  <Data Name=""OperationType"">%%14674</Data>
</EventData>",5136,"5136 - A directory service object was modified.","cc046e6c-795c-47b2-a5ae-c9a0645e6d32","cc046e6c-795c-47b2-a5ae-c9a0645e6d33","00000000-0000-0000-0000-000000000001","4/29/2023, 8:05:53.017 PM","AOI-00000000-0000-0000-0000-000000000000",,,,,,,,,,,,,,,,,,,,,,,,,,,,,,,,,,,,,,,,,,,,,,,,,,,,,,,,,,,,,,,,,,,,,,,,,,,,,,,,,,,,,,,,,,,,,,,,,,,,,,,,,,,,,,,,,,,,"%%14674",,,,,,,,,,,,,,,,,,,,,,,,,,,,,,,,,,,,,,,,,,,"KUSTOWORKS\Administrator",,,,KUSTOWORKS,,0xe70f08,,,Administrator,"S-1-5-21-2496762881-1366215883-1809657155-500",,,,,,,,,,,,,,,,,,,,,,,,,,,,,,,,,,,,,SecurityEvent,"/subscriptions/00000000-0000-0000-0000-000000000000/resourcegroups/kustoworksarc/providers/microsoft.hybridcompute/machines/dc1"
"00000000-0000-0000-0000-000000000000","4/20/2023, 7:22:36.591 PM",OpsManager,"KUSTOWORKS\Administrator",User,"DC1.kustoworks.com","Microsoft-Windows-Security-Auditing",Security,1,0,"<EventData xmlns=""http://schemas.microsoft.com/win/2004/08/events/event"">
  <Data Name=""OpCorrelationID"">{76b1cfa0-e51b-4955-b153-7e0f61458980}</Data>
  <Data Name=""AppCorrelationID"">-</Data>
  <Data Name=""SubjectUserSid"">S-1-5-21-2496762881-1366215883-1809657155-500</Data>
  <Data Name=""SubjectUserName"">Administrator</Data>
  <Data Name=""SubjectDomainName"">KUSTOWORKS</Data>
  <Data Name=""SubjectLogonId"">0x4d6ebe</Data>
  <Data Name=""DSName"">kustoworks.com</Data>
  <Data Name=""DSType"">%%14676</Data>
  <Data Name=""ObjectDN"">CN={6AC1786C-016F-11D2-945F-00C04FB984F9},CN=POLICIES,CN=SYSTEM,DC=KUSTOWORKS,DC=COM</Data>
  <Data Name=""ObjectGUID"">{b16cdaeb-fdeb-4378-85a1-d8550fe374f2}</Data>
  <Data Name=""ObjectClass"">groupPolicyContainer</Data>
  <Data Name=""AttributeLDAPDisplayName"">versionNumber</Data>
  <Data Name=""AttributeSyntaxOID"">2.5.5.9</Data>
  <Data Name=""AttributeValue"">58</Data>
  <Data Name=""OperationType"">%%14675</Data>
</EventData>",5136,"5136 - A directory service object was modified.","cc046e6c-795c-47b2-a5ae-c9a0645e6d32","cc046e6c-795c-47b2-a5ae-c9a0645e6d33","00000000-0000-0000-0000-000000000001","4/20/2023, 7:22:58.313 PM","AOI-00000000-0000-0000-0000-000000000000",,,,,,,,,,,,,,,,,,,,,,,,,,,,,,,,,,,,,,,,,,,,,,,,,,,,,,,,,,,,,,,,,,,,,,,,,,,,,,,,,,,,,,,,,,,,,,,,,,,,,,,,,,,,,,,,,,,,"%%14675",,,,,,,,,,,,,,,,,,,,,,,,,,,,,,,,,,,,,,,,,,,"KUSTOWORKS\Administrator",,,,KUSTOWORKS,,0x4d6ebe,,,Administrator,"S-1-5-21-2496762881-1366215883-1809657155-500",,,,,,,,,,,,,,,,,,,,,,,,,,,,,,,,,,,,,SecurityEvent,"/subscriptions/00000000-0000-0000-0000-000000000000/resourcegroups/kustoworksarc/providers/microsoft.hybridcompute/machines/dc1"
"00000000-0000-0000-0000-000000000000","4/20/2023, 7:22:36.592 PM",OpsManager,"KUSTOWORKS\Administrator",User,"DC1.kustoworks.com","Microsoft-Windows-Security-Auditing",Security,1,0,"<EventData xmlns=""http://schemas.microsoft.com/win/2004/08/events/event"">
  <Data Name=""OpCorrelationID"">{76b1cfa0-e51b-4955-b153-7e0f61458980}</Data>
  <Data Name=""AppCorrelationID"">-</Data>
  <Data Name=""SubjectUserSid"">S-1-5-21-2496762881-1366215883-1809657155-500</Data>
  <Data Name=""SubjectUserName"">Administrator</Data>
  <Data Name=""SubjectDomainName"">KUSTOWORKS</Data>
  <Data Name=""SubjectLogonId"">0x4d6ebe</Data>
  <Data Name=""DSName"">kustoworks.com</Data>
  <Data Name=""DSType"">%%14676</Data>
  <Data Name=""ObjectDN"">CN={6AC1786C-016F-11D2-945F-00C04FB984F9},CN=POLICIES,CN=SYSTEM,DC=KUSTOWORKS,DC=COM</Data>
  <Data Name=""ObjectGUID"">{b16cdaeb-fdeb-4378-85a1-d8550fe374f2}</Data>
  <Data Name=""ObjectClass"">groupPolicyContainer</Data>
  <Data Name=""AttributeLDAPDisplayName"">versionNumber</Data>
  <Data Name=""AttributeSyntaxOID"">2.5.5.9</Data>
  <Data Name=""AttributeValue"">59</Data>
  <Data Name=""OperationType"">%%14674</Data>
</EventData>",5136,"5136 - A directory service object was modified.","cc046e6c-795c-47b2-a5ae-c9a0645e6d32","cc046e6c-795c-47b2-a5ae-c9a0645e6d33","00000000-0000-0000-0000-000000000001","4/20/2023, 7:22:58.313 PM","AOI-00000000-0000-0000-0000-000000000000",,,,,,,,,,,,,,,,,,,,,,,,,,,,,,,,,,,,,,,,,,,,,,,,,,,,,,,,,,,,,,,,,,,,,,,,,,,,,,,,,,,,,,,,,,,,,,,,,,,,,,,,,,,,,,,,,,,,"%%14674",,,,,,,,,,,,,,,,,,,,,,,,,,,,,,,,,,,,,,,,,,,"KUSTOWORKS\Administrator",,,,KUSTOWORKS,,0x4d6ebe,,,Administrator,"S-1-5-21-2496762881-1366215883-1809657155-500",,,,,,,,,,,,,,,,,,,,,,,,,,,,,,,,,,,,,SecurityEvent,"/subscriptions/00000000-0000-0000-0000-000000000000/resourcegroups/kustoworksarc/providers/microsoft.hybridcompute/machines/dc1"
"00000000-0000-0000-0000-000000000000","4/20/2023, 6:51:58.736 PM",OpsManager,"KUSTOWORKS\WEF1$",Machine,"DC1.kustoworks.com","Microsoft-Windows-Security-Auditing",Security,1,0,"<EventData xmlns=""http://schemas.microsoft.com/win/2004/08/events/event"">
  <Data Name=""OpCorrelationID"">{31780fdc-d761-4dc4-832a-1575b47dc189}</Data>
  <Data Name=""AppCorrelationID"">-</Data>
  <Data Name=""SubjectUserSid"">S-1-5-21-2496762881-1366215883-1809657155-1108</Data>
  <Data Name=""SubjectUserName"">WEF1$</Data>
  <Data Name=""SubjectDomainName"">KUSTOWORKS</Data>
  <Data Name=""SubjectLogonId"">0x203da8</Data>
  <Data Name=""DSName"">kustoworks.com</Data>
  <Data Name=""DSType"">%%14676</Data>
  <Data Name=""ObjectDN"">CN=WEF1,CN=Computers,DC=kustoworks,DC=com</Data>
  <Data Name=""ObjectGUID"">{0d6800e9-8c6c-4bdb-a6ee-088bdef45635}</Data>
  <Data Name=""ObjectClass"">computer</Data>
  <Data Name=""AttributeLDAPDisplayName"">servicePrincipalName</Data>
  <Data Name=""AttributeSyntaxOID"">2.5.5.12</Data>
  <Data Name=""AttributeValue"">WSMAN/WEF1.kustoworks.com</Data>
  <Data Name=""OperationType"">%%14674</Data>
</EventData>",5136,"5136 - A directory service object was modified.","cc046e6c-795c-47b2-a5ae-c9a0645e6d32","cc046e6c-795c-47b2-a5ae-c9a0645e6d33","00000000-0000-0000-0000-000000000001","4/20/2023, 6:54:33.702 PM","AOI-00000000-0000-0000-0000-000000000000",,,,,,,,,,,,,,,,,,,,,,,,,,,,,,,,,,,,,,,,,,,,,,,,,,,,,,,,,,,,,,,,,,,,,,,,,,,,,,,,,,,,,,,,,,,,,,,,,,,,,,,,,,,,,,,,,,,,"%%14674",,,,,,,,,,,,,,,,,,,,,,,,,,,,,,,,,,,,,,,,,,,"KUSTOWORKS\WEF1$",,,,KUSTOWORKS,,0x203da8,,,"WEF1$","S-1-5-21-2496762881-1366215883-1809657155-1108",,,,,,,,,,,,,,,,,,,,,,,,,,,,,,,,,,,,,SecurityEvent,"/subscriptions/00000000-0000-0000-0000-000000000000/resourcegroups/kustoworksarc/providers/microsoft.hybridcompute/machines/dc1"
"00000000-0000-0000-0000-000000000000","4/20/2023, 6:51:58.736 PM",OpsManager,"KUSTOWORKS\WEF1$",Machine,"DC1.kustoworks.com","Microsoft-Windows-Security-Auditing",Security,1,0,"<EventData xmlns=""http://schemas.microsoft.com/win/2004/08/events/event"">
  <Data Name=""OpCorrelationID"">{31780fdc-d761-4dc4-832a-1575b47dc189}</Data>
  <Data Name=""AppCorrelationID"">-</Data>
  <Data Name=""SubjectUserSid"">S-1-5-21-2496762881-1366215883-1809657155-1108</Data>
  <Data Name=""SubjectUserName"">WEF1$</Data>
  <Data Name=""SubjectDomainName"">KUSTOWORKS</Data>
  <Data Name=""SubjectLogonId"">0x203da8</Data>
  <Data Name=""DSName"">kustoworks.com</Data>
  <Data Name=""DSType"">%%14676</Data>
  <Data Name=""ObjectDN"">CN=WEF1,CN=Computers,DC=kustoworks,DC=com</Data>
  <Data Name=""ObjectGUID"">{0d6800e9-8c6c-4bdb-a6ee-088bdef45635}</Data>
  <Data Name=""ObjectClass"">computer</Data>
  <Data Name=""AttributeLDAPDisplayName"">servicePrincipalName</Data>
  <Data Name=""AttributeSyntaxOID"">2.5.5.12</Data>
  <Data Name=""AttributeValue"">WSMAN/WEF1</Data>
  <Data Name=""OperationType"">%%14674</Data>
</EventData>",5136,"5136 - A directory service object was modified.","cc046e6c-795c-47b2-a5ae-c9a0645e6d32","cc046e6c-795c-47b2-a5ae-c9a0645e6d33","00000000-0000-0000-0000-000000000001","4/20/2023, 6:54:33.702 PM","AOI-00000000-0000-0000-0000-000000000000",,,,,,,,,,,,,,,,,,,,,,,,,,,,,,,,,,,,,,,,,,,,,,,,,,,,,,,,,,,,,,,,,,,,,,,,,,,,,,,,,,,,,,,,,,,,,,,,,,,,,,,,,,,,,,,,,,,,"%%14674",,,,,,,,,,,,,,,,,,,,,,,,,,,,,,,,,,,,,,,,,,,"KUSTOWORKS\WEF1$",,,,KUSTOWORKS,,0x203da8,,,"WEF1$","S-1-5-21-2496762881-1366215883-1809657155-1108",,,,,,,,,,,,,,,,,,,,,,,,,,,,,,,,,,,,,SecurityEvent,"/subscriptions/00000000-0000-0000-0000-000000000000/resourcegroups/kustoworksarc/providers/microsoft.hybridcompute/machines/dc1"
"00000000-0000-0000-0000-000000000000","4/20/2023, 6:51:58.737 PM",OpsManager,"KUSTOWORKS\WEF1$",Machine,"DC1.kustoworks.com","Microsoft-Windows-Security-Auditing",Security,1,0,"<EventData xmlns=""http://schemas.microsoft.com/win/2004/08/events/event"">
  <Data Name=""OpCorrelationID"">{74eea773-f144-4d4a-80ab-ac1f4ba824e6}</Data>
  <Data Name=""AppCorrelationID"">-</Data>
  <Data Name=""SubjectUserSid"">S-1-5-21-2496762881-1366215883-1809657155-1108</Data>
  <Data Name=""SubjectUserName"">WEF1$</Data>
  <Data Name=""SubjectDomainName"">KUSTOWORKS</Data>
  <Data Name=""SubjectLogonId"">0x203d98</Data>
  <Data Name=""DSName"">kustoworks.com</Data>
  <Data Name=""DSType"">%%14676</Data>
  <Data Name=""ObjectDN"">CN=WEF1,CN=Computers,DC=kustoworks,DC=com</Data>
  <Data Name=""ObjectGUID"">{0d6800e9-8c6c-4bdb-a6ee-088bdef45635}</Data>
  <Data Name=""ObjectClass"">computer</Data>
  <Data Name=""AttributeLDAPDisplayName"">servicePrincipalName</Data>
  <Data Name=""AttributeSyntaxOID"">2.5.5.12</Data>
  <Data Name=""AttributeValue"">WSMAN/WEF1.kustoworks.com</Data>
  <Data Name=""OperationType"">%%14674</Data>
</EventData>",5136,"5136 - A directory service object was modified.","cc046e6c-795c-47b2-a5ae-c9a0645e6d32","cc046e6c-795c-47b2-a5ae-c9a0645e6d33","00000000-0000-0000-0000-000000000001","4/20/2023, 6:54:33.702 PM","AOI-00000000-0000-0000-0000-000000000000",,,,,,,,,,,,,,,,,,,,,,,,,,,,,,,,,,,,,,,,,,,,,,,,,,,,,,,,,,,,,,,,,,,,,,,,,,,,,,,,,,,,,,,,,,,,,,,,,,,,,,,,,,,,,,,,,,,,"%%14674",,,,,,,,,,,,,,,,,,,,,,,,,,,,,,,,,,,,,,,,,,,"KUSTOWORKS\WEF1$",,,,KUSTOWORKS,,0x203d98,,,"WEF1$","S-1-5-21-2496762881-1366215883-1809657155-1108",,,,,,,,,,,,,,,,,,,,,,,,,,,,,,,,,,,,,SecurityEvent,"/subscriptions/00000000-0000-0000-0000-000000000000/resourcegroups/kustoworksarc/providers/microsoft.hybridcompute/machines/dc1"
"00000000-0000-0000-0000-000000000000","4/20/2023, 6:51:58.738 PM",OpsManager,"KUSTOWORKS\WEF1$",Machine,"DC1.kustoworks.com","Microsoft-Windows-Security-Auditing",Security,1,0,"<EventData xmlns=""http://schemas.microsoft.com/win/2004/08/events/event"">
  <Data Name=""OpCorrelationID"">{74eea773-f144-4d4a-80ab-ac1f4ba824e6}</Data>
  <Data Name=""AppCorrelationID"">-</Data>
  <Data Name=""SubjectUserSid"">S-1-5-21-2496762881-1366215883-1809657155-1108</Data>
  <Data Name=""SubjectUserName"">WEF1$</Data>
  <Data Name=""SubjectDomainName"">KUSTOWORKS</Data>
  <Data Name=""SubjectLogonId"">0x203d98</Data>
  <Data Name=""DSName"">kustoworks.com</Data>
  <Data Name=""DSType"">%%14676</Data>
  <Data Name=""ObjectDN"">CN=WEF1,CN=Computers,DC=kustoworks,DC=com</Data>
  <Data Name=""ObjectGUID"">{0d6800e9-8c6c-4bdb-a6ee-088bdef45635}</Data>
  <Data Name=""ObjectClass"">computer</Data>
  <Data Name=""AttributeLDAPDisplayName"">servicePrincipalName</Data>
  <Data Name=""AttributeSyntaxOID"">2.5.5.12</Data>
  <Data Name=""AttributeValue"">WSMAN/WEF1</Data>
  <Data Name=""OperationType"">%%14674</Data>
</EventData>",5136,"5136 - A directory service object was modified.","cc046e6c-795c-47b2-a5ae-c9a0645e6d32","cc046e6c-795c-47b2-a5ae-c9a0645e6d33","00000000-0000-0000-0000-000000000001","4/20/2023, 6:54:33.702 PM","AOI-00000000-0000-0000-0000-000000000000",,,,,,,,,,,,,,,,,,,,,,,,,,,,,,,,,,,,,,,,,,,,,,,,,,,,,,,,,,,,,,,,,,,,,,,,,,,,,,,,,,,,,,,,,,,,,,,,,,,,,,,,,,,,,,,,,,,,"%%14674",,,,,,,,,,,,,,,,,,,,,,,,,,,,,,,,,,,,,,,,,,,"KUSTOWORKS\WEF1$",,,,KUSTOWORKS,,0x203d98,,,"WEF1$","S-1-5-21-2496762881-1366215883-1809657155-1108",,,,,,,,,,,,,,,,,,,,,,,,,,,,,,,,,,,,,SecurityEvent,"/subscriptions/00000000-0000-0000-0000-000000000000/resourcegroups/kustoworksarc/providers/microsoft.hybridcompute/machines/dc1"
"00000000-0000-0000-0000-000000000000","4/20/2023, 8:04:13.563 PM",OpsManager,"KUSTOWORKS\Administrator",User,"DC1.kustoworks.com","Microsoft-Windows-Security-Auditing",Security,1,0,"<EventData xmlns=""http://schemas.microsoft.com/win/2004/08/events/event"">
  <Data Name=""OpCorrelationID"">{bce2f022-2afe-42d9-81ea-590d2dbd98fb}</Data>
  <Data Name=""AppCorrelationID"">-</Data>
  <Data Name=""SubjectUserSid"">S-1-5-21-2496762881-1366215883-1809657155-500</Data>
  <Data Name=""SubjectUserName"">Administrator</Data>
  <Data Name=""SubjectDomainName"">KUSTOWORKS</Data>
  <Data Name=""SubjectLogonId"">0x6c5235</Data>
  <Data Name=""DSName"">kustoworks.com</Data>
  <Data Name=""DSType"">%%14676</Data>
  <Data Name=""ObjectDN"">CN={397ABCB2-5057-4308-BD9B-A2F03C3522C7},CN=POLICIES,CN=SYSTEM,DC=KUSTOWORKS,DC=COM</Data>
  <Data Name=""ObjectGUID"">{5e6d5d81-4cb1-47d8-bd59-ed035b3d9f62}</Data>
  <Data Name=""ObjectClass"">groupPolicyContainer</Data>
  <Data Name=""AttributeLDAPDisplayName"">versionNumber</Data>
  <Data Name=""AttributeSyntaxOID"">2.5.5.9</Data>
  <Data Name=""AttributeValue"">42</Data>
  <Data Name=""OperationType"">%%14675</Data>
</EventData>",5136,"5136 - A directory service object was modified.","cc046e6c-795c-47b2-a5ae-c9a0645e6d32","cc046e6c-795c-47b2-a5ae-c9a0645e6d33","00000000-0000-0000-0000-000000000001","4/20/2023, 8:04:38.235 PM","AOI-00000000-0000-0000-0000-000000000000",,,,,,,,,,,,,,,,,,,,,,,,,,,,,,,,,,,,,,,,,,,,,,,,,,,,,,,,,,,,,,,,,,,,,,,,,,,,,,,,,,,,,,,,,,,,,,,,,,,,,,,,,,,,,,,,,,,,"%%14675",,,,,,,,,,,,,,,,,,,,,,,,,,,,,,,,,,,,,,,,,,,"KUSTOWORKS\Administrator",,,,KUSTOWORKS,,0x6c5235,,,Administrator,"S-1-5-21-2496762881-1366215883-1809657155-500",,,,,,,,,,,,,,,,,,,,,,,,,,,,,,,,,,,,,SecurityEvent,"/subscriptions/00000000-0000-0000-0000-000000000000/resourcegroups/kustoworksarc/providers/microsoft.hybridcompute/machines/dc1"
"00000000-0000-0000-0000-000000000000","4/20/2023, 8:04:13.563 PM",OpsManager,"KUSTOWORKS\Administrator",User,"DC1.kustoworks.com","Microsoft-Windows-Security-Auditing",Security,1,0,"<EventData xmlns=""http://schemas.microsoft.com/win/2004/08/events/event"">
  <Data Name=""OpCorrelationID"">{bce2f022-2afe-42d9-81ea-590d2dbd98fb}</Data>
  <Data Name=""AppCorrelationID"">-</Data>
  <Data Name=""SubjectUserSid"">S-1-5-21-2496762881-1366215883-1809657155-500</Data>
  <Data Name=""SubjectUserName"">Administrator</Data>
  <Data Name=""SubjectDomainName"">KUSTOWORKS</Data>
  <Data Name=""SubjectLogonId"">0x6c5235</Data>
  <Data Name=""DSName"">kustoworks.com</Data>
  <Data Name=""DSType"">%%14676</Data>
  <Data Name=""ObjectDN"">CN={397ABCB2-5057-4308-BD9B-A2F03C3522C7},CN=POLICIES,CN=SYSTEM,DC=KUSTOWORKS,DC=COM</Data>
  <Data Name=""ObjectGUID"">{5e6d5d81-4cb1-47d8-bd59-ed035b3d9f62}</Data>
  <Data Name=""ObjectClass"">groupPolicyContainer</Data>
  <Data Name=""AttributeLDAPDisplayName"">versionNumber</Data>
  <Data Name=""AttributeSyntaxOID"">2.5.5.9</Data>
  <Data Name=""AttributeValue"">43</Data>
  <Data Name=""OperationType"">%%14674</Data>
</EventData>",5136,"5136 - A directory service object was modified.","cc046e6c-795c-47b2-a5ae-c9a0645e6d32","cc046e6c-795c-47b2-a5ae-c9a0645e6d33","00000000-0000-0000-0000-000000000001","4/20/2023, 8:04:38.235 PM","AOI-00000000-0000-0000-0000-000000000000",,,,,,,,,,,,,,,,,,,,,,,,,,,,,,,,,,,,,,,,,,,,,,,,,,,,,,,,,,,,,,,,,,,,,,,,,,,,,,,,,,,,,,,,,,,,,,,,,,,,,,,,,,,,,,,,,,,,"%%14674",,,,,,,,,,,,,,,,,,,,,,,,,,,,,,,,,,,,,,,,,,,"KUSTOWORKS\Administrator",,,,KUSTOWORKS,,0x6c5235,,,Administrator,"S-1-5-21-2496762881-1366215883-1809657155-500",,,,,,,,,,,,,,,,,,,,,,,,,,,,,,,,,,,,,SecurityEvent,"/subscriptions/00000000-0000-0000-0000-000000000000/resourcegroups/kustoworksarc/providers/microsoft.hybridcompute/machines/dc1"
"00000000-0000-0000-0000-000000000000","4/20/2023, 8:04:13.563 PM",OpsManager,"KUSTOWORKS\Administrator",User,"DC1.kustoworks.com","Microsoft-Windows-Security-Auditing",Security,1,0,"<EventData xmlns=""http://schemas.microsoft.com/win/2004/08/events/event"">
  <Data Name=""OpCorrelationID"">{bec060b4-bea2-4446-8539-a971a93c60f8}</Data>
  <Data Name=""AppCorrelationID"">-</Data>
  <Data Name=""SubjectUserSid"">S-1-5-21-2496762881-1366215883-1809657155-500</Data>
  <Data Name=""SubjectUserName"">Administrator</Data>
  <Data Name=""SubjectDomainName"">KUSTOWORKS</Data>
  <Data Name=""SubjectLogonId"">0x6c5235</Data>
  <Data Name=""DSName"">kustoworks.com</Data>
  <Data Name=""DSType"">%%14676</Data>
  <Data Name=""ObjectDN"">CN={397ABCB2-5057-4308-BD9B-A2F03C3522C7},CN=POLICIES,CN=SYSTEM,DC=KUSTOWORKS,DC=COM</Data>
  <Data Name=""ObjectGUID"">{5e6d5d81-4cb1-47d8-bd59-ed035b3d9f62}</Data>
  <Data Name=""ObjectClass"">groupPolicyContainer</Data>
  <Data Name=""AttributeLDAPDisplayName"">versionNumber</Data>
  <Data Name=""AttributeSyntaxOID"">2.5.5.9</Data>
  <Data Name=""AttributeValue"">41</Data>
  <Data Name=""OperationType"">%%14675</Data>
</EventData>",5136,"5136 - A directory service object was modified.","cc046e6c-795c-47b2-a5ae-c9a0645e6d32","cc046e6c-795c-47b2-a5ae-c9a0645e6d33","00000000-0000-0000-0000-000000000001","4/20/2023, 8:04:38.235 PM","AOI-00000000-0000-0000-0000-000000000000",,,,,,,,,,,,,,,,,,,,,,,,,,,,,,,,,,,,,,,,,,,,,,,,,,,,,,,,,,,,,,,,,,,,,,,,,,,,,,,,,,,,,,,,,,,,,,,,,,,,,,,,,,,,,,,,,,,,"%%14675",,,,,,,,,,,,,,,,,,,,,,,,,,,,,,,,,,,,,,,,,,,"KUSTOWORKS\Administrator",,,,KUSTOWORKS,,0x6c5235,,,Administrator,"S-1-5-21-2496762881-1366215883-1809657155-500",,,,,,,,,,,,,,,,,,,,,,,,,,,,,,,,,,,,,SecurityEvent,"/subscriptions/00000000-0000-0000-0000-000000000000/resourcegroups/kustoworksarc/providers/microsoft.hybridcompute/machines/dc1"
"00000000-0000-0000-0000-000000000000","4/20/2023, 8:04:13.564 PM",OpsManager,"KUSTOWORKS\Administrator",User,"DC1.kustoworks.com","Microsoft-Windows-Security-Auditing",Security,1,0,"<EventData xmlns=""http://schemas.microsoft.com/win/2004/08/events/event"">
  <Data Name=""OpCorrelationID"">{bec060b4-bea2-4446-8539-a971a93c60f8}</Data>
  <Data Name=""AppCorrelationID"">-</Data>
  <Data Name=""SubjectUserSid"">S-1-5-21-2496762881-1366215883-1809657155-500</Data>
  <Data Name=""SubjectUserName"">Administrator</Data>
  <Data Name=""SubjectDomainName"">KUSTOWORKS</Data>
  <Data Name=""SubjectLogonId"">0x6c5235</Data>
  <Data Name=""DSName"">kustoworks.com</Data>
  <Data Name=""DSType"">%%14676</Data>
  <Data Name=""ObjectDN"">CN={397ABCB2-5057-4308-BD9B-A2F03C3522C7},CN=POLICIES,CN=SYSTEM,DC=KUSTOWORKS,DC=COM</Data>
  <Data Name=""ObjectGUID"">{5e6d5d81-4cb1-47d8-bd59-ed035b3d9f62}</Data>
  <Data Name=""ObjectClass"">groupPolicyContainer</Data>
  <Data Name=""AttributeLDAPDisplayName"">versionNumber</Data>
  <Data Name=""AttributeSyntaxOID"">2.5.5.9</Data>
  <Data Name=""AttributeValue"">42</Data>
  <Data Name=""OperationType"">%%14674</Data>
</EventData>",5136,"5136 - A directory service object was modified.","cc046e6c-795c-47b2-a5ae-c9a0645e6d32","cc046e6c-795c-47b2-a5ae-c9a0645e6d33","00000000-0000-0000-0000-000000000001","4/20/2023, 8:04:38.235 PM","AOI-00000000-0000-0000-0000-000000000000",,,,,,,,,,,,,,,,,,,,,,,,,,,,,,,,,,,,,,,,,,,,,,,,,,,,,,,,,,,,,,,,,,,,,,,,,,,,,,,,,,,,,,,,,,,,,,,,,,,,,,,,,,,,,,,,,,,,"%%14674",,,,,,,,,,,,,,,,,,,,,,,,,,,,,,,,,,,,,,,,,,,"KUSTOWORKS\Administrator",,,,KUSTOWORKS,,0x6c5235,,,Administrator,"S-1-5-21-2496762881-1366215883-1809657155-500",,,,,,,,,,,,,,,,,,,,,,,,,,,,,,,,,,,,,SecurityEvent,"/subscriptions/00000000-0000-0000-0000-000000000000/resourcegroups/kustoworksarc/providers/microsoft.hybridcompute/machines/dc1"
"00000000-0000-0000-0000-000000000000","4/20/2023, 8:04:53.597 PM",OpsManager,"KUSTOWORKS\Administrator",User,"DC1.kustoworks.com","Microsoft-Windows-Security-Auditing",Security,1,0,"<EventData xmlns=""http://schemas.microsoft.com/win/2004/08/events/event"">
  <Data Name=""OpCorrelationID"">{b898dde1-9648-4286-a5cd-4ca48a412ebe}</Data>
  <Data Name=""AppCorrelationID"">-</Data>
  <Data Name=""SubjectUserSid"">S-1-5-21-2496762881-1366215883-1809657155-500</Data>
  <Data Name=""SubjectUserName"">Administrator</Data>
  <Data Name=""SubjectDomainName"">KUSTOWORKS</Data>
  <Data Name=""SubjectLogonId"">0x6c5235</Data>
  <Data Name=""DSName"">kustoworks.com</Data>
  <Data Name=""DSType"">%%14676</Data>
  <Data Name=""ObjectDN"">CN={397ABCB2-5057-4308-BD9B-A2F03C3522C7},CN=POLICIES,CN=SYSTEM,DC=KUSTOWORKS,DC=COM</Data>
  <Data Name=""ObjectGUID"">{5e6d5d81-4cb1-47d8-bd59-ed035b3d9f62}</Data>
  <Data Name=""ObjectClass"">groupPolicyContainer</Data>
  <Data Name=""AttributeLDAPDisplayName"">versionNumber</Data>
  <Data Name=""AttributeSyntaxOID"">2.5.5.9</Data>
  <Data Name=""AttributeValue"">43</Data>
  <Data Name=""OperationType"">%%14675</Data>
</EventData>",5136,"5136 - A directory service object was modified.","cc046e6c-795c-47b2-a5ae-c9a0645e6d32","cc046e6c-795c-47b2-a5ae-c9a0645e6d33","00000000-0000-0000-0000-000000000001","4/20/2023, 8:05:18.261 PM","AOI-00000000-0000-0000-0000-000000000000",,,,,,,,,,,,,,,,,,,,,,,,,,,,,,,,,,,,,,,,,,,,,,,,,,,,,,,,,,,,,,,,,,,,,,,,,,,,,,,,,,,,,,,,,,,,,,,,,,,,,,,,,,,,,,,,,,,,"%%14675",,,,,,,,,,,,,,,,,,,,,,,,,,,,,,,,,,,,,,,,,,,"KUSTOWORKS\Administrator",,,,KUSTOWORKS,,0x6c5235,,,Administrator,"S-1-5-21-2496762881-1366215883-1809657155-500",,,,,,,,,,,,,,,,,,,,,,,,,,,,,,,,,,,,,SecurityEvent,"/subscriptions/00000000-0000-0000-0000-000000000000/resourcegroups/kustoworksarc/providers/microsoft.hybridcompute/machines/dc1"
"00000000-0000-0000-0000-000000000000","4/20/2023, 8:04:53.599 PM",OpsManager,"KUSTOWORKS\Administrator",User,"DC1.kustoworks.com","Microsoft-Windows-Security-Auditing",Security,1,0,"<EventData xmlns=""http://schemas.microsoft.com/win/2004/08/events/event"">
  <Data Name=""OpCorrelationID"">{b898dde1-9648-4286-a5cd-4ca48a412ebe}</Data>
  <Data Name=""AppCorrelationID"">-</Data>
  <Data Name=""SubjectUserSid"">S-1-5-21-2496762881-1366215883-1809657155-500</Data>
  <Data Name=""SubjectUserName"">Administrator</Data>
  <Data Name=""SubjectDomainName"">KUSTOWORKS</Data>
  <Data Name=""SubjectLogonId"">0x6c5235</Data>
  <Data Name=""DSName"">kustoworks.com</Data>
  <Data Name=""DSType"">%%14676</Data>
  <Data Name=""ObjectDN"">CN={397ABCB2-5057-4308-BD9B-A2F03C3522C7},CN=POLICIES,CN=SYSTEM,DC=KUSTOWORKS,DC=COM</Data>
  <Data Name=""ObjectGUID"">{5e6d5d81-4cb1-47d8-bd59-ed035b3d9f62}</Data>
  <Data Name=""ObjectClass"">groupPolicyContainer</Data>
  <Data Name=""AttributeLDAPDisplayName"">versionNumber</Data>
  <Data Name=""AttributeSyntaxOID"">2.5.5.9</Data>
  <Data Name=""AttributeValue"">42</Data>
  <Data Name=""OperationType"">%%14674</Data>
</EventData>",5136,"5136 - A directory service object was modified.","cc046e6c-795c-47b2-a5ae-c9a0645e6d32","cc046e6c-795c-47b2-a5ae-c9a0645e6d33","00000000-0000-0000-0000-000000000001","4/20/2023, 8:05:18.261 PM","AOI-00000000-0000-0000-0000-000000000000",,,,,,,,,,,,,,,,,,,,,,,,,,,,,,,,,,,,,,,,,,,,,,,,,,,,,,,,,,,,,,,,,,,,,,,,,,,,,,,,,,,,,,,,,,,,,,,,,,,,,,,,,,,,,,,,,,,,"%%14674",,,,,,,,,,,,,,,,,,,,,,,,,,,,,,,,,,,,,,,,,,,"KUSTOWORKS\Administrator",,,,KUSTOWORKS,,0x6c5235,,,Administrator,"S-1-5-21-2496762881-1366215883-1809657155-500",,,,,,,,,,,,,,,,,,,,,,,,,,,,,,,,,,,,,SecurityEvent,"/subscriptions/00000000-0000-0000-0000-000000000000/resourcegroups/kustoworksarc/providers/microsoft.hybridcompute/machines/dc1"
"00000000-0000-0000-0000-000000000000","4/20/2023, 8:04:53.601 PM",OpsManager,"KUSTOWORKS\Administrator",User,"DC1.kustoworks.com","Microsoft-Windows-Security-Auditing",Security,1,0,"<EventData xmlns=""http://schemas.microsoft.com/win/2004/08/events/event"">
  <Data Name=""OpCorrelationID"">{b898dde1-9648-4286-a5cd-4ca48a412ebe}</Data>
  <Data Name=""AppCorrelationID"">-</Data>
  <Data Name=""SubjectUserSid"">S-1-5-21-2496762881-1366215883-1809657155-500</Data>
  <Data Name=""SubjectUserName"">Administrator</Data>
  <Data Name=""SubjectDomainName"">KUSTOWORKS</Data>
  <Data Name=""SubjectLogonId"">0x6c5235</Data>
  <Data Name=""DSName"">kustoworks.com</Data>
  <Data Name=""DSType"">%%14676</Data>
  <Data Name=""ObjectDN"">CN={397ABCB2-5057-4308-BD9B-A2F03C3522C7},CN=POLICIES,CN=SYSTEM,DC=KUSTOWORKS,DC=COM</Data>
  <Data Name=""ObjectGUID"">{5e6d5d81-4cb1-47d8-bd59-ed035b3d9f62}</Data>
  <Data Name=""ObjectClass"">groupPolicyContainer</Data>
  <Data Name=""AttributeLDAPDisplayName"">gPCMachineExtensionNames</Data>
  <Data Name=""AttributeSyntaxOID"">2.5.5.12</Data>
  <Data Name=""AttributeValue"">[{827D319E-6EAC-11D2-A4EA-00C04F79F83A}{803E14A0-B4FB-11D0-A0D0-00A0C90F574B}][{F3CCC681-B74C-4060-9F26-CD84525DCA2A}{0F3F3735-573D-9804-99E4-AB2A69BA5FD4}]</Data>
  <Data Name=""OperationType"">%%14675</Data>
</EventData>",5136,"5136 - A directory service object was modified.","cc046e6c-795c-47b2-a5ae-c9a0645e6d32","cc046e6c-795c-47b2-a5ae-c9a0645e6d33","00000000-0000-0000-0000-000000000001","4/20/2023, 8:05:18.261 PM","AOI-00000000-0000-0000-0000-000000000000",,,,,,,,,,,,,,,,,,,,,,,,,,,,,,,,,,,,,,,,,,,,,,,,,,,,,,,,,,,,,,,,,,,,,,,,,,,,,,,,,,,,,,,,,,,,,,,,,,,,,,,,,,,,,,,,,,,,"%%14675",,,,,,,,,,,,,,,,,,,,,,,,,,,,,,,,,,,,,,,,,,,"KUSTOWORKS\Administrator",,,,KUSTOWORKS,,0x6c5235,,,Administrator,"S-1-5-21-2496762881-1366215883-1809657155-500",,,,,,,,,,,,,,,,,,,,,,,,,,,,,,,,,,,,,SecurityEvent,"/subscriptions/00000000-0000-0000-0000-000000000000/resourcegroups/kustoworksarc/providers/microsoft.hybridcompute/machines/dc1"
"00000000-0000-0000-0000-000000000000","4/20/2023, 8:04:53.602 PM",OpsManager,"KUSTOWORKS\Administrator",User,"DC1.kustoworks.com","Microsoft-Windows-Security-Auditing",Security,1,0,"<EventData xmlns=""http://schemas.microsoft.com/win/2004/08/events/event"">
  <Data Name=""OpCorrelationID"">{b898dde1-9648-4286-a5cd-4ca48a412ebe}</Data>
  <Data Name=""AppCorrelationID"">-</Data>
  <Data Name=""SubjectUserSid"">S-1-5-21-2496762881-1366215883-1809657155-500</Data>
  <Data Name=""SubjectUserName"">Administrator</Data>
  <Data Name=""SubjectDomainName"">KUSTOWORKS</Data>
  <Data Name=""SubjectLogonId"">0x6c5235</Data>
  <Data Name=""DSName"">kustoworks.com</Data>
  <Data Name=""DSType"">%%14676</Data>
  <Data Name=""ObjectDN"">CN={397ABCB2-5057-4308-BD9B-A2F03C3522C7},CN=POLICIES,CN=SYSTEM,DC=KUSTOWORKS,DC=COM</Data>
  <Data Name=""ObjectGUID"">{5e6d5d81-4cb1-47d8-bd59-ed035b3d9f62}</Data>
  <Data Name=""ObjectClass"">groupPolicyContainer</Data>
  <Data Name=""AttributeLDAPDisplayName"">gPCMachineExtensionNames</Data>
  <Data Name=""AttributeSyntaxOID"">2.5.5.12</Data>
  <Data Name=""AttributeValue"">[{35378EAC-683F-11D2-A89A-00C04FBBCFA2}{D02B1F72-3407-48AE-BA88-E8213C6761F1}][{827D319E-6EAC-11D2-A4EA-00C04F79F83A}{803E14A0-B4FB-11D0-A0D0-00A0C90F574B}][{F3CCC681-B74C-4060-9F26-CD84525DCA2A}{0F3F3735-573D-9804-99E4-AB2A69BA5FD4}]</Data>
  <Data Name=""OperationType"">%%14674</Data>
</EventData>",5136,"5136 - A directory service object was modified.","cc046e6c-795c-47b2-a5ae-c9a0645e6d32","cc046e6c-795c-47b2-a5ae-c9a0645e6d33","00000000-0000-0000-0000-000000000001","4/20/2023, 8:05:18.261 PM","AOI-00000000-0000-0000-0000-000000000000",,,,,,,,,,,,,,,,,,,,,,,,,,,,,,,,,,,,,,,,,,,,,,,,,,,,,,,,,,,,,,,,,,,,,,,,,,,,,,,,,,,,,,,,,,,,,,,,,,,,,,,,,,,,,,,,,,,,"%%14674",,,,,,,,,,,,,,,,,,,,,,,,,,,,,,,,,,,,,,,,,,,"KUSTOWORKS\Administrator",,,,KUSTOWORKS,,0x6c5235,,,Administrator,"S-1-5-21-2496762881-1366215883-1809657155-500",,,,,,,,,,,,,,,,,,,,,,,,,,,,,,,,,,,,,SecurityEvent,"/subscriptions/00000000-0000-0000-0000-000000000000/resourcegroups/kustoworksarc/providers/microsoft.hybridcompute/machines/dc1"
"00000000-0000-0000-0000-000000000000","4/20/2023, 6:33:00.979 PM",OpsManager,"KUSTOWORKS\Administrator",User,"DC1.kustoworks.com","Microsoft-Windows-Security-Auditing",Security,1,0,"<EventData xmlns=""http://schemas.microsoft.com/win/2004/08/events/event"">
  <Data Name=""OpCorrelationID"">{83d50005-220e-4408-adb3-ecf68a7dd30b}</Data>
  <Data Name=""AppCorrelationID"">-</Data>
  <Data Name=""SubjectUserSid"">S-1-5-21-2496762881-1366215883-1809657155-500</Data>
  <Data Name=""SubjectUserName"">Administrator</Data>
  <Data Name=""SubjectDomainName"">KUSTOWORKS</Data>
  <Data Name=""SubjectLogonId"">0x3aeb8e</Data>
  <Data Name=""DSName"">kustoworks.com</Data>
  <Data Name=""DSType"">%%14676</Data>
  <Data Name=""ObjectDN"">CN={31B2F340-016D-11D2-945F-00C04FB984F9},CN=POLICIES,CN=SYSTEM,DC=KUSTOWORKS,DC=COM</Data>
  <Data Name=""ObjectGUID"">{931811e8-2552-43d8-9119-638de8b70752}</Data>
  <Data Name=""ObjectClass"">groupPolicyContainer</Data>
  <Data Name=""AttributeLDAPDisplayName"">versionNumber</Data>
  <Data Name=""AttributeSyntaxOID"">2.5.5.9</Data>
  <Data Name=""AttributeValue"">7</Data>
  <Data Name=""OperationType"">%%14675</Data>
</EventData>",5136,"5136 - A directory service object was modified.","cc046e6c-795c-47b2-a5ae-c9a0645e6d32","cc046e6c-795c-47b2-a5ae-c9a0645e6d33","00000000-0000-0000-0000-000000000001","4/20/2023, 6:33:36.138 PM","AOI-00000000-0000-0000-0000-000000000000",,,,,,,,,,,,,,,,,,,,,,,,,,,,,,,,,,,,,,,,,,,,,,,,,,,,,,,,,,,,,,,,,,,,,,,,,,,,,,,,,,,,,,,,,,,,,,,,,,,,,,,,,,,,,,,,,,,,"%%14675",,,,,,,,,,,,,,,,,,,,,,,,,,,,,,,,,,,,,,,,,,,"KUSTOWORKS\Administrator",,,,KUSTOWORKS,,0x3aeb8e,,,Administrator,"S-1-5-21-2496762881-1366215883-1809657155-500",,,,,,,,,,,,,,,,,,,,,,,,,,,,,,,,,,,,,SecurityEvent,"/subscriptions/00000000-0000-0000-0000-000000000000/resourcegroups/kustoworksarc/providers/microsoft.hybridcompute/machines/dc1"
"00000000-0000-0000-0000-000000000000","4/20/2023, 6:33:00.979 PM",OpsManager,"KUSTOWORKS\Administrator",User,"DC1.kustoworks.com","Microsoft-Windows-Security-Auditing",Security,1,0,"<EventData xmlns=""http://schemas.microsoft.com/win/2004/08/events/event"">
  <Data Name=""OpCorrelationID"">{83d50005-220e-4408-adb3-ecf68a7dd30b}</Data>
  <Data Name=""AppCorrelationID"">-</Data>
  <Data Name=""SubjectUserSid"">S-1-5-21-2496762881-1366215883-1809657155-500</Data>
  <Data Name=""SubjectUserName"">Administrator</Data>
  <Data Name=""SubjectDomainName"">KUSTOWORKS</Data>
  <Data Name=""SubjectLogonId"">0x3aeb8e</Data>
  <Data Name=""DSName"">kustoworks.com</Data>
  <Data Name=""DSType"">%%14676</Data>
  <Data Name=""ObjectDN"">CN={31B2F340-016D-11D2-945F-00C04FB984F9},CN=POLICIES,CN=SYSTEM,DC=KUSTOWORKS,DC=COM</Data>
  <Data Name=""ObjectGUID"">{931811e8-2552-43d8-9119-638de8b70752}</Data>
  <Data Name=""ObjectClass"">groupPolicyContainer</Data>
  <Data Name=""AttributeLDAPDisplayName"">versionNumber</Data>
  <Data Name=""AttributeSyntaxOID"">2.5.5.9</Data>
  <Data Name=""AttributeValue"">8</Data>
  <Data Name=""OperationType"">%%14674</Data>
</EventData>",5136,"5136 - A directory service object was modified.","cc046e6c-795c-47b2-a5ae-c9a0645e6d32","cc046e6c-795c-47b2-a5ae-c9a0645e6d33","00000000-0000-0000-0000-000000000001","4/20/2023, 6:33:36.138 PM","AOI-00000000-0000-0000-0000-000000000000",,,,,,,,,,,,,,,,,,,,,,,,,,,,,,,,,,,,,,,,,,,,,,,,,,,,,,,,,,,,,,,,,,,,,,,,,,,,,,,,,,,,,,,,,,,,,,,,,,,,,,,,,,,,,,,,,,,,"%%14674",,,,,,,,,,,,,,,,,,,,,,,,,,,,,,,,,,,,,,,,,,,"KUSTOWORKS\Administrator",,,,KUSTOWORKS,,0x3aeb8e,,,Administrator,"S-1-5-21-2496762881-1366215883-1809657155-500",,,,,,,,,,,,,,,,,,,,,,,,,,,,,,,,,,,,,SecurityEvent,"/subscriptions/00000000-0000-0000-0000-000000000000/resourcegroups/kustoworksarc/providers/microsoft.hybridcompute/machines/dc1"
"00000000-0000-0000-0000-000000000000","4/20/2023, 6:33:00.979 PM",OpsManager,"KUSTOWORKS\Administrator",User,"DC1.kustoworks.com","Microsoft-Windows-Security-Auditing",Security,1,0,"<EventData xmlns=""http://schemas.microsoft.com/win/2004/08/events/event"">
  <Data Name=""OpCorrelationID"">{83d50005-220e-4408-adb3-ecf68a7dd30b}</Data>
  <Data Name=""AppCorrelationID"">-</Data>
  <Data Name=""SubjectUserSid"">S-1-5-21-2496762881-1366215883-1809657155-500</Data>
  <Data Name=""SubjectUserName"">Administrator</Data>
  <Data Name=""SubjectDomainName"">KUSTOWORKS</Data>
  <Data Name=""SubjectLogonId"">0x3aeb8e</Data>
  <Data Name=""DSName"">kustoworks.com</Data>
  <Data Name=""DSType"">%%14676</Data>
  <Data Name=""ObjectDN"">CN={31B2F340-016D-11D2-945F-00C04FB984F9},CN=POLICIES,CN=SYSTEM,DC=KUSTOWORKS,DC=COM</Data>
  <Data Name=""ObjectGUID"">{931811e8-2552-43d8-9119-638de8b70752}</Data>
  <Data Name=""ObjectClass"">groupPolicyContainer</Data>
  <Data Name=""AttributeLDAPDisplayName"">gPCMachineExtensionNames</Data>
  <Data Name=""AttributeSyntaxOID"">2.5.5.12</Data>
  <Data Name=""AttributeValue"">[{35378EAC-683F-11D2-A89A-00C04FBBCFA2}{53D6AB1B-2488-11D1-A28C-00C04FB94F17}][{827D319E-6EAC-11D2-A4EA-00C04F79F83A}{803E14A0-B4FB-11D0-A0D0-00A0C90F574B}][{B1BE8D72-6EAC-11D2-A4EA-00C04F79F83A}{53D6AB1B-2488-11D1-A28C-00C04FB94F17}]</Data>
  <Data Name=""OperationType"">%%14675</Data>
</EventData>",5136,"5136 - A directory service object was modified.","cc046e6c-795c-47b2-a5ae-c9a0645e6d32","cc046e6c-795c-47b2-a5ae-c9a0645e6d33","00000000-0000-0000-0000-000000000001","4/20/2023, 6:33:36.138 PM","AOI-00000000-0000-0000-0000-000000000000",,,,,,,,,,,,,,,,,,,,,,,,,,,,,,,,,,,,,,,,,,,,,,,,,,,,,,,,,,,,,,,,,,,,,,,,,,,,,,,,,,,,,,,,,,,,,,,,,,,,,,,,,,,,,,,,,,,,"%%14675",,,,,,,,,,,,,,,,,,,,,,,,,,,,,,,,,,,,,,,,,,,"KUSTOWORKS\Administrator",,,,KUSTOWORKS,,0x3aeb8e,,,Administrator,"S-1-5-21-2496762881-1366215883-1809657155-500",,,,,,,,,,,,,,,,,,,,,,,,,,,,,,,,,,,,,SecurityEvent,"/subscriptions/00000000-0000-0000-0000-000000000000/resourcegroups/kustoworksarc/providers/microsoft.hybridcompute/machines/dc1"
"00000000-0000-0000-0000-000000000000","4/20/2023, 6:33:00.979 PM",OpsManager,"KUSTOWORKS\Administrator",User,"DC1.kustoworks.com","Microsoft-Windows-Security-Auditing",Security,1,0,"<EventData xmlns=""http://schemas.microsoft.com/win/2004/08/events/event"">
  <Data Name=""OpCorrelationID"">{83d50005-220e-4408-adb3-ecf68a7dd30b}</Data>
  <Data Name=""AppCorrelationID"">-</Data>
  <Data Name=""SubjectUserSid"">S-1-5-21-2496762881-1366215883-1809657155-500</Data>
  <Data Name=""SubjectUserName"">Administrator</Data>
  <Data Name=""SubjectDomainName"">KUSTOWORKS</Data>
  <Data Name=""SubjectLogonId"">0x3aeb8e</Data>
  <Data Name=""DSName"">kustoworks.com</Data>
  <Data Name=""DSType"">%%14676</Data>
  <Data Name=""ObjectDN"">CN={31B2F340-016D-11D2-945F-00C04FB984F9},CN=POLICIES,CN=SYSTEM,DC=KUSTOWORKS,DC=COM</Data>
  <Data Name=""ObjectGUID"">{931811e8-2552-43d8-9119-638de8b70752}</Data>
  <Data Name=""ObjectClass"">groupPolicyContainer</Data>
  <Data Name=""AttributeLDAPDisplayName"">gPCMachineExtensionNames</Data>
  <Data Name=""AttributeSyntaxOID"">2.5.5.12</Data>
  <Data Name=""AttributeValue"">[{35378EAC-683F-11D2-A89A-00C04FBBCFA2}{53D6AB1B-2488-11D1-A28C-00C04FB94F17}{D02B1F72-3407-48AE-BA88-E8213C6761F1}][{827D319E-6EAC-11D2-A4EA-00C04F79F83A}{803E14A0-B4FB-11D0-A0D0-00A0C90F574B}][{B1BE8D72-6EAC-11D2-A4EA-00C04F79F83A}{53D6AB1B-2488-11D1-A28C-00C04FB94F17}]</Data>
  <Data Name=""OperationType"">%%14674</Data>
</EventData>",5136,"5136 - A directory service object was modified.","cc046e6c-795c-47b2-a5ae-c9a0645e6d32","cc046e6c-795c-47b2-a5ae-c9a0645e6d33","00000000-0000-0000-0000-000000000001","4/20/2023, 6:33:36.138 PM","AOI-00000000-0000-0000-0000-000000000000",,,,,,,,,,,,,,,,,,,,,,,,,,,,,,,,,,,,,,,,,,,,,,,,,,,,,,,,,,,,,,,,,,,,,,,,,,,,,,,,,,,,,,,,,,,,,,,,,,,,,,,,,,,,,,,,,,,,"%%14674",,,,,,,,,,,,,,,,,,,,,,,,,,,,,,,,,,,,,,,,,,,"KUSTOWORKS\Administrator",,,,KUSTOWORKS,,0x3aeb8e,,,Administrator,"S-1-5-21-2496762881-1366215883-1809657155-500",,,,,,,,,,,,,,,,,,,,,,,,,,,,,,,,,,,,,SecurityEvent,"/subscriptions/00000000-0000-0000-0000-000000000000/resourcegroups/kustoworksarc/providers/microsoft.hybridcompute/machines/dc1"
