"46bec743-35fa-4608-b7e2-2aa3c38a97c2",OpsManager,"11/17/2023, 5:31:33.332 PM","Microsoft-Windows-Sysmon","Microsoft-Windows-Sysmon/Operational",WindowsEventLog,22,4,Information,"NT AUTHORITY\SYSTEM",,"<Param>-</Param><Param>2023-11-17 12:01:32.238</Param><Param>{8CAD0A01-561C-6557-4505-000000000E00}</Param><Param>5164</Param><Param>WindowsEventLog</Param><Param>0</Param><Param>fe80::8b:3451:f5ff:fffb;2001:0:34f1:8072:8b:3451:f5ff:fffb;fe80::d024:56ce:c156:9dae;::ffff:10.0.0.4;</Param><Param>C:\Windows\system32\wbem\wmiprvse.exe</Param><Param>NT AUTHORITY\NETWORK SERVICE</Param>","<DataItem type=""System.XmlData"" time=""2023-11-17T17:31:33.3322236+05:30"" sourceHealthServiceId=""F57C2BCF-DE2B-DA7F-FD91-0649DF501A73""><EventData xmlns=""http://schemas.microsoft.com/win/2004/08/events/event""><Data Name=""RuleName"">-</Data><Data Name=""UtcTime"">2023-11-17 12:01:32.238</Data><Data Name=""ProcessGuid"">{8CAD0A01-561C-6557-4505-000000000E00}</Data><Data Name=""ProcessId"">5164</Data><Data Name=""QueryName"">WindowsEventLog</Data><Data Name=""QueryStatus"">0</Data><Data Name=""QueryResults"">fe80::8b:3451:f5ff:fffb;2001:0:34f1:8072:8b:3451:f5ff:fffb;fe80::d024:56ce:c156:9dae;::ffff:10.0.0.4;</Data><Data Name=""Image"">C:\Windows\system32\wbem\wmiprvse.exe</Data><Data Name=""User"">NT AUTHORITY\NETWORK SERVICE</Data></EventData></DataItem>",22,"Dns query: RuleName: - UtcTime: 2023-11-17 12:01:32.238 ProcessGuid: {8CAD0A01-561C-6557-4505-000000000E00} ProcessId: 5164 QueryName: WindowsEventLog QueryStatus: 0 QueryResults: fe80::8b:3451:f5ff:fffb;2001:0:34f1:8072:8b:3451:f5ff:fffb;fe80::d024:56ce:c156:9dae;::ffff:10.0.0.4; Image: C:\Windows\system32\wbem\wmiprvse.exe User: NT AUTHORITY\NETWORK SERVICE ","00000000-0000-0000-0000-000000000001","AOI-46bec743-35fa-4608-b7e2-2aa3c38a97c2",,,Event,"0e5f939d-8541-11ee-8bc4-0022486eaba7","/subscriptions/4383ac89-7cd1-48c1-8061-b0b3c5ccfd97/resourcegroups/varunlab-rg/providers/microsoft.compute/virtualmachines/windowseventlogs","4383ac89-7cd1-48c1-8061-b0b3c5ccfd97"
"46bec743-35fa-4608-b7e2-2aa3c38a97c2",OpsManager,"11/17/2023, 6:31:55.578 PM","Microsoft-Windows-Sysmon","Microsoft-Windows-Sysmon/Operational",WindowsEventLog,22,4,Information,"NT AUTHORITY\SYSTEM",,"<Param>-</Param><Param>2023-11-17 13:01:54.477</Param><Param>{8CAD0A01-643B-6557-D705-000000000E00}</Param><Param>4756</Param><Param>WindowsEventLog</Param><Param>0</Param><Param>fe80::8b:3451:f5ff:fffb;2001:0:34f1:8072:8b:3451:f5ff:fffb;fe80::d024:56ce:c156:9dae;::ffff:10.0.0.4;</Param><Param>C:\Windows\System32\wbem\WmiPrvSE.exe</Param><Param>NT AUTHORITY\NETWORK SERVICE</Param>","<DataItem type=""System.XmlData"" time=""2023-11-17T18:31:55.5789994+05:30"" sourceHealthServiceId=""F57C2BCF-DE2B-DA7F-FD91-0649DF501A73""><EventData xmlns=""http://schemas.microsoft.com/win/2004/08/events/event""><Data Name=""RuleName"">-</Data><Data Name=""UtcTime"">2023-11-17 13:01:54.477</Data><Data Name=""ProcessGuid"">{8CAD0A01-643B-6557-D705-000000000E00}</Data><Data Name=""ProcessId"">4756</Data><Data Name=""QueryName"">WindowsEventLog</Data><Data Name=""QueryStatus"">0</Data><Data Name=""QueryResults"">fe80::8b:3451:f5ff:fffb;2001:0:34f1:8072:8b:3451:f5ff:fffb;fe80::d024:56ce:c156:9dae;::ffff:10.0.0.4;</Data><Data Name=""Image"">C:\Windows\System32\wbem\WmiPrvSE.exe</Data><Data Name=""User"">NT AUTHORITY\NETWORK SERVICE</Data></EventData></DataItem>",22,"Dns query: RuleName: - UtcTime: 2023-11-17 13:01:54.477 ProcessGuid: {8CAD0A01-643B-6557-D705-000000000E00} ProcessId: 4756 QueryName: WindowsEventLog QueryStatus: 0 QueryResults: fe80::8b:3451:f5ff:fffb;2001:0:34f1:8072:8b:3451:f5ff:fffb;fe80::d024:56ce:c156:9dae;::ffff:10.0.0.4; Image: C:\Windows\System32\wbem\WmiPrvSE.exe User: NT AUTHORITY\NETWORK SERVICE ","00000000-0000-0000-0000-000000000001","AOI-46bec743-35fa-4608-b7e2-2aa3c38a97c2",,,Event,"7d57a4af-8549-11ee-8bc4-0022486ec82f","/subscriptions/4383ac89-7cd1-48c1-8061-b0b3c5ccfd97/resourcegroups/varunlab-rg/providers/microsoft.compute/virtualmachines/windowseventlogs","4383ac89-7cd1-48c1-8061-b0b3c5ccfd97"
"46bec743-35fa-4608-b7e2-2aa3c38a97c2",OpsManager,"11/17/2023, 5:31:40.153 PM","Microsoft-Windows-Sysmon","Microsoft-Windows-Sysmon/Operational",WindowsEventLog,22,4,Information,"NT AUTHORITY\SYSTEM",,"<Param>-</Param><Param>2023-11-17 12:01:39.050</Param><Param>{8CAD0A01-561C-6557-4505-000000000E00}</Param><Param>5164</Param><Param>WindowsEventLog</Param><Param>0</Param><Param>fe80::8b:3451:f5ff:fffb;2001:0:34f1:8072:8b:3451:f5ff:fffb;fe80::d024:56ce:c156:9dae;::ffff:10.0.0.4;</Param><Param>C:\Windows\System32\wbem\WmiPrvSE.exe</Param><Param>NT AUTHORITY\NETWORK SERVICE</Param>","<DataItem type=""System.XmlData"" time=""2023-11-17T17:31:40.1530188+05:30"" sourceHealthServiceId=""F57C2BCF-DE2B-DA7F-FD91-0649DF501A73""><EventData xmlns=""http://schemas.microsoft.com/win/2004/08/events/event""><Data Name=""RuleName"">-</Data><Data Name=""UtcTime"">2023-11-17 12:01:39.050</Data><Data Name=""ProcessGuid"">{8CAD0A01-561C-6557-4505-000000000E00}</Data><Data Name=""ProcessId"">5164</Data><Data Name=""QueryName"">WindowsEventLog</Data><Data Name=""QueryStatus"">0</Data><Data Name=""QueryResults"">fe80::8b:3451:f5ff:fffb;2001:0:34f1:8072:8b:3451:f5ff:fffb;fe80::d024:56ce:c156:9dae;::ffff:10.0.0.4;</Data><Data Name=""Image"">C:\Windows\System32\wbem\WmiPrvSE.exe</Data><Data Name=""User"">NT AUTHORITY\NETWORK SERVICE</Data></EventData></DataItem>",22,"Dns query: RuleName: - UtcTime: 2023-11-17 12:01:39.050 ProcessGuid: {8CAD0A01-561C-6557-4505-000000000E00} ProcessId: 5164 QueryName: WindowsEventLog QueryStatus: 0 QueryResults: fe80::8b:3451:f5ff:fffb;2001:0:34f1:8072:8b:3451:f5ff:fffb;fe80::d024:56ce:c156:9dae;::ffff:10.0.0.4; Image: C:\Windows\System32\wbem\WmiPrvSE.exe User: NT AUTHORITY\NETWORK SERVICE ","00000000-0000-0000-0000-000000000001","AOI-46bec743-35fa-4608-b7e2-2aa3c38a97c2",,,Event,"1285682a-8541-11ee-8bc4-000d3af06267","/subscriptions/4383ac89-7cd1-48c1-8061-b0b3c5ccfd97/resourcegroups/varunlab-rg/providers/microsoft.compute/virtualmachines/windowseventlogs","4383ac89-7cd1-48c1-8061-b0b3c5ccfd97"
"46bec743-35fa-4608-b7e2-2aa3c38a97c2",OpsManager,"11/24/2023, 1:48:40.430 PM","Microsoft-Windows-Sysmon","Microsoft-Windows-Sysmon/Operational",WindowsEventLog,22,4,Information,"NT AUTHORITY\SYSTEM",,"<Param>-</Param><Param>2023-11-24 08:18:39.110</Param><Param>{8CAD0A01-5C5F-6560-FD00-000000001000}</Param><Param>4888</Param><Param>WindowsEventLog</Param><Param>0</Param><Param>fe80::3e:32d1:f5ff:fffb;2001:0:34f1:8072:3e:32d1:f5ff:fffb;fe80::d024:56ce:c156:9dae;::ffff:10.0.0.4;</Param><Param>C:\Windows\System32\PING.EXE</Param><Param>NT AUTHORITY\SYSTEM</Param>","<DataItem type=""System.XmlData"" time=""2023-11-24T13:48:40.4305195+05:30"" sourceHealthServiceId=""F57C2BCF-DE2B-DA7F-FD91-0649DF501A73""><EventData xmlns=""http://schemas.microsoft.com/win/2004/08/events/event""><Data Name=""RuleName"">-</Data><Data Name=""UtcTime"">2023-11-24 08:18:39.110</Data><Data Name=""ProcessGuid"">{8CAD0A01-5C5F-6560-FD00-000000001000}</Data><Data Name=""ProcessId"">4888</Data><Data Name=""QueryName"">WindowsEventLog</Data><Data Name=""QueryStatus"">0</Data><Data Name=""QueryResults"">fe80::3e:32d1:f5ff:fffb;2001:0:34f1:8072:3e:32d1:f5ff:fffb;fe80::d024:56ce:c156:9dae;::ffff:10.0.0.4;</Data><Data Name=""Image"">C:\Windows\System32\PING.EXE</Data><Data Name=""User"">NT AUTHORITY\SYSTEM</Data></EventData></DataItem>",22,"Dns query: RuleName: - UtcTime: 2023-11-24 08:18:39.110 ProcessGuid: {8CAD0A01-5C5F-6560-FD00-000000001000} ProcessId: 4888 QueryName: WindowsEventLog QueryStatus: 0 QueryResults: fe80::3e:32d1:f5ff:fffb;2001:0:34f1:8072:3e:32d1:f5ff:fffb;fe80::d024:56ce:c156:9dae;::ffff:10.0.0.4; Image: C:\Windows\System32\PING.EXE User: NT AUTHORITY\SYSTEM ","00000000-0000-0000-0000-000000000001","AOI-46bec743-35fa-4608-b7e2-2aa3c38a97c2",,,Event,"1391c6e7-8aa2-11ee-8bc4-0022486ea2b9","/subscriptions/4383ac89-7cd1-48c1-8061-b0b3c5ccfd97/resourcegroups/varunlab-rg/providers/microsoft.compute/virtualmachines/windowseventlogs","4383ac89-7cd1-48c1-8061-b0b3c5ccfd97"
"46bec743-35fa-4608-b7e2-2aa3c38a97c2",OpsManager,"11/24/2023, 12:55:40.770 PM","Microsoft-Windows-Sysmon","Microsoft-Windows-Sysmon/Operational",WindowsEventLog,22,4,Information,"NT AUTHORITY\SYSTEM","LCID;1033	Locale;ENU	Message;Dns query:%nRuleName: %1!s!%nUtcTime: %2!s!%nProcessGuid: %3!s!%nProcessId: %4!s!%nQueryName: %5!s!%nQueryStatus: %6!s!%nQueryResults: %7!s!%nImage: %8!s!%nUser: %9!s! 	","<Param>-</Param><Param>2023-11-24 07:25:40.360</Param><Param>{8CAD0A01-4FEE-6560-1A00-000000000F00}</Param><Param>1856</Param><Param>WindowsEventLog</Param><Param>0</Param><Param>fe80::d024:56ce:c156:9dae;::ffff:10.0.0.4;</Param><Param>C:\Windows\System32\spoolsv.exe</Param><Param>NT AUTHORITY\SYSTEM</Param>","<DataItem type=""System.XmlData"" time=""2023-11-24T12:55:40.7700847+05:30"" sourceHealthServiceId=""F57C2BCF-DE2B-DA7F-FD91-0649DF501A73""><EventData xmlns=""http://schemas.microsoft.com/win/2004/08/events/event""><Data Name=""RuleName"">-</Data><Data Name=""UtcTime"">2023-11-24 07:25:40.360</Data><Data Name=""ProcessGuid"">{8CAD0A01-4FEE-6560-1A00-000000000F00}</Data><Data Name=""ProcessId"">1856</Data><Data Name=""QueryName"">WindowsEventLog</Data><Data Name=""QueryStatus"">0</Data><Data Name=""QueryResults"">fe80::d024:56ce:c156:9dae;::ffff:10.0.0.4;</Data><Data Name=""Image"">C:\Windows\System32\spoolsv.exe</Data><Data Name=""User"">NT AUTHORITY\SYSTEM</Data></EventData></DataItem>",22,"Dns query: RuleName: - UtcTime: 2023-11-24 07:25:40.360 ProcessGuid: {8CAD0A01-4FEE-6560-1A00-000000000F00} ProcessId: 1856 QueryName: WindowsEventLog QueryStatus: 0 QueryResults: fe80::d024:56ce:c156:9dae;::ffff:10.0.0.4; Image: C:\Windows\System32\spoolsv.exe User: NT AUTHORITY\SYSTEM ","00000000-0000-0000-0000-000000000001","AOI-46bec743-35fa-4608-b7e2-2aa3c38a97c2",,,Event,"b687a21b-8a9a-11ee-8bc4-000d3af06161","/subscriptions/4383ac89-7cd1-48c1-8061-b0b3c5ccfd97/resourcegroups/varunlab-rg/providers/microsoft.compute/virtualmachines/windowseventlogs","4383ac89-7cd1-48c1-8061-b0b3c5ccfd97"
"46bec743-35fa-4608-b7e2-2aa3c38a97c2",OpsManager,"11/24/2023, 12:55:52.759 PM","Microsoft-Windows-Sysmon","Microsoft-Windows-Sysmon/Operational",WindowsEventLog,22,4,Information,"NT AUTHORITY\SYSTEM",,"<Param>-</Param><Param>2023-11-24 07:25:50.713</Param><Param>{8CAD0A01-4FEE-6560-1E00-000000000F00}</Param><Param>1984</Param><Param>_ldap._tcp.dc._msdcs..</Param><Param>123</Param><Param>-</Param><Param>C:\WindowsAzure\GuestAgent_2.7.41491.1095_2023-10-16_051251\WaAppAgent.exe</Param><Param>NT AUTHORITY\SYSTEM</Param>","<DataItem type=""System.XmlData"" time=""2023-11-24T12:55:52.7599054+05:30"" sourceHealthServiceId=""F57C2BCF-DE2B-DA7F-FD91-0649DF501A73""><EventData xmlns=""http://schemas.microsoft.com/win/2004/08/events/event""><Data Name=""RuleName"">-</Data><Data Name=""UtcTime"">2023-11-24 07:25:50.713</Data><Data Name=""ProcessGuid"">{8CAD0A01-4FEE-6560-1E00-000000000F00}</Data><Data Name=""ProcessId"">1984</Data><Data Name=""QueryName"">_ldap._tcp.dc._msdcs..</Data><Data Name=""QueryStatus"">123</Data><Data Name=""QueryResults"">-</Data><Data Name=""Image"">C:\WindowsAzure\GuestAgent_2.7.41491.1095_2023-10-16_051251\WaAppAgent.exe</Data><Data Name=""User"">NT AUTHORITY\SYSTEM</Data></EventData></DataItem>",22,"Dns query: RuleName: - UtcTime: 2023-11-24 07:25:50.713 ProcessGuid: {8CAD0A01-4FEE-6560-1E00-000000000F00} ProcessId: 1984 QueryName: _ldap._tcp.dc._msdcs.. QueryStatus: 123 QueryResults: - Image: C:\WindowsAzure\GuestAgent_2.7.41491.1095_2023-10-16_051251\WaAppAgent.exe User: NT AUTHORITY\SYSTEM ","00000000-0000-0000-0000-000000000001","AOI-46bec743-35fa-4608-b7e2-2aa3c38a97c2",,,Event,"b674d46f-8a9a-11ee-8bc4-000d3af072be","/subscriptions/4383ac89-7cd1-48c1-8061-b0b3c5ccfd97/resourcegroups/varunlab-rg/providers/microsoft.compute/virtualmachines/windowseventlogs","4383ac89-7cd1-48c1-8061-b0b3c5ccfd97"
"46bec743-35fa-4608-b7e2-2aa3c38a97c2",OpsManager,"11/24/2023, 12:56:07.516 PM","Microsoft-Windows-Sysmon","Microsoft-Windows-Sysmon/Operational",WindowsEventLog,22,4,Information,"NT AUTHORITY\SYSTEM",,"<Param>-</Param><Param>2023-11-24 07:26:05.489</Param><Param>{8CAD0A01-500D-6560-8600-000000000F00}</Param><Param>3324</Param><Param>_ldap._tcp.dc._msdcs.WORKGROUP</Param><Param>9003</Param><Param>-</Param><Param>C:\Windows\System32\SppExtComObj.Exe</Param><Param>NT AUTHORITY\NETWORK SERVICE</Param>","<DataItem type=""System.XmlData"" time=""2023-11-24T12:56:07.5160042+05:30"" sourceHealthServiceId=""F57C2BCF-DE2B-DA7F-FD91-0649DF501A73""><EventData xmlns=""http://schemas.microsoft.com/win/2004/08/events/event""><Data Name=""RuleName"">-</Data><Data Name=""UtcTime"">2023-11-24 07:26:05.489</Data><Data Name=""ProcessGuid"">{8CAD0A01-500D-6560-8600-000000000F00}</Data><Data Name=""ProcessId"">3324</Data><Data Name=""QueryName"">_ldap._tcp.dc._msdcs.WORKGROUP</Data><Data Name=""QueryStatus"">9003</Data><Data Name=""QueryResults"">-</Data><Data Name=""Image"">C:\Windows\System32\SppExtComObj.Exe</Data><Data Name=""User"">NT AUTHORITY\NETWORK SERVICE</Data></EventData></DataItem>",22,"Dns query: RuleName: - UtcTime: 2023-11-24 07:26:05.489 ProcessGuid: {8CAD0A01-500D-6560-8600-000000000F00} ProcessId: 3324 QueryName: _ldap._tcp.dc._msdcs.WORKGROUP QueryStatus: 9003 QueryResults: - Image: C:\Windows\System32\SppExtComObj.Exe User: NT AUTHORITY\NETWORK SERVICE ","00000000-0000-0000-0000-000000000001","AOI-46bec743-35fa-4608-b7e2-2aa3c38a97c2",,,Event,"bc8f18a5-8a9a-11ee-8bc4-6045bd72ea3e","/subscriptions/4383ac89-7cd1-48c1-8061-b0b3c5ccfd97/resourcegroups/varunlab-rg/providers/microsoft.compute/virtualmachines/windowseventlogs","4383ac89-7cd1-48c1-8061-b0b3c5ccfd97"
"46bec743-35fa-4608-b7e2-2aa3c38a97c2",OpsManager,"11/24/2023, 12:56:09.828 PM","Microsoft-Windows-Sysmon","Microsoft-Windows-Sysmon/Operational",WindowsEventLog,22,4,Information,"NT AUTHORITY\SYSTEM",,"<Param>-</Param><Param>2023-11-24 07:26:07.823</Param><Param>{8CAD0A01-500D-6560-8600-000000000F00}</Param><Param>3324</Param><Param>azkms.core.windows.net</Param><Param>0</Param><Param>type:  5 cps-accqwtr64onoo-tm.trafficmanager.net;type:  5 cps-kms.southcentralus.cloudapp.azure.com;::ffff:20.118.99.224;</Param><Param>C:\Windows\System32\SppExtComObj.Exe</Param><Param>NT AUTHORITY\NETWORK SERVICE</Param>","<DataItem type=""System.XmlData"" time=""2023-11-24T12:56:09.8289536+05:30"" sourceHealthServiceId=""F57C2BCF-DE2B-DA7F-FD91-0649DF501A73""><EventData xmlns=""http://schemas.microsoft.com/win/2004/08/events/event""><Data Name=""RuleName"">-</Data><Data Name=""UtcTime"">2023-11-24 07:26:07.823</Data><Data Name=""ProcessGuid"">{8CAD0A01-500D-6560-8600-000000000F00}</Data><Data Name=""ProcessId"">3324</Data><Data Name=""QueryName"">azkms.core.windows.net</Data><Data Name=""QueryStatus"">0</Data><Data Name=""QueryResults"">type:  5 cps-accqwtr64onoo-tm.trafficmanager.net;type:  5 cps-kms.southcentralus.cloudapp.azure.com;::ffff:20.118.99.224;</Data><Data Name=""Image"">C:\Windows\System32\SppExtComObj.Exe</Data><Data Name=""User"">NT AUTHORITY\NETWORK SERVICE</Data></EventData></DataItem>",22,"Dns query: RuleName: - UtcTime: 2023-11-24 07:26:07.823 ProcessGuid: {8CAD0A01-500D-6560-8600-000000000F00} ProcessId: 3324 QueryName: azkms.core.windows.net QueryStatus: 0 QueryResults: type:  5 cps-accqwtr64onoo-tm.trafficmanager.net;type:  5 cps-kms.southcentralus.cloudapp.azure.com;::ffff:20.118.99.224; Image: C:\Windows\System32\SppExtComObj.Exe User: NT AUTHORITY\NETWORK SERVICE ","00000000-0000-0000-0000-000000000001","AOI-46bec743-35fa-4608-b7e2-2aa3c38a97c2",,,Event,"bd605bbb-8a9a-11ee-8bc4-000d3af06de7","/subscriptions/4383ac89-7cd1-48c1-8061-b0b3c5ccfd97/resourcegroups/varunlab-rg/providers/microsoft.compute/virtualmachines/windowseventlogs","4383ac89-7cd1-48c1-8061-b0b3c5ccfd97"
"46bec743-35fa-4608-b7e2-2aa3c38a97c2",OpsManager,"11/27/2023, 12:55:00.699 PM","Microsoft-Windows-Sysmon","Microsoft-Windows-Sysmon/Operational",WindowsEventLog,22,4,Information,"NT AUTHORITY\SYSTEM","LCID;1033	Locale;ENU	Message;Dns query:%nRuleName: %1!s!%nUtcTime: %2!s!%nProcessGuid: %3!s!%nProcessId: %4!s!%nQueryName: %5!s!%nQueryStatus: %6!s!%nQueryResults: %7!s!%nImage: %8!s!%nUser: %9!s! 	","<Param>-</Param><Param>2023-11-27 07:24:59.487</Param><Param>{8CAD0A01-4444-6564-1000-000000001300}</Param><Param>932</Param><Param>win10.ipv6.microsoft.com.</Param><Param>0</Param><Param>type:  5 onpremwindows.ipv6.microsoft.com.akadns.net;type:  5 trdovmsswestus.ipv6.microsoft.com.akadns.net;52.241.128.114;</Param><Param>C:\Windows\System32\svchost.exe</Param><Param>NT AUTHORITY\SYSTEM</Param>","<DataItem type=""System.XmlData"" time=""2023-11-27T12:55:00.6992083+05:30"" sourceHealthServiceId=""F57C2BCF-DE2B-DA7F-FD91-0649DF501A73""><EventData xmlns=""http://schemas.microsoft.com/win/2004/08/events/event""><Data Name=""RuleName"">-</Data><Data Name=""UtcTime"">2023-11-27 07:24:59.487</Data><Data Name=""ProcessGuid"">{8CAD0A01-4444-6564-1000-000000001300}</Data><Data Name=""ProcessId"">932</Data><Data Name=""QueryName"">win10.ipv6.microsoft.com.</Data><Data Name=""QueryStatus"">0</Data><Data Name=""QueryResults"">type:  5 onpremwindows.ipv6.microsoft.com.akadns.net;type:  5 trdovmsswestus.ipv6.microsoft.com.akadns.net;52.241.128.114;</Data><Data Name=""Image"">C:\Windows\System32\svchost.exe</Data><Data Name=""User"">NT AUTHORITY\SYSTEM</Data></EventData></DataItem>",22,"Dns query: RuleName: - UtcTime: 2023-11-27 07:24:59.487 ProcessGuid: {8CAD0A01-4444-6564-1000-000000001300} ProcessId: 932 QueryName: win10.ipv6.microsoft.com. QueryStatus: 0 QueryResults: type:  5 onpremwindows.ipv6.microsoft.com.akadns.net;type:  5 trdovmsswestus.ipv6.microsoft.com.akadns.net;52.241.128.114; Image: C:\Windows\System32\svchost.exe User: NT AUTHORITY\SYSTEM ","00000000-0000-0000-0000-000000000001","AOI-46bec743-35fa-4608-b7e2-2aa3c38a97c2",,,Event,"1c761149-8cf6-11ee-8bc4-000d3af06de7","/subscriptions/4383ac89-7cd1-48c1-8061-b0b3c5ccfd97/resourcegroups/varunlab-rg/providers/microsoft.compute/virtualmachines/windowseventlogs","4383ac89-7cd1-48c1-8061-b0b3c5ccfd97"
"46bec743-35fa-4608-b7e2-2aa3c38a97c2",OpsManager,"11/27/2023, 12:55:01.758 PM","Microsoft-Windows-Sysmon","Microsoft-Windows-Sysmon/Operational",WindowsEventLog,22,4,Information,"NT AUTHORITY\SYSTEM",,"<Param>-</Param><Param>2023-11-27 07:25:00.974</Param><Param>{8CAD0A01-4445-6564-1600-000000001300}</Param><Param>1108</Param><Param>wpad</Param><Param>9003</Param><Param>-</Param><Param>C:\Windows\System32\svchost.exe</Param><Param>NT AUTHORITY\LOCAL SERVICE</Param>","<DataItem type=""System.XmlData"" time=""2023-11-27T12:55:01.7586086+05:30"" sourceHealthServiceId=""F57C2BCF-DE2B-DA7F-FD91-0649DF501A73""><EventData xmlns=""http://schemas.microsoft.com/win/2004/08/events/event""><Data Name=""RuleName"">-</Data><Data Name=""UtcTime"">2023-11-27 07:25:00.974</Data><Data Name=""ProcessGuid"">{8CAD0A01-4445-6564-1600-000000001300}</Data><Data Name=""ProcessId"">1108</Data><Data Name=""QueryName"">wpad</Data><Data Name=""QueryStatus"">9003</Data><Data Name=""QueryResults"">-</Data><Data Name=""Image"">C:\Windows\System32\svchost.exe</Data><Data Name=""User"">NT AUTHORITY\LOCAL SERVICE</Data></EventData></DataItem>",22,"Dns query: RuleName: - UtcTime: 2023-11-27 07:25:00.974 ProcessGuid: {8CAD0A01-4445-6564-1600-000000001300} ProcessId: 1108 QueryName: wpad QueryStatus: 9003 QueryResults: - Image: C:\Windows\System32\svchost.exe User: NT AUTHORITY\LOCAL SERVICE ","00000000-0000-0000-0000-000000000001","AOI-46bec743-35fa-4608-b7e2-2aa3c38a97c2",,,Event,"1c7611a7-8cf6-11ee-8bc4-000d3af06de7","/subscriptions/4383ac89-7cd1-48c1-8061-b0b3c5ccfd97/resourcegroups/varunlab-rg/providers/microsoft.compute/virtualmachines/windowseventlogs","4383ac89-7cd1-48c1-8061-b0b3c5ccfd97"
"46bec743-35fa-4608-b7e2-2aa3c38a97c2",OpsManager,"11/27/2023, 12:55:02.865 PM","Microsoft-Windows-Sysmon","Microsoft-Windows-Sysmon/Operational",WindowsEventLog,22,4,Information,"NT AUTHORITY\SYSTEM",,"<Param>-</Param><Param>2023-11-27 07:25:01.387</Param><Param>{8CAD0A01-4446-6564-1A00-000000001300}</Param><Param>1844</Param><Param>WindowsEventLog</Param><Param>0</Param><Param>fe80::3888:722:f5ff:fffb;2001:0:34f1:8072:3888:722:f5ff:fffb;fe80::d024:56ce:c156:9dae;::ffff:10.0.0.4;</Param><Param>C:\Windows\System32\spoolsv.exe</Param><Param>NT AUTHORITY\SYSTEM</Param>","<DataItem type=""System.XmlData"" time=""2023-11-27T12:55:02.8651622+05:30"" sourceHealthServiceId=""F57C2BCF-DE2B-DA7F-FD91-0649DF501A73""><EventData xmlns=""http://schemas.microsoft.com/win/2004/08/events/event""><Data Name=""RuleName"">-</Data><Data Name=""UtcTime"">2023-11-27 07:25:01.387</Data><Data Name=""ProcessGuid"">{8CAD0A01-4446-6564-1A00-000000001300}</Data><Data Name=""ProcessId"">1844</Data><Data Name=""QueryName"">WindowsEventLog</Data><Data Name=""QueryStatus"">0</Data><Data Name=""QueryResults"">fe80::3888:722:f5ff:fffb;2001:0:34f1:8072:3888:722:f5ff:fffb;fe80::d024:56ce:c156:9dae;::ffff:10.0.0.4;</Data><Data Name=""Image"">C:\Windows\System32\spoolsv.exe</Data><Data Name=""User"">NT AUTHORITY\SYSTEM</Data></EventData></DataItem>",22,"Dns query: RuleName: - UtcTime: 2023-11-27 07:25:01.387 ProcessGuid: {8CAD0A01-4446-6564-1A00-000000001300} ProcessId: 1844 QueryName: WindowsEventLog QueryStatus: 0 QueryResults: fe80::3888:722:f5ff:fffb;2001:0:34f1:8072:3888:722:f5ff:fffb;fe80::d024:56ce:c156:9dae;::ffff:10.0.0.4; Image: C:\Windows\System32\spoolsv.exe User: NT AUTHORITY\SYSTEM ","00000000-0000-0000-0000-000000000001","AOI-46bec743-35fa-4608-b7e2-2aa3c38a97c2",,,Event,"1c7611b2-8cf6-11ee-8bc4-000d3af06de7","/subscriptions/4383ac89-7cd1-48c1-8061-b0b3c5ccfd97/resourcegroups/varunlab-rg/providers/microsoft.compute/virtualmachines/windowseventlogs","4383ac89-7cd1-48c1-8061-b0b3c5ccfd97"
"46bec743-35fa-4608-b7e2-2aa3c38a97c2",OpsManager,"11/27/2023, 12:55:02.865 PM","Microsoft-Windows-Sysmon","Microsoft-Windows-Sysmon/Operational",WindowsEventLog,22,4,Information,"NT AUTHORITY\SYSTEM",,"<Param>-</Param><Param>2023-11-27 07:25:01.792</Param><Param>{8CAD0A01-4446-6564-1700-000000001300}</Param><Param>1308</Param><Param>WindowsEventLog</Param><Param>1460</Param><Param>-</Param><Param>C:\Windows\System32\svchost.exe</Param><Param>NT AUTHORITY\NETWORK SERVICE</Param>","<DataItem type=""System.XmlData"" time=""2023-11-27T12:55:02.8651942+05:30"" sourceHealthServiceId=""F57C2BCF-DE2B-DA7F-FD91-0649DF501A73""><EventData xmlns=""http://schemas.microsoft.com/win/2004/08/events/event""><Data Name=""RuleName"">-</Data><Data Name=""UtcTime"">2023-11-27 07:25:01.792</Data><Data Name=""ProcessGuid"">{8CAD0A01-4446-6564-1700-000000001300}</Data><Data Name=""ProcessId"">1308</Data><Data Name=""QueryName"">WindowsEventLog</Data><Data Name=""QueryStatus"">1460</Data><Data Name=""QueryResults"">-</Data><Data Name=""Image"">C:\Windows\System32\svchost.exe</Data><Data Name=""User"">NT AUTHORITY\NETWORK SERVICE</Data></EventData></DataItem>",22,"Dns query: RuleName: - UtcTime: 2023-11-27 07:25:01.792 ProcessGuid: {8CAD0A01-4446-6564-1700-000000001300} ProcessId: 1308 QueryName: WindowsEventLog QueryStatus: 1460 QueryResults: - Image: C:\Windows\System32\svchost.exe User: NT AUTHORITY\NETWORK SERVICE ","00000000-0000-0000-0000-000000000001","AOI-46bec743-35fa-4608-b7e2-2aa3c38a97c2",,,Event,"1c7611b3-8cf6-11ee-8bc4-000d3af06de7","/subscriptions/4383ac89-7cd1-48c1-8061-b0b3c5ccfd97/resourcegroups/varunlab-rg/providers/microsoft.compute/virtualmachines/windowseventlogs","4383ac89-7cd1-48c1-8061-b0b3c5ccfd97"
"46bec743-35fa-4608-b7e2-2aa3c38a97c2",OpsManager,"11/27/2023, 12:55:02.865 PM","Microsoft-Windows-Sysmon","Microsoft-Windows-Sysmon/Operational",WindowsEventLog,22,4,Information,"NT AUTHORITY\SYSTEM",,"<Param>-</Param><Param>2023-11-27 07:25:02.271</Param><Param>{8CAD0A01-4446-6564-1A00-000000001300}</Param><Param>1844</Param><Param>WindowsEventLog</Param><Param>0</Param><Param>10.0.0.4;</Param><Param>C:\Windows\System32\spoolsv.exe</Param><Param>NT AUTHORITY\SYSTEM</Param>","<DataItem type=""System.XmlData"" time=""2023-11-27T12:55:02.8652622+05:30"" sourceHealthServiceId=""F57C2BCF-DE2B-DA7F-FD91-0649DF501A73""><EventData xmlns=""http://schemas.microsoft.com/win/2004/08/events/event""><Data Name=""RuleName"">-</Data><Data Name=""UtcTime"">2023-11-27 07:25:02.271</Data><Data Name=""ProcessGuid"">{8CAD0A01-4446-6564-1A00-000000001300}</Data><Data Name=""ProcessId"">1844</Data><Data Name=""QueryName"">WindowsEventLog</Data><Data Name=""QueryStatus"">0</Data><Data Name=""QueryResults"">10.0.0.4;</Data><Data Name=""Image"">C:\Windows\System32\spoolsv.exe</Data><Data Name=""User"">NT AUTHORITY\SYSTEM</Data></EventData></DataItem>",22,"Dns query: RuleName: - UtcTime: 2023-11-27 07:25:02.271 ProcessGuid: {8CAD0A01-4446-6564-1A00-000000001300} ProcessId: 1844 QueryName: WindowsEventLog QueryStatus: 0 QueryResults: 10.0.0.4; Image: C:\Windows\System32\spoolsv.exe User: NT AUTHORITY\SYSTEM ","00000000-0000-0000-0000-000000000001","AOI-46bec743-35fa-4608-b7e2-2aa3c38a97c2",,,Event,"1c7611b5-8cf6-11ee-8bc4-000d3af06de7","/subscriptions/4383ac89-7cd1-48c1-8061-b0b3c5ccfd97/resourcegroups/varunlab-rg/providers/microsoft.compute/virtualmachines/windowseventlogs","4383ac89-7cd1-48c1-8061-b0b3c5ccfd97"
"46bec743-35fa-4608-b7e2-2aa3c38a97c2",OpsManager,"11/27/2023, 12:55:02.865 PM","Microsoft-Windows-Sysmon","Microsoft-Windows-Sysmon/Operational",WindowsEventLog,22,4,Information,"NT AUTHORITY\SYSTEM",,"<Param>-</Param><Param>2023-11-27 07:25:02.271</Param><Param>{8CAD0A01-4446-6564-1A00-000000001300}</Param><Param>1844</Param><Param>WindowsEventLog</Param><Param>0</Param><Param>fe80::3888:722:f5ff:fffb;2001:0:34f1:8072:3888:722:f5ff:fffb;fe80::d024:56ce:c156:9dae;</Param><Param>C:\Windows\System32\spoolsv.exe</Param><Param>NT AUTHORITY\SYSTEM</Param>","<DataItem type=""System.XmlData"" time=""2023-11-27T12:55:02.8652891+05:30"" sourceHealthServiceId=""F57C2BCF-DE2B-DA7F-FD91-0649DF501A73""><EventData xmlns=""http://schemas.microsoft.com/win/2004/08/events/event""><Data Name=""RuleName"">-</Data><Data Name=""UtcTime"">2023-11-27 07:25:02.271</Data><Data Name=""ProcessGuid"">{8CAD0A01-4446-6564-1A00-000000001300}</Data><Data Name=""ProcessId"">1844</Data><Data Name=""QueryName"">WindowsEventLog</Data><Data Name=""QueryStatus"">0</Data><Data Name=""QueryResults"">fe80::3888:722:f5ff:fffb;2001:0:34f1:8072:3888:722:f5ff:fffb;fe80::d024:56ce:c156:9dae;</Data><Data Name=""Image"">C:\Windows\System32\spoolsv.exe</Data><Data Name=""User"">NT AUTHORITY\SYSTEM</Data></EventData></DataItem>",22,"Dns query: RuleName: - UtcTime: 2023-11-27 07:25:02.271 ProcessGuid: {8CAD0A01-4446-6564-1A00-000000001300} ProcessId: 1844 QueryName: WindowsEventLog QueryStatus: 0 QueryResults: fe80::3888:722:f5ff:fffb;2001:0:34f1:8072:3888:722:f5ff:fffb;fe80::d024:56ce:c156:9dae; Image: C:\Windows\System32\spoolsv.exe User: NT AUTHORITY\SYSTEM ","00000000-0000-0000-0000-000000000001","AOI-46bec743-35fa-4608-b7e2-2aa3c38a97c2",,,Event,"1c7611b6-8cf6-11ee-8bc4-000d3af06de7","/subscriptions/4383ac89-7cd1-48c1-8061-b0b3c5ccfd97/resourcegroups/varunlab-rg/providers/microsoft.compute/virtualmachines/windowseventlogs","4383ac89-7cd1-48c1-8061-b0b3c5ccfd97"
"46bec743-35fa-4608-b7e2-2aa3c38a97c2",OpsManager,"11/27/2023, 12:55:04.687 PM","Microsoft-Windows-Sysmon","Microsoft-Windows-Sysmon/Operational",WindowsEventLog,22,4,Information,"NT AUTHORITY\SYSTEM",,"<Param>-</Param><Param>2023-11-27 07:25:03.922</Param><Param>{8CAD0A01-4449-6564-3A00-000000001300}</Param><Param>2432</Param><Param>WindowsEventLog</Param><Param>0</Param><Param>fe80::3888:722:f5ff:fffb;2001:0:34f1:8072:3888:722:f5ff:fffb;fe80::d024:56ce:c156:9dae;::ffff:10.0.0.4;</Param><Param>C:\Windows\System32\wbem\WmiPrvSE.exe</Param><Param>NT AUTHORITY\NETWORK SERVICE</Param>","<DataItem type=""System.XmlData"" time=""2023-11-27T12:55:04.6876676+05:30"" sourceHealthServiceId=""F57C2BCF-DE2B-DA7F-FD91-0649DF501A73""><EventData xmlns=""http://schemas.microsoft.com/win/2004/08/events/event""><Data Name=""RuleName"">-</Data><Data Name=""UtcTime"">2023-11-27 07:25:03.922</Data><Data Name=""ProcessGuid"">{8CAD0A01-4449-6564-3A00-000000001300}</Data><Data Name=""ProcessId"">2432</Data><Data Name=""QueryName"">WindowsEventLog</Data><Data Name=""QueryStatus"">0</Data><Data Name=""QueryResults"">fe80::3888:722:f5ff:fffb;2001:0:34f1:8072:3888:722:f5ff:fffb;fe80::d024:56ce:c156:9dae;::ffff:10.0.0.4;</Data><Data Name=""Image"">C:\Windows\System32\wbem\WmiPrvSE.exe</Data><Data Name=""User"">NT AUTHORITY\NETWORK SERVICE</Data></EventData></DataItem>",22,"Dns query: RuleName: - UtcTime: 2023-11-27 07:25:03.922 ProcessGuid: {8CAD0A01-4449-6564-3A00-000000001300} ProcessId: 2432 QueryName: WindowsEventLog QueryStatus: 0 QueryResults: fe80::3888:722:f5ff:fffb;2001:0:34f1:8072:3888:722:f5ff:fffb;fe80::d024:56ce:c156:9dae;::ffff:10.0.0.4; Image: C:\Windows\System32\wbem\WmiPrvSE.exe User: NT AUTHORITY\NETWORK SERVICE ","00000000-0000-0000-0000-000000000001","AOI-46bec743-35fa-4608-b7e2-2aa3c38a97c2",,,Event,"1c7611df-8cf6-11ee-8bc4-000d3af06de7","/subscriptions/4383ac89-7cd1-48c1-8061-b0b3c5ccfd97/resourcegroups/varunlab-rg/providers/microsoft.compute/virtualmachines/windowseventlogs","4383ac89-7cd1-48c1-8061-b0b3c5ccfd97"
"46bec743-35fa-4608-b7e2-2aa3c38a97c2",OpsManager,"11/27/2023, 12:55:06.719 PM","Microsoft-Windows-Sysmon","Microsoft-Windows-Sysmon/Operational",WindowsEventLog,22,4,Information,"NT AUTHORITY\SYSTEM",,"<Param>-</Param><Param>2023-11-27 07:25:05.317</Param><Param>{8CAD0A01-4446-6564-1C00-000000001300}</Param><Param>2004</Param><Param>_ldap._tcp.dc._msdcs.WindowsEventLog</Param><Param>9003</Param><Param>-</Param><Param>C:\WindowsAzure\GuestAgent_2.7.41491.1095_2023-10-16_051251\WaAppAgent.exe</Param><Param>NT AUTHORITY\SYSTEM</Param>","<DataItem type=""System.XmlData"" time=""2023-11-27T12:55:06.7190230+05:30"" sourceHealthServiceId=""F57C2BCF-DE2B-DA7F-FD91-0649DF501A73""><EventData xmlns=""http://schemas.microsoft.com/win/2004/08/events/event""><Data Name=""RuleName"">-</Data><Data Name=""UtcTime"">2023-11-27 07:25:05.317</Data><Data Name=""ProcessGuid"">{8CAD0A01-4446-6564-1C00-000000001300}</Data><Data Name=""ProcessId"">2004</Data><Data Name=""QueryName"">_ldap._tcp.dc._msdcs.WindowsEventLog</Data><Data Name=""QueryStatus"">9003</Data><Data Name=""QueryResults"">-</Data><Data Name=""Image"">C:\WindowsAzure\GuestAgent_2.7.41491.1095_2023-10-16_051251\WaAppAgent.exe</Data><Data Name=""User"">NT AUTHORITY\SYSTEM</Data></EventData></DataItem>",22,"Dns query: RuleName: - UtcTime: 2023-11-27 07:25:05.317 ProcessGuid: {8CAD0A01-4446-6564-1C00-000000001300} ProcessId: 2004 QueryName: _ldap._tcp.dc._msdcs.WindowsEventLog QueryStatus: 9003 QueryResults: - Image: C:\WindowsAzure\GuestAgent_2.7.41491.1095_2023-10-16_051251\WaAppAgent.exe User: NT AUTHORITY\SYSTEM ","00000000-0000-0000-0000-000000000001","AOI-46bec743-35fa-4608-b7e2-2aa3c38a97c2",,,Event,"1e21240a-8cf6-11ee-8bc4-0022486ec420","/subscriptions/4383ac89-7cd1-48c1-8061-b0b3c5ccfd97/resourcegroups/varunlab-rg/providers/microsoft.compute/virtualmachines/windowseventlogs","4383ac89-7cd1-48c1-8061-b0b3c5ccfd97"
"46bec743-35fa-4608-b7e2-2aa3c38a97c2",OpsManager,"11/27/2023, 12:55:14.173 PM","Microsoft-Windows-Sysmon","Microsoft-Windows-Sysmon/Operational",WindowsEventLog,22,4,Information,"NT AUTHORITY\SYSTEM",,"<Param>-</Param><Param>2023-11-27 07:25:12.315</Param><Param>{8CAD0A01-4446-6564-1C00-000000001300}</Param><Param>2004</Param><Param>_ldap._tcp.dc._msdcs..</Param><Param>123</Param><Param>-</Param><Param>C:\WindowsAzure\GuestAgent_2.7.41491.1095_2023-10-16_051251\WaAppAgent.exe</Param><Param>NT AUTHORITY\SYSTEM</Param>","<DataItem type=""System.XmlData"" time=""2023-11-27T12:55:14.1735478+05:30"" sourceHealthServiceId=""F57C2BCF-DE2B-DA7F-FD91-0649DF501A73""><EventData xmlns=""http://schemas.microsoft.com/win/2004/08/events/event""><Data Name=""RuleName"">-</Data><Data Name=""UtcTime"">2023-11-27 07:25:12.315</Data><Data Name=""ProcessGuid"">{8CAD0A01-4446-6564-1C00-000000001300}</Data><Data Name=""ProcessId"">2004</Data><Data Name=""QueryName"">_ldap._tcp.dc._msdcs..</Data><Data Name=""QueryStatus"">123</Data><Data Name=""QueryResults"">-</Data><Data Name=""Image"">C:\WindowsAzure\GuestAgent_2.7.41491.1095_2023-10-16_051251\WaAppAgent.exe</Data><Data Name=""User"">NT AUTHORITY\SYSTEM</Data></EventData></DataItem>",22,"Dns query: RuleName: - UtcTime: 2023-11-27 07:25:12.315 ProcessGuid: {8CAD0A01-4446-6564-1C00-000000001300} ProcessId: 2004 QueryName: _ldap._tcp.dc._msdcs.. QueryStatus: 123 QueryResults: - Image: C:\WindowsAzure\GuestAgent_2.7.41491.1095_2023-10-16_051251\WaAppAgent.exe User: NT AUTHORITY\SYSTEM ","00000000-0000-0000-0000-000000000001","AOI-46bec743-35fa-4608-b7e2-2aa3c38a97c2",,,Event,"1e212438-8cf6-11ee-8bc4-0022486ec420","/subscriptions/4383ac89-7cd1-48c1-8061-b0b3c5ccfd97/resourcegroups/varunlab-rg/providers/microsoft.compute/virtualmachines/windowseventlogs","4383ac89-7cd1-48c1-8061-b0b3c5ccfd97"
"46bec743-35fa-4608-b7e2-2aa3c38a97c2",OpsManager,"11/27/2023, 12:57:06.296 PM","Microsoft-Windows-Sysmon","Microsoft-Windows-Sysmon/Operational",WindowsEventLog,22,4,Information,"NT AUTHORITY\SYSTEM",,"<Param>-</Param><Param>2023-11-27 07:27:05.268</Param><Param>{8CAD0A01-44A9-6564-AC00-000000001300}</Param><Param>4644</Param><Param>monitoring.windows.net</Param><Param>0</Param><Param>type:  5 mdsextprod.trafficmanager.net;type:  5 mdsfeprodexteus201.eastus2.cloudapp.azure.com;::ffff:52.167.145.162;</Param><Param>C:\Packages\Plugins\Microsoft.Azure.Geneva.GenevaMonitoring\2.41.0.3\Monitoring\Agent\MonAgentCore.exe</Param><Param>NT AUTHORITY\SYSTEM</Param>","<DataItem type=""System.XmlData"" time=""2023-11-27T12:57:06.2966266+05:30"" sourceHealthServiceId=""F57C2BCF-DE2B-DA7F-FD91-0649DF501A73""><EventData xmlns=""http://schemas.microsoft.com/win/2004/08/events/event""><Data Name=""RuleName"">-</Data><Data Name=""UtcTime"">2023-11-27 07:27:05.268</Data><Data Name=""ProcessGuid"">{8CAD0A01-44A9-6564-AC00-000000001300}</Data><Data Name=""ProcessId"">4644</Data><Data Name=""QueryName"">monitoring.windows.net</Data><Data Name=""QueryStatus"">0</Data><Data Name=""QueryResults"">type:  5 mdsextprod.trafficmanager.net;type:  5 mdsfeprodexteus201.eastus2.cloudapp.azure.com;::ffff:52.167.145.162;</Data><Data Name=""Image"">C:\Packages\Plugins\Microsoft.Azure.Geneva.GenevaMonitoring\2.41.0.3\Monitoring\Agent\MonAgentCore.exe</Data><Data Name=""User"">NT AUTHORITY\SYSTEM</Data></EventData></DataItem>",22,"Dns query: RuleName: - UtcTime: 2023-11-27 07:27:05.268 ProcessGuid: {8CAD0A01-44A9-6564-AC00-000000001300} ProcessId: 4644 QueryName: monitoring.windows.net QueryStatus: 0 QueryResults: type:  5 mdsextprod.trafficmanager.net;type:  5 mdsfeprodexteus201.eastus2.cloudapp.azure.com;::ffff:52.167.145.162; Image: C:\Packages\Plugins\Microsoft.Azure.Geneva.GenevaMonitoring\2.41.0.3\Monitoring\Agent\MonAgentCore.exe User: NT AUTHORITY\SYSTEM ","00000000-0000-0000-0000-000000000001","AOI-46bec743-35fa-4608-b7e2-2aa3c38a97c2",,,Event,"5dcf663a-8cf6-11ee-8bc4-0022486ec82f","/subscriptions/4383ac89-7cd1-48c1-8061-b0b3c5ccfd97/resourcegroups/varunlab-rg/providers/microsoft.compute/virtualmachines/windowseventlogs","4383ac89-7cd1-48c1-8061-b0b3c5ccfd97"
"46bec743-35fa-4608-b7e2-2aa3c38a97c2",OpsManager,"11/27/2023, 12:57:06.296 PM","Microsoft-Windows-Sysmon","Microsoft-Windows-Sysmon/Operational",WindowsEventLog,22,4,Information,"NT AUTHORITY\SYSTEM",,"<Param>-</Param><Param>2023-11-27 07:27:05.355</Param><Param>{8CAD0A01-44A9-6564-AC00-000000001300}</Param><Param>4644</Param><Param>maupdateexaccount.blob.core.windows.net</Param><Param>0</Param><Param>type:  5 blob.dm5prdstr01a.store.core.windows.net;::ffff:40.69.176.16;</Param><Param>C:\Packages\Plugins\Microsoft.Azure.Geneva.GenevaMonitoring\2.41.0.3\Monitoring\Agent\MonAgentCore.exe</Param><Param>NT AUTHORITY\SYSTEM</Param>","<DataItem type=""System.XmlData"" time=""2023-11-27T12:57:06.2966870+05:30"" sourceHealthServiceId=""F57C2BCF-DE2B-DA7F-FD91-0649DF501A73""><EventData xmlns=""http://schemas.microsoft.com/win/2004/08/events/event""><Data Name=""RuleName"">-</Data><Data Name=""UtcTime"">2023-11-27 07:27:05.355</Data><Data Name=""ProcessGuid"">{8CAD0A01-44A9-6564-AC00-000000001300}</Data><Data Name=""ProcessId"">4644</Data><Data Name=""QueryName"">maupdateexaccount.blob.core.windows.net</Data><Data Name=""QueryStatus"">0</Data><Data Name=""QueryResults"">type:  5 blob.dm5prdstr01a.store.core.windows.net;::ffff:40.69.176.16;</Data><Data Name=""Image"">C:\Packages\Plugins\Microsoft.Azure.Geneva.GenevaMonitoring\2.41.0.3\Monitoring\Agent\MonAgentCore.exe</Data><Data Name=""User"">NT AUTHORITY\SYSTEM</Data></EventData></DataItem>",22,"Dns query: RuleName: - UtcTime: 2023-11-27 07:27:05.355 ProcessGuid: {8CAD0A01-44A9-6564-AC00-000000001300} ProcessId: 4644 QueryName: maupdateexaccount.blob.core.windows.net QueryStatus: 0 QueryResults: type:  5 blob.dm5prdstr01a.store.core.windows.net;::ffff:40.69.176.16; Image: C:\Packages\Plugins\Microsoft.Azure.Geneva.GenevaMonitoring\2.41.0.3\Monitoring\Agent\MonAgentCore.exe User: NT AUTHORITY\SYSTEM ","00000000-0000-0000-0000-000000000001","AOI-46bec743-35fa-4608-b7e2-2aa3c38a97c2",,,Event,"5dcf663b-8cf6-11ee-8bc4-0022486ec82f","/subscriptions/4383ac89-7cd1-48c1-8061-b0b3c5ccfd97/resourcegroups/varunlab-rg/providers/microsoft.compute/virtualmachines/windowseventlogs","4383ac89-7cd1-48c1-8061-b0b3c5ccfd97"
"46bec743-35fa-4608-b7e2-2aa3c38a97c2",OpsManager,"11/27/2023, 12:57:07.300 PM","Microsoft-Windows-Sysmon","Microsoft-Windows-Sysmon/Operational",WindowsEventLog,22,4,Information,"NT AUTHORITY\SYSTEM",,"<Param>-</Param><Param>2023-11-27 07:27:05.555</Param><Param>{8CAD0A01-44A9-6564-AC00-000000001300}</Param><Param>4644</Param><Param>gsm983063799xt.blob.core.windows.net</Param><Param>0</Param><Param>type:  5 blob.blz22prdstr08a.store.core.windows.net;::ffff:52.239.170.36;</Param><Param>C:\Packages\Plugins\Microsoft.Azure.Geneva.GenevaMonitoring\2.41.0.3\Monitoring\Agent\MonAgentCore.exe</Param><Param>NT AUTHORITY\SYSTEM</Param>","<DataItem type=""System.XmlData"" time=""2023-11-27T12:57:07.3006231+05:30"" sourceHealthServiceId=""F57C2BCF-DE2B-DA7F-FD91-0649DF501A73""><EventData xmlns=""http://schemas.microsoft.com/win/2004/08/events/event""><Data Name=""RuleName"">-</Data><Data Name=""UtcTime"">2023-11-27 07:27:05.555</Data><Data Name=""ProcessGuid"">{8CAD0A01-44A9-6564-AC00-000000001300}</Data><Data Name=""ProcessId"">4644</Data><Data Name=""QueryName"">gsm983063799xt.blob.core.windows.net</Data><Data Name=""QueryStatus"">0</Data><Data Name=""QueryResults"">type:  5 blob.blz22prdstr08a.store.core.windows.net;::ffff:52.239.170.36;</Data><Data Name=""Image"">C:\Packages\Plugins\Microsoft.Azure.Geneva.GenevaMonitoring\2.41.0.3\Monitoring\Agent\MonAgentCore.exe</Data><Data Name=""User"">NT AUTHORITY\SYSTEM</Data></EventData></DataItem>",22,"Dns query: RuleName: - UtcTime: 2023-11-27 07:27:05.555 ProcessGuid: {8CAD0A01-44A9-6564-AC00-000000001300} ProcessId: 4644 QueryName: gsm983063799xt.blob.core.windows.net QueryStatus: 0 QueryResults: type:  5 blob.blz22prdstr08a.store.core.windows.net;::ffff:52.239.170.36; Image: C:\Packages\Plugins\Microsoft.Azure.Geneva.GenevaMonitoring\2.41.0.3\Monitoring\Agent\MonAgentCore.exe User: NT AUTHORITY\SYSTEM ","00000000-0000-0000-0000-000000000001","AOI-46bec743-35fa-4608-b7e2-2aa3c38a97c2",,,Event,"5dcf663d-8cf6-11ee-8bc4-0022486ec82f","/subscriptions/4383ac89-7cd1-48c1-8061-b0b3c5ccfd97/resourcegroups/varunlab-rg/providers/microsoft.compute/virtualmachines/windowseventlogs","4383ac89-7cd1-48c1-8061-b0b3c5ccfd97"
"46bec743-35fa-4608-b7e2-2aa3c38a97c2",OpsManager,"11/27/2023, 1:12:56.513 PM","Microsoft-Windows-Sysmon","Microsoft-Windows-Sysmon/Operational",WindowsEventLog,22,4,Information,"NT AUTHORITY\SYSTEM",,"<Param>-</Param><Param>2023-11-27 07:42:55.093</Param><Param>{8CAD0A01-44A9-6564-AC00-000000001300}</Param><Param>4644</Param><Param>gsm723720xt.blob.core.windows.net</Param><Param>0</Param><Param>type:  5 blob.iad01prdstr06a.store.core.windows.net;::ffff:20.60.220.225;</Param><Param>C:\Packages\Plugins\Microsoft.Azure.Geneva.GenevaMonitoring\2.41.0.3\Monitoring\Agent\MonAgentCore.exe</Param><Param>NT AUTHORITY\SYSTEM</Param>","<DataItem type=""System.XmlData"" time=""2023-11-27T13:12:56.5135482+05:30"" sourceHealthServiceId=""F57C2BCF-DE2B-DA7F-FD91-0649DF501A73""><EventData xmlns=""http://schemas.microsoft.com/win/2004/08/events/event""><Data Name=""RuleName"">-</Data><Data Name=""UtcTime"">2023-11-27 07:42:55.093</Data><Data Name=""ProcessGuid"">{8CAD0A01-44A9-6564-AC00-000000001300}</Data><Data Name=""ProcessId"">4644</Data><Data Name=""QueryName"">gsm723720xt.blob.core.windows.net</Data><Data Name=""QueryStatus"">0</Data><Data Name=""QueryResults"">type:  5 blob.iad01prdstr06a.store.core.windows.net;::ffff:20.60.220.225;</Data><Data Name=""Image"">C:\Packages\Plugins\Microsoft.Azure.Geneva.GenevaMonitoring\2.41.0.3\Monitoring\Agent\MonAgentCore.exe</Data><Data Name=""User"">NT AUTHORITY\SYSTEM</Data></EventData></DataItem>",22,"Dns query: RuleName: - UtcTime: 2023-11-27 07:42:55.093 ProcessGuid: {8CAD0A01-44A9-6564-AC00-000000001300} ProcessId: 4644 QueryName: gsm723720xt.blob.core.windows.net QueryStatus: 0 QueryResults: type:  5 blob.iad01prdstr06a.store.core.windows.net;::ffff:20.60.220.225; Image: C:\Packages\Plugins\Microsoft.Azure.Geneva.GenevaMonitoring\2.41.0.3\Monitoring\Agent\MonAgentCore.exe User: NT AUTHORITY\SYSTEM ","00000000-0000-0000-0000-000000000001","AOI-46bec743-35fa-4608-b7e2-2aa3c38a97c2",,,Event,"95046a7b-8cf8-11ee-8bc4-0022486eaee3","/subscriptions/4383ac89-7cd1-48c1-8061-b0b3c5ccfd97/resourcegroups/varunlab-rg/providers/microsoft.compute/virtualmachines/windowseventlogs","4383ac89-7cd1-48c1-8061-b0b3c5ccfd97"
"46bec743-35fa-4608-b7e2-2aa3c38a97c2",OpsManager,"11/27/2023, 12:57:38.068 PM","Microsoft-Windows-Sysmon","Microsoft-Windows-Sysmon/Operational",WindowsEventLog,22,4,Information,"NT AUTHORITY\SYSTEM",,"<Param>-</Param><Param>2023-11-27 07:27:36.185</Param><Param>{8CAD0A01-44A9-6564-AC00-000000001300}</Param><Param>4644</Param><Param>eastus-shared.prod.warm.ingest.monitor.core.windows.net</Param><Param>0</Param><Param>type:  5 gig-warm-prod-shared-eastus.trafficmanager.net;::ffff:20.62.132.17;</Param><Param>C:\Packages\Plugins\Microsoft.Azure.Geneva.GenevaMonitoring\2.41.0.3\Monitoring\Agent\MonAgentCore.exe</Param><Param>NT AUTHORITY\SYSTEM</Param>","<DataItem type=""System.XmlData"" time=""2023-11-27T12:57:38.0687854+05:30"" sourceHealthServiceId=""F57C2BCF-DE2B-DA7F-FD91-0649DF501A73""><EventData xmlns=""http://schemas.microsoft.com/win/2004/08/events/event""><Data Name=""RuleName"">-</Data><Data Name=""UtcTime"">2023-11-27 07:27:36.185</Data><Data Name=""ProcessGuid"">{8CAD0A01-44A9-6564-AC00-000000001300}</Data><Data Name=""ProcessId"">4644</Data><Data Name=""QueryName"">eastus-shared.prod.warm.ingest.monitor.core.windows.net</Data><Data Name=""QueryStatus"">0</Data><Data Name=""QueryResults"">type:  5 gig-warm-prod-shared-eastus.trafficmanager.net;::ffff:20.62.132.17;</Data><Data Name=""Image"">C:\Packages\Plugins\Microsoft.Azure.Geneva.GenevaMonitoring\2.41.0.3\Monitoring\Agent\MonAgentCore.exe</Data><Data Name=""User"">NT AUTHORITY\SYSTEM</Data></EventData></DataItem>",22,"Dns query: RuleName: - UtcTime: 2023-11-27 07:27:36.185 ProcessGuid: {8CAD0A01-44A9-6564-AC00-000000001300} ProcessId: 4644 QueryName: eastus-shared.prod.warm.ingest.monitor.core.windows.net QueryStatus: 0 QueryResults: type:  5 gig-warm-prod-shared-eastus.trafficmanager.net;::ffff:20.62.132.17; Image: C:\Packages\Plugins\Microsoft.Azure.Geneva.GenevaMonitoring\2.41.0.3\Monitoring\Agent\MonAgentCore.exe User: NT AUTHORITY\SYSTEM ","00000000-0000-0000-0000-000000000001","AOI-46bec743-35fa-4608-b7e2-2aa3c38a97c2",,,Event,"71cb0fd5-8cf6-11ee-8bc4-6045bd72e15f","/subscriptions/4383ac89-7cd1-48c1-8061-b0b3c5ccfd97/resourcegroups/varunlab-rg/providers/microsoft.compute/virtualmachines/windowseventlogs","4383ac89-7cd1-48c1-8061-b0b3c5ccfd97"
"46bec743-35fa-4608-b7e2-2aa3c38a97c2",OpsManager,"11/27/2023, 12:57:39.046 PM","Microsoft-Windows-Sysmon","Microsoft-Windows-Sysmon/Operational",WindowsEventLog,22,4,Information,"NT AUTHORITY\SYSTEM",,"<Param>-</Param><Param>2023-11-27 07:27:38.003</Param><Param>{8CAD0A01-44E9-6564-0C01-000000001300}</Param><Param>5576</Param><Param>WindowsEventLog</Param><Param>0</Param><Param>fe80::3888:722:f5ff:fffb;2001:0:34f1:8072:3888:722:f5ff:fffb;fe80::d024:56ce:c156:9dae;::ffff:10.0.0.4;</Param><Param>C:\Windows\System32\PING.EXE</Param><Param>NT AUTHORITY\SYSTEM</Param>","<DataItem type=""System.XmlData"" time=""2023-11-27T12:57:39.0460316+05:30"" sourceHealthServiceId=""F57C2BCF-DE2B-DA7F-FD91-0649DF501A73""><EventData xmlns=""http://schemas.microsoft.com/win/2004/08/events/event""><Data Name=""RuleName"">-</Data><Data Name=""UtcTime"">2023-11-27 07:27:38.003</Data><Data Name=""ProcessGuid"">{8CAD0A01-44E9-6564-0C01-000000001300}</Data><Data Name=""ProcessId"">5576</Data><Data Name=""QueryName"">WindowsEventLog</Data><Data Name=""QueryStatus"">0</Data><Data Name=""QueryResults"">fe80::3888:722:f5ff:fffb;2001:0:34f1:8072:3888:722:f5ff:fffb;fe80::d024:56ce:c156:9dae;::ffff:10.0.0.4;</Data><Data Name=""Image"">C:\Windows\System32\PING.EXE</Data><Data Name=""User"">NT AUTHORITY\SYSTEM</Data></EventData></DataItem>",22,"Dns query: RuleName: - UtcTime: 2023-11-27 07:27:38.003 ProcessGuid: {8CAD0A01-44E9-6564-0C01-000000001300} ProcessId: 5576 QueryName: WindowsEventLog QueryStatus: 0 QueryResults: fe80::3888:722:f5ff:fffb;2001:0:34f1:8072:3888:722:f5ff:fffb;fe80::d024:56ce:c156:9dae;::ffff:10.0.0.4; Image: C:\Windows\System32\PING.EXE User: NT AUTHORITY\SYSTEM ","00000000-0000-0000-0000-000000000001","AOI-46bec743-35fa-4608-b7e2-2aa3c38a97c2",,,Event,"72e260a9-8cf6-11ee-8bc4-0022486eaba7","/subscriptions/4383ac89-7cd1-48c1-8061-b0b3c5ccfd97/resourcegroups/varunlab-rg/providers/microsoft.compute/virtualmachines/windowseventlogs","4383ac89-7cd1-48c1-8061-b0b3c5ccfd97"
"46bec743-35fa-4608-b7e2-2aa3c38a97c2",OpsManager,"11/27/2023, 12:58:48.741 PM","Microsoft-Windows-Sysmon","Microsoft-Windows-Sysmon/Operational",WindowsEventLog,22,4,Information,"NT AUTHORITY\SYSTEM",,"<Param>-</Param><Param>2023-11-27 07:28:47.714</Param><Param>{8CAD0A01-44A9-6564-AC00-000000001300}</Param><Param>4644</Param><Param>monitoring.windows.net</Param><Param>0</Param><Param>type:  5 mdsextprod.trafficmanager.net;type:  5 mdsfeprodextwus201.westus2.cloudapp.azure.com;::ffff:40.78.247.68;</Param><Param>C:\Packages\Plugins\Microsoft.Azure.Geneva.GenevaMonitoring\2.41.0.3\Monitoring\Agent\MonAgentCore.exe</Param><Param>NT AUTHORITY\SYSTEM</Param>","<DataItem type=""System.XmlData"" time=""2023-11-27T12:58:48.7412651+05:30"" sourceHealthServiceId=""F57C2BCF-DE2B-DA7F-FD91-0649DF501A73""><EventData xmlns=""http://schemas.microsoft.com/win/2004/08/events/event""><Data Name=""RuleName"">-</Data><Data Name=""UtcTime"">2023-11-27 07:28:47.714</Data><Data Name=""ProcessGuid"">{8CAD0A01-44A9-6564-AC00-000000001300}</Data><Data Name=""ProcessId"">4644</Data><Data Name=""QueryName"">monitoring.windows.net</Data><Data Name=""QueryStatus"">0</Data><Data Name=""QueryResults"">type:  5 mdsextprod.trafficmanager.net;type:  5 mdsfeprodextwus201.westus2.cloudapp.azure.com;::ffff:40.78.247.68;</Data><Data Name=""Image"">C:\Packages\Plugins\Microsoft.Azure.Geneva.GenevaMonitoring\2.41.0.3\Monitoring\Agent\MonAgentCore.exe</Data><Data Name=""User"">NT AUTHORITY\SYSTEM</Data></EventData></DataItem>",22,"Dns query: RuleName: - UtcTime: 2023-11-27 07:28:47.714 ProcessGuid: {8CAD0A01-44A9-6564-AC00-000000001300} ProcessId: 4644 QueryName: monitoring.windows.net QueryStatus: 0 QueryResults: type:  5 mdsextprod.trafficmanager.net;type:  5 mdsfeprodextwus201.westus2.cloudapp.azure.com;::ffff:40.78.247.68; Image: C:\Packages\Plugins\Microsoft.Azure.Geneva.GenevaMonitoring\2.41.0.3\Monitoring\Agent\MonAgentCore.exe User: NT AUTHORITY\SYSTEM ","00000000-0000-0000-0000-000000000001","AOI-46bec743-35fa-4608-b7e2-2aa3c38a97c2",,,Event,"9c702f28-8cf6-11ee-8bc4-6045bd72ea3e","/subscriptions/4383ac89-7cd1-48c1-8061-b0b3c5ccfd97/resourcegroups/varunlab-rg/providers/microsoft.compute/virtualmachines/windowseventlogs","4383ac89-7cd1-48c1-8061-b0b3c5ccfd97"
