"0b2a9277-f48f-49f6-b78d-d8bfd6dea87a",RestAPI,,,"7/27/2023, 2:31:54.931 PM",,,,,,,,,,,,,,,,,,54650,,".",Default,,,"Microsoft-Windows-DNSServer","eb79061a-a566-4698-9119-3ed2807060e7",260,0,16,"Microsoft-Windows-DNS-Server/Analytical ",4,"Information ",0,2,"RECURSE_QUERY ",9223372036854775824,"7/27/2023, 2:31:52.296 PM",2908,4028,INFO,2,INFO,windns,"NT AUTHORITY",SYSTEM,"S-1-5-18",User,0,0,"0.0.0.0",,0,"ipv4-weu-oi-ods-cses-f.westeurope.cloudapp.azure.com.",1,48560,0,48560,false,false,false,QUERY,false,NOERROR,false,false,false,"[{""dns.query.name"":""ipv4-weu-oi-ods-cses-f.westeurope.cloudapp.azure.com"",""dns.query.type"":""A"",""dns.query.class"":""IN""}]",0xBDB00000000100000000000116697076342D7765752D6F692D6F64732D637365732D660A776573746575726F706508636C6F756461707005617A75726503636F6D00000100010000290FA0000000000000,".","a65e0249-ad21-47d8-b00b-fcdd3e376241","7/27/2023, 2:31:54.370 PM","in_windowsdns_auditanalytics_sentinel_windows","im_etw","172.18.88.20","N/A","150.171.10.201",,,,,,,NULL,,,,"NXLog_DNS_Server_CL",
"0b2a9277-f48f-49f6-b78d-d8bfd6dea87a",RestAPI,,,"7/27/2023, 2:31:54.931 PM",,,,,,,,,,,,,,,,,,,1,".",Default,"[{""dns.answer.name"":""ipv4-weu-oi-ods-cses-f.westeurope.cloudapp.azure.com"",""dns.answer.type"":""A"",""dns.answer.class"":""IN"",""dns.answer.ttl"":10,""dns.answer.data"":""13.69.65.29""}]",0,"Microsoft-Windows-DNSServer","eb79061a-a566-4698-9119-3ed2807060e7",261,0,16,"Microsoft-Windows-DNS-Server/Analytical ",4,"Information ",0,2,"RECURSE_QUERY ",9223372036854775840,"7/27/2023, 2:31:52.323 PM",2908,4028,INFO,2,INFO,windns,"NT AUTHORITY",SYSTEM,"S-1-5-18",User,33792,0,"0.0.0.0","150.171.10.201",,"ipv4-weu-oi-ods-cses-f.westeurope.cloudapp.azure.com.",1,48560,0,48560,false,false,true,QUERY,true,NOERROR,false,false,false,"[{""dns.query.name"":""ipv4-weu-oi-ods-cses-f.westeurope.cloudapp.azure.com"",""dns.query.type"":""A"",""dns.query.class"":""IN""}]",0xBDB08400000100010000000116697076342D7765752D6F692D6F64732D637365732D660A776573746575726F706508636C6F756461707005617A75726503636F6D0000010001C00C000100010000000A00040D45411D00002904D0000000000000,".","a65e0249-ad21-47d8-b00b-fcdd3e376241","7/27/2023, 2:31:54.884 PM","in_windowsdns_auditanalytics_sentinel_windows","im_etw","172.18.88.20","N/A",,1,0,,,,,,,,,"NXLog_DNS_Server_CL",
"0b2a9277-f48f-49f6-b78d-d8bfd6dea87a",RestAPI,,,"7/27/2023, 2:31:54.931 PM",,,,,,,,,,,,,,,,,,,,,,"[{""dns.answer.name"":""0b2a9277-f48f-49f6-b78d-d8bfd6dea87a.ods.opinsights.azure.com"",""dns.answer.type"":""CNAME"",""dns.answer.class"":""IN"",""dns.answer.ttl"":140,""dns.answer.data"":""opinsightsweuods.trafficmanager.net""},{""dns.answer.name"":""opinsightsweuods.trafficmanager.net"",""dns.answer.type"":""CNAME"",""dns.answer.class"":""IN"",""dns.answer.ttl"":140,""dns.answer.data"":""ipv4-weu-oi-ods-cses-f.westeurope.cloudapp.azure.com""},{""dns.answer.name"":""ipv4-weu-oi-ods-cses-f.westeurope.cloudapp.azure.com"",""dns.answer.type"":""A"",""dns.answer.class"":""IN"",""dns.answer.ttl"":10,""dns.answer.data"":""13.69.65.29""}]",,"Microsoft-Windows-DNSServer","eb79061a-a566-4698-9119-3ed2807060e7",257,0,16,"Microsoft-Windows-DNS-Server/Analytical ",4,"Information ",0,1,"LOOK_UP ",9223372036854775810,"7/27/2023, 2:31:52.323 PM",2908,4028,INFO,2,INFO,windns,"NT AUTHORITY",SYSTEM,"S-1-5-18",User,33152,0,"172.18.88.20",,,"0b2a9277-f48f-49f6-b78d-d8bfd6dea87a.ods.opinsights.azure.com.",1,54650,52819,54650,true,false,false,QUERY,true,NOERROR,false,false,true,"[{""dns.query.name"":""0b2a9277-f48f-49f6-b78d-d8bfd6dea87a.ods.opinsights.azure.com"",""dns.query.type"":""A"",""dns.query.class"":""IN""}]",0xD57A818000010003000000002430623261393237372D663438662D343966362D623738642D643862666436646561383761036F64730A6F70696E73696768747305617A75726503636F6D0000010001C00C000500010000008C0025106F70696E7369676874737765756F64730E747261666669636D616E61676572036E657400C05B000500010000008C002D16697076342D7765752D6F692D6F64732D637365732D660A776573746575726F706508636C6F7564617070C040C08C000100010000000A00040D45411D,"VirtualizationInstance:.","a65e0249-ad21-47d8-b00b-fcdd3e376241","7/27/2023, 2:31:54.884 PM","in_windowsdns_auditanalytics_sentinel_windows","im_etw","172.18.88.20","N/A","172.18.88.20",0,0,0,0,Default,"..Cache",NULL,,27,,"NXLog_DNS_Server_CL",
"0b2a9277-f48f-49f6-b78d-d8bfd6dea87a",RestAPI,,,"7/27/2023, 2:43:49.642 PM",,,,,,,,,,,,,,,,,,,,,,,,"Microsoft-Windows-DNSServer","eb79061a-a566-4698-9119-3ed2807060e7",256,0,16,"Microsoft-Windows-DNS-Server/Analytical ",4,"Information ",0,1,"LOOK_UP ",9223372036854775809,"7/27/2023, 2:43:46.941 PM",2908,4028,INFO,2,INFO,windns,"NT AUTHORITY",SYSTEM,"S-1-5-18",User,256,0,"172.18.88.20","172.18.88.20",1,"0b2a9277-f48f-49f6-b78d-d8bfd6dea87a.ods.opinsights.azure.com.",1,56085,52742,56085,true,false,false,QUERY,false,NOERROR,false,false,false,"[{""dns.query.name"":""0b2a9277-f48f-49f6-b78d-d8bfd6dea87a.ods.opinsights.azure.com"",""dns.query.type"":""A"",""dns.query.class"":""IN""}]",0xDB15010000010000000000002430623261393237372D663438662D343966362D623738642D643862666436646561383761036F64730A6F70696E73696768747305617A75726503636F6D0000010001,".","3bef09a0-6c14-4b2d-b762-875d912a035c","7/27/2023, 2:43:48.974 PM","in_windowsdns_auditanalytics_sentinel_windows","im_etw","172.18.88.20","N/A",,,,,,,,,,,,"NXLog_DNS_Server_CL",
"0b2a9277-f48f-49f6-b78d-d8bfd6dea87a",RestAPI,,,"7/27/2023, 2:43:49.642 PM",,,,,,,,,,,,,,,,,,,,,,,,"Microsoft-Windows-DNSServer","eb79061a-a566-4698-9119-3ed2807060e7",279,0,16,"Microsoft-Windows-DNS-Server/Analytical ",4,"Information ",0,1,"LOOK_UP ",9223372071214514176,"7/27/2023, 2:43:46.941 PM",2908,4028,INFO,2,INFO,windns,"NT AUTHORITY",SYSTEM,"S-1-5-18",User,33152,0,"172.18.88.20","172.18.88.20",1,"opinsightsweuods.trafficmanager.net.",1,56085,52742,56085,true,false,false,QUERY,true,NOERROR,false,false,true,"[{""dns.query.name"":""0b2a9277-f48f-49f6-b78d-d8bfd6dea87a.ods.opinsights.azure.com"",""dns.query.type"":""A"",""dns.query.class"":""IN""}]",0xDB15818000010001000000002430623261393237372D663438662D343966362D623738642D643862666436646561383761036F64730A6F70696E73696768747305617A75726503636F6D0000010001,,,"7/27/2023, 2:43:48.974 PM","in_windowsdns_auditanalytics_sentinel_windows","im_etw","172.18.88.20","N/A",,,,,,,,,,,"N/A","NXLog_DNS_Server_CL",
"0b2a9277-f48f-49f6-b78d-d8bfd6dea87a",RestAPI,,,"7/27/2023, 2:43:49.642 PM",,,,,,,,,,,,,,,,,,,,,,,,"Microsoft-Windows-DNSServer","eb79061a-a566-4698-9119-3ed2807060e7",279,0,16,"Microsoft-Windows-DNS-Server/Analytical ",4,"Information ",0,1,"LOOK_UP ",9223372071214514176,"7/27/2023, 2:43:46.941 PM",2908,4028,INFO,2,INFO,windns,"NT AUTHORITY",SYSTEM,"S-1-5-18",User,33152,0,"172.18.88.20","172.18.88.20",1,"ipv4-weu-oi-ods-cses-i.westeurope.cloudapp.azure.com.",1,56085,52742,56085,true,false,false,QUERY,true,NOERROR,false,false,true,"[{""dns.query.name"":""0b2a9277-f48f-49f6-b78d-d8bfd6dea87a.ods.opinsights.azure.com"",""dns.query.type"":""A"",""dns.query.class"":""IN""}]",0xDB15818000010002000000002430623261393237372D663438662D343966362D623738642D643862666436646561383761036F64730A6F70696E73696768747305617A75726503636F6D0000010001,,,"7/27/2023, 2:43:48.974 PM","in_windowsdns_auditanalytics_sentinel_windows","im_etw","172.18.88.20","N/A",,,,,,,,,,,"N/A","NXLog_DNS_Server_CL",
"0b2a9277-f48f-49f6-b78d-d8bfd6dea87a",RestAPI,,,"7/27/2023, 2:43:49.642 PM",,,,,,,,,,,,,,,,,,56085,,".",Default,,,"Microsoft-Windows-DNSServer","eb79061a-a566-4698-9119-3ed2807060e7",260,0,16,"Microsoft-Windows-DNS-Server/Analytical ",4,"Information ",0,2,"RECURSE_QUERY ",9223372036854775824,"7/27/2023, 2:43:46.942 PM",2908,4028,INFO,2,INFO,windns,"NT AUTHORITY",SYSTEM,"S-1-5-18",User,0,0,"0.0.0.0",,0,"ipv4-weu-oi-ods-cses-i.westeurope.cloudapp.azure.com.",1,4606,0,4606,false,false,false,QUERY,false,NOERROR,false,false,false,"[{""dns.query.name"":""ipv4-weu-oi-ods-cses-i.westeurope.cloudapp.azure.com"",""dns.query.type"":""A"",""dns.query.class"":""IN""}]",0x11FE0000000100000000000116697076342D7765752D6F692D6F64732D637365732D690A776573746575726F706508636C6F756461707005617A75726503636F6D00000100010000290FA0000000000000,".","3bef09a0-6c14-4b2d-b762-875d912a035c","7/27/2023, 2:43:48.974 PM","in_windowsdns_auditanalytics_sentinel_windows","im_etw","172.18.88.20","N/A","150.171.16.39",,,,,,,NULL,,,,"NXLog_DNS_Server_CL",
"0b2a9277-f48f-49f6-b78d-d8bfd6dea87a",RestAPI,,,"7/27/2023, 2:43:49.642 PM",,,,,,,,,,,,,,,,,,,1,".",Default,,0,"Microsoft-Windows-DNSServer","eb79061a-a566-4698-9119-3ed2807060e7",261,0,16,"Microsoft-Windows-DNS-Server/Analytical ",4,"Information ",0,2,"RECURSE_QUERY ",9223372036854775840,"7/27/2023, 2:43:46.973 PM",2908,4028,INFO,2,INFO,windns,"NT AUTHORITY",SYSTEM,"S-1-5-18",User,32768,0,"0.0.0.0","150.171.16.39",,"ipv4-weu-oi-ods-cses-i.westeurope.cloudapp.azure.com.",1,4606,0,4606,false,false,false,QUERY,true,NOERROR,false,false,false,"[{""dns.query.name"":""ipv4-weu-oi-ods-cses-i.westeurope.cloudapp.azure.com"",""dns.query.type"":""A"",""dns.query.class"":""IN""}]",0x11FE8000000100000006000116697076342D7765752D6F692D6F64732D637365732D690A776573746575726F706508636C6F756461707005617A75726503636F6D0000010001C023000200010000012C0014076E73312D32303109617A7572652D646E73C03DC023000200010000012C0017076E73322D32303109617A7572652D646E73036E657400C023000200010000012C0018086E7331312D32303109617A7572652D646E73036F726700C023000200010000012C0019086E7331322D32303109617A7572652D646E7304696E666F00C023000200010000012C000B086E7331302D323031C07AC023000200010000012C000A076E73392D323031C05A00002904D0000000000000,".","3bef09a0-6c14-4b2d-b762-875d912a035c","7/27/2023, 2:43:48.974 PM","in_windowsdns_auditanalytics_sentinel_windows","im_etw","172.18.88.20","N/A",,0,0,,,,,,"[{""dns.authority.name"":""westeurope.cloudapp.azure.com"",""dns.authority.type"":""NS"",""dns.authority.class"":""IN"",""dns.authority.ttl"":300,""dns.authority.data"":""ns1-201.azure-dns.com""},{""dns.authority.name"":""westeurope.cloudapp.azure.com"",""dns.authority.type"":""NS"",""dns.authority.class"":""IN"",""dns.authority.ttl"":300,""dns.authority.data"":""ns2-201.azure-dns.net""},{""dns.authority.name"":""westeurope.cloudapp.azure.com"",""dns.authority.type"":""NS"",""dns.authority.class"":""IN"",""dns.authority.ttl"":300,""dns.authority.data"":""ns11-201.azure-dns.org""},{""dns.authority.name"":""westeurope.cloudapp.azure.com"",""dns.authority.type"":""NS"",""dns.authority.class"":""IN"",""dns.authority.ttl"":300,""dns.authority.data"":""ns12-201.azure-dns.info""},{""dns.authority.name"":""westeurope.cloudapp.azure.com"",""dns.authority.type"":""NS"",""dns.authority.class"":""IN"",""dns.authority.ttl"":300,""dns.authority.data"":""ns10-201.azure-dns.net""},{""dns.authority.name"":""westeurope.cloudapp.azure.com"",""dns.authority.type"":""NS"",""dns.authority.class"":""IN"",""dns.authority.ttl"":300,""dns.authority.data"":""ns9-201.azure-dns.com""}]",,,"NXLog_DNS_Server_CL",
"0b2a9277-f48f-49f6-b78d-d8bfd6dea87a",RestAPI,,,"7/27/2023, 2:43:49.642 PM",,,,,,,,,,,,,,,,,,56085,,".",Default,,,"Microsoft-Windows-DNSServer","eb79061a-a566-4698-9119-3ed2807060e7",260,0,16,"Microsoft-Windows-DNS-Server/Analytical ",4,"Information ",0,2,"RECURSE_QUERY ",9223372036854775824,"7/27/2023, 2:43:46.973 PM",2908,4028,INFO,2,INFO,windns,"NT AUTHORITY",SYSTEM,"S-1-5-18",User,0,0,"0.0.0.0",,0,"ipv4-weu-oi-ods-cses-i.westeurope.cloudapp.azure.com.",1,21230,0,21230,false,false,false,QUERY,false,NOERROR,false,false,false,"[{""dns.query.name"":""ipv4-weu-oi-ods-cses-i.westeurope.cloudapp.azure.com"",""dns.query.type"":""A"",""dns.query.class"":""IN""}]",0x52EE0000000100000000000116697076342D7765752D6F692D6F64732D637365732D690A776573746575726F706508636C6F756461707005617A75726503636F6D00000100010000290FA0000000000000,".","3bef09a0-6c14-4b2d-b762-875d912a035c","7/27/2023, 2:43:48.974 PM","in_windowsdns_auditanalytics_sentinel_windows","im_etw","172.18.88.20","N/A","150.171.10.201",,,,,,,NULL,,,,"NXLog_DNS_Server_CL",
"0b2a9277-f48f-49f6-b78d-d8bfd6dea87a",RestAPI,,,"7/27/2023, 2:43:49.642 PM",,,,,,,,,,,,,,,,,,,2,".",Default,"[{""dns.answer.name"":""ipv4-weu-oi-ods-cses-i.westeurope.cloudapp.azure.com"",""dns.answer.type"":""A"",""dns.answer.class"":""IN"",""dns.answer.ttl"":10,""dns.answer.data"":""104.40.170.64""}]",0,"Microsoft-Windows-DNSServer","eb79061a-a566-4698-9119-3ed2807060e7",261,0,16,"Microsoft-Windows-DNS-Server/Analytical ",4,"Information ",0,2,"RECURSE_QUERY ",9223372036854775840,"7/27/2023, 2:43:47.001 PM",2908,4028,INFO,2,INFO,windns,"NT AUTHORITY",SYSTEM,"S-1-5-18",User,33792,0,"0.0.0.0","150.171.10.201",,"ipv4-weu-oi-ods-cses-i.westeurope.cloudapp.azure.com.",1,21230,0,21230,false,false,true,QUERY,true,NOERROR,false,false,false,"[{""dns.query.name"":""ipv4-weu-oi-ods-cses-i.westeurope.cloudapp.azure.com"",""dns.query.type"":""A"",""dns.query.class"":""IN""}]",0x52EE8400000100010000000116697076342D7765752D6F692D6F64732D637365732D690A776573746575726F706508636C6F756461707005617A75726503636F6D0000010001C00C000100010000000A00046828AA4000002904D0000000000000,".","3bef09a0-6c14-4b2d-b762-875d912a035c","7/27/2023, 2:43:48.974 PM","in_windowsdns_auditanalytics_sentinel_windows","im_etw","172.18.88.20","N/A",,1,0,,,,,,,,,"NXLog_DNS_Server_CL",
"0b2a9277-f48f-49f6-b78d-d8bfd6dea87a",RestAPI,,,"7/27/2023, 2:43:49.642 PM",,,,,,,,,,,,,,,,,,,,,,"[{""dns.answer.name"":""0b2a9277-f48f-49f6-b78d-d8bfd6dea87a.ods.opinsights.azure.com"",""dns.answer.type"":""CNAME"",""dns.answer.class"":""IN"",""dns.answer.ttl"":175,""dns.answer.data"":""opinsightsweuods.trafficmanager.net""},{""dns.answer.name"":""opinsightsweuods.trafficmanager.net"",""dns.answer.type"":""CNAME"",""dns.answer.class"":""IN"",""dns.answer.ttl"":175,""dns.answer.data"":""ipv4-weu-oi-ods-cses-i.westeurope.cloudapp.azure.com""},{""dns.answer.name"":""ipv4-weu-oi-ods-cses-i.westeurope.cloudapp.azure.com"",""dns.answer.type"":""A"",""dns.answer.class"":""IN"",""dns.answer.ttl"":10,""dns.answer.data"":""104.40.170.64""}]",,"Microsoft-Windows-DNSServer","eb79061a-a566-4698-9119-3ed2807060e7",257,0,16,"Microsoft-Windows-DNS-Server/Analytical ",4,"Information ",0,1,"LOOK_UP ",9223372036854775810,"7/27/2023, 2:43:47.001 PM",2908,4028,INFO,2,INFO,windns,"NT AUTHORITY",SYSTEM,"S-1-5-18",User,33152,0,"172.18.88.20",,,"0b2a9277-f48f-49f6-b78d-d8bfd6dea87a.ods.opinsights.azure.com.",1,56085,52742,56085,true,false,false,QUERY,true,NOERROR,false,false,true,"[{""dns.query.name"":""0b2a9277-f48f-49f6-b78d-d8bfd6dea87a.ods.opinsights.azure.com"",""dns.query.type"":""A"",""dns.query.class"":""IN""}]",0xDB15818000010003000000002430623261393237372D663438662D343966362D623738642D643862666436646561383761036F64730A6F70696E73696768747305617A75726503636F6D0000010001C00C00050001000000AF0025106F70696E7369676874737765756F64730E747261666669636D616E61676572036E657400C05B00050001000000AF002D16697076342D7765752D6F692D6F64732D637365732D690A776573746575726F706508636C6F7564617070C040C08C000100010000000A00046828AA40,"VirtualizationInstance:.","3bef09a0-6c14-4b2d-b762-875d912a035c","7/27/2023, 2:43:49.474 PM","in_windowsdns_auditanalytics_sentinel_windows","im_etw","172.18.88.20","N/A","172.18.88.20",0,0,0,0,Default,"..Cache",NULL,,60,,"NXLog_DNS_Server_CL",
"0b2a9277-f48f-49f6-b78d-d8bfd6dea87a",RestAPI,,,"7/27/2023, 2:33:26.670 PM",,,,,,,,,,,,,,,,,,,,,,,,"Microsoft-Windows-DNSServer","eb79061a-a566-4698-9119-3ed2807060e7",256,0,16,"Microsoft-Windows-DNS-Server/Analytical ",4,"Information ",0,1,"LOOK_UP ",9223372036854775809,"7/27/2023, 2:33:24.100 PM",2908,4028,INFO,2,INFO,windns,"NT AUTHORITY",SYSTEM,"S-1-5-18",User,256,0,"172.18.88.20","172.18.88.20",1,"0b2a9277-f48f-49f6-b78d-d8bfd6dea87a.ods.opinsights.azure.com.",1,35406,63708,35406,true,false,false,QUERY,false,NOERROR,false,false,false,"[{""dns.query.name"":""0b2a9277-f48f-49f6-b78d-d8bfd6dea87a.ods.opinsights.azure.com"",""dns.query.type"":""A"",""dns.query.class"":""IN""}]",0x8A4E010000010000000000002430623261393237372D663438662D343966362D623738642D643862666436646561383761036F64730A6F70696E73696768747305617A75726503636F6D0000010001,".","1887dcc7-c0ac-4680-926f-423f119d5e13","7/27/2023, 2:33:26.102 PM","in_windowsdns_auditanalytics_sentinel_windows","im_etw","172.18.88.20","N/A",,,,,,,,,,,,"NXLog_DNS_Server_CL",
"0b2a9277-f48f-49f6-b78d-d8bfd6dea87a",RestAPI,,,"7/27/2023, 2:33:26.670 PM",,,,,,,,,,,,,,,,,,,,,,,,"Microsoft-Windows-DNSServer","eb79061a-a566-4698-9119-3ed2807060e7",279,0,16,"Microsoft-Windows-DNS-Server/Analytical ",4,"Information ",0,1,"LOOK_UP ",9223372071214514176,"7/27/2023, 2:33:24.100 PM",2908,4028,INFO,2,INFO,windns,"NT AUTHORITY",SYSTEM,"S-1-5-18",User,33152,0,"172.18.88.20","172.18.88.20",1,"opinsightsweuods.trafficmanager.net.",1,35406,63708,35406,true,false,false,QUERY,true,NOERROR,false,false,true,"[{""dns.query.name"":""0b2a9277-f48f-49f6-b78d-d8bfd6dea87a.ods.opinsights.azure.com"",""dns.query.type"":""A"",""dns.query.class"":""IN""}]",0x8A4E818000010001000000002430623261393237372D663438662D343966362D623738642D643862666436646561383761036F64730A6F70696E73696768747305617A75726503636F6D0000010001,,,"7/27/2023, 2:33:26.102 PM","in_windowsdns_auditanalytics_sentinel_windows","im_etw","172.18.88.20","N/A",,,,,,,,,,,"N/A","NXLog_DNS_Server_CL",
"0b2a9277-f48f-49f6-b78d-d8bfd6dea87a",RestAPI,,,"7/27/2023, 2:33:26.670 PM",,,,,,,,,,,,,,,,,,,,,,,,"Microsoft-Windows-DNSServer","eb79061a-a566-4698-9119-3ed2807060e7",279,0,16,"Microsoft-Windows-DNS-Server/Analytical ",4,"Information ",0,1,"LOOK_UP ",9223372071214514176,"7/27/2023, 2:33:24.100 PM",2908,4028,INFO,2,INFO,windns,"NT AUTHORITY",SYSTEM,"S-1-5-18",User,33152,0,"172.18.88.20","172.18.88.20",1,"ipv4-weu-oi-ods-cses-f.westeurope.cloudapp.azure.com.",1,35406,63708,35406,true,false,false,QUERY,true,NOERROR,false,false,true,"[{""dns.query.name"":""0b2a9277-f48f-49f6-b78d-d8bfd6dea87a.ods.opinsights.azure.com"",""dns.query.type"":""A"",""dns.query.class"":""IN""}]",0x8A4E818000010002000000002430623261393237372D663438662D343966362D623738642D643862666436646561383761036F64730A6F70696E73696768747305617A75726503636F6D0000010001,,,"7/27/2023, 2:33:26.102 PM","in_windowsdns_auditanalytics_sentinel_windows","im_etw","172.18.88.20","N/A",,,,,,,,,,,"N/A","NXLog_DNS_Server_CL",
"0b2a9277-f48f-49f6-b78d-d8bfd6dea87a",RestAPI,,,"7/27/2023, 2:33:26.670 PM",,,,,,,,,,,,,,,,,,35406,,".",Default,,,"Microsoft-Windows-DNSServer","eb79061a-a566-4698-9119-3ed2807060e7",260,0,16,"Microsoft-Windows-DNS-Server/Analytical ",4,"Information ",0,2,"RECURSE_QUERY ",9223372036854775824,"7/27/2023, 2:33:24.101 PM",2908,4028,INFO,2,INFO,windns,"NT AUTHORITY",SYSTEM,"S-1-5-18",User,0,0,"0.0.0.0",,0,"ipv4-weu-oi-ods-cses-f.westeurope.cloudapp.azure.com.",1,38814,0,38814,false,false,false,QUERY,false,NOERROR,false,false,false,"[{""dns.query.name"":""ipv4-weu-oi-ods-cses-f.westeurope.cloudapp.azure.com"",""dns.query.type"":""A"",""dns.query.class"":""IN""}]",0x979E0000000100000000000116697076342D7765752D6F692D6F64732D637365732D660A776573746575726F706508636C6F756461707005617A75726503636F6D00000100010000290FA0000000000000,".","1887dcc7-c0ac-4680-926f-423f119d5e13","7/27/2023, 2:33:26.102 PM","in_windowsdns_auditanalytics_sentinel_windows","im_etw","172.18.88.20","N/A","150.171.10.201",,,,,,,NULL,,,,"NXLog_DNS_Server_CL",
"0b2a9277-f48f-49f6-b78d-d8bfd6dea87a",RestAPI,,,"7/27/2023, 2:33:26.670 PM",,,,,,,,,,,,,,,,,,,1,".",Default,"[{""dns.answer.name"":""ipv4-weu-oi-ods-cses-f.westeurope.cloudapp.azure.com"",""dns.answer.type"":""A"",""dns.answer.class"":""IN"",""dns.answer.ttl"":10,""dns.answer.data"":""13.69.65.29""}]",0,"Microsoft-Windows-DNSServer","eb79061a-a566-4698-9119-3ed2807060e7",261,0,16,"Microsoft-Windows-DNS-Server/Analytical ",4,"Information ",0,2,"RECURSE_QUERY ",9223372036854775840,"7/27/2023, 2:33:24.126 PM",2908,4028,INFO,2,INFO,windns,"NT AUTHORITY",SYSTEM,"S-1-5-18",User,33792,0,"0.0.0.0","150.171.10.201",,"ipv4-weu-oi-ods-cses-f.westeurope.cloudapp.azure.com.",1,38814,0,38814,false,false,true,QUERY,true,NOERROR,false,false,false,"[{""dns.query.name"":""ipv4-weu-oi-ods-cses-f.westeurope.cloudapp.azure.com"",""dns.query.type"":""A"",""dns.query.class"":""IN""}]",0x979E8400000100010000000116697076342D7765752D6F692D6F64732D637365732D660A776573746575726F706508636C6F756461707005617A75726503636F6D0000010001C00C000100010000000A00040D45411D00002904D0000000000000,".","1887dcc7-c0ac-4680-926f-423f119d5e13","7/27/2023, 2:33:26.102 PM","in_windowsdns_auditanalytics_sentinel_windows","im_etw","172.18.88.20","N/A",,1,0,,,,,,,,,"NXLog_DNS_Server_CL",
"0b2a9277-f48f-49f6-b78d-d8bfd6dea87a",RestAPI,,,"7/27/2023, 2:33:26.670 PM",,,,,,,,,,,,,,,,,,,,,,"[{""dns.answer.name"":""0b2a9277-f48f-49f6-b78d-d8bfd6dea87a.ods.opinsights.azure.com"",""dns.answer.type"":""CNAME"",""dns.answer.class"":""IN"",""dns.answer.ttl"":48,""dns.answer.data"":""opinsightsweuods.trafficmanager.net""},{""dns.answer.name"":""opinsightsweuods.trafficmanager.net"",""dns.answer.type"":""CNAME"",""dns.answer.class"":""IN"",""dns.answer.ttl"":48,""dns.answer.data"":""ipv4-weu-oi-ods-cses-f.westeurope.cloudapp.azure.com""},{""dns.answer.name"":""ipv4-weu-oi-ods-cses-f.westeurope.cloudapp.azure.com"",""dns.answer.type"":""A"",""dns.answer.class"":""IN"",""dns.answer.ttl"":9,""dns.answer.data"":""13.69.65.29""}]",,"Microsoft-Windows-DNSServer","eb79061a-a566-4698-9119-3ed2807060e7",257,0,16,"Microsoft-Windows-DNS-Server/Analytical ",4,"Information ",0,1,"LOOK_UP ",9223372036854775810,"7/27/2023, 2:33:24.126 PM",2908,4028,INFO,2,INFO,windns,"NT AUTHORITY",SYSTEM,"S-1-5-18",User,33152,0,"172.18.88.20",,,"0b2a9277-f48f-49f6-b78d-d8bfd6dea87a.ods.opinsights.azure.com.",1,35406,63708,35406,true,false,false,QUERY,true,NOERROR,false,false,true,"[{""dns.query.name"":""0b2a9277-f48f-49f6-b78d-d8bfd6dea87a.ods.opinsights.azure.com"",""dns.query.type"":""A"",""dns.query.class"":""IN""}]",0x8A4E818000010003000000002430623261393237372D663438662D343966362D623738642D643862666436646561383761036F64730A6F70696E73696768747305617A75726503636F6D0000010001C00C00050001000000300025106F70696E7369676874737765756F64730E747261666669636D616E61676572036E657400C05B0005000100000030002D16697076342D7765752D6F692D6F64732D637365732D660A776573746575726F706508636C6F7564617070C040C08C000100010000000900040D45411D,"VirtualizationInstance:.","1887dcc7-c0ac-4680-926f-423f119d5e13","7/27/2023, 2:33:26.617 PM","in_windowsdns_auditanalytics_sentinel_windows","im_etw","172.18.88.20","N/A","172.18.88.20",0,0,0,0,Default,"..Cache",NULL,,25,,"NXLog_DNS_Server_CL",
"0b2a9277-f48f-49f6-b78d-d8bfd6dea87a",RestAPI,,,"7/27/2023, 2:45:53.614 PM",,,,,,,,,,,,,,,,,,,,,,,,"Microsoft-Windows-DNSServer","eb79061a-a566-4698-9119-3ed2807060e7",256,0,16,"Microsoft-Windows-DNS-Server/Analytical ",4,"Information ",0,1,"LOOK_UP ",9223372036854775809,"7/27/2023, 2:45:50.955 PM",2908,4024,INFO,2,INFO,windns,"NT AUTHORITY",SYSTEM,"S-1-5-18",User,256,0,"172.18.88.20","172.18.88.20",1,"0b2a9277-f48f-49f6-b78d-d8bfd6dea87a.ods.opinsights.azure.com.",1,49031,59522,49031,true,false,false,QUERY,false,NOERROR,false,false,false,"[{""dns.query.name"":""0b2a9277-f48f-49f6-b78d-d8bfd6dea87a.ods.opinsights.azure.com"",""dns.query.type"":""A"",""dns.query.class"":""IN""}]",0xBF87010000010000000000002430623261393237372D663438662D343966362D623738642D643862666436646561383761036F64730A6F70696E73696768747305617A75726503636F6D0000010001,".","732a6fe5-2031-48de-b432-a7914d5f58e4","7/27/2023, 2:45:52.974 PM","in_windowsdns_auditanalytics_sentinel_windows","im_etw","172.18.88.20","N/A",,,,,,,,,,,,"NXLog_DNS_Server_CL",
"0b2a9277-f48f-49f6-b78d-d8bfd6dea87a",RestAPI,,,"7/27/2023, 2:45:53.614 PM",,,,,,,,,,,,,,,,,,,,,,,,"Microsoft-Windows-DNSServer","eb79061a-a566-4698-9119-3ed2807060e7",279,0,16,"Microsoft-Windows-DNS-Server/Analytical ",4,"Information ",0,1,"LOOK_UP ",9223372071214514176,"7/27/2023, 2:45:50.955 PM",2908,4024,INFO,2,INFO,windns,"NT AUTHORITY",SYSTEM,"S-1-5-18",User,33152,0,"172.18.88.20","172.18.88.20",1,"opinsightsweuods.trafficmanager.net.",1,49031,59522,49031,true,false,false,QUERY,true,NOERROR,false,false,true,"[{""dns.query.name"":""0b2a9277-f48f-49f6-b78d-d8bfd6dea87a.ods.opinsights.azure.com"",""dns.query.type"":""A"",""dns.query.class"":""IN""}]",0xBF87818000010001000000002430623261393237372D663438662D343966362D623738642D643862666436646561383761036F64730A6F70696E73696768747305617A75726503636F6D0000010001,,,"7/27/2023, 2:45:52.974 PM","in_windowsdns_auditanalytics_sentinel_windows","im_etw","172.18.88.20","N/A",,,,,,,,,,,"N/A","NXLog_DNS_Server_CL",
"0b2a9277-f48f-49f6-b78d-d8bfd6dea87a",RestAPI,,,"7/27/2023, 2:45:53.614 PM",,,,,,,,,,,,,,,,,,,,,,,,"Microsoft-Windows-DNSServer","eb79061a-a566-4698-9119-3ed2807060e7",279,0,16,"Microsoft-Windows-DNS-Server/Analytical ",4,"Information ",0,1,"LOOK_UP ",9223372071214514176,"7/27/2023, 2:45:50.955 PM",2908,4024,INFO,2,INFO,windns,"NT AUTHORITY",SYSTEM,"S-1-5-18",User,33152,0,"172.18.88.20","172.18.88.20",1,"ipv4-weu-oi-ods-cses-i.westeurope.cloudapp.azure.com.",1,49031,59522,49031,true,false,false,QUERY,true,NOERROR,false,false,true,"[{""dns.query.name"":""0b2a9277-f48f-49f6-b78d-d8bfd6dea87a.ods.opinsights.azure.com"",""dns.query.type"":""A"",""dns.query.class"":""IN""}]",0xBF87818000010002000000002430623261393237372D663438662D343966362D623738642D643862666436646561383761036F64730A6F70696E73696768747305617A75726503636F6D0000010001,,,"7/27/2023, 2:45:52.974 PM","in_windowsdns_auditanalytics_sentinel_windows","im_etw","172.18.88.20","N/A",,,,,,,,,,,"N/A","NXLog_DNS_Server_CL",
"0b2a9277-f48f-49f6-b78d-d8bfd6dea87a",RestAPI,,,"7/27/2023, 2:45:53.614 PM",,,,,,,,,,,,,,,,,,49031,,".",Default,,,"Microsoft-Windows-DNSServer","eb79061a-a566-4698-9119-3ed2807060e7",260,0,16,"Microsoft-Windows-DNS-Server/Analytical ",4,"Information ",0,2,"RECURSE_QUERY ",9223372036854775824,"7/27/2023, 2:45:50.955 PM",2908,4024,INFO,2,INFO,windns,"NT AUTHORITY",SYSTEM,"S-1-5-18",User,0,0,"0.0.0.0",,0,"ipv4-weu-oi-ods-cses-i.westeurope.cloudapp.azure.com.",1,44743,0,44743,false,false,false,QUERY,false,NOERROR,false,false,false,"[{""dns.query.name"":""ipv4-weu-oi-ods-cses-i.westeurope.cloudapp.azure.com"",""dns.query.type"":""A"",""dns.query.class"":""IN""}]",0xAEC70000000100000000000116697076342D7765752D6F692D6F64732D637365732D690A776573746575726F706508636C6F756461707005617A75726503636F6D00000100010000290FA0000000000000,".","732a6fe5-2031-48de-b432-a7914d5f58e4","7/27/2023, 2:45:52.974 PM","in_windowsdns_auditanalytics_sentinel_windows","im_etw","172.18.88.20","N/A","13.107.236.201",,,,,,,NULL,,,,"NXLog_DNS_Server_CL",
"0b2a9277-f48f-49f6-b78d-d8bfd6dea87a",RestAPI,,,"7/27/2023, 2:45:53.614 PM",,,,,,,,,,,,,,,,,,,1,".",Default,"[{""dns.answer.name"":""ipv4-weu-oi-ods-cses-i.westeurope.cloudapp.azure.com"",""dns.answer.type"":""A"",""dns.answer.class"":""IN"",""dns.answer.ttl"":10,""dns.answer.data"":""104.40.170.64""}]",0,"Microsoft-Windows-DNSServer","eb79061a-a566-4698-9119-3ed2807060e7",261,0,16,"Microsoft-Windows-DNS-Server/Analytical ",4,"Information ",0,2,"RECURSE_QUERY ",9223372036854775840,"7/27/2023, 2:45:50.991 PM",2908,4024,INFO,2,INFO,windns,"NT AUTHORITY",SYSTEM,"S-1-5-18",User,33792,0,"0.0.0.0","13.107.236.201",,"ipv4-weu-oi-ods-cses-i.westeurope.cloudapp.azure.com.",1,44743,0,44743,false,false,true,QUERY,true,NOERROR,false,false,false,"[{""dns.query.name"":""ipv4-weu-oi-ods-cses-i.westeurope.cloudapp.azure.com"",""dns.query.type"":""A"",""dns.query.class"":""IN""}]",0xAEC78400000100010000000116697076342D7765752D6F692D6F64732D637365732D690A776573746575726F706508636C6F756461707005617A75726503636F6D0000010001C00C000100010000000A00046828AA4000002904D0000000000000,".","732a6fe5-2031-48de-b432-a7914d5f58e4","7/27/2023, 2:45:52.974 PM","in_windowsdns_auditanalytics_sentinel_windows","im_etw","172.18.88.20","N/A",,1,0,,,,,,,,,"NXLog_DNS_Server_CL",
"0b2a9277-f48f-49f6-b78d-d8bfd6dea87a",RestAPI,,,"7/27/2023, 2:45:53.614 PM",,,,,,,,,,,,,,,,,,,,,,"[{""dns.answer.name"":""0b2a9277-f48f-49f6-b78d-d8bfd6dea87a.ods.opinsights.azure.com"",""dns.answer.type"":""CNAME"",""dns.answer.class"":""IN"",""dns.answer.ttl"":51,""dns.answer.data"":""opinsightsweuods.trafficmanager.net""},{""dns.answer.name"":""opinsightsweuods.trafficmanager.net"",""dns.answer.type"":""CNAME"",""dns.answer.class"":""IN"",""dns.answer.ttl"":51,""dns.answer.data"":""ipv4-weu-oi-ods-cses-i.westeurope.cloudapp.azure.com""},{""dns.answer.name"":""ipv4-weu-oi-ods-cses-i.westeurope.cloudapp.azure.com"",""dns.answer.type"":""A"",""dns.answer.class"":""IN"",""dns.answer.ttl"":9,""dns.answer.data"":""104.40.170.64""}]",,"Microsoft-Windows-DNSServer","eb79061a-a566-4698-9119-3ed2807060e7",257,0,16,"Microsoft-Windows-DNS-Server/Analytical ",4,"Information ",0,1,"LOOK_UP ",9223372036854775810,"7/27/2023, 2:45:50.991 PM",2908,4024,INFO,2,INFO,windns,"NT AUTHORITY",SYSTEM,"S-1-5-18",User,33152,0,"172.18.88.20",,,"0b2a9277-f48f-49f6-b78d-d8bfd6dea87a.ods.opinsights.azure.com.",1,49031,59522,49031,true,false,false,QUERY,true,NOERROR,false,false,true,"[{""dns.query.name"":""0b2a9277-f48f-49f6-b78d-d8bfd6dea87a.ods.opinsights.azure.com"",""dns.query.type"":""A"",""dns.query.class"":""IN""}]",0xBF87818000010003000000002430623261393237372D663438662D343966362D623738642D643862666436646561383761036F64730A6F70696E73696768747305617A75726503636F6D0000010001C00C00050001000000330025106F70696E7369676874737765756F64730E747261666669636D616E61676572036E657400C05B0005000100000033002D16697076342D7765752D6F692D6F64732D637365732D690A776573746575726F706508636C6F7564617070C040C08C000100010000000900046828AA40,"VirtualizationInstance:.","732a6fe5-2031-48de-b432-a7914d5f58e4","7/27/2023, 2:45:52.974 PM","in_windowsdns_auditanalytics_sentinel_windows","im_etw","172.18.88.20","N/A","172.18.88.20",0,0,0,0,Default,"..Cache",NULL,,37,,"NXLog_DNS_Server_CL",
"0b2a9277-f48f-49f6-b78d-d8bfd6dea87a",RestAPI,,,"7/27/2023, 2:45:53.614 PM",,,,,,,,,,,,,,,,,,,,,,,,"Microsoft-Windows-DNSServer","eb79061a-a566-4698-9119-3ed2807060e7",256,0,16,"Microsoft-Windows-DNS-Server/Analytical ",4,"Information ",0,1,"LOOK_UP ",9223372036854775809,"7/27/2023, 2:45:51.157 PM",2908,4024,INFO,2,INFO,windns,"NT AUTHORITY",SYSTEM,"S-1-5-18",User,256,0,"172.18.88.20","172.18.88.20",1,"wpad.local.",1,22213,54472,22213,true,false,false,QUERY,false,NOERROR,false,false,false,"[{""dns.query.name"":""wpad.local"",""dns.query.type"":""A"",""dns.query.class"":""IN""}]",0x56C5010000010000000000000477706164056C6F63616C0000010001,".","8ca533b1-9afb-4bbd-bd9e-3c2787c4a8b9","7/27/2023, 2:45:52.974 PM","in_windowsdns_auditanalytics_sentinel_windows","im_etw","172.18.88.20","N/A",,,,,,,,,,,,"NXLog_DNS_Server_CL",
"0b2a9277-f48f-49f6-b78d-d8bfd6dea87a",RestAPI,,,"7/27/2023, 2:45:53.614 PM",,,,,,,,,,,,,,,,,,,,,,,,"Microsoft-Windows-DNSServer","eb79061a-a566-4698-9119-3ed2807060e7",257,0,16,"Microsoft-Windows-DNS-Server/Analytical ",4,"Information ",0,1,"LOOK_UP ",9223372036854775810,"7/27/2023, 2:45:51.157 PM",2908,4024,INFO,2,INFO,windns,"NT AUTHORITY",SYSTEM,"S-1-5-18",User,34179,0,"172.18.88.20",,,"wpad.local.",1,22213,54472,22213,true,false,true,QUERY,true,NXDOMAIN,false,false,true,"[{""dns.query.name"":""wpad.local"",""dns.query.type"":""A"",""dns.query.class"":""IN""}]",0x56C5858300010000000100000477706164056C6F63616C0000010001056C6F63616C000006000100000E10002A0677696E646E73C01C0A686F73746D6173746572C01C0000001500000384000002580001518000000E10,"VirtualizationInstance:.","8ca533b1-9afb-4bbd-bd9e-3c2787c4a8b9","7/27/2023, 2:45:52.974 PM","in_windowsdns_auditanalytics_sentinel_windows","im_etw","172.18.88.20","N/A","172.18.88.20",1,0,0,3,Default,local,NULL,"[{""dns.authority.name"":""local"",""dns.authority.type"":""SOA"",""dns.authority.class"":""IN"",""dns.authority.ttl"":3600,""dns.soa.data.name_server"":""windns.local"",""dns.soa.data.auth_mailbox"":""hostmaster.local"",""dns.soa.data.serial_number"":21,""dns.soa.data.refresh_interval"":900,""dns.soa.data.retry_interval"":600,""dns.soa.data.expire_limit"":86400,""dns.soa.data.min_ttl"":3600}]",0,,"NXLog_DNS_Server_CL",
"0b2a9277-f48f-49f6-b78d-d8bfd6dea87a",RestAPI,,,"7/27/2023, 2:20:55.180 PM",,,,,,,,,,,,,,,,,,,,,,,,"Microsoft-Windows-DNSServer","eb79061a-a566-4698-9119-3ed2807060e7",256,0,16,"Microsoft-Windows-DNS-Server/Analytical ",4,"Information ",0,1,"LOOK_UP ",9223372036854775809,"7/27/2023, 2:20:52.670 PM",2908,4028,INFO,2,INFO,windns,"NT AUTHORITY",SYSTEM,"S-1-5-18",User,256,0,"172.18.88.20","172.18.88.20",1,"0b2a9277-f48f-49f6-b78d-d8bfd6dea87a.ods.opinsights.azure.com.",1,13415,51671,13415,true,false,false,QUERY,false,NOERROR,false,false,false,"[{""dns.query.name"":""0b2a9277-f48f-49f6-b78d-d8bfd6dea87a.ods.opinsights.azure.com"",""dns.query.type"":""A"",""dns.query.class"":""IN""}]",0x3467010000010000000000002430623261393237372D663438662D343966362D623738642D643862666436646561383761036F64730A6F70696E73696768747305617A75726503636F6D0000010001,".","b8096a51-8a8f-4a4b-8311-609c81e6e5ee","7/27/2023, 2:20:54.707 PM","in_windowsdns_auditanalytics_sentinel_windows","im_etw","172.18.88.20","N/A",,,,,,,,,,,,"NXLog_DNS_Server_CL",
"0b2a9277-f48f-49f6-b78d-d8bfd6dea87a",RestAPI,,,"7/27/2023, 2:20:55.180 PM",,,,,,,,,,,,,,,,,,,,,,,,"Microsoft-Windows-DNSServer","eb79061a-a566-4698-9119-3ed2807060e7",279,0,16,"Microsoft-Windows-DNS-Server/Analytical ",4,"Information ",0,1,"LOOK_UP ",9223372071214514176,"7/27/2023, 2:20:52.671 PM",2908,4028,INFO,2,INFO,windns,"NT AUTHORITY",SYSTEM,"S-1-5-18",User,33152,0,"172.18.88.20","172.18.88.20",1,"opinsightsweuods.trafficmanager.net.",1,13415,51671,13415,true,false,false,QUERY,true,NOERROR,false,false,true,"[{""dns.query.name"":""0b2a9277-f48f-49f6-b78d-d8bfd6dea87a.ods.opinsights.azure.com"",""dns.query.type"":""A"",""dns.query.class"":""IN""}]",0x3467818000010001000000002430623261393237372D663438662D343966362D623738642D643862666436646561383761036F64730A6F70696E73696768747305617A75726503636F6D0000010001,,,"7/27/2023, 2:20:54.707 PM","in_windowsdns_auditanalytics_sentinel_windows","im_etw","172.18.88.20","N/A",,,,,,,,,,,"N/A","NXLog_DNS_Server_CL",
"0b2a9277-f48f-49f6-b78d-d8bfd6dea87a",RestAPI,,,"7/27/2023, 2:20:55.180 PM",,,,,,,,,,,,,,,,,,,,,,,,"Microsoft-Windows-DNSServer","eb79061a-a566-4698-9119-3ed2807060e7",279,0,16,"Microsoft-Windows-DNS-Server/Analytical ",4,"Information ",0,1,"LOOK_UP ",9223372071214514176,"7/27/2023, 2:20:52.671 PM",2908,4028,INFO,2,INFO,windns,"NT AUTHORITY",SYSTEM,"S-1-5-18",User,33152,0,"172.18.88.20","172.18.88.20",1,"ipv4-weu-oi-ods-cses-f.westeurope.cloudapp.azure.com.",1,13415,51671,13415,true,false,false,QUERY,true,NOERROR,false,false,true,"[{""dns.query.name"":""0b2a9277-f48f-49f6-b78d-d8bfd6dea87a.ods.opinsights.azure.com"",""dns.query.type"":""A"",""dns.query.class"":""IN""}]",0x3467818000010002000000002430623261393237372D663438662D343966362D623738642D643862666436646561383761036F64730A6F70696E73696768747305617A75726503636F6D0000010001,,,"7/27/2023, 2:20:54.707 PM","in_windowsdns_auditanalytics_sentinel_windows","im_etw","172.18.88.20","N/A",,,,,,,,,,,"N/A","NXLog_DNS_Server_CL",
"0b2a9277-f48f-49f6-b78d-d8bfd6dea87a",RestAPI,,,"7/27/2023, 2:20:55.180 PM",,,,,,,,,,,,,,,,,,13415,,".",Default,,,"Microsoft-Windows-DNSServer","eb79061a-a566-4698-9119-3ed2807060e7",260,0,16,"Microsoft-Windows-DNS-Server/Analytical ",4,"Information ",0,2,"RECURSE_QUERY ",9223372036854775824,"7/27/2023, 2:20:52.671 PM",2908,4028,INFO,2,INFO,windns,"NT AUTHORITY",SYSTEM,"S-1-5-18",User,0,0,"0.0.0.0",,0,"ipv4-weu-oi-ods-cses-f.westeurope.cloudapp.azure.com.",1,55181,0,55181,false,false,false,QUERY,false,NOERROR,false,false,false,"[{""dns.query.name"":""ipv4-weu-oi-ods-cses-f.westeurope.cloudapp.azure.com"",""dns.query.type"":""A"",""dns.query.class"":""IN""}]",0xD78D0000000100000000000116697076342D7765752D6F692D6F64732D637365732D660A776573746575726F706508636C6F756461707005617A75726503636F6D00000100010000290FA0000000000000,".","b8096a51-8a8f-4a4b-8311-609c81e6e5ee","7/27/2023, 2:20:54.707 PM","in_windowsdns_auditanalytics_sentinel_windows","im_etw","172.18.88.20","N/A","150.171.10.201",,,,,,,NULL,,,,"NXLog_DNS_Server_CL",
"0b2a9277-f48f-49f6-b78d-d8bfd6dea87a",RestAPI,,,"7/27/2023, 2:20:55.180 PM",,,,,,,,,,,,,,,,,,,1,".",Default,"[{""dns.answer.name"":""ipv4-weu-oi-ods-cses-f.westeurope.cloudapp.azure.com"",""dns.answer.type"":""A"",""dns.answer.class"":""IN"",""dns.answer.ttl"":10,""dns.answer.data"":""13.69.65.29""}]",0,"Microsoft-Windows-DNSServer","eb79061a-a566-4698-9119-3ed2807060e7",261,0,16,"Microsoft-Windows-DNS-Server/Analytical ",4,"Information ",0,2,"RECURSE_QUERY ",9223372036854775840,"7/27/2023, 2:20:52.701 PM",2908,4028,INFO,2,INFO,windns,"NT AUTHORITY",SYSTEM,"S-1-5-18",User,33792,0,"0.0.0.0","150.171.10.201",,"ipv4-weu-oi-ods-cses-f.westeurope.cloudapp.azure.com.",1,55181,0,55181,false,false,true,QUERY,true,NOERROR,false,false,false,"[{""dns.query.name"":""ipv4-weu-oi-ods-cses-f.westeurope.cloudapp.azure.com"",""dns.query.type"":""A"",""dns.query.class"":""IN""}]",0xD78D8400000100010000000116697076342D7765752D6F692D6F64732D637365732D660A776573746575726F706508636C6F756461707005617A75726503636F6D0000010001C00C000100010000000A00040D45411D00002904D0000000000000,".","b8096a51-8a8f-4a4b-8311-609c81e6e5ee","7/27/2023, 2:20:54.707 PM","in_windowsdns_auditanalytics_sentinel_windows","im_etw","172.18.88.20","N/A",,1,0,,,,,,,,,"NXLog_DNS_Server_CL",
"0b2a9277-f48f-49f6-b78d-d8bfd6dea87a",RestAPI,,,"7/27/2023, 2:20:55.180 PM",,,,,,,,,,,,,,,,,,,,,,"[{""dns.answer.name"":""0b2a9277-f48f-49f6-b78d-d8bfd6dea87a.ods.opinsights.azure.com"",""dns.answer.type"":""CNAME"",""dns.answer.class"":""IN"",""dns.answer.ttl"":48,""dns.answer.data"":""opinsightsweuods.trafficmanager.net""},{""dns.answer.name"":""opinsightsweuods.trafficmanager.net"",""dns.answer.type"":""CNAME"",""dns.answer.class"":""IN"",""dns.answer.ttl"":48,""dns.answer.data"":""ipv4-weu-oi-ods-cses-f.westeurope.cloudapp.azure.com""},{""dns.answer.name"":""ipv4-weu-oi-ods-cses-f.westeurope.cloudapp.azure.com"",""dns.answer.type"":""A"",""dns.answer.class"":""IN"",""dns.answer.ttl"":9,""dns.answer.data"":""13.69.65.29""}]",,"Microsoft-Windows-DNSServer","eb79061a-a566-4698-9119-3ed2807060e7",257,0,16,"Microsoft-Windows-DNS-Server/Analytical ",4,"Information ",0,1,"LOOK_UP ",9223372036854775810,"7/27/2023, 2:20:52.702 PM",2908,4028,INFO,2,INFO,windns,"NT AUTHORITY",SYSTEM,"S-1-5-18",User,33152,0,"172.18.88.20",,,"0b2a9277-f48f-49f6-b78d-d8bfd6dea87a.ods.opinsights.azure.com.",1,13415,51671,13415,true,false,false,QUERY,true,NOERROR,false,false,true,"[{""dns.query.name"":""0b2a9277-f48f-49f6-b78d-d8bfd6dea87a.ods.opinsights.azure.com"",""dns.query.type"":""A"",""dns.query.class"":""IN""}]",0x3467818000010003000000002430623261393237372D663438662D343966362D623738642D643862666436646561383761036F64730A6F70696E73696768747305617A75726503636F6D0000010001C00C00050001000000300025106F70696E7369676874737765756F64730E747261666669636D616E61676572036E657400C05B0005000100000030002D16697076342D7765752D6F692D6F64732D637365732D660A776573746575726F706508636C6F7564617070C040C08C000100010000000900040D45411D,"VirtualizationInstance:.","b8096a51-8a8f-4a4b-8311-609c81e6e5ee","7/27/2023, 2:20:55.208 PM","in_windowsdns_auditanalytics_sentinel_windows","im_etw","172.18.88.20","N/A","172.18.88.20",0,0,0,0,Default,"..Cache",NULL,,31,,"NXLog_DNS_Server_CL",
"0b2a9277-f48f-49f6-b78d-d8bfd6dea87a",RestAPI,,,"7/27/2023, 2:33:31.978 PM",,,,,,,,,,,,,,,,,,,,,,,,"Microsoft-Windows-DNSServer","eb79061a-a566-4698-9119-3ed2807060e7",256,0,16,"Microsoft-Windows-DNS-Server/Analytical ",4,"Information ",0,1,"LOOK_UP ",9223372036854775809,"7/27/2023, 2:33:29.392 PM",2908,4028,INFO,2,INFO,windns,"NT AUTHORITY",SYSTEM,"S-1-5-18",User,256,0,"172.18.88.20","172.18.88.20",1,"0b2a9277-f48f-49f6-b78d-d8bfd6dea87a.ods.opinsights.azure.com.",1,5114,57920,5114,true,false,false,QUERY,false,NOERROR,false,false,false,"[{""dns.query.name"":""0b2a9277-f48f-49f6-b78d-d8bfd6dea87a.ods.opinsights.azure.com"",""dns.query.type"":""A"",""dns.query.class"":""IN""}]",0x13FA010000010000000000002430623261393237372D663438662D343966362D623738642D643862666436646561383761036F64730A6F70696E73696768747305617A75726503636F6D0000010001,".","fcea8ae5-d9a2-4778-b2c1-393abc3c1baa","7/27/2023, 2:33:31.429 PM","in_windowsdns_auditanalytics_sentinel_windows","im_etw","172.18.88.20","N/A",,,,,,,,,,,,"NXLog_DNS_Server_CL",
"0b2a9277-f48f-49f6-b78d-d8bfd6dea87a",RestAPI,,,"7/27/2023, 2:33:31.978 PM",,,,,,,,,,,,,,,,,,,,,,,,"Microsoft-Windows-DNSServer","eb79061a-a566-4698-9119-3ed2807060e7",279,0,16,"Microsoft-Windows-DNS-Server/Analytical ",4,"Information ",0,1,"LOOK_UP ",9223372071214514176,"7/27/2023, 2:33:29.392 PM",2908,4028,INFO,2,INFO,windns,"NT AUTHORITY",SYSTEM,"S-1-5-18",User,33152,0,"172.18.88.20","172.18.88.20",1,"opinsightsweuods.trafficmanager.net.",1,5114,57920,5114,true,false,false,QUERY,true,NOERROR,false,false,true,"[{""dns.query.name"":""0b2a9277-f48f-49f6-b78d-d8bfd6dea87a.ods.opinsights.azure.com"",""dns.query.type"":""A"",""dns.query.class"":""IN""}]",0x13FA818000010001000000002430623261393237372D663438662D343966362D623738642D643862666436646561383761036F64730A6F70696E73696768747305617A75726503636F6D0000010001,,,"7/27/2023, 2:33:31.930 PM","in_windowsdns_auditanalytics_sentinel_windows","im_etw","172.18.88.20","N/A",,,,,,,,,,,"N/A","NXLog_DNS_Server_CL",
"0b2a9277-f48f-49f6-b78d-d8bfd6dea87a",RestAPI,,,"7/27/2023, 2:33:31.978 PM",,,,,,,,,,,,,,,,,,,,,,,,"Microsoft-Windows-DNSServer","eb79061a-a566-4698-9119-3ed2807060e7",279,0,16,"Microsoft-Windows-DNS-Server/Analytical ",4,"Information ",0,1,"LOOK_UP ",9223372071214514176,"7/27/2023, 2:33:29.392 PM",2908,4028,INFO,2,INFO,windns,"NT AUTHORITY",SYSTEM,"S-1-5-18",User,33152,0,"172.18.88.20","172.18.88.20",1,"ipv4-weu-oi-ods-cses-f.westeurope.cloudapp.azure.com.",1,5114,57920,5114,true,false,false,QUERY,true,NOERROR,false,false,true,"[{""dns.query.name"":""0b2a9277-f48f-49f6-b78d-d8bfd6dea87a.ods.opinsights.azure.com"",""dns.query.type"":""A"",""dns.query.class"":""IN""}]",0x13FA818000010002000000002430623261393237372D663438662D343966362D623738642D643862666436646561383761036F64730A6F70696E73696768747305617A75726503636F6D0000010001,,,"7/27/2023, 2:33:31.930 PM","in_windowsdns_auditanalytics_sentinel_windows","im_etw","172.18.88.20","N/A",,,,,,,,,,,"N/A","NXLog_DNS_Server_CL",
"0b2a9277-f48f-49f6-b78d-d8bfd6dea87a",RestAPI,,,"7/27/2023, 2:33:31.978 PM",,,,,,,,,,,,,,,,,,,,,,"[{""dns.answer.name"":""0b2a9277-f48f-49f6-b78d-d8bfd6dea87a.ods.opinsights.azure.com"",""dns.answer.type"":""CNAME"",""dns.answer.class"":""IN"",""dns.answer.ttl"":43,""dns.answer.data"":""opinsightsweuods.trafficmanager.net""},{""dns.answer.name"":""opinsightsweuods.trafficmanager.net"",""dns.answer.type"":""CNAME"",""dns.answer.class"":""IN"",""dns.answer.ttl"":43,""dns.answer.data"":""ipv4-weu-oi-ods-cses-f.westeurope.cloudapp.azure.com""},{""dns.answer.name"":""ipv4-weu-oi-ods-cses-f.westeurope.cloudapp.azure.com"",""dns.answer.type"":""A"",""dns.answer.class"":""IN"",""dns.answer.ttl"":4,""dns.answer.data"":""13.69.65.29""}]",,"Microsoft-Windows-DNSServer","eb79061a-a566-4698-9119-3ed2807060e7",257,0,16,"Microsoft-Windows-DNS-Server/Analytical ",4,"Information ",0,1,"LOOK_UP ",9223372036854775810,"7/27/2023, 2:33:29.392 PM",2908,4028,INFO,2,INFO,windns,"NT AUTHORITY",SYSTEM,"S-1-5-18",User,33152,0,"172.18.88.20",,,"0b2a9277-f48f-49f6-b78d-d8bfd6dea87a.ods.opinsights.azure.com.",1,5114,57920,5114,true,false,false,QUERY,true,NOERROR,false,false,true,"[{""dns.query.name"":""0b2a9277-f48f-49f6-b78d-d8bfd6dea87a.ods.opinsights.azure.com"",""dns.query.type"":""A"",""dns.query.class"":""IN""}]",0x13FA818000010003000000002430623261393237372D663438662D343966362D623738642D643862666436646561383761036F64730A6F70696E73696768747305617A75726503636F6D0000010001C00C000500010000002B0025106F70696E7369676874737765756F64730E747261666669636D616E61676572036E657400C05B000500010000002B002D16697076342D7765752D6F692D6F64732D637365732D660A776573746575726F706508636C6F7564617070C040C08C000100010000000400040D45411D,"VirtualizationInstance:.","fcea8ae5-d9a2-4778-b2c1-393abc3c1baa","7/27/2023, 2:33:31.930 PM","in_windowsdns_auditanalytics_sentinel_windows","im_etw","172.18.88.20","N/A","172.18.88.20",0,0,0,0,Default,"..Cache",NULL,,1,,"NXLog_DNS_Server_CL",
"0b2a9277-f48f-49f6-b78d-d8bfd6dea87a",RestAPI,,,"7/27/2023, 2:46:06.225 PM",,,,,,,,,,,,,,,,,,,,,,,,"Microsoft-Windows-DNSServer","eb79061a-a566-4698-9119-3ed2807060e7",256,0,16,"Microsoft-Windows-DNS-Server/Analytical ",4,"Information ",0,1,"LOOK_UP ",9223372036854775809,"7/27/2023, 2:46:03.524 PM",2908,4024,INFO,2,INFO,windns,"NT AUTHORITY",SYSTEM,"S-1-5-18",User,256,0,"172.18.88.20","172.18.88.20",1,"0b2a9277-f48f-49f6-b78d-d8bfd6dea87a.ods.opinsights.azure.com.",1,27382,52544,27382,true,false,false,QUERY,false,NOERROR,false,false,false,"[{""dns.query.name"":""0b2a9277-f48f-49f6-b78d-d8bfd6dea87a.ods.opinsights.azure.com"",""dns.query.type"":""A"",""dns.query.class"":""IN""}]",0x6AF6010000010000000000002430623261393237372D663438662D343966362D623738642D643862666436646561383761036F64730A6F70696E73696768747305617A75726503636F6D0000010001,".","1978aa6b-6fc4-499b-b1f9-e6914be13089","7/27/2023, 2:46:05.583 PM","in_windowsdns_auditanalytics_sentinel_windows","im_etw","172.18.88.20","N/A",,,,,,,,,,,,"NXLog_DNS_Server_CL",
"0b2a9277-f48f-49f6-b78d-d8bfd6dea87a",RestAPI,,,"7/27/2023, 2:46:06.225 PM",,,,,,,,,,,,,,,,,,,,,,,,"Microsoft-Windows-DNSServer","eb79061a-a566-4698-9119-3ed2807060e7",279,0,16,"Microsoft-Windows-DNS-Server/Analytical ",4,"Information ",0,1,"LOOK_UP ",9223372071214514176,"7/27/2023, 2:46:03.524 PM",2908,4024,INFO,2,INFO,windns,"NT AUTHORITY",SYSTEM,"S-1-5-18",User,33152,0,"172.18.88.20","172.18.88.20",1,"opinsightsweuods.trafficmanager.net.",1,27382,52544,27382,true,false,false,QUERY,true,NOERROR,false,false,true,"[{""dns.query.name"":""0b2a9277-f48f-49f6-b78d-d8bfd6dea87a.ods.opinsights.azure.com"",""dns.query.type"":""A"",""dns.query.class"":""IN""}]",0x6AF6818000010001000000002430623261393237372D663438662D343966362D623738642D643862666436646561383761036F64730A6F70696E73696768747305617A75726503636F6D0000010001,,,"7/27/2023, 2:46:05.583 PM","in_windowsdns_auditanalytics_sentinel_windows","im_etw","172.18.88.20","N/A",,,,,,,,,,,"N/A","NXLog_DNS_Server_CL",
"0b2a9277-f48f-49f6-b78d-d8bfd6dea87a",RestAPI,,,"7/27/2023, 2:46:06.225 PM",,,,,,,,,,,,,,,,,,,,,,,,"Microsoft-Windows-DNSServer","eb79061a-a566-4698-9119-3ed2807060e7",279,0,16,"Microsoft-Windows-DNS-Server/Analytical ",4,"Information ",0,1,"LOOK_UP ",9223372071214514176,"7/27/2023, 2:46:03.524 PM",2908,4024,INFO,2,INFO,windns,"NT AUTHORITY",SYSTEM,"S-1-5-18",User,33152,0,"172.18.88.20","172.18.88.20",1,"ipv4-weu-oi-ods-cses-i.westeurope.cloudapp.azure.com.",1,27382,52544,27382,true,false,false,QUERY,true,NOERROR,false,false,true,"[{""dns.query.name"":""0b2a9277-f48f-49f6-b78d-d8bfd6dea87a.ods.opinsights.azure.com"",""dns.query.type"":""A"",""dns.query.class"":""IN""}]",0x6AF6818000010002000000002430623261393237372D663438662D343966362D623738642D643862666436646561383761036F64730A6F70696E73696768747305617A75726503636F6D0000010001,,,"7/27/2023, 2:46:05.583 PM","in_windowsdns_auditanalytics_sentinel_windows","im_etw","172.18.88.20","N/A",,,,,,,,,,,"N/A","NXLog_DNS_Server_CL",
