"00000000-0000-0000-0000-000000000000","4/23/2023, 6:48:26.376 PM",OpsManager,,,"DC1.kustoworks.com","Microsoft-Windows-Security-Auditing",Security,1,0,"<EventData xmlns=""http://schemas.microsoft.com/win/2004/08/events/event"">
  <Data Name=""SubjectUserSid"">S-1-5-21-2496762881-1366215883-1809657155-500</Data>
  <Data Name=""SubjectUserName"">Administrator</Data>
  <Data Name=""SubjectDomainName"">KUSTOWORKS</Data>
  <Data Name=""SubjectLogonId"">0xd7ac8</Data>
  <Data Name=""TaskName"">\CreateExplorerShellUnelevatedTask</Data>
  <Data Name=""TaskContent"">&lt;?xml version=""1.0"" encoding=""UTF-16""?&gt; &lt;Task version=""1.3"" xmlns=""http://schemas.microsoft.com/windows/2004/02/mit/task""&gt;   &lt;RegistrationInfo&gt;     &lt;Author&gt;ExplorerShellUnelevated&lt;/Author&gt;     &lt;URI&gt;\CreateExplorerShellUnelevatedTask&lt;/URI&gt;   &lt;/RegistrationInfo&gt;   &lt;Triggers&gt;     &lt;RegistrationTrigger id=""CreateExplorerShell_Trigger""&gt;       &lt;Enabled&gt;true&lt;/Enabled&gt;       &lt;Delay&gt;PT0S&lt;/Delay&gt;     &lt;/RegistrationTrigger&gt;   &lt;/Triggers&gt;   &lt;Settings&gt;     &lt;MultipleInstancesPolicy&gt;IgnoreNew&lt;/MultipleInstancesPolicy&gt;     &lt;DisallowStartIfOnBatteries&gt;false&lt;/DisallowStartIfOnBatteries&gt;     &lt;StopIfGoingOnBatteries&gt;false&lt;/StopIfGoingOnBatteries&gt;     &lt;AllowHardTerminate&gt;true&lt;/AllowHardTerminate&gt;     &lt;StartWhenAvailable&gt;true&lt;/StartWhenAvailable&gt;     &lt;RunOnlyIfNetworkAvailable&gt;false&lt;/RunOnlyIfNetworkAvailable&gt;     &lt;IdleSettings&gt;       &lt;Duration&gt;PT10M&lt;/Duration&gt;       &lt;WaitTimeout&gt;PT1H&lt;/WaitTimeout&gt;       &lt;StopOnIdleEnd&gt;true&lt;/StopOnIdleEnd&gt;       &lt;RestartOnIdle&gt;false&lt;/RestartOnIdle&gt;     &lt;/IdleSettings&gt;     &lt;AllowStartOnDemand&gt;true&lt;/AllowStartOnDemand&gt;     &lt;Enabled&gt;true&lt;/Enabled&gt;     &lt;Hidden&gt;false&lt;/Hidden&gt;     &lt;RunOnlyIfIdle&gt;false&lt;/RunOnlyIfIdle&gt;     &lt;DisallowStartOnRemoteAppSession&gt;false&lt;/DisallowStartOnRemoteAppSession&gt;     &lt;UseUnifiedSchedulingEngine&gt;true&lt;/UseUnifiedSchedulingEngine&gt;     &lt;WakeToRun&gt;false&lt;/WakeToRun&gt;     &lt;ExecutionTimeLimit&gt;PT72H&lt;/ExecutionTimeLimit&gt;     &lt;Priority&gt;6&lt;/Priority&gt;   &lt;/Settings&gt;   &lt;Actions Context=""Author""&gt;     &lt;Exec&gt;       &lt;Command&gt;C:\Windows\Explorer.EXE&lt;/Command&gt;       &lt;Arguments&gt;/NoUACCheck&lt;/Arguments&gt;     &lt;/Exec&gt;   &lt;/Actions&gt;   &lt;Principals&gt;     &lt;Principal id=""Author""&gt;       &lt;UserId&gt;KUSTOWORKS\Administrator&lt;/UserId&gt;       &lt;LogonType&gt;InteractiveToken&lt;/LogonType&gt;       &lt;RunLevel&gt;LeastPrivilege&lt;/RunLevel&gt;     &lt;/Principal&gt;   &lt;/Principals&gt; &lt;/Task&gt;</Data>
  <Data Name=""ClientProcessStartKey"">14636698788954247</Data>
  <Data Name=""ClientProcessId"">4504</Data>
  <Data Name=""ParentProcessId"">4580</Data>
  <Data Name=""RpcCallClientLocality"">0</Data>
  <Data Name=""FQDN"">DC1.kustoworks.com</Data>
</EventData>",4698,"4698 - A scheduled task was created.","cc046e6c-795c-47b2-a5ae-c9a0645e6d32","cc046e6c-795c-47b2-a5ae-c9a0645e6d33","00000000-0000-0000-0000-000000000001","4/23/2023, 6:54:59.503 PM","AOI-00000000-0000-0000-0000-000000000000",,,,,,,,,,,,,,,,,,,,,,,,,,,,,,,,,,,,,,,,,,,,,,,,,,,,,,,,,,,,,,,,,,,,,,,,,,,,,,,,,,,,,,,,,,,,,,,,,,,,,,,,,,,,,,,,,,,,,,,,,,,,,,,,,,,,,,,,,,,,,,,,,,,,,,,,,,,,,,,,,,,,,,,,,,,,,,,,,,,,,,,,,,,,,,,,,,,,,,,,,,,,,,SecurityEvent,"/subscriptions/00000000-0000-0000-0000-000000000000/resourcegroups/kustoworksarc/providers/microsoft.hybridcompute/machines/dc1"
"00000000-0000-0000-0000-000000000000","4/23/2023, 6:57:27.963 PM",OpsManager,,,"DC1.kustoworks.com","Microsoft-Windows-Security-Auditing",Security,1,0,"<EventData xmlns=""http://schemas.microsoft.com/win/2004/08/events/event"">
  <Data Name=""SubjectUserSid"">S-1-5-18</Data>
  <Data Name=""SubjectUserName"">DC1$</Data>
  <Data Name=""SubjectDomainName"">KUSTOWORKS</Data>
  <Data Name=""SubjectLogonId"">0x3e7</Data>
  <Data Name=""TaskName"">\Microsoft\Windows\Windows Defender\Windows Defender Scheduled Scan</Data>
  <Data Name=""TaskContent"">&lt;?xml version=""1.0"" encoding=""UTF-16""?&gt; &lt;Task version=""1.3"" xmlns=""http://schemas.microsoft.com/windows/2004/02/mit/task""&gt;   &lt;RegistrationInfo&gt;     &lt;Description&gt;Periodic scan task.&lt;/Description&gt;     &lt;URI&gt;\Microsoft\Windows\Windows Defender\Windows Defender Scheduled Scan&lt;/URI&gt;   &lt;/RegistrationInfo&gt;   &lt;Triggers&gt;     &lt;CalendarTrigger&gt;       &lt;StartBoundary&gt;2000-01-01T04:18:03&lt;/StartBoundary&gt;       &lt;EndBoundary&gt;2100-01-01T00:00:00&lt;/EndBoundary&gt;       &lt;Enabled&gt;true&lt;/Enabled&gt;       &lt;ScheduleByDay&gt;         &lt;DaysInterval&gt;1&lt;/DaysInterval&gt;       &lt;/ScheduleByDay&gt;     &lt;/CalendarTrigger&gt;   &lt;/Triggers&gt;   &lt;Principals&gt;     &lt;Principal id=""LocalSystem""&gt;       &lt;UserId&gt;S-1-5-18&lt;/UserId&gt;       &lt;RunLevel&gt;HighestAvailable&lt;/RunLevel&gt;     &lt;/Principal&gt;   &lt;/Principals&gt;   &lt;Settings&gt;     &lt;MultipleInstancesPolicy&gt;IgnoreNew&lt;/MultipleInstancesPolicy&gt;     &lt;DisallowStartIfOnBatteries&gt;true&lt;/DisallowStartIfOnBatteries&gt;     &lt;StopIfGoingOnBatteries&gt;false&lt;/StopIfGoingOnBatteries&gt;     &lt;AllowHardTerminate&gt;true&lt;/AllowHardTerminate&gt;     &lt;StartWhenAvailable&gt;true&lt;/StartWhenAvailable&gt;     &lt;RunOnlyIfNetworkAvailable&gt;false&lt;/RunOnlyIfNetworkAvailable&gt;     &lt;IdleSettings&gt;       &lt;Duration&gt;PT0H1M0S&lt;/Duration&gt;       &lt;WaitTimeout&gt;PT4H0M0S&lt;/WaitTimeout&gt;       &lt;StopOnIdleEnd&gt;false&lt;/StopOnIdleEnd&gt;       &lt;RestartOnIdle&gt;false&lt;/RestartOnIdle&gt;     &lt;/IdleSettings&gt;     &lt;AllowStartOnDemand&gt;true&lt;/AllowStartOnDemand&gt;     &lt;Enabled&gt;true&lt;/Enabled&gt;     &lt;Hidden&gt;false&lt;/Hidden&gt;     &lt;RunOnlyIfIdle&gt;true&lt;/RunOnlyIfIdle&gt;     &lt;DisallowStartOnRemoteAppSession&gt;false&lt;/DisallowStartOnRemoteAppSession&gt;     &lt;UseUnifiedSchedulingEngine&gt;true&lt;/UseUnifiedSchedulingEngine&gt;     &lt;WakeToRun&gt;false&lt;/WakeToRun&gt;     &lt;ExecutionTimeLimit&gt;PT72H&lt;/ExecutionTimeLimit&gt;     &lt;Priority&gt;7&lt;/Priority&gt;   &lt;/Settings&gt;   &lt;Actions Context=""LocalSystem""&gt;     &lt;Exec&gt;       &lt;Command&gt;C:\ProgramData\Microsoft\Windows Defender\Platform\4.18.2303.8-0\MpCmdRun.exe&lt;/Command&gt;       &lt;Arguments&gt;Scan -ScheduleJob -ScanTrigger 55 -IdleScheduledJob&lt;/Arguments&gt;     &lt;/Exec&gt;   &lt;/Actions&gt; &lt;/Task&gt;</Data>
  <Data Name=""ClientProcessStartKey"">14636698788954176</Data>
  <Data Name=""ClientProcessId"">2944</Data>
  <Data Name=""ParentProcessId"">688</Data>
  <Data Name=""RpcCallClientLocality"">0</Data>
  <Data Name=""FQDN"">DC1.kustoworks.com</Data>
</EventData>",4698,"4698 - A scheduled task was created.","cc046e6c-795c-47b2-a5ae-c9a0645e6d32","cc046e6c-795c-47b2-a5ae-c9a0645e6d33","00000000-0000-0000-0000-000000000001","4/23/2023, 6:57:53.895 PM","AOI-00000000-0000-0000-0000-000000000000",,,,,,,,,,,,,,,,,,,,,,,,,,,,,,,,,,,,,,,,,,,,,,,,,,,,,,,,,,,,,,,,,,,,,,,,,,,,,,,,,,,,,,,,,,,,,,,,,,,,,,,,,,,,,,,,,,,,,,,,,,,,,,,,,,,,,,,,,,,,,,,,,,,,,,,,,,,,,,,,,,,,,,,,,,,,,,,,,,,,,,,,,,,,,,,,,,,,,,,,,,,,,,SecurityEvent,"/subscriptions/00000000-0000-0000-0000-000000000000/resourcegroups/kustoworksarc/providers/microsoft.hybridcompute/machines/dc1"
"00000000-0000-0000-0000-000000000000","4/23/2023, 7:03:41.377 PM",OpsManager,,,"DC1.kustoworks.com","Microsoft-Windows-Security-Auditing",Security,1,0,"<EventData xmlns=""http://schemas.microsoft.com/win/2004/08/events/event"">
  <Data Name=""SubjectUserSid"">S-1-5-21-2496762881-1366215883-1809657155-500</Data>
  <Data Name=""SubjectUserName"">Administrator</Data>
  <Data Name=""SubjectDomainName"">KUSTOWORKS</Data>
  <Data Name=""SubjectLogonId"">0xbbca8</Data>
  <Data Name=""TaskName"">\CreateExplorerShellUnelevatedTask</Data>
  <Data Name=""TaskContent"">&lt;?xml version=""1.0"" encoding=""UTF-16""?&gt; &lt;Task version=""1.3"" xmlns=""http://schemas.microsoft.com/windows/2004/02/mit/task""&gt;   &lt;RegistrationInfo&gt;     &lt;Author&gt;ExplorerShellUnelevated&lt;/Author&gt;     &lt;URI&gt;\CreateExplorerShellUnelevatedTask&lt;/URI&gt;   &lt;/RegistrationInfo&gt;   &lt;Triggers&gt;     &lt;RegistrationTrigger id=""CreateExplorerShell_Trigger""&gt;       &lt;Enabled&gt;true&lt;/Enabled&gt;       &lt;Delay&gt;PT0S&lt;/Delay&gt;     &lt;/RegistrationTrigger&gt;   &lt;/Triggers&gt;   &lt;Settings&gt;     &lt;MultipleInstancesPolicy&gt;IgnoreNew&lt;/MultipleInstancesPolicy&gt;     &lt;DisallowStartIfOnBatteries&gt;false&lt;/DisallowStartIfOnBatteries&gt;     &lt;StopIfGoingOnBatteries&gt;false&lt;/StopIfGoingOnBatteries&gt;     &lt;AllowHardTerminate&gt;true&lt;/AllowHardTerminate&gt;     &lt;StartWhenAvailable&gt;true&lt;/StartWhenAvailable&gt;     &lt;RunOnlyIfNetworkAvailable&gt;false&lt;/RunOnlyIfNetworkAvailable&gt;     &lt;IdleSettings&gt;       &lt;Duration&gt;PT10M&lt;/Duration&gt;       &lt;WaitTimeout&gt;PT1H&lt;/WaitTimeout&gt;       &lt;StopOnIdleEnd&gt;true&lt;/StopOnIdleEnd&gt;       &lt;RestartOnIdle&gt;false&lt;/RestartOnIdle&gt;     &lt;/IdleSettings&gt;     &lt;AllowStartOnDemand&gt;true&lt;/AllowStartOnDemand&gt;     &lt;Enabled&gt;true&lt;/Enabled&gt;     &lt;Hidden&gt;false&lt;/Hidden&gt;     &lt;RunOnlyIfIdle&gt;false&lt;/RunOnlyIfIdle&gt;     &lt;DisallowStartOnRemoteAppSession&gt;false&lt;/DisallowStartOnRemoteAppSession&gt;     &lt;UseUnifiedSchedulingEngine&gt;true&lt;/UseUnifiedSchedulingEngine&gt;     &lt;WakeToRun&gt;false&lt;/WakeToRun&gt;     &lt;ExecutionTimeLimit&gt;PT72H&lt;/ExecutionTimeLimit&gt;     &lt;Priority&gt;6&lt;/Priority&gt;   &lt;/Settings&gt;   &lt;Actions Context=""Author""&gt;     &lt;Exec&gt;       &lt;Command&gt;C:\Windows\Explorer.EXE&lt;/Command&gt;       &lt;Arguments&gt;/NoUACCheck&lt;/Arguments&gt;     &lt;/Exec&gt;   &lt;/Actions&gt;   &lt;Principals&gt;     &lt;Principal id=""Author""&gt;       &lt;UserId&gt;KUSTOWORKS\Administrator&lt;/UserId&gt;       &lt;LogonType&gt;InteractiveToken&lt;/LogonType&gt;       &lt;RunLevel&gt;LeastPrivilege&lt;/RunLevel&gt;     &lt;/Principal&gt;   &lt;/Principals&gt; &lt;/Task&gt;</Data>
  <Data Name=""ClientProcessStartKey"">14918173765664901</Data>
  <Data Name=""ClientProcessId"">2968</Data>
  <Data Name=""ParentProcessId"">384</Data>
  <Data Name=""RpcCallClientLocality"">0</Data>
  <Data Name=""FQDN"">DC1.kustoworks.com</Data>
</EventData>",4698,"4698 - A scheduled task was created.","cc046e6c-795c-47b2-a5ae-c9a0645e6d32","cc046e6c-795c-47b2-a5ae-c9a0645e6d33","00000000-0000-0000-0000-000000000001","4/23/2023, 7:08:59.569 PM","AOI-00000000-0000-0000-0000-000000000000",,,,,,,,,,,,,,,,,,,,,,,,,,,,,,,,,,,,,,,,,,,,,,,,,,,,,,,,,,,,,,,,,,,,,,,,,,,,,,,,,,,,,,,,,,,,,,,,,,,,,,,,,,,,,,,,,,,,,,,,,,,,,,,,,,,,,,,,,,,,,,,,,,,,,,,,,,,,,,,,,,,,,,,,,,,,,,,,,,,,,,,,,,,,,,,,,,,,,,,,,,,,,,SecurityEvent,"/subscriptions/00000000-0000-0000-0000-000000000000/resourcegroups/kustoworksarc/providers/microsoft.hybridcompute/machines/dc1"
"00000000-0000-0000-0000-000000000000","4/20/2023, 6:02:36.341 PM",OpsManager,,,"DC1.kustoworks.com","Microsoft-Windows-Security-Auditing",Security,1,0,"<EventData xmlns=""http://schemas.microsoft.com/win/2004/08/events/event"">
  <Data Name=""SubjectUserSid"">S-1-5-18</Data>
  <Data Name=""SubjectUserName"">DC1$</Data>
  <Data Name=""SubjectDomainName"">KUSTOWORKS</Data>
  <Data Name=""SubjectLogonId"">0x3e7</Data>
  <Data Name=""TaskName"">\Microsoft\Windows\Windows Defender\Windows Defender Scheduled Scan</Data>
  <Data Name=""TaskContent"">&lt;?xml version=""1.0"" encoding=""UTF-16""?&gt; &lt;Task version=""1.3"" xmlns=""http://schemas.microsoft.com/windows/2004/02/mit/task""&gt;   &lt;RegistrationInfo&gt;     &lt;Description&gt;Periodic scan task.&lt;/Description&gt;     &lt;URI&gt;\Microsoft\Windows\Windows Defender\Windows Defender Scheduled Scan&lt;/URI&gt;   &lt;/RegistrationInfo&gt;   &lt;Triggers&gt;     &lt;CalendarTrigger&gt;       &lt;StartBoundary&gt;2000-01-01T05:58:36&lt;/StartBoundary&gt;       &lt;EndBoundary&gt;2100-01-01T00:00:00&lt;/EndBoundary&gt;       &lt;Enabled&gt;true&lt;/Enabled&gt;       &lt;ScheduleByDay&gt;         &lt;DaysInterval&gt;1&lt;/DaysInterval&gt;       &lt;/ScheduleByDay&gt;     &lt;/CalendarTrigger&gt;   &lt;/Triggers&gt;   &lt;Principals&gt;     &lt;Principal id=""LocalSystem""&gt;       &lt;UserId&gt;S-1-5-18&lt;/UserId&gt;       &lt;RunLevel&gt;HighestAvailable&lt;/RunLevel&gt;     &lt;/Principal&gt;   &lt;/Principals&gt;   &lt;Settings&gt;     &lt;MultipleInstancesPolicy&gt;IgnoreNew&lt;/MultipleInstancesPolicy&gt;     &lt;DisallowStartIfOnBatteries&gt;true&lt;/DisallowStartIfOnBatteries&gt;     &lt;StopIfGoingOnBatteries&gt;false&lt;/StopIfGoingOnBatteries&gt;     &lt;AllowHardTerminate&gt;true&lt;/AllowHardTerminate&gt;     &lt;StartWhenAvailable&gt;true&lt;/StartWhenAvailable&gt;     &lt;RunOnlyIfNetworkAvailable&gt;false&lt;/RunOnlyIfNetworkAvailable&gt;     &lt;IdleSettings&gt;       &lt;Duration&gt;PT0H1M0S&lt;/Duration&gt;       &lt;WaitTimeout&gt;PT4H0M0S&lt;/WaitTimeout&gt;       &lt;StopOnIdleEnd&gt;false&lt;/StopOnIdleEnd&gt;       &lt;RestartOnIdle&gt;false&lt;/RestartOnIdle&gt;     &lt;/IdleSettings&gt;     &lt;AllowStartOnDemand&gt;true&lt;/AllowStartOnDemand&gt;     &lt;Enabled&gt;true&lt;/Enabled&gt;     &lt;Hidden&gt;false&lt;/Hidden&gt;     &lt;RunOnlyIfIdle&gt;true&lt;/RunOnlyIfIdle&gt;     &lt;DisallowStartOnRemoteAppSession&gt;false&lt;/DisallowStartOnRemoteAppSession&gt;     &lt;UseUnifiedSchedulingEngine&gt;true&lt;/UseUnifiedSchedulingEngine&gt;     &lt;WakeToRun&gt;false&lt;/WakeToRun&gt;     &lt;ExecutionTimeLimit&gt;PT72H&lt;/ExecutionTimeLimit&gt;     &lt;Priority&gt;7&lt;/Priority&gt;   &lt;/Settings&gt;   &lt;Actions Context=""LocalSystem""&gt;     &lt;Exec&gt;       &lt;Command&gt;C:\ProgramData\Microsoft\Windows Defender\Platform\4.18.2302.7-0\MpCmdRun.exe&lt;/Command&gt;       &lt;Arguments&gt;Scan -ScheduleJob -ScanTrigger 55 -IdleScheduledJob&lt;/Arguments&gt;     &lt;/Exec&gt;   &lt;/Actions&gt; &lt;/Task&gt;</Data>
  <Data Name=""ClientProcessStartKey"">13792273858822209</Data>
  <Data Name=""ClientProcessId"">2712</Data>
  <Data Name=""ParentProcessId"">700</Data>
  <Data Name=""RpcCallClientLocality"">0</Data>
  <Data Name=""FQDN"">DC1.kustoworks.com</Data>
</EventData>",4698,"4698 - A scheduled task was created.","cc046e6c-795c-47b2-a5ae-c9a0645e6d32","cc046e6c-795c-47b2-a5ae-c9a0645e6d33","00000000-0000-0000-0000-000000000001","4/20/2023, 6:07:50.043 PM","AOI-00000000-0000-0000-0000-000000000000",,,,,,,,,,,,,,,,,,,,,,,,,,,,,,,,,,,,,,,,,,,,,,,,,,,,,,,,,,,,,,,,,,,,,,,,,,,,,,,,,,,,,,,,,,,,,,,,,,,,,,,,,,,,,,,,,,,,,,,,,,,,,,,,,,,,,,,,,,,,,,,,,,,,,,,,,,,,,,,,,,,,,,,,,,,,,,,,,,,,,,,,,,,,,,,,,,,,,,,,,,,,,,SecurityEvent,"/subscriptions/00000000-0000-0000-0000-000000000000/resourcegroups/kustoworksarc/providers/microsoft.hybridcompute/machines/dc1"
"00000000-0000-0000-0000-000000000000","4/20/2023, 8:10:37.961 PM",OpsManager,,,"DC1.kustoworks.com","Microsoft-Windows-Security-Auditing",Security,1,0,"<EventData xmlns=""http://schemas.microsoft.com/win/2004/08/events/event"">
  <Data Name=""SubjectUserSid"">S-1-5-21-2496762881-1366215883-1809657155-500</Data>
  <Data Name=""SubjectUserName"">Administrator</Data>
  <Data Name=""SubjectDomainName"">KUSTOWORKS</Data>
  <Data Name=""SubjectLogonId"">0x6c5235</Data>
  <Data Name=""TaskName"">\Test</Data>
  <Data Name=""TaskContent"">&lt;?xml version=""1.0"" encoding=""UTF-16""?&gt; &lt;Task version=""1.2"" xmlns=""http://schemas.microsoft.com/windows/2004/02/mit/task""&gt;   &lt;RegistrationInfo&gt;     &lt;Date&gt;2023-04-20T22:10:37.93805&lt;/Date&gt;     &lt;Author&gt;KUSTOWORKS\Administrator&lt;/Author&gt;     &lt;URI&gt;\Test&lt;/URI&gt;   &lt;/RegistrationInfo&gt;   &lt;Triggers&gt;     &lt;CalendarTrigger&gt;       &lt;StartBoundary&gt;2023-04-20T22:10:16.6074778&lt;/StartBoundary&gt;       &lt;Enabled&gt;true&lt;/Enabled&gt;       &lt;RandomDelay&gt;PT1H&lt;/RandomDelay&gt;       &lt;ScheduleByDay&gt;         &lt;DaysInterval&gt;1&lt;/DaysInterval&gt;       &lt;/ScheduleByDay&gt;     &lt;/CalendarTrigger&gt;   &lt;/Triggers&gt;   &lt;Principals&gt;     &lt;Principal id=""Author""&gt;       &lt;RunLevel&gt;LeastPrivilege&lt;/RunLevel&gt;       &lt;UserId&gt;KUSTOWORKS\Administrator&lt;/UserId&gt;       &lt;LogonType&gt;InteractiveToken&lt;/LogonType&gt;     &lt;/Principal&gt;   &lt;/Principals&gt;   &lt;Settings&gt;     &lt;MultipleInstancesPolicy&gt;IgnoreNew&lt;/MultipleInstancesPolicy&gt;     &lt;DisallowStartIfOnBatteries&gt;true&lt;/DisallowStartIfOnBatteries&gt;     &lt;StopIfGoingOnBatteries&gt;true&lt;/StopIfGoingOnBatteries&gt;     &lt;AllowHardTerminate&gt;true&lt;/AllowHardTerminate&gt;     &lt;StartWhenAvailable&gt;false&lt;/StartWhenAvailable&gt;     &lt;RunOnlyIfNetworkAvailable&gt;false&lt;/RunOnlyIfNetworkAvailable&gt;     &lt;IdleSettings&gt;       &lt;StopOnIdleEnd&gt;true&lt;/StopOnIdleEnd&gt;       &lt;RestartOnIdle&gt;false&lt;/RestartOnIdle&gt;     &lt;/IdleSettings&gt;     &lt;AllowStartOnDemand&gt;true&lt;/AllowStartOnDemand&gt;     &lt;Enabled&gt;true&lt;/Enabled&gt;     &lt;Hidden&gt;false&lt;/Hidden&gt;     &lt;RunOnlyIfIdle&gt;false&lt;/RunOnlyIfIdle&gt;     &lt;WakeToRun&gt;false&lt;/WakeToRun&gt;     &lt;ExecutionTimeLimit&gt;P3D&lt;/ExecutionTimeLimit&gt;     &lt;Priority&gt;7&lt;/Priority&gt;   &lt;/Settings&gt;   &lt;Actions Context=""Author""&gt;     &lt;Exec&gt;       &lt;Command&gt;C:\Windows\System32\cmd.exe&lt;/Command&gt;       &lt;Arguments&gt;ping 8.8.8.8&lt;/Arguments&gt;     &lt;/Exec&gt;   &lt;/Actions&gt; &lt;/Task&gt;</Data>
  <Data Name=""ClientProcessStartKey"">14073748835533267</Data>
  <Data Name=""ClientProcessId"">2936</Data>
  <Data Name=""ParentProcessId"">2220</Data>
  <Data Name=""RpcCallClientLocality"">0</Data>
  <Data Name=""FQDN"">DC1.kustoworks.com</Data>
</EventData>",4698,"4698 - A scheduled task was created.","cc046e6c-795c-47b2-a5ae-c9a0645e6d32","cc046e6c-795c-47b2-a5ae-c9a0645e6d33","00000000-0000-0000-0000-000000000001","4/20/2023, 8:11:20.424 PM","AOI-00000000-0000-0000-0000-000000000000",,,,,,,,,,,,,,,,,,,,,,,,,,,,,,,,,,,,,,,,,,,,,,,,,,,,,,,,,,,,,,,,,,,,,,,,,,,,,,,,,,,,,,,,,,,,,,,,,,,,,,,,,,,,,,,,,,,,,,,,,,,,,,,,,,,,,,,,,,,,,,,,,,,,,,,,,,,,,,,,,,,,,,,,,,,,,,,,,,,,,,,,,,,,,,,,,,,,,,,,,,,,,,SecurityEvent,"/subscriptions/00000000-0000-0000-0000-000000000000/resourcegroups/kustoworksarc/providers/microsoft.hybridcompute/machines/dc1"
"00000000-0000-0000-0000-000000000000","4/29/2023, 2:14:23.318 PM",OpsManager,,,"DC1.kustoworks.com","Microsoft-Windows-Security-Auditing",Security,1,0,"<EventData xmlns=""http://schemas.microsoft.com/win/2004/08/events/event"">
  <Data Name=""SubjectUserSid"">S-1-5-18</Data>
  <Data Name=""SubjectUserName"">DC1$</Data>
  <Data Name=""SubjectDomainName"">KUSTOWORKS</Data>
  <Data Name=""SubjectLogonId"">0x3e7</Data>
  <Data Name=""TaskName"">\Microsoft\Windows\Windows Defender\Windows Defender Scheduled Scan</Data>
  <Data Name=""TaskContent"">&lt;?xml version=""1.0"" encoding=""UTF-16""?&gt; &lt;Task version=""1.3"" xmlns=""http://schemas.microsoft.com/windows/2004/02/mit/task""&gt;   &lt;RegistrationInfo&gt;     &lt;Description&gt;Periodic scan task.&lt;/Description&gt;     &lt;URI&gt;\Microsoft\Windows\Windows Defender\Windows Defender Scheduled Scan&lt;/URI&gt;   &lt;/RegistrationInfo&gt;   &lt;Triggers&gt;     &lt;CalendarTrigger&gt;       &lt;StartBoundary&gt;2000-01-01T02:48:26&lt;/StartBoundary&gt;       &lt;EndBoundary&gt;2100-01-01T00:00:00&lt;/EndBoundary&gt;       &lt;Enabled&gt;true&lt;/Enabled&gt;       &lt;ScheduleByDay&gt;         &lt;DaysInterval&gt;1&lt;/DaysInterval&gt;       &lt;/ScheduleByDay&gt;     &lt;/CalendarTrigger&gt;   &lt;/Triggers&gt;   &lt;Principals&gt;     &lt;Principal id=""LocalSystem""&gt;       &lt;UserId&gt;S-1-5-18&lt;/UserId&gt;       &lt;RunLevel&gt;HighestAvailable&lt;/RunLevel&gt;     &lt;/Principal&gt;   &lt;/Principals&gt;   &lt;Settings&gt;     &lt;MultipleInstancesPolicy&gt;IgnoreNew&lt;/MultipleInstancesPolicy&gt;     &lt;DisallowStartIfOnBatteries&gt;true&lt;/DisallowStartIfOnBatteries&gt;     &lt;StopIfGoingOnBatteries&gt;false&lt;/StopIfGoingOnBatteries&gt;     &lt;AllowHardTerminate&gt;true&lt;/AllowHardTerminate&gt;     &lt;StartWhenAvailable&gt;true&lt;/StartWhenAvailable&gt;     &lt;RunOnlyIfNetworkAvailable&gt;false&lt;/RunOnlyIfNetworkAvailable&gt;     &lt;IdleSettings&gt;       &lt;Duration&gt;PT0H1M0S&lt;/Duration&gt;       &lt;WaitTimeout&gt;PT4H0M0S&lt;/WaitTimeout&gt;       &lt;StopOnIdleEnd&gt;false&lt;/StopOnIdleEnd&gt;       &lt;RestartOnIdle&gt;false&lt;/RestartOnIdle&gt;     &lt;/IdleSettings&gt;     &lt;AllowStartOnDemand&gt;true&lt;/AllowStartOnDemand&gt;     &lt;Enabled&gt;true&lt;/Enabled&gt;     &lt;Hidden&gt;false&lt;/Hidden&gt;     &lt;RunOnlyIfIdle&gt;true&lt;/RunOnlyIfIdle&gt;     &lt;DisallowStartOnRemoteAppSession&gt;false&lt;/DisallowStartOnRemoteAppSession&gt;     &lt;UseUnifiedSchedulingEngine&gt;true&lt;/UseUnifiedSchedulingEngine&gt;     &lt;WakeToRun&gt;false&lt;/WakeToRun&gt;     &lt;ExecutionTimeLimit&gt;PT72H&lt;/ExecutionTimeLimit&gt;     &lt;Priority&gt;7&lt;/Priority&gt;   &lt;/Settings&gt;   &lt;Actions Context=""LocalSystem""&gt;     &lt;Exec&gt;       &lt;Command&gt;C:\ProgramData\Microsoft\Windows Defender\Platform\4.18.2303.8-0\MpCmdRun.exe&lt;/Command&gt;       &lt;Arguments&gt;Scan -ScheduleJob -ScanTrigger 55 -IdleScheduledJob&lt;/Arguments&gt;     &lt;/Exec&gt;   &lt;/Actions&gt; &lt;/Task&gt;</Data>
  <Data Name=""ClientProcessStartKey"">16325548649218107</Data>
  <Data Name=""ClientProcessId"">2496</Data>
  <Data Name=""ParentProcessId"">688</Data>
  <Data Name=""RpcCallClientLocality"">0</Data>
  <Data Name=""FQDN"">DC1.kustoworks.com</Data>
</EventData>",4698,"4698 - A scheduled task was created.","cc046e6c-795c-47b2-a5ae-c9a0645e6d32","cc046e6c-795c-47b2-a5ae-c9a0645e6d33","00000000-0000-0000-0000-000000000001","4/29/2023, 3:29:31.275 PM","AOI-00000000-0000-0000-0000-000000000000",,,,,,,,,,,,,,,,,,,,,,,,,,,,,,,,,,,,,,,,,,,,,,,,,,,,,,,,,,,,,,,,,,,,,,,,,,,,,,,,,,,,,,,,,,,,,,,,,,,,,,,,,,,,,,,,,,,,,,,,,,,,,,,,,,,,,,,,,,,,,,,,,,,,,,,,,,,,,,,,,,,,,,,,,,,,,,,,,,,,,,,,,,,,,,,,,,,,,,,,,,,,,,SecurityEvent,"/subscriptions/00000000-0000-0000-0000-000000000000/resourcegroups/kustoworksarc/providers/microsoft.hybridcompute/machines/dc1"
"00000000-0000-0000-0000-000000000000","4/29/2023, 2:50:44.253 PM",OpsManager,,,"DC1.kustoworks.com","Microsoft-Windows-Security-Auditing",Security,1,0,"<EventData xmlns=""http://schemas.microsoft.com/win/2004/08/events/event"">
  <Data Name=""SubjectUserSid"">S-1-5-21-2496762881-1366215883-1809657155-500</Data>
  <Data Name=""SubjectUserName"">Administrator</Data>
  <Data Name=""SubjectDomainName"">KUSTOWORKS</Data>
  <Data Name=""SubjectLogonId"">0x5278554</Data>
  <Data Name=""TaskName"">\CreateExplorerShellUnelevatedTask</Data>
  <Data Name=""TaskContent"">&lt;?xml version=""1.0"" encoding=""UTF-16""?&gt; &lt;Task version=""1.3"" xmlns=""http://schemas.microsoft.com/windows/2004/02/mit/task""&gt;   &lt;RegistrationInfo&gt;     &lt;Author&gt;ExplorerShellUnelevated&lt;/Author&gt;     &lt;URI&gt;\CreateExplorerShellUnelevatedTask&lt;/URI&gt;   &lt;/RegistrationInfo&gt;   &lt;Triggers&gt;     &lt;RegistrationTrigger id=""CreateExplorerShell_Trigger""&gt;       &lt;Enabled&gt;true&lt;/Enabled&gt;       &lt;Delay&gt;PT0S&lt;/Delay&gt;     &lt;/RegistrationTrigger&gt;   &lt;/Triggers&gt;   &lt;Settings&gt;     &lt;MultipleInstancesPolicy&gt;IgnoreNew&lt;/MultipleInstancesPolicy&gt;     &lt;DisallowStartIfOnBatteries&gt;false&lt;/DisallowStartIfOnBatteries&gt;     &lt;StopIfGoingOnBatteries&gt;false&lt;/StopIfGoingOnBatteries&gt;     &lt;AllowHardTerminate&gt;true&lt;/AllowHardTerminate&gt;     &lt;StartWhenAvailable&gt;true&lt;/StartWhenAvailable&gt;     &lt;RunOnlyIfNetworkAvailable&gt;false&lt;/RunOnlyIfNetworkAvailable&gt;     &lt;IdleSettings&gt;       &lt;Duration&gt;PT10M&lt;/Duration&gt;       &lt;WaitTimeout&gt;PT1H&lt;/WaitTimeout&gt;       &lt;StopOnIdleEnd&gt;true&lt;/StopOnIdleEnd&gt;       &lt;RestartOnIdle&gt;false&lt;/RestartOnIdle&gt;     &lt;/IdleSettings&gt;     &lt;AllowStartOnDemand&gt;true&lt;/AllowStartOnDemand&gt;     &lt;Enabled&gt;true&lt;/Enabled&gt;     &lt;Hidden&gt;false&lt;/Hidden&gt;     &lt;RunOnlyIfIdle&gt;false&lt;/RunOnlyIfIdle&gt;     &lt;DisallowStartOnRemoteAppSession&gt;false&lt;/DisallowStartOnRemoteAppSession&gt;     &lt;UseUnifiedSchedulingEngine&gt;true&lt;/UseUnifiedSchedulingEngine&gt;     &lt;WakeToRun&gt;false&lt;/WakeToRun&gt;     &lt;ExecutionTimeLimit&gt;PT72H&lt;/ExecutionTimeLimit&gt;     &lt;Priority&gt;6&lt;/Priority&gt;   &lt;/Settings&gt;   &lt;Actions Context=""Author""&gt;     &lt;Exec&gt;       &lt;Command&gt;C:\Windows\Explorer.EXE&lt;/Command&gt;       &lt;Arguments&gt;/NoUACCheck&lt;/Arguments&gt;     &lt;/Exec&gt;   &lt;/Actions&gt;   &lt;Principals&gt;     &lt;Principal id=""Author""&gt;       &lt;UserId&gt;KUSTOWORKS\Administrator&lt;/UserId&gt;       &lt;LogonType&gt;InteractiveToken&lt;/LogonType&gt;       &lt;RunLevel&gt;LeastPrivilege&lt;/RunLevel&gt;     &lt;/Principal&gt;   &lt;/Principals&gt; &lt;/Task&gt;</Data>
  <Data Name=""ClientProcessStartKey"">16325548649218319</Data>
  <Data Name=""ClientProcessId"">5200</Data>
  <Data Name=""ParentProcessId"">5172</Data>
  <Data Name=""RpcCallClientLocality"">0</Data>
  <Data Name=""FQDN"">DC1.kustoworks.com</Data>
</EventData>",4698,"4698 - A scheduled task was created.","cc046e6c-795c-47b2-a5ae-c9a0645e6d32","cc046e6c-795c-47b2-a5ae-c9a0645e6d33","00000000-0000-0000-0000-000000000001","4/29/2023, 3:29:31.646 PM","AOI-00000000-0000-0000-0000-000000000000",,,,,,,,,,,,,,,,,,,,,,,,,,,,,,,,,,,,,,,,,,,,,,,,,,,,,,,,,,,,,,,,,,,,,,,,,,,,,,,,,,,,,,,,,,,,,,,,,,,,,,,,,,,,,,,,,,,,,,,,,,,,,,,,,,,,,,,,,,,,,,,,,,,,,,,,,,,,,,,,,,,,,,,,,,,,,,,,,,,,,,,,,,,,,,,,,,,,,,,,,,,,,,SecurityEvent,"/subscriptions/00000000-0000-0000-0000-000000000000/resourcegroups/kustoworksarc/providers/microsoft.hybridcompute/machines/dc1"
"00000000-0000-0000-0000-000000000000","4/29/2023, 1:45:16.051 PM",OpsManager,,,"DC1.kustoworks.com","Microsoft-Windows-Security-Auditing",Security,1,0,"<EventData xmlns=""http://schemas.microsoft.com/win/2004/08/events/event"">
  <Data Name=""SubjectUserSid"">S-1-5-18</Data>
  <Data Name=""SubjectUserName"">DC1$</Data>
  <Data Name=""SubjectDomainName"">KUSTOWORKS</Data>
  <Data Name=""SubjectLogonId"">0x3e7</Data>
  <Data Name=""TaskName"">\Microsoft\Windows\Windows Defender\Windows Defender Scheduled Scan</Data>
  <Data Name=""TaskContent"" />
  <Data Name=""ClientProcessStartKey"">16044073672507454</Data>
  <Data Name=""ClientProcessId"">2488</Data>
  <Data Name=""ParentProcessId"">700</Data>
  <Data Name=""RpcCallClientLocality"">0</Data>
  <Data Name=""FQDN"">DC1.kustoworks.com</Data>
</EventData>",4699,"4699 - A scheduled task was deleted.","cc046e6c-795c-47b2-a5ae-c9a0645e6d32","cc046e6c-795c-47b2-a5ae-c9a0645e6d33","00000000-0000-0000-0000-000000000001","4/29/2023, 2:22:36.289 PM","AOI-00000000-0000-0000-0000-000000000000",,,,,,,,,,,,,,,,,,,,,,,,,,,,,,,,,,,,,,,,,,,,,,,,,,,,,,,,,,,,,,,,,,,,,,,,,,,,,,,,,,,,,,,,,,,,,,,,,,,,,,,,,,,,,,,,,,,,,,,,,,,,,,,,,,,,,,,,,,,,,,,,,,,,,,,,,,,,,,,,,,,,,,,,,,,,,,,,,,,,,,,,,,,,,,,,,,,,,,,,,,,,,,SecurityEvent,"/subscriptions/00000000-0000-0000-0000-000000000000/resourcegroups/kustoworksarc/providers/microsoft.hybridcompute/machines/dc1"
"00000000-0000-0000-0000-000000000000","4/29/2023, 1:36:00.509 PM",OpsManager,,,"DC1.kustoworks.com","Microsoft-Windows-Security-Auditing",Security,1,0,"<EventData xmlns=""http://schemas.microsoft.com/win/2004/08/events/event"">
  <Data Name=""SubjectUserSid"">S-1-5-21-2496762881-1366215883-1809657155-500</Data>
  <Data Name=""SubjectUserName"">Administrator</Data>
  <Data Name=""SubjectDomainName"">KUSTOWORKS</Data>
  <Data Name=""SubjectLogonId"">0x309d46</Data>
  <Data Name=""TaskName"">\CreateExplorerShellUnelevatedTask</Data>
  <Data Name=""TaskContent"" />
  <Data Name=""ClientProcessStartKey"">16044073672507523</Data>
  <Data Name=""ClientProcessId"">3100</Data>
  <Data Name=""ParentProcessId"">2640</Data>
  <Data Name=""RpcCallClientLocality"">0</Data>
  <Data Name=""FQDN"">DC1.kustoworks.com</Data>
</EventData>",4699,"4699 - A scheduled task was deleted.","cc046e6c-795c-47b2-a5ae-c9a0645e6d32","cc046e6c-795c-47b2-a5ae-c9a0645e6d33","00000000-0000-0000-0000-000000000001","4/29/2023, 2:22:36.101 PM","AOI-00000000-0000-0000-0000-000000000000",,,,,,,,,,,,,,,,,,,,,,,,,,,,,,,,,,,,,,,,,,,,,,,,,,,,,,,,,,,,,,,,,,,,,,,,,,,,,,,,,,,,,,,,,,,,,,,,,,,,,,,,,,,,,,,,,,,,,,,,,,,,,,,,,,,,,,,,,,,,,,,,,,,,,,,,,,,,,,,,,,,,,,,,,,,,,,,,,,,,,,,,,,,,,,,,,,,,,,,,,,,,,,SecurityEvent,"/subscriptions/00000000-0000-0000-0000-000000000000/resourcegroups/kustoworksarc/providers/microsoft.hybridcompute/machines/dc1"
"00000000-0000-0000-0000-000000000000","4/20/2023, 6:02:36.320 PM",OpsManager,,,"DC1.kustoworks.com","Microsoft-Windows-Security-Auditing",Security,1,0,"<EventData xmlns=""http://schemas.microsoft.com/win/2004/08/events/event"">
  <Data Name=""SubjectUserSid"">S-1-5-18</Data>
  <Data Name=""SubjectUserName"">DC1$</Data>
  <Data Name=""SubjectDomainName"">KUSTOWORKS</Data>
  <Data Name=""SubjectLogonId"">0x3e7</Data>
  <Data Name=""TaskName"">\Microsoft\Windows\Windows Defender\Windows Defender Scheduled Scan</Data>
  <Data Name=""TaskContent"" />
  <Data Name=""ClientProcessStartKey"">13792273858822209</Data>
  <Data Name=""ClientProcessId"">2712</Data>
  <Data Name=""ParentProcessId"">700</Data>
  <Data Name=""RpcCallClientLocality"">0</Data>
  <Data Name=""FQDN"">DC1.kustoworks.com</Data>
</EventData>",4699,"4699 - A scheduled task was deleted.","cc046e6c-795c-47b2-a5ae-c9a0645e6d32","cc046e6c-795c-47b2-a5ae-c9a0645e6d33","00000000-0000-0000-0000-000000000001","4/20/2023, 6:07:50.043 PM","AOI-00000000-0000-0000-0000-000000000000",,,,,,,,,,,,,,,,,,,,,,,,,,,,,,,,,,,,,,,,,,,,,,,,,,,,,,,,,,,,,,,,,,,,,,,,,,,,,,,,,,,,,,,,,,,,,,,,,,,,,,,,,,,,,,,,,,,,,,,,,,,,,,,,,,,,,,,,,,,,,,,,,,,,,,,,,,,,,,,,,,,,,,,,,,,,,,,,,,,,,,,,,,,,,,,,,,,,,,,,,,,,,,SecurityEvent,"/subscriptions/00000000-0000-0000-0000-000000000000/resourcegroups/kustoworksarc/providers/microsoft.hybridcompute/machines/dc1"
"00000000-0000-0000-0000-000000000000","4/20/2023, 8:11:12.555 PM",OpsManager,,,"DC1.kustoworks.com","Microsoft-Windows-Security-Auditing",Security,1,0,"<EventData xmlns=""http://schemas.microsoft.com/win/2004/08/events/event"">
  <Data Name=""SubjectUserSid"">S-1-5-21-2496762881-1366215883-1809657155-500</Data>
  <Data Name=""SubjectUserName"">Administrator</Data>
  <Data Name=""SubjectDomainName"">KUSTOWORKS</Data>
  <Data Name=""SubjectLogonId"">0x6c5235</Data>
  <Data Name=""TaskName"">\Test</Data>
  <Data Name=""TaskContent"" />
  <Data Name=""ClientProcessStartKey"">14073748835533267</Data>
  <Data Name=""ClientProcessId"">2936</Data>
  <Data Name=""ParentProcessId"">2220</Data>
  <Data Name=""RpcCallClientLocality"">0</Data>
  <Data Name=""FQDN"">DC1.kustoworks.com</Data>
</EventData>",4699,"4699 - A scheduled task was deleted.","cc046e6c-795c-47b2-a5ae-c9a0645e6d32","cc046e6c-795c-47b2-a5ae-c9a0645e6d33","00000000-0000-0000-0000-000000000001","4/20/2023, 8:11:38.174 PM","AOI-00000000-0000-0000-0000-000000000000",,,,,,,,,,,,,,,,,,,,,,,,,,,,,,,,,,,,,,,,,,,,,,,,,,,,,,,,,,,,,,,,,,,,,,,,,,,,,,,,,,,,,,,,,,,,,,,,,,,,,,,,,,,,,,,,,,,,,,,,,,,,,,,,,,,,,,,,,,,,,,,,,,,,,,,,,,,,,,,,,,,,,,,,,,,,,,,,,,,,,,,,,,,,,,,,,,,,,,,,,,,,,,SecurityEvent,"/subscriptions/00000000-0000-0000-0000-000000000000/resourcegroups/kustoworksarc/providers/microsoft.hybridcompute/machines/dc1"
"00000000-0000-0000-0000-000000000000","4/20/2023, 8:10:07.466 PM",OpsManager,,,"DC1.kustoworks.com","Microsoft-Windows-Security-Auditing",Security,1,0,"<EventData xmlns=""http://schemas.microsoft.com/win/2004/08/events/event"">
  <Data Name=""SubjectUserSid"">S-1-5-21-2496762881-1366215883-1809657155-500</Data>
  <Data Name=""SubjectUserName"">Administrator</Data>
  <Data Name=""SubjectDomainName"">KUSTOWORKS</Data>
  <Data Name=""SubjectLogonId"">0x6c5235</Data>
  <Data Name=""TaskName"">\est</Data>
  <Data Name=""TaskContent"" />
  <Data Name=""ClientProcessStartKey"">14073748835533267</Data>
  <Data Name=""ClientProcessId"">2936</Data>
  <Data Name=""ParentProcessId"">2220</Data>
  <Data Name=""RpcCallClientLocality"">0</Data>
  <Data Name=""FQDN"">DC1.kustoworks.com</Data>
</EventData>",4699,"4699 - A scheduled task was deleted.","cc046e6c-795c-47b2-a5ae-c9a0645e6d32","cc046e6c-795c-47b2-a5ae-c9a0645e6d33","00000000-0000-0000-0000-000000000001","4/20/2023, 8:11:20.424 PM","AOI-00000000-0000-0000-0000-000000000000",,,,,,,,,,,,,,,,,,,,,,,,,,,,,,,,,,,,,,,,,,,,,,,,,,,,,,,,,,,,,,,,,,,,,,,,,,,,,,,,,,,,,,,,,,,,,,,,,,,,,,,,,,,,,,,,,,,,,,,,,,,,,,,,,,,,,,,,,,,,,,,,,,,,,,,,,,,,,,,,,,,,,,,,,,,,,,,,,,,,,,,,,,,,,,,,,,,,,,,,,,,,,,SecurityEvent,"/subscriptions/00000000-0000-0000-0000-000000000000/resourcegroups/kustoworksarc/providers/microsoft.hybridcompute/machines/dc1"
"00000000-0000-0000-0000-000000000000","4/29/2023, 2:14:23.295 PM",OpsManager,,,"DC1.kustoworks.com","Microsoft-Windows-Security-Auditing",Security,1,0,"<EventData xmlns=""http://schemas.microsoft.com/win/2004/08/events/event"">
  <Data Name=""SubjectUserSid"">S-1-5-18</Data>
  <Data Name=""SubjectUserName"">DC1$</Data>
  <Data Name=""SubjectDomainName"">KUSTOWORKS</Data>
  <Data Name=""SubjectLogonId"">0x3e7</Data>
  <Data Name=""TaskName"">\Microsoft\Windows\Windows Defender\Windows Defender Scheduled Scan</Data>
  <Data Name=""TaskContent"" />
  <Data Name=""ClientProcessStartKey"">16325548649218107</Data>
  <Data Name=""ClientProcessId"">2496</Data>
  <Data Name=""ParentProcessId"">688</Data>
  <Data Name=""RpcCallClientLocality"">0</Data>
  <Data Name=""FQDN"">DC1.kustoworks.com</Data>
</EventData>",4699,"4699 - A scheduled task was deleted.","cc046e6c-795c-47b2-a5ae-c9a0645e6d32","cc046e6c-795c-47b2-a5ae-c9a0645e6d33","00000000-0000-0000-0000-000000000001","4/29/2023, 3:29:31.275 PM","AOI-00000000-0000-0000-0000-000000000000",,,,,,,,,,,,,,,,,,,,,,,,,,,,,,,,,,,,,,,,,,,,,,,,,,,,,,,,,,,,,,,,,,,,,,,,,,,,,,,,,,,,,,,,,,,,,,,,,,,,,,,,,,,,,,,,,,,,,,,,,,,,,,,,,,,,,,,,,,,,,,,,,,,,,,,,,,,,,,,,,,,,,,,,,,,,,,,,,,,,,,,,,,,,,,,,,,,,,,,,,,,,,,SecurityEvent,"/subscriptions/00000000-0000-0000-0000-000000000000/resourcegroups/kustoworksarc/providers/microsoft.hybridcompute/machines/dc1"
"00000000-0000-0000-0000-000000000000","4/29/2023, 2:50:44.120 PM",OpsManager,,,"DC1.kustoworks.com","Microsoft-Windows-Security-Auditing",Security,1,0,"<EventData xmlns=""http://schemas.microsoft.com/win/2004/08/events/event"">
  <Data Name=""SubjectUserSid"">S-1-5-21-2496762881-1366215883-1809657155-500</Data>
  <Data Name=""SubjectUserName"">Administrator</Data>
  <Data Name=""SubjectDomainName"">KUSTOWORKS</Data>
  <Data Name=""SubjectLogonId"">0x5278554</Data>
  <Data Name=""TaskName"">\CreateExplorerShellUnelevatedTask</Data>
  <Data Name=""TaskContent"" />
  <Data Name=""ClientProcessStartKey"">16325548649218319</Data>
  <Data Name=""ClientProcessId"">5200</Data>
  <Data Name=""ParentProcessId"">5172</Data>
  <Data Name=""RpcCallClientLocality"">0</Data>
  <Data Name=""FQDN"">DC1.kustoworks.com</Data>
</EventData>",4699,"4699 - A scheduled task was deleted.","cc046e6c-795c-47b2-a5ae-c9a0645e6d32","cc046e6c-795c-47b2-a5ae-c9a0645e6d33","00000000-0000-0000-0000-000000000001","4/29/2023, 3:29:31.646 PM","AOI-00000000-0000-0000-0000-000000000000",,,,,,,,,,,,,,,,,,,,,,,,,,,,,,,,,,,,,,,,,,,,,,,,,,,,,,,,,,,,,,,,,,,,,,,,,,,,,,,,,,,,,,,,,,,,,,,,,,,,,,,,,,,,,,,,,,,,,,,,,,,,,,,,,,,,,,,,,,,,,,,,,,,,,,,,,,,,,,,,,,,,,,,,,,,,,,,,,,,,,,,,,,,,,,,,,,,,,,,,,,,,,,SecurityEvent,"/subscriptions/00000000-0000-0000-0000-000000000000/resourcegroups/kustoworksarc/providers/microsoft.hybridcompute/machines/dc1"
"00000000-0000-0000-0000-000000000000","4/29/2023, 7:07:22.990 PM",OpsManager,,,"DC1.kustoworks.com","Microsoft-Windows-Security-Auditing",Security,12804,0,"<EventData xmlns=""http://schemas.microsoft.com/win/2004/08/events/event"">
  <Data Name=""SubjectUserSid"">S-1-5-21-2496762881-1366215883-1809657155-500</Data>
  <Data Name=""SubjectUserName"">Administrator</Data>
  <Data Name=""SubjectDomainName"">KUSTOWORKS</Data>
  <Data Name=""SubjectLogonId"">0x1a879d</Data>
  <Data Name=""TaskName"">\CreateExplorerShellUnelevatedTask</Data>
  <Data Name=""TaskContent"">&lt;?xml version=""1.0"" encoding=""UTF-16""?&gt; &lt;Task version=""1.3"" xmlns=""http://schemas.microsoft.com/windows/2004/02/mit/task""&gt;   &lt;RegistrationInfo&gt;     &lt;Author&gt;ExplorerShellUnelevated&lt;/Author&gt;     &lt;URI&gt;\CreateExplorerShellUnelevatedTask&lt;/URI&gt;   &lt;/RegistrationInfo&gt;   &lt;Triggers&gt;     &lt;RegistrationTrigger id=""CreateExplorerShell_Trigger""&gt;       &lt;Enabled&gt;true&lt;/Enabled&gt;       &lt;Delay&gt;PT0S&lt;/Delay&gt;     &lt;/RegistrationTrigger&gt;   &lt;/Triggers&gt;   &lt;Settings&gt;     &lt;MultipleInstancesPolicy&gt;IgnoreNew&lt;/MultipleInstancesPolicy&gt;     &lt;DisallowStartIfOnBatteries&gt;false&lt;/DisallowStartIfOnBatteries&gt;     &lt;StopIfGoingOnBatteries&gt;false&lt;/StopIfGoingOnBatteries&gt;     &lt;AllowHardTerminate&gt;true&lt;/AllowHardTerminate&gt;     &lt;StartWhenAvailable&gt;true&lt;/StartWhenAvailable&gt;     &lt;RunOnlyIfNetworkAvailable&gt;false&lt;/RunOnlyIfNetworkAvailable&gt;     &lt;IdleSettings&gt;       &lt;Duration&gt;PT10M&lt;/Duration&gt;       &lt;WaitTimeout&gt;PT1H&lt;/WaitTimeout&gt;       &lt;StopOnIdleEnd&gt;true&lt;/StopOnIdleEnd&gt;       &lt;RestartOnIdle&gt;false&lt;/RestartOnIdle&gt;     &lt;/IdleSettings&gt;     &lt;AllowStartOnDemand&gt;true&lt;/AllowStartOnDemand&gt;     &lt;Enabled&gt;true&lt;/Enabled&gt;     &lt;Hidden&gt;false&lt;/Hidden&gt;     &lt;RunOnlyIfIdle&gt;false&lt;/RunOnlyIfIdle&gt;     &lt;DisallowStartOnRemoteAppSession&gt;false&lt;/DisallowStartOnRemoteAppSession&gt;     &lt;UseUnifiedSchedulingEngine&gt;true&lt;/UseUnifiedSchedulingEngine&gt;     &lt;WakeToRun&gt;false&lt;/WakeToRun&gt;     &lt;ExecutionTimeLimit&gt;PT72H&lt;/ExecutionTimeLimit&gt;     &lt;Priority&gt;6&lt;/Priority&gt;   &lt;/Settings&gt;   &lt;Actions Context=""Author""&gt;     &lt;Exec&gt;       &lt;Command&gt;C:\Windows\Explorer.EXE&lt;/Command&gt;       &lt;Arguments&gt;/NoUACCheck&lt;/Arguments&gt;     &lt;/Exec&gt;   &lt;/Actions&gt;   &lt;Principals&gt;     &lt;Principal id=""Author""&gt;       &lt;UserId&gt;KUSTOWORKS\Administrator&lt;/UserId&gt;       &lt;LogonType&gt;InteractiveToken&lt;/LogonType&gt;       &lt;RunLevel&gt;LeastPrivilege&lt;/RunLevel&gt;     &lt;/Principal&gt;   &lt;/Principals&gt; &lt;/Task&gt;</Data>
  <Data Name=""ClientProcessStartKey"">16607023625928838</Data>
  <Data Name=""ClientProcessId"">1016</Data>
  <Data Name=""ParentProcessId"">456</Data>
  <Data Name=""RpcCallClientLocality"">0</Data>
  <Data Name=""FQDN"">DC1.kustoworks.com</Data>
</EventData>",4698,"4698 - A scheduled task was created.","cc046e6c-795c-47b2-a5ae-c9a0645e6d32","cc046e6c-795c-47b2-a5ae-c9a0645e6d33","00000000-0000-0000-0000-000000000001","4/29/2023, 7:18:33.230 PM","AOI-00000000-0000-0000-0000-000000000000",,,,,,,,,,,,,,,,,,,,,,,,,,,,,,,,,,,,,,,,,,,,,,,,,,,,,,,,,,,,,,,,,,,,,,,,,,,,,,,,,,,,,,,,,,,,,,,,,,,,,,,,,,,,,,,,,,,,,,,,,,,,,,,,,,,,,,,,,,,,,,,,,,,,,,,,,,,,,,,,,,,,,,,,,,,,,,,,,,,,,,,,,,,,,,,,,,,,,,,,,,,,,,SecurityEvent,"/subscriptions/00000000-0000-0000-0000-000000000000/resourcegroups/kustoworksarc/providers/microsoft.hybridcompute/machines/dc1"
"00000000-0000-0000-0000-000000000000","4/29/2023, 7:37:03.310 PM",OpsManager,,,"DC1.kustoworks.com","Microsoft-Windows-Security-Auditing",Security,12804,0,"<EventData xmlns=""http://schemas.microsoft.com/win/2004/08/events/event"">
  <Data Name=""SubjectUserSid"">S-1-5-21-2496762881-1366215883-1809657155-500</Data>
  <Data Name=""SubjectUserName"">Administrator</Data>
  <Data Name=""SubjectDomainName"">KUSTOWORKS</Data>
  <Data Name=""SubjectLogonId"">0xe70f08</Data>
  <Data Name=""TaskName"">\CreateExplorerShellUnelevatedTask</Data>
  <Data Name=""TaskContent"">&lt;?xml version=""1.0"" encoding=""UTF-16""?&gt; &lt;Task version=""1.3"" xmlns=""http://schemas.microsoft.com/windows/2004/02/mit/task""&gt;   &lt;RegistrationInfo&gt;     &lt;Author&gt;ExplorerShellUnelevated&lt;/Author&gt;     &lt;URI&gt;\CreateExplorerShellUnelevatedTask&lt;/URI&gt;   &lt;/RegistrationInfo&gt;   &lt;Triggers&gt;     &lt;RegistrationTrigger id=""CreateExplorerShell_Trigger""&gt;       &lt;Enabled&gt;true&lt;/Enabled&gt;       &lt;Delay&gt;PT0S&lt;/Delay&gt;     &lt;/RegistrationTrigger&gt;   &lt;/Triggers&gt;   &lt;Settings&gt;     &lt;MultipleInstancesPolicy&gt;IgnoreNew&lt;/MultipleInstancesPolicy&gt;     &lt;DisallowStartIfOnBatteries&gt;false&lt;/DisallowStartIfOnBatteries&gt;     &lt;StopIfGoingOnBatteries&gt;false&lt;/StopIfGoingOnBatteries&gt;     &lt;AllowHardTerminate&gt;true&lt;/AllowHardTerminate&gt;     &lt;StartWhenAvailable&gt;true&lt;/StartWhenAvailable&gt;     &lt;RunOnlyIfNetworkAvailable&gt;false&lt;/RunOnlyIfNetworkAvailable&gt;     &lt;IdleSettings&gt;       &lt;Duration&gt;PT10M&lt;/Duration&gt;       &lt;WaitTimeout&gt;PT1H&lt;/WaitTimeout&gt;       &lt;StopOnIdleEnd&gt;true&lt;/StopOnIdleEnd&gt;       &lt;RestartOnIdle&gt;false&lt;/RestartOnIdle&gt;     &lt;/IdleSettings&gt;     &lt;AllowStartOnDemand&gt;true&lt;/AllowStartOnDemand&gt;     &lt;Enabled&gt;true&lt;/Enabled&gt;     &lt;Hidden&gt;false&lt;/Hidden&gt;     &lt;RunOnlyIfIdle&gt;false&lt;/RunOnlyIfIdle&gt;     &lt;DisallowStartOnRemoteAppSession&gt;false&lt;/DisallowStartOnRemoteAppSession&gt;     &lt;UseUnifiedSchedulingEngine&gt;true&lt;/UseUnifiedSchedulingEngine&gt;     &lt;WakeToRun&gt;false&lt;/WakeToRun&gt;     &lt;ExecutionTimeLimit&gt;PT72H&lt;/ExecutionTimeLimit&gt;     &lt;Priority&gt;6&lt;/Priority&gt;   &lt;/Settings&gt;   &lt;Actions Context=""Author""&gt;     &lt;Exec&gt;       &lt;Command&gt;C:\Windows\Explorer.EXE&lt;/Command&gt;       &lt;Arguments&gt;/NoUACCheck&lt;/Arguments&gt;     &lt;/Exec&gt;   &lt;/Actions&gt;   &lt;Principals&gt;     &lt;Principal id=""Author""&gt;       &lt;UserId&gt;KUSTOWORKS\Administrator&lt;/UserId&gt;       &lt;LogonType&gt;InteractiveToken&lt;/LogonType&gt;       &lt;RunLevel&gt;LeastPrivilege&lt;/RunLevel&gt;     &lt;/Principal&gt;   &lt;/Principals&gt; &lt;/Task&gt;</Data>
  <Data Name=""ClientProcessStartKey"">16888498602639589</Data>
  <Data Name=""ClientProcessId"">5188</Data>
  <Data Name=""ParentProcessId"">5168</Data>
  <Data Name=""RpcCallClientLocality"">0</Data>
  <Data Name=""FQDN"">DC1.kustoworks.com</Data>
</EventData>",4698,"4698 - A scheduled task was created.","cc046e6c-795c-47b2-a5ae-c9a0645e6d32","cc046e6c-795c-47b2-a5ae-c9a0645e6d33","00000000-0000-0000-0000-000000000001","4/29/2023, 7:37:48.243 PM","AOI-00000000-0000-0000-0000-000000000000",,,,,,,,,,,,,,,,,,,,,,,,,,,,,,,,,,,,,,,,,,,,,,,,,,,,,,,,,,,,,,,,,,,,,,,,,,,,,,,,,,,,,,,,,,,,,,,,,,,,,,,,,,,,,,,,,,,,,,,,,,,,,,,,,,,,,,,,,,,,,,,,,,,,,,,,,,,,,,,,,,,,,,,,,,,,,,,,,,,,,,,,,,,,,,,,,,,,,,,,,,,,,,SecurityEvent,"/subscriptions/00000000-0000-0000-0000-000000000000/resourcegroups/kustoworksarc/providers/microsoft.hybridcompute/machines/dc1"
"00000000-0000-0000-0000-000000000000","4/29/2023, 7:22:13.076 PM",OpsManager,,,"DC1.kustoworks.com","Microsoft-Windows-Security-Auditing",Security,12804,0,"<EventData xmlns=""http://schemas.microsoft.com/win/2004/08/events/event"">
  <Data Name=""SubjectUserSid"">S-1-5-18</Data>
  <Data Name=""SubjectUserName"">DC1$</Data>
  <Data Name=""SubjectDomainName"">KUSTOWORKS</Data>
  <Data Name=""SubjectLogonId"">0x3e7</Data>
  <Data Name=""TaskName"">\Microsoft\Windows\Windows Defender\Windows Defender Scheduled Scan</Data>
  <Data Name=""TaskContent"">&lt;?xml version=""1.0"" encoding=""UTF-16""?&gt; &lt;Task version=""1.3"" xmlns=""http://schemas.microsoft.com/windows/2004/02/mit/task""&gt;   &lt;RegistrationInfo&gt;     &lt;Description&gt;Periodic scan task.&lt;/Description&gt;     &lt;URI&gt;\Microsoft\Windows\Windows Defender\Windows Defender Scheduled Scan&lt;/URI&gt;   &lt;/RegistrationInfo&gt;   &lt;Triggers&gt;     &lt;CalendarTrigger&gt;       &lt;StartBoundary&gt;2000-01-01T03:49:53&lt;/StartBoundary&gt;       &lt;EndBoundary&gt;2100-01-01T00:00:00&lt;/EndBoundary&gt;       &lt;Enabled&gt;true&lt;/Enabled&gt;       &lt;ScheduleByDay&gt;         &lt;DaysInterval&gt;1&lt;/DaysInterval&gt;       &lt;/ScheduleByDay&gt;     &lt;/CalendarTrigger&gt;   &lt;/Triggers&gt;   &lt;Principals&gt;     &lt;Principal id=""LocalSystem""&gt;       &lt;UserId&gt;S-1-5-18&lt;/UserId&gt;       &lt;RunLevel&gt;HighestAvailable&lt;/RunLevel&gt;     &lt;/Principal&gt;   &lt;/Principals&gt;   &lt;Settings&gt;     &lt;MultipleInstancesPolicy&gt;IgnoreNew&lt;/MultipleInstancesPolicy&gt;     &lt;DisallowStartIfOnBatteries&gt;true&lt;/DisallowStartIfOnBatteries&gt;     &lt;StopIfGoingOnBatteries&gt;false&lt;/StopIfGoingOnBatteries&gt;     &lt;AllowHardTerminate&gt;true&lt;/AllowHardTerminate&gt;     &lt;StartWhenAvailable&gt;true&lt;/StartWhenAvailable&gt;     &lt;RunOnlyIfNetworkAvailable&gt;false&lt;/RunOnlyIfNetworkAvailable&gt;     &lt;IdleSettings&gt;       &lt;Duration&gt;PT0H1M0S&lt;/Duration&gt;       &lt;WaitTimeout&gt;PT4H0M0S&lt;/WaitTimeout&gt;       &lt;StopOnIdleEnd&gt;false&lt;/StopOnIdleEnd&gt;       &lt;RestartOnIdle&gt;false&lt;/RestartOnIdle&gt;     &lt;/IdleSettings&gt;     &lt;AllowStartOnDemand&gt;true&lt;/AllowStartOnDemand&gt;     &lt;Enabled&gt;true&lt;/Enabled&gt;     &lt;Hidden&gt;false&lt;/Hidden&gt;     &lt;RunOnlyIfIdle&gt;true&lt;/RunOnlyIfIdle&gt;     &lt;DisallowStartOnRemoteAppSession&gt;false&lt;/DisallowStartOnRemoteAppSession&gt;     &lt;UseUnifiedSchedulingEngine&gt;true&lt;/UseUnifiedSchedulingEngine&gt;     &lt;WakeToRun&gt;false&lt;/WakeToRun&gt;     &lt;ExecutionTimeLimit&gt;PT72H&lt;/ExecutionTimeLimit&gt;     &lt;Priority&gt;7&lt;/Priority&gt;   &lt;/Settings&gt;   &lt;Actions Context=""LocalSystem""&gt;     &lt;Exec&gt;       &lt;Command&gt;C:\ProgramData\Microsoft\Windows Defender\Platform\4.18.2303.8-0\MpCmdRun.exe&lt;/Command&gt;       &lt;Arguments&gt;Scan -ScheduleJob -ScanTrigger 55 -IdleScheduledJob&lt;/Arguments&gt;     &lt;/Exec&gt;   &lt;/Actions&gt; &lt;/Task&gt;</Data>
  <Data Name=""ClientProcessStartKey"">16888498602639422</Data>
  <Data Name=""ClientProcessId"">2508</Data>
  <Data Name=""ParentProcessId"">688</Data>
  <Data Name=""RpcCallClientLocality"">0</Data>
  <Data Name=""FQDN"">DC1.kustoworks.com</Data>
</EventData>",4698,"4698 - A scheduled task was created.","cc046e6c-795c-47b2-a5ae-c9a0645e6d32","cc046e6c-795c-47b2-a5ae-c9a0645e6d33","00000000-0000-0000-0000-000000000001","4/29/2023, 7:22:48.043 PM","AOI-00000000-0000-0000-0000-000000000000",,,,,,,,,,,,,,,,,,,,,,,,,,,,,,,,,,,,,,,,,,,,,,,,,,,,,,,,,,,,,,,,,,,,,,,,,,,,,,,,,,,,,,,,,,,,,,,,,,,,,,,,,,,,,,,,,,,,,,,,,,,,,,,,,,,,,,,,,,,,,,,,,,,,,,,,,,,,,,,,,,,,,,,,,,,,,,,,,,,,,,,,,,,,,,,,,,,,,,,,,,,,,,SecurityEvent,"/subscriptions/00000000-0000-0000-0000-000000000000/resourcegroups/kustoworksarc/providers/microsoft.hybridcompute/machines/dc1"
