"00000000-0000-0000-0000-000000000000","4/20/2023, 8:07:13.700 PM",OpsManager,"KUSTOWORKS\Administrator",User,"DC1.kustoworks.com","Microsoft-Windows-Security-Auditing",Security,1,0,"<EventData xmlns=""http://schemas.microsoft.com/win/2004/08/events/event"">
  <Data Name=""OpCorrelationID"">{788a58ab-cca4-47c0-84af-0a4548e00dda}</Data>
  <Data Name=""AppCorrelationID"">-</Data>
  <Data Name=""SubjectUserSid"">S-1-5-21-2496762881-1366215883-1809657155-500</Data>
  <Data Name=""SubjectUserName"">Administrator</Data>
  <Data Name=""SubjectDomainName"">KUSTOWORKS</Data>
  <Data Name=""SubjectLogonId"">0x6c5235</Data>
  <Data Name=""DSName"">kustoworks.com</Data>
  <Data Name=""DSType"">%%14676</Data>
  <Data Name=""ObjectDN"">CN={397ABCB2-5057-4308-BD9B-A2F03C3522C7},CN=POLICIES,CN=SYSTEM,DC=KUSTOWORKS,DC=COM</Data>
  <Data Name=""ObjectGUID"">{5e6d5d81-4cb1-47d8-bd59-ed035b3d9f62}</Data>
  <Data Name=""ObjectClass"">groupPolicyContainer</Data>
  <Data Name=""AttributeLDAPDisplayName"">versionNumber</Data>
  <Data Name=""AttributeSyntaxOID"">2.5.5.9</Data>
  <Data Name=""AttributeValue"">42</Data>
  <Data Name=""OperationType"">%%14675</Data>
</EventData>",5136,"5136 - A directory service object was modified.","cc046e6c-795c-47b2-a5ae-c9a0645e6d32","cc046e6c-795c-47b2-a5ae-c9a0645e6d33","00000000-0000-0000-0000-000000000001","4/20/2023, 8:07:38.222 PM","AOI-00000000-0000-0000-0000-000000000000",,,,,,,,,,,,,,,,,,,,,,,,,,,,,,,,,,,,,,,,,,,,,,,,,,,,,,,,,,,,,,,,,,,,,,,,,,,,,,,,,,,,,,,,,,,,,,,,,,,,,,,,,,,,,,,,,,,,"%%14675",,,,,,,,,,,,,,,,,,,,,,,,,,,,,,,,,,,,,,,,,,,"KUSTOWORKS\Administrator",,,,KUSTOWORKS,,0x6c5235,,,Administrator,"S-1-5-21-2496762881-1366215883-1809657155-500",,,,,,,,,,,,,,,,,,,,,,,,,,,,,,,,,,,,,SecurityEvent,"/subscriptions/00000000-0000-0000-0000-000000000000/resourcegroups/kustoworksarc/providers/microsoft.hybridcompute/machines/dc1"
"00000000-0000-0000-0000-000000000000","4/20/2023, 8:07:13.701 PM",OpsManager,"KUSTOWORKS\Administrator",User,"DC1.kustoworks.com","Microsoft-Windows-Security-Auditing",Security,1,0,"<EventData xmlns=""http://schemas.microsoft.com/win/2004/08/events/event"">
  <Data Name=""OpCorrelationID"">{788a58ab-cca4-47c0-84af-0a4548e00dda}</Data>
  <Data Name=""AppCorrelationID"">-</Data>
  <Data Name=""SubjectUserSid"">S-1-5-21-2496762881-1366215883-1809657155-500</Data>
  <Data Name=""SubjectUserName"">Administrator</Data>
  <Data Name=""SubjectDomainName"">KUSTOWORKS</Data>
  <Data Name=""SubjectLogonId"">0x6c5235</Data>
  <Data Name=""DSName"">kustoworks.com</Data>
  <Data Name=""DSType"">%%14676</Data>
  <Data Name=""ObjectDN"">CN={397ABCB2-5057-4308-BD9B-A2F03C3522C7},CN=POLICIES,CN=SYSTEM,DC=KUSTOWORKS,DC=COM</Data>
  <Data Name=""ObjectGUID"">{5e6d5d81-4cb1-47d8-bd59-ed035b3d9f62}</Data>
  <Data Name=""ObjectClass"">groupPolicyContainer</Data>
  <Data Name=""AttributeLDAPDisplayName"">versionNumber</Data>
  <Data Name=""AttributeSyntaxOID"">2.5.5.9</Data>
  <Data Name=""AttributeValue"">43</Data>
  <Data Name=""OperationType"">%%14674</Data>
</EventData>",5136,"5136 - A directory service object was modified.","cc046e6c-795c-47b2-a5ae-c9a0645e6d32","cc046e6c-795c-47b2-a5ae-c9a0645e6d33","00000000-0000-0000-0000-000000000001","4/20/2023, 8:07:38.222 PM","AOI-00000000-0000-0000-0000-000000000000",,,,,,,,,,,,,,,,,,,,,,,,,,,,,,,,,,,,,,,,,,,,,,,,,,,,,,,,,,,,,,,,,,,,,,,,,,,,,,,,,,,,,,,,,,,,,,,,,,,,,,,,,,,,,,,,,,,,"%%14674",,,,,,,,,,,,,,,,,,,,,,,,,,,,,,,,,,,,,,,,,,,"KUSTOWORKS\Administrator",,,,KUSTOWORKS,,0x6c5235,,,Administrator,"S-1-5-21-2496762881-1366215883-1809657155-500",,,,,,,,,,,,,,,,,,,,,,,,,,,,,,,,,,,,,SecurityEvent,"/subscriptions/00000000-0000-0000-0000-000000000000/resourcegroups/kustoworksarc/providers/microsoft.hybridcompute/machines/dc1"
"00000000-0000-0000-0000-000000000000","4/29/2023, 1:19:05.627 PM",OpsManager,"KUSTOWORKS\Administrator",User,"DC1.kustoworks.com","Microsoft-Windows-Security-Auditing",Security,1,0,"<EventData xmlns=""http://schemas.microsoft.com/win/2004/08/events/event"">
  <Data Name=""OpCorrelationID"">{b93b9dd1-b25d-41fc-a2fd-32d85d6fa786}</Data>
  <Data Name=""AppCorrelationID"">-</Data>
  <Data Name=""SubjectUserSid"">S-1-5-21-2496762881-1366215883-1809657155-500</Data>
  <Data Name=""SubjectUserName"">Administrator</Data>
  <Data Name=""SubjectDomainName"">KUSTOWORKS</Data>
  <Data Name=""SubjectLogonId"">0x9bf50b</Data>
  <Data Name=""DSName"">kustoworks.com</Data>
  <Data Name=""DSType"">%%14676</Data>
  <Data Name=""ObjectDN"">CN={397ABCB2-5057-4308-BD9B-A2F03C3522C7},CN=POLICIES,CN=SYSTEM,DC=KUSTOWORKS,DC=COM</Data>
  <Data Name=""ObjectGUID"">{5e6d5d81-4cb1-47d8-bd59-ed035b3d9f62}</Data>
  <Data Name=""ObjectClass"">groupPolicyContainer</Data>
  <Data Name=""AttributeLDAPDisplayName"">versionNumber</Data>
  <Data Name=""AttributeSyntaxOID"">2.5.5.9</Data>
  <Data Name=""AttributeValue"">44</Data>
  <Data Name=""OperationType"">%%14675</Data>
</EventData>",5136,"5136 - A directory service object was modified.","cc046e6c-795c-47b2-a5ae-c9a0645e6d32","cc046e6c-795c-47b2-a5ae-c9a0645e6d33","00000000-0000-0000-0000-000000000001","4/29/2023, 1:45:31.136 PM","AOI-00000000-0000-0000-0000-000000000000",,,,,,,,,,,,,,,,,,,,,,,,,,,,,,,,,,,,,,,,,,,,,,,,,,,,,,,,,,,,,,,,,,,,,,,,,,,,,,,,,,,,,,,,,,,,,,,,,,,,,,,,,,,,,,,,,,,,"%%14675",,,,,,,,,,,,,,,,,,,,,,,,,,,,,,,,,,,,,,,,,,,"KUSTOWORKS\Administrator",,,,KUSTOWORKS,,0x9bf50b,,,Administrator,"S-1-5-21-2496762881-1366215883-1809657155-500",,,,,,,,,,,,,,,,,,,,,,,,,,,,,,,,,,,,,SecurityEvent,"/subscriptions/00000000-0000-0000-0000-000000000000/resourcegroups/kustoworksarc/providers/microsoft.hybridcompute/machines/dc1"
"00000000-0000-0000-0000-000000000000","4/29/2023, 1:19:05.627 PM",OpsManager,"KUSTOWORKS\Administrator",User,"DC1.kustoworks.com","Microsoft-Windows-Security-Auditing",Security,1,0,"<EventData xmlns=""http://schemas.microsoft.com/win/2004/08/events/event"">
  <Data Name=""OpCorrelationID"">{b93b9dd1-b25d-41fc-a2fd-32d85d6fa786}</Data>
  <Data Name=""AppCorrelationID"">-</Data>
  <Data Name=""SubjectUserSid"">S-1-5-21-2496762881-1366215883-1809657155-500</Data>
  <Data Name=""SubjectUserName"">Administrator</Data>
  <Data Name=""SubjectDomainName"">KUSTOWORKS</Data>
  <Data Name=""SubjectLogonId"">0x9bf50b</Data>
  <Data Name=""DSName"">kustoworks.com</Data>
  <Data Name=""DSType"">%%14676</Data>
  <Data Name=""ObjectDN"">CN={397ABCB2-5057-4308-BD9B-A2F03C3522C7},CN=POLICIES,CN=SYSTEM,DC=KUSTOWORKS,DC=COM</Data>
  <Data Name=""ObjectGUID"">{5e6d5d81-4cb1-47d8-bd59-ed035b3d9f62}</Data>
  <Data Name=""ObjectClass"">groupPolicyContainer</Data>
  <Data Name=""AttributeLDAPDisplayName"">versionNumber</Data>
  <Data Name=""AttributeSyntaxOID"">2.5.5.9</Data>
  <Data Name=""AttributeValue"">45</Data>
  <Data Name=""OperationType"">%%14674</Data>
</EventData>",5136,"5136 - A directory service object was modified.","cc046e6c-795c-47b2-a5ae-c9a0645e6d32","cc046e6c-795c-47b2-a5ae-c9a0645e6d33","00000000-0000-0000-0000-000000000001","4/29/2023, 1:45:31.136 PM","AOI-00000000-0000-0000-0000-000000000000",,,,,,,,,,,,,,,,,,,,,,,,,,,,,,,,,,,,,,,,,,,,,,,,,,,,,,,,,,,,,,,,,,,,,,,,,,,,,,,,,,,,,,,,,,,,,,,,,,,,,,,,,,,,,,,,,,,,"%%14674",,,,,,,,,,,,,,,,,,,,,,,,,,,,,,,,,,,,,,,,,,,"KUSTOWORKS\Administrator",,,,KUSTOWORKS,,0x9bf50b,,,Administrator,"S-1-5-21-2496762881-1366215883-1809657155-500",,,,,,,,,,,,,,,,,,,,,,,,,,,,,,,,,,,,,SecurityEvent,"/subscriptions/00000000-0000-0000-0000-000000000000/resourcegroups/kustoworksarc/providers/microsoft.hybridcompute/machines/dc1"
"00000000-0000-0000-0000-000000000000","4/29/2023, 1:18:45.613 PM",OpsManager,"KUSTOWORKS\Administrator",User,"DC1.kustoworks.com","Microsoft-Windows-Security-Auditing",Security,1,0,"<EventData xmlns=""http://schemas.microsoft.com/win/2004/08/events/event"">
  <Data Name=""OpCorrelationID"">{7bc0ae1f-4a1e-43da-b21a-129210d6b3ea}</Data>
  <Data Name=""AppCorrelationID"">-</Data>
  <Data Name=""SubjectUserSid"">S-1-5-21-2496762881-1366215883-1809657155-500</Data>
  <Data Name=""SubjectUserName"">Administrator</Data>
  <Data Name=""SubjectDomainName"">KUSTOWORKS</Data>
  <Data Name=""SubjectLogonId"">0x9bf50b</Data>
  <Data Name=""DSName"">kustoworks.com</Data>
  <Data Name=""DSType"">%%14676</Data>
  <Data Name=""ObjectDN"">CN={397ABCB2-5057-4308-BD9B-A2F03C3522C7},CN=POLICIES,CN=SYSTEM,DC=KUSTOWORKS,DC=COM</Data>
  <Data Name=""ObjectGUID"">{5e6d5d81-4cb1-47d8-bd59-ed035b3d9f62}</Data>
  <Data Name=""ObjectClass"">groupPolicyContainer</Data>
  <Data Name=""AttributeLDAPDisplayName"">versionNumber</Data>
  <Data Name=""AttributeSyntaxOID"">2.5.5.9</Data>
  <Data Name=""AttributeValue"">43</Data>
  <Data Name=""OperationType"">%%14675</Data>
</EventData>",5136,"5136 - A directory service object was modified.","cc046e6c-795c-47b2-a5ae-c9a0645e6d32","cc046e6c-795c-47b2-a5ae-c9a0645e6d33","00000000-0000-0000-0000-000000000001","4/29/2023, 1:42:52.007 PM","AOI-00000000-0000-0000-0000-000000000000",,,,,,,,,,,,,,,,,,,,,,,,,,,,,,,,,,,,,,,,,,,,,,,,,,,,,,,,,,,,,,,,,,,,,,,,,,,,,,,,,,,,,,,,,,,,,,,,,,,,,,,,,,,,,,,,,,,,"%%14675",,,,,,,,,,,,,,,,,,,,,,,,,,,,,,,,,,,,,,,,,,,"KUSTOWORKS\Administrator",,,,KUSTOWORKS,,0x9bf50b,,,Administrator,"S-1-5-21-2496762881-1366215883-1809657155-500",,,,,,,,,,,,,,,,,,,,,,,,,,,,,,,,,,,,,SecurityEvent,"/subscriptions/00000000-0000-0000-0000-000000000000/resourcegroups/kustoworksarc/providers/microsoft.hybridcompute/machines/dc1"
"00000000-0000-0000-0000-000000000000","4/29/2023, 1:18:45.613 PM",OpsManager,"KUSTOWORKS\Administrator",User,"DC1.kustoworks.com","Microsoft-Windows-Security-Auditing",Security,1,0,"<EventData xmlns=""http://schemas.microsoft.com/win/2004/08/events/event"">
  <Data Name=""OpCorrelationID"">{7bc0ae1f-4a1e-43da-b21a-129210d6b3ea}</Data>
  <Data Name=""AppCorrelationID"">-</Data>
  <Data Name=""SubjectUserSid"">S-1-5-21-2496762881-1366215883-1809657155-500</Data>
  <Data Name=""SubjectUserName"">Administrator</Data>
  <Data Name=""SubjectDomainName"">KUSTOWORKS</Data>
  <Data Name=""SubjectLogonId"">0x9bf50b</Data>
  <Data Name=""DSName"">kustoworks.com</Data>
  <Data Name=""DSType"">%%14676</Data>
  <Data Name=""ObjectDN"">CN={397ABCB2-5057-4308-BD9B-A2F03C3522C7},CN=POLICIES,CN=SYSTEM,DC=KUSTOWORKS,DC=COM</Data>
  <Data Name=""ObjectGUID"">{5e6d5d81-4cb1-47d8-bd59-ed035b3d9f62}</Data>
  <Data Name=""ObjectClass"">groupPolicyContainer</Data>
  <Data Name=""AttributeLDAPDisplayName"">versionNumber</Data>
  <Data Name=""AttributeSyntaxOID"">2.5.5.9</Data>
  <Data Name=""AttributeValue"">44</Data>
  <Data Name=""OperationType"">%%14674</Data>
</EventData>",5136,"5136 - A directory service object was modified.","cc046e6c-795c-47b2-a5ae-c9a0645e6d32","cc046e6c-795c-47b2-a5ae-c9a0645e6d33","00000000-0000-0000-0000-000000000001","4/29/2023, 1:42:52.007 PM","AOI-00000000-0000-0000-0000-000000000000",,,,,,,,,,,,,,,,,,,,,,,,,,,,,,,,,,,,,,,,,,,,,,,,,,,,,,,,,,,,,,,,,,,,,,,,,,,,,,,,,,,,,,,,,,,,,,,,,,,,,,,,,,,,,,,,,,,,"%%14674",,,,,,,,,,,,,,,,,,,,,,,,,,,,,,,,,,,,,,,,,,,"KUSTOWORKS\Administrator",,,,KUSTOWORKS,,0x9bf50b,,,Administrator,"S-1-5-21-2496762881-1366215883-1809657155-500",,,,,,,,,,,,,,,,,,,,,,,,,,,,,,,,,,,,,SecurityEvent,"/subscriptions/00000000-0000-0000-0000-000000000000/resourcegroups/kustoworksarc/providers/microsoft.hybridcompute/machines/dc1"
