"0b2a9277-f48f-49f6-b78d-d8bfd6dea87a",RestAPI,,,"7/27/2023, 2:58:25.112 PM",,,,,,,,,,,,,,,,,,,1,".",Default,,0,"Microsoft-Windows-DNSServer","eb79061a-a566-4698-9119-3ed2807060e7",261,0,16,"Microsoft-Windows-DNS-Server/Analytical ",4,"Information ",0,2,"RECURSE_QUERY ",9223372036854775840,"7/27/2023, 2:58:23.487 PM",2908,4024,INFO,2,INFO,windns,"NT AUTHORITY",SYSTEM,"S-1-5-18",User,32768,0,"0.0.0.0","150.171.16.39",,"0b2a9277-f48f-49f6-b78d-d8bfd6dea87a.ods.opinsights.azure.com.",1,28487,0,28487,false,false,false,QUERY,true,NOERROR,false,false,false,"[{""dns.query.name"":""0b2a9277-f48f-49f6-b78d-d8bfd6dea87a.ods.opinsights.azure.com"",""dns.query.type"":""A"",""dns.query.class"":""IN""}]",0x6F47800000010000000400012430623261393237372D663438662D343966362D623738642D643862666436646561383761036F64730A6F70696E73696768747305617A75726503636F6D0000010001C031000200010000012C0013066E73312D303109617A7572652D646E73C046C031000200010000012C0016066E73322D303109617A7572652D646E73036E657400C031000200010000012C0016066E73332D303109617A7572652D646E73036F726700C031000200010000012C0017066E73342D303109617A7572652D646E7304696E666F0000002904D0000000000000,".","395824ce-c86c-44b4-9f9c-171b6986c947","7/27/2023, 2:58:24.469 PM","in_windowsdns_auditanalytics_sentinel_windows","im_etw","172.18.88.20","N/A",,0,0,,,,,,"[{""dns.authority.name"":""ods.opinsights.azure.com"",""dns.authority.type"":""NS"",""dns.authority.class"":""IN"",""dns.authority.ttl"":300,""dns.authority.data"":""ns1-01.azure-dns.com""},{""dns.authority.name"":""ods.opinsights.azure.com"",""dns.authority.type"":""NS"",""dns.authority.class"":""IN"",""dns.authority.ttl"":300,""dns.authority.data"":""ns2-01.azure-dns.net""},{""dns.authority.name"":""ods.opinsights.azure.com"",""dns.authority.type"":""NS"",""dns.authority.class"":""IN"",""dns.authority.ttl"":300,""dns.authority.data"":""ns3-01.azure-dns.org""},{""dns.authority.name"":""ods.opinsights.azure.com"",""dns.authority.type"":""NS"",""dns.authority.class"":""IN"",""dns.authority.ttl"":300,""dns.authority.data"":""ns4-01.azure-dns.info""}]",,,"NXLog_DNS_Server_CL",
"0b2a9277-f48f-49f6-b78d-d8bfd6dea87a",RestAPI,,,"7/27/2023, 2:58:25.112 PM",,,,,,,,,,,,,,,,,,5813,,".",Default,,,"Microsoft-Windows-DNSServer","eb79061a-a566-4698-9119-3ed2807060e7",260,0,16,"Microsoft-Windows-DNS-Server/Analytical ",4,"Information ",0,2,"RECURSE_QUERY ",9223372036854775824,"7/27/2023, 2:58:23.488 PM",2908,4024,INFO,2,INFO,windns,"NT AUTHORITY",SYSTEM,"S-1-5-18",User,0,0,"0.0.0.0",,0,"0b2a9277-f48f-49f6-b78d-d8bfd6dea87a.ods.opinsights.azure.com.",1,27209,0,27209,false,false,false,QUERY,false,NOERROR,false,false,false,"[{""dns.query.name"":""0b2a9277-f48f-49f6-b78d-d8bfd6dea87a.ods.opinsights.azure.com"",""dns.query.type"":""A"",""dns.query.class"":""IN""}]",0x6A49000000010000000000012430623261393237372D663438662D343966362D623738642D643862666436646561383761036F64730A6F70696E73696768747305617A75726503636F6D00000100010000290FA0000000000000,".","395824ce-c86c-44b4-9f9c-171b6986c947","7/27/2023, 2:58:24.469 PM","in_windowsdns_auditanalytics_sentinel_windows","im_etw","172.18.88.20","N/A","13.107.236.1",,,,,,,NULL,,,,"NXLog_DNS_Server_CL",
"0b2a9277-f48f-49f6-b78d-d8bfd6dea87a",RestAPI,,,"7/27/2023, 2:53:13.197 PM",,,,,,,,,,,,,,,,,,,,,,,,"Microsoft-Windows-DNSServer","eb79061a-a566-4698-9119-3ed2807060e7",256,0,16,"Microsoft-Windows-DNS-Server/Analytical ",4,"Information ",0,1,"LOOK_UP ",9223372036854775809,"7/27/2023, 2:53:11.404 PM",2908,4028,INFO,2,INFO,windns,"NT AUTHORITY",SYSTEM,"S-1-5-18",User,256,0,"172.18.88.20","172.18.88.20",1,"0b2a9277-f48f-49f6-b78d-d8bfd6dea87a.ods.opinsights.azure.com.",1,62341,57919,62341,true,false,false,QUERY,false,NOERROR,false,false,false,"[{""dns.query.name"":""0b2a9277-f48f-49f6-b78d-d8bfd6dea87a.ods.opinsights.azure.com"",""dns.query.type"":""A"",""dns.query.class"":""IN""}]",0xF385010000010000000000002430623261393237372D663438662D343966362D623738642D643862666436646561383761036F64730A6F70696E73696768747305617A75726503636F6D0000010001,".","f4ad3e0b-e8ae-43ce-b80b-c7941e894457","7/27/2023, 2:53:12.407 PM","in_windowsdns_auditanalytics_sentinel_windows","im_etw","172.18.88.20","N/A",,,,,,,,,,,,"NXLog_DNS_Server_CL",
"0b2a9277-f48f-49f6-b78d-d8bfd6dea87a",RestAPI,,,"7/27/2023, 2:53:13.197 PM",,,,,,,,,,,,,,,,,,62341,,".",Default,,,"Microsoft-Windows-DNSServer","eb79061a-a566-4698-9119-3ed2807060e7",260,0,16,"Microsoft-Windows-DNS-Server/Analytical ",4,"Information ",0,2,"RECURSE_QUERY ",9223372036854775824,"7/27/2023, 2:53:11.404 PM",2908,4028,INFO,2,INFO,windns,"NT AUTHORITY",SYSTEM,"S-1-5-18",User,0,0,"0.0.0.0",,0,"0b2a9277-f48f-49f6-b78d-d8bfd6dea87a.ods.opinsights.azure.com.",1,55361,0,55361,false,false,false,QUERY,false,NOERROR,false,false,false,"[{""dns.query.name"":""0b2a9277-f48f-49f6-b78d-d8bfd6dea87a.ods.opinsights.azure.com"",""dns.query.type"":""A"",""dns.query.class"":""IN""}]",0xD841000000010000000000012430623261393237372D663438662D343966362D623738642D643862666436646561383761036F64730A6F70696E73696768747305617A75726503636F6D00000100010000290FA0000000000000,".","f4ad3e0b-e8ae-43ce-b80b-c7941e894457","7/27/2023, 2:53:12.407 PM","in_windowsdns_auditanalytics_sentinel_windows","im_etw","172.18.88.20","N/A","150.171.10.39",,,,,,,NULL,,,,"NXLog_DNS_Server_CL",
"0b2a9277-f48f-49f6-b78d-d8bfd6dea87a",RestAPI,,,"7/27/2023, 2:58:44.390 PM",,,,,,,,,,,,,,,,,,,,,,,,"Microsoft-Windows-DNSServer","eb79061a-a566-4698-9119-3ed2807060e7",256,0,16,"Microsoft-Windows-DNS-Server/Analytical ",4,"Information ",0,1,"LOOK_UP ",9223372036854775809,"7/27/2023, 2:58:41.707 PM",2908,4028,INFO,2,INFO,windns,"NT AUTHORITY",SYSTEM,"S-1-5-18",User,256,0,"172.18.88.20","172.18.88.20",1,"0b2a9277-f48f-49f6-b78d-d8bfd6dea87a.ods.opinsights.azure.com.",1,13611,59948,13611,true,false,false,QUERY,false,NOERROR,false,false,false,"[{""dns.query.name"":""0b2a9277-f48f-49f6-b78d-d8bfd6dea87a.ods.opinsights.azure.com"",""dns.query.type"":""A"",""dns.query.class"":""IN""}]",0x352B010000010000000000002430623261393237372D663438662D343966362D623738642D643862666436646561383761036F64730A6F70696E73696768747305617A75726503636F6D0000010001,".","f1d14693-8c00-4cd4-98a1-d9d527a4788a","7/27/2023, 2:58:43.797 PM","in_windowsdns_auditanalytics_sentinel_windows","im_etw","172.18.88.20","N/A",,,,,,,,,,,,"NXLog_DNS_Server_CL",
"0b2a9277-f48f-49f6-b78d-d8bfd6dea87a",RestAPI,,,"7/27/2023, 2:58:44.390 PM",,,,,,,,,,,,,,,,,,,,,,,,"Microsoft-Windows-DNSServer","eb79061a-a566-4698-9119-3ed2807060e7",279,0,16,"Microsoft-Windows-DNS-Server/Analytical ",4,"Information ",0,1,"LOOK_UP ",9223372071214514176,"7/27/2023, 2:58:41.708 PM",2908,4028,INFO,2,INFO,windns,"NT AUTHORITY",SYSTEM,"S-1-5-18",User,33152,0,"172.18.88.20","172.18.88.20",1,"opinsightsweuods.trafficmanager.net.",1,13611,59948,13611,true,false,false,QUERY,true,NOERROR,false,false,true,"[{""dns.query.name"":""0b2a9277-f48f-49f6-b78d-d8bfd6dea87a.ods.opinsights.azure.com"",""dns.query.type"":""A"",""dns.query.class"":""IN""}]",0x352B818000010001000000002430623261393237372D663438662D343966362D623738642D643862666436646561383761036F64730A6F70696E73696768747305617A75726503636F6D0000010001,,,"7/27/2023, 2:58:43.797 PM","in_windowsdns_auditanalytics_sentinel_windows","im_etw","172.18.88.20","N/A",,,,,,,,,,,"N/A","NXLog_DNS_Server_CL",
"0b2a9277-f48f-49f6-b78d-d8bfd6dea87a",RestAPI,,,"7/27/2023, 2:58:44.390 PM",,,,,,,,,,,,,,,,,,,,,,,,"Microsoft-Windows-DNSServer","eb79061a-a566-4698-9119-3ed2807060e7",279,0,16,"Microsoft-Windows-DNS-Server/Analytical ",4,"Information ",0,1,"LOOK_UP ",9223372071214514176,"7/27/2023, 2:58:41.708 PM",2908,4028,INFO,2,INFO,windns,"NT AUTHORITY",SYSTEM,"S-1-5-18",User,33152,0,"172.18.88.20","172.18.88.20",1,"ipv4-weu-oi-ods-cses-g.westeurope.cloudapp.azure.com.",1,13611,59948,13611,true,false,false,QUERY,true,NOERROR,false,false,true,"[{""dns.query.name"":""0b2a9277-f48f-49f6-b78d-d8bfd6dea87a.ods.opinsights.azure.com"",""dns.query.type"":""A"",""dns.query.class"":""IN""}]",0x352B818000010002000000002430623261393237372D663438662D343966362D623738642D643862666436646561383761036F64730A6F70696E73696768747305617A75726503636F6D0000010001,,,"7/27/2023, 2:58:43.797 PM","in_windowsdns_auditanalytics_sentinel_windows","im_etw","172.18.88.20","N/A",,,,,,,,,,,"N/A","NXLog_DNS_Server_CL",
"0b2a9277-f48f-49f6-b78d-d8bfd6dea87a",RestAPI,,,"7/27/2023, 2:58:44.390 PM",,,,,,,,,,,,,,,,,,13611,,".",Default,,,"Microsoft-Windows-DNSServer","eb79061a-a566-4698-9119-3ed2807060e7",260,0,16,"Microsoft-Windows-DNS-Server/Analytical ",4,"Information ",0,2,"RECURSE_QUERY ",9223372036854775824,"7/27/2023, 2:58:41.708 PM",2908,4028,INFO,2,INFO,windns,"NT AUTHORITY",SYSTEM,"S-1-5-18",User,0,0,"0.0.0.0",,0,"ipv4-weu-oi-ods-cses-g.westeurope.cloudapp.azure.com.",1,17672,0,17672,false,false,false,QUERY,false,NOERROR,false,false,false,"[{""dns.query.name"":""ipv4-weu-oi-ods-cses-g.westeurope.cloudapp.azure.com"",""dns.query.type"":""A"",""dns.query.class"":""IN""}]",0x45080000000100000000000116697076342D7765752D6F692D6F64732D637365732D670A776573746575726F706508636C6F756461707005617A75726503636F6D00000100010000290FA0000000000000,".","f1d14693-8c00-4cd4-98a1-d9d527a4788a","7/27/2023, 2:58:43.797 PM","in_windowsdns_auditanalytics_sentinel_windows","im_etw","172.18.88.20","N/A","13.107.236.201",,,,,,,NULL,,,,"NXLog_DNS_Server_CL",
"0b2a9277-f48f-49f6-b78d-d8bfd6dea87a",RestAPI,,,"7/27/2023, 2:58:44.390 PM",,,,,,,,,,,,,,,,,,,1,".",Default,"[{""dns.answer.name"":""ipv4-weu-oi-ods-cses-g.westeurope.cloudapp.azure.com"",""dns.answer.type"":""A"",""dns.answer.class"":""IN"",""dns.answer.ttl"":10,""dns.answer.data"":""52.236.186.222""}]",0,"Microsoft-Windows-DNSServer","eb79061a-a566-4698-9119-3ed2807060e7",261,0,16,"Microsoft-Windows-DNS-Server/Analytical ",4,"Information ",0,2,"RECURSE_QUERY ",9223372036854775840,"7/27/2023, 2:58:41.741 PM",2908,4028,INFO,2,INFO,windns,"NT AUTHORITY",SYSTEM,"S-1-5-18",User,33792,0,"0.0.0.0","13.107.236.201",,"ipv4-weu-oi-ods-cses-g.westeurope.cloudapp.azure.com.",1,17672,0,17672,false,false,true,QUERY,true,NOERROR,false,false,false,"[{""dns.query.name"":""ipv4-weu-oi-ods-cses-g.westeurope.cloudapp.azure.com"",""dns.query.type"":""A"",""dns.query.class"":""IN""}]",0x45088400000100010000000116697076342D7765752D6F692D6F64732D637365732D670A776573746575726F706508636C6F756461707005617A75726503636F6D0000010001C00C000100010000000A000434ECBADE00002904D0000000000000,".","f1d14693-8c00-4cd4-98a1-d9d527a4788a","7/27/2023, 2:58:43.797 PM","in_windowsdns_auditanalytics_sentinel_windows","im_etw","172.18.88.20","N/A",,1,0,,,,,,,,,"NXLog_DNS_Server_CL",
"0b2a9277-f48f-49f6-b78d-d8bfd6dea87a",RestAPI,,,"7/27/2023, 2:58:44.390 PM",,,,,,,,,,,,,,,,,,,,,,"[{""dns.answer.name"":""0b2a9277-f48f-49f6-b78d-d8bfd6dea87a.ods.opinsights.azure.com"",""dns.answer.type"":""CNAME"",""dns.answer.class"":""IN"",""dns.answer.ttl"":281,""dns.answer.data"":""opinsightsweuods.trafficmanager.net""},{""dns.answer.name"":""opinsightsweuods.trafficmanager.net"",""dns.answer.type"":""CNAME"",""dns.answer.class"":""IN"",""dns.answer.ttl"":281,""dns.answer.data"":""ipv4-weu-oi-ods-cses-g.westeurope.cloudapp.azure.com""},{""dns.answer.name"":""ipv4-weu-oi-ods-cses-g.westeurope.cloudapp.azure.com"",""dns.answer.type"":""A"",""dns.answer.class"":""IN"",""dns.answer.ttl"":9,""dns.answer.data"":""52.236.186.222""}]",,"Microsoft-Windows-DNSServer","eb79061a-a566-4698-9119-3ed2807060e7",257,0,16,"Microsoft-Windows-DNS-Server/Analytical ",4,"Information ",0,1,"LOOK_UP ",9223372036854775810,"7/27/2023, 2:58:41.741 PM",2908,4028,INFO,2,INFO,windns,"NT AUTHORITY",SYSTEM,"S-1-5-18",User,33152,0,"172.18.88.20",,,"0b2a9277-f48f-49f6-b78d-d8bfd6dea87a.ods.opinsights.azure.com.",1,13611,59948,13611,true,false,false,QUERY,true,NOERROR,false,false,true,"[{""dns.query.name"":""0b2a9277-f48f-49f6-b78d-d8bfd6dea87a.ods.opinsights.azure.com"",""dns.query.type"":""A"",""dns.query.class"":""IN""}]",0x352B818000010003000000002430623261393237372D663438662D343966362D623738642D643862666436646561383761036F64730A6F70696E73696768747305617A75726503636F6D0000010001C00C00050001000001190025106F70696E7369676874737765756F64730E747261666669636D616E61676572036E657400C05B0005000100000119002D16697076342D7765752D6F692D6F64732D637365732D670A776573746575726F706508636C6F7564617070C040C08C0001000100000009000434ECBADE,"VirtualizationInstance:.","f1d14693-8c00-4cd4-98a1-d9d527a4788a","7/27/2023, 2:58:43.797 PM","in_windowsdns_auditanalytics_sentinel_windows","im_etw","172.18.88.20","N/A","172.18.88.20",0,0,0,0,Default,"..Cache",NULL,,34,,"NXLog_DNS_Server_CL",
"0b2a9277-f48f-49f6-b78d-d8bfd6dea87a",RestAPI,,,"7/27/2023, 2:55:53.987 PM",,,,,,,,,,,,,,,,,,,,,,,,"Microsoft-Windows-DNSServer","eb79061a-a566-4698-9119-3ed2807060e7",256,0,16,"Microsoft-Windows-DNS-Server/Analytical ",4,"Information ",0,1,"LOOK_UP ",9223372036854775809,"7/27/2023, 2:55:51.282 PM",2908,4028,INFO,2,INFO,windns,"NT AUTHORITY",SYSTEM,"S-1-5-18",User,256,0,"172.18.88.20","172.18.88.20",1,"wpad.local.",1,37963,58451,37963,true,false,false,QUERY,false,NOERROR,false,false,false,"[{""dns.query.name"":""wpad.local"",""dns.query.type"":""A"",""dns.query.class"":""IN""}]",0x944B010000010000000000000477706164056C6F63616C0000010001,".","4a44c68e-b65f-4ff4-8d8f-66b4cab4ed5b","7/27/2023, 2:55:53.298 PM","in_windowsdns_auditanalytics_sentinel_windows","im_etw","172.18.88.20","N/A",,,,,,,,,,,,"NXLog_DNS_Server_CL",
"0b2a9277-f48f-49f6-b78d-d8bfd6dea87a",RestAPI,,,"7/27/2023, 2:55:53.987 PM",,,,,,,,,,,,,,,,,,,,,,,,"Microsoft-Windows-DNSServer","eb79061a-a566-4698-9119-3ed2807060e7",257,0,16,"Microsoft-Windows-DNS-Server/Analytical ",4,"Information ",0,1,"LOOK_UP ",9223372036854775810,"7/27/2023, 2:55:51.283 PM",2908,4028,INFO,2,INFO,windns,"NT AUTHORITY",SYSTEM,"S-1-5-18",User,34179,0,"172.18.88.20",,,"wpad.local.",1,37963,58451,37963,true,false,true,QUERY,true,NXDOMAIN,false,false,true,"[{""dns.query.name"":""wpad.local"",""dns.query.type"":""A"",""dns.query.class"":""IN""}]",0x944B858300010000000100000477706164056C6F63616C0000010001056C6F63616C000006000100000E10002A0677696E646E73C01C0A686F73746D6173746572C01C0000001500000384000002580001518000000E10,"VirtualizationInstance:.","4a44c68e-b65f-4ff4-8d8f-66b4cab4ed5b","7/27/2023, 2:55:53.298 PM","in_windowsdns_auditanalytics_sentinel_windows","im_etw","172.18.88.20","N/A","172.18.88.20",1,0,0,3,Default,local,NULL,"[{""dns.authority.name"":""local"",""dns.authority.type"":""SOA"",""dns.authority.class"":""IN"",""dns.authority.ttl"":3600,""dns.soa.data.name_server"":""windns.local"",""dns.soa.data.auth_mailbox"":""hostmaster.local"",""dns.soa.data.serial_number"":21,""dns.soa.data.refresh_interval"":900,""dns.soa.data.retry_interval"":600,""dns.soa.data.expire_limit"":86400,""dns.soa.data.min_ttl"":3600}]",0,,"NXLog_DNS_Server_CL",
"0b2a9277-f48f-49f6-b78d-d8bfd6dea87a",RestAPI,,,"7/27/2023, 2:59:24.364 PM",,,,,,,,,,,,,,,,,,,,,,,,"Microsoft-Windows-DNSServer","eb79061a-a566-4698-9119-3ed2807060e7",256,0,16,"Microsoft-Windows-DNS-Server/Analytical ",4,"Information ",0,1,"LOOK_UP ",9223372036854775809,"7/27/2023, 2:59:21.580 PM",2908,4028,INFO,2,INFO,windns,"NT AUTHORITY",SYSTEM,"S-1-5-18",User,256,0,"172.18.88.20","172.18.88.20",1,"0b2a9277-f48f-49f6-b78d-d8bfd6dea87a.ods.opinsights.azure.com.",1,35146,51002,35146,true,false,false,QUERY,false,NOERROR,false,false,false,"[{""dns.query.name"":""0b2a9277-f48f-49f6-b78d-d8bfd6dea87a.ods.opinsights.azure.com"",""dns.query.type"":""A"",""dns.query.class"":""IN""}]",0x894A010000010000000000002430623261393237372D663438662D343966362D623738642D643862666436646561383761036F64730A6F70696E73696768747305617A75726503636F6D0000010001,".","a896eae8-817e-450a-9284-a3d5c506452a","7/27/2023, 2:59:23.626 PM","in_windowsdns_auditanalytics_sentinel_windows","im_etw","172.18.88.20","N/A",,,,,,,,,,,,"NXLog_DNS_Server_CL",
"0b2a9277-f48f-49f6-b78d-d8bfd6dea87a",RestAPI,,,"7/27/2023, 2:59:24.364 PM",,,,,,,,,,,,,,,,,,,,,,,,"Microsoft-Windows-DNSServer","eb79061a-a566-4698-9119-3ed2807060e7",279,0,16,"Microsoft-Windows-DNS-Server/Analytical ",4,"Information ",0,1,"LOOK_UP ",9223372071214514176,"7/27/2023, 2:59:21.580 PM",2908,4028,INFO,2,INFO,windns,"NT AUTHORITY",SYSTEM,"S-1-5-18",User,33152,0,"172.18.88.20","172.18.88.20",1,"opinsightsweuods.trafficmanager.net.",1,35146,51002,35146,true,false,false,QUERY,true,NOERROR,false,false,true,"[{""dns.query.name"":""0b2a9277-f48f-49f6-b78d-d8bfd6dea87a.ods.opinsights.azure.com"",""dns.query.type"":""A"",""dns.query.class"":""IN""}]",0x894A818000010001000000002430623261393237372D663438662D343966362D623738642D643862666436646561383761036F64730A6F70696E73696768747305617A75726503636F6D0000010001,,,"7/27/2023, 2:59:23.626 PM","in_windowsdns_auditanalytics_sentinel_windows","im_etw","172.18.88.20","N/A",,,,,,,,,,,"N/A","NXLog_DNS_Server_CL",
"0b2a9277-f48f-49f6-b78d-d8bfd6dea87a",RestAPI,,,"7/27/2023, 2:59:24.364 PM",,,,,,,,,,,,,,,,,,,,,,,,"Microsoft-Windows-DNSServer","eb79061a-a566-4698-9119-3ed2807060e7",279,0,16,"Microsoft-Windows-DNS-Server/Analytical ",4,"Information ",0,1,"LOOK_UP ",9223372071214514176,"7/27/2023, 2:59:21.580 PM",2908,4028,INFO,2,INFO,windns,"NT AUTHORITY",SYSTEM,"S-1-5-18",User,33152,0,"172.18.88.20","172.18.88.20",1,"ipv4-weu-oi-ods-cses-g.westeurope.cloudapp.azure.com.",1,35146,51002,35146,true,false,false,QUERY,true,NOERROR,false,false,true,"[{""dns.query.name"":""0b2a9277-f48f-49f6-b78d-d8bfd6dea87a.ods.opinsights.azure.com"",""dns.query.type"":""A"",""dns.query.class"":""IN""}]",0x894A818000010002000000002430623261393237372D663438662D343966362D623738642D643862666436646561383761036F64730A6F70696E73696768747305617A75726503636F6D0000010001,,,"7/27/2023, 2:59:23.626 PM","in_windowsdns_auditanalytics_sentinel_windows","im_etw","172.18.88.20","N/A",,,,,,,,,,,"N/A","NXLog_DNS_Server_CL",
"0b2a9277-f48f-49f6-b78d-d8bfd6dea87a",RestAPI,,,"7/27/2023, 2:59:24.364 PM",,,,,,,,,,,,,,,,,,35146,,".",Default,,,"Microsoft-Windows-DNSServer","eb79061a-a566-4698-9119-3ed2807060e7",260,0,16,"Microsoft-Windows-DNS-Server/Analytical ",4,"Information ",0,2,"RECURSE_QUERY ",9223372036854775824,"7/27/2023, 2:59:21.580 PM",2908,4028,INFO,2,INFO,windns,"NT AUTHORITY",SYSTEM,"S-1-5-18",User,0,0,"0.0.0.0",,0,"ipv4-weu-oi-ods-cses-g.westeurope.cloudapp.azure.com.",1,55727,0,55727,false,false,false,QUERY,false,NOERROR,false,false,false,"[{""dns.query.name"":""ipv4-weu-oi-ods-cses-g.westeurope.cloudapp.azure.com"",""dns.query.type"":""A"",""dns.query.class"":""IN""}]",0xD9AF0000000100000000000116697076342D7765752D6F692D6F64732D637365732D670A776573746575726F706508636C6F756461707005617A75726503636F6D00000100010000290FA0000000000000,".","a896eae8-817e-450a-9284-a3d5c506452a","7/27/2023, 2:59:23.626 PM","in_windowsdns_auditanalytics_sentinel_windows","im_etw","172.18.88.20","N/A","13.107.236.201",,,,,,,NULL,,,,"NXLog_DNS_Server_CL",
"0b2a9277-f48f-49f6-b78d-d8bfd6dea87a",RestAPI,,,"7/27/2023, 2:59:24.364 PM",,,,,,,,,,,,,,,,,,,1,".",Default,"[{""dns.answer.name"":""ipv4-weu-oi-ods-cses-g.westeurope.cloudapp.azure.com"",""dns.answer.type"":""A"",""dns.answer.class"":""IN"",""dns.answer.ttl"":10,""dns.answer.data"":""52.236.186.222""}]",0,"Microsoft-Windows-DNSServer","eb79061a-a566-4698-9119-3ed2807060e7",261,0,16,"Microsoft-Windows-DNS-Server/Analytical ",4,"Information ",0,2,"RECURSE_QUERY ",9223372036854775840,"7/27/2023, 2:59:21.611 PM",2908,4028,INFO,2,INFO,windns,"NT AUTHORITY",SYSTEM,"S-1-5-18",User,33792,0,"0.0.0.0","13.107.236.201",,"ipv4-weu-oi-ods-cses-g.westeurope.cloudapp.azure.com.",1,55727,0,55727,false,false,true,QUERY,true,NOERROR,false,false,false,"[{""dns.query.name"":""ipv4-weu-oi-ods-cses-g.westeurope.cloudapp.azure.com"",""dns.query.type"":""A"",""dns.query.class"":""IN""}]",0xD9AF8400000100010000000116697076342D7765752D6F692D6F64732D637365732D670A776573746575726F706508636C6F756461707005617A75726503636F6D0000010001C00C000100010000000A000434ECBADE00002904D0000000000000,".","a896eae8-817e-450a-9284-a3d5c506452a","7/27/2023, 2:59:23.626 PM","in_windowsdns_auditanalytics_sentinel_windows","im_etw","172.18.88.20","N/A",,1,0,,,,,,,,,"NXLog_DNS_Server_CL",
"0b2a9277-f48f-49f6-b78d-d8bfd6dea87a",RestAPI,,,"7/27/2023, 2:59:24.364 PM",,,,,,,,,,,,,,,,,,,,,,"[{""dns.answer.name"":""0b2a9277-f48f-49f6-b78d-d8bfd6dea87a.ods.opinsights.azure.com"",""dns.answer.type"":""CNAME"",""dns.answer.class"":""IN"",""dns.answer.ttl"":241,""dns.answer.data"":""opinsightsweuods.trafficmanager.net""},{""dns.answer.name"":""opinsightsweuods.trafficmanager.net"",""dns.answer.type"":""CNAME"",""dns.answer.class"":""IN"",""dns.answer.ttl"":241,""dns.answer.data"":""ipv4-weu-oi-ods-cses-g.westeurope.cloudapp.azure.com""},{""dns.answer.name"":""ipv4-weu-oi-ods-cses-g.westeurope.cloudapp.azure.com"",""dns.answer.type"":""A"",""dns.answer.class"":""IN"",""dns.answer.ttl"":9,""dns.answer.data"":""52.236.186.222""}]",,"Microsoft-Windows-DNSServer","eb79061a-a566-4698-9119-3ed2807060e7",257,0,16,"Microsoft-Windows-DNS-Server/Analytical ",4,"Information ",0,1,"LOOK_UP ",9223372036854775810,"7/27/2023, 2:59:21.611 PM",2908,4028,INFO,2,INFO,windns,"NT AUTHORITY",SYSTEM,"S-1-5-18",User,33152,0,"172.18.88.20",,,"0b2a9277-f48f-49f6-b78d-d8bfd6dea87a.ods.opinsights.azure.com.",1,35146,51002,35146,true,false,false,QUERY,true,NOERROR,false,false,true,"[{""dns.query.name"":""0b2a9277-f48f-49f6-b78d-d8bfd6dea87a.ods.opinsights.azure.com"",""dns.query.type"":""A"",""dns.query.class"":""IN""}]",0x894A818000010003000000002430623261393237372D663438662D343966362D623738642D643862666436646561383761036F64730A6F70696E73696768747305617A75726503636F6D0000010001C00C00050001000000F10025106F70696E7369676874737765756F64730E747261666669636D616E61676572036E657400C05B00050001000000F1002D16697076342D7765752D6F692D6F64732D637365732D670A776573746575726F706508636C6F7564617070C040C08C0001000100000009000434ECBADE,"VirtualizationInstance:.","a896eae8-817e-450a-9284-a3d5c506452a","7/27/2023, 2:59:24.140 PM","in_windowsdns_auditanalytics_sentinel_windows","im_etw","172.18.88.20","N/A","172.18.88.20",0,0,0,0,Default,"..Cache",NULL,,31,,"NXLog_DNS_Server_CL",
