"46bec743-35fa-4608-b7e2-2aa3c38a97c2",OpsManager,"11/24/2023, 1:16:08.123 PM","Microsoft-Windows-Sysmon","Microsoft-Windows-Sysmon/Operational",WindowsEventLog,22,4,Information,"NT AUTHORITY\SYSTEM",,"<Param>-</Param><Param>2023-11-24 07:46:07.245</Param><Param>{8CAD0A01-5049-6560-9A00-000000000F00}</Param><Param>3276</Param><Param>eastus-shared.prod.warm.ingest.monitor.core.windows.net</Param><Param>0</Param><Param>type:  5 gig-warm-prod-shared-eastus.trafficmanager.net;::ffff:20.62.132.16;</Param><Param>C:\Packages\Plugins\Microsoft.Azure.Geneva.GenevaMonitoring\2.41.0.3\Monitoring\Agent\MonAgentCore.exe</Param><Param>NT AUTHORITY\SYSTEM</Param>","<DataItem type=""System.XmlData"" time=""2023-11-24T13:16:08.1234018+05:30"" sourceHealthServiceId=""F57C2BCF-DE2B-DA7F-FD91-0649DF501A73""><EventData xmlns=""http://schemas.microsoft.com/win/2004/08/events/event""><Data Name=""RuleName"">-</Data><Data Name=""UtcTime"">2023-11-24 07:46:07.245</Data><Data Name=""ProcessGuid"">{8CAD0A01-5049-6560-9A00-000000000F00}</Data><Data Name=""ProcessId"">3276</Data><Data Name=""QueryName"">eastus-shared.prod.warm.ingest.monitor.core.windows.net</Data><Data Name=""QueryStatus"">0</Data><Data Name=""QueryResults"">type:  5 gig-warm-prod-shared-eastus.trafficmanager.net;::ffff:20.62.132.16;</Data><Data Name=""Image"">C:\Packages\Plugins\Microsoft.Azure.Geneva.GenevaMonitoring\2.41.0.3\Monitoring\Agent\MonAgentCore.exe</Data><Data Name=""User"">NT AUTHORITY\SYSTEM</Data></EventData></DataItem>",22,"Dns query: RuleName: - UtcTime: 2023-11-24 07:46:07.245 ProcessGuid: {8CAD0A01-5049-6560-9A00-000000000F00} ProcessId: 3276 QueryName: eastus-shared.prod.warm.ingest.monitor.core.windows.net QueryStatus: 0 QueryResults: type:  5 gig-warm-prod-shared-eastus.trafficmanager.net;::ffff:20.62.132.16; Image: C:\Packages\Plugins\Microsoft.Azure.Geneva.GenevaMonitoring\2.41.0.3\Monitoring\Agent\MonAgentCore.exe User: NT AUTHORITY\SYSTEM ","00000000-0000-0000-0000-000000000001","AOI-46bec743-35fa-4608-b7e2-2aa3c38a97c2",,,Event,"88fdf7ae-8a9d-11ee-8bc4-0022486ea761","/subscriptions/4383ac89-7cd1-48c1-8061-b0b3c5ccfd97/resourcegroups/varunlab-rg/providers/microsoft.compute/virtualmachines/windowseventlogs","4383ac89-7cd1-48c1-8061-b0b3c5ccfd97"
"46bec743-35fa-4608-b7e2-2aa3c38a97c2",OpsManager,"11/24/2023, 1:16:09.133 PM","Microsoft-Windows-Sysmon","Microsoft-Windows-Sysmon/Operational",WindowsEventLog,22,4,Information,"NT AUTHORITY\SYSTEM",,"<Param>-</Param><Param>2023-11-24 07:46:08.726</Param><Param>{8CAD0A01-5049-6560-9A00-000000000F00}</Param><Param>3276</Param><Param>gsm723720xt.blob.core.windows.net</Param><Param>0</Param><Param>type:  5 blob.iad01prdstr06a.store.core.windows.net;::ffff:20.60.220.225;</Param><Param>C:\Packages\Plugins\Microsoft.Azure.Geneva.GenevaMonitoring\2.41.0.3\Monitoring\Agent\MonAgentCore.exe</Param><Param>NT AUTHORITY\SYSTEM</Param>","<DataItem type=""System.XmlData"" time=""2023-11-24T13:16:09.1336509+05:30"" sourceHealthServiceId=""F57C2BCF-DE2B-DA7F-FD91-0649DF501A73""><EventData xmlns=""http://schemas.microsoft.com/win/2004/08/events/event""><Data Name=""RuleName"">-</Data><Data Name=""UtcTime"">2023-11-24 07:46:08.726</Data><Data Name=""ProcessGuid"">{8CAD0A01-5049-6560-9A00-000000000F00}</Data><Data Name=""ProcessId"">3276</Data><Data Name=""QueryName"">gsm723720xt.blob.core.windows.net</Data><Data Name=""QueryStatus"">0</Data><Data Name=""QueryResults"">type:  5 blob.iad01prdstr06a.store.core.windows.net;::ffff:20.60.220.225;</Data><Data Name=""Image"">C:\Packages\Plugins\Microsoft.Azure.Geneva.GenevaMonitoring\2.41.0.3\Monitoring\Agent\MonAgentCore.exe</Data><Data Name=""User"">NT AUTHORITY\SYSTEM</Data></EventData></DataItem>",22,"Dns query: RuleName: - UtcTime: 2023-11-24 07:46:08.726 ProcessGuid: {8CAD0A01-5049-6560-9A00-000000000F00} ProcessId: 3276 QueryName: gsm723720xt.blob.core.windows.net QueryStatus: 0 QueryResults: type:  5 blob.iad01prdstr06a.store.core.windows.net;::ffff:20.60.220.225; Image: C:\Packages\Plugins\Microsoft.Azure.Geneva.GenevaMonitoring\2.41.0.3\Monitoring\Agent\MonAgentCore.exe User: NT AUTHORITY\SYSTEM ","00000000-0000-0000-0000-000000000001","AOI-46bec743-35fa-4608-b7e2-2aa3c38a97c2",,,Event,"8993a2c8-8a9d-11ee-8bc4-0022486ea981","/subscriptions/4383ac89-7cd1-48c1-8061-b0b3c5ccfd97/resourcegroups/varunlab-rg/providers/microsoft.compute/virtualmachines/windowseventlogs","4383ac89-7cd1-48c1-8061-b0b3c5ccfd97"
"46bec743-35fa-4608-b7e2-2aa3c38a97c2",OpsManager,"11/24/2023, 1:17:07.556 PM","Microsoft-Windows-Sysmon","Microsoft-Windows-Sysmon/Operational",WindowsEventLog,22,4,Information,"NT AUTHORITY\SYSTEM",,"<Param>-</Param><Param>2023-11-24 07:47:05.509</Param><Param>{8CAD0A01-5048-6560-9900-000000000F00}</Param><Param>3880</Param><Param>gcs.prod.monitoring.core.windows.net</Param><Param>0</Param><Param>type:  5 warmpath-prod-nested.trafficmanager.net;::ffff:20.42.65.225;</Param><Param>C:\Packages\Plugins\Microsoft.Azure.Geneva.GenevaMonitoring\2.41.0.3\Monitoring\Agent\MonAgentManager.exe</Param><Param>NT AUTHORITY\SYSTEM</Param>","<DataItem type=""System.XmlData"" time=""2023-11-24T13:17:07.5561604+05:30"" sourceHealthServiceId=""F57C2BCF-DE2B-DA7F-FD91-0649DF501A73""><EventData xmlns=""http://schemas.microsoft.com/win/2004/08/events/event""><Data Name=""RuleName"">-</Data><Data Name=""UtcTime"">2023-11-24 07:47:05.509</Data><Data Name=""ProcessGuid"">{8CAD0A01-5048-6560-9900-000000000F00}</Data><Data Name=""ProcessId"">3880</Data><Data Name=""QueryName"">gcs.prod.monitoring.core.windows.net</Data><Data Name=""QueryStatus"">0</Data><Data Name=""QueryResults"">type:  5 warmpath-prod-nested.trafficmanager.net;::ffff:20.42.65.225;</Data><Data Name=""Image"">C:\Packages\Plugins\Microsoft.Azure.Geneva.GenevaMonitoring\2.41.0.3\Monitoring\Agent\MonAgentManager.exe</Data><Data Name=""User"">NT AUTHORITY\SYSTEM</Data></EventData></DataItem>",22,"Dns query: RuleName: - UtcTime: 2023-11-24 07:47:05.509 ProcessGuid: {8CAD0A01-5048-6560-9900-000000000F00} ProcessId: 3880 QueryName: gcs.prod.monitoring.core.windows.net QueryStatus: 0 QueryResults: type:  5 warmpath-prod-nested.trafficmanager.net;::ffff:20.42.65.225; Image: C:\Packages\Plugins\Microsoft.Azure.Geneva.GenevaMonitoring\2.41.0.3\Monitoring\Agent\MonAgentManager.exe User: NT AUTHORITY\SYSTEM ","00000000-0000-0000-0000-000000000001","AOI-46bec743-35fa-4608-b7e2-2aa3c38a97c2",,,Event,"ad5737d4-8a9d-11ee-8bc4-6045bd72eb78","/subscriptions/4383ac89-7cd1-48c1-8061-b0b3c5ccfd97/resourcegroups/varunlab-rg/providers/microsoft.compute/virtualmachines/windowseventlogs","4383ac89-7cd1-48c1-8061-b0b3c5ccfd97"
"46bec743-35fa-4608-b7e2-2aa3c38a97c2",OpsManager,"11/24/2023, 1:17:11.860 PM","Microsoft-Windows-Sysmon","Microsoft-Windows-Sysmon/Operational",WindowsEventLog,22,4,Information,"NT AUTHORITY\SYSTEM",,"<Param>-</Param><Param>2023-11-24 07:47:09.805</Param><Param>{8CAD0A01-4FEB-6560-0B00-000000000F00}</Param><Param>644</Param><Param>_ldap._tcp.dc._msdcs.WORKGROUP</Param><Param>9003</Param><Param>-</Param><Param>C:\Windows\System32\lsass.exe</Param><Param>NT AUTHORITY\SYSTEM</Param>","<DataItem type=""System.XmlData"" time=""2023-11-24T13:17:11.8605032+05:30"" sourceHealthServiceId=""F57C2BCF-DE2B-DA7F-FD91-0649DF501A73""><EventData xmlns=""http://schemas.microsoft.com/win/2004/08/events/event""><Data Name=""RuleName"">-</Data><Data Name=""UtcTime"">2023-11-24 07:47:09.805</Data><Data Name=""ProcessGuid"">{8CAD0A01-4FEB-6560-0B00-000000000F00}</Data><Data Name=""ProcessId"">644</Data><Data Name=""QueryName"">_ldap._tcp.dc._msdcs.WORKGROUP</Data><Data Name=""QueryStatus"">9003</Data><Data Name=""QueryResults"">-</Data><Data Name=""Image"">C:\Windows\System32\lsass.exe</Data><Data Name=""User"">NT AUTHORITY\SYSTEM</Data></EventData></DataItem>",22,"Dns query: RuleName: - UtcTime: 2023-11-24 07:47:09.805 ProcessGuid: {8CAD0A01-4FEB-6560-0B00-000000000F00} ProcessId: 644 QueryName: _ldap._tcp.dc._msdcs.WORKGROUP QueryStatus: 9003 QueryResults: - Image: C:\Windows\System32\lsass.exe User: NT AUTHORITY\SYSTEM ","00000000-0000-0000-0000-000000000001","AOI-46bec743-35fa-4608-b7e2-2aa3c38a97c2",,,Event,"ae1b4ee7-8a9d-11ee-8bc4-6045bd72e49e","/subscriptions/4383ac89-7cd1-48c1-8061-b0b3c5ccfd97/resourcegroups/varunlab-rg/providers/microsoft.compute/virtualmachines/windowseventlogs","4383ac89-7cd1-48c1-8061-b0b3c5ccfd97"
"46bec743-35fa-4608-b7e2-2aa3c38a97c2",OpsManager,"11/24/2023, 1:31:59.069 PM","Microsoft-Windows-Sysmon","Microsoft-Windows-Sysmon/Operational",WindowsEventLog,22,4,Information,"NT AUTHORITY\SYSTEM",,"<Param>-</Param><Param>2023-11-24 08:01:57.055</Param><Param>{8CAD0A01-5049-6560-9A00-000000000F00}</Param><Param>3276</Param><Param>eastus-shared.prod.warm.ingest.monitor.core.windows.net</Param><Param>0</Param><Param>type:  5 gig-warm-prod-shared-eastus.trafficmanager.net;::ffff:20.62.132.18;</Param><Param>C:\Packages\Plugins\Microsoft.Azure.Geneva.GenevaMonitoring\2.41.0.3\Monitoring\Agent\MonAgentCore.exe</Param><Param>NT AUTHORITY\SYSTEM</Param>","<DataItem type=""System.XmlData"" time=""2023-11-24T13:31:59.0697821+05:30"" sourceHealthServiceId=""F57C2BCF-DE2B-DA7F-FD91-0649DF501A73""><EventData xmlns=""http://schemas.microsoft.com/win/2004/08/events/event""><Data Name=""RuleName"">-</Data><Data Name=""UtcTime"">2023-11-24 08:01:57.055</Data><Data Name=""ProcessGuid"">{8CAD0A01-5049-6560-9A00-000000000F00}</Data><Data Name=""ProcessId"">3276</Data><Data Name=""QueryName"">eastus-shared.prod.warm.ingest.monitor.core.windows.net</Data><Data Name=""QueryStatus"">0</Data><Data Name=""QueryResults"">type:  5 gig-warm-prod-shared-eastus.trafficmanager.net;::ffff:20.62.132.18;</Data><Data Name=""Image"">C:\Packages\Plugins\Microsoft.Azure.Geneva.GenevaMonitoring\2.41.0.3\Monitoring\Agent\MonAgentCore.exe</Data><Data Name=""User"">NT AUTHORITY\SYSTEM</Data></EventData></DataItem>",22,"Dns query: RuleName: - UtcTime: 2023-11-24 08:01:57.055 ProcessGuid: {8CAD0A01-5049-6560-9A00-000000000F00} ProcessId: 3276 QueryName: eastus-shared.prod.warm.ingest.monitor.core.windows.net QueryStatus: 0 QueryResults: type:  5 gig-warm-prod-shared-eastus.trafficmanager.net;::ffff:20.62.132.18; Image: C:\Packages\Plugins\Microsoft.Azure.Geneva.GenevaMonitoring\2.41.0.3\Monitoring\Agent\MonAgentCore.exe User: NT AUTHORITY\SYSTEM ","00000000-0000-0000-0000-000000000001","AOI-46bec743-35fa-4608-b7e2-2aa3c38a97c2",,,Event,"bf0981fb-8a9f-11ee-8bc2-000d3af0714e","/subscriptions/4383ac89-7cd1-48c1-8061-b0b3c5ccfd97/resourcegroups/varunlab-rg/providers/microsoft.compute/virtualmachines/windowseventlogs","4383ac89-7cd1-48c1-8061-b0b3c5ccfd97"
"46bec743-35fa-4608-b7e2-2aa3c38a97c2",OpsManager,"11/24/2023, 1:32:53.592 PM","Microsoft-Windows-Sysmon","Microsoft-Windows-Sysmon/Operational",WindowsEventLog,22,4,Information,"NT AUTHORITY\SYSTEM",,"<Param>-</Param><Param>2023-11-24 08:02:52.609</Param><Param>{8CAD0A01-5049-6560-9A00-000000000F00}</Param><Param>3276</Param><Param>WindowsEventLog</Param><Param>0</Param><Param>10.0.0.4;</Param><Param>C:\Packages\Plugins\Microsoft.Azure.Geneva.GenevaMonitoring\2.41.0.3\Monitoring\Agent\MonAgentCore.exe</Param><Param>NT AUTHORITY\SYSTEM</Param>","<DataItem type=""System.XmlData"" time=""2023-11-24T13:32:53.5926378+05:30"" sourceHealthServiceId=""F57C2BCF-DE2B-DA7F-FD91-0649DF501A73""><EventData xmlns=""http://schemas.microsoft.com/win/2004/08/events/event""><Data Name=""RuleName"">-</Data><Data Name=""UtcTime"">2023-11-24 08:02:52.609</Data><Data Name=""ProcessGuid"">{8CAD0A01-5049-6560-9A00-000000000F00}</Data><Data Name=""ProcessId"">3276</Data><Data Name=""QueryName"">WindowsEventLog</Data><Data Name=""QueryStatus"">0</Data><Data Name=""QueryResults"">10.0.0.4;</Data><Data Name=""Image"">C:\Packages\Plugins\Microsoft.Azure.Geneva.GenevaMonitoring\2.41.0.3\Monitoring\Agent\MonAgentCore.exe</Data><Data Name=""User"">NT AUTHORITY\SYSTEM</Data></EventData></DataItem>",22,"Dns query: RuleName: - UtcTime: 2023-11-24 08:02:52.609 ProcessGuid: {8CAD0A01-5049-6560-9A00-000000000F00} ProcessId: 3276 QueryName: WindowsEventLog QueryStatus: 0 QueryResults: 10.0.0.4; Image: C:\Packages\Plugins\Microsoft.Azure.Geneva.GenevaMonitoring\2.41.0.3\Monitoring\Agent\MonAgentCore.exe User: NT AUTHORITY\SYSTEM ","00000000-0000-0000-0000-000000000001","AOI-46bec743-35fa-4608-b7e2-2aa3c38a97c2",,,Event,"df4306a7-8a9f-11ee-8bc4-0022486ea981","/subscriptions/4383ac89-7cd1-48c1-8061-b0b3c5ccfd97/resourcegroups/varunlab-rg/providers/microsoft.compute/virtualmachines/windowseventlogs","4383ac89-7cd1-48c1-8061-b0b3c5ccfd97"
"46bec743-35fa-4608-b7e2-2aa3c38a97c2",OpsManager,"11/24/2023, 1:32:54.600 PM","Microsoft-Windows-Sysmon","Microsoft-Windows-Sysmon/Operational",WindowsEventLog,22,4,Information,"NT AUTHORITY\SYSTEM",,"<Param>-</Param><Param>2023-11-24 08:02:52.612</Param><Param>{8CAD0A01-5049-6560-9A00-000000000F00}</Param><Param>3276</Param><Param>gsm723720eh.servicebus.windows.net</Param><Param>0</Param><Param>type:  5 ns-eh2-prod-bl3-505.cloudapp.net;104.45.147.24;</Param><Param>C:\Packages\Plugins\Microsoft.Azure.Geneva.GenevaMonitoring\2.41.0.3\Monitoring\Agent\MonAgentCore.exe</Param><Param>NT AUTHORITY\SYSTEM</Param>","<DataItem type=""System.XmlData"" time=""2023-11-24T13:32:54.6003307+05:30"" sourceHealthServiceId=""F57C2BCF-DE2B-DA7F-FD91-0649DF501A73""><EventData xmlns=""http://schemas.microsoft.com/win/2004/08/events/event""><Data Name=""RuleName"">-</Data><Data Name=""UtcTime"">2023-11-24 08:02:52.612</Data><Data Name=""ProcessGuid"">{8CAD0A01-5049-6560-9A00-000000000F00}</Data><Data Name=""ProcessId"">3276</Data><Data Name=""QueryName"">gsm723720eh.servicebus.windows.net</Data><Data Name=""QueryStatus"">0</Data><Data Name=""QueryResults"">type:  5 ns-eh2-prod-bl3-505.cloudapp.net;104.45.147.24;</Data><Data Name=""Image"">C:\Packages\Plugins\Microsoft.Azure.Geneva.GenevaMonitoring\2.41.0.3\Monitoring\Agent\MonAgentCore.exe</Data><Data Name=""User"">NT AUTHORITY\SYSTEM</Data></EventData></DataItem>",22,"Dns query: RuleName: - UtcTime: 2023-11-24 08:02:52.612 ProcessGuid: {8CAD0A01-5049-6560-9A00-000000000F00} ProcessId: 3276 QueryName: gsm723720eh.servicebus.windows.net QueryStatus: 0 QueryResults: type:  5 ns-eh2-prod-bl3-505.cloudapp.net;104.45.147.24; Image: C:\Packages\Plugins\Microsoft.Azure.Geneva.GenevaMonitoring\2.41.0.3\Monitoring\Agent\MonAgentCore.exe User: NT AUTHORITY\SYSTEM ","00000000-0000-0000-0000-000000000001","AOI-46bec743-35fa-4608-b7e2-2aa3c38a97c2",,,Event,"df4306a8-8a9f-11ee-8bc4-0022486ea981","/subscriptions/4383ac89-7cd1-48c1-8061-b0b3c5ccfd97/resourcegroups/varunlab-rg/providers/microsoft.compute/virtualmachines/windowseventlogs","4383ac89-7cd1-48c1-8061-b0b3c5ccfd97"
"46bec743-35fa-4608-b7e2-2aa3c38a97c2",OpsManager,"11/24/2023, 1:32:54.600 PM","Microsoft-Windows-Sysmon","Microsoft-Windows-Sysmon/Operational",WindowsEventLog,22,4,Information,"NT AUTHORITY\SYSTEM",,"<Param>-</Param><Param>2023-11-24 08:02:52.615</Param><Param>{8CAD0A01-5049-6560-9A00-000000000F00}</Param><Param>3276</Param><Param>gsm723720eh.servicebus.windows.net</Param><Param>0</Param><Param>type:  5 ns-eh2-prod-bl3-505.cloudapp.net;::ffff:104.45.147.24;</Param><Param>C:\Packages\Plugins\Microsoft.Azure.Geneva.GenevaMonitoring\2.41.0.3\Monitoring\Agent\MonAgentCore.exe</Param><Param>NT AUTHORITY\SYSTEM</Param>","<DataItem type=""System.XmlData"" time=""2023-11-24T13:32:54.6003676+05:30"" sourceHealthServiceId=""F57C2BCF-DE2B-DA7F-FD91-0649DF501A73""><EventData xmlns=""http://schemas.microsoft.com/win/2004/08/events/event""><Data Name=""RuleName"">-</Data><Data Name=""UtcTime"">2023-11-24 08:02:52.615</Data><Data Name=""ProcessGuid"">{8CAD0A01-5049-6560-9A00-000000000F00}</Data><Data Name=""ProcessId"">3276</Data><Data Name=""QueryName"">gsm723720eh.servicebus.windows.net</Data><Data Name=""QueryStatus"">0</Data><Data Name=""QueryResults"">type:  5 ns-eh2-prod-bl3-505.cloudapp.net;::ffff:104.45.147.24;</Data><Data Name=""Image"">C:\Packages\Plugins\Microsoft.Azure.Geneva.GenevaMonitoring\2.41.0.3\Monitoring\Agent\MonAgentCore.exe</Data><Data Name=""User"">NT AUTHORITY\SYSTEM</Data></EventData></DataItem>",22,"Dns query: RuleName: - UtcTime: 2023-11-24 08:02:52.615 ProcessGuid: {8CAD0A01-5049-6560-9A00-000000000F00} ProcessId: 3276 QueryName: gsm723720eh.servicebus.windows.net QueryStatus: 0 QueryResults: type:  5 ns-eh2-prod-bl3-505.cloudapp.net;::ffff:104.45.147.24; Image: C:\Packages\Plugins\Microsoft.Azure.Geneva.GenevaMonitoring\2.41.0.3\Monitoring\Agent\MonAgentCore.exe User: NT AUTHORITY\SYSTEM ","00000000-0000-0000-0000-000000000001","AOI-46bec743-35fa-4608-b7e2-2aa3c38a97c2",,,Event,"df4306a9-8a9f-11ee-8bc4-0022486ea981","/subscriptions/4383ac89-7cd1-48c1-8061-b0b3c5ccfd97/resourcegroups/varunlab-rg/providers/microsoft.compute/virtualmachines/windowseventlogs","4383ac89-7cd1-48c1-8061-b0b3c5ccfd97"
"46bec743-35fa-4608-b7e2-2aa3c38a97c2",OpsManager,"11/24/2023, 1:37:08.667 PM","Microsoft-Windows-Sysmon","Microsoft-Windows-Sysmon/Operational",WindowsEventLog,22,4,Information,"NT AUTHORITY\SYSTEM",,"<Param>-</Param><Param>2023-11-24 08:07:07.425</Param><Param>{8CAD0A01-5049-6560-9A00-000000000F00}</Param><Param>3276</Param><Param>gcs.prod.monitoring.core.windows.net</Param><Param>0</Param><Param>type:  5 warmpath-prod-nested.trafficmanager.net;::ffff:20.42.65.128;</Param><Param>C:\Packages\Plugins\Microsoft.Azure.Geneva.GenevaMonitoring\2.41.0.3\Monitoring\Agent\MonAgentCore.exe</Param><Param>NT AUTHORITY\SYSTEM</Param>","<DataItem type=""System.XmlData"" time=""2023-11-24T13:37:08.6676548+05:30"" sourceHealthServiceId=""F57C2BCF-DE2B-DA7F-FD91-0649DF501A73""><EventData xmlns=""http://schemas.microsoft.com/win/2004/08/events/event""><Data Name=""RuleName"">-</Data><Data Name=""UtcTime"">2023-11-24 08:07:07.425</Data><Data Name=""ProcessGuid"">{8CAD0A01-5049-6560-9A00-000000000F00}</Data><Data Name=""ProcessId"">3276</Data><Data Name=""QueryName"">gcs.prod.monitoring.core.windows.net</Data><Data Name=""QueryStatus"">0</Data><Data Name=""QueryResults"">type:  5 warmpath-prod-nested.trafficmanager.net;::ffff:20.42.65.128;</Data><Data Name=""Image"">C:\Packages\Plugins\Microsoft.Azure.Geneva.GenevaMonitoring\2.41.0.3\Monitoring\Agent\MonAgentCore.exe</Data><Data Name=""User"">NT AUTHORITY\SYSTEM</Data></EventData></DataItem>",22,"Dns query: RuleName: - UtcTime: 2023-11-24 08:07:07.425 ProcessGuid: {8CAD0A01-5049-6560-9A00-000000000F00} ProcessId: 3276 QueryName: gcs.prod.monitoring.core.windows.net QueryStatus: 0 QueryResults: type:  5 warmpath-prod-nested.trafficmanager.net;::ffff:20.42.65.128; Image: C:\Packages\Plugins\Microsoft.Azure.Geneva.GenevaMonitoring\2.41.0.3\Monitoring\Agent\MonAgentCore.exe User: NT AUTHORITY\SYSTEM ","00000000-0000-0000-0000-000000000001","AOI-46bec743-35fa-4608-b7e2-2aa3c38a97c2",,,Event,"771272d4-8aa0-11ee-8bc4-0022486e92a3","/subscriptions/4383ac89-7cd1-48c1-8061-b0b3c5ccfd97/resourcegroups/varunlab-rg/providers/microsoft.compute/virtualmachines/windowseventlogs","4383ac89-7cd1-48c1-8061-b0b3c5ccfd97"
"46bec743-35fa-4608-b7e2-2aa3c38a97c2",OpsManager,"11/24/2023, 1:47:44.801 PM","Microsoft-Windows-Sysmon","Microsoft-Windows-Sysmon/Operational",WindowsEventLog,22,4,Information,"NT AUTHORITY\SYSTEM",,"<Param>-</Param><Param>2023-11-24 08:17:42.540</Param><Param>{8CAD0A01-5C20-6560-9C00-000000001000}</Param><Param>3972</Param><Param>global.handler.control.monitor.azure.com</Param><Param>0</Param><Param>type:  5 global.handler.control.privatelink.monitor.azure.com;type:  5 amcs-prod-global-handler.trafficmanager.net;type:  5 amcs-prod-eus-1-handler.eastus.cloudapp.azure.com;::ffff:20.49.109.88;</Param><Param>C:\Packages\Plugins\Microsoft.Azure.Monitor.AzureMonitorWindowsAgent\1.20.0.0\Monitoring\Agent\MonAgentManager.exe</Param><Param>NT AUTHORITY\SYSTEM</Param>","<DataItem type=""System.XmlData"" time=""2023-11-24T13:47:44.8015148+05:30"" sourceHealthServiceId=""F57C2BCF-DE2B-DA7F-FD91-0649DF501A73""><EventData xmlns=""http://schemas.microsoft.com/win/2004/08/events/event""><Data Name=""RuleName"">-</Data><Data Name=""UtcTime"">2023-11-24 08:17:42.540</Data><Data Name=""ProcessGuid"">{8CAD0A01-5C20-6560-9C00-000000001000}</Data><Data Name=""ProcessId"">3972</Data><Data Name=""QueryName"">global.handler.control.monitor.azure.com</Data><Data Name=""QueryStatus"">0</Data><Data Name=""QueryResults"">type:  5 global.handler.control.privatelink.monitor.azure.com;type:  5 amcs-prod-global-handler.trafficmanager.net;type:  5 amcs-prod-eus-1-handler.eastus.cloudapp.azure.com;::ffff:20.49.109.88;</Data><Data Name=""Image"">C:\Packages\Plugins\Microsoft.Azure.Monitor.AzureMonitorWindowsAgent\1.20.0.0\Monitoring\Agent\MonAgentManager.exe</Data><Data Name=""User"">NT AUTHORITY\SYSTEM</Data></EventData></DataItem>",22,"Dns query: RuleName: - UtcTime: 2023-11-24 08:17:42.540 ProcessGuid: {8CAD0A01-5C20-6560-9C00-000000001000} ProcessId: 3972 QueryName: global.handler.control.monitor.azure.com QueryStatus: 0 QueryResults: type:  5 global.handler.control.privatelink.monitor.azure.com;type:  5 amcs-prod-global-handler.trafficmanager.net;type:  5 amcs-prod-eus-1-handler.eastus.cloudapp.azure.com;::ffff:20.49.109.88; Image: C:\Packages\Plugins\Microsoft.Azure.Monitor.AzureMonitorWindowsAgent\1.20.0.0\Monitoring\Agent\MonAgentManager.exe User: NT AUTHORITY\SYSTEM ","00000000-0000-0000-0000-000000000001","AOI-46bec743-35fa-4608-b7e2-2aa3c38a97c2",,,Event,"f3f96e58-8aa1-11ee-8bc4-000d3af06bd4","/subscriptions/4383ac89-7cd1-48c1-8061-b0b3c5ccfd97/resourcegroups/varunlab-rg/providers/microsoft.compute/virtualmachines/windowseventlogs","4383ac89-7cd1-48c1-8061-b0b3c5ccfd97"
"46bec743-35fa-4608-b7e2-2aa3c38a97c2",OpsManager,"11/24/2023, 6:47:54.151 PM","Microsoft-Windows-Sysmon","Microsoft-Windows-Sysmon/Operational",WindowsEventLog,22,4,Information,"NT AUTHORITY\SYSTEM",,"<Param>-</Param><Param>2023-11-24 13:17:53.142</Param><Param>{8CAD0A01-A281-6560-CC04-000000001000}</Param><Param>72</Param><Param>WindowsEventLog</Param><Param>0</Param><Param>fe80::3e:32d1:f5ff:fffb;2001:0:34f1:8072:3e:32d1:f5ff:fffb;fe80::d024:56ce:c156:9dae;::ffff:10.0.0.4;</Param><Param>C:\Windows\System32\wbem\WmiPrvSE.exe</Param><Param>NT AUTHORITY\NETWORK SERVICE</Param>","<DataItem type=""System.XmlData"" time=""2023-11-24T18:47:54.1510722+05:30"" sourceHealthServiceId=""F57C2BCF-DE2B-DA7F-FD91-0649DF501A73""><EventData xmlns=""http://schemas.microsoft.com/win/2004/08/events/event""><Data Name=""RuleName"">-</Data><Data Name=""UtcTime"">2023-11-24 13:17:53.142</Data><Data Name=""ProcessGuid"">{8CAD0A01-A281-6560-CC04-000000001000}</Data><Data Name=""ProcessId"">72</Data><Data Name=""QueryName"">WindowsEventLog</Data><Data Name=""QueryStatus"">0</Data><Data Name=""QueryResults"">fe80::3e:32d1:f5ff:fffb;2001:0:34f1:8072:3e:32d1:f5ff:fffb;fe80::d024:56ce:c156:9dae;::ffff:10.0.0.4;</Data><Data Name=""Image"">C:\Windows\System32\wbem\WmiPrvSE.exe</Data><Data Name=""User"">NT AUTHORITY\NETWORK SERVICE</Data></EventData></DataItem>",22,"Dns query: RuleName: - UtcTime: 2023-11-24 13:17:53.142 ProcessGuid: {8CAD0A01-A281-6560-CC04-000000001000} ProcessId: 72 QueryName: WindowsEventLog QueryStatus: 0 QueryResults: fe80::3e:32d1:f5ff:fffb;2001:0:34f1:8072:3e:32d1:f5ff:fffb;fe80::d024:56ce:c156:9dae;::ffff:10.0.0.4; Image: C:\Windows\System32\wbem\WmiPrvSE.exe User: NT AUTHORITY\NETWORK SERVICE ","00000000-0000-0000-0000-000000000001","AOI-46bec743-35fa-4608-b7e2-2aa3c38a97c2",,,Event,"e1c83fe6-8acb-11ee-8bc4-000d3af06bd4","/subscriptions/4383ac89-7cd1-48c1-8061-b0b3c5ccfd97/resourcegroups/varunlab-rg/providers/microsoft.compute/virtualmachines/windowseventlogs","4383ac89-7cd1-48c1-8061-b0b3c5ccfd97"
"46bec743-35fa-4608-b7e2-2aa3c38a97c2",OpsManager,"11/24/2023, 7:20:04.925 PM","Microsoft-Windows-Sysmon","Microsoft-Windows-Sysmon/Operational",WindowsEventLog,22,4,Information,"NT AUTHORITY\SYSTEM",,"<Param>-</Param><Param>2023-11-24 13:50:03.183</Param><Param>{8CAD0A01-A9FA-6560-1E00-000000001100}</Param><Param>1996</Param><Param>_ldap._tcp.dc._msdcs..</Param><Param>123</Param><Param>-</Param><Param>C:\WindowsAzure\GuestAgent_2.7.41491.1095_2023-10-16_051251\WaAppAgent.exe</Param><Param>NT AUTHORITY\SYSTEM</Param>","<DataItem type=""System.XmlData"" time=""2023-11-24T19:20:04.9257764+05:30"" sourceHealthServiceId=""F57C2BCF-DE2B-DA7F-FD91-0649DF501A73""><EventData xmlns=""http://schemas.microsoft.com/win/2004/08/events/event""><Data Name=""RuleName"">-</Data><Data Name=""UtcTime"">2023-11-24 13:50:03.183</Data><Data Name=""ProcessGuid"">{8CAD0A01-A9FA-6560-1E00-000000001100}</Data><Data Name=""ProcessId"">1996</Data><Data Name=""QueryName"">_ldap._tcp.dc._msdcs..</Data><Data Name=""QueryStatus"">123</Data><Data Name=""QueryResults"">-</Data><Data Name=""Image"">C:\WindowsAzure\GuestAgent_2.7.41491.1095_2023-10-16_051251\WaAppAgent.exe</Data><Data Name=""User"">NT AUTHORITY\SYSTEM</Data></EventData></DataItem>",22,"Dns query: RuleName: - UtcTime: 2023-11-24 13:50:03.183 ProcessGuid: {8CAD0A01-A9FA-6560-1E00-000000001100} ProcessId: 1996 QueryName: _ldap._tcp.dc._msdcs.. QueryStatus: 123 QueryResults: - Image: C:\WindowsAzure\GuestAgent_2.7.41491.1095_2023-10-16_051251\WaAppAgent.exe User: NT AUTHORITY\SYSTEM ","00000000-0000-0000-0000-000000000001","AOI-46bec743-35fa-4608-b7e2-2aa3c38a97c2",,,Event,"609babae-8ad0-11ee-8bc4-0022486ea7dc","/subscriptions/4383ac89-7cd1-48c1-8061-b0b3c5ccfd97/resourcegroups/varunlab-rg/providers/microsoft.compute/virtualmachines/windowseventlogs","4383ac89-7cd1-48c1-8061-b0b3c5ccfd97"
"46bec743-35fa-4608-b7e2-2aa3c38a97c2",OpsManager,"11/24/2023, 7:19:52.008 PM","Microsoft-Windows-Sysmon","Microsoft-Windows-Sysmon/Operational",WindowsEventLog,22,4,Information,"NT AUTHORITY\SYSTEM","LCID;1033	Locale;ENU	Message;Dns query:%nRuleName: %1!s!%nUtcTime: %2!s!%nProcessGuid: %3!s!%nProcessId: %4!s!%nQueryName: %5!s!%nQueryStatus: %6!s!%nQueryResults: %7!s!%nImage: %8!s!%nUser: %9!s! 	","<Param>-</Param><Param>2023-11-24 13:49:49.996</Param><Param>{8CAD0A01-A9F8-6560-1000-000000001100}</Param><Param>920</Param><Param>win10.ipv6.microsoft.com.</Param><Param>0</Param><Param>type:  5 onpremwindows.ipv6.microsoft.com.akadns.net;type:  5 trdovmsswestus.ipv6.microsoft.com.akadns.net;52.241.128.114;</Param><Param>C:\Windows\System32\svchost.exe</Param><Param>NT AUTHORITY\SYSTEM</Param>","<DataItem type=""System.XmlData"" time=""2023-11-24T19:19:52.0081246+05:30"" sourceHealthServiceId=""F57C2BCF-DE2B-DA7F-FD91-0649DF501A73""><EventData xmlns=""http://schemas.microsoft.com/win/2004/08/events/event""><Data Name=""RuleName"">-</Data><Data Name=""UtcTime"">2023-11-24 13:49:49.996</Data><Data Name=""ProcessGuid"">{8CAD0A01-A9F8-6560-1000-000000001100}</Data><Data Name=""ProcessId"">920</Data><Data Name=""QueryName"">win10.ipv6.microsoft.com.</Data><Data Name=""QueryStatus"">0</Data><Data Name=""QueryResults"">type:  5 onpremwindows.ipv6.microsoft.com.akadns.net;type:  5 trdovmsswestus.ipv6.microsoft.com.akadns.net;52.241.128.114;</Data><Data Name=""Image"">C:\Windows\System32\svchost.exe</Data><Data Name=""User"">NT AUTHORITY\SYSTEM</Data></EventData></DataItem>",22,"Dns query: RuleName: - UtcTime: 2023-11-24 13:49:49.996 ProcessGuid: {8CAD0A01-A9F8-6560-1000-000000001100} ProcessId: 920 QueryName: win10.ipv6.microsoft.com. QueryStatus: 0 QueryResults: type:  5 onpremwindows.ipv6.microsoft.com.akadns.net;type:  5 trdovmsswestus.ipv6.microsoft.com.akadns.net;52.241.128.114; Image: C:\Windows\System32\svchost.exe User: NT AUTHORITY\SYSTEM ","00000000-0000-0000-0000-000000000001","AOI-46bec743-35fa-4608-b7e2-2aa3c38a97c2",,,Event,"5fb5417d-8ad0-11ee-8bc4-000d3af07dcf","/subscriptions/4383ac89-7cd1-48c1-8061-b0b3c5ccfd97/resourcegroups/varunlab-rg/providers/microsoft.compute/virtualmachines/windowseventlogs","4383ac89-7cd1-48c1-8061-b0b3c5ccfd97"
"46bec743-35fa-4608-b7e2-2aa3c38a97c2",OpsManager,"11/24/2023, 7:19:52.008 PM","Microsoft-Windows-Sysmon","Microsoft-Windows-Sysmon/Operational",WindowsEventLog,22,4,Information,"NT AUTHORITY\SYSTEM",,"<Param>-</Param><Param>2023-11-24 13:49:50.954</Param><Param>{8CAD0A01-A9FA-6560-1A00-000000001100}</Param><Param>1868</Param><Param>WindowsEventLog</Param><Param>0</Param><Param>fe80::d024:56ce:c156:9dae;::ffff:10.0.0.4;</Param><Param>C:\Windows\System32\spoolsv.exe</Param><Param>NT AUTHORITY\SYSTEM</Param>","<DataItem type=""System.XmlData"" time=""2023-11-24T19:19:52.0082380+05:30"" sourceHealthServiceId=""F57C2BCF-DE2B-DA7F-FD91-0649DF501A73""><EventData xmlns=""http://schemas.microsoft.com/win/2004/08/events/event""><Data Name=""RuleName"">-</Data><Data Name=""UtcTime"">2023-11-24 13:49:50.954</Data><Data Name=""ProcessGuid"">{8CAD0A01-A9FA-6560-1A00-000000001100}</Data><Data Name=""ProcessId"">1868</Data><Data Name=""QueryName"">WindowsEventLog</Data><Data Name=""QueryStatus"">0</Data><Data Name=""QueryResults"">fe80::d024:56ce:c156:9dae;::ffff:10.0.0.4;</Data><Data Name=""Image"">C:\Windows\System32\spoolsv.exe</Data><Data Name=""User"">NT AUTHORITY\SYSTEM</Data></EventData></DataItem>",22,"Dns query: RuleName: - UtcTime: 2023-11-24 13:49:50.954 ProcessGuid: {8CAD0A01-A9FA-6560-1A00-000000001100} ProcessId: 1868 QueryName: WindowsEventLog QueryStatus: 0 QueryResults: fe80::d024:56ce:c156:9dae;::ffff:10.0.0.4; Image: C:\Windows\System32\spoolsv.exe User: NT AUTHORITY\SYSTEM ","00000000-0000-0000-0000-000000000001","AOI-46bec743-35fa-4608-b7e2-2aa3c38a97c2",,,Event,"5fb54180-8ad0-11ee-8bc4-000d3af07dcf","/subscriptions/4383ac89-7cd1-48c1-8061-b0b3c5ccfd97/resourcegroups/varunlab-rg/providers/microsoft.compute/virtualmachines/windowseventlogs","4383ac89-7cd1-48c1-8061-b0b3c5ccfd97"
"46bec743-35fa-4608-b7e2-2aa3c38a97c2",OpsManager,"11/24/2023, 7:19:52.008 PM","Microsoft-Windows-Sysmon","Microsoft-Windows-Sysmon/Operational",WindowsEventLog,22,4,Information,"NT AUTHORITY\SYSTEM",,"<Param>-</Param><Param>2023-11-24 13:49:50.992</Param><Param>{8CAD0A01-A9FA-6560-1A00-000000001100}</Param><Param>1868</Param><Param>WindowsEventLog</Param><Param>0</Param><Param>10.0.0.4;</Param><Param>C:\Windows\System32\spoolsv.exe</Param><Param>NT AUTHORITY\SYSTEM</Param>","<DataItem type=""System.XmlData"" time=""2023-11-24T19:19:52.0082630+05:30"" sourceHealthServiceId=""F57C2BCF-DE2B-DA7F-FD91-0649DF501A73""><EventData xmlns=""http://schemas.microsoft.com/win/2004/08/events/event""><Data Name=""RuleName"">-</Data><Data Name=""UtcTime"">2023-11-24 13:49:50.992</Data><Data Name=""ProcessGuid"">{8CAD0A01-A9FA-6560-1A00-000000001100}</Data><Data Name=""ProcessId"">1868</Data><Data Name=""QueryName"">WindowsEventLog</Data><Data Name=""QueryStatus"">0</Data><Data Name=""QueryResults"">10.0.0.4;</Data><Data Name=""Image"">C:\Windows\System32\spoolsv.exe</Data><Data Name=""User"">NT AUTHORITY\SYSTEM</Data></EventData></DataItem>",22,"Dns query: RuleName: - UtcTime: 2023-11-24 13:49:50.992 ProcessGuid: {8CAD0A01-A9FA-6560-1A00-000000001100} ProcessId: 1868 QueryName: WindowsEventLog QueryStatus: 0 QueryResults: 10.0.0.4; Image: C:\Windows\System32\spoolsv.exe User: NT AUTHORITY\SYSTEM ","00000000-0000-0000-0000-000000000001","AOI-46bec743-35fa-4608-b7e2-2aa3c38a97c2",,,Event,"5fb54182-8ad0-11ee-8bc4-000d3af07dcf","/subscriptions/4383ac89-7cd1-48c1-8061-b0b3c5ccfd97/resourcegroups/varunlab-rg/providers/microsoft.compute/virtualmachines/windowseventlogs","4383ac89-7cd1-48c1-8061-b0b3c5ccfd97"
"46bec743-35fa-4608-b7e2-2aa3c38a97c2",OpsManager,"11/24/2023, 7:19:52.008 PM","Microsoft-Windows-Sysmon","Microsoft-Windows-Sysmon/Operational",WindowsEventLog,22,4,Information,"NT AUTHORITY\SYSTEM",,"<Param>-</Param><Param>2023-11-24 13:49:50.992</Param><Param>{8CAD0A01-A9FA-6560-1A00-000000001100}</Param><Param>1868</Param><Param>WindowsEventLog</Param><Param>0</Param><Param>fe80::3011:89a:f5ff:fffb;fe80::d024:56ce:c156:9dae;</Param><Param>C:\Windows\System32\spoolsv.exe</Param><Param>NT AUTHORITY\SYSTEM</Param>","<DataItem type=""System.XmlData"" time=""2023-11-24T19:19:52.0082859+05:30"" sourceHealthServiceId=""F57C2BCF-DE2B-DA7F-FD91-0649DF501A73""><EventData xmlns=""http://schemas.microsoft.com/win/2004/08/events/event""><Data Name=""RuleName"">-</Data><Data Name=""UtcTime"">2023-11-24 13:49:50.992</Data><Data Name=""ProcessGuid"">{8CAD0A01-A9FA-6560-1A00-000000001100}</Data><Data Name=""ProcessId"">1868</Data><Data Name=""QueryName"">WindowsEventLog</Data><Data Name=""QueryStatus"">0</Data><Data Name=""QueryResults"">fe80::3011:89a:f5ff:fffb;fe80::d024:56ce:c156:9dae;</Data><Data Name=""Image"">C:\Windows\System32\spoolsv.exe</Data><Data Name=""User"">NT AUTHORITY\SYSTEM</Data></EventData></DataItem>",22,"Dns query: RuleName: - UtcTime: 2023-11-24 13:49:50.992 ProcessGuid: {8CAD0A01-A9FA-6560-1A00-000000001100} ProcessId: 1868 QueryName: WindowsEventLog QueryStatus: 0 QueryResults: fe80::3011:89a:f5ff:fffb;fe80::d024:56ce:c156:9dae; Image: C:\Windows\System32\spoolsv.exe User: NT AUTHORITY\SYSTEM ","00000000-0000-0000-0000-000000000001","AOI-46bec743-35fa-4608-b7e2-2aa3c38a97c2",,,Event,"5fb54184-8ad0-11ee-8bc4-000d3af07dcf","/subscriptions/4383ac89-7cd1-48c1-8061-b0b3c5ccfd97/resourcegroups/varunlab-rg/providers/microsoft.compute/virtualmachines/windowseventlogs","4383ac89-7cd1-48c1-8061-b0b3c5ccfd97"
"46bec743-35fa-4608-b7e2-2aa3c38a97c2",OpsManager,"11/24/2023, 7:19:52.008 PM","Microsoft-Windows-Sysmon","Microsoft-Windows-Sysmon/Operational",WindowsEventLog,22,4,Information,"NT AUTHORITY\SYSTEM",,"<Param>-</Param><Param>2023-11-24 13:49:51.544</Param><Param>{8CAD0A01-A9F9-6560-1600-000000001100}</Param><Param>1116</Param><Param>wpad</Param><Param>9003</Param><Param>-</Param><Param>C:\Windows\System32\svchost.exe</Param><Param>NT AUTHORITY\LOCAL SERVICE</Param>","<DataItem type=""System.XmlData"" time=""2023-11-24T19:19:52.0083861+05:30"" sourceHealthServiceId=""F57C2BCF-DE2B-DA7F-FD91-0649DF501A73""><EventData xmlns=""http://schemas.microsoft.com/win/2004/08/events/event""><Data Name=""RuleName"">-</Data><Data Name=""UtcTime"">2023-11-24 13:49:51.544</Data><Data Name=""ProcessGuid"">{8CAD0A01-A9F9-6560-1600-000000001100}</Data><Data Name=""ProcessId"">1116</Data><Data Name=""QueryName"">wpad</Data><Data Name=""QueryStatus"">9003</Data><Data Name=""QueryResults"">-</Data><Data Name=""Image"">C:\Windows\System32\svchost.exe</Data><Data Name=""User"">NT AUTHORITY\LOCAL SERVICE</Data></EventData></DataItem>",22,"Dns query: RuleName: - UtcTime: 2023-11-24 13:49:51.544 ProcessGuid: {8CAD0A01-A9F9-6560-1600-000000001100} ProcessId: 1116 QueryName: wpad QueryStatus: 9003 QueryResults: - Image: C:\Windows\System32\svchost.exe User: NT AUTHORITY\LOCAL SERVICE ","00000000-0000-0000-0000-000000000001","AOI-46bec743-35fa-4608-b7e2-2aa3c38a97c2",,,Event,"5fb54186-8ad0-11ee-8bc4-000d3af07dcf","/subscriptions/4383ac89-7cd1-48c1-8061-b0b3c5ccfd97/resourcegroups/varunlab-rg/providers/microsoft.compute/virtualmachines/windowseventlogs","4383ac89-7cd1-48c1-8061-b0b3c5ccfd97"
"46bec743-35fa-4608-b7e2-2aa3c38a97c2",OpsManager,"11/24/2023, 7:19:52.008 PM","Microsoft-Windows-Sysmon","Microsoft-Windows-Sysmon/Operational",WindowsEventLog,22,4,Information,"NT AUTHORITY\SYSTEM",,"<Param>-</Param><Param>2023-11-24 13:49:51.547</Param><Param>{8CAD0A01-A9FA-6560-1A00-000000001100}</Param><Param>1868</Param><Param>WindowsEventLog</Param><Param>0</Param><Param>fe80::3011:89a:f5ff:fffb;2001:0:34f1:8072:3011:89a:f5ff:fffb;fe80::d024:56ce:c156:9dae;</Param><Param>C:\Windows\System32\spoolsv.exe</Param><Param>NT AUTHORITY\SYSTEM</Param>","<DataItem type=""System.XmlData"" time=""2023-11-24T19:19:52.0084216+05:30"" sourceHealthServiceId=""F57C2BCF-DE2B-DA7F-FD91-0649DF501A73""><EventData xmlns=""http://schemas.microsoft.com/win/2004/08/events/event""><Data Name=""RuleName"">-</Data><Data Name=""UtcTime"">2023-11-24 13:49:51.547</Data><Data Name=""ProcessGuid"">{8CAD0A01-A9FA-6560-1A00-000000001100}</Data><Data Name=""ProcessId"">1868</Data><Data Name=""QueryName"">WindowsEventLog</Data><Data Name=""QueryStatus"">0</Data><Data Name=""QueryResults"">fe80::3011:89a:f5ff:fffb;2001:0:34f1:8072:3011:89a:f5ff:fffb;fe80::d024:56ce:c156:9dae;</Data><Data Name=""Image"">C:\Windows\System32\spoolsv.exe</Data><Data Name=""User"">NT AUTHORITY\SYSTEM</Data></EventData></DataItem>",22,"Dns query: RuleName: - UtcTime: 2023-11-24 13:49:51.547 ProcessGuid: {8CAD0A01-A9FA-6560-1A00-000000001100} ProcessId: 1868 QueryName: WindowsEventLog QueryStatus: 0 QueryResults: fe80::3011:89a:f5ff:fffb;2001:0:34f1:8072:3011:89a:f5ff:fffb;fe80::d024:56ce:c156:9dae; Image: C:\Windows\System32\spoolsv.exe User: NT AUTHORITY\SYSTEM ","00000000-0000-0000-0000-000000000001","AOI-46bec743-35fa-4608-b7e2-2aa3c38a97c2",,,Event,"5fb54188-8ad0-11ee-8bc4-000d3af07dcf","/subscriptions/4383ac89-7cd1-48c1-8061-b0b3c5ccfd97/resourcegroups/varunlab-rg/providers/microsoft.compute/virtualmachines/windowseventlogs","4383ac89-7cd1-48c1-8061-b0b3c5ccfd97"
"46bec743-35fa-4608-b7e2-2aa3c38a97c2",OpsManager,"11/24/2023, 7:19:52.837 PM","Microsoft-Windows-Sysmon","Microsoft-Windows-Sysmon/Operational",WindowsEventLog,22,4,Information,"NT AUTHORITY\SYSTEM",,"<Param>-</Param><Param>2023-11-24 13:49:51.835</Param><Param>{8CAD0A01-A9FA-6560-1A00-000000001100}</Param><Param>1868</Param><Param>WindowsEventLog</Param><Param>0</Param><Param>fe80::3011:89a:f5ff:fffb;2001:0:34f1:8072:3011:89a:f5ff:fffb;fe80::d024:56ce:c156:9dae;::ffff:10.0.0.4;</Param><Param>C:\Windows\System32\spoolsv.exe</Param><Param>NT AUTHORITY\SYSTEM</Param>","<DataItem type=""System.XmlData"" time=""2023-11-24T19:19:52.8372951+05:30"" sourceHealthServiceId=""F57C2BCF-DE2B-DA7F-FD91-0649DF501A73""><EventData xmlns=""http://schemas.microsoft.com/win/2004/08/events/event""><Data Name=""RuleName"">-</Data><Data Name=""UtcTime"">2023-11-24 13:49:51.835</Data><Data Name=""ProcessGuid"">{8CAD0A01-A9FA-6560-1A00-000000001100}</Data><Data Name=""ProcessId"">1868</Data><Data Name=""QueryName"">WindowsEventLog</Data><Data Name=""QueryStatus"">0</Data><Data Name=""QueryResults"">fe80::3011:89a:f5ff:fffb;2001:0:34f1:8072:3011:89a:f5ff:fffb;fe80::d024:56ce:c156:9dae;::ffff:10.0.0.4;</Data><Data Name=""Image"">C:\Windows\System32\spoolsv.exe</Data><Data Name=""User"">NT AUTHORITY\SYSTEM</Data></EventData></DataItem>",22,"Dns query: RuleName: - UtcTime: 2023-11-24 13:49:51.835 ProcessGuid: {8CAD0A01-A9FA-6560-1A00-000000001100} ProcessId: 1868 QueryName: WindowsEventLog QueryStatus: 0 QueryResults: fe80::3011:89a:f5ff:fffb;2001:0:34f1:8072:3011:89a:f5ff:fffb;fe80::d024:56ce:c156:9dae;::ffff:10.0.0.4; Image: C:\Windows\System32\spoolsv.exe User: NT AUTHORITY\SYSTEM ","00000000-0000-0000-0000-000000000001","AOI-46bec743-35fa-4608-b7e2-2aa3c38a97c2",,,Event,"621e9dce-8ad0-11ee-8bc4-000d3af07dcf","/subscriptions/4383ac89-7cd1-48c1-8061-b0b3c5ccfd97/resourcegroups/varunlab-rg/providers/microsoft.compute/virtualmachines/windowseventlogs","4383ac89-7cd1-48c1-8061-b0b3c5ccfd97"
"46bec743-35fa-4608-b7e2-2aa3c38a97c2",OpsManager,"11/24/2023, 7:19:52.837 PM","Microsoft-Windows-Sysmon","Microsoft-Windows-Sysmon/Operational",WindowsEventLog,22,4,Information,"NT AUTHORITY\SYSTEM",,"<Param>-</Param><Param>2023-11-24 13:49:52.013</Param><Param>{8CAD0A01-A9F9-6560-1700-000000001100}</Param><Param>1272</Param><Param>WindowsEventLog</Param><Param>1460</Param><Param>-</Param><Param>C:\Windows\System32\svchost.exe</Param><Param>NT AUTHORITY\NETWORK SERVICE</Param>","<DataItem type=""System.XmlData"" time=""2023-11-24T19:19:52.8373286+05:30"" sourceHealthServiceId=""F57C2BCF-DE2B-DA7F-FD91-0649DF501A73""><EventData xmlns=""http://schemas.microsoft.com/win/2004/08/events/event""><Data Name=""RuleName"">-</Data><Data Name=""UtcTime"">2023-11-24 13:49:52.013</Data><Data Name=""ProcessGuid"">{8CAD0A01-A9F9-6560-1700-000000001100}</Data><Data Name=""ProcessId"">1272</Data><Data Name=""QueryName"">WindowsEventLog</Data><Data Name=""QueryStatus"">1460</Data><Data Name=""QueryResults"">-</Data><Data Name=""Image"">C:\Windows\System32\svchost.exe</Data><Data Name=""User"">NT AUTHORITY\NETWORK SERVICE</Data></EventData></DataItem>",22,"Dns query: RuleName: - UtcTime: 2023-11-24 13:49:52.013 ProcessGuid: {8CAD0A01-A9F9-6560-1700-000000001100} ProcessId: 1272 QueryName: WindowsEventLog QueryStatus: 1460 QueryResults: - Image: C:\Windows\System32\svchost.exe User: NT AUTHORITY\NETWORK SERVICE ","00000000-0000-0000-0000-000000000001","AOI-46bec743-35fa-4608-b7e2-2aa3c38a97c2",,,Event,"621e9dd1-8ad0-11ee-8bc4-000d3af07dcf","/subscriptions/4383ac89-7cd1-48c1-8061-b0b3c5ccfd97/resourcegroups/varunlab-rg/providers/microsoft.compute/virtualmachines/windowseventlogs","4383ac89-7cd1-48c1-8061-b0b3c5ccfd97"
"46bec743-35fa-4608-b7e2-2aa3c38a97c2",OpsManager,"11/24/2023, 7:19:54.884 PM","Microsoft-Windows-Sysmon","Microsoft-Windows-Sysmon/Operational",WindowsEventLog,22,4,Information,"NT AUTHORITY\SYSTEM",,"<Param>-</Param><Param>2023-11-24 13:49:54.064</Param><Param>{8CAD0A01-A9FC-6560-3800-000000001100}</Param><Param>2164</Param><Param>WindowsEventLog</Param><Param>0</Param><Param>fe80::3011:89a:f5ff:fffb;2001:0:34f1:8072:3011:89a:f5ff:fffb;fe80::d024:56ce:c156:9dae;::ffff:10.0.0.4;</Param><Param>C:\Windows\System32\wbem\WmiPrvSE.exe</Param><Param>NT AUTHORITY\NETWORK SERVICE</Param>","<DataItem type=""System.XmlData"" time=""2023-11-24T19:19:54.8841986+05:30"" sourceHealthServiceId=""F57C2BCF-DE2B-DA7F-FD91-0649DF501A73""><EventData xmlns=""http://schemas.microsoft.com/win/2004/08/events/event""><Data Name=""RuleName"">-</Data><Data Name=""UtcTime"">2023-11-24 13:49:54.064</Data><Data Name=""ProcessGuid"">{8CAD0A01-A9FC-6560-3800-000000001100}</Data><Data Name=""ProcessId"">2164</Data><Data Name=""QueryName"">WindowsEventLog</Data><Data Name=""QueryStatus"">0</Data><Data Name=""QueryResults"">fe80::3011:89a:f5ff:fffb;2001:0:34f1:8072:3011:89a:f5ff:fffb;fe80::d024:56ce:c156:9dae;::ffff:10.0.0.4;</Data><Data Name=""Image"">C:\Windows\System32\wbem\WmiPrvSE.exe</Data><Data Name=""User"">NT AUTHORITY\NETWORK SERVICE</Data></EventData></DataItem>",22,"Dns query: RuleName: - UtcTime: 2023-11-24 13:49:54.064 ProcessGuid: {8CAD0A01-A9FC-6560-3800-000000001100} ProcessId: 2164 QueryName: WindowsEventLog QueryStatus: 0 QueryResults: fe80::3011:89a:f5ff:fffb;2001:0:34f1:8072:3011:89a:f5ff:fffb;fe80::d024:56ce:c156:9dae;::ffff:10.0.0.4; Image: C:\Windows\System32\wbem\WmiPrvSE.exe User: NT AUTHORITY\NETWORK SERVICE ","00000000-0000-0000-0000-000000000001","AOI-46bec743-35fa-4608-b7e2-2aa3c38a97c2",,,Event,"621e9ded-8ad0-11ee-8bc4-000d3af07dcf","/subscriptions/4383ac89-7cd1-48c1-8061-b0b3c5ccfd97/resourcegroups/varunlab-rg/providers/microsoft.compute/virtualmachines/windowseventlogs","4383ac89-7cd1-48c1-8061-b0b3c5ccfd97"
"46bec743-35fa-4608-b7e2-2aa3c38a97c2",OpsManager,"11/24/2023, 7:19:57.153 PM","Microsoft-Windows-Sysmon","Microsoft-Windows-Sysmon/Operational",WindowsEventLog,22,4,Information,"NT AUTHORITY\SYSTEM",,"<Param>-</Param><Param>2023-11-24 13:49:56.115</Param><Param>{8CAD0A01-A9FA-6560-1E00-000000001100}</Param><Param>1996</Param><Param>_ldap._tcp.dc._msdcs.WindowsEventLog</Param><Param>9003</Param><Param>-</Param><Param>C:\WindowsAzure\GuestAgent_2.7.41491.1095_2023-10-16_051251\WaAppAgent.exe</Param><Param>NT AUTHORITY\SYSTEM</Param>","<DataItem type=""System.XmlData"" time=""2023-11-24T19:19:57.1532357+05:30"" sourceHealthServiceId=""F57C2BCF-DE2B-DA7F-FD91-0649DF501A73""><EventData xmlns=""http://schemas.microsoft.com/win/2004/08/events/event""><Data Name=""RuleName"">-</Data><Data Name=""UtcTime"">2023-11-24 13:49:56.115</Data><Data Name=""ProcessGuid"">{8CAD0A01-A9FA-6560-1E00-000000001100}</Data><Data Name=""ProcessId"">1996</Data><Data Name=""QueryName"">_ldap._tcp.dc._msdcs.WindowsEventLog</Data><Data Name=""QueryStatus"">9003</Data><Data Name=""QueryResults"">-</Data><Data Name=""Image"">C:\WindowsAzure\GuestAgent_2.7.41491.1095_2023-10-16_051251\WaAppAgent.exe</Data><Data Name=""User"">NT AUTHORITY\SYSTEM</Data></EventData></DataItem>",22,"Dns query: RuleName: - UtcTime: 2023-11-24 13:49:56.115 ProcessGuid: {8CAD0A01-A9FA-6560-1E00-000000001100} ProcessId: 1996 QueryName: _ldap._tcp.dc._msdcs.WindowsEventLog QueryStatus: 9003 QueryResults: - Image: C:\WindowsAzure\GuestAgent_2.7.41491.1095_2023-10-16_051251\WaAppAgent.exe User: NT AUTHORITY\SYSTEM ","00000000-0000-0000-0000-000000000001","AOI-46bec743-35fa-4608-b7e2-2aa3c38a97c2",,,Event,"621e9e00-8ad0-11ee-8bc4-000d3af07dcf","/subscriptions/4383ac89-7cd1-48c1-8061-b0b3c5ccfd97/resourcegroups/varunlab-rg/providers/microsoft.compute/virtualmachines/windowseventlogs","4383ac89-7cd1-48c1-8061-b0b3c5ccfd97"
"46bec743-35fa-4608-b7e2-2aa3c38a97c2",OpsManager,"11/24/2023, 1:58:11.091 PM","Microsoft-Windows-Sysmon","Microsoft-Windows-Sysmon/Operational",WindowsEventLog,22,4,Information,"NT AUTHORITY\SYSTEM",,"<Param>-</Param><Param>2023-11-24 08:28:09.074</Param><Param>{8CAD0A01-5C22-6560-A300-000000001000}</Param><Param>2976</Param><Param>eastus-shared.prod.warm.ingest.monitor.core.windows.net</Param><Param>0</Param><Param>type:  5 gig-warm-prod-shared-eastus.trafficmanager.net;::ffff:20.62.132.10;</Param><Param>C:\Packages\Plugins\Microsoft.Azure.Geneva.GenevaMonitoring\2.41.0.3\Monitoring\Agent\MonAgentCore.exe</Param><Param>NT AUTHORITY\SYSTEM</Param>","<DataItem type=""System.XmlData"" time=""2023-11-24T13:58:11.0911234+05:30"" sourceHealthServiceId=""F57C2BCF-DE2B-DA7F-FD91-0649DF501A73""><EventData xmlns=""http://schemas.microsoft.com/win/2004/08/events/event""><Data Name=""RuleName"">-</Data><Data Name=""UtcTime"">2023-11-24 08:28:09.074</Data><Data Name=""ProcessGuid"">{8CAD0A01-5C22-6560-A300-000000001000}</Data><Data Name=""ProcessId"">2976</Data><Data Name=""QueryName"">eastus-shared.prod.warm.ingest.monitor.core.windows.net</Data><Data Name=""QueryStatus"">0</Data><Data Name=""QueryResults"">type:  5 gig-warm-prod-shared-eastus.trafficmanager.net;::ffff:20.62.132.10;</Data><Data Name=""Image"">C:\Packages\Plugins\Microsoft.Azure.Geneva.GenevaMonitoring\2.41.0.3\Monitoring\Agent\MonAgentCore.exe</Data><Data Name=""User"">NT AUTHORITY\SYSTEM</Data></EventData></DataItem>",22,"Dns query: RuleName: - UtcTime: 2023-11-24 08:28:09.074 ProcessGuid: {8CAD0A01-5C22-6560-A300-000000001000} ProcessId: 2976 QueryName: eastus-shared.prod.warm.ingest.monitor.core.windows.net QueryStatus: 0 QueryResults: type:  5 gig-warm-prod-shared-eastus.trafficmanager.net;::ffff:20.62.132.10; Image: C:\Packages\Plugins\Microsoft.Azure.Geneva.GenevaMonitoring\2.41.0.3\Monitoring\Agent\MonAgentCore.exe User: NT AUTHORITY\SYSTEM ","00000000-0000-0000-0000-000000000001","AOI-46bec743-35fa-4608-b7e2-2aa3c38a97c2",,,Event,"685d3933-8aa3-11ee-8bc4-000d3af07dcf","/subscriptions/4383ac89-7cd1-48c1-8061-b0b3c5ccfd97/resourcegroups/varunlab-rg/providers/microsoft.compute/virtualmachines/windowseventlogs","4383ac89-7cd1-48c1-8061-b0b3c5ccfd97"
"46bec743-35fa-4608-b7e2-2aa3c38a97c2",OpsManager,"11/24/2023, 2:07:45.409 PM","Microsoft-Windows-Sysmon","Microsoft-Windows-Sysmon/Operational",WindowsEventLog,22,4,Information,"NT AUTHORITY\SYSTEM",,"<Param>-</Param><Param>2023-11-24 08:37:43.346</Param><Param>{8CAD0A01-5BB9-6560-0B00-000000001000}</Param><Param>628</Param><Param>_ldap._tcp.dc._msdcs.WORKGROUP</Param><Param>9003</Param><Param>-</Param><Param>C:\Windows\System32\lsass.exe</Param><Param>NT AUTHORITY\SYSTEM</Param>","<DataItem type=""System.XmlData"" time=""2023-11-24T14:07:45.4098172+05:30"" sourceHealthServiceId=""F57C2BCF-DE2B-DA7F-FD91-0649DF501A73""><EventData xmlns=""http://schemas.microsoft.com/win/2004/08/events/event""><Data Name=""RuleName"">-</Data><Data Name=""UtcTime"">2023-11-24 08:37:43.346</Data><Data Name=""ProcessGuid"">{8CAD0A01-5BB9-6560-0B00-000000001000}</Data><Data Name=""ProcessId"">628</Data><Data Name=""QueryName"">_ldap._tcp.dc._msdcs.WORKGROUP</Data><Data Name=""QueryStatus"">9003</Data><Data Name=""QueryResults"">-</Data><Data Name=""Image"">C:\Windows\System32\lsass.exe</Data><Data Name=""User"">NT AUTHORITY\SYSTEM</Data></EventData></DataItem>",22,"Dns query: RuleName: - UtcTime: 2023-11-24 08:37:43.346 ProcessGuid: {8CAD0A01-5BB9-6560-0B00-000000001000} ProcessId: 628 QueryName: _ldap._tcp.dc._msdcs.WORKGROUP QueryStatus: 9003 QueryResults: - Image: C:\Windows\System32\lsass.exe User: NT AUTHORITY\SYSTEM ","00000000-0000-0000-0000-000000000001","AOI-46bec743-35fa-4608-b7e2-2aa3c38a97c2",,,Event,"bed10c78-8aa4-11ee-8bc4-000d3af075b5","/subscriptions/4383ac89-7cd1-48c1-8061-b0b3c5ccfd97/resourcegroups/varunlab-rg/providers/microsoft.compute/virtualmachines/windowseventlogs","4383ac89-7cd1-48c1-8061-b0b3c5ccfd97"
