"46bec743-35fa-4608-b7e2-2aa3c38a97c2",OpsManager,"11/24/2023, 7:45:37.428 PM","Microsoft-Windows-Sysmon","Microsoft-Windows-Sysmon/Operational",WindowsEventLog,22,4,Information,"NT AUTHORITY\SYSTEM",,"<Param>-</Param><Param>2023-11-24 14:15:35.408</Param><Param>{8CAD0A01-B001-6560-9900-000000001200}</Param><Param>2656</Param><Param>global.handler.control.monitor.azure.com</Param><Param>0</Param><Param>type:  5 global.handler.control.privatelink.monitor.azure.com;type:  5 amcs-prod-global-handler.trafficmanager.net;type:  5 amcs-prod-eus-1-handler.eastus.cloudapp.azure.com;::ffff:20.49.109.88;</Param><Param>C:\Packages\Plugins\Microsoft.Azure.Monitor.AzureMonitorWindowsAgent\1.20.0.0\Monitoring\Agent\MonAgentManager.exe</Param><Param>NT AUTHORITY\SYSTEM</Param>","<DataItem type=""System.XmlData"" time=""2023-11-24T19:45:37.4287500+05:30"" sourceHealthServiceId=""F57C2BCF-DE2B-DA7F-FD91-0649DF501A73""><EventData xmlns=""http://schemas.microsoft.com/win/2004/08/events/event""><Data Name=""RuleName"">-</Data><Data Name=""UtcTime"">2023-11-24 14:15:35.408</Data><Data Name=""ProcessGuid"">{8CAD0A01-B001-6560-9900-000000001200}</Data><Data Name=""ProcessId"">2656</Data><Data Name=""QueryName"">global.handler.control.monitor.azure.com</Data><Data Name=""QueryStatus"">0</Data><Data Name=""QueryResults"">type:  5 global.handler.control.privatelink.monitor.azure.com;type:  5 amcs-prod-global-handler.trafficmanager.net;type:  5 amcs-prod-eus-1-handler.eastus.cloudapp.azure.com;::ffff:20.49.109.88;</Data><Data Name=""Image"">C:\Packages\Plugins\Microsoft.Azure.Monitor.AzureMonitorWindowsAgent\1.20.0.0\Monitoring\Agent\MonAgentManager.exe</Data><Data Name=""User"">NT AUTHORITY\SYSTEM</Data></EventData></DataItem>",22,"Dns query: RuleName: - UtcTime: 2023-11-24 14:15:35.408 ProcessGuid: {8CAD0A01-B001-6560-9900-000000001200} ProcessId: 2656 QueryName: global.handler.control.monitor.azure.com QueryStatus: 0 QueryResults: type:  5 global.handler.control.privatelink.monitor.azure.com;type:  5 amcs-prod-global-handler.trafficmanager.net;type:  5 amcs-prod-eus-1-handler.eastus.cloudapp.azure.com;::ffff:20.49.109.88; Image: C:\Packages\Plugins\Microsoft.Azure.Monitor.AzureMonitorWindowsAgent\1.20.0.0\Monitoring\Agent\MonAgentManager.exe User: NT AUTHORITY\SYSTEM ","00000000-0000-0000-0000-000000000001","AOI-46bec743-35fa-4608-b7e2-2aa3c38a97c2",,,Event,"f33881f7-8ad3-11ee-8bc4-0022486ea20c","/subscriptions/4383ac89-7cd1-48c1-8061-b0b3c5ccfd97/resourcegroups/varunlab-rg/providers/microsoft.compute/virtualmachines/windowseventlogs","4383ac89-7cd1-48c1-8061-b0b3c5ccfd97"
"46bec743-35fa-4608-b7e2-2aa3c38a97c2",OpsManager,"11/24/2023, 7:45:34.295 PM","Microsoft-Windows-Sysmon","Microsoft-Windows-Sysmon/Operational",WindowsEventLog,22,4,Information,"NT AUTHORITY\SYSTEM",,"<Param>-</Param><Param>2023-11-24 14:15:33.235</Param><Param>{8CAD0A01-B003-6560-9E00-000000001200}</Param><Param>3936</Param><Param>gcs.prod.monitoring.core.windows.net</Param><Param>0</Param><Param>type:  5 warmpath-prod-nested.trafficmanager.net;::ffff:20.42.65.223;</Param><Param>C:\Packages\Plugins\Microsoft.Azure.Geneva.GenevaMonitoring\2.41.0.3\Monitoring\Agent\MonAgentCore.exe</Param><Param>NT AUTHORITY\SYSTEM</Param>","<DataItem type=""System.XmlData"" time=""2023-11-24T19:45:34.2952537+05:30"" sourceHealthServiceId=""F57C2BCF-DE2B-DA7F-FD91-0649DF501A73""><EventData xmlns=""http://schemas.microsoft.com/win/2004/08/events/event""><Data Name=""RuleName"">-</Data><Data Name=""UtcTime"">2023-11-24 14:15:33.235</Data><Data Name=""ProcessGuid"">{8CAD0A01-B003-6560-9E00-000000001200}</Data><Data Name=""ProcessId"">3936</Data><Data Name=""QueryName"">gcs.prod.monitoring.core.windows.net</Data><Data Name=""QueryStatus"">0</Data><Data Name=""QueryResults"">type:  5 warmpath-prod-nested.trafficmanager.net;::ffff:20.42.65.223;</Data><Data Name=""Image"">C:\Packages\Plugins\Microsoft.Azure.Geneva.GenevaMonitoring\2.41.0.3\Monitoring\Agent\MonAgentCore.exe</Data><Data Name=""User"">NT AUTHORITY\SYSTEM</Data></EventData></DataItem>",22,"Dns query: RuleName: - UtcTime: 2023-11-24 14:15:33.235 ProcessGuid: {8CAD0A01-B003-6560-9E00-000000001200} ProcessId: 3936 QueryName: gcs.prod.monitoring.core.windows.net QueryStatus: 0 QueryResults: type:  5 warmpath-prod-nested.trafficmanager.net;::ffff:20.42.65.223; Image: C:\Packages\Plugins\Microsoft.Azure.Geneva.GenevaMonitoring\2.41.0.3\Monitoring\Agent\MonAgentCore.exe User: NT AUTHORITY\SYSTEM ","00000000-0000-0000-0000-000000000001","AOI-46bec743-35fa-4608-b7e2-2aa3c38a97c2",,,Event,"eed50545-8ad3-11ee-8bc4-0022486e92a3","/subscriptions/4383ac89-7cd1-48c1-8061-b0b3c5ccfd97/resourcegroups/varunlab-rg/providers/microsoft.compute/virtualmachines/windowseventlogs","4383ac89-7cd1-48c1-8061-b0b3c5ccfd97"
"46bec743-35fa-4608-b7e2-2aa3c38a97c2",OpsManager,"11/24/2023, 3:47:09.674 PM","Microsoft-Windows-Sysmon","Microsoft-Windows-Sysmon/Operational",WindowsEventLog,22,4,Information,"NT AUTHORITY\SYSTEM",,"<Param>-</Param><Param>2023-11-24 10:17:07.681</Param><Param>{8CAD0A01-7823-6560-D702-000000001000}</Param><Param>4776</Param><Param>WindowsEventLog</Param><Param>0</Param><Param>fe80::3e:32d1:f5ff:fffb;2001:0:34f1:8072:3e:32d1:f5ff:fffb;fe80::d024:56ce:c156:9dae;::ffff:10.0.0.4;</Param><Param>C:\Windows\System32\wbem\WmiPrvSE.exe</Param><Param>NT AUTHORITY\NETWORK SERVICE</Param>","<DataItem type=""System.XmlData"" time=""2023-11-24T15:47:09.6744632+05:30"" sourceHealthServiceId=""F57C2BCF-DE2B-DA7F-FD91-0649DF501A73""><EventData xmlns=""http://schemas.microsoft.com/win/2004/08/events/event""><Data Name=""RuleName"">-</Data><Data Name=""UtcTime"">2023-11-24 10:17:07.681</Data><Data Name=""ProcessGuid"">{8CAD0A01-7823-6560-D702-000000001000}</Data><Data Name=""ProcessId"">4776</Data><Data Name=""QueryName"">WindowsEventLog</Data><Data Name=""QueryStatus"">0</Data><Data Name=""QueryResults"">fe80::3e:32d1:f5ff:fffb;2001:0:34f1:8072:3e:32d1:f5ff:fffb;fe80::d024:56ce:c156:9dae;::ffff:10.0.0.4;</Data><Data Name=""Image"">C:\Windows\System32\wbem\WmiPrvSE.exe</Data><Data Name=""User"">NT AUTHORITY\NETWORK SERVICE</Data></EventData></DataItem>",22,"Dns query: RuleName: - UtcTime: 2023-11-24 10:17:07.681 ProcessGuid: {8CAD0A01-7823-6560-D702-000000001000} ProcessId: 4776 QueryName: WindowsEventLog QueryStatus: 0 QueryResults: fe80::3e:32d1:f5ff:fffb;2001:0:34f1:8072:3e:32d1:f5ff:fffb;fe80::d024:56ce:c156:9dae;::ffff:10.0.0.4; Image: C:\Windows\System32\wbem\WmiPrvSE.exe User: NT AUTHORITY\NETWORK SERVICE ","00000000-0000-0000-0000-000000000001","AOI-46bec743-35fa-4608-b7e2-2aa3c38a97c2",,,Event,"a1d651ab-8ab2-11ee-8bc4-0022486eaee3","/subscriptions/4383ac89-7cd1-48c1-8061-b0b3c5ccfd97/resourcegroups/varunlab-rg/providers/microsoft.compute/virtualmachines/windowseventlogs","4383ac89-7cd1-48c1-8061-b0b3c5ccfd97"
"46bec743-35fa-4608-b7e2-2aa3c38a97c2",OpsManager,"11/24/2023, 3:56:01.752 PM","Microsoft-Windows-Sysmon","Microsoft-Windows-Sysmon/Operational",WindowsEventLog,22,4,Information,"NT AUTHORITY\SYSTEM",,"<Param>-</Param><Param>2023-11-24 10:25:59.740</Param><Param>{8CAD0A01-7A32-6560-0103-000000001000}</Param><Param>4664</Param><Param>global.handler.control.monitor.azure.com</Param><Param>0</Param><Param>type:  5 global.handler.control.privatelink.monitor.azure.com;type:  5 amcs-prod-global-handler.trafficmanager.net;type:  5 amcs-prod-eus-1-handler.eastus.cloudapp.azure.com;::ffff:20.49.109.88;</Param><Param>C:\Packages\Plugins\Microsoft.Azure.Monitor.AzureMonitorWindowsAgent\1.20.0.0\Monitoring\Agent\MonAgentManager.exe</Param><Param>NT AUTHORITY\SYSTEM</Param>","<DataItem type=""System.XmlData"" time=""2023-11-24T15:56:01.7529701+05:30"" sourceHealthServiceId=""F57C2BCF-DE2B-DA7F-FD91-0649DF501A73""><EventData xmlns=""http://schemas.microsoft.com/win/2004/08/events/event""><Data Name=""RuleName"">-</Data><Data Name=""UtcTime"">2023-11-24 10:25:59.740</Data><Data Name=""ProcessGuid"">{8CAD0A01-7A32-6560-0103-000000001000}</Data><Data Name=""ProcessId"">4664</Data><Data Name=""QueryName"">global.handler.control.monitor.azure.com</Data><Data Name=""QueryStatus"">0</Data><Data Name=""QueryResults"">type:  5 global.handler.control.privatelink.monitor.azure.com;type:  5 amcs-prod-global-handler.trafficmanager.net;type:  5 amcs-prod-eus-1-handler.eastus.cloudapp.azure.com;::ffff:20.49.109.88;</Data><Data Name=""Image"">C:\Packages\Plugins\Microsoft.Azure.Monitor.AzureMonitorWindowsAgent\1.20.0.0\Monitoring\Agent\MonAgentManager.exe</Data><Data Name=""User"">NT AUTHORITY\SYSTEM</Data></EventData></DataItem>",22,"Dns query: RuleName: - UtcTime: 2023-11-24 10:25:59.740 ProcessGuid: {8CAD0A01-7A32-6560-0103-000000001000} ProcessId: 4664 QueryName: global.handler.control.monitor.azure.com QueryStatus: 0 QueryResults: type:  5 global.handler.control.privatelink.monitor.azure.com;type:  5 amcs-prod-global-handler.trafficmanager.net;type:  5 amcs-prod-eus-1-handler.eastus.cloudapp.azure.com;::ffff:20.49.109.88; Image: C:\Packages\Plugins\Microsoft.Azure.Monitor.AzureMonitorWindowsAgent\1.20.0.0\Monitoring\Agent\MonAgentManager.exe User: NT AUTHORITY\SYSTEM ","00000000-0000-0000-0000-000000000001","AOI-46bec743-35fa-4608-b7e2-2aa3c38a97c2",,,Event,"ded3b452-8ab3-11ee-8bc4-0022486ea800","/subscriptions/4383ac89-7cd1-48c1-8061-b0b3c5ccfd97/resourcegroups/varunlab-rg/providers/microsoft.compute/virtualmachines/windowseventlogs","4383ac89-7cd1-48c1-8061-b0b3c5ccfd97"
"46bec743-35fa-4608-b7e2-2aa3c38a97c2",OpsManager,"11/24/2023, 7:47:38.255 PM","Microsoft-Windows-Sysmon","Microsoft-Windows-Sysmon/Operational",WindowsEventLog,22,4,Information,"NT AUTHORITY\SYSTEM",,"<Param>-</Param><Param>2023-11-24 14:17:36.191</Param><Param>{8CAD0A01-B003-6560-9E00-000000001200}</Param><Param>3936</Param><Param>monitoring.windows.net</Param><Param>0</Param><Param>type:  5 mdsextprod.trafficmanager.net;type:  5 mdsfeprodexteus201.eastus2.cloudapp.azure.com;::ffff:52.167.145.162;</Param><Param>C:\Packages\Plugins\Microsoft.Azure.Geneva.GenevaMonitoring\2.41.0.3\Monitoring\Agent\MonAgentCore.exe</Param><Param>NT AUTHORITY\SYSTEM</Param>","<DataItem type=""System.XmlData"" time=""2023-11-24T19:47:38.2552074+05:30"" sourceHealthServiceId=""F57C2BCF-DE2B-DA7F-FD91-0649DF501A73""><EventData xmlns=""http://schemas.microsoft.com/win/2004/08/events/event""><Data Name=""RuleName"">-</Data><Data Name=""UtcTime"">2023-11-24 14:17:36.191</Data><Data Name=""ProcessGuid"">{8CAD0A01-B003-6560-9E00-000000001200}</Data><Data Name=""ProcessId"">3936</Data><Data Name=""QueryName"">monitoring.windows.net</Data><Data Name=""QueryStatus"">0</Data><Data Name=""QueryResults"">type:  5 mdsextprod.trafficmanager.net;type:  5 mdsfeprodexteus201.eastus2.cloudapp.azure.com;::ffff:52.167.145.162;</Data><Data Name=""Image"">C:\Packages\Plugins\Microsoft.Azure.Geneva.GenevaMonitoring\2.41.0.3\Monitoring\Agent\MonAgentCore.exe</Data><Data Name=""User"">NT AUTHORITY\SYSTEM</Data></EventData></DataItem>",22,"Dns query: RuleName: - UtcTime: 2023-11-24 14:17:36.191 ProcessGuid: {8CAD0A01-B003-6560-9E00-000000001200} ProcessId: 3936 QueryName: monitoring.windows.net QueryStatus: 0 QueryResults: type:  5 mdsextprod.trafficmanager.net;type:  5 mdsfeprodexteus201.eastus2.cloudapp.azure.com;::ffff:52.167.145.162; Image: C:\Packages\Plugins\Microsoft.Azure.Geneva.GenevaMonitoring\2.41.0.3\Monitoring\Agent\MonAgentCore.exe User: NT AUTHORITY\SYSTEM ","00000000-0000-0000-0000-000000000001","AOI-46bec743-35fa-4608-b7e2-2aa3c38a97c2",,,Event,"38ce4451-8ad4-11ee-8bc4-000d3af072be","/subscriptions/4383ac89-7cd1-48c1-8061-b0b3c5ccfd97/resourcegroups/varunlab-rg/providers/microsoft.compute/virtualmachines/windowseventlogs","4383ac89-7cd1-48c1-8061-b0b3c5ccfd97"
"46bec743-35fa-4608-b7e2-2aa3c38a97c2",OpsManager,"11/24/2023, 7:45:48.119 PM","Microsoft-Windows-Sysmon","Microsoft-Windows-Sysmon/Operational",WindowsEventLog,22,4,Information,"NT AUTHORITY\SYSTEM",,"<Param>-</Param><Param>2023-11-24 14:15:46.063</Param><Param>{8CAD0A01-B002-6560-9C00-000000001200}</Param><Param>684</Param><Param>global.handler.control.monitor.azure.com</Param><Param>0</Param><Param>type:  5 global.handler.control.privatelink.monitor.azure.com;type:  5 amcs-prod-global-handler.trafficmanager.net;type:  5 amcs-prod-eus-1-handler.eastus.cloudapp.azure.com;::ffff:20.49.109.88;</Param><Param>C:\Packages\Plugins\Microsoft.Azure.Monitor.AzureMonitorWindowsAgent\1.20.0.0\Monitoring\Agent\MonAgentCore.exe</Param><Param>NT AUTHORITY\SYSTEM</Param>","<DataItem type=""System.XmlData"" time=""2023-11-24T19:45:48.1197088+05:30"" sourceHealthServiceId=""F57C2BCF-DE2B-DA7F-FD91-0649DF501A73""><EventData xmlns=""http://schemas.microsoft.com/win/2004/08/events/event""><Data Name=""RuleName"">-</Data><Data Name=""UtcTime"">2023-11-24 14:15:46.063</Data><Data Name=""ProcessGuid"">{8CAD0A01-B002-6560-9C00-000000001200}</Data><Data Name=""ProcessId"">684</Data><Data Name=""QueryName"">global.handler.control.monitor.azure.com</Data><Data Name=""QueryStatus"">0</Data><Data Name=""QueryResults"">type:  5 global.handler.control.privatelink.monitor.azure.com;type:  5 amcs-prod-global-handler.trafficmanager.net;type:  5 amcs-prod-eus-1-handler.eastus.cloudapp.azure.com;::ffff:20.49.109.88;</Data><Data Name=""Image"">C:\Packages\Plugins\Microsoft.Azure.Monitor.AzureMonitorWindowsAgent\1.20.0.0\Monitoring\Agent\MonAgentCore.exe</Data><Data Name=""User"">NT AUTHORITY\SYSTEM</Data></EventData></DataItem>",22,"Dns query: RuleName: - UtcTime: 2023-11-24 14:15:46.063 ProcessGuid: {8CAD0A01-B002-6560-9C00-000000001200} ProcessId: 684 QueryName: global.handler.control.monitor.azure.com QueryStatus: 0 QueryResults: type:  5 global.handler.control.privatelink.monitor.azure.com;type:  5 amcs-prod-global-handler.trafficmanager.net;type:  5 amcs-prod-eus-1-handler.eastus.cloudapp.azure.com;::ffff:20.49.109.88; Image: C:\Packages\Plugins\Microsoft.Azure.Monitor.AzureMonitorWindowsAgent\1.20.0.0\Monitoring\Agent\MonAgentCore.exe User: NT AUTHORITY\SYSTEM ","00000000-0000-0000-0000-000000000001","AOI-46bec743-35fa-4608-b7e2-2aa3c38a97c2",,,Event,"f82f9a46-8ad3-11ee-8bc4-000d3af075b5","/subscriptions/4383ac89-7cd1-48c1-8061-b0b3c5ccfd97/resourcegroups/varunlab-rg/providers/microsoft.compute/virtualmachines/windowseventlogs","4383ac89-7cd1-48c1-8061-b0b3c5ccfd97"
"46bec743-35fa-4608-b7e2-2aa3c38a97c2",OpsManager,"11/24/2023, 4:07:46.102 PM","Microsoft-Windows-Sysmon","Microsoft-Windows-Sysmon/Operational",WindowsEventLog,22,4,Information,"NT AUTHORITY\SYSTEM",,"<Param>-</Param><Param>2023-11-24 10:37:44.125</Param><Param>{8CAD0A01-5C22-6560-A300-000000001000}</Param><Param>2976</Param><Param>gcs.prod.monitoring.core.windows.net</Param><Param>0</Param><Param>type:  5 warmpath-prod-nested.trafficmanager.net;::ffff:20.42.65.223;</Param><Param>C:\Packages\Plugins\Microsoft.Azure.Geneva.GenevaMonitoring\2.41.0.3\Monitoring\Agent\MonAgentCore.exe</Param><Param>NT AUTHORITY\SYSTEM</Param>","<DataItem type=""System.XmlData"" time=""2023-11-24T16:07:46.1028820+05:30"" sourceHealthServiceId=""F57C2BCF-DE2B-DA7F-FD91-0649DF501A73""><EventData xmlns=""http://schemas.microsoft.com/win/2004/08/events/event""><Data Name=""RuleName"">-</Data><Data Name=""UtcTime"">2023-11-24 10:37:44.125</Data><Data Name=""ProcessGuid"">{8CAD0A01-5C22-6560-A300-000000001000}</Data><Data Name=""ProcessId"">2976</Data><Data Name=""QueryName"">gcs.prod.monitoring.core.windows.net</Data><Data Name=""QueryStatus"">0</Data><Data Name=""QueryResults"">type:  5 warmpath-prod-nested.trafficmanager.net;::ffff:20.42.65.223;</Data><Data Name=""Image"">C:\Packages\Plugins\Microsoft.Azure.Geneva.GenevaMonitoring\2.41.0.3\Monitoring\Agent\MonAgentCore.exe</Data><Data Name=""User"">NT AUTHORITY\SYSTEM</Data></EventData></DataItem>",22,"Dns query: RuleName: - UtcTime: 2023-11-24 10:37:44.125 ProcessGuid: {8CAD0A01-5C22-6560-A300-000000001000} ProcessId: 2976 QueryName: gcs.prod.monitoring.core.windows.net QueryStatus: 0 QueryResults: type:  5 warmpath-prod-nested.trafficmanager.net;::ffff:20.42.65.223; Image: C:\Packages\Plugins\Microsoft.Azure.Geneva.GenevaMonitoring\2.41.0.3\Monitoring\Agent\MonAgentCore.exe User: NT AUTHORITY\SYSTEM ","00000000-0000-0000-0000-000000000001","AOI-46bec743-35fa-4608-b7e2-2aa3c38a97c2",,,Event,"83347a33-8ab5-11ee-8bc4-0022486eaee3","/subscriptions/4383ac89-7cd1-48c1-8061-b0b3c5ccfd97/resourcegroups/varunlab-rg/providers/microsoft.compute/virtualmachines/windowseventlogs","4383ac89-7cd1-48c1-8061-b0b3c5ccfd97"
"46bec743-35fa-4608-b7e2-2aa3c38a97c2",OpsManager,"11/24/2023, 7:46:25.929 PM","Microsoft-Windows-Sysmon","Microsoft-Windows-Sysmon/Operational",WindowsEventLog,22,4,Information,"NT AUTHORITY\SYSTEM",,"<Param>-</Param><Param>2023-11-24 14:16:23.881</Param><Param>{8CAD0A01-B003-6560-9E00-000000001200}</Param><Param>3936</Param><Param>maupdateexaccount.blob.core.windows.net</Param><Param>0</Param><Param>type:  5 blob.dm5prdstr01a.store.core.windows.net;::ffff:40.69.176.16;</Param><Param>C:\Packages\Plugins\Microsoft.Azure.Geneva.GenevaMonitoring\2.41.0.3\Monitoring\Agent\MonAgentCore.exe</Param><Param>NT AUTHORITY\SYSTEM</Param>","<DataItem type=""System.XmlData"" time=""2023-11-24T19:46:25.9299891+05:30"" sourceHealthServiceId=""F57C2BCF-DE2B-DA7F-FD91-0649DF501A73""><EventData xmlns=""http://schemas.microsoft.com/win/2004/08/events/event""><Data Name=""RuleName"">-</Data><Data Name=""UtcTime"">2023-11-24 14:16:23.881</Data><Data Name=""ProcessGuid"">{8CAD0A01-B003-6560-9E00-000000001200}</Data><Data Name=""ProcessId"">3936</Data><Data Name=""QueryName"">maupdateexaccount.blob.core.windows.net</Data><Data Name=""QueryStatus"">0</Data><Data Name=""QueryResults"">type:  5 blob.dm5prdstr01a.store.core.windows.net;::ffff:40.69.176.16;</Data><Data Name=""Image"">C:\Packages\Plugins\Microsoft.Azure.Geneva.GenevaMonitoring\2.41.0.3\Monitoring\Agent\MonAgentCore.exe</Data><Data Name=""User"">NT AUTHORITY\SYSTEM</Data></EventData></DataItem>",22,"Dns query: RuleName: - UtcTime: 2023-11-24 14:16:23.881 ProcessGuid: {8CAD0A01-B003-6560-9E00-000000001200} ProcessId: 3936 QueryName: maupdateexaccount.blob.core.windows.net QueryStatus: 0 QueryResults: type:  5 blob.dm5prdstr01a.store.core.windows.net;::ffff:40.69.176.16; Image: C:\Packages\Plugins\Microsoft.Azure.Geneva.GenevaMonitoring\2.41.0.3\Monitoring\Agent\MonAgentCore.exe User: NT AUTHORITY\SYSTEM ","00000000-0000-0000-0000-000000000001","AOI-46bec743-35fa-4608-b7e2-2aa3c38a97c2",,,Event,"0edab4c7-8ad4-11ee-8bc4-000d3af07dcf","/subscriptions/4383ac89-7cd1-48c1-8061-b0b3c5ccfd97/resourcegroups/varunlab-rg/providers/microsoft.compute/virtualmachines/windowseventlogs","4383ac89-7cd1-48c1-8061-b0b3c5ccfd97"
"46bec743-35fa-4608-b7e2-2aa3c38a97c2",OpsManager,"11/24/2023, 7:46:25.930 PM","Microsoft-Windows-Sysmon","Microsoft-Windows-Sysmon/Operational",WindowsEventLog,22,4,Information,"NT AUTHORITY\SYSTEM",,"<Param>-</Param><Param>2023-11-24 14:16:24.331</Param><Param>{8CAD0A01-B003-6560-9E00-000000001200}</Param><Param>3936</Param><Param>gsm983063799xt.blob.core.windows.net</Param><Param>0</Param><Param>type:  5 blob.blz22prdstr08a.store.core.windows.net;::ffff:52.239.170.36;</Param><Param>C:\Packages\Plugins\Microsoft.Azure.Geneva.GenevaMonitoring\2.41.0.3\Monitoring\Agent\MonAgentCore.exe</Param><Param>NT AUTHORITY\SYSTEM</Param>","<DataItem type=""System.XmlData"" time=""2023-11-24T19:46:25.9300301+05:30"" sourceHealthServiceId=""F57C2BCF-DE2B-DA7F-FD91-0649DF501A73""><EventData xmlns=""http://schemas.microsoft.com/win/2004/08/events/event""><Data Name=""RuleName"">-</Data><Data Name=""UtcTime"">2023-11-24 14:16:24.331</Data><Data Name=""ProcessGuid"">{8CAD0A01-B003-6560-9E00-000000001200}</Data><Data Name=""ProcessId"">3936</Data><Data Name=""QueryName"">gsm983063799xt.blob.core.windows.net</Data><Data Name=""QueryStatus"">0</Data><Data Name=""QueryResults"">type:  5 blob.blz22prdstr08a.store.core.windows.net;::ffff:52.239.170.36;</Data><Data Name=""Image"">C:\Packages\Plugins\Microsoft.Azure.Geneva.GenevaMonitoring\2.41.0.3\Monitoring\Agent\MonAgentCore.exe</Data><Data Name=""User"">NT AUTHORITY\SYSTEM</Data></EventData></DataItem>",22,"Dns query: RuleName: - UtcTime: 2023-11-24 14:16:24.331 ProcessGuid: {8CAD0A01-B003-6560-9E00-000000001200} ProcessId: 3936 QueryName: gsm983063799xt.blob.core.windows.net QueryStatus: 0 QueryResults: type:  5 blob.blz22prdstr08a.store.core.windows.net;::ffff:52.239.170.36; Image: C:\Packages\Plugins\Microsoft.Azure.Geneva.GenevaMonitoring\2.41.0.3\Monitoring\Agent\MonAgentCore.exe User: NT AUTHORITY\SYSTEM ","00000000-0000-0000-0000-000000000001","AOI-46bec743-35fa-4608-b7e2-2aa3c38a97c2",,,Event,"0edab4c9-8ad4-11ee-8bc4-000d3af07dcf","/subscriptions/4383ac89-7cd1-48c1-8061-b0b3c5ccfd97/resourcegroups/varunlab-rg/providers/microsoft.compute/virtualmachines/windowseventlogs","4383ac89-7cd1-48c1-8061-b0b3c5ccfd97"
"46bec743-35fa-4608-b7e2-2aa3c38a97c2",OpsManager,"11/24/2023, 4:47:24.053 PM","Microsoft-Windows-Sysmon","Microsoft-Windows-Sysmon/Operational",WindowsEventLog,22,4,Information,"NT AUTHORITY\SYSTEM",,"<Param>-</Param><Param>2023-11-24 11:17:23.065</Param><Param>{8CAD0A01-8642-6560-8603-000000001000}</Param><Param>4736</Param><Param>WindowsEventLog</Param><Param>0</Param><Param>fe80::3e:32d1:f5ff:fffb;2001:0:34f1:8072:3e:32d1:f5ff:fffb;fe80::d024:56ce:c156:9dae;::ffff:10.0.0.4;</Param><Param>C:\Windows\System32\wbem\WmiPrvSE.exe</Param><Param>NT AUTHORITY\NETWORK SERVICE</Param>","<DataItem type=""System.XmlData"" time=""2023-11-24T16:47:24.0536741+05:30"" sourceHealthServiceId=""F57C2BCF-DE2B-DA7F-FD91-0649DF501A73""><EventData xmlns=""http://schemas.microsoft.com/win/2004/08/events/event""><Data Name=""RuleName"">-</Data><Data Name=""UtcTime"">2023-11-24 11:17:23.065</Data><Data Name=""ProcessGuid"">{8CAD0A01-8642-6560-8603-000000001000}</Data><Data Name=""ProcessId"">4736</Data><Data Name=""QueryName"">WindowsEventLog</Data><Data Name=""QueryStatus"">0</Data><Data Name=""QueryResults"">fe80::3e:32d1:f5ff:fffb;2001:0:34f1:8072:3e:32d1:f5ff:fffb;fe80::d024:56ce:c156:9dae;::ffff:10.0.0.4;</Data><Data Name=""Image"">C:\Windows\System32\wbem\WmiPrvSE.exe</Data><Data Name=""User"">NT AUTHORITY\NETWORK SERVICE</Data></EventData></DataItem>",22,"Dns query: RuleName: - UtcTime: 2023-11-24 11:17:23.065 ProcessGuid: {8CAD0A01-8642-6560-8603-000000001000} ProcessId: 4736 QueryName: WindowsEventLog QueryStatus: 0 QueryResults: fe80::3e:32d1:f5ff:fffb;2001:0:34f1:8072:3e:32d1:f5ff:fffb;fe80::d024:56ce:c156:9dae;::ffff:10.0.0.4; Image: C:\Windows\System32\wbem\WmiPrvSE.exe User: NT AUTHORITY\NETWORK SERVICE ","00000000-0000-0000-0000-000000000001","AOI-46bec743-35fa-4608-b7e2-2aa3c38a97c2",,,Event,"0bba3f11-8abb-11ee-8bc4-000d3af072be","/subscriptions/4383ac89-7cd1-48c1-8061-b0b3c5ccfd97/resourcegroups/varunlab-rg/providers/microsoft.compute/virtualmachines/windowseventlogs","4383ac89-7cd1-48c1-8061-b0b3c5ccfd97"
"46bec743-35fa-4608-b7e2-2aa3c38a97c2",OpsManager,"11/24/2023, 7:46:35.677 PM","Microsoft-Windows-Sysmon","Microsoft-Windows-Sysmon/Operational",WindowsEventLog,22,4,Information,"NT AUTHORITY\SYSTEM",,"<Param>-</Param><Param>2023-11-24 14:16:34.623</Param><Param>{8CAD0A01-B003-6560-9E00-000000001200}</Param><Param>3936</Param><Param>gsm723720eh.servicebus.windows.net</Param><Param>0</Param><Param>type:  5 ns-eh2-prod-bl3-505.cloudapp.net;104.45.147.24;</Param><Param>C:\Packages\Plugins\Microsoft.Azure.Geneva.GenevaMonitoring\2.41.0.3\Monitoring\Agent\MonAgentCore.exe</Param><Param>NT AUTHORITY\SYSTEM</Param>","<DataItem type=""System.XmlData"" time=""2023-11-24T19:46:35.6775147+05:30"" sourceHealthServiceId=""F57C2BCF-DE2B-DA7F-FD91-0649DF501A73""><EventData xmlns=""http://schemas.microsoft.com/win/2004/08/events/event""><Data Name=""RuleName"">-</Data><Data Name=""UtcTime"">2023-11-24 14:16:34.623</Data><Data Name=""ProcessGuid"">{8CAD0A01-B003-6560-9E00-000000001200}</Data><Data Name=""ProcessId"">3936</Data><Data Name=""QueryName"">gsm723720eh.servicebus.windows.net</Data><Data Name=""QueryStatus"">0</Data><Data Name=""QueryResults"">type:  5 ns-eh2-prod-bl3-505.cloudapp.net;104.45.147.24;</Data><Data Name=""Image"">C:\Packages\Plugins\Microsoft.Azure.Geneva.GenevaMonitoring\2.41.0.3\Monitoring\Agent\MonAgentCore.exe</Data><Data Name=""User"">NT AUTHORITY\SYSTEM</Data></EventData></DataItem>",22,"Dns query: RuleName: - UtcTime: 2023-11-24 14:16:34.623 ProcessGuid: {8CAD0A01-B003-6560-9E00-000000001200} ProcessId: 3936 QueryName: gsm723720eh.servicebus.windows.net QueryStatus: 0 QueryResults: type:  5 ns-eh2-prod-bl3-505.cloudapp.net;104.45.147.24; Image: C:\Packages\Plugins\Microsoft.Azure.Geneva.GenevaMonitoring\2.41.0.3\Monitoring\Agent\MonAgentCore.exe User: NT AUTHORITY\SYSTEM ","00000000-0000-0000-0000-000000000001","AOI-46bec743-35fa-4608-b7e2-2aa3c38a97c2",,,Event,"13ff73d1-8ad4-11ee-8bc4-0022486eaba7","/subscriptions/4383ac89-7cd1-48c1-8061-b0b3c5ccfd97/resourcegroups/varunlab-rg/providers/microsoft.compute/virtualmachines/windowseventlogs","4383ac89-7cd1-48c1-8061-b0b3c5ccfd97"
"46bec743-35fa-4608-b7e2-2aa3c38a97c2",OpsManager,"11/24/2023, 7:46:36.660 PM","Microsoft-Windows-Sysmon","Microsoft-Windows-Sysmon/Operational",WindowsEventLog,22,4,Information,"NT AUTHORITY\SYSTEM",,"<Param>-</Param><Param>2023-11-24 14:16:34.667</Param><Param>{8CAD0A01-B003-6560-9E00-000000001200}</Param><Param>3936</Param><Param>gsm723720eh.servicebus.windows.net</Param><Param>0</Param><Param>type:  5 ns-eh2-prod-bl3-505.cloudapp.net;::ffff:104.45.147.24;</Param><Param>C:\Packages\Plugins\Microsoft.Azure.Geneva.GenevaMonitoring\2.41.0.3\Monitoring\Agent\MonAgentCore.exe</Param><Param>NT AUTHORITY\SYSTEM</Param>","<DataItem type=""System.XmlData"" time=""2023-11-24T19:46:36.6607138+05:30"" sourceHealthServiceId=""F57C2BCF-DE2B-DA7F-FD91-0649DF501A73""><EventData xmlns=""http://schemas.microsoft.com/win/2004/08/events/event""><Data Name=""RuleName"">-</Data><Data Name=""UtcTime"">2023-11-24 14:16:34.667</Data><Data Name=""ProcessGuid"">{8CAD0A01-B003-6560-9E00-000000001200}</Data><Data Name=""ProcessId"">3936</Data><Data Name=""QueryName"">gsm723720eh.servicebus.windows.net</Data><Data Name=""QueryStatus"">0</Data><Data Name=""QueryResults"">type:  5 ns-eh2-prod-bl3-505.cloudapp.net;::ffff:104.45.147.24;</Data><Data Name=""Image"">C:\Packages\Plugins\Microsoft.Azure.Geneva.GenevaMonitoring\2.41.0.3\Monitoring\Agent\MonAgentCore.exe</Data><Data Name=""User"">NT AUTHORITY\SYSTEM</Data></EventData></DataItem>",22,"Dns query: RuleName: - UtcTime: 2023-11-24 14:16:34.667 ProcessGuid: {8CAD0A01-B003-6560-9E00-000000001200} ProcessId: 3936 QueryName: gsm723720eh.servicebus.windows.net QueryStatus: 0 QueryResults: type:  5 ns-eh2-prod-bl3-505.cloudapp.net;::ffff:104.45.147.24; Image: C:\Packages\Plugins\Microsoft.Azure.Geneva.GenevaMonitoring\2.41.0.3\Monitoring\Agent\MonAgentCore.exe User: NT AUTHORITY\SYSTEM ","00000000-0000-0000-0000-000000000001","AOI-46bec743-35fa-4608-b7e2-2aa3c38a97c2",,,Event,"13ff73fa-8ad4-11ee-8bc4-0022486eaba7","/subscriptions/4383ac89-7cd1-48c1-8061-b0b3c5ccfd97/resourcegroups/varunlab-rg/providers/microsoft.compute/virtualmachines/windowseventlogs","4383ac89-7cd1-48c1-8061-b0b3c5ccfd97"
"46bec743-35fa-4608-b7e2-2aa3c38a97c2",OpsManager,"11/24/2023, 7:46:34.641 PM","Microsoft-Windows-Sysmon","Microsoft-Windows-Sysmon/Operational",WindowsEventLog,22,4,Information,"NT AUTHORITY\SYSTEM",,"<Param>-</Param><Param>2023-11-24 14:16:33.635</Param><Param>{8CAD0A01-B003-6560-9E00-000000001200}</Param><Param>3936</Param><Param>eastus-shared.prod.warm.ingest.monitor.core.windows.net</Param><Param>0</Param><Param>type:  5 gig-warm-prod-shared-eastus.trafficmanager.net;::ffff:20.62.132.7;</Param><Param>C:\Packages\Plugins\Microsoft.Azure.Geneva.GenevaMonitoring\2.41.0.3\Monitoring\Agent\MonAgentCore.exe</Param><Param>NT AUTHORITY\SYSTEM</Param>","<DataItem type=""System.XmlData"" time=""2023-11-24T19:46:34.6410570+05:30"" sourceHealthServiceId=""F57C2BCF-DE2B-DA7F-FD91-0649DF501A73""><EventData xmlns=""http://schemas.microsoft.com/win/2004/08/events/event""><Data Name=""RuleName"">-</Data><Data Name=""UtcTime"">2023-11-24 14:16:33.635</Data><Data Name=""ProcessGuid"">{8CAD0A01-B003-6560-9E00-000000001200}</Data><Data Name=""ProcessId"">3936</Data><Data Name=""QueryName"">eastus-shared.prod.warm.ingest.monitor.core.windows.net</Data><Data Name=""QueryStatus"">0</Data><Data Name=""QueryResults"">type:  5 gig-warm-prod-shared-eastus.trafficmanager.net;::ffff:20.62.132.7;</Data><Data Name=""Image"">C:\Packages\Plugins\Microsoft.Azure.Geneva.GenevaMonitoring\2.41.0.3\Monitoring\Agent\MonAgentCore.exe</Data><Data Name=""User"">NT AUTHORITY\SYSTEM</Data></EventData></DataItem>",22,"Dns query: RuleName: - UtcTime: 2023-11-24 14:16:33.635 ProcessGuid: {8CAD0A01-B003-6560-9E00-000000001200} ProcessId: 3936 QueryName: eastus-shared.prod.warm.ingest.monitor.core.windows.net QueryStatus: 0 QueryResults: type:  5 gig-warm-prod-shared-eastus.trafficmanager.net;::ffff:20.62.132.7; Image: C:\Packages\Plugins\Microsoft.Azure.Geneva.GenevaMonitoring\2.41.0.3\Monitoring\Agent\MonAgentCore.exe User: NT AUTHORITY\SYSTEM ","00000000-0000-0000-0000-000000000001","AOI-46bec743-35fa-4608-b7e2-2aa3c38a97c2",,,Event,"150c89d1-8ad4-11ee-8bc4-000d3af07dcf","/subscriptions/4383ac89-7cd1-48c1-8061-b0b3c5ccfd97/resourcegroups/varunlab-rg/providers/microsoft.compute/virtualmachines/windowseventlogs","4383ac89-7cd1-48c1-8061-b0b3c5ccfd97"
"46bec743-35fa-4608-b7e2-2aa3c38a97c2",OpsManager,"11/24/2023, 7:46:34.641 PM","Microsoft-Windows-Sysmon","Microsoft-Windows-Sysmon/Operational",WindowsEventLog,22,4,Information,"NT AUTHORITY\SYSTEM",,"<Param>-</Param><Param>2023-11-24 14:16:34.514</Param><Param>{8CAD0A01-B003-6560-9E00-000000001200}</Param><Param>3936</Param><Param>qos.prod.warm.ingest.monitor.core.windows.net</Param><Param>0</Param><Param>type:  5 gig-warm-prod-qos.trafficmanager.net;::ffff:20.62.132.20;</Param><Param>C:\Packages\Plugins\Microsoft.Azure.Geneva.GenevaMonitoring\2.41.0.3\Monitoring\Agent\MonAgentCore.exe</Param><Param>NT AUTHORITY\SYSTEM</Param>","<DataItem type=""System.XmlData"" time=""2023-11-24T19:46:34.6414012+05:30"" sourceHealthServiceId=""F57C2BCF-DE2B-DA7F-FD91-0649DF501A73""><EventData xmlns=""http://schemas.microsoft.com/win/2004/08/events/event""><Data Name=""RuleName"">-</Data><Data Name=""UtcTime"">2023-11-24 14:16:34.514</Data><Data Name=""ProcessGuid"">{8CAD0A01-B003-6560-9E00-000000001200}</Data><Data Name=""ProcessId"">3936</Data><Data Name=""QueryName"">qos.prod.warm.ingest.monitor.core.windows.net</Data><Data Name=""QueryStatus"">0</Data><Data Name=""QueryResults"">type:  5 gig-warm-prod-qos.trafficmanager.net;::ffff:20.62.132.20;</Data><Data Name=""Image"">C:\Packages\Plugins\Microsoft.Azure.Geneva.GenevaMonitoring\2.41.0.3\Monitoring\Agent\MonAgentCore.exe</Data><Data Name=""User"">NT AUTHORITY\SYSTEM</Data></EventData></DataItem>",22,"Dns query: RuleName: - UtcTime: 2023-11-24 14:16:34.514 ProcessGuid: {8CAD0A01-B003-6560-9E00-000000001200} ProcessId: 3936 QueryName: qos.prod.warm.ingest.monitor.core.windows.net QueryStatus: 0 QueryResults: type:  5 gig-warm-prod-qos.trafficmanager.net;::ffff:20.62.132.20; Image: C:\Packages\Plugins\Microsoft.Azure.Geneva.GenevaMonitoring\2.41.0.3\Monitoring\Agent\MonAgentCore.exe User: NT AUTHORITY\SYSTEM ","00000000-0000-0000-0000-000000000001","AOI-46bec743-35fa-4608-b7e2-2aa3c38a97c2",,,Event,"150c89d5-8ad4-11ee-8bc4-000d3af07dcf","/subscriptions/4383ac89-7cd1-48c1-8061-b0b3c5ccfd97/resourcegroups/varunlab-rg/providers/microsoft.compute/virtualmachines/windowseventlogs","4383ac89-7cd1-48c1-8061-b0b3c5ccfd97"
"46bec743-35fa-4608-b7e2-2aa3c38a97c2",OpsManager,"11/24/2023, 7:46:34.641 PM","Microsoft-Windows-Sysmon","Microsoft-Windows-Sysmon/Operational",WindowsEventLog,22,4,Information,"NT AUTHORITY\SYSTEM",,"<Param>-</Param><Param>2023-11-24 14:16:34.530</Param><Param>{8CAD0A01-B003-6560-9E00-000000001200}</Param><Param>3936</Param><Param>gsm723720xt.blob.core.windows.net</Param><Param>0</Param><Param>type:  5 blob.iad01prdstr06a.store.core.windows.net;::ffff:20.60.220.225;</Param><Param>C:\Packages\Plugins\Microsoft.Azure.Geneva.GenevaMonitoring\2.41.0.3\Monitoring\Agent\MonAgentCore.exe</Param><Param>NT AUTHORITY\SYSTEM</Param>","<DataItem type=""System.XmlData"" time=""2023-11-24T19:46:34.6416113+05:30"" sourceHealthServiceId=""F57C2BCF-DE2B-DA7F-FD91-0649DF501A73""><EventData xmlns=""http://schemas.microsoft.com/win/2004/08/events/event""><Data Name=""RuleName"">-</Data><Data Name=""UtcTime"">2023-11-24 14:16:34.530</Data><Data Name=""ProcessGuid"">{8CAD0A01-B003-6560-9E00-000000001200}</Data><Data Name=""ProcessId"">3936</Data><Data Name=""QueryName"">gsm723720xt.blob.core.windows.net</Data><Data Name=""QueryStatus"">0</Data><Data Name=""QueryResults"">type:  5 blob.iad01prdstr06a.store.core.windows.net;::ffff:20.60.220.225;</Data><Data Name=""Image"">C:\Packages\Plugins\Microsoft.Azure.Geneva.GenevaMonitoring\2.41.0.3\Monitoring\Agent\MonAgentCore.exe</Data><Data Name=""User"">NT AUTHORITY\SYSTEM</Data></EventData></DataItem>",22,"Dns query: RuleName: - UtcTime: 2023-11-24 14:16:34.530 ProcessGuid: {8CAD0A01-B003-6560-9E00-000000001200} ProcessId: 3936 QueryName: gsm723720xt.blob.core.windows.net QueryStatus: 0 QueryResults: type:  5 blob.iad01prdstr06a.store.core.windows.net;::ffff:20.60.220.225; Image: C:\Packages\Plugins\Microsoft.Azure.Geneva.GenevaMonitoring\2.41.0.3\Monitoring\Agent\MonAgentCore.exe User: NT AUTHORITY\SYSTEM ","00000000-0000-0000-0000-000000000001","AOI-46bec743-35fa-4608-b7e2-2aa3c38a97c2",,,Event,"150c89d9-8ad4-11ee-8bc4-000d3af07dcf","/subscriptions/4383ac89-7cd1-48c1-8061-b0b3c5ccfd97/resourcegroups/varunlab-rg/providers/microsoft.compute/virtualmachines/windowseventlogs","4383ac89-7cd1-48c1-8061-b0b3c5ccfd97"
"46bec743-35fa-4608-b7e2-2aa3c38a97c2",OpsManager,"11/24/2023, 7:46:34.641 PM","Microsoft-Windows-Sysmon","Microsoft-Windows-Sysmon/Operational",WindowsEventLog,22,4,Information,"NT AUTHORITY\SYSTEM",,"<Param>-</Param><Param>2023-11-24 14:16:34.559</Param><Param>{8CAD0A01-B003-6560-9E00-000000001200}</Param><Param>3936</Param><Param>WindowsEventLog</Param><Param>0</Param><Param>10.0.0.4;</Param><Param>C:\Packages\Plugins\Microsoft.Azure.Geneva.GenevaMonitoring\2.41.0.3\Monitoring\Agent\MonAgentCore.exe</Param><Param>NT AUTHORITY\SYSTEM</Param>","<DataItem type=""System.XmlData"" time=""2023-11-24T19:46:34.6417021+05:30"" sourceHealthServiceId=""F57C2BCF-DE2B-DA7F-FD91-0649DF501A73""><EventData xmlns=""http://schemas.microsoft.com/win/2004/08/events/event""><Data Name=""RuleName"">-</Data><Data Name=""UtcTime"">2023-11-24 14:16:34.559</Data><Data Name=""ProcessGuid"">{8CAD0A01-B003-6560-9E00-000000001200}</Data><Data Name=""ProcessId"">3936</Data><Data Name=""QueryName"">WindowsEventLog</Data><Data Name=""QueryStatus"">0</Data><Data Name=""QueryResults"">10.0.0.4;</Data><Data Name=""Image"">C:\Packages\Plugins\Microsoft.Azure.Geneva.GenevaMonitoring\2.41.0.3\Monitoring\Agent\MonAgentCore.exe</Data><Data Name=""User"">NT AUTHORITY\SYSTEM</Data></EventData></DataItem>",22,"Dns query: RuleName: - UtcTime: 2023-11-24 14:16:34.559 ProcessGuid: {8CAD0A01-B003-6560-9E00-000000001200} ProcessId: 3936 QueryName: WindowsEventLog QueryStatus: 0 QueryResults: 10.0.0.4; Image: C:\Packages\Plugins\Microsoft.Azure.Geneva.GenevaMonitoring\2.41.0.3\Monitoring\Agent\MonAgentCore.exe User: NT AUTHORITY\SYSTEM ","00000000-0000-0000-0000-000000000001","AOI-46bec743-35fa-4608-b7e2-2aa3c38a97c2",,,Event,"150c89de-8ad4-11ee-8bc4-000d3af07dcf","/subscriptions/4383ac89-7cd1-48c1-8061-b0b3c5ccfd97/resourcegroups/varunlab-rg/providers/microsoft.compute/virtualmachines/windowseventlogs","4383ac89-7cd1-48c1-8061-b0b3c5ccfd97"
"46bec743-35fa-4608-b7e2-2aa3c38a97c2",OpsManager,"11/24/2023, 7:50:47.099 PM","Microsoft-Windows-Sysmon","Microsoft-Windows-Sysmon/Operational",WindowsEventLog,22,4,Information,"NT AUTHORITY\SYSTEM",,"<Param>-</Param><Param>2023-11-24 14:20:45.061</Param><Param>{8CAD0A01-B003-6560-9E00-000000001200}</Param><Param>3936</Param><Param>eastus-shared.prod.warm.ingest.monitor.core.windows.net</Param><Param>0</Param><Param>type:  5 gig-warm-prod-shared-eastus.trafficmanager.net;::ffff:20.62.132.10;</Param><Param>C:\Packages\Plugins\Microsoft.Azure.Geneva.GenevaMonitoring\2.41.0.3\Monitoring\Agent\MonAgentCore.exe</Param><Param>NT AUTHORITY\SYSTEM</Param>","<DataItem type=""System.XmlData"" time=""2023-11-24T19:50:47.0990060+05:30"" sourceHealthServiceId=""F57C2BCF-DE2B-DA7F-FD91-0649DF501A73""><EventData xmlns=""http://schemas.microsoft.com/win/2004/08/events/event""><Data Name=""RuleName"">-</Data><Data Name=""UtcTime"">2023-11-24 14:20:45.061</Data><Data Name=""ProcessGuid"">{8CAD0A01-B003-6560-9E00-000000001200}</Data><Data Name=""ProcessId"">3936</Data><Data Name=""QueryName"">eastus-shared.prod.warm.ingest.monitor.core.windows.net</Data><Data Name=""QueryStatus"">0</Data><Data Name=""QueryResults"">type:  5 gig-warm-prod-shared-eastus.trafficmanager.net;::ffff:20.62.132.10;</Data><Data Name=""Image"">C:\Packages\Plugins\Microsoft.Azure.Geneva.GenevaMonitoring\2.41.0.3\Monitoring\Agent\MonAgentCore.exe</Data><Data Name=""User"">NT AUTHORITY\SYSTEM</Data></EventData></DataItem>",22,"Dns query: RuleName: - UtcTime: 2023-11-24 14:20:45.061 ProcessGuid: {8CAD0A01-B003-6560-9E00-000000001200} ProcessId: 3936 QueryName: eastus-shared.prod.warm.ingest.monitor.core.windows.net QueryStatus: 0 QueryResults: type:  5 gig-warm-prod-shared-eastus.trafficmanager.net;::ffff:20.62.132.10; Image: C:\Packages\Plugins\Microsoft.Azure.Geneva.GenevaMonitoring\2.41.0.3\Monitoring\Agent\MonAgentCore.exe User: NT AUTHORITY\SYSTEM ","00000000-0000-0000-0000-000000000001","AOI-46bec743-35fa-4608-b7e2-2aa3c38a97c2",,,Event,"ab9911a6-8ad4-11ee-8bc4-000d3af06bd4","/subscriptions/4383ac89-7cd1-48c1-8061-b0b3c5ccfd97/resourcegroups/varunlab-rg/providers/microsoft.compute/virtualmachines/windowseventlogs","4383ac89-7cd1-48c1-8061-b0b3c5ccfd97"
"46bec743-35fa-4608-b7e2-2aa3c38a97c2",OpsManager,"11/24/2023, 7:51:23.115 PM","Microsoft-Windows-Sysmon","Microsoft-Windows-Sysmon/Operational",WindowsEventLog,22,4,Information,"NT AUTHORITY\SYSTEM",,"<Param>-</Param><Param>2023-11-24 14:21:21.095</Param><Param>{8CAD0A01-B003-6560-9E00-000000001200}</Param><Param>3936</Param><Param>qos.prod.warm.ingest.monitor.core.windows.net</Param><Param>0</Param><Param>type:  5 gig-warm-prod-qos.trafficmanager.net;::ffff:20.62.132.3;</Param><Param>C:\Packages\Plugins\Microsoft.Azure.Geneva.GenevaMonitoring\2.41.0.3\Monitoring\Agent\MonAgentCore.exe</Param><Param>NT AUTHORITY\SYSTEM</Param>","<DataItem type=""System.XmlData"" time=""2023-11-24T19:51:23.1154043+05:30"" sourceHealthServiceId=""F57C2BCF-DE2B-DA7F-FD91-0649DF501A73""><EventData xmlns=""http://schemas.microsoft.com/win/2004/08/events/event""><Data Name=""RuleName"">-</Data><Data Name=""UtcTime"">2023-11-24 14:21:21.095</Data><Data Name=""ProcessGuid"">{8CAD0A01-B003-6560-9E00-000000001200}</Data><Data Name=""ProcessId"">3936</Data><Data Name=""QueryName"">qos.prod.warm.ingest.monitor.core.windows.net</Data><Data Name=""QueryStatus"">0</Data><Data Name=""QueryResults"">type:  5 gig-warm-prod-qos.trafficmanager.net;::ffff:20.62.132.3;</Data><Data Name=""Image"">C:\Packages\Plugins\Microsoft.Azure.Geneva.GenevaMonitoring\2.41.0.3\Monitoring\Agent\MonAgentCore.exe</Data><Data Name=""User"">NT AUTHORITY\SYSTEM</Data></EventData></DataItem>",22,"Dns query: RuleName: - UtcTime: 2023-11-24 14:21:21.095 ProcessGuid: {8CAD0A01-B003-6560-9E00-000000001200} ProcessId: 3936 QueryName: qos.prod.warm.ingest.monitor.core.windows.net QueryStatus: 0 QueryResults: type:  5 gig-warm-prod-qos.trafficmanager.net;::ffff:20.62.132.3; Image: C:\Packages\Plugins\Microsoft.Azure.Geneva.GenevaMonitoring\2.41.0.3\Monitoring\Agent\MonAgentCore.exe User: NT AUTHORITY\SYSTEM ","00000000-0000-0000-0000-000000000001","AOI-46bec743-35fa-4608-b7e2-2aa3c38a97c2",,,Event,"bff11809-8ad4-11ee-8bc2-000d3af0714e","/subscriptions/4383ac89-7cd1-48c1-8061-b0b3c5ccfd97/resourcegroups/varunlab-rg/providers/microsoft.compute/virtualmachines/windowseventlogs","4383ac89-7cd1-48c1-8061-b0b3c5ccfd97"
"46bec743-35fa-4608-b7e2-2aa3c38a97c2",OpsManager,"11/24/2023, 7:52:18.087 PM","Microsoft-Windows-Sysmon","Microsoft-Windows-Sysmon/Operational",WindowsEventLog,22,4,Information,"NT AUTHORITY\SYSTEM",,"<Param>-</Param><Param>2023-11-24 14:22:16.060</Param><Param>{8CAD0A01-B003-6560-9E00-000000001200}</Param><Param>3936</Param><Param>eastus-shared.prod.warm.ingest.monitor.core.windows.net</Param><Param>0</Param><Param>type:  5 gig-warm-prod-shared-eastus.trafficmanager.net;::ffff:20.62.132.5;</Param><Param>C:\Packages\Plugins\Microsoft.Azure.Geneva.GenevaMonitoring\2.41.0.3\Monitoring\Agent\MonAgentCore.exe</Param><Param>NT AUTHORITY\SYSTEM</Param>","<DataItem type=""System.XmlData"" time=""2023-11-24T19:52:18.0877744+05:30"" sourceHealthServiceId=""F57C2BCF-DE2B-DA7F-FD91-0649DF501A73""><EventData xmlns=""http://schemas.microsoft.com/win/2004/08/events/event""><Data Name=""RuleName"">-</Data><Data Name=""UtcTime"">2023-11-24 14:22:16.060</Data><Data Name=""ProcessGuid"">{8CAD0A01-B003-6560-9E00-000000001200}</Data><Data Name=""ProcessId"">3936</Data><Data Name=""QueryName"">eastus-shared.prod.warm.ingest.monitor.core.windows.net</Data><Data Name=""QueryStatus"">0</Data><Data Name=""QueryResults"">type:  5 gig-warm-prod-shared-eastus.trafficmanager.net;::ffff:20.62.132.5;</Data><Data Name=""Image"">C:\Packages\Plugins\Microsoft.Azure.Geneva.GenevaMonitoring\2.41.0.3\Monitoring\Agent\MonAgentCore.exe</Data><Data Name=""User"">NT AUTHORITY\SYSTEM</Data></EventData></DataItem>",22,"Dns query: RuleName: - UtcTime: 2023-11-24 14:22:16.060 ProcessGuid: {8CAD0A01-B003-6560-9E00-000000001200} ProcessId: 3936 QueryName: eastus-shared.prod.warm.ingest.monitor.core.windows.net QueryStatus: 0 QueryResults: type:  5 gig-warm-prod-shared-eastus.trafficmanager.net;::ffff:20.62.132.5; Image: C:\Packages\Plugins\Microsoft.Azure.Geneva.GenevaMonitoring\2.41.0.3\Monitoring\Agent\MonAgentCore.exe User: NT AUTHORITY\SYSTEM ","00000000-0000-0000-0000-000000000001","AOI-46bec743-35fa-4608-b7e2-2aa3c38a97c2",,,Event,"e1a443a5-8ad4-11ee-8bc4-0022486ea2b9","/subscriptions/4383ac89-7cd1-48c1-8061-b0b3c5ccfd97/resourcegroups/varunlab-rg/providers/microsoft.compute/virtualmachines/windowseventlogs","4383ac89-7cd1-48c1-8061-b0b3c5ccfd97"
"46bec743-35fa-4608-b7e2-2aa3c38a97c2",OpsManager,"11/24/2023, 7:55:33.547 PM","Microsoft-Windows-Sysmon","Microsoft-Windows-Sysmon/Operational",WindowsEventLog,22,4,Information,"NT AUTHORITY\SYSTEM",,"<Param>-</Param><Param>2023-11-24 14:25:31.514</Param><Param>{8CAD0A01-B002-6560-9D00-000000001200}</Param><Param>3632</Param><Param>gcs.prod.monitoring.core.windows.net</Param><Param>0</Param><Param>type:  5 warmpath-prod-nested.trafficmanager.net;::ffff:20.42.65.225;</Param><Param>C:\Packages\Plugins\Microsoft.Azure.Geneva.GenevaMonitoring\2.41.0.3\Monitoring\Agent\MonAgentManager.exe</Param><Param>NT AUTHORITY\SYSTEM</Param>","<DataItem type=""System.XmlData"" time=""2023-11-24T19:55:33.5472986+05:30"" sourceHealthServiceId=""F57C2BCF-DE2B-DA7F-FD91-0649DF501A73""><EventData xmlns=""http://schemas.microsoft.com/win/2004/08/events/event""><Data Name=""RuleName"">-</Data><Data Name=""UtcTime"">2023-11-24 14:25:31.514</Data><Data Name=""ProcessGuid"">{8CAD0A01-B002-6560-9D00-000000001200}</Data><Data Name=""ProcessId"">3632</Data><Data Name=""QueryName"">gcs.prod.monitoring.core.windows.net</Data><Data Name=""QueryStatus"">0</Data><Data Name=""QueryResults"">type:  5 warmpath-prod-nested.trafficmanager.net;::ffff:20.42.65.225;</Data><Data Name=""Image"">C:\Packages\Plugins\Microsoft.Azure.Geneva.GenevaMonitoring\2.41.0.3\Monitoring\Agent\MonAgentManager.exe</Data><Data Name=""User"">NT AUTHORITY\SYSTEM</Data></EventData></DataItem>",22,"Dns query: RuleName: - UtcTime: 2023-11-24 14:25:31.514 ProcessGuid: {8CAD0A01-B002-6560-9D00-000000001200} ProcessId: 3632 QueryName: gcs.prod.monitoring.core.windows.net QueryStatus: 0 QueryResults: type:  5 warmpath-prod-nested.trafficmanager.net;::ffff:20.42.65.225; Image: C:\Packages\Plugins\Microsoft.Azure.Geneva.GenevaMonitoring\2.41.0.3\Monitoring\Agent\MonAgentManager.exe User: NT AUTHORITY\SYSTEM ","00000000-0000-0000-0000-000000000001","AOI-46bec743-35fa-4608-b7e2-2aa3c38a97c2",,,Event,"550a3723-8ad5-11ee-8bc4-0022486e92a3","/subscriptions/4383ac89-7cd1-48c1-8061-b0b3c5ccfd97/resourcegroups/varunlab-rg/providers/microsoft.compute/virtualmachines/windowseventlogs","4383ac89-7cd1-48c1-8061-b0b3c5ccfd97"
"46bec743-35fa-4608-b7e2-2aa3c38a97c2",OpsManager,"11/24/2023, 7:55:36.079 PM","Microsoft-Windows-Sysmon","Microsoft-Windows-Sysmon/Operational",WindowsEventLog,22,4,Information,"NT AUTHORITY\SYSTEM",,"<Param>-</Param><Param>2023-11-24 14:25:34.027</Param><Param>{8CAD0A01-B25D-6560-7001-000000001200}</Param><Param>3512</Param><Param>shavamanifestazurecdnprod1.azureedge.net</Param><Param>0</Param><Param>type:  5 shavamanifestazurecdnprod1.afd.azureedge.net;type:  5 star-azureedge-prod.trafficmanager.net;type:  5 shed.dual-low.part-0012.t-0009.t-msedge.net;type:  5 part-0012.t-0009.t-msedge.net;::ffff:13.107.246.40;::ffff:13.107.213.40;</Param><Param>C:\Packages\Plugins\Microsoft.Azure.Geneva.GenevaMonitoring\2.41.0.3\Monitoring\Agent\Extensions\AzureSecurityPack\ShavaVulnScan.exe</Param><Param>NT AUTHORITY\SYSTEM</Param>","<DataItem type=""System.XmlData"" time=""2023-11-24T19:55:36.0796902+05:30"" sourceHealthServiceId=""F57C2BCF-DE2B-DA7F-FD91-0649DF501A73""><EventData xmlns=""http://schemas.microsoft.com/win/2004/08/events/event""><Data Name=""RuleName"">-</Data><Data Name=""UtcTime"">2023-11-24 14:25:34.027</Data><Data Name=""ProcessGuid"">{8CAD0A01-B25D-6560-7001-000000001200}</Data><Data Name=""ProcessId"">3512</Data><Data Name=""QueryName"">shavamanifestazurecdnprod1.azureedge.net</Data><Data Name=""QueryStatus"">0</Data><Data Name=""QueryResults"">type:  5 shavamanifestazurecdnprod1.afd.azureedge.net;type:  5 star-azureedge-prod.trafficmanager.net;type:  5 shed.dual-low.part-0012.t-0009.t-msedge.net;type:  5 part-0012.t-0009.t-msedge.net;::ffff:13.107.246.40;::ffff:13.107.213.40;</Data><Data Name=""Image"">C:\Packages\Plugins\Microsoft.Azure.Geneva.GenevaMonitoring\2.41.0.3\Monitoring\Agent\Extensions\AzureSecurityPack\ShavaVulnScan.exe</Data><Data Name=""User"">NT AUTHORITY\SYSTEM</Data></EventData></DataItem>",22,"Dns query: RuleName: - UtcTime: 2023-11-24 14:25:34.027 ProcessGuid: {8CAD0A01-B25D-6560-7001-000000001200} ProcessId: 3512 QueryName: shavamanifestazurecdnprod1.azureedge.net QueryStatus: 0 QueryResults: type:  5 shavamanifestazurecdnprod1.afd.azureedge.net;type:  5 star-azureedge-prod.trafficmanager.net;type:  5 shed.dual-low.part-0012.t-0009.t-msedge.net;type:  5 part-0012.t-0009.t-msedge.net;::ffff:13.107.246.40;::ffff:13.107.213.40; Image: C:\Packages\Plugins\Microsoft.Azure.Geneva.GenevaMonitoring\2.41.0.3\Monitoring\Agent\Extensions\AzureSecurityPack\ShavaVulnScan.exe User: NT AUTHORITY\SYSTEM ","00000000-0000-0000-0000-000000000001","AOI-46bec743-35fa-4608-b7e2-2aa3c38a97c2",,,Event,"561425e5-8ad5-11ee-8bc4-0022486eabdc","/subscriptions/4383ac89-7cd1-48c1-8061-b0b3c5ccfd97/resourcegroups/varunlab-rg/providers/microsoft.compute/virtualmachines/windowseventlogs","4383ac89-7cd1-48c1-8061-b0b3c5ccfd97"
"46bec743-35fa-4608-b7e2-2aa3c38a97c2",OpsManager,"11/24/2023, 7:21:23.504 PM","Microsoft-Windows-Sysmon","Microsoft-Windows-Sysmon/Operational",WindowsEventLog,22,4,Information,"NT AUTHORITY\SYSTEM",,"<Param>-</Param><Param>2023-11-24 13:51:21.450</Param><Param>{8CAD0A01-AA59-6560-B400-000000001100}</Param><Param>5140</Param><Param>gcs.prod.monitoring.core.windows.net</Param><Param>0</Param><Param>type:  5 warmpath-prod-nested.trafficmanager.net;::ffff:20.42.65.224;</Param><Param>C:\Packages\Plugins\Microsoft.Azure.Geneva.GenevaMonitoring\2.41.0.3\Monitoring\Agent\MonAgentManager.exe</Param><Param>NT AUTHORITY\SYSTEM</Param>","<DataItem type=""System.XmlData"" time=""2023-11-24T19:21:23.5048819+05:30"" sourceHealthServiceId=""F57C2BCF-DE2B-DA7F-FD91-0649DF501A73""><EventData xmlns=""http://schemas.microsoft.com/win/2004/08/events/event""><Data Name=""RuleName"">-</Data><Data Name=""UtcTime"">2023-11-24 13:51:21.450</Data><Data Name=""ProcessGuid"">{8CAD0A01-AA59-6560-B400-000000001100}</Data><Data Name=""ProcessId"">5140</Data><Data Name=""QueryName"">gcs.prod.monitoring.core.windows.net</Data><Data Name=""QueryStatus"">0</Data><Data Name=""QueryResults"">type:  5 warmpath-prod-nested.trafficmanager.net;::ffff:20.42.65.224;</Data><Data Name=""Image"">C:\Packages\Plugins\Microsoft.Azure.Geneva.GenevaMonitoring\2.41.0.3\Monitoring\Agent\MonAgentManager.exe</Data><Data Name=""User"">NT AUTHORITY\SYSTEM</Data></EventData></DataItem>",22,"Dns query: RuleName: - UtcTime: 2023-11-24 13:51:21.450 ProcessGuid: {8CAD0A01-AA59-6560-B400-000000001100} ProcessId: 5140 QueryName: gcs.prod.monitoring.core.windows.net QueryStatus: 0 QueryResults: type:  5 warmpath-prod-nested.trafficmanager.net;::ffff:20.42.65.224; Image: C:\Packages\Plugins\Microsoft.Azure.Geneva.GenevaMonitoring\2.41.0.3\Monitoring\Agent\MonAgentManager.exe User: NT AUTHORITY\SYSTEM ","00000000-0000-0000-0000-000000000001","AOI-46bec743-35fa-4608-b7e2-2aa3c38a97c2",,,Event,"8fa92362-8ad0-11ee-8bc4-0022486ec15e","/subscriptions/4383ac89-7cd1-48c1-8061-b0b3c5ccfd97/resourcegroups/varunlab-rg/providers/microsoft.compute/virtualmachines/windowseventlogs","4383ac89-7cd1-48c1-8061-b0b3c5ccfd97"
