"46bec743-35fa-4608-b7e2-2aa3c38a97c2",OpsManager,"11/6/2023, 9:38:09.302 PM","Microsoft-Windows-Sysmon","Microsoft-Windows-Sysmon/Operational",WindowsEventLog,22,4,Information,"NT AUTHORITY\SYSTEM",,"<Param>-</Param><Param>2023-11-06 16:08:07.269</Param><Param>{8CAD0A01-0F1D-6549-9A00-000000000900}</Param><Param>2980</Param><Param>monitoring.windows.net</Param><Param>0</Param><Param>type:  5 mdsextprod.trafficmanager.net;type:  5 mdsprodextfeeus2.cloudapp.net;::ffff:20.110.117.69;</Param><Param>C:\Packages\Plugins\Microsoft.Azure.Geneva.GenevaMonitoring\2.41.0.3\Monitoring\Agent\MonAgentCore.exe</Param><Param>NT AUTHORITY\SYSTEM</Param>","<DataItem type=""System.XmlData"" time=""2023-11-06T21:38:09.3022884+05:30"" sourceHealthServiceId=""F57C2BCF-DE2B-DA7F-FD91-0649DF501A73""><EventData xmlns=""http://schemas.microsoft.com/win/2004/08/events/event""><Data Name=""RuleName"">-</Data><Data Name=""UtcTime"">2023-11-06 16:08:07.269</Data><Data Name=""ProcessGuid"">{8CAD0A01-0F1D-6549-9A00-000000000900}</Data><Data Name=""ProcessId"">2980</Data><Data Name=""QueryName"">monitoring.windows.net</Data><Data Name=""QueryStatus"">0</Data><Data Name=""QueryResults"">type:  5 mdsextprod.trafficmanager.net;type:  5 mdsprodextfeeus2.cloudapp.net;::ffff:20.110.117.69;</Data><Data Name=""Image"">C:\Packages\Plugins\Microsoft.Azure.Geneva.GenevaMonitoring\2.41.0.3\Monitoring\Agent\MonAgentCore.exe</Data><Data Name=""User"">NT AUTHORITY\SYSTEM</Data></EventData></DataItem>",22,"Dns query: RuleName: - UtcTime: 2023-11-06 16:08:07.269 ProcessGuid: {8CAD0A01-0F1D-6549-9A00-000000000900} ProcessId: 2980 QueryName: monitoring.windows.net QueryStatus: 0 QueryResults: type:  5 mdsextprod.trafficmanager.net;type:  5 mdsprodextfeeus2.cloudapp.net;::ffff:20.110.117.69; Image: C:\Packages\Plugins\Microsoft.Azure.Geneva.GenevaMonitoring\2.41.0.3\Monitoring\Agent\MonAgentCore.exe User: NT AUTHORITY\SYSTEM ","00000000-0000-0000-0000-000000000001","AOI-46bec743-35fa-4608-b7e2-2aa3c38a97c2",,,Event,"ae081e64-7cbe-11ee-8bc4-000d3af06267","/subscriptions/4383ac89-7cd1-48c1-8061-b0b3c5ccfd97/resourcegroups/varunlab-rg/providers/microsoft.compute/virtualmachines/windowseventlogs","4383ac89-7cd1-48c1-8061-b0b3c5ccfd97"
"46bec743-35fa-4608-b7e2-2aa3c38a97c2",OpsManager,"11/6/2023, 9:56:57.998 PM","Microsoft-Windows-Sysmon","Microsoft-Windows-Sysmon/Operational",WindowsEventLog,22,4,Information,"NT AUTHORITY\SYSTEM",,"<Param>-</Param><Param>2023-11-06 16:26:55.952</Param><Param>{8CAD0A01-0F1D-6549-9A00-000000000900}</Param><Param>2980</Param><Param>gcs.prod.monitoring.core.windows.net</Param><Param>0</Param><Param>type:  5 warmpath-prod-nested.trafficmanager.net;::ffff:20.42.65.128;</Param><Param>C:\Packages\Plugins\Microsoft.Azure.Geneva.GenevaMonitoring\2.41.0.3\Monitoring\Agent\MonAgentCore.exe</Param><Param>NT AUTHORITY\SYSTEM</Param>","<DataItem type=""System.XmlData"" time=""2023-11-06T21:56:57.9982186+05:30"" sourceHealthServiceId=""F57C2BCF-DE2B-DA7F-FD91-0649DF501A73""><EventData xmlns=""http://schemas.microsoft.com/win/2004/08/events/event""><Data Name=""RuleName"">-</Data><Data Name=""UtcTime"">2023-11-06 16:26:55.952</Data><Data Name=""ProcessGuid"">{8CAD0A01-0F1D-6549-9A00-000000000900}</Data><Data Name=""ProcessId"">2980</Data><Data Name=""QueryName"">gcs.prod.monitoring.core.windows.net</Data><Data Name=""QueryStatus"">0</Data><Data Name=""QueryResults"">type:  5 warmpath-prod-nested.trafficmanager.net;::ffff:20.42.65.128;</Data><Data Name=""Image"">C:\Packages\Plugins\Microsoft.Azure.Geneva.GenevaMonitoring\2.41.0.3\Monitoring\Agent\MonAgentCore.exe</Data><Data Name=""User"">NT AUTHORITY\SYSTEM</Data></EventData></DataItem>",22,"Dns query: RuleName: - UtcTime: 2023-11-06 16:26:55.952 ProcessGuid: {8CAD0A01-0F1D-6549-9A00-000000000900} ProcessId: 2980 QueryName: gcs.prod.monitoring.core.windows.net QueryStatus: 0 QueryResults: type:  5 warmpath-prod-nested.trafficmanager.net;::ffff:20.42.65.128; Image: C:\Packages\Plugins\Microsoft.Azure.Geneva.GenevaMonitoring\2.41.0.3\Monitoring\Agent\MonAgentCore.exe User: NT AUTHORITY\SYSTEM ","00000000-0000-0000-0000-000000000001","AOI-46bec743-35fa-4608-b7e2-2aa3c38a97c2",,,Event,"50809cf4-7cc1-11ee-8bc4-0022486ea4cc","/subscriptions/4383ac89-7cd1-48c1-8061-b0b3c5ccfd97/resourcegroups/varunlab-rg/providers/microsoft.compute/virtualmachines/windowseventlogs","4383ac89-7cd1-48c1-8061-b0b3c5ccfd97"
"46bec743-35fa-4608-b7e2-2aa3c38a97c2",OpsManager,"11/6/2023, 9:57:00.307 PM","Microsoft-Windows-Sysmon","Microsoft-Windows-Sysmon/Operational",WindowsEventLog,22,4,Information,"NT AUTHORITY\SYSTEM",,"<Param>-</Param><Param>2023-11-06 16:26:59.294</Param><Param>{8CAD0A01-0F1D-6549-9A00-000000000900}</Param><Param>2980</Param><Param>eastus-shared.prod.warm.ingest.monitor.core.windows.net</Param><Param>0</Param><Param>type:  5 gig-warm-prod-shared-eastus.trafficmanager.net;::ffff:20.62.132.7;</Param><Param>C:\Packages\Plugins\Microsoft.Azure.Geneva.GenevaMonitoring\2.41.0.3\Monitoring\Agent\MonAgentCore.exe</Param><Param>NT AUTHORITY\SYSTEM</Param>","<DataItem type=""System.XmlData"" time=""2023-11-06T21:57:00.3079890+05:30"" sourceHealthServiceId=""F57C2BCF-DE2B-DA7F-FD91-0649DF501A73""><EventData xmlns=""http://schemas.microsoft.com/win/2004/08/events/event""><Data Name=""RuleName"">-</Data><Data Name=""UtcTime"">2023-11-06 16:26:59.294</Data><Data Name=""ProcessGuid"">{8CAD0A01-0F1D-6549-9A00-000000000900}</Data><Data Name=""ProcessId"">2980</Data><Data Name=""QueryName"">eastus-shared.prod.warm.ingest.monitor.core.windows.net</Data><Data Name=""QueryStatus"">0</Data><Data Name=""QueryResults"">type:  5 gig-warm-prod-shared-eastus.trafficmanager.net;::ffff:20.62.132.7;</Data><Data Name=""Image"">C:\Packages\Plugins\Microsoft.Azure.Geneva.GenevaMonitoring\2.41.0.3\Monitoring\Agent\MonAgentCore.exe</Data><Data Name=""User"">NT AUTHORITY\SYSTEM</Data></EventData></DataItem>",22,"Dns query: RuleName: - UtcTime: 2023-11-06 16:26:59.294 ProcessGuid: {8CAD0A01-0F1D-6549-9A00-000000000900} ProcessId: 2980 QueryName: eastus-shared.prod.warm.ingest.monitor.core.windows.net QueryStatus: 0 QueryResults: type:  5 gig-warm-prod-shared-eastus.trafficmanager.net;::ffff:20.62.132.7; Image: C:\Packages\Plugins\Microsoft.Azure.Geneva.GenevaMonitoring\2.41.0.3\Monitoring\Agent\MonAgentCore.exe User: NT AUTHORITY\SYSTEM ","00000000-0000-0000-0000-000000000001","AOI-46bec743-35fa-4608-b7e2-2aa3c38a97c2",,,Event,"500cbb8f-7cc1-11ee-8bc4-0022486eabdc","/subscriptions/4383ac89-7cd1-48c1-8061-b0b3c5ccfd97/resourcegroups/varunlab-rg/providers/microsoft.compute/virtualmachines/windowseventlogs","4383ac89-7cd1-48c1-8061-b0b3c5ccfd97"
"46bec743-35fa-4608-b7e2-2aa3c38a97c2",OpsManager,"11/6/2023, 9:57:00.308 PM","Microsoft-Windows-Sysmon","Microsoft-Windows-Sysmon/Operational",WindowsEventLog,22,4,Information,"NT AUTHORITY\SYSTEM",,"<Param>-</Param><Param>2023-11-06 16:26:59.875</Param><Param>{8CAD0A01-0F1D-6549-9A00-000000000900}</Param><Param>2980</Param><Param>qos.prod.warm.ingest.monitor.core.windows.net</Param><Param>0</Param><Param>type:  5 gig-warm-prod-qos.trafficmanager.net;::ffff:20.62.132.20;</Param><Param>C:\Packages\Plugins\Microsoft.Azure.Geneva.GenevaMonitoring\2.41.0.3\Monitoring\Agent\MonAgentCore.exe</Param><Param>NT AUTHORITY\SYSTEM</Param>","<DataItem type=""System.XmlData"" time=""2023-11-06T21:57:00.3080608+05:30"" sourceHealthServiceId=""F57C2BCF-DE2B-DA7F-FD91-0649DF501A73""><EventData xmlns=""http://schemas.microsoft.com/win/2004/08/events/event""><Data Name=""RuleName"">-</Data><Data Name=""UtcTime"">2023-11-06 16:26:59.875</Data><Data Name=""ProcessGuid"">{8CAD0A01-0F1D-6549-9A00-000000000900}</Data><Data Name=""ProcessId"">2980</Data><Data Name=""QueryName"">qos.prod.warm.ingest.monitor.core.windows.net</Data><Data Name=""QueryStatus"">0</Data><Data Name=""QueryResults"">type:  5 gig-warm-prod-qos.trafficmanager.net;::ffff:20.62.132.20;</Data><Data Name=""Image"">C:\Packages\Plugins\Microsoft.Azure.Geneva.GenevaMonitoring\2.41.0.3\Monitoring\Agent\MonAgentCore.exe</Data><Data Name=""User"">NT AUTHORITY\SYSTEM</Data></EventData></DataItem>",22,"Dns query: RuleName: - UtcTime: 2023-11-06 16:26:59.875 ProcessGuid: {8CAD0A01-0F1D-6549-9A00-000000000900} ProcessId: 2980 QueryName: qos.prod.warm.ingest.monitor.core.windows.net QueryStatus: 0 QueryResults: type:  5 gig-warm-prod-qos.trafficmanager.net;::ffff:20.62.132.20; Image: C:\Packages\Plugins\Microsoft.Azure.Geneva.GenevaMonitoring\2.41.0.3\Monitoring\Agent\MonAgentCore.exe User: NT AUTHORITY\SYSTEM ","00000000-0000-0000-0000-000000000001","AOI-46bec743-35fa-4608-b7e2-2aa3c38a97c2",,,Event,"500cbb90-7cc1-11ee-8bc4-0022486eabdc","/subscriptions/4383ac89-7cd1-48c1-8061-b0b3c5ccfd97/resourcegroups/varunlab-rg/providers/microsoft.compute/virtualmachines/windowseventlogs","4383ac89-7cd1-48c1-8061-b0b3c5ccfd97"
"46bec743-35fa-4608-b7e2-2aa3c38a97c2",OpsManager,"11/6/2023, 9:57:02.459 PM","Microsoft-Windows-Sysmon","Microsoft-Windows-Sysmon/Operational",WindowsEventLog,22,4,Information,"NT AUTHORITY\SYSTEM",,"<Param>-</Param><Param>2023-11-06 16:27:00.538</Param><Param>{8CAD0A01-0F1D-6549-9A00-000000000900}</Param><Param>2980</Param><Param>gsm723720xt.blob.core.windows.net</Param><Param>0</Param><Param>type:  5 blob.iad01prdstr06a.store.core.windows.net;::ffff:20.60.220.225;</Param><Param>C:\Packages\Plugins\Microsoft.Azure.Geneva.GenevaMonitoring\2.41.0.3\Monitoring\Agent\MonAgentCore.exe</Param><Param>NT AUTHORITY\SYSTEM</Param>","<DataItem type=""System.XmlData"" time=""2023-11-06T21:57:02.4592843+05:30"" sourceHealthServiceId=""F57C2BCF-DE2B-DA7F-FD91-0649DF501A73""><EventData xmlns=""http://schemas.microsoft.com/win/2004/08/events/event""><Data Name=""RuleName"">-</Data><Data Name=""UtcTime"">2023-11-06 16:27:00.538</Data><Data Name=""ProcessGuid"">{8CAD0A01-0F1D-6549-9A00-000000000900}</Data><Data Name=""ProcessId"">2980</Data><Data Name=""QueryName"">gsm723720xt.blob.core.windows.net</Data><Data Name=""QueryStatus"">0</Data><Data Name=""QueryResults"">type:  5 blob.iad01prdstr06a.store.core.windows.net;::ffff:20.60.220.225;</Data><Data Name=""Image"">C:\Packages\Plugins\Microsoft.Azure.Geneva.GenevaMonitoring\2.41.0.3\Monitoring\Agent\MonAgentCore.exe</Data><Data Name=""User"">NT AUTHORITY\SYSTEM</Data></EventData></DataItem>",22,"Dns query: RuleName: - UtcTime: 2023-11-06 16:27:00.538 ProcessGuid: {8CAD0A01-0F1D-6549-9A00-000000000900} ProcessId: 2980 QueryName: gsm723720xt.blob.core.windows.net QueryStatus: 0 QueryResults: type:  5 blob.iad01prdstr06a.store.core.windows.net;::ffff:20.60.220.225; Image: C:\Packages\Plugins\Microsoft.Azure.Geneva.GenevaMonitoring\2.41.0.3\Monitoring\Agent\MonAgentCore.exe User: NT AUTHORITY\SYSTEM ","00000000-0000-0000-0000-000000000001","AOI-46bec743-35fa-4608-b7e2-2aa3c38a97c2",,,Event,"51dbfcee-7cc1-11ee-8bc4-000d3af060ca","/subscriptions/4383ac89-7cd1-48c1-8061-b0b3c5ccfd97/resourcegroups/varunlab-rg/providers/microsoft.compute/virtualmachines/windowseventlogs","4383ac89-7cd1-48c1-8061-b0b3c5ccfd97"
"46bec743-35fa-4608-b7e2-2aa3c38a97c2",OpsManager,"11/6/2023, 10:22:51.865 PM","Microsoft-Windows-Sysmon","Microsoft-Windows-Sysmon/Operational",WindowsEventLog,22,4,Information,"NT AUTHORITY\SYSTEM",,"<Param>-</Param><Param>2023-11-06 16:52:49.745</Param><Param>{8CAD0A01-19E1-6549-9B00-000000000A00}</Param><Param>4028</Param><Param>gcs.prod.monitoring.core.windows.net</Param><Param>0</Param><Param>type:  5 warmpath-prod-nested.trafficmanager.net;::ffff:20.42.65.129;</Param><Param>C:\Packages\Plugins\Microsoft.Azure.Geneva.GenevaMonitoring\2.41.0.3\Monitoring\Agent\MonAgentManager.exe</Param><Param>NT AUTHORITY\SYSTEM</Param>","<DataItem type=""System.XmlData"" time=""2023-11-06T22:22:51.8652252+05:30"" sourceHealthServiceId=""F57C2BCF-DE2B-DA7F-FD91-0649DF501A73""><EventData xmlns=""http://schemas.microsoft.com/win/2004/08/events/event""><Data Name=""RuleName"">-</Data><Data Name=""UtcTime"">2023-11-06 16:52:49.745</Data><Data Name=""ProcessGuid"">{8CAD0A01-19E1-6549-9B00-000000000A00}</Data><Data Name=""ProcessId"">4028</Data><Data Name=""QueryName"">gcs.prod.monitoring.core.windows.net</Data><Data Name=""QueryStatus"">0</Data><Data Name=""QueryResults"">type:  5 warmpath-prod-nested.trafficmanager.net;::ffff:20.42.65.129;</Data><Data Name=""Image"">C:\Packages\Plugins\Microsoft.Azure.Geneva.GenevaMonitoring\2.41.0.3\Monitoring\Agent\MonAgentManager.exe</Data><Data Name=""User"">NT AUTHORITY\SYSTEM</Data></EventData></DataItem>",22,"Dns query: RuleName: - UtcTime: 2023-11-06 16:52:49.745 ProcessGuid: {8CAD0A01-19E1-6549-9B00-000000000A00} ProcessId: 4028 QueryName: gcs.prod.monitoring.core.windows.net QueryStatus: 0 QueryResults: type:  5 warmpath-prod-nested.trafficmanager.net;::ffff:20.42.65.129; Image: C:\Packages\Plugins\Microsoft.Azure.Geneva.GenevaMonitoring\2.41.0.3\Monitoring\Agent\MonAgentManager.exe User: NT AUTHORITY\SYSTEM ","00000000-0000-0000-0000-000000000001","AOI-46bec743-35fa-4608-b7e2-2aa3c38a97c2",,,Event,"ecf33879-7cc4-11ee-8bc4-0022486ec82f","/subscriptions/4383ac89-7cd1-48c1-8061-b0b3c5ccfd97/resourcegroups/varunlab-rg/providers/microsoft.compute/virtualmachines/windowseventlogs","4383ac89-7cd1-48c1-8061-b0b3c5ccfd97"
"46bec743-35fa-4608-b7e2-2aa3c38a97c2",OpsManager,"11/6/2023, 10:22:54.115 PM","Microsoft-Windows-Sysmon","Microsoft-Windows-Sysmon/Operational",WindowsEventLog,22,4,Information,"NT AUTHORITY\SYSTEM",,"<Param>-</Param><Param>2023-11-06 16:52:52.041</Param><Param>{8CAD0A01-19E2-6549-9D00-000000000A00}</Param><Param>1904</Param><Param>gcs.prod.monitoring.core.windows.net</Param><Param>0</Param><Param>type:  5 warmpath-prod-nested.trafficmanager.net;::ffff:20.42.65.129;</Param><Param>C:\Packages\Plugins\Microsoft.Azure.Geneva.GenevaMonitoring\2.41.0.3\Monitoring\Agent\MonAgentCore.exe</Param><Param>NT AUTHORITY\SYSTEM</Param>","<DataItem type=""System.XmlData"" time=""2023-11-06T22:22:54.1158471+05:30"" sourceHealthServiceId=""F57C2BCF-DE2B-DA7F-FD91-0649DF501A73""><EventData xmlns=""http://schemas.microsoft.com/win/2004/08/events/event""><Data Name=""RuleName"">-</Data><Data Name=""UtcTime"">2023-11-06 16:52:52.041</Data><Data Name=""ProcessGuid"">{8CAD0A01-19E2-6549-9D00-000000000A00}</Data><Data Name=""ProcessId"">1904</Data><Data Name=""QueryName"">gcs.prod.monitoring.core.windows.net</Data><Data Name=""QueryStatus"">0</Data><Data Name=""QueryResults"">type:  5 warmpath-prod-nested.trafficmanager.net;::ffff:20.42.65.129;</Data><Data Name=""Image"">C:\Packages\Plugins\Microsoft.Azure.Geneva.GenevaMonitoring\2.41.0.3\Monitoring\Agent\MonAgentCore.exe</Data><Data Name=""User"">NT AUTHORITY\SYSTEM</Data></EventData></DataItem>",22,"Dns query: RuleName: - UtcTime: 2023-11-06 16:52:52.041 ProcessGuid: {8CAD0A01-19E2-6549-9D00-000000000A00} ProcessId: 1904 QueryName: gcs.prod.monitoring.core.windows.net QueryStatus: 0 QueryResults: type:  5 warmpath-prod-nested.trafficmanager.net;::ffff:20.42.65.129; Image: C:\Packages\Plugins\Microsoft.Azure.Geneva.GenevaMonitoring\2.41.0.3\Monitoring\Agent\MonAgentCore.exe User: NT AUTHORITY\SYSTEM ","00000000-0000-0000-0000-000000000001","AOI-46bec743-35fa-4608-b7e2-2aa3c38a97c2",,,Event,"efa28b10-7cc4-11ee-8bc4-0022486ea7dc","/subscriptions/4383ac89-7cd1-48c1-8061-b0b3c5ccfd97/resourcegroups/varunlab-rg/providers/microsoft.compute/virtualmachines/windowseventlogs","4383ac89-7cd1-48c1-8061-b0b3c5ccfd97"
"46bec743-35fa-4608-b7e2-2aa3c38a97c2",OpsManager,"11/6/2023, 10:22:56.237 PM","Microsoft-Windows-Sysmon","Microsoft-Windows-Sysmon/Operational",WindowsEventLog,22,4,Information,"NT AUTHORITY\SYSTEM",,"<Param>-</Param><Param>2023-11-06 16:52:54.199</Param><Param>{8CAD0A01-19E0-6549-9900-000000000A00}</Param><Param>3136</Param><Param>global.handler.control.monitor.azure.com</Param><Param>0</Param><Param>type:  5 global.handler.control.privatelink.monitor.azure.com;type:  5 amcs-prod-global-handler.trafficmanager.net;type:  5 amcs-prod-eus-1-handler.eastus.cloudapp.azure.com;::ffff:20.49.109.88;</Param><Param>C:\Packages\Plugins\Microsoft.Azure.Monitor.AzureMonitorWindowsAgent\1.20.0.0\Monitoring\Agent\MonAgentManager.exe</Param><Param>NT AUTHORITY\SYSTEM</Param>","<DataItem type=""System.XmlData"" time=""2023-11-06T22:22:56.2370789+05:30"" sourceHealthServiceId=""F57C2BCF-DE2B-DA7F-FD91-0649DF501A73""><EventData xmlns=""http://schemas.microsoft.com/win/2004/08/events/event""><Data Name=""RuleName"">-</Data><Data Name=""UtcTime"">2023-11-06 16:52:54.199</Data><Data Name=""ProcessGuid"">{8CAD0A01-19E0-6549-9900-000000000A00}</Data><Data Name=""ProcessId"">3136</Data><Data Name=""QueryName"">global.handler.control.monitor.azure.com</Data><Data Name=""QueryStatus"">0</Data><Data Name=""QueryResults"">type:  5 global.handler.control.privatelink.monitor.azure.com;type:  5 amcs-prod-global-handler.trafficmanager.net;type:  5 amcs-prod-eus-1-handler.eastus.cloudapp.azure.com;::ffff:20.49.109.88;</Data><Data Name=""Image"">C:\Packages\Plugins\Microsoft.Azure.Monitor.AzureMonitorWindowsAgent\1.20.0.0\Monitoring\Agent\MonAgentManager.exe</Data><Data Name=""User"">NT AUTHORITY\SYSTEM</Data></EventData></DataItem>",22,"Dns query: RuleName: - UtcTime: 2023-11-06 16:52:54.199 ProcessGuid: {8CAD0A01-19E0-6549-9900-000000000A00} ProcessId: 3136 QueryName: global.handler.control.monitor.azure.com QueryStatus: 0 QueryResults: type:  5 global.handler.control.privatelink.monitor.azure.com;type:  5 amcs-prod-global-handler.trafficmanager.net;type:  5 amcs-prod-eus-1-handler.eastus.cloudapp.azure.com;::ffff:20.49.109.88; Image: C:\Packages\Plugins\Microsoft.Azure.Monitor.AzureMonitorWindowsAgent\1.20.0.0\Monitoring\Agent\MonAgentManager.exe User: NT AUTHORITY\SYSTEM ","00000000-0000-0000-0000-000000000001","AOI-46bec743-35fa-4608-b7e2-2aa3c38a97c2",,,Event,"effa4915-7cc4-11ee-8bc4-6045bd72ef1c","/subscriptions/4383ac89-7cd1-48c1-8061-b0b3c5ccfd97/resourcegroups/varunlab-rg/providers/microsoft.compute/virtualmachines/windowseventlogs","4383ac89-7cd1-48c1-8061-b0b3c5ccfd97"
"46bec743-35fa-4608-b7e2-2aa3c38a97c2",OpsManager,"11/6/2023, 10:27:51.171 PM","Microsoft-Windows-Sysmon","Microsoft-Windows-Sysmon/Operational",WindowsEventLog,22,4,Information,"NT AUTHORITY\SYSTEM",,"<Param>-</Param><Param>2023-11-06 16:57:49.939</Param><Param>{8CAD0A01-19E1-6549-9B00-000000000A00}</Param><Param>4028</Param><Param>gcs.prod.monitoring.core.windows.net</Param><Param>0</Param><Param>type:  5 warmpath-prod-nested.trafficmanager.net;::ffff:20.42.65.223;</Param><Param>C:\Packages\Plugins\Microsoft.Azure.Geneva.GenevaMonitoring\2.41.0.3\Monitoring\Agent\MonAgentManager.exe</Param><Param>NT AUTHORITY\SYSTEM</Param>","<DataItem type=""System.XmlData"" time=""2023-11-06T22:27:51.1714425+05:30"" sourceHealthServiceId=""F57C2BCF-DE2B-DA7F-FD91-0649DF501A73""><EventData xmlns=""http://schemas.microsoft.com/win/2004/08/events/event""><Data Name=""RuleName"">-</Data><Data Name=""UtcTime"">2023-11-06 16:57:49.939</Data><Data Name=""ProcessGuid"">{8CAD0A01-19E1-6549-9B00-000000000A00}</Data><Data Name=""ProcessId"">4028</Data><Data Name=""QueryName"">gcs.prod.monitoring.core.windows.net</Data><Data Name=""QueryStatus"">0</Data><Data Name=""QueryResults"">type:  5 warmpath-prod-nested.trafficmanager.net;::ffff:20.42.65.223;</Data><Data Name=""Image"">C:\Packages\Plugins\Microsoft.Azure.Geneva.GenevaMonitoring\2.41.0.3\Monitoring\Agent\MonAgentManager.exe</Data><Data Name=""User"">NT AUTHORITY\SYSTEM</Data></EventData></DataItem>",22,"Dns query: RuleName: - UtcTime: 2023-11-06 16:57:49.939 ProcessGuid: {8CAD0A01-19E1-6549-9B00-000000000A00} ProcessId: 4028 QueryName: gcs.prod.monitoring.core.windows.net QueryStatus: 0 QueryResults: type:  5 warmpath-prod-nested.trafficmanager.net;::ffff:20.42.65.223; Image: C:\Packages\Plugins\Microsoft.Azure.Geneva.GenevaMonitoring\2.41.0.3\Monitoring\Agent\MonAgentManager.exe User: NT AUTHORITY\SYSTEM ","00000000-0000-0000-0000-000000000001","AOI-46bec743-35fa-4608-b7e2-2aa3c38a97c2",,,Event,"9fe43c9e-7cc5-11ee-8bc4-0022486ece03","/subscriptions/4383ac89-7cd1-48c1-8061-b0b3c5ccfd97/resourcegroups/varunlab-rg/providers/microsoft.compute/virtualmachines/windowseventlogs","4383ac89-7cd1-48c1-8061-b0b3c5ccfd97"
"46bec743-35fa-4608-b7e2-2aa3c38a97c2",OpsManager,"11/6/2023, 10:23:06.899 PM","Microsoft-Windows-Sysmon","Microsoft-Windows-Sysmon/Operational",WindowsEventLog,22,4,Information,"NT AUTHORITY\SYSTEM",,"<Param>-</Param><Param>2023-11-06 16:53:04.811</Param><Param>{8CAD0A01-19E1-6549-9C00-000000000A00}</Param><Param>3640</Param><Param>global.handler.control.monitor.azure.com</Param><Param>0</Param><Param>type:  5 global.handler.control.privatelink.monitor.azure.com;type:  5 amcs-prod-global-handler.trafficmanager.net;type:  5 amcs-prod-eus-1-handler.eastus.cloudapp.azure.com;::ffff:20.49.109.88;</Param><Param>C:\Packages\Plugins\Microsoft.Azure.Monitor.AzureMonitorWindowsAgent\1.20.0.0\Monitoring\Agent\MonAgentCore.exe</Param><Param>NT AUTHORITY\SYSTEM</Param>","<DataItem type=""System.XmlData"" time=""2023-11-06T22:23:06.8995352+05:30"" sourceHealthServiceId=""F57C2BCF-DE2B-DA7F-FD91-0649DF501A73""><EventData xmlns=""http://schemas.microsoft.com/win/2004/08/events/event""><Data Name=""RuleName"">-</Data><Data Name=""UtcTime"">2023-11-06 16:53:04.811</Data><Data Name=""ProcessGuid"">{8CAD0A01-19E1-6549-9C00-000000000A00}</Data><Data Name=""ProcessId"">3640</Data><Data Name=""QueryName"">global.handler.control.monitor.azure.com</Data><Data Name=""QueryStatus"">0</Data><Data Name=""QueryResults"">type:  5 global.handler.control.privatelink.monitor.azure.com;type:  5 amcs-prod-global-handler.trafficmanager.net;type:  5 amcs-prod-eus-1-handler.eastus.cloudapp.azure.com;::ffff:20.49.109.88;</Data><Data Name=""Image"">C:\Packages\Plugins\Microsoft.Azure.Monitor.AzureMonitorWindowsAgent\1.20.0.0\Monitoring\Agent\MonAgentCore.exe</Data><Data Name=""User"">NT AUTHORITY\SYSTEM</Data></EventData></DataItem>",22,"Dns query: RuleName: - UtcTime: 2023-11-06 16:53:04.811 ProcessGuid: {8CAD0A01-19E1-6549-9C00-000000000A00} ProcessId: 3640 QueryName: global.handler.control.monitor.azure.com QueryStatus: 0 QueryResults: type:  5 global.handler.control.privatelink.monitor.azure.com;type:  5 amcs-prod-global-handler.trafficmanager.net;type:  5 amcs-prod-eus-1-handler.eastus.cloudapp.azure.com;::ffff:20.49.109.88; Image: C:\Packages\Plugins\Microsoft.Azure.Monitor.AzureMonitorWindowsAgent\1.20.0.0\Monitoring\Agent\MonAgentCore.exe User: NT AUTHORITY\SYSTEM ","00000000-0000-0000-0000-000000000001","AOI-46bec743-35fa-4608-b7e2-2aa3c38a97c2",,,Event,"f63d7098-7cc4-11ee-8bc4-6045bd72e1ea","/subscriptions/4383ac89-7cd1-48c1-8061-b0b3c5ccfd97/resourcegroups/varunlab-rg/providers/microsoft.compute/virtualmachines/windowseventlogs","4383ac89-7cd1-48c1-8061-b0b3c5ccfd97"
"46bec743-35fa-4608-b7e2-2aa3c38a97c2",OpsManager,"11/6/2023, 11:00:08.258 PM","Microsoft-Windows-Sysmon","Microsoft-Windows-Sysmon/Operational",WindowsEventLog,22,4,Information,"NT AUTHORITY\SYSTEM",,"<Param>-</Param><Param>2023-11-06 17:30:07.058</Param><Param>{8CAD0A01-19E2-6549-9D00-000000000A00}</Param><Param>1904</Param><Param>eastus-shared.prod.warm.ingest.monitor.core.windows.net</Param><Param>0</Param><Param>type:  5 gig-warm-prod-shared-eastus.trafficmanager.net;::ffff:20.62.132.16;</Param><Param>C:\Packages\Plugins\Microsoft.Azure.Geneva.GenevaMonitoring\2.41.0.3\Monitoring\Agent\MonAgentCore.exe</Param><Param>NT AUTHORITY\SYSTEM</Param>","<DataItem type=""System.XmlData"" time=""2023-11-06T23:00:08.2582138+05:30"" sourceHealthServiceId=""F57C2BCF-DE2B-DA7F-FD91-0649DF501A73""><EventData xmlns=""http://schemas.microsoft.com/win/2004/08/events/event""><Data Name=""RuleName"">-</Data><Data Name=""UtcTime"">2023-11-06 17:30:07.058</Data><Data Name=""ProcessGuid"">{8CAD0A01-19E2-6549-9D00-000000000A00}</Data><Data Name=""ProcessId"">1904</Data><Data Name=""QueryName"">eastus-shared.prod.warm.ingest.monitor.core.windows.net</Data><Data Name=""QueryStatus"">0</Data><Data Name=""QueryResults"">type:  5 gig-warm-prod-shared-eastus.trafficmanager.net;::ffff:20.62.132.16;</Data><Data Name=""Image"">C:\Packages\Plugins\Microsoft.Azure.Geneva.GenevaMonitoring\2.41.0.3\Monitoring\Agent\MonAgentCore.exe</Data><Data Name=""User"">NT AUTHORITY\SYSTEM</Data></EventData></DataItem>",22,"Dns query: RuleName: - UtcTime: 2023-11-06 17:30:07.058 ProcessGuid: {8CAD0A01-19E2-6549-9D00-000000000A00} ProcessId: 1904 QueryName: eastus-shared.prod.warm.ingest.monitor.core.windows.net QueryStatus: 0 QueryResults: type:  5 gig-warm-prod-shared-eastus.trafficmanager.net;::ffff:20.62.132.16; Image: C:\Packages\Plugins\Microsoft.Azure.Geneva.GenevaMonitoring\2.41.0.3\Monitoring\Agent\MonAgentCore.exe User: NT AUTHORITY\SYSTEM ","00000000-0000-0000-0000-000000000001","AOI-46bec743-35fa-4608-b7e2-2aa3c38a97c2",,,Event,"2070397c-7cca-11ee-8bc4-0022486eabdc","/subscriptions/4383ac89-7cd1-48c1-8061-b0b3c5ccfd97/resourcegroups/varunlab-rg/providers/microsoft.compute/virtualmachines/windowseventlogs","4383ac89-7cd1-48c1-8061-b0b3c5ccfd97"
"46bec743-35fa-4608-b7e2-2aa3c38a97c2",OpsManager,"11/6/2023, 9:46:58.366 PM","Microsoft-Windows-Sysmon","Microsoft-Windows-Sysmon/Operational",WindowsEventLog,22,4,Information,"NT AUTHORITY\SYSTEM",,"<Param>-</Param><Param>2023-11-06 16:16:56.324</Param><Param>{8CAD0A01-1178-6549-DF01-000000000900}</Param><Param>4420</Param><Param>shavamanifestazurecdnprod1.azureedge.net</Param><Param>0</Param><Param>type:  5 shavamanifestazurecdnprod1.afd.azureedge.net;type:  5 star-azureedge-prod.trafficmanager.net;type:  5 shed.dual-low.part-0012.t-0009.t-msedge.net;type:  5 part-0012.t-0009.t-msedge.net;::ffff:13.107.246.40;::ffff:13.107.213.40;</Param><Param>C:\Packages\Plugins\Microsoft.Azure.Geneva.GenevaMonitoring\2.41.0.3\Monitoring\Agent\Extensions\AzureSecurityPack\ShavaVulnScan.exe</Param><Param>NT AUTHORITY\SYSTEM</Param>","<DataItem type=""System.XmlData"" time=""2023-11-06T21:46:58.3668524+05:30"" sourceHealthServiceId=""F57C2BCF-DE2B-DA7F-FD91-0649DF501A73""><EventData xmlns=""http://schemas.microsoft.com/win/2004/08/events/event""><Data Name=""RuleName"">-</Data><Data Name=""UtcTime"">2023-11-06 16:16:56.324</Data><Data Name=""ProcessGuid"">{8CAD0A01-1178-6549-DF01-000000000900}</Data><Data Name=""ProcessId"">4420</Data><Data Name=""QueryName"">shavamanifestazurecdnprod1.azureedge.net</Data><Data Name=""QueryStatus"">0</Data><Data Name=""QueryResults"">type:  5 shavamanifestazurecdnprod1.afd.azureedge.net;type:  5 star-azureedge-prod.trafficmanager.net;type:  5 shed.dual-low.part-0012.t-0009.t-msedge.net;type:  5 part-0012.t-0009.t-msedge.net;::ffff:13.107.246.40;::ffff:13.107.213.40;</Data><Data Name=""Image"">C:\Packages\Plugins\Microsoft.Azure.Geneva.GenevaMonitoring\2.41.0.3\Monitoring\Agent\Extensions\AzureSecurityPack\ShavaVulnScan.exe</Data><Data Name=""User"">NT AUTHORITY\SYSTEM</Data></EventData></DataItem>",22,"Dns query: RuleName: - UtcTime: 2023-11-06 16:16:56.324 ProcessGuid: {8CAD0A01-1178-6549-DF01-000000000900} ProcessId: 4420 QueryName: shavamanifestazurecdnprod1.azureedge.net QueryStatus: 0 QueryResults: type:  5 shavamanifestazurecdnprod1.afd.azureedge.net;type:  5 star-azureedge-prod.trafficmanager.net;type:  5 shed.dual-low.part-0012.t-0009.t-msedge.net;type:  5 part-0012.t-0009.t-msedge.net;::ffff:13.107.246.40;::ffff:13.107.213.40; Image: C:\Packages\Plugins\Microsoft.Azure.Geneva.GenevaMonitoring\2.41.0.3\Monitoring\Agent\Extensions\AzureSecurityPack\ShavaVulnScan.exe User: NT AUTHORITY\SYSTEM ","00000000-0000-0000-0000-000000000001","AOI-46bec743-35fa-4608-b7e2-2aa3c38a97c2",,,Event,"ea25933e-7cbf-11ee-8bc2-0022486eaa8d","/subscriptions/4383ac89-7cd1-48c1-8061-b0b3c5ccfd97/resourcegroups/varunlab-rg/providers/microsoft.compute/virtualmachines/windowseventlogs","4383ac89-7cd1-48c1-8061-b0b3c5ccfd97"
"46bec743-35fa-4608-b7e2-2aa3c38a97c2",OpsManager,"11/6/2023, 10:23:23.621 PM","Microsoft-Windows-Sysmon","Microsoft-Windows-Sysmon/Operational",WindowsEventLog,22,4,Information,"NT AUTHORITY\SYSTEM",,"<Param>-</Param><Param>2023-11-06 16:53:21.560</Param><Param>{8CAD0A01-19E2-6549-9D00-000000000A00}</Param><Param>1904</Param><Param>monitoring.windows.net</Param><Param>0</Param><Param>type:  5 mdsextprod.trafficmanager.net;type:  5 mdsprodextfewus2.cloudapp.net;::ffff:20.112.78.158;</Param><Param>C:\Packages\Plugins\Microsoft.Azure.Geneva.GenevaMonitoring\2.41.0.3\Monitoring\Agent\MonAgentCore.exe</Param><Param>NT AUTHORITY\SYSTEM</Param>","<DataItem type=""System.XmlData"" time=""2023-11-06T22:23:23.6215298+05:30"" sourceHealthServiceId=""F57C2BCF-DE2B-DA7F-FD91-0649DF501A73""><EventData xmlns=""http://schemas.microsoft.com/win/2004/08/events/event""><Data Name=""RuleName"">-</Data><Data Name=""UtcTime"">2023-11-06 16:53:21.560</Data><Data Name=""ProcessGuid"">{8CAD0A01-19E2-6549-9D00-000000000A00}</Data><Data Name=""ProcessId"">1904</Data><Data Name=""QueryName"">monitoring.windows.net</Data><Data Name=""QueryStatus"">0</Data><Data Name=""QueryResults"">type:  5 mdsextprod.trafficmanager.net;type:  5 mdsprodextfewus2.cloudapp.net;::ffff:20.112.78.158;</Data><Data Name=""Image"">C:\Packages\Plugins\Microsoft.Azure.Geneva.GenevaMonitoring\2.41.0.3\Monitoring\Agent\MonAgentCore.exe</Data><Data Name=""User"">NT AUTHORITY\SYSTEM</Data></EventData></DataItem>",22,"Dns query: RuleName: - UtcTime: 2023-11-06 16:53:21.560 ProcessGuid: {8CAD0A01-19E2-6549-9D00-000000000A00} ProcessId: 1904 QueryName: monitoring.windows.net QueryStatus: 0 QueryResults: type:  5 mdsextprod.trafficmanager.net;type:  5 mdsprodextfewus2.cloudapp.net;::ffff:20.112.78.158; Image: C:\Packages\Plugins\Microsoft.Azure.Geneva.GenevaMonitoring\2.41.0.3\Monitoring\Agent\MonAgentCore.exe User: NT AUTHORITY\SYSTEM ","00000000-0000-0000-0000-000000000001","AOI-46bec743-35fa-4608-b7e2-2aa3c38a97c2",,,Event,"ffee7577-7cc4-11ee-8bc4-000d3af060ca","/subscriptions/4383ac89-7cd1-48c1-8061-b0b3c5ccfd97/resourcegroups/varunlab-rg/providers/microsoft.compute/virtualmachines/windowseventlogs","4383ac89-7cd1-48c1-8061-b0b3c5ccfd97"
"46bec743-35fa-4608-b7e2-2aa3c38a97c2",OpsManager,"11/6/2023, 9:47:36.401 PM","Microsoft-Windows-Sysmon","Microsoft-Windows-Sysmon/Operational",WindowsEventLog,22,4,Information,"NT AUTHORITY\SYSTEM",,"<Param>-</Param><Param>2023-11-06 16:17:34.393</Param><Param>{8CAD0A01-111F-6549-AC01-000000000900}</Param><Param>3920</Param><Param>WindowsEventLog</Param><Param>0</Param><Param>fe80::3025:2921:f5ff:fffb;2001:0:34f1:8072:3025:2921:f5ff:fffb;fe80::d024:56ce:c156:9dae;::ffff:10.0.0.4;</Param><Param>C:\Windows\system32\CompatTelRunner.exe</Param><Param>NT AUTHORITY\SYSTEM</Param>","<DataItem type=""System.XmlData"" time=""2023-11-06T21:47:36.4018357+05:30"" sourceHealthServiceId=""F57C2BCF-DE2B-DA7F-FD91-0649DF501A73""><EventData xmlns=""http://schemas.microsoft.com/win/2004/08/events/event""><Data Name=""RuleName"">-</Data><Data Name=""UtcTime"">2023-11-06 16:17:34.393</Data><Data Name=""ProcessGuid"">{8CAD0A01-111F-6549-AC01-000000000900}</Data><Data Name=""ProcessId"">3920</Data><Data Name=""QueryName"">WindowsEventLog</Data><Data Name=""QueryStatus"">0</Data><Data Name=""QueryResults"">fe80::3025:2921:f5ff:fffb;2001:0:34f1:8072:3025:2921:f5ff:fffb;fe80::d024:56ce:c156:9dae;::ffff:10.0.0.4;</Data><Data Name=""Image"">C:\Windows\system32\CompatTelRunner.exe</Data><Data Name=""User"">NT AUTHORITY\SYSTEM</Data></EventData></DataItem>",22,"Dns query: RuleName: - UtcTime: 2023-11-06 16:17:34.393 ProcessGuid: {8CAD0A01-111F-6549-AC01-000000000900} ProcessId: 3920 QueryName: WindowsEventLog QueryStatus: 0 QueryResults: fe80::3025:2921:f5ff:fffb;2001:0:34f1:8072:3025:2921:f5ff:fffb;fe80::d024:56ce:c156:9dae;::ffff:10.0.0.4; Image: C:\Windows\system32\CompatTelRunner.exe User: NT AUTHORITY\SYSTEM ","00000000-0000-0000-0000-000000000001","AOI-46bec743-35fa-4608-b7e2-2aa3c38a97c2",,,Event,"00bb6f36-7cc0-11ee-8bc4-000d3af06de7","/subscriptions/4383ac89-7cd1-48c1-8061-b0b3c5ccfd97/resourcegroups/varunlab-rg/providers/microsoft.compute/virtualmachines/windowseventlogs","4383ac89-7cd1-48c1-8061-b0b3c5ccfd97"
"46bec743-35fa-4608-b7e2-2aa3c38a97c2",OpsManager,"11/6/2023, 10:23:31.484 PM","Microsoft-Windows-Sysmon","Microsoft-Windows-Sysmon/Operational",WindowsEventLog,22,4,Information,"NT AUTHORITY\SYSTEM",,"<Param>-</Param><Param>2023-11-06 16:53:30.465</Param><Param>{8CAD0A01-198A-6549-1700-000000000A00}</Param><Param>1368</Param><Param>windowseventlog</Param><Param>0</Param><Param>fe80::454:44b:f5ff:fffb;2001:0:34f1:8072:454:44b:f5ff:fffb;fe80::d024:56ce:c156:9dae;::ffff:10.0.0.4;</Param><Param>C:\Windows\System32\svchost.exe</Param><Param>NT AUTHORITY\NETWORK SERVICE</Param>","<DataItem type=""System.XmlData"" time=""2023-11-06T22:23:31.4844451+05:30"" sourceHealthServiceId=""F57C2BCF-DE2B-DA7F-FD91-0649DF501A73""><EventData xmlns=""http://schemas.microsoft.com/win/2004/08/events/event""><Data Name=""RuleName"">-</Data><Data Name=""UtcTime"">2023-11-06 16:53:30.465</Data><Data Name=""ProcessGuid"">{8CAD0A01-198A-6549-1700-000000000A00}</Data><Data Name=""ProcessId"">1368</Data><Data Name=""QueryName"">windowseventlog</Data><Data Name=""QueryStatus"">0</Data><Data Name=""QueryResults"">fe80::454:44b:f5ff:fffb;2001:0:34f1:8072:454:44b:f5ff:fffb;fe80::d024:56ce:c156:9dae;::ffff:10.0.0.4;</Data><Data Name=""Image"">C:\Windows\System32\svchost.exe</Data><Data Name=""User"">NT AUTHORITY\NETWORK SERVICE</Data></EventData></DataItem>",22,"Dns query: RuleName: - UtcTime: 2023-11-06 16:53:30.465 ProcessGuid: {8CAD0A01-198A-6549-1700-000000000A00} ProcessId: 1368 QueryName: windowseventlog QueryStatus: 0 QueryResults: fe80::454:44b:f5ff:fffb;2001:0:34f1:8072:454:44b:f5ff:fffb;fe80::d024:56ce:c156:9dae;::ffff:10.0.0.4; Image: C:\Windows\System32\svchost.exe User: NT AUTHORITY\NETWORK SERVICE ","00000000-0000-0000-0000-000000000001","AOI-46bec743-35fa-4608-b7e2-2aa3c38a97c2",,,Event,"052c641f-7cc5-11ee-8bc4-000d3af06161","/subscriptions/4383ac89-7cd1-48c1-8061-b0b3c5ccfd97/resourcegroups/varunlab-rg/providers/microsoft.compute/virtualmachines/windowseventlogs","4383ac89-7cd1-48c1-8061-b0b3c5ccfd97"
"46bec743-35fa-4608-b7e2-2aa3c38a97c2",OpsManager,"11/6/2023, 10:23:43.650 PM","Microsoft-Windows-Sysmon","Microsoft-Windows-Sysmon/Operational",WindowsEventLog,22,4,Information,"NT AUTHORITY\SYSTEM",,"<Param>-</Param><Param>2023-11-06 16:53:42.654</Param><Param>{8CAD0A01-19E2-6549-9D00-000000000A00}</Param><Param>1904</Param><Param>maupdateexaccount.blob.core.windows.net</Param><Param>0</Param><Param>type:  5 blob.dm5prdstr01a.store.core.windows.net;::ffff:40.69.176.16;</Param><Param>C:\Packages\Plugins\Microsoft.Azure.Geneva.GenevaMonitoring\2.41.0.3\Monitoring\Agent\MonAgentCore.exe</Param><Param>NT AUTHORITY\SYSTEM</Param>","<DataItem type=""System.XmlData"" time=""2023-11-06T22:23:43.6508714+05:30"" sourceHealthServiceId=""F57C2BCF-DE2B-DA7F-FD91-0649DF501A73""><EventData xmlns=""http://schemas.microsoft.com/win/2004/08/events/event""><Data Name=""RuleName"">-</Data><Data Name=""UtcTime"">2023-11-06 16:53:42.654</Data><Data Name=""ProcessGuid"">{8CAD0A01-19E2-6549-9D00-000000000A00}</Data><Data Name=""ProcessId"">1904</Data><Data Name=""QueryName"">maupdateexaccount.blob.core.windows.net</Data><Data Name=""QueryStatus"">0</Data><Data Name=""QueryResults"">type:  5 blob.dm5prdstr01a.store.core.windows.net;::ffff:40.69.176.16;</Data><Data Name=""Image"">C:\Packages\Plugins\Microsoft.Azure.Geneva.GenevaMonitoring\2.41.0.3\Monitoring\Agent\MonAgentCore.exe</Data><Data Name=""User"">NT AUTHORITY\SYSTEM</Data></EventData></DataItem>",22,"Dns query: RuleName: - UtcTime: 2023-11-06 16:53:42.654 ProcessGuid: {8CAD0A01-19E2-6549-9D00-000000000A00} ProcessId: 1904 QueryName: maupdateexaccount.blob.core.windows.net QueryStatus: 0 QueryResults: type:  5 blob.dm5prdstr01a.store.core.windows.net;::ffff:40.69.176.16; Image: C:\Packages\Plugins\Microsoft.Azure.Geneva.GenevaMonitoring\2.41.0.3\Monitoring\Agent\MonAgentCore.exe User: NT AUTHORITY\SYSTEM ","00000000-0000-0000-0000-000000000001","AOI-46bec743-35fa-4608-b7e2-2aa3c38a97c2",,,Event,"0df36f39-7cc5-11ee-8bc4-0022486ea1fc","/subscriptions/4383ac89-7cd1-48c1-8061-b0b3c5ccfd97/resourcegroups/varunlab-rg/providers/microsoft.compute/virtualmachines/windowseventlogs","4383ac89-7cd1-48c1-8061-b0b3c5ccfd97"
"46bec743-35fa-4608-b7e2-2aa3c38a97c2",OpsManager,"11/6/2023, 10:23:44.653 PM","Microsoft-Windows-Sysmon","Microsoft-Windows-Sysmon/Operational",WindowsEventLog,22,4,Information,"NT AUTHORITY\SYSTEM",,"<Param>-</Param><Param>2023-11-06 16:53:42.856</Param><Param>{8CAD0A01-19E2-6549-9D00-000000000A00}</Param><Param>1904</Param><Param>gsm983063799xt.blob.core.windows.net</Param><Param>0</Param><Param>type:  5 blob.blz22prdstr08a.store.core.windows.net;::ffff:52.239.170.36;</Param><Param>C:\Packages\Plugins\Microsoft.Azure.Geneva.GenevaMonitoring\2.41.0.3\Monitoring\Agent\MonAgentCore.exe</Param><Param>NT AUTHORITY\SYSTEM</Param>","<DataItem type=""System.XmlData"" time=""2023-11-06T22:23:44.6534334+05:30"" sourceHealthServiceId=""F57C2BCF-DE2B-DA7F-FD91-0649DF501A73""><EventData xmlns=""http://schemas.microsoft.com/win/2004/08/events/event""><Data Name=""RuleName"">-</Data><Data Name=""UtcTime"">2023-11-06 16:53:42.856</Data><Data Name=""ProcessGuid"">{8CAD0A01-19E2-6549-9D00-000000000A00}</Data><Data Name=""ProcessId"">1904</Data><Data Name=""QueryName"">gsm983063799xt.blob.core.windows.net</Data><Data Name=""QueryStatus"">0</Data><Data Name=""QueryResults"">type:  5 blob.blz22prdstr08a.store.core.windows.net;::ffff:52.239.170.36;</Data><Data Name=""Image"">C:\Packages\Plugins\Microsoft.Azure.Geneva.GenevaMonitoring\2.41.0.3\Monitoring\Agent\MonAgentCore.exe</Data><Data Name=""User"">NT AUTHORITY\SYSTEM</Data></EventData></DataItem>",22,"Dns query: RuleName: - UtcTime: 2023-11-06 16:53:42.856 ProcessGuid: {8CAD0A01-19E2-6549-9D00-000000000A00} ProcessId: 1904 QueryName: gsm983063799xt.blob.core.windows.net QueryStatus: 0 QueryResults: type:  5 blob.blz22prdstr08a.store.core.windows.net;::ffff:52.239.170.36; Image: C:\Packages\Plugins\Microsoft.Azure.Geneva.GenevaMonitoring\2.41.0.3\Monitoring\Agent\MonAgentCore.exe User: NT AUTHORITY\SYSTEM ","00000000-0000-0000-0000-000000000001","AOI-46bec743-35fa-4608-b7e2-2aa3c38a97c2",,,Event,"0d791b76-7cc5-11ee-8bc4-0022486ea2b9","/subscriptions/4383ac89-7cd1-48c1-8061-b0b3c5ccfd97/resourcegroups/varunlab-rg/providers/microsoft.compute/virtualmachines/windowseventlogs","4383ac89-7cd1-48c1-8061-b0b3c5ccfd97"
"46bec743-35fa-4608-b7e2-2aa3c38a97c2",OpsManager,"11/6/2023, 10:23:53.160 PM","Microsoft-Windows-Sysmon","Microsoft-Windows-Sysmon/Operational",WindowsEventLog,22,4,Information,"NT AUTHORITY\SYSTEM",,"<Param>-</Param><Param>2023-11-06 16:53:52.160</Param><Param>{8CAD0A01-19E2-6549-9D00-000000000A00}</Param><Param>1904</Param><Param>qos.prod.warm.ingest.monitor.core.windows.net</Param><Param>0</Param><Param>type:  5 gig-warm-prod-qos.trafficmanager.net;::ffff:20.62.132.3;</Param><Param>C:\Packages\Plugins\Microsoft.Azure.Geneva.GenevaMonitoring\2.41.0.3\Monitoring\Agent\MonAgentCore.exe</Param><Param>NT AUTHORITY\SYSTEM</Param>","<DataItem type=""System.XmlData"" time=""2023-11-06T22:23:53.1609664+05:30"" sourceHealthServiceId=""F57C2BCF-DE2B-DA7F-FD91-0649DF501A73""><EventData xmlns=""http://schemas.microsoft.com/win/2004/08/events/event""><Data Name=""RuleName"">-</Data><Data Name=""UtcTime"">2023-11-06 16:53:52.160</Data><Data Name=""ProcessGuid"">{8CAD0A01-19E2-6549-9D00-000000000A00}</Data><Data Name=""ProcessId"">1904</Data><Data Name=""QueryName"">qos.prod.warm.ingest.monitor.core.windows.net</Data><Data Name=""QueryStatus"">0</Data><Data Name=""QueryResults"">type:  5 gig-warm-prod-qos.trafficmanager.net;::ffff:20.62.132.3;</Data><Data Name=""Image"">C:\Packages\Plugins\Microsoft.Azure.Geneva.GenevaMonitoring\2.41.0.3\Monitoring\Agent\MonAgentCore.exe</Data><Data Name=""User"">NT AUTHORITY\SYSTEM</Data></EventData></DataItem>",22,"Dns query: RuleName: - UtcTime: 2023-11-06 16:53:52.160 ProcessGuid: {8CAD0A01-19E2-6549-9D00-000000000A00} ProcessId: 1904 QueryName: qos.prod.warm.ingest.monitor.core.windows.net QueryStatus: 0 QueryResults: type:  5 gig-warm-prod-qos.trafficmanager.net;::ffff:20.62.132.3; Image: C:\Packages\Plugins\Microsoft.Azure.Geneva.GenevaMonitoring\2.41.0.3\Monitoring\Agent\MonAgentCore.exe User: NT AUTHORITY\SYSTEM ","00000000-0000-0000-0000-000000000001","AOI-46bec743-35fa-4608-b7e2-2aa3c38a97c2",,,Event,"12304de8-7cc5-11ee-8bc4-0022486ec82f","/subscriptions/4383ac89-7cd1-48c1-8061-b0b3c5ccfd97/resourcegroups/varunlab-rg/providers/microsoft.compute/virtualmachines/windowseventlogs","4383ac89-7cd1-48c1-8061-b0b3c5ccfd97"
"46bec743-35fa-4608-b7e2-2aa3c38a97c2",OpsManager,"11/6/2023, 10:23:53.161 PM","Microsoft-Windows-Sysmon","Microsoft-Windows-Sysmon/Operational",WindowsEventLog,22,4,Information,"NT AUTHORITY\SYSTEM",,"<Param>-</Param><Param>2023-11-06 16:53:52.170</Param><Param>{8CAD0A01-19E2-6549-9D00-000000000A00}</Param><Param>1904</Param><Param>eastus-shared.prod.warm.ingest.monitor.core.windows.net</Param><Param>0</Param><Param>type:  5 gig-warm-prod-shared-eastus.trafficmanager.net;::ffff:20.62.132.18;</Param><Param>C:\Packages\Plugins\Microsoft.Azure.Geneva.GenevaMonitoring\2.41.0.3\Monitoring\Agent\MonAgentCore.exe</Param><Param>NT AUTHORITY\SYSTEM</Param>","<DataItem type=""System.XmlData"" time=""2023-11-06T22:23:53.1610183+05:30"" sourceHealthServiceId=""F57C2BCF-DE2B-DA7F-FD91-0649DF501A73""><EventData xmlns=""http://schemas.microsoft.com/win/2004/08/events/event""><Data Name=""RuleName"">-</Data><Data Name=""UtcTime"">2023-11-06 16:53:52.170</Data><Data Name=""ProcessGuid"">{8CAD0A01-19E2-6549-9D00-000000000A00}</Data><Data Name=""ProcessId"">1904</Data><Data Name=""QueryName"">eastus-shared.prod.warm.ingest.monitor.core.windows.net</Data><Data Name=""QueryStatus"">0</Data><Data Name=""QueryResults"">type:  5 gig-warm-prod-shared-eastus.trafficmanager.net;::ffff:20.62.132.18;</Data><Data Name=""Image"">C:\Packages\Plugins\Microsoft.Azure.Geneva.GenevaMonitoring\2.41.0.3\Monitoring\Agent\MonAgentCore.exe</Data><Data Name=""User"">NT AUTHORITY\SYSTEM</Data></EventData></DataItem>",22,"Dns query: RuleName: - UtcTime: 2023-11-06 16:53:52.170 ProcessGuid: {8CAD0A01-19E2-6549-9D00-000000000A00} ProcessId: 1904 QueryName: eastus-shared.prod.warm.ingest.monitor.core.windows.net QueryStatus: 0 QueryResults: type:  5 gig-warm-prod-shared-eastus.trafficmanager.net;::ffff:20.62.132.18; Image: C:\Packages\Plugins\Microsoft.Azure.Geneva.GenevaMonitoring\2.41.0.3\Monitoring\Agent\MonAgentCore.exe User: NT AUTHORITY\SYSTEM ","00000000-0000-0000-0000-000000000001","AOI-46bec743-35fa-4608-b7e2-2aa3c38a97c2",,,Event,"12304dea-7cc5-11ee-8bc4-0022486ec82f","/subscriptions/4383ac89-7cd1-48c1-8061-b0b3c5ccfd97/resourcegroups/varunlab-rg/providers/microsoft.compute/virtualmachines/windowseventlogs","4383ac89-7cd1-48c1-8061-b0b3c5ccfd97"
"46bec743-35fa-4608-b7e2-2aa3c38a97c2",OpsManager,"11/6/2023, 10:23:54.163 PM","Microsoft-Windows-Sysmon","Microsoft-Windows-Sysmon/Operational",WindowsEventLog,22,4,Information,"NT AUTHORITY\SYSTEM",,"<Param>-</Param><Param>2023-11-06 16:53:53.031</Param><Param>{8CAD0A01-1A21-6549-1701-000000000A00}</Param><Param>5048</Param><Param>WindowsEventLog</Param><Param>0</Param><Param>fe80::454:44b:f5ff:fffb;2001:0:34f1:8072:454:44b:f5ff:fffb;fe80::d024:56ce:c156:9dae;::ffff:10.0.0.4;</Param><Param>C:\Windows\System32\PING.EXE</Param><Param>NT AUTHORITY\SYSTEM</Param>","<DataItem type=""System.XmlData"" time=""2023-11-06T22:23:54.1631124+05:30"" sourceHealthServiceId=""F57C2BCF-DE2B-DA7F-FD91-0649DF501A73""><EventData xmlns=""http://schemas.microsoft.com/win/2004/08/events/event""><Data Name=""RuleName"">-</Data><Data Name=""UtcTime"">2023-11-06 16:53:53.031</Data><Data Name=""ProcessGuid"">{8CAD0A01-1A21-6549-1701-000000000A00}</Data><Data Name=""ProcessId"">5048</Data><Data Name=""QueryName"">WindowsEventLog</Data><Data Name=""QueryStatus"">0</Data><Data Name=""QueryResults"">fe80::454:44b:f5ff:fffb;2001:0:34f1:8072:454:44b:f5ff:fffb;fe80::d024:56ce:c156:9dae;::ffff:10.0.0.4;</Data><Data Name=""Image"">C:\Windows\System32\PING.EXE</Data><Data Name=""User"">NT AUTHORITY\SYSTEM</Data></EventData></DataItem>",22,"Dns query: RuleName: - UtcTime: 2023-11-06 16:53:53.031 ProcessGuid: {8CAD0A01-1A21-6549-1701-000000000A00} ProcessId: 5048 QueryName: WindowsEventLog QueryStatus: 0 QueryResults: fe80::454:44b:f5ff:fffb;2001:0:34f1:8072:454:44b:f5ff:fffb;fe80::d024:56ce:c156:9dae;::ffff:10.0.0.4; Image: C:\Windows\System32\PING.EXE User: NT AUTHORITY\SYSTEM ","00000000-0000-0000-0000-000000000001","AOI-46bec743-35fa-4608-b7e2-2aa3c38a97c2",,,Event,"12946f76-7cc5-11ee-8bc4-6045bd72eeca","/subscriptions/4383ac89-7cd1-48c1-8061-b0b3c5ccfd97/resourcegroups/varunlab-rg/providers/microsoft.compute/virtualmachines/windowseventlogs","4383ac89-7cd1-48c1-8061-b0b3c5ccfd97"
"46bec743-35fa-4608-b7e2-2aa3c38a97c2",OpsManager,"11/6/2023, 10:25:17.105 PM","Microsoft-Windows-Sysmon","Microsoft-Windows-Sysmon/Operational",WindowsEventLog,22,4,Information,"NT AUTHORITY\SYSTEM",,"<Param>-</Param><Param>2023-11-06 16:55:16.064</Param><Param>{8CAD0A01-19E2-6549-9D00-000000000A00}</Param><Param>1904</Param><Param>gsm723720xt.table.core.windows.net</Param><Param>0</Param><Param>type:  5 table.iad01prdstr06a.store.core.windows.net;::ffff:20.60.220.227;</Param><Param>C:\Packages\Plugins\Microsoft.Azure.Geneva.GenevaMonitoring\2.41.0.3\Monitoring\Agent\MonAgentCore.exe</Param><Param>NT AUTHORITY\SYSTEM</Param>","<DataItem type=""System.XmlData"" time=""2023-11-06T22:25:17.1053104+05:30"" sourceHealthServiceId=""F57C2BCF-DE2B-DA7F-FD91-0649DF501A73""><EventData xmlns=""http://schemas.microsoft.com/win/2004/08/events/event""><Data Name=""RuleName"">-</Data><Data Name=""UtcTime"">2023-11-06 16:55:16.064</Data><Data Name=""ProcessGuid"">{8CAD0A01-19E2-6549-9D00-000000000A00}</Data><Data Name=""ProcessId"">1904</Data><Data Name=""QueryName"">gsm723720xt.table.core.windows.net</Data><Data Name=""QueryStatus"">0</Data><Data Name=""QueryResults"">type:  5 table.iad01prdstr06a.store.core.windows.net;::ffff:20.60.220.227;</Data><Data Name=""Image"">C:\Packages\Plugins\Microsoft.Azure.Geneva.GenevaMonitoring\2.41.0.3\Monitoring\Agent\MonAgentCore.exe</Data><Data Name=""User"">NT AUTHORITY\SYSTEM</Data></EventData></DataItem>",22,"Dns query: RuleName: - UtcTime: 2023-11-06 16:55:16.064 ProcessGuid: {8CAD0A01-19E2-6549-9D00-000000000A00} ProcessId: 1904 QueryName: gsm723720xt.table.core.windows.net QueryStatus: 0 QueryResults: type:  5 table.iad01prdstr06a.store.core.windows.net;::ffff:20.60.220.227; Image: C:\Packages\Plugins\Microsoft.Azure.Geneva.GenevaMonitoring\2.41.0.3\Monitoring\Agent\MonAgentCore.exe User: NT AUTHORITY\SYSTEM ","00000000-0000-0000-0000-000000000001","AOI-46bec743-35fa-4608-b7e2-2aa3c38a97c2",,,Event,"44b719ff-7cc5-11ee-8bc4-0022486ec82f","/subscriptions/4383ac89-7cd1-48c1-8061-b0b3c5ccfd97/resourcegroups/varunlab-rg/providers/microsoft.compute/virtualmachines/windowseventlogs","4383ac89-7cd1-48c1-8061-b0b3c5ccfd97"
"46bec743-35fa-4608-b7e2-2aa3c38a97c2",OpsManager,"11/6/2023, 10:12:53.034 PM","Microsoft-Windows-Sysmon","Microsoft-Windows-Sysmon/Operational",WindowsEventLog,22,4,Information,"NT AUTHORITY\SYSTEM",,"<Param>-</Param><Param>2023-11-06 16:42:51.054</Param><Param>{8CAD0A01-0F1D-6549-9A00-000000000900}</Param><Param>2980</Param><Param>eastus-shared.prod.warm.ingest.monitor.core.windows.net</Param><Param>0</Param><Param>type:  5 gig-warm-prod-shared-eastus.trafficmanager.net;::ffff:20.62.132.4;</Param><Param>C:\Packages\Plugins\Microsoft.Azure.Geneva.GenevaMonitoring\2.41.0.3\Monitoring\Agent\MonAgentCore.exe</Param><Param>NT AUTHORITY\SYSTEM</Param>","<DataItem type=""System.XmlData"" time=""2023-11-06T22:12:53.0343498+05:30"" sourceHealthServiceId=""F57C2BCF-DE2B-DA7F-FD91-0649DF501A73""><EventData xmlns=""http://schemas.microsoft.com/win/2004/08/events/event""><Data Name=""RuleName"">-</Data><Data Name=""UtcTime"">2023-11-06 16:42:51.054</Data><Data Name=""ProcessGuid"">{8CAD0A01-0F1D-6549-9A00-000000000900}</Data><Data Name=""ProcessId"">2980</Data><Data Name=""QueryName"">eastus-shared.prod.warm.ingest.monitor.core.windows.net</Data><Data Name=""QueryStatus"">0</Data><Data Name=""QueryResults"">type:  5 gig-warm-prod-shared-eastus.trafficmanager.net;::ffff:20.62.132.4;</Data><Data Name=""Image"">C:\Packages\Plugins\Microsoft.Azure.Geneva.GenevaMonitoring\2.41.0.3\Monitoring\Agent\MonAgentCore.exe</Data><Data Name=""User"">NT AUTHORITY\SYSTEM</Data></EventData></DataItem>",22,"Dns query: RuleName: - UtcTime: 2023-11-06 16:42:51.054 ProcessGuid: {8CAD0A01-0F1D-6549-9A00-000000000900} ProcessId: 2980 QueryName: eastus-shared.prod.warm.ingest.monitor.core.windows.net QueryStatus: 0 QueryResults: type:  5 gig-warm-prod-shared-eastus.trafficmanager.net;::ffff:20.62.132.4; Image: C:\Packages\Plugins\Microsoft.Azure.Geneva.GenevaMonitoring\2.41.0.3\Monitoring\Agent\MonAgentCore.exe User: NT AUTHORITY\SYSTEM ","00000000-0000-0000-0000-000000000001","AOI-46bec743-35fa-4608-b7e2-2aa3c38a97c2",,,Event,"88880500-7cc3-11ee-8bc4-0022486eaacc","/subscriptions/4383ac89-7cd1-48c1-8061-b0b3c5ccfd97/resourcegroups/varunlab-rg/providers/microsoft.compute/virtualmachines/windowseventlogs","4383ac89-7cd1-48c1-8061-b0b3c5ccfd97"
