"00000000-0000-0000-0000-000000000000","4/29/2023, 2:06:54.226 PM",OpsManager,"KUSTOWORKS\DC1$",Machine,"DC1.kustoworks.com","Microsoft-Windows-Security-Auditing",Security,1,0,"<EventData xmlns=""http://schemas.microsoft.com/win/2004/08/events/event"">
  <Data Name=""SubjectUserSid"">S-1-5-20</Data>
  <Data Name=""SubjectUserName"">DC1$</Data>
  <Data Name=""SubjectDomainName"">KUSTOWORKS</Data>
  <Data Name=""SubjectLogonId"">0x3e4</Data>
  <Data Name=""TaskName"">\Microsoft\Windows\SoftwareProtectionPlatform\SvcRestartTask</Data>
  <Data Name=""TaskContentNew"">&lt;?xml version=""1.0"" encoding=""UTF-16""?&gt; &lt;Task version=""1.6"" xmlns=""http://schemas.microsoft.com/windows/2004/02/mit/task""&gt;   &lt;RegistrationInfo&gt;     &lt;Source&gt;$(@%systemroot%\system32\sppc.dll,-200)&lt;/Source&gt;     &lt;Author&gt;$(@%systemroot%\system32\sppc.dll,-200)&lt;/Author&gt;     &lt;Version&gt;1.0&lt;/Version&gt;     &lt;Description&gt;$(@%systemroot%\system32\sppc.dll,-201)&lt;/Description&gt;     &lt;URI&gt;\Microsoft\Windows\SoftwareProtectionPlatform\SvcRestartTask&lt;/URI&gt;     &lt;SecurityDescriptor&gt;D:P(A;;FA;;;SY)(A;;FA;;;BA)(A;;FA;;;S-1-5-80-123231216-2592883651-3715271367-3753151631-4175906628)(A;;FR;;;S-1-5-87-2912274048-3994893941-1669128114-1310430903-1263774323)&lt;/SecurityDescriptor&gt;   &lt;/RegistrationInfo&gt;   &lt;Triggers&gt;     &lt;CalendarTrigger&gt;       &lt;StartBoundary&gt;2023-04-30T13:35:54Z&lt;/StartBoundary&gt;       &lt;Enabled&gt;true&lt;/Enabled&gt;       &lt;ScheduleByDay&gt;         &lt;DaysInterval&gt;1&lt;/DaysInterval&gt;       &lt;/ScheduleByDay&gt;     &lt;/CalendarTrigger&gt;   &lt;/Triggers&gt;   &lt;Principals&gt;     &lt;Principal id=""NetworkService""&gt;       &lt;UserId&gt;S-1-5-20&lt;/UserId&gt;       &lt;RunLevel&gt;LeastPrivilege&lt;/RunLevel&gt;     &lt;/Principal&gt;   &lt;/Principals&gt;   &lt;Settings&gt;     &lt;MultipleInstancesPolicy&gt;IgnoreNew&lt;/MultipleInstancesPolicy&gt;     &lt;DisallowStartIfOnBatteries&gt;true&lt;/DisallowStartIfOnBatteries&gt;     &lt;StopIfGoingOnBatteries&gt;true&lt;/StopIfGoingOnBatteries&gt;     &lt;AllowHardTerminate&gt;false&lt;/AllowHardTerminate&gt;     &lt;StartWhenAvailable&gt;true&lt;/StartWhenAvailable&gt;     &lt;RunOnlyIfNetworkAvailable&gt;false&lt;/RunOnlyIfNetworkAvailable&gt;     &lt;IdleSettings&gt;       &lt;StopOnIdleEnd&gt;true&lt;/StopOnIdleEnd&gt;       &lt;RestartOnIdle&gt;false&lt;/RestartOnIdle&gt;     &lt;/IdleSettings&gt;     &lt;AllowStartOnDemand&gt;true&lt;/AllowStartOnDemand&gt;     &lt;Enabled&gt;true&lt;/Enabled&gt;     &lt;Hidden&gt;true&lt;/Hidden&gt;     &lt;RunOnlyIfIdle&gt;false&lt;/RunOnlyIfIdle&gt;     &lt;DisallowStartOnRemoteAppSession&gt;false&lt;/DisallowStartOnRemoteAppSession&gt;     &lt;UseUnifiedSchedulingEngine&gt;true&lt;/UseUnifiedSchedulingEngine&gt;     &lt;WakeToRun&gt;false&lt;/WakeToRun&gt;     &lt;ExecutionTimeLimit&gt;PT0S&lt;/ExecutionTimeLimit&gt;     &lt;Priority&gt;7&lt;/Priority&gt;     &lt;RestartOnFailure&gt;       &lt;Interval&gt;PT1M&lt;/Interval&gt;       &lt;Count&gt;3&lt;/Count&gt;     &lt;/RestartOnFailure&gt;   &lt;/Settings&gt;   &lt;Actions Context=""NetworkService""&gt;     &lt;ComHandler&gt;       &lt;ClassId&gt;{B1AEBB5D-EAD9-4476-B375-9C3ED9F32AFC}&lt;/ClassId&gt;       &lt;Data&gt;&lt;![CDATA[timer]]&gt;&lt;/Data&gt;     &lt;/ComHandler&gt;   &lt;/Actions&gt; &lt;/Task&gt;</Data>
  <Data Name=""ClientProcessStartKey"">16325548649218180</Data>
  <Data Name=""ClientProcessId"">1572</Data>
  <Data Name=""ParentProcessId"">688</Data>
  <Data Name=""RpcCallClientLocality"">0</Data>
  <Data Name=""FQDN"">DC1.kustoworks.com</Data>
</EventData>",4702,"4702 - A scheduled task was updated.","cc046e6c-795c-47b2-a5ae-c9a0645e6d32","cc046e6c-795c-47b2-a5ae-c9a0645e6d33","00000000-0000-0000-0000-000000000001","4/29/2023, 3:29:31.275 PM","AOI-00000000-0000-0000-0000-000000000000",,,,,,,,,,,,,,,,,,,,,,,,,,,,,,,,,,,,,,,,,,,,,,,,,,,,,,,,,,,,,,,,,,,,,,,,,,,,,,,,,,,,,,,,,,,,,,,,,,,,,,,,,,,,,,,,,,,,,,,,,,,,,,,,,,,,,,,,,,,,,,,,,,,,,,,,,,,,,,,"KUSTOWORKS\DC1$",,,,KUSTOWORKS,,0x3e4,,,"DC1$","S-1-5-20",,,,,,,,,,,,,,,,,,,,,,,,,,,,,,,,,,,,,SecurityEvent,"/subscriptions/00000000-0000-0000-0000-000000000000/resourcegroups/kustoworksarc/providers/microsoft.hybridcompute/machines/dc1"
"00000000-0000-0000-0000-000000000000","4/29/2023, 2:03:13.666 PM",OpsManager,"KUSTOWORKS\DC1$",Machine,"DC1.kustoworks.com","Microsoft-Windows-Security-Auditing",Security,1,0,"<EventData xmlns=""http://schemas.microsoft.com/win/2004/08/events/event"">
  <Data Name=""SubjectUserSid"">S-1-5-18</Data>
  <Data Name=""SubjectUserName"">DC1$</Data>
  <Data Name=""SubjectDomainName"">KUSTOWORKS</Data>
  <Data Name=""SubjectLogonId"">0x3e7</Data>
  <Data Name=""TaskName"">\Microsoft\Windows\WindowsUpdate\Scheduled Start</Data>
  <Data Name=""TaskContentNew"">&lt;?xml version=""1.0"" encoding=""UTF-16""?&gt; &lt;Task version=""1.4"" xmlns=""http://schemas.microsoft.com/windows/2004/02/mit/task""&gt;   &lt;RegistrationInfo&gt;     &lt;Source&gt;Microsoft Corporation.&lt;/Source&gt;     &lt;Author&gt;Microsoft Corporation.&lt;/Author&gt;     &lt;Description&gt;This task is used to start the Windows Update service when needed to perform scheduled operations such as scans.&lt;/Description&gt;     &lt;URI&gt;\Microsoft\Windows\WindowsUpdate\Scheduled Start&lt;/URI&gt;   &lt;/RegistrationInfo&gt;   &lt;Triggers&gt;     &lt;TimeTrigger&gt;       &lt;StartBoundary&gt;2023-04-29T15:13:58Z&lt;/StartBoundary&gt;       &lt;Enabled&gt;true&lt;/Enabled&gt;       &lt;RandomDelay&gt;PT1M&lt;/RandomDelay&gt;     &lt;/TimeTrigger&gt;     &lt;SessionStateChangeTrigger&gt;       &lt;Enabled&gt;false&lt;/Enabled&gt;       &lt;StateChange&gt;ConsoleDisconnect&lt;/StateChange&gt;     &lt;/SessionStateChangeTrigger&gt;     &lt;SessionStateChangeTrigger&gt;       &lt;Enabled&gt;false&lt;/Enabled&gt;       &lt;StateChange&gt;RemoteDisconnect&lt;/StateChange&gt;     &lt;/SessionStateChangeTrigger&gt;     &lt;WnfStateChangeTrigger&gt;       &lt;Enabled&gt;false&lt;/Enabled&gt;       &lt;StateName&gt;7508BCA3380C960C&lt;/StateName&gt;       &lt;Data&gt;01&lt;/Data&gt;       &lt;DataOffset&gt;0&lt;/DataOffset&gt;     &lt;/WnfStateChangeTrigger&gt;   &lt;/Triggers&gt;   &lt;Principals&gt;     &lt;Principal id=""LocalSystem""&gt;       &lt;RunLevel&gt;LeastPrivilege&lt;/RunLevel&gt;       &lt;UserId&gt;NT AUTHORITY\SYSTEM&lt;/UserId&gt;     &lt;/Principal&gt;   &lt;/Principals&gt;   &lt;Settings&gt;     &lt;MultipleInstancesPolicy&gt;IgnoreNew&lt;/MultipleInstancesPolicy&gt;     &lt;DisallowStartIfOnBatteries&gt;false&lt;/DisallowStartIfOnBatteries&gt;     &lt;StopIfGoingOnBatteries&gt;false&lt;/StopIfGoingOnBatteries&gt;     &lt;AllowHardTerminate&gt;true&lt;/AllowHardTerminate&gt;     &lt;StartWhenAvailable&gt;true&lt;/StartWhenAvailable&gt;     &lt;RunOnlyIfNetworkAvailable&gt;false&lt;/RunOnlyIfNetworkAvailable&gt;     &lt;IdleSettings&gt;       &lt;Duration&gt;PT10M&lt;/Duration&gt;       &lt;WaitTimeout&gt;PT1H&lt;/WaitTimeout&gt;       &lt;StopOnIdleEnd&gt;true&lt;/StopOnIdleEnd&gt;       &lt;RestartOnIdle&gt;false&lt;/RestartOnIdle&gt;     &lt;/IdleSettings&gt;     &lt;AllowStartOnDemand&gt;false&lt;/AllowStartOnDemand&gt;     &lt;Enabled&gt;true&lt;/Enabled&gt;     &lt;Hidden&gt;false&lt;/Hidden&gt;     &lt;RunOnlyIfIdle&gt;false&lt;/RunOnlyIfIdle&gt;     &lt;DisallowStartOnRemoteAppSession&gt;false&lt;/DisallowStartOnRemoteAppSession&gt;     &lt;UseUnifiedSchedulingEngine&gt;true&lt;/UseUnifiedSchedulingEngine&gt;     &lt;WakeToRun&gt;false&lt;/WakeToRun&gt;     &lt;ExecutionTimeLimit&gt;PT72H&lt;/ExecutionTimeLimit&gt;     &lt;Priority&gt;7&lt;/Priority&gt;   &lt;/Settings&gt;   &lt;Actions Context=""LocalSystem""&gt;     &lt;Exec&gt;       &lt;Command&gt;C:\Windows\system32\sc.exe&lt;/Command&gt;       &lt;Arguments&gt;start wuauserv&lt;/Arguments&gt;     &lt;/Exec&gt;   &lt;/Actions&gt; &lt;/Task&gt;</Data>
  <Data Name=""ClientProcessStartKey"">16044073672507417</Data>
  <Data Name=""ClientProcessId"">1260</Data>
  <Data Name=""ParentProcessId"">700</Data>
  <Data Name=""RpcCallClientLocality"">0</Data>
  <Data Name=""FQDN"">DC1.kustoworks.com</Data>
</EventData>",4702,"4702 - A scheduled task was updated.","cc046e6c-795c-47b2-a5ae-c9a0645e6d32","cc046e6c-795c-47b2-a5ae-c9a0645e6d33","00000000-0000-0000-0000-000000000001","4/29/2023, 3:29:31.052 PM","AOI-00000000-0000-0000-0000-000000000000",,,,,,,,,,,,,,,,,,,,,,,,,,,,,,,,,,,,,,,,,,,,,,,,,,,,,,,,,,,,,,,,,,,,,,,,,,,,,,,,,,,,,,,,,,,,,,,,,,,,,,,,,,,,,,,,,,,,,,,,,,,,,,,,,,,,,,,,,,,,,,,,,,,,,,,,,,,,,,,"KUSTOWORKS\DC1$",,,,KUSTOWORKS,,0x3e7,,,"DC1$","S-1-5-18",,,,,,,,,,,,,,,,,,,,,,,,,,,,,,,,,,,,,SecurityEvent,"/subscriptions/00000000-0000-0000-0000-000000000000/resourcegroups/kustoworksarc/providers/microsoft.hybridcompute/machines/dc1"
"00000000-0000-0000-0000-000000000000","4/29/2023, 2:51:21.215 PM",OpsManager,"KUSTOWORKS\DC1$",Machine,"DC1.kustoworks.com","Microsoft-Windows-Security-Auditing",Security,1,0,"<EventData xmlns=""http://schemas.microsoft.com/win/2004/08/events/event"">
  <Data Name=""SubjectUserSid"">S-1-5-20</Data>
  <Data Name=""SubjectUserName"">DC1$</Data>
  <Data Name=""SubjectDomainName"">KUSTOWORKS</Data>
  <Data Name=""SubjectLogonId"">0x3e4</Data>
  <Data Name=""TaskName"">\Microsoft\Windows\SoftwareProtectionPlatform\SvcRestartTask</Data>
  <Data Name=""TaskContentNew"">&lt;?xml version=""1.0"" encoding=""UTF-16""?&gt; &lt;Task version=""1.6"" xmlns=""http://schemas.microsoft.com/windows/2004/02/mit/task""&gt;   &lt;RegistrationInfo&gt;     &lt;Source&gt;$(@%systemroot%\system32\sppc.dll,-200)&lt;/Source&gt;     &lt;Author&gt;$(@%systemroot%\system32\sppc.dll,-200)&lt;/Author&gt;     &lt;Version&gt;1.0&lt;/Version&gt;     &lt;Description&gt;$(@%systemroot%\system32\sppc.dll,-201)&lt;/Description&gt;     &lt;URI&gt;\Microsoft\Windows\SoftwareProtectionPlatform\SvcRestartTask&lt;/URI&gt;     &lt;SecurityDescriptor&gt;D:P(A;;FA;;;SY)(A;;FA;;;BA)(A;;FA;;;S-1-5-80-123231216-2592883651-3715271367-3753151631-4175906628)(A;;FR;;;S-1-5-87-2912274048-3994893941-1669128114-1310430903-1263774323)&lt;/SecurityDescriptor&gt;   &lt;/RegistrationInfo&gt;   &lt;Triggers&gt;     &lt;CalendarTrigger&gt;       &lt;StartBoundary&gt;2023-04-30T14:50:21Z&lt;/StartBoundary&gt;       &lt;Enabled&gt;true&lt;/Enabled&gt;       &lt;ScheduleByDay&gt;         &lt;DaysInterval&gt;1&lt;/DaysInterval&gt;       &lt;/ScheduleByDay&gt;     &lt;/CalendarTrigger&gt;   &lt;/Triggers&gt;   &lt;Principals&gt;     &lt;Principal id=""NetworkService""&gt;       &lt;UserId&gt;S-1-5-20&lt;/UserId&gt;       &lt;RunLevel&gt;LeastPrivilege&lt;/RunLevel&gt;     &lt;/Principal&gt;   &lt;/Principals&gt;   &lt;Settings&gt;     &lt;MultipleInstancesPolicy&gt;IgnoreNew&lt;/MultipleInstancesPolicy&gt;     &lt;DisallowStartIfOnBatteries&gt;true&lt;/DisallowStartIfOnBatteries&gt;     &lt;StopIfGoingOnBatteries&gt;true&lt;/StopIfGoingOnBatteries&gt;     &lt;AllowHardTerminate&gt;false&lt;/AllowHardTerminate&gt;     &lt;StartWhenAvailable&gt;true&lt;/StartWhenAvailable&gt;     &lt;RunOnlyIfNetworkAvailable&gt;false&lt;/RunOnlyIfNetworkAvailable&gt;     &lt;IdleSettings&gt;       &lt;StopOnIdleEnd&gt;true&lt;/StopOnIdleEnd&gt;       &lt;RestartOnIdle&gt;false&lt;/RestartOnIdle&gt;     &lt;/IdleSettings&gt;     &lt;AllowStartOnDemand&gt;true&lt;/AllowStartOnDemand&gt;     &lt;Enabled&gt;true&lt;/Enabled&gt;     &lt;Hidden&gt;true&lt;/Hidden&gt;     &lt;RunOnlyIfIdle&gt;false&lt;/RunOnlyIfIdle&gt;     &lt;DisallowStartOnRemoteAppSession&gt;false&lt;/DisallowStartOnRemoteAppSession&gt;     &lt;UseUnifiedSchedulingEngine&gt;true&lt;/UseUnifiedSchedulingEngine&gt;     &lt;WakeToRun&gt;false&lt;/WakeToRun&gt;     &lt;ExecutionTimeLimit&gt;PT0S&lt;/ExecutionTimeLimit&gt;     &lt;Priority&gt;7&lt;/Priority&gt;     &lt;RestartOnFailure&gt;       &lt;Interval&gt;PT1M&lt;/Interval&gt;       &lt;Count&gt;3&lt;/Count&gt;     &lt;/RestartOnFailure&gt;   &lt;/Settings&gt;   &lt;Actions Context=""NetworkService""&gt;     &lt;ComHandler&gt;       &lt;ClassId&gt;{B1AEBB5D-EAD9-4476-B375-9C3ED9F32AFC}&lt;/ClassId&gt;       &lt;Data&gt;&lt;![CDATA[timer]]&gt;&lt;/Data&gt;     &lt;/ComHandler&gt;   &lt;/Actions&gt; &lt;/Task&gt;</Data>
  <Data Name=""ClientProcessStartKey"">16325548649218317</Data>
  <Data Name=""ClientProcessId"">5148</Data>
  <Data Name=""ParentProcessId"">688</Data>
  <Data Name=""RpcCallClientLocality"">0</Data>
  <Data Name=""FQDN"">DC1.kustoworks.com</Data>
</EventData>",4702,"4702 - A scheduled task was updated.","cc046e6c-795c-47b2-a5ae-c9a0645e6d32","cc046e6c-795c-47b2-a5ae-c9a0645e6d33","00000000-0000-0000-0000-000000000001","4/29/2023, 3:29:31.646 PM","AOI-00000000-0000-0000-0000-000000000000",,,,,,,,,,,,,,,,,,,,,,,,,,,,,,,,,,,,,,,,,,,,,,,,,,,,,,,,,,,,,,,,,,,,,,,,,,,,,,,,,,,,,,,,,,,,,,,,,,,,,,,,,,,,,,,,,,,,,,,,,,,,,,,,,,,,,,,,,,,,,,,,,,,,,,,,,,,,,,,"KUSTOWORKS\DC1$",,,,KUSTOWORKS,,0x3e4,,,"DC1$","S-1-5-20",,,,,,,,,,,,,,,,,,,,,,,,,,,,,,,,,,,,,SecurityEvent,"/subscriptions/00000000-0000-0000-0000-000000000000/resourcegroups/kustoworksarc/providers/microsoft.hybridcompute/machines/dc1"
"00000000-0000-0000-0000-000000000000","4/29/2023, 1:52:09.843 PM",OpsManager,"KUSTOWORKS\DC1$",Machine,"DC1.kustoworks.com","Microsoft-Windows-Security-Auditing",Security,1,0,"<EventData xmlns=""http://schemas.microsoft.com/win/2004/08/events/event"">
  <Data Name=""SubjectUserSid"">S-1-5-20</Data>
  <Data Name=""SubjectUserName"">DC1$</Data>
  <Data Name=""SubjectDomainName"">KUSTOWORKS</Data>
  <Data Name=""SubjectLogonId"">0x3e4</Data>
  <Data Name=""TaskName"">\Microsoft\Windows\SoftwareProtectionPlatform\SvcRestartTask</Data>
  <Data Name=""TaskContentNew"">&lt;?xml version=""1.0"" encoding=""UTF-16""?&gt; &lt;Task version=""1.6"" xmlns=""http://schemas.microsoft.com/windows/2004/02/mit/task""&gt;   &lt;RegistrationInfo&gt;     &lt;Source&gt;$(@%systemroot%\system32\sppc.dll,-200)&lt;/Source&gt;     &lt;Author&gt;$(@%systemroot%\system32\sppc.dll,-200)&lt;/Author&gt;     &lt;Version&gt;1.0&lt;/Version&gt;     &lt;Description&gt;$(@%systemroot%\system32\sppc.dll,-201)&lt;/Description&gt;     &lt;URI&gt;\Microsoft\Windows\SoftwareProtectionPlatform\SvcRestartTask&lt;/URI&gt;     &lt;SecurityDescriptor&gt;D:P(A;;FA;;;SY)(A;;FA;;;BA)(A;;FA;;;S-1-5-80-123231216-2592883651-3715271367-3753151631-4175906628)(A;;FR;;;S-1-5-87-2912274048-3994893941-1669128114-1310430903-1263774323)&lt;/SecurityDescriptor&gt;   &lt;/RegistrationInfo&gt;   &lt;Triggers&gt;     &lt;CalendarTrigger&gt;       &lt;StartBoundary&gt;2023-04-30T13:35:09Z&lt;/StartBoundary&gt;       &lt;Enabled&gt;true&lt;/Enabled&gt;       &lt;ScheduleByDay&gt;         &lt;DaysInterval&gt;1&lt;/DaysInterval&gt;       &lt;/ScheduleByDay&gt;     &lt;/CalendarTrigger&gt;   &lt;/Triggers&gt;   &lt;Principals&gt;     &lt;Principal id=""NetworkService""&gt;       &lt;UserId&gt;S-1-5-20&lt;/UserId&gt;       &lt;RunLevel&gt;LeastPrivilege&lt;/RunLevel&gt;     &lt;/Principal&gt;   &lt;/Principals&gt;   &lt;Settings&gt;     &lt;MultipleInstancesPolicy&gt;IgnoreNew&lt;/MultipleInstancesPolicy&gt;     &lt;DisallowStartIfOnBatteries&gt;true&lt;/DisallowStartIfOnBatteries&gt;     &lt;StopIfGoingOnBatteries&gt;true&lt;/StopIfGoingOnBatteries&gt;     &lt;AllowHardTerminate&gt;false&lt;/AllowHardTerminate&gt;     &lt;StartWhenAvailable&gt;true&lt;/StartWhenAvailable&gt;     &lt;RunOnlyIfNetworkAvailable&gt;false&lt;/RunOnlyIfNetworkAvailable&gt;     &lt;IdleSettings&gt;       &lt;StopOnIdleEnd&gt;true&lt;/StopOnIdleEnd&gt;       &lt;RestartOnIdle&gt;false&lt;/RestartOnIdle&gt;     &lt;/IdleSettings&gt;     &lt;AllowStartOnDemand&gt;true&lt;/AllowStartOnDemand&gt;     &lt;Enabled&gt;true&lt;/Enabled&gt;     &lt;Hidden&gt;true&lt;/Hidden&gt;     &lt;RunOnlyIfIdle&gt;false&lt;/RunOnlyIfIdle&gt;     &lt;DisallowStartOnRemoteAppSession&gt;false&lt;/DisallowStartOnRemoteAppSession&gt;     &lt;UseUnifiedSchedulingEngine&gt;true&lt;/UseUnifiedSchedulingEngine&gt;     &lt;WakeToRun&gt;false&lt;/WakeToRun&gt;     &lt;ExecutionTimeLimit&gt;PT0S&lt;/ExecutionTimeLimit&gt;     &lt;Priority&gt;7&lt;/Priority&gt;     &lt;RestartOnFailure&gt;       &lt;Interval&gt;PT1M&lt;/Interval&gt;       &lt;Count&gt;3&lt;/Count&gt;     &lt;/RestartOnFailure&gt;   &lt;/Settings&gt;   &lt;Actions Context=""NetworkService""&gt;     &lt;ComHandler&gt;       &lt;ClassId&gt;{B1AEBB5D-EAD9-4476-B375-9C3ED9F32AFC}&lt;/ClassId&gt;       &lt;Data&gt;&lt;![CDATA[timer]]&gt;&lt;/Data&gt;     &lt;/ComHandler&gt;   &lt;/Actions&gt; &lt;/Task&gt;</Data>
  <Data Name=""ClientProcessStartKey"">16044073672507689</Data>
  <Data Name=""ClientProcessId"">4556</Data>
  <Data Name=""ParentProcessId"">700</Data>
  <Data Name=""RpcCallClientLocality"">0</Data>
  <Data Name=""FQDN"">DC1.kustoworks.com</Data>
</EventData>",4702,"4702 - A scheduled task was updated.","cc046e6c-795c-47b2-a5ae-c9a0645e6d32","cc046e6c-795c-47b2-a5ae-c9a0645e6d33","00000000-0000-0000-0000-000000000001","4/29/2023, 3:29:31.031 PM","AOI-00000000-0000-0000-0000-000000000000",,,,,,,,,,,,,,,,,,,,,,,,,,,,,,,,,,,,,,,,,,,,,,,,,,,,,,,,,,,,,,,,,,,,,,,,,,,,,,,,,,,,,,,,,,,,,,,,,,,,,,,,,,,,,,,,,,,,,,,,,,,,,,,,,,,,,,,,,,,,,,,,,,,,,,,,,,,,,,,"KUSTOWORKS\DC1$",,,,KUSTOWORKS,,0x3e4,,,"DC1$","S-1-5-20",,,,,,,,,,,,,,,,,,,,,,,,,,,,,,,,,,,,,SecurityEvent,"/subscriptions/00000000-0000-0000-0000-000000000000/resourcegroups/kustoworksarc/providers/microsoft.hybridcompute/machines/dc1"
"00000000-0000-0000-0000-000000000000","4/29/2023, 3:15:44.971 PM",OpsManager,"KUSTOWORKS\DC1$",Machine,"DC1.kustoworks.com","Microsoft-Windows-Security-Auditing",Security,1,0,"<EventData xmlns=""http://schemas.microsoft.com/win/2004/08/events/event"">
  <Data Name=""SubjectUserSid"">S-1-5-20</Data>
  <Data Name=""SubjectUserName"">DC1$</Data>
  <Data Name=""SubjectDomainName"">KUSTOWORKS</Data>
  <Data Name=""SubjectLogonId"">0x3e4</Data>
  <Data Name=""TaskName"">\Microsoft\Windows\SoftwareProtectionPlatform\SvcRestartTask</Data>
  <Data Name=""TaskContentNew"">&lt;?xml version=""1.0"" encoding=""UTF-16""?&gt; &lt;Task version=""1.6"" xmlns=""http://schemas.microsoft.com/windows/2004/02/mit/task""&gt;   &lt;RegistrationInfo&gt;     &lt;Source&gt;$(@%systemroot%\system32\sppc.dll,-200)&lt;/Source&gt;     &lt;Author&gt;$(@%systemroot%\system32\sppc.dll,-200)&lt;/Author&gt;     &lt;Version&gt;1.0&lt;/Version&gt;     &lt;Description&gt;$(@%systemroot%\system32\sppc.dll,-201)&lt;/Description&gt;     &lt;URI&gt;\Microsoft\Windows\SoftwareProtectionPlatform\SvcRestartTask&lt;/URI&gt;     &lt;SecurityDescriptor&gt;D:P(A;;FA;;;SY)(A;;FA;;;BA)(A;;FA;;;S-1-5-80-123231216-2592883651-3715271367-3753151631-4175906628)(A;;FR;;;S-1-5-87-2912274048-3994893941-1669128114-1310430903-1263774323)&lt;/SecurityDescriptor&gt;   &lt;/RegistrationInfo&gt;   &lt;Triggers&gt;     &lt;CalendarTrigger&gt;       &lt;StartBoundary&gt;2023-04-30T14:49:44Z&lt;/StartBoundary&gt;       &lt;Enabled&gt;true&lt;/Enabled&gt;       &lt;ScheduleByDay&gt;         &lt;DaysInterval&gt;1&lt;/DaysInterval&gt;       &lt;/ScheduleByDay&gt;     &lt;/CalendarTrigger&gt;   &lt;/Triggers&gt;   &lt;Principals&gt;     &lt;Principal id=""NetworkService""&gt;       &lt;UserId&gt;S-1-5-20&lt;/UserId&gt;       &lt;RunLevel&gt;LeastPrivilege&lt;/RunLevel&gt;     &lt;/Principal&gt;   &lt;/Principals&gt;   &lt;Settings&gt;     &lt;MultipleInstancesPolicy&gt;IgnoreNew&lt;/MultipleInstancesPolicy&gt;     &lt;DisallowStartIfOnBatteries&gt;true&lt;/DisallowStartIfOnBatteries&gt;     &lt;StopIfGoingOnBatteries&gt;true&lt;/StopIfGoingOnBatteries&gt;     &lt;AllowHardTerminate&gt;false&lt;/AllowHardTerminate&gt;     &lt;StartWhenAvailable&gt;true&lt;/StartWhenAvailable&gt;     &lt;RunOnlyIfNetworkAvailable&gt;false&lt;/RunOnlyIfNetworkAvailable&gt;     &lt;IdleSettings&gt;       &lt;StopOnIdleEnd&gt;true&lt;/StopOnIdleEnd&gt;       &lt;RestartOnIdle&gt;false&lt;/RestartOnIdle&gt;     &lt;/IdleSettings&gt;     &lt;AllowStartOnDemand&gt;true&lt;/AllowStartOnDemand&gt;     &lt;Enabled&gt;true&lt;/Enabled&gt;     &lt;Hidden&gt;true&lt;/Hidden&gt;     &lt;RunOnlyIfIdle&gt;false&lt;/RunOnlyIfIdle&gt;     &lt;DisallowStartOnRemoteAppSession&gt;false&lt;/DisallowStartOnRemoteAppSession&gt;     &lt;UseUnifiedSchedulingEngine&gt;true&lt;/UseUnifiedSchedulingEngine&gt;     &lt;WakeToRun&gt;false&lt;/WakeToRun&gt;     &lt;ExecutionTimeLimit&gt;PT0S&lt;/ExecutionTimeLimit&gt;     &lt;Priority&gt;7&lt;/Priority&gt;     &lt;RestartOnFailure&gt;       &lt;Interval&gt;PT1M&lt;/Interval&gt;       &lt;Count&gt;3&lt;/Count&gt;     &lt;/RestartOnFailure&gt;   &lt;/Settings&gt;   &lt;Actions Context=""NetworkService""&gt;     &lt;ComHandler&gt;       &lt;ClassId&gt;{B1AEBB5D-EAD9-4476-B375-9C3ED9F32AFC}&lt;/ClassId&gt;       &lt;Data&gt;&lt;![CDATA[timer]]&gt;&lt;/Data&gt;     &lt;/ComHandler&gt;   &lt;/Actions&gt; &lt;/Task&gt;</Data>
  <Data Name=""ClientProcessStartKey"">16325548649218424</Data>
  <Data Name=""ClientProcessId"">6892</Data>
  <Data Name=""ParentProcessId"">688</Data>
  <Data Name=""RpcCallClientLocality"">0</Data>
  <Data Name=""FQDN"">DC1.kustoworks.com</Data>
</EventData>",4702,"4702 - A scheduled task was updated.","cc046e6c-795c-47b2-a5ae-c9a0645e6d32","cc046e6c-795c-47b2-a5ae-c9a0645e6d33","00000000-0000-0000-0000-000000000001","4/29/2023, 3:29:31.559 PM","AOI-00000000-0000-0000-0000-000000000000",,,,,,,,,,,,,,,,,,,,,,,,,,,,,,,,,,,,,,,,,,,,,,,,,,,,,,,,,,,,,,,,,,,,,,,,,,,,,,,,,,,,,,,,,,,,,,,,,,,,,,,,,,,,,,,,,,,,,,,,,,,,,,,,,,,,,,,,,,,,,,,,,,,,,,,,,,,,,,,"KUSTOWORKS\DC1$",,,,KUSTOWORKS,,0x3e4,,,"DC1$","S-1-5-20",,,,,,,,,,,,,,,,,,,,,,,,,,,,,,,,,,,,,SecurityEvent,"/subscriptions/00000000-0000-0000-0000-000000000000/resourcegroups/kustoworksarc/providers/microsoft.hybridcompute/machines/dc1"
"00000000-0000-0000-0000-000000000000","4/29/2023, 3:28:35.748 PM",OpsManager,"KUSTOWORKS\DC1$",Machine,"DC1.kustoworks.com","Microsoft-Windows-Security-Auditing",Security,1,0,"<EventData xmlns=""http://schemas.microsoft.com/win/2004/08/events/event"">
  <Data Name=""SubjectUserSid"">S-1-5-20</Data>
  <Data Name=""SubjectUserName"">DC1$</Data>
  <Data Name=""SubjectDomainName"">KUSTOWORKS</Data>
  <Data Name=""SubjectLogonId"">0x3e4</Data>
  <Data Name=""TaskName"">\Microsoft\Windows\SoftwareProtectionPlatform\SvcRestartTask</Data>
  <Data Name=""TaskContentNew"">&lt;?xml version=""1.0"" encoding=""UTF-16""?&gt; &lt;Task version=""1.6"" xmlns=""http://schemas.microsoft.com/windows/2004/02/mit/task""&gt;   &lt;RegistrationInfo&gt;     &lt;Source&gt;$(@%systemroot%\system32\sppc.dll,-200)&lt;/Source&gt;     &lt;Author&gt;$(@%systemroot%\system32\sppc.dll,-200)&lt;/Author&gt;     &lt;Version&gt;1.0&lt;/Version&gt;     &lt;Description&gt;$(@%systemroot%\system32\sppc.dll,-201)&lt;/Description&gt;     &lt;URI&gt;\Microsoft\Windows\SoftwareProtectionPlatform\SvcRestartTask&lt;/URI&gt;     &lt;SecurityDescriptor&gt;D:P(A;;FA;;;SY)(A;;FA;;;BA)(A;;FA;;;S-1-5-80-123231216-2592883651-3715271367-3753151631-4175906628)(A;;FR;;;S-1-5-87-2912274048-3994893941-1669128114-1310430903-1263774323)&lt;/SecurityDescriptor&gt;   &lt;/RegistrationInfo&gt;   &lt;Triggers&gt;     &lt;CalendarTrigger&gt;       &lt;StartBoundary&gt;2023-04-30T14:50:35Z&lt;/StartBoundary&gt;       &lt;Enabled&gt;true&lt;/Enabled&gt;       &lt;ScheduleByDay&gt;         &lt;DaysInterval&gt;1&lt;/DaysInterval&gt;       &lt;/ScheduleByDay&gt;     &lt;/CalendarTrigger&gt;   &lt;/Triggers&gt;   &lt;Principals&gt;     &lt;Principal id=""NetworkService""&gt;       &lt;UserId&gt;S-1-5-20&lt;/UserId&gt;       &lt;RunLevel&gt;LeastPrivilege&lt;/RunLevel&gt;     &lt;/Principal&gt;   &lt;/Principals&gt;   &lt;Settings&gt;     &lt;MultipleInstancesPolicy&gt;IgnoreNew&lt;/MultipleInstancesPolicy&gt;     &lt;DisallowStartIfOnBatteries&gt;true&lt;/DisallowStartIfOnBatteries&gt;     &lt;StopIfGoingOnBatteries&gt;true&lt;/StopIfGoingOnBatteries&gt;     &lt;AllowHardTerminate&gt;false&lt;/AllowHardTerminate&gt;     &lt;StartWhenAvailable&gt;true&lt;/StartWhenAvailable&gt;     &lt;RunOnlyIfNetworkAvailable&gt;false&lt;/RunOnlyIfNetworkAvailable&gt;     &lt;IdleSettings&gt;       &lt;StopOnIdleEnd&gt;true&lt;/StopOnIdleEnd&gt;       &lt;RestartOnIdle&gt;false&lt;/RestartOnIdle&gt;     &lt;/IdleSettings&gt;     &lt;AllowStartOnDemand&gt;true&lt;/AllowStartOnDemand&gt;     &lt;Enabled&gt;true&lt;/Enabled&gt;     &lt;Hidden&gt;true&lt;/Hidden&gt;     &lt;RunOnlyIfIdle&gt;false&lt;/RunOnlyIfIdle&gt;     &lt;DisallowStartOnRemoteAppSession&gt;false&lt;/DisallowStartOnRemoteAppSession&gt;     &lt;UseUnifiedSchedulingEngine&gt;true&lt;/UseUnifiedSchedulingEngine&gt;     &lt;WakeToRun&gt;false&lt;/WakeToRun&gt;     &lt;ExecutionTimeLimit&gt;PT0S&lt;/ExecutionTimeLimit&gt;     &lt;Priority&gt;7&lt;/Priority&gt;     &lt;RestartOnFailure&gt;       &lt;Interval&gt;PT1M&lt;/Interval&gt;       &lt;Count&gt;3&lt;/Count&gt;     &lt;/RestartOnFailure&gt;   &lt;/Settings&gt;   &lt;Actions Context=""NetworkService""&gt;     &lt;ComHandler&gt;       &lt;ClassId&gt;{B1AEBB5D-EAD9-4476-B375-9C3ED9F32AFC}&lt;/ClassId&gt;       &lt;Data&gt;&lt;![CDATA[timer]]&gt;&lt;/Data&gt;     &lt;/ComHandler&gt;   &lt;/Actions&gt; &lt;/Task&gt;</Data>
  <Data Name=""ClientProcessStartKey"">16325548649218447</Data>
  <Data Name=""ClientProcessId"">5684</Data>
  <Data Name=""ParentProcessId"">688</Data>
  <Data Name=""RpcCallClientLocality"">0</Data>
  <Data Name=""FQDN"">DC1.kustoworks.com</Data>
</EventData>",4702,"4702 - A scheduled task was updated.","cc046e6c-795c-47b2-a5ae-c9a0645e6d32","cc046e6c-795c-47b2-a5ae-c9a0645e6d33","00000000-0000-0000-0000-000000000001","4/29/2023, 3:29:31.559 PM","AOI-00000000-0000-0000-0000-000000000000",,,,,,,,,,,,,,,,,,,,,,,,,,,,,,,,,,,,,,,,,,,,,,,,,,,,,,,,,,,,,,,,,,,,,,,,,,,,,,,,,,,,,,,,,,,,,,,,,,,,,,,,,,,,,,,,,,,,,,,,,,,,,,,,,,,,,,,,,,,,,,,,,,,,,,,,,,,,,,,"KUSTOWORKS\DC1$",,,,KUSTOWORKS,,0x3e4,,,"DC1$","S-1-5-20",,,,,,,,,,,,,,,,,,,,,,,,,,,,,,,,,,,,,SecurityEvent,"/subscriptions/00000000-0000-0000-0000-000000000000/resourcegroups/kustoworksarc/providers/microsoft.hybridcompute/machines/dc1"
"00000000-0000-0000-0000-000000000000","4/29/2023, 2:20:41.470 PM",OpsManager,"KUSTOWORKS\DC1$",Machine,"DC1.kustoworks.com","Microsoft-Windows-Security-Auditing",Security,1,0,"<EventData xmlns=""http://schemas.microsoft.com/win/2004/08/events/event"">
  <Data Name=""SubjectUserSid"">S-1-5-20</Data>
  <Data Name=""SubjectUserName"">DC1$</Data>
  <Data Name=""SubjectDomainName"">KUSTOWORKS</Data>
  <Data Name=""SubjectLogonId"">0x3e4</Data>
  <Data Name=""TaskName"">\Microsoft\Windows\SoftwareProtectionPlatform\SvcRestartTask</Data>
  <Data Name=""TaskContentNew"">&lt;?xml version=""1.0"" encoding=""UTF-16""?&gt; &lt;Task version=""1.6"" xmlns=""http://schemas.microsoft.com/windows/2004/02/mit/task""&gt;   &lt;RegistrationInfo&gt;     &lt;Source&gt;$(@%systemroot%\system32\sppc.dll,-200)&lt;/Source&gt;     &lt;Author&gt;$(@%systemroot%\system32\sppc.dll,-200)&lt;/Author&gt;     &lt;Version&gt;1.0&lt;/Version&gt;     &lt;Description&gt;$(@%systemroot%\system32\sppc.dll,-201)&lt;/Description&gt;     &lt;URI&gt;\Microsoft\Windows\SoftwareProtectionPlatform\SvcRestartTask&lt;/URI&gt;     &lt;SecurityDescriptor&gt;D:P(A;;FA;;;SY)(A;;FA;;;BA)(A;;FA;;;S-1-5-80-123231216-2592883651-3715271367-3753151631-4175906628)(A;;FR;;;S-1-5-87-2912274048-3994893941-1669128114-1310430903-1263774323)&lt;/SecurityDescriptor&gt;   &lt;/RegistrationInfo&gt;   &lt;Triggers&gt;     &lt;CalendarTrigger&gt;       &lt;StartBoundary&gt;2023-04-30T13:35:41Z&lt;/StartBoundary&gt;       &lt;Enabled&gt;true&lt;/Enabled&gt;       &lt;ScheduleByDay&gt;         &lt;DaysInterval&gt;1&lt;/DaysInterval&gt;       &lt;/ScheduleByDay&gt;     &lt;/CalendarTrigger&gt;   &lt;/Triggers&gt;   &lt;Principals&gt;     &lt;Principal id=""NetworkService""&gt;       &lt;UserId&gt;S-1-5-20&lt;/UserId&gt;       &lt;RunLevel&gt;LeastPrivilege&lt;/RunLevel&gt;     &lt;/Principal&gt;   &lt;/Principals&gt;   &lt;Settings&gt;     &lt;MultipleInstancesPolicy&gt;IgnoreNew&lt;/MultipleInstancesPolicy&gt;     &lt;DisallowStartIfOnBatteries&gt;true&lt;/DisallowStartIfOnBatteries&gt;     &lt;StopIfGoingOnBatteries&gt;true&lt;/StopIfGoingOnBatteries&gt;     &lt;AllowHardTerminate&gt;false&lt;/AllowHardTerminate&gt;     &lt;StartWhenAvailable&gt;true&lt;/StartWhenAvailable&gt;     &lt;RunOnlyIfNetworkAvailable&gt;false&lt;/RunOnlyIfNetworkAvailable&gt;     &lt;IdleSettings&gt;       &lt;StopOnIdleEnd&gt;true&lt;/StopOnIdleEnd&gt;       &lt;RestartOnIdle&gt;false&lt;/RestartOnIdle&gt;     &lt;/IdleSettings&gt;     &lt;AllowStartOnDemand&gt;true&lt;/AllowStartOnDemand&gt;     &lt;Enabled&gt;true&lt;/Enabled&gt;     &lt;Hidden&gt;true&lt;/Hidden&gt;     &lt;RunOnlyIfIdle&gt;false&lt;/RunOnlyIfIdle&gt;     &lt;DisallowStartOnRemoteAppSession&gt;false&lt;/DisallowStartOnRemoteAppSession&gt;     &lt;UseUnifiedSchedulingEngine&gt;true&lt;/UseUnifiedSchedulingEngine&gt;     &lt;WakeToRun&gt;false&lt;/WakeToRun&gt;     &lt;ExecutionTimeLimit&gt;PT0S&lt;/ExecutionTimeLimit&gt;     &lt;Priority&gt;7&lt;/Priority&gt;     &lt;RestartOnFailure&gt;       &lt;Interval&gt;PT1M&lt;/Interval&gt;       &lt;Count&gt;3&lt;/Count&gt;     &lt;/RestartOnFailure&gt;   &lt;/Settings&gt;   &lt;Actions Context=""NetworkService""&gt;     &lt;ComHandler&gt;       &lt;ClassId&gt;{B1AEBB5D-EAD9-4476-B375-9C3ED9F32AFC}&lt;/ClassId&gt;       &lt;Data&gt;&lt;![CDATA[timer]]&gt;&lt;/Data&gt;     &lt;/ComHandler&gt;   &lt;/Actions&gt; &lt;/Task&gt;</Data>
  <Data Name=""ClientProcessStartKey"">16325548649218256</Data>
  <Data Name=""ClientProcessId"">3076</Data>
  <Data Name=""ParentProcessId"">688</Data>
  <Data Name=""RpcCallClientLocality"">0</Data>
  <Data Name=""FQDN"">DC1.kustoworks.com</Data>
</EventData>",4702,"4702 - A scheduled task was updated.","cc046e6c-795c-47b2-a5ae-c9a0645e6d32","cc046e6c-795c-47b2-a5ae-c9a0645e6d33","00000000-0000-0000-0000-000000000001","4/29/2023, 3:29:31.414 PM","AOI-00000000-0000-0000-0000-000000000000",,,,,,,,,,,,,,,,,,,,,,,,,,,,,,,,,,,,,,,,,,,,,,,,,,,,,,,,,,,,,,,,,,,,,,,,,,,,,,,,,,,,,,,,,,,,,,,,,,,,,,,,,,,,,,,,,,,,,,,,,,,,,,,,,,,,,,,,,,,,,,,,,,,,,,,,,,,,,,,"KUSTOWORKS\DC1$",,,,KUSTOWORKS,,0x3e4,,,"DC1$","S-1-5-20",,,,,,,,,,,,,,,,,,,,,,,,,,,,,,,,,,,,,SecurityEvent,"/subscriptions/00000000-0000-0000-0000-000000000000/resourcegroups/kustoworksarc/providers/microsoft.hybridcompute/machines/dc1"
"00000000-0000-0000-0000-000000000000","4/29/2023, 2:30:19.721 PM",OpsManager,"KUSTOWORKS\DC1$",Machine,"DC1.kustoworks.com","Microsoft-Windows-Security-Auditing",Security,1,0,"<EventData xmlns=""http://schemas.microsoft.com/win/2004/08/events/event"">
  <Data Name=""SubjectUserSid"">S-1-5-18</Data>
  <Data Name=""SubjectUserName"">DC1$</Data>
  <Data Name=""SubjectDomainName"">KUSTOWORKS</Data>
  <Data Name=""SubjectLogonId"">0x3e7</Data>
  <Data Name=""TaskName"">\Microsoft\Windows\WindowsUpdate\Scheduled Start</Data>
  <Data Name=""TaskContentNew"">&lt;?xml version=""1.0"" encoding=""UTF-16""?&gt; &lt;Task version=""1.4"" xmlns=""http://schemas.microsoft.com/windows/2004/02/mit/task""&gt;   &lt;RegistrationInfo&gt;     &lt;Source&gt;Microsoft Corporation.&lt;/Source&gt;     &lt;Author&gt;Microsoft Corporation.&lt;/Author&gt;     &lt;Description&gt;This task is used to start the Windows Update service when needed to perform scheduled operations such as scans.&lt;/Description&gt;     &lt;URI&gt;\Microsoft\Windows\WindowsUpdate\Scheduled Start&lt;/URI&gt;   &lt;/RegistrationInfo&gt;   &lt;Triggers&gt;     &lt;TimeTrigger&gt;       &lt;StartBoundary&gt;2023-04-29T15:13:58Z&lt;/StartBoundary&gt;       &lt;Enabled&gt;true&lt;/Enabled&gt;       &lt;RandomDelay&gt;PT1M&lt;/RandomDelay&gt;     &lt;/TimeTrigger&gt;     &lt;SessionStateChangeTrigger&gt;       &lt;Enabled&gt;false&lt;/Enabled&gt;       &lt;StateChange&gt;ConsoleDisconnect&lt;/StateChange&gt;     &lt;/SessionStateChangeTrigger&gt;     &lt;SessionStateChangeTrigger&gt;       &lt;Enabled&gt;false&lt;/Enabled&gt;       &lt;StateChange&gt;RemoteDisconnect&lt;/StateChange&gt;     &lt;/SessionStateChangeTrigger&gt;     &lt;WnfStateChangeTrigger&gt;       &lt;Enabled&gt;false&lt;/Enabled&gt;       &lt;StateName&gt;7508BCA3380C960C&lt;/StateName&gt;       &lt;Data&gt;01&lt;/Data&gt;       &lt;DataOffset&gt;0&lt;/DataOffset&gt;     &lt;/WnfStateChangeTrigger&gt;   &lt;/Triggers&gt;   &lt;Principals&gt;     &lt;Principal id=""LocalSystem""&gt;       &lt;RunLevel&gt;LeastPrivilege&lt;/RunLevel&gt;       &lt;UserId&gt;NT AUTHORITY\SYSTEM&lt;/UserId&gt;     &lt;/Principal&gt;   &lt;/Principals&gt;   &lt;Settings&gt;     &lt;MultipleInstancesPolicy&gt;IgnoreNew&lt;/MultipleInstancesPolicy&gt;     &lt;DisallowStartIfOnBatteries&gt;false&lt;/DisallowStartIfOnBatteries&gt;     &lt;StopIfGoingOnBatteries&gt;false&lt;/StopIfGoingOnBatteries&gt;     &lt;AllowHardTerminate&gt;true&lt;/AllowHardTerminate&gt;     &lt;StartWhenAvailable&gt;true&lt;/StartWhenAvailable&gt;     &lt;RunOnlyIfNetworkAvailable&gt;false&lt;/RunOnlyIfNetworkAvailable&gt;     &lt;IdleSettings&gt;       &lt;Duration&gt;PT10M&lt;/Duration&gt;       &lt;WaitTimeout&gt;PT1H&lt;/WaitTimeout&gt;       &lt;StopOnIdleEnd&gt;true&lt;/StopOnIdleEnd&gt;       &lt;RestartOnIdle&gt;false&lt;/RestartOnIdle&gt;     &lt;/IdleSettings&gt;     &lt;AllowStartOnDemand&gt;false&lt;/AllowStartOnDemand&gt;     &lt;Enabled&gt;true&lt;/Enabled&gt;     &lt;Hidden&gt;false&lt;/Hidden&gt;     &lt;RunOnlyIfIdle&gt;false&lt;/RunOnlyIfIdle&gt;     &lt;DisallowStartOnRemoteAppSession&gt;false&lt;/DisallowStartOnRemoteAppSession&gt;     &lt;UseUnifiedSchedulingEngine&gt;true&lt;/UseUnifiedSchedulingEngine&gt;     &lt;WakeToRun&gt;false&lt;/WakeToRun&gt;     &lt;ExecutionTimeLimit&gt;PT72H&lt;/ExecutionTimeLimit&gt;     &lt;Priority&gt;7&lt;/Priority&gt;   &lt;/Settings&gt;   &lt;Actions Context=""LocalSystem""&gt;     &lt;Exec&gt;       &lt;Command&gt;C:\Windows\system32\sc.exe&lt;/Command&gt;       &lt;Arguments&gt;start wuauserv&lt;/Arguments&gt;     &lt;/Exec&gt;   &lt;/Actions&gt; &lt;/Task&gt;</Data>
  <Data Name=""ClientProcessStartKey"">16325548649218073</Data>
  <Data Name=""ClientProcessId"">1284</Data>
  <Data Name=""ParentProcessId"">688</Data>
  <Data Name=""RpcCallClientLocality"">0</Data>
  <Data Name=""FQDN"">DC1.kustoworks.com</Data>
</EventData>",4702,"4702 - A scheduled task was updated.","cc046e6c-795c-47b2-a5ae-c9a0645e6d32","cc046e6c-795c-47b2-a5ae-c9a0645e6d33","00000000-0000-0000-0000-000000000001","4/29/2023, 3:29:31.414 PM","AOI-00000000-0000-0000-0000-000000000000",,,,,,,,,,,,,,,,,,,,,,,,,,,,,,,,,,,,,,,,,,,,,,,,,,,,,,,,,,,,,,,,,,,,,,,,,,,,,,,,,,,,,,,,,,,,,,,,,,,,,,,,,,,,,,,,,,,,,,,,,,,,,,,,,,,,,,,,,,,,,,,,,,,,,,,,,,,,,,,"KUSTOWORKS\DC1$",,,,KUSTOWORKS,,0x3e7,,,"DC1$","S-1-5-18",,,,,,,,,,,,,,,,,,,,,,,,,,,,,,,,,,,,,SecurityEvent,"/subscriptions/00000000-0000-0000-0000-000000000000/resourcegroups/kustoworksarc/providers/microsoft.hybridcompute/machines/dc1"
"00000000-0000-0000-0000-000000000000","4/29/2023, 1:22:17.164 PM",OpsManager,"KUSTOWORKS\DC1$",Machine,"DC1.kustoworks.com","Microsoft-Windows-Security-Auditing",Security,1,0,"<EventData xmlns=""http://schemas.microsoft.com/win/2004/08/events/event"">
  <Data Name=""SubjectUserSid"">S-1-5-20</Data>
  <Data Name=""SubjectUserName"">DC1$</Data>
  <Data Name=""SubjectDomainName"">KUSTOWORKS</Data>
  <Data Name=""SubjectLogonId"">0x3e4</Data>
  <Data Name=""TaskName"">\Microsoft\Windows\SoftwareProtectionPlatform\SvcRestartTask</Data>
  <Data Name=""TaskContentNew"">&lt;?xml version=""1.0"" encoding=""UTF-16""?&gt; &lt;Task version=""1.6"" xmlns=""http://schemas.microsoft.com/windows/2004/02/mit/task""&gt;   &lt;RegistrationInfo&gt;     &lt;Source&gt;$(@%systemroot%\system32\sppc.dll,-200)&lt;/Source&gt;     &lt;Author&gt;$(@%systemroot%\system32\sppc.dll,-200)&lt;/Author&gt;     &lt;Version&gt;1.0&lt;/Version&gt;     &lt;Description&gt;$(@%systemroot%\system32\sppc.dll,-201)&lt;/Description&gt;     &lt;URI&gt;\Microsoft\Windows\SoftwareProtectionPlatform\SvcRestartTask&lt;/URI&gt;     &lt;SecurityDescriptor&gt;D:P(A;;FA;;;SY)(A;;FA;;;BA)(A;;FA;;;S-1-5-80-123231216-2592883651-3715271367-3753151631-4175906628)(A;;FR;;;S-1-5-87-2912274048-3994893941-1669128114-1310430903-1263774323)&lt;/SecurityDescriptor&gt;   &lt;/RegistrationInfo&gt;   &lt;Triggers&gt;     &lt;CalendarTrigger&gt;       &lt;StartBoundary&gt;2023-04-30T13:11:17Z&lt;/StartBoundary&gt;       &lt;Enabled&gt;true&lt;/Enabled&gt;       &lt;ScheduleByDay&gt;         &lt;DaysInterval&gt;1&lt;/DaysInterval&gt;       &lt;/ScheduleByDay&gt;     &lt;/CalendarTrigger&gt;   &lt;/Triggers&gt;   &lt;Principals&gt;     &lt;Principal id=""NetworkService""&gt;       &lt;UserId&gt;S-1-5-20&lt;/UserId&gt;       &lt;RunLevel&gt;LeastPrivilege&lt;/RunLevel&gt;     &lt;/Principal&gt;   &lt;/Principals&gt;   &lt;Settings&gt;     &lt;MultipleInstancesPolicy&gt;IgnoreNew&lt;/MultipleInstancesPolicy&gt;     &lt;DisallowStartIfOnBatteries&gt;true&lt;/DisallowStartIfOnBatteries&gt;     &lt;StopIfGoingOnBatteries&gt;true&lt;/StopIfGoingOnBatteries&gt;     &lt;AllowHardTerminate&gt;false&lt;/AllowHardTerminate&gt;     &lt;StartWhenAvailable&gt;true&lt;/StartWhenAvailable&gt;     &lt;RunOnlyIfNetworkAvailable&gt;false&lt;/RunOnlyIfNetworkAvailable&gt;     &lt;IdleSettings&gt;       &lt;StopOnIdleEnd&gt;true&lt;/StopOnIdleEnd&gt;       &lt;RestartOnIdle&gt;false&lt;/RestartOnIdle&gt;     &lt;/IdleSettings&gt;     &lt;AllowStartOnDemand&gt;true&lt;/AllowStartOnDemand&gt;     &lt;Enabled&gt;true&lt;/Enabled&gt;     &lt;Hidden&gt;true&lt;/Hidden&gt;     &lt;RunOnlyIfIdle&gt;false&lt;/RunOnlyIfIdle&gt;     &lt;DisallowStartOnRemoteAppSession&gt;false&lt;/DisallowStartOnRemoteAppSession&gt;     &lt;UseUnifiedSchedulingEngine&gt;true&lt;/UseUnifiedSchedulingEngine&gt;     &lt;WakeToRun&gt;false&lt;/WakeToRun&gt;     &lt;ExecutionTimeLimit&gt;PT0S&lt;/ExecutionTimeLimit&gt;     &lt;Priority&gt;7&lt;/Priority&gt;     &lt;RestartOnFailure&gt;       &lt;Interval&gt;PT1M&lt;/Interval&gt;       &lt;Count&gt;3&lt;/Count&gt;     &lt;/RestartOnFailure&gt;   &lt;/Settings&gt;   &lt;Actions Context=""NetworkService""&gt;     &lt;ComHandler&gt;       &lt;ClassId&gt;{B1AEBB5D-EAD9-4476-B375-9C3ED9F32AFC}&lt;/ClassId&gt;       &lt;Data&gt;&lt;![CDATA[timer]]&gt;&lt;/Data&gt;     &lt;/ComHandler&gt;   &lt;/Actions&gt; &lt;/Task&gt;</Data>
  <Data Name=""ClientProcessStartKey"">15762598695797129</Data>
  <Data Name=""ClientProcessId"">2524</Data>
  <Data Name=""ParentProcessId"">720</Data>
  <Data Name=""RpcCallClientLocality"">0</Data>
  <Data Name=""FQDN"">DC1.kustoworks.com</Data>
</EventData>",4702,"4702 - A scheduled task was updated.","cc046e6c-795c-47b2-a5ae-c9a0645e6d32","cc046e6c-795c-47b2-a5ae-c9a0645e6d33","00000000-0000-0000-0000-000000000001","4/29/2023, 2:14:29.800 PM","AOI-00000000-0000-0000-0000-000000000000",,,,,,,,,,,,,,,,,,,,,,,,,,,,,,,,,,,,,,,,,,,,,,,,,,,,,,,,,,,,,,,,,,,,,,,,,,,,,,,,,,,,,,,,,,,,,,,,,,,,,,,,,,,,,,,,,,,,,,,,,,,,,,,,,,,,,,,,,,,,,,,,,,,,,,,,,,,,,,,"KUSTOWORKS\DC1$",,,,KUSTOWORKS,,0x3e4,,,"DC1$","S-1-5-20",,,,,,,,,,,,,,,,,,,,,,,,,,,,,,,,,,,,,SecurityEvent,"/subscriptions/00000000-0000-0000-0000-000000000000/resourcegroups/kustoworksarc/providers/microsoft.hybridcompute/machines/dc1"
"00000000-0000-0000-0000-000000000000","4/29/2023, 1:29:37.460 PM",OpsManager,"KUSTOWORKS\DC1$",Machine,"DC1.kustoworks.com","Microsoft-Windows-Security-Auditing",Security,1,0,"<EventData xmlns=""http://schemas.microsoft.com/win/2004/08/events/event"">
  <Data Name=""SubjectUserSid"">S-1-5-18</Data>
  <Data Name=""SubjectUserName"">DC1$</Data>
  <Data Name=""SubjectDomainName"">KUSTOWORKS</Data>
  <Data Name=""SubjectLogonId"">0x3e7</Data>
  <Data Name=""TaskName"">\Microsoft\Windows\Application Experience\Microsoft Compatibility Appraiser</Data>
  <Data Name=""TaskContentNew"">&lt;?xml version=""1.0"" encoding=""UTF-16""?&gt; &lt;Task version=""1.6"" xmlns=""http://schemas.microsoft.com/windows/2004/02/mit/task""&gt;   &lt;RegistrationInfo&gt;     &lt;Source&gt;$(@%SystemRoot%\system32\compattelrunner.exe,-501)&lt;/Source&gt;     &lt;Author&gt;$(@%SystemRoot%\system32\compattelrunner.exe,-501)&lt;/Author&gt;     &lt;Version&gt;1.0&lt;/Version&gt;     &lt;Description&gt;$(@%SystemRoot%\system32\compattelrunner.exe,-503)&lt;/Description&gt;     &lt;URI&gt;\Microsoft\Windows\Application Experience\Microsoft Compatibility Appraiser&lt;/URI&gt;     &lt;SecurityDescriptor&gt;D:(A;;GA;;;BA)(A;;GA;;;SY)(A;;FRFX;;;LS)&lt;/SecurityDescriptor&gt;   &lt;/RegistrationInfo&gt;   &lt;Triggers&gt;     &lt;TimeTrigger id=""NightlyTrigger""&gt;       &lt;Repetition&gt;         &lt;Interval&gt;P1D&lt;/Interval&gt;         &lt;StopAtDurationEnd&gt;false&lt;/StopAtDurationEnd&gt;       &lt;/Repetition&gt;       &lt;StartBoundary&gt;2008-09-01T03:00:00&lt;/StartBoundary&gt;       &lt;Enabled&gt;true&lt;/Enabled&gt;       &lt;RandomDelay&gt;PT2H&lt;/RandomDelay&gt;     &lt;/TimeTrigger&gt;     &lt;WnfStateChangeTrigger id=""OobeTrigger""&gt;       &lt;Enabled&gt;false&lt;/Enabled&gt;       &lt;StateName&gt;750CBCA3290B9641&lt;/StateName&gt;       &lt;Data&gt;01&lt;/Data&gt;       &lt;DataOffset&gt;0&lt;/DataOffset&gt;     &lt;/WnfStateChangeTrigger&gt;     &lt;WnfStateChangeTrigger id=""NetworkTrigger""&gt;       &lt;Enabled&gt;false&lt;/Enabled&gt;       &lt;StateName&gt;7510BCA323028B41&lt;/StateName&gt;       &lt;Data&gt;01&lt;/Data&gt;       &lt;DataOffset&gt;0&lt;/DataOffset&gt;     &lt;/WnfStateChangeTrigger&gt;   &lt;/Triggers&gt;   &lt;Principals&gt;     &lt;Principal id=""LocalSystem""&gt;       &lt;RunLevel&gt;LeastPrivilege&lt;/RunLevel&gt;       &lt;UserId&gt;S-1-5-18&lt;/UserId&gt;     &lt;/Principal&gt;   &lt;/Principals&gt;   &lt;Settings&gt;     &lt;MultipleInstancesPolicy&gt;IgnoreNew&lt;/MultipleInstancesPolicy&gt;     &lt;DisallowStartIfOnBatteries&gt;false&lt;/DisallowStartIfOnBatteries&gt;     &lt;StopIfGoingOnBatteries&gt;false&lt;/StopIfGoingOnBatteries&gt;     &lt;AllowHardTerminate&gt;true&lt;/AllowHardTerminate&gt;     &lt;StartWhenAvailable&gt;true&lt;/StartWhenAvailable&gt;     &lt;RunOnlyIfNetworkAvailable&gt;true&lt;/RunOnlyIfNetworkAvailable&gt;     &lt;IdleSettings&gt;       &lt;StopOnIdleEnd&gt;true&lt;/StopOnIdleEnd&gt;       &lt;RestartOnIdle&gt;false&lt;/RestartOnIdle&gt;     &lt;/IdleSettings&gt;     &lt;AllowStartOnDemand&gt;true&lt;/AllowStartOnDemand&gt;     &lt;Enabled&gt;true&lt;/Enabled&gt;     &lt;Hidden&gt;false&lt;/Hidden&gt;     &lt;RunOnlyIfIdle&gt;false&lt;/RunOnlyIfIdle&gt;     &lt;DisallowStartOnRemoteAppSession&gt;false&lt;/DisallowStartOnRemoteAppSession&gt;     &lt;UseUnifiedSchedulingEngine&gt;true&lt;/UseUnifiedSchedulingEngine&gt;     &lt;WakeToRun&gt;false&lt;/WakeToRun&gt;     &lt;ExecutionTimeLimit&gt;P4D&lt;/ExecutionTimeLimit&gt;     &lt;Priority&gt;7&lt;/Priority&gt;   &lt;/Settings&gt;   &lt;Actions Context=""LocalSystem""&gt;     &lt;Exec&gt;       &lt;Command&gt;%windir%\system32\compattelrunner.exe&lt;/Command&gt;     &lt;/Exec&gt;   &lt;/Actions&gt; &lt;/Task&gt;</Data>
  <Data Name=""ClientProcessStartKey"">15762598695797004</Data>
  <Data Name=""ClientProcessId"">7816</Data>
  <Data Name=""ParentProcessId"">1304</Data>
  <Data Name=""RpcCallClientLocality"">0</Data>
  <Data Name=""FQDN"">DC1.kustoworks.com</Data>
</EventData>",4702,"4702 - A scheduled task was updated.","cc046e6c-795c-47b2-a5ae-c9a0645e6d32","cc046e6c-795c-47b2-a5ae-c9a0645e6d33","00000000-0000-0000-0000-000000000001","4/29/2023, 2:22:35.664 PM","AOI-00000000-0000-0000-0000-000000000000",,,,,,,,,,,,,,,,,,,,,,,,,,,,,,,,,,,,,,,,,,,,,,,,,,,,,,,,,,,,,,,,,,,,,,,,,,,,,,,,,,,,,,,,,,,,,,,,,,,,,,,,,,,,,,,,,,,,,,,,,,,,,,,,,,,,,,,,,,,,,,,,,,,,,,,,,,,,,,,"KUSTOWORKS\DC1$",,,,KUSTOWORKS,,0x3e7,,,"DC1$","S-1-5-18",,,,,,,,,,,,,,,,,,,,,,,,,,,,,,,,,,,,,SecurityEvent,"/subscriptions/00000000-0000-0000-0000-000000000000/resourcegroups/kustoworksarc/providers/microsoft.hybridcompute/machines/dc1"
"00000000-0000-0000-0000-000000000000","4/29/2023, 1:33:39.000 PM",OpsManager,"KUSTOWORKS\DC1$",Machine,"DC1.kustoworks.com","Microsoft-Windows-Security-Auditing",Security,1,0,"<EventData xmlns=""http://schemas.microsoft.com/win/2004/08/events/event"">
  <Data Name=""SubjectUserSid"">S-1-5-18</Data>
  <Data Name=""SubjectUserName"">DC1$</Data>
  <Data Name=""SubjectDomainName"">KUSTOWORKS</Data>
  <Data Name=""SubjectLogonId"">0x3e7</Data>
  <Data Name=""TaskName"">\Microsoft\Windows\WindowsUpdate\Scheduled Start</Data>
  <Data Name=""TaskContentNew"">&lt;?xml version=""1.0"" encoding=""UTF-16""?&gt; &lt;Task version=""1.4"" xmlns=""http://schemas.microsoft.com/windows/2004/02/mit/task""&gt;   &lt;RegistrationInfo&gt;     &lt;Source&gt;Microsoft Corporation.&lt;/Source&gt;     &lt;Author&gt;Microsoft Corporation.&lt;/Author&gt;     &lt;Description&gt;This task is used to start the Windows Update service when needed to perform scheduled operations such as scans.&lt;/Description&gt;     &lt;URI&gt;\Microsoft\Windows\WindowsUpdate\Scheduled Start&lt;/URI&gt;   &lt;/RegistrationInfo&gt;   &lt;Triggers&gt;     &lt;TimeTrigger&gt;       &lt;StartBoundary&gt;2023-04-29T15:13:58Z&lt;/StartBoundary&gt;       &lt;Enabled&gt;true&lt;/Enabled&gt;       &lt;RandomDelay&gt;PT1M&lt;/RandomDelay&gt;     &lt;/TimeTrigger&gt;     &lt;SessionStateChangeTrigger&gt;       &lt;Enabled&gt;false&lt;/Enabled&gt;       &lt;StateChange&gt;ConsoleDisconnect&lt;/StateChange&gt;     &lt;/SessionStateChangeTrigger&gt;     &lt;SessionStateChangeTrigger&gt;       &lt;Enabled&gt;false&lt;/Enabled&gt;       &lt;StateChange&gt;RemoteDisconnect&lt;/StateChange&gt;     &lt;/SessionStateChangeTrigger&gt;     &lt;WnfStateChangeTrigger&gt;       &lt;Enabled&gt;false&lt;/Enabled&gt;       &lt;StateName&gt;7508BCA3380C960C&lt;/StateName&gt;       &lt;Data&gt;01&lt;/Data&gt;       &lt;DataOffset&gt;0&lt;/DataOffset&gt;     &lt;/WnfStateChangeTrigger&gt;   &lt;/Triggers&gt;   &lt;Principals&gt;     &lt;Principal id=""LocalSystem""&gt;       &lt;RunLevel&gt;LeastPrivilege&lt;/RunLevel&gt;       &lt;UserId&gt;NT AUTHORITY\SYSTEM&lt;/UserId&gt;     &lt;/Principal&gt;   &lt;/Principals&gt;   &lt;Settings&gt;     &lt;MultipleInstancesPolicy&gt;IgnoreNew&lt;/MultipleInstancesPolicy&gt;     &lt;DisallowStartIfOnBatteries&gt;false&lt;/DisallowStartIfOnBatteries&gt;     &lt;StopIfGoingOnBatteries&gt;false&lt;/StopIfGoingOnBatteries&gt;     &lt;AllowHardTerminate&gt;true&lt;/AllowHardTerminate&gt;     &lt;StartWhenAvailable&gt;true&lt;/StartWhenAvailable&gt;     &lt;RunOnlyIfNetworkAvailable&gt;false&lt;/RunOnlyIfNetworkAvailable&gt;     &lt;IdleSettings&gt;       &lt;Duration&gt;PT10M&lt;/Duration&gt;       &lt;WaitTimeout&gt;PT1H&lt;/WaitTimeout&gt;       &lt;StopOnIdleEnd&gt;true&lt;/StopOnIdleEnd&gt;       &lt;RestartOnIdle&gt;false&lt;/RestartOnIdle&gt;     &lt;/IdleSettings&gt;     &lt;AllowStartOnDemand&gt;false&lt;/AllowStartOnDemand&gt;     &lt;Enabled&gt;true&lt;/Enabled&gt;     &lt;Hidden&gt;false&lt;/Hidden&gt;     &lt;RunOnlyIfIdle&gt;false&lt;/RunOnlyIfIdle&gt;     &lt;DisallowStartOnRemoteAppSession&gt;false&lt;/DisallowStartOnRemoteAppSession&gt;     &lt;UseUnifiedSchedulingEngine&gt;true&lt;/UseUnifiedSchedulingEngine&gt;     &lt;WakeToRun&gt;false&lt;/WakeToRun&gt;     &lt;ExecutionTimeLimit&gt;PT72H&lt;/ExecutionTimeLimit&gt;     &lt;Priority&gt;7&lt;/Priority&gt;   &lt;/Settings&gt;   &lt;Actions Context=""LocalSystem""&gt;     &lt;Exec&gt;       &lt;Command&gt;C:\Windows\system32\sc.exe&lt;/Command&gt;       &lt;Arguments&gt;start wuauserv&lt;/Arguments&gt;     &lt;/Exec&gt;   &lt;/Actions&gt; &lt;/Task&gt;</Data>
  <Data Name=""ClientProcessStartKey"">15762598695796761</Data>
  <Data Name=""ClientProcessId"">1304</Data>
  <Data Name=""ParentProcessId"">720</Data>
  <Data Name=""RpcCallClientLocality"">0</Data>
  <Data Name=""FQDN"">DC1.kustoworks.com</Data>
</EventData>",4702,"4702 - A scheduled task was updated.","cc046e6c-795c-47b2-a5ae-c9a0645e6d32","cc046e6c-795c-47b2-a5ae-c9a0645e6d33","00000000-0000-0000-0000-000000000001","4/29/2023, 2:22:35.910 PM","AOI-00000000-0000-0000-0000-000000000000",,,,,,,,,,,,,,,,,,,,,,,,,,,,,,,,,,,,,,,,,,,,,,,,,,,,,,,,,,,,,,,,,,,,,,,,,,,,,,,,,,,,,,,,,,,,,,,,,,,,,,,,,,,,,,,,,,,,,,,,,,,,,,,,,,,,,,,,,,,,,,,,,,,,,,,,,,,,,,,"KUSTOWORKS\DC1$",,,,KUSTOWORKS,,0x3e7,,,"DC1$","S-1-5-18",,,,,,,,,,,,,,,,,,,,,,,,,,,,,,,,,,,,,SecurityEvent,"/subscriptions/00000000-0000-0000-0000-000000000000/resourcegroups/kustoworksarc/providers/microsoft.hybridcompute/machines/dc1"
