"0b2a9277-f48f-49f6-b78d-d8bfd6dea87a",RestAPI,,,"7/27/2023, 2:24:54.001 PM",,,,,,,,,,,,,,,,,,3595,,".",Default,,,"Microsoft-Windows-DNSServer","eb79061a-a566-4698-9119-3ed2807060e7",262,0,16,"Microsoft-Windows-DNS-Server/Analytical ",2,"Error ",0,2,"RECURSE_QUERY ",9223372036854775872,"7/27/2023, 2:24:50.813 PM",2908,3164,ERROR,4,ERROR,windns,"NT AUTHORITY",SYSTEM,"S-1-5-18",User,0,0,"0.0.0.0",,,"adl.windows.com.",1,2286,0,,,,,,,,,,,,,".","27e53220-7c5f-42b3-8de8-ee229b8ba17c","7/27/2023, 2:24:52.858 PM","in_windowsdns_auditanalytics_sentinel_windows","im_etw","172.18.88.20","N/A","2001:500:856e::30",,,,,,,,,,,"NXLog_DNS_Server_CL",
"0b2a9277-f48f-49f6-b78d-d8bfd6dea87a",RestAPI,,,"7/27/2023, 2:24:54.001 PM",,,,,,,,,,,,,,,,,,3595,,".",Default,,,"Microsoft-Windows-DNSServer","eb79061a-a566-4698-9119-3ed2807060e7",260,0,16,"Microsoft-Windows-DNS-Server/Analytical ",4,"Information ",0,2,"RECURSE_QUERY ",9223372036854775824,"7/27/2023, 2:24:50.813 PM",2908,3164,INFO,2,INFO,windns,"NT AUTHORITY",SYSTEM,"S-1-5-18",User,0,0,"0.0.0.0",,0,"a1943.g2.akamai.NET.",1,2286,0,2286,false,false,false,QUERY,false,NOERROR,false,false,false,"[{""dns.query.name"":""a1943.g2.akamai.NET"",""dns.query.type"":""A"",""dns.query.class"":""IN""}]",0x08EE0000000100000000000105613139343302673206616B616D6169034E455400000100010000290FA0000000000000,".","27e53220-7c5f-42b3-8de8-ee229b8ba17c","7/27/2023, 2:24:52.858 PM","in_windowsdns_auditanalytics_sentinel_windows","im_etw","172.18.88.20","N/A","192.35.51.30",,,,,,,NULL,,,,"NXLog_DNS_Server_CL",
"0b2a9277-f48f-49f6-b78d-d8bfd6dea87a",RestAPI,,,"7/27/2023, 2:24:54.001 PM",,,,,,,,,,,,,,,,,,3595,,".",Default,,,"Microsoft-Windows-DNSServer","eb79061a-a566-4698-9119-3ed2807060e7",260,0,16,"Microsoft-Windows-DNS-Server/Analytical ",4,"Information ",0,2,"RECURSE_QUERY ",9223372036854775824,"7/27/2023, 2:24:50.813 PM",2908,3164,INFO,2,INFO,windns,"NT AUTHORITY",SYSTEM,"S-1-5-18",User,0,0,"0.0.0.0",,0,"a1943.g2.akamai.NET.",1,2286,0,2286,false,false,false,QUERY,false,NOERROR,false,false,false,"[{""dns.query.name"":""a1943.g2.akamai.NET"",""dns.query.type"":""A"",""dns.query.class"":""IN""}]",0x08EE0000000100000000000105613139343302673206616B616D6169034E455400000100010000290FA0000000000000,".","27e53220-7c5f-42b3-8de8-ee229b8ba17c","7/27/2023, 2:24:52.858 PM","in_windowsdns_auditanalytics_sentinel_windows","im_etw","172.18.88.20","N/A","192.43.172.30",,,,,,,NULL,,,,"NXLog_DNS_Server_CL",
"0b2a9277-f48f-49f6-b78d-d8bfd6dea87a",RestAPI,,,"7/27/2023, 2:24:54.001 PM",,,,,,,,,,,,,,,,,"[{""dns.additional.name"":""zc.akamaitech.NET"",""dns.additional.type"":""A"",""dns.additional.class"":""IN"",""dns.additional.ttl"":172800,""dns.additional.data"":""23.74.25.192""},{""dns.additional.name"":""zd.akamaitech.NET"",""dns.additional.type"":""A"",""dns.additional.class"":""IN"",""dns.additional.ttl"":172800,""dns.additional.data"":""95.101.36.192""},{""dns.additional.name"":""ze.akamaitech.NET"",""dns.additional.type"":""A"",""dns.additional.class"":""IN"",""dns.additional.ttl"":172800,""dns.additional.data"":""184.26.161.192""},{""dns.additional.name"":""zg.akamaitech.NET"",""dns.additional.type"":""A"",""dns.additional.class"":""IN"",""dns.additional.ttl"":172800,""dns.additional.data"":""96.7.50.192""},{""dns.additional.name"":""zh.akamaitech.NET"",""dns.additional.type"":""A"",""dns.additional.class"":""IN"",""dns.additional.ttl"":172800,""dns.additional.data"":""23.211.133.192""},{""dns.additional.name"":""zi.akamaitech.NET"",""dns.additional.type"":""A"",""dns.additional.class"":""IN"",""dns.additional.ttl"":172800,""dns.additional.data"":""184.26.161.192""},{""dns.additional.name"":""ns3-193.akamaitech.NET"",""dns.additional.type"":""A"",""dns.additional.class"":""IN"",""dns.additional.ttl"":172800,""dns.additional.data"":""23.61.199.193""},{""dns.additional.name"":""ns3-193.akamaitech.NET"",""dns.additional.type"":""AAAA"",""dns.additional.class"":""IN"",""dns.additional.ttl"":172800,""dns.additional.data"":""2600:1406:32::c1""},{""dns.additional.name"":""ns2-193.akamaitech.NET"",""dns.additional.type"":""A"",""dns.additional.class"":""IN"",""dns.additional.ttl"":172800,""dns.additional.data"":""2.22.230.193""},{""dns.additional.name"":""ns4-193.akamaitech.NET"",""dns.additional.type"":""AAAA"",""dns.additional.class"":""IN"",""dns.additional.ttl"":172800,""dns.additional.data"":""2600:1480:1::c1""},{""dns.additional.name"":""ns4-193.akamaitech.NET"",""dns.additional.type"":""A"",""dns.additional.class"":""IN"",""dns.additional.ttl"":172800,""dns.additional.data"":""84.53.139.193""},{""dns.additional.name"":""ns6-193.akamaitech.NET"",""dns.additional.type"":""A"",""dns.additional.class"":""IN"",""dns.additional.ttl"":172800,""dns.additional.data"":""95.100.168.193""},{""dns.additional.name"":""ns7-193.akamaitech.NET"",""dns.additional.type"":""A"",""dns.additional.class"":""IN"",""dns.additional.ttl"":172800,""dns.additional.data"":""96.7.49.193""},{""dns.additional.name"":"""",""dns.additional.type"":""A"",""dns.additional.class"":""IN"",""dns.additional.ttl"":172800,""dns.additional.data"":""184.85.248.193""},{""dns.additional.name"":"""",""dns.additional.type"":""A"",""dns.additional.class"":""IN"",""dns.additional.ttl"":172800,""dns.additional.data"":""193.108.88.1""}]",,5,".",Default,,0,"Microsoft-Windows-DNSServer","eb79061a-a566-4698-9119-3ed2807060e7",261,0,16,"Microsoft-Windows-DNS-Server/Analytical ",4,"Information ",0,2,"RECURSE_QUERY ",9223372036854775840,"7/27/2023, 2:24:50.849 PM",2908,4028,INFO,2,INFO,windns,"NT AUTHORITY",SYSTEM,"S-1-5-18",User,32768,0,"0.0.0.0","192.35.51.30",,"a1943.g2.akamai.NET.",1,2286,0,2286,false,false,false,QUERY,true,NOERROR,false,false,false,"[{""dns.query.name"":""a1943.g2.akamai.NET"",""dns.query.type"":""A"",""dns.query.class"":""IN""}]",0x08EE800000010000000D001005613139343302673206616B616D6169034E45540000010001C015000200010002A3000010027A630A616B616D616974656368C01CC015000200010002A3000005027A64C034C015000200010002A3000005027A65C034C015000200010002A3000005027A67C034C015000200010002A3000005027A68C034C015000200010002A3000005027A69C034C015000200010002A300000A076E73332D313933C034C015000200010002A300000A076E73322D313933C034C015000200010002A300000A076E73342D313933C034C015000200010002A300000A076E73362D313933C034C015000200010002A300000A076E73372D313933C034C015000200010002A300000A076E73352D313933C034C015000200010002A3000008056E73312D31C034C031000100010002A3000004174A19C0C04D000100010002A30000045F6524C0C05E000100010002A3000004B81AA1C0C06F000100010002A3000004600732C0C080000100010002A300000417D385C0C091000100010002A3000004B81AA1C0C0A2000100010002A3000004173DC7C1C0A2001C00010002A3000010260014060032000000000000000000C1C0B8000100010002A30000040216E6C1C0CE001C00010002A3000010260014800001000000000000000000C1C0CE000100010002A300000454358BC1C0E4000100010002A30000045F64A8C1C0FA000100010002A3000004600731C1C110000100010002A3000004B855F8C1C126000100010002A3000004C16C58010000291000000000000000,".","27e53220-7c5f-42b3-8de8-ee229b8ba17c","7/27/2023, 2:24:52.858 PM","in_windowsdns_auditanalytics_sentinel_windows","im_etw","172.18.88.20","N/A",,0,0,,,,,,"[{""dns.authority.name"":""akamai.NET"",""dns.authority.type"":""NS"",""dns.authority.class"":""IN"",""dns.authority.ttl"":172800,""dns.authority.data"":""zc.akamaitech.NET""},{""dns.authority.name"":""akamai.NET"",""dns.authority.type"":""NS"",""dns.authority.class"":""IN"",""dns.authority.ttl"":172800,""dns.authority.data"":""zd.akamaitech.NET""},{""dns.authority.name"":""akamai.NET"",""dns.authority.type"":""NS"",""dns.authority.class"":""IN"",""dns.authority.ttl"":172800,""dns.authority.data"":""ze.akamaitech.NET""},{""dns.authority.name"":""akamai.NET"",""dns.authority.type"":""NS"",""dns.authority.class"":""IN"",""dns.authority.ttl"":172800,""dns.authority.data"":""zg.akamaitech.NET""},{""dns.authority.name"":""akamai.NET"",""dns.authority.type"":""NS"",""dns.authority.class"":""IN"",""dns.authority.ttl"":172800,""dns.authority.data"":""zh.akamaitech.NET""},{""dns.authority.name"":""akamai.NET"",""dns.authority.type"":""NS"",""dns.authority.class"":""IN"",""dns.authority.ttl"":172800,""dns.authority.data"":""zi.akamaitech.NET""},{""dns.authority.name"":""akamai.NET"",""dns.authority.type"":""NS"",""dns.authority.class"":""IN"",""dns.authority.ttl"":172800,""dns.authority.data"":""ns3-193.akamaitech.NET""},{""dns.authority.name"":""akamai.NET"",""dns.authority.type"":""NS"",""dns.authority.class"":""IN"",""dns.authority.ttl"":172800,""dns.authority.data"":""ns2-193.akamaitech.NET""},{""dns.authority.name"":""akamai.NET"",""dns.authority.type"":""NS"",""dns.authority.class"":""IN"",""dns.authority.ttl"":172800,""dns.authority.data"":""ns4-193.akamaitech.NET""},{""dns.authority.name"":""akamai.NET"",""dns.authority.type"":""NS"",""dns.authority.class"":""IN"",""dns.authority.ttl"":172800,""dns.authority.data"":""ns6-193.akamaitech.NET""},{""dns.authority.name"":""akamai.NET"",""dns.authority.type"":""NS"",""dns.authority.class"":""IN"",""dns.authority.ttl"":172800,""dns.authority.data"":""ns7-193.akamaitech.NET""},{""dns.authority.name"":""akamai.NET"",""dns.authority.type"":""NS"",""dns.authority.class"":""IN"",""dns.authority.ttl"":172800,""dns.authority.data"":""ns5-193.akamaitech.NET""},{""dns.authority.name"":""akamai.NET"",""dns.authority.type"":""NS"",""dns.authority.class"":""IN"",""dns.authority.ttl"":172800,""dns.authority.data"":""ns1-1.akamaitech.NET""}]",,,"NXLog_DNS_Server_CL",
"0b2a9277-f48f-49f6-b78d-d8bfd6dea87a",RestAPI,,,"7/27/2023, 2:24:54.001 PM",,,,,,,,,,,,,,,,,,3595,,".",Default,,,"Microsoft-Windows-DNSServer","eb79061a-a566-4698-9119-3ed2807060e7",260,0,16,"Microsoft-Windows-DNS-Server/Analytical ",4,"Information ",0,2,"RECURSE_QUERY ",9223372036854775824,"7/27/2023, 2:24:50.850 PM",2908,4028,INFO,2,INFO,windns,"NT AUTHORITY",SYSTEM,"S-1-5-18",User,0,0,"0.0.0.0",,0,"a1943.g2.akamai.NET.",1,11952,0,11952,false,false,false,QUERY,false,NOERROR,false,false,false,"[{""dns.query.name"":""a1943.g2.akamai.NET"",""dns.query.type"":""A"",""dns.query.class"":""IN""}]",0x2EB00000000100000000000105613139343302673206616B616D6169034E455400000100010000290FA0000000000000,".","27e53220-7c5f-42b3-8de8-ee229b8ba17c","7/27/2023, 2:24:52.858 PM","in_windowsdns_auditanalytics_sentinel_windows","im_etw","172.18.88.20","N/A","23.61.199.193",,,,,,,NULL,,,,"NXLog_DNS_Server_CL",
"0b2a9277-f48f-49f6-b78d-d8bfd6dea87a",RestAPI,,,"7/27/2023, 2:24:54.001 PM",,,,,,,,,,,,,,,,,"[{""dns.additional.name"":""zc.akamaitech.NET"",""dns.additional.type"":""A"",""dns.additional.class"":""IN"",""dns.additional.ttl"":172800,""dns.additional.data"":""23.74.25.192""},{""dns.additional.name"":""zd.akamaitech.NET"",""dns.additional.type"":""A"",""dns.additional.class"":""IN"",""dns.additional.ttl"":172800,""dns.additional.data"":""95.101.36.192""},{""dns.additional.name"":""ze.akamaitech.NET"",""dns.additional.type"":""A"",""dns.additional.class"":""IN"",""dns.additional.ttl"":172800,""dns.additional.data"":""184.26.161.192""},{""dns.additional.name"":""zg.akamaitech.NET"",""dns.additional.type"":""A"",""dns.additional.class"":""IN"",""dns.additional.ttl"":172800,""dns.additional.data"":""96.7.50.192""},{""dns.additional.name"":""zh.akamaitech.NET"",""dns.additional.type"":""A"",""dns.additional.class"":""IN"",""dns.additional.ttl"":172800,""dns.additional.data"":""23.211.133.192""},{""dns.additional.name"":""zi.akamaitech.NET"",""dns.additional.type"":""A"",""dns.additional.class"":""IN"",""dns.additional.ttl"":172800,""dns.additional.data"":""184.26.161.192""},{""dns.additional.name"":""ns3-193.akamaitech.NET"",""dns.additional.type"":""A"",""dns.additional.class"":""IN"",""dns.additional.ttl"":172800,""dns.additional.data"":""23.61.199.193""},{""dns.additional.name"":""ns3-193.akamaitech.NET"",""dns.additional.type"":""AAAA"",""dns.additional.class"":""IN"",""dns.additional.ttl"":172800,""dns.additional.data"":""2600:1406:32::c1""},{""dns.additional.name"":""ns2-193.akamaitech.NET"",""dns.additional.type"":""A"",""dns.additional.class"":""IN"",""dns.additional.ttl"":172800,""dns.additional.data"":""2.22.230.193""},{""dns.additional.name"":""ns4-193.akamaitech.NET"",""dns.additional.type"":""AAAA"",""dns.additional.class"":""IN"",""dns.additional.ttl"":172800,""dns.additional.data"":""2600:1480:1::c1""},{""dns.additional.name"":""ns4-193.akamaitech.NET"",""dns.additional.type"":""A"",""dns.additional.class"":""IN"",""dns.additional.ttl"":172800,""dns.additional.data"":""84.53.139.193""},{""dns.additional.name"":""ns6-193.akamaitech.NET"",""dns.additional.type"":""A"",""dns.additional.class"":""IN"",""dns.additional.ttl"":172800,""dns.additional.data"":""95.100.168.193""},{""dns.additional.name"":""ns7-193.akamaitech.NET"",""dns.additional.type"":""A"",""dns.additional.class"":""IN"",""dns.additional.ttl"":172800,""dns.additional.data"":""96.7.49.193""},{""dns.additional.name"":"""",""dns.additional.type"":""A"",""dns.additional.class"":""IN"",""dns.additional.ttl"":172800,""dns.additional.data"":""184.85.248.193""},{""dns.additional.name"":"""",""dns.additional.type"":""A"",""dns.additional.class"":""IN"",""dns.additional.ttl"":172800,""dns.additional.data"":""193.108.88.1""}]",,0,".",Default,,0,"Microsoft-Windows-DNSServer","eb79061a-a566-4698-9119-3ed2807060e7",261,0,16,"Microsoft-Windows-DNS-Server/Analytical ",4,"Information ",0,2,"RECURSE_QUERY ",9223372036854775840,"7/27/2023, 2:24:50.851 PM",2908,4028,INFO,2,INFO,windns,"NT AUTHORITY",SYSTEM,"S-1-5-18",User,32768,0,"0.0.0.0","192.43.172.30",,"a1943.g2.akamai.NET.",1,2286,0,2286,false,false,false,QUERY,true,NOERROR,false,false,false,"[{""dns.query.name"":""a1943.g2.akamai.NET"",""dns.query.type"":""A"",""dns.query.class"":""IN""}]",0x08EE800000010000000D001005613139343302673206616B616D6169034E45540000010001C015000200010002A3000010027A630A616B616D616974656368C01CC015000200010002A3000005027A64C034C015000200010002A3000005027A65C034C015000200010002A3000005027A67C034C015000200010002A3000005027A68C034C015000200010002A3000005027A69C034C015000200010002A300000A076E73332D313933C034C015000200010002A300000A076E73322D313933C034C015000200010002A300000A076E73342D313933C034C015000200010002A300000A076E73362D313933C034C015000200010002A300000A076E73372D313933C034C015000200010002A300000A076E73352D313933C034C015000200010002A3000008056E73312D31C034C031000100010002A3000004174A19C0C04D000100010002A30000045F6524C0C05E000100010002A3000004B81AA1C0C06F000100010002A3000004600732C0C080000100010002A300000417D385C0C091000100010002A3000004B81AA1C0C0A2000100010002A3000004173DC7C1C0A2001C00010002A3000010260014060032000000000000000000C1C0B8000100010002A30000040216E6C1C0CE001C00010002A3000010260014800001000000000000000000C1C0CE000100010002A300000454358BC1C0E4000100010002A30000045F64A8C1C0FA000100010002A3000004600731C1C110000100010002A3000004B855F8C1C126000100010002A3000004C16C58010000291000000000000000,".","00000000-0000-0000-0000-000000000000","7/27/2023, 2:24:52.858 PM","in_windowsdns_auditanalytics_sentinel_windows","im_etw","172.18.88.20","N/A",,0,0,,,,,,"[{""dns.authority.name"":""akamai.NET"",""dns.authority.type"":""NS"",""dns.authority.class"":""IN"",""dns.authority.ttl"":172800,""dns.authority.data"":""zc.akamaitech.NET""},{""dns.authority.name"":""akamai.NET"",""dns.authority.type"":""NS"",""dns.authority.class"":""IN"",""dns.authority.ttl"":172800,""dns.authority.data"":""zd.akamaitech.NET""},{""dns.authority.name"":""akamai.NET"",""dns.authority.type"":""NS"",""dns.authority.class"":""IN"",""dns.authority.ttl"":172800,""dns.authority.data"":""ze.akamaitech.NET""},{""dns.authority.name"":""akamai.NET"",""dns.authority.type"":""NS"",""dns.authority.class"":""IN"",""dns.authority.ttl"":172800,""dns.authority.data"":""zg.akamaitech.NET""},{""dns.authority.name"":""akamai.NET"",""dns.authority.type"":""NS"",""dns.authority.class"":""IN"",""dns.authority.ttl"":172800,""dns.authority.data"":""zh.akamaitech.NET""},{""dns.authority.name"":""akamai.NET"",""dns.authority.type"":""NS"",""dns.authority.class"":""IN"",""dns.authority.ttl"":172800,""dns.authority.data"":""zi.akamaitech.NET""},{""dns.authority.name"":""akamai.NET"",""dns.authority.type"":""NS"",""dns.authority.class"":""IN"",""dns.authority.ttl"":172800,""dns.authority.data"":""ns3-193.akamaitech.NET""},{""dns.authority.name"":""akamai.NET"",""dns.authority.type"":""NS"",""dns.authority.class"":""IN"",""dns.authority.ttl"":172800,""dns.authority.data"":""ns2-193.akamaitech.NET""},{""dns.authority.name"":""akamai.NET"",""dns.authority.type"":""NS"",""dns.authority.class"":""IN"",""dns.authority.ttl"":172800,""dns.authority.data"":""ns4-193.akamaitech.NET""},{""dns.authority.name"":""akamai.NET"",""dns.authority.type"":""NS"",""dns.authority.class"":""IN"",""dns.authority.ttl"":172800,""dns.authority.data"":""ns6-193.akamaitech.NET""},{""dns.authority.name"":""akamai.NET"",""dns.authority.type"":""NS"",""dns.authority.class"":""IN"",""dns.authority.ttl"":172800,""dns.authority.data"":""ns7-193.akamaitech.NET""},{""dns.authority.name"":""akamai.NET"",""dns.authority.type"":""NS"",""dns.authority.class"":""IN"",""dns.authority.ttl"":172800,""dns.authority.data"":""ns5-193.akamaitech.NET""},{""dns.authority.name"":""akamai.NET"",""dns.authority.type"":""NS"",""dns.authority.class"":""IN"",""dns.authority.ttl"":172800,""dns.authority.data"":""ns1-1.akamaitech.NET""}]",,,"NXLog_DNS_Server_CL",
"0b2a9277-f48f-49f6-b78d-d8bfd6dea87a",RestAPI,,,"7/27/2023, 2:24:54.001 PM",,,,,,,,,,,,,,,,System,,,,,,,,"Microsoft-Windows-DNSServer","eb79061a-a566-4698-9119-3ed2807060e7",259,0,16,"Microsoft-Windows-DNS-Server/Analytical ",2,"Error ",0,1,"LOOK_UP ",9223372036854775816,"7/27/2023, 2:24:50.851 PM",2908,4028,ERROR,4,ERROR,windns,"NT AUTHORITY",SYSTEM,"S-1-5-18",User,"EXTENDED_INFO|IS_64_BIT_HEADER|PROCESSOR_INDEX (577)",0,"0.0.0.0","192.43.172.30",,"a1943.g2.akamai.NET.",1,2286,,,,,,,,,,,,,,".",,"7/27/2023, 2:24:52.858 PM","in_windowsdns_auditanalytics_sentinel_windows","im_etw","172.18.88.20","N/A",,,,,,,NULL,NULL,,,"N/A","NXLog_DNS_Server_CL",
"0b2a9277-f48f-49f6-b78d-d8bfd6dea87a",RestAPI,,,"7/27/2023, 2:24:54.001 PM",,,,,,,,,,,,,,,,,"[{""dns.additional.name"":""n1g2.akamai.NET"",""dns.additional.type"":""A"",""dns.additional.class"":""IN"",""dns.additional.ttl"":4000,""dns.additional.data"":""2.23.154.23""},{""dns.additional.name"":""n0g2.akamai.NET"",""dns.additional.type"":""A"",""dns.additional.class"":""IN"",""dns.additional.ttl"":4000,""dns.additional.data"":""88.221.81.192""},{""dns.additional.name"":""n0g2.akamai.NET"",""dns.additional.type"":""AAAA"",""dns.additional.class"":""IN"",""dns.additional.ttl"":4000,""dns.additional.data"":""2600:1480:e800::c0""},{""dns.additional.name"":""n7g2.akamai.NET"",""dns.additional.type"":""A"",""dns.additional.class"":""IN"",""dns.additional.ttl"":4000,""dns.additional.data"":""185.10.124.15""},{""dns.additional.name"":""n4g2.akamai.NET"",""dns.additional.type"":""A"",""dns.additional.class"":""IN"",""dns.additional.ttl"":4000,""dns.additional.data"":""104.103.72.60""},{""dns.additional.name"":""n3g2.akamai.NET"",""dns.additional.type"":""A"",""dns.additional.class"":""IN"",""dns.additional.ttl"":4000,""dns.additional.data"":""2.22.88.57""},{""dns.additional.name"":""n5g2.akamai.NET"",""dns.additional.type"":""A"",""dns.additional.class"":""IN"",""dns.additional.ttl"":4000,""dns.additional.data"":""104.103.72.166""},{""dns.additional.name"":""n6g2.akamai.NET"",""dns.additional.type"":""A"",""dns.additional.class"":""IN"",""dns.additional.ttl"":4000,""dns.additional.data"":""104.103.72.62""},{""dns.additional.name"":""n2g2.akamai.NET"",""dns.additional.type"":""A"",""dns.additional.class"":""IN"",""dns.additional.ttl"":4000,""dns.additional.data"":""104.103.72.188""}]",,6,".",Default,,0,"Microsoft-Windows-DNSServer","eb79061a-a566-4698-9119-3ed2807060e7",261,0,16,"Microsoft-Windows-DNS-Server/Analytical ",4,"Information ",0,2,"RECURSE_QUERY ",9223372036854775840,"7/27/2023, 2:24:50.894 PM",2908,4028,INFO,2,INFO,windns,"NT AUTHORITY",SYSTEM,"S-1-5-18",User,32768,0,"0.0.0.0","23.61.199.193",,"a1943.g2.akamai.NET.",1,11952,0,11952,false,false,false,QUERY,true,NOERROR,false,false,false,"[{""dns.query.name"":""a1943.g2.akamai.NET"",""dns.query.type"":""A"",""dns.query.class"":""IN""}]",0x2EB08000000100000008000A05613139343302673206616B616D6169034E45540000010001C0120002000100000FA00007046E336732C015C0120002000100000FA00007046E326732C015C0120002000100000FA00007046E356732C015C0120002000100000FA00007046E316732C015C0120002000100000FA00007046E366732C015C0120002000100000FA00007046E306732C015C0120002000100000FA00007046E376732C015C0120002000100000FA00007046E346732C015C06A0001000100000FA0000402179A17C0900001000100000FA0000458DD51C0C090001C000100000FA0001026001480E800000000000000000000C0C0A30001000100000FA00004B90A7C0FC0B60001000100000FA000046867483CC0310001000100000FA0000402165839C0570001000100000FA00004686748A6C07D0001000100000FA000046867483EC0440001000100000FA00004686748BC0000291000000000000000,".","27e53220-7c5f-42b3-8de8-ee229b8ba17c","7/27/2023, 2:24:52.858 PM","in_windowsdns_auditanalytics_sentinel_windows","im_etw","172.18.88.20","N/A",,0,0,,,,,,"[{""dns.authority.name"":""g2.akamai.NET"",""dns.authority.type"":""NS"",""dns.authority.class"":""IN"",""dns.authority.ttl"":4000,""dns.authority.data"":""n3g2.akamai.NET""},{""dns.authority.name"":""g2.akamai.NET"",""dns.authority.type"":""NS"",""dns.authority.class"":""IN"",""dns.authority.ttl"":4000,""dns.authority.data"":""n2g2.akamai.NET""},{""dns.authority.name"":""g2.akamai.NET"",""dns.authority.type"":""NS"",""dns.authority.class"":""IN"",""dns.authority.ttl"":4000,""dns.authority.data"":""n5g2.akamai.NET""},{""dns.authority.name"":""g2.akamai.NET"",""dns.authority.type"":""NS"",""dns.authority.class"":""IN"",""dns.authority.ttl"":4000,""dns.authority.data"":""n1g2.akamai.NET""},{""dns.authority.name"":""g2.akamai.NET"",""dns.authority.type"":""NS"",""dns.authority.class"":""IN"",""dns.authority.ttl"":4000,""dns.authority.data"":""n6g2.akamai.NET""},{""dns.authority.name"":""g2.akamai.NET"",""dns.authority.type"":""NS"",""dns.authority.class"":""IN"",""dns.authority.ttl"":4000,""dns.authority.data"":""n0g2.akamai.NET""},{""dns.authority.name"":""g2.akamai.NET"",""dns.authority.type"":""NS"",""dns.authority.class"":""IN"",""dns.authority.ttl"":4000,""dns.authority.data"":""n7g2.akamai.NET""},{""dns.authority.name"":""g2.akamai.NET"",""dns.authority.type"":""NS"",""dns.authority.class"":""IN"",""dns.authority.ttl"":4000,""dns.authority.data"":""n4g2.akamai.NET""}]",,,"NXLog_DNS_Server_CL",
"0b2a9277-f48f-49f6-b78d-d8bfd6dea87a",RestAPI,,,"7/27/2023, 2:24:54.001 PM",,,,,,,,,,,,,,,,,,3595,,".",Default,,,"Microsoft-Windows-DNSServer","eb79061a-a566-4698-9119-3ed2807060e7",260,0,16,"Microsoft-Windows-DNS-Server/Analytical ",4,"Information ",0,2,"RECURSE_QUERY ",9223372036854775824,"7/27/2023, 2:24:50.894 PM",2908,4028,INFO,2,INFO,windns,"NT AUTHORITY",SYSTEM,"S-1-5-18",User,0,0,"0.0.0.0",,0,"a1943.g2.akamai.NET.",1,14000,0,14000,false,false,false,QUERY,false,NOERROR,false,false,false,"[{""dns.query.name"":""a1943.g2.akamai.NET"",""dns.query.type"":""A"",""dns.query.class"":""IN""}]",0x36B00000000100000000000105613139343302673206616B616D6169034E455400000100010000290FA0000000000000,".","27e53220-7c5f-42b3-8de8-ee229b8ba17c","7/27/2023, 2:24:52.858 PM","in_windowsdns_auditanalytics_sentinel_windows","im_etw","172.18.88.20","N/A","104.103.72.166",,,,,,,NULL,,,,"NXLog_DNS_Server_CL",
"0b2a9277-f48f-49f6-b78d-d8bfd6dea87a",RestAPI,,,"7/27/2023, 2:24:54.001 PM",,,,,,,,,,,,,,,,,,,7,".",Default,"[{""dns.answer.name"":""a1943.g2.akamai.NET"",""dns.answer.type"":""A"",""dns.answer.class"":""IN"",""dns.answer.ttl"":20,""dns.answer.data"":""185.10.124.35""},{""dns.answer.name"":""a1943.g2.akamai.NET"",""dns.answer.type"":""A"",""dns.answer.class"":""IN"",""dns.answer.ttl"":20,""dns.answer.data"":""185.10.124.48""}]",0,"Microsoft-Windows-DNSServer","eb79061a-a566-4698-9119-3ed2807060e7",261,0,16,"Microsoft-Windows-DNS-Server/Analytical ",4,"Information ",0,2,"RECURSE_QUERY ",9223372036854775840,"7/27/2023, 2:24:50.915 PM",2908,4028,INFO,2,INFO,windns,"NT AUTHORITY",SYSTEM,"S-1-5-18",User,33792,0,"0.0.0.0","104.103.72.166",,"a1943.g2.akamai.NET.",1,14000,0,14000,false,false,true,QUERY,true,NOERROR,false,false,false,"[{""dns.query.name"":""a1943.g2.akamai.NET"",""dns.query.type"":""A"",""dns.query.class"":""IN""}]",0x36B08400000100020000000105613139343302673206616B616D6169034E45540000010001C00C00010001000000140004B90A7C23C00C00010001000000140004B90A7C300000291000000000000000,".","27e53220-7c5f-42b3-8de8-ee229b8ba17c","7/27/2023, 2:24:52.858 PM","in_windowsdns_auditanalytics_sentinel_windows","im_etw","172.18.88.20","N/A",,1,0,,,,,,,,,"NXLog_DNS_Server_CL",
"0b2a9277-f48f-49f6-b78d-d8bfd6dea87a",RestAPI,,,"7/27/2023, 2:24:54.001 PM",,,,,,,,,,,,,,,,,,,,,,"[{""dns.answer.name"":""adl.windows.com"",""dns.answer.type"":""CNAME"",""dns.answer.class"":""IN"",""dns.answer.ttl"":3599,""dns.answer.data"":""adl.windows.com.edgesuite.net""},{""dns.answer.name"":""adl.windows.com.edgesuite.net"",""dns.answer.type"":""CNAME"",""dns.answer.class"":""IN"",""dns.answer.ttl"":21599,""dns.answer.data"":""a1943.g2.akamai.net""},{""dns.answer.name"":""a1943.g2.akamai.net"",""dns.answer.type"":""A"",""dns.answer.class"":""IN"",""dns.answer.ttl"":15,""dns.answer.data"":""185.10.124.35""},{""dns.answer.name"":""a1943.g2.akamai.net"",""dns.answer.type"":""A"",""dns.answer.class"":""IN"",""dns.answer.ttl"":15,""dns.answer.data"":""185.10.124.48""}]",,"Microsoft-Windows-DNSServer","eb79061a-a566-4698-9119-3ed2807060e7",257,0,16,"Microsoft-Windows-DNS-Server/Analytical ",4,"Information ",0,1,"LOOK_UP ",9223372036854775810,"7/27/2023, 2:24:50.915 PM",2908,4028,INFO,2,INFO,windns,"NT AUTHORITY",SYSTEM,"S-1-5-18",User,33152,0,"172.18.88.20",,,"adl.windows.com.",1,3595,54472,3595,true,false,false,QUERY,true,NOERROR,false,false,true,"[{""dns.query.name"":""adl.windows.com"",""dns.query.type"":""A"",""dns.query.class"":""IN""}]",0x0E0B818000010004000000000361646C0777696E646F777303636F6D0000010001C00C0005000100000E0F001F0361646C0777696E646F777303636F6D09656467657375697465036E657400C02D000500010000545F001205613139343302673206616B616D6169C047C058000100010000000F0004B90A7C23C058000100010000000F0004B90A7C30,"VirtualizationInstance:.","27e53220-7c5f-42b3-8de8-ee229b8ba17c","7/27/2023, 2:24:52.858 PM","in_windowsdns_auditanalytics_sentinel_windows","im_etw","172.18.88.20","N/A","172.18.88.20",0,0,0,0,Default,"..Cache",NULL,,4386,,"NXLog_DNS_Server_CL",
"0b2a9277-f48f-49f6-b78d-d8bfd6dea87a",RestAPI,,,"7/27/2023, 2:57:20.494 PM",,,,,,,,,,,,,,,,,,,,,,,,"Microsoft-Windows-DNSServer","eb79061a-a566-4698-9119-3ed2807060e7",256,0,16,"Microsoft-Windows-DNS-Server/Analytical ",4,"Information ",0,1,"LOOK_UP ",9223372036854775809,"7/27/2023, 2:57:17.889 PM",2908,4024,INFO,2,INFO,windns,"NT AUTHORITY",SYSTEM,"S-1-5-18",User,256,0,"172.18.88.20","172.18.88.20",1,"0b2a9277-f48f-49f6-b78d-d8bfd6dea87a.ods.opinsights.azure.com.",1,49167,64772,49167,true,false,false,QUERY,false,NOERROR,false,false,false,"[{""dns.query.name"":""0b2a9277-f48f-49f6-b78d-d8bfd6dea87a.ods.opinsights.azure.com"",""dns.query.type"":""A"",""dns.query.class"":""IN""}]",0xC00F010000010000000000002430623261393237372D663438662D343966362D623738642D643862666436646561383761036F64730A6F70696E73696768747305617A75726503636F6D0000010001,".","b3003946-e944-4d21-a7ae-57fd681139d5","7/27/2023, 2:57:19.907 PM","in_windowsdns_auditanalytics_sentinel_windows","im_etw","172.18.88.20","N/A",,,,,,,,,,,,"NXLog_DNS_Server_CL",
"0b2a9277-f48f-49f6-b78d-d8bfd6dea87a",RestAPI,,,"7/27/2023, 2:57:20.494 PM",,,,,,,,,,,,,,,,,,,,,,,,"Microsoft-Windows-DNSServer","eb79061a-a566-4698-9119-3ed2807060e7",279,0,16,"Microsoft-Windows-DNS-Server/Analytical ",4,"Information ",0,1,"LOOK_UP ",9223372071214514176,"7/27/2023, 2:57:17.889 PM",2908,4024,INFO,2,INFO,windns,"NT AUTHORITY",SYSTEM,"S-1-5-18",User,33152,0,"172.18.88.20","172.18.88.20",1,"opinsightsweuods.trafficmanager.net.",1,49167,64772,49167,true,false,false,QUERY,true,NOERROR,false,false,true,"[{""dns.query.name"":""0b2a9277-f48f-49f6-b78d-d8bfd6dea87a.ods.opinsights.azure.com"",""dns.query.type"":""A"",""dns.query.class"":""IN""}]",0xC00F818000010001000000002430623261393237372D663438662D343966362D623738642D643862666436646561383761036F64730A6F70696E73696768747305617A75726503636F6D0000010001,,,"7/27/2023, 2:57:19.907 PM","in_windowsdns_auditanalytics_sentinel_windows","im_etw","172.18.88.20","N/A",,,,,,,,,,,"N/A","NXLog_DNS_Server_CL",
"0b2a9277-f48f-49f6-b78d-d8bfd6dea87a",RestAPI,,,"7/27/2023, 2:57:20.494 PM",,,,,,,,,,,,,,,,,,,,,,,,"Microsoft-Windows-DNSServer","eb79061a-a566-4698-9119-3ed2807060e7",279,0,16,"Microsoft-Windows-DNS-Server/Analytical ",4,"Information ",0,1,"LOOK_UP ",9223372071214514176,"7/27/2023, 2:57:17.889 PM",2908,4024,INFO,2,INFO,windns,"NT AUTHORITY",SYSTEM,"S-1-5-18",User,33152,0,"172.18.88.20","172.18.88.20",1,"ipv4-weu-oi-ods-cses-d.westeurope.cloudapp.azure.com.",1,49167,64772,49167,true,false,false,QUERY,true,NOERROR,false,false,true,"[{""dns.query.name"":""0b2a9277-f48f-49f6-b78d-d8bfd6dea87a.ods.opinsights.azure.com"",""dns.query.type"":""A"",""dns.query.class"":""IN""}]",0xC00F818000010002000000002430623261393237372D663438662D343966362D623738642D643862666436646561383761036F64730A6F70696E73696768747305617A75726503636F6D0000010001,,,"7/27/2023, 2:57:19.907 PM","in_windowsdns_auditanalytics_sentinel_windows","im_etw","172.18.88.20","N/A",,,,,,,,,,,"N/A","NXLog_DNS_Server_CL",
"0b2a9277-f48f-49f6-b78d-d8bfd6dea87a",RestAPI,,,"7/27/2023, 2:57:20.494 PM",,,,,,,,,,,,,,,,,,49167,,".",Default,,,"Microsoft-Windows-DNSServer","eb79061a-a566-4698-9119-3ed2807060e7",260,0,16,"Microsoft-Windows-DNS-Server/Analytical ",4,"Information ",0,2,"RECURSE_QUERY ",9223372036854775824,"7/27/2023, 2:57:17.889 PM",2908,4024,INFO,2,INFO,windns,"NT AUTHORITY",SYSTEM,"S-1-5-18",User,0,0,"0.0.0.0",,0,"ipv4-weu-oi-ods-cses-d.westeurope.cloudapp.azure.com.",1,64771,0,64771,false,false,false,QUERY,false,NOERROR,false,false,false,"[{""dns.query.name"":""ipv4-weu-oi-ods-cses-d.westeurope.cloudapp.azure.com"",""dns.query.type"":""A"",""dns.query.class"":""IN""}]",0xFD030000000100000000000116697076342D7765752D6F692D6F64732D637365732D640A776573746575726F706508636C6F756461707005617A75726503636F6D00000100010000290FA0000000000000,".","b3003946-e944-4d21-a7ae-57fd681139d5","7/27/2023, 2:57:19.907 PM","in_windowsdns_auditanalytics_sentinel_windows","im_etw","172.18.88.20","N/A","150.171.10.201",,,,,,,NULL,,,,"NXLog_DNS_Server_CL",
"0b2a9277-f48f-49f6-b78d-d8bfd6dea87a",RestAPI,,,"7/27/2023, 2:57:20.494 PM",,,,,,,,,,,,,,,,,,,1,".",Default,"[{""dns.answer.name"":""ipv4-weu-oi-ods-cses-d.westeurope.cloudapp.azure.com"",""dns.answer.type"":""A"",""dns.answer.class"":""IN"",""dns.answer.ttl"":10,""dns.answer.data"":""52.236.186.221""}]",0,"Microsoft-Windows-DNSServer","eb79061a-a566-4698-9119-3ed2807060e7",261,0,16,"Microsoft-Windows-DNS-Server/Analytical ",4,"Information ",0,2,"RECURSE_QUERY ",9223372036854775840,"7/27/2023, 2:57:17.917 PM",2908,4024,INFO,2,INFO,windns,"NT AUTHORITY",SYSTEM,"S-1-5-18",User,33792,0,"0.0.0.0","150.171.10.201",,"ipv4-weu-oi-ods-cses-d.westeurope.cloudapp.azure.com.",1,64771,0,64771,false,false,true,QUERY,true,NOERROR,false,false,false,"[{""dns.query.name"":""ipv4-weu-oi-ods-cses-d.westeurope.cloudapp.azure.com"",""dns.query.type"":""A"",""dns.query.class"":""IN""}]",0xFD038400000100010000000116697076342D7765752D6F692D6F64732D637365732D640A776573746575726F706508636C6F756461707005617A75726503636F6D0000010001C00C000100010000000A000434ECBADD00002904D0000000000000,".","b3003946-e944-4d21-a7ae-57fd681139d5","7/27/2023, 2:57:19.907 PM","in_windowsdns_auditanalytics_sentinel_windows","im_etw","172.18.88.20","N/A",,1,0,,,,,,,,,"NXLog_DNS_Server_CL",
"0b2a9277-f48f-49f6-b78d-d8bfd6dea87a",RestAPI,,,"7/27/2023, 2:57:20.494 PM",,,,,,,,,,,,,,,,,,,,,,"[{""dns.answer.name"":""0b2a9277-f48f-49f6-b78d-d8bfd6dea87a.ods.opinsights.azure.com"",""dns.answer.type"":""CNAME"",""dns.answer.class"":""IN"",""dns.answer.ttl"":53,""dns.answer.data"":""opinsightsweuods.trafficmanager.net""},{""dns.answer.name"":""opinsightsweuods.trafficmanager.net"",""dns.answer.type"":""CNAME"",""dns.answer.class"":""IN"",""dns.answer.ttl"":53,""dns.answer.data"":""ipv4-weu-oi-ods-cses-d.westeurope.cloudapp.azure.com""},{""dns.answer.name"":""ipv4-weu-oi-ods-cses-d.westeurope.cloudapp.azure.com"",""dns.answer.type"":""A"",""dns.answer.class"":""IN"",""dns.answer.ttl"":9,""dns.answer.data"":""52.236.186.221""}]",,"Microsoft-Windows-DNSServer","eb79061a-a566-4698-9119-3ed2807060e7",257,0,16,"Microsoft-Windows-DNS-Server/Analytical ",4,"Information ",0,1,"LOOK_UP ",9223372036854775810,"7/27/2023, 2:57:17.918 PM",2908,4024,INFO,2,INFO,windns,"NT AUTHORITY",SYSTEM,"S-1-5-18",User,33152,0,"172.18.88.20",,,"0b2a9277-f48f-49f6-b78d-d8bfd6dea87a.ods.opinsights.azure.com.",1,49167,64772,49167,true,false,false,QUERY,true,NOERROR,false,false,true,"[{""dns.query.name"":""0b2a9277-f48f-49f6-b78d-d8bfd6dea87a.ods.opinsights.azure.com"",""dns.query.type"":""A"",""dns.query.class"":""IN""}]",0xC00F818000010003000000002430623261393237372D663438662D343966362D623738642D643862666436646561383761036F64730A6F70696E73696768747305617A75726503636F6D0000010001C00C00050001000000350025106F70696E7369676874737765756F64730E747261666669636D616E61676572036E657400C05B0005000100000035002D16697076342D7765752D6F692D6F64732D637365732D640A776573746575726F706508636C6F7564617070C040C08C0001000100000009000434ECBADD,"VirtualizationInstance:.","b3003946-e944-4d21-a7ae-57fd681139d5","7/27/2023, 2:57:19.907 PM","in_windowsdns_auditanalytics_sentinel_windows","im_etw","172.18.88.20","N/A","172.18.88.20",0,0,0,0,Default,"..Cache",NULL,,29,,"NXLog_DNS_Server_CL",
"0b2a9277-f48f-49f6-b78d-d8bfd6dea87a",RestAPI,,,"7/27/2023, 2:25:04.609 PM",,,,,,,,,,,,,,,,,,,,,,,,"Microsoft-Windows-DNSServer","eb79061a-a566-4698-9119-3ed2807060e7",256,0,16,"Microsoft-Windows-DNS-Server/Analytical ",4,"Information ",0,1,"LOOK_UP ",9223372036854775809,"7/27/2023, 2:25:01.661 PM",2908,4024,INFO,2,INFO,windns,"NT AUTHORITY",SYSTEM,"S-1-5-18",User,256,0,"172.18.88.20","172.18.88.20",1,"0b2a9277-f48f-49f6-b78d-d8bfd6dea87a.ods.opinsights.azure.com.",1,33102,52394,33102,true,false,false,QUERY,false,NOERROR,false,false,false,"[{""dns.query.name"":""0b2a9277-f48f-49f6-b78d-d8bfd6dea87a.ods.opinsights.azure.com"",""dns.query.type"":""A"",""dns.query.class"":""IN""}]",0x814E010000010000000000002430623261393237372D663438662D343966362D623738642D643862666436646561383761036F64730A6F70696E73696768747305617A75726503636F6D0000010001,".","f1e7e2c8-fc9e-4b24-91a8-c019ae5c68fb","7/27/2023, 2:25:03.671 PM","in_windowsdns_auditanalytics_sentinel_windows","im_etw","172.18.88.20","N/A",,,,,,,,,,,,"NXLog_DNS_Server_CL",
"0b2a9277-f48f-49f6-b78d-d8bfd6dea87a",RestAPI,,,"7/27/2023, 2:25:04.609 PM",,,,,,,,,,,,,,,,,,,,,,,,"Microsoft-Windows-DNSServer","eb79061a-a566-4698-9119-3ed2807060e7",279,0,16,"Microsoft-Windows-DNS-Server/Analytical ",4,"Information ",0,1,"LOOK_UP ",9223372071214514176,"7/27/2023, 2:25:01.661 PM",2908,4024,INFO,2,INFO,windns,"NT AUTHORITY",SYSTEM,"S-1-5-18",User,33152,0,"172.18.88.20","172.18.88.20",1,"opinsightsweuods.trafficmanager.net.",1,33102,52394,33102,true,false,false,QUERY,true,NOERROR,false,false,true,"[{""dns.query.name"":""0b2a9277-f48f-49f6-b78d-d8bfd6dea87a.ods.opinsights.azure.com"",""dns.query.type"":""A"",""dns.query.class"":""IN""}]",0x814E818000010001000000002430623261393237372D663438662D343966362D623738642D643862666436646561383761036F64730A6F70696E73696768747305617A75726503636F6D0000010001,,,"7/27/2023, 2:25:03.671 PM","in_windowsdns_auditanalytics_sentinel_windows","im_etw","172.18.88.20","N/A",,,,,,,,,,,"N/A","NXLog_DNS_Server_CL",
"0b2a9277-f48f-49f6-b78d-d8bfd6dea87a",RestAPI,,,"7/27/2023, 2:25:04.609 PM",,,,,,,,,,,,,,,,,,,,,,,,"Microsoft-Windows-DNSServer","eb79061a-a566-4698-9119-3ed2807060e7",279,0,16,"Microsoft-Windows-DNS-Server/Analytical ",4,"Information ",0,1,"LOOK_UP ",9223372071214514176,"7/27/2023, 2:25:01.661 PM",2908,4024,INFO,2,INFO,windns,"NT AUTHORITY",SYSTEM,"S-1-5-18",User,33152,0,"172.18.88.20","172.18.88.20",1,"ipv4-weu-oi-ods-cses-e.westeurope.cloudapp.azure.com.",1,33102,52394,33102,true,false,false,QUERY,true,NOERROR,false,false,true,"[{""dns.query.name"":""0b2a9277-f48f-49f6-b78d-d8bfd6dea87a.ods.opinsights.azure.com"",""dns.query.type"":""A"",""dns.query.class"":""IN""}]",0x814E818000010002000000002430623261393237372D663438662D343966362D623738642D643862666436646561383761036F64730A6F70696E73696768747305617A75726503636F6D0000010001,,,"7/27/2023, 2:25:03.671 PM","in_windowsdns_auditanalytics_sentinel_windows","im_etw","172.18.88.20","N/A",,,,,,,,,,,"N/A","NXLog_DNS_Server_CL",
"0b2a9277-f48f-49f6-b78d-d8bfd6dea87a",RestAPI,,,"7/27/2023, 2:25:04.609 PM",,,,,,,,,,,,,,,,,,33102,,".",Default,,,"Microsoft-Windows-DNSServer","eb79061a-a566-4698-9119-3ed2807060e7",260,0,16,"Microsoft-Windows-DNS-Server/Analytical ",4,"Information ",0,2,"RECURSE_QUERY ",9223372036854775824,"7/27/2023, 2:25:01.661 PM",2908,4024,INFO,2,INFO,windns,"NT AUTHORITY",SYSTEM,"S-1-5-18",User,0,0,"0.0.0.0",,0,"ipv4-weu-oi-ods-cses-e.westeurope.cloudapp.azure.com.",1,60480,0,60480,false,false,false,QUERY,false,NOERROR,false,false,false,"[{""dns.query.name"":""ipv4-weu-oi-ods-cses-e.westeurope.cloudapp.azure.com"",""dns.query.type"":""A"",""dns.query.class"":""IN""}]",0xEC400000000100000000000116697076342D7765752D6F692D6F64732D637365732D650A776573746575726F706508636C6F756461707005617A75726503636F6D00000100010000290FA0000000000000,".","f1e7e2c8-fc9e-4b24-91a8-c019ae5c68fb","7/27/2023, 2:25:03.671 PM","in_windowsdns_auditanalytics_sentinel_windows","im_etw","172.18.88.20","N/A","13.107.236.201",,,,,,,NULL,,,,"NXLog_DNS_Server_CL",
"0b2a9277-f48f-49f6-b78d-d8bfd6dea87a",RestAPI,,,"7/27/2023, 2:25:04.609 PM",,,,,,,,,,,,,,,,,,,1,".",Default,"[{""dns.answer.name"":""ipv4-weu-oi-ods-cses-e.westeurope.cloudapp.azure.com"",""dns.answer.type"":""A"",""dns.answer.class"":""IN"",""dns.answer.ttl"":10,""dns.answer.data"":""13.69.106.94""}]",0,"Microsoft-Windows-DNSServer","eb79061a-a566-4698-9119-3ed2807060e7",261,0,16,"Microsoft-Windows-DNS-Server/Analytical ",4,"Information ",0,2,"RECURSE_QUERY ",9223372036854775840,"7/27/2023, 2:25:01.814 PM",2908,4024,INFO,2,INFO,windns,"NT AUTHORITY",SYSTEM,"S-1-5-18",User,33792,0,"0.0.0.0","13.107.236.201",,"ipv4-weu-oi-ods-cses-e.westeurope.cloudapp.azure.com.",1,60480,0,60480,false,false,true,QUERY,true,NOERROR,false,false,false,"[{""dns.query.name"":""ipv4-weu-oi-ods-cses-e.westeurope.cloudapp.azure.com"",""dns.query.type"":""A"",""dns.query.class"":""IN""}]",0xEC408400000100010000000116697076342D7765752D6F692D6F64732D637365732D650A776573746575726F706508636C6F756461707005617A75726503636F6D0000010001C00C000100010000000A00040D456A5E00002904D0000000000000,".","f1e7e2c8-fc9e-4b24-91a8-c019ae5c68fb","7/27/2023, 2:25:03.671 PM","in_windowsdns_auditanalytics_sentinel_windows","im_etw","172.18.88.20","N/A",,1,0,,,,,,,,,"NXLog_DNS_Server_CL",
"0b2a9277-f48f-49f6-b78d-d8bfd6dea87a",RestAPI,,,"7/27/2023, 2:25:04.609 PM",,,,,,,,,,,,,,,,,,,,,,"[{""dns.answer.name"":""0b2a9277-f48f-49f6-b78d-d8bfd6dea87a.ods.opinsights.azure.com"",""dns.answer.type"":""CNAME"",""dns.answer.class"":""IN"",""dns.answer.ttl"":175,""dns.answer.data"":""opinsightsweuods.trafficmanager.net""},{""dns.answer.name"":""opinsightsweuods.trafficmanager.net"",""dns.answer.type"":""CNAME"",""dns.answer.class"":""IN"",""dns.answer.ttl"":175,""dns.answer.data"":""ipv4-weu-oi-ods-cses-e.westeurope.cloudapp.azure.com""},{""dns.answer.name"":""ipv4-weu-oi-ods-cses-e.westeurope.cloudapp.azure.com"",""dns.answer.type"":""A"",""dns.answer.class"":""IN"",""dns.answer.ttl"":9,""dns.answer.data"":""13.69.106.94""}]",,"Microsoft-Windows-DNSServer","eb79061a-a566-4698-9119-3ed2807060e7",257,0,16,"Microsoft-Windows-DNS-Server/Analytical ",4,"Information ",0,1,"LOOK_UP ",9223372036854775810,"7/27/2023, 2:25:01.814 PM",2908,4024,INFO,2,INFO,windns,"NT AUTHORITY",SYSTEM,"S-1-5-18",User,33152,0,"172.18.88.20",,,"0b2a9277-f48f-49f6-b78d-d8bfd6dea87a.ods.opinsights.azure.com.",1,33102,52394,33102,true,false,false,QUERY,true,NOERROR,false,false,true,"[{""dns.query.name"":""0b2a9277-f48f-49f6-b78d-d8bfd6dea87a.ods.opinsights.azure.com"",""dns.query.type"":""A"",""dns.query.class"":""IN""}]",0x814E818000010003000000002430623261393237372D663438662D343966362D623738642D643862666436646561383761036F64730A6F70696E73696768747305617A75726503636F6D0000010001C00C00050001000000AF0025106F70696E7369676874737765756F64730E747261666669636D616E61676572036E657400C05B00050001000000AF002D16697076342D7765752D6F692D6F64732D637365732D650A776573746575726F706508636C6F7564617070C040C08C000100010000000900040D456A5E,"VirtualizationInstance:.","f1e7e2c8-fc9e-4b24-91a8-c019ae5c68fb","7/27/2023, 2:25:03.671 PM","in_windowsdns_auditanalytics_sentinel_windows","im_etw","172.18.88.20","N/A","172.18.88.20",0,0,0,0,Default,"..Cache",NULL,,153,,"NXLog_DNS_Server_CL",
"0b2a9277-f48f-49f6-b78d-d8bfd6dea87a",RestAPI,,,"7/27/2023, 2:58:26.395 PM",,,,,,,,,,,,,,,,,,,2,".",Default,"[{""dns.answer.name"":""0b2a9277-f48f-49f6-b78d-d8bfd6dea87a.ods.opinsights.azure.com"",""dns.answer.type"":""CNAME"",""dns.answer.class"":""IN"",""dns.answer.ttl"":300,""dns.answer.data"":""opinsightsweuods.trafficmanager.net""}]",0,"Microsoft-Windows-DNSServer","eb79061a-a566-4698-9119-3ed2807060e7",261,0,16,"Microsoft-Windows-DNS-Server/Analytical ",4,"Information ",0,2,"RECURSE_QUERY ",9223372036854775840,"7/27/2023, 2:58:23.514 PM",2908,4024,INFO,2,INFO,windns,"NT AUTHORITY",SYSTEM,"S-1-5-18",User,33792,0,"0.0.0.0","13.107.236.1",,"0b2a9277-f48f-49f6-b78d-d8bfd6dea87a.ods.opinsights.azure.com.",1,27209,0,27209,false,false,true,QUERY,true,NOERROR,false,false,false,"[{""dns.query.name"":""0b2a9277-f48f-49f6-b78d-d8bfd6dea87a.ods.opinsights.azure.com"",""dns.query.type"":""A"",""dns.query.class"":""IN""}]",0x6A49840000010001000000012430623261393237372D663438662D343966362D623738642D643862666436646561383761036F64730A6F70696E73696768747305617A75726503636F6D0000010001C00C000500010000012C0025106F70696E7369676874737765756F64730E747261666669636D616E61676572036E65740000002904D0000000000000,".","395824ce-c86c-44b4-9f9c-171b6986c947","7/27/2023, 2:58:25.485 PM","in_windowsdns_auditanalytics_sentinel_windows","im_etw","172.18.88.20","N/A",,1,0,,,,,,,,,"NXLog_DNS_Server_CL",
"0b2a9277-f48f-49f6-b78d-d8bfd6dea87a",RestAPI,,,"7/27/2023, 2:58:26.395 PM",,,,,,,,,,,,,,,,,,,,,,,,"Microsoft-Windows-DNSServer","eb79061a-a566-4698-9119-3ed2807060e7",279,0,16,"Microsoft-Windows-DNS-Server/Analytical ",4,"Information ",0,1,"LOOK_UP ",9223372071214514176,"7/27/2023, 2:58:23.514 PM",2908,4024,INFO,2,INFO,windns,"NT AUTHORITY",SYSTEM,"S-1-5-18",User,33152,0,"172.18.88.20","172.18.88.20",1,"opinsightsweuods.trafficmanager.net.",1,5813,64171,5813,true,false,false,QUERY,true,NOERROR,false,false,true,"[{""dns.query.name"":""0b2a9277-f48f-49f6-b78d-d8bfd6dea87a.ods.opinsights.azure.com"",""dns.query.type"":""A"",""dns.query.class"":""IN""}]",0x16B5818000010001000000002430623261393237372D663438662D343966362D623738642D643862666436646561383761036F64730A6F70696E73696768747305617A75726503636F6D0000010001,,,"7/27/2023, 2:58:25.485 PM","in_windowsdns_auditanalytics_sentinel_windows","im_etw","172.18.88.20","N/A",,,,,,,,,,,"N/A","NXLog_DNS_Server_CL",
"0b2a9277-f48f-49f6-b78d-d8bfd6dea87a",RestAPI,,,"7/27/2023, 2:58:26.395 PM",,,,,,,,,,,,,,,,,,1,,".",Default,,,"Microsoft-Windows-DNSServer","eb79061a-a566-4698-9119-3ed2807060e7",260,0,16,"Microsoft-Windows-DNS-Server/Analytical ",4,"Information ",0,2,"RECURSE_QUERY ",9223372036854775824,"7/27/2023, 2:58:23.515 PM",2908,4024,INFO,2,INFO,windns,"NT AUTHORITY",SYSTEM,"S-1-5-18",User,0,0,"0.0.0.0",,0,"tm1.edgedns-tm.info.",1,60749,0,60749,false,false,false,QUERY,false,NOERROR,false,false,false,"[{""dns.query.name"":""tm1.edgedns-tm.info"",""dns.query.type"":""A"",""dns.query.class"":""IN""}]",0xED4D0000000100000000000103746D310A65646765646E732D746D04696E666F00000100010000290FA0000000000000,".","00000000-0000-0000-0000-000000000000","7/27/2023, 2:58:25.485 PM","in_windowsdns_auditanalytics_sentinel_windows","im_etw","172.18.88.20","N/A","13.107.236.4",,,,,,,NULL,,,,"NXLog_DNS_Server_CL",
"0b2a9277-f48f-49f6-b78d-d8bfd6dea87a",RestAPI,,,"7/27/2023, 2:58:26.395 PM",,,,,,,,,,,,,,,,,,,,,,,,"Microsoft-Windows-DNSServer","eb79061a-a566-4698-9119-3ed2807060e7",256,0,16,"Microsoft-Windows-DNS-Server/Analytical ",4,"Information ",0,1,"LOOK_UP ",9223372036854775809,"7/27/2023, 2:58:23.517 PM",2908,4024,INFO,2,INFO,windns,"NT AUTHORITY",SYSTEM,"S-1-5-18",User,256,0,"172.18.88.20","172.18.88.20",1,"0b2a9277-f48f-49f6-b78d-d8bfd6dea87a.ods.opinsights.azure.com.",1,5813,64171,5813,true,false,false,QUERY,false,NOERROR,false,false,false,"[{""dns.query.name"":""0b2a9277-f48f-49f6-b78d-d8bfd6dea87a.ods.opinsights.azure.com"",""dns.query.type"":""A"",""dns.query.class"":""IN""}]",0x16B5010000010000000000002430623261393237372D663438662D343966362D623738642D643862666436646561383761036F64730A6F70696E73696768747305617A75726503636F6D0000010001,".","c48b2cbb-e888-4d56-9acf-d12c08505548","7/27/2023, 2:58:25.485 PM","in_windowsdns_auditanalytics_sentinel_windows","im_etw","172.18.88.20","N/A",,,,,,,,,,,,"NXLog_DNS_Server_CL",
"0b2a9277-f48f-49f6-b78d-d8bfd6dea87a",RestAPI,,,"7/27/2023, 2:58:26.395 PM",,,,,,,,,,,,,,,,,,,,,,,,"Microsoft-Windows-DNSServer","eb79061a-a566-4698-9119-3ed2807060e7",279,0,16,"Microsoft-Windows-DNS-Server/Analytical ",4,"Information ",0,1,"LOOK_UP ",9223372071214514176,"7/27/2023, 2:58:23.517 PM",2908,4024,INFO,2,INFO,windns,"NT AUTHORITY",SYSTEM,"S-1-5-18",User,33152,0,"172.18.88.20","172.18.88.20",1,"opinsightsweuods.trafficmanager.net.",1,5813,64171,5813,true,false,false,QUERY,true,NOERROR,false,false,true,"[{""dns.query.name"":""0b2a9277-f48f-49f6-b78d-d8bfd6dea87a.ods.opinsights.azure.com"",""dns.query.type"":""A"",""dns.query.class"":""IN""}]",0x16B5818000010001000000002430623261393237372D663438662D343966362D623738642D643862666436646561383761036F64730A6F70696E73696768747305617A75726503636F6D0000010001,,,"7/27/2023, 2:58:25.485 PM","in_windowsdns_auditanalytics_sentinel_windows","im_etw","172.18.88.20","N/A",,,,,,,,,,,"N/A","NXLog_DNS_Server_CL",
"0b2a9277-f48f-49f6-b78d-d8bfd6dea87a",RestAPI,,,"7/27/2023, 2:58:26.395 PM",,,,,,,,,,,,,,,,,,1,,".",Default,,,"Microsoft-Windows-DNSServer","eb79061a-a566-4698-9119-3ed2807060e7",260,0,16,"Microsoft-Windows-DNS-Server/Analytical ",4,"Information ",0,2,"RECURSE_QUERY ",9223372036854775824,"7/27/2023, 2:58:23.518 PM",2908,4024,INFO,2,INFO,windns,"NT AUTHORITY",SYSTEM,"S-1-5-18",User,0,0,"0.0.0.0",,0,"tm1.edgedns-tm.info.",1,22951,0,22951,false,false,false,QUERY,false,NOERROR,false,false,false,"[{""dns.query.name"":""tm1.edgedns-tm.info"",""dns.query.type"":""A"",""dns.query.class"":""IN""}]",0x59A70000000100000000000103746D310A65646765646E732D746D04696E666F00000100010000290FA0000000000000,".","00000000-0000-0000-0000-000000000000","7/27/2023, 2:58:25.485 PM","in_windowsdns_auditanalytics_sentinel_windows","im_etw","172.18.88.20","N/A","13.107.206.36",,,,,,,NULL,,,,"NXLog_DNS_Server_CL",
"0b2a9277-f48f-49f6-b78d-d8bfd6dea87a",RestAPI,,,"7/27/2023, 2:58:26.395 PM",,,,,,,,,,,,,,,,,,,1,".",Default,"[{""dns.answer.name"":""tm1.edgedns-tm.info"",""dns.answer.type"":""A"",""dns.answer.class"":""IN"",""dns.answer.ttl"":300,""dns.answer.data"":""13.107.222.240""}]",0,"Microsoft-Windows-DNSServer","eb79061a-a566-4698-9119-3ed2807060e7",261,0,16,"Microsoft-Windows-DNS-Server/Analytical ",4,"Information ",0,2,"RECURSE_QUERY ",9223372036854775840,"7/27/2023, 2:58:23.545 PM",2908,4024,INFO,2,INFO,windns,"NT AUTHORITY",SYSTEM,"S-1-5-18",User,33792,0,"0.0.0.0","13.107.236.4",,"tm1.edgedns-tm.info.",1,60749,0,60749,false,false,true,QUERY,true,NOERROR,false,false,false,"[{""dns.query.name"":""tm1.edgedns-tm.info"",""dns.query.type"":""A"",""dns.query.class"":""IN""}]",0xED4D8400000100010000000103746D310A65646765646E732D746D04696E666F0000010001C00C000100010000012C00040D6BDEF000002904D0000000000000,".","00000000-0000-0000-0000-000000000000","7/27/2023, 2:58:25.485 PM","in_windowsdns_auditanalytics_sentinel_windows","im_etw","172.18.88.20","N/A",,1,0,,,,,,,,,"NXLog_DNS_Server_CL",
