"0b2a9277-f48f-49f6-b78d-d8bfd6dea87a",RestAPI,,,"7/27/2023, 2:25:47.407 PM",,,,,,,,,,,,,,,,,,64256,,".",Default,,,"Microsoft-Windows-DNSServer","eb79061a-a566-4698-9119-3ed2807060e7",260,0,16,"Microsoft-Windows-DNS-Server/Analytical ",4,"Information ",0,2,"RECURSE_QUERY ",9223372036854775824,"7/27/2023, 2:25:45.030 PM",2908,4024,INFO,2,INFO,windns,"NT AUTHORITY",SYSTEM,"S-1-5-18",User,0,0,"0.0.0.0",,0,"cs11.wpc.v0cdn.NET.",1,62054,0,62054,false,false,false,QUERY,false,NOERROR,false,false,false,"[{""dns.query.name"":""cs11.wpc.v0cdn.NET"",""dns.query.type"":""A"",""dns.query.class"":""IN""}]",0xF2660000000100000000000104637331310377706305763063646E034E455400000100010000290FA0000000000000,".","04ed4273-1581-4c4e-b291-f9100181a414","7/27/2023, 2:25:46.421 PM","in_windowsdns_auditanalytics_sentinel_windows","im_etw","172.18.88.20","N/A","192.55.83.30",,,,,,,NULL,,,,"NXLog_DNS_Server_CL",
"0b2a9277-f48f-49f6-b78d-d8bfd6dea87a",RestAPI,,,"7/27/2023, 2:25:47.407 PM",,,,,,,,,,,,,,,,,"[{""dns.additional.name"":""ns1.v0cdn.NET"",""dns.additional.type"":""AAAA"",""dns.additional.class"":""IN"",""dns.additional.ttl"":172800,""dns.additional.data"":""2606:2800:1::5""},{""dns.additional.name"":""ns1.v0cdn.NET"",""dns.additional.type"":""A"",""dns.additional.class"":""IN"",""dns.additional.ttl"":172800,""dns.additional.data"":""72.21.80.5""},{""dns.additional.name"":""ns2.v0cdn.NET"",""dns.additional.type"":""AAAA"",""dns.additional.class"":""IN"",""dns.additional.ttl"":172800,""dns.additional.data"":""2606:2800:1::6""},{""dns.additional.name"":""ns2.v0cdn.NET"",""dns.additional.type"":""A"",""dns.additional.class"":""IN"",""dns.additional.ttl"":172800,""dns.additional.data"":""72.21.80.6""},{""dns.additional.name"":""ns3.v0cdn.NET"",""dns.additional.type"":""A"",""dns.additional.class"":""IN"",""dns.additional.ttl"":172800,""dns.additional.data"":""192.229.254.5""},{""dns.additional.name"":""ns3.v0cdn.NET"",""dns.additional.type"":""AAAA"",""dns.additional.class"":""IN"",""dns.additional.ttl"":172800,""dns.additional.data"":""2606:2800:e::5""},{""dns.additional.name"":""ns4.v0cdn.NET"",""dns.additional.type"":""A"",""dns.additional.class"":""IN"",""dns.additional.ttl"":172800,""dns.additional.data"":""192.229.254.6""},{""dns.additional.name"":""ns4.v0cdn.NET"",""dns.additional.type"":""AAAA"",""dns.additional.class"":""IN"",""dns.additional.ttl"":172800,""dns.additional.data"":""2606:2800:e::6""}]",,4,".",Default,,0,"Microsoft-Windows-DNSServer","eb79061a-a566-4698-9119-3ed2807060e7",261,0,16,"Microsoft-Windows-DNS-Server/Analytical ",4,"Information ",0,2,"RECURSE_QUERY ",9223372036854775840,"7/27/2023, 2:25:45.071 PM",2908,4024,INFO,2,INFO,windns,"NT AUTHORITY",SYSTEM,"S-1-5-18",User,32768,0,"0.0.0.0","192.55.83.30",,"cs11.wpc.v0cdn.NET.",1,62054,0,62054,false,false,false,QUERY,true,NOERROR,false,false,false,"[{""dns.query.name"":""cs11.wpc.v0cdn.NET"",""dns.query.type"":""A"",""dns.query.class"":""IN""}]",0xF2668000000100000004000904637331310377706305763063646E034E45540000010001C015000200010002A3000006036E7331C015C015000200010002A3000006036E7332C015C015000200010002A3000006036E7333C015C015000200010002A3000006036E7334C015C030001C00010002A300001026062800000100000000000000000005C030000100010002A300000448155005C042001C00010002A300001026062800000100000000000000000006C042000100010002A300000448155006C054000100010002A3000004C0E5FE05C054001C00010002A300001026062800000E00000000000000000005C066000100010002A3000004C0E5FE06C066001C00010002A300001026062800000E000000000000000000060000291000000000000000,".","04ed4273-1581-4c4e-b291-f9100181a414","7/27/2023, 2:25:46.421 PM","in_windowsdns_auditanalytics_sentinel_windows","im_etw","172.18.88.20","N/A",,0,0,,,,,,"[{""dns.authority.name"":""v0cdn.NET"",""dns.authority.type"":""NS"",""dns.authority.class"":""IN"",""dns.authority.ttl"":172800,""dns.authority.data"":""ns1.v0cdn.NET""},{""dns.authority.name"":""v0cdn.NET"",""dns.authority.type"":""NS"",""dns.authority.class"":""IN"",""dns.authority.ttl"":172800,""dns.authority.data"":""ns2.v0cdn.NET""},{""dns.authority.name"":""v0cdn.NET"",""dns.authority.type"":""NS"",""dns.authority.class"":""IN"",""dns.authority.ttl"":172800,""dns.authority.data"":""ns3.v0cdn.NET""},{""dns.authority.name"":""v0cdn.NET"",""dns.authority.type"":""NS"",""dns.authority.class"":""IN"",""dns.authority.ttl"":172800,""dns.authority.data"":""ns4.v0cdn.NET""}]",,,"NXLog_DNS_Server_CL",
"0b2a9277-f48f-49f6-b78d-d8bfd6dea87a",RestAPI,,,"7/27/2023, 2:25:47.407 PM",,,,,,,,,,,,,,,,System,,,,,,,,"Microsoft-Windows-DNSServer","eb79061a-a566-4698-9119-3ed2807060e7",259,0,16,"Microsoft-Windows-DNS-Server/Analytical ",2,"Error ",0,1,"LOOK_UP ",9223372036854775816,"7/27/2023, 2:25:45.071 PM",2908,4024,ERROR,4,ERROR,windns,"NT AUTHORITY",SYSTEM,"S-1-5-18",User,"EXTENDED_INFO|IS_64_BIT_HEADER|PROCESSOR_INDEX (577)",0,"0.0.0.0","2606:2800:e::5",,"cs11.wpc.v0cdn.NET.",1,56223,,,,,,,,,,,,,,".",,"7/27/2023, 2:25:46.421 PM","in_windowsdns_auditanalytics_sentinel_windows","im_etw","172.18.88.20","N/A",,,,,,,"..Cache",NULL,,,"N/A","NXLog_DNS_Server_CL",
"0b2a9277-f48f-49f6-b78d-d8bfd6dea87a",RestAPI,,,"7/27/2023, 2:25:50.515 PM",,,,,,,,,,,,,,,,,,,,,,,,"Microsoft-Windows-DNSServer","eb79061a-a566-4698-9119-3ed2807060e7",256,0,16,"Microsoft-Windows-DNS-Server/Analytical ",4,"Information ",0,1,"LOOK_UP ",9223372036854775809,"7/27/2023, 2:25:48.628 PM",2908,4024,INFO,2,INFO,windns,"NT AUTHORITY",SYSTEM,"S-1-5-18",User,256,0,"172.18.88.20","172.18.88.20",1,"fe3.delivery.mp.microsoft.com.",1,36246,51139,36246,true,false,false,QUERY,false,NOERROR,false,false,false,"[{""dns.query.name"":""fe3.delivery.mp.microsoft.com"",""dns.query.type"":""A"",""dns.query.class"":""IN""}]",0x8D9601000001000000000000036665330864656C6976657279026D70096D6963726F736F667403636F6D0000010001,".","122143fa-5844-4d61-b201-656b90589d85","7/27/2023, 2:25:49.623 PM","in_windowsdns_auditanalytics_sentinel_windows","im_etw","172.18.88.20","N/A",,,,,,,,,,,,"NXLog_DNS_Server_CL",
"0b2a9277-f48f-49f6-b78d-d8bfd6dea87a",RestAPI,,,"7/27/2023, 2:25:50.515 PM",,,,,,,,,,,,,,,,,,,,,,,,"Microsoft-Windows-DNSServer","eb79061a-a566-4698-9119-3ed2807060e7",279,0,16,"Microsoft-Windows-DNS-Server/Analytical ",4,"Information ",0,1,"LOOK_UP ",9223372071214514176,"7/27/2023, 2:25:48.628 PM",2908,4024,INFO,2,INFO,windns,"NT AUTHORITY",SYSTEM,"S-1-5-18",User,33152,0,"172.18.88.20","172.18.88.20",1,"glb.cws.prod.dcat.dsp.trafficmanager.net.",1,36246,51139,36246,true,false,false,QUERY,true,NOERROR,false,false,true,"[{""dns.query.name"":""fe3.delivery.mp.microsoft.com"",""dns.query.type"":""A"",""dns.query.class"":""IN""}]",0x8D9681800001000100000000036665330864656C6976657279026D70096D6963726F736F667403636F6D0000010001,,,"7/27/2023, 2:25:49.623 PM","in_windowsdns_auditanalytics_sentinel_windows","im_etw","172.18.88.20","N/A",,,,,,,,,,,"N/A","NXLog_DNS_Server_CL",
"0b2a9277-f48f-49f6-b78d-d8bfd6dea87a",RestAPI,,,"7/27/2023, 2:25:50.515 PM",,,,,,,,,,,,,,,,,,36246,,".",Default,,,"Microsoft-Windows-DNSServer","eb79061a-a566-4698-9119-3ed2807060e7",260,0,16,"Microsoft-Windows-DNS-Server/Analytical ",4,"Information ",0,2,"RECURSE_QUERY ",9223372036854775824,"7/27/2023, 2:25:48.628 PM",2908,4024,INFO,2,INFO,windns,"NT AUTHORITY",SYSTEM,"S-1-5-18",User,0,0,"0.0.0.0",,0,"glb.cws.prod.dcat.dsp.trafficmanager.NET.",1,44276,0,44276,false,false,false,QUERY,false,NOERROR,false,false,false,"[{""dns.query.name"":""glb.cws.prod.dcat.dsp.trafficmanager.NET"",""dns.query.type"":""A"",""dns.query.class"":""IN""}]",0xACF40000000100000000000103676C62036377730470726F640464636174036473700E747261666669636D616E61676572034E455400000100010000290FA0000000000000,".","122143fa-5844-4d61-b201-656b90589d85","7/27/2023, 2:25:49.623 PM","in_windowsdns_auditanalytics_sentinel_windows","im_etw","172.18.88.20","N/A","13.107.222.240",,,,,,,NULL,,,,"NXLog_DNS_Server_CL",
"0b2a9277-f48f-49f6-b78d-d8bfd6dea87a",RestAPI,,,"7/27/2023, 2:25:50.515 PM",,,,,,,,,,,,,,,,,,,1,".",Default,"[{""dns.answer.name"":""glb.cws.prod.dcat.dsp.trafficmanager.NET"",""dns.answer.type"":""A"",""dns.answer.class"":""IN"",""dns.answer.ttl"":300,""dns.answer.data"":""13.95.31.18""}]",0,"Microsoft-Windows-DNSServer","eb79061a-a566-4698-9119-3ed2807060e7",261,0,16,"Microsoft-Windows-DNS-Server/Analytical ",4,"Information ",0,2,"RECURSE_QUERY ",9223372036854775840,"7/27/2023, 2:25:48.658 PM",2908,4024,INFO,2,INFO,windns,"NT AUTHORITY",SYSTEM,"S-1-5-18",User,33792,0,"0.0.0.0","13.107.222.240",,"glb.cws.prod.dcat.dsp.trafficmanager.NET.",1,44276,0,44276,false,false,true,QUERY,true,NOERROR,false,false,false,"[{""dns.query.name"":""glb.cws.prod.dcat.dsp.trafficmanager.NET"",""dns.query.type"":""A"",""dns.query.class"":""IN""}]",0xACF48400000100010000000103676C62036377730470726F640464636174036473700E747261666669636D616E61676572034E45540000010001C00C000100010000012C00040D5F1F1200002904D0000000000000,".","122143fa-5844-4d61-b201-656b90589d85","7/27/2023, 2:25:49.623 PM","in_windowsdns_auditanalytics_sentinel_windows","im_etw","172.18.88.20","N/A",,1,0,,,,,,,,,"NXLog_DNS_Server_CL",
"0b2a9277-f48f-49f6-b78d-d8bfd6dea87a",RestAPI,,,"7/27/2023, 2:25:50.515 PM",,,,,,,,,,,,,,,,,,,,,,"[{""dns.answer.name"":""fe3.delivery.mp.microsoft.com"",""dns.answer.type"":""CNAME"",""dns.answer.class"":""IN"",""dns.answer.ttl"":2954,""dns.answer.data"":""glb.cws.prod.dcat.dsp.trafficmanager.net""},{""dns.answer.name"":""glb.cws.prod.dcat.dsp.trafficmanager.net"",""dns.answer.type"":""A"",""dns.answer.class"":""IN"",""dns.answer.ttl"":299,""dns.answer.data"":""13.95.31.18""}]",,"Microsoft-Windows-DNSServer","eb79061a-a566-4698-9119-3ed2807060e7",257,0,16,"Microsoft-Windows-DNS-Server/Analytical ",4,"Information ",0,1,"LOOK_UP ",9223372036854775810,"7/27/2023, 2:25:48.658 PM",2908,4024,INFO,2,INFO,windns,"NT AUTHORITY",SYSTEM,"S-1-5-18",User,33152,0,"172.18.88.20",,,"fe3.delivery.mp.microsoft.com.",1,36246,51139,36246,true,false,false,QUERY,true,NOERROR,false,false,true,"[{""dns.query.name"":""fe3.delivery.mp.microsoft.com"",""dns.query.type"":""A"",""dns.query.class"":""IN""}]",0x8D9681800001000200000000036665330864656C6976657279026D70096D6963726F736F667403636F6D0000010001C00C0005000100000B8A002A03676C62036377730470726F640464636174036473700E747261666669636D616E61676572036E657400C03B000100010000012B00040D5F1F12,"VirtualizationInstance:.","122143fa-5844-4d61-b201-656b90589d85","7/27/2023, 2:25:49.623 PM","in_windowsdns_auditanalytics_sentinel_windows","im_etw","172.18.88.20","N/A","172.18.88.20",0,0,0,0,Default,"..Cache",NULL,,29,,"NXLog_DNS_Server_CL",
"0b2a9277-f48f-49f6-b78d-d8bfd6dea87a",RestAPI,,,"7/27/2023, 2:25:50.515 PM",,,,,,,,,,,,,,,,,,,,,,,,"Microsoft-Windows-DNSServer","eb79061a-a566-4698-9119-3ed2807060e7",256,0,16,"Microsoft-Windows-DNS-Server/Analytical ",4,"Information ",0,1,"LOOK_UP ",9223372036854775809,"7/27/2023, 2:25:49.086 PM",2908,4024,INFO,2,INFO,windns,"NT AUTHORITY",SYSTEM,"S-1-5-18",User,256,0,"172.18.88.20","172.18.88.20",1,"v10.events.data.microsoft.com.",1,9286,57920,9286,true,false,false,QUERY,false,NOERROR,false,false,false,"[{""dns.query.name"":""v10.events.data.microsoft.com"",""dns.query.type"":""A"",""dns.query.class"":""IN""}]",0x24460100000100000000000003763130066576656E74730464617461096D6963726F736F667403636F6D0000010001,".","932d09ba-5d60-4c35-8264-40ddcb492344","7/27/2023, 2:25:49.623 PM","in_windowsdns_auditanalytics_sentinel_windows","im_etw","172.18.88.20","N/A",,,,,,,,,,,,"NXLog_DNS_Server_CL",
"0b2a9277-f48f-49f6-b78d-d8bfd6dea87a",RestAPI,,,"7/27/2023, 2:25:50.515 PM",,,,,,,,,,,,,,,,,,,,,,,,"Microsoft-Windows-DNSServer","eb79061a-a566-4698-9119-3ed2807060e7",279,0,16,"Microsoft-Windows-DNS-Server/Analytical ",4,"Information ",0,1,"LOOK_UP ",9223372071214514176,"7/27/2023, 2:25:49.086 PM",2908,4024,INFO,2,INFO,windns,"NT AUTHORITY",SYSTEM,"S-1-5-18",User,33152,0,"172.18.88.20","172.18.88.20",1,"win-global-asimov-leafs-events-data.trafficmanager.net.",1,9286,57920,9286,true,false,false,QUERY,true,NOERROR,false,false,true,"[{""dns.query.name"":""v10.events.data.microsoft.com"",""dns.query.type"":""A"",""dns.query.class"":""IN""}]",0x24468180000100010000000003763130066576656E74730464617461096D6963726F736F667403636F6D0000010001,,,"7/27/2023, 2:25:49.623 PM","in_windowsdns_auditanalytics_sentinel_windows","im_etw","172.18.88.20","N/A",,,,,,,,,,,"N/A","NXLog_DNS_Server_CL",
"0b2a9277-f48f-49f6-b78d-d8bfd6dea87a",RestAPI,,,"7/27/2023, 2:25:50.515 PM",,,,,,,,,,,,,,,,,,,,,,,,"Microsoft-Windows-DNSServer","eb79061a-a566-4698-9119-3ed2807060e7",279,0,16,"Microsoft-Windows-DNS-Server/Analytical ",4,"Information ",0,1,"LOOK_UP ",9223372071214514176,"7/27/2023, 2:25:49.086 PM",2908,4024,INFO,2,INFO,windns,"NT AUTHORITY",SYSTEM,"S-1-5-18",User,33152,0,"172.18.88.20","172.18.88.20",1,"onedscolprdwus11.westus.cloudapp.azure.com.",1,9286,57920,9286,true,false,false,QUERY,true,NOERROR,false,false,true,"[{""dns.query.name"":""v10.events.data.microsoft.com"",""dns.query.type"":""A"",""dns.query.class"":""IN""}]",0x24468180000100020000000003763130066576656E74730464617461096D6963726F736F667403636F6D0000010001,,,"7/27/2023, 2:25:49.623 PM","in_windowsdns_auditanalytics_sentinel_windows","im_etw","172.18.88.20","N/A",,,,,,,,,,,"N/A","NXLog_DNS_Server_CL",
"0b2a9277-f48f-49f6-b78d-d8bfd6dea87a",RestAPI,,,"7/27/2023, 2:25:50.515 PM",,,,,,,,,,,,,,,,,,,,,,"[{""dns.answer.name"":""v10.events.data.microsoft.com"",""dns.answer.type"":""CNAME"",""dns.answer.class"":""IN"",""dns.answer.ttl"":115,""dns.answer.data"":""win-global-asimov-leafs-events-data.trafficmanager.net""},{""dns.answer.name"":""win-global-asimov-leafs-events-data.trafficmanager.net"",""dns.answer.type"":""CNAME"",""dns.answer.class"":""IN"",""dns.answer.ttl"":55,""dns.answer.data"":""onedscolprdwus11.westus.cloudapp.azure.com""},{""dns.answer.name"":""onedscolprdwus11.westus.cloudapp.azure.com"",""dns.answer.type"":""A"",""dns.answer.class"":""IN"",""dns.answer.ttl"":5,""dns.answer.data"":""20.189.173.12""}]",,"Microsoft-Windows-DNSServer","eb79061a-a566-4698-9119-3ed2807060e7",257,0,16,"Microsoft-Windows-DNS-Server/Analytical ",4,"Information ",0,1,"LOOK_UP ",9223372036854775810,"7/27/2023, 2:25:49.087 PM",2908,4024,INFO,2,INFO,windns,"NT AUTHORITY",SYSTEM,"S-1-5-18",User,33152,0,"172.18.88.20",,,"v10.events.data.microsoft.com.",1,9286,57920,9286,true,false,false,QUERY,true,NOERROR,false,false,true,"[{""dns.query.name"":""v10.events.data.microsoft.com"",""dns.query.type"":""A"",""dns.query.class"":""IN""}]",0x24468180000100030000000003763130066576656E74730464617461096D6963726F736F667403636F6D0000010001C00C000500010000007300382377696E2D676C6F62616C2D6173696D6F762D6C656166732D6576656E74732D646174610E747261666669636D616E61676572036E657400C03B00050001000000370029106F6E656473636F6C70726477757331310677657374757308636C6F756461707005617A757265C026C07F0001000100000005000414BDAD0C,"VirtualizationInstance:.","932d09ba-5d60-4c35-8264-40ddcb492344","7/27/2023, 2:25:49.623 PM","in_windowsdns_auditanalytics_sentinel_windows","im_etw","172.18.88.20","N/A","172.18.88.20",0,0,0,0,Default,"..Cache",NULL,,0,,"NXLog_DNS_Server_CL",
"0b2a9277-f48f-49f6-b78d-d8bfd6dea87a",RestAPI,,,"7/27/2023, 2:25:50.515 PM",,,,,,,,,,,,,,,,,,64256,,".",Default,,,"Microsoft-Windows-DNSServer","eb79061a-a566-4698-9119-3ed2807060e7",262,0,16,"Microsoft-Windows-DNS-Server/Analytical ",2,"Error ",0,2,"RECURSE_QUERY ",9223372036854775872,"7/27/2023, 2:25:49.123 PM",2908,3164,ERROR,4,ERROR,windns,"NT AUTHORITY",SYSTEM,"S-1-5-18",User,0,0,"0.0.0.0",,,"download.windowsupdate.com.",1,40923,0,,,,,,,,,,,,,".","04ed4273-1581-4c4e-b291-f9100181a414","7/27/2023, 2:25:49.623 PM","in_windowsdns_auditanalytics_sentinel_windows","im_etw","172.18.88.20","N/A","2606:2800:e::5",,,,,,,,,,,"NXLog_DNS_Server_CL",
"0b2a9277-f48f-49f6-b78d-d8bfd6dea87a",RestAPI,,,"7/27/2023, 2:25:50.515 PM",,,,,,,,,,,,,,,,,,64256,,".",Default,,,"Microsoft-Windows-DNSServer","eb79061a-a566-4698-9119-3ed2807060e7",260,0,16,"Microsoft-Windows-DNS-Server/Analytical ",4,"Information ",0,2,"RECURSE_QUERY ",9223372036854775824,"7/27/2023, 2:25:49.124 PM",2908,3164,INFO,2,INFO,windns,"NT AUTHORITY",SYSTEM,"S-1-5-18",User,0,0,"0.0.0.0",,0,"cs11.wpc.v0cdn.NET.",1,40923,0,40923,false,false,false,QUERY,false,NOERROR,false,false,false,"[{""dns.query.name"":""cs11.wpc.v0cdn.NET"",""dns.query.type"":""A"",""dns.query.class"":""IN""}]",0x9FDB0000000100000000000104637331310377706305763063646E034E455400000100010000290FA0000000000000,".","04ed4273-1581-4c4e-b291-f9100181a414","7/27/2023, 2:25:49.623 PM","in_windowsdns_auditanalytics_sentinel_windows","im_etw","172.18.88.20","N/A","192.229.254.6",,,,,,,NULL,,,,"NXLog_DNS_Server_CL",
"0b2a9277-f48f-49f6-b78d-d8bfd6dea87a",RestAPI,,,"7/27/2023, 2:25:50.515 PM",,,,,,,,,,,,,,,,,,64256,,".",Default,,,"Microsoft-Windows-DNSServer","eb79061a-a566-4698-9119-3ed2807060e7",260,0,16,"Microsoft-Windows-DNS-Server/Analytical ",4,"Information ",0,2,"RECURSE_QUERY ",9223372036854775824,"7/27/2023, 2:25:49.124 PM",2908,3164,INFO,2,INFO,windns,"NT AUTHORITY",SYSTEM,"S-1-5-18",User,0,0,"0.0.0.0",,0,"cs11.wpc.v0cdn.NET.",1,40923,0,40923,false,false,false,QUERY,false,NOERROR,false,false,false,"[{""dns.query.name"":""cs11.wpc.v0cdn.NET"",""dns.query.type"":""A"",""dns.query.class"":""IN""}]",0x9FDB0000000100000000000104637331310377706305763063646E034E455400000100010000290FA0000000000000,".","04ed4273-1581-4c4e-b291-f9100181a414","7/27/2023, 2:25:50.125 PM","in_windowsdns_auditanalytics_sentinel_windows","im_etw","172.18.88.20","N/A","192.229.254.5",,,,,,,NULL,,,,"NXLog_DNS_Server_CL",
"0b2a9277-f48f-49f6-b78d-d8bfd6dea87a",RestAPI,,,"7/27/2023, 2:25:51.580 PM",,,,,,,,,,,,,,,,,,,6,".",Default,"[{""dns.answer.name"":""cs11.wpc.v0cdn.NET"",""dns.answer.type"":""A"",""dns.answer.class"":""IN"",""dns.answer.ttl"":3600,""dns.answer.data"":""93.184.221.240""}]",0,"Microsoft-Windows-DNSServer","eb79061a-a566-4698-9119-3ed2807060e7",261,0,16,"Microsoft-Windows-DNS-Server/Analytical ",4,"Information ",0,2,"RECURSE_QUERY ",9223372036854775840,"7/27/2023, 2:25:49.146 PM",2908,4024,INFO,2,INFO,windns,"NT AUTHORITY",SYSTEM,"S-1-5-18",User,33792,0,"0.0.0.0","192.229.254.6",,"cs11.wpc.v0cdn.NET.",1,40923,0,40923,false,false,true,QUERY,true,NOERROR,false,false,false,"[{""dns.query.name"":""cs11.wpc.v0cdn.NET"",""dns.query.type"":""A"",""dns.query.class"":""IN""}]",0x9FDB8400000100010000000104637331310377706305763063646E034E45540000010001C00C0001000100000E1000045DB8DDF000002904D0000000000000,".","04ed4273-1581-4c4e-b291-f9100181a414","7/27/2023, 2:25:50.655 PM","in_windowsdns_auditanalytics_sentinel_windows","im_etw","172.18.88.20","N/A",,1,0,,,,,,,,,"NXLog_DNS_Server_CL",
"0b2a9277-f48f-49f6-b78d-d8bfd6dea87a",RestAPI,,,"7/27/2023, 2:25:51.580 PM",,,,,,,,,,,,,,,,,,,,,,"[{""dns.answer.name"":""download.windowsupdate.com"",""dns.answer.type"":""CNAME"",""dns.answer.class"":""IN"",""dns.answer.ttl"":2944,""dns.answer.data"":""wu-fg-shim.trafficmanager.net""},{""dns.answer.name"":""wu-fg-shim.trafficmanager.net"",""dns.answer.type"":""CNAME"",""dns.answer.class"":""IN"",""dns.answer.ttl"":600,""dns.answer.data"":""fg.wu.ec.azureedge.net""},{""dns.answer.name"":""fg.wu.ec.azureedge.net"",""dns.answer.type"":""CNAME"",""dns.answer.class"":""IN"",""dns.answer.ttl"":300,""dns.answer.data"":""hlb.apr-52dd2-0.edgecastdns.net""},{""dns.answer.name"":""hlb.apr-52dd2-0.edgecastdns.net"",""dns.answer.type"":""CNAME"",""dns.answer.class"":""IN"",""dns.answer.ttl"":300,""dns.answer.data"":""cs11.wpc.v0cdn.net""},{""dns.answer.name"":""cs11.wpc.v0cdn.net"",""dns.answer.type"":""A"",""dns.answer.class"":""IN"",""dns.answer.ttl"":3596,""dns.answer.data"":""93.184.221.240""}]",,"Microsoft-Windows-DNSServer","eb79061a-a566-4698-9119-3ed2807060e7",257,0,16,"Microsoft-Windows-DNS-Server/Analytical ",4,"Information ",0,1,"LOOK_UP ",9223372036854775810,"7/27/2023, 2:25:49.146 PM",2908,4024,INFO,2,INFO,windns,"NT AUTHORITY",SYSTEM,"S-1-5-18",User,33152,0,"172.18.88.20",,,"download.windowsupdate.com.",1,64256,54472,64256,true,false,false,QUERY,true,NOERROR,false,false,true,"[{""dns.query.name"":""download.windowsupdate.com"",""dns.query.type"":""A"",""dns.query.class"":""IN""}]",0xFB008180000100050000000008646F776E6C6F61640D77696E646F777375706461746503636F6D0000010001C00C0005000100000B80001F0A77752D66672D7368696D0E747261666669636D616E61676572036E657400C0380005000100000258001502666702777502656309617A75726565646765C052C063000500010000012C001E03686C620B6170722D35326464322D300B6564676563617374646E73C052C084000500010000012C001104637331310377706305763063646EC052C0AE0001000100000E0C00045DB8DDF0,"VirtualizationInstance:.","04ed4273-1581-4c4e-b291-f9100181a414","7/27/2023, 2:25:50.655 PM","in_windowsdns_auditanalytics_sentinel_windows","im_etw","172.18.88.20","N/A","172.18.88.20",0,0,0,0,Default,"..Cache",NULL,,4201,,"NXLog_DNS_Server_CL",
"0b2a9277-f48f-49f6-b78d-d8bfd6dea87a",RestAPI,,,"7/27/2023, 2:25:51.580 PM",,,,,,,,,,,,,,,,,,,0,".",Default,"[{""dns.answer.name"":""cs11.wpc.v0cdn.NET"",""dns.answer.type"":""A"",""dns.answer.class"":""IN"",""dns.answer.ttl"":3600,""dns.answer.data"":""93.184.221.240""}]",0,"Microsoft-Windows-DNSServer","eb79061a-a566-4698-9119-3ed2807060e7",261,0,16,"Microsoft-Windows-DNS-Server/Analytical ",4,"Information ",0,2,"RECURSE_QUERY ",9223372036854775840,"7/27/2023, 2:25:49.152 PM",2908,4028,INFO,2,INFO,windns,"NT AUTHORITY",SYSTEM,"S-1-5-18",User,33792,0,"0.0.0.0","192.229.254.5",,"cs11.wpc.v0cdn.NET.",1,40923,0,40923,false,false,true,QUERY,true,NOERROR,false,false,false,"[{""dns.query.name"":""cs11.wpc.v0cdn.NET"",""dns.query.type"":""A"",""dns.query.class"":""IN""}]",0x9FDB8400000100010000000104637331310377706305763063646E034E45540000010001C00C0001000100000E1000045DB8DDF000002904D0000000000000,".","00000000-0000-0000-0000-000000000000","7/27/2023, 2:25:50.655 PM","in_windowsdns_auditanalytics_sentinel_windows","im_etw","172.18.88.20","N/A",,1,0,,,,,,,,,"NXLog_DNS_Server_CL",
"0b2a9277-f48f-49f6-b78d-d8bfd6dea87a",RestAPI,,,"7/27/2023, 2:25:51.580 PM",,,,,,,,,,,,,,,,System,,,,,,,,"Microsoft-Windows-DNSServer","eb79061a-a566-4698-9119-3ed2807060e7",259,0,16,"Microsoft-Windows-DNS-Server/Analytical ",2,"Error ",0,1,"LOOK_UP ",9223372036854775816,"7/27/2023, 2:25:49.152 PM",2908,4028,ERROR,4,ERROR,windns,"NT AUTHORITY",SYSTEM,"S-1-5-18",User,"EXTENDED_INFO|IS_64_BIT_HEADER|PROCESSOR_INDEX (577)",0,"0.0.0.0","192.229.254.5",,"cs11.wpc.v0cdn.NET.",1,40923,,,,,,,,,,,,,,".",,"7/27/2023, 2:25:50.655 PM","in_windowsdns_auditanalytics_sentinel_windows","im_etw","172.18.88.20","N/A",,,,,,,NULL,NULL,,,"N/A","NXLog_DNS_Server_CL",
"0b2a9277-f48f-49f6-b78d-d8bfd6dea87a",RestAPI,,,"7/27/2023, 2:25:51.580 PM",,,,,,,,,,,,,,,,,,,,,,,,"Microsoft-Windows-DNSServer","eb79061a-a566-4698-9119-3ed2807060e7",256,0,16,"Microsoft-Windows-DNS-Server/Analytical ",4,"Information ",0,1,"LOOK_UP ",9223372036854775809,"7/27/2023, 2:25:49.287 PM",2908,4028,INFO,2,INFO,windns,"NT AUTHORITY",SYSTEM,"S-1-5-18",User,256,0,"172.18.88.20","172.18.88.20",1,"0b2a9277-f48f-49f6-b78d-d8bfd6dea87a.ods.opinsights.azure.com.",1,62567,57919,62567,true,false,false,QUERY,false,NOERROR,false,false,false,"[{""dns.query.name"":""0b2a9277-f48f-49f6-b78d-d8bfd6dea87a.ods.opinsights.azure.com"",""dns.query.type"":""A"",""dns.query.class"":""IN""}]",0xF467010000010000000000002430623261393237372D663438662D343966362D623738642D643862666436646561383761036F64730A6F70696E73696768747305617A75726503636F6D0000010001,".","e21f2465-ca25-4997-b863-b2ea70008cb5","7/27/2023, 2:25:50.655 PM","in_windowsdns_auditanalytics_sentinel_windows","im_etw","172.18.88.20","N/A",,,,,,,,,,,,"NXLog_DNS_Server_CL",
"0b2a9277-f48f-49f6-b78d-d8bfd6dea87a",RestAPI,,,"7/27/2023, 2:25:51.580 PM",,,,,,,,,,,,,,,,,,,,,,,,"Microsoft-Windows-DNSServer","eb79061a-a566-4698-9119-3ed2807060e7",279,0,16,"Microsoft-Windows-DNS-Server/Analytical ",4,"Information ",0,1,"LOOK_UP ",9223372071214514176,"7/27/2023, 2:25:49.287 PM",2908,4028,INFO,2,INFO,windns,"NT AUTHORITY",SYSTEM,"S-1-5-18",User,33152,0,"172.18.88.20","172.18.88.20",1,"opinsightsweuods.trafficmanager.net.",1,62567,57919,62567,true,false,false,QUERY,true,NOERROR,false,false,true,"[{""dns.query.name"":""0b2a9277-f48f-49f6-b78d-d8bfd6dea87a.ods.opinsights.azure.com"",""dns.query.type"":""A"",""dns.query.class"":""IN""}]",0xF467818000010001000000002430623261393237372D663438662D343966362D623738642D643862666436646561383761036F64730A6F70696E73696768747305617A75726503636F6D0000010001,,,"7/27/2023, 2:25:50.655 PM","in_windowsdns_auditanalytics_sentinel_windows","im_etw","172.18.88.20","N/A",,,,,,,,,,,"N/A","NXLog_DNS_Server_CL",
"0b2a9277-f48f-49f6-b78d-d8bfd6dea87a",RestAPI,,,"7/27/2023, 2:25:51.580 PM",,,,,,,,,,,,,,,,,,,,,,,,"Microsoft-Windows-DNSServer","eb79061a-a566-4698-9119-3ed2807060e7",279,0,16,"Microsoft-Windows-DNS-Server/Analytical ",4,"Information ",0,1,"LOOK_UP ",9223372071214514176,"7/27/2023, 2:25:49.287 PM",2908,4028,INFO,2,INFO,windns,"NT AUTHORITY",SYSTEM,"S-1-5-18",User,33152,0,"172.18.88.20","172.18.88.20",1,"ipv4-weu-oi-ods-cses-e.westeurope.cloudapp.azure.com.",1,62567,57919,62567,true,false,false,QUERY,true,NOERROR,false,false,true,"[{""dns.query.name"":""0b2a9277-f48f-49f6-b78d-d8bfd6dea87a.ods.opinsights.azure.com"",""dns.query.type"":""A"",""dns.query.class"":""IN""}]",0xF467818000010002000000002430623261393237372D663438662D343966362D623738642D643862666436646561383761036F64730A6F70696E73696768747305617A75726503636F6D0000010001,,,"7/27/2023, 2:25:50.655 PM","in_windowsdns_auditanalytics_sentinel_windows","im_etw","172.18.88.20","N/A",,,,,,,,,,,"N/A","NXLog_DNS_Server_CL",
"0b2a9277-f48f-49f6-b78d-d8bfd6dea87a",RestAPI,,,"7/27/2023, 2:25:51.580 PM",,,,,,,,,,,,,,,,,,62567,,".",Default,,,"Microsoft-Windows-DNSServer","eb79061a-a566-4698-9119-3ed2807060e7",260,0,16,"Microsoft-Windows-DNS-Server/Analytical ",4,"Information ",0,2,"RECURSE_QUERY ",9223372036854775824,"7/27/2023, 2:25:49.287 PM",2908,4028,INFO,2,INFO,windns,"NT AUTHORITY",SYSTEM,"S-1-5-18",User,0,0,"0.0.0.0",,0,"ipv4-weu-oi-ods-cses-e.westeurope.cloudapp.azure.com.",1,35663,0,35663,false,false,false,QUERY,false,NOERROR,false,false,false,"[{""dns.query.name"":""ipv4-weu-oi-ods-cses-e.westeurope.cloudapp.azure.com"",""dns.query.type"":""A"",""dns.query.class"":""IN""}]",0x8B4F0000000100000000000116697076342D7765752D6F692D6F64732D637365732D650A776573746575726F706508636C6F756461707005617A75726503636F6D00000100010000290FA0000000000000,".","e21f2465-ca25-4997-b863-b2ea70008cb5","7/27/2023, 2:25:50.655 PM","in_windowsdns_auditanalytics_sentinel_windows","im_etw","172.18.88.20","N/A","150.171.10.39",,,,,,,NULL,,,,"NXLog_DNS_Server_CL",
"0b2a9277-f48f-49f6-b78d-d8bfd6dea87a",RestAPI,,,"7/27/2023, 2:25:51.580 PM",,,,,,,,,,,,,,,,,,,,,,,,"Microsoft-Windows-DNSServer","eb79061a-a566-4698-9119-3ed2807060e7",256,0,16,"Microsoft-Windows-DNS-Server/Analytical ",4,"Information ",0,1,"LOOK_UP ",9223372036854775809,"7/27/2023, 2:25:49.312 PM",2908,4028,INFO,2,INFO,windns,"NT AUTHORITY",SYSTEM,"S-1-5-18",User,256,0,"172.18.88.20","172.18.88.20",1,"0b2a9277-f48f-49f6-b78d-d8bfd6dea87a.ods.opinsights.azure.com.",1,62567,57919,62567,true,false,false,QUERY,false,NOERROR,false,false,false,"[{""dns.query.name"":""0b2a9277-f48f-49f6-b78d-d8bfd6dea87a.ods.opinsights.azure.com"",""dns.query.type"":""A"",""dns.query.class"":""IN""}]",0xF467010000010000000000002430623261393237372D663438662D343966362D623738642D643862666436646561383761036F64730A6F70696E73696768747305617A75726503636F6D0000010001,".","47c898a8-1afc-4d6b-b021-a75e89863127","7/27/2023, 2:25:50.655 PM","in_windowsdns_auditanalytics_sentinel_windows","im_etw","172.18.88.20","N/A",,,,,,,,,,,,"NXLog_DNS_Server_CL",
"0b2a9277-f48f-49f6-b78d-d8bfd6dea87a",RestAPI,,,"7/27/2023, 2:25:51.580 PM",,,,,,,,,,,,,,,,,,,,,,,,"Microsoft-Windows-DNSServer","eb79061a-a566-4698-9119-3ed2807060e7",279,0,16,"Microsoft-Windows-DNS-Server/Analytical ",4,"Information ",0,1,"LOOK_UP ",9223372071214514176,"7/27/2023, 2:25:49.312 PM",2908,4028,INFO,2,INFO,windns,"NT AUTHORITY",SYSTEM,"S-1-5-18",User,33152,0,"172.18.88.20","172.18.88.20",1,"opinsightsweuods.trafficmanager.net.",1,62567,57919,62567,true,false,false,QUERY,true,NOERROR,false,false,true,"[{""dns.query.name"":""0b2a9277-f48f-49f6-b78d-d8bfd6dea87a.ods.opinsights.azure.com"",""dns.query.type"":""A"",""dns.query.class"":""IN""}]",0xF467818000010001000000002430623261393237372D663438662D343966362D623738642D643862666436646561383761036F64730A6F70696E73696768747305617A75726503636F6D0000010001,,,"7/27/2023, 2:25:50.655 PM","in_windowsdns_auditanalytics_sentinel_windows","im_etw","172.18.88.20","N/A",,,,,,,,,,,"N/A","NXLog_DNS_Server_CL",
"0b2a9277-f48f-49f6-b78d-d8bfd6dea87a",RestAPI,,,"7/27/2023, 2:25:51.580 PM",,,,,,,,,,,,,,,,,,,,,,,,"Microsoft-Windows-DNSServer","eb79061a-a566-4698-9119-3ed2807060e7",279,0,16,"Microsoft-Windows-DNS-Server/Analytical ",4,"Information ",0,1,"LOOK_UP ",9223372071214514176,"7/27/2023, 2:25:49.312 PM",2908,4028,INFO,2,INFO,windns,"NT AUTHORITY",SYSTEM,"S-1-5-18",User,33152,0,"172.18.88.20","172.18.88.20",1,"ipv4-weu-oi-ods-cses-e.westeurope.cloudapp.azure.com.",1,62567,57919,62567,true,false,false,QUERY,true,NOERROR,false,false,true,"[{""dns.query.name"":""0b2a9277-f48f-49f6-b78d-d8bfd6dea87a.ods.opinsights.azure.com"",""dns.query.type"":""A"",""dns.query.class"":""IN""}]",0xF467818000010002000000002430623261393237372D663438662D343966362D623738642D643862666436646561383761036F64730A6F70696E73696768747305617A75726503636F6D0000010001,,,"7/27/2023, 2:25:50.655 PM","in_windowsdns_auditanalytics_sentinel_windows","im_etw","172.18.88.20","N/A",,,,,,,,,,,"N/A","NXLog_DNS_Server_CL",
"0b2a9277-f48f-49f6-b78d-d8bfd6dea87a",RestAPI,,,"7/27/2023, 2:25:51.580 PM",,,,,,,,,,,,,,,,,,,1,".",Default,,0,"Microsoft-Windows-DNSServer","eb79061a-a566-4698-9119-3ed2807060e7",261,0,16,"Microsoft-Windows-DNS-Server/Analytical ",4,"Information ",0,2,"RECURSE_QUERY ",9223372036854775840,"7/27/2023, 2:25:49.317 PM",2908,4028,INFO,2,INFO,windns,"NT AUTHORITY",SYSTEM,"S-1-5-18",User,32768,0,"0.0.0.0","150.171.10.39",,"ipv4-weu-oi-ods-cses-e.westeurope.cloudapp.azure.com.",1,35663,0,35663,false,false,false,QUERY,true,NOERROR,false,false,false,"[{""dns.query.name"":""ipv4-weu-oi-ods-cses-e.westeurope.cloudapp.azure.com"",""dns.query.type"":""A"",""dns.query.class"":""IN""}]",0x8B4F8000000100000006000116697076342D7765752D6F692D6F64732D637365732D650A776573746575726F706508636C6F756461707005617A75726503636F6D0000010001C023000200010000012C0014076E73312D32303109617A7572652D646E73C03DC023000200010000012C0017076E73322D32303109617A7572652D646E73036E657400C023000200010000012C0018086E7331312D32303109617A7572652D646E73036F726700C023000200010000012C0019086E7331322D32303109617A7572652D646E7304696E666F00C023000200010000012C000B086E7331302D323031C07AC023000200010000012C000A076E73392D323031C05A00002904D0000000000000,".","e21f2465-ca25-4997-b863-b2ea70008cb5","7/27/2023, 2:25:50.655 PM","in_windowsdns_auditanalytics_sentinel_windows","im_etw","172.18.88.20","N/A",,0,0,,,,,,"[{""dns.authority.name"":""westeurope.cloudapp.azure.com"",""dns.authority.type"":""NS"",""dns.authority.class"":""IN"",""dns.authority.ttl"":300,""dns.authority.data"":""ns1-201.azure-dns.com""},{""dns.authority.name"":""westeurope.cloudapp.azure.com"",""dns.authority.type"":""NS"",""dns.authority.class"":""IN"",""dns.authority.ttl"":300,""dns.authority.data"":""ns2-201.azure-dns.net""},{""dns.authority.name"":""westeurope.cloudapp.azure.com"",""dns.authority.type"":""NS"",""dns.authority.class"":""IN"",""dns.authority.ttl"":300,""dns.authority.data"":""ns11-201.azure-dns.org""},{""dns.authority.name"":""westeurope.cloudapp.azure.com"",""dns.authority.type"":""NS"",""dns.authority.class"":""IN"",""dns.authority.ttl"":300,""dns.authority.data"":""ns12-201.azure-dns.info""},{""dns.authority.name"":""westeurope.cloudapp.azure.com"",""dns.authority.type"":""NS"",""dns.authority.class"":""IN"",""dns.authority.ttl"":300,""dns.authority.data"":""ns10-201.azure-dns.net""},{""dns.authority.name"":""westeurope.cloudapp.azure.com"",""dns.authority.type"":""NS"",""dns.authority.class"":""IN"",""dns.authority.ttl"":300,""dns.authority.data"":""ns9-201.azure-dns.com""}]",,,"NXLog_DNS_Server_CL",
"0b2a9277-f48f-49f6-b78d-d8bfd6dea87a",RestAPI,,,"7/27/2023, 2:25:51.580 PM",,,,,,,,,,,,,,,,,,62567,,".",Default,,,"Microsoft-Windows-DNSServer","eb79061a-a566-4698-9119-3ed2807060e7",260,0,16,"Microsoft-Windows-DNS-Server/Analytical ",4,"Information ",0,2,"RECURSE_QUERY ",9223372036854775824,"7/27/2023, 2:25:49.317 PM",2908,4028,INFO,2,INFO,windns,"NT AUTHORITY",SYSTEM,"S-1-5-18",User,0,0,"0.0.0.0",,0,"ipv4-weu-oi-ods-cses-e.westeurope.cloudapp.azure.com.",1,21419,0,21419,false,false,false,QUERY,false,NOERROR,false,false,false,"[{""dns.query.name"":""ipv4-weu-oi-ods-cses-e.westeurope.cloudapp.azure.com"",""dns.query.type"":""A"",""dns.query.class"":""IN""}]",0x53AB0000000100000000000116697076342D7765752D6F692D6F64732D637365732D650A776573746575726F706508636C6F756461707005617A75726503636F6D00000100010000290FA0000000000000,".","e21f2465-ca25-4997-b863-b2ea70008cb5","7/27/2023, 2:25:50.655 PM","in_windowsdns_auditanalytics_sentinel_windows","im_etw","172.18.88.20","N/A","13.107.236.201",,,,,,,NULL,,,,"NXLog_DNS_Server_CL",
"0b2a9277-f48f-49f6-b78d-d8bfd6dea87a",RestAPI,,,"7/27/2023, 2:25:51.580 PM",,,,,,,,,,,,,,,,,,,2,".",Default,"[{""dns.answer.name"":""ipv4-weu-oi-ods-cses-e.westeurope.cloudapp.azure.com"",""dns.answer.type"":""A"",""dns.answer.class"":""IN"",""dns.answer.ttl"":10,""dns.answer.data"":""13.69.106.94""}]",0,"Microsoft-Windows-DNSServer","eb79061a-a566-4698-9119-3ed2807060e7",261,0,16,"Microsoft-Windows-DNS-Server/Analytical ",4,"Information ",0,2,"RECURSE_QUERY ",9223372036854775840,"7/27/2023, 2:25:49.347 PM",2908,4028,INFO,2,INFO,windns,"NT AUTHORITY",SYSTEM,"S-1-5-18",User,33792,0,"0.0.0.0","13.107.236.201",,"ipv4-weu-oi-ods-cses-e.westeurope.cloudapp.azure.com.",1,21419,0,21419,false,false,true,QUERY,true,NOERROR,false,false,false,"[{""dns.query.name"":""ipv4-weu-oi-ods-cses-e.westeurope.cloudapp.azure.com"",""dns.query.type"":""A"",""dns.query.class"":""IN""}]",0x53AB8400000100010000000116697076342D7765752D6F692D6F64732D637365732D650A776573746575726F706508636C6F756461707005617A75726503636F6D0000010001C00C000100010000000A00040D456A5E00002904D0000000000000,".","e21f2465-ca25-4997-b863-b2ea70008cb5","7/27/2023, 2:25:50.655 PM","in_windowsdns_auditanalytics_sentinel_windows","im_etw","172.18.88.20","N/A",,1,0,,,,,,,,,"NXLog_DNS_Server_CL",
"0b2a9277-f48f-49f6-b78d-d8bfd6dea87a",RestAPI,,,"7/27/2023, 2:25:51.580 PM",,,,,,,,,,,,,,,,,,,,,,"[{""dns.answer.name"":""0b2a9277-f48f-49f6-b78d-d8bfd6dea87a.ods.opinsights.azure.com"",""dns.answer.type"":""CNAME"",""dns.answer.class"":""IN"",""dns.answer.ttl"":128,""dns.answer.data"":""opinsightsweuods.trafficmanager.net""},{""dns.answer.name"":""opinsightsweuods.trafficmanager.net"",""dns.answer.type"":""CNAME"",""dns.answer.class"":""IN"",""dns.answer.ttl"":128,""dns.answer.data"":""ipv4-weu-oi-ods-cses-e.westeurope.cloudapp.azure.com""},{""dns.answer.name"":""ipv4-weu-oi-ods-cses-e.westeurope.cloudapp.azure.com"",""dns.answer.type"":""A"",""dns.answer.class"":""IN"",""dns.answer.ttl"":10,""dns.answer.data"":""13.69.106.94""}]",,"Microsoft-Windows-DNSServer","eb79061a-a566-4698-9119-3ed2807060e7",257,0,16,"Microsoft-Windows-DNS-Server/Analytical ",4,"Information ",0,1,"LOOK_UP ",9223372036854775810,"7/27/2023, 2:25:49.347 PM",2908,4028,INFO,2,INFO,windns,"NT AUTHORITY",SYSTEM,"S-1-5-18",User,33152,0,"172.18.88.20",,,"0b2a9277-f48f-49f6-b78d-d8bfd6dea87a.ods.opinsights.azure.com.",1,62567,57919,62567,true,false,false,QUERY,true,NOERROR,false,false,true,"[{""dns.query.name"":""0b2a9277-f48f-49f6-b78d-d8bfd6dea87a.ods.opinsights.azure.com"",""dns.query.type"":""A"",""dns.query.class"":""IN""}]",0xF467818000010003000000002430623261393237372D663438662D343966362D623738642D643862666436646561383761036F64730A6F70696E73696768747305617A75726503636F6D0000010001C00C00050001000000800025106F70696E7369676874737765756F64730E747261666669636D616E61676572036E657400C05B0005000100000080002D16697076342D7765752D6F692D6F64732D637365732D650A776573746575726F706508636C6F7564617070C040C08C000100010000000A00040D456A5E,"VirtualizationInstance:.","e21f2465-ca25-4997-b863-b2ea70008cb5","7/27/2023, 2:25:50.655 PM","in_windowsdns_auditanalytics_sentinel_windows","im_etw","172.18.88.20","N/A","172.18.88.20",0,0,0,0,Default,"..Cache",NULL,,61,,"NXLog_DNS_Server_CL",
"0b2a9277-f48f-49f6-b78d-d8bfd6dea87a",RestAPI,,,"7/27/2023, 2:25:53.644 PM",,,,,,,,,,,,,,,,,,,,,,,,"Microsoft-Windows-DNSServer","eb79061a-a566-4698-9119-3ed2807060e7",256,0,16,"Microsoft-Windows-DNS-Server/Analytical ",4,"Information ",0,1,"LOOK_UP ",9223372036854775809,"7/27/2023, 2:25:50.957 PM",2908,4028,INFO,2,INFO,windns,"NT AUTHORITY",SYSTEM,"S-1-5-18",User,256,0,"172.18.88.20","172.18.88.20",1,"wpad.local.",1,30877,52189,30877,true,false,false,QUERY,false,NOERROR,false,false,false,"[{""dns.query.name"":""wpad.local"",""dns.query.type"":""A"",""dns.query.class"":""IN""}]",0x789D010000010000000000000477706164056C6F63616C0000010001,".","e88ec290-25c5-4433-b9b3-caeee72d1f75","7/27/2023, 2:25:52.996 PM","in_windowsdns_auditanalytics_sentinel_windows","im_etw","172.18.88.20","N/A",,,,,,,,,,,,"NXLog_DNS_Server_CL",
"0b2a9277-f48f-49f6-b78d-d8bfd6dea87a",RestAPI,,,"7/27/2023, 2:25:53.644 PM",,,,,,,,,,,,,,,,,,,,,,,,"Microsoft-Windows-DNSServer","eb79061a-a566-4698-9119-3ed2807060e7",257,0,16,"Microsoft-Windows-DNS-Server/Analytical ",4,"Information ",0,1,"LOOK_UP ",9223372036854775810,"7/27/2023, 2:25:50.957 PM",2908,4028,INFO,2,INFO,windns,"NT AUTHORITY",SYSTEM,"S-1-5-18",User,34179,0,"172.18.88.20",,,"wpad.local.",1,30877,52189,30877,true,false,true,QUERY,true,NXDOMAIN,false,false,true,"[{""dns.query.name"":""wpad.local"",""dns.query.type"":""A"",""dns.query.class"":""IN""}]",0x789D858300010000000100000477706164056C6F63616C0000010001056C6F63616C000006000100000E10002A0677696E646E73C01C0A686F73746D6173746572C01C0000001500000384000002580001518000000E10,"VirtualizationInstance:.","e88ec290-25c5-4433-b9b3-caeee72d1f75","7/27/2023, 2:25:52.996 PM","in_windowsdns_auditanalytics_sentinel_windows","im_etw","172.18.88.20","N/A","172.18.88.20",1,0,0,3,Default,local,NULL,"[{""dns.authority.name"":""local"",""dns.authority.type"":""SOA"",""dns.authority.class"":""IN"",""dns.authority.ttl"":3600,""dns.soa.data.name_server"":""windns.local"",""dns.soa.data.auth_mailbox"":""hostmaster.local"",""dns.soa.data.serial_number"":21,""dns.soa.data.refresh_interval"":900,""dns.soa.data.retry_interval"":600,""dns.soa.data.expire_limit"":86400,""dns.soa.data.min_ttl"":3600}]",0,,"NXLog_DNS_Server_CL",
"0b2a9277-f48f-49f6-b78d-d8bfd6dea87a",RestAPI,,,"7/27/2023, 2:25:59.770 PM",,,,,,,,,,,,,,,,,,,,,,,,"Microsoft-Windows-DNSServer","eb79061a-a566-4698-9119-3ed2807060e7",256,0,16,"Microsoft-Windows-DNS-Server/Analytical ",4,"Information ",0,1,"LOOK_UP ",9223372036854775809,"7/27/2023, 2:25:57.047 PM",2908,4028,INFO,2,INFO,windns,"NT AUTHORITY",SYSTEM,"S-1-5-18",User,256,0,"172.18.88.20","172.18.88.20",1,"wdcp.microsoft.com.",1,30672,58102,30672,true,false,false,QUERY,false,NOERROR,false,false,false,"[{""dns.query.name"":""wdcp.microsoft.com"",""dns.query.type"":""A"",""dns.query.class"":""IN""}]",0x77D0010000010000000000000477646370096D6963726F736F667403636F6D0000010001,".","5ece44d1-bf2e-45b8-bc7e-59796bbe135d","7/27/2023, 2:25:59.046 PM","in_windowsdns_auditanalytics_sentinel_windows","im_etw","172.18.88.20","N/A",,,,,,,,,,,,"NXLog_DNS_Server_CL",
"0b2a9277-f48f-49f6-b78d-d8bfd6dea87a",RestAPI,,,"7/27/2023, 2:25:59.770 PM",,,,,,,,,,,,,,,,,,,,,,,,"Microsoft-Windows-DNSServer","eb79061a-a566-4698-9119-3ed2807060e7",279,0,16,"Microsoft-Windows-DNS-Server/Analytical ",4,"Information ",0,1,"LOOK_UP ",9223372071214514176,"7/27/2023, 2:25:57.047 PM",2908,4028,INFO,2,INFO,windns,"NT AUTHORITY",SYSTEM,"S-1-5-18",User,33152,0,"172.18.88.20","172.18.88.20",1,"wd-prod-cp.trafficmanager.net.",1,30672,58102,30672,true,false,false,QUERY,true,NOERROR,false,false,true,"[{""dns.query.name"":""wdcp.microsoft.com"",""dns.query.type"":""A"",""dns.query.class"":""IN""}]",0x77D0818000010001000000000477646370096D6963726F736F667403636F6D0000010001,,,"7/27/2023, 2:25:59.046 PM","in_windowsdns_auditanalytics_sentinel_windows","im_etw","172.18.88.20","N/A",,,,,,,,,,,"N/A","NXLog_DNS_Server_CL",
"0b2a9277-f48f-49f6-b78d-d8bfd6dea87a",RestAPI,,,"7/27/2023, 2:25:59.770 PM",,,,,,,,,,,,,,,,,,30672,,".",Default,,,"Microsoft-Windows-DNSServer","eb79061a-a566-4698-9119-3ed2807060e7",260,0,16,"Microsoft-Windows-DNS-Server/Analytical ",4,"Information ",0,2,"RECURSE_QUERY ",9223372036854775824,"7/27/2023, 2:25:57.047 PM",2908,4028,INFO,2,INFO,windns,"NT AUTHORITY",SYSTEM,"S-1-5-18",User,0,0,"0.0.0.0",,0,"wd-prod-cp.trafficmanager.NET.",1,42917,0,42917,false,false,false,QUERY,false,NOERROR,false,false,false,"[{""dns.query.name"":""wd-prod-cp.trafficmanager.NET"",""dns.query.type"":""A"",""dns.query.class"":""IN""}]",0xA7A5000000010000000000010A77642D70726F642D63700E747261666669636D616E61676572034E455400000100010000290FA0000000000000,".","5ece44d1-bf2e-45b8-bc7e-59796bbe135d","7/27/2023, 2:25:59.046 PM","in_windowsdns_auditanalytics_sentinel_windows","im_etw","172.18.88.20","N/A","13.107.222.240",,,,,,,NULL,,,,"NXLog_DNS_Server_CL",
"0b2a9277-f48f-49f6-b78d-d8bfd6dea87a",RestAPI,,,"7/27/2023, 2:25:59.770 PM",,,,,,,,,,,,,,,,,,,1,".",Default,"[{""dns.answer.name"":""wd-prod-cp.trafficmanager.NET"",""dns.answer.type"":""CNAME"",""dns.answer.class"":""IN"",""dns.answer.ttl"":300,""dns.answer.data"":""wd-prod-cp-eu-west-1-fe.westeurope.cloudapp.azure.com""}]",0,"Microsoft-Windows-DNSServer","eb79061a-a566-4698-9119-3ed2807060e7",261,0,16,"Microsoft-Windows-DNS-Server/Analytical ",4,"Information ",0,2,"RECURSE_QUERY ",9223372036854775840,"7/27/2023, 2:25:57.074 PM",2908,4028,INFO,2,INFO,windns,"NT AUTHORITY",SYSTEM,"S-1-5-18",User,33792,0,"0.0.0.0","13.107.222.240",,"wd-prod-cp.trafficmanager.NET.",1,42917,0,42917,false,false,true,QUERY,true,NOERROR,false,false,false,"[{""dns.query.name"":""wd-prod-cp.trafficmanager.NET"",""dns.query.type"":""A"",""dns.query.class"":""IN""}]",0xA7A5840000010001000000010A77642D70726F642D63700E747261666669636D616E61676572034E45540000010001C00C000500010000012C00371777642D70726F642D63702D65752D776573742D312D66650A776573746575726F706508636C6F756461707005617A75726503636F6D0000002904D0000000000000,".","5ece44d1-bf2e-45b8-bc7e-59796bbe135d","7/27/2023, 2:25:59.046 PM","in_windowsdns_auditanalytics_sentinel_windows","im_etw","172.18.88.20","N/A",,1,0,,,,,,,,,"NXLog_DNS_Server_CL",
"0b2a9277-f48f-49f6-b78d-d8bfd6dea87a",RestAPI,,,"7/27/2023, 2:25:59.785 PM",,,,,,,,,,,,,,,,,,,,,,,,"Microsoft-Windows-DNSServer","eb79061a-a566-4698-9119-3ed2807060e7",279,0,16,"Microsoft-Windows-DNS-Server/Analytical ",4,"Information ",0,1,"LOOK_UP ",9223372071214514176,"7/27/2023, 2:25:57.074 PM",2908,4028,INFO,2,INFO,windns,"NT AUTHORITY",SYSTEM,"S-1-5-18",User,33152,0,"172.18.88.20","172.18.88.20",1,"wd-prod-cp-eu-west-1-fe.westeurope.cloudapp.azure.com.",1,30672,58102,30672,true,false,false,QUERY,true,NOERROR,false,false,true,"[{""dns.query.name"":""wdcp.microsoft.com"",""dns.query.type"":""A"",""dns.query.class"":""IN""}]",0x77D0818000010002000000000477646370096D6963726F736F667403636F6D0000010001,,,"7/27/2023, 2:25:59.046 PM","in_windowsdns_auditanalytics_sentinel_windows","im_etw","172.18.88.20","N/A",,,,,,,,,,,"N/A","NXLog_DNS_Server_CL",
"0b2a9277-f48f-49f6-b78d-d8bfd6dea87a",RestAPI,,,"7/27/2023, 2:25:59.785 PM",,,,,,,,,,,,,,,,,,30672,,".",Default,,,"Microsoft-Windows-DNSServer","eb79061a-a566-4698-9119-3ed2807060e7",260,0,16,"Microsoft-Windows-DNS-Server/Analytical ",4,"Information ",0,2,"RECURSE_QUERY ",9223372036854775824,"7/27/2023, 2:25:57.074 PM",2908,4028,INFO,2,INFO,windns,"NT AUTHORITY",SYSTEM,"S-1-5-18",User,0,0,"0.0.0.0",,0,"wd-prod-cp-eu-west-1-fe.westeurope.cloudapp.azure.com.",1,24220,0,24220,false,false,false,QUERY,false,NOERROR,false,false,false,"[{""dns.query.name"":""wd-prod-cp-eu-west-1-fe.westeurope.cloudapp.azure.com"",""dns.query.type"":""A"",""dns.query.class"":""IN""}]",0x5E9C000000010000000000011777642D70726F642D63702D65752D776573742D312D66650A776573746575726F706508636C6F756461707005617A75726503636F6D00000100010000290FA0000000000000,".","5ece44d1-bf2e-45b8-bc7e-59796bbe135d","7/27/2023, 2:25:59.046 PM","in_windowsdns_auditanalytics_sentinel_windows","im_etw","172.18.88.20","N/A","150.171.10.201",,,,,,,NULL,,,,"NXLog_DNS_Server_CL",
"0b2a9277-f48f-49f6-b78d-d8bfd6dea87a",RestAPI,,,"7/27/2023, 2:25:59.785 PM",,,,,,,,,,,,,,,,,,,,,,,,"Microsoft-Windows-DNSServer","eb79061a-a566-4698-9119-3ed2807060e7",256,0,16,"Microsoft-Windows-DNS-Server/Analytical ",4,"Information ",0,1,"LOOK_UP ",9223372036854775809,"7/27/2023, 2:25:57.079 PM",2908,4028,INFO,2,INFO,windns,"NT AUTHORITY",SYSTEM,"S-1-5-18",User,256,0,"172.18.88.20","172.18.88.20",1,"wdcp.microsoft.com.",1,30672,58102,30672,true,false,false,QUERY,false,NOERROR,false,false,false,"[{""dns.query.name"":""wdcp.microsoft.com"",""dns.query.type"":""A"",""dns.query.class"":""IN""}]",0x77D0010000010000000000000477646370096D6963726F736F667403636F6D0000010001,".","a167d5e7-76d5-4968-b48c-c5876859c738","7/27/2023, 2:25:59.046 PM","in_windowsdns_auditanalytics_sentinel_windows","im_etw","172.18.88.20","N/A",,,,,,,,,,,,"NXLog_DNS_Server_CL",
"0b2a9277-f48f-49f6-b78d-d8bfd6dea87a",RestAPI,,,"7/27/2023, 2:25:59.785 PM",,,,,,,,,,,,,,,,,,,,,,,,"Microsoft-Windows-DNSServer","eb79061a-a566-4698-9119-3ed2807060e7",279,0,16,"Microsoft-Windows-DNS-Server/Analytical ",4,"Information ",0,1,"LOOK_UP ",9223372071214514176,"7/27/2023, 2:25:57.079 PM",2908,4028,INFO,2,INFO,windns,"NT AUTHORITY",SYSTEM,"S-1-5-18",User,33152,0,"172.18.88.20","172.18.88.20",1,"wd-prod-cp.trafficmanager.net.",1,30672,58102,30672,true,false,false,QUERY,true,NOERROR,false,false,true,"[{""dns.query.name"":""wdcp.microsoft.com"",""dns.query.type"":""A"",""dns.query.class"":""IN""}]",0x77D0818000010001000000000477646370096D6963726F736F667403636F6D0000010001,,,"7/27/2023, 2:25:59.046 PM","in_windowsdns_auditanalytics_sentinel_windows","im_etw","172.18.88.20","N/A",,,,,,,,,,,"N/A","NXLog_DNS_Server_CL",
