"46bec743-35fa-4608-b7e2-2aa3c38a97c2",OpsManager,"11/6/2023, 10:47:52.143 PM","Microsoft-Windows-Sysmon","Microsoft-Windows-Sysmon/Operational",WindowsEventLog,22,4,Information,"NT AUTHORITY\SYSTEM",,"<Param>-</Param><Param>2023-11-06 17:17:50.121</Param><Param>{8CAD0A01-19E1-6549-9B00-000000000A00}</Param><Param>4028</Param><Param>gcs.prod.monitoring.core.windows.net</Param><Param>0</Param><Param>type:  5 warmpath-prod-nested.trafficmanager.net;::ffff:20.42.65.128;</Param><Param>C:\Packages\Plugins\Microsoft.Azure.Geneva.GenevaMonitoring\2.41.0.3\Monitoring\Agent\MonAgentManager.exe</Param><Param>NT AUTHORITY\SYSTEM</Param>","<DataItem type=""System.XmlData"" time=""2023-11-06T22:47:52.1436562+05:30"" sourceHealthServiceId=""F57C2BCF-DE2B-DA7F-FD91-0649DF501A73""><EventData xmlns=""http://schemas.microsoft.com/win/2004/08/events/event""><Data Name=""RuleName"">-</Data><Data Name=""UtcTime"">2023-11-06 17:17:50.121</Data><Data Name=""ProcessGuid"">{8CAD0A01-19E1-6549-9B00-000000000A00}</Data><Data Name=""ProcessId"">4028</Data><Data Name=""QueryName"">gcs.prod.monitoring.core.windows.net</Data><Data Name=""QueryStatus"">0</Data><Data Name=""QueryResults"">type:  5 warmpath-prod-nested.trafficmanager.net;::ffff:20.42.65.128;</Data><Data Name=""Image"">C:\Packages\Plugins\Microsoft.Azure.Geneva.GenevaMonitoring\2.41.0.3\Monitoring\Agent\MonAgentManager.exe</Data><Data Name=""User"">NT AUTHORITY\SYSTEM</Data></EventData></DataItem>",22,"Dns query: RuleName: - UtcTime: 2023-11-06 17:17:50.121 ProcessGuid: {8CAD0A01-19E1-6549-9B00-000000000A00} ProcessId: 4028 QueryName: gcs.prod.monitoring.core.windows.net QueryStatus: 0 QueryResults: type:  5 warmpath-prod-nested.trafficmanager.net;::ffff:20.42.65.128; Image: C:\Packages\Plugins\Microsoft.Azure.Geneva.GenevaMonitoring\2.41.0.3\Monitoring\Agent\MonAgentManager.exe User: NT AUTHORITY\SYSTEM ","00000000-0000-0000-0000-000000000001","AOI-46bec743-35fa-4608-b7e2-2aa3c38a97c2",,,Event,"6d052b79-7cc8-11ee-8bc4-0022486ea8bc","/subscriptions/4383ac89-7cd1-48c1-8061-b0b3c5ccfd97/resourcegroups/varunlab-rg/providers/microsoft.compute/virtualmachines/windowseventlogs","4383ac89-7cd1-48c1-8061-b0b3c5ccfd97"
"46bec743-35fa-4608-b7e2-2aa3c38a97c2",OpsManager,"11/6/2023, 10:48:46.402 PM","Microsoft-Windows-Sysmon","Microsoft-Windows-Sysmon/Operational",WindowsEventLog,22,4,Information,"NT AUTHORITY\SYSTEM",,"<Param>-</Param><Param>2023-11-06 17:18:45.086</Param><Param>{8CAD0A01-19E2-6549-9D00-000000000A00}</Param><Param>1904</Param><Param>eastus-shared.prod.warm.ingest.monitor.core.windows.net</Param><Param>0</Param><Param>type:  5 gig-warm-prod-shared-eastus.trafficmanager.net;::ffff:20.62.132.10;</Param><Param>C:\Packages\Plugins\Microsoft.Azure.Geneva.GenevaMonitoring\2.41.0.3\Monitoring\Agent\MonAgentCore.exe</Param><Param>NT AUTHORITY\SYSTEM</Param>","<DataItem type=""System.XmlData"" time=""2023-11-06T22:48:46.4026995+05:30"" sourceHealthServiceId=""F57C2BCF-DE2B-DA7F-FD91-0649DF501A73""><EventData xmlns=""http://schemas.microsoft.com/win/2004/08/events/event""><Data Name=""RuleName"">-</Data><Data Name=""UtcTime"">2023-11-06 17:18:45.086</Data><Data Name=""ProcessGuid"">{8CAD0A01-19E2-6549-9D00-000000000A00}</Data><Data Name=""ProcessId"">1904</Data><Data Name=""QueryName"">eastus-shared.prod.warm.ingest.monitor.core.windows.net</Data><Data Name=""QueryStatus"">0</Data><Data Name=""QueryResults"">type:  5 gig-warm-prod-shared-eastus.trafficmanager.net;::ffff:20.62.132.10;</Data><Data Name=""Image"">C:\Packages\Plugins\Microsoft.Azure.Geneva.GenevaMonitoring\2.41.0.3\Monitoring\Agent\MonAgentCore.exe</Data><Data Name=""User"">NT AUTHORITY\SYSTEM</Data></EventData></DataItem>",22,"Dns query: RuleName: - UtcTime: 2023-11-06 17:18:45.086 ProcessGuid: {8CAD0A01-19E2-6549-9D00-000000000A00} ProcessId: 1904 QueryName: eastus-shared.prod.warm.ingest.monitor.core.windows.net QueryStatus: 0 QueryResults: type:  5 gig-warm-prod-shared-eastus.trafficmanager.net;::ffff:20.62.132.10; Image: C:\Packages\Plugins\Microsoft.Azure.Geneva.GenevaMonitoring\2.41.0.3\Monitoring\Agent\MonAgentCore.exe User: NT AUTHORITY\SYSTEM ","00000000-0000-0000-0000-000000000001","AOI-46bec743-35fa-4608-b7e2-2aa3c38a97c2",,,Event,"8c62f933-7cc8-11ee-8bc4-0022486ea2b9","/subscriptions/4383ac89-7cd1-48c1-8061-b0b3c5ccfd97/resourcegroups/varunlab-rg/providers/microsoft.compute/virtualmachines/windowseventlogs","4383ac89-7cd1-48c1-8061-b0b3c5ccfd97"
"46bec743-35fa-4608-b7e2-2aa3c38a97c2",OpsManager,"11/6/2023, 10:49:58.581 PM","Microsoft-Windows-Sysmon","Microsoft-Windows-Sysmon/Operational",WindowsEventLog,22,4,Information,"NT AUTHORITY\SYSTEM",,"<Param>-</Param><Param>2023-11-06 17:19:57.607</Param><Param>{8CAD0A01-19E2-6549-9D00-000000000A00}</Param><Param>1904</Param><Param>WindowsEventLog</Param><Param>0</Param><Param>10.0.0.4;</Param><Param>C:\Packages\Plugins\Microsoft.Azure.Geneva.GenevaMonitoring\2.41.0.3\Monitoring\Agent\MonAgentCore.exe</Param><Param>NT AUTHORITY\SYSTEM</Param>","<DataItem type=""System.XmlData"" time=""2023-11-06T22:49:58.5818761+05:30"" sourceHealthServiceId=""F57C2BCF-DE2B-DA7F-FD91-0649DF501A73""><EventData xmlns=""http://schemas.microsoft.com/win/2004/08/events/event""><Data Name=""RuleName"">-</Data><Data Name=""UtcTime"">2023-11-06 17:19:57.607</Data><Data Name=""ProcessGuid"">{8CAD0A01-19E2-6549-9D00-000000000A00}</Data><Data Name=""ProcessId"">1904</Data><Data Name=""QueryName"">WindowsEventLog</Data><Data Name=""QueryStatus"">0</Data><Data Name=""QueryResults"">10.0.0.4;</Data><Data Name=""Image"">C:\Packages\Plugins\Microsoft.Azure.Geneva.GenevaMonitoring\2.41.0.3\Monitoring\Agent\MonAgentCore.exe</Data><Data Name=""User"">NT AUTHORITY\SYSTEM</Data></EventData></DataItem>",22,"Dns query: RuleName: - UtcTime: 2023-11-06 17:19:57.607 ProcessGuid: {8CAD0A01-19E2-6549-9D00-000000000A00} ProcessId: 1904 QueryName: WindowsEventLog QueryStatus: 0 QueryResults: 10.0.0.4; Image: C:\Packages\Plugins\Microsoft.Azure.Geneva.GenevaMonitoring\2.41.0.3\Monitoring\Agent\MonAgentCore.exe User: NT AUTHORITY\SYSTEM ","00000000-0000-0000-0000-000000000001","AOI-46bec743-35fa-4608-b7e2-2aa3c38a97c2",,,Event,"b7073fec-7cc8-11ee-8bc4-0022486eaacc","/subscriptions/4383ac89-7cd1-48c1-8061-b0b3c5ccfd97/resourcegroups/varunlab-rg/providers/microsoft.compute/virtualmachines/windowseventlogs","4383ac89-7cd1-48c1-8061-b0b3c5ccfd97"
"46bec743-35fa-4608-b7e2-2aa3c38a97c2",OpsManager,"11/6/2023, 10:49:58.581 PM","Microsoft-Windows-Sysmon","Microsoft-Windows-Sysmon/Operational",WindowsEventLog,22,4,Information,"NT AUTHORITY\SYSTEM",,"<Param>-</Param><Param>2023-11-06 17:19:57.611</Param><Param>{8CAD0A01-19E2-6549-9D00-000000000A00}</Param><Param>1904</Param><Param>gsm723720eh.servicebus.windows.net</Param><Param>0</Param><Param>type:  5 ns-eh2-prod-bl3-505.cloudapp.net;104.45.147.24;</Param><Param>C:\Packages\Plugins\Microsoft.Azure.Geneva.GenevaMonitoring\2.41.0.3\Monitoring\Agent\MonAgentCore.exe</Param><Param>NT AUTHORITY\SYSTEM</Param>","<DataItem type=""System.XmlData"" time=""2023-11-06T22:49:58.5819041+05:30"" sourceHealthServiceId=""F57C2BCF-DE2B-DA7F-FD91-0649DF501A73""><EventData xmlns=""http://schemas.microsoft.com/win/2004/08/events/event""><Data Name=""RuleName"">-</Data><Data Name=""UtcTime"">2023-11-06 17:19:57.611</Data><Data Name=""ProcessGuid"">{8CAD0A01-19E2-6549-9D00-000000000A00}</Data><Data Name=""ProcessId"">1904</Data><Data Name=""QueryName"">gsm723720eh.servicebus.windows.net</Data><Data Name=""QueryStatus"">0</Data><Data Name=""QueryResults"">type:  5 ns-eh2-prod-bl3-505.cloudapp.net;104.45.147.24;</Data><Data Name=""Image"">C:\Packages\Plugins\Microsoft.Azure.Geneva.GenevaMonitoring\2.41.0.3\Monitoring\Agent\MonAgentCore.exe</Data><Data Name=""User"">NT AUTHORITY\SYSTEM</Data></EventData></DataItem>",22,"Dns query: RuleName: - UtcTime: 2023-11-06 17:19:57.611 ProcessGuid: {8CAD0A01-19E2-6549-9D00-000000000A00} ProcessId: 1904 QueryName: gsm723720eh.servicebus.windows.net QueryStatus: 0 QueryResults: type:  5 ns-eh2-prod-bl3-505.cloudapp.net;104.45.147.24; Image: C:\Packages\Plugins\Microsoft.Azure.Geneva.GenevaMonitoring\2.41.0.3\Monitoring\Agent\MonAgentCore.exe User: NT AUTHORITY\SYSTEM ","00000000-0000-0000-0000-000000000001","AOI-46bec743-35fa-4608-b7e2-2aa3c38a97c2",,,Event,"b7073fee-7cc8-11ee-8bc4-0022486eaacc","/subscriptions/4383ac89-7cd1-48c1-8061-b0b3c5ccfd97/resourcegroups/varunlab-rg/providers/microsoft.compute/virtualmachines/windowseventlogs","4383ac89-7cd1-48c1-8061-b0b3c5ccfd97"
"46bec743-35fa-4608-b7e2-2aa3c38a97c2",OpsManager,"11/6/2023, 10:49:59.588 PM","Microsoft-Windows-Sysmon","Microsoft-Windows-Sysmon/Operational",WindowsEventLog,22,4,Information,"NT AUTHORITY\SYSTEM",,"<Param>-</Param><Param>2023-11-06 17:19:57.615</Param><Param>{8CAD0A01-19E2-6549-9D00-000000000A00}</Param><Param>1904</Param><Param>gsm723720eh.servicebus.windows.net</Param><Param>0</Param><Param>type:  5 ns-eh2-prod-bl3-505.cloudapp.net;::ffff:104.45.147.24;</Param><Param>C:\Packages\Plugins\Microsoft.Azure.Geneva.GenevaMonitoring\2.41.0.3\Monitoring\Agent\MonAgentCore.exe</Param><Param>NT AUTHORITY\SYSTEM</Param>","<DataItem type=""System.XmlData"" time=""2023-11-06T22:49:59.5885845+05:30"" sourceHealthServiceId=""F57C2BCF-DE2B-DA7F-FD91-0649DF501A73""><EventData xmlns=""http://schemas.microsoft.com/win/2004/08/events/event""><Data Name=""RuleName"">-</Data><Data Name=""UtcTime"">2023-11-06 17:19:57.615</Data><Data Name=""ProcessGuid"">{8CAD0A01-19E2-6549-9D00-000000000A00}</Data><Data Name=""ProcessId"">1904</Data><Data Name=""QueryName"">gsm723720eh.servicebus.windows.net</Data><Data Name=""QueryStatus"">0</Data><Data Name=""QueryResults"">type:  5 ns-eh2-prod-bl3-505.cloudapp.net;::ffff:104.45.147.24;</Data><Data Name=""Image"">C:\Packages\Plugins\Microsoft.Azure.Geneva.GenevaMonitoring\2.41.0.3\Monitoring\Agent\MonAgentCore.exe</Data><Data Name=""User"">NT AUTHORITY\SYSTEM</Data></EventData></DataItem>",22,"Dns query: RuleName: - UtcTime: 2023-11-06 17:19:57.615 ProcessGuid: {8CAD0A01-19E2-6549-9D00-000000000A00} ProcessId: 1904 QueryName: gsm723720eh.servicebus.windows.net QueryStatus: 0 QueryResults: type:  5 ns-eh2-prod-bl3-505.cloudapp.net;::ffff:104.45.147.24; Image: C:\Packages\Plugins\Microsoft.Azure.Geneva.GenevaMonitoring\2.41.0.3\Monitoring\Agent\MonAgentCore.exe User: NT AUTHORITY\SYSTEM ","00000000-0000-0000-0000-000000000001","AOI-46bec743-35fa-4608-b7e2-2aa3c38a97c2",,,Event,"b8119d78-7cc8-11ee-8bc4-0022486eafa7","/subscriptions/4383ac89-7cd1-48c1-8061-b0b3c5ccfd97/resourcegroups/varunlab-rg/providers/microsoft.compute/virtualmachines/windowseventlogs","4383ac89-7cd1-48c1-8061-b0b3c5ccfd97"
"46bec743-35fa-4608-b7e2-2aa3c38a97c2",OpsManager,"11/6/2023, 10:52:50.868 PM","Microsoft-Windows-Sysmon","Microsoft-Windows-Sysmon/Operational",WindowsEventLog,22,4,Information,"NT AUTHORITY\SYSTEM",,"<Param>-</Param><Param>2023-11-06 17:22:49.792</Param><Param>{8CAD0A01-19E2-6549-9D00-000000000A00}</Param><Param>1904</Param><Param>gcs.prod.monitoring.core.windows.net</Param><Param>0</Param><Param>type:  5 warmpath-prod-nested.trafficmanager.net;::ffff:20.42.65.128;</Param><Param>C:\Packages\Plugins\Microsoft.Azure.Geneva.GenevaMonitoring\2.41.0.3\Monitoring\Agent\MonAgentCore.exe</Param><Param>NT AUTHORITY\SYSTEM</Param>","<DataItem type=""System.XmlData"" time=""2023-11-06T22:52:50.8689717+05:30"" sourceHealthServiceId=""F57C2BCF-DE2B-DA7F-FD91-0649DF501A73""><EventData xmlns=""http://schemas.microsoft.com/win/2004/08/events/event""><Data Name=""RuleName"">-</Data><Data Name=""UtcTime"">2023-11-06 17:22:49.792</Data><Data Name=""ProcessGuid"">{8CAD0A01-19E2-6549-9D00-000000000A00}</Data><Data Name=""ProcessId"">1904</Data><Data Name=""QueryName"">gcs.prod.monitoring.core.windows.net</Data><Data Name=""QueryStatus"">0</Data><Data Name=""QueryResults"">type:  5 warmpath-prod-nested.trafficmanager.net;::ffff:20.42.65.128;</Data><Data Name=""Image"">C:\Packages\Plugins\Microsoft.Azure.Geneva.GenevaMonitoring\2.41.0.3\Monitoring\Agent\MonAgentCore.exe</Data><Data Name=""User"">NT AUTHORITY\SYSTEM</Data></EventData></DataItem>",22,"Dns query: RuleName: - UtcTime: 2023-11-06 17:22:49.792 ProcessGuid: {8CAD0A01-19E2-6549-9D00-000000000A00} ProcessId: 1904 QueryName: gcs.prod.monitoring.core.windows.net QueryStatus: 0 QueryResults: type:  5 warmpath-prod-nested.trafficmanager.net;::ffff:20.42.65.128; Image: C:\Packages\Plugins\Microsoft.Azure.Geneva.GenevaMonitoring\2.41.0.3\Monitoring\Agent\MonAgentCore.exe User: NT AUTHORITY\SYSTEM ","00000000-0000-0000-0000-000000000001","AOI-46bec743-35fa-4608-b7e2-2aa3c38a97c2",,,Event,"1e390d0f-7cc9-11ee-8bc4-0022486ea761","/subscriptions/4383ac89-7cd1-48c1-8061-b0b3c5ccfd97/resourcegroups/varunlab-rg/providers/microsoft.compute/virtualmachines/windowseventlogs","4383ac89-7cd1-48c1-8061-b0b3c5ccfd97"
"46bec743-35fa-4608-b7e2-2aa3c38a97c2",OpsManager,"11/6/2023, 11:33:00.109 PM","Microsoft-Windows-Sysmon","Microsoft-Windows-Sysmon/Operational",WindowsEventLog,22,4,Information,"NT AUTHORITY\SYSTEM",,"<Param>-</Param><Param>2023-11-06 18:02:58.043</Param><Param>{8CAD0A01-19E2-6549-9D00-000000000A00}</Param><Param>1904</Param><Param>eastus-shared.prod.warm.ingest.monitor.core.windows.net</Param><Param>0</Param><Param>type:  5 gig-warm-prod-shared-eastus.trafficmanager.net;::ffff:20.62.132.4;</Param><Param>C:\Packages\Plugins\Microsoft.Azure.Geneva.GenevaMonitoring\2.41.0.3\Monitoring\Agent\MonAgentCore.exe</Param><Param>NT AUTHORITY\SYSTEM</Param>","<DataItem type=""System.XmlData"" time=""2023-11-06T23:33:00.1090801+05:30"" sourceHealthServiceId=""F57C2BCF-DE2B-DA7F-FD91-0649DF501A73""><EventData xmlns=""http://schemas.microsoft.com/win/2004/08/events/event""><Data Name=""RuleName"">-</Data><Data Name=""UtcTime"">2023-11-06 18:02:58.043</Data><Data Name=""ProcessGuid"">{8CAD0A01-19E2-6549-9D00-000000000A00}</Data><Data Name=""ProcessId"">1904</Data><Data Name=""QueryName"">eastus-shared.prod.warm.ingest.monitor.core.windows.net</Data><Data Name=""QueryStatus"">0</Data><Data Name=""QueryResults"">type:  5 gig-warm-prod-shared-eastus.trafficmanager.net;::ffff:20.62.132.4;</Data><Data Name=""Image"">C:\Packages\Plugins\Microsoft.Azure.Geneva.GenevaMonitoring\2.41.0.3\Monitoring\Agent\MonAgentCore.exe</Data><Data Name=""User"">NT AUTHORITY\SYSTEM</Data></EventData></DataItem>",22,"Dns query: RuleName: - UtcTime: 2023-11-06 18:02:58.043 ProcessGuid: {8CAD0A01-19E2-6549-9D00-000000000A00} ProcessId: 1904 QueryName: eastus-shared.prod.warm.ingest.monitor.core.windows.net QueryStatus: 0 QueryResults: type:  5 gig-warm-prod-shared-eastus.trafficmanager.net;::ffff:20.62.132.4; Image: C:\Packages\Plugins\Microsoft.Azure.Geneva.GenevaMonitoring\2.41.0.3\Monitoring\Agent\MonAgentCore.exe User: NT AUTHORITY\SYSTEM ","00000000-0000-0000-0000-000000000001","AOI-46bec743-35fa-4608-b7e2-2aa3c38a97c2",,,Event,"bab32458-7cce-11ee-8bc4-0022486e7bb2","/subscriptions/4383ac89-7cd1-48c1-8061-b0b3c5ccfd97/resourcegroups/varunlab-rg/providers/microsoft.compute/virtualmachines/windowseventlogs","4383ac89-7cd1-48c1-8061-b0b3c5ccfd97"
"46bec743-35fa-4608-b7e2-2aa3c38a97c2",OpsManager,"11/7/2023, 12:24:42.046 PM","Microsoft-Windows-Sysmon","Microsoft-Windows-Sysmon/Operational",WindowsEventLog,22,4,Information,"NT AUTHORITY\SYSTEM",,"<Param>-</Param><Param>2023-11-07 06:54:40.677</Param><Param>{8CAD0A01-DEDE-6549-A10A-000000000A00}</Param><Param>5288</Param><Param>WindowsEventLog</Param><Param>0</Param><Param>fe80::454:44b:f5ff:fffb;2001:0:34f1:8072:454:44b:f5ff:fffb;fe80::d024:56ce:c156:9dae;::ffff:10.0.0.4;</Param><Param>C:\Windows\System32\wbem\WmiPrvSE.exe</Param><Param>NT AUTHORITY\NETWORK SERVICE</Param>","<DataItem type=""System.XmlData"" time=""2023-11-07T12:24:42.0466668+05:30"" sourceHealthServiceId=""F57C2BCF-DE2B-DA7F-FD91-0649DF501A73""><EventData xmlns=""http://schemas.microsoft.com/win/2004/08/events/event""><Data Name=""RuleName"">-</Data><Data Name=""UtcTime"">2023-11-07 06:54:40.677</Data><Data Name=""ProcessGuid"">{8CAD0A01-DEDE-6549-A10A-000000000A00}</Data><Data Name=""ProcessId"">5288</Data><Data Name=""QueryName"">WindowsEventLog</Data><Data Name=""QueryStatus"">0</Data><Data Name=""QueryResults"">fe80::454:44b:f5ff:fffb;2001:0:34f1:8072:454:44b:f5ff:fffb;fe80::d024:56ce:c156:9dae;::ffff:10.0.0.4;</Data><Data Name=""Image"">C:\Windows\System32\wbem\WmiPrvSE.exe</Data><Data Name=""User"">NT AUTHORITY\NETWORK SERVICE</Data></EventData></DataItem>",22,"Dns query: RuleName: - UtcTime: 2023-11-07 06:54:40.677 ProcessGuid: {8CAD0A01-DEDE-6549-A10A-000000000A00} ProcessId: 5288 QueryName: WindowsEventLog QueryStatus: 0 QueryResults: fe80::454:44b:f5ff:fffb;2001:0:34f1:8072:454:44b:f5ff:fffb;fe80::d024:56ce:c156:9dae;::ffff:10.0.0.4; Image: C:\Windows\System32\wbem\WmiPrvSE.exe User: NT AUTHORITY\NETWORK SERVICE ","00000000-0000-0000-0000-000000000001","AOI-46bec743-35fa-4608-b7e2-2aa3c38a97c2",,,Event,"86a87c4c-7d3a-11ee-8bc4-6045bd72e1ea","/subscriptions/4383ac89-7cd1-48c1-8061-b0b3c5ccfd97/resourcegroups/varunlab-rg/providers/microsoft.compute/virtualmachines/windowseventlogs","4383ac89-7cd1-48c1-8061-b0b3c5ccfd97"
"46bec743-35fa-4608-b7e2-2aa3c38a97c2",OpsManager,"11/7/2023, 2:25:14.883 PM","Microsoft-Windows-Sysmon","Microsoft-Windows-Sysmon/Operational",WindowsEventLog,22,4,Information,"NT AUTHORITY\SYSTEM",,"<Param>-</Param><Param>2023-11-07 08:55:13.631</Param><Param>{8CAD0A01-FB6A-6549-E90B-000000000A00}</Param><Param>3644</Param><Param>WindowsEventLog</Param><Param>0</Param><Param>fe80::454:44b:f5ff:fffb;2001:0:34f1:8072:454:44b:f5ff:fffb;fe80::d024:56ce:c156:9dae;::ffff:10.0.0.4;</Param><Param>C:\Windows\System32\wbem\WmiPrvSE.exe</Param><Param>NT AUTHORITY\NETWORK SERVICE</Param>","<DataItem type=""System.XmlData"" time=""2023-11-07T14:25:14.8834854+05:30"" sourceHealthServiceId=""F57C2BCF-DE2B-DA7F-FD91-0649DF501A73""><EventData xmlns=""http://schemas.microsoft.com/win/2004/08/events/event""><Data Name=""RuleName"">-</Data><Data Name=""UtcTime"">2023-11-07 08:55:13.631</Data><Data Name=""ProcessGuid"">{8CAD0A01-FB6A-6549-E90B-000000000A00}</Data><Data Name=""ProcessId"">3644</Data><Data Name=""QueryName"">WindowsEventLog</Data><Data Name=""QueryStatus"">0</Data><Data Name=""QueryResults"">fe80::454:44b:f5ff:fffb;2001:0:34f1:8072:454:44b:f5ff:fffb;fe80::d024:56ce:c156:9dae;::ffff:10.0.0.4;</Data><Data Name=""Image"">C:\Windows\System32\wbem\WmiPrvSE.exe</Data><Data Name=""User"">NT AUTHORITY\NETWORK SERVICE</Data></EventData></DataItem>",22,"Dns query: RuleName: - UtcTime: 2023-11-07 08:55:13.631 ProcessGuid: {8CAD0A01-FB6A-6549-E90B-000000000A00} ProcessId: 3644 QueryName: WindowsEventLog QueryStatus: 0 QueryResults: fe80::454:44b:f5ff:fffb;2001:0:34f1:8072:454:44b:f5ff:fffb;fe80::d024:56ce:c156:9dae;::ffff:10.0.0.4; Image: C:\Windows\System32\wbem\WmiPrvSE.exe User: NT AUTHORITY\NETWORK SERVICE ","00000000-0000-0000-0000-000000000001","AOI-46bec743-35fa-4608-b7e2-2aa3c38a97c2",,,Event,"5e6ca061-7d4b-11ee-8bc4-0022486eaba7","/subscriptions/4383ac89-7cd1-48c1-8061-b0b3c5ccfd97/resourcegroups/varunlab-rg/providers/microsoft.compute/virtualmachines/windowseventlogs","4383ac89-7cd1-48c1-8061-b0b3c5ccfd97"
"46bec743-35fa-4608-b7e2-2aa3c38a97c2",OpsManager,"11/7/2023, 2:32:54.539 PM","Microsoft-Windows-Sysmon","Microsoft-Windows-Sysmon/Operational",WindowsEventLog,22,4,Information,"NT AUTHORITY\SYSTEM",,"<Param>-</Param><Param>2023-11-07 09:02:52.275</Param><Param>{8CAD0A01-FD3C-6549-060C-000000000A00}</Param><Param>3144</Param><Param>shavamanifestazurecdnprod1.azureedge.net</Param><Param>0</Param><Param>type:  5 shavamanifestazurecdnprod1.afd.azureedge.net;type:  5 star-azureedge-prod.trafficmanager.net;type:  5 shed.dual-low.part-0012.t-0009.t-msedge.net;type:  5 part-0012.t-0009.t-msedge.net;::ffff:13.107.246.40;::ffff:13.107.213.40;</Param><Param>C:\Packages\Plugins\Microsoft.Azure.Geneva.GenevaMonitoring\2.41.0.3\Monitoring\Agent\Extensions\AzureSecurityPack\ShavaVulnScan.exe</Param><Param>NT AUTHORITY\SYSTEM</Param>","<DataItem type=""System.XmlData"" time=""2023-11-07T14:32:54.5391694+05:30"" sourceHealthServiceId=""F57C2BCF-DE2B-DA7F-FD91-0649DF501A73""><EventData xmlns=""http://schemas.microsoft.com/win/2004/08/events/event""><Data Name=""RuleName"">-</Data><Data Name=""UtcTime"">2023-11-07 09:02:52.275</Data><Data Name=""ProcessGuid"">{8CAD0A01-FD3C-6549-060C-000000000A00}</Data><Data Name=""ProcessId"">3144</Data><Data Name=""QueryName"">shavamanifestazurecdnprod1.azureedge.net</Data><Data Name=""QueryStatus"">0</Data><Data Name=""QueryResults"">type:  5 shavamanifestazurecdnprod1.afd.azureedge.net;type:  5 star-azureedge-prod.trafficmanager.net;type:  5 shed.dual-low.part-0012.t-0009.t-msedge.net;type:  5 part-0012.t-0009.t-msedge.net;::ffff:13.107.246.40;::ffff:13.107.213.40;</Data><Data Name=""Image"">C:\Packages\Plugins\Microsoft.Azure.Geneva.GenevaMonitoring\2.41.0.3\Monitoring\Agent\Extensions\AzureSecurityPack\ShavaVulnScan.exe</Data><Data Name=""User"">NT AUTHORITY\SYSTEM</Data></EventData></DataItem>",22,"Dns query: RuleName: - UtcTime: 2023-11-07 09:02:52.275 ProcessGuid: {8CAD0A01-FD3C-6549-060C-000000000A00} ProcessId: 3144 QueryName: shavamanifestazurecdnprod1.azureedge.net QueryStatus: 0 QueryResults: type:  5 shavamanifestazurecdnprod1.afd.azureedge.net;type:  5 star-azureedge-prod.trafficmanager.net;type:  5 shed.dual-low.part-0012.t-0009.t-msedge.net;type:  5 part-0012.t-0009.t-msedge.net;::ffff:13.107.246.40;::ffff:13.107.213.40; Image: C:\Packages\Plugins\Microsoft.Azure.Geneva.GenevaMonitoring\2.41.0.3\Monitoring\Agent\Extensions\AzureSecurityPack\ShavaVulnScan.exe User: NT AUTHORITY\SYSTEM ","00000000-0000-0000-0000-000000000001","AOI-46bec743-35fa-4608-b7e2-2aa3c38a97c2",,,Event,"718ee538-7d4c-11ee-8bc4-000d3af07dcf","/subscriptions/4383ac89-7cd1-48c1-8061-b0b3c5ccfd97/resourcegroups/varunlab-rg/providers/microsoft.compute/virtualmachines/windowseventlogs","4383ac89-7cd1-48c1-8061-b0b3c5ccfd97"
"46bec743-35fa-4608-b7e2-2aa3c38a97c2",OpsManager,"11/7/2023, 1:25:01.843 PM","Microsoft-Windows-Sysmon","Microsoft-Windows-Sysmon/Operational",WindowsEventLog,22,4,Information,"NT AUTHORITY\SYSTEM",,"<Param>-</Param><Param>2023-11-07 07:55:00.622</Param><Param>{8CAD0A01-ED4D-6549-490B-000000000A00}</Param><Param>6028</Param><Param>WindowsEventLog</Param><Param>0</Param><Param>fe80::454:44b:f5ff:fffb;2001:0:34f1:8072:454:44b:f5ff:fffb;fe80::d024:56ce:c156:9dae;::ffff:10.0.0.4;</Param><Param>C:\Windows\System32\wbem\WmiPrvSE.exe</Param><Param>NT AUTHORITY\NETWORK SERVICE</Param>","<DataItem type=""System.XmlData"" time=""2023-11-07T13:25:01.8439177+05:30"" sourceHealthServiceId=""F57C2BCF-DE2B-DA7F-FD91-0649DF501A73""><EventData xmlns=""http://schemas.microsoft.com/win/2004/08/events/event""><Data Name=""RuleName"">-</Data><Data Name=""UtcTime"">2023-11-07 07:55:00.622</Data><Data Name=""ProcessGuid"">{8CAD0A01-ED4D-6549-490B-000000000A00}</Data><Data Name=""ProcessId"">6028</Data><Data Name=""QueryName"">WindowsEventLog</Data><Data Name=""QueryStatus"">0</Data><Data Name=""QueryResults"">fe80::454:44b:f5ff:fffb;2001:0:34f1:8072:454:44b:f5ff:fffb;fe80::d024:56ce:c156:9dae;::ffff:10.0.0.4;</Data><Data Name=""Image"">C:\Windows\System32\wbem\WmiPrvSE.exe</Data><Data Name=""User"">NT AUTHORITY\NETWORK SERVICE</Data></EventData></DataItem>",22,"Dns query: RuleName: - UtcTime: 2023-11-07 07:55:00.622 ProcessGuid: {8CAD0A01-ED4D-6549-490B-000000000A00} ProcessId: 6028 QueryName: WindowsEventLog QueryStatus: 0 QueryResults: fe80::454:44b:f5ff:fffb;2001:0:34f1:8072:454:44b:f5ff:fffb;fe80::d024:56ce:c156:9dae;::ffff:10.0.0.4; Image: C:\Windows\System32\wbem\WmiPrvSE.exe User: NT AUTHORITY\NETWORK SERVICE ","00000000-0000-0000-0000-000000000001","AOI-46bec743-35fa-4608-b7e2-2aa3c38a97c2",,,Event,"f54482fd-7d42-11ee-8bc4-0022486ea800","/subscriptions/4383ac89-7cd1-48c1-8061-b0b3c5ccfd97/resourcegroups/varunlab-rg/providers/microsoft.compute/virtualmachines/windowseventlogs","4383ac89-7cd1-48c1-8061-b0b3c5ccfd97"
"46bec743-35fa-4608-b7e2-2aa3c38a97c2",OpsManager,"11/7/2023, 1:22:19.078 AM","Microsoft-Windows-Sysmon","Microsoft-Windows-Sysmon/Operational",WindowsEventLog,22,4,Information,"NT AUTHORITY\SYSTEM",,"<Param>-</Param><Param>2023-11-06 19:52:18.029</Param><Param>{8CAD0A01-43F2-6549-9103-000000000A00}</Param><Param>1680</Param><Param>WindowsEventLog</Param><Param>0</Param><Param>fe80::454:44b:f5ff:fffb;2001:0:34f1:8072:454:44b:f5ff:fffb;fe80::d024:56ce:c156:9dae;::ffff:10.0.0.4;</Param><Param>C:\Windows\System32\wbem\WmiPrvSE.exe</Param><Param>NT AUTHORITY\NETWORK SERVICE</Param>","<DataItem type=""System.XmlData"" time=""2023-11-07T01:22:19.0782390+05:30"" sourceHealthServiceId=""F57C2BCF-DE2B-DA7F-FD91-0649DF501A73""><EventData xmlns=""http://schemas.microsoft.com/win/2004/08/events/event""><Data Name=""RuleName"">-</Data><Data Name=""UtcTime"">2023-11-06 19:52:18.029</Data><Data Name=""ProcessGuid"">{8CAD0A01-43F2-6549-9103-000000000A00}</Data><Data Name=""ProcessId"">1680</Data><Data Name=""QueryName"">WindowsEventLog</Data><Data Name=""QueryStatus"">0</Data><Data Name=""QueryResults"">fe80::454:44b:f5ff:fffb;2001:0:34f1:8072:454:44b:f5ff:fffb;fe80::d024:56ce:c156:9dae;::ffff:10.0.0.4;</Data><Data Name=""Image"">C:\Windows\System32\wbem\WmiPrvSE.exe</Data><Data Name=""User"">NT AUTHORITY\NETWORK SERVICE</Data></EventData></DataItem>",22,"Dns query: RuleName: - UtcTime: 2023-11-06 19:52:18.029 ProcessGuid: {8CAD0A01-43F2-6549-9103-000000000A00} ProcessId: 1680 QueryName: WindowsEventLog QueryStatus: 0 QueryResults: fe80::454:44b:f5ff:fffb;2001:0:34f1:8072:454:44b:f5ff:fffb;fe80::d024:56ce:c156:9dae;::ffff:10.0.0.4; Image: C:\Windows\System32\wbem\WmiPrvSE.exe User: NT AUTHORITY\NETWORK SERVICE ","00000000-0000-0000-0000-000000000001","AOI-46bec743-35fa-4608-b7e2-2aa3c38a97c2",,,Event,"ff9ed9ac-7cdd-11ee-8bc4-000d3af07dcf","/subscriptions/4383ac89-7cd1-48c1-8061-b0b3c5ccfd97/resourcegroups/varunlab-rg/providers/microsoft.compute/virtualmachines/windowseventlogs","4383ac89-7cd1-48c1-8061-b0b3c5ccfd97"
"46bec743-35fa-4608-b7e2-2aa3c38a97c2",OpsManager,"11/7/2023, 1:22:44.800 AM","Microsoft-Windows-Sysmon","Microsoft-Windows-Sysmon/Operational",WindowsEventLog,22,4,Information,"NT AUTHORITY\SYSTEM",,"<Param>-</Param><Param>2023-11-06 19:52:42.727</Param><Param>{8CAD0A01-19E2-6549-9D00-000000000A00}</Param><Param>1904</Param><Param>gcs.prod.monitoring.core.windows.net</Param><Param>0</Param><Param>type:  5 warmpath-prod-nested.trafficmanager.net;::ffff:20.42.65.224;</Param><Param>C:\Packages\Plugins\Microsoft.Azure.Geneva.GenevaMonitoring\2.41.0.3\Monitoring\Agent\MonAgentCore.exe</Param><Param>NT AUTHORITY\SYSTEM</Param>","<DataItem type=""System.XmlData"" time=""2023-11-07T01:22:44.8007545+05:30"" sourceHealthServiceId=""F57C2BCF-DE2B-DA7F-FD91-0649DF501A73""><EventData xmlns=""http://schemas.microsoft.com/win/2004/08/events/event""><Data Name=""RuleName"">-</Data><Data Name=""UtcTime"">2023-11-06 19:52:42.727</Data><Data Name=""ProcessGuid"">{8CAD0A01-19E2-6549-9D00-000000000A00}</Data><Data Name=""ProcessId"">1904</Data><Data Name=""QueryName"">gcs.prod.monitoring.core.windows.net</Data><Data Name=""QueryStatus"">0</Data><Data Name=""QueryResults"">type:  5 warmpath-prod-nested.trafficmanager.net;::ffff:20.42.65.224;</Data><Data Name=""Image"">C:\Packages\Plugins\Microsoft.Azure.Geneva.GenevaMonitoring\2.41.0.3\Monitoring\Agent\MonAgentCore.exe</Data><Data Name=""User"">NT AUTHORITY\SYSTEM</Data></EventData></DataItem>",22,"Dns query: RuleName: - UtcTime: 2023-11-06 19:52:42.727 ProcessGuid: {8CAD0A01-19E2-6549-9D00-000000000A00} ProcessId: 1904 QueryName: gcs.prod.monitoring.core.windows.net QueryStatus: 0 QueryResults: type:  5 warmpath-prod-nested.trafficmanager.net;::ffff:20.42.65.224; Image: C:\Packages\Plugins\Microsoft.Azure.Geneva.GenevaMonitoring\2.41.0.3\Monitoring\Agent\MonAgentCore.exe User: NT AUTHORITY\SYSTEM ","00000000-0000-0000-0000-000000000001","AOI-46bec743-35fa-4608-b7e2-2aa3c38a97c2",,,Event,"0ee44043-7cde-11ee-8bc4-0022486e958c","/subscriptions/4383ac89-7cd1-48c1-8061-b0b3c5ccfd97/resourcegroups/varunlab-rg/providers/microsoft.compute/virtualmachines/windowseventlogs","4383ac89-7cd1-48c1-8061-b0b3c5ccfd97"
"46bec743-35fa-4608-b7e2-2aa3c38a97c2",OpsManager,"11/7/2023, 4:25:40.701 PM","Microsoft-Windows-Sysmon","Microsoft-Windows-Sysmon/Operational",WindowsEventLog,22,4,Information,"NT AUTHORITY\SYSTEM",,"<Param>-</Param><Param>2023-11-07 10:55:39.452</Param><Param>{8CAD0A01-17A4-654A-3C0D-000000000A00}</Param><Param>4672</Param><Param>WindowsEventLog</Param><Param>0</Param><Param>fe80::454:44b:f5ff:fffb;2001:0:34f1:8072:454:44b:f5ff:fffb;fe80::d024:56ce:c156:9dae;::ffff:10.0.0.4;</Param><Param>C:\Windows\System32\wbem\WmiPrvSE.exe</Param><Param>NT AUTHORITY\NETWORK SERVICE</Param>","<DataItem type=""System.XmlData"" time=""2023-11-07T16:25:40.7018696+05:30"" sourceHealthServiceId=""F57C2BCF-DE2B-DA7F-FD91-0649DF501A73""><EventData xmlns=""http://schemas.microsoft.com/win/2004/08/events/event""><Data Name=""RuleName"">-</Data><Data Name=""UtcTime"">2023-11-07 10:55:39.452</Data><Data Name=""ProcessGuid"">{8CAD0A01-17A4-654A-3C0D-000000000A00}</Data><Data Name=""ProcessId"">4672</Data><Data Name=""QueryName"">WindowsEventLog</Data><Data Name=""QueryStatus"">0</Data><Data Name=""QueryResults"">fe80::454:44b:f5ff:fffb;2001:0:34f1:8072:454:44b:f5ff:fffb;fe80::d024:56ce:c156:9dae;::ffff:10.0.0.4;</Data><Data Name=""Image"">C:\Windows\System32\wbem\WmiPrvSE.exe</Data><Data Name=""User"">NT AUTHORITY\NETWORK SERVICE</Data></EventData></DataItem>",22,"Dns query: RuleName: - UtcTime: 2023-11-07 10:55:39.452 ProcessGuid: {8CAD0A01-17A4-654A-3C0D-000000000A00} ProcessId: 4672 QueryName: WindowsEventLog QueryStatus: 0 QueryResults: fe80::454:44b:f5ff:fffb;2001:0:34f1:8072:454:44b:f5ff:fffb;fe80::d024:56ce:c156:9dae;::ffff:10.0.0.4; Image: C:\Windows\System32\wbem\WmiPrvSE.exe User: NT AUTHORITY\NETWORK SERVICE ","00000000-0000-0000-0000-000000000001","AOI-46bec743-35fa-4608-b7e2-2aa3c38a97c2",,,Event,"32058375-7d5c-11ee-8bc4-0022486ea8bc","/subscriptions/4383ac89-7cd1-48c1-8061-b0b3c5ccfd97/resourcegroups/varunlab-rg/providers/microsoft.compute/virtualmachines/windowseventlogs","4383ac89-7cd1-48c1-8061-b0b3c5ccfd97"
"46bec743-35fa-4608-b7e2-2aa3c38a97c2",OpsManager,"11/7/2023, 3:25:27.716 PM","Microsoft-Windows-Sysmon","Microsoft-Windows-Sysmon/Operational",WindowsEventLog,22,4,Information,"NT AUTHORITY\SYSTEM",,"<Param>-</Param><Param>2023-11-07 09:55:26.479</Param><Param>{8CAD0A01-0987-654A-9B0C-000000000A00}</Param><Param>284</Param><Param>WindowsEventLog</Param><Param>0</Param><Param>fe80::454:44b:f5ff:fffb;2001:0:34f1:8072:454:44b:f5ff:fffb;fe80::d024:56ce:c156:9dae;::ffff:10.0.0.4;</Param><Param>C:\Windows\System32\wbem\WmiPrvSE.exe</Param><Param>NT AUTHORITY\NETWORK SERVICE</Param>","<DataItem type=""System.XmlData"" time=""2023-11-07T15:25:27.7164446+05:30"" sourceHealthServiceId=""F57C2BCF-DE2B-DA7F-FD91-0649DF501A73""><EventData xmlns=""http://schemas.microsoft.com/win/2004/08/events/event""><Data Name=""RuleName"">-</Data><Data Name=""UtcTime"">2023-11-07 09:55:26.479</Data><Data Name=""ProcessGuid"">{8CAD0A01-0987-654A-9B0C-000000000A00}</Data><Data Name=""ProcessId"">284</Data><Data Name=""QueryName"">WindowsEventLog</Data><Data Name=""QueryStatus"">0</Data><Data Name=""QueryResults"">fe80::454:44b:f5ff:fffb;2001:0:34f1:8072:454:44b:f5ff:fffb;fe80::d024:56ce:c156:9dae;::ffff:10.0.0.4;</Data><Data Name=""Image"">C:\Windows\System32\wbem\WmiPrvSE.exe</Data><Data Name=""User"">NT AUTHORITY\NETWORK SERVICE</Data></EventData></DataItem>",22,"Dns query: RuleName: - UtcTime: 2023-11-07 09:55:26.479 ProcessGuid: {8CAD0A01-0987-654A-9B0C-000000000A00} ProcessId: 284 QueryName: WindowsEventLog QueryStatus: 0 QueryResults: fe80::454:44b:f5ff:fffb;2001:0:34f1:8072:454:44b:f5ff:fffb;fe80::d024:56ce:c156:9dae;::ffff:10.0.0.4; Image: C:\Windows\System32\wbem\WmiPrvSE.exe User: NT AUTHORITY\NETWORK SERVICE ","00000000-0000-0000-0000-000000000001","AOI-46bec743-35fa-4608-b7e2-2aa3c38a97c2",,,Event,"c7d4e6ad-7d53-11ee-8bc4-6045bd72eeca","/subscriptions/4383ac89-7cd1-48c1-8061-b0b3c5ccfd97/resourcegroups/varunlab-rg/providers/microsoft.compute/virtualmachines/windowseventlogs","4383ac89-7cd1-48c1-8061-b0b3c5ccfd97"
"46bec743-35fa-4608-b7e2-2aa3c38a97c2",OpsManager,"11/7/2023, 3:25:20.846 PM","Microsoft-Windows-Sysmon","Microsoft-Windows-Sysmon/Operational",WindowsEventLog,22,4,Information,"NT AUTHORITY\SYSTEM",,"<Param>-</Param><Param>2023-11-07 09:55:19.606</Param><Param>{8CAD0A01-0987-654A-9B0C-000000000A00}</Param><Param>284</Param><Param>WindowsEventLog</Param><Param>0</Param><Param>fe80::454:44b:f5ff:fffb;2001:0:34f1:8072:454:44b:f5ff:fffb;fe80::d024:56ce:c156:9dae;::ffff:10.0.0.4;</Param><Param>C:\Windows\system32\wbem\wmiprvse.exe</Param><Param>NT AUTHORITY\NETWORK SERVICE</Param>","<DataItem type=""System.XmlData"" time=""2023-11-07T15:25:20.8464717+05:30"" sourceHealthServiceId=""F57C2BCF-DE2B-DA7F-FD91-0649DF501A73""><EventData xmlns=""http://schemas.microsoft.com/win/2004/08/events/event""><Data Name=""RuleName"">-</Data><Data Name=""UtcTime"">2023-11-07 09:55:19.606</Data><Data Name=""ProcessGuid"">{8CAD0A01-0987-654A-9B0C-000000000A00}</Data><Data Name=""ProcessId"">284</Data><Data Name=""QueryName"">WindowsEventLog</Data><Data Name=""QueryStatus"">0</Data><Data Name=""QueryResults"">fe80::454:44b:f5ff:fffb;2001:0:34f1:8072:454:44b:f5ff:fffb;fe80::d024:56ce:c156:9dae;::ffff:10.0.0.4;</Data><Data Name=""Image"">C:\Windows\system32\wbem\wmiprvse.exe</Data><Data Name=""User"">NT AUTHORITY\NETWORK SERVICE</Data></EventData></DataItem>",22,"Dns query: RuleName: - UtcTime: 2023-11-07 09:55:19.606 ProcessGuid: {8CAD0A01-0987-654A-9B0C-000000000A00} ProcessId: 284 QueryName: WindowsEventLog QueryStatus: 0 QueryResults: fe80::454:44b:f5ff:fffb;2001:0:34f1:8072:454:44b:f5ff:fffb;fe80::d024:56ce:c156:9dae;::ffff:10.0.0.4; Image: C:\Windows\system32\wbem\wmiprvse.exe User: NT AUTHORITY\NETWORK SERVICE ","00000000-0000-0000-0000-000000000001","AOI-46bec743-35fa-4608-b7e2-2aa3c38a97c2",,,Event,"c50c08c1-7d53-11ee-8bc4-0022486ea761","/subscriptions/4383ac89-7cd1-48c1-8061-b0b3c5ccfd97/resourcegroups/varunlab-rg/providers/microsoft.compute/virtualmachines/windowseventlogs","4383ac89-7cd1-48c1-8061-b0b3c5ccfd97"
"46bec743-35fa-4608-b7e2-2aa3c38a97c2",OpsManager,"11/7/2023, 1:56:58.722 AM","Microsoft-Windows-Sysmon","Microsoft-Windows-Sysmon/Operational",WindowsEventLog,22,4,Information,"NT AUTHORITY\SYSTEM",,"<Param>-</Param><Param>2023-11-06 20:26:56.873</Param><Param>{8CAD0A01-198B-6549-1D00-000000000A00}</Param><Param>1976</Param><Param>cidoioms.blob.core.windows.net</Param><Param>0</Param><Param>type:  5 blob.pn1prdstrz09a.store.core.windows.net;type:  5 blob.PN1PrdStrz09A.trafficmanager.net;::ffff:52.239.202.36;::ffff:52.239.135.100;::ffff:20.38.127.36;</Param><Param>C:\Program Files\Microsoft Monitoring Agent\Agent\HealthService.exe</Param><Param>NT AUTHORITY\SYSTEM</Param>","<DataItem type=""System.XmlData"" time=""2023-11-07T01:56:58.7223380+05:30"" sourceHealthServiceId=""F57C2BCF-DE2B-DA7F-FD91-0649DF501A73""><EventData xmlns=""http://schemas.microsoft.com/win/2004/08/events/event""><Data Name=""RuleName"">-</Data><Data Name=""UtcTime"">2023-11-06 20:26:56.873</Data><Data Name=""ProcessGuid"">{8CAD0A01-198B-6549-1D00-000000000A00}</Data><Data Name=""ProcessId"">1976</Data><Data Name=""QueryName"">cidoioms.blob.core.windows.net</Data><Data Name=""QueryStatus"">0</Data><Data Name=""QueryResults"">type:  5 blob.pn1prdstrz09a.store.core.windows.net;type:  5 blob.PN1PrdStrz09A.trafficmanager.net;::ffff:52.239.202.36;::ffff:52.239.135.100;::ffff:20.38.127.36;</Data><Data Name=""Image"">C:\Program Files\Microsoft Monitoring Agent\Agent\HealthService.exe</Data><Data Name=""User"">NT AUTHORITY\SYSTEM</Data></EventData></DataItem>",22,"Dns query: RuleName: - UtcTime: 2023-11-06 20:26:56.873 ProcessGuid: {8CAD0A01-198B-6549-1D00-000000000A00} ProcessId: 1976 QueryName: cidoioms.blob.core.windows.net QueryStatus: 0 QueryResults: type:  5 blob.pn1prdstrz09a.store.core.windows.net;type:  5 blob.PN1PrdStrz09A.trafficmanager.net;::ffff:52.239.202.36;::ffff:52.239.135.100;::ffff:20.38.127.36; Image: C:\Program Files\Microsoft Monitoring Agent\Agent\HealthService.exe User: NT AUTHORITY\SYSTEM ","00000000-0000-0000-0000-000000000001","AOI-46bec743-35fa-4608-b7e2-2aa3c38a97c2",,,Event,"d77ff08f-7ce2-11ee-8bc4-0022486e7bb2","/subscriptions/4383ac89-7cd1-48c1-8061-b0b3c5ccfd97/resourcegroups/varunlab-rg/providers/microsoft.compute/virtualmachines/windowseventlogs","4383ac89-7cd1-48c1-8061-b0b3c5ccfd97"
"46bec743-35fa-4608-b7e2-2aa3c38a97c2",OpsManager,"11/7/2023, 1:57:02.376 AM","Microsoft-Windows-Sysmon","Microsoft-Windows-Sysmon/Operational",WindowsEventLog,22,4,Information,"NT AUTHORITY\SYSTEM",,"<Param>-</Param><Param>2023-11-06 20:27:00.306</Param><Param>{8CAD0A01-198B-6549-1D00-000000000A00}</Param><Param>1976</Param><Param>scadvisorcontent.blob.core.windows.net</Param><Param>0</Param><Param>type:  5 blob.sat09prdstrz08a.store.core.windows.net;type:  5 blob.SAT09PrdStrz08A.trafficmanager.net;::ffff:20.150.38.228;::ffff:20.150.70.36;::ffff:20.150.79.68;</Param><Param>C:\Program Files\Microsoft Monitoring Agent\Agent\HealthService.exe</Param><Param>NT AUTHORITY\SYSTEM</Param>","<DataItem type=""System.XmlData"" time=""2023-11-07T01:57:02.3767316+05:30"" sourceHealthServiceId=""F57C2BCF-DE2B-DA7F-FD91-0649DF501A73""><EventData xmlns=""http://schemas.microsoft.com/win/2004/08/events/event""><Data Name=""RuleName"">-</Data><Data Name=""UtcTime"">2023-11-06 20:27:00.306</Data><Data Name=""ProcessGuid"">{8CAD0A01-198B-6549-1D00-000000000A00}</Data><Data Name=""ProcessId"">1976</Data><Data Name=""QueryName"">scadvisorcontent.blob.core.windows.net</Data><Data Name=""QueryStatus"">0</Data><Data Name=""QueryResults"">type:  5 blob.sat09prdstrz08a.store.core.windows.net;type:  5 blob.SAT09PrdStrz08A.trafficmanager.net;::ffff:20.150.38.228;::ffff:20.150.70.36;::ffff:20.150.79.68;</Data><Data Name=""Image"">C:\Program Files\Microsoft Monitoring Agent\Agent\HealthService.exe</Data><Data Name=""User"">NT AUTHORITY\SYSTEM</Data></EventData></DataItem>",22,"Dns query: RuleName: - UtcTime: 2023-11-06 20:27:00.306 ProcessGuid: {8CAD0A01-198B-6549-1D00-000000000A00} ProcessId: 1976 QueryName: scadvisorcontent.blob.core.windows.net QueryStatus: 0 QueryResults: type:  5 blob.sat09prdstrz08a.store.core.windows.net;type:  5 blob.SAT09PrdStrz08A.trafficmanager.net;::ffff:20.150.38.228;::ffff:20.150.70.36;::ffff:20.150.79.68; Image: C:\Program Files\Microsoft Monitoring Agent\Agent\HealthService.exe User: NT AUTHORITY\SYSTEM ","00000000-0000-0000-0000-000000000001","AOI-46bec743-35fa-4608-b7e2-2aa3c38a97c2",,,Event,"d89d19b5-7ce2-11ee-8bc4-0022486ea1fc","/subscriptions/4383ac89-7cd1-48c1-8061-b0b3c5ccfd97/resourcegroups/varunlab-rg/providers/microsoft.compute/virtualmachines/windowseventlogs","4383ac89-7cd1-48c1-8061-b0b3c5ccfd97"
"46bec743-35fa-4608-b7e2-2aa3c38a97c2",OpsManager,"11/7/2023, 5:25:53.762 PM","Microsoft-Windows-Sysmon","Microsoft-Windows-Sysmon/Operational",WindowsEventLog,22,4,Information,"NT AUTHORITY\SYSTEM",,"<Param>-</Param><Param>2023-11-07 11:55:52.484</Param><Param>{8CAD0A01-25C1-654A-E10D-000000000A00}</Param><Param>4976</Param><Param>WindowsEventLog</Param><Param>0</Param><Param>fe80::454:44b:f5ff:fffb;2001:0:34f1:8072:454:44b:f5ff:fffb;fe80::d024:56ce:c156:9dae;::ffff:10.0.0.4;</Param><Param>C:\Windows\System32\wbem\WmiPrvSE.exe</Param><Param>NT AUTHORITY\NETWORK SERVICE</Param>","<DataItem type=""System.XmlData"" time=""2023-11-07T17:25:53.7629258+05:30"" sourceHealthServiceId=""F57C2BCF-DE2B-DA7F-FD91-0649DF501A73""><EventData xmlns=""http://schemas.microsoft.com/win/2004/08/events/event""><Data Name=""RuleName"">-</Data><Data Name=""UtcTime"">2023-11-07 11:55:52.484</Data><Data Name=""ProcessGuid"">{8CAD0A01-25C1-654A-E10D-000000000A00}</Data><Data Name=""ProcessId"">4976</Data><Data Name=""QueryName"">WindowsEventLog</Data><Data Name=""QueryStatus"">0</Data><Data Name=""QueryResults"">fe80::454:44b:f5ff:fffb;2001:0:34f1:8072:454:44b:f5ff:fffb;fe80::d024:56ce:c156:9dae;::ffff:10.0.0.4;</Data><Data Name=""Image"">C:\Windows\System32\wbem\WmiPrvSE.exe</Data><Data Name=""User"">NT AUTHORITY\NETWORK SERVICE</Data></EventData></DataItem>",22,"Dns query: RuleName: - UtcTime: 2023-11-07 11:55:52.484 ProcessGuid: {8CAD0A01-25C1-654A-E10D-000000000A00} ProcessId: 4976 QueryName: WindowsEventLog QueryStatus: 0 QueryResults: fe80::454:44b:f5ff:fffb;2001:0:34f1:8072:454:44b:f5ff:fffb;fe80::d024:56ce:c156:9dae;::ffff:10.0.0.4; Image: C:\Windows\System32\wbem\WmiPrvSE.exe User: NT AUTHORITY\NETWORK SERVICE ","00000000-0000-0000-0000-000000000001","AOI-46bec743-35fa-4608-b7e2-2aa3c38a97c2",,,Event,"9c23c03c-7d64-11ee-8bc4-6045bd72e15f","/subscriptions/4383ac89-7cd1-48c1-8061-b0b3c5ccfd97/resourcegroups/varunlab-rg/providers/microsoft.compute/virtualmachines/windowseventlogs","4383ac89-7cd1-48c1-8061-b0b3c5ccfd97"
"46bec743-35fa-4608-b7e2-2aa3c38a97c2",OpsManager,"11/7/2023, 4:25:33.804 PM","Microsoft-Windows-Sysmon","Microsoft-Windows-Sysmon/Operational",WindowsEventLog,22,4,Information,"NT AUTHORITY\SYSTEM",,"<Param>-</Param><Param>2023-11-07 10:55:32.534</Param><Param>{8CAD0A01-17A4-654A-3C0D-000000000A00}</Param><Param>4672</Param><Param>WindowsEventLog</Param><Param>0</Param><Param>fe80::454:44b:f5ff:fffb;2001:0:34f1:8072:454:44b:f5ff:fffb;fe80::d024:56ce:c156:9dae;::ffff:10.0.0.4;</Param><Param>C:\Windows\system32\wbem\wmiprvse.exe</Param><Param>NT AUTHORITY\NETWORK SERVICE</Param>","<DataItem type=""System.XmlData"" time=""2023-11-07T16:25:33.8044169+05:30"" sourceHealthServiceId=""F57C2BCF-DE2B-DA7F-FD91-0649DF501A73""><EventData xmlns=""http://schemas.microsoft.com/win/2004/08/events/event""><Data Name=""RuleName"">-</Data><Data Name=""UtcTime"">2023-11-07 10:55:32.534</Data><Data Name=""ProcessGuid"">{8CAD0A01-17A4-654A-3C0D-000000000A00}</Data><Data Name=""ProcessId"">4672</Data><Data Name=""QueryName"">WindowsEventLog</Data><Data Name=""QueryStatus"">0</Data><Data Name=""QueryResults"">fe80::454:44b:f5ff:fffb;2001:0:34f1:8072:454:44b:f5ff:fffb;fe80::d024:56ce:c156:9dae;::ffff:10.0.0.4;</Data><Data Name=""Image"">C:\Windows\system32\wbem\wmiprvse.exe</Data><Data Name=""User"">NT AUTHORITY\NETWORK SERVICE</Data></EventData></DataItem>",22,"Dns query: RuleName: - UtcTime: 2023-11-07 10:55:32.534 ProcessGuid: {8CAD0A01-17A4-654A-3C0D-000000000A00} ProcessId: 4672 QueryName: WindowsEventLog QueryStatus: 0 QueryResults: fe80::454:44b:f5ff:fffb;2001:0:34f1:8072:454:44b:f5ff:fffb;fe80::d024:56ce:c156:9dae;::ffff:10.0.0.4; Image: C:\Windows\system32\wbem\wmiprvse.exe User: NT AUTHORITY\NETWORK SERVICE ","00000000-0000-0000-0000-000000000001","AOI-46bec743-35fa-4608-b7e2-2aa3c38a97c2",,,Event,"2f3a330a-7d5c-11ee-8bc4-0022486ea981","/subscriptions/4383ac89-7cd1-48c1-8061-b0b3c5ccfd97/resourcegroups/varunlab-rg/providers/microsoft.compute/virtualmachines/windowseventlogs","4383ac89-7cd1-48c1-8061-b0b3c5ccfd97"
"46bec743-35fa-4608-b7e2-2aa3c38a97c2",OpsManager,"11/7/2023, 6:26:06.787 PM","Microsoft-Windows-Sysmon","Microsoft-Windows-Sysmon/Operational",WindowsEventLog,22,4,Information,"NT AUTHORITY\SYSTEM",,"<Param>-</Param><Param>2023-11-07 12:56:05.431</Param><Param>{8CAD0A01-33DE-654A-860E-000000000A00}</Param><Param>5744</Param><Param>WindowsEventLog</Param><Param>0</Param><Param>fe80::454:44b:f5ff:fffb;2001:0:34f1:8072:454:44b:f5ff:fffb;fe80::d024:56ce:c156:9dae;::ffff:10.0.0.4;</Param><Param>C:\Windows\System32\wbem\WmiPrvSE.exe</Param><Param>NT AUTHORITY\NETWORK SERVICE</Param>","<DataItem type=""System.XmlData"" time=""2023-11-07T18:26:06.7876264+05:30"" sourceHealthServiceId=""F57C2BCF-DE2B-DA7F-FD91-0649DF501A73""><EventData xmlns=""http://schemas.microsoft.com/win/2004/08/events/event""><Data Name=""RuleName"">-</Data><Data Name=""UtcTime"">2023-11-07 12:56:05.431</Data><Data Name=""ProcessGuid"">{8CAD0A01-33DE-654A-860E-000000000A00}</Data><Data Name=""ProcessId"">5744</Data><Data Name=""QueryName"">WindowsEventLog</Data><Data Name=""QueryStatus"">0</Data><Data Name=""QueryResults"">fe80::454:44b:f5ff:fffb;2001:0:34f1:8072:454:44b:f5ff:fffb;fe80::d024:56ce:c156:9dae;::ffff:10.0.0.4;</Data><Data Name=""Image"">C:\Windows\System32\wbem\WmiPrvSE.exe</Data><Data Name=""User"">NT AUTHORITY\NETWORK SERVICE</Data></EventData></DataItem>",22,"Dns query: RuleName: - UtcTime: 2023-11-07 12:56:05.431 ProcessGuid: {8CAD0A01-33DE-654A-860E-000000000A00} ProcessId: 5744 QueryName: WindowsEventLog QueryStatus: 0 QueryResults: fe80::454:44b:f5ff:fffb;2001:0:34f1:8072:454:44b:f5ff:fffb;fe80::d024:56ce:c156:9dae;::ffff:10.0.0.4; Image: C:\Windows\System32\wbem\WmiPrvSE.exe User: NT AUTHORITY\NETWORK SERVICE ","00000000-0000-0000-0000-000000000001","AOI-46bec743-35fa-4608-b7e2-2aa3c38a97c2",,,Event,"04c768e8-7d6d-11ee-8bc4-0022486eaee3","/subscriptions/4383ac89-7cd1-48c1-8061-b0b3c5ccfd97/resourcegroups/varunlab-rg/providers/microsoft.compute/virtualmachines/windowseventlogs","4383ac89-7cd1-48c1-8061-b0b3c5ccfd97"
"46bec743-35fa-4608-b7e2-2aa3c38a97c2",OpsManager,"11/7/2023, 2:22:32.078 AM","Microsoft-Windows-Sysmon","Microsoft-Windows-Sysmon/Operational",WindowsEventLog,22,4,Information,"NT AUTHORITY\SYSTEM",,"<Param>-</Param><Param>2023-11-06 20:52:31.031</Param><Param>{8CAD0A01-520F-6549-2F04-000000000A00}</Param><Param>2852</Param><Param>WindowsEventLog</Param><Param>0</Param><Param>fe80::454:44b:f5ff:fffb;2001:0:34f1:8072:454:44b:f5ff:fffb;fe80::d024:56ce:c156:9dae;::ffff:10.0.0.4;</Param><Param>C:\Windows\system32\wbem\wmiprvse.exe</Param><Param>NT AUTHORITY\NETWORK SERVICE</Param>","<DataItem type=""System.XmlData"" time=""2023-11-07T02:22:32.0784699+05:30"" sourceHealthServiceId=""F57C2BCF-DE2B-DA7F-FD91-0649DF501A73""><EventData xmlns=""http://schemas.microsoft.com/win/2004/08/events/event""><Data Name=""RuleName"">-</Data><Data Name=""UtcTime"">2023-11-06 20:52:31.031</Data><Data Name=""ProcessGuid"">{8CAD0A01-520F-6549-2F04-000000000A00}</Data><Data Name=""ProcessId"">2852</Data><Data Name=""QueryName"">WindowsEventLog</Data><Data Name=""QueryStatus"">0</Data><Data Name=""QueryResults"">fe80::454:44b:f5ff:fffb;2001:0:34f1:8072:454:44b:f5ff:fffb;fe80::d024:56ce:c156:9dae;::ffff:10.0.0.4;</Data><Data Name=""Image"">C:\Windows\system32\wbem\wmiprvse.exe</Data><Data Name=""User"">NT AUTHORITY\NETWORK SERVICE</Data></EventData></DataItem>",22,"Dns query: RuleName: - UtcTime: 2023-11-06 20:52:31.031 ProcessGuid: {8CAD0A01-520F-6549-2F04-000000000A00} ProcessId: 2852 QueryName: WindowsEventLog QueryStatus: 0 QueryResults: fe80::454:44b:f5ff:fffb;2001:0:34f1:8072:454:44b:f5ff:fffb;fe80::d024:56ce:c156:9dae;::ffff:10.0.0.4; Image: C:\Windows\system32\wbem\wmiprvse.exe User: NT AUTHORITY\NETWORK SERVICE ","00000000-0000-0000-0000-000000000001","AOI-46bec743-35fa-4608-b7e2-2aa3c38a97c2",,,Event,"6937eaf7-7ce6-11ee-8bc4-0022486eaee3","/subscriptions/4383ac89-7cd1-48c1-8061-b0b3c5ccfd97/resourcegroups/varunlab-rg/providers/microsoft.compute/virtualmachines/windowseventlogs","4383ac89-7cd1-48c1-8061-b0b3c5ccfd97"
"46bec743-35fa-4608-b7e2-2aa3c38a97c2",OpsManager,"11/7/2023, 2:22:39.129 AM","Microsoft-Windows-Sysmon","Microsoft-Windows-Sysmon/Operational",WindowsEventLog,22,4,Information,"NT AUTHORITY\SYSTEM",,"<Param>-</Param><Param>2023-11-06 20:52:38.060</Param><Param>{8CAD0A01-520F-6549-2F04-000000000A00}</Param><Param>2852</Param><Param>WindowsEventLog</Param><Param>0</Param><Param>fe80::454:44b:f5ff:fffb;2001:0:34f1:8072:454:44b:f5ff:fffb;fe80::d024:56ce:c156:9dae;::ffff:10.0.0.4;</Param><Param>C:\Windows\System32\wbem\WmiPrvSE.exe</Param><Param>NT AUTHORITY\NETWORK SERVICE</Param>","<DataItem type=""System.XmlData"" time=""2023-11-07T02:22:39.1296451+05:30"" sourceHealthServiceId=""F57C2BCF-DE2B-DA7F-FD91-0649DF501A73""><EventData xmlns=""http://schemas.microsoft.com/win/2004/08/events/event""><Data Name=""RuleName"">-</Data><Data Name=""UtcTime"">2023-11-06 20:52:38.060</Data><Data Name=""ProcessGuid"">{8CAD0A01-520F-6549-2F04-000000000A00}</Data><Data Name=""ProcessId"">2852</Data><Data Name=""QueryName"">WindowsEventLog</Data><Data Name=""QueryStatus"">0</Data><Data Name=""QueryResults"">fe80::454:44b:f5ff:fffb;2001:0:34f1:8072:454:44b:f5ff:fffb;fe80::d024:56ce:c156:9dae;::ffff:10.0.0.4;</Data><Data Name=""Image"">C:\Windows\System32\wbem\WmiPrvSE.exe</Data><Data Name=""User"">NT AUTHORITY\NETWORK SERVICE</Data></EventData></DataItem>",22,"Dns query: RuleName: - UtcTime: 2023-11-06 20:52:38.060 ProcessGuid: {8CAD0A01-520F-6549-2F04-000000000A00} ProcessId: 2852 QueryName: WindowsEventLog QueryStatus: 0 QueryResults: fe80::454:44b:f5ff:fffb;2001:0:34f1:8072:454:44b:f5ff:fffb;fe80::d024:56ce:c156:9dae;::ffff:10.0.0.4; Image: C:\Windows\System32\wbem\WmiPrvSE.exe User: NT AUTHORITY\NETWORK SERVICE ","00000000-0000-0000-0000-000000000001","AOI-46bec743-35fa-4608-b7e2-2aa3c38a97c2",,,Event,"6dbdac38-7ce6-11ee-8bc4-0022486ea2b9","/subscriptions/4383ac89-7cd1-48c1-8061-b0b3c5ccfd97/resourcegroups/varunlab-rg/providers/microsoft.compute/virtualmachines/windowseventlogs","4383ac89-7cd1-48c1-8061-b0b3c5ccfd97"
