"46bec743-35fa-4608-b7e2-2aa3c38a97c2",OpsManager,"11/7/2023, 6:23:24.023 AM","Microsoft-Windows-Sysmon","Microsoft-Windows-Sysmon/Operational",WindowsEventLog,22,4,Information,"NT AUTHORITY\SYSTEM",,"<Param>-</Param><Param>2023-11-07 00:53:22.913</Param><Param>{8CAD0A01-8A7D-6549-CA06-000000000A00}</Param><Param>5676</Param><Param>WindowsEventLog</Param><Param>0</Param><Param>fe80::454:44b:f5ff:fffb;2001:0:34f1:8072:454:44b:f5ff:fffb;fe80::d024:56ce:c156:9dae;::ffff:10.0.0.4;</Param><Param>C:\Windows\System32\wbem\WmiPrvSE.exe</Param><Param>NT AUTHORITY\NETWORK SERVICE</Param>","<DataItem type=""System.XmlData"" time=""2023-11-07T06:23:24.0235788+05:30"" sourceHealthServiceId=""F57C2BCF-DE2B-DA7F-FD91-0649DF501A73""><EventData xmlns=""http://schemas.microsoft.com/win/2004/08/events/event""><Data Name=""RuleName"">-</Data><Data Name=""UtcTime"">2023-11-07 00:53:22.913</Data><Data Name=""ProcessGuid"">{8CAD0A01-8A7D-6549-CA06-000000000A00}</Data><Data Name=""ProcessId"">5676</Data><Data Name=""QueryName"">WindowsEventLog</Data><Data Name=""QueryStatus"">0</Data><Data Name=""QueryResults"">fe80::454:44b:f5ff:fffb;2001:0:34f1:8072:454:44b:f5ff:fffb;fe80::d024:56ce:c156:9dae;::ffff:10.0.0.4;</Data><Data Name=""Image"">C:\Windows\System32\wbem\WmiPrvSE.exe</Data><Data Name=""User"">NT AUTHORITY\NETWORK SERVICE</Data></EventData></DataItem>",22,"Dns query: RuleName: - UtcTime: 2023-11-07 00:53:22.913 ProcessGuid: {8CAD0A01-8A7D-6549-CA06-000000000A00} ProcessId: 5676 QueryName: WindowsEventLog QueryStatus: 0 QueryResults: fe80::454:44b:f5ff:fffb;2001:0:34f1:8072:454:44b:f5ff:fffb;fe80::d024:56ce:c156:9dae;::ffff:10.0.0.4; Image: C:\Windows\System32\wbem\WmiPrvSE.exe User: NT AUTHORITY\NETWORK SERVICE ","00000000-0000-0000-0000-000000000001","AOI-46bec743-35fa-4608-b7e2-2aa3c38a97c2",,,Event,"0f4f88a7-7d08-11ee-8bc4-0022486eafa7","/subscriptions/4383ac89-7cd1-48c1-8061-b0b3c5ccfd97/resourcegroups/varunlab-rg/providers/microsoft.compute/virtualmachines/windowseventlogs","4383ac89-7cd1-48c1-8061-b0b3c5ccfd97"
"46bec743-35fa-4608-b7e2-2aa3c38a97c2",OpsManager,"11/7/2023, 10:24:15.925 AM","Microsoft-Windows-Sysmon","Microsoft-Windows-Sysmon/Operational",WindowsEventLog,22,4,Information,"NT AUTHORITY\SYSTEM",,"<Param>-</Param><Param>2023-11-07 04:54:14.735</Param><Param>{8CAD0A01-C2BD-6549-5E09-000000000A00}</Param><Param>6004</Param><Param>WindowsEventLog</Param><Param>0</Param><Param>fe80::454:44b:f5ff:fffb;2001:0:34f1:8072:454:44b:f5ff:fffb;fe80::d024:56ce:c156:9dae;::ffff:10.0.0.4;</Param><Param>C:\Windows\System32\wbem\WmiPrvSE.exe</Param><Param>NT AUTHORITY\NETWORK SERVICE</Param>","<DataItem type=""System.XmlData"" time=""2023-11-07T10:24:15.9259438+05:30"" sourceHealthServiceId=""F57C2BCF-DE2B-DA7F-FD91-0649DF501A73""><EventData xmlns=""http://schemas.microsoft.com/win/2004/08/events/event""><Data Name=""RuleName"">-</Data><Data Name=""UtcTime"">2023-11-07 04:54:14.735</Data><Data Name=""ProcessGuid"">{8CAD0A01-C2BD-6549-5E09-000000000A00}</Data><Data Name=""ProcessId"">6004</Data><Data Name=""QueryName"">WindowsEventLog</Data><Data Name=""QueryStatus"">0</Data><Data Name=""QueryResults"">fe80::454:44b:f5ff:fffb;2001:0:34f1:8072:454:44b:f5ff:fffb;fe80::d024:56ce:c156:9dae;::ffff:10.0.0.4;</Data><Data Name=""Image"">C:\Windows\System32\wbem\WmiPrvSE.exe</Data><Data Name=""User"">NT AUTHORITY\NETWORK SERVICE</Data></EventData></DataItem>",22,"Dns query: RuleName: - UtcTime: 2023-11-07 04:54:14.735 ProcessGuid: {8CAD0A01-C2BD-6549-5E09-000000000A00} ProcessId: 6004 QueryName: WindowsEventLog QueryStatus: 0 QueryResults: fe80::454:44b:f5ff:fffb;2001:0:34f1:8072:454:44b:f5ff:fffb;fe80::d024:56ce:c156:9dae;::ffff:10.0.0.4; Image: C:\Windows\System32\wbem\WmiPrvSE.exe User: NT AUTHORITY\NETWORK SERVICE ","00000000-0000-0000-0000-000000000001","AOI-46bec743-35fa-4608-b7e2-2aa3c38a97c2",,,Event,"b4aaf3bb-7d29-11ee-8bc4-6045bd72ef1c","/subscriptions/4383ac89-7cd1-48c1-8061-b0b3c5ccfd97/resourcegroups/varunlab-rg/providers/microsoft.compute/virtualmachines/windowseventlogs","4383ac89-7cd1-48c1-8061-b0b3c5ccfd97"
"46bec743-35fa-4608-b7e2-2aa3c38a97c2",OpsManager,"11/7/2023, 1:24:54.935 PM","Microsoft-Windows-Sysmon","Microsoft-Windows-Sysmon/Operational",WindowsEventLog,22,4,Information,"NT AUTHORITY\SYSTEM",,"<Param>-</Param><Param>2023-11-07 07:54:53.660</Param><Param>{8CAD0A01-ED4D-6549-490B-000000000A00}</Param><Param>6028</Param><Param>WindowsEventLog</Param><Param>0</Param><Param>fe80::454:44b:f5ff:fffb;2001:0:34f1:8072:454:44b:f5ff:fffb;fe80::d024:56ce:c156:9dae;::ffff:10.0.0.4;</Param><Param>C:\Windows\system32\wbem\wmiprvse.exe</Param><Param>NT AUTHORITY\NETWORK SERVICE</Param>","<DataItem type=""System.XmlData"" time=""2023-11-07T13:24:54.9357046+05:30"" sourceHealthServiceId=""F57C2BCF-DE2B-DA7F-FD91-0649DF501A73""><EventData xmlns=""http://schemas.microsoft.com/win/2004/08/events/event""><Data Name=""RuleName"">-</Data><Data Name=""UtcTime"">2023-11-07 07:54:53.660</Data><Data Name=""ProcessGuid"">{8CAD0A01-ED4D-6549-490B-000000000A00}</Data><Data Name=""ProcessId"">6028</Data><Data Name=""QueryName"">WindowsEventLog</Data><Data Name=""QueryStatus"">0</Data><Data Name=""QueryResults"">fe80::454:44b:f5ff:fffb;2001:0:34f1:8072:454:44b:f5ff:fffb;fe80::d024:56ce:c156:9dae;::ffff:10.0.0.4;</Data><Data Name=""Image"">C:\Windows\system32\wbem\wmiprvse.exe</Data><Data Name=""User"">NT AUTHORITY\NETWORK SERVICE</Data></EventData></DataItem>",22,"Dns query: RuleName: - UtcTime: 2023-11-07 07:54:53.660 ProcessGuid: {8CAD0A01-ED4D-6549-490B-000000000A00} ProcessId: 6028 QueryName: WindowsEventLog QueryStatus: 0 QueryResults: fe80::454:44b:f5ff:fffb;2001:0:34f1:8072:454:44b:f5ff:fffb;fe80::d024:56ce:c156:9dae;::ffff:10.0.0.4; Image: C:\Windows\system32\wbem\wmiprvse.exe User: NT AUTHORITY\NETWORK SERVICE ","00000000-0000-0000-0000-000000000001","AOI-46bec743-35fa-4608-b7e2-2aa3c38a97c2",,,Event,"f126dbc0-7d42-11ee-8bc4-0022486ea981","/subscriptions/4383ac89-7cd1-48c1-8061-b0b3c5ccfd97/resourcegroups/varunlab-rg/providers/microsoft.compute/virtualmachines/windowseventlogs","4383ac89-7cd1-48c1-8061-b0b3c5ccfd97"
"46bec743-35fa-4608-b7e2-2aa3c38a97c2",OpsManager,"11/7/2023, 2:25:07.802 PM","Microsoft-Windows-Sysmon","Microsoft-Windows-Sysmon/Operational",WindowsEventLog,22,4,Information,"NT AUTHORITY\SYSTEM",,"<Param>-</Param><Param>2023-11-07 08:55:06.611</Param><Param>{8CAD0A01-FB6A-6549-E90B-000000000A00}</Param><Param>3644</Param><Param>WindowsEventLog</Param><Param>0</Param><Param>fe80::454:44b:f5ff:fffb;2001:0:34f1:8072:454:44b:f5ff:fffb;fe80::d024:56ce:c156:9dae;::ffff:10.0.0.4;</Param><Param>C:\Windows\system32\wbem\wmiprvse.exe</Param><Param>NT AUTHORITY\NETWORK SERVICE</Param>","<DataItem type=""System.XmlData"" time=""2023-11-07T14:25:07.8028457+05:30"" sourceHealthServiceId=""F57C2BCF-DE2B-DA7F-FD91-0649DF501A73""><EventData xmlns=""http://schemas.microsoft.com/win/2004/08/events/event""><Data Name=""RuleName"">-</Data><Data Name=""UtcTime"">2023-11-07 08:55:06.611</Data><Data Name=""ProcessGuid"">{8CAD0A01-FB6A-6549-E90B-000000000A00}</Data><Data Name=""ProcessId"">3644</Data><Data Name=""QueryName"">WindowsEventLog</Data><Data Name=""QueryStatus"">0</Data><Data Name=""QueryResults"">fe80::454:44b:f5ff:fffb;2001:0:34f1:8072:454:44b:f5ff:fffb;fe80::d024:56ce:c156:9dae;::ffff:10.0.0.4;</Data><Data Name=""Image"">C:\Windows\system32\wbem\wmiprvse.exe</Data><Data Name=""User"">NT AUTHORITY\NETWORK SERVICE</Data></EventData></DataItem>",22,"Dns query: RuleName: - UtcTime: 2023-11-07 08:55:06.611 ProcessGuid: {8CAD0A01-FB6A-6549-E90B-000000000A00} ProcessId: 3644 QueryName: WindowsEventLog QueryStatus: 0 QueryResults: fe80::454:44b:f5ff:fffb;2001:0:34f1:8072:454:44b:f5ff:fffb;fe80::d024:56ce:c156:9dae;::ffff:10.0.0.4; Image: C:\Windows\system32\wbem\wmiprvse.exe User: NT AUTHORITY\NETWORK SERVICE ","00000000-0000-0000-0000-000000000001","AOI-46bec743-35fa-4608-b7e2-2aa3c38a97c2",,,Event,"5b463358-7d4b-11ee-8bc4-0022486ea8bc","/subscriptions/4383ac89-7cd1-48c1-8061-b0b3c5ccfd97/resourcegroups/varunlab-rg/providers/microsoft.compute/virtualmachines/windowseventlogs","4383ac89-7cd1-48c1-8061-b0b3c5ccfd97"
"46bec743-35fa-4608-b7e2-2aa3c38a97c2",OpsManager,"11/7/2023, 5:25:46.802 PM","Microsoft-Windows-Sysmon","Microsoft-Windows-Sysmon/Operational",WindowsEventLog,22,4,Information,"NT AUTHORITY\SYSTEM",,"<Param>-</Param><Param>2023-11-07 11:55:45.524</Param><Param>{8CAD0A01-25C1-654A-E10D-000000000A00}</Param><Param>4976</Param><Param>WindowsEventLog</Param><Param>0</Param><Param>fe80::454:44b:f5ff:fffb;2001:0:34f1:8072:454:44b:f5ff:fffb;fe80::d024:56ce:c156:9dae;::ffff:10.0.0.4;</Param><Param>C:\Windows\system32\wbem\wmiprvse.exe</Param><Param>NT AUTHORITY\NETWORK SERVICE</Param>","<DataItem type=""System.XmlData"" time=""2023-11-07T17:25:46.8025622+05:30"" sourceHealthServiceId=""F57C2BCF-DE2B-DA7F-FD91-0649DF501A73""><EventData xmlns=""http://schemas.microsoft.com/win/2004/08/events/event""><Data Name=""RuleName"">-</Data><Data Name=""UtcTime"">2023-11-07 11:55:45.524</Data><Data Name=""ProcessGuid"">{8CAD0A01-25C1-654A-E10D-000000000A00}</Data><Data Name=""ProcessId"">4976</Data><Data Name=""QueryName"">WindowsEventLog</Data><Data Name=""QueryStatus"">0</Data><Data Name=""QueryResults"">fe80::454:44b:f5ff:fffb;2001:0:34f1:8072:454:44b:f5ff:fffb;fe80::d024:56ce:c156:9dae;::ffff:10.0.0.4;</Data><Data Name=""Image"">C:\Windows\system32\wbem\wmiprvse.exe</Data><Data Name=""User"">NT AUTHORITY\NETWORK SERVICE</Data></EventData></DataItem>",22,"Dns query: RuleName: - UtcTime: 2023-11-07 11:55:45.524 ProcessGuid: {8CAD0A01-25C1-654A-E10D-000000000A00} ProcessId: 4976 QueryName: WindowsEventLog QueryStatus: 0 QueryResults: fe80::454:44b:f5ff:fffb;2001:0:34f1:8072:454:44b:f5ff:fffb;fe80::d024:56ce:c156:9dae;::ffff:10.0.0.4; Image: C:\Windows\system32\wbem\wmiprvse.exe User: NT AUTHORITY\NETWORK SERVICE ","00000000-0000-0000-0000-000000000001","AOI-46bec743-35fa-4608-b7e2-2aa3c38a97c2",,,Event,"970b899e-7d64-11ee-8bc4-0022486ea800","/subscriptions/4383ac89-7cd1-48c1-8061-b0b3c5ccfd97/resourcegroups/varunlab-rg/providers/microsoft.compute/virtualmachines/windowseventlogs","4383ac89-7cd1-48c1-8061-b0b3c5ccfd97"
"46bec743-35fa-4608-b7e2-2aa3c38a97c2",OpsManager,"11/7/2023, 6:25:59.826 PM","Microsoft-Windows-Sysmon","Microsoft-Windows-Sysmon/Operational",WindowsEventLog,22,4,Information,"NT AUTHORITY\SYSTEM",,"<Param>-</Param><Param>2023-11-07 12:55:58.481</Param><Param>{8CAD0A01-33DE-654A-860E-000000000A00}</Param><Param>5744</Param><Param>WindowsEventLog</Param><Param>0</Param><Param>fe80::454:44b:f5ff:fffb;2001:0:34f1:8072:454:44b:f5ff:fffb;fe80::d024:56ce:c156:9dae;::ffff:10.0.0.4;</Param><Param>C:\Windows\system32\wbem\wmiprvse.exe</Param><Param>NT AUTHORITY\NETWORK SERVICE</Param>","<DataItem type=""System.XmlData"" time=""2023-11-07T18:25:59.8260847+05:30"" sourceHealthServiceId=""F57C2BCF-DE2B-DA7F-FD91-0649DF501A73""><EventData xmlns=""http://schemas.microsoft.com/win/2004/08/events/event""><Data Name=""RuleName"">-</Data><Data Name=""UtcTime"">2023-11-07 12:55:58.481</Data><Data Name=""ProcessGuid"">{8CAD0A01-33DE-654A-860E-000000000A00}</Data><Data Name=""ProcessId"">5744</Data><Data Name=""QueryName"">WindowsEventLog</Data><Data Name=""QueryStatus"">0</Data><Data Name=""QueryResults"">fe80::454:44b:f5ff:fffb;2001:0:34f1:8072:454:44b:f5ff:fffb;fe80::d024:56ce:c156:9dae;::ffff:10.0.0.4;</Data><Data Name=""Image"">C:\Windows\system32\wbem\wmiprvse.exe</Data><Data Name=""User"">NT AUTHORITY\NETWORK SERVICE</Data></EventData></DataItem>",22,"Dns query: RuleName: - UtcTime: 2023-11-07 12:55:58.481 ProcessGuid: {8CAD0A01-33DE-654A-860E-000000000A00} ProcessId: 5744 QueryName: WindowsEventLog QueryStatus: 0 QueryResults: fe80::454:44b:f5ff:fffb;2001:0:34f1:8072:454:44b:f5ff:fffb;fe80::d024:56ce:c156:9dae;::ffff:10.0.0.4; Image: C:\Windows\system32\wbem\wmiprvse.exe User: NT AUTHORITY\NETWORK SERVICE ","00000000-0000-0000-0000-000000000001","AOI-46bec743-35fa-4608-b7e2-2aa3c38a97c2",,,Event,"015295c6-7d6d-11ee-8bc2-0022486eaa8d","/subscriptions/4383ac89-7cd1-48c1-8061-b0b3c5ccfd97/resourcegroups/varunlab-rg/providers/microsoft.compute/virtualmachines/windowseventlogs","4383ac89-7cd1-48c1-8061-b0b3c5ccfd97"
"46bec743-35fa-4608-b7e2-2aa3c38a97c2",OpsManager,"11/17/2023, 11:30:03.198 AM","Microsoft-Windows-Sysmon","Microsoft-Windows-Sysmon/Operational",WindowsEventLog,22,4,Information,"NT AUTHORITY\SYSTEM","LCID;1033	Locale;ENU	Message;Dns query:%nRuleName: %1!s!%nUtcTime: %2!s!%nProcessGuid: %3!s!%nProcessId: %4!s!%nQueryName: %5!s!%nQueryStatus: %6!s!%nQueryResults: %7!s!%nImage: %8!s!%nUser: %9!s! 	","<Param>-</Param><Param>2023-11-17 06:00:01.933</Param><Param>{8CAD0A01-015B-6557-1000-000000000E00}</Param><Param>920</Param><Param>win10.ipv6.microsoft.com.</Param><Param>0</Param><Param>type:  5 onpremwindows.ipv6.microsoft.com.akadns.net;type:  5 trdovmsswestus.ipv6.microsoft.com.akadns.net;52.241.128.114;</Param><Param>C:\Windows\System32\svchost.exe</Param><Param>NT AUTHORITY\SYSTEM</Param>","<DataItem type=""System.XmlData"" time=""2023-11-17T11:30:03.1989197+05:30"" sourceHealthServiceId=""F57C2BCF-DE2B-DA7F-FD91-0649DF501A73""><EventData xmlns=""http://schemas.microsoft.com/win/2004/08/events/event""><Data Name=""RuleName"">-</Data><Data Name=""UtcTime"">2023-11-17 06:00:01.933</Data><Data Name=""ProcessGuid"">{8CAD0A01-015B-6557-1000-000000000E00}</Data><Data Name=""ProcessId"">920</Data><Data Name=""QueryName"">win10.ipv6.microsoft.com.</Data><Data Name=""QueryStatus"">0</Data><Data Name=""QueryResults"">type:  5 onpremwindows.ipv6.microsoft.com.akadns.net;type:  5 trdovmsswestus.ipv6.microsoft.com.akadns.net;52.241.128.114;</Data><Data Name=""Image"">C:\Windows\System32\svchost.exe</Data><Data Name=""User"">NT AUTHORITY\SYSTEM</Data></EventData></DataItem>",22,"Dns query: RuleName: - UtcTime: 2023-11-17 06:00:01.933 ProcessGuid: {8CAD0A01-015B-6557-1000-000000000E00} ProcessId: 920 QueryName: win10.ipv6.microsoft.com. QueryStatus: 0 QueryResults: type:  5 onpremwindows.ipv6.microsoft.com.akadns.net;type:  5 trdovmsswestus.ipv6.microsoft.com.akadns.net;52.241.128.114; Image: C:\Windows\System32\svchost.exe User: NT AUTHORITY\SYSTEM ","00000000-0000-0000-0000-000000000001","AOI-46bec743-35fa-4608-b7e2-2aa3c38a97c2",,,Event,"962cf42a-850e-11ee-8bc4-000d3af06de7","/subscriptions/4383ac89-7cd1-48c1-8061-b0b3c5ccfd97/resourcegroups/varunlab-rg/providers/microsoft.compute/virtualmachines/windowseventlogs","4383ac89-7cd1-48c1-8061-b0b3c5ccfd97"
"46bec743-35fa-4608-b7e2-2aa3c38a97c2",OpsManager,"11/17/2023, 11:30:03.198 AM","Microsoft-Windows-Sysmon","Microsoft-Windows-Sysmon/Operational",WindowsEventLog,22,4,Information,"NT AUTHORITY\SYSTEM",,"<Param>-</Param><Param>2023-11-17 06:00:02.461</Param><Param>{8CAD0A01-015D-6557-1A00-000000000E00}</Param><Param>1808</Param><Param>WindowsEventLog</Param><Param>0</Param><Param>fe80::d024:56ce:c156:9dae;::ffff:10.0.0.4;</Param><Param>C:\Windows\System32\spoolsv.exe</Param><Param>NT AUTHORITY\SYSTEM</Param>","<DataItem type=""System.XmlData"" time=""2023-11-17T11:30:03.1989910+05:30"" sourceHealthServiceId=""F57C2BCF-DE2B-DA7F-FD91-0649DF501A73""><EventData xmlns=""http://schemas.microsoft.com/win/2004/08/events/event""><Data Name=""RuleName"">-</Data><Data Name=""UtcTime"">2023-11-17 06:00:02.461</Data><Data Name=""ProcessGuid"">{8CAD0A01-015D-6557-1A00-000000000E00}</Data><Data Name=""ProcessId"">1808</Data><Data Name=""QueryName"">WindowsEventLog</Data><Data Name=""QueryStatus"">0</Data><Data Name=""QueryResults"">fe80::d024:56ce:c156:9dae;::ffff:10.0.0.4;</Data><Data Name=""Image"">C:\Windows\System32\spoolsv.exe</Data><Data Name=""User"">NT AUTHORITY\SYSTEM</Data></EventData></DataItem>",22,"Dns query: RuleName: - UtcTime: 2023-11-17 06:00:02.461 ProcessGuid: {8CAD0A01-015D-6557-1A00-000000000E00} ProcessId: 1808 QueryName: WindowsEventLog QueryStatus: 0 QueryResults: fe80::d024:56ce:c156:9dae;::ffff:10.0.0.4; Image: C:\Windows\System32\spoolsv.exe User: NT AUTHORITY\SYSTEM ","00000000-0000-0000-0000-000000000001","AOI-46bec743-35fa-4608-b7e2-2aa3c38a97c2",,,Event,"962cf42f-850e-11ee-8bc4-000d3af06de7","/subscriptions/4383ac89-7cd1-48c1-8061-b0b3c5ccfd97/resourcegroups/varunlab-rg/providers/microsoft.compute/virtualmachines/windowseventlogs","4383ac89-7cd1-48c1-8061-b0b3c5ccfd97"
"46bec743-35fa-4608-b7e2-2aa3c38a97c2",OpsManager,"11/17/2023, 11:30:03.199 AM","Microsoft-Windows-Sysmon","Microsoft-Windows-Sysmon/Operational",WindowsEventLog,22,4,Information,"NT AUTHORITY\SYSTEM",,"<Param>-</Param><Param>2023-11-17 06:00:02.466</Param><Param>{8CAD0A01-015D-6557-1A00-000000000E00}</Param><Param>1808</Param><Param>WindowsEventLog</Param><Param>0</Param><Param>10.0.0.4;</Param><Param>C:\Windows\System32\spoolsv.exe</Param><Param>NT AUTHORITY\SYSTEM</Param>","<DataItem type=""System.XmlData"" time=""2023-11-17T11:30:03.1990161+05:30"" sourceHealthServiceId=""F57C2BCF-DE2B-DA7F-FD91-0649DF501A73""><EventData xmlns=""http://schemas.microsoft.com/win/2004/08/events/event""><Data Name=""RuleName"">-</Data><Data Name=""UtcTime"">2023-11-17 06:00:02.466</Data><Data Name=""ProcessGuid"">{8CAD0A01-015D-6557-1A00-000000000E00}</Data><Data Name=""ProcessId"">1808</Data><Data Name=""QueryName"">WindowsEventLog</Data><Data Name=""QueryStatus"">0</Data><Data Name=""QueryResults"">10.0.0.4;</Data><Data Name=""Image"">C:\Windows\System32\spoolsv.exe</Data><Data Name=""User"">NT AUTHORITY\SYSTEM</Data></EventData></DataItem>",22,"Dns query: RuleName: - UtcTime: 2023-11-17 06:00:02.466 ProcessGuid: {8CAD0A01-015D-6557-1A00-000000000E00} ProcessId: 1808 QueryName: WindowsEventLog QueryStatus: 0 QueryResults: 10.0.0.4; Image: C:\Windows\System32\spoolsv.exe User: NT AUTHORITY\SYSTEM ","00000000-0000-0000-0000-000000000001","AOI-46bec743-35fa-4608-b7e2-2aa3c38a97c2",,,Event,"962cf435-850e-11ee-8bc4-000d3af06de7","/subscriptions/4383ac89-7cd1-48c1-8061-b0b3c5ccfd97/resourcegroups/varunlab-rg/providers/microsoft.compute/virtualmachines/windowseventlogs","4383ac89-7cd1-48c1-8061-b0b3c5ccfd97"
"46bec743-35fa-4608-b7e2-2aa3c38a97c2",OpsManager,"11/17/2023, 11:30:03.199 AM","Microsoft-Windows-Sysmon","Microsoft-Windows-Sysmon/Operational",WindowsEventLog,22,4,Information,"NT AUTHORITY\SYSTEM",,"<Param>-</Param><Param>2023-11-17 06:00:02.466</Param><Param>{8CAD0A01-015D-6557-1A00-000000000E00}</Param><Param>1808</Param><Param>WindowsEventLog</Param><Param>0</Param><Param>fe80::d024:56ce:c156:9dae;</Param><Param>C:\Windows\System32\spoolsv.exe</Param><Param>NT AUTHORITY\SYSTEM</Param>","<DataItem type=""System.XmlData"" time=""2023-11-17T11:30:03.1990406+05:30"" sourceHealthServiceId=""F57C2BCF-DE2B-DA7F-FD91-0649DF501A73""><EventData xmlns=""http://schemas.microsoft.com/win/2004/08/events/event""><Data Name=""RuleName"">-</Data><Data Name=""UtcTime"">2023-11-17 06:00:02.466</Data><Data Name=""ProcessGuid"">{8CAD0A01-015D-6557-1A00-000000000E00}</Data><Data Name=""ProcessId"">1808</Data><Data Name=""QueryName"">WindowsEventLog</Data><Data Name=""QueryStatus"">0</Data><Data Name=""QueryResults"">fe80::d024:56ce:c156:9dae;</Data><Data Name=""Image"">C:\Windows\System32\spoolsv.exe</Data><Data Name=""User"">NT AUTHORITY\SYSTEM</Data></EventData></DataItem>",22,"Dns query: RuleName: - UtcTime: 2023-11-17 06:00:02.466 ProcessGuid: {8CAD0A01-015D-6557-1A00-000000000E00} ProcessId: 1808 QueryName: WindowsEventLog QueryStatus: 0 QueryResults: fe80::d024:56ce:c156:9dae; Image: C:\Windows\System32\spoolsv.exe User: NT AUTHORITY\SYSTEM ","00000000-0000-0000-0000-000000000001","AOI-46bec743-35fa-4608-b7e2-2aa3c38a97c2",,,Event,"962cf43a-850e-11ee-8bc4-000d3af06de7","/subscriptions/4383ac89-7cd1-48c1-8061-b0b3c5ccfd97/resourcegroups/varunlab-rg/providers/microsoft.compute/virtualmachines/windowseventlogs","4383ac89-7cd1-48c1-8061-b0b3c5ccfd97"
"46bec743-35fa-4608-b7e2-2aa3c38a97c2",OpsManager,"11/17/2023, 11:30:03.199 AM","Microsoft-Windows-Sysmon","Microsoft-Windows-Sysmon/Operational",WindowsEventLog,22,4,Information,"NT AUTHORITY\SYSTEM",,"<Param>-</Param><Param>2023-11-17 06:00:02.633</Param><Param>{8CAD0A01-015D-6557-1A00-000000000E00}</Param><Param>1808</Param><Param>WindowsEventLog</Param><Param>0</Param><Param>fe80::8b:3451:f5ff:fffb;fe80::d024:56ce:c156:9dae;</Param><Param>C:\Windows\System32\spoolsv.exe</Param><Param>NT AUTHORITY\SYSTEM</Param>","<DataItem type=""System.XmlData"" time=""2023-11-17T11:30:03.1990982+05:30"" sourceHealthServiceId=""F57C2BCF-DE2B-DA7F-FD91-0649DF501A73""><EventData xmlns=""http://schemas.microsoft.com/win/2004/08/events/event""><Data Name=""RuleName"">-</Data><Data Name=""UtcTime"">2023-11-17 06:00:02.633</Data><Data Name=""ProcessGuid"">{8CAD0A01-015D-6557-1A00-000000000E00}</Data><Data Name=""ProcessId"">1808</Data><Data Name=""QueryName"">WindowsEventLog</Data><Data Name=""QueryStatus"">0</Data><Data Name=""QueryResults"">fe80::8b:3451:f5ff:fffb;fe80::d024:56ce:c156:9dae;</Data><Data Name=""Image"">C:\Windows\System32\spoolsv.exe</Data><Data Name=""User"">NT AUTHORITY\SYSTEM</Data></EventData></DataItem>",22,"Dns query: RuleName: - UtcTime: 2023-11-17 06:00:02.633 ProcessGuid: {8CAD0A01-015D-6557-1A00-000000000E00} ProcessId: 1808 QueryName: WindowsEventLog QueryStatus: 0 QueryResults: fe80::8b:3451:f5ff:fffb;fe80::d024:56ce:c156:9dae; Image: C:\Windows\System32\spoolsv.exe User: NT AUTHORITY\SYSTEM ","00000000-0000-0000-0000-000000000001","AOI-46bec743-35fa-4608-b7e2-2aa3c38a97c2",,,Event,"962cf43f-850e-11ee-8bc4-000d3af06de7","/subscriptions/4383ac89-7cd1-48c1-8061-b0b3c5ccfd97/resourcegroups/varunlab-rg/providers/microsoft.compute/virtualmachines/windowseventlogs","4383ac89-7cd1-48c1-8061-b0b3c5ccfd97"
"46bec743-35fa-4608-b7e2-2aa3c38a97c2",OpsManager,"11/17/2023, 11:30:03.199 AM","Microsoft-Windows-Sysmon","Microsoft-Windows-Sysmon/Operational",WindowsEventLog,22,4,Information,"NT AUTHORITY\SYSTEM",,"<Param>-</Param><Param>2023-11-17 06:00:02.719</Param><Param>{8CAD0A01-0160-6557-4000-000000000E00}</Param><Param>2236</Param><Param>WindowsEventLog</Param><Param>0</Param><Param>fe80::8b:3451:f5ff:fffb;fe80::d024:56ce:c156:9dae;::ffff:10.0.0.4;</Param><Param>C:\Windows\System32\wbem\WmiPrvSE.exe</Param><Param>NT AUTHORITY\NETWORK SERVICE</Param>","<DataItem type=""System.XmlData"" time=""2023-11-17T11:30:03.1991504+05:30"" sourceHealthServiceId=""F57C2BCF-DE2B-DA7F-FD91-0649DF501A73""><EventData xmlns=""http://schemas.microsoft.com/win/2004/08/events/event""><Data Name=""RuleName"">-</Data><Data Name=""UtcTime"">2023-11-17 06:00:02.719</Data><Data Name=""ProcessGuid"">{8CAD0A01-0160-6557-4000-000000000E00}</Data><Data Name=""ProcessId"">2236</Data><Data Name=""QueryName"">WindowsEventLog</Data><Data Name=""QueryStatus"">0</Data><Data Name=""QueryResults"">fe80::8b:3451:f5ff:fffb;fe80::d024:56ce:c156:9dae;::ffff:10.0.0.4;</Data><Data Name=""Image"">C:\Windows\System32\wbem\WmiPrvSE.exe</Data><Data Name=""User"">NT AUTHORITY\NETWORK SERVICE</Data></EventData></DataItem>",22,"Dns query: RuleName: - UtcTime: 2023-11-17 06:00:02.719 ProcessGuid: {8CAD0A01-0160-6557-4000-000000000E00} ProcessId: 2236 QueryName: WindowsEventLog QueryStatus: 0 QueryResults: fe80::8b:3451:f5ff:fffb;fe80::d024:56ce:c156:9dae;::ffff:10.0.0.4; Image: C:\Windows\System32\wbem\WmiPrvSE.exe User: NT AUTHORITY\NETWORK SERVICE ","00000000-0000-0000-0000-000000000001","AOI-46bec743-35fa-4608-b7e2-2aa3c38a97c2",,,Event,"962cf443-850e-11ee-8bc4-000d3af06de7","/subscriptions/4383ac89-7cd1-48c1-8061-b0b3c5ccfd97/resourcegroups/varunlab-rg/providers/microsoft.compute/virtualmachines/windowseventlogs","4383ac89-7cd1-48c1-8061-b0b3c5ccfd97"
"46bec743-35fa-4608-b7e2-2aa3c38a97c2",OpsManager,"11/17/2023, 11:30:03.199 AM","Microsoft-Windows-Sysmon","Microsoft-Windows-Sysmon/Operational",WindowsEventLog,22,4,Information,"NT AUTHORITY\SYSTEM",,"<Param>-</Param><Param>2023-11-17 06:00:02.971</Param><Param>{8CAD0A01-015C-6557-1600-000000000E00}</Param><Param>1132</Param><Param>wpad</Param><Param>9003</Param><Param>-</Param><Param>C:\Windows\System32\svchost.exe</Param><Param>NT AUTHORITY\LOCAL SERVICE</Param>","<DataItem type=""System.XmlData"" time=""2023-11-17T11:30:03.1991976+05:30"" sourceHealthServiceId=""F57C2BCF-DE2B-DA7F-FD91-0649DF501A73""><EventData xmlns=""http://schemas.microsoft.com/win/2004/08/events/event""><Data Name=""RuleName"">-</Data><Data Name=""UtcTime"">2023-11-17 06:00:02.971</Data><Data Name=""ProcessGuid"">{8CAD0A01-015C-6557-1600-000000000E00}</Data><Data Name=""ProcessId"">1132</Data><Data Name=""QueryName"">wpad</Data><Data Name=""QueryStatus"">9003</Data><Data Name=""QueryResults"">-</Data><Data Name=""Image"">C:\Windows\System32\svchost.exe</Data><Data Name=""User"">NT AUTHORITY\LOCAL SERVICE</Data></EventData></DataItem>",22,"Dns query: RuleName: - UtcTime: 2023-11-17 06:00:02.971 ProcessGuid: {8CAD0A01-015C-6557-1600-000000000E00} ProcessId: 1132 QueryName: wpad QueryStatus: 9003 QueryResults: - Image: C:\Windows\System32\svchost.exe User: NT AUTHORITY\LOCAL SERVICE ","00000000-0000-0000-0000-000000000001","AOI-46bec743-35fa-4608-b7e2-2aa3c38a97c2",,,Event,"962cf449-850e-11ee-8bc4-000d3af06de7","/subscriptions/4383ac89-7cd1-48c1-8061-b0b3c5ccfd97/resourcegroups/varunlab-rg/providers/microsoft.compute/virtualmachines/windowseventlogs","4383ac89-7cd1-48c1-8061-b0b3c5ccfd97"
"46bec743-35fa-4608-b7e2-2aa3c38a97c2",OpsManager,"11/17/2023, 11:30:04.167 AM","Microsoft-Windows-Sysmon","Microsoft-Windows-Sysmon/Operational",WindowsEventLog,22,4,Information,"NT AUTHORITY\SYSTEM",,"<Param>-</Param><Param>2023-11-17 06:00:03.267</Param><Param>{8CAD0A01-015D-6557-1A00-000000000E00}</Param><Param>1808</Param><Param>WindowsEventLog</Param><Param>0</Param><Param>fe80::8b:3451:f5ff:fffb;2001:0:34f1:8072:8b:3451:f5ff:fffb;fe80::d024:56ce:c156:9dae;</Param><Param>C:\Windows\System32\spoolsv.exe</Param><Param>NT AUTHORITY\SYSTEM</Param>","<DataItem type=""System.XmlData"" time=""2023-11-17T11:30:04.1679559+05:30"" sourceHealthServiceId=""F57C2BCF-DE2B-DA7F-FD91-0649DF501A73""><EventData xmlns=""http://schemas.microsoft.com/win/2004/08/events/event""><Data Name=""RuleName"">-</Data><Data Name=""UtcTime"">2023-11-17 06:00:03.267</Data><Data Name=""ProcessGuid"">{8CAD0A01-015D-6557-1A00-000000000E00}</Data><Data Name=""ProcessId"">1808</Data><Data Name=""QueryName"">WindowsEventLog</Data><Data Name=""QueryStatus"">0</Data><Data Name=""QueryResults"">fe80::8b:3451:f5ff:fffb;2001:0:34f1:8072:8b:3451:f5ff:fffb;fe80::d024:56ce:c156:9dae;</Data><Data Name=""Image"">C:\Windows\System32\spoolsv.exe</Data><Data Name=""User"">NT AUTHORITY\SYSTEM</Data></EventData></DataItem>",22,"Dns query: RuleName: - UtcTime: 2023-11-17 06:00:03.267 ProcessGuid: {8CAD0A01-015D-6557-1A00-000000000E00} ProcessId: 1808 QueryName: WindowsEventLog QueryStatus: 0 QueryResults: fe80::8b:3451:f5ff:fffb;2001:0:34f1:8072:8b:3451:f5ff:fffb;fe80::d024:56ce:c156:9dae; Image: C:\Windows\System32\spoolsv.exe User: NT AUTHORITY\SYSTEM ","00000000-0000-0000-0000-000000000001","AOI-46bec743-35fa-4608-b7e2-2aa3c38a97c2",,,Event,"962cf48d-850e-11ee-8bc4-000d3af06de7","/subscriptions/4383ac89-7cd1-48c1-8061-b0b3c5ccfd97/resourcegroups/varunlab-rg/providers/microsoft.compute/virtualmachines/windowseventlogs","4383ac89-7cd1-48c1-8061-b0b3c5ccfd97"
"46bec743-35fa-4608-b7e2-2aa3c38a97c2",OpsManager,"11/17/2023, 11:30:04.168 AM","Microsoft-Windows-Sysmon","Microsoft-Windows-Sysmon/Operational",WindowsEventLog,22,4,Information,"NT AUTHORITY\SYSTEM",,"<Param>-</Param><Param>2023-11-17 06:00:03.632</Param><Param>{8CAD0A01-015D-6557-1A00-000000000E00}</Param><Param>1808</Param><Param>WindowsEventLog</Param><Param>0</Param><Param>fe80::8b:3451:f5ff:fffb;2001:0:34f1:8072:8b:3451:f5ff:fffb;fe80::d024:56ce:c156:9dae;::ffff:10.0.0.4;</Param><Param>C:\Windows\System32\spoolsv.exe</Param><Param>NT AUTHORITY\SYSTEM</Param>","<DataItem type=""System.XmlData"" time=""2023-11-17T11:30:04.1680278+05:30"" sourceHealthServiceId=""F57C2BCF-DE2B-DA7F-FD91-0649DF501A73""><EventData xmlns=""http://schemas.microsoft.com/win/2004/08/events/event""><Data Name=""RuleName"">-</Data><Data Name=""UtcTime"">2023-11-17 06:00:03.632</Data><Data Name=""ProcessGuid"">{8CAD0A01-015D-6557-1A00-000000000E00}</Data><Data Name=""ProcessId"">1808</Data><Data Name=""QueryName"">WindowsEventLog</Data><Data Name=""QueryStatus"">0</Data><Data Name=""QueryResults"">fe80::8b:3451:f5ff:fffb;2001:0:34f1:8072:8b:3451:f5ff:fffb;fe80::d024:56ce:c156:9dae;::ffff:10.0.0.4;</Data><Data Name=""Image"">C:\Windows\System32\spoolsv.exe</Data><Data Name=""User"">NT AUTHORITY\SYSTEM</Data></EventData></DataItem>",22,"Dns query: RuleName: - UtcTime: 2023-11-17 06:00:03.632 ProcessGuid: {8CAD0A01-015D-6557-1A00-000000000E00} ProcessId: 1808 QueryName: WindowsEventLog QueryStatus: 0 QueryResults: fe80::8b:3451:f5ff:fffb;2001:0:34f1:8072:8b:3451:f5ff:fffb;fe80::d024:56ce:c156:9dae;::ffff:10.0.0.4; Image: C:\Windows\System32\spoolsv.exe User: NT AUTHORITY\SYSTEM ","00000000-0000-0000-0000-000000000001","AOI-46bec743-35fa-4608-b7e2-2aa3c38a97c2",,,Event,"962cf491-850e-11ee-8bc4-000d3af06de7","/subscriptions/4383ac89-7cd1-48c1-8061-b0b3c5ccfd97/resourcegroups/varunlab-rg/providers/microsoft.compute/virtualmachines/windowseventlogs","4383ac89-7cd1-48c1-8061-b0b3c5ccfd97"
"46bec743-35fa-4608-b7e2-2aa3c38a97c2",OpsManager,"11/17/2023, 11:30:05.195 AM","Microsoft-Windows-Sysmon","Microsoft-Windows-Sysmon/Operational",WindowsEventLog,22,4,Information,"NT AUTHORITY\SYSTEM",,"<Param>-</Param><Param>2023-11-17 06:00:04.106</Param><Param>{8CAD0A01-015C-6557-1700-000000000E00}</Param><Param>1272</Param><Param>WindowsEventLog</Param><Param>1460</Param><Param>-</Param><Param>C:\Windows\System32\svchost.exe</Param><Param>NT AUTHORITY\NETWORK SERVICE</Param>","<DataItem type=""System.XmlData"" time=""2023-11-17T11:30:05.1957611+05:30"" sourceHealthServiceId=""F57C2BCF-DE2B-DA7F-FD91-0649DF501A73""><EventData xmlns=""http://schemas.microsoft.com/win/2004/08/events/event""><Data Name=""RuleName"">-</Data><Data Name=""UtcTime"">2023-11-17 06:00:04.106</Data><Data Name=""ProcessGuid"">{8CAD0A01-015C-6557-1700-000000000E00}</Data><Data Name=""ProcessId"">1272</Data><Data Name=""QueryName"">WindowsEventLog</Data><Data Name=""QueryStatus"">1460</Data><Data Name=""QueryResults"">-</Data><Data Name=""Image"">C:\Windows\System32\svchost.exe</Data><Data Name=""User"">NT AUTHORITY\NETWORK SERVICE</Data></EventData></DataItem>",22,"Dns query: RuleName: - UtcTime: 2023-11-17 06:00:04.106 ProcessGuid: {8CAD0A01-015C-6557-1700-000000000E00} ProcessId: 1272 QueryName: WindowsEventLog QueryStatus: 1460 QueryResults: - Image: C:\Windows\System32\svchost.exe User: NT AUTHORITY\NETWORK SERVICE ","00000000-0000-0000-0000-000000000001","AOI-46bec743-35fa-4608-b7e2-2aa3c38a97c2",,,Event,"962cf49d-850e-11ee-8bc4-000d3af06de7","/subscriptions/4383ac89-7cd1-48c1-8061-b0b3c5ccfd97/resourcegroups/varunlab-rg/providers/microsoft.compute/virtualmachines/windowseventlogs","4383ac89-7cd1-48c1-8061-b0b3c5ccfd97"
"46bec743-35fa-4608-b7e2-2aa3c38a97c2",OpsManager,"11/17/2023, 11:30:06.211 AM","Microsoft-Windows-Sysmon","Microsoft-Windows-Sysmon/Operational",WindowsEventLog,22,4,Information,"NT AUTHORITY\SYSTEM",,"<Param>-</Param><Param>2023-11-17 06:00:04.958</Param><Param>{8CAD0A01-015D-6557-1F00-000000000E00}</Param><Param>1992</Param><Param>_ldap._tcp.dc._msdcs.WindowsEventLog</Param><Param>9003</Param><Param>-</Param><Param>C:\WindowsAzure\GuestAgent_2.7.41491.1095_2023-10-16_051251\WaAppAgent.exe</Param><Param>NT AUTHORITY\SYSTEM</Param>","<DataItem type=""System.XmlData"" time=""2023-11-17T11:30:06.2113852+05:30"" sourceHealthServiceId=""F57C2BCF-DE2B-DA7F-FD91-0649DF501A73""><EventData xmlns=""http://schemas.microsoft.com/win/2004/08/events/event""><Data Name=""RuleName"">-</Data><Data Name=""UtcTime"">2023-11-17 06:00:04.958</Data><Data Name=""ProcessGuid"">{8CAD0A01-015D-6557-1F00-000000000E00}</Data><Data Name=""ProcessId"">1992</Data><Data Name=""QueryName"">_ldap._tcp.dc._msdcs.WindowsEventLog</Data><Data Name=""QueryStatus"">9003</Data><Data Name=""QueryResults"">-</Data><Data Name=""Image"">C:\WindowsAzure\GuestAgent_2.7.41491.1095_2023-10-16_051251\WaAppAgent.exe</Data><Data Name=""User"">NT AUTHORITY\SYSTEM</Data></EventData></DataItem>",22,"Dns query: RuleName: - UtcTime: 2023-11-17 06:00:04.958 ProcessGuid: {8CAD0A01-015D-6557-1F00-000000000E00} ProcessId: 1992 QueryName: _ldap._tcp.dc._msdcs.WindowsEventLog QueryStatus: 9003 QueryResults: - Image: C:\WindowsAzure\GuestAgent_2.7.41491.1095_2023-10-16_051251\WaAppAgent.exe User: NT AUTHORITY\SYSTEM ","00000000-0000-0000-0000-000000000001","AOI-46bec743-35fa-4608-b7e2-2aa3c38a97c2",,,Event,"962cf512-850e-11ee-8bc4-000d3af06de7","/subscriptions/4383ac89-7cd1-48c1-8061-b0b3c5ccfd97/resourcegroups/varunlab-rg/providers/microsoft.compute/virtualmachines/windowseventlogs","4383ac89-7cd1-48c1-8061-b0b3c5ccfd97"
"46bec743-35fa-4608-b7e2-2aa3c38a97c2",OpsManager,"11/17/2023, 11:30:13.055 AM","Microsoft-Windows-Sysmon","Microsoft-Windows-Sysmon/Operational",WindowsEventLog,22,4,Information,"NT AUTHORITY\SYSTEM",,"<Param>-</Param><Param>2023-11-17 06:00:12.057</Param><Param>{8CAD0A01-015D-6557-1F00-000000000E00}</Param><Param>1992</Param><Param>_ldap._tcp.dc._msdcs..</Param><Param>123</Param><Param>-</Param><Param>C:\WindowsAzure\GuestAgent_2.7.41491.1095_2023-10-16_051251\WaAppAgent.exe</Param><Param>NT AUTHORITY\SYSTEM</Param>","<DataItem type=""System.XmlData"" time=""2023-11-17T11:30:13.0552019+05:30"" sourceHealthServiceId=""F57C2BCF-DE2B-DA7F-FD91-0649DF501A73""><EventData xmlns=""http://schemas.microsoft.com/win/2004/08/events/event""><Data Name=""RuleName"">-</Data><Data Name=""UtcTime"">2023-11-17 06:00:12.057</Data><Data Name=""ProcessGuid"">{8CAD0A01-015D-6557-1F00-000000000E00}</Data><Data Name=""ProcessId"">1992</Data><Data Name=""QueryName"">_ldap._tcp.dc._msdcs..</Data><Data Name=""QueryStatus"">123</Data><Data Name=""QueryResults"">-</Data><Data Name=""Image"">C:\WindowsAzure\GuestAgent_2.7.41491.1095_2023-10-16_051251\WaAppAgent.exe</Data><Data Name=""User"">NT AUTHORITY\SYSTEM</Data></EventData></DataItem>",22,"Dns query: RuleName: - UtcTime: 2023-11-17 06:00:12.057 ProcessGuid: {8CAD0A01-015D-6557-1F00-000000000E00} ProcessId: 1992 QueryName: _ldap._tcp.dc._msdcs.. QueryStatus: 123 QueryResults: - Image: C:\WindowsAzure\GuestAgent_2.7.41491.1095_2023-10-16_051251\WaAppAgent.exe User: NT AUTHORITY\SYSTEM ","00000000-0000-0000-0000-000000000001","AOI-46bec743-35fa-4608-b7e2-2aa3c38a97c2",,,Event,"9534a7a3-850e-11ee-8bc4-000d3af075b5","/subscriptions/4383ac89-7cd1-48c1-8061-b0b3c5ccfd97/resourcegroups/varunlab-rg/providers/microsoft.compute/virtualmachines/windowseventlogs","4383ac89-7cd1-48c1-8061-b0b3c5ccfd97"
"46bec743-35fa-4608-b7e2-2aa3c38a97c2",OpsManager,"11/17/2023, 11:30:14.065 AM","Microsoft-Windows-Sysmon","Microsoft-Windows-Sysmon/Operational",WindowsEventLog,22,4,Information,"NT AUTHORITY\SYSTEM",,"<Param>-</Param><Param>2023-11-17 06:00:12.067</Param><Param>{8CAD0A01-0160-6557-4000-000000000E00}</Param><Param>2236</Param><Param>WindowsEventLog</Param><Param>0</Param><Param>fe80::8b:3451:f5ff:fffb;2001:0:34f1:8072:8b:3451:f5ff:fffb;fe80::d024:56ce:c156:9dae;::ffff:10.0.0.4;</Param><Param>C:\Windows\System32\wbem\WmiPrvSE.exe</Param><Param>NT AUTHORITY\NETWORK SERVICE</Param>","<DataItem type=""System.XmlData"" time=""2023-11-17T11:30:14.0658238+05:30"" sourceHealthServiceId=""F57C2BCF-DE2B-DA7F-FD91-0649DF501A73""><EventData xmlns=""http://schemas.microsoft.com/win/2004/08/events/event""><Data Name=""RuleName"">-</Data><Data Name=""UtcTime"">2023-11-17 06:00:12.067</Data><Data Name=""ProcessGuid"">{8CAD0A01-0160-6557-4000-000000000E00}</Data><Data Name=""ProcessId"">2236</Data><Data Name=""QueryName"">WindowsEventLog</Data><Data Name=""QueryStatus"">0</Data><Data Name=""QueryResults"">fe80::8b:3451:f5ff:fffb;2001:0:34f1:8072:8b:3451:f5ff:fffb;fe80::d024:56ce:c156:9dae;::ffff:10.0.0.4;</Data><Data Name=""Image"">C:\Windows\System32\wbem\WmiPrvSE.exe</Data><Data Name=""User"">NT AUTHORITY\NETWORK SERVICE</Data></EventData></DataItem>",22,"Dns query: RuleName: - UtcTime: 2023-11-17 06:00:12.067 ProcessGuid: {8CAD0A01-0160-6557-4000-000000000E00} ProcessId: 2236 QueryName: WindowsEventLog QueryStatus: 0 QueryResults: fe80::8b:3451:f5ff:fffb;2001:0:34f1:8072:8b:3451:f5ff:fffb;fe80::d024:56ce:c156:9dae;::ffff:10.0.0.4; Image: C:\Windows\System32\wbem\WmiPrvSE.exe User: NT AUTHORITY\NETWORK SERVICE ","00000000-0000-0000-0000-000000000001","AOI-46bec743-35fa-4608-b7e2-2aa3c38a97c2",,,Event,"9534a7cb-850e-11ee-8bc4-000d3af075b5","/subscriptions/4383ac89-7cd1-48c1-8061-b0b3c5ccfd97/resourcegroups/varunlab-rg/providers/microsoft.compute/virtualmachines/windowseventlogs","4383ac89-7cd1-48c1-8061-b0b3c5ccfd97"
"46bec743-35fa-4608-b7e2-2aa3c38a97c2",OpsManager,"11/17/2023, 11:40:44.238 AM","Microsoft-Windows-Sysmon","Microsoft-Windows-Sysmon/Operational",WindowsEventLog,22,4,Information,"NT AUTHORITY\SYSTEM",,"<Param>-</Param><Param>2023-11-17 06:10:42.107</Param><Param>{8CAD0A01-01B4-6557-9700-000000000E00}</Param><Param>3696</Param><Param>gsm723720xt.table.core.windows.net</Param><Param>0</Param><Param>type:  5 table.iad01prdstr06a.store.core.windows.net;::ffff:20.60.220.227;</Param><Param>C:\Packages\Plugins\Microsoft.Azure.Geneva.GenevaMonitoring\2.41.0.3\Monitoring\Agent\MonAgentCore.exe</Param><Param>NT AUTHORITY\SYSTEM</Param>","<DataItem type=""System.XmlData"" time=""2023-11-17T11:40:44.2381115+05:30"" sourceHealthServiceId=""F57C2BCF-DE2B-DA7F-FD91-0649DF501A73""><EventData xmlns=""http://schemas.microsoft.com/win/2004/08/events/event""><Data Name=""RuleName"">-</Data><Data Name=""UtcTime"">2023-11-17 06:10:42.107</Data><Data Name=""ProcessGuid"">{8CAD0A01-01B4-6557-9700-000000000E00}</Data><Data Name=""ProcessId"">3696</Data><Data Name=""QueryName"">gsm723720xt.table.core.windows.net</Data><Data Name=""QueryStatus"">0</Data><Data Name=""QueryResults"">type:  5 table.iad01prdstr06a.store.core.windows.net;::ffff:20.60.220.227;</Data><Data Name=""Image"">C:\Packages\Plugins\Microsoft.Azure.Geneva.GenevaMonitoring\2.41.0.3\Monitoring\Agent\MonAgentCore.exe</Data><Data Name=""User"">NT AUTHORITY\SYSTEM</Data></EventData></DataItem>",22,"Dns query: RuleName: - UtcTime: 2023-11-17 06:10:42.107 ProcessGuid: {8CAD0A01-01B4-6557-9700-000000000E00} ProcessId: 3696 QueryName: gsm723720xt.table.core.windows.net QueryStatus: 0 QueryResults: type:  5 table.iad01prdstr06a.store.core.windows.net;::ffff:20.60.220.227; Image: C:\Packages\Plugins\Microsoft.Azure.Geneva.GenevaMonitoring\2.41.0.3\Monitoring\Agent\MonAgentCore.exe User: NT AUTHORITY\SYSTEM ","00000000-0000-0000-0000-000000000001","AOI-46bec743-35fa-4608-b7e2-2aa3c38a97c2",,,Event,"183d1fe2-8510-11ee-8bc4-0022486eaee3","/subscriptions/4383ac89-7cd1-48c1-8061-b0b3c5ccfd97/resourcegroups/varunlab-rg/providers/microsoft.compute/virtualmachines/windowseventlogs","4383ac89-7cd1-48c1-8061-b0b3c5ccfd97"
"46bec743-35fa-4608-b7e2-2aa3c38a97c2",OpsManager,"11/17/2023, 11:31:57.901 AM","Microsoft-Windows-Sysmon","Microsoft-Windows-Sysmon/Operational",WindowsEventLog,22,4,Information,"NT AUTHORITY\SYSTEM",,"<Param>-</Param><Param>2023-11-17 06:01:56.022</Param><Param>{8CAD0A01-01B4-6557-9700-000000000E00}</Param><Param>3696</Param><Param>gsm983063799xt.blob.core.windows.net</Param><Param>0</Param><Param>type:  5 blob.blz22prdstr08a.store.core.windows.net;::ffff:52.239.170.36;</Param><Param>C:\Packages\Plugins\Microsoft.Azure.Geneva.GenevaMonitoring\2.41.0.3\Monitoring\Agent\MonAgentCore.exe</Param><Param>NT AUTHORITY\SYSTEM</Param>","<DataItem type=""System.XmlData"" time=""2023-11-17T11:31:57.9013082+05:30"" sourceHealthServiceId=""F57C2BCF-DE2B-DA7F-FD91-0649DF501A73""><EventData xmlns=""http://schemas.microsoft.com/win/2004/08/events/event""><Data Name=""RuleName"">-</Data><Data Name=""UtcTime"">2023-11-17 06:01:56.022</Data><Data Name=""ProcessGuid"">{8CAD0A01-01B4-6557-9700-000000000E00}</Data><Data Name=""ProcessId"">3696</Data><Data Name=""QueryName"">gsm983063799xt.blob.core.windows.net</Data><Data Name=""QueryStatus"">0</Data><Data Name=""QueryResults"">type:  5 blob.blz22prdstr08a.store.core.windows.net;::ffff:52.239.170.36;</Data><Data Name=""Image"">C:\Packages\Plugins\Microsoft.Azure.Geneva.GenevaMonitoring\2.41.0.3\Monitoring\Agent\MonAgentCore.exe</Data><Data Name=""User"">NT AUTHORITY\SYSTEM</Data></EventData></DataItem>",22,"Dns query: RuleName: - UtcTime: 2023-11-17 06:01:56.022 ProcessGuid: {8CAD0A01-01B4-6557-9700-000000000E00} ProcessId: 3696 QueryName: gsm983063799xt.blob.core.windows.net QueryStatus: 0 QueryResults: type:  5 blob.blz22prdstr08a.store.core.windows.net;::ffff:52.239.170.36; Image: C:\Packages\Plugins\Microsoft.Azure.Geneva.GenevaMonitoring\2.41.0.3\Monitoring\Agent\MonAgentCore.exe User: NT AUTHORITY\SYSTEM ","00000000-0000-0000-0000-000000000001","AOI-46bec743-35fa-4608-b7e2-2aa3c38a97c2",,,Event,"d2973aa5-850e-11ee-8bc4-0022486ea20c","/subscriptions/4383ac89-7cd1-48c1-8061-b0b3c5ccfd97/resourcegroups/varunlab-rg/providers/microsoft.compute/virtualmachines/windowseventlogs","4383ac89-7cd1-48c1-8061-b0b3c5ccfd97"
"46bec743-35fa-4608-b7e2-2aa3c38a97c2",OpsManager,"11/17/2023, 11:32:05.760 AM","Microsoft-Windows-Sysmon","Microsoft-Windows-Sysmon/Operational",WindowsEventLog,22,4,Information,"NT AUTHORITY\SYSTEM",,"<Param>-</Param><Param>2023-11-17 06:02:03.736</Param><Param>{8CAD0A01-015C-6557-1700-000000000E00}</Param><Param>1272</Param><Param>windowseventlog</Param><Param>0</Param><Param>fe80::8b:3451:f5ff:fffb;2001:0:34f1:8072:8b:3451:f5ff:fffb;fe80::d024:56ce:c156:9dae;::ffff:10.0.0.4;</Param><Param>C:\Windows\System32\svchost.exe</Param><Param>NT AUTHORITY\NETWORK SERVICE</Param>","<DataItem type=""System.XmlData"" time=""2023-11-17T11:32:05.7600684+05:30"" sourceHealthServiceId=""F57C2BCF-DE2B-DA7F-FD91-0649DF501A73""><EventData xmlns=""http://schemas.microsoft.com/win/2004/08/events/event""><Data Name=""RuleName"">-</Data><Data Name=""UtcTime"">2023-11-17 06:02:03.736</Data><Data Name=""ProcessGuid"">{8CAD0A01-015C-6557-1700-000000000E00}</Data><Data Name=""ProcessId"">1272</Data><Data Name=""QueryName"">windowseventlog</Data><Data Name=""QueryStatus"">0</Data><Data Name=""QueryResults"">fe80::8b:3451:f5ff:fffb;2001:0:34f1:8072:8b:3451:f5ff:fffb;fe80::d024:56ce:c156:9dae;::ffff:10.0.0.4;</Data><Data Name=""Image"">C:\Windows\System32\svchost.exe</Data><Data Name=""User"">NT AUTHORITY\NETWORK SERVICE</Data></EventData></DataItem>",22,"Dns query: RuleName: - UtcTime: 2023-11-17 06:02:03.736 ProcessGuid: {8CAD0A01-015C-6557-1700-000000000E00} ProcessId: 1272 QueryName: windowseventlog QueryStatus: 0 QueryResults: fe80::8b:3451:f5ff:fffb;2001:0:34f1:8072:8b:3451:f5ff:fffb;fe80::d024:56ce:c156:9dae;::ffff:10.0.0.4; Image: C:\Windows\System32\svchost.exe User: NT AUTHORITY\NETWORK SERVICE ","00000000-0000-0000-0000-000000000001","AOI-46bec743-35fa-4608-b7e2-2aa3c38a97c2",,,Event,"d78bfe03-850e-11ee-8bc4-0022486ea20c","/subscriptions/4383ac89-7cd1-48c1-8061-b0b3c5ccfd97/resourcegroups/varunlab-rg/providers/microsoft.compute/virtualmachines/windowseventlogs","4383ac89-7cd1-48c1-8061-b0b3c5ccfd97"
"46bec743-35fa-4608-b7e2-2aa3c38a97c2",OpsManager,"11/17/2023, 11:32:24.860 AM","Microsoft-Windows-Sysmon","Microsoft-Windows-Sysmon/Operational",WindowsEventLog,22,4,Information,"NT AUTHORITY\SYSTEM",,"<Param>-</Param><Param>2023-11-17 06:02:22.791</Param><Param>{8CAD0A01-01EE-6557-F000-000000000E00}</Param><Param>5012</Param><Param>WindowsEventLog</Param><Param>0</Param><Param>fe80::8b:3451:f5ff:fffb;2001:0:34f1:8072:8b:3451:f5ff:fffb;fe80::d024:56ce:c156:9dae;::ffff:10.0.0.4;</Param><Param>C:\Windows\System32\PING.EXE</Param><Param>NT AUTHORITY\SYSTEM</Param>","<DataItem type=""System.XmlData"" time=""2023-11-17T11:32:24.8605419+05:30"" sourceHealthServiceId=""F57C2BCF-DE2B-DA7F-FD91-0649DF501A73""><EventData xmlns=""http://schemas.microsoft.com/win/2004/08/events/event""><Data Name=""RuleName"">-</Data><Data Name=""UtcTime"">2023-11-17 06:02:22.791</Data><Data Name=""ProcessGuid"">{8CAD0A01-01EE-6557-F000-000000000E00}</Data><Data Name=""ProcessId"">5012</Data><Data Name=""QueryName"">WindowsEventLog</Data><Data Name=""QueryStatus"">0</Data><Data Name=""QueryResults"">fe80::8b:3451:f5ff:fffb;2001:0:34f1:8072:8b:3451:f5ff:fffb;fe80::d024:56ce:c156:9dae;::ffff:10.0.0.4;</Data><Data Name=""Image"">C:\Windows\System32\PING.EXE</Data><Data Name=""User"">NT AUTHORITY\SYSTEM</Data></EventData></DataItem>",22,"Dns query: RuleName: - UtcTime: 2023-11-17 06:02:22.791 ProcessGuid: {8CAD0A01-01EE-6557-F000-000000000E00} ProcessId: 5012 QueryName: WindowsEventLog QueryStatus: 0 QueryResults: fe80::8b:3451:f5ff:fffb;2001:0:34f1:8072:8b:3451:f5ff:fffb;fe80::d024:56ce:c156:9dae;::ffff:10.0.0.4; Image: C:\Windows\System32\PING.EXE User: NT AUTHORITY\SYSTEM ","00000000-0000-0000-0000-000000000001","AOI-46bec743-35fa-4608-b7e2-2aa3c38a97c2",,,Event,"e27db940-850e-11ee-8bc4-000d3af07dcf","/subscriptions/4383ac89-7cd1-48c1-8061-b0b3c5ccfd97/resourcegroups/varunlab-rg/providers/microsoft.compute/virtualmachines/windowseventlogs","4383ac89-7cd1-48c1-8061-b0b3c5ccfd97"
"46bec743-35fa-4608-b7e2-2aa3c38a97c2",OpsManager,"11/17/2023, 11:32:48.882 AM","Microsoft-Windows-Sysmon","Microsoft-Windows-Sysmon/Operational",WindowsEventLog,22,4,Information,"NT AUTHORITY\SYSTEM",,"<Param>-</Param><Param>2023-11-17 06:02:46.795</Param><Param>{8CAD0A01-01B4-6557-9700-000000000E00}</Param><Param>3696</Param><Param>monitoring.windows.net</Param><Param>0</Param><Param>type:  5 mdsextprod.trafficmanager.net;type:  5 mdsfeprodextwus201.westus2.cloudapp.azure.com;::ffff:40.78.247.68;</Param><Param>C:\Packages\Plugins\Microsoft.Azure.Geneva.GenevaMonitoring\2.41.0.3\Monitoring\Agent\MonAgentCore.exe</Param><Param>NT AUTHORITY\SYSTEM</Param>","<DataItem type=""System.XmlData"" time=""2023-11-17T11:32:48.8828337+05:30"" sourceHealthServiceId=""F57C2BCF-DE2B-DA7F-FD91-0649DF501A73""><EventData xmlns=""http://schemas.microsoft.com/win/2004/08/events/event""><Data Name=""RuleName"">-</Data><Data Name=""UtcTime"">2023-11-17 06:02:46.795</Data><Data Name=""ProcessGuid"">{8CAD0A01-01B4-6557-9700-000000000E00}</Data><Data Name=""ProcessId"">3696</Data><Data Name=""QueryName"">monitoring.windows.net</Data><Data Name=""QueryStatus"">0</Data><Data Name=""QueryResults"">type:  5 mdsextprod.trafficmanager.net;type:  5 mdsfeprodextwus201.westus2.cloudapp.azure.com;::ffff:40.78.247.68;</Data><Data Name=""Image"">C:\Packages\Plugins\Microsoft.Azure.Geneva.GenevaMonitoring\2.41.0.3\Monitoring\Agent\MonAgentCore.exe</Data><Data Name=""User"">NT AUTHORITY\SYSTEM</Data></EventData></DataItem>",22,"Dns query: RuleName: - UtcTime: 2023-11-17 06:02:46.795 ProcessGuid: {8CAD0A01-01B4-6557-9700-000000000E00} ProcessId: 3696 QueryName: monitoring.windows.net QueryStatus: 0 QueryResults: type:  5 mdsextprod.trafficmanager.net;type:  5 mdsfeprodextwus201.westus2.cloudapp.azure.com;::ffff:40.78.247.68; Image: C:\Packages\Plugins\Microsoft.Azure.Geneva.GenevaMonitoring\2.41.0.3\Monitoring\Agent\MonAgentCore.exe User: NT AUTHORITY\SYSTEM ","00000000-0000-0000-0000-000000000001","AOI-46bec743-35fa-4608-b7e2-2aa3c38a97c2",,,Event,"f14acd8a-850e-11ee-8bc4-0022486ea518","/subscriptions/4383ac89-7cd1-48c1-8061-b0b3c5ccfd97/resourcegroups/varunlab-rg/providers/microsoft.compute/virtualmachines/windowseventlogs","4383ac89-7cd1-48c1-8061-b0b3c5ccfd97"
"46bec743-35fa-4608-b7e2-2aa3c38a97c2",OpsManager,"11/17/2023, 11:31:26.058 AM","Microsoft-Windows-Sysmon","Microsoft-Windows-Sysmon/Operational",WindowsEventLog,22,4,Information,"NT AUTHORITY\SYSTEM",,"<Param>-</Param><Param>2023-11-17 06:01:24.008</Param><Param>{8CAD0A01-01B3-6557-9600-000000000E00}</Param><Param>944</Param><Param>gcs.prod.monitoring.core.windows.net</Param><Param>0</Param><Param>type:  5 warmpath-prod-nested.trafficmanager.net;::ffff:20.42.65.128;</Param><Param>C:\Packages\Plugins\Microsoft.Azure.Geneva.GenevaMonitoring\2.41.0.3\Monitoring\Agent\MonAgentManager.exe</Param><Param>NT AUTHORITY\SYSTEM</Param>","<DataItem type=""System.XmlData"" time=""2023-11-17T11:31:26.0589851+05:30"" sourceHealthServiceId=""F57C2BCF-DE2B-DA7F-FD91-0649DF501A73""><EventData xmlns=""http://schemas.microsoft.com/win/2004/08/events/event""><Data Name=""RuleName"">-</Data><Data Name=""UtcTime"">2023-11-17 06:01:24.008</Data><Data Name=""ProcessGuid"">{8CAD0A01-01B3-6557-9600-000000000E00}</Data><Data Name=""ProcessId"">944</Data><Data Name=""QueryName"">gcs.prod.monitoring.core.windows.net</Data><Data Name=""QueryStatus"">0</Data><Data Name=""QueryResults"">type:  5 warmpath-prod-nested.trafficmanager.net;::ffff:20.42.65.128;</Data><Data Name=""Image"">C:\Packages\Plugins\Microsoft.Azure.Geneva.GenevaMonitoring\2.41.0.3\Monitoring\Agent\MonAgentManager.exe</Data><Data Name=""User"">NT AUTHORITY\SYSTEM</Data></EventData></DataItem>",22,"Dns query: RuleName: - UtcTime: 2023-11-17 06:01:24.008 ProcessGuid: {8CAD0A01-01B3-6557-9600-000000000E00} ProcessId: 944 QueryName: gcs.prod.monitoring.core.windows.net QueryStatus: 0 QueryResults: type:  5 warmpath-prod-nested.trafficmanager.net;::ffff:20.42.65.128; Image: C:\Packages\Plugins\Microsoft.Azure.Geneva.GenevaMonitoring\2.41.0.3\Monitoring\Agent\MonAgentManager.exe User: NT AUTHORITY\SYSTEM ","00000000-0000-0000-0000-000000000001","AOI-46bec743-35fa-4608-b7e2-2aa3c38a97c2",,,Event,"bf54d059-850e-11ee-8bc4-0022486ea8bc","/subscriptions/4383ac89-7cd1-48c1-8061-b0b3c5ccfd97/resourcegroups/varunlab-rg/providers/microsoft.compute/virtualmachines/windowseventlogs","4383ac89-7cd1-48c1-8061-b0b3c5ccfd97"
