"0b2a9277-f48f-49f6-b78d-d8bfd6dea87a",RestAPI,,,"7/27/2023, 2:46:47.819 PM",,,,,,,,,,,,,,,,,,6671,,".",Default,,,"Microsoft-Windows-DNSServer","eb79061a-a566-4698-9119-3ed2807060e7",260,0,16,"Microsoft-Windows-DNS-Server/Analytical ",4,"Information ",0,2,"RECURSE_QUERY ",9223372036854775824,"7/27/2023, 2:46:44.634 PM",2908,4028,INFO,2,INFO,windns,"NT AUTHORITY",SYSTEM,"S-1-5-18",User,0,0,"0.0.0.0",,0,"wd-prod-ss.trafficmanager.NET.",1,3522,0,3522,false,false,false,QUERY,false,NOERROR,false,false,false,"[{""dns.query.name"":""wd-prod-ss.trafficmanager.NET"",""dns.query.type"":""A"",""dns.query.class"":""IN""}]",0x0DC2000000010000000000010A77642D70726F642D73730E747261666669636D616E61676572034E455400000100010000290FA0000000000000,".","eb7774bb-71f9-4cd2-87fd-2c04122ea94c","7/27/2023, 2:46:46.585 PM","in_windowsdns_auditanalytics_sentinel_windows","im_etw","172.18.88.20","N/A","13.107.222.240",,,,,,,NULL,,,,"NXLog_DNS_Server_CL",
"0b2a9277-f48f-49f6-b78d-d8bfd6dea87a",RestAPI,,,"7/27/2023, 2:46:47.819 PM",,,,,,,,,,,,,,,,,,,2,".",Default,"[{""dns.answer.name"":""wd-prod-ss.trafficmanager.NET"",""dns.answer.type"":""CNAME"",""dns.answer.class"":""IN"",""dns.answer.ttl"":300,""dns.answer.data"":""wd-prod-ss-eu-north-1-fe.northeurope.cloudapp.azure.com""}]",0,"Microsoft-Windows-DNSServer","eb79061a-a566-4698-9119-3ed2807060e7",261,0,16,"Microsoft-Windows-DNS-Server/Analytical ",4,"Information ",0,2,"RECURSE_QUERY ",9223372036854775840,"7/27/2023, 2:46:44.668 PM",2908,4028,INFO,2,INFO,windns,"NT AUTHORITY",SYSTEM,"S-1-5-18",User,33792,0,"0.0.0.0","13.107.222.240",,"wd-prod-ss.trafficmanager.NET.",1,3522,0,3522,false,false,true,QUERY,true,NOERROR,false,false,false,"[{""dns.query.name"":""wd-prod-ss.trafficmanager.NET"",""dns.query.type"":""A"",""dns.query.class"":""IN""}]",0x0DC2840000010001000000010A77642D70726F642D73730E747261666669636D616E61676572034E45540000010001C00C000500010000012C00391877642D70726F642D73732D65752D6E6F7274682D312D66650B6E6F7274686575726F706508636C6F756461707005617A75726503636F6D0000002904D0000000000000,".","eb7774bb-71f9-4cd2-87fd-2c04122ea94c","7/27/2023, 2:46:46.585 PM","in_windowsdns_auditanalytics_sentinel_windows","im_etw","172.18.88.20","N/A",,1,0,,,,,,,,,"NXLog_DNS_Server_CL",
"0b2a9277-f48f-49f6-b78d-d8bfd6dea87a",RestAPI,,,"7/27/2023, 2:46:47.819 PM",,,,,,,,,,,,,,,,,,,,,,,,"Microsoft-Windows-DNSServer","eb79061a-a566-4698-9119-3ed2807060e7",279,0,16,"Microsoft-Windows-DNS-Server/Analytical ",4,"Information ",0,1,"LOOK_UP ",9223372071214514176,"7/27/2023, 2:46:44.668 PM",2908,4028,INFO,2,INFO,windns,"NT AUTHORITY",SYSTEM,"S-1-5-18",User,33152,0,"172.18.88.20","172.18.88.20",1,"wd-prod-ss-eu-north-1-fe.northeurope.cloudapp.azure.com.",1,6671,64967,6671,true,false,false,QUERY,true,NOERROR,false,false,true,"[{""dns.query.name"":""checkappexec.microsoft.com"",""dns.query.type"":""A"",""dns.query.class"":""IN""}]",0x1A0F818000010002000000000C636865636B61707065786563096D6963726F736F667403636F6D0000010001,,,"7/27/2023, 2:46:46.587 PM","in_windowsdns_auditanalytics_sentinel_windows","im_etw","172.18.88.20","N/A",,,,,,,,,,,"N/A","NXLog_DNS_Server_CL",
"0b2a9277-f48f-49f6-b78d-d8bfd6dea87a",RestAPI,,,"7/27/2023, 2:46:47.819 PM",,,,,,,,,,,,,,,,,,6671,,".",Default,,,"Microsoft-Windows-DNSServer","eb79061a-a566-4698-9119-3ed2807060e7",260,0,16,"Microsoft-Windows-DNS-Server/Analytical ",4,"Information ",0,2,"RECURSE_QUERY ",9223372036854775824,"7/27/2023, 2:46:44.669 PM",2908,4028,INFO,2,INFO,windns,"NT AUTHORITY",SYSTEM,"S-1-5-18",User,0,0,"0.0.0.0",,0,"wd-prod-ss-eu-north-1-fe.northeurope.cloudapp.azure.com.",1,12356,0,12356,false,false,false,QUERY,false,NOERROR,false,false,false,"[{""dns.query.name"":""wd-prod-ss-eu-north-1-fe.northeurope.cloudapp.azure.com"",""dns.query.type"":""A"",""dns.query.class"":""IN""}]",0x3044000000010000000000011877642D70726F642D73732D65752D6E6F7274682D312D66650B6E6F7274686575726F706508636C6F756461707005617A75726503636F6D00000100010000290FA0000000000000,".","eb7774bb-71f9-4cd2-87fd-2c04122ea94c","7/27/2023, 2:46:46.587 PM","in_windowsdns_auditanalytics_sentinel_windows","im_etw","172.18.88.20","N/A","150.171.10.39",,,,,,,NULL,,,,"NXLog_DNS_Server_CL",
"0b2a9277-f48f-49f6-b78d-d8bfd6dea87a",RestAPI,,,"7/27/2023, 2:46:47.819 PM",,,,,,,,,,,,,,,,,,,,,,,,"Microsoft-Windows-DNSServer","eb79061a-a566-4698-9119-3ed2807060e7",256,0,16,"Microsoft-Windows-DNS-Server/Analytical ",4,"Information ",0,1,"LOOK_UP ",9223372036854775809,"7/27/2023, 2:46:44.669 PM",2908,4028,INFO,2,INFO,windns,"NT AUTHORITY",SYSTEM,"S-1-5-18",User,256,0,"172.18.88.20","172.18.88.20",1,"checkappexec.microsoft.com.",1,6671,64967,6671,true,false,false,QUERY,false,NOERROR,false,false,false,"[{""dns.query.name"":""checkappexec.microsoft.com"",""dns.query.type"":""A"",""dns.query.class"":""IN""}]",0x1A0F010000010000000000000C636865636B61707065786563096D6963726F736F667403636F6D0000010001,".","e450501e-fe95-4679-88f9-b82a411e2ad1","7/27/2023, 2:46:46.587 PM","in_windowsdns_auditanalytics_sentinel_windows","im_etw","172.18.88.20","N/A",,,,,,,,,,,,"NXLog_DNS_Server_CL",
"0b2a9277-f48f-49f6-b78d-d8bfd6dea87a",RestAPI,,,"7/27/2023, 2:46:47.819 PM",,,,,,,,,,,,,,,,,,,,,,,,"Microsoft-Windows-DNSServer","eb79061a-a566-4698-9119-3ed2807060e7",279,0,16,"Microsoft-Windows-DNS-Server/Analytical ",4,"Information ",0,1,"LOOK_UP ",9223372071214514176,"7/27/2023, 2:46:44.670 PM",2908,4028,INFO,2,INFO,windns,"NT AUTHORITY",SYSTEM,"S-1-5-18",User,33152,0,"172.18.88.20","172.18.88.20",1,"wd-prod-ss.trafficmanager.net.",1,6671,64967,6671,true,false,false,QUERY,true,NOERROR,false,false,true,"[{""dns.query.name"":""checkappexec.microsoft.com"",""dns.query.type"":""A"",""dns.query.class"":""IN""}]",0x1A0F818000010001000000000C636865636B61707065786563096D6963726F736F667403636F6D0000010001,,,"7/27/2023, 2:46:46.587 PM","in_windowsdns_auditanalytics_sentinel_windows","im_etw","172.18.88.20","N/A",,,,,,,,,,,"N/A","NXLog_DNS_Server_CL",
"0b2a9277-f48f-49f6-b78d-d8bfd6dea87a",RestAPI,,,"7/27/2023, 2:46:47.819 PM",,,,,,,,,,,,,,,,,,,,,,,,"Microsoft-Windows-DNSServer","eb79061a-a566-4698-9119-3ed2807060e7",279,0,16,"Microsoft-Windows-DNS-Server/Analytical ",4,"Information ",0,1,"LOOK_UP ",9223372071214514176,"7/27/2023, 2:46:44.670 PM",2908,4028,INFO,2,INFO,windns,"NT AUTHORITY",SYSTEM,"S-1-5-18",User,33152,0,"172.18.88.20","172.18.88.20",1,"wd-prod-ss-eu-north-1-fe.northeurope.cloudapp.azure.com.",1,6671,64967,6671,true,false,false,QUERY,true,NOERROR,false,false,true,"[{""dns.query.name"":""checkappexec.microsoft.com"",""dns.query.type"":""A"",""dns.query.class"":""IN""}]",0x1A0F818000010002000000000C636865636B61707065786563096D6963726F736F667403636F6D0000010001,,,"7/27/2023, 2:46:46.587 PM","in_windowsdns_auditanalytics_sentinel_windows","im_etw","172.18.88.20","N/A",,,,,,,,,,,"N/A","NXLog_DNS_Server_CL",
"0b2a9277-f48f-49f6-b78d-d8bfd6dea87a",RestAPI,,,"7/27/2023, 2:46:47.819 PM",,,,,,,,,,,,,,,,,,,3,".",Default,,0,"Microsoft-Windows-DNSServer","eb79061a-a566-4698-9119-3ed2807060e7",261,0,16,"Microsoft-Windows-DNS-Server/Analytical ",4,"Information ",0,2,"RECURSE_QUERY ",9223372036854775840,"7/27/2023, 2:46:44.702 PM",2908,4028,INFO,2,INFO,windns,"NT AUTHORITY",SYSTEM,"S-1-5-18",User,32768,0,"0.0.0.0","150.171.10.39",,"wd-prod-ss-eu-north-1-fe.northeurope.cloudapp.azure.com.",1,12356,0,12356,false,false,false,QUERY,true,NOERROR,false,false,false,"[{""dns.query.name"":""wd-prod-ss-eu-north-1-fe.northeurope.cloudapp.azure.com"",""dns.query.type"":""A"",""dns.query.class"":""IN""}]",0x3044800000010000000400011877642D70726F642D73732D65752D6E6F7274682D312D66650B6E6F7274686575726F706508636C6F756461707005617A75726503636F6D0000010001C025000200010000012C0014076E73392D32303109617A7572652D646E73C040C025000200010000012C0018086E7331302D32303109617A7572652D646E73036E657400C025000200010000012C0018086E7331312D32303109617A7572652D646E73036F726700C025000200010000012C0019086E7331322D32303109617A7572652D646E7304696E666F0000002904D0000000000000,".","eb7774bb-71f9-4cd2-87fd-2c04122ea94c","7/27/2023, 2:46:46.587 PM","in_windowsdns_auditanalytics_sentinel_windows","im_etw","172.18.88.20","N/A",,0,0,,,,,,"[{""dns.authority.name"":""northeurope.cloudapp.azure.com"",""dns.authority.type"":""NS"",""dns.authority.class"":""IN"",""dns.authority.ttl"":300,""dns.authority.data"":""ns9-201.azure-dns.com""},{""dns.authority.name"":""northeurope.cloudapp.azure.com"",""dns.authority.type"":""NS"",""dns.authority.class"":""IN"",""dns.authority.ttl"":300,""dns.authority.data"":""ns10-201.azure-dns.net""},{""dns.authority.name"":""northeurope.cloudapp.azure.com"",""dns.authority.type"":""NS"",""dns.authority.class"":""IN"",""dns.authority.ttl"":300,""dns.authority.data"":""ns11-201.azure-dns.org""},{""dns.authority.name"":""northeurope.cloudapp.azure.com"",""dns.authority.type"":""NS"",""dns.authority.class"":""IN"",""dns.authority.ttl"":300,""dns.authority.data"":""ns12-201.azure-dns.info""}]",,,"NXLog_DNS_Server_CL",
"0b2a9277-f48f-49f6-b78d-d8bfd6dea87a",RestAPI,,,"7/27/2023, 2:46:47.819 PM",,,,,,,,,,,,,,,,,,6671,,".",Default,,,"Microsoft-Windows-DNSServer","eb79061a-a566-4698-9119-3ed2807060e7",260,0,16,"Microsoft-Windows-DNS-Server/Analytical ",4,"Information ",0,2,"RECURSE_QUERY ",9223372036854775824,"7/27/2023, 2:46:44.702 PM",2908,4028,INFO,2,INFO,windns,"NT AUTHORITY",SYSTEM,"S-1-5-18",User,0,0,"0.0.0.0",,0,"wd-prod-ss-eu-north-1-fe.northeurope.cloudapp.azure.com.",1,53845,0,53845,false,false,false,QUERY,false,NOERROR,false,false,false,"[{""dns.query.name"":""wd-prod-ss-eu-north-1-fe.northeurope.cloudapp.azure.com"",""dns.query.type"":""A"",""dns.query.class"":""IN""}]",0xD255000000010000000000011877642D70726F642D73732D65752D6E6F7274682D312D66650B6E6F7274686575726F706508636C6F756461707005617A75726503636F6D00000100010000290FA0000000000000,".","eb7774bb-71f9-4cd2-87fd-2c04122ea94c","7/27/2023, 2:46:46.587 PM","in_windowsdns_auditanalytics_sentinel_windows","im_etw","172.18.88.20","N/A","150.171.10.201",,,,,,,NULL,,,,"NXLog_DNS_Server_CL",
"0b2a9277-f48f-49f6-b78d-d8bfd6dea87a",RestAPI,,,"7/27/2023, 2:46:47.819 PM",,,,,,,,,,,,,,,,,,,4,".",Default,"[{""dns.answer.name"":""wd-prod-ss-eu-north-1-fe.northeurope.cloudapp.azure.com"",""dns.answer.type"":""A"",""dns.answer.class"":""IN"",""dns.answer.ttl"":10,""dns.answer.data"":""20.67.143.122""}]",0,"Microsoft-Windows-DNSServer","eb79061a-a566-4698-9119-3ed2807060e7",261,0,16,"Microsoft-Windows-DNS-Server/Analytical ",4,"Information ",0,2,"RECURSE_QUERY ",9223372036854775840,"7/27/2023, 2:46:44.730 PM",2908,4028,INFO,2,INFO,windns,"NT AUTHORITY",SYSTEM,"S-1-5-18",User,33792,0,"0.0.0.0","150.171.10.201",,"wd-prod-ss-eu-north-1-fe.northeurope.cloudapp.azure.com.",1,53845,0,53845,false,false,true,QUERY,true,NOERROR,false,false,false,"[{""dns.query.name"":""wd-prod-ss-eu-north-1-fe.northeurope.cloudapp.azure.com"",""dns.query.type"":""A"",""dns.query.class"":""IN""}]",0xD255840000010001000000011877642D70726F642D73732D65752D6E6F7274682D312D66650B6E6F7274686575726F706508636C6F756461707005617A75726503636F6D0000010001C00C000100010000000A000414438F7A00002904D0000000000000,".","eb7774bb-71f9-4cd2-87fd-2c04122ea94c","7/27/2023, 2:46:46.590 PM","in_windowsdns_auditanalytics_sentinel_windows","im_etw","172.18.88.20","N/A",,1,0,,,,,,,,,"NXLog_DNS_Server_CL",
"0b2a9277-f48f-49f6-b78d-d8bfd6dea87a",RestAPI,,,"7/27/2023, 2:46:47.834 PM",,,,,,,,,,,,,,,,,,,,,,"[{""dns.answer.name"":""checkappexec.microsoft.com"",""dns.answer.type"":""CNAME"",""dns.answer.class"":""IN"",""dns.answer.ttl"":3599,""dns.answer.data"":""wd-prod-ss.trafficmanager.net""},{""dns.answer.name"":""wd-prod-ss.trafficmanager.net"",""dns.answer.type"":""CNAME"",""dns.answer.class"":""IN"",""dns.answer.ttl"":299,""dns.answer.data"":""wd-prod-ss-eu-north-1-fe.northeurope.cloudapp.azure.com""},{""dns.answer.name"":""wd-prod-ss-eu-north-1-fe.northeurope.cloudapp.azure.com"",""dns.answer.type"":""A"",""dns.answer.class"":""IN"",""dns.answer.ttl"":9,""dns.answer.data"":""20.67.143.122""}]",,"Microsoft-Windows-DNSServer","eb79061a-a566-4698-9119-3ed2807060e7",257,0,16,"Microsoft-Windows-DNS-Server/Analytical ",4,"Information ",0,1,"LOOK_UP ",9223372036854775810,"7/27/2023, 2:46:44.730 PM",2908,4028,INFO,2,INFO,windns,"NT AUTHORITY",SYSTEM,"S-1-5-18",User,33152,0,"172.18.88.20",,,"checkappexec.microsoft.com.",1,6671,64967,6671,true,false,false,QUERY,true,NOERROR,false,false,true,"[{""dns.query.name"":""checkappexec.microsoft.com"",""dns.query.type"":""A"",""dns.query.class"":""IN""}]",0x1A0F818000010003000000000C636865636B61707065786563096D6963726F736F667403636F6D0000010001C00C0005000100000E0F001F0A77642D70726F642D73730E747261666669636D616E61676572036E657400C038000500010000012B00361877642D70726F642D73732D65752D6E6F7274682D312D66650B6E6F7274686575726F706508636C6F756461707005617A757265C023C0630001000100000009000414438F7A,"VirtualizationInstance:.","eb7774bb-71f9-4cd2-87fd-2c04122ea94c","7/27/2023, 2:46:46.590 PM","in_windowsdns_auditanalytics_sentinel_windows","im_etw","172.18.88.20","N/A","172.18.88.20",0,0,0,0,Default,"..Cache",NULL,,123,,"NXLog_DNS_Server_CL",
"0b2a9277-f48f-49f6-b78d-d8bfd6dea87a",RestAPI,,,"7/27/2023, 2:39:40.763 PM",,,,,,,,,,,,,,,,,,,,,,,,"Microsoft-Windows-DNSServer","eb79061a-a566-4698-9119-3ed2807060e7",256,0,16,"Microsoft-Windows-DNS-Server/Analytical ",4,"Information ",0,1,"LOOK_UP ",9223372036854775809,"7/27/2023, 2:39:38.178 PM",2908,4024,INFO,2,INFO,windns,"NT AUTHORITY",SYSTEM,"S-1-5-18",User,256,0,"172.18.88.20","172.18.88.20",1,"0b2a9277-f48f-49f6-b78d-d8bfd6dea87a.ods.opinsights.azure.com.",1,44970,59066,44970,true,false,false,QUERY,false,NOERROR,false,false,false,"[{""dns.query.name"":""0b2a9277-f48f-49f6-b78d-d8bfd6dea87a.ods.opinsights.azure.com"",""dns.query.type"":""A"",""dns.query.class"":""IN""}]",0xAFAA010000010000000000002430623261393237372D663438662D343966362D623738642D643862666436646561383761036F64730A6F70696E73696768747305617A75726503636F6D0000010001,".","30b6fec0-497c-41d0-a25c-352ba051e987","7/27/2023, 2:39:40.193 PM","in_windowsdns_auditanalytics_sentinel_windows","im_etw","172.18.88.20","N/A",,,,,,,,,,,,"NXLog_DNS_Server_CL",
"0b2a9277-f48f-49f6-b78d-d8bfd6dea87a",RestAPI,,,"7/27/2023, 2:39:40.763 PM",,,,,,,,,,,,,,,,,,,,,,,,"Microsoft-Windows-DNSServer","eb79061a-a566-4698-9119-3ed2807060e7",279,0,16,"Microsoft-Windows-DNS-Server/Analytical ",4,"Information ",0,1,"LOOK_UP ",9223372071214514176,"7/27/2023, 2:39:38.178 PM",2908,4024,INFO,2,INFO,windns,"NT AUTHORITY",SYSTEM,"S-1-5-18",User,33152,0,"172.18.88.20","172.18.88.20",1,"opinsightsweuods.trafficmanager.net.",1,44970,59066,44970,true,false,false,QUERY,true,NOERROR,false,false,true,"[{""dns.query.name"":""0b2a9277-f48f-49f6-b78d-d8bfd6dea87a.ods.opinsights.azure.com"",""dns.query.type"":""A"",""dns.query.class"":""IN""}]",0xAFAA818000010001000000002430623261393237372D663438662D343966362D623738642D643862666436646561383761036F64730A6F70696E73696768747305617A75726503636F6D0000010001,,,"7/27/2023, 2:39:40.193 PM","in_windowsdns_auditanalytics_sentinel_windows","im_etw","172.18.88.20","N/A",,,,,,,,,,,"N/A","NXLog_DNS_Server_CL",
"0b2a9277-f48f-49f6-b78d-d8bfd6dea87a",RestAPI,,,"7/27/2023, 2:39:40.763 PM",,,,,,,,,,,,,,,,,,,,,,,,"Microsoft-Windows-DNSServer","eb79061a-a566-4698-9119-3ed2807060e7",279,0,16,"Microsoft-Windows-DNS-Server/Analytical ",4,"Information ",0,1,"LOOK_UP ",9223372071214514176,"7/27/2023, 2:39:38.179 PM",2908,4024,INFO,2,INFO,windns,"NT AUTHORITY",SYSTEM,"S-1-5-18",User,33152,0,"172.18.88.20","172.18.88.20",1,"ipv4-weu-oi-ods-cses-g.westeurope.cloudapp.azure.com.",1,44970,59066,44970,true,false,false,QUERY,true,NOERROR,false,false,true,"[{""dns.query.name"":""0b2a9277-f48f-49f6-b78d-d8bfd6dea87a.ods.opinsights.azure.com"",""dns.query.type"":""A"",""dns.query.class"":""IN""}]",0xAFAA818000010002000000002430623261393237372D663438662D343966362D623738642D643862666436646561383761036F64730A6F70696E73696768747305617A75726503636F6D0000010001,,,"7/27/2023, 2:39:40.193 PM","in_windowsdns_auditanalytics_sentinel_windows","im_etw","172.18.88.20","N/A",,,,,,,,,,,"N/A","NXLog_DNS_Server_CL",
"0b2a9277-f48f-49f6-b78d-d8bfd6dea87a",RestAPI,,,"7/27/2023, 2:39:40.763 PM",,,,,,,,,,,,,,,,,,44970,,".",Default,,,"Microsoft-Windows-DNSServer","eb79061a-a566-4698-9119-3ed2807060e7",260,0,16,"Microsoft-Windows-DNS-Server/Analytical ",4,"Information ",0,2,"RECURSE_QUERY ",9223372036854775824,"7/27/2023, 2:39:38.179 PM",2908,4024,INFO,2,INFO,windns,"NT AUTHORITY",SYSTEM,"S-1-5-18",User,0,0,"0.0.0.0",,0,"ipv4-weu-oi-ods-cses-g.westeurope.cloudapp.azure.com.",1,23979,0,23979,false,false,false,QUERY,false,NOERROR,false,false,false,"[{""dns.query.name"":""ipv4-weu-oi-ods-cses-g.westeurope.cloudapp.azure.com"",""dns.query.type"":""A"",""dns.query.class"":""IN""}]",0x5DAB0000000100000000000116697076342D7765752D6F692D6F64732D637365732D670A776573746575726F706508636C6F756461707005617A75726503636F6D00000100010000290FA0000000000000,".","30b6fec0-497c-41d0-a25c-352ba051e987","7/27/2023, 2:39:40.193 PM","in_windowsdns_auditanalytics_sentinel_windows","im_etw","172.18.88.20","N/A","13.107.236.201",,,,,,,NULL,,,,"NXLog_DNS_Server_CL",
"0b2a9277-f48f-49f6-b78d-d8bfd6dea87a",RestAPI,,,"7/27/2023, 2:39:40.763 PM",,,,,,,,,,,,,,,,,,,1,".",Default,"[{""dns.answer.name"":""ipv4-weu-oi-ods-cses-g.westeurope.cloudapp.azure.com"",""dns.answer.type"":""A"",""dns.answer.class"":""IN"",""dns.answer.ttl"":10,""dns.answer.data"":""52.236.186.222""}]",0,"Microsoft-Windows-DNSServer","eb79061a-a566-4698-9119-3ed2807060e7",261,0,16,"Microsoft-Windows-DNS-Server/Analytical ",4,"Information ",0,2,"RECURSE_QUERY ",9223372036854775840,"7/27/2023, 2:39:38.214 PM",2908,4024,INFO,2,INFO,windns,"NT AUTHORITY",SYSTEM,"S-1-5-18",User,33792,0,"0.0.0.0","13.107.236.201",,"ipv4-weu-oi-ods-cses-g.westeurope.cloudapp.azure.com.",1,23979,0,23979,false,false,true,QUERY,true,NOERROR,false,false,false,"[{""dns.query.name"":""ipv4-weu-oi-ods-cses-g.westeurope.cloudapp.azure.com"",""dns.query.type"":""A"",""dns.query.class"":""IN""}]",0x5DAB8400000100010000000116697076342D7765752D6F692D6F64732D637365732D670A776573746575726F706508636C6F756461707005617A75726503636F6D0000010001C00C000100010000000A000434ECBADE00002904D0000000000000,".","30b6fec0-497c-41d0-a25c-352ba051e987","7/27/2023, 2:39:40.193 PM","in_windowsdns_auditanalytics_sentinel_windows","im_etw","172.18.88.20","N/A",,1,0,,,,,,,,,"NXLog_DNS_Server_CL",
"0b2a9277-f48f-49f6-b78d-d8bfd6dea87a",RestAPI,,,"7/27/2023, 2:39:40.763 PM",,,,,,,,,,,,,,,,,,,,,,"[{""dns.answer.name"":""0b2a9277-f48f-49f6-b78d-d8bfd6dea87a.ods.opinsights.azure.com"",""dns.answer.type"":""CNAME"",""dns.answer.class"":""IN"",""dns.answer.ttl"":50,""dns.answer.data"":""opinsightsweuods.trafficmanager.net""},{""dns.answer.name"":""opinsightsweuods.trafficmanager.net"",""dns.answer.type"":""CNAME"",""dns.answer.class"":""IN"",""dns.answer.ttl"":50,""dns.answer.data"":""ipv4-weu-oi-ods-cses-g.westeurope.cloudapp.azure.com""},{""dns.answer.name"":""ipv4-weu-oi-ods-cses-g.westeurope.cloudapp.azure.com"",""dns.answer.type"":""A"",""dns.answer.class"":""IN"",""dns.answer.ttl"":10,""dns.answer.data"":""52.236.186.222""}]",,"Microsoft-Windows-DNSServer","eb79061a-a566-4698-9119-3ed2807060e7",257,0,16,"Microsoft-Windows-DNS-Server/Analytical ",4,"Information ",0,1,"LOOK_UP ",9223372036854775810,"7/27/2023, 2:39:38.214 PM",2908,4024,INFO,2,INFO,windns,"NT AUTHORITY",SYSTEM,"S-1-5-18",User,33152,0,"172.18.88.20",,,"0b2a9277-f48f-49f6-b78d-d8bfd6dea87a.ods.opinsights.azure.com.",1,44970,59066,44970,true,false,false,QUERY,true,NOERROR,false,false,true,"[{""dns.query.name"":""0b2a9277-f48f-49f6-b78d-d8bfd6dea87a.ods.opinsights.azure.com"",""dns.query.type"":""A"",""dns.query.class"":""IN""}]",0xAFAA818000010003000000002430623261393237372D663438662D343966362D623738642D643862666436646561383761036F64730A6F70696E73696768747305617A75726503636F6D0000010001C00C00050001000000320025106F70696E7369676874737765756F64730E747261666669636D616E61676572036E657400C05B0005000100000032002D16697076342D7765752D6F692D6F64732D637365732D670A776573746575726F706508636C6F7564617070C040C08C000100010000000A000434ECBADE,"VirtualizationInstance:.","30b6fec0-497c-41d0-a25c-352ba051e987","7/27/2023, 2:39:40.696 PM","in_windowsdns_auditanalytics_sentinel_windows","im_etw","172.18.88.20","N/A","172.18.88.20",0,0,0,0,Default,"..Cache",NULL,,36,,"NXLog_DNS_Server_CL",
"0b2a9277-f48f-49f6-b78d-d8bfd6dea87a",RestAPI,,,"7/27/2023, 2:39:50.189 PM",,,,,,,,,,,,,,,,,,,,,,,,"Microsoft-Windows-DNSServer","eb79061a-a566-4698-9119-3ed2807060e7",256,0,16,"Microsoft-Windows-DNS-Server/Analytical ",4,"Information ",0,1,"LOOK_UP ",9223372036854775809,"7/27/2023, 2:39:47.571 PM",2908,4024,INFO,2,INFO,windns,"NT AUTHORITY",SYSTEM,"S-1-5-18",User,256,0,"172.18.88.20","172.18.88.20",1,"0b2a9277-f48f-49f6-b78d-d8bfd6dea87a.ods.opinsights.azure.com.",1,13594,64524,13594,true,false,false,QUERY,false,NOERROR,false,false,false,"[{""dns.query.name"":""0b2a9277-f48f-49f6-b78d-d8bfd6dea87a.ods.opinsights.azure.com"",""dns.query.type"":""A"",""dns.query.class"":""IN""}]",0x351A010000010000000000002430623261393237372D663438662D343966362D623738642D643862666436646561383761036F64730A6F70696E73696768747305617A75726503636F6D0000010001,".","9a7ed719-cc49-49b7-8a7a-6a870b1ed4e1","7/27/2023, 2:39:49.615 PM","in_windowsdns_auditanalytics_sentinel_windows","im_etw","172.18.88.20","N/A",,,,,,,,,,,,"NXLog_DNS_Server_CL",
"0b2a9277-f48f-49f6-b78d-d8bfd6dea87a",RestAPI,,,"7/27/2023, 2:39:50.189 PM",,,,,,,,,,,,,,,,,,,,,,,,"Microsoft-Windows-DNSServer","eb79061a-a566-4698-9119-3ed2807060e7",279,0,16,"Microsoft-Windows-DNS-Server/Analytical ",4,"Information ",0,1,"LOOK_UP ",9223372071214514176,"7/27/2023, 2:39:47.571 PM",2908,4024,INFO,2,INFO,windns,"NT AUTHORITY",SYSTEM,"S-1-5-18",User,33152,0,"172.18.88.20","172.18.88.20",1,"opinsightsweuods.trafficmanager.net.",1,13594,64524,13594,true,false,false,QUERY,true,NOERROR,false,false,true,"[{""dns.query.name"":""0b2a9277-f48f-49f6-b78d-d8bfd6dea87a.ods.opinsights.azure.com"",""dns.query.type"":""A"",""dns.query.class"":""IN""}]",0x351A818000010001000000002430623261393237372D663438662D343966362D623738642D643862666436646561383761036F64730A6F70696E73696768747305617A75726503636F6D0000010001,,,"7/27/2023, 2:39:49.615 PM","in_windowsdns_auditanalytics_sentinel_windows","im_etw","172.18.88.20","N/A",,,,,,,,,,,"N/A","NXLog_DNS_Server_CL",
"0b2a9277-f48f-49f6-b78d-d8bfd6dea87a",RestAPI,,,"7/27/2023, 2:39:50.189 PM",,,,,,,,,,,,,,,,,,,,,,,,"Microsoft-Windows-DNSServer","eb79061a-a566-4698-9119-3ed2807060e7",279,0,16,"Microsoft-Windows-DNS-Server/Analytical ",4,"Information ",0,1,"LOOK_UP ",9223372071214514176,"7/27/2023, 2:39:47.571 PM",2908,4024,INFO,2,INFO,windns,"NT AUTHORITY",SYSTEM,"S-1-5-18",User,33152,0,"172.18.88.20","172.18.88.20",1,"ipv4-weu-oi-ods-cses-g.westeurope.cloudapp.azure.com.",1,13594,64524,13594,true,false,false,QUERY,true,NOERROR,false,false,true,"[{""dns.query.name"":""0b2a9277-f48f-49f6-b78d-d8bfd6dea87a.ods.opinsights.azure.com"",""dns.query.type"":""A"",""dns.query.class"":""IN""}]",0x351A818000010002000000002430623261393237372D663438662D343966362D623738642D643862666436646561383761036F64730A6F70696E73696768747305617A75726503636F6D0000010001,,,"7/27/2023, 2:39:49.615 PM","in_windowsdns_auditanalytics_sentinel_windows","im_etw","172.18.88.20","N/A",,,,,,,,,,,"N/A","NXLog_DNS_Server_CL",
"0b2a9277-f48f-49f6-b78d-d8bfd6dea87a",RestAPI,,,"7/27/2023, 2:39:50.189 PM",,,,,,,,,,,,,,,,,,,,,,"[{""dns.answer.name"":""0b2a9277-f48f-49f6-b78d-d8bfd6dea87a.ods.opinsights.azure.com"",""dns.answer.type"":""CNAME"",""dns.answer.class"":""IN"",""dns.answer.ttl"":40,""dns.answer.data"":""opinsightsweuods.trafficmanager.net""},{""dns.answer.name"":""opinsightsweuods.trafficmanager.net"",""dns.answer.type"":""CNAME"",""dns.answer.class"":""IN"",""dns.answer.ttl"":40,""dns.answer.data"":""ipv4-weu-oi-ods-cses-g.westeurope.cloudapp.azure.com""},{""dns.answer.name"":""ipv4-weu-oi-ods-cses-g.westeurope.cloudapp.azure.com"",""dns.answer.type"":""A"",""dns.answer.class"":""IN"",""dns.answer.ttl"":0,""dns.answer.data"":""52.236.186.222""}]",,"Microsoft-Windows-DNSServer","eb79061a-a566-4698-9119-3ed2807060e7",257,0,16,"Microsoft-Windows-DNS-Server/Analytical ",4,"Information ",0,1,"LOOK_UP ",9223372036854775810,"7/27/2023, 2:39:47.571 PM",2908,4024,INFO,2,INFO,windns,"NT AUTHORITY",SYSTEM,"S-1-5-18",User,33152,0,"172.18.88.20",,,"0b2a9277-f48f-49f6-b78d-d8bfd6dea87a.ods.opinsights.azure.com.",1,13594,64524,13594,true,false,false,QUERY,true,NOERROR,false,false,true,"[{""dns.query.name"":""0b2a9277-f48f-49f6-b78d-d8bfd6dea87a.ods.opinsights.azure.com"",""dns.query.type"":""A"",""dns.query.class"":""IN""}]",0x351A818000010003000000002430623261393237372D663438662D343966362D623738642D643862666436646561383761036F64730A6F70696E73696768747305617A75726503636F6D0000010001C00C00050001000000280025106F70696E7369676874737765756F64730E747261666669636D616E61676572036E657400C05B0005000100000028002D16697076342D7765752D6F692D6F64732D637365732D670A776573746575726F706508636C6F7564617070C040C08C0001000100000000000434ECBADE,"VirtualizationInstance:.","9a7ed719-cc49-49b7-8a7a-6a870b1ed4e1","7/27/2023, 2:39:49.615 PM","in_windowsdns_auditanalytics_sentinel_windows","im_etw","172.18.88.20","N/A","172.18.88.20",0,0,0,0,Default,"..Cache",NULL,,1,,"NXLog_DNS_Server_CL",
"0b2a9277-f48f-49f6-b78d-d8bfd6dea87a",RestAPI,,,"7/27/2023, 2:47:50.383 PM",,,,,,,,,,,,,,,,,,18304,,".",Default,,,"Microsoft-Windows-DNSServer","eb79061a-a566-4698-9119-3ed2807060e7",262,0,16,"Microsoft-Windows-DNS-Server/Analytical ",2,"Error ",0,2,"RECURSE_QUERY ",9223372036854775872,"7/27/2023, 2:47:47.570 PM",2908,3164,ERROR,4,ERROR,windns,"NT AUTHORITY",SYSTEM,"S-1-5-18",User,0,0,"0.0.0.0",,,"www.bing.com.",1,15158,0,,,,,,,,,,,,,".","a590f6ff-972e-41b9-8044-546573193adc","7/27/2023, 2:47:49.593 PM","in_windowsdns_auditanalytics_sentinel_windows","im_etw","172.18.88.20","N/A","2603:1061:0:700::cc",,,,,,,,,,,"NXLog_DNS_Server_CL",
"0b2a9277-f48f-49f6-b78d-d8bfd6dea87a",RestAPI,,,"7/27/2023, 2:47:50.383 PM",,,,,,,,,,,,,,,,,,1,,".",Default,,,"Microsoft-Windows-DNSServer","eb79061a-a566-4698-9119-3ed2807060e7",260,0,16,"Microsoft-Windows-DNS-Server/Analytical ",4,"Information ",0,2,"RECURSE_QUERY ",9223372036854775824,"7/27/2023, 2:47:47.571 PM",2908,3164,INFO,2,INFO,windns,"NT AUTHORITY",SYSTEM,"S-1-5-18",User,0,0,"0.0.0.0",,0,"dns1.p09.nsone.NET.",1,55786,0,55786,false,false,false,QUERY,false,NOERROR,false,false,false,"[{""dns.query.name"":""dns1.p09.nsone.NET"",""dns.query.type"":""A"",""dns.query.class"":""IN""}]",0xD9EA0000000100000000000104646E733103703039056E736F6E65034E455400000100010000290FA0000000000000,".","00000000-0000-0000-0000-000000000000","7/27/2023, 2:47:49.593 PM","in_windowsdns_auditanalytics_sentinel_windows","im_etw","172.18.88.20","N/A","192.52.178.30",,,,,,,NULL,,,,"NXLog_DNS_Server_CL",
"0b2a9277-f48f-49f6-b78d-d8bfd6dea87a",RestAPI,,,"7/27/2023, 2:47:50.383 PM",,,,,,,,,,,,,,,,,,10261,,".",Default,,,"Microsoft-Windows-DNSServer","eb79061a-a566-4698-9119-3ed2807060e7",262,0,16,"Microsoft-Windows-DNS-Server/Analytical ",2,"Error ",0,2,"RECURSE_QUERY ",9223372036854775872,"7/27/2023, 2:47:47.571 PM",2908,3164,ERROR,4,ERROR,windns,"NT AUTHORITY",SYSTEM,"S-1-5-18",User,0,0,"0.0.0.0",,,"onecs-live.azureedge.net.",1,59577,0,,,,,,,,,,,,,".","c1462714-accc-4dc2-a185-1e0c538f0ec9","7/27/2023, 2:47:49.593 PM","in_windowsdns_auditanalytics_sentinel_windows","im_etw","172.18.88.20","N/A","2606:2800:c::5",,,,,,,,,,,"NXLog_DNS_Server_CL",
"0b2a9277-f48f-49f6-b78d-d8bfd6dea87a",RestAPI,,,"7/27/2023, 2:47:50.383 PM",,,,,,,,,,,,,,,,,,10261,,".",Default,,,"Microsoft-Windows-DNSServer","eb79061a-a566-4698-9119-3ed2807060e7",260,0,16,"Microsoft-Windows-DNS-Server/Analytical ",4,"Information ",0,2,"RECURSE_QUERY ",9223372036854775824,"7/27/2023, 2:47:47.571 PM",2908,3164,INFO,2,INFO,windns,"NT AUTHORITY",SYSTEM,"S-1-5-18",User,0,0,"0.0.0.0",,0,"onecs-live.ec.azureedge.NET.",1,59577,0,59577,false,false,false,QUERY,false,NOERROR,false,false,false,"[{""dns.query.name"":""onecs-live.ec.azureedge.NET"",""dns.query.type"":""A"",""dns.query.class"":""IN""}]",0xE8B9000000010000000000010A6F6E6563732D6C69766502656309617A75726565646765034E455400000100010000290FA0000000000000,".","c1462714-accc-4dc2-a185-1e0c538f0ec9","7/27/2023, 2:47:49.594 PM","in_windowsdns_auditanalytics_sentinel_windows","im_etw","172.18.88.20","N/A","198.7.29.6",,,,,,,NULL,,,,"NXLog_DNS_Server_CL",
"0b2a9277-f48f-49f6-b78d-d8bfd6dea87a",RestAPI,,,"7/27/2023, 2:47:50.383 PM",,,,,,,,,,,,,,,,,,10261,,".",Default,,,"Microsoft-Windows-DNSServer","eb79061a-a566-4698-9119-3ed2807060e7",260,0,16,"Microsoft-Windows-DNS-Server/Analytical ",4,"Information ",0,2,"RECURSE_QUERY ",9223372036854775824,"7/27/2023, 2:47:47.571 PM",2908,3164,INFO,2,INFO,windns,"NT AUTHORITY",SYSTEM,"S-1-5-18",User,0,0,"0.0.0.0",,0,"onecs-live.ec.azureedge.NET.",1,59577,0,59577,false,false,false,QUERY,false,NOERROR,false,false,false,"[{""dns.query.name"":""onecs-live.ec.azureedge.NET"",""dns.query.type"":""A"",""dns.query.class"":""IN""}]",0xE8B9000000010000000000010A6F6E6563732D6C69766502656309617A75726565646765034E455400000100010000290FA0000000000000,".","c1462714-accc-4dc2-a185-1e0c538f0ec9","7/27/2023, 2:47:49.595 PM","in_windowsdns_auditanalytics_sentinel_windows","im_etw","172.18.88.20","N/A","192.16.16.6",,,,,,,NULL,,,,"NXLog_DNS_Server_CL",
"0b2a9277-f48f-49f6-b78d-d8bfd6dea87a",RestAPI,,,"7/27/2023, 2:47:50.383 PM",,,,,,,,,,,,,,,,,,,4,".",Default,"[{""dns.answer.name"":""onecs-live.ec.azureedge.NET"",""dns.answer.type"":""CNAME"",""dns.answer.class"":""IN"",""dns.answer.ttl"":3600,""dns.answer.data"":""cs9.wpc.v0cdn.NET""}]",0,"Microsoft-Windows-DNSServer","eb79061a-a566-4698-9119-3ed2807060e7",261,0,16,"Microsoft-Windows-DNS-Server/Analytical ",4,"Information ",0,2,"RECURSE_QUERY ",9223372036854775840,"7/27/2023, 2:47:47.594 PM",2908,4024,INFO,2,INFO,windns,"NT AUTHORITY",SYSTEM,"S-1-5-18",User,33792,0,"0.0.0.0","198.7.29.6",,"onecs-live.ec.azureedge.NET.",1,59577,0,59577,false,false,true,QUERY,true,NOERROR,false,false,false,"[{""dns.query.name"":""onecs-live.ec.azureedge.NET"",""dns.query.type"":""A"",""dns.query.class"":""IN""}]",0xE8B9840000010001000000010A6F6E6563732D6C69766502656309617A75726565646765034E45540000010001C00C0005000100000E100010036373390377706305763063646EC02400002904D0000000000000,".","c1462714-accc-4dc2-a185-1e0c538f0ec9","7/27/2023, 2:47:49.595 PM","in_windowsdns_auditanalytics_sentinel_windows","im_etw","172.18.88.20","N/A",,1,0,,,,,,,,,"NXLog_DNS_Server_CL",
"0b2a9277-f48f-49f6-b78d-d8bfd6dea87a",RestAPI,,,"7/27/2023, 2:47:50.383 PM",,,,,,,,,,,,,,,,,,,,,,,,"Microsoft-Windows-DNSServer","eb79061a-a566-4698-9119-3ed2807060e7",279,0,16,"Microsoft-Windows-DNS-Server/Analytical ",4,"Information ",0,1,"LOOK_UP ",9223372071214514176,"7/27/2023, 2:47:47.594 PM",2908,4024,INFO,2,INFO,windns,"NT AUTHORITY",SYSTEM,"S-1-5-18",User,33152,0,"172.18.88.20","172.18.88.20",1,"cs9.wpc.v0cdn.net.",1,10261,51485,10261,true,false,false,QUERY,true,NOERROR,false,false,true,"[{""dns.query.name"":""onecs-live.azureedge.net"",""dns.query.type"":""A"",""dns.query.class"":""IN""}]",0x2815818000010002000000000A6F6E6563732D6C69766509617A75726565646765036E65740000010001,,,"7/27/2023, 2:47:49.595 PM","in_windowsdns_auditanalytics_sentinel_windows","im_etw","172.18.88.20","N/A",,,,,,,,,,,"N/A","NXLog_DNS_Server_CL",
"0b2a9277-f48f-49f6-b78d-d8bfd6dea87a",RestAPI,,,"7/27/2023, 2:47:50.383 PM",,,,,,,,,,,,,,,,,,10261,,".",Default,,,"Microsoft-Windows-DNSServer","eb79061a-a566-4698-9119-3ed2807060e7",260,0,16,"Microsoft-Windows-DNS-Server/Analytical ",4,"Information ",0,2,"RECURSE_QUERY ",9223372036854775824,"7/27/2023, 2:47:47.595 PM",2908,4024,INFO,2,INFO,windns,"NT AUTHORITY",SYSTEM,"S-1-5-18",User,0,0,"0.0.0.0",,0,"cs9.wpc.v0cdn.NET.",1,56436,0,56436,false,false,false,QUERY,false,NOERROR,false,false,false,"[{""dns.query.name"":""cs9.wpc.v0cdn.NET"",""dns.query.type"":""A"",""dns.query.class"":""IN""}]",0xDC7400000001000000000001036373390377706305763063646E034E455400000100010000290FA0000000000000,".","c1462714-accc-4dc2-a185-1e0c538f0ec9","7/27/2023, 2:47:49.595 PM","in_windowsdns_auditanalytics_sentinel_windows","im_etw","172.18.88.20","N/A","72.21.80.6",,,,,,,NULL,,,,"NXLog_DNS_Server_CL",
"0b2a9277-f48f-49f6-b78d-d8bfd6dea87a",RestAPI,,,"7/27/2023, 2:47:50.383 PM",,,,,,,,,,,,,,,,,,,0,".",Default,"[{""dns.answer.name"":""onecs-live.ec.azureedge.NET"",""dns.answer.type"":""CNAME"",""dns.answer.class"":""IN"",""dns.answer.ttl"":3600,""dns.answer.data"":""cs9.wpc.v0cdn.NET""}]",0,"Microsoft-Windows-DNSServer","eb79061a-a566-4698-9119-3ed2807060e7",261,0,16,"Microsoft-Windows-DNS-Server/Analytical ",4,"Information ",0,2,"RECURSE_QUERY ",9223372036854775840,"7/27/2023, 2:47:47.596 PM",2908,4024,INFO,2,INFO,windns,"NT AUTHORITY",SYSTEM,"S-1-5-18",User,33792,0,"0.0.0.0","192.16.16.6",,"onecs-live.ec.azureedge.NET.",1,59577,0,59577,false,false,true,QUERY,true,NOERROR,false,false,false,"[{""dns.query.name"":""onecs-live.ec.azureedge.NET"",""dns.query.type"":""A"",""dns.query.class"":""IN""}]",0xE8B9840000010001000000010A6F6E6563732D6C69766502656309617A75726565646765034E45540000010001C00C0005000100000E100010036373390377706305763063646EC02400002904D0000000000000,".","00000000-0000-0000-0000-000000000000","7/27/2023, 2:47:49.599 PM","in_windowsdns_auditanalytics_sentinel_windows","im_etw","172.18.88.20","N/A",,1,0,,,,,,,,,"NXLog_DNS_Server_CL",
"0b2a9277-f48f-49f6-b78d-d8bfd6dea87a",RestAPI,,,"7/27/2023, 2:47:50.383 PM",,,,,,,,,,,,,,,,System,,,,,,,,"Microsoft-Windows-DNSServer","eb79061a-a566-4698-9119-3ed2807060e7",259,0,16,"Microsoft-Windows-DNS-Server/Analytical ",2,"Error ",0,1,"LOOK_UP ",9223372036854775816,"7/27/2023, 2:47:47.596 PM",2908,4024,ERROR,4,ERROR,windns,"NT AUTHORITY",SYSTEM,"S-1-5-18",User,"EXTENDED_INFO|IS_64_BIT_HEADER|PROCESSOR_INDEX (577)",0,"0.0.0.0","192.16.16.6",,"onecs-live.ec.azureedge.NET.",1,59577,,,,,,,,,,,,,,".",,"7/27/2023, 2:47:49.599 PM","in_windowsdns_auditanalytics_sentinel_windows","im_etw","172.18.88.20","N/A",,,,,,,NULL,NULL,,,"N/A","NXLog_DNS_Server_CL",
"0b2a9277-f48f-49f6-b78d-d8bfd6dea87a",RestAPI,,,"7/27/2023, 2:47:50.383 PM",,,,,,,,,,,,,,,,,"[{""dns.additional.name"":""dns1.p01.nsone.NET"",""dns.additional.type"":""A"",""dns.additional.class"":""IN"",""dns.additional.ttl"":172800,""dns.additional.data"":""198.51.44.1""},{""dns.additional.name"":""dns1.p01.nsone.NET"",""dns.additional.type"":""AAAA"",""dns.additional.class"":""IN"",""dns.additional.ttl"":172800,""dns.additional.data"":""2620:4d:4000:6259:7:1:0:1""},{""dns.additional.name"":""dns2.p01.nsone.NET"",""dns.additional.type"":""A"",""dns.additional.class"":""IN"",""dns.additional.ttl"":172800,""dns.additional.data"":""198.51.45.1""},{""dns.additional.name"":""dns2.p01.nsone.NET"",""dns.additional.type"":""AAAA"",""dns.additional.class"":""IN"",""dns.additional.ttl"":172800,""dns.additional.data"":""2a00:edc0:6259:7:1::2""},{""dns.additional.name"":""dns3.p01.nsone.NET"",""dns.additional.type"":""A"",""dns.additional.class"":""IN"",""dns.additional.ttl"":172800,""dns.additional.data"":""198.51.44.65""},{""dns.additional.name"":""dns3.p01.nsone.NET"",""dns.additional.type"":""AAAA"",""dns.additional.class"":""IN"",""dns.additional.ttl"":172800,""dns.additional.data"":""2620:4d:4000:6259:7:1:0:3""},{""dns.additional.name"":""dns4.p01.nsone.NET"",""dns.additional.type"":""A"",""dns.additional.class"":""IN"",""dns.additional.ttl"":172800,""dns.additional.data"":""198.51.45.65""},{""dns.additional.name"":""dns4.p01.nsone.NET"",""dns.additional.type"":""AAAA"",""dns.additional.class"":""IN"",""dns.additional.ttl"":172800,""dns.additional.data"":""2a00:edc0:6259:7:1::4""}]",,1,".",Default,,0,"Microsoft-Windows-DNSServer","eb79061a-a566-4698-9119-3ed2807060e7",261,0,16,"Microsoft-Windows-DNS-Server/Analytical ",4,"Information ",0,2,"RECURSE_QUERY ",9223372036854775840,"7/27/2023, 2:47:47.611 PM",2908,4024,INFO,2,INFO,windns,"NT AUTHORITY",SYSTEM,"S-1-5-18",User,32768,0,"0.0.0.0","192.52.178.30",,"dns1.p09.nsone.NET.",1,55786,0,55786,false,false,false,QUERY,true,NOERROR,false,false,false,"[{""dns.query.name"":""dns1.p09.nsone.NET"",""dns.query.type"":""A"",""dns.query.class"":""IN""}]",0xD9EA8000000100000004000904646E733103703039056E736F6E65034E45540000010001C015000200010002A300000B04646E733103703031C015C015000200010002A300000704646E7332C035C015000200010002A300000704646E7333C035C015000200010002A300000704646E7334C035C030000100010002A3000004C6332C01C030001C00010002A30000102620004D400062590007000100000001C047000100010002A3000004C6332D01C047001C00010002A30000102A00EDC0625900070001000000000002C05A000100010002A3000004C6332C41C05A001C00010002A30000102620004D400062590007000100000003C06D000100010002A3000004C6332D41C06D001C00010002A30000102A00EDC06259000700010000000000040000291000000000000000,".","00000000-0000-0000-0000-000000000000","7/27/2023, 2:47:49.599 PM","in_windowsdns_auditanalytics_sentinel_windows","im_etw","172.18.88.20","N/A",,0,0,,,,,,"[{""dns.authority.name"":""nsone.NET"",""dns.authority.type"":""NS"",""dns.authority.class"":""IN"",""dns.authority.ttl"":172800,""dns.authority.data"":""dns1.p01.nsone.NET""},{""dns.authority.name"":""nsone.NET"",""dns.authority.type"":""NS"",""dns.authority.class"":""IN"",""dns.authority.ttl"":172800,""dns.authority.data"":""dns2.p01.nsone.NET""},{""dns.authority.name"":""nsone.NET"",""dns.authority.type"":""NS"",""dns.authority.class"":""IN"",""dns.authority.ttl"":172800,""dns.authority.data"":""dns3.p01.nsone.NET""},{""dns.authority.name"":""nsone.NET"",""dns.authority.type"":""NS"",""dns.authority.class"":""IN"",""dns.authority.ttl"":172800,""dns.authority.data"":""dns4.p01.nsone.NET""}]",,,"NXLog_DNS_Server_CL",
"0b2a9277-f48f-49f6-b78d-d8bfd6dea87a",RestAPI,,,"7/27/2023, 2:47:50.383 PM",,,,,,,,,,,,,,,,,,1,,".",Default,,,"Microsoft-Windows-DNSServer","eb79061a-a566-4698-9119-3ed2807060e7",260,0,16,"Microsoft-Windows-DNS-Server/Analytical ",4,"Information ",0,2,"RECURSE_QUERY ",9223372036854775824,"7/27/2023, 2:47:47.611 PM",2908,4024,INFO,2,INFO,windns,"NT AUTHORITY",SYSTEM,"S-1-5-18",User,0,0,"0.0.0.0",,0,"dns1.p09.nsone.NET.",1,28803,0,28803,false,false,false,QUERY,false,NOERROR,false,false,false,"[{""dns.query.name"":""dns1.p09.nsone.NET"",""dns.query.type"":""A"",""dns.query.class"":""IN""}]",0x70830000000100000000000104646E733103703039056E736F6E65034E455400000100010000290FA0000000000000,".","00000000-0000-0000-0000-000000000000","7/27/2023, 2:47:49.600 PM","in_windowsdns_auditanalytics_sentinel_windows","im_etw","172.18.88.20","N/A","198.51.45.1",,,,,,,NULL,,,,"NXLog_DNS_Server_CL",
"0b2a9277-f48f-49f6-b78d-d8bfd6dea87a",RestAPI,,,"7/27/2023, 2:47:50.383 PM",,,,,,,,,,,,,,,,,,,5,".",Default,"[{""dns.answer.name"":""cs9.wpc.v0cdn.NET"",""dns.answer.type"":""A"",""dns.answer.class"":""IN"",""dns.answer.ttl"":3600,""dns.answer.data"":""152.199.19.161""}]",0,"Microsoft-Windows-DNSServer","eb79061a-a566-4698-9119-3ed2807060e7",261,0,16,"Microsoft-Windows-DNS-Server/Analytical ",4,"Information ",0,2,"RECURSE_QUERY ",9223372036854775840,"7/27/2023, 2:47:47.620 PM",2908,4024,INFO,2,INFO,windns,"NT AUTHORITY",SYSTEM,"S-1-5-18",User,33792,0,"0.0.0.0","72.21.80.6",,"cs9.wpc.v0cdn.NET.",1,56436,0,56436,false,false,true,QUERY,true,NOERROR,false,false,false,"[{""dns.query.name"":""cs9.wpc.v0cdn.NET"",""dns.query.type"":""A"",""dns.query.class"":""IN""}]",0xDC7484000001000100000001036373390377706305763063646E034E45540000010001C00C0001000100000E10000498C713A100002904D0000000000000,".","c1462714-accc-4dc2-a185-1e0c538f0ec9","7/27/2023, 2:47:49.600 PM","in_windowsdns_auditanalytics_sentinel_windows","im_etw","172.18.88.20","N/A",,1,0,,,,,,,,,"NXLog_DNS_Server_CL",
"0b2a9277-f48f-49f6-b78d-d8bfd6dea87a",RestAPI,,,"7/27/2023, 2:47:50.383 PM",,,,,,,,,,,,,,,,,,,,,,"[{""dns.answer.name"":""onecs-live.azureedge.net"",""dns.answer.type"":""CNAME"",""dns.answer.class"":""IN"",""dns.answer.ttl"":1800,""dns.answer.data"":""onecs-live.ec.azureedge.net""},{""dns.answer.name"":""onecs-live.ec.azureedge.net"",""dns.answer.type"":""CNAME"",""dns.answer.class"":""IN"",""dns.answer.ttl"":3596,""dns.answer.data"":""cs9.wpc.v0cdn.net""},{""dns.answer.name"":""cs9.wpc.v0cdn.net"",""dns.answer.type"":""A"",""dns.answer.class"":""IN"",""dns.answer.ttl"":3596,""dns.answer.data"":""152.199.19.161""}]",,"Microsoft-Windows-DNSServer","eb79061a-a566-4698-9119-3ed2807060e7",257,0,16,"Microsoft-Windows-DNS-Server/Analytical ",4,"Information ",0,1,"LOOK_UP ",9223372036854775810,"7/27/2023, 2:47:47.620 PM",2908,4024,INFO,2,INFO,windns,"NT AUTHORITY",SYSTEM,"S-1-5-18",User,33152,0,"172.18.88.20",,,"onecs-live.azureedge.net.",1,10261,51485,10261,true,false,false,QUERY,true,NOERROR,false,false,true,"[{""dns.query.name"":""onecs-live.azureedge.net"",""dns.query.type"":""A"",""dns.query.class"":""IN""}]",0x2815818000010003000000000A6F6E6563732D6C69766509617A75726565646765036E65740000010001C00C000500010000070800100A6F6E6563732D6C697665026563C017C0360005000100000E0C0010036373390377706305763063646EC021C0520001000100000E0C000498C713A1,"VirtualizationInstance:.","c1462714-accc-4dc2-a185-1e0c538f0ec9","7/27/2023, 2:47:49.600 PM","in_windowsdns_auditanalytics_sentinel_windows","im_etw","172.18.88.20","N/A","172.18.88.20",0,0,0,0,Default,"..Cache",NULL,,3490,,"NXLog_DNS_Server_CL",
"0b2a9277-f48f-49f6-b78d-d8bfd6dea87a",RestAPI,,,"7/27/2023, 2:47:50.383 PM",,,,,,,,,,,,,,,,,,,2,".",Default,"[{""dns.answer.name"":""dns1.p09.nsone.NET"",""dns.answer.type"":""A"",""dns.answer.class"":""IN"",""dns.answer.ttl"":86400,""dns.answer.data"":""198.51.44.9""}]",0,"Microsoft-Windows-DNSServer","eb79061a-a566-4698-9119-3ed2807060e7",261,0,16,"Microsoft-Windows-DNS-Server/Analytical ",4,"Information ",0,2,"RECURSE_QUERY ",9223372036854775840,"7/27/2023, 2:47:47.646 PM",2908,4028,INFO,2,INFO,windns,"NT AUTHORITY",SYSTEM,"S-1-5-18",User,33792,0,"0.0.0.0","198.51.45.1",,"dns1.p09.nsone.NET.",1,28803,0,28803,false,false,true,QUERY,true,NOERROR,false,false,false,"[{""dns.query.name"":""dns1.p09.nsone.NET"",""dns.query.type"":""A"",""dns.query.class"":""IN""}]",0x70838400000100010000000104646E733103703039056E736F6E65034E45540000010001C00C00010001000151800004C6332C0900002904D0000000000000,".","00000000-0000-0000-0000-000000000000","7/27/2023, 2:47:49.600 PM","in_windowsdns_auditanalytics_sentinel_windows","im_etw","172.18.88.20","N/A",,1,0,,,,,,,,,"NXLog_DNS_Server_CL",
"0b2a9277-f48f-49f6-b78d-d8bfd6dea87a",RestAPI,,,"7/27/2023, 2:47:50.383 PM",,,,,,,,,,,,,,,,,,18304,,".",Default,,,"Microsoft-Windows-DNSServer","eb79061a-a566-4698-9119-3ed2807060e7",260,0,16,"Microsoft-Windows-DNS-Server/Analytical ",4,"Information ",0,2,"RECURSE_QUERY ",9223372036854775824,"7/27/2023, 2:47:47.646 PM",2908,4028,INFO,2,INFO,windns,"NT AUTHORITY",SYSTEM,"S-1-5-18",User,0,0,"0.0.0.0",,0,"www.bing.com.",1,13965,0,13965,false,false,false,QUERY,false,NOERROR,false,false,false,"[{""dns.query.name"":""www.bing.com"",""dns.query.type"":""A"",""dns.query.class"":""IN""}]",0x368D00000001000000000001037777770462696E6703636F6D00000100010000290FA0000000000000,".","a590f6ff-972e-41b9-8044-546573193adc","7/27/2023, 2:47:49.601 PM","in_windowsdns_auditanalytics_sentinel_windows","im_etw","172.18.88.20","N/A","198.51.44.9",,,,,,,NULL,,,,"NXLog_DNS_Server_CL",
"0b2a9277-f48f-49f6-b78d-d8bfd6dea87a",RestAPI,,,"7/27/2023, 2:47:50.383 PM",,,,,,,,,,,,,,,,,,,3,".",Default,"[{""dns.answer.name"":""www.bing.com"",""dns.answer.type"":""CNAME"",""dns.answer.class"":""IN"",""dns.answer.ttl"":21600,""dns.answer.data"":""www-www.bing.com.trafficmanager.net""}]",0,"Microsoft-Windows-DNSServer","eb79061a-a566-4698-9119-3ed2807060e7",261,0,16,"Microsoft-Windows-DNS-Server/Analytical ",4,"Information ",0,2,"RECURSE_QUERY ",9223372036854775840,"7/27/2023, 2:47:47.682 PM",2908,4028,INFO,2,INFO,windns,"NT AUTHORITY",SYSTEM,"S-1-5-18",User,33792,0,"0.0.0.0","198.51.44.9",,"www.bing.com.",1,13965,0,13965,false,false,true,QUERY,true,NOERROR,false,false,false,"[{""dns.query.name"":""www.bing.com"",""dns.query.type"":""A"",""dns.query.class"":""IN""}]",0x368D84000001000100000001037777770462696E6703636F6D0000010001C00C00050001000054600025077777772D7777770462696E6703636F6D0E747261666669636D616E61676572036E65740000002904D0000000000000,".","a590f6ff-972e-41b9-8044-546573193adc","7/27/2023, 2:47:49.601 PM","in_windowsdns_auditanalytics_sentinel_windows","im_etw","172.18.88.20","N/A",,1,0,,,,,,,,,"NXLog_DNS_Server_CL",
"0b2a9277-f48f-49f6-b78d-d8bfd6dea87a",RestAPI,,,"7/27/2023, 2:47:50.383 PM",,,,,,,,,,,,,,,,,,,,,,,,"Microsoft-Windows-DNSServer","eb79061a-a566-4698-9119-3ed2807060e7",279,0,16,"Microsoft-Windows-DNS-Server/Analytical ",4,"Information ",0,1,"LOOK_UP ",9223372071214514176,"7/27/2023, 2:47:47.682 PM",2908,4028,INFO,2,INFO,windns,"NT AUTHORITY",SYSTEM,"S-1-5-18",User,33152,0,"172.18.88.20","172.18.88.20",1,"www-www.bing.com.trafficmanager.net.",1,18304,65139,18304,true,false,false,QUERY,true,NOERROR,false,false,true,"[{""dns.query.name"":""www.bing.com"",""dns.query.type"":""A"",""dns.query.class"":""IN""}]",0x478081800001000100000000037777770462696E6703636F6D0000010001,,,"7/27/2023, 2:47:49.601 PM","in_windowsdns_auditanalytics_sentinel_windows","im_etw","172.18.88.20","N/A",,,,,,,,,,,"N/A","NXLog_DNS_Server_CL",
"0b2a9277-f48f-49f6-b78d-d8bfd6dea87a",RestAPI,,,"7/27/2023, 2:47:50.383 PM",,,,,,,,,,,,,,,,,,18304,,".",Default,,,"Microsoft-Windows-DNSServer","eb79061a-a566-4698-9119-3ed2807060e7",260,0,16,"Microsoft-Windows-DNS-Server/Analytical ",4,"Information ",0,2,"RECURSE_QUERY ",9223372036854775824,"7/27/2023, 2:47:47.683 PM",2908,4028,INFO,2,INFO,windns,"NT AUTHORITY",SYSTEM,"S-1-5-18",User,0,0,"0.0.0.0",,0,"www-www.bing.com.trafficmanager.NET.",1,27798,0,27798,false,false,false,QUERY,false,NOERROR,false,false,false,"[{""dns.query.name"":""www-www.bing.com.trafficmanager.NET"",""dns.query.type"":""A"",""dns.query.class"":""IN""}]",0x6C9600000001000000000001077777772D7777770462696E6703636F6D0E747261666669636D616E61676572034E455400000100010000290FA0000000000000,".","a590f6ff-972e-41b9-8044-546573193adc","7/27/2023, 2:47:49.601 PM","in_windowsdns_auditanalytics_sentinel_windows","im_etw","172.18.88.20","N/A","13.107.222.240",,,,,,,NULL,,,,"NXLog_DNS_Server_CL",
"0b2a9277-f48f-49f6-b78d-d8bfd6dea87a",RestAPI,,,"7/27/2023, 2:47:50.383 PM",,,,,,,,,,,,,,,,,,,4,".",Default,"[{""dns.answer.name"":""www-www.bing.com.trafficmanager.NET"",""dns.answer.type"":""CNAME"",""dns.answer.class"":""IN"",""dns.answer.ttl"":60,""dns.answer.data"":""www.bing.com.edgekey.NET""}]",0,"Microsoft-Windows-DNSServer","eb79061a-a566-4698-9119-3ed2807060e7",261,0,16,"Microsoft-Windows-DNS-Server/Analytical ",4,"Information ",0,2,"RECURSE_QUERY ",9223372036854775840,"7/27/2023, 2:47:47.714 PM",2908,4028,INFO,2,INFO,windns,"NT AUTHORITY",SYSTEM,"S-1-5-18",User,33792,0,"0.0.0.0","13.107.222.240",,"www-www.bing.com.trafficmanager.NET.",1,27798,0,27798,false,false,true,QUERY,true,NOERROR,false,false,false,"[{""dns.query.name"":""www-www.bing.com.trafficmanager.NET"",""dns.query.type"":""A"",""dns.query.class"":""IN""}]",0x6C9684000001000100000001077777772D7777770462696E6703636F6D0E747261666669636D616E61676572034E45540000010001C00C000500010000003C0017037777770462696E6703636F6D07656467656B6579C02C00002904D0000000000000,".","a590f6ff-972e-41b9-8044-546573193adc","7/27/2023, 2:47:50.106 PM","in_windowsdns_auditanalytics_sentinel_windows","im_etw","172.18.88.20","N/A",,1,0,,,,,,,,,"NXLog_DNS_Server_CL",
"0b2a9277-f48f-49f6-b78d-d8bfd6dea87a",RestAPI,,,"7/27/2023, 2:47:50.383 PM",,,,,,,,,,,,,,,,,,,,,,,,"Microsoft-Windows-DNSServer","eb79061a-a566-4698-9119-3ed2807060e7",279,0,16,"Microsoft-Windows-DNS-Server/Analytical ",4,"Information ",0,1,"LOOK_UP ",9223372071214514176,"7/27/2023, 2:47:47.714 PM",2908,4028,INFO,2,INFO,windns,"NT AUTHORITY",SYSTEM,"S-1-5-18",User,33152,0,"172.18.88.20","172.18.88.20",1,"www.bing.com.edgekey.net.",1,18304,65139,18304,true,false,false,QUERY,true,NOERROR,false,false,true,"[{""dns.query.name"":""www.bing.com"",""dns.query.type"":""A"",""dns.query.class"":""IN""}]",0x478081800001000200000000037777770462696E6703636F6D0000010001,,,"7/27/2023, 2:47:50.106 PM","in_windowsdns_auditanalytics_sentinel_windows","im_etw","172.18.88.20","N/A",,,,,,,,,,,"N/A","NXLog_DNS_Server_CL",
"0b2a9277-f48f-49f6-b78d-d8bfd6dea87a",RestAPI,,,"7/27/2023, 2:47:50.383 PM",,,,,,,,,,,,,,,,System,,,,,,,,"Microsoft-Windows-DNSServer","eb79061a-a566-4698-9119-3ed2807060e7",259,0,16,"Microsoft-Windows-DNS-Server/Analytical ",2,"Error ",0,1,"LOOK_UP ",9223372036854775816,"7/27/2023, 2:47:47.714 PM",2908,4028,ERROR,4,ERROR,windns,"NT AUTHORITY",SYSTEM,"S-1-5-18",User,"EXTENDED_INFO|IS_64_BIT_HEADER|PROCESSOR_INDEX (577)",0,"0.0.0.0","2600:1401:1::41",,"www.bing.com.edgekey.NET.",1,12559,,,,,,,,,,,,,,".",,"7/27/2023, 2:47:50.106 PM","in_windowsdns_auditanalytics_sentinel_windows","im_etw","172.18.88.20","N/A",,,,,,,"..Cache",NULL,,,"N/A","NXLog_DNS_Server_CL",
"0b2a9277-f48f-49f6-b78d-d8bfd6dea87a",RestAPI,,,"7/27/2023, 2:46:45.190 PM",,,,,,,,,,,,,,,,,,,,,,,,"Microsoft-Windows-DNSServer","eb79061a-a566-4698-9119-3ed2807060e7",256,0,16,"Microsoft-Windows-DNS-Server/Analytical ",4,"Information ",0,1,"LOOK_UP ",9223372036854775809,"7/27/2023, 2:46:43.563 PM",2908,4024,INFO,2,INFO,windns,"NT AUTHORITY",SYSTEM,"S-1-5-18",User,256,0,"172.18.88.20","172.18.88.20",1,"login.live.com.",1,38767,57920,38767,true,false,false,QUERY,false,NOERROR,false,false,false,"[{""dns.query.name"":""login.live.com"",""dns.query.type"":""A"",""dns.query.class"":""IN""}]",0x976F01000001000000000000056C6F67696E046C69766503636F6D0000010001,".","5ce79a14-8724-4a01-84cc-2d1021c58bda","7/27/2023, 2:46:44.572 PM","in_windowsdns_auditanalytics_sentinel_windows","im_etw","172.18.88.20","N/A",,,,,,,,,,,,"NXLog_DNS_Server_CL",
