TenantId,"TimeGenerated [UTC]",SourceSystem,Account,AccountType,Computer,EventSourceName,Channel,Task,Level,EventData,EventID,Activity,SourceComputerId,EventOriginId,MG,"TimeCollected [UTC]",ManagementGroupName,AccessList,AccessMask,AccessReason,AccountDomain,AccountExpires,AccountName,AccountSessionIdentifier,AdditionalInfo,AdditionalInfo2,AllowedToDelegateTo,Attributes,AuditPolicyChanges,AuditsDiscarded,AuthenticationLevel,AuthenticationPackageName,AuthenticationProvider,AuthenticationServer,AuthenticationService,AuthenticationType,CACertificateHash,CalledStationID,CallerProcessId,CallerProcessName,CallingStationID,CAPublicKeyHash,CategoryId,CertificateDatabaseHash,ClassId,ClassName,ClientAddress,ClientIPAddress,ClientName,CommandLine,CompatibleIds,DCDNSName,DeviceDescription,DeviceId,DisplayName,Disposition,DomainBehaviorVersion,DomainName,DomainPolicyChanged,DomainSid,EAPType,ElevatedToken,ErrorCode,ExtendedQuarantineState,FailureReason,FileHash,FilePath,FilePathNoUser,Filter,ForceLogoff,Fqbn,FullyQualifiedSubjectMachineName,FullyQualifiedSubjectUserName,GroupMembership,HandleId,HardwareIds,HomeDirectory,HomePath,ImpersonationLevel,InterfaceUuid,IpAddress,IpPort,KeyLength,LmPackageName,LocationInformation,LockoutDuration,LockoutObservationWindow,LockoutThreshold,LoggingResult,LogonGuid,LogonHours,LogonID,LogonProcessName,LogonType,LogonTypeName,MachineAccountQuota,MachineInventory,MachineLogon,MandatoryLabel,MaxPasswordAge,MemberName,MemberSid,MinPasswordAge,MinPasswordLength,MixedDomainMode,NASIdentifier,NASIPv4Address,NASIPv6Address,NASPort,NASPortType,NetworkPolicyName,NewDate,NewMaxUsers,NewProcessId,NewProcessName,NewRemark,NewShareFlags,NewTime,NewUacValue,NewValue,NewValueType,ObjectName,ObjectServer,ObjectType,ObjectValueName,OemInformation,OldMaxUsers,OldRemark,OldShareFlags,OldUacValue,OldValue,OldValueType,OperationType,PackageName,ParentProcessName,PasswordHistoryLength,PasswordLastSet,PasswordProperties,PreviousDate,PreviousTime,PrimaryGroupId,PrivateKeyUsageCount,PrivilegeList,Process,ProcessId,ProcessName,Properties,ProfilePath,ProtocolSequence,ProxyPolicyName,QuarantineHelpURL,QuarantineSessionID,QuarantineSessionIdentifier,QuarantineState,QuarantineSystemHealthResult,RelativeTargetName,RemoteIpAddress,RemotePort,Requester,RequestId,RestrictedAdminMode,RowsDeleted,SamAccountName,ScriptPath,SecurityDescriptor,ServiceAccount,ServiceFileName,ServiceName,ServiceStartType,ServiceType,SessionName,ShareLocalPath,ShareName,SidHistory,Status,SubjectAccount,SubcategoryGuid,SubcategoryId,Subject,SubjectDomainName,SubjectKeyIdentifier,SubjectLogonId,SubjectMachineName,SubjectMachineSID,SubjectUserName,SubjectUserSid,SubStatus,TableId,TargetAccount,TargetDomainName,TargetInfo,TargetLinkedLogonId,TargetLogonGuid,TargetLogonId,TargetOutboundDomainName,TargetOutboundUserName,TargetServerName,TargetSid,TargetUser,TargetUserName,TargetUserSid,TemplateContent,TemplateDSObjectFQDN,TemplateInternalName,TemplateOID,TemplateSchemaVersion,TemplateVersion,TokenElevationType,TransmittedServices,UserAccountControl,UserParameters,UserPrincipalName,UserWorkstations,VirtualAccount,VendorIds,Workstation,WorkstationName,PartitionKey,RowKey,StorageAccount,AzureDeploymentID,AzureTableName,Type,"_ResourceId"
"00000000-0000-0000-0000-000000000000","4/23/2023, 6:22:42.178 PM",OpsManager,,,"DC1.kustoworks.com","Microsoft-Windows-Eventlog",Security,1,4,"<UserData xmlns=""http://schemas.microsoft.com/win/2004/08/events/event"">
  <LogFileCleared xmlns=""http://manifests.microsoft.com/win/2004/08/windows/eventlog"">
    <SubjectUserSid>S-1-5-21-2496762881-1366215883-1809657155-500</SubjectUserSid>
    <SubjectUserName>Administrator</SubjectUserName>
    <SubjectDomainName>KUSTOWORKS</SubjectDomainName>
    <SubjectLogonId>0x1ad0fc</SubjectLogonId>
  </LogFileCleared>
</UserData>",1102,"1102 - The audit log was cleared.","cc046e6c-795c-47b2-a5ae-c9a0645e6d32","cc046e6c-795c-47b2-a5ae-c9a0645e6d33","00000000-0000-0000-0000-000000000001","4/23/2023, 6:26:00.767 PM","AOI-00000000-0000-0000-0000-000000000000",,,,,,,,,,,,,,,,,,,,,,,,,,,,,,,,,,,,,,,,,,,,,,,,,,,,,,,,,,,,,,,,,,,,,,,,,,,,,,,,,,,,,,,,,,,,,,,,,,,,,,,,,,,,,,,,,,,,,,,,,,,,,,,,,,,,,,,,,,,,,,,,,,,,,,,,,,,,,,,,,,,,,,,,,,,,,,,,,,,,,,,,,,,,,,,,,,,,,,,,,,,,,,SecurityEvent,"/subscriptions/00000000-0000-0000-0000-000000000000/resourcegroups/kustoworksarc/providers/microsoft.hybridcompute/machines/dc1"
"00000000-0000-0000-0000-000000000000","4/23/2023, 6:24:21.330 PM",OpsManager,"KUSTOWORKS\Administrator",User,"DC1.kustoworks.com","Microsoft-Windows-Security-Auditing",Security,1,0,"<EventData xmlns=""http://schemas.microsoft.com/win/2004/08/events/event"">
  <Data Name=""SubjectUserSid"">S-1-5-21-2496762881-1366215883-1809657155-500</Data>
  <Data Name=""SubjectUserName"">Administrator</Data>
  <Data Name=""SubjectDomainName"">KUSTOWORKS</Data>
  <Data Name=""SubjectLogonId"">0x1ad0fc</Data>
  <Data Name=""TaskName"">\KustoKing</Data>
  <Data Name=""TaskContent"">&lt;?xml version=""1.0"" encoding=""UTF-16""?&gt; &lt;Task version=""1.2"" xmlns=""http://schemas.microsoft.com/windows/2004/02/mit/task""&gt;   &lt;RegistrationInfo&gt;     &lt;Date&gt;2023-04-23T20:24:03.6725573&lt;/Date&gt;     &lt;Author&gt;KUSTOWORKS\Administrator&lt;/Author&gt;     &lt;URI&gt;\KustoKing&lt;/URI&gt;   &lt;/RegistrationInfo&gt;   &lt;Principals&gt;     &lt;Principal id=""Author""&gt;       &lt;UserId&gt;S-1-5-21-2496762881-1366215883-1809657155-500&lt;/UserId&gt;       &lt;LogonType&gt;Password&lt;/LogonType&gt;       &lt;RunLevel&gt;HighestAvailable&lt;/RunLevel&gt;     &lt;/Principal&gt;   &lt;/Principals&gt;   &lt;Settings&gt;     &lt;DisallowStartIfOnBatteries&gt;true&lt;/DisallowStartIfOnBatteries&gt;     &lt;StopIfGoingOnBatteries&gt;true&lt;/StopIfGoingOnBatteries&gt;     &lt;ExecutionTimeLimit&gt;PT1H&lt;/ExecutionTimeLimit&gt;     &lt;MultipleInstancesPolicy&gt;IgnoreNew&lt;/MultipleInstancesPolicy&gt;     &lt;IdleSettings&gt;       &lt;StopOnIdleEnd&gt;true&lt;/StopOnIdleEnd&gt;       &lt;RestartOnIdle&gt;false&lt;/RestartOnIdle&gt;     &lt;/IdleSettings&gt;   &lt;/Settings&gt;   &lt;Triggers&gt;     &lt;CalendarTrigger&gt;       &lt;StartBoundary&gt;2023-04-23T20:23:18&lt;/StartBoundary&gt;       &lt;RandomDelay&gt;PT1H&lt;/RandomDelay&gt;       &lt;ScheduleByDay&gt;         &lt;DaysInterval&gt;1&lt;/DaysInterval&gt;       &lt;/ScheduleByDay&gt;     &lt;/CalendarTrigger&gt;   &lt;/Triggers&gt;   &lt;Actions Context=""Author""&gt;     &lt;Exec&gt;       &lt;Command&gt;C:\Windows\System32\cmd.exe&lt;/Command&gt;       &lt;Arguments&gt;ping www.kustoking.com&lt;/Arguments&gt;     &lt;/Exec&gt;   &lt;/Actions&gt; &lt;/Task&gt;</Data>
  <Data Name=""ClientProcessStartKey"">14355223812243727</Data>
  <Data Name=""ClientProcessId"">6756</Data>
  <Data Name=""ParentProcessId"">5640</Data>
  <Data Name=""RpcCallClientLocality"">0</Data>
  <Data Name=""FQDN"">DC1.kustoworks.com</Data>
</EventData>",4700,"4700 - A scheduled task was enabled.","cc046e6c-795c-47b2-a5ae-c9a0645e6d32","cc046e6c-795c-47b2-a5ae-c9a0645e6d33","00000000-0000-0000-0000-000000000001","4/23/2023, 6:26:25.527 PM","AOI-00000000-0000-0000-0000-000000000000",,,,,,,,,,,,,,,,,,,,,,,,,,,,,,,,,,,,,,,,,,,,,,,,,,,,,,,,,,,,,,,,,,,,,,,,,,,,,,,,,,,,,,,,,,,,,,,,,,,,,,,,,,,,,,,,,,,,,,,,,,,,,,,,,,,,,,,,,,,,,,,,,,,,,,,,,,,,,,,"KUSTOWORKS\Administrator",,,,KUSTOWORKS,,0x1ad0fc,,,Administrator,"S-1-5-21-2496762881-1366215883-1809657155-500",,,,,,,,,,,,,,,,,,,,,,,,,,,,,,,,,,,,,SecurityEvent,"/subscriptions/00000000-0000-0000-0000-000000000000/resourcegroups/kustoworksarc/providers/microsoft.hybridcompute/machines/dc1"
"00000000-0000-0000-0000-000000000000","4/20/2023, 6:26:09.141 PM",OpsManager,,,"DC1.kustoworks.com","Microsoft-Windows-Eventlog",Security,1,4,"<UserData xmlns=""http://schemas.microsoft.com/win/2004/08/events/event"">
  <LogFileCleared xmlns=""http://manifests.microsoft.com/win/2004/08/windows/eventlog"">
    <SubjectUserSid>S-1-5-21-2496762881-1366215883-1809657155-500</SubjectUserSid>
    <SubjectUserName>Administrator</SubjectUserName>
    <SubjectDomainName>KUSTOWORKS</SubjectDomainName>
    <SubjectLogonId>0x3aeb8e</SubjectLogonId>
  </LogFileCleared>
</UserData>",1102,"1102 - The audit log was cleared.","cc046e6c-795c-47b2-a5ae-c9a0645e6d32","cc046e6c-795c-47b2-a5ae-c9a0645e6d33","00000000-0000-0000-0000-000000000001","4/20/2023, 6:26:36.116 PM","AOI-00000000-0000-0000-0000-000000000000",,,,,,,,,,,,,,,,,,,,,,,,,,,,,,,,,,,,,,,,,,,,,,,,,,,,,,,,,,,,,,,,,,,,,,,,,,,,,,,,,,,,,,,,,,,,,,,,,,,,,,,,,,,,,,,,,,,,,,,,,,,,,,,,,,,,,,,,,,,,,,,,,,,,,,,,,,,,,,,,,,,,,,,,,,,,,,,,,,,,,,,,,,,,,,,,,,,,,,,,,,,,,,SecurityEvent,"/subscriptions/00000000-0000-0000-0000-000000000000/resourcegroups/kustoworksarc/providers/microsoft.hybridcompute/machines/dc1"
"00000000-0000-0000-0000-000000000000","4/20/2023, 6:50:43.229 PM",OpsManager,,,"DC1.kustoworks.com","Microsoft-Windows-Eventlog",Security,1,4,"<UserData xmlns=""http://schemas.microsoft.com/win/2004/08/events/event"">
  <LogFileCleared xmlns=""http://manifests.microsoft.com/win/2004/08/windows/eventlog"">
    <SubjectUserSid>S-1-5-21-2496762881-1366215883-1809657155-500</SubjectUserSid>
    <SubjectUserName>Administrator</SubjectUserName>
    <SubjectDomainName>KUSTOWORKS</SubjectDomainName>
    <SubjectLogonId>0xd2950</SubjectLogonId>
  </LogFileCleared>
</UserData>",1102,"1102 - The audit log was cleared.","cc046e6c-795c-47b2-a5ae-c9a0645e6d32","cc046e6c-795c-47b2-a5ae-c9a0645e6d33","00000000-0000-0000-0000-000000000001","4/20/2023, 6:54:33.089 PM","AOI-00000000-0000-0000-0000-000000000000",,,,,,,,,,,,,,,,,,,,,,,,,,,,,,,,,,,,,,,,,,,,,,,,,,,,,,,,,,,,,,,,,,,,,,,,,,,,,,,,,,,,,,,,,,,,,,,,,,,,,,,,,,,,,,,,,,,,,,,,,,,,,,,,,,,,,,,,,,,,,,,,,,,,,,,,,,,,,,,,,,,,,,,,,,,,,,,,,,,,,,,,,,,,,,,,,,,,,,,,,,,,,,SecurityEvent,"/subscriptions/00000000-0000-0000-0000-000000000000/resourcegroups/kustoworksarc/providers/microsoft.hybridcompute/machines/dc1"
"00000000-0000-0000-0000-000000000000","4/20/2023, 8:11:03.749 PM",OpsManager,"KUSTOWORKS\Administrator",User,"DC1.kustoworks.com","Microsoft-Windows-Security-Auditing",Security,1,0,"<EventData xmlns=""http://schemas.microsoft.com/win/2004/08/events/event"">
  <Data Name=""SubjectUserSid"">S-1-5-21-2496762881-1366215883-1809657155-500</Data>
  <Data Name=""SubjectUserName"">Administrator</Data>
  <Data Name=""SubjectDomainName"">KUSTOWORKS</Data>
  <Data Name=""SubjectLogonId"">0x6c5235</Data>
  <Data Name=""TaskName"">\Test</Data>
  <Data Name=""TaskContent"">&lt;?xml version=""1.0"" encoding=""UTF-16""?&gt; &lt;Task version=""1.2"" xmlns=""http://schemas.microsoft.com/windows/2004/02/mit/task""&gt;   &lt;RegistrationInfo&gt;     &lt;Date&gt;2023-04-20T22:10:37.93805&lt;/Date&gt;     &lt;Author&gt;KUSTOWORKS\Administrator&lt;/Author&gt;     &lt;URI&gt;\Test&lt;/URI&gt;   &lt;/RegistrationInfo&gt;   &lt;Principals&gt;     &lt;Principal id=""Author""&gt;       &lt;UserId&gt;S-1-5-21-2496762881-1366215883-1809657155-500&lt;/UserId&gt;       &lt;LogonType&gt;InteractiveToken&lt;/LogonType&gt;     &lt;/Principal&gt;   &lt;/Principals&gt;   &lt;Settings&gt;     &lt;DisallowStartIfOnBatteries&gt;true&lt;/DisallowStartIfOnBatteries&gt;     &lt;StopIfGoingOnBatteries&gt;true&lt;/StopIfGoingOnBatteries&gt;     &lt;MultipleInstancesPolicy&gt;IgnoreNew&lt;/MultipleInstancesPolicy&gt;     &lt;IdleSettings&gt;       &lt;StopOnIdleEnd&gt;true&lt;/StopOnIdleEnd&gt;       &lt;RestartOnIdle&gt;false&lt;/RestartOnIdle&gt;     &lt;/IdleSettings&gt;   &lt;/Settings&gt;   &lt;Triggers&gt;     &lt;CalendarTrigger&gt;       &lt;StartBoundary&gt;2023-04-20T22:10:16&lt;/StartBoundary&gt;       &lt;RandomDelay&gt;PT1H&lt;/RandomDelay&gt;       &lt;ScheduleByDay&gt;         &lt;DaysInterval&gt;1&lt;/DaysInterval&gt;       &lt;/ScheduleByDay&gt;     &lt;/CalendarTrigger&gt;   &lt;/Triggers&gt;   &lt;Actions Context=""Author""&gt;     &lt;Exec&gt;       &lt;Command&gt;C:\Windows\System32\cmd.exe&lt;/Command&gt;       &lt;Arguments&gt;ping 8.8.4.4&lt;/Arguments&gt;     &lt;/Exec&gt;   &lt;/Actions&gt; &lt;/Task&gt;</Data>
  <Data Name=""ClientProcessStartKey"">14073748835533267</Data>
  <Data Name=""ClientProcessId"">2936</Data>
  <Data Name=""ParentProcessId"">2220</Data>
  <Data Name=""RpcCallClientLocality"">0</Data>
  <Data Name=""FQDN"">DC1.kustoworks.com</Data>
</EventData>",4700,"4700 - A scheduled task was enabled.","cc046e6c-795c-47b2-a5ae-c9a0645e6d32","cc046e6c-795c-47b2-a5ae-c9a0645e6d33","00000000-0000-0000-0000-000000000001","4/20/2023, 8:11:38.174 PM","AOI-00000000-0000-0000-0000-000000000000",,,,,,,,,,,,,,,,,,,,,,,,,,,,,,,,,,,,,,,,,,,,,,,,,,,,,,,,,,,,,,,,,,,,,,,,,,,,,,,,,,,,,,,,,,,,,,,,,,,,,,,,,,,,,,,,,,,,,,,,,,,,,,,,,,,,,,,,,,,,,,,,,,,,,,,,,,,,,,,"KUSTOWORKS\Administrator",,,,KUSTOWORKS,,0x6c5235,,,Administrator,"S-1-5-21-2496762881-1366215883-1809657155-500",,,,,,,,,,,,,,,,,,,,,,,,,,,,,,,,,,,,,SecurityEvent,"/subscriptions/00000000-0000-0000-0000-000000000000/resourcegroups/kustoworksarc/providers/microsoft.hybridcompute/machines/dc1"
"00000000-0000-0000-0000-000000000000","4/20/2023, 8:08:17.489 PM",OpsManager,"KUSTOWORKS\Administrator",User,"DC1.kustoworks.com","Microsoft-Windows-Security-Auditing",Security,1,0,"<EventData xmlns=""http://schemas.microsoft.com/win/2004/08/events/event"">
  <Data Name=""SubjectUserSid"">S-1-5-21-2496762881-1366215883-1809657155-500</Data>
  <Data Name=""SubjectUserName"">Administrator</Data>
  <Data Name=""SubjectDomainName"">KUSTOWORKS</Data>
  <Data Name=""SubjectLogonId"">0x6c5235</Data>
  <Data Name=""TaskName"">\est</Data>
  <Data Name=""TaskContent"">&lt;?xml version=""1.0"" encoding=""UTF-16""?&gt; &lt;Task version=""1.2"" xmlns=""http://schemas.microsoft.com/windows/2004/02/mit/task""&gt;   &lt;RegistrationInfo&gt;     &lt;Date&gt;2023-04-20T21:58:08.1597419&lt;/Date&gt;     &lt;Author&gt;KUSTOWORKS\Administrator&lt;/Author&gt;     &lt;URI&gt;\est&lt;/URI&gt;   &lt;/RegistrationInfo&gt;   &lt;Principals&gt;     &lt;Principal id=""Author""&gt;       &lt;UserId&gt;S-1-5-21-2496762881-1366215883-1809657155-500&lt;/UserId&gt;       &lt;LogonType&gt;Password&lt;/LogonType&gt;       &lt;RunLevel&gt;HighestAvailable&lt;/RunLevel&gt;     &lt;/Principal&gt;   &lt;/Principals&gt;   &lt;Settings&gt;     &lt;DisallowStartIfOnBatteries&gt;true&lt;/DisallowStartIfOnBatteries&gt;     &lt;StopIfGoingOnBatteries&gt;true&lt;/StopIfGoingOnBatteries&gt;     &lt;MultipleInstancesPolicy&gt;IgnoreNew&lt;/MultipleInstancesPolicy&gt;     &lt;IdleSettings&gt;       &lt;StopOnIdleEnd&gt;true&lt;/StopOnIdleEnd&gt;       &lt;RestartOnIdle&gt;false&lt;/RestartOnIdle&gt;     &lt;/IdleSettings&gt;   &lt;/Settings&gt;   &lt;Triggers&gt;     &lt;CalendarTrigger&gt;       &lt;StartBoundary&gt;2023-04-20T21:57:34&lt;/StartBoundary&gt;       &lt;RandomDelay&gt;PT1H&lt;/RandomDelay&gt;       &lt;ScheduleByDay&gt;         &lt;DaysInterval&gt;1&lt;/DaysInterval&gt;       &lt;/ScheduleByDay&gt;     &lt;/CalendarTrigger&gt;   &lt;/Triggers&gt;   &lt;Actions Context=""Author""&gt;     &lt;Exec&gt;       &lt;Command&gt;C:\Windows\System32\cmd.exe&lt;/Command&gt;       &lt;Arguments&gt;ping 8.8.8.8&lt;/Arguments&gt;     &lt;/Exec&gt;   &lt;/Actions&gt; &lt;/Task&gt;</Data>
  <Data Name=""ClientProcessStartKey"">14073748835533267</Data>
  <Data Name=""ClientProcessId"">2936</Data>
  <Data Name=""ParentProcessId"">2220</Data>
  <Data Name=""RpcCallClientLocality"">0</Data>
  <Data Name=""FQDN"">DC1.kustoworks.com</Data>
</EventData>",4700,"4700 - A scheduled task was enabled.","cc046e6c-795c-47b2-a5ae-c9a0645e6d32","cc046e6c-795c-47b2-a5ae-c9a0645e6d33","00000000-0000-0000-0000-000000000001","4/20/2023, 8:09:40.308 PM","AOI-00000000-0000-0000-0000-000000000000",,,,,,,,,,,,,,,,,,,,,,,,,,,,,,,,,,,,,,,,,,,,,,,,,,,,,,,,,,,,,,,,,,,,,,,,,,,,,,,,,,,,,,,,,,,,,,,,,,,,,,,,,,,,,,,,,,,,,,,,,,,,,,,,,,,,,,,,,,,,,,,,,,,,,,,,,,,,,,,"KUSTOWORKS\Administrator",,,,KUSTOWORKS,,0x6c5235,,,Administrator,"S-1-5-21-2496762881-1366215883-1809657155-500",,,,,,,,,,,,,,,,,,,,,,,,,,,,,,,,,,,,,SecurityEvent,"/subscriptions/00000000-0000-0000-0000-000000000000/resourcegroups/kustoworksarc/providers/microsoft.hybridcompute/machines/dc1"
"00000000-0000-0000-0000-000000000000","4/20/2023, 8:08:37.605 PM",OpsManager,"KUSTOWORKS\Administrator",User,"DC1.kustoworks.com","Microsoft-Windows-Security-Auditing",Security,1,0,"<EventData xmlns=""http://schemas.microsoft.com/win/2004/08/events/event"">
  <Data Name=""SubjectUserSid"">S-1-5-21-2496762881-1366215883-1809657155-500</Data>
  <Data Name=""SubjectUserName"">Administrator</Data>
  <Data Name=""SubjectDomainName"">KUSTOWORKS</Data>
  <Data Name=""SubjectLogonId"">0x6c5235</Data>
  <Data Name=""TaskName"">\est</Data>
  <Data Name=""TaskContent"">&lt;?xml version=""1.0"" encoding=""UTF-16""?&gt; &lt;Task version=""1.2"" xmlns=""http://schemas.microsoft.com/windows/2004/02/mit/task""&gt;   &lt;RegistrationInfo&gt;     &lt;Date&gt;2023-04-20T21:58:08.1597419&lt;/Date&gt;     &lt;Author&gt;KUSTOWORKS\Administrator&lt;/Author&gt;     &lt;URI&gt;\est&lt;/URI&gt;   &lt;/RegistrationInfo&gt;   &lt;Principals&gt;     &lt;Principal id=""Author""&gt;       &lt;UserId&gt;S-1-5-21-2496762881-1366215883-1809657155-500&lt;/UserId&gt;       &lt;LogonType&gt;Password&lt;/LogonType&gt;       &lt;RunLevel&gt;HighestAvailable&lt;/RunLevel&gt;     &lt;/Principal&gt;   &lt;/Principals&gt;   &lt;Settings&gt;     &lt;DisallowStartIfOnBatteries&gt;true&lt;/DisallowStartIfOnBatteries&gt;     &lt;StopIfGoingOnBatteries&gt;true&lt;/StopIfGoingOnBatteries&gt;     &lt;MultipleInstancesPolicy&gt;IgnoreNew&lt;/MultipleInstancesPolicy&gt;     &lt;IdleSettings&gt;       &lt;StopOnIdleEnd&gt;true&lt;/StopOnIdleEnd&gt;       &lt;RestartOnIdle&gt;false&lt;/RestartOnIdle&gt;     &lt;/IdleSettings&gt;   &lt;/Settings&gt;   &lt;Triggers&gt;     &lt;CalendarTrigger&gt;       &lt;StartBoundary&gt;2023-04-20T21:57:34&lt;/StartBoundary&gt;       &lt;RandomDelay&gt;PT1H&lt;/RandomDelay&gt;       &lt;ScheduleByDay&gt;         &lt;DaysInterval&gt;1&lt;/DaysInterval&gt;       &lt;/ScheduleByDay&gt;     &lt;/CalendarTrigger&gt;   &lt;/Triggers&gt;   &lt;Actions Context=""Author""&gt;     &lt;Exec&gt;       &lt;Command&gt;C:\Windows\System32\cmd.exe&lt;/Command&gt;       &lt;Arguments&gt;ping 8.8.8.8&lt;/Arguments&gt;     &lt;/Exec&gt;   &lt;/Actions&gt; &lt;/Task&gt;</Data>
  <Data Name=""ClientProcessStartKey"">14073748835533267</Data>
  <Data Name=""ClientProcessId"">2936</Data>
  <Data Name=""ParentProcessId"">2220</Data>
  <Data Name=""RpcCallClientLocality"">0</Data>
  <Data Name=""FQDN"">DC1.kustoworks.com</Data>
</EventData>",4700,"4700 - A scheduled task was enabled.","cc046e6c-795c-47b2-a5ae-c9a0645e6d32","cc046e6c-795c-47b2-a5ae-c9a0645e6d33","00000000-0000-0000-0000-000000000001","4/20/2023, 8:11:20.188 PM","AOI-00000000-0000-0000-0000-000000000000",,,,,,,,,,,,,,,,,,,,,,,,,,,,,,,,,,,,,,,,,,,,,,,,,,,,,,,,,,,,,,,,,,,,,,,,,,,,,,,,,,,,,,,,,,,,,,,,,,,,,,,,,,,,,,,,,,,,,,,,,,,,,,,,,,,,,,,,,,,,,,,,,,,,,,,,,,,,,,,"KUSTOWORKS\Administrator",,,,KUSTOWORKS,,0x6c5235,,,Administrator,"S-1-5-21-2496762881-1366215883-1809657155-500",,,,,,,,,,,,,,,,,,,,,,,,,,,,,,,,,,,,,SecurityEvent,"/subscriptions/00000000-0000-0000-0000-000000000000/resourcegroups/kustoworksarc/providers/microsoft.hybridcompute/machines/dc1"
"00000000-0000-0000-0000-000000000000","4/23/2023, 6:24:17.544 PM",OpsManager,,,"DC1.kustoworks.com","Microsoft-Windows-Security-Auditing",Security,1,0,"<EventData xmlns=""http://schemas.microsoft.com/win/2004/08/events/event"">
  <Data Name=""SubjectUserSid"">S-1-5-21-2496762881-1366215883-1809657155-500</Data>
  <Data Name=""SubjectUserName"">Administrator</Data>
  <Data Name=""SubjectDomainName"">KUSTOWORKS</Data>
  <Data Name=""SubjectLogonId"">0x1ad0fc</Data>
  <Data Name=""TaskName"">\KustoKing</Data>
  <Data Name=""TaskContent"">&lt;?xml version=""1.0"" encoding=""UTF-16""?&gt; &lt;Task version=""1.2"" xmlns=""http://schemas.microsoft.com/windows/2004/02/mit/task""&gt;   &lt;RegistrationInfo&gt;     &lt;Date&gt;2023-04-23T20:24:03.6725573&lt;/Date&gt;     &lt;Author&gt;KUSTOWORKS\Administrator&lt;/Author&gt;     &lt;URI&gt;\KustoKing&lt;/URI&gt;   &lt;/RegistrationInfo&gt;   &lt;Principals&gt;     &lt;Principal id=""Author""&gt;       &lt;UserId&gt;S-1-5-21-2496762881-1366215883-1809657155-500&lt;/UserId&gt;       &lt;LogonType&gt;Password&lt;/LogonType&gt;       &lt;RunLevel&gt;HighestAvailable&lt;/RunLevel&gt;     &lt;/Principal&gt;   &lt;/Principals&gt;   &lt;Settings&gt;     &lt;DisallowStartIfOnBatteries&gt;true&lt;/DisallowStartIfOnBatteries&gt;     &lt;StopIfGoingOnBatteries&gt;true&lt;/StopIfGoingOnBatteries&gt;     &lt;Enabled&gt;false&lt;/Enabled&gt;     &lt;ExecutionTimeLimit&gt;PT1H&lt;/ExecutionTimeLimit&gt;     &lt;MultipleInstancesPolicy&gt;IgnoreNew&lt;/MultipleInstancesPolicy&gt;     &lt;IdleSettings&gt;       &lt;StopOnIdleEnd&gt;true&lt;/StopOnIdleEnd&gt;       &lt;RestartOnIdle&gt;false&lt;/RestartOnIdle&gt;     &lt;/IdleSettings&gt;   &lt;/Settings&gt;   &lt;Triggers&gt;     &lt;CalendarTrigger&gt;       &lt;StartBoundary&gt;2023-04-23T20:23:18&lt;/StartBoundary&gt;       &lt;RandomDelay&gt;PT1H&lt;/RandomDelay&gt;       &lt;ScheduleByDay&gt;         &lt;DaysInterval&gt;1&lt;/DaysInterval&gt;       &lt;/ScheduleByDay&gt;     &lt;/CalendarTrigger&gt;   &lt;/Triggers&gt;   &lt;Actions Context=""Author""&gt;     &lt;Exec&gt;       &lt;Command&gt;C:\Windows\System32\cmd.exe&lt;/Command&gt;       &lt;Arguments&gt;ping www.kustoking.com&lt;/Arguments&gt;     &lt;/Exec&gt;   &lt;/Actions&gt; &lt;/Task&gt;</Data>
  <Data Name=""ClientProcessStartKey"">14355223812243727</Data>
  <Data Name=""ClientProcessId"">6756</Data>
  <Data Name=""ParentProcessId"">5640</Data>
  <Data Name=""RpcCallClientLocality"">0</Data>
  <Data Name=""FQDN"">DC1.kustoworks.com</Data>
</EventData>",4701,"4701 - A scheduled task was disabled.","cc046e6c-795c-47b2-a5ae-c9a0645e6d32","cc046e6c-795c-47b2-a5ae-c9a0645e6d33","00000000-0000-0000-0000-000000000001","4/23/2023, 6:26:20.345 PM","AOI-00000000-0000-0000-0000-000000000000",,,,,,,,,,,,,,,,,,,,,,,,,,,,,,,,,,,,,,,,,,,,,,,,,,,,,,,,,,,,,,,,,,,,,,,,,,,,,,,,,,,,,,,,,,,,,,,,,,,,,,,,,,,,,,,,,,,,,,,,,,,,,,,,,,,,,,,,,,,,,,,,,,,,,,,,,,,,,,,,,,,,,,,,,,,,,,,,,,,,,,,,,,,,,,,,,,,,,,,,,,,,,,SecurityEvent,"/subscriptions/00000000-0000-0000-0000-000000000000/resourcegroups/kustoworksarc/providers/microsoft.hybridcompute/machines/dc1"
"00000000-0000-0000-0000-000000000000","5/10/2023, 6:49:07.740 AM",OpsManager,,,"DC1.kustoworks.com","Microsoft-Windows-Eventlog",Security,104,4,"<UserData xmlns=""http://schemas.microsoft.com/win/2004/08/events/event"">
  <LogFileCleared xmlns=""http://manifests.microsoft.com/win/2004/08/windows/eventlog"">
    <SubjectUserSid>S-1-5-21-2496762881-1366215883-1809657155-500</SubjectUserSid>
    <SubjectUserName>Administrator</SubjectUserName>
    <SubjectDomainName>KUSTOWORKS</SubjectDomainName>
    <SubjectLogonId>0x43d1df</SubjectLogonId>
  </LogFileCleared>
</UserData>",1102,"1102 - The audit log was cleared.","cc046e6c-795c-47b2-a5ae-c9a0645e6d32","cc046e6c-795c-47b2-a5ae-c9a0645e6d33","00000000-0000-0000-0000-000000000001","5/10/2023, 7:18:12.012 AM","AOI-00000000-0000-0000-0000-000000000000",,,,,,,,,,,,,,,,,,,,,,,,,,,,,,,,,,,,,,,,,,,,,,,,,,,,,,,,,,,,,,,,,,,,,,,,,,,,,,,,,,,,,,,,,,,,,,,,,,,,,,,,,,,,,,,,,,,,,,,,,,,,,,,,,,,,,,,,,,,,,,,,,,,,,,,,,,,,,,,,,,,,,,,,,,,,,,,,,,,,,,,,,,,,,,,,,,,,,,,,,,,,,,SecurityEvent,"/subscriptions/00000000-0000-0000-0000-000000000000/resourcegroups/kustoworksarc/providers/microsoft.hybridcompute/machines/dc1"
"00000000-0000-0000-0000-000000000000","4/20/2023, 8:11:01.367 PM",OpsManager,,,"DC1.kustoworks.com","Microsoft-Windows-Security-Auditing",Security,1,0,"<EventData xmlns=""http://schemas.microsoft.com/win/2004/08/events/event"">
  <Data Name=""SubjectUserSid"">S-1-5-21-2496762881-1366215883-1809657155-500</Data>
  <Data Name=""SubjectUserName"">Administrator</Data>
  <Data Name=""SubjectDomainName"">KUSTOWORKS</Data>
  <Data Name=""SubjectLogonId"">0x6c5235</Data>
  <Data Name=""TaskName"">\Test</Data>
  <Data Name=""TaskContent"">&lt;?xml version=""1.0"" encoding=""UTF-16""?&gt; &lt;Task version=""1.2"" xmlns=""http://schemas.microsoft.com/windows/2004/02/mit/task""&gt;   &lt;RegistrationInfo&gt;     &lt;Date&gt;2023-04-20T22:10:37.93805&lt;/Date&gt;     &lt;Author&gt;KUSTOWORKS\Administrator&lt;/Author&gt;     &lt;URI&gt;\Test&lt;/URI&gt;   &lt;/RegistrationInfo&gt;   &lt;Principals&gt;     &lt;Principal id=""Author""&gt;       &lt;UserId&gt;S-1-5-21-2496762881-1366215883-1809657155-500&lt;/UserId&gt;       &lt;LogonType&gt;InteractiveToken&lt;/LogonType&gt;     &lt;/Principal&gt;   &lt;/Principals&gt;   &lt;Settings&gt;     &lt;DisallowStartIfOnBatteries&gt;true&lt;/DisallowStartIfOnBatteries&gt;     &lt;StopIfGoingOnBatteries&gt;true&lt;/StopIfGoingOnBatteries&gt;     &lt;Enabled&gt;false&lt;/Enabled&gt;     &lt;MultipleInstancesPolicy&gt;IgnoreNew&lt;/MultipleInstancesPolicy&gt;     &lt;IdleSettings&gt;       &lt;StopOnIdleEnd&gt;true&lt;/StopOnIdleEnd&gt;       &lt;RestartOnIdle&gt;false&lt;/RestartOnIdle&gt;     &lt;/IdleSettings&gt;   &lt;/Settings&gt;   &lt;Triggers&gt;     &lt;CalendarTrigger&gt;       &lt;StartBoundary&gt;2023-04-20T22:10:16&lt;/StartBoundary&gt;       &lt;RandomDelay&gt;PT1H&lt;/RandomDelay&gt;       &lt;ScheduleByDay&gt;         &lt;DaysInterval&gt;1&lt;/DaysInterval&gt;       &lt;/ScheduleByDay&gt;     &lt;/CalendarTrigger&gt;   &lt;/Triggers&gt;   &lt;Actions Context=""Author""&gt;     &lt;Exec&gt;       &lt;Command&gt;C:\Windows\System32\cmd.exe&lt;/Command&gt;       &lt;Arguments&gt;ping 8.8.4.4&lt;/Arguments&gt;     &lt;/Exec&gt;   &lt;/Actions&gt; &lt;/Task&gt;</Data>
  <Data Name=""ClientProcessStartKey"">14073748835533267</Data>
  <Data Name=""ClientProcessId"">2936</Data>
  <Data Name=""ParentProcessId"">2220</Data>
  <Data Name=""RpcCallClientLocality"">0</Data>
  <Data Name=""FQDN"">DC1.kustoworks.com</Data>
</EventData>",4701,"4701 - A scheduled task was disabled.","cc046e6c-795c-47b2-a5ae-c9a0645e6d32","cc046e6c-795c-47b2-a5ae-c9a0645e6d33","00000000-0000-0000-0000-000000000001","4/20/2023, 8:11:38.174 PM","AOI-00000000-0000-0000-0000-000000000000",,,,,,,,,,,,,,,,,,,,,,,,,,,,,,,,,,,,,,,,,,,,,,,,,,,,,,,,,,,,,,,,,,,,,,,,,,,,,,,,,,,,,,,,,,,,,,,,,,,,,,,,,,,,,,,,,,,,,,,,,,,,,,,,,,,,,,,,,,,,,,,,,,,,,,,,,,,,,,,,,,,,,,,,,,,,,,,,,,,,,,,,,,,,,,,,,,,,,,,,,,,,,,SecurityEvent,"/subscriptions/00000000-0000-0000-0000-000000000000/resourcegroups/kustoworksarc/providers/microsoft.hybridcompute/machines/dc1"
"00000000-0000-0000-0000-000000000000","4/20/2023, 8:08:08.526 PM",OpsManager,,,"DC1.kustoworks.com","Microsoft-Windows-Security-Auditing",Security,1,0,"<EventData xmlns=""http://schemas.microsoft.com/win/2004/08/events/event"">
  <Data Name=""SubjectUserSid"">S-1-5-21-2496762881-1366215883-1809657155-500</Data>
  <Data Name=""SubjectUserName"">Administrator</Data>
  <Data Name=""SubjectDomainName"">KUSTOWORKS</Data>
  <Data Name=""SubjectLogonId"">0x6c5235</Data>
  <Data Name=""TaskName"">\est</Data>
  <Data Name=""TaskContent"">&lt;?xml version=""1.0"" encoding=""UTF-16""?&gt; &lt;Task version=""1.2"" xmlns=""http://schemas.microsoft.com/windows/2004/02/mit/task""&gt;   &lt;RegistrationInfo&gt;     &lt;Date&gt;2023-04-20T21:58:08.1597419&lt;/Date&gt;     &lt;Author&gt;KUSTOWORKS\Administrator&lt;/Author&gt;     &lt;URI&gt;\est&lt;/URI&gt;   &lt;/RegistrationInfo&gt;   &lt;Principals&gt;     &lt;Principal id=""Author""&gt;       &lt;UserId&gt;S-1-5-21-2496762881-1366215883-1809657155-500&lt;/UserId&gt;       &lt;LogonType&gt;Password&lt;/LogonType&gt;       &lt;RunLevel&gt;HighestAvailable&lt;/RunLevel&gt;     &lt;/Principal&gt;   &lt;/Principals&gt;   &lt;Settings&gt;     &lt;DisallowStartIfOnBatteries&gt;true&lt;/DisallowStartIfOnBatteries&gt;     &lt;StopIfGoingOnBatteries&gt;true&lt;/StopIfGoingOnBatteries&gt;     &lt;Enabled&gt;false&lt;/Enabled&gt;     &lt;MultipleInstancesPolicy&gt;IgnoreNew&lt;/MultipleInstancesPolicy&gt;     &lt;IdleSettings&gt;       &lt;StopOnIdleEnd&gt;true&lt;/StopOnIdleEnd&gt;       &lt;RestartOnIdle&gt;false&lt;/RestartOnIdle&gt;     &lt;/IdleSettings&gt;   &lt;/Settings&gt;   &lt;Triggers&gt;     &lt;CalendarTrigger&gt;       &lt;StartBoundary&gt;2023-04-20T21:57:34&lt;/StartBoundary&gt;       &lt;RandomDelay&gt;PT1H&lt;/RandomDelay&gt;       &lt;ScheduleByDay&gt;         &lt;DaysInterval&gt;1&lt;/DaysInterval&gt;       &lt;/ScheduleByDay&gt;     &lt;/CalendarTrigger&gt;   &lt;/Triggers&gt;   &lt;Actions Context=""Author""&gt;     &lt;Exec&gt;       &lt;Command&gt;C:\Windows\System32\cmd.exe&lt;/Command&gt;       &lt;Arguments&gt;ping 8.8.8.8&lt;/Arguments&gt;     &lt;/Exec&gt;   &lt;/Actions&gt; &lt;/Task&gt;</Data>
  <Data Name=""ClientProcessStartKey"">14073748835533267</Data>
  <Data Name=""ClientProcessId"">2936</Data>
  <Data Name=""ParentProcessId"">2220</Data>
  <Data Name=""RpcCallClientLocality"">0</Data>
  <Data Name=""FQDN"">DC1.kustoworks.com</Data>
</EventData>",4701,"4701 - A scheduled task was disabled.","cc046e6c-795c-47b2-a5ae-c9a0645e6d32","cc046e6c-795c-47b2-a5ae-c9a0645e6d33","00000000-0000-0000-0000-000000000001","4/20/2023, 8:09:18.719 PM","AOI-00000000-0000-0000-0000-000000000000",,,,,,,,,,,,,,,,,,,,,,,,,,,,,,,,,,,,,,,,,,,,,,,,,,,,,,,,,,,,,,,,,,,,,,,,,,,,,,,,,,,,,,,,,,,,,,,,,,,,,,,,,,,,,,,,,,,,,,,,,,,,,,,,,,,,,,,,,,,,,,,,,,,,,,,,,,,,,,,,,,,,,,,,,,,,,,,,,,,,,,,,,,,,,,,,,,,,,,,,,,,,,,SecurityEvent,"/subscriptions/00000000-0000-0000-0000-000000000000/resourcegroups/kustoworksarc/providers/microsoft.hybridcompute/machines/dc1"
"00000000-0000-0000-0000-000000000000","4/20/2023, 8:08:35.480 PM",OpsManager,,,"DC1.kustoworks.com","Microsoft-Windows-Security-Auditing",Security,1,0,"<EventData xmlns=""http://schemas.microsoft.com/win/2004/08/events/event"">
  <Data Name=""SubjectUserSid"">S-1-5-21-2496762881-1366215883-1809657155-500</Data>
  <Data Name=""SubjectUserName"">Administrator</Data>
  <Data Name=""SubjectDomainName"">KUSTOWORKS</Data>
  <Data Name=""SubjectLogonId"">0x6c5235</Data>
  <Data Name=""TaskName"">\est</Data>
  <Data Name=""TaskContent"">&lt;?xml version=""1.0"" encoding=""UTF-16""?&gt; &lt;Task version=""1.2"" xmlns=""http://schemas.microsoft.com/windows/2004/02/mit/task""&gt;   &lt;RegistrationInfo&gt;     &lt;Date&gt;2023-04-20T21:58:08.1597419&lt;/Date&gt;     &lt;Author&gt;KUSTOWORKS\Administrator&lt;/Author&gt;     &lt;URI&gt;\est&lt;/URI&gt;   &lt;/RegistrationInfo&gt;   &lt;Principals&gt;     &lt;Principal id=""Author""&gt;       &lt;UserId&gt;S-1-5-21-2496762881-1366215883-1809657155-500&lt;/UserId&gt;       &lt;LogonType&gt;Password&lt;/LogonType&gt;       &lt;RunLevel&gt;HighestAvailable&lt;/RunLevel&gt;     &lt;/Principal&gt;   &lt;/Principals&gt;   &lt;Settings&gt;     &lt;DisallowStartIfOnBatteries&gt;true&lt;/DisallowStartIfOnBatteries&gt;     &lt;StopIfGoingOnBatteries&gt;true&lt;/StopIfGoingOnBatteries&gt;     &lt;Enabled&gt;false&lt;/Enabled&gt;     &lt;MultipleInstancesPolicy&gt;IgnoreNew&lt;/MultipleInstancesPolicy&gt;     &lt;IdleSettings&gt;       &lt;StopOnIdleEnd&gt;true&lt;/StopOnIdleEnd&gt;       &lt;RestartOnIdle&gt;false&lt;/RestartOnIdle&gt;     &lt;/IdleSettings&gt;   &lt;/Settings&gt;   &lt;Triggers&gt;     &lt;CalendarTrigger&gt;       &lt;StartBoundary&gt;2023-04-20T21:57:34&lt;/StartBoundary&gt;       &lt;RandomDelay&gt;PT1H&lt;/RandomDelay&gt;       &lt;ScheduleByDay&gt;         &lt;DaysInterval&gt;1&lt;/DaysInterval&gt;       &lt;/ScheduleByDay&gt;     &lt;/CalendarTrigger&gt;   &lt;/Triggers&gt;   &lt;Actions Context=""Author""&gt;     &lt;Exec&gt;       &lt;Command&gt;C:\Windows\System32\cmd.exe&lt;/Command&gt;       &lt;Arguments&gt;ping 8.8.8.8&lt;/Arguments&gt;     &lt;/Exec&gt;   &lt;/Actions&gt; &lt;/Task&gt;</Data>
  <Data Name=""ClientProcessStartKey"">14073748835533267</Data>
  <Data Name=""ClientProcessId"">2936</Data>
  <Data Name=""ParentProcessId"">2220</Data>
  <Data Name=""RpcCallClientLocality"">0</Data>
  <Data Name=""FQDN"">DC1.kustoworks.com</Data>
</EventData>",4701,"4701 - A scheduled task was disabled.","cc046e6c-795c-47b2-a5ae-c9a0645e6d32","cc046e6c-795c-47b2-a5ae-c9a0645e6d33","00000000-0000-0000-0000-000000000001","4/20/2023, 8:11:20.188 PM","AOI-00000000-0000-0000-0000-000000000000",,,,,,,,,,,,,,,,,,,,,,,,,,,,,,,,,,,,,,,,,,,,,,,,,,,,,,,,,,,,,,,,,,,,,,,,,,,,,,,,,,,,,,,,,,,,,,,,,,,,,,,,,,,,,,,,,,,,,,,,,,,,,,,,,,,,,,,,,,,,,,,,,,,,,,,,,,,,,,,,,,,,,,,,,,,,,,,,,,,,,,,,,,,,,,,,,,,,,,,,,,,,,,SecurityEvent,"/subscriptions/00000000-0000-0000-0000-000000000000/resourcegroups/kustoworksarc/providers/microsoft.hybridcompute/machines/dc1"
"00000000-0000-0000-0000-000000000000","4/23/2023, 6:26:50.302 PM",OpsManager,,,"DC1.kustoworks.com","Microsoft-Windows-Security-Auditing",Security,1,0,"<EventData xmlns=""http://schemas.microsoft.com/win/2004/08/events/event"">
  <Data Name=""SubjectUserSid"">S-1-5-18</Data>
  <Data Name=""SubjectUserName"">DC1$</Data>
  <Data Name=""SubjectDomainName"">KUSTOWORKS</Data>
  <Data Name=""SubjectLogonId"">0x3e7</Data>
  <Data Name=""TaskName"">\Microsoft\Windows\Windows Defender\Windows Defender Scheduled Scan</Data>
  <Data Name=""TaskContent"">&lt;?xml version=""1.0"" encoding=""UTF-16""?&gt; &lt;Task version=""1.3"" xmlns=""http://schemas.microsoft.com/windows/2004/02/mit/task""&gt;   &lt;RegistrationInfo&gt;     &lt;Description&gt;Periodic scan task.&lt;/Description&gt;     &lt;URI&gt;\Microsoft\Windows\Windows Defender\Windows Defender Scheduled Scan&lt;/URI&gt;   &lt;/RegistrationInfo&gt;   &lt;Triggers&gt;     &lt;CalendarTrigger&gt;       &lt;StartBoundary&gt;2000-01-01T02:50:02&lt;/StartBoundary&gt;       &lt;EndBoundary&gt;2100-01-01T00:00:00&lt;/EndBoundary&gt;       &lt;Enabled&gt;true&lt;/Enabled&gt;       &lt;ScheduleByDay&gt;         &lt;DaysInterval&gt;1&lt;/DaysInterval&gt;       &lt;/ScheduleByDay&gt;     &lt;/CalendarTrigger&gt;   &lt;/Triggers&gt;   &lt;Principals&gt;     &lt;Principal id=""LocalSystem""&gt;       &lt;UserId&gt;S-1-5-18&lt;/UserId&gt;       &lt;RunLevel&gt;HighestAvailable&lt;/RunLevel&gt;     &lt;/Principal&gt;   &lt;/Principals&gt;   &lt;Settings&gt;     &lt;MultipleInstancesPolicy&gt;IgnoreNew&lt;/MultipleInstancesPolicy&gt;     &lt;DisallowStartIfOnBatteries&gt;true&lt;/DisallowStartIfOnBatteries&gt;     &lt;StopIfGoingOnBatteries&gt;false&lt;/StopIfGoingOnBatteries&gt;     &lt;AllowHardTerminate&gt;true&lt;/AllowHardTerminate&gt;     &lt;StartWhenAvailable&gt;true&lt;/StartWhenAvailable&gt;     &lt;RunOnlyIfNetworkAvailable&gt;false&lt;/RunOnlyIfNetworkAvailable&gt;     &lt;IdleSettings&gt;       &lt;Duration&gt;PT0H1M0S&lt;/Duration&gt;       &lt;WaitTimeout&gt;PT4H0M0S&lt;/WaitTimeout&gt;       &lt;StopOnIdleEnd&gt;false&lt;/StopOnIdleEnd&gt;       &lt;RestartOnIdle&gt;false&lt;/RestartOnIdle&gt;     &lt;/IdleSettings&gt;     &lt;AllowStartOnDemand&gt;true&lt;/AllowStartOnDemand&gt;     &lt;Enabled&gt;true&lt;/Enabled&gt;     &lt;Hidden&gt;false&lt;/Hidden&gt;     &lt;RunOnlyIfIdle&gt;true&lt;/RunOnlyIfIdle&gt;     &lt;DisallowStartOnRemoteAppSession&gt;false&lt;/DisallowStartOnRemoteAppSession&gt;     &lt;UseUnifiedSchedulingEngine&gt;true&lt;/UseUnifiedSchedulingEngine&gt;     &lt;WakeToRun&gt;false&lt;/WakeToRun&gt;     &lt;ExecutionTimeLimit&gt;PT72H&lt;/ExecutionTimeLimit&gt;     &lt;Priority&gt;7&lt;/Priority&gt;   &lt;/Settings&gt;   &lt;Actions Context=""LocalSystem""&gt;     &lt;Exec&gt;       &lt;Command&gt;C:\ProgramData\Microsoft\Windows Defender\Platform\4.18.2303.8-0\MpCmdRun.exe&lt;/Command&gt;       &lt;Arguments&gt;Scan -ScheduleJob -ScanTrigger 55 -IdleScheduledJob&lt;/Arguments&gt;     &lt;/Exec&gt;   &lt;/Actions&gt; &lt;/Task&gt;</Data>
  <Data Name=""ClientProcessStartKey"">14355223812243514</Data>
  <Data Name=""ClientProcessId"">2476</Data>
  <Data Name=""ParentProcessId"">684</Data>
  <Data Name=""RpcCallClientLocality"">0</Data>
  <Data Name=""FQDN"">DC1.kustoworks.com</Data>
</EventData>",4698,"4698 - A scheduled task was created.","cc046e6c-795c-47b2-a5ae-c9a0645e6d32","cc046e6c-795c-47b2-a5ae-c9a0645e6d33","00000000-0000-0000-0000-000000000001","4/23/2023, 6:27:14.217 PM","AOI-00000000-0000-0000-0000-000000000000",,,,,,,,,,,,,,,,,,,,,,,,,,,,,,,,,,,,,,,,,,,,,,,,,,,,,,,,,,,,,,,,,,,,,,,,,,,,,,,,,,,,,,,,,,,,,,,,,,,,,,,,,,,,,,,,,,,,,,,,,,,,,,,,,,,,,,,,,,,,,,,,,,,,,,,,,,,,,,,,,,,,,,,,,,,,,,,,,,,,,,,,,,,,,,,,,,,,,,,,,,,,,,SecurityEvent,"/subscriptions/00000000-0000-0000-0000-000000000000/resourcegroups/kustoworksarc/providers/microsoft.hybridcompute/machines/dc1"
"00000000-0000-0000-0000-000000000000","4/23/2023, 6:21:31.760 PM",OpsManager,,,"DC1.kustoworks.com","Microsoft-Windows-Security-Auditing",Security,1,0,"<EventData xmlns=""http://schemas.microsoft.com/win/2004/08/events/event"">
  <Data Name=""SubjectUserSid"">S-1-5-21-2496762881-1366215883-1809657155-500</Data>
  <Data Name=""SubjectUserName"">Administrator</Data>
  <Data Name=""SubjectDomainName"">KUSTOWORKS</Data>
  <Data Name=""SubjectLogonId"">0x1ad0fc</Data>
  <Data Name=""TaskName"">\CreateExplorerShellUnelevatedTask</Data>
  <Data Name=""TaskContent"">&lt;?xml version=""1.0"" encoding=""UTF-16""?&gt; &lt;Task version=""1.3"" xmlns=""http://schemas.microsoft.com/windows/2004/02/mit/task""&gt;   &lt;RegistrationInfo&gt;     &lt;Author&gt;ExplorerShellUnelevated&lt;/Author&gt;     &lt;URI&gt;\CreateExplorerShellUnelevatedTask&lt;/URI&gt;   &lt;/RegistrationInfo&gt;   &lt;Triggers&gt;     &lt;RegistrationTrigger id=""CreateExplorerShell_Trigger""&gt;       &lt;Enabled&gt;true&lt;/Enabled&gt;       &lt;Delay&gt;PT0S&lt;/Delay&gt;     &lt;/RegistrationTrigger&gt;   &lt;/Triggers&gt;   &lt;Settings&gt;     &lt;MultipleInstancesPolicy&gt;IgnoreNew&lt;/MultipleInstancesPolicy&gt;     &lt;DisallowStartIfOnBatteries&gt;false&lt;/DisallowStartIfOnBatteries&gt;     &lt;StopIfGoingOnBatteries&gt;false&lt;/StopIfGoingOnBatteries&gt;     &lt;AllowHardTerminate&gt;true&lt;/AllowHardTerminate&gt;     &lt;StartWhenAvailable&gt;true&lt;/StartWhenAvailable&gt;     &lt;RunOnlyIfNetworkAvailable&gt;false&lt;/RunOnlyIfNetworkAvailable&gt;     &lt;IdleSettings&gt;       &lt;Duration&gt;PT10M&lt;/Duration&gt;       &lt;WaitTimeout&gt;PT1H&lt;/WaitTimeout&gt;       &lt;StopOnIdleEnd&gt;true&lt;/StopOnIdleEnd&gt;       &lt;RestartOnIdle&gt;false&lt;/RestartOnIdle&gt;     &lt;/IdleSettings&gt;     &lt;AllowStartOnDemand&gt;true&lt;/AllowStartOnDemand&gt;     &lt;Enabled&gt;true&lt;/Enabled&gt;     &lt;Hidden&gt;false&lt;/Hidden&gt;     &lt;RunOnlyIfIdle&gt;false&lt;/RunOnlyIfIdle&gt;     &lt;DisallowStartOnRemoteAppSession&gt;false&lt;/DisallowStartOnRemoteAppSession&gt;     &lt;UseUnifiedSchedulingEngine&gt;true&lt;/UseUnifiedSchedulingEngine&gt;     &lt;WakeToRun&gt;false&lt;/WakeToRun&gt;     &lt;ExecutionTimeLimit&gt;PT72H&lt;/ExecutionTimeLimit&gt;     &lt;Priority&gt;6&lt;/Priority&gt;   &lt;/Settings&gt;   &lt;Actions Context=""Author""&gt;     &lt;Exec&gt;       &lt;Command&gt;C:\Windows\Explorer.EXE&lt;/Command&gt;       &lt;Arguments&gt;/NoUACCheck&lt;/Arguments&gt;     &lt;/Exec&gt;   &lt;/Actions&gt;   &lt;Principals&gt;     &lt;Principal id=""Author""&gt;       &lt;UserId&gt;KUSTOWORKS\Administrator&lt;/UserId&gt;       &lt;LogonType&gt;InteractiveToken&lt;/LogonType&gt;       &lt;RunLevel&gt;LeastPrivilege&lt;/RunLevel&gt;     &lt;/Principal&gt;   &lt;/Principals&gt; &lt;/Task&gt;</Data>
  <Data Name=""ClientProcessStartKey"">14355223812243665</Data>
  <Data Name=""ClientProcessId"">3900</Data>
  <Data Name=""ParentProcessId"">1556</Data>
  <Data Name=""RpcCallClientLocality"">0</Data>
  <Data Name=""FQDN"">DC1.kustoworks.com</Data>
</EventData>",4698,"4698 - A scheduled task was created.","cc046e6c-795c-47b2-a5ae-c9a0645e6d32","cc046e6c-795c-47b2-a5ae-c9a0645e6d33","00000000-0000-0000-0000-000000000001","4/23/2023, 6:25:40.551 PM","AOI-00000000-0000-0000-0000-000000000000",,,,,,,,,,,,,,,,,,,,,,,,,,,,,,,,,,,,,,,,,,,,,,,,,,,,,,,,,,,,,,,,,,,,,,,,,,,,,,,,,,,,,,,,,,,,,,,,,,,,,,,,,,,,,,,,,,,,,,,,,,,,,,,,,,,,,,,,,,,,,,,,,,,,,,,,,,,,,,,,,,,,,,,,,,,,,,,,,,,,,,,,,,,,,,,,,,,,,,,,,,,,,,SecurityEvent,"/subscriptions/00000000-0000-0000-0000-000000000000/resourcegroups/kustoworksarc/providers/microsoft.hybridcompute/machines/dc1"
"00000000-0000-0000-0000-000000000000","4/23/2023, 6:24:11.648 PM",OpsManager,,,"DC1.kustoworks.com","Microsoft-Windows-Security-Auditing",Security,1,0,"<EventData xmlns=""http://schemas.microsoft.com/win/2004/08/events/event"">
  <Data Name=""SubjectUserSid"">S-1-5-21-2496762881-1366215883-1809657155-500</Data>
  <Data Name=""SubjectUserName"">Administrator</Data>
  <Data Name=""SubjectDomainName"">KUSTOWORKS</Data>
  <Data Name=""SubjectLogonId"">0x1ad0fc</Data>
  <Data Name=""TaskName"">\KustoKing</Data>
  <Data Name=""TaskContent"">&lt;?xml version=""1.0"" encoding=""UTF-16""?&gt; &lt;Task version=""1.2"" xmlns=""http://schemas.microsoft.com/windows/2004/02/mit/task""&gt;   &lt;RegistrationInfo&gt;     &lt;Date&gt;2023-04-23T20:24:03.6725573&lt;/Date&gt;     &lt;Author&gt;KUSTOWORKS\Administrator&lt;/Author&gt;     &lt;URI&gt;\KustoKing&lt;/URI&gt;   &lt;/RegistrationInfo&gt;   &lt;Triggers&gt;     &lt;CalendarTrigger&gt;       &lt;StartBoundary&gt;2023-04-23T20:23:18.9799702&lt;/StartBoundary&gt;       &lt;Enabled&gt;true&lt;/Enabled&gt;       &lt;RandomDelay&gt;PT1H&lt;/RandomDelay&gt;       &lt;ScheduleByDay&gt;         &lt;DaysInterval&gt;1&lt;/DaysInterval&gt;       &lt;/ScheduleByDay&gt;     &lt;/CalendarTrigger&gt;   &lt;/Triggers&gt;   &lt;Principals&gt;     &lt;Principal id=""Author""&gt;       &lt;RunLevel&gt;HighestAvailable&lt;/RunLevel&gt;       &lt;UserId&gt;KUSTOWORKS\Administrator&lt;/UserId&gt;       &lt;LogonType&gt;Password&lt;/LogonType&gt;     &lt;/Principal&gt;   &lt;/Principals&gt;   &lt;Settings&gt;     &lt;MultipleInstancesPolicy&gt;IgnoreNew&lt;/MultipleInstancesPolicy&gt;     &lt;DisallowStartIfOnBatteries&gt;true&lt;/DisallowStartIfOnBatteries&gt;     &lt;StopIfGoingOnBatteries&gt;true&lt;/StopIfGoingOnBatteries&gt;     &lt;AllowHardTerminate&gt;true&lt;/AllowHardTerminate&gt;     &lt;StartWhenAvailable&gt;false&lt;/StartWhenAvailable&gt;     &lt;RunOnlyIfNetworkAvailable&gt;false&lt;/RunOnlyIfNetworkAvailable&gt;     &lt;IdleSettings&gt;       &lt;StopOnIdleEnd&gt;true&lt;/StopOnIdleEnd&gt;       &lt;RestartOnIdle&gt;false&lt;/RestartOnIdle&gt;     &lt;/IdleSettings&gt;     &lt;AllowStartOnDemand&gt;true&lt;/AllowStartOnDemand&gt;     &lt;Enabled&gt;true&lt;/Enabled&gt;     &lt;Hidden&gt;false&lt;/Hidden&gt;     &lt;RunOnlyIfIdle&gt;false&lt;/RunOnlyIfIdle&gt;     &lt;WakeToRun&gt;false&lt;/WakeToRun&gt;     &lt;ExecutionTimeLimit&gt;PT1H&lt;/ExecutionTimeLimit&gt;     &lt;Priority&gt;7&lt;/Priority&gt;   &lt;/Settings&gt;   &lt;Actions Context=""Author""&gt;     &lt;Exec&gt;       &lt;Command&gt;C:\Windows\System32\cmd.exe&lt;/Command&gt;       &lt;Arguments&gt;ping www.kustoking.com&lt;/Arguments&gt;     &lt;/Exec&gt;   &lt;/Actions&gt; &lt;/Task&gt;</Data>
  <Data Name=""ClientProcessStartKey"">14355223812243727</Data>
  <Data Name=""ClientProcessId"">6756</Data>
  <Data Name=""ParentProcessId"">5640</Data>
  <Data Name=""RpcCallClientLocality"">0</Data>
  <Data Name=""FQDN"">DC1.kustoworks.com</Data>
</EventData>",4698,"4698 - A scheduled task was created.","cc046e6c-795c-47b2-a5ae-c9a0645e6d32","cc046e6c-795c-47b2-a5ae-c9a0645e6d33","00000000-0000-0000-0000-000000000001","4/23/2023, 6:26:20.345 PM","AOI-00000000-0000-0000-0000-000000000000",,,,,,,,,,,,,,,,,,,,,,,,,,,,,,,,,,,,,,,,,,,,,,,,,,,,,,,,,,,,,,,,,,,,,,,,,,,,,,,,,,,,,,,,,,,,,,,,,,,,,,,,,,,,,,,,,,,,,,,,,,,,,,,,,,,,,,,,,,,,,,,,,,,,,,,,,,,,,,,,,,,,,,,,,,,,,,,,,,,,,,,,,,,,,,,,,,,,,,,,,,,,,,SecurityEvent,"/subscriptions/00000000-0000-0000-0000-000000000000/resourcegroups/kustoworksarc/providers/microsoft.hybridcompute/machines/dc1"
"00000000-0000-0000-0000-000000000000","4/23/2023, 7:12:01.984 PM",OpsManager,,,"DC1.kustoworks.com","Microsoft-Windows-Security-Auditing",Security,1,0,"<EventData xmlns=""http://schemas.microsoft.com/win/2004/08/events/event"">
  <Data Name=""SubjectUserSid"">S-1-5-18</Data>
  <Data Name=""SubjectUserName"">DC1$</Data>
  <Data Name=""SubjectDomainName"">KUSTOWORKS</Data>
  <Data Name=""SubjectLogonId"">0x3e7</Data>
  <Data Name=""TaskName"">\Microsoft\Windows\Windows Defender\Windows Defender Scheduled Scan</Data>
  <Data Name=""TaskContent"">&lt;?xml version=""1.0"" encoding=""UTF-16""?&gt; &lt;Task version=""1.3"" xmlns=""http://schemas.microsoft.com/windows/2004/02/mit/task""&gt;   &lt;RegistrationInfo&gt;     &lt;Description&gt;Periodic scan task.&lt;/Description&gt;     &lt;URI&gt;\Microsoft\Windows\Windows Defender\Windows Defender Scheduled Scan&lt;/URI&gt;   &lt;/RegistrationInfo&gt;   &lt;Triggers&gt;     &lt;CalendarTrigger&gt;       &lt;StartBoundary&gt;2000-01-01T03:30:12&lt;/StartBoundary&gt;       &lt;EndBoundary&gt;2100-01-01T00:00:00&lt;/EndBoundary&gt;       &lt;Enabled&gt;true&lt;/Enabled&gt;       &lt;ScheduleByDay&gt;         &lt;DaysInterval&gt;1&lt;/DaysInterval&gt;       &lt;/ScheduleByDay&gt;     &lt;/CalendarTrigger&gt;   &lt;/Triggers&gt;   &lt;Principals&gt;     &lt;Principal id=""LocalSystem""&gt;       &lt;UserId&gt;S-1-5-18&lt;/UserId&gt;       &lt;RunLevel&gt;HighestAvailable&lt;/RunLevel&gt;     &lt;/Principal&gt;   &lt;/Principals&gt;   &lt;Settings&gt;     &lt;MultipleInstancesPolicy&gt;IgnoreNew&lt;/MultipleInstancesPolicy&gt;     &lt;DisallowStartIfOnBatteries&gt;true&lt;/DisallowStartIfOnBatteries&gt;     &lt;StopIfGoingOnBatteries&gt;false&lt;/StopIfGoingOnBatteries&gt;     &lt;AllowHardTerminate&gt;true&lt;/AllowHardTerminate&gt;     &lt;StartWhenAvailable&gt;true&lt;/StartWhenAvailable&gt;     &lt;RunOnlyIfNetworkAvailable&gt;false&lt;/RunOnlyIfNetworkAvailable&gt;     &lt;IdleSettings&gt;       &lt;Duration&gt;PT0H1M0S&lt;/Duration&gt;       &lt;WaitTimeout&gt;PT4H0M0S&lt;/WaitTimeout&gt;       &lt;StopOnIdleEnd&gt;false&lt;/StopOnIdleEnd&gt;       &lt;RestartOnIdle&gt;false&lt;/RestartOnIdle&gt;     &lt;/IdleSettings&gt;     &lt;AllowStartOnDemand&gt;true&lt;/AllowStartOnDemand&gt;     &lt;Enabled&gt;true&lt;/Enabled&gt;     &lt;Hidden&gt;false&lt;/Hidden&gt;     &lt;RunOnlyIfIdle&gt;true&lt;/RunOnlyIfIdle&gt;     &lt;DisallowStartOnRemoteAppSession&gt;false&lt;/DisallowStartOnRemoteAppSession&gt;     &lt;UseUnifiedSchedulingEngine&gt;true&lt;/UseUnifiedSchedulingEngine&gt;     &lt;WakeToRun&gt;false&lt;/WakeToRun&gt;     &lt;ExecutionTimeLimit&gt;PT72H&lt;/ExecutionTimeLimit&gt;     &lt;Priority&gt;7&lt;/Priority&gt;   &lt;/Settings&gt;   &lt;Actions Context=""LocalSystem""&gt;     &lt;Exec&gt;       &lt;Command&gt;C:\ProgramData\Microsoft\Windows Defender\Platform\4.18.2303.8-0\MpCmdRun.exe&lt;/Command&gt;       &lt;Arguments&gt;Scan -ScheduleJob -ScanTrigger 55 -IdleScheduledJob&lt;/Arguments&gt;     &lt;/Exec&gt;   &lt;/Actions&gt; &lt;/Task&gt;</Data>
  <Data Name=""ClientProcessStartKey"">14918173765664830</Data>
  <Data Name=""ClientProcessId"">2468</Data>
  <Data Name=""ParentProcessId"">708</Data>
  <Data Name=""RpcCallClientLocality"">0</Data>
  <Data Name=""FQDN"">DC1.kustoworks.com</Data>
</EventData>",4698,"4698 - A scheduled task was created.","cc046e6c-795c-47b2-a5ae-c9a0645e6d32","cc046e6c-795c-47b2-a5ae-c9a0645e6d33","00000000-0000-0000-0000-000000000001","4/23/2023, 7:12:30.047 PM","AOI-00000000-0000-0000-0000-000000000000",,,,,,,,,,,,,,,,,,,,,,,,,,,,,,,,,,,,,,,,,,,,,,,,,,,,,,,,,,,,,,,,,,,,,,,,,,,,,,,,,,,,,,,,,,,,,,,,,,,,,,,,,,,,,,,,,,,,,,,,,,,,,,,,,,,,,,,,,,,,,,,,,,,,,,,,,,,,,,,,,,,,,,,,,,,,,,,,,,,,,,,,,,,,,,,,,,,,,,,,,,,,,,SecurityEvent,"/subscriptions/00000000-0000-0000-0000-000000000000/resourcegroups/kustoworksarc/providers/microsoft.hybridcompute/machines/dc1"
