"0b2a9277-f48f-49f6-b78d-d8bfd6dea87a",RestAPI,,,"7/27/2023, 2:26:47.388 PM",,,,,,,,,,,,,,,,,,25523,,".",Default,,,"Microsoft-Windows-DNSServer","eb79061a-a566-4698-9119-3ed2807060e7",260,0,16,"Microsoft-Windows-DNS-Server/Analytical ",4,"Information ",0,2,"RECURSE_QUERY ",9223372036854775824,"7/27/2023, 2:26:44.650 PM",2908,4024,INFO,2,INFO,windns,"NT AUTHORITY",SYSTEM,"S-1-5-18",User,0,0,"0.0.0.0",,0,"cds.d2s7q6s2.hwcdn.NET.",1,58140,0,58140,false,false,false,QUERY,false,NOERROR,false,false,false,"[{""dns.query.name"":""cds.d2s7q6s2.hwcdn.NET"",""dns.query.type"":""A"",""dns.query.class"":""IN""}]",0xE31C000000010000000000010363647308643273377136733205687763646E034E455400000100010000290FA0000000000000,".","e6ee7143-6e28-4fe5-8e1d-54fb9251b653","7/27/2023, 2:26:46.623 PM","in_windowsdns_auditanalytics_sentinel_windows","im_etw","172.18.88.20","N/A","192.5.6.30",,,,,,,NULL,,,,"NXLog_DNS_Server_CL",
"0b2a9277-f48f-49f6-b78d-d8bfd6dea87a",RestAPI,,,"7/27/2023, 2:26:47.388 PM",,,,,,,,,,,,,,,,,"[{""dns.additional.name"":""ns2.hwcdn.NET"",""dns.additional.type"":""A"",""dns.additional.class"":""IN"",""dns.additional.ttl"":172800,""dns.additional.data"":""209.197.2.10""},{""dns.additional.name"":""ns1.hwcdn.NET"",""dns.additional.type"":""A"",""dns.additional.class"":""IN"",""dns.additional.ttl"":172800,""dns.additional.data"":""69.16.174.10""}]",,2,".",Default,,0,"Microsoft-Windows-DNSServer","eb79061a-a566-4698-9119-3ed2807060e7",261,0,16,"Microsoft-Windows-DNS-Server/Analytical ",4,"Information ",0,2,"RECURSE_QUERY ",9223372036854775840,"7/27/2023, 2:26:44.698 PM",2908,4024,INFO,2,INFO,windns,"NT AUTHORITY",SYSTEM,"S-1-5-18",User,32768,0,"0.0.0.0","192.5.6.30",,"cds.d2s7q6s2.hwcdn.NET.",1,58140,0,58140,false,false,false,QUERY,true,NOERROR,false,false,false,"[{""dns.query.name"":""cds.d2s7q6s2.hwcdn.NET"",""dns.query.type"":""A"",""dns.query.class"":""IN""}]",0xE31C800000010000000200030363647308643273377136733205687763646E034E45540000010001C019000200010002A3000006036E7332C019C019000200010002A3000006036E7331C019C034000100010002A3000004D1C5020AC046000100010002A30000044510AE0A0000291000000000000000,".","e6ee7143-6e28-4fe5-8e1d-54fb9251b653","7/27/2023, 2:26:46.623 PM","in_windowsdns_auditanalytics_sentinel_windows","im_etw","172.18.88.20","N/A",,0,0,,,,,,"[{""dns.authority.name"":""hwcdn.NET"",""dns.authority.type"":""NS"",""dns.authority.class"":""IN"",""dns.authority.ttl"":172800,""dns.authority.data"":""ns2.hwcdn.NET""},{""dns.authority.name"":""hwcdn.NET"",""dns.authority.type"":""NS"",""dns.authority.class"":""IN"",""dns.authority.ttl"":172800,""dns.authority.data"":""ns1.hwcdn.NET""}]",,,"NXLog_DNS_Server_CL",
"0b2a9277-f48f-49f6-b78d-d8bfd6dea87a",RestAPI,,,"7/27/2023, 2:26:47.388 PM",,,,,,,,,,,,,,,,,,25523,,".",Default,,,"Microsoft-Windows-DNSServer","eb79061a-a566-4698-9119-3ed2807060e7",260,0,16,"Microsoft-Windows-DNS-Server/Analytical ",4,"Information ",0,2,"RECURSE_QUERY ",9223372036854775824,"7/27/2023, 2:26:44.698 PM",2908,4024,INFO,2,INFO,windns,"NT AUTHORITY",SYSTEM,"S-1-5-18",User,0,0,"0.0.0.0",,0,"cds.d2s7q6s2.hwcdn.NET.",1,28819,0,28819,false,false,false,QUERY,false,NOERROR,false,false,false,"[{""dns.query.name"":""cds.d2s7q6s2.hwcdn.NET"",""dns.query.type"":""A"",""dns.query.class"":""IN""}]",0x7093000000010000000000010363647308643273377136733205687763646E034E455400000100010000290FA0000000000000,".","e6ee7143-6e28-4fe5-8e1d-54fb9251b653","7/27/2023, 2:26:46.623 PM","in_windowsdns_auditanalytics_sentinel_windows","im_etw","172.18.88.20","N/A","69.16.174.10",,,,,,,NULL,,,,"NXLog_DNS_Server_CL",
"0b2a9277-f48f-49f6-b78d-d8bfd6dea87a",RestAPI,,,"7/27/2023, 2:26:47.388 PM",,,,,,,,,,,,,,,,,"[{""dns.additional.name"":""ns1.hwcdn.NET"",""dns.additional.type"":""A"",""dns.additional.class"":""IN"",""dns.additional.ttl"":86400,""dns.additional.data"":""69.16.174.10""},{""dns.additional.name"":""ns1.hwcdn.NET"",""dns.additional.type"":""AAAA"",""dns.additional.class"":""IN"",""dns.additional.ttl"":3600,""dns.additional.data"":""2001:4de0:ac11::1:0:1""},{""dns.additional.name"":""ns2.hwcdn.NET"",""dns.additional.type"":""A"",""dns.additional.class"":""IN"",""dns.additional.ttl"":86400,""dns.additional.data"":""209.197.2.10""},{""dns.additional.name"":""ns2.hwcdn.NET"",""dns.additional.type"":""AAAA"",""dns.additional.class"":""IN"",""dns.additional.ttl"":3600,""dns.additional.data"":""2001:4de0:ac12::1:0:2""}]",,3,".",Default,"[{""dns.answer.name"":""cds.d2s7q6s2.hwcdn.NET"",""dns.answer.type"":""A"",""dns.answer.class"":""IN"",""dns.answer.ttl"":300,""dns.answer.data"":""209.197.3.8""}]",0,"Microsoft-Windows-DNSServer","eb79061a-a566-4698-9119-3ed2807060e7",261,0,16,"Microsoft-Windows-DNS-Server/Analytical ",4,"Information ",0,2,"RECURSE_QUERY ",9223372036854775840,"7/27/2023, 2:26:44.739 PM",2908,4024,INFO,2,INFO,windns,"NT AUTHORITY",SYSTEM,"S-1-5-18",User,33792,0,"0.0.0.0","69.16.174.10",,"cds.d2s7q6s2.hwcdn.NET.",1,28819,0,28819,false,false,true,QUERY,true,NOERROR,false,false,false,"[{""dns.query.name"":""cds.d2s7q6s2.hwcdn.NET"",""dns.query.type"":""A"",""dns.query.class"":""IN""}]",0x7093840000010001000200040363647308643273377136733205687763646E034E45540000010001C00C000100010000012C0004D1C50308C01900020001000151800006036E7331C019C01900020001000151800006036E7332C019C044000100010001518000044510AE0AC044001C000100000E10001020014DE0AC1100000000000100000001C05600010001000151800004D1C5020AC056001C000100000E10001020014DE0AC1200000000000100000002,".","e6ee7143-6e28-4fe5-8e1d-54fb9251b653","7/27/2023, 2:26:47.139 PM","in_windowsdns_auditanalytics_sentinel_windows","im_etw","172.18.88.20","N/A",,1,0,,,,,,"[{""dns.authority.name"":""hwcdn.NET"",""dns.authority.type"":""NS"",""dns.authority.class"":""IN"",""dns.authority.ttl"":86400,""dns.authority.data"":""ns1.hwcdn.NET""},{""dns.authority.name"":""hwcdn.NET"",""dns.authority.type"":""NS"",""dns.authority.class"":""IN"",""dns.authority.ttl"":86400,""dns.authority.data"":""ns2.hwcdn.NET""}]",,,"NXLog_DNS_Server_CL",
"0b2a9277-f48f-49f6-b78d-d8bfd6dea87a",RestAPI,,,"7/27/2023, 2:26:47.388 PM",,,,,,,,,,,,,,,,,,,,,,"[{""dns.answer.name"":""ctldl.windowsupdate.com"",""dns.answer.type"":""CNAME"",""dns.answer.class"":""IN"",""dns.answer.ttl"":2871,""dns.answer.data"":""wu-bg-shim.trafficmanager.net""},{""dns.answer.name"":""wu-bg-shim.trafficmanager.net"",""dns.answer.type"":""CNAME"",""dns.answer.class"":""IN"",""dns.answer.ttl"":600,""dns.answer.data"":""cds.d2s7q6s2.hwcdn.net""},{""dns.answer.name"":""cds.d2s7q6s2.hwcdn.net"",""dns.answer.type"":""A"",""dns.answer.class"":""IN"",""dns.answer.ttl"":300,""dns.answer.data"":""209.197.3.8""}]",,"Microsoft-Windows-DNSServer","eb79061a-a566-4698-9119-3ed2807060e7",257,0,16,"Microsoft-Windows-DNS-Server/Analytical ",4,"Information ",0,1,"LOOK_UP ",9223372036854775810,"7/27/2023, 2:26:44.739 PM",2908,4024,INFO,2,INFO,windns,"NT AUTHORITY",SYSTEM,"S-1-5-18",User,33152,0,"172.18.88.20",,,"ctldl.windowsupdate.com.",1,25523,49658,25523,true,false,false,QUERY,true,NOERROR,false,false,true,"[{""dns.query.name"":""ctldl.windowsupdate.com"",""dns.query.type"":""A"",""dns.query.class"":""IN""}]",0x63B3818000010003000000000563746C646C0D77696E646F777375706461746503636F6D0000010001C00C0005000100000B37001F0A77752D62672D7368696D0E747261666669636D616E61676572036E657400C035000500010000025800150363647308643273377136733205687763646EC04FC060000100010000012C0004D1C50308,"VirtualizationInstance:.","e6ee7143-6e28-4fe5-8e1d-54fb9251b653","7/27/2023, 2:26:47.139 PM","in_windowsdns_auditanalytics_sentinel_windows","im_etw","172.18.88.20","N/A","172.18.88.20",0,0,0,0,Default,"..Cache",NULL,,122,,"NXLog_DNS_Server_CL",
"0b2a9277-f48f-49f6-b78d-d8bfd6dea87a",RestAPI,,,"7/27/2023, 2:27:09.316 PM",,,,,,,,,,,,,,,,,,,,,,,,"Microsoft-Windows-DNSServer","eb79061a-a566-4698-9119-3ed2807060e7",256,0,16,"Microsoft-Windows-DNS-Server/Analytical ",4,"Information ",0,1,"LOOK_UP ",9223372036854775809,"7/27/2023, 2:27:06.629 PM",2908,4024,INFO,2,INFO,windns,"NT AUTHORITY",SYSTEM,"S-1-5-18",User,256,0,"172.18.88.20","172.18.88.20",1,"0b2a9277-f48f-49f6-b78d-d8bfd6dea87a.ods.opinsights.azure.com.",1,24518,59724,24518,true,false,false,QUERY,false,NOERROR,false,false,false,"[{""dns.query.name"":""0b2a9277-f48f-49f6-b78d-d8bfd6dea87a.ods.opinsights.azure.com"",""dns.query.type"":""A"",""dns.query.class"":""IN""}]",0x5FC6010000010000000000002430623261393237372D663438662D343966362D623738642D643862666436646561383761036F64730A6F70696E73696768747305617A75726503636F6D0000010001,".","c84b42f5-d2c2-4577-af6b-01f272f9611f","7/27/2023, 2:27:08.654 PM","in_windowsdns_auditanalytics_sentinel_windows","im_etw","172.18.88.20","N/A",,,,,,,,,,,,"NXLog_DNS_Server_CL",
"0b2a9277-f48f-49f6-b78d-d8bfd6dea87a",RestAPI,,,"7/27/2023, 2:27:09.316 PM",,,,,,,,,,,,,,,,,,,,,,,,"Microsoft-Windows-DNSServer","eb79061a-a566-4698-9119-3ed2807060e7",279,0,16,"Microsoft-Windows-DNS-Server/Analytical ",4,"Information ",0,1,"LOOK_UP ",9223372071214514176,"7/27/2023, 2:27:06.629 PM",2908,4024,INFO,2,INFO,windns,"NT AUTHORITY",SYSTEM,"S-1-5-18",User,33152,0,"172.18.88.20","172.18.88.20",1,"opinsightsweuods.trafficmanager.net.",1,24518,59724,24518,true,false,false,QUERY,true,NOERROR,false,false,true,"[{""dns.query.name"":""0b2a9277-f48f-49f6-b78d-d8bfd6dea87a.ods.opinsights.azure.com"",""dns.query.type"":""A"",""dns.query.class"":""IN""}]",0x5FC6818000010001000000002430623261393237372D663438662D343966362D623738642D643862666436646561383761036F64730A6F70696E73696768747305617A75726503636F6D0000010001,,,"7/27/2023, 2:27:08.654 PM","in_windowsdns_auditanalytics_sentinel_windows","im_etw","172.18.88.20","N/A",,,,,,,,,,,"N/A","NXLog_DNS_Server_CL",
"0b2a9277-f48f-49f6-b78d-d8bfd6dea87a",RestAPI,,,"7/27/2023, 2:27:09.316 PM",,,,,,,,,,,,,,,,,,,,,,,,"Microsoft-Windows-DNSServer","eb79061a-a566-4698-9119-3ed2807060e7",279,0,16,"Microsoft-Windows-DNS-Server/Analytical ",4,"Information ",0,1,"LOOK_UP ",9223372071214514176,"7/27/2023, 2:27:06.629 PM",2908,4024,INFO,2,INFO,windns,"NT AUTHORITY",SYSTEM,"S-1-5-18",User,33152,0,"172.18.88.20","172.18.88.20",1,"ipv4-weu-oi-ods-cses-e.westeurope.cloudapp.azure.com.",1,24518,59724,24518,true,false,false,QUERY,true,NOERROR,false,false,true,"[{""dns.query.name"":""0b2a9277-f48f-49f6-b78d-d8bfd6dea87a.ods.opinsights.azure.com"",""dns.query.type"":""A"",""dns.query.class"":""IN""}]",0x5FC6818000010002000000002430623261393237372D663438662D343966362D623738642D643862666436646561383761036F64730A6F70696E73696768747305617A75726503636F6D0000010001,,,"7/27/2023, 2:27:08.654 PM","in_windowsdns_auditanalytics_sentinel_windows","im_etw","172.18.88.20","N/A",,,,,,,,,,,"N/A","NXLog_DNS_Server_CL",
"0b2a9277-f48f-49f6-b78d-d8bfd6dea87a",RestAPI,,,"7/27/2023, 2:27:09.316 PM",,,,,,,,,,,,,,,,,,24518,,".",Default,,,"Microsoft-Windows-DNSServer","eb79061a-a566-4698-9119-3ed2807060e7",260,0,16,"Microsoft-Windows-DNS-Server/Analytical ",4,"Information ",0,2,"RECURSE_QUERY ",9223372036854775824,"7/27/2023, 2:27:06.629 PM",2908,4024,INFO,2,INFO,windns,"NT AUTHORITY",SYSTEM,"S-1-5-18",User,0,0,"0.0.0.0",,0,"ipv4-weu-oi-ods-cses-e.westeurope.cloudapp.azure.com.",1,16262,0,16262,false,false,false,QUERY,false,NOERROR,false,false,false,"[{""dns.query.name"":""ipv4-weu-oi-ods-cses-e.westeurope.cloudapp.azure.com"",""dns.query.type"":""A"",""dns.query.class"":""IN""}]",0x3F860000000100000000000116697076342D7765752D6F692D6F64732D637365732D650A776573746575726F706508636C6F756461707005617A75726503636F6D00000100010000290FA0000000000000,".","c84b42f5-d2c2-4577-af6b-01f272f9611f","7/27/2023, 2:27:08.654 PM","in_windowsdns_auditanalytics_sentinel_windows","im_etw","172.18.88.20","N/A","13.107.236.201",,,,,,,NULL,,,,"NXLog_DNS_Server_CL",
"0b2a9277-f48f-49f6-b78d-d8bfd6dea87a",RestAPI,,,"7/27/2023, 2:27:09.316 PM",,,,,,,,,,,,,,,,,,,1,".",Default,"[{""dns.answer.name"":""ipv4-weu-oi-ods-cses-e.westeurope.cloudapp.azure.com"",""dns.answer.type"":""A"",""dns.answer.class"":""IN"",""dns.answer.ttl"":10,""dns.answer.data"":""13.69.106.94""}]",0,"Microsoft-Windows-DNSServer","eb79061a-a566-4698-9119-3ed2807060e7",261,0,16,"Microsoft-Windows-DNS-Server/Analytical ",4,"Information ",0,2,"RECURSE_QUERY ",9223372036854775840,"7/27/2023, 2:27:06.662 PM",2908,4024,INFO,2,INFO,windns,"NT AUTHORITY",SYSTEM,"S-1-5-18",User,33792,0,"0.0.0.0","13.107.236.201",,"ipv4-weu-oi-ods-cses-e.westeurope.cloudapp.azure.com.",1,16262,0,16262,false,false,true,QUERY,true,NOERROR,false,false,false,"[{""dns.query.name"":""ipv4-weu-oi-ods-cses-e.westeurope.cloudapp.azure.com"",""dns.query.type"":""A"",""dns.query.class"":""IN""}]",0x3F868400000100010000000116697076342D7765752D6F692D6F64732D637365732D650A776573746575726F706508636C6F756461707005617A75726503636F6D0000010001C00C000100010000000A00040D456A5E00002904D0000000000000,".","c84b42f5-d2c2-4577-af6b-01f272f9611f","7/27/2023, 2:27:08.654 PM","in_windowsdns_auditanalytics_sentinel_windows","im_etw","172.18.88.20","N/A",,1,0,,,,,,,,,"NXLog_DNS_Server_CL",
"0b2a9277-f48f-49f6-b78d-d8bfd6dea87a",RestAPI,,,"7/27/2023, 2:27:09.316 PM",,,,,,,,,,,,,,,,,,,,,,"[{""dns.answer.name"":""0b2a9277-f48f-49f6-b78d-d8bfd6dea87a.ods.opinsights.azure.com"",""dns.answer.type"":""CNAME"",""dns.answer.class"":""IN"",""dns.answer.ttl"":50,""dns.answer.data"":""opinsightsweuods.trafficmanager.net""},{""dns.answer.name"":""opinsightsweuods.trafficmanager.net"",""dns.answer.type"":""CNAME"",""dns.answer.class"":""IN"",""dns.answer.ttl"":50,""dns.answer.data"":""ipv4-weu-oi-ods-cses-e.westeurope.cloudapp.azure.com""},{""dns.answer.name"":""ipv4-weu-oi-ods-cses-e.westeurope.cloudapp.azure.com"",""dns.answer.type"":""A"",""dns.answer.class"":""IN"",""dns.answer.ttl"":9,""dns.answer.data"":""13.69.106.94""}]",,"Microsoft-Windows-DNSServer","eb79061a-a566-4698-9119-3ed2807060e7",257,0,16,"Microsoft-Windows-DNS-Server/Analytical ",4,"Information ",0,1,"LOOK_UP ",9223372036854775810,"7/27/2023, 2:27:06.662 PM",2908,4024,INFO,2,INFO,windns,"NT AUTHORITY",SYSTEM,"S-1-5-18",User,33152,0,"172.18.88.20",,,"0b2a9277-f48f-49f6-b78d-d8bfd6dea87a.ods.opinsights.azure.com.",1,24518,59724,24518,true,false,false,QUERY,true,NOERROR,false,false,true,"[{""dns.query.name"":""0b2a9277-f48f-49f6-b78d-d8bfd6dea87a.ods.opinsights.azure.com"",""dns.query.type"":""A"",""dns.query.class"":""IN""}]",0x5FC6818000010003000000002430623261393237372D663438662D343966362D623738642D643862666436646561383761036F64730A6F70696E73696768747305617A75726503636F6D0000010001C00C00050001000000320025106F70696E7369676874737765756F64730E747261666669636D616E61676572036E657400C05B0005000100000032002D16697076342D7765752D6F692D6F64732D637365732D650A776573746575726F706508636C6F7564617070C040C08C000100010000000900040D456A5E,"VirtualizationInstance:.","c84b42f5-d2c2-4577-af6b-01f272f9611f","7/27/2023, 2:27:08.654 PM","in_windowsdns_auditanalytics_sentinel_windows","im_etw","172.18.88.20","N/A","172.18.88.20",0,0,0,0,Default,"..Cache",NULL,,33,,"NXLog_DNS_Server_CL",
"0b2a9277-f48f-49f6-b78d-d8bfd6dea87a",RestAPI,,,"7/27/2023, 2:35:38.044 PM",,,,,,,,,,,,,,,,,,,,,,,,"Microsoft-Windows-DNSServer","eb79061a-a566-4698-9119-3ed2807060e7",256,0,16,"Microsoft-Windows-DNS-Server/Analytical ",4,"Information ",0,1,"LOOK_UP ",9223372036854775809,"7/27/2023, 2:35:35.403 PM",2908,4028,INFO,2,INFO,windns,"NT AUTHORITY",SYSTEM,"S-1-5-18",User,256,0,"172.18.88.20","172.18.88.20",1,"0b2a9277-f48f-49f6-b78d-d8bfd6dea87a.ods.opinsights.azure.com.",1,26373,64101,26373,true,false,false,QUERY,false,NOERROR,false,false,false,"[{""dns.query.name"":""0b2a9277-f48f-49f6-b78d-d8bfd6dea87a.ods.opinsights.azure.com"",""dns.query.type"":""A"",""dns.query.class"":""IN""}]",0x6705010000010000000000002430623261393237372D663438662D343966362D623738642D643862666436646561383761036F64730A6F70696E73696768747305617A75726503636F6D0000010001,".","30b10ef6-2d77-46a6-b68b-38ee0dccb925","7/27/2023, 2:35:37.429 PM","in_windowsdns_auditanalytics_sentinel_windows","im_etw","172.18.88.20","N/A",,,,,,,,,,,,"NXLog_DNS_Server_CL",
"0b2a9277-f48f-49f6-b78d-d8bfd6dea87a",RestAPI,,,"7/27/2023, 2:35:38.044 PM",,,,,,,,,,,,,,,,,,,,,,,,"Microsoft-Windows-DNSServer","eb79061a-a566-4698-9119-3ed2807060e7",279,0,16,"Microsoft-Windows-DNS-Server/Analytical ",4,"Information ",0,1,"LOOK_UP ",9223372071214514176,"7/27/2023, 2:35:35.403 PM",2908,4028,INFO,2,INFO,windns,"NT AUTHORITY",SYSTEM,"S-1-5-18",User,33152,0,"172.18.88.20","172.18.88.20",1,"opinsightsweuods.trafficmanager.net.",1,26373,64101,26373,true,false,false,QUERY,true,NOERROR,false,false,true,"[{""dns.query.name"":""0b2a9277-f48f-49f6-b78d-d8bfd6dea87a.ods.opinsights.azure.com"",""dns.query.type"":""A"",""dns.query.class"":""IN""}]",0x6705818000010001000000002430623261393237372D663438662D343966362D623738642D643862666436646561383761036F64730A6F70696E73696768747305617A75726503636F6D0000010001,,,"7/27/2023, 2:35:37.429 PM","in_windowsdns_auditanalytics_sentinel_windows","im_etw","172.18.88.20","N/A",,,,,,,,,,,"N/A","NXLog_DNS_Server_CL",
"0b2a9277-f48f-49f6-b78d-d8bfd6dea87a",RestAPI,,,"7/27/2023, 2:35:38.044 PM",,,,,,,,,,,,,,,,,,,,,,,,"Microsoft-Windows-DNSServer","eb79061a-a566-4698-9119-3ed2807060e7",279,0,16,"Microsoft-Windows-DNS-Server/Analytical ",4,"Information ",0,1,"LOOK_UP ",9223372071214514176,"7/27/2023, 2:35:35.403 PM",2908,4028,INFO,2,INFO,windns,"NT AUTHORITY",SYSTEM,"S-1-5-18",User,33152,0,"172.18.88.20","172.18.88.20",1,"ipv4-weu-oi-ods-cses-g.westeurope.cloudapp.azure.com.",1,26373,64101,26373,true,false,false,QUERY,true,NOERROR,false,false,true,"[{""dns.query.name"":""0b2a9277-f48f-49f6-b78d-d8bfd6dea87a.ods.opinsights.azure.com"",""dns.query.type"":""A"",""dns.query.class"":""IN""}]",0x6705818000010002000000002430623261393237372D663438662D343966362D623738642D643862666436646561383761036F64730A6F70696E73696768747305617A75726503636F6D0000010001,,,"7/27/2023, 2:35:37.429 PM","in_windowsdns_auditanalytics_sentinel_windows","im_etw","172.18.88.20","N/A",,,,,,,,,,,"N/A","NXLog_DNS_Server_CL",
"0b2a9277-f48f-49f6-b78d-d8bfd6dea87a",RestAPI,,,"7/27/2023, 2:35:38.044 PM",,,,,,,,,,,,,,,,,,,,,,"[{""dns.answer.name"":""0b2a9277-f48f-49f6-b78d-d8bfd6dea87a.ods.opinsights.azure.com"",""dns.answer.type"":""CNAME"",""dns.answer.class"":""IN"",""dns.answer.ttl"":293,""dns.answer.data"":""opinsightsweuods.trafficmanager.net""},{""dns.answer.name"":""opinsightsweuods.trafficmanager.net"",""dns.answer.type"":""CNAME"",""dns.answer.class"":""IN"",""dns.answer.ttl"":293,""dns.answer.data"":""ipv4-weu-oi-ods-cses-g.westeurope.cloudapp.azure.com""},{""dns.answer.name"":""ipv4-weu-oi-ods-cses-g.westeurope.cloudapp.azure.com"",""dns.answer.type"":""A"",""dns.answer.class"":""IN"",""dns.answer.ttl"":3,""dns.answer.data"":""52.236.186.222""}]",,"Microsoft-Windows-DNSServer","eb79061a-a566-4698-9119-3ed2807060e7",257,0,16,"Microsoft-Windows-DNS-Server/Analytical ",4,"Information ",0,1,"LOOK_UP ",9223372036854775810,"7/27/2023, 2:35:35.404 PM",2908,4028,INFO,2,INFO,windns,"NT AUTHORITY",SYSTEM,"S-1-5-18",User,33152,0,"172.18.88.20",,,"0b2a9277-f48f-49f6-b78d-d8bfd6dea87a.ods.opinsights.azure.com.",1,26373,64101,26373,true,false,false,QUERY,true,NOERROR,false,false,true,"[{""dns.query.name"":""0b2a9277-f48f-49f6-b78d-d8bfd6dea87a.ods.opinsights.azure.com"",""dns.query.type"":""A"",""dns.query.class"":""IN""}]",0x6705818000010003000000002430623261393237372D663438662D343966362D623738642D643862666436646561383761036F64730A6F70696E73696768747305617A75726503636F6D0000010001C00C00050001000001250025106F70696E7369676874737765756F64730E747261666669636D616E61676572036E657400C05B0005000100000125002D16697076342D7765752D6F692D6F64732D637365732D670A776573746575726F706508636C6F7564617070C040C08C0001000100000003000434ECBADE,"VirtualizationInstance:.","30b10ef6-2d77-46a6-b68b-38ee0dccb925","7/27/2023, 2:35:37.949 PM","in_windowsdns_auditanalytics_sentinel_windows","im_etw","172.18.88.20","N/A","172.18.88.20",0,0,0,0,Default,"..Cache",NULL,,1,,"NXLog_DNS_Server_CL",
"0b2a9277-f48f-49f6-b78d-d8bfd6dea87a",RestAPI,,,"7/27/2023, 2:27:16.394 PM",,,,,,,,,,,,,,,,,,,,,,,,"Microsoft-Windows-DNSServer","eb79061a-a566-4698-9119-3ed2807060e7",256,0,16,"Microsoft-Windows-DNS-Server/Analytical ",4,"Information ",0,1,"LOOK_UP ",9223372036854775809,"7/27/2023, 2:27:13.825 PM",2908,4024,INFO,2,INFO,windns,"NT AUTHORITY",SYSTEM,"S-1-5-18",User,256,0,"172.18.88.20","172.18.88.20",1,"0b2a9277-f48f-49f6-b78d-d8bfd6dea87a.ods.opinsights.azure.com.",1,11020,54472,11020,true,false,false,QUERY,false,NOERROR,false,false,false,"[{""dns.query.name"":""0b2a9277-f48f-49f6-b78d-d8bfd6dea87a.ods.opinsights.azure.com"",""dns.query.type"":""A"",""dns.query.class"":""IN""}]",0x2B0C010000010000000000002430623261393237372D663438662D343966362D623738642D643862666436646561383761036F64730A6F70696E73696768747305617A75726503636F6D0000010001,".","7ea039ec-cb6a-453b-b178-a5ccacdcd62a","7/27/2023, 2:27:15.842 PM","in_windowsdns_auditanalytics_sentinel_windows","im_etw","172.18.88.20","N/A",,,,,,,,,,,,"NXLog_DNS_Server_CL",
"0b2a9277-f48f-49f6-b78d-d8bfd6dea87a",RestAPI,,,"7/27/2023, 2:27:16.394 PM",,,,,,,,,,,,,,,,,,,,,,,,"Microsoft-Windows-DNSServer","eb79061a-a566-4698-9119-3ed2807060e7",279,0,16,"Microsoft-Windows-DNS-Server/Analytical ",4,"Information ",0,1,"LOOK_UP ",9223372071214514176,"7/27/2023, 2:27:13.825 PM",2908,4024,INFO,2,INFO,windns,"NT AUTHORITY",SYSTEM,"S-1-5-18",User,33152,0,"172.18.88.20","172.18.88.20",1,"opinsightsweuods.trafficmanager.net.",1,11020,54472,11020,true,false,false,QUERY,true,NOERROR,false,false,true,"[{""dns.query.name"":""0b2a9277-f48f-49f6-b78d-d8bfd6dea87a.ods.opinsights.azure.com"",""dns.query.type"":""A"",""dns.query.class"":""IN""}]",0x2B0C818000010001000000002430623261393237372D663438662D343966362D623738642D643862666436646561383761036F64730A6F70696E73696768747305617A75726503636F6D0000010001,,,"7/27/2023, 2:27:15.842 PM","in_windowsdns_auditanalytics_sentinel_windows","im_etw","172.18.88.20","N/A",,,,,,,,,,,"N/A","NXLog_DNS_Server_CL",
"0b2a9277-f48f-49f6-b78d-d8bfd6dea87a",RestAPI,,,"7/27/2023, 2:27:16.394 PM",,,,,,,,,,,,,,,,,,,,,,,,"Microsoft-Windows-DNSServer","eb79061a-a566-4698-9119-3ed2807060e7",279,0,16,"Microsoft-Windows-DNS-Server/Analytical ",4,"Information ",0,1,"LOOK_UP ",9223372071214514176,"7/27/2023, 2:27:13.825 PM",2908,4024,INFO,2,INFO,windns,"NT AUTHORITY",SYSTEM,"S-1-5-18",User,33152,0,"172.18.88.20","172.18.88.20",1,"ipv4-weu-oi-ods-cses-e.westeurope.cloudapp.azure.com.",1,11020,54472,11020,true,false,false,QUERY,true,NOERROR,false,false,true,"[{""dns.query.name"":""0b2a9277-f48f-49f6-b78d-d8bfd6dea87a.ods.opinsights.azure.com"",""dns.query.type"":""A"",""dns.query.class"":""IN""}]",0x2B0C818000010002000000002430623261393237372D663438662D343966362D623738642D643862666436646561383761036F64730A6F70696E73696768747305617A75726503636F6D0000010001,,,"7/27/2023, 2:27:15.842 PM","in_windowsdns_auditanalytics_sentinel_windows","im_etw","172.18.88.20","N/A",,,,,,,,,,,"N/A","NXLog_DNS_Server_CL",
"0b2a9277-f48f-49f6-b78d-d8bfd6dea87a",RestAPI,,,"7/27/2023, 2:27:16.394 PM",,,,,,,,,,,,,,,,,,,,,,"[{""dns.answer.name"":""0b2a9277-f48f-49f6-b78d-d8bfd6dea87a.ods.opinsights.azure.com"",""dns.answer.type"":""CNAME"",""dns.answer.class"":""IN"",""dns.answer.ttl"":43,""dns.answer.data"":""opinsightsweuods.trafficmanager.net""},{""dns.answer.name"":""opinsightsweuods.trafficmanager.net"",""dns.answer.type"":""CNAME"",""dns.answer.class"":""IN"",""dns.answer.ttl"":43,""dns.answer.data"":""ipv4-weu-oi-ods-cses-e.westeurope.cloudapp.azure.com""},{""dns.answer.name"":""ipv4-weu-oi-ods-cses-e.westeurope.cloudapp.azure.com"",""dns.answer.type"":""A"",""dns.answer.class"":""IN"",""dns.answer.ttl"":2,""dns.answer.data"":""13.69.106.94""}]",,"Microsoft-Windows-DNSServer","eb79061a-a566-4698-9119-3ed2807060e7",257,0,16,"Microsoft-Windows-DNS-Server/Analytical ",4,"Information ",0,1,"LOOK_UP ",9223372036854775810,"7/27/2023, 2:27:13.825 PM",2908,4024,INFO,2,INFO,windns,"NT AUTHORITY",SYSTEM,"S-1-5-18",User,33152,0,"172.18.88.20",,,"0b2a9277-f48f-49f6-b78d-d8bfd6dea87a.ods.opinsights.azure.com.",1,11020,54472,11020,true,false,false,QUERY,true,NOERROR,false,false,true,"[{""dns.query.name"":""0b2a9277-f48f-49f6-b78d-d8bfd6dea87a.ods.opinsights.azure.com"",""dns.query.type"":""A"",""dns.query.class"":""IN""}]",0x2B0C818000010003000000002430623261393237372D663438662D343966362D623738642D643862666436646561383761036F64730A6F70696E73696768747305617A75726503636F6D0000010001C00C000500010000002B0025106F70696E7369676874737765756F64730E747261666669636D616E61676572036E657400C05B000500010000002B002D16697076342D7765752D6F692D6F64732D637365732D650A776573746575726F706508636C6F7564617070C040C08C000100010000000200040D456A5E,"VirtualizationInstance:.","7ea039ec-cb6a-453b-b178-a5ccacdcd62a","7/27/2023, 2:27:15.842 PM","in_windowsdns_auditanalytics_sentinel_windows","im_etw","172.18.88.20","N/A","172.18.88.20",0,0,0,0,Default,"..Cache",NULL,,0,,"NXLog_DNS_Server_CL",
"0b2a9277-f48f-49f6-b78d-d8bfd6dea87a",RestAPI,,,"7/27/2023, 2:19:04.199 PM",,,,,,,,,,,,,,,,,,,,,,,,"Microsoft-Windows-DNSServer","eb79061a-a566-4698-9119-3ed2807060e7",256,0,16,"Microsoft-Windows-DNS-Server/Analytical ",4,"Information ",0,1,"LOOK_UP ",9223372036854775809,"7/27/2023, 2:19:01.335 PM",2908,4028,INFO,2,INFO,windns,"NT AUTHORITY",SYSTEM,"S-1-5-18",User,256,0,"172.18.88.20","172.18.88.20",1,"v10.events.data.microsoft.com.",1,61367,50868,61367,true,false,false,QUERY,false,NOERROR,false,false,false,"[{""dns.query.name"":""v10.events.data.microsoft.com"",""dns.query.type"":""A"",""dns.query.class"":""IN""}]",0xEFB70100000100000000000003763130066576656E74730464617461096D6963726F736F667403636F6D0000010001,".","98022b85-b7bb-4a90-b63b-b6ef3f40290f","7/27/2023, 2:19:03.363 PM","in_windowsdns_auditanalytics_sentinel_windows","im_etw","172.18.88.20","N/A",,,,,,,,,,,,"NXLog_DNS_Server_CL",
"0b2a9277-f48f-49f6-b78d-d8bfd6dea87a",RestAPI,,,"7/27/2023, 2:19:04.199 PM",,,,,,,,,,,,,,,,,,61367,,".",Default,,,"Microsoft-Windows-DNSServer","eb79061a-a566-4698-9119-3ed2807060e7",260,0,16,"Microsoft-Windows-DNS-Server/Analytical ",4,"Information ",0,2,"RECURSE_QUERY ",9223372036854775824,"7/27/2023, 2:19:01.336 PM",2908,4028,INFO,2,INFO,windns,"NT AUTHORITY",SYSTEM,"S-1-5-18",User,0,0,"0.0.0.0",,0,"v10.events.data.microsoft.com.",1,38335,0,38335,false,false,false,QUERY,false,NOERROR,false,false,false,"[{""dns.query.name"":""v10.events.data.microsoft.com"",""dns.query.type"":""A"",""dns.query.class"":""IN""}]",0x95BF0000000100000000000103763130066576656E74730464617461096D6963726F736F667403636F6D00000100010000290FA0000000000000,".","98022b85-b7bb-4a90-b63b-b6ef3f40290f","7/27/2023, 2:19:03.363 PM","in_windowsdns_auditanalytics_sentinel_windows","im_etw","172.18.88.20","N/A","150.171.10.39",,,,,,,NULL,,,,"NXLog_DNS_Server_CL",
"0b2a9277-f48f-49f6-b78d-d8bfd6dea87a",RestAPI,,,"7/27/2023, 2:19:04.199 PM",,,,,,,,,,,,,,,,,,,1,".",Default,"[{""dns.answer.name"":""v10.events.data.microsoft.com"",""dns.answer.type"":""CNAME"",""dns.answer.class"":""IN"",""dns.answer.ttl"":120,""dns.answer.data"":""win-global-asimov-leafs-events-data.trafficmanager.net""}]",0,"Microsoft-Windows-DNSServer","eb79061a-a566-4698-9119-3ed2807060e7",261,0,16,"Microsoft-Windows-DNS-Server/Analytical ",4,"Information ",0,2,"RECURSE_QUERY ",9223372036854775840,"7/27/2023, 2:19:01.368 PM",2908,4028,INFO,2,INFO,windns,"NT AUTHORITY",SYSTEM,"S-1-5-18",User,33792,0,"0.0.0.0","150.171.10.39",,"v10.events.data.microsoft.com.",1,38335,0,38335,false,false,true,QUERY,true,NOERROR,false,false,false,"[{""dns.query.name"":""v10.events.data.microsoft.com"",""dns.query.type"":""A"",""dns.query.class"":""IN""}]",0x95BF8400000100010000000103763130066576656E74730464617461096D6963726F736F667403636F6D0000010001C00C000500010000007800382377696E2D676C6F62616C2D6173696D6F762D6C656166732D6576656E74732D646174610E747261666669636D616E61676572036E65740000002904D0000000000000,".","98022b85-b7bb-4a90-b63b-b6ef3f40290f","7/27/2023, 2:19:03.363 PM","in_windowsdns_auditanalytics_sentinel_windows","im_etw","172.18.88.20","N/A",,1,0,,,,,,,,,"NXLog_DNS_Server_CL",
"0b2a9277-f48f-49f6-b78d-d8bfd6dea87a",RestAPI,,,"7/27/2023, 2:19:04.199 PM",,,,,,,,,,,,,,,,,,,,,,,,"Microsoft-Windows-DNSServer","eb79061a-a566-4698-9119-3ed2807060e7",279,0,16,"Microsoft-Windows-DNS-Server/Analytical ",4,"Information ",0,1,"LOOK_UP ",9223372071214514176,"7/27/2023, 2:19:01.369 PM",2908,4028,INFO,2,INFO,windns,"NT AUTHORITY",SYSTEM,"S-1-5-18",User,33152,0,"172.18.88.20","172.18.88.20",1,"win-global-asimov-leafs-events-data.trafficmanager.net.",1,61367,50868,61367,true,false,false,QUERY,true,NOERROR,false,false,true,"[{""dns.query.name"":""v10.events.data.microsoft.com"",""dns.query.type"":""A"",""dns.query.class"":""IN""}]",0xEFB78180000100010000000003763130066576656E74730464617461096D6963726F736F667403636F6D0000010001,,,"7/27/2023, 2:19:03.363 PM","in_windowsdns_auditanalytics_sentinel_windows","im_etw","172.18.88.20","N/A",,,,,,,,,,,"N/A","NXLog_DNS_Server_CL",
"0b2a9277-f48f-49f6-b78d-d8bfd6dea87a",RestAPI,,,"7/27/2023, 2:19:04.199 PM",,,,,,,,,,,,,,,,,,61367,,".",Default,,,"Microsoft-Windows-DNSServer","eb79061a-a566-4698-9119-3ed2807060e7",260,0,16,"Microsoft-Windows-DNS-Server/Analytical ",4,"Information ",0,2,"RECURSE_QUERY ",9223372036854775824,"7/27/2023, 2:19:01.370 PM",2908,4028,INFO,2,INFO,windns,"NT AUTHORITY",SYSTEM,"S-1-5-18",User,0,0,"0.0.0.0",,0,"win-global-asimov-leafs-events-data.trafficmanager.NET.",1,63390,0,63390,false,false,false,QUERY,false,NOERROR,false,false,false,"[{""dns.query.name"":""win-global-asimov-leafs-events-data.trafficmanager.NET"",""dns.query.type"":""A"",""dns.query.class"":""IN""}]",0xF79E000000010000000000012377696E2D676C6F62616C2D6173696D6F762D6C656166732D6576656E74732D646174610E747261666669636D616E61676572034E455400000100010000290FA0000000000000,".","98022b85-b7bb-4a90-b63b-b6ef3f40290f","7/27/2023, 2:19:03.383 PM","in_windowsdns_auditanalytics_sentinel_windows","im_etw","172.18.88.20","N/A","13.107.222.240",,,,,,,NULL,,,,"NXLog_DNS_Server_CL",
"0b2a9277-f48f-49f6-b78d-d8bfd6dea87a",RestAPI,,,"7/27/2023, 2:19:04.199 PM",,,,,,,,,,,,,,,,,,,2,".",Default,"[{""dns.answer.name"":""win-global-asimov-leafs-events-data.trafficmanager.NET"",""dns.answer.type"":""CNAME"",""dns.answer.class"":""IN"",""dns.answer.ttl"":60,""dns.answer.data"":""onedscolprdwus07.westus.cloudapp.azure.com""}]",0,"Microsoft-Windows-DNSServer","eb79061a-a566-4698-9119-3ed2807060e7",261,0,16,"Microsoft-Windows-DNS-Server/Analytical ",4,"Information ",0,2,"RECURSE_QUERY ",9223372036854775840,"7/27/2023, 2:19:01.402 PM",2908,4028,INFO,2,INFO,windns,"NT AUTHORITY",SYSTEM,"S-1-5-18",User,33792,0,"0.0.0.0","13.107.222.240",,"win-global-asimov-leafs-events-data.trafficmanager.NET.",1,63390,0,63390,false,false,true,QUERY,true,NOERROR,false,false,false,"[{""dns.query.name"":""win-global-asimov-leafs-events-data.trafficmanager.NET"",""dns.query.type"":""A"",""dns.query.class"":""IN""}]",0xF79E840000010001000000012377696E2D676C6F62616C2D6173696D6F762D6C656166732D6576656E74732D646174610E747261666669636D616E61676572034E45540000010001C00C000500010000003C002C106F6E656473636F6C70726477757330370677657374757308636C6F756461707005617A75726503636F6D0000002904D0000000000000,".","98022b85-b7bb-4a90-b63b-b6ef3f40290f","7/27/2023, 2:19:03.383 PM","in_windowsdns_auditanalytics_sentinel_windows","im_etw","172.18.88.20","N/A",,1,0,,,,,,,,,"NXLog_DNS_Server_CL",
"0b2a9277-f48f-49f6-b78d-d8bfd6dea87a",RestAPI,,,"7/27/2023, 2:19:04.199 PM",,,,,,,,,,,,,,,,,,,,,,,,"Microsoft-Windows-DNSServer","eb79061a-a566-4698-9119-3ed2807060e7",279,0,16,"Microsoft-Windows-DNS-Server/Analytical ",4,"Information ",0,1,"LOOK_UP ",9223372071214514176,"7/27/2023, 2:19:01.402 PM",2908,4028,INFO,2,INFO,windns,"NT AUTHORITY",SYSTEM,"S-1-5-18",User,33152,0,"172.18.88.20","172.18.88.20",1,"onedscolprdwus07.westus.cloudapp.azure.com.",1,61367,50868,61367,true,false,false,QUERY,true,NOERROR,false,false,true,"[{""dns.query.name"":""v10.events.data.microsoft.com"",""dns.query.type"":""A"",""dns.query.class"":""IN""}]",0xEFB78180000100020000000003763130066576656E74730464617461096D6963726F736F667403636F6D0000010001,,,"7/27/2023, 2:19:03.383 PM","in_windowsdns_auditanalytics_sentinel_windows","im_etw","172.18.88.20","N/A",,,,,,,,,,,"N/A","NXLog_DNS_Server_CL",
"0b2a9277-f48f-49f6-b78d-d8bfd6dea87a",RestAPI,,,"7/27/2023, 2:19:04.199 PM",,,,,,,,,,,,,,,,,,61367,,".",Default,,,"Microsoft-Windows-DNSServer","eb79061a-a566-4698-9119-3ed2807060e7",260,0,16,"Microsoft-Windows-DNS-Server/Analytical ",4,"Information ",0,2,"RECURSE_QUERY ",9223372036854775824,"7/27/2023, 2:19:01.403 PM",2908,4028,INFO,2,INFO,windns,"NT AUTHORITY",SYSTEM,"S-1-5-18",User,0,0,"0.0.0.0",,0,"onedscolprdwus07.westus.cloudapp.azure.com.",1,58758,0,58758,false,false,false,QUERY,false,NOERROR,false,false,false,"[{""dns.query.name"":""onedscolprdwus07.westus.cloudapp.azure.com"",""dns.query.type"":""A"",""dns.query.class"":""IN""}]",0xE58600000001000000000001106F6E656473636F6C70726477757330370677657374757308636C6F756461707005617A75726503636F6D00000100010000290FA0000000000000,".","98022b85-b7bb-4a90-b63b-b6ef3f40290f","7/27/2023, 2:19:03.383 PM","in_windowsdns_auditanalytics_sentinel_windows","im_etw","172.18.88.20","N/A","150.171.10.39",,,,,,,NULL,,,,"NXLog_DNS_Server_CL",
"0b2a9277-f48f-49f6-b78d-d8bfd6dea87a",RestAPI,,,"7/27/2023, 2:19:04.199 PM",,,,,,,,,,,,,,,,,,,3,".",Default,,0,"Microsoft-Windows-DNSServer","eb79061a-a566-4698-9119-3ed2807060e7",261,0,16,"Microsoft-Windows-DNS-Server/Analytical ",4,"Information ",0,2,"RECURSE_QUERY ",9223372036854775840,"7/27/2023, 2:19:01.432 PM",2908,4028,INFO,2,INFO,windns,"NT AUTHORITY",SYSTEM,"S-1-5-18",User,32768,0,"0.0.0.0","150.171.10.39",,"onedscolprdwus07.westus.cloudapp.azure.com.",1,58758,0,58758,false,false,false,QUERY,true,NOERROR,false,false,false,"[{""dns.query.name"":""onedscolprdwus07.westus.cloudapp.azure.com"",""dns.query.type"":""A"",""dns.query.class"":""IN""}]",0xE58680000001000000040001106F6E656473636F6C70726477757330370677657374757308636C6F756461707005617A75726503636F6D0000010001C01D000200010000012C0013066E73392D303209617A7572652D646E73C033C01D000200010000012C0017076E7331302D303209617A7572652D646E73036E657400C01D000200010000012C0017076E7331312D303209617A7572652D646E73036F726700C01D000200010000012C0018076E7331322D303209617A7572652D646E7304696E666F0000002904D0000000000000,".","98022b85-b7bb-4a90-b63b-b6ef3f40290f","7/27/2023, 2:19:03.383 PM","in_windowsdns_auditanalytics_sentinel_windows","im_etw","172.18.88.20","N/A",,0,0,,,,,,"[{""dns.authority.name"":""westus.cloudapp.azure.com"",""dns.authority.type"":""NS"",""dns.authority.class"":""IN"",""dns.authority.ttl"":300,""dns.authority.data"":""ns9-02.azure-dns.com""},{""dns.authority.name"":""westus.cloudapp.azure.com"",""dns.authority.type"":""NS"",""dns.authority.class"":""IN"",""dns.authority.ttl"":300,""dns.authority.data"":""ns10-02.azure-dns.net""},{""dns.authority.name"":""westus.cloudapp.azure.com"",""dns.authority.type"":""NS"",""dns.authority.class"":""IN"",""dns.authority.ttl"":300,""dns.authority.data"":""ns11-02.azure-dns.org""},{""dns.authority.name"":""westus.cloudapp.azure.com"",""dns.authority.type"":""NS"",""dns.authority.class"":""IN"",""dns.authority.ttl"":300,""dns.authority.data"":""ns12-02.azure-dns.info""}]",,,"NXLog_DNS_Server_CL",
"0b2a9277-f48f-49f6-b78d-d8bfd6dea87a",RestAPI,,,"7/27/2023, 2:19:04.199 PM",,,,,,,,,,,,,,,,,,1,,".",Default,,,"Microsoft-Windows-DNSServer","eb79061a-a566-4698-9119-3ed2807060e7",260,0,16,"Microsoft-Windows-DNS-Server/Analytical ",4,"Information ",0,2,"RECURSE_QUERY ",9223372036854775824,"7/27/2023, 2:19:01.432 PM",2908,4028,INFO,2,INFO,windns,"NT AUTHORITY",SYSTEM,"S-1-5-18",User,0,0,"0.0.0.0",,0,"ns9-02.azure-dns.com.",1,26677,0,26677,false,false,false,QUERY,false,NOERROR,false,false,false,"[{""dns.query.name"":""ns9-02.azure-dns.com"",""dns.query.type"":""A"",""dns.query.class"":""IN""}]",0x683500000001000000000001066E73392D303209617A7572652D646E7303636F6D00000100010000290FA0000000000000,".","00000000-0000-0000-0000-000000000000","7/27/2023, 2:19:03.383 PM","in_windowsdns_auditanalytics_sentinel_windows","im_etw","172.18.88.20","N/A","13.107.236.2",,,,,,,NULL,,,,"NXLog_DNS_Server_CL",
"0b2a9277-f48f-49f6-b78d-d8bfd6dea87a",RestAPI,,,"7/27/2023, 2:19:04.199 PM",,,,,,,,,,,,,,,,,,,1,".",Default,"[{""dns.answer.name"":""ns9-02.azure-dns.com"",""dns.answer.type"":""A"",""dns.answer.class"":""IN"",""dns.answer.ttl"":3600,""dns.answer.data"":""150.171.10.2""}]",0,"Microsoft-Windows-DNSServer","eb79061a-a566-4698-9119-3ed2807060e7",261,0,16,"Microsoft-Windows-DNS-Server/Analytical ",4,"Information ",0,2,"RECURSE_QUERY ",9223372036854775840,"7/27/2023, 2:19:01.462 PM",2908,4028,INFO,2,INFO,windns,"NT AUTHORITY",SYSTEM,"S-1-5-18",User,33792,0,"0.0.0.0","13.107.236.2",,"ns9-02.azure-dns.com.",1,26677,0,26677,false,false,true,QUERY,true,NOERROR,false,false,false,"[{""dns.query.name"":""ns9-02.azure-dns.com"",""dns.query.type"":""A"",""dns.query.class"":""IN""}]",0x683584000001000100000001066E73392D303209617A7572652D646E7303636F6D0000010001C00C0001000100000E10000496AB0A0200002904D0000000000000,".","00000000-0000-0000-0000-000000000000","7/27/2023, 2:19:03.383 PM","in_windowsdns_auditanalytics_sentinel_windows","im_etw","172.18.88.20","N/A",,1,0,,,,,,,,,"NXLog_DNS_Server_CL",
"0b2a9277-f48f-49f6-b78d-d8bfd6dea87a",RestAPI,,,"7/27/2023, 2:19:04.199 PM",,,,,,,,,,,,,,,,,,61367,,".",Default,,,"Microsoft-Windows-DNSServer","eb79061a-a566-4698-9119-3ed2807060e7",260,0,16,"Microsoft-Windows-DNS-Server/Analytical ",4,"Information ",0,2,"RECURSE_QUERY ",9223372036854775824,"7/27/2023, 2:19:01.463 PM",2908,4028,INFO,2,INFO,windns,"NT AUTHORITY",SYSTEM,"S-1-5-18",User,0,0,"0.0.0.0",,0,"onedscolprdwus07.westus.cloudapp.azure.com.",1,35004,0,35004,false,false,false,QUERY,false,NOERROR,false,false,false,"[{""dns.query.name"":""onedscolprdwus07.westus.cloudapp.azure.com"",""dns.query.type"":""A"",""dns.query.class"":""IN""}]",0x88BC00000001000000000001106F6E656473636F6C70726477757330370677657374757308636C6F756461707005617A75726503636F6D00000100010000290FA0000000000000,".","98022b85-b7bb-4a90-b63b-b6ef3f40290f","7/27/2023, 2:19:03.383 PM","in_windowsdns_auditanalytics_sentinel_windows","im_etw","172.18.88.20","N/A","150.171.10.2",,,,,,,NULL,,,,"NXLog_DNS_Server_CL",
"0b2a9277-f48f-49f6-b78d-d8bfd6dea87a",RestAPI,,,"7/27/2023, 2:19:04.199 PM",,,,,,,,,,,,,,,,,,,4,".",Default,"[{""dns.answer.name"":""onedscolprdwus07.westus.cloudapp.azure.com"",""dns.answer.type"":""A"",""dns.answer.class"":""IN"",""dns.answer.ttl"":10,""dns.answer.data"":""20.189.173.8""}]",0,"Microsoft-Windows-DNSServer","eb79061a-a566-4698-9119-3ed2807060e7",261,0,16,"Microsoft-Windows-DNS-Server/Analytical ",4,"Information ",0,2,"RECURSE_QUERY ",9223372036854775840,"7/27/2023, 2:19:01.495 PM",2908,4028,INFO,2,INFO,windns,"NT AUTHORITY",SYSTEM,"S-1-5-18",User,33792,0,"0.0.0.0","150.171.10.2",,"onedscolprdwus07.westus.cloudapp.azure.com.",1,35004,0,35004,false,false,true,QUERY,true,NOERROR,false,false,false,"[{""dns.query.name"":""onedscolprdwus07.westus.cloudapp.azure.com"",""dns.query.type"":""A"",""dns.query.class"":""IN""}]",0x88BC84000001000100000001106F6E656473636F6C70726477757330370677657374757308636C6F756461707005617A75726503636F6D0000010001C00C000100010000000A000414BDAD0800002904D0000000000000,".","98022b85-b7bb-4a90-b63b-b6ef3f40290f","7/27/2023, 2:19:03.383 PM","in_windowsdns_auditanalytics_sentinel_windows","im_etw","172.18.88.20","N/A",,1,0,,,,,,,,,"NXLog_DNS_Server_CL",
"0b2a9277-f48f-49f6-b78d-d8bfd6dea87a",RestAPI,,,"7/27/2023, 2:19:04.199 PM",,,,,,,,,,,,,,,,,,,,,,"[{""dns.answer.name"":""v10.events.data.microsoft.com"",""dns.answer.type"":""CNAME"",""dns.answer.class"":""IN"",""dns.answer.ttl"":120,""dns.answer.data"":""win-global-asimov-leafs-events-data.trafficmanager.net""},{""dns.answer.name"":""win-global-asimov-leafs-events-data.trafficmanager.net"",""dns.answer.type"":""CNAME"",""dns.answer.class"":""IN"",""dns.answer.ttl"":60,""dns.answer.data"":""onedscolprdwus07.westus.cloudapp.azure.com""},{""dns.answer.name"":""onedscolprdwus07.westus.cloudapp.azure.com"",""dns.answer.type"":""A"",""dns.answer.class"":""IN"",""dns.answer.ttl"":10,""dns.answer.data"":""20.189.173.8""}]",,"Microsoft-Windows-DNSServer","eb79061a-a566-4698-9119-3ed2807060e7",257,0,16,"Microsoft-Windows-DNS-Server/Analytical ",4,"Information ",0,1,"LOOK_UP ",9223372036854775810,"7/27/2023, 2:19:01.495 PM",2908,4028,INFO,2,INFO,windns,"NT AUTHORITY",SYSTEM,"S-1-5-18",User,33152,0,"172.18.88.20",,,"v10.events.data.microsoft.com.",1,61367,50868,61367,true,false,false,QUERY,true,NOERROR,false,false,true,"[{""dns.query.name"":""v10.events.data.microsoft.com"",""dns.query.type"":""A"",""dns.query.class"":""IN""}]",0xEFB78180000100030000000003763130066576656E74730464617461096D6963726F736F667403636F6D0000010001C00C000500010000007800382377696E2D676C6F62616C2D6173696D6F762D6C656166732D6576656E74732D646174610E747261666669636D616E61676572036E657400C03B000500010000003C0029106F6E656473636F6C70726477757330370677657374757308636C6F756461707005617A757265C026C07F000100010000000A000414BDAD08,"VirtualizationInstance:.","98022b85-b7bb-4a90-b63b-b6ef3f40290f","7/27/2023, 2:19:03.910 PM","in_windowsdns_auditanalytics_sentinel_windows","im_etw","172.18.88.20","N/A","172.18.88.20",0,0,0,0,Default,"..Cache",NULL,,160,,"NXLog_DNS_Server_CL",
"0b2a9277-f48f-49f6-b78d-d8bfd6dea87a",RestAPI,,,"7/27/2023, 2:29:15.667 PM",,,,,,,,,,,,,,,,,,,,,,,,"Microsoft-Windows-DNSServer","eb79061a-a566-4698-9119-3ed2807060e7",256,0,16,"Microsoft-Windows-DNS-Server/Analytical ",4,"Information ",0,1,"LOOK_UP ",9223372036854775809,"7/27/2023, 2:29:11.982 PM",2908,4024,INFO,2,INFO,windns,"NT AUTHORITY",SYSTEM,"S-1-5-18",User,256,0,"172.18.88.20","172.18.88.20",1,"0b2a9277-f48f-49f6-b78d-d8bfd6dea87a.ods.opinsights.azure.com.",1,40932,52348,40932,true,false,false,QUERY,false,NOERROR,false,false,false,"[{""dns.query.name"":""0b2a9277-f48f-49f6-b78d-d8bfd6dea87a.ods.opinsights.azure.com"",""dns.query.type"":""A"",""dns.query.class"":""IN""}]",0x9FE4010000010000000000002430623261393237372D663438662D343966362D623738642D643862666436646561383761036F64730A6F70696E73696768747305617A75726503636F6D0000010001,".","ec2bebc5-a9b0-4e57-b72d-5da3973da2dd","7/27/2023, 2:29:14.013 PM","in_windowsdns_auditanalytics_sentinel_windows","im_etw","172.18.88.20","N/A",,,,,,,,,,,,"NXLog_DNS_Server_CL",
"0b2a9277-f48f-49f6-b78d-d8bfd6dea87a",RestAPI,,,"7/27/2023, 2:29:15.667 PM",,,,,,,,,,,,,,,,,,40932,,".",Default,,,"Microsoft-Windows-DNSServer","eb79061a-a566-4698-9119-3ed2807060e7",260,0,16,"Microsoft-Windows-DNS-Server/Analytical ",4,"Information ",0,2,"RECURSE_QUERY ",9223372036854775824,"7/27/2023, 2:29:11.982 PM",2908,4024,INFO,2,INFO,windns,"NT AUTHORITY",SYSTEM,"S-1-5-18",User,0,0,"0.0.0.0",,0,"0b2a9277-f48f-49f6-b78d-d8bfd6dea87a.ods.opinsights.azure.com.",1,48241,0,48241,false,false,false,QUERY,false,NOERROR,false,false,false,"[{""dns.query.name"":""0b2a9277-f48f-49f6-b78d-d8bfd6dea87a.ods.opinsights.azure.com"",""dns.query.type"":""A"",""dns.query.class"":""IN""}]",0xBC71000000010000000000012430623261393237372D663438662D343966362D623738642D643862666436646561383761036F64730A6F70696E73696768747305617A75726503636F6D00000100010000290FA0000000000000,".","ec2bebc5-a9b0-4e57-b72d-5da3973da2dd","7/27/2023, 2:29:14.013 PM","in_windowsdns_auditanalytics_sentinel_windows","im_etw","172.18.88.20","N/A","150.171.10.39",,,,,,,NULL,,,,"NXLog_DNS_Server_CL",
"0b2a9277-f48f-49f6-b78d-d8bfd6dea87a",RestAPI,,,"7/27/2023, 2:29:15.667 PM",,,,,,,,,,,,,,,,,,,1,".",Default,,0,"Microsoft-Windows-DNSServer","eb79061a-a566-4698-9119-3ed2807060e7",261,0,16,"Microsoft-Windows-DNS-Server/Analytical ",4,"Information ",0,2,"RECURSE_QUERY ",9223372036854775840,"7/27/2023, 2:29:12.013 PM",2908,4024,INFO,2,INFO,windns,"NT AUTHORITY",SYSTEM,"S-1-5-18",User,32768,0,"0.0.0.0","150.171.10.39",,"0b2a9277-f48f-49f6-b78d-d8bfd6dea87a.ods.opinsights.azure.com.",1,48241,0,48241,false,false,false,QUERY,true,NOERROR,false,false,false,"[{""dns.query.name"":""0b2a9277-f48f-49f6-b78d-d8bfd6dea87a.ods.opinsights.azure.com"",""dns.query.type"":""A"",""dns.query.class"":""IN""}]",0xBC71800000010000000400012430623261393237372D663438662D343966362D623738642D643862666436646561383761036F64730A6F70696E73696768747305617A75726503636F6D0000010001C031000200010000012C0013066E73312D303109617A7572652D646E73C046C031000200010000012C0016066E73322D303109617A7572652D646E73036E657400C031000200010000012C0016066E73332D303109617A7572652D646E73036F726700C031000200010000012C0017066E73342D303109617A7572652D646E7304696E666F0000002904D0000000000000,".","ec2bebc5-a9b0-4e57-b72d-5da3973da2dd","7/27/2023, 2:29:14.013 PM","in_windowsdns_auditanalytics_sentinel_windows","im_etw","172.18.88.20","N/A",,0,0,,,,,,"[{""dns.authority.name"":""ods.opinsights.azure.com"",""dns.authority.type"":""NS"",""dns.authority.class"":""IN"",""dns.authority.ttl"":300,""dns.authority.data"":""ns1-01.azure-dns.com""},{""dns.authority.name"":""ods.opinsights.azure.com"",""dns.authority.type"":""NS"",""dns.authority.class"":""IN"",""dns.authority.ttl"":300,""dns.authority.data"":""ns2-01.azure-dns.net""},{""dns.authority.name"":""ods.opinsights.azure.com"",""dns.authority.type"":""NS"",""dns.authority.class"":""IN"",""dns.authority.ttl"":300,""dns.authority.data"":""ns3-01.azure-dns.org""},{""dns.authority.name"":""ods.opinsights.azure.com"",""dns.authority.type"":""NS"",""dns.authority.class"":""IN"",""dns.authority.ttl"":300,""dns.authority.data"":""ns4-01.azure-dns.info""}]",,,"NXLog_DNS_Server_CL",
"0b2a9277-f48f-49f6-b78d-d8bfd6dea87a",RestAPI,,,"7/27/2023, 2:29:15.667 PM",,,,,,,,,,,,,,,,,,40932,,".",Default,,,"Microsoft-Windows-DNSServer","eb79061a-a566-4698-9119-3ed2807060e7",260,0,16,"Microsoft-Windows-DNS-Server/Analytical ",4,"Information ",0,2,"RECURSE_QUERY ",9223372036854775824,"7/27/2023, 2:29:12.013 PM",2908,4024,INFO,2,INFO,windns,"NT AUTHORITY",SYSTEM,"S-1-5-18",User,0,0,"0.0.0.0",,0,"0b2a9277-f48f-49f6-b78d-d8bfd6dea87a.ods.opinsights.azure.com.",1,20935,0,20935,false,false,false,QUERY,false,NOERROR,false,false,false,"[{""dns.query.name"":""0b2a9277-f48f-49f6-b78d-d8bfd6dea87a.ods.opinsights.azure.com"",""dns.query.type"":""A"",""dns.query.class"":""IN""}]",0x51C7000000010000000000012430623261393237372D663438662D343966362D623738642D643862666436646561383761036F64730A6F70696E73696768747305617A75726503636F6D00000100010000290FA0000000000000,".","ec2bebc5-a9b0-4e57-b72d-5da3973da2dd","7/27/2023, 2:29:14.013 PM","in_windowsdns_auditanalytics_sentinel_windows","im_etw","172.18.88.20","N/A","204.14.183.1",,,,,,,NULL,,,,"NXLog_DNS_Server_CL",
"0b2a9277-f48f-49f6-b78d-d8bfd6dea87a",RestAPI,,,"7/27/2023, 2:29:15.667 PM",,,,,,,,,,,,,,,,,,,2,".",Default,"[{""dns.answer.name"":""0b2a9277-f48f-49f6-b78d-d8bfd6dea87a.ods.opinsights.azure.com"",""dns.answer.type"":""CNAME"",""dns.answer.class"":""IN"",""dns.answer.ttl"":300,""dns.answer.data"":""opinsightsweuods.trafficmanager.net""}]",0,"Microsoft-Windows-DNSServer","eb79061a-a566-4698-9119-3ed2807060e7",261,0,16,"Microsoft-Windows-DNS-Server/Analytical ",4,"Information ",0,2,"RECURSE_QUERY ",9223372036854775840,"7/27/2023, 2:29:12.042 PM",2908,4024,INFO,2,INFO,windns,"NT AUTHORITY",SYSTEM,"S-1-5-18",User,33792,0,"0.0.0.0","204.14.183.1",,"0b2a9277-f48f-49f6-b78d-d8bfd6dea87a.ods.opinsights.azure.com.",1,20935,0,20935,false,false,true,QUERY,true,NOERROR,false,false,false,"[{""dns.query.name"":""0b2a9277-f48f-49f6-b78d-d8bfd6dea87a.ods.opinsights.azure.com"",""dns.query.type"":""A"",""dns.query.class"":""IN""}]",0x51C7840000010001000000012430623261393237372D663438662D343966362D623738642D643862666436646561383761036F64730A6F70696E73696768747305617A75726503636F6D0000010001C00C000500010000012C0025106F70696E7369676874737765756F64730E747261666669636D616E61676572036E65740000002904D0000000000000,".","ec2bebc5-a9b0-4e57-b72d-5da3973da2dd","7/27/2023, 2:29:14.013 PM","in_windowsdns_auditanalytics_sentinel_windows","im_etw","172.18.88.20","N/A",,1,0,,,,,,,,,"NXLog_DNS_Server_CL",
"0b2a9277-f48f-49f6-b78d-d8bfd6dea87a",RestAPI,,,"7/27/2023, 2:29:15.667 PM",,,,,,,,,,,,,,,,,,,,,,,,"Microsoft-Windows-DNSServer","eb79061a-a566-4698-9119-3ed2807060e7",279,0,16,"Microsoft-Windows-DNS-Server/Analytical ",4,"Information ",0,1,"LOOK_UP ",9223372071214514176,"7/27/2023, 2:29:12.042 PM",2908,4024,INFO,2,INFO,windns,"NT AUTHORITY",SYSTEM,"S-1-5-18",User,33152,0,"172.18.88.20","172.18.88.20",1,"opinsightsweuods.trafficmanager.net.",1,40932,52348,40932,true,false,false,QUERY,true,NOERROR,false,false,true,"[{""dns.query.name"":""0b2a9277-f48f-49f6-b78d-d8bfd6dea87a.ods.opinsights.azure.com"",""dns.query.type"":""A"",""dns.query.class"":""IN""}]",0x9FE4818000010001000000002430623261393237372D663438662D343966362D623738642D643862666436646561383761036F64730A6F70696E73696768747305617A75726503636F6D0000010001,,,"7/27/2023, 2:29:14.013 PM","in_windowsdns_auditanalytics_sentinel_windows","im_etw","172.18.88.20","N/A",,,,,,,,,,,"N/A","NXLog_DNS_Server_CL",
