"01680ad8-1090-4dec-a395-f77b161a9051","7/8/2023, 9:05:36.630 PM",OpsManager,"KUSTOWORKS\Administrator",User,"DC1.kustoworks.com","Microsoft-Windows-Security-Auditing",Security,13824,0,"<EventData xmlns=""http://schemas.microsoft.com/win/2004/08/events/event"">
  <Data Name=""Dummy"">-</Data>
  <Data Name=""TargetUserName"">KustoKing</Data>
  <Data Name=""TargetDomainName"">KUSTOWORKS</Data>
  <Data Name=""TargetSid"">S-1-5-21-2496762881-1366215883-1809657155-1128</Data>
  <Data Name=""SubjectUserSid"">S-1-5-21-2496762881-1366215883-1809657155-500</Data>
  <Data Name=""SubjectUserName"">Administrator</Data>
  <Data Name=""SubjectDomainName"">KUSTOWORKS</Data>
  <Data Name=""SubjectLogonId"">0xa6a86b</Data>
  <Data Name=""PrivilegeList"">-</Data>
  <Data Name=""SamAccountName"">-</Data>
  <Data Name=""DisplayName"">-</Data>
  <Data Name=""UserPrincipalName"">-</Data>
  <Data Name=""HomeDirectory"">-</Data>
  <Data Name=""HomePath"">-</Data>
  <Data Name=""ScriptPath"">-</Data>
  <Data Name=""ProfilePath"">-</Data>
  <Data Name=""UserWorkstations"">-</Data>
  <Data Name=""PasswordLastSet"">-</Data>
  <Data Name=""AccountExpires"">-</Data>
  <Data Name=""PrimaryGroupId"">-</Data>
  <Data Name=""AllowedToDelegateTo"">-</Data>
  <Data Name=""OldUacValue"">0x211</Data>
  <Data Name=""NewUacValue"">0x210</Data>
  <Data Name=""UserAccountControl""> 		%%2048</Data>
  <Data Name=""UserParameters"">-</Data>
  <Data Name=""SidHistory"">-</Data>
  <Data Name=""LogonHours"">-</Data>
</EventData>",4738,"4738 - A user account was changed.","cc046e6c-795c-47b2-a5ae-c9a0645e6d32","cc046e6c-795c-47b2-a5ae-c9a0645e6d33","00000000-0000-0000-0000-000000000001","7/8/2023, 9:12:59.988 PM","AOI-01680ad8-1090-4dec-a395-f77b161a9051",,,,,"-",,,,,"-",,,,,,,,,,,,,,,,,,,,,,,,,,,,"-",,,,,,,,,,,,,,,,,,,,,,"-","-",,,,,,,,,,,,,"-",,,,,,,,,,,,,,,,,,,,,,,,,,,,0x210,,,,,,,,,,,0x211,,,,,,,"-",,,,"-",,"-",,,,,"-",,,,,,,,,,,,,,,"-","-",,,,,,,,,,"-",,"KUSTOWORKS\Administrator",,,,KUSTOWORKS,,0xa6a86b,,,Administrator,"S-1-5-21-2496762881-1366215883-1809657155-500",,,"KUSTOWORKS\KustoKing",KUSTOWORKS,,,,,,,,"S-1-5-21-2496762881-1366215883-1809657155-1128",,KustoKing,,,,,,,,,," 		%%2048","-","-","-",,,,,,,,,,SecurityEvent,"/subscriptions/e174f759-39db-49b8-b8bc-15cf9abca0f3/resourcegroups/kustoworksarc/providers/microsoft.hybridcompute/machines/dc1"
"01680ad8-1090-4dec-a395-f77b161a9051","7/8/2023, 9:05:36.630 PM",OpsManager,"KUSTOWORKS\Administrator",User,"DC1.kustoworks.com","Microsoft-Windows-Security-Auditing",Security,13824,0,"<EventData xmlns=""http://schemas.microsoft.com/win/2004/08/events/event"">
  <Data Name=""TargetUserName"">KustoKing</Data>
  <Data Name=""TargetDomainName"">KUSTOWORKS</Data>
  <Data Name=""TargetSid"">S-1-5-21-2496762881-1366215883-1809657155-1128</Data>
  <Data Name=""SubjectUserSid"">S-1-5-21-2496762881-1366215883-1809657155-500</Data>
  <Data Name=""SubjectUserName"">Administrator</Data>
  <Data Name=""SubjectDomainName"">KUSTOWORKS</Data>
  <Data Name=""SubjectLogonId"">0xa6a86b</Data>
</EventData>",4722,"4722 - A user account was enabled.","cc046e6c-795c-47b2-a5ae-c9a0645e6d32","cc046e6c-795c-47b2-a5ae-c9a0645e6d33","00000000-0000-0000-0000-000000000001","7/8/2023, 9:12:59.988 PM","AOI-01680ad8-1090-4dec-a395-f77b161a9051",,,,,,,,,,,,,,,,,,,,,,,,,,,,,,,,,,,,,,,,,,,,,,,,,,,,,,,,,,,,,,,,,,,,,,,,,,,,,,,,,,,,,,,,,,,,,,,,,,,,,,,,,,,,,,,,,,,,,,,,,,,,,,,,,,,,,,,,,,,,,,,,,,,,,,,,,,,,,,,"KUSTOWORKS\Administrator",,,,KUSTOWORKS,,0xa6a86b,,,Administrator,"S-1-5-21-2496762881-1366215883-1809657155-500",,,"KUSTOWORKS\KustoKing",KUSTOWORKS,,,,,,,,"S-1-5-21-2496762881-1366215883-1809657155-1128",,KustoKing,,,,,,,,,,,,,,,,,,,,,,,SecurityEvent,"/subscriptions/e174f759-39db-49b8-b8bc-15cf9abca0f3/resourcegroups/kustoworksarc/providers/microsoft.hybridcompute/machines/dc1"
"01680ad8-1090-4dec-a395-f77b161a9051","7/8/2023, 9:18:25.378 PM",OpsManager,"KUSTOWORKS\Administrator",User,"DC1.kustoworks.com","Microsoft-Windows-Security-Auditing",Security,13826,0,"<EventData xmlns=""http://schemas.microsoft.com/win/2004/08/events/event"">
  <Data Name=""MemberName"">CN=KustoKing,CN=Users,DC=kustoworks,DC=com</Data>
  <Data Name=""MemberSid"">S-1-5-21-2496762881-1366215883-1809657155-1128</Data>
  <Data Name=""TargetUserName"">Global Security Group</Data>
  <Data Name=""TargetDomainName"">KUSTOWORKS</Data>
  <Data Name=""TargetSid"">S-1-5-21-2496762881-1366215883-1809657155-1129</Data>
  <Data Name=""SubjectUserSid"">S-1-5-21-2496762881-1366215883-1809657155-500</Data>
  <Data Name=""SubjectUserName"">Administrator</Data>
  <Data Name=""SubjectDomainName"">KUSTOWORKS</Data>
  <Data Name=""SubjectLogonId"">0xa6a86b</Data>
  <Data Name=""PrivilegeList"">-</Data>
</EventData>",4728,"4728 - A member was added to a security-enabled global group.","cc046e6c-795c-47b2-a5ae-c9a0645e6d32","cc046e6c-795c-47b2-a5ae-c9a0645e6d33","00000000-0000-0000-0000-000000000001","7/8/2023, 9:29:54.046 PM","AOI-01680ad8-1090-4dec-a395-f77b161a9051",,,,,,,,,,,,,,,,,,,,,,,,,,,,,,,,,,,,,,,,,,,,,,,,,,,,,,,,,,,,,,,,,,,,,,,,,,,,,,,,,,,,"CN=KustoKing,CN=Users,DC=kustoworks,DC=com","S-1-5-21-2496762881-1366215883-1809657155-1128",,,,,,,,,,,,,,,,,,,,,,,,,,,,,,,,,,,,,,,,,"-",,,,,,,,,,,,,,,,,,,,,,,,,,,,,,,,,"KUSTOWORKS\Administrator",,,,KUSTOWORKS,,0xa6a86b,,,Administrator,"S-1-5-21-2496762881-1366215883-1809657155-500",,,"KUSTOWORKS\Global Security Group",KUSTOWORKS,,,,,,,,"S-1-5-21-2496762881-1366215883-1809657155-1129",,"Global Security Group",,,,,,,,,,,,,,,,,,,,,,,SecurityEvent,"/subscriptions/e174f759-39db-49b8-b8bc-15cf9abca0f3/resourcegroups/kustoworksarc/providers/microsoft.hybridcompute/machines/dc1"
"01680ad8-1090-4dec-a395-f77b161a9051","4/20/2023, 6:00:50.147 PM",OpsManager,"KUSTOWORKS\DC1$",Machine,"DC1.kustoworks.com","Microsoft-Windows-Security-Auditing",Security,1,0,"<EventData xmlns=""http://schemas.microsoft.com/win/2004/08/events/event"">
  <Data Name=""TargetUserName"">gMSAMDIRead$</Data>
  <Data Name=""TargetDomainName"">KUSTOWORKS</Data>
  <Data Name=""TargetSid"">S-1-5-21-2496762881-1366215883-1809657155-1105</Data>
  <Data Name=""SubjectUserSid"">S-1-5-18</Data>
  <Data Name=""SubjectUserName"">DC1$</Data>
  <Data Name=""SubjectDomainName"">KUSTOWORKS</Data>
  <Data Name=""SubjectLogonId"">0x3e7</Data>
</EventData>",4724,"4724 - An attempt was made to reset an account's password.","cc046e6c-795c-47b2-a5ae-c9a0645e6d32","cc046e6c-795c-47b2-a5ae-c9a0645e6d33","00000000-0000-0000-0000-000000000001","4/20/2023, 6:07:29.042 PM","AOI-01680ad8-1090-4dec-a395-f77b161a9051",,,,,,,,,,,,,,,,,,,,,,,,,,,,,,,,,,,,,,,,,,,,,,,,,,,,,,,,,,,,,,,,,,,,,,,,,,,,,,,,,,,,,,,,,,,,,,,,,,,,,,,,,,,,,,,,,,,,,,,,,,,,,,,,,,,,,,,,,,,,,,,,,,,,,,,,,,,,,,,"KUSTOWORKS\DC1$",,,,KUSTOWORKS,,0x3e7,,,"DC1$","S-1-5-18",,,"KUSTOWORKS\gMSAMDIRead$",KUSTOWORKS,,,,,,,,"S-1-5-21-2496762881-1366215883-1809657155-1105",,"gMSAMDIRead$",,,,,,,,,,,,,,,,,,,,,,,SecurityEvent,"/subscriptions/e174f759-39db-49b8-b8bc-15cf9abca0f3/resourcegroups/kustoworksarc/providers/microsoft.hybridcompute/machines/dc1"
"01680ad8-1090-4dec-a395-f77b161a9051","4/20/2023, 6:40:19.443 PM",OpsManager,"KUSTOWORKS\Administrator",User,"DC1.kustoworks.com","Microsoft-Windows-Security-Auditing",Security,1,0,"<EventData xmlns=""http://schemas.microsoft.com/win/2004/08/events/event"">
  <Data Name=""MemberName"">CN=panosuserid,CN=Users,DC=kustoworks,DC=com</Data>
  <Data Name=""MemberSid"">S-1-5-21-2496762881-1366215883-1809657155-1114</Data>
  <Data Name=""TargetUserName"">Event Log Readers</Data>
  <Data Name=""TargetDomainName"">Builtin</Data>
  <Data Name=""TargetSid"">S-1-5-32-573</Data>
  <Data Name=""SubjectUserSid"">S-1-5-21-2496762881-1366215883-1809657155-500</Data>
  <Data Name=""SubjectUserName"">Administrator</Data>
  <Data Name=""SubjectDomainName"">KUSTOWORKS</Data>
  <Data Name=""SubjectLogonId"">0x3aeb8e</Data>
  <Data Name=""PrivilegeList"">-</Data>
</EventData>",4733,"4733 - A member was removed from a security-enabled local group.","cc046e6c-795c-47b2-a5ae-c9a0645e6d32","cc046e6c-795c-47b2-a5ae-c9a0645e6d33","00000000-0000-0000-0000-000000000001","4/20/2023, 6:40:35.752 PM","AOI-01680ad8-1090-4dec-a395-f77b161a9051",,,,,,,,,,,,,,,,,,,,,,,,,,,,,,,,,,,,,,,,,,,,,,,,,,,,,,,,,,,,,,,,,,,,,,,,,,,,,,,,,,,,"CN=panosuserid,CN=Users,DC=kustoworks,DC=com","S-1-5-21-2496762881-1366215883-1809657155-1114",,,,,,,,,,,,,,,,,,,,,,,,,,,,,,,,,,,,,,,,,"-",,,,,,,,,,,,,,,,,,,,,,,,,,,,,,,,,"KUSTOWORKS\Administrator",,,,KUSTOWORKS,,0x3aeb8e,,,Administrator,"S-1-5-21-2496762881-1366215883-1809657155-500",,,"Builtin\Event Log Readers",Builtin,,,,,,,,"S-1-5-32-573",,"Event Log Readers",,,,,,,,,,,,,,,,,,,,,,,SecurityEvent,"/subscriptions/e174f759-39db-49b8-b8bc-15cf9abca0f3/resourcegroups/kustoworksarc/providers/microsoft.hybridcompute/machines/dc1"
"01680ad8-1090-4dec-a395-f77b161a9051","4/20/2023, 6:40:49.887 PM",OpsManager,"KUSTOWORKS\Administrator",User,"DC1.kustoworks.com","Microsoft-Windows-Security-Auditing",Security,1,0,"<EventData xmlns=""http://schemas.microsoft.com/win/2004/08/events/event"">
  <Data Name=""TargetUserName"">panosuserid</Data>
  <Data Name=""TargetDomainName"">KUSTOWORKS</Data>
  <Data Name=""TargetSid"">S-1-5-21-2496762881-1366215883-1809657155-1114</Data>
  <Data Name=""SubjectUserSid"">S-1-5-21-2496762881-1366215883-1809657155-500</Data>
  <Data Name=""SubjectUserName"">Administrator</Data>
  <Data Name=""SubjectDomainName"">KUSTOWORKS</Data>
  <Data Name=""SubjectLogonId"">0x3aeb8e</Data>
  <Data Name=""PrivilegeList"">-</Data>
</EventData>",4726,"4726 - A user account was deleted.","cc046e6c-795c-47b2-a5ae-c9a0645e6d32","cc046e6c-795c-47b2-a5ae-c9a0645e6d33","00000000-0000-0000-0000-000000000001","4/20/2023, 6:41:15.722 PM","AOI-01680ad8-1090-4dec-a395-f77b161a9051",,,,,,,,,,,,,,,,,,,,,,,,,,,,,,,,,,,,,,,,,,,,,,,,,,,,,,,,,,,,,,,,,,,,,,,,,,,,,,,,,,,,,,,,,,,,,,,,,,,,,,,,,,,,,,,,,,,,,,,,,,,,,,"-",,,,,,,,,,,,,,,,,,,,,,,,,,,,,,,,,"KUSTOWORKS\Administrator",,,,KUSTOWORKS,,0x3aeb8e,,,Administrator,"S-1-5-21-2496762881-1366215883-1809657155-500",,,"KUSTOWORKS\panosuserid",KUSTOWORKS,,,,,,,,"S-1-5-21-2496762881-1366215883-1809657155-1114",,panosuserid,,,,,,,,,,,,,,,,,,,,,,,SecurityEvent,"/subscriptions/e174f759-39db-49b8-b8bc-15cf9abca0f3/resourcegroups/kustoworksarc/providers/microsoft.hybridcompute/machines/dc1"
"01680ad8-1090-4dec-a395-f77b161a9051","4/20/2023, 6:40:51.846 PM",OpsManager,"KUSTOWORKS\Administrator",User,"DC1.kustoworks.com","Microsoft-Windows-Security-Auditing",Security,1,0,"<EventData xmlns=""http://schemas.microsoft.com/win/2004/08/events/event"">
  <Data Name=""TargetUserName"">kustotest</Data>
  <Data Name=""TargetDomainName"">KUSTOWORKS</Data>
  <Data Name=""TargetSid"">S-1-5-21-2496762881-1366215883-1809657155-1107</Data>
  <Data Name=""SubjectUserSid"">S-1-5-21-2496762881-1366215883-1809657155-500</Data>
  <Data Name=""SubjectUserName"">Administrator</Data>
  <Data Name=""SubjectDomainName"">KUSTOWORKS</Data>
  <Data Name=""SubjectLogonId"">0x3aeb8e</Data>
  <Data Name=""PrivilegeList"">-</Data>
</EventData>",4726,"4726 - A user account was deleted.","cc046e6c-795c-47b2-a5ae-c9a0645e6d32","cc046e6c-795c-47b2-a5ae-c9a0645e6d33","00000000-0000-0000-0000-000000000001","4/20/2023, 6:41:15.722 PM","AOI-01680ad8-1090-4dec-a395-f77b161a9051",,,,,,,,,,,,,,,,,,,,,,,,,,,,,,,,,,,,,,,,,,,,,,,,,,,,,,,,,,,,,,,,,,,,,,,,,,,,,,,,,,,,,,,,,,,,,,,,,,,,,,,,,,,,,,,,,,,,,,,,,,,,,,"-",,,,,,,,,,,,,,,,,,,,,,,,,,,,,,,,,"KUSTOWORKS\Administrator",,,,KUSTOWORKS,,0x3aeb8e,,,Administrator,"S-1-5-21-2496762881-1366215883-1809657155-500",,,"KUSTOWORKS\kustotest",KUSTOWORKS,,,,,,,,"S-1-5-21-2496762881-1366215883-1809657155-1107",,kustotest,,,,,,,,,,,,,,,,,,,,,,,SecurityEvent,"/subscriptions/e174f759-39db-49b8-b8bc-15cf9abca0f3/resourcegroups/kustoworksarc/providers/microsoft.hybridcompute/machines/dc1"
"01680ad8-1090-4dec-a395-f77b161a9051","4/20/2023, 6:41:36.323 PM",OpsManager,"KUSTOWORKS\Administrator",User,"DC1.kustoworks.com","Microsoft-Windows-Security-Auditing",Security,1,0,"<EventData xmlns=""http://schemas.microsoft.com/win/2004/08/events/event"">
  <Data Name=""TargetUserName"">subscriptionuser</Data>
  <Data Name=""TargetDomainName"">KUSTOWORKS</Data>
  <Data Name=""TargetSid"">S-1-5-21-2496762881-1366215883-1809657155-1126</Data>
  <Data Name=""SubjectUserSid"">S-1-5-21-2496762881-1366215883-1809657155-500</Data>
  <Data Name=""SubjectUserName"">Administrator</Data>
  <Data Name=""SubjectDomainName"">KUSTOWORKS</Data>
  <Data Name=""SubjectLogonId"">0x3aeb8e</Data>
  <Data Name=""PrivilegeList"">-</Data>
  <Data Name=""SamAccountName"">subscriptionuser</Data>
  <Data Name=""DisplayName"">subscriptionuser</Data>
  <Data Name=""UserPrincipalName"">subscriptionuser@kustoworks.com</Data>
  <Data Name=""HomeDirectory"">-</Data>
  <Data Name=""HomePath"">-</Data>
  <Data Name=""ScriptPath"">-</Data>
  <Data Name=""ProfilePath"">-</Data>
  <Data Name=""UserWorkstations"">-</Data>
  <Data Name=""PasswordLastSet"">%%1794</Data>
  <Data Name=""AccountExpires"">%%1794</Data>
  <Data Name=""PrimaryGroupId"">513</Data>
  <Data Name=""AllowedToDelegateTo"">-</Data>
  <Data Name=""OldUacValue"">0x0</Data>
  <Data Name=""NewUacValue"">0x15</Data>
  <Data Name=""UserAccountControl""> 		%%2080 		%%2082 		%%2084</Data>
  <Data Name=""UserParameters"">-</Data>
  <Data Name=""SidHistory"">-</Data>
  <Data Name=""LogonHours"">%%1793</Data>
</EventData>",4720,"4720 - A user account was created.","cc046e6c-795c-47b2-a5ae-c9a0645e6d32","cc046e6c-795c-47b2-a5ae-c9a0645e6d33","00000000-0000-0000-0000-000000000001","4/20/2023, 6:41:55.737 PM","AOI-01680ad8-1090-4dec-a395-f77b161a9051",,,,,"%%1794",,,,,"-",,,,,,,,,,,,,,,,,,,,,,,,,,,,subscriptionuser,,,,,,,,,,,,,,,,,,,,,,"-","-",,,,,,,,,,,,,"%%1793",,,,,,,,,,,,,,,,,,,,,,,,,,,,0x15,,,,,,,,,,,0x0,,,,,,,"%%1794",,,,513,,"-",,,,,"-",,,,,,,,,,,,,,,subscriptionuser,"-",,,,,,,,,,"-",,"KUSTOWORKS\Administrator",,,,KUSTOWORKS,,0x3aeb8e,,,Administrator,"S-1-5-21-2496762881-1366215883-1809657155-500",,,"KUSTOWORKS\subscriptionuser",KUSTOWORKS,,,,,,,,"S-1-5-21-2496762881-1366215883-1809657155-1126",,subscriptionuser,,,,,,,,,," 		%%2080 		%%2082 		%%2084","-","subscriptionuser@kustoworks.com","-",,,,,,,,,,SecurityEvent,"/subscriptions/e174f759-39db-49b8-b8bc-15cf9abca0f3/resourcegroups/kustoworksarc/providers/microsoft.hybridcompute/machines/dc1"
"01680ad8-1090-4dec-a395-f77b161a9051","4/20/2023, 6:41:36.385 PM",OpsManager,"NT AUTHORITY\ANONYMOUS LOGON",User,"DC1.kustoworks.com","Microsoft-Windows-Security-Auditing",Security,1,0,"<EventData xmlns=""http://schemas.microsoft.com/win/2004/08/events/event"">
  <Data Name=""Dummy"">-</Data>
  <Data Name=""TargetUserName"">subscriptionuser</Data>
  <Data Name=""TargetDomainName"">KUSTOWORKS</Data>
  <Data Name=""TargetSid"">S-1-5-21-2496762881-1366215883-1809657155-1126</Data>
  <Data Name=""SubjectUserSid"">S-1-5-7</Data>
  <Data Name=""SubjectUserName"">ANONYMOUS LOGON</Data>
  <Data Name=""SubjectDomainName"">NT AUTHORITY</Data>
  <Data Name=""SubjectLogonId"">0x3e6</Data>
  <Data Name=""PrivilegeList"">-</Data>
  <Data Name=""SamAccountName"">-</Data>
  <Data Name=""DisplayName"">-</Data>
  <Data Name=""UserPrincipalName"">-</Data>
  <Data Name=""HomeDirectory"">-</Data>
  <Data Name=""HomePath"">-</Data>
  <Data Name=""ScriptPath"">-</Data>
  <Data Name=""ProfilePath"">-</Data>
  <Data Name=""UserWorkstations"">-</Data>
  <Data Name=""PasswordLastSet"">4/20/2023 8:41:36 PM</Data>
  <Data Name=""AccountExpires"">-</Data>
  <Data Name=""PrimaryGroupId"">-</Data>
  <Data Name=""AllowedToDelegateTo"">-</Data>
  <Data Name=""OldUacValue"">-</Data>
  <Data Name=""NewUacValue"">-</Data>
  <Data Name=""UserAccountControl"">-</Data>
  <Data Name=""UserParameters"">-</Data>
  <Data Name=""SidHistory"">-</Data>
  <Data Name=""LogonHours"">-</Data>
</EventData>",4738,"4738 - A user account was changed.","cc046e6c-795c-47b2-a5ae-c9a0645e6d32","cc046e6c-795c-47b2-a5ae-c9a0645e6d33","00000000-0000-0000-0000-000000000001","4/20/2023, 6:41:55.737 PM","AOI-01680ad8-1090-4dec-a395-f77b161a9051",,,,,"-",,,,,"-",,,,,,,,,,,,,,,,,,,,,,,,,,,,"-",,,,,,,,,,,,,,,,,,,,,,"-","-",,,,,,,,,,,,,"-",,,,,,,,,,,,,,,,,,,,,,,,,,,,"-",,,,,,,,,,,"-",,,,,,,"4/20/2023 8:41:36 PM",,,,"-",,"-",,,,,"-",,,,,,,,,,,,,,,"-","-",,,,,,,,,,"-",,"NT AUTHORITY\ANONYMOUS LOGON",,,,"NT AUTHORITY",,0x3e6,,,"ANONYMOUS LOGON","S-1-5-7",,,"KUSTOWORKS\subscriptionuser",KUSTOWORKS,,,,,,,,"S-1-5-21-2496762881-1366215883-1809657155-1126",,subscriptionuser,,,,,,,,,,"-","-","-","-",,,,,,,,,,SecurityEvent,"/subscriptions/e174f759-39db-49b8-b8bc-15cf9abca0f3/resourcegroups/kustoworksarc/providers/microsoft.hybridcompute/machines/dc1"
"01680ad8-1090-4dec-a395-f77b161a9051","4/20/2023, 6:41:36.385 PM",OpsManager,"KUSTOWORKS\Administrator",User,"DC1.kustoworks.com","Microsoft-Windows-Security-Auditing",Security,1,0,"<EventData xmlns=""http://schemas.microsoft.com/win/2004/08/events/event"">
  <Data Name=""TargetUserName"">subscriptionuser</Data>
  <Data Name=""TargetDomainName"">KUSTOWORKS</Data>
  <Data Name=""TargetSid"">S-1-5-21-2496762881-1366215883-1809657155-1126</Data>
  <Data Name=""SubjectUserSid"">S-1-5-21-2496762881-1366215883-1809657155-500</Data>
  <Data Name=""SubjectUserName"">Administrator</Data>
  <Data Name=""SubjectDomainName"">KUSTOWORKS</Data>
  <Data Name=""SubjectLogonId"">0x7b029c</Data>
</EventData>",4724,"4724 - An attempt was made to reset an account's password.","cc046e6c-795c-47b2-a5ae-c9a0645e6d32","cc046e6c-795c-47b2-a5ae-c9a0645e6d33","00000000-0000-0000-0000-000000000001","4/20/2023, 6:41:55.737 PM","AOI-01680ad8-1090-4dec-a395-f77b161a9051",,,,,,,,,,,,,,,,,,,,,,,,,,,,,,,,,,,,,,,,,,,,,,,,,,,,,,,,,,,,,,,,,,,,,,,,,,,,,,,,,,,,,,,,,,,,,,,,,,,,,,,,,,,,,,,,,,,,,,,,,,,,,,,,,,,,,,,,,,,,,,,,,,,,,,,,,,,,,,,"KUSTOWORKS\Administrator",,,,KUSTOWORKS,,0x7b029c,,,Administrator,"S-1-5-21-2496762881-1366215883-1809657155-500",,,"KUSTOWORKS\subscriptionuser",KUSTOWORKS,,,,,,,,"S-1-5-21-2496762881-1366215883-1809657155-1126",,subscriptionuser,,,,,,,,,,,,,,,,,,,,,,,SecurityEvent,"/subscriptions/e174f759-39db-49b8-b8bc-15cf9abca0f3/resourcegroups/kustoworksarc/providers/microsoft.hybridcompute/machines/dc1"
"01680ad8-1090-4dec-a395-f77b161a9051","4/20/2023, 6:41:36.399 PM",OpsManager,"KUSTOWORKS\Administrator",User,"DC1.kustoworks.com","Microsoft-Windows-Security-Auditing",Security,1,0,"<EventData xmlns=""http://schemas.microsoft.com/win/2004/08/events/event"">
  <Data Name=""Dummy"">-</Data>
  <Data Name=""TargetUserName"">subscriptionuser</Data>
  <Data Name=""TargetDomainName"">KUSTOWORKS</Data>
  <Data Name=""TargetSid"">S-1-5-21-2496762881-1366215883-1809657155-1126</Data>
  <Data Name=""SubjectUserSid"">S-1-5-21-2496762881-1366215883-1809657155-500</Data>
  <Data Name=""SubjectUserName"">Administrator</Data>
  <Data Name=""SubjectDomainName"">KUSTOWORKS</Data>
  <Data Name=""SubjectLogonId"">0x3aeb8e</Data>
  <Data Name=""PrivilegeList"">-</Data>
  <Data Name=""SamAccountName"">-</Data>
  <Data Name=""DisplayName"">-</Data>
  <Data Name=""UserPrincipalName"">-</Data>
  <Data Name=""HomeDirectory"">-</Data>
  <Data Name=""HomePath"">-</Data>
  <Data Name=""ScriptPath"">-</Data>
  <Data Name=""ProfilePath"">-</Data>
  <Data Name=""UserWorkstations"">-</Data>
  <Data Name=""PasswordLastSet"">-</Data>
  <Data Name=""AccountExpires"">-</Data>
  <Data Name=""PrimaryGroupId"">-</Data>
  <Data Name=""AllowedToDelegateTo"">-</Data>
  <Data Name=""OldUacValue"">-</Data>
  <Data Name=""NewUacValue"">-</Data>
  <Data Name=""UserAccountControl"">-</Data>
  <Data Name=""UserParameters"">-</Data>
  <Data Name=""SidHistory"">-</Data>
  <Data Name=""LogonHours"">-</Data>
</EventData>",4738,"4738 - A user account was changed.","cc046e6c-795c-47b2-a5ae-c9a0645e6d32","cc046e6c-795c-47b2-a5ae-c9a0645e6d33","00000000-0000-0000-0000-000000000001","4/20/2023, 6:41:55.737 PM","AOI-01680ad8-1090-4dec-a395-f77b161a9051",,,,,"-",,,,,"-",,,,,,,,,,,,,,,,,,,,,,,,,,,,"-",,,,,,,,,,,,,,,,,,,,,,"-","-",,,,,,,,,,,,,"-",,,,,,,,,,,,,,,,,,,,,,,,,,,,"-",,,,,,,,,,,"-",,,,,,,"-",,,,"-",,"-",,,,,"-",,,,,,,,,,,,,,,"-","-",,,,,,,,,,"-",,"KUSTOWORKS\Administrator",,,,KUSTOWORKS,,0x3aeb8e,,,Administrator,"S-1-5-21-2496762881-1366215883-1809657155-500",,,"KUSTOWORKS\subscriptionuser",KUSTOWORKS,,,,,,,,"S-1-5-21-2496762881-1366215883-1809657155-1126",,subscriptionuser,,,,,,,,,,"-","-","-","-",,,,,,,,,,SecurityEvent,"/subscriptions/e174f759-39db-49b8-b8bc-15cf9abca0f3/resourcegroups/kustoworksarc/providers/microsoft.hybridcompute/machines/dc1"
"01680ad8-1090-4dec-a395-f77b161a9051","4/20/2023, 6:41:36.401 PM",OpsManager,"KUSTOWORKS\Administrator",User,"DC1.kustoworks.com","Microsoft-Windows-Security-Auditing",Security,1,0,"<EventData xmlns=""http://schemas.microsoft.com/win/2004/08/events/event"">
  <Data Name=""Dummy"">-</Data>
  <Data Name=""TargetUserName"">subscriptionuser</Data>
  <Data Name=""TargetDomainName"">KUSTOWORKS</Data>
  <Data Name=""TargetSid"">S-1-5-21-2496762881-1366215883-1809657155-1126</Data>
  <Data Name=""SubjectUserSid"">S-1-5-21-2496762881-1366215883-1809657155-500</Data>
  <Data Name=""SubjectUserName"">Administrator</Data>
  <Data Name=""SubjectDomainName"">KUSTOWORKS</Data>
  <Data Name=""SubjectLogonId"">0x3aeb8e</Data>
  <Data Name=""PrivilegeList"">-</Data>
  <Data Name=""SamAccountName"">-</Data>
  <Data Name=""DisplayName"">-</Data>
  <Data Name=""UserPrincipalName"">-</Data>
  <Data Name=""HomeDirectory"">-</Data>
  <Data Name=""HomePath"">-</Data>
  <Data Name=""ScriptPath"">-</Data>
  <Data Name=""ProfilePath"">-</Data>
  <Data Name=""UserWorkstations"">-</Data>
  <Data Name=""PasswordLastSet"">-</Data>
  <Data Name=""AccountExpires"">-</Data>
  <Data Name=""PrimaryGroupId"">-</Data>
  <Data Name=""AllowedToDelegateTo"">-</Data>
  <Data Name=""OldUacValue"">0x15</Data>
  <Data Name=""NewUacValue"">0x211</Data>
  <Data Name=""UserAccountControl""> 		%%2050 		%%2089</Data>
  <Data Name=""UserParameters"">-</Data>
  <Data Name=""SidHistory"">-</Data>
  <Data Name=""LogonHours"">-</Data>
</EventData>",4738,"4738 - A user account was changed.","cc046e6c-795c-47b2-a5ae-c9a0645e6d32","cc046e6c-795c-47b2-a5ae-c9a0645e6d33","00000000-0000-0000-0000-000000000001","4/20/2023, 6:41:55.737 PM","AOI-01680ad8-1090-4dec-a395-f77b161a9051",,,,,"-",,,,,"-",,,,,,,,,,,,,,,,,,,,,,,,,,,,"-",,,,,,,,,,,,,,,,,,,,,,"-","-",,,,,,,,,,,,,"-",,,,,,,,,,,,,,,,,,,,,,,,,,,,0x211,,,,,,,,,,,0x15,,,,,,,"-",,,,"-",,"-",,,,,"-",,,,,,,,,,,,,,,"-","-",,,,,,,,,,"-",,"KUSTOWORKS\Administrator",,,,KUSTOWORKS,,0x3aeb8e,,,Administrator,"S-1-5-21-2496762881-1366215883-1809657155-500",,,"KUSTOWORKS\subscriptionuser",KUSTOWORKS,,,,,,,,"S-1-5-21-2496762881-1366215883-1809657155-1126",,subscriptionuser,,,,,,,,,," 		%%2050 		%%2089","-","-","-",,,,,,,,,,SecurityEvent,"/subscriptions/e174f759-39db-49b8-b8bc-15cf9abca0f3/resourcegroups/kustoworksarc/providers/microsoft.hybridcompute/machines/dc1"
"01680ad8-1090-4dec-a395-f77b161a9051","4/20/2023, 6:41:36.402 PM",OpsManager,"KUSTOWORKS\Administrator",User,"DC1.kustoworks.com","Microsoft-Windows-Security-Auditing",Security,1,0,"<EventData xmlns=""http://schemas.microsoft.com/win/2004/08/events/event"">
  <Data Name=""Dummy"">-</Data>
  <Data Name=""TargetUserName"">subscriptionuser</Data>
  <Data Name=""TargetDomainName"">KUSTOWORKS</Data>
  <Data Name=""TargetSid"">S-1-5-21-2496762881-1366215883-1809657155-1126</Data>
  <Data Name=""SubjectUserSid"">S-1-5-21-2496762881-1366215883-1809657155-500</Data>
  <Data Name=""SubjectUserName"">Administrator</Data>
  <Data Name=""SubjectDomainName"">KUSTOWORKS</Data>
  <Data Name=""SubjectLogonId"">0x3aeb8e</Data>
  <Data Name=""PrivilegeList"">-</Data>
  <Data Name=""SamAccountName"">-</Data>
  <Data Name=""DisplayName"">-</Data>
  <Data Name=""UserPrincipalName"">-</Data>
  <Data Name=""HomeDirectory"">-</Data>
  <Data Name=""HomePath"">-</Data>
  <Data Name=""ScriptPath"">-</Data>
  <Data Name=""ProfilePath"">-</Data>
  <Data Name=""UserWorkstations"">-</Data>
  <Data Name=""PasswordLastSet"">-</Data>
  <Data Name=""AccountExpires"">-</Data>
  <Data Name=""PrimaryGroupId"">-</Data>
  <Data Name=""AllowedToDelegateTo"">-</Data>
  <Data Name=""OldUacValue"">0x211</Data>
  <Data Name=""NewUacValue"">0x210</Data>
  <Data Name=""UserAccountControl""> 		%%2048</Data>
  <Data Name=""UserParameters"">-</Data>
  <Data Name=""SidHistory"">-</Data>
  <Data Name=""LogonHours"">-</Data>
</EventData>",4738,"4738 - A user account was changed.","cc046e6c-795c-47b2-a5ae-c9a0645e6d32","cc046e6c-795c-47b2-a5ae-c9a0645e6d33","00000000-0000-0000-0000-000000000001","4/20/2023, 6:41:55.737 PM","AOI-01680ad8-1090-4dec-a395-f77b161a9051",,,,,"-",,,,,"-",,,,,,,,,,,,,,,,,,,,,,,,,,,,"-",,,,,,,,,,,,,,,,,,,,,,"-","-",,,,,,,,,,,,,"-",,,,,,,,,,,,,,,,,,,,,,,,,,,,0x210,,,,,,,,,,,0x211,,,,,,,"-",,,,"-",,"-",,,,,"-",,,,,,,,,,,,,,,"-","-",,,,,,,,,,"-",,"KUSTOWORKS\Administrator",,,,KUSTOWORKS,,0x3aeb8e,,,Administrator,"S-1-5-21-2496762881-1366215883-1809657155-500",,,"KUSTOWORKS\subscriptionuser",KUSTOWORKS,,,,,,,,"S-1-5-21-2496762881-1366215883-1809657155-1126",,subscriptionuser,,,,,,,,,," 		%%2048","-","-","-",,,,,,,,,,SecurityEvent,"/subscriptions/e174f759-39db-49b8-b8bc-15cf9abca0f3/resourcegroups/kustoworksarc/providers/microsoft.hybridcompute/machines/dc1"
"01680ad8-1090-4dec-a395-f77b161a9051","4/20/2023, 6:41:36.402 PM",OpsManager,"KUSTOWORKS\Administrator",User,"DC1.kustoworks.com","Microsoft-Windows-Security-Auditing",Security,1,0,"<EventData xmlns=""http://schemas.microsoft.com/win/2004/08/events/event"">
  <Data Name=""TargetUserName"">subscriptionuser</Data>
  <Data Name=""TargetDomainName"">KUSTOWORKS</Data>
  <Data Name=""TargetSid"">S-1-5-21-2496762881-1366215883-1809657155-1126</Data>
  <Data Name=""SubjectUserSid"">S-1-5-21-2496762881-1366215883-1809657155-500</Data>
  <Data Name=""SubjectUserName"">Administrator</Data>
  <Data Name=""SubjectDomainName"">KUSTOWORKS</Data>
  <Data Name=""SubjectLogonId"">0x3aeb8e</Data>
</EventData>",4722,"4722 - A user account was enabled.","cc046e6c-795c-47b2-a5ae-c9a0645e6d32","cc046e6c-795c-47b2-a5ae-c9a0645e6d33","00000000-0000-0000-0000-000000000001","4/20/2023, 6:41:55.737 PM","AOI-01680ad8-1090-4dec-a395-f77b161a9051",,,,,,,,,,,,,,,,,,,,,,,,,,,,,,,,,,,,,,,,,,,,,,,,,,,,,,,,,,,,,,,,,,,,,,,,,,,,,,,,,,,,,,,,,,,,,,,,,,,,,,,,,,,,,,,,,,,,,,,,,,,,,,,,,,,,,,,,,,,,,,,,,,,,,,,,,,,,,,,"KUSTOWORKS\Administrator",,,,KUSTOWORKS,,0x3aeb8e,,,Administrator,"S-1-5-21-2496762881-1366215883-1809657155-500",,,"KUSTOWORKS\subscriptionuser",KUSTOWORKS,,,,,,,,"S-1-5-21-2496762881-1366215883-1809657155-1126",,subscriptionuser,,,,,,,,,,,,,,,,,,,,,,,SecurityEvent,"/subscriptions/e174f759-39db-49b8-b8bc-15cf9abca0f3/resourcegroups/kustoworksarc/providers/microsoft.hybridcompute/machines/dc1"
"01680ad8-1090-4dec-a395-f77b161a9051","4/20/2023, 6:42:08.586 PM",OpsManager,"KUSTOWORKS\Administrator",User,"DC1.kustoworks.com","Microsoft-Windows-Security-Auditing",Security,1,0,"<EventData xmlns=""http://schemas.microsoft.com/win/2004/08/events/event"">
  <Data Name=""MemberName"">CN=WEF1,CN=Computers,DC=kustoworks,DC=com</Data>
  <Data Name=""MemberSid"">S-1-5-21-2496762881-1366215883-1809657155-1108</Data>
  <Data Name=""TargetUserName"">Event Log Readers</Data>
  <Data Name=""TargetDomainName"">Builtin</Data>
  <Data Name=""TargetSid"">S-1-5-32-573</Data>
  <Data Name=""SubjectUserSid"">S-1-5-21-2496762881-1366215883-1809657155-500</Data>
  <Data Name=""SubjectUserName"">Administrator</Data>
  <Data Name=""SubjectDomainName"">KUSTOWORKS</Data>
  <Data Name=""SubjectLogonId"">0x3aeb8e</Data>
  <Data Name=""PrivilegeList"">-</Data>
</EventData>",4732,"4732 - A member was added to a security-enabled local group.","cc046e6c-795c-47b2-a5ae-c9a0645e6d32","cc046e6c-795c-47b2-a5ae-c9a0645e6d33","00000000-0000-0000-0000-000000000001","4/20/2023, 6:42:35.733 PM","AOI-01680ad8-1090-4dec-a395-f77b161a9051",,,,,,,,,,,,,,,,,,,,,,,,,,,,,,,,,,,,,,,,,,,,,,,,,,,,,,,,,,,,,,,,,,,,,,,,,,,,,,,,,,,,"CN=WEF1,CN=Computers,DC=kustoworks,DC=com","S-1-5-21-2496762881-1366215883-1809657155-1108",,,,,,,,,,,,,,,,,,,,,,,,,,,,,,,,,,,,,,,,,"-",,,,,,,,,,,,,,,,,,,,,,,,,,,,,,,,,"KUSTOWORKS\Administrator",,,,KUSTOWORKS,,0x3aeb8e,,,Administrator,"S-1-5-21-2496762881-1366215883-1809657155-500",,,"Builtin\Event Log Readers",Builtin,,,,,,,,"S-1-5-32-573",,"Event Log Readers",,,,,,,,,,,,,,,,,,,,,,,SecurityEvent,"/subscriptions/e174f759-39db-49b8-b8bc-15cf9abca0f3/resourcegroups/kustoworksarc/providers/microsoft.hybridcompute/machines/dc1"
"01680ad8-1090-4dec-a395-f77b161a9051","4/20/2023, 6:42:08.586 PM",OpsManager,"KUSTOWORKS\Administrator",User,"DC1.kustoworks.com","Microsoft-Windows-Security-Auditing",Security,1,0,"<EventData xmlns=""http://schemas.microsoft.com/win/2004/08/events/event"">
  <Data Name=""MemberName"">CN=subscriptionuser,CN=Users,DC=kustoworks,DC=com</Data>
  <Data Name=""MemberSid"">S-1-5-21-2496762881-1366215883-1809657155-1126</Data>
  <Data Name=""TargetUserName"">Event Log Readers</Data>
  <Data Name=""TargetDomainName"">Builtin</Data>
  <Data Name=""TargetSid"">S-1-5-32-573</Data>
  <Data Name=""SubjectUserSid"">S-1-5-21-2496762881-1366215883-1809657155-500</Data>
  <Data Name=""SubjectUserName"">Administrator</Data>
  <Data Name=""SubjectDomainName"">KUSTOWORKS</Data>
  <Data Name=""SubjectLogonId"">0x3aeb8e</Data>
  <Data Name=""PrivilegeList"">-</Data>
</EventData>",4732,"4732 - A member was added to a security-enabled local group.","cc046e6c-795c-47b2-a5ae-c9a0645e6d32","cc046e6c-795c-47b2-a5ae-c9a0645e6d33","00000000-0000-0000-0000-000000000001","4/20/2023, 6:42:35.733 PM","AOI-01680ad8-1090-4dec-a395-f77b161a9051",,,,,,,,,,,,,,,,,,,,,,,,,,,,,,,,,,,,,,,,,,,,,,,,,,,,,,,,,,,,,,,,,,,,,,,,,,,,,,,,,,,,"CN=subscriptionuser,CN=Users,DC=kustoworks,DC=com","S-1-5-21-2496762881-1366215883-1809657155-1126",,,,,,,,,,,,,,,,,,,,,,,,,,,,,,,,,,,,,,,,,"-",,,,,,,,,,,,,,,,,,,,,,,,,,,,,,,,,"KUSTOWORKS\Administrator",,,,KUSTOWORKS,,0x3aeb8e,,,Administrator,"S-1-5-21-2496762881-1366215883-1809657155-500",,,"Builtin\Event Log Readers",Builtin,,,,,,,,"S-1-5-32-573",,"Event Log Readers",,,,,,,,,,,,,,,,,,,,,,,SecurityEvent,"/subscriptions/e174f759-39db-49b8-b8bc-15cf9abca0f3/resourcegroups/kustoworksarc/providers/microsoft.hybridcompute/machines/dc1"
"01680ad8-1090-4dec-a395-f77b161a9051","4/20/2023, 6:42:08.586 PM",OpsManager,"KUSTOWORKS\Administrator",User,"DC1.kustoworks.com","Microsoft-Windows-Security-Auditing",Security,1,0,"<EventData xmlns=""http://schemas.microsoft.com/win/2004/08/events/event"">
  <Data Name=""MemberName"">-</Data>
  <Data Name=""MemberSid"">S-1-5-20</Data>
  <Data Name=""TargetUserName"">Event Log Readers</Data>
  <Data Name=""TargetDomainName"">Builtin</Data>
  <Data Name=""TargetSid"">S-1-5-32-573</Data>
  <Data Name=""SubjectUserSid"">S-1-5-21-2496762881-1366215883-1809657155-500</Data>
  <Data Name=""SubjectUserName"">Administrator</Data>
  <Data Name=""SubjectDomainName"">KUSTOWORKS</Data>
  <Data Name=""SubjectLogonId"">0x3aeb8e</Data>
  <Data Name=""PrivilegeList"">-</Data>
</EventData>",4732,"4732 - A member was added to a security-enabled local group.","cc046e6c-795c-47b2-a5ae-c9a0645e6d32","cc046e6c-795c-47b2-a5ae-c9a0645e6d33","00000000-0000-0000-0000-000000000001","4/20/2023, 6:42:35.733 PM","AOI-01680ad8-1090-4dec-a395-f77b161a9051",,,,,,,,,,,,,,,,,,,,,,,,,,,,,,,,,,,,,,,,,,,,,,,,,,,,,,,,,,,,,,,,,,,,,,,,,,,,,,,,,,,,"-","S-1-5-20",,,,,,,,,,,,,,,,,,,,,,,,,,,,,,,,,,,,,,,,,"-",,,,,,,,,,,,,,,,,,,,,,,,,,,,,,,,,"KUSTOWORKS\Administrator",,,,KUSTOWORKS,,0x3aeb8e,,,Administrator,"S-1-5-21-2496762881-1366215883-1809657155-500",,,"Builtin\Event Log Readers",Builtin,,,,,,,,"S-1-5-32-573",,"Event Log Readers",,,,,,,,,,,,,,,,,,,,,,,SecurityEvent,"/subscriptions/e174f759-39db-49b8-b8bc-15cf9abca0f3/resourcegroups/kustoworksarc/providers/microsoft.hybridcompute/machines/dc1"
