"46bec743-35fa-4608-b7e2-2aa3c38a97c2",OpsManager,"11/7/2023, 2:25:17.331 PM","Microsoft-Windows-Sysmon","Microsoft-Windows-Sysmon/Operational",WindowsEventLog,3,4,Information,"NT AUTHORITY\SYSTEM",,"<Param>technique_id=T1021,technique_name=Remote Services</Param><Param>2023-11-07 08:55:16.074</Param><Param>{8CAD0A01-1986-6549-EB03-000000000000}</Param><Param>4</Param><Param>System</Param><Param>NT AUTHORITY\SYSTEM</Param><Param>tcp</Param><Param>FALSE</Param><Param>TRUE</Param><Param>fe80:0:0:0:d024:56ce:c156:9dae</Param><Param>-</Param><Param>57511</Param><Param>-</Param><Param>TRUE</Param><Param>fe80:0:0:0:d024:56ce:c156:9dae</Param><Param>-</Param><Param>5985</Param><Param>-</Param>","<DataItem type=""System.XmlData"" time=""2023-11-07T14:25:17.3319036+05:30"" sourceHealthServiceId=""F57C2BCF-DE2B-DA7F-FD91-0649DF501A73""><EventData xmlns=""http://schemas.microsoft.com/win/2004/08/events/event""><Data Name=""RuleName"">technique_id=T1021,technique_name=Remote Services</Data><Data Name=""UtcTime"">2023-11-07 08:55:16.074</Data><Data Name=""ProcessGuid"">{8CAD0A01-1986-6549-EB03-000000000000}</Data><Data Name=""ProcessId"">4</Data><Data Name=""Image"">System</Data><Data Name=""User"">NT AUTHORITY\SYSTEM</Data><Data Name=""Protocol"">tcp</Data><Data Name=""Initiated"">false</Data><Data Name=""SourceIsIpv6"">true</Data><Data Name=""SourceIp"">fe80:0:0:0:d024:56ce:c156:9dae</Data><Data Name=""SourceHostname"">-</Data><Data Name=""SourcePort"">57511</Data><Data Name=""SourcePortName"">-</Data><Data Name=""DestinationIsIpv6"">true</Data><Data Name=""DestinationIp"">fe80:0:0:0:d024:56ce:c156:9dae</Data><Data Name=""DestinationHostname"">-</Data><Data Name=""DestinationPort"">5985</Data><Data Name=""DestinationPortName"">-</Data></EventData></DataItem>",3,"Network connection detected: RuleName: technique_id=T1021,technique_name=Remote Services UtcTime: 2023-11-07 08:55:16.074 ProcessGuid: {8CAD0A01-1986-6549-EB03-000000000000} ProcessId: 4 Image: System User: NT AUTHORITY\SYSTEM Protocol: tcp Initiated: FALSE SourceIsIpv6: TRUE SourceIp: fe80:0:0:0:d024:56ce:c156:9dae SourceHostname: - SourcePort: 57511 SourcePortName: - DestinationIsIpv6: TRUE DestinationIp: fe80:0:0:0:d024:56ce:c156:9dae DestinationHostname: - DestinationPort: 5985 DestinationPortName: - ","00000000-0000-0000-0000-000000000001","AOI-46bec743-35fa-4608-b7e2-2aa3c38a97c2",,,Event,"/subscriptions/4383ac89-7cd1-48c1-8061-b0b3c5ccfd97/resourcegroups/varunlab-rg/providers/microsoft.compute/virtualmachines/windowseventlogs"
"46bec743-35fa-4608-b7e2-2aa3c38a97c2",OpsManager,"11/7/2023, 6:24:51.059 AM","Microsoft-Windows-Sysmon","Microsoft-Windows-Sysmon/Operational",WindowsEventLog,3,4,Information,"NT AUTHORITY\SYSTEM",,"<Param>technique_id=T1021,technique_name=Remote Services</Param><Param>2023-11-07 00:54:49.895</Param><Param>{8CAD0A01-198A-6549-1700-000000000A00}</Param><Param>1368</Param><Param>C:\Windows\System32\svchost.exe</Param><Param>NT AUTHORITY\NETWORK SERVICE</Param><Param>tcp</Param><Param>TRUE</Param><Param>TRUE</Param><Param>fe80:0:0:0:d024:56ce:c156:9dae</Param><Param>-</Param><Param>61849</Param><Param>-</Param><Param>TRUE</Param><Param>fe80:0:0:0:d024:56ce:c156:9dae</Param><Param>-</Param><Param>5985</Param><Param>-</Param>","<DataItem type=""System.XmlData"" time=""2023-11-07T06:24:51.0596732+05:30"" sourceHealthServiceId=""F57C2BCF-DE2B-DA7F-FD91-0649DF501A73""><EventData xmlns=""http://schemas.microsoft.com/win/2004/08/events/event""><Data Name=""RuleName"">technique_id=T1021,technique_name=Remote Services</Data><Data Name=""UtcTime"">2023-11-07 00:54:49.895</Data><Data Name=""ProcessGuid"">{8CAD0A01-198A-6549-1700-000000000A00}</Data><Data Name=""ProcessId"">1368</Data><Data Name=""Image"">C:\Windows\System32\svchost.exe</Data><Data Name=""User"">NT AUTHORITY\NETWORK SERVICE</Data><Data Name=""Protocol"">tcp</Data><Data Name=""Initiated"">true</Data><Data Name=""SourceIsIpv6"">true</Data><Data Name=""SourceIp"">fe80:0:0:0:d024:56ce:c156:9dae</Data><Data Name=""SourceHostname"">-</Data><Data Name=""SourcePort"">61849</Data><Data Name=""SourcePortName"">-</Data><Data Name=""DestinationIsIpv6"">true</Data><Data Name=""DestinationIp"">fe80:0:0:0:d024:56ce:c156:9dae</Data><Data Name=""DestinationHostname"">-</Data><Data Name=""DestinationPort"">5985</Data><Data Name=""DestinationPortName"">-</Data></EventData></DataItem>",3,"Network connection detected: RuleName: technique_id=T1021,technique_name=Remote Services UtcTime: 2023-11-07 00:54:49.895 ProcessGuid: {8CAD0A01-198A-6549-1700-000000000A00} ProcessId: 1368 Image: C:\Windows\System32\svchost.exe User: NT AUTHORITY\NETWORK SERVICE Protocol: tcp Initiated: TRUE SourceIsIpv6: TRUE SourceIp: fe80:0:0:0:d024:56ce:c156:9dae SourceHostname: - SourcePort: 61849 SourcePortName: - DestinationIsIpv6: TRUE DestinationIp: fe80:0:0:0:d024:56ce:c156:9dae DestinationHostname: - DestinationPort: 5985 DestinationPortName: - ","00000000-0000-0000-0000-000000000001","AOI-46bec743-35fa-4608-b7e2-2aa3c38a97c2",,,Event,"/subscriptions/4383ac89-7cd1-48c1-8061-b0b3c5ccfd97/resourcegroups/varunlab-rg/providers/microsoft.compute/virtualmachines/windowseventlogs"
"46bec743-35fa-4608-b7e2-2aa3c38a97c2",OpsManager,"11/7/2023, 6:24:51.059 AM","Microsoft-Windows-Sysmon","Microsoft-Windows-Sysmon/Operational",WindowsEventLog,3,4,Information,"NT AUTHORITY\SYSTEM",,"<Param>technique_id=T1021,technique_name=Remote Services</Param><Param>2023-11-07 00:54:49.895</Param><Param>{8CAD0A01-1986-6549-EB03-000000000000}</Param><Param>4</Param><Param>System</Param><Param>NT AUTHORITY\SYSTEM</Param><Param>tcp</Param><Param>FALSE</Param><Param>TRUE</Param><Param>fe80:0:0:0:d024:56ce:c156:9dae</Param><Param>-</Param><Param>61849</Param><Param>-</Param><Param>TRUE</Param><Param>fe80:0:0:0:d024:56ce:c156:9dae</Param><Param>-</Param><Param>5985</Param><Param>-</Param>","<DataItem type=""System.XmlData"" time=""2023-11-07T06:24:51.0597489+05:30"" sourceHealthServiceId=""F57C2BCF-DE2B-DA7F-FD91-0649DF501A73""><EventData xmlns=""http://schemas.microsoft.com/win/2004/08/events/event""><Data Name=""RuleName"">technique_id=T1021,technique_name=Remote Services</Data><Data Name=""UtcTime"">2023-11-07 00:54:49.895</Data><Data Name=""ProcessGuid"">{8CAD0A01-1986-6549-EB03-000000000000}</Data><Data Name=""ProcessId"">4</Data><Data Name=""Image"">System</Data><Data Name=""User"">NT AUTHORITY\SYSTEM</Data><Data Name=""Protocol"">tcp</Data><Data Name=""Initiated"">false</Data><Data Name=""SourceIsIpv6"">true</Data><Data Name=""SourceIp"">fe80:0:0:0:d024:56ce:c156:9dae</Data><Data Name=""SourceHostname"">-</Data><Data Name=""SourcePort"">61849</Data><Data Name=""SourcePortName"">-</Data><Data Name=""DestinationIsIpv6"">true</Data><Data Name=""DestinationIp"">fe80:0:0:0:d024:56ce:c156:9dae</Data><Data Name=""DestinationHostname"">-</Data><Data Name=""DestinationPort"">5985</Data><Data Name=""DestinationPortName"">-</Data></EventData></DataItem>",3,"Network connection detected: RuleName: technique_id=T1021,technique_name=Remote Services UtcTime: 2023-11-07 00:54:49.895 ProcessGuid: {8CAD0A01-1986-6549-EB03-000000000000} ProcessId: 4 Image: System User: NT AUTHORITY\SYSTEM Protocol: tcp Initiated: FALSE SourceIsIpv6: TRUE SourceIp: fe80:0:0:0:d024:56ce:c156:9dae SourceHostname: - SourcePort: 61849 SourcePortName: - DestinationIsIpv6: TRUE DestinationIp: fe80:0:0:0:d024:56ce:c156:9dae DestinationHostname: - DestinationPort: 5985 DestinationPortName: - ","00000000-0000-0000-0000-000000000001","AOI-46bec743-35fa-4608-b7e2-2aa3c38a97c2",,,Event,"/subscriptions/4383ac89-7cd1-48c1-8061-b0b3c5ccfd97/resourcegroups/varunlab-rg/providers/microsoft.compute/virtualmachines/windowseventlogs"
"46bec743-35fa-4608-b7e2-2aa3c38a97c2",OpsManager,"11/17/2023, 3:14:05.638 PM","Microsoft-Windows-Sysmon","Microsoft-Windows-Sysmon/Operational",WindowsEventLog,3,4,Information,"NT AUTHORITY\SYSTEM",,"<Param>technique_id=T1021,technique_name=Remote Services</Param><Param>2023-11-17 09:44:04.437</Param><Param>{8CAD0A01-015C-6557-1700-000000000E00}</Param><Param>1272</Param><Param>C:\Windows\System32\svchost.exe</Param><Param>NT AUTHORITY\NETWORK SERVICE</Param><Param>tcp</Param><Param>TRUE</Param><Param>TRUE</Param><Param>fe80:0:0:0:d024:56ce:c156:9dae</Param><Param>-</Param><Param>51922</Param><Param>-</Param><Param>TRUE</Param><Param>fe80:0:0:0:d024:56ce:c156:9dae</Param><Param>-</Param><Param>5985</Param><Param>-</Param>","<DataItem type=""System.XmlData"" time=""2023-11-17T15:14:05.6388756+05:30"" sourceHealthServiceId=""F57C2BCF-DE2B-DA7F-FD91-0649DF501A73""><EventData xmlns=""http://schemas.microsoft.com/win/2004/08/events/event""><Data Name=""RuleName"">technique_id=T1021,technique_name=Remote Services</Data><Data Name=""UtcTime"">2023-11-17 09:44:04.437</Data><Data Name=""ProcessGuid"">{8CAD0A01-015C-6557-1700-000000000E00}</Data><Data Name=""ProcessId"">1272</Data><Data Name=""Image"">C:\Windows\System32\svchost.exe</Data><Data Name=""User"">NT AUTHORITY\NETWORK SERVICE</Data><Data Name=""Protocol"">tcp</Data><Data Name=""Initiated"">true</Data><Data Name=""SourceIsIpv6"">true</Data><Data Name=""SourceIp"">fe80:0:0:0:d024:56ce:c156:9dae</Data><Data Name=""SourceHostname"">-</Data><Data Name=""SourcePort"">51922</Data><Data Name=""SourcePortName"">-</Data><Data Name=""DestinationIsIpv6"">true</Data><Data Name=""DestinationIp"">fe80:0:0:0:d024:56ce:c156:9dae</Data><Data Name=""DestinationHostname"">-</Data><Data Name=""DestinationPort"">5985</Data><Data Name=""DestinationPortName"">-</Data></EventData></DataItem>",3,"Network connection detected: RuleName: technique_id=T1021,technique_name=Remote Services UtcTime: 2023-11-17 09:44:04.437 ProcessGuid: {8CAD0A01-015C-6557-1700-000000000E00} ProcessId: 1272 Image: C:\Windows\System32\svchost.exe User: NT AUTHORITY\NETWORK SERVICE Protocol: tcp Initiated: TRUE SourceIsIpv6: TRUE SourceIp: fe80:0:0:0:d024:56ce:c156:9dae SourceHostname: - SourcePort: 51922 SourcePortName: - DestinationIsIpv6: TRUE DestinationIp: fe80:0:0:0:d024:56ce:c156:9dae DestinationHostname: - DestinationPort: 5985 DestinationPortName: - ","00000000-0000-0000-0000-000000000001","AOI-46bec743-35fa-4608-b7e2-2aa3c38a97c2",,,Event,"/subscriptions/4383ac89-7cd1-48c1-8061-b0b3c5ccfd97/resourcegroups/varunlab-rg/providers/microsoft.compute/virtualmachines/windowseventlogs"
"46bec743-35fa-4608-b7e2-2aa3c38a97c2",OpsManager,"11/17/2023, 3:14:05.638 PM","Microsoft-Windows-Sysmon","Microsoft-Windows-Sysmon/Operational",WindowsEventLog,3,4,Information,"NT AUTHORITY\SYSTEM",,"<Param>technique_id=T1021,technique_name=Remote Services</Param><Param>2023-11-17 09:44:04.437</Param><Param>{8CAD0A01-0154-6557-EB03-000000000000}</Param><Param>4</Param><Param>System</Param><Param>NT AUTHORITY\SYSTEM</Param><Param>tcp</Param><Param>FALSE</Param><Param>TRUE</Param><Param>fe80:0:0:0:d024:56ce:c156:9dae</Param><Param>-</Param><Param>51922</Param><Param>-</Param><Param>TRUE</Param><Param>fe80:0:0:0:d024:56ce:c156:9dae</Param><Param>-</Param><Param>5985</Param><Param>-</Param>","<DataItem type=""System.XmlData"" time=""2023-11-17T15:14:05.6388963+05:30"" sourceHealthServiceId=""F57C2BCF-DE2B-DA7F-FD91-0649DF501A73""><EventData xmlns=""http://schemas.microsoft.com/win/2004/08/events/event""><Data Name=""RuleName"">technique_id=T1021,technique_name=Remote Services</Data><Data Name=""UtcTime"">2023-11-17 09:44:04.437</Data><Data Name=""ProcessGuid"">{8CAD0A01-0154-6557-EB03-000000000000}</Data><Data Name=""ProcessId"">4</Data><Data Name=""Image"">System</Data><Data Name=""User"">NT AUTHORITY\SYSTEM</Data><Data Name=""Protocol"">tcp</Data><Data Name=""Initiated"">false</Data><Data Name=""SourceIsIpv6"">true</Data><Data Name=""SourceIp"">fe80:0:0:0:d024:56ce:c156:9dae</Data><Data Name=""SourceHostname"">-</Data><Data Name=""SourcePort"">51922</Data><Data Name=""SourcePortName"">-</Data><Data Name=""DestinationIsIpv6"">true</Data><Data Name=""DestinationIp"">fe80:0:0:0:d024:56ce:c156:9dae</Data><Data Name=""DestinationHostname"">-</Data><Data Name=""DestinationPort"">5985</Data><Data Name=""DestinationPortName"">-</Data></EventData></DataItem>",3,"Network connection detected: RuleName: technique_id=T1021,technique_name=Remote Services UtcTime: 2023-11-17 09:44:04.437 ProcessGuid: {8CAD0A01-0154-6557-EB03-000000000000} ProcessId: 4 Image: System User: NT AUTHORITY\SYSTEM Protocol: tcp Initiated: FALSE SourceIsIpv6: TRUE SourceIp: fe80:0:0:0:d024:56ce:c156:9dae SourceHostname: - SourcePort: 51922 SourcePortName: - DestinationIsIpv6: TRUE DestinationIp: fe80:0:0:0:d024:56ce:c156:9dae DestinationHostname: - DestinationPort: 5985 DestinationPortName: - ","00000000-0000-0000-0000-000000000001","AOI-46bec743-35fa-4608-b7e2-2aa3c38a97c2",,,Event,"/subscriptions/4383ac89-7cd1-48c1-8061-b0b3c5ccfd97/resourcegroups/varunlab-rg/providers/microsoft.compute/virtualmachines/windowseventlogs"
"46bec743-35fa-4608-b7e2-2aa3c38a97c2",OpsManager,"11/17/2023, 3:14:05.638 PM","Microsoft-Windows-Sysmon","Microsoft-Windows-Sysmon/Operational",WindowsEventLog,3,4,Information,"NT AUTHORITY\SYSTEM",,"<Param>technique_id=T1021,technique_name=Remote Services</Param><Param>2023-11-17 09:44:04.442</Param><Param>{8CAD0A01-015C-6557-1700-000000000E00}</Param><Param>1272</Param><Param>C:\Windows\System32\svchost.exe</Param><Param>NT AUTHORITY\NETWORK SERVICE</Param><Param>tcp</Param><Param>TRUE</Param><Param>TRUE</Param><Param>fe80:0:0:0:d024:56ce:c156:9dae</Param><Param>-</Param><Param>51923</Param><Param>-</Param><Param>TRUE</Param><Param>fe80:0:0:0:d024:56ce:c156:9dae</Param><Param>-</Param><Param>5985</Param><Param>-</Param>","<DataItem type=""System.XmlData"" time=""2023-11-17T15:14:05.6389099+05:30"" sourceHealthServiceId=""F57C2BCF-DE2B-DA7F-FD91-0649DF501A73""><EventData xmlns=""http://schemas.microsoft.com/win/2004/08/events/event""><Data Name=""RuleName"">technique_id=T1021,technique_name=Remote Services</Data><Data Name=""UtcTime"">2023-11-17 09:44:04.442</Data><Data Name=""ProcessGuid"">{8CAD0A01-015C-6557-1700-000000000E00}</Data><Data Name=""ProcessId"">1272</Data><Data Name=""Image"">C:\Windows\System32\svchost.exe</Data><Data Name=""User"">NT AUTHORITY\NETWORK SERVICE</Data><Data Name=""Protocol"">tcp</Data><Data Name=""Initiated"">true</Data><Data Name=""SourceIsIpv6"">true</Data><Data Name=""SourceIp"">fe80:0:0:0:d024:56ce:c156:9dae</Data><Data Name=""SourceHostname"">-</Data><Data Name=""SourcePort"">51923</Data><Data Name=""SourcePortName"">-</Data><Data Name=""DestinationIsIpv6"">true</Data><Data Name=""DestinationIp"">fe80:0:0:0:d024:56ce:c156:9dae</Data><Data Name=""DestinationHostname"">-</Data><Data Name=""DestinationPort"">5985</Data><Data Name=""DestinationPortName"">-</Data></EventData></DataItem>",3,"Network connection detected: RuleName: technique_id=T1021,technique_name=Remote Services UtcTime: 2023-11-17 09:44:04.442 ProcessGuid: {8CAD0A01-015C-6557-1700-000000000E00} ProcessId: 1272 Image: C:\Windows\System32\svchost.exe User: NT AUTHORITY\NETWORK SERVICE Protocol: tcp Initiated: TRUE SourceIsIpv6: TRUE SourceIp: fe80:0:0:0:d024:56ce:c156:9dae SourceHostname: - SourcePort: 51923 SourcePortName: - DestinationIsIpv6: TRUE DestinationIp: fe80:0:0:0:d024:56ce:c156:9dae DestinationHostname: - DestinationPort: 5985 DestinationPortName: - ","00000000-0000-0000-0000-000000000001","AOI-46bec743-35fa-4608-b7e2-2aa3c38a97c2",,,Event,"/subscriptions/4383ac89-7cd1-48c1-8061-b0b3c5ccfd97/resourcegroups/varunlab-rg/providers/microsoft.compute/virtualmachines/windowseventlogs"
"46bec743-35fa-4608-b7e2-2aa3c38a97c2",OpsManager,"11/17/2023, 3:14:06.420 PM","Microsoft-Windows-Sysmon","Microsoft-Windows-Sysmon/Operational",WindowsEventLog,3,4,Information,"NT AUTHORITY\SYSTEM",,"<Param>technique_id=T1021,technique_name=Remote Services</Param><Param>2023-11-17 09:44:04.443</Param><Param>{8CAD0A01-0154-6557-EB03-000000000000}</Param><Param>4</Param><Param>System</Param><Param>NT AUTHORITY\SYSTEM</Param><Param>tcp</Param><Param>FALSE</Param><Param>TRUE</Param><Param>fe80:0:0:0:d024:56ce:c156:9dae</Param><Param>-</Param><Param>51923</Param><Param>-</Param><Param>TRUE</Param><Param>fe80:0:0:0:d024:56ce:c156:9dae</Param><Param>-</Param><Param>5985</Param><Param>-</Param>","<DataItem type=""System.XmlData"" time=""2023-11-17T15:14:06.4209999+05:30"" sourceHealthServiceId=""F57C2BCF-DE2B-DA7F-FD91-0649DF501A73""><EventData xmlns=""http://schemas.microsoft.com/win/2004/08/events/event""><Data Name=""RuleName"">technique_id=T1021,technique_name=Remote Services</Data><Data Name=""UtcTime"">2023-11-17 09:44:04.443</Data><Data Name=""ProcessGuid"">{8CAD0A01-0154-6557-EB03-000000000000}</Data><Data Name=""ProcessId"">4</Data><Data Name=""Image"">System</Data><Data Name=""User"">NT AUTHORITY\SYSTEM</Data><Data Name=""Protocol"">tcp</Data><Data Name=""Initiated"">false</Data><Data Name=""SourceIsIpv6"">true</Data><Data Name=""SourceIp"">fe80:0:0:0:d024:56ce:c156:9dae</Data><Data Name=""SourceHostname"">-</Data><Data Name=""SourcePort"">51923</Data><Data Name=""SourcePortName"">-</Data><Data Name=""DestinationIsIpv6"">true</Data><Data Name=""DestinationIp"">fe80:0:0:0:d024:56ce:c156:9dae</Data><Data Name=""DestinationHostname"">-</Data><Data Name=""DestinationPort"">5985</Data><Data Name=""DestinationPortName"">-</Data></EventData></DataItem>",3,"Network connection detected: RuleName: technique_id=T1021,technique_name=Remote Services UtcTime: 2023-11-17 09:44:04.443 ProcessGuid: {8CAD0A01-0154-6557-EB03-000000000000} ProcessId: 4 Image: System User: NT AUTHORITY\SYSTEM Protocol: tcp Initiated: FALSE SourceIsIpv6: TRUE SourceIp: fe80:0:0:0:d024:56ce:c156:9dae SourceHostname: - SourcePort: 51923 SourcePortName: - DestinationIsIpv6: TRUE DestinationIp: fe80:0:0:0:d024:56ce:c156:9dae DestinationHostname: - DestinationPort: 5985 DestinationPortName: - ","00000000-0000-0000-0000-000000000001","AOI-46bec743-35fa-4608-b7e2-2aa3c38a97c2",,,Event,"/subscriptions/4383ac89-7cd1-48c1-8061-b0b3c5ccfd97/resourcegroups/varunlab-rg/providers/microsoft.compute/virtualmachines/windowseventlogs"
"46bec743-35fa-4608-b7e2-2aa3c38a97c2",OpsManager,"11/17/2023, 2:49:17.766 PM","Microsoft-Windows-Sysmon","Microsoft-Windows-Sysmon/Operational",WindowsEventLog,3,4,Information,"NT AUTHORITY\SYSTEM",,"<Param>technique_id=T1021,technique_name=Remote Services</Param><Param>2023-11-17 09:19:16.500</Param><Param>{8CAD0A01-015C-6557-1700-000000000E00}</Param><Param>1272</Param><Param>C:\Windows\System32\svchost.exe</Param><Param>NT AUTHORITY\NETWORK SERVICE</Param><Param>tcp</Param><Param>TRUE</Param><Param>TRUE</Param><Param>fe80:0:0:0:d024:56ce:c156:9dae</Param><Param>-</Param><Param>51696</Param><Param>-</Param><Param>TRUE</Param><Param>fe80:0:0:0:d024:56ce:c156:9dae</Param><Param>-</Param><Param>5985</Param><Param>-</Param>","<DataItem type=""System.XmlData"" time=""2023-11-17T14:49:17.7661306+05:30"" sourceHealthServiceId=""F57C2BCF-DE2B-DA7F-FD91-0649DF501A73""><EventData xmlns=""http://schemas.microsoft.com/win/2004/08/events/event""><Data Name=""RuleName"">technique_id=T1021,technique_name=Remote Services</Data><Data Name=""UtcTime"">2023-11-17 09:19:16.500</Data><Data Name=""ProcessGuid"">{8CAD0A01-015C-6557-1700-000000000E00}</Data><Data Name=""ProcessId"">1272</Data><Data Name=""Image"">C:\Windows\System32\svchost.exe</Data><Data Name=""User"">NT AUTHORITY\NETWORK SERVICE</Data><Data Name=""Protocol"">tcp</Data><Data Name=""Initiated"">true</Data><Data Name=""SourceIsIpv6"">true</Data><Data Name=""SourceIp"">fe80:0:0:0:d024:56ce:c156:9dae</Data><Data Name=""SourceHostname"">-</Data><Data Name=""SourcePort"">51696</Data><Data Name=""SourcePortName"">-</Data><Data Name=""DestinationIsIpv6"">true</Data><Data Name=""DestinationIp"">fe80:0:0:0:d024:56ce:c156:9dae</Data><Data Name=""DestinationHostname"">-</Data><Data Name=""DestinationPort"">5985</Data><Data Name=""DestinationPortName"">-</Data></EventData></DataItem>",3,"Network connection detected: RuleName: technique_id=T1021,technique_name=Remote Services UtcTime: 2023-11-17 09:19:16.500 ProcessGuid: {8CAD0A01-015C-6557-1700-000000000E00} ProcessId: 1272 Image: C:\Windows\System32\svchost.exe User: NT AUTHORITY\NETWORK SERVICE Protocol: tcp Initiated: TRUE SourceIsIpv6: TRUE SourceIp: fe80:0:0:0:d024:56ce:c156:9dae SourceHostname: - SourcePort: 51696 SourcePortName: - DestinationIsIpv6: TRUE DestinationIp: fe80:0:0:0:d024:56ce:c156:9dae DestinationHostname: - DestinationPort: 5985 DestinationPortName: - ","00000000-0000-0000-0000-000000000001","AOI-46bec743-35fa-4608-b7e2-2aa3c38a97c2",,,Event,"/subscriptions/4383ac89-7cd1-48c1-8061-b0b3c5ccfd97/resourcegroups/varunlab-rg/providers/microsoft.compute/virtualmachines/windowseventlogs"
"46bec743-35fa-4608-b7e2-2aa3c38a97c2",OpsManager,"11/17/2023, 2:49:17.766 PM","Microsoft-Windows-Sysmon","Microsoft-Windows-Sysmon/Operational",WindowsEventLog,3,4,Information,"NT AUTHORITY\SYSTEM",,"<Param>technique_id=T1021,technique_name=Remote Services</Param><Param>2023-11-17 09:19:16.500</Param><Param>{8CAD0A01-0154-6557-EB03-000000000000}</Param><Param>4</Param><Param>System</Param><Param>NT AUTHORITY\SYSTEM</Param><Param>tcp</Param><Param>FALSE</Param><Param>TRUE</Param><Param>fe80:0:0:0:d024:56ce:c156:9dae</Param><Param>-</Param><Param>51696</Param><Param>-</Param><Param>TRUE</Param><Param>fe80:0:0:0:d024:56ce:c156:9dae</Param><Param>-</Param><Param>5985</Param><Param>-</Param>","<DataItem type=""System.XmlData"" time=""2023-11-17T14:49:17.7661521+05:30"" sourceHealthServiceId=""F57C2BCF-DE2B-DA7F-FD91-0649DF501A73""><EventData xmlns=""http://schemas.microsoft.com/win/2004/08/events/event""><Data Name=""RuleName"">technique_id=T1021,technique_name=Remote Services</Data><Data Name=""UtcTime"">2023-11-17 09:19:16.500</Data><Data Name=""ProcessGuid"">{8CAD0A01-0154-6557-EB03-000000000000}</Data><Data Name=""ProcessId"">4</Data><Data Name=""Image"">System</Data><Data Name=""User"">NT AUTHORITY\SYSTEM</Data><Data Name=""Protocol"">tcp</Data><Data Name=""Initiated"">false</Data><Data Name=""SourceIsIpv6"">true</Data><Data Name=""SourceIp"">fe80:0:0:0:d024:56ce:c156:9dae</Data><Data Name=""SourceHostname"">-</Data><Data Name=""SourcePort"">51696</Data><Data Name=""SourcePortName"">-</Data><Data Name=""DestinationIsIpv6"">true</Data><Data Name=""DestinationIp"">fe80:0:0:0:d024:56ce:c156:9dae</Data><Data Name=""DestinationHostname"">-</Data><Data Name=""DestinationPort"">5985</Data><Data Name=""DestinationPortName"">-</Data></EventData></DataItem>",3,"Network connection detected: RuleName: technique_id=T1021,technique_name=Remote Services UtcTime: 2023-11-17 09:19:16.500 ProcessGuid: {8CAD0A01-0154-6557-EB03-000000000000} ProcessId: 4 Image: System User: NT AUTHORITY\SYSTEM Protocol: tcp Initiated: FALSE SourceIsIpv6: TRUE SourceIp: fe80:0:0:0:d024:56ce:c156:9dae SourceHostname: - SourcePort: 51696 SourcePortName: - DestinationIsIpv6: TRUE DestinationIp: fe80:0:0:0:d024:56ce:c156:9dae DestinationHostname: - DestinationPort: 5985 DestinationPortName: - ","00000000-0000-0000-0000-000000000001","AOI-46bec743-35fa-4608-b7e2-2aa3c38a97c2",,,Event,"/subscriptions/4383ac89-7cd1-48c1-8061-b0b3c5ccfd97/resourcegroups/varunlab-rg/providers/microsoft.compute/virtualmachines/windowseventlogs"
"46bec743-35fa-4608-b7e2-2aa3c38a97c2",OpsManager,"11/17/2023, 2:49:17.766 PM","Microsoft-Windows-Sysmon","Microsoft-Windows-Sysmon/Operational",WindowsEventLog,3,4,Information,"NT AUTHORITY\SYSTEM",,"<Param>technique_id=T1021,technique_name=Remote Services</Param><Param>2023-11-17 09:19:16.512</Param><Param>{8CAD0A01-015C-6557-1700-000000000E00}</Param><Param>1272</Param><Param>C:\Windows\System32\svchost.exe</Param><Param>NT AUTHORITY\NETWORK SERVICE</Param><Param>tcp</Param><Param>TRUE</Param><Param>TRUE</Param><Param>fe80:0:0:0:d024:56ce:c156:9dae</Param><Param>-</Param><Param>51697</Param><Param>-</Param><Param>TRUE</Param><Param>fe80:0:0:0:d024:56ce:c156:9dae</Param><Param>-</Param><Param>5985</Param><Param>-</Param>","<DataItem type=""System.XmlData"" time=""2023-11-17T14:49:17.7661661+05:30"" sourceHealthServiceId=""F57C2BCF-DE2B-DA7F-FD91-0649DF501A73""><EventData xmlns=""http://schemas.microsoft.com/win/2004/08/events/event""><Data Name=""RuleName"">technique_id=T1021,technique_name=Remote Services</Data><Data Name=""UtcTime"">2023-11-17 09:19:16.512</Data><Data Name=""ProcessGuid"">{8CAD0A01-015C-6557-1700-000000000E00}</Data><Data Name=""ProcessId"">1272</Data><Data Name=""Image"">C:\Windows\System32\svchost.exe</Data><Data Name=""User"">NT AUTHORITY\NETWORK SERVICE</Data><Data Name=""Protocol"">tcp</Data><Data Name=""Initiated"">true</Data><Data Name=""SourceIsIpv6"">true</Data><Data Name=""SourceIp"">fe80:0:0:0:d024:56ce:c156:9dae</Data><Data Name=""SourceHostname"">-</Data><Data Name=""SourcePort"">51697</Data><Data Name=""SourcePortName"">-</Data><Data Name=""DestinationIsIpv6"">true</Data><Data Name=""DestinationIp"">fe80:0:0:0:d024:56ce:c156:9dae</Data><Data Name=""DestinationHostname"">-</Data><Data Name=""DestinationPort"">5985</Data><Data Name=""DestinationPortName"">-</Data></EventData></DataItem>",3,"Network connection detected: RuleName: technique_id=T1021,technique_name=Remote Services UtcTime: 2023-11-17 09:19:16.512 ProcessGuid: {8CAD0A01-015C-6557-1700-000000000E00} ProcessId: 1272 Image: C:\Windows\System32\svchost.exe User: NT AUTHORITY\NETWORK SERVICE Protocol: tcp Initiated: TRUE SourceIsIpv6: TRUE SourceIp: fe80:0:0:0:d024:56ce:c156:9dae SourceHostname: - SourcePort: 51697 SourcePortName: - DestinationIsIpv6: TRUE DestinationIp: fe80:0:0:0:d024:56ce:c156:9dae DestinationHostname: - DestinationPort: 5985 DestinationPortName: - ","00000000-0000-0000-0000-000000000001","AOI-46bec743-35fa-4608-b7e2-2aa3c38a97c2",,,Event,"/subscriptions/4383ac89-7cd1-48c1-8061-b0b3c5ccfd97/resourcegroups/varunlab-rg/providers/microsoft.compute/virtualmachines/windowseventlogs"
"46bec743-35fa-4608-b7e2-2aa3c38a97c2",OpsManager,"11/17/2023, 2:49:17.766 PM","Microsoft-Windows-Sysmon","Microsoft-Windows-Sysmon/Operational",WindowsEventLog,3,4,Information,"NT AUTHORITY\SYSTEM",,"<Param>technique_id=T1021,technique_name=Remote Services</Param><Param>2023-11-17 09:19:16.512</Param><Param>{8CAD0A01-0154-6557-EB03-000000000000}</Param><Param>4</Param><Param>System</Param><Param>NT AUTHORITY\SYSTEM</Param><Param>tcp</Param><Param>FALSE</Param><Param>TRUE</Param><Param>fe80:0:0:0:d024:56ce:c156:9dae</Param><Param>-</Param><Param>51697</Param><Param>-</Param><Param>TRUE</Param><Param>fe80:0:0:0:d024:56ce:c156:9dae</Param><Param>-</Param><Param>5985</Param><Param>-</Param>","<DataItem type=""System.XmlData"" time=""2023-11-17T14:49:17.7661775+05:30"" sourceHealthServiceId=""F57C2BCF-DE2B-DA7F-FD91-0649DF501A73""><EventData xmlns=""http://schemas.microsoft.com/win/2004/08/events/event""><Data Name=""RuleName"">technique_id=T1021,technique_name=Remote Services</Data><Data Name=""UtcTime"">2023-11-17 09:19:16.512</Data><Data Name=""ProcessGuid"">{8CAD0A01-0154-6557-EB03-000000000000}</Data><Data Name=""ProcessId"">4</Data><Data Name=""Image"">System</Data><Data Name=""User"">NT AUTHORITY\SYSTEM</Data><Data Name=""Protocol"">tcp</Data><Data Name=""Initiated"">false</Data><Data Name=""SourceIsIpv6"">true</Data><Data Name=""SourceIp"">fe80:0:0:0:d024:56ce:c156:9dae</Data><Data Name=""SourceHostname"">-</Data><Data Name=""SourcePort"">51697</Data><Data Name=""SourcePortName"">-</Data><Data Name=""DestinationIsIpv6"">true</Data><Data Name=""DestinationIp"">fe80:0:0:0:d024:56ce:c156:9dae</Data><Data Name=""DestinationHostname"">-</Data><Data Name=""DestinationPort"">5985</Data><Data Name=""DestinationPortName"">-</Data></EventData></DataItem>",3,"Network connection detected: RuleName: technique_id=T1021,technique_name=Remote Services UtcTime: 2023-11-17 09:19:16.512 ProcessGuid: {8CAD0A01-0154-6557-EB03-000000000000} ProcessId: 4 Image: System User: NT AUTHORITY\SYSTEM Protocol: tcp Initiated: FALSE SourceIsIpv6: TRUE SourceIp: fe80:0:0:0:d024:56ce:c156:9dae SourceHostname: - SourcePort: 51697 SourcePortName: - DestinationIsIpv6: TRUE DestinationIp: fe80:0:0:0:d024:56ce:c156:9dae DestinationHostname: - DestinationPort: 5985 DestinationPortName: - ","00000000-0000-0000-0000-000000000001","AOI-46bec743-35fa-4608-b7e2-2aa3c38a97c2",,,Event,"/subscriptions/4383ac89-7cd1-48c1-8061-b0b3c5ccfd97/resourcegroups/varunlab-rg/providers/microsoft.compute/virtualmachines/windowseventlogs"
"46bec743-35fa-4608-b7e2-2aa3c38a97c2",OpsManager,"11/17/2023, 3:15:31.130 PM","Microsoft-Windows-Sysmon","Microsoft-Windows-Sysmon/Operational",WindowsEventLog,3,4,Information,"NT AUTHORITY\SYSTEM",,"<Param>technique_id=T1021,technique_name=Remote Services</Param><Param>2023-11-17 09:45:29.994</Param><Param>{8CAD0A01-015C-6557-1700-000000000E00}</Param><Param>1272</Param><Param>C:\Windows\System32\svchost.exe</Param><Param>NT AUTHORITY\NETWORK SERVICE</Param><Param>tcp</Param><Param>TRUE</Param><Param>TRUE</Param><Param>fe80:0:0:0:d024:56ce:c156:9dae</Param><Param>-</Param><Param>51943</Param><Param>-</Param><Param>TRUE</Param><Param>fe80:0:0:0:d024:56ce:c156:9dae</Param><Param>-</Param><Param>5985</Param><Param>-</Param>","<DataItem type=""System.XmlData"" time=""2023-11-17T15:15:31.1304123+05:30"" sourceHealthServiceId=""F57C2BCF-DE2B-DA7F-FD91-0649DF501A73""><EventData xmlns=""http://schemas.microsoft.com/win/2004/08/events/event""><Data Name=""RuleName"">technique_id=T1021,technique_name=Remote Services</Data><Data Name=""UtcTime"">2023-11-17 09:45:29.994</Data><Data Name=""ProcessGuid"">{8CAD0A01-015C-6557-1700-000000000E00}</Data><Data Name=""ProcessId"">1272</Data><Data Name=""Image"">C:\Windows\System32\svchost.exe</Data><Data Name=""User"">NT AUTHORITY\NETWORK SERVICE</Data><Data Name=""Protocol"">tcp</Data><Data Name=""Initiated"">true</Data><Data Name=""SourceIsIpv6"">true</Data><Data Name=""SourceIp"">fe80:0:0:0:d024:56ce:c156:9dae</Data><Data Name=""SourceHostname"">-</Data><Data Name=""SourcePort"">51943</Data><Data Name=""SourcePortName"">-</Data><Data Name=""DestinationIsIpv6"">true</Data><Data Name=""DestinationIp"">fe80:0:0:0:d024:56ce:c156:9dae</Data><Data Name=""DestinationHostname"">-</Data><Data Name=""DestinationPort"">5985</Data><Data Name=""DestinationPortName"">-</Data></EventData></DataItem>",3,"Network connection detected: RuleName: technique_id=T1021,technique_name=Remote Services UtcTime: 2023-11-17 09:45:29.994 ProcessGuid: {8CAD0A01-015C-6557-1700-000000000E00} ProcessId: 1272 Image: C:\Windows\System32\svchost.exe User: NT AUTHORITY\NETWORK SERVICE Protocol: tcp Initiated: TRUE SourceIsIpv6: TRUE SourceIp: fe80:0:0:0:d024:56ce:c156:9dae SourceHostname: - SourcePort: 51943 SourcePortName: - DestinationIsIpv6: TRUE DestinationIp: fe80:0:0:0:d024:56ce:c156:9dae DestinationHostname: - DestinationPort: 5985 DestinationPortName: - ","00000000-0000-0000-0000-000000000001","AOI-46bec743-35fa-4608-b7e2-2aa3c38a97c2",,,Event,"/subscriptions/4383ac89-7cd1-48c1-8061-b0b3c5ccfd97/resourcegroups/varunlab-rg/providers/microsoft.compute/virtualmachines/windowseventlogs"
"46bec743-35fa-4608-b7e2-2aa3c38a97c2",OpsManager,"11/17/2023, 3:15:31.130 PM","Microsoft-Windows-Sysmon","Microsoft-Windows-Sysmon/Operational",WindowsEventLog,3,4,Information,"NT AUTHORITY\SYSTEM",,"<Param>technique_id=T1021,technique_name=Remote Services</Param><Param>2023-11-17 09:45:29.994</Param><Param>{8CAD0A01-0154-6557-EB03-000000000000}</Param><Param>4</Param><Param>System</Param><Param>NT AUTHORITY\SYSTEM</Param><Param>tcp</Param><Param>FALSE</Param><Param>TRUE</Param><Param>fe80:0:0:0:d024:56ce:c156:9dae</Param><Param>-</Param><Param>51943</Param><Param>-</Param><Param>TRUE</Param><Param>fe80:0:0:0:d024:56ce:c156:9dae</Param><Param>-</Param><Param>5985</Param><Param>-</Param>","<DataItem type=""System.XmlData"" time=""2023-11-17T15:15:31.1304369+05:30"" sourceHealthServiceId=""F57C2BCF-DE2B-DA7F-FD91-0649DF501A73""><EventData xmlns=""http://schemas.microsoft.com/win/2004/08/events/event""><Data Name=""RuleName"">technique_id=T1021,technique_name=Remote Services</Data><Data Name=""UtcTime"">2023-11-17 09:45:29.994</Data><Data Name=""ProcessGuid"">{8CAD0A01-0154-6557-EB03-000000000000}</Data><Data Name=""ProcessId"">4</Data><Data Name=""Image"">System</Data><Data Name=""User"">NT AUTHORITY\SYSTEM</Data><Data Name=""Protocol"">tcp</Data><Data Name=""Initiated"">false</Data><Data Name=""SourceIsIpv6"">true</Data><Data Name=""SourceIp"">fe80:0:0:0:d024:56ce:c156:9dae</Data><Data Name=""SourceHostname"">-</Data><Data Name=""SourcePort"">51943</Data><Data Name=""SourcePortName"">-</Data><Data Name=""DestinationIsIpv6"">true</Data><Data Name=""DestinationIp"">fe80:0:0:0:d024:56ce:c156:9dae</Data><Data Name=""DestinationHostname"">-</Data><Data Name=""DestinationPort"">5985</Data><Data Name=""DestinationPortName"">-</Data></EventData></DataItem>",3,"Network connection detected: RuleName: technique_id=T1021,technique_name=Remote Services UtcTime: 2023-11-17 09:45:29.994 ProcessGuid: {8CAD0A01-0154-6557-EB03-000000000000} ProcessId: 4 Image: System User: NT AUTHORITY\SYSTEM Protocol: tcp Initiated: FALSE SourceIsIpv6: TRUE SourceIp: fe80:0:0:0:d024:56ce:c156:9dae SourceHostname: - SourcePort: 51943 SourcePortName: - DestinationIsIpv6: TRUE DestinationIp: fe80:0:0:0:d024:56ce:c156:9dae DestinationHostname: - DestinationPort: 5985 DestinationPortName: - ","00000000-0000-0000-0000-000000000001","AOI-46bec743-35fa-4608-b7e2-2aa3c38a97c2",,,Event,"/subscriptions/4383ac89-7cd1-48c1-8061-b0b3c5ccfd97/resourcegroups/varunlab-rg/providers/microsoft.compute/virtualmachines/windowseventlogs"
"46bec743-35fa-4608-b7e2-2aa3c38a97c2",OpsManager,"11/17/2023, 3:17:48.604 PM","Microsoft-Windows-Sysmon","Microsoft-Windows-Sysmon/Operational",WindowsEventLog,3,4,Information,"NT AUTHORITY\SYSTEM",,"<Param>technique_id=T1021,technique_name=Remote Services</Param><Param>2023-11-17 09:47:47.390</Param><Param>{8CAD0A01-015C-6557-1700-000000000E00}</Param><Param>1272</Param><Param>C:\Windows\System32\svchost.exe</Param><Param>NT AUTHORITY\NETWORK SERVICE</Param><Param>tcp</Param><Param>TRUE</Param><Param>TRUE</Param><Param>fe80:0:0:0:d024:56ce:c156:9dae</Param><Param>-</Param><Param>51973</Param><Param>-</Param><Param>TRUE</Param><Param>fe80:0:0:0:d024:56ce:c156:9dae</Param><Param>-</Param><Param>5985</Param><Param>-</Param>","<DataItem type=""System.XmlData"" time=""2023-11-17T15:17:48.6047539+05:30"" sourceHealthServiceId=""F57C2BCF-DE2B-DA7F-FD91-0649DF501A73""><EventData xmlns=""http://schemas.microsoft.com/win/2004/08/events/event""><Data Name=""RuleName"">technique_id=T1021,technique_name=Remote Services</Data><Data Name=""UtcTime"">2023-11-17 09:47:47.390</Data><Data Name=""ProcessGuid"">{8CAD0A01-015C-6557-1700-000000000E00}</Data><Data Name=""ProcessId"">1272</Data><Data Name=""Image"">C:\Windows\System32\svchost.exe</Data><Data Name=""User"">NT AUTHORITY\NETWORK SERVICE</Data><Data Name=""Protocol"">tcp</Data><Data Name=""Initiated"">true</Data><Data Name=""SourceIsIpv6"">true</Data><Data Name=""SourceIp"">fe80:0:0:0:d024:56ce:c156:9dae</Data><Data Name=""SourceHostname"">-</Data><Data Name=""SourcePort"">51973</Data><Data Name=""SourcePortName"">-</Data><Data Name=""DestinationIsIpv6"">true</Data><Data Name=""DestinationIp"">fe80:0:0:0:d024:56ce:c156:9dae</Data><Data Name=""DestinationHostname"">-</Data><Data Name=""DestinationPort"">5985</Data><Data Name=""DestinationPortName"">-</Data></EventData></DataItem>",3,"Network connection detected: RuleName: technique_id=T1021,technique_name=Remote Services UtcTime: 2023-11-17 09:47:47.390 ProcessGuid: {8CAD0A01-015C-6557-1700-000000000E00} ProcessId: 1272 Image: C:\Windows\System32\svchost.exe User: NT AUTHORITY\NETWORK SERVICE Protocol: tcp Initiated: TRUE SourceIsIpv6: TRUE SourceIp: fe80:0:0:0:d024:56ce:c156:9dae SourceHostname: - SourcePort: 51973 SourcePortName: - DestinationIsIpv6: TRUE DestinationIp: fe80:0:0:0:d024:56ce:c156:9dae DestinationHostname: - DestinationPort: 5985 DestinationPortName: - ","00000000-0000-0000-0000-000000000001","AOI-46bec743-35fa-4608-b7e2-2aa3c38a97c2",,,Event,"/subscriptions/4383ac89-7cd1-48c1-8061-b0b3c5ccfd97/resourcegroups/varunlab-rg/providers/microsoft.compute/virtualmachines/windowseventlogs"
"46bec743-35fa-4608-b7e2-2aa3c38a97c2",OpsManager,"11/17/2023, 3:17:48.604 PM","Microsoft-Windows-Sysmon","Microsoft-Windows-Sysmon/Operational",WindowsEventLog,3,4,Information,"NT AUTHORITY\SYSTEM",,"<Param>technique_id=T1021,technique_name=Remote Services</Param><Param>2023-11-17 09:47:47.390</Param><Param>{8CAD0A01-0154-6557-EB03-000000000000}</Param><Param>4</Param><Param>System</Param><Param>NT AUTHORITY\SYSTEM</Param><Param>tcp</Param><Param>FALSE</Param><Param>TRUE</Param><Param>fe80:0:0:0:d024:56ce:c156:9dae</Param><Param>-</Param><Param>51973</Param><Param>-</Param><Param>TRUE</Param><Param>fe80:0:0:0:d024:56ce:c156:9dae</Param><Param>-</Param><Param>5985</Param><Param>-</Param>","<DataItem type=""System.XmlData"" time=""2023-11-17T15:17:48.6047862+05:30"" sourceHealthServiceId=""F57C2BCF-DE2B-DA7F-FD91-0649DF501A73""><EventData xmlns=""http://schemas.microsoft.com/win/2004/08/events/event""><Data Name=""RuleName"">technique_id=T1021,technique_name=Remote Services</Data><Data Name=""UtcTime"">2023-11-17 09:47:47.390</Data><Data Name=""ProcessGuid"">{8CAD0A01-0154-6557-EB03-000000000000}</Data><Data Name=""ProcessId"">4</Data><Data Name=""Image"">System</Data><Data Name=""User"">NT AUTHORITY\SYSTEM</Data><Data Name=""Protocol"">tcp</Data><Data Name=""Initiated"">false</Data><Data Name=""SourceIsIpv6"">true</Data><Data Name=""SourceIp"">fe80:0:0:0:d024:56ce:c156:9dae</Data><Data Name=""SourceHostname"">-</Data><Data Name=""SourcePort"">51973</Data><Data Name=""SourcePortName"">-</Data><Data Name=""DestinationIsIpv6"">true</Data><Data Name=""DestinationIp"">fe80:0:0:0:d024:56ce:c156:9dae</Data><Data Name=""DestinationHostname"">-</Data><Data Name=""DestinationPort"">5985</Data><Data Name=""DestinationPortName"">-</Data></EventData></DataItem>",3,"Network connection detected: RuleName: technique_id=T1021,technique_name=Remote Services UtcTime: 2023-11-17 09:47:47.390 ProcessGuid: {8CAD0A01-0154-6557-EB03-000000000000} ProcessId: 4 Image: System User: NT AUTHORITY\SYSTEM Protocol: tcp Initiated: FALSE SourceIsIpv6: TRUE SourceIp: fe80:0:0:0:d024:56ce:c156:9dae SourceHostname: - SourcePort: 51973 SourcePortName: - DestinationIsIpv6: TRUE DestinationIp: fe80:0:0:0:d024:56ce:c156:9dae DestinationHostname: - DestinationPort: 5985 DestinationPortName: - ","00000000-0000-0000-0000-000000000001","AOI-46bec743-35fa-4608-b7e2-2aa3c38a97c2",,,Event,"/subscriptions/4383ac89-7cd1-48c1-8061-b0b3c5ccfd97/resourcegroups/varunlab-rg/providers/microsoft.compute/virtualmachines/windowseventlogs"
"46bec743-35fa-4608-b7e2-2aa3c38a97c2",OpsManager,"11/17/2023, 3:17:57.082 PM","Microsoft-Windows-Sysmon","Microsoft-Windows-Sysmon/Operational",WindowsEventLog,3,4,Information,"NT AUTHORITY\SYSTEM",,"<Param>technique_id=T1021,technique_name=Remote Services</Param><Param>2023-11-17 09:47:55.791</Param><Param>{8CAD0A01-015C-6557-1700-000000000E00}</Param><Param>1272</Param><Param>C:\Windows\System32\svchost.exe</Param><Param>NT AUTHORITY\NETWORK SERVICE</Param><Param>tcp</Param><Param>TRUE</Param><Param>TRUE</Param><Param>fe80:0:0:0:d024:56ce:c156:9dae</Param><Param>-</Param><Param>51977</Param><Param>-</Param><Param>TRUE</Param><Param>fe80:0:0:0:d024:56ce:c156:9dae</Param><Param>-</Param><Param>5985</Param><Param>-</Param>","<DataItem type=""System.XmlData"" time=""2023-11-17T15:17:57.0821230+05:30"" sourceHealthServiceId=""F57C2BCF-DE2B-DA7F-FD91-0649DF501A73""><EventData xmlns=""http://schemas.microsoft.com/win/2004/08/events/event""><Data Name=""RuleName"">technique_id=T1021,technique_name=Remote Services</Data><Data Name=""UtcTime"">2023-11-17 09:47:55.791</Data><Data Name=""ProcessGuid"">{8CAD0A01-015C-6557-1700-000000000E00}</Data><Data Name=""ProcessId"">1272</Data><Data Name=""Image"">C:\Windows\System32\svchost.exe</Data><Data Name=""User"">NT AUTHORITY\NETWORK SERVICE</Data><Data Name=""Protocol"">tcp</Data><Data Name=""Initiated"">true</Data><Data Name=""SourceIsIpv6"">true</Data><Data Name=""SourceIp"">fe80:0:0:0:d024:56ce:c156:9dae</Data><Data Name=""SourceHostname"">-</Data><Data Name=""SourcePort"">51977</Data><Data Name=""SourcePortName"">-</Data><Data Name=""DestinationIsIpv6"">true</Data><Data Name=""DestinationIp"">fe80:0:0:0:d024:56ce:c156:9dae</Data><Data Name=""DestinationHostname"">-</Data><Data Name=""DestinationPort"">5985</Data><Data Name=""DestinationPortName"">-</Data></EventData></DataItem>",3,"Network connection detected: RuleName: technique_id=T1021,technique_name=Remote Services UtcTime: 2023-11-17 09:47:55.791 ProcessGuid: {8CAD0A01-015C-6557-1700-000000000E00} ProcessId: 1272 Image: C:\Windows\System32\svchost.exe User: NT AUTHORITY\NETWORK SERVICE Protocol: tcp Initiated: TRUE SourceIsIpv6: TRUE SourceIp: fe80:0:0:0:d024:56ce:c156:9dae SourceHostname: - SourcePort: 51977 SourcePortName: - DestinationIsIpv6: TRUE DestinationIp: fe80:0:0:0:d024:56ce:c156:9dae DestinationHostname: - DestinationPort: 5985 DestinationPortName: - ","00000000-0000-0000-0000-000000000001","AOI-46bec743-35fa-4608-b7e2-2aa3c38a97c2",,,Event,"/subscriptions/4383ac89-7cd1-48c1-8061-b0b3c5ccfd97/resourcegroups/varunlab-rg/providers/microsoft.compute/virtualmachines/windowseventlogs"
"46bec743-35fa-4608-b7e2-2aa3c38a97c2",OpsManager,"11/17/2023, 3:17:57.082 PM","Microsoft-Windows-Sysmon","Microsoft-Windows-Sysmon/Operational",WindowsEventLog,3,4,Information,"NT AUTHORITY\SYSTEM",,"<Param>technique_id=T1021,technique_name=Remote Services</Param><Param>2023-11-17 09:47:55.791</Param><Param>{8CAD0A01-0154-6557-EB03-000000000000}</Param><Param>4</Param><Param>System</Param><Param>NT AUTHORITY\SYSTEM</Param><Param>tcp</Param><Param>FALSE</Param><Param>TRUE</Param><Param>fe80:0:0:0:d024:56ce:c156:9dae</Param><Param>-</Param><Param>51977</Param><Param>-</Param><Param>TRUE</Param><Param>fe80:0:0:0:d024:56ce:c156:9dae</Param><Param>-</Param><Param>5985</Param><Param>-</Param>","<DataItem type=""System.XmlData"" time=""2023-11-17T15:17:57.0821444+05:30"" sourceHealthServiceId=""F57C2BCF-DE2B-DA7F-FD91-0649DF501A73""><EventData xmlns=""http://schemas.microsoft.com/win/2004/08/events/event""><Data Name=""RuleName"">technique_id=T1021,technique_name=Remote Services</Data><Data Name=""UtcTime"">2023-11-17 09:47:55.791</Data><Data Name=""ProcessGuid"">{8CAD0A01-0154-6557-EB03-000000000000}</Data><Data Name=""ProcessId"">4</Data><Data Name=""Image"">System</Data><Data Name=""User"">NT AUTHORITY\SYSTEM</Data><Data Name=""Protocol"">tcp</Data><Data Name=""Initiated"">false</Data><Data Name=""SourceIsIpv6"">true</Data><Data Name=""SourceIp"">fe80:0:0:0:d024:56ce:c156:9dae</Data><Data Name=""SourceHostname"">-</Data><Data Name=""SourcePort"">51977</Data><Data Name=""SourcePortName"">-</Data><Data Name=""DestinationIsIpv6"">true</Data><Data Name=""DestinationIp"">fe80:0:0:0:d024:56ce:c156:9dae</Data><Data Name=""DestinationHostname"">-</Data><Data Name=""DestinationPort"">5985</Data><Data Name=""DestinationPortName"">-</Data></EventData></DataItem>",3,"Network connection detected: RuleName: technique_id=T1021,technique_name=Remote Services UtcTime: 2023-11-17 09:47:55.791 ProcessGuid: {8CAD0A01-0154-6557-EB03-000000000000} ProcessId: 4 Image: System User: NT AUTHORITY\SYSTEM Protocol: tcp Initiated: FALSE SourceIsIpv6: TRUE SourceIp: fe80:0:0:0:d024:56ce:c156:9dae SourceHostname: - SourcePort: 51977 SourcePortName: - DestinationIsIpv6: TRUE DestinationIp: fe80:0:0:0:d024:56ce:c156:9dae DestinationHostname: - DestinationPort: 5985 DestinationPortName: - ","00000000-0000-0000-0000-000000000001","AOI-46bec743-35fa-4608-b7e2-2aa3c38a97c2",,,Event,"/subscriptions/4383ac89-7cd1-48c1-8061-b0b3c5ccfd97/resourcegroups/varunlab-rg/providers/microsoft.compute/virtualmachines/windowseventlogs"
"46bec743-35fa-4608-b7e2-2aa3c38a97c2",OpsManager,"11/17/2023, 3:52:57.059 PM","Microsoft-Windows-Sysmon","Microsoft-Windows-Sysmon/Operational",WindowsEventLog,3,4,Information,"NT AUTHORITY\SYSTEM",,"<Param>technique_id=T1021,technique_name=Remote Services</Param><Param>2023-11-17 10:22:55.829</Param><Param>{8CAD0A01-015C-6557-1700-000000000E00}</Param><Param>1272</Param><Param>C:\Windows\System32\svchost.exe</Param><Param>NT AUTHORITY\NETWORK SERVICE</Param><Param>tcp</Param><Param>TRUE</Param><Param>TRUE</Param><Param>fe80:0:0:0:d024:56ce:c156:9dae</Param><Param>-</Param><Param>52312</Param><Param>-</Param><Param>TRUE</Param><Param>fe80:0:0:0:d024:56ce:c156:9dae</Param><Param>-</Param><Param>5985</Param><Param>-</Param>","<DataItem type=""System.XmlData"" time=""2023-11-17T15:52:57.0593802+05:30"" sourceHealthServiceId=""F57C2BCF-DE2B-DA7F-FD91-0649DF501A73""><EventData xmlns=""http://schemas.microsoft.com/win/2004/08/events/event""><Data Name=""RuleName"">technique_id=T1021,technique_name=Remote Services</Data><Data Name=""UtcTime"">2023-11-17 10:22:55.829</Data><Data Name=""ProcessGuid"">{8CAD0A01-015C-6557-1700-000000000E00}</Data><Data Name=""ProcessId"">1272</Data><Data Name=""Image"">C:\Windows\System32\svchost.exe</Data><Data Name=""User"">NT AUTHORITY\NETWORK SERVICE</Data><Data Name=""Protocol"">tcp</Data><Data Name=""Initiated"">true</Data><Data Name=""SourceIsIpv6"">true</Data><Data Name=""SourceIp"">fe80:0:0:0:d024:56ce:c156:9dae</Data><Data Name=""SourceHostname"">-</Data><Data Name=""SourcePort"">52312</Data><Data Name=""SourcePortName"">-</Data><Data Name=""DestinationIsIpv6"">true</Data><Data Name=""DestinationIp"">fe80:0:0:0:d024:56ce:c156:9dae</Data><Data Name=""DestinationHostname"">-</Data><Data Name=""DestinationPort"">5985</Data><Data Name=""DestinationPortName"">-</Data></EventData></DataItem>",3,"Network connection detected: RuleName: technique_id=T1021,technique_name=Remote Services UtcTime: 2023-11-17 10:22:55.829 ProcessGuid: {8CAD0A01-015C-6557-1700-000000000E00} ProcessId: 1272 Image: C:\Windows\System32\svchost.exe User: NT AUTHORITY\NETWORK SERVICE Protocol: tcp Initiated: TRUE SourceIsIpv6: TRUE SourceIp: fe80:0:0:0:d024:56ce:c156:9dae SourceHostname: - SourcePort: 52312 SourcePortName: - DestinationIsIpv6: TRUE DestinationIp: fe80:0:0:0:d024:56ce:c156:9dae DestinationHostname: - DestinationPort: 5985 DestinationPortName: - ","00000000-0000-0000-0000-000000000001","AOI-46bec743-35fa-4608-b7e2-2aa3c38a97c2",,,Event,"/subscriptions/4383ac89-7cd1-48c1-8061-b0b3c5ccfd97/resourcegroups/varunlab-rg/providers/microsoft.compute/virtualmachines/windowseventlogs"
"46bec743-35fa-4608-b7e2-2aa3c38a97c2",OpsManager,"11/17/2023, 3:52:57.059 PM","Microsoft-Windows-Sysmon","Microsoft-Windows-Sysmon/Operational",WindowsEventLog,3,4,Information,"NT AUTHORITY\SYSTEM",,"<Param>technique_id=T1021,technique_name=Remote Services</Param><Param>2023-11-17 10:22:55.830</Param><Param>{8CAD0A01-0154-6557-EB03-000000000000}</Param><Param>4</Param><Param>System</Param><Param>NT AUTHORITY\SYSTEM</Param><Param>tcp</Param><Param>FALSE</Param><Param>TRUE</Param><Param>fe80:0:0:0:d024:56ce:c156:9dae</Param><Param>-</Param><Param>52312</Param><Param>-</Param><Param>TRUE</Param><Param>fe80:0:0:0:d024:56ce:c156:9dae</Param><Param>-</Param><Param>5985</Param><Param>-</Param>","<DataItem type=""System.XmlData"" time=""2023-11-17T15:52:57.0594113+05:30"" sourceHealthServiceId=""F57C2BCF-DE2B-DA7F-FD91-0649DF501A73""><EventData xmlns=""http://schemas.microsoft.com/win/2004/08/events/event""><Data Name=""RuleName"">technique_id=T1021,technique_name=Remote Services</Data><Data Name=""UtcTime"">2023-11-17 10:22:55.830</Data><Data Name=""ProcessGuid"">{8CAD0A01-0154-6557-EB03-000000000000}</Data><Data Name=""ProcessId"">4</Data><Data Name=""Image"">System</Data><Data Name=""User"">NT AUTHORITY\SYSTEM</Data><Data Name=""Protocol"">tcp</Data><Data Name=""Initiated"">false</Data><Data Name=""SourceIsIpv6"">true</Data><Data Name=""SourceIp"">fe80:0:0:0:d024:56ce:c156:9dae</Data><Data Name=""SourceHostname"">-</Data><Data Name=""SourcePort"">52312</Data><Data Name=""SourcePortName"">-</Data><Data Name=""DestinationIsIpv6"">true</Data><Data Name=""DestinationIp"">fe80:0:0:0:d024:56ce:c156:9dae</Data><Data Name=""DestinationHostname"">-</Data><Data Name=""DestinationPort"">5985</Data><Data Name=""DestinationPortName"">-</Data></EventData></DataItem>",3,"Network connection detected: RuleName: technique_id=T1021,technique_name=Remote Services UtcTime: 2023-11-17 10:22:55.830 ProcessGuid: {8CAD0A01-0154-6557-EB03-000000000000} ProcessId: 4 Image: System User: NT AUTHORITY\SYSTEM Protocol: tcp Initiated: FALSE SourceIsIpv6: TRUE SourceIp: fe80:0:0:0:d024:56ce:c156:9dae SourceHostname: - SourcePort: 52312 SourcePortName: - DestinationIsIpv6: TRUE DestinationIp: fe80:0:0:0:d024:56ce:c156:9dae DestinationHostname: - DestinationPort: 5985 DestinationPortName: - ","00000000-0000-0000-0000-000000000001","AOI-46bec743-35fa-4608-b7e2-2aa3c38a97c2",,,Event,"/subscriptions/4383ac89-7cd1-48c1-8061-b0b3c5ccfd97/resourcegroups/varunlab-rg/providers/microsoft.compute/virtualmachines/windowseventlogs"
