"0b2a9277-f48f-49f6-b78d-d8bfd6dea87a",RestAPI,,,"7/27/2023, 2:41:56.543 PM",,,,,,,,,,,,,,,,,,,,,,,,"Microsoft-Windows-DNSServer","eb79061a-a566-4698-9119-3ed2807060e7",256,0,16,"Microsoft-Windows-DNS-Server/Analytical ",4,"Information ",0,1,"LOOK_UP ",9223372036854775809,"7/27/2023, 2:41:53.794 PM",2908,4028,INFO,2,INFO,windns,"NT AUTHORITY",SYSTEM,"S-1-5-18",User,256,0,"172.18.88.20","172.18.88.20",1,"0b2a9277-f48f-49f6-b78d-d8bfd6dea87a.ods.opinsights.azure.com.",1,24250,51376,24250,true,false,false,QUERY,false,NOERROR,false,false,false,"[{""dns.query.name"":""0b2a9277-f48f-49f6-b78d-d8bfd6dea87a.ods.opinsights.azure.com"",""dns.query.type"":""A"",""dns.query.class"":""IN""}]",0x5EBA010000010000000000002430623261393237372D663438662D343966362D623738642D643862666436646561383761036F64730A6F70696E73696768747305617A75726503636F6D0000010001,".","421aea20-abbf-407f-a692-6831b371f171","7/27/2023, 2:41:55.834 PM","in_windowsdns_auditanalytics_sentinel_windows","im_etw","172.18.88.20","N/A",,,,,,,,,,,,"NXLog_DNS_Server_CL",
"0b2a9277-f48f-49f6-b78d-d8bfd6dea87a",RestAPI,,,"7/27/2023, 2:41:56.543 PM",,,,,,,,,,,,,,,,,,,,,,,,"Microsoft-Windows-DNSServer","eb79061a-a566-4698-9119-3ed2807060e7",279,0,16,"Microsoft-Windows-DNS-Server/Analytical ",4,"Information ",0,1,"LOOK_UP ",9223372071214514176,"7/27/2023, 2:41:53.794 PM",2908,4028,INFO,2,INFO,windns,"NT AUTHORITY",SYSTEM,"S-1-5-18",User,33152,0,"172.18.88.20","172.18.88.20",1,"opinsightsweuods.trafficmanager.net.",1,24250,51376,24250,true,false,false,QUERY,true,NOERROR,false,false,true,"[{""dns.query.name"":""0b2a9277-f48f-49f6-b78d-d8bfd6dea87a.ods.opinsights.azure.com"",""dns.query.type"":""A"",""dns.query.class"":""IN""}]",0x5EBA818000010001000000002430623261393237372D663438662D343966362D623738642D643862666436646561383761036F64730A6F70696E73696768747305617A75726503636F6D0000010001,,,"7/27/2023, 2:41:55.834 PM","in_windowsdns_auditanalytics_sentinel_windows","im_etw","172.18.88.20","N/A",,,,,,,,,,,"N/A","NXLog_DNS_Server_CL",
"0b2a9277-f48f-49f6-b78d-d8bfd6dea87a",RestAPI,,,"7/27/2023, 2:41:56.543 PM",,,,,,,,,,,,,,,,,,,,,,,,"Microsoft-Windows-DNSServer","eb79061a-a566-4698-9119-3ed2807060e7",279,0,16,"Microsoft-Windows-DNS-Server/Analytical ",4,"Information ",0,1,"LOOK_UP ",9223372071214514176,"7/27/2023, 2:41:53.794 PM",2908,4028,INFO,2,INFO,windns,"NT AUTHORITY",SYSTEM,"S-1-5-18",User,33152,0,"172.18.88.20","172.18.88.20",1,"ipv4-weu-oi-ods-cses-i.westeurope.cloudapp.azure.com.",1,24250,51376,24250,true,false,false,QUERY,true,NOERROR,false,false,true,"[{""dns.query.name"":""0b2a9277-f48f-49f6-b78d-d8bfd6dea87a.ods.opinsights.azure.com"",""dns.query.type"":""A"",""dns.query.class"":""IN""}]",0x5EBA818000010002000000002430623261393237372D663438662D343966362D623738642D643862666436646561383761036F64730A6F70696E73696768747305617A75726503636F6D0000010001,,,"7/27/2023, 2:41:55.834 PM","in_windowsdns_auditanalytics_sentinel_windows","im_etw","172.18.88.20","N/A",,,,,,,,,,,"N/A","NXLog_DNS_Server_CL",
"0b2a9277-f48f-49f6-b78d-d8bfd6dea87a",RestAPI,,,"7/27/2023, 2:41:56.543 PM",,,,,,,,,,,,,,,,,,24250,,".",Default,,,"Microsoft-Windows-DNSServer","eb79061a-a566-4698-9119-3ed2807060e7",260,0,16,"Microsoft-Windows-DNS-Server/Analytical ",4,"Information ",0,2,"RECURSE_QUERY ",9223372036854775824,"7/27/2023, 2:41:53.794 PM",2908,4028,INFO,2,INFO,windns,"NT AUTHORITY",SYSTEM,"S-1-5-18",User,0,0,"0.0.0.0",,0,"ipv4-weu-oi-ods-cses-i.westeurope.cloudapp.azure.com.",1,41390,0,41390,false,false,false,QUERY,false,NOERROR,false,false,false,"[{""dns.query.name"":""ipv4-weu-oi-ods-cses-i.westeurope.cloudapp.azure.com"",""dns.query.type"":""A"",""dns.query.class"":""IN""}]",0xA1AE0000000100000000000116697076342D7765752D6F692D6F64732D637365732D690A776573746575726F706508636C6F756461707005617A75726503636F6D00000100010000290FA0000000000000,".","421aea20-abbf-407f-a692-6831b371f171","7/27/2023, 2:41:55.834 PM","in_windowsdns_auditanalytics_sentinel_windows","im_etw","172.18.88.20","N/A","13.107.236.201",,,,,,,NULL,,,,"NXLog_DNS_Server_CL",
"0b2a9277-f48f-49f6-b78d-d8bfd6dea87a",RestAPI,,,"7/27/2023, 2:41:56.543 PM",,,,,,,,,,,,,,,,,,,1,".",Default,"[{""dns.answer.name"":""ipv4-weu-oi-ods-cses-i.westeurope.cloudapp.azure.com"",""dns.answer.type"":""A"",""dns.answer.class"":""IN"",""dns.answer.ttl"":10,""dns.answer.data"":""104.40.170.64""}]",0,"Microsoft-Windows-DNSServer","eb79061a-a566-4698-9119-3ed2807060e7",261,0,16,"Microsoft-Windows-DNS-Server/Analytical ",4,"Information ",0,2,"RECURSE_QUERY ",9223372036854775840,"7/27/2023, 2:41:53.825 PM",2908,4028,INFO,2,INFO,windns,"NT AUTHORITY",SYSTEM,"S-1-5-18",User,33792,0,"0.0.0.0","13.107.236.201",,"ipv4-weu-oi-ods-cses-i.westeurope.cloudapp.azure.com.",1,41390,0,41390,false,false,true,QUERY,true,NOERROR,false,false,false,"[{""dns.query.name"":""ipv4-weu-oi-ods-cses-i.westeurope.cloudapp.azure.com"",""dns.query.type"":""A"",""dns.query.class"":""IN""}]",0xA1AE8400000100010000000116697076342D7765752D6F692D6F64732D637365732D690A776573746575726F706508636C6F756461707005617A75726503636F6D0000010001C00C000100010000000A00046828AA4000002904D0000000000000,".","421aea20-abbf-407f-a692-6831b371f171","7/27/2023, 2:41:55.834 PM","in_windowsdns_auditanalytics_sentinel_windows","im_etw","172.18.88.20","N/A",,1,0,,,,,,,,,"NXLog_DNS_Server_CL",
"0b2a9277-f48f-49f6-b78d-d8bfd6dea87a",RestAPI,,,"7/27/2023, 2:41:56.543 PM",,,,,,,,,,,,,,,,,,,,,,"[{""dns.answer.name"":""0b2a9277-f48f-49f6-b78d-d8bfd6dea87a.ods.opinsights.azure.com"",""dns.answer.type"":""CNAME"",""dns.answer.class"":""IN"",""dns.answer.ttl"":288,""dns.answer.data"":""opinsightsweuods.trafficmanager.net""},{""dns.answer.name"":""opinsightsweuods.trafficmanager.net"",""dns.answer.type"":""CNAME"",""dns.answer.class"":""IN"",""dns.answer.ttl"":288,""dns.answer.data"":""ipv4-weu-oi-ods-cses-i.westeurope.cloudapp.azure.com""},{""dns.answer.name"":""ipv4-weu-oi-ods-cses-i.westeurope.cloudapp.azure.com"",""dns.answer.type"":""A"",""dns.answer.class"":""IN"",""dns.answer.ttl"":9,""dns.answer.data"":""104.40.170.64""}]",,"Microsoft-Windows-DNSServer","eb79061a-a566-4698-9119-3ed2807060e7",257,0,16,"Microsoft-Windows-DNS-Server/Analytical ",4,"Information ",0,1,"LOOK_UP ",9223372036854775810,"7/27/2023, 2:41:53.825 PM",2908,4028,INFO,2,INFO,windns,"NT AUTHORITY",SYSTEM,"S-1-5-18",User,33152,0,"172.18.88.20",,,"0b2a9277-f48f-49f6-b78d-d8bfd6dea87a.ods.opinsights.azure.com.",1,24250,51376,24250,true,false,false,QUERY,true,NOERROR,false,false,true,"[{""dns.query.name"":""0b2a9277-f48f-49f6-b78d-d8bfd6dea87a.ods.opinsights.azure.com"",""dns.query.type"":""A"",""dns.query.class"":""IN""}]",0x5EBA818000010003000000002430623261393237372D663438662D343966362D623738642D643862666436646561383761036F64730A6F70696E73696768747305617A75726503636F6D0000010001C00C00050001000001200025106F70696E7369676874737765756F64730E747261666669636D616E61676572036E657400C05B0005000100000120002D16697076342D7765752D6F692D6F64732D637365732D690A776573746575726F706508636C6F7564617070C040C08C000100010000000900046828AA40,"VirtualizationInstance:.","421aea20-abbf-407f-a692-6831b371f171","7/27/2023, 2:41:55.834 PM","in_windowsdns_auditanalytics_sentinel_windows","im_etw","172.18.88.20","N/A","172.18.88.20",0,0,0,0,Default,"..Cache",NULL,,32,,"NXLog_DNS_Server_CL",
"0b2a9277-f48f-49f6-b78d-d8bfd6dea87a",RestAPI,,,"7/27/2023, 2:50:56.449 PM",,,,,,,,,,,,,,,,,,,,,,,,"Microsoft-Windows-DNSServer","eb79061a-a566-4698-9119-3ed2807060e7",256,0,16,"Microsoft-Windows-DNS-Server/Analytical ",4,"Information ",0,1,"LOOK_UP ",9223372036854775809,"7/27/2023, 2:50:53.858 PM",2908,4024,INFO,2,INFO,windns,"NT AUTHORITY",SYSTEM,"S-1-5-18",User,256,0,"172.18.88.20","172.18.88.20",1,"0b2a9277-f48f-49f6-b78d-d8bfd6dea87a.ods.opinsights.azure.com.",1,62643,58832,62643,true,false,false,QUERY,false,NOERROR,false,false,false,"[{""dns.query.name"":""0b2a9277-f48f-49f6-b78d-d8bfd6dea87a.ods.opinsights.azure.com"",""dns.query.type"":""A"",""dns.query.class"":""IN""}]",0xF4B3010000010000000000002430623261393237372D663438662D343966362D623738642D643862666436646561383761036F64730A6F70696E73696768747305617A75726503636F6D0000010001,".","10e4ac0e-9184-409c-8c43-3a0619a1467a","7/27/2023, 2:50:55.878 PM","in_windowsdns_auditanalytics_sentinel_windows","im_etw","172.18.88.20","N/A",,,,,,,,,,,,"NXLog_DNS_Server_CL",
"0b2a9277-f48f-49f6-b78d-d8bfd6dea87a",RestAPI,,,"7/27/2023, 2:50:56.449 PM",,,,,,,,,,,,,,,,,,,,,,,,"Microsoft-Windows-DNSServer","eb79061a-a566-4698-9119-3ed2807060e7",279,0,16,"Microsoft-Windows-DNS-Server/Analytical ",4,"Information ",0,1,"LOOK_UP ",9223372071214514176,"7/27/2023, 2:50:53.858 PM",2908,4024,INFO,2,INFO,windns,"NT AUTHORITY",SYSTEM,"S-1-5-18",User,33152,0,"172.18.88.20","172.18.88.20",1,"opinsightsweuods.trafficmanager.net.",1,62643,58832,62643,true,false,false,QUERY,true,NOERROR,false,false,true,"[{""dns.query.name"":""0b2a9277-f48f-49f6-b78d-d8bfd6dea87a.ods.opinsights.azure.com"",""dns.query.type"":""A"",""dns.query.class"":""IN""}]",0xF4B3818000010001000000002430623261393237372D663438662D343966362D623738642D643862666436646561383761036F64730A6F70696E73696768747305617A75726503636F6D0000010001,,,"7/27/2023, 2:50:55.878 PM","in_windowsdns_auditanalytics_sentinel_windows","im_etw","172.18.88.20","N/A",,,,,,,,,,,"N/A","NXLog_DNS_Server_CL",
"0b2a9277-f48f-49f6-b78d-d8bfd6dea87a",RestAPI,,,"7/27/2023, 2:50:56.449 PM",,,,,,,,,,,,,,,,,,,,,,,,"Microsoft-Windows-DNSServer","eb79061a-a566-4698-9119-3ed2807060e7",279,0,16,"Microsoft-Windows-DNS-Server/Analytical ",4,"Information ",0,1,"LOOK_UP ",9223372071214514176,"7/27/2023, 2:50:53.858 PM",2908,4024,INFO,2,INFO,windns,"NT AUTHORITY",SYSTEM,"S-1-5-18",User,33152,0,"172.18.88.20","172.18.88.20",1,"ipv4-weu-oi-ods-cses-e.westeurope.cloudapp.azure.com.",1,62643,58832,62643,true,false,false,QUERY,true,NOERROR,false,false,true,"[{""dns.query.name"":""0b2a9277-f48f-49f6-b78d-d8bfd6dea87a.ods.opinsights.azure.com"",""dns.query.type"":""A"",""dns.query.class"":""IN""}]",0xF4B3818000010002000000002430623261393237372D663438662D343966362D623738642D643862666436646561383761036F64730A6F70696E73696768747305617A75726503636F6D0000010001,,,"7/27/2023, 2:50:55.878 PM","in_windowsdns_auditanalytics_sentinel_windows","im_etw","172.18.88.20","N/A",,,,,,,,,,,"N/A","NXLog_DNS_Server_CL",
"0b2a9277-f48f-49f6-b78d-d8bfd6dea87a",RestAPI,,,"7/27/2023, 2:50:56.449 PM",,,,,,,,,,,,,,,,,,62643,,".",Default,,,"Microsoft-Windows-DNSServer","eb79061a-a566-4698-9119-3ed2807060e7",260,0,16,"Microsoft-Windows-DNS-Server/Analytical ",4,"Information ",0,2,"RECURSE_QUERY ",9223372036854775824,"7/27/2023, 2:50:53.858 PM",2908,4024,INFO,2,INFO,windns,"NT AUTHORITY",SYSTEM,"S-1-5-18",User,0,0,"0.0.0.0",,0,"ipv4-weu-oi-ods-cses-e.westeurope.cloudapp.azure.com.",1,32739,0,32739,false,false,false,QUERY,false,NOERROR,false,false,false,"[{""dns.query.name"":""ipv4-weu-oi-ods-cses-e.westeurope.cloudapp.azure.com"",""dns.query.type"":""A"",""dns.query.class"":""IN""}]",0x7FE30000000100000000000116697076342D7765752D6F692D6F64732D637365732D650A776573746575726F706508636C6F756461707005617A75726503636F6D00000100010000290FA0000000000000,".","10e4ac0e-9184-409c-8c43-3a0619a1467a","7/27/2023, 2:50:55.878 PM","in_windowsdns_auditanalytics_sentinel_windows","im_etw","172.18.88.20","N/A","150.171.10.201",,,,,,,NULL,,,,"NXLog_DNS_Server_CL",
"0b2a9277-f48f-49f6-b78d-d8bfd6dea87a",RestAPI,,,"7/27/2023, 2:50:56.449 PM",,,,,,,,,,,,,,,,,,,1,".",Default,"[{""dns.answer.name"":""ipv4-weu-oi-ods-cses-e.westeurope.cloudapp.azure.com"",""dns.answer.type"":""A"",""dns.answer.class"":""IN"",""dns.answer.ttl"":10,""dns.answer.data"":""13.69.106.94""}]",0,"Microsoft-Windows-DNSServer","eb79061a-a566-4698-9119-3ed2807060e7",261,0,16,"Microsoft-Windows-DNS-Server/Analytical ",4,"Information ",0,2,"RECURSE_QUERY ",9223372036854775840,"7/27/2023, 2:50:53.888 PM",2908,4024,INFO,2,INFO,windns,"NT AUTHORITY",SYSTEM,"S-1-5-18",User,33792,0,"0.0.0.0","150.171.10.201",,"ipv4-weu-oi-ods-cses-e.westeurope.cloudapp.azure.com.",1,32739,0,32739,false,false,true,QUERY,true,NOERROR,false,false,false,"[{""dns.query.name"":""ipv4-weu-oi-ods-cses-e.westeurope.cloudapp.azure.com"",""dns.query.type"":""A"",""dns.query.class"":""IN""}]",0x7FE38400000100010000000116697076342D7765752D6F692D6F64732D637365732D650A776573746575726F706508636C6F756461707005617A75726503636F6D0000010001C00C000100010000000A00040D456A5E00002904D0000000000000,".","10e4ac0e-9184-409c-8c43-3a0619a1467a","7/27/2023, 2:50:55.878 PM","in_windowsdns_auditanalytics_sentinel_windows","im_etw","172.18.88.20","N/A",,1,0,,,,,,,,,"NXLog_DNS_Server_CL",
"0b2a9277-f48f-49f6-b78d-d8bfd6dea87a",RestAPI,,,"7/27/2023, 2:50:56.449 PM",,,,,,,,,,,,,,,,,,,,,,"[{""dns.answer.name"":""0b2a9277-f48f-49f6-b78d-d8bfd6dea87a.ods.opinsights.azure.com"",""dns.answer.type"":""CNAME"",""dns.answer.class"":""IN"",""dns.answer.ttl"":122,""dns.answer.data"":""opinsightsweuods.trafficmanager.net""},{""dns.answer.name"":""opinsightsweuods.trafficmanager.net"",""dns.answer.type"":""CNAME"",""dns.answer.class"":""IN"",""dns.answer.ttl"":122,""dns.answer.data"":""ipv4-weu-oi-ods-cses-e.westeurope.cloudapp.azure.com""},{""dns.answer.name"":""ipv4-weu-oi-ods-cses-e.westeurope.cloudapp.azure.com"",""dns.answer.type"":""A"",""dns.answer.class"":""IN"",""dns.answer.ttl"":9,""dns.answer.data"":""13.69.106.94""}]",,"Microsoft-Windows-DNSServer","eb79061a-a566-4698-9119-3ed2807060e7",257,0,16,"Microsoft-Windows-DNS-Server/Analytical ",4,"Information ",0,1,"LOOK_UP ",9223372036854775810,"7/27/2023, 2:50:53.888 PM",2908,4024,INFO,2,INFO,windns,"NT AUTHORITY",SYSTEM,"S-1-5-18",User,33152,0,"172.18.88.20",,,"0b2a9277-f48f-49f6-b78d-d8bfd6dea87a.ods.opinsights.azure.com.",1,62643,58832,62643,true,false,false,QUERY,true,NOERROR,false,false,true,"[{""dns.query.name"":""0b2a9277-f48f-49f6-b78d-d8bfd6dea87a.ods.opinsights.azure.com"",""dns.query.type"":""A"",""dns.query.class"":""IN""}]",0xF4B3818000010003000000002430623261393237372D663438662D343966362D623738642D643862666436646561383761036F64730A6F70696E73696768747305617A75726503636F6D0000010001C00C000500010000007A0025106F70696E7369676874737765756F64730E747261666669636D616E61676572036E657400C05B000500010000007A002D16697076342D7765752D6F692D6F64732D637365732D650A776573746575726F706508636C6F7564617070C040C08C000100010000000900040D456A5E,"VirtualizationInstance:.","10e4ac0e-9184-409c-8c43-3a0619a1467a","7/27/2023, 2:50:55.878 PM","in_windowsdns_auditanalytics_sentinel_windows","im_etw","172.18.88.20","N/A","172.18.88.20",0,0,0,0,Default,"..Cache",NULL,,30,,"NXLog_DNS_Server_CL",
"0b2a9277-f48f-49f6-b78d-d8bfd6dea87a",RestAPI,,,"7/27/2023, 2:24:41.581 PM",,,,,,,,,,,,,,,,,,,,,,,,"Microsoft-Windows-DNSServer","eb79061a-a566-4698-9119-3ed2807060e7",256,0,16,"Microsoft-Windows-DNS-Server/Analytical ",4,"Information ",0,1,"LOOK_UP ",9223372036854775809,"7/27/2023, 2:24:38.767 PM",2908,4028,INFO,2,INFO,windns,"NT AUTHORITY",SYSTEM,"S-1-5-18",User,256,0,"172.18.88.20","172.18.88.20",1,"settings-win.data.microsoft.com.",1,18350,57919,18350,true,false,false,QUERY,false,NOERROR,false,false,false,"[{""dns.query.name"":""settings-win.data.microsoft.com"",""dns.query.type"":""A"",""dns.query.class"":""IN""}]",0x47AE010000010000000000000C73657474696E67732D77696E0464617461096D6963726F736F667403636F6D0000010001,".","9fac9f06-e0c5-4518-b901-0f280fba9404","7/27/2023, 2:24:40.812 PM","in_windowsdns_auditanalytics_sentinel_windows","im_etw","172.18.88.20","N/A",,,,,,,,,,,,"NXLog_DNS_Server_CL",
"0b2a9277-f48f-49f6-b78d-d8bfd6dea87a",RestAPI,,,"7/27/2023, 2:24:41.581 PM",,,,,,,,,,,,,,,,,,,,,,,,"Microsoft-Windows-DNSServer","eb79061a-a566-4698-9119-3ed2807060e7",279,0,16,"Microsoft-Windows-DNS-Server/Analytical ",4,"Information ",0,1,"LOOK_UP ",9223372071214514176,"7/27/2023, 2:24:38.767 PM",2908,4028,INFO,2,INFO,windns,"NT AUTHORITY",SYSTEM,"S-1-5-18",User,33152,0,"172.18.88.20","172.18.88.20",1,"atm-settingsfe-prod-geo2.trafficmanager.net.",1,18350,57919,18350,true,false,false,QUERY,true,NOERROR,false,false,true,"[{""dns.query.name"":""settings-win.data.microsoft.com"",""dns.query.type"":""A"",""dns.query.class"":""IN""}]",0x47AE818000010001000000000C73657474696E67732D77696E0464617461096D6963726F736F667403636F6D0000010001,,,"7/27/2023, 2:24:40.812 PM","in_windowsdns_auditanalytics_sentinel_windows","im_etw","172.18.88.20","N/A",,,,,,,,,,,"N/A","NXLog_DNS_Server_CL",
"0b2a9277-f48f-49f6-b78d-d8bfd6dea87a",RestAPI,,,"7/27/2023, 2:24:41.581 PM",,,,,,,,,,,,,,,,,,,,,,,,"Microsoft-Windows-DNSServer","eb79061a-a566-4698-9119-3ed2807060e7",279,0,16,"Microsoft-Windows-DNS-Server/Analytical ",4,"Information ",0,1,"LOOK_UP ",9223372071214514176,"7/27/2023, 2:24:38.767 PM",2908,4028,INFO,2,INFO,windns,"NT AUTHORITY",SYSTEM,"S-1-5-18",User,33152,0,"172.18.88.20","172.18.88.20",1,"settings-prod-neu-2.northeurope.cloudapp.azure.com.",1,18350,57919,18350,true,false,false,QUERY,true,NOERROR,false,false,true,"[{""dns.query.name"":""settings-win.data.microsoft.com"",""dns.query.type"":""A"",""dns.query.class"":""IN""}]",0x47AE818000010002000000000C73657474696E67732D77696E0464617461096D6963726F736F667403636F6D0000010001,,,"7/27/2023, 2:24:40.812 PM","in_windowsdns_auditanalytics_sentinel_windows","im_etw","172.18.88.20","N/A",,,,,,,,,,,"N/A","NXLog_DNS_Server_CL",
"0b2a9277-f48f-49f6-b78d-d8bfd6dea87a",RestAPI,,,"7/27/2023, 2:24:41.581 PM",,,,,,,,,,,,,,,,,,,,,,"[{""dns.answer.name"":""settings-win.data.microsoft.com"",""dns.answer.type"":""CNAME"",""dns.answer.class"":""IN"",""dns.answer.ttl"":3009,""dns.answer.data"":""atm-settingsfe-prod-geo2.trafficmanager.net""},{""dns.answer.name"":""atm-settingsfe-prod-geo2.trafficmanager.net"",""dns.answer.type"":""CNAME"",""dns.answer.class"":""IN"",""dns.answer.ttl"":53,""dns.answer.data"":""settings-prod-neu-2.northeurope.cloudapp.azure.com""},{""dns.answer.name"":""settings-prod-neu-2.northeurope.cloudapp.azure.com"",""dns.answer.type"":""A"",""dns.answer.class"":""IN"",""dns.answer.ttl"":3,""dns.answer.data"":""51.104.136.2""}]",,"Microsoft-Windows-DNSServer","eb79061a-a566-4698-9119-3ed2807060e7",257,0,16,"Microsoft-Windows-DNS-Server/Analytical ",4,"Information ",0,1,"LOOK_UP ",9223372036854775810,"7/27/2023, 2:24:38.767 PM",2908,4028,INFO,2,INFO,windns,"NT AUTHORITY",SYSTEM,"S-1-5-18",User,33152,0,"172.18.88.20",,,"settings-win.data.microsoft.com.",1,18350,57919,18350,true,false,false,QUERY,true,NOERROR,false,false,true,"[{""dns.query.name"":""settings-win.data.microsoft.com"",""dns.query.type"":""A"",""dns.query.class"":""IN""}]",0x47AE818000010003000000000C73657474696E67732D77696E0464617461096D6963726F736F667403636F6D0000010001C00C0005000100000BC1002D1861746D2D73657474696E677366652D70726F642D67656F320E747261666669636D616E61676572036E657400C03D000500010000003500311373657474696E67732D70726F642D6E65752D320B6E6F7274686575726F706508636C6F756461707005617A757265C028C0760001000100000003000433688802,"VirtualizationInstance:.","9fac9f06-e0c5-4518-b901-0f280fba9404","7/27/2023, 2:24:40.812 PM","in_windowsdns_auditanalytics_sentinel_windows","im_etw","172.18.88.20","N/A","172.18.88.20",0,0,0,0,Default,"..Cache",NULL,,0,,"NXLog_DNS_Server_CL",
"0b2a9277-f48f-49f6-b78d-d8bfd6dea87a",RestAPI,,,"7/27/2023, 2:54:13.011 PM",,,,,,,,,,,,,,,,,,,,,,,,"Microsoft-Windows-DNSServer","eb79061a-a566-4698-9119-3ed2807060e7",256,0,16,"Microsoft-Windows-DNS-Server/Analytical ",4,"Information ",0,1,"LOOK_UP ",9223372036854775809,"7/27/2023, 2:54:10.200 PM",2908,4024,INFO,2,INFO,windns,"NT AUTHORITY",SYSTEM,"S-1-5-18",User,256,0,"172.18.88.20","172.18.88.20",1,"0b2a9277-f48f-49f6-b78d-d8bfd6dea87a.ods.opinsights.azure.com.",1,28969,54472,28969,true,false,false,QUERY,false,NOERROR,false,false,false,"[{""dns.query.name"":""0b2a9277-f48f-49f6-b78d-d8bfd6dea87a.ods.opinsights.azure.com"",""dns.query.type"":""A"",""dns.query.class"":""IN""}]",0x7129010000010000000000002430623261393237372D663438662D343966362D623738642D643862666436646561383761036F64730A6F70696E73696768747305617A75726503636F6D0000010001,".","e2da5764-eb39-495e-8ca5-52b2352c263b","7/27/2023, 2:54:12.235 PM","in_windowsdns_auditanalytics_sentinel_windows","im_etw","172.18.88.20","N/A",,,,,,,,,,,,"NXLog_DNS_Server_CL",
"0b2a9277-f48f-49f6-b78d-d8bfd6dea87a",RestAPI,,,"7/27/2023, 2:54:13.011 PM",,,,,,,,,,,,,,,,,,,,,,,,"Microsoft-Windows-DNSServer","eb79061a-a566-4698-9119-3ed2807060e7",279,0,16,"Microsoft-Windows-DNS-Server/Analytical ",4,"Information ",0,1,"LOOK_UP ",9223372071214514176,"7/27/2023, 2:54:10.200 PM",2908,4024,INFO,2,INFO,windns,"NT AUTHORITY",SYSTEM,"S-1-5-18",User,33152,0,"172.18.88.20","172.18.88.20",1,"opinsightsweuods.trafficmanager.net.",1,28969,54472,28969,true,false,false,QUERY,true,NOERROR,false,false,true,"[{""dns.query.name"":""0b2a9277-f48f-49f6-b78d-d8bfd6dea87a.ods.opinsights.azure.com"",""dns.query.type"":""A"",""dns.query.class"":""IN""}]",0x7129818000010001000000002430623261393237372D663438662D343966362D623738642D643862666436646561383761036F64730A6F70696E73696768747305617A75726503636F6D0000010001,,,"7/27/2023, 2:54:12.235 PM","in_windowsdns_auditanalytics_sentinel_windows","im_etw","172.18.88.20","N/A",,,,,,,,,,,"N/A","NXLog_DNS_Server_CL",
"0b2a9277-f48f-49f6-b78d-d8bfd6dea87a",RestAPI,,,"7/27/2023, 2:54:13.011 PM",,,,,,,,,,,,,,,,,,,,,,,,"Microsoft-Windows-DNSServer","eb79061a-a566-4698-9119-3ed2807060e7",279,0,16,"Microsoft-Windows-DNS-Server/Analytical ",4,"Information ",0,1,"LOOK_UP ",9223372071214514176,"7/27/2023, 2:54:10.200 PM",2908,4024,INFO,2,INFO,windns,"NT AUTHORITY",SYSTEM,"S-1-5-18",User,33152,0,"172.18.88.20","172.18.88.20",1,"ipv4-weu-oi-ods-cses-d.westeurope.cloudapp.azure.com.",1,28969,54472,28969,true,false,false,QUERY,true,NOERROR,false,false,true,"[{""dns.query.name"":""0b2a9277-f48f-49f6-b78d-d8bfd6dea87a.ods.opinsights.azure.com"",""dns.query.type"":""A"",""dns.query.class"":""IN""}]",0x7129818000010002000000002430623261393237372D663438662D343966362D623738642D643862666436646561383761036F64730A6F70696E73696768747305617A75726503636F6D0000010001,,,"7/27/2023, 2:54:12.235 PM","in_windowsdns_auditanalytics_sentinel_windows","im_etw","172.18.88.20","N/A",,,,,,,,,,,"N/A","NXLog_DNS_Server_CL",
"0b2a9277-f48f-49f6-b78d-d8bfd6dea87a",RestAPI,,,"7/27/2023, 2:54:13.011 PM",,,,,,,,,,,,,,,,,,28969,,".",Default,,,"Microsoft-Windows-DNSServer","eb79061a-a566-4698-9119-3ed2807060e7",260,0,16,"Microsoft-Windows-DNS-Server/Analytical ",4,"Information ",0,2,"RECURSE_QUERY ",9223372036854775824,"7/27/2023, 2:54:10.200 PM",2908,4024,INFO,2,INFO,windns,"NT AUTHORITY",SYSTEM,"S-1-5-18",User,0,0,"0.0.0.0",,0,"ipv4-weu-oi-ods-cses-d.westeurope.cloudapp.azure.com.",1,17978,0,17978,false,false,false,QUERY,false,NOERROR,false,false,false,"[{""dns.query.name"":""ipv4-weu-oi-ods-cses-d.westeurope.cloudapp.azure.com"",""dns.query.type"":""A"",""dns.query.class"":""IN""}]",0x463A0000000100000000000116697076342D7765752D6F692D6F64732D637365732D640A776573746575726F706508636C6F756461707005617A75726503636F6D00000100010000290FA0000000000000,".","e2da5764-eb39-495e-8ca5-52b2352c263b","7/27/2023, 2:54:12.235 PM","in_windowsdns_auditanalytics_sentinel_windows","im_etw","172.18.88.20","N/A","13.107.236.201",,,,,,,NULL,,,,"NXLog_DNS_Server_CL",
"0b2a9277-f48f-49f6-b78d-d8bfd6dea87a",RestAPI,,,"7/27/2023, 2:54:13.011 PM",,,,,,,,,,,,,,,,,,,1,".",Default,"[{""dns.answer.name"":""ipv4-weu-oi-ods-cses-d.westeurope.cloudapp.azure.com"",""dns.answer.type"":""A"",""dns.answer.class"":""IN"",""dns.answer.ttl"":10,""dns.answer.data"":""52.236.186.221""}]",0,"Microsoft-Windows-DNSServer","eb79061a-a566-4698-9119-3ed2807060e7",261,0,16,"Microsoft-Windows-DNS-Server/Analytical ",4,"Information ",0,2,"RECURSE_QUERY ",9223372036854775840,"7/27/2023, 2:54:10.233 PM",2908,4024,INFO,2,INFO,windns,"NT AUTHORITY",SYSTEM,"S-1-5-18",User,33792,0,"0.0.0.0","13.107.236.201",,"ipv4-weu-oi-ods-cses-d.westeurope.cloudapp.azure.com.",1,17978,0,17978,false,false,true,QUERY,true,NOERROR,false,false,false,"[{""dns.query.name"":""ipv4-weu-oi-ods-cses-d.westeurope.cloudapp.azure.com"",""dns.query.type"":""A"",""dns.query.class"":""IN""}]",0x463A8400000100010000000116697076342D7765752D6F692D6F64732D637365732D640A776573746575726F706508636C6F756461707005617A75726503636F6D0000010001C00C000100010000000A000434ECBADD00002904D0000000000000,".","e2da5764-eb39-495e-8ca5-52b2352c263b","7/27/2023, 2:54:12.767 PM","in_windowsdns_auditanalytics_sentinel_windows","im_etw","172.18.88.20","N/A",,1,0,,,,,,,,,"NXLog_DNS_Server_CL",
"0b2a9277-f48f-49f6-b78d-d8bfd6dea87a",RestAPI,,,"7/27/2023, 2:54:13.011 PM",,,,,,,,,,,,,,,,,,,,,,"[{""dns.answer.name"":""0b2a9277-f48f-49f6-b78d-d8bfd6dea87a.ods.opinsights.azure.com"",""dns.answer.type"":""CNAME"",""dns.answer.class"":""IN"",""dns.answer.ttl"":241,""dns.answer.data"":""opinsightsweuods.trafficmanager.net""},{""dns.answer.name"":""opinsightsweuods.trafficmanager.net"",""dns.answer.type"":""CNAME"",""dns.answer.class"":""IN"",""dns.answer.ttl"":241,""dns.answer.data"":""ipv4-weu-oi-ods-cses-d.westeurope.cloudapp.azure.com""},{""dns.answer.name"":""ipv4-weu-oi-ods-cses-d.westeurope.cloudapp.azure.com"",""dns.answer.type"":""A"",""dns.answer.class"":""IN"",""dns.answer.ttl"":9,""dns.answer.data"":""52.236.186.221""}]",,"Microsoft-Windows-DNSServer","eb79061a-a566-4698-9119-3ed2807060e7",257,0,16,"Microsoft-Windows-DNS-Server/Analytical ",4,"Information ",0,1,"LOOK_UP ",9223372036854775810,"7/27/2023, 2:54:10.233 PM",2908,4024,INFO,2,INFO,windns,"NT AUTHORITY",SYSTEM,"S-1-5-18",User,33152,0,"172.18.88.20",,,"0b2a9277-f48f-49f6-b78d-d8bfd6dea87a.ods.opinsights.azure.com.",1,28969,54472,28969,true,false,false,QUERY,true,NOERROR,false,false,true,"[{""dns.query.name"":""0b2a9277-f48f-49f6-b78d-d8bfd6dea87a.ods.opinsights.azure.com"",""dns.query.type"":""A"",""dns.query.class"":""IN""}]",0x7129818000010003000000002430623261393237372D663438662D343966362D623738642D643862666436646561383761036F64730A6F70696E73696768747305617A75726503636F6D0000010001C00C00050001000000F10025106F70696E7369676874737765756F64730E747261666669636D616E61676572036E657400C05B00050001000000F1002D16697076342D7765752D6F692D6F64732D637365732D640A776573746575726F706508636C6F7564617070C040C08C0001000100000009000434ECBADD,"VirtualizationInstance:.","e2da5764-eb39-495e-8ca5-52b2352c263b","7/27/2023, 2:54:12.767 PM","in_windowsdns_auditanalytics_sentinel_windows","im_etw","172.18.88.20","N/A","172.18.88.20",0,0,0,0,Default,"..Cache",NULL,,33,,"NXLog_DNS_Server_CL",
"0b2a9277-f48f-49f6-b78d-d8bfd6dea87a",RestAPI,,,"7/27/2023, 2:24:44.027 PM",,,,,,,,,,,,,,,,,,,,,,,,"Microsoft-Windows-DNSServer","eb79061a-a566-4698-9119-3ed2807060e7",256,0,16,"Microsoft-Windows-DNS-Server/Analytical ",4,"Information ",0,1,"LOOK_UP ",9223372036854775809,"7/27/2023, 2:24:41.393 PM",2908,4028,INFO,2,INFO,windns,"NT AUTHORITY",SYSTEM,"S-1-5-18",User,256,0,"172.18.88.20","172.18.88.20",1,"0b2a9277-f48f-49f6-b78d-d8bfd6dea87a.ods.opinsights.azure.com.",1,55689,63002,55689,true,false,false,QUERY,false,NOERROR,false,false,false,"[{""dns.query.name"":""0b2a9277-f48f-49f6-b78d-d8bfd6dea87a.ods.opinsights.azure.com"",""dns.query.type"":""A"",""dns.query.class"":""IN""}]",0xD989010000010000000000002430623261393237372D663438662D343966362D623738642D643862666436646561383761036F64730A6F70696E73696768747305617A75726503636F6D0000010001,".","fd383259-a7dc-4d3f-8cc0-fe49e31f71d9","7/27/2023, 2:24:43.421 PM","in_windowsdns_auditanalytics_sentinel_windows","im_etw","172.18.88.20","N/A",,,,,,,,,,,,"NXLog_DNS_Server_CL",
"0b2a9277-f48f-49f6-b78d-d8bfd6dea87a",RestAPI,,,"7/27/2023, 2:24:44.027 PM",,,,,,,,,,,,,,,,,,,,,,,,"Microsoft-Windows-DNSServer","eb79061a-a566-4698-9119-3ed2807060e7",279,0,16,"Microsoft-Windows-DNS-Server/Analytical ",4,"Information ",0,1,"LOOK_UP ",9223372071214514176,"7/27/2023, 2:24:41.393 PM",2908,4028,INFO,2,INFO,windns,"NT AUTHORITY",SYSTEM,"S-1-5-18",User,33152,0,"172.18.88.20","172.18.88.20",1,"opinsightsweuods.trafficmanager.net.",1,55689,63002,55689,true,false,false,QUERY,true,NOERROR,false,false,true,"[{""dns.query.name"":""0b2a9277-f48f-49f6-b78d-d8bfd6dea87a.ods.opinsights.azure.com"",""dns.query.type"":""A"",""dns.query.class"":""IN""}]",0xD989818000010001000000002430623261393237372D663438662D343966362D623738642D643862666436646561383761036F64730A6F70696E73696768747305617A75726503636F6D0000010001,,,"7/27/2023, 2:24:43.421 PM","in_windowsdns_auditanalytics_sentinel_windows","im_etw","172.18.88.20","N/A",,,,,,,,,,,"N/A","NXLog_DNS_Server_CL",
"0b2a9277-f48f-49f6-b78d-d8bfd6dea87a",RestAPI,,,"7/27/2023, 2:24:44.027 PM",,,,,,,,,,,,,,,,,,,,,,,,"Microsoft-Windows-DNSServer","eb79061a-a566-4698-9119-3ed2807060e7",279,0,16,"Microsoft-Windows-DNS-Server/Analytical ",4,"Information ",0,1,"LOOK_UP ",9223372071214514176,"7/27/2023, 2:24:41.393 PM",2908,4028,INFO,2,INFO,windns,"NT AUTHORITY",SYSTEM,"S-1-5-18",User,33152,0,"172.18.88.20","172.18.88.20",1,"ipv4-weu-oi-ods-cses-e.westeurope.cloudapp.azure.com.",1,55689,63002,55689,true,false,false,QUERY,true,NOERROR,false,false,true,"[{""dns.query.name"":""0b2a9277-f48f-49f6-b78d-d8bfd6dea87a.ods.opinsights.azure.com"",""dns.query.type"":""A"",""dns.query.class"":""IN""}]",0xD989818000010002000000002430623261393237372D663438662D343966362D623738642D643862666436646561383761036F64730A6F70696E73696768747305617A75726503636F6D0000010001,,,"7/27/2023, 2:24:43.421 PM","in_windowsdns_auditanalytics_sentinel_windows","im_etw","172.18.88.20","N/A",,,,,,,,,,,"N/A","NXLog_DNS_Server_CL",
"0b2a9277-f48f-49f6-b78d-d8bfd6dea87a",RestAPI,,,"7/27/2023, 2:24:44.027 PM",,,,,,,,,,,,,,,,,,55689,,".",Default,,,"Microsoft-Windows-DNSServer","eb79061a-a566-4698-9119-3ed2807060e7",260,0,16,"Microsoft-Windows-DNS-Server/Analytical ",4,"Information ",0,2,"RECURSE_QUERY ",9223372036854775824,"7/27/2023, 2:24:41.394 PM",2908,4028,INFO,2,INFO,windns,"NT AUTHORITY",SYSTEM,"S-1-5-18",User,0,0,"0.0.0.0",,0,"ipv4-weu-oi-ods-cses-e.westeurope.cloudapp.azure.com.",1,51674,0,51674,false,false,false,QUERY,false,NOERROR,false,false,false,"[{""dns.query.name"":""ipv4-weu-oi-ods-cses-e.westeurope.cloudapp.azure.com"",""dns.query.type"":""A"",""dns.query.class"":""IN""}]",0xC9DA0000000100000000000116697076342D7765752D6F692D6F64732D637365732D650A776573746575726F706508636C6F756461707005617A75726503636F6D00000100010000290FA0000000000000,".","fd383259-a7dc-4d3f-8cc0-fe49e31f71d9","7/27/2023, 2:24:43.421 PM","in_windowsdns_auditanalytics_sentinel_windows","im_etw","172.18.88.20","N/A","150.171.10.201",,,,,,,NULL,,,,"NXLog_DNS_Server_CL",
"0b2a9277-f48f-49f6-b78d-d8bfd6dea87a",RestAPI,,,"7/27/2023, 2:24:44.027 PM",,,,,,,,,,,,,,,,,,,1,".",Default,"[{""dns.answer.name"":""ipv4-weu-oi-ods-cses-e.westeurope.cloudapp.azure.com"",""dns.answer.type"":""A"",""dns.answer.class"":""IN"",""dns.answer.ttl"":10,""dns.answer.data"":""13.69.106.94""}]",0,"Microsoft-Windows-DNSServer","eb79061a-a566-4698-9119-3ed2807060e7",261,0,16,"Microsoft-Windows-DNS-Server/Analytical ",4,"Information ",0,2,"RECURSE_QUERY ",9223372036854775840,"7/27/2023, 2:24:41.422 PM",2908,4028,INFO,2,INFO,windns,"NT AUTHORITY",SYSTEM,"S-1-5-18",User,33792,0,"0.0.0.0","150.171.10.201",,"ipv4-weu-oi-ods-cses-e.westeurope.cloudapp.azure.com.",1,51674,0,51674,false,false,true,QUERY,true,NOERROR,false,false,false,"[{""dns.query.name"":""ipv4-weu-oi-ods-cses-e.westeurope.cloudapp.azure.com"",""dns.query.type"":""A"",""dns.query.class"":""IN""}]",0xC9DA8400000100010000000116697076342D7765752D6F692D6F64732D637365732D650A776573746575726F706508636C6F756461707005617A75726503636F6D0000010001C00C000100010000000A00040D456A5E00002904D0000000000000,".","fd383259-a7dc-4d3f-8cc0-fe49e31f71d9","7/27/2023, 2:24:43.421 PM","in_windowsdns_auditanalytics_sentinel_windows","im_etw","172.18.88.20","N/A",,1,0,,,,,,,,,"NXLog_DNS_Server_CL",
"0b2a9277-f48f-49f6-b78d-d8bfd6dea87a",RestAPI,,,"7/27/2023, 2:24:44.027 PM",,,,,,,,,,,,,,,,,,,,,,"[{""dns.answer.name"":""0b2a9277-f48f-49f6-b78d-d8bfd6dea87a.ods.opinsights.azure.com"",""dns.answer.type"":""CNAME"",""dns.answer.class"":""IN"",""dns.answer.ttl"":196,""dns.answer.data"":""opinsightsweuods.trafficmanager.net""},{""dns.answer.name"":""opinsightsweuods.trafficmanager.net"",""dns.answer.type"":""CNAME"",""dns.answer.class"":""IN"",""dns.answer.ttl"":196,""dns.answer.data"":""ipv4-weu-oi-ods-cses-e.westeurope.cloudapp.azure.com""},{""dns.answer.name"":""ipv4-weu-oi-ods-cses-e.westeurope.cloudapp.azure.com"",""dns.answer.type"":""A"",""dns.answer.class"":""IN"",""dns.answer.ttl"":10,""dns.answer.data"":""13.69.106.94""}]",,"Microsoft-Windows-DNSServer","eb79061a-a566-4698-9119-3ed2807060e7",257,0,16,"Microsoft-Windows-DNS-Server/Analytical ",4,"Information ",0,1,"LOOK_UP ",9223372036854775810,"7/27/2023, 2:24:41.422 PM",2908,4028,INFO,2,INFO,windns,"NT AUTHORITY",SYSTEM,"S-1-5-18",User,33152,0,"172.18.88.20",,,"0b2a9277-f48f-49f6-b78d-d8bfd6dea87a.ods.opinsights.azure.com.",1,55689,63002,55689,true,false,false,QUERY,true,NOERROR,false,false,true,"[{""dns.query.name"":""0b2a9277-f48f-49f6-b78d-d8bfd6dea87a.ods.opinsights.azure.com"",""dns.query.type"":""A"",""dns.query.class"":""IN""}]",0xD989818000010003000000002430623261393237372D663438662D343966362D623738642D643862666436646561383761036F64730A6F70696E73696768747305617A75726503636F6D0000010001C00C00050001000000C40025106F70696E7369676874737765756F64730E747261666669636D616E61676572036E657400C05B00050001000000C4002D16697076342D7765752D6F692D6F64732D637365732D650A776573746575726F706508636C6F7564617070C040C08C000100010000000A00040D456A5E,"VirtualizationInstance:.","fd383259-a7dc-4d3f-8cc0-fe49e31f71d9","7/27/2023, 2:24:43.421 PM","in_windowsdns_auditanalytics_sentinel_windows","im_etw","172.18.88.20","N/A","172.18.88.20",0,0,0,0,Default,"..Cache",NULL,,30,,"NXLog_DNS_Server_CL",
"0b2a9277-f48f-49f6-b78d-d8bfd6dea87a",RestAPI,,,"7/27/2023, 2:54:32.715 PM",,,,,,,,,,,,,,,,,,,,,,,,"Microsoft-Windows-DNSServer","eb79061a-a566-4698-9119-3ed2807060e7",256,0,16,"Microsoft-Windows-DNS-Server/Analytical ",4,"Information ",0,1,"LOOK_UP ",9223372036854775809,"7/27/2023, 2:54:30.088 PM",2908,4024,INFO,2,INFO,windns,"NT AUTHORITY",SYSTEM,"S-1-5-18",User,256,0,"172.18.88.20","172.18.88.20",1,"0b2a9277-f48f-49f6-b78d-d8bfd6dea87a.ods.opinsights.azure.com.",1,34083,57919,34083,true,false,false,QUERY,false,NOERROR,false,false,false,"[{""dns.query.name"":""0b2a9277-f48f-49f6-b78d-d8bfd6dea87a.ods.opinsights.azure.com"",""dns.query.type"":""A"",""dns.query.class"":""IN""}]",0x8523010000010000000000002430623261393237372D663438662D343966362D623738642D643862666436646561383761036F64730A6F70696E73696768747305617A75726503636F6D0000010001,".","21c9fb61-e89f-4c38-b363-acd379fb127b","7/27/2023, 2:54:32.126 PM","in_windowsdns_auditanalytics_sentinel_windows","im_etw","172.18.88.20","N/A",,,,,,,,,,,,"NXLog_DNS_Server_CL",
"0b2a9277-f48f-49f6-b78d-d8bfd6dea87a",RestAPI,,,"7/27/2023, 2:54:32.715 PM",,,,,,,,,,,,,,,,,,,,,,,,"Microsoft-Windows-DNSServer","eb79061a-a566-4698-9119-3ed2807060e7",279,0,16,"Microsoft-Windows-DNS-Server/Analytical ",4,"Information ",0,1,"LOOK_UP ",9223372071214514176,"7/27/2023, 2:54:30.088 PM",2908,4024,INFO,2,INFO,windns,"NT AUTHORITY",SYSTEM,"S-1-5-18",User,33152,0,"172.18.88.20","172.18.88.20",1,"opinsightsweuods.trafficmanager.net.",1,34083,57919,34083,true,false,false,QUERY,true,NOERROR,false,false,true,"[{""dns.query.name"":""0b2a9277-f48f-49f6-b78d-d8bfd6dea87a.ods.opinsights.azure.com"",""dns.query.type"":""A"",""dns.query.class"":""IN""}]",0x8523818000010001000000002430623261393237372D663438662D343966362D623738642D643862666436646561383761036F64730A6F70696E73696768747305617A75726503636F6D0000010001,,,"7/27/2023, 2:54:32.126 PM","in_windowsdns_auditanalytics_sentinel_windows","im_etw","172.18.88.20","N/A",,,,,,,,,,,"N/A","NXLog_DNS_Server_CL",
"0b2a9277-f48f-49f6-b78d-d8bfd6dea87a",RestAPI,,,"7/27/2023, 2:54:32.715 PM",,,,,,,,,,,,,,,,,,,,,,,,"Microsoft-Windows-DNSServer","eb79061a-a566-4698-9119-3ed2807060e7",279,0,16,"Microsoft-Windows-DNS-Server/Analytical ",4,"Information ",0,1,"LOOK_UP ",9223372071214514176,"7/27/2023, 2:54:30.088 PM",2908,4024,INFO,2,INFO,windns,"NT AUTHORITY",SYSTEM,"S-1-5-18",User,33152,0,"172.18.88.20","172.18.88.20",1,"ipv4-weu-oi-ods-cses-d.westeurope.cloudapp.azure.com.",1,34083,57919,34083,true,false,false,QUERY,true,NOERROR,false,false,true,"[{""dns.query.name"":""0b2a9277-f48f-49f6-b78d-d8bfd6dea87a.ods.opinsights.azure.com"",""dns.query.type"":""A"",""dns.query.class"":""IN""}]",0x8523818000010002000000002430623261393237372D663438662D343966362D623738642D643862666436646561383761036F64730A6F70696E73696768747305617A75726503636F6D0000010001,,,"7/27/2023, 2:54:32.126 PM","in_windowsdns_auditanalytics_sentinel_windows","im_etw","172.18.88.20","N/A",,,,,,,,,,,"N/A","NXLog_DNS_Server_CL",
"0b2a9277-f48f-49f6-b78d-d8bfd6dea87a",RestAPI,,,"7/27/2023, 2:54:32.715 PM",,,,,,,,,,,,,,,,,,34083,,".",Default,,,"Microsoft-Windows-DNSServer","eb79061a-a566-4698-9119-3ed2807060e7",260,0,16,"Microsoft-Windows-DNS-Server/Analytical ",4,"Information ",0,2,"RECURSE_QUERY ",9223372036854775824,"7/27/2023, 2:54:30.088 PM",2908,4024,INFO,2,INFO,windns,"NT AUTHORITY",SYSTEM,"S-1-5-18",User,0,0,"0.0.0.0",,0,"ipv4-weu-oi-ods-cses-d.westeurope.cloudapp.azure.com.",1,19841,0,19841,false,false,false,QUERY,false,NOERROR,false,false,false,"[{""dns.query.name"":""ipv4-weu-oi-ods-cses-d.westeurope.cloudapp.azure.com"",""dns.query.type"":""A"",""dns.query.class"":""IN""}]",0x4D810000000100000000000116697076342D7765752D6F692D6F64732D637365732D640A776573746575726F706508636C6F756461707005617A75726503636F6D00000100010000290FA0000000000000,".","21c9fb61-e89f-4c38-b363-acd379fb127b","7/27/2023, 2:54:32.126 PM","in_windowsdns_auditanalytics_sentinel_windows","im_etw","172.18.88.20","N/A","150.171.10.201",,,,,,,NULL,,,,"NXLog_DNS_Server_CL",
"0b2a9277-f48f-49f6-b78d-d8bfd6dea87a",RestAPI,,,"7/27/2023, 2:54:32.715 PM",,,,,,,,,,,,,,,,,,,1,".",Default,"[{""dns.answer.name"":""ipv4-weu-oi-ods-cses-d.westeurope.cloudapp.azure.com"",""dns.answer.type"":""A"",""dns.answer.class"":""IN"",""dns.answer.ttl"":10,""dns.answer.data"":""52.236.186.221""}]",0,"Microsoft-Windows-DNSServer","eb79061a-a566-4698-9119-3ed2807060e7",261,0,16,"Microsoft-Windows-DNS-Server/Analytical ",4,"Information ",0,2,"RECURSE_QUERY ",9223372036854775840,"7/27/2023, 2:54:30.114 PM",2908,4024,INFO,2,INFO,windns,"NT AUTHORITY",SYSTEM,"S-1-5-18",User,33792,0,"0.0.0.0","150.171.10.201",,"ipv4-weu-oi-ods-cses-d.westeurope.cloudapp.azure.com.",1,19841,0,19841,false,false,true,QUERY,true,NOERROR,false,false,false,"[{""dns.query.name"":""ipv4-weu-oi-ods-cses-d.westeurope.cloudapp.azure.com"",""dns.query.type"":""A"",""dns.query.class"":""IN""}]",0x4D818400000100010000000116697076342D7765752D6F692D6F64732D637365732D640A776573746575726F706508636C6F756461707005617A75726503636F6D0000010001C00C000100010000000A000434ECBADD00002904D0000000000000,".","21c9fb61-e89f-4c38-b363-acd379fb127b","7/27/2023, 2:54:32.627 PM","in_windowsdns_auditanalytics_sentinel_windows","im_etw","172.18.88.20","N/A",,1,0,,,,,,,,,"NXLog_DNS_Server_CL",
"0b2a9277-f48f-49f6-b78d-d8bfd6dea87a",RestAPI,,,"7/27/2023, 2:54:32.715 PM",,,,,,,,,,,,,,,,,,,,,,"[{""dns.answer.name"":""0b2a9277-f48f-49f6-b78d-d8bfd6dea87a.ods.opinsights.azure.com"",""dns.answer.type"":""CNAME"",""dns.answer.class"":""IN"",""dns.answer.ttl"":221,""dns.answer.data"":""opinsightsweuods.trafficmanager.net""},{""dns.answer.name"":""opinsightsweuods.trafficmanager.net"",""dns.answer.type"":""CNAME"",""dns.answer.class"":""IN"",""dns.answer.ttl"":221,""dns.answer.data"":""ipv4-weu-oi-ods-cses-d.westeurope.cloudapp.azure.com""},{""dns.answer.name"":""ipv4-weu-oi-ods-cses-d.westeurope.cloudapp.azure.com"",""dns.answer.type"":""A"",""dns.answer.class"":""IN"",""dns.answer.ttl"":9,""dns.answer.data"":""52.236.186.221""}]",,"Microsoft-Windows-DNSServer","eb79061a-a566-4698-9119-3ed2807060e7",257,0,16,"Microsoft-Windows-DNS-Server/Analytical ",4,"Information ",0,1,"LOOK_UP ",9223372036854775810,"7/27/2023, 2:54:30.114 PM",2908,4024,INFO,2,INFO,windns,"NT AUTHORITY",SYSTEM,"S-1-5-18",User,33152,0,"172.18.88.20",,,"0b2a9277-f48f-49f6-b78d-d8bfd6dea87a.ods.opinsights.azure.com.",1,34083,57919,34083,true,false,false,QUERY,true,NOERROR,false,false,true,"[{""dns.query.name"":""0b2a9277-f48f-49f6-b78d-d8bfd6dea87a.ods.opinsights.azure.com"",""dns.query.type"":""A"",""dns.query.class"":""IN""}]",0x8523818000010003000000002430623261393237372D663438662D343966362D623738642D643862666436646561383761036F64730A6F70696E73696768747305617A75726503636F6D0000010001C00C00050001000000DD0025106F70696E7369676874737765756F64730E747261666669636D616E61676572036E657400C05B00050001000000DD002D16697076342D7765752D6F692D6F64732D637365732D640A776573746575726F706508636C6F7564617070C040C08C0001000100000009000434ECBADD,"VirtualizationInstance:.","21c9fb61-e89f-4c38-b363-acd379fb127b","7/27/2023, 2:54:32.627 PM","in_windowsdns_auditanalytics_sentinel_windows","im_etw","172.18.88.20","N/A","172.18.88.20",0,0,0,0,Default,"..Cache",NULL,,26,,"NXLog_DNS_Server_CL",
"0b2a9277-f48f-49f6-b78d-d8bfd6dea87a",RestAPI,,,"7/27/2023, 2:24:48.212 PM",,,,,,,,,,,,,,,,,,,,,,,,"Microsoft-Windows-DNSServer","eb79061a-a566-4698-9119-3ed2807060e7",256,0,16,"Microsoft-Windows-DNS-Server/Analytical ",4,"Information ",0,1,"LOOK_UP ",9223372036854775809,"7/27/2023, 2:24:46.529 PM",2908,4028,INFO,2,INFO,windns,"NT AUTHORITY",SYSTEM,"S-1-5-18",User,256,0,"172.18.88.20","172.18.88.20",1,"adl.windows.com.",1,3595,54472,3595,true,false,false,QUERY,false,NOERROR,false,false,false,"[{""dns.query.name"":""adl.windows.com"",""dns.query.type"":""A"",""dns.query.class"":""IN""}]",0x0E0B010000010000000000000361646C0777696E646F777303636F6D0000010001,".","27e53220-7c5f-42b3-8de8-ee229b8ba17c","7/27/2023, 2:24:47.515 PM","in_windowsdns_auditanalytics_sentinel_windows","im_etw","172.18.88.20","N/A",,,,,,,,,,,,"NXLog_DNS_Server_CL",
"0b2a9277-f48f-49f6-b78d-d8bfd6dea87a",RestAPI,,,"7/27/2023, 2:24:48.212 PM",,,,,,,,,,,,,,,,,,3595,,".",Default,,,"Microsoft-Windows-DNSServer","eb79061a-a566-4698-9119-3ed2807060e7",260,0,16,"Microsoft-Windows-DNS-Server/Analytical ",4,"Information ",0,2,"RECURSE_QUERY ",9223372036854775824,"7/27/2023, 2:24:46.530 PM",2908,4028,INFO,2,INFO,windns,"NT AUTHORITY",SYSTEM,"S-1-5-18",User,0,0,"0.0.0.0",,0,"adl.windows.com.",1,30275,0,30275,false,false,false,QUERY,false,NOERROR,false,false,false,"[{""dns.query.name"":""adl.windows.com"",""dns.query.type"":""A"",""dns.query.class"":""IN""}]",0x7643000000010000000000010361646C0777696E646F777303636F6D00000100010000290FA0000000000000,".","27e53220-7c5f-42b3-8de8-ee229b8ba17c","7/27/2023, 2:24:47.515 PM","in_windowsdns_auditanalytics_sentinel_windows","im_etw","172.18.88.20","N/A","13.107.236.205",,,,,,,NULL,,,,"NXLog_DNS_Server_CL",
"0b2a9277-f48f-49f6-b78d-d8bfd6dea87a",RestAPI,,,"7/27/2023, 2:56:20.388 PM",,,,,,,,,,,,,,,,,,,,,,,,"Microsoft-Windows-DNSServer","eb79061a-a566-4698-9119-3ed2807060e7",256,0,16,"Microsoft-Windows-DNS-Server/Analytical ",4,"Information ",0,1,"LOOK_UP ",9223372036854775809,"7/27/2023, 2:56:17.723 PM",2908,4028,INFO,2,INFO,windns,"NT AUTHORITY",SYSTEM,"S-1-5-18",User,256,0,"172.18.88.20","172.18.88.20",1,"0b2a9277-f48f-49f6-b78d-d8bfd6dea87a.ods.opinsights.azure.com.",1,43401,59586,43401,true,false,false,QUERY,false,NOERROR,false,false,false,"[{""dns.query.name"":""0b2a9277-f48f-49f6-b78d-d8bfd6dea87a.ods.opinsights.azure.com"",""dns.query.type"":""A"",""dns.query.class"":""IN""}]",0xA989010000010000000000002430623261393237372D663438662D343966362D623738642D643862666436646561383761036F64730A6F70696E73696768747305617A75726503636F6D0000010001,".","005afd07-5c96-441b-bff4-203f2678f68d","7/27/2023, 2:56:19.720 PM","in_windowsdns_auditanalytics_sentinel_windows","im_etw","172.18.88.20","N/A",,,,,,,,,,,,"NXLog_DNS_Server_CL",
"0b2a9277-f48f-49f6-b78d-d8bfd6dea87a",RestAPI,,,"7/27/2023, 2:56:20.388 PM",,,,,,,,,,,,,,,,,,,,,,,,"Microsoft-Windows-DNSServer","eb79061a-a566-4698-9119-3ed2807060e7",279,0,16,"Microsoft-Windows-DNS-Server/Analytical ",4,"Information ",0,1,"LOOK_UP ",9223372071214514176,"7/27/2023, 2:56:17.723 PM",2908,4028,INFO,2,INFO,windns,"NT AUTHORITY",SYSTEM,"S-1-5-18",User,33152,0,"172.18.88.20","172.18.88.20",1,"opinsightsweuods.trafficmanager.net.",1,43401,59586,43401,true,false,false,QUERY,true,NOERROR,false,false,true,"[{""dns.query.name"":""0b2a9277-f48f-49f6-b78d-d8bfd6dea87a.ods.opinsights.azure.com"",""dns.query.type"":""A"",""dns.query.class"":""IN""}]",0xA989818000010001000000002430623261393237372D663438662D343966362D623738642D643862666436646561383761036F64730A6F70696E73696768747305617A75726503636F6D0000010001,,,"7/27/2023, 2:56:19.720 PM","in_windowsdns_auditanalytics_sentinel_windows","im_etw","172.18.88.20","N/A",,,,,,,,,,,"N/A","NXLog_DNS_Server_CL",
"0b2a9277-f48f-49f6-b78d-d8bfd6dea87a",RestAPI,,,"7/27/2023, 2:56:20.388 PM",,,,,,,,,,,,,,,,,,,,,,,,"Microsoft-Windows-DNSServer","eb79061a-a566-4698-9119-3ed2807060e7",279,0,16,"Microsoft-Windows-DNS-Server/Analytical ",4,"Information ",0,1,"LOOK_UP ",9223372071214514176,"7/27/2023, 2:56:17.723 PM",2908,4028,INFO,2,INFO,windns,"NT AUTHORITY",SYSTEM,"S-1-5-18",User,33152,0,"172.18.88.20","172.18.88.20",1,"ipv4-weu-oi-ods-cses-d.westeurope.cloudapp.azure.com.",1,43401,59586,43401,true,false,false,QUERY,true,NOERROR,false,false,true,"[{""dns.query.name"":""0b2a9277-f48f-49f6-b78d-d8bfd6dea87a.ods.opinsights.azure.com"",""dns.query.type"":""A"",""dns.query.class"":""IN""}]",0xA989818000010002000000002430623261393237372D663438662D343966362D623738642D643862666436646561383761036F64730A6F70696E73696768747305617A75726503636F6D0000010001,,,"7/27/2023, 2:56:19.720 PM","in_windowsdns_auditanalytics_sentinel_windows","im_etw","172.18.88.20","N/A",,,,,,,,,,,"N/A","NXLog_DNS_Server_CL",
"0b2a9277-f48f-49f6-b78d-d8bfd6dea87a",RestAPI,,,"7/27/2023, 2:56:20.388 PM",,,,,,,,,,,,,,,,,,43401,,".",Default,,,"Microsoft-Windows-DNSServer","eb79061a-a566-4698-9119-3ed2807060e7",260,0,16,"Microsoft-Windows-DNS-Server/Analytical ",4,"Information ",0,2,"RECURSE_QUERY ",9223372036854775824,"7/27/2023, 2:56:17.723 PM",2908,4028,INFO,2,INFO,windns,"NT AUTHORITY",SYSTEM,"S-1-5-18",User,0,0,"0.0.0.0",,0,"ipv4-weu-oi-ods-cses-d.westeurope.cloudapp.azure.com.",1,34859,0,34859,false,false,false,QUERY,false,NOERROR,false,false,false,"[{""dns.query.name"":""ipv4-weu-oi-ods-cses-d.westeurope.cloudapp.azure.com"",""dns.query.type"":""A"",""dns.query.class"":""IN""}]",0x882B0000000100000000000116697076342D7765752D6F692D6F64732D637365732D640A776573746575726F706508636C6F756461707005617A75726503636F6D00000100010000290FA0000000000000,".","005afd07-5c96-441b-bff4-203f2678f68d","7/27/2023, 2:56:19.720 PM","in_windowsdns_auditanalytics_sentinel_windows","im_etw","172.18.88.20","N/A","150.171.10.201",,,,,,,NULL,,,,"NXLog_DNS_Server_CL",
"0b2a9277-f48f-49f6-b78d-d8bfd6dea87a",RestAPI,,,"7/27/2023, 2:56:20.388 PM",,,,,,,,,,,,,,,,,,,1,".",Default,"[{""dns.answer.name"":""ipv4-weu-oi-ods-cses-d.westeurope.cloudapp.azure.com"",""dns.answer.type"":""A"",""dns.answer.class"":""IN"",""dns.answer.ttl"":10,""dns.answer.data"":""52.236.186.221""}]",0,"Microsoft-Windows-DNSServer","eb79061a-a566-4698-9119-3ed2807060e7",261,0,16,"Microsoft-Windows-DNS-Server/Analytical ",4,"Information ",0,2,"RECURSE_QUERY ",9223372036854775840,"7/27/2023, 2:56:17.748 PM",2908,4028,INFO,2,INFO,windns,"NT AUTHORITY",SYSTEM,"S-1-5-18",User,33792,0,"0.0.0.0","150.171.10.201",,"ipv4-weu-oi-ods-cses-d.westeurope.cloudapp.azure.com.",1,34859,0,34859,false,false,true,QUERY,true,NOERROR,false,false,false,"[{""dns.query.name"":""ipv4-weu-oi-ods-cses-d.westeurope.cloudapp.azure.com"",""dns.query.type"":""A"",""dns.query.class"":""IN""}]",0x882B8400000100010000000116697076342D7765752D6F692D6F64732D637365732D640A776573746575726F706508636C6F756461707005617A75726503636F6D0000010001C00C000100010000000A000434ECBADD00002904D0000000000000,".","005afd07-5c96-441b-bff4-203f2678f68d","7/27/2023, 2:56:19.720 PM","in_windowsdns_auditanalytics_sentinel_windows","im_etw","172.18.88.20","N/A",,1,0,,,,,,,,,"NXLog_DNS_Server_CL",
"0b2a9277-f48f-49f6-b78d-d8bfd6dea87a",RestAPI,,,"7/27/2023, 2:56:20.388 PM",,,,,,,,,,,,,,,,,,,,,,"[{""dns.answer.name"":""0b2a9277-f48f-49f6-b78d-d8bfd6dea87a.ods.opinsights.azure.com"",""dns.answer.type"":""CNAME"",""dns.answer.class"":""IN"",""dns.answer.ttl"":113,""dns.answer.data"":""opinsightsweuods.trafficmanager.net""},{""dns.answer.name"":""opinsightsweuods.trafficmanager.net"",""dns.answer.type"":""CNAME"",""dns.answer.class"":""IN"",""dns.answer.ttl"":113,""dns.answer.data"":""ipv4-weu-oi-ods-cses-d.westeurope.cloudapp.azure.com""},{""dns.answer.name"":""ipv4-weu-oi-ods-cses-d.westeurope.cloudapp.azure.com"",""dns.answer.type"":""A"",""dns.answer.class"":""IN"",""dns.answer.ttl"":9,""dns.answer.data"":""52.236.186.221""}]",,"Microsoft-Windows-DNSServer","eb79061a-a566-4698-9119-3ed2807060e7",257,0,16,"Microsoft-Windows-DNS-Server/Analytical ",4,"Information ",0,1,"LOOK_UP ",9223372036854775810,"7/27/2023, 2:56:17.749 PM",2908,4028,INFO,2,INFO,windns,"NT AUTHORITY",SYSTEM,"S-1-5-18",User,33152,0,"172.18.88.20",,,"0b2a9277-f48f-49f6-b78d-d8bfd6dea87a.ods.opinsights.azure.com.",1,43401,59586,43401,true,false,false,QUERY,true,NOERROR,false,false,true,"[{""dns.query.name"":""0b2a9277-f48f-49f6-b78d-d8bfd6dea87a.ods.opinsights.azure.com"",""dns.query.type"":""A"",""dns.query.class"":""IN""}]",0xA989818000010003000000002430623261393237372D663438662D343966362D623738642D643862666436646561383761036F64730A6F70696E73696768747305617A75726503636F6D0000010001C00C00050001000000710025106F70696E7369676874737765756F64730E747261666669636D616E61676572036E657400C05B0005000100000071002D16697076342D7765752D6F692D6F64732D637365732D640A776573746575726F706508636C6F7564617070C040C08C0001000100000009000434ECBADD,"VirtualizationInstance:.","005afd07-5c96-441b-bff4-203f2678f68d","7/27/2023, 2:56:19.720 PM","in_windowsdns_auditanalytics_sentinel_windows","im_etw","172.18.88.20","N/A","172.18.88.20",0,0,0,0,Default,"..Cache",NULL,,26,,"NXLog_DNS_Server_CL",
