"46bec743-35fa-4608-b7e2-2aa3c38a97c2",OpsManager,"11/7/2023, 4:23:04.905 AM","Microsoft-Windows-Sysmon","Microsoft-Windows-Sysmon/Operational",WindowsEventLog,22,4,Information,"NT AUTHORITY\SYSTEM",,"<Param>-</Param><Param>2023-11-06 22:53:03.824</Param><Param>{8CAD0A01-6E48-6549-8705-000000000A00}</Param><Param>5760</Param><Param>WindowsEventLog</Param><Param>0</Param><Param>fe80::454:44b:f5ff:fffb;2001:0:34f1:8072:454:44b:f5ff:fffb;fe80::d024:56ce:c156:9dae;::ffff:10.0.0.4;</Param><Param>C:\Windows\System32\wbem\WmiPrvSE.exe</Param><Param>NT AUTHORITY\NETWORK SERVICE</Param>","<DataItem type=""System.XmlData"" time=""2023-11-07T04:23:04.9056147+05:30"" sourceHealthServiceId=""F57C2BCF-DE2B-DA7F-FD91-0649DF501A73""><EventData xmlns=""http://schemas.microsoft.com/win/2004/08/events/event""><Data Name=""RuleName"">-</Data><Data Name=""UtcTime"">2023-11-06 22:53:03.824</Data><Data Name=""ProcessGuid"">{8CAD0A01-6E48-6549-8705-000000000A00}</Data><Data Name=""ProcessId"">5760</Data><Data Name=""QueryName"">WindowsEventLog</Data><Data Name=""QueryStatus"">0</Data><Data Name=""QueryResults"">fe80::454:44b:f5ff:fffb;2001:0:34f1:8072:454:44b:f5ff:fffb;fe80::d024:56ce:c156:9dae;::ffff:10.0.0.4;</Data><Data Name=""Image"">C:\Windows\System32\wbem\WmiPrvSE.exe</Data><Data Name=""User"">NT AUTHORITY\NETWORK SERVICE</Data></EventData></DataItem>",22,"Dns query: RuleName: - UtcTime: 2023-11-06 22:53:03.824 ProcessGuid: {8CAD0A01-6E48-6549-8705-000000000A00} ProcessId: 5760 QueryName: WindowsEventLog QueryStatus: 0 QueryResults: fe80::454:44b:f5ff:fffb;2001:0:34f1:8072:454:44b:f5ff:fffb;fe80::d024:56ce:c156:9dae;::ffff:10.0.0.4; Image: C:\Windows\System32\wbem\WmiPrvSE.exe User: NT AUTHORITY\NETWORK SERVICE ","00000000-0000-0000-0000-000000000001","AOI-46bec743-35fa-4608-b7e2-2aa3c38a97c2",,,Event,"41303fb7-7cf7-11ee-8bc4-0022486ea761","/subscriptions/4383ac89-7cd1-48c1-8061-b0b3c5ccfd97/resourcegroups/varunlab-rg/providers/microsoft.compute/virtualmachines/windowseventlogs","4383ac89-7cd1-48c1-8061-b0b3c5ccfd97"
"46bec743-35fa-4608-b7e2-2aa3c38a97c2",OpsManager,"11/6/2023, 10:10:37.602 PM","Microsoft-Windows-Sysmon","Microsoft-Windows-Sysmon/Operational",WindowsEventLog,22,4,Information,"NT AUTHORITY\SYSTEM",,"<Param>-</Param><Param>2023-11-06 16:40:36.045</Param><Param>{8CAD0A01-0F1D-6549-9A00-000000000900}</Param><Param>2980</Param><Param>eastus-shared.prod.warm.ingest.monitor.core.windows.net</Param><Param>0</Param><Param>type:  5 gig-warm-prod-shared-eastus.trafficmanager.net;::ffff:20.62.132.18;</Param><Param>C:\Packages\Plugins\Microsoft.Azure.Geneva.GenevaMonitoring\2.41.0.3\Monitoring\Agent\MonAgentCore.exe</Param><Param>NT AUTHORITY\SYSTEM</Param>","<DataItem type=""System.XmlData"" time=""2023-11-06T22:10:37.6025768+05:30"" sourceHealthServiceId=""F57C2BCF-DE2B-DA7F-FD91-0649DF501A73""><EventData xmlns=""http://schemas.microsoft.com/win/2004/08/events/event""><Data Name=""RuleName"">-</Data><Data Name=""UtcTime"">2023-11-06 16:40:36.045</Data><Data Name=""ProcessGuid"">{8CAD0A01-0F1D-6549-9A00-000000000900}</Data><Data Name=""ProcessId"">2980</Data><Data Name=""QueryName"">eastus-shared.prod.warm.ingest.monitor.core.windows.net</Data><Data Name=""QueryStatus"">0</Data><Data Name=""QueryResults"">type:  5 gig-warm-prod-shared-eastus.trafficmanager.net;::ffff:20.62.132.18;</Data><Data Name=""Image"">C:\Packages\Plugins\Microsoft.Azure.Geneva.GenevaMonitoring\2.41.0.3\Monitoring\Agent\MonAgentCore.exe</Data><Data Name=""User"">NT AUTHORITY\SYSTEM</Data></EventData></DataItem>",22,"Dns query: RuleName: - UtcTime: 2023-11-06 16:40:36.045 ProcessGuid: {8CAD0A01-0F1D-6549-9A00-000000000900} ProcessId: 2980 QueryName: eastus-shared.prod.warm.ingest.monitor.core.windows.net QueryStatus: 0 QueryResults: type:  5 gig-warm-prod-shared-eastus.trafficmanager.net;::ffff:20.62.132.18; Image: C:\Packages\Plugins\Microsoft.Azure.Geneva.GenevaMonitoring\2.41.0.3\Monitoring\Agent\MonAgentCore.exe User: NT AUTHORITY\SYSTEM ","00000000-0000-0000-0000-000000000001","AOI-46bec743-35fa-4608-b7e2-2aa3c38a97c2",,,Event,"37fb7ecb-7cc3-11ee-8bc4-0022486ec517","/subscriptions/4383ac89-7cd1-48c1-8061-b0b3c5ccfd97/resourcegroups/varunlab-rg/providers/microsoft.compute/virtualmachines/windowseventlogs","4383ac89-7cd1-48c1-8061-b0b3c5ccfd97"
"46bec743-35fa-4608-b7e2-2aa3c38a97c2",OpsManager,"11/7/2023, 5:23:18.028 AM","Microsoft-Windows-Sysmon","Microsoft-Windows-Sysmon/Operational",WindowsEventLog,22,4,Information,"NT AUTHORITY\SYSTEM",,"<Param>-</Param><Param>2023-11-06 23:53:16.918</Param><Param>{8CAD0A01-7C65-6549-2A06-000000000A00}</Param><Param>6032</Param><Param>WindowsEventLog</Param><Param>0</Param><Param>fe80::454:44b:f5ff:fffb;2001:0:34f1:8072:454:44b:f5ff:fffb;fe80::d024:56ce:c156:9dae;::ffff:10.0.0.4;</Param><Param>C:\Windows\System32\wbem\WmiPrvSE.exe</Param><Param>NT AUTHORITY\NETWORK SERVICE</Param>","<DataItem type=""System.XmlData"" time=""2023-11-07T05:23:18.0289651+05:30"" sourceHealthServiceId=""F57C2BCF-DE2B-DA7F-FD91-0649DF501A73""><EventData xmlns=""http://schemas.microsoft.com/win/2004/08/events/event""><Data Name=""RuleName"">-</Data><Data Name=""UtcTime"">2023-11-06 23:53:16.918</Data><Data Name=""ProcessGuid"">{8CAD0A01-7C65-6549-2A06-000000000A00}</Data><Data Name=""ProcessId"">6032</Data><Data Name=""QueryName"">WindowsEventLog</Data><Data Name=""QueryStatus"">0</Data><Data Name=""QueryResults"">fe80::454:44b:f5ff:fffb;2001:0:34f1:8072:454:44b:f5ff:fffb;fe80::d024:56ce:c156:9dae;::ffff:10.0.0.4;</Data><Data Name=""Image"">C:\Windows\System32\wbem\WmiPrvSE.exe</Data><Data Name=""User"">NT AUTHORITY\NETWORK SERVICE</Data></EventData></DataItem>",22,"Dns query: RuleName: - UtcTime: 2023-11-06 23:53:16.918 ProcessGuid: {8CAD0A01-7C65-6549-2A06-000000000A00} ProcessId: 6032 QueryName: WindowsEventLog QueryStatus: 0 QueryResults: fe80::454:44b:f5ff:fffb;2001:0:34f1:8072:454:44b:f5ff:fffb;fe80::d024:56ce:c156:9dae;::ffff:10.0.0.4; Image: C:\Windows\System32\wbem\WmiPrvSE.exe User: NT AUTHORITY\NETWORK SERVICE ","00000000-0000-0000-0000-000000000001","AOI-46bec743-35fa-4608-b7e2-2aa3c38a97c2",,,Event,"a9c59435-7cff-11ee-8bc4-0022486eafa7","/subscriptions/4383ac89-7cd1-48c1-8061-b0b3c5ccfd97/resourcegroups/varunlab-rg/providers/microsoft.compute/virtualmachines/windowseventlogs","4383ac89-7cd1-48c1-8061-b0b3c5ccfd97"
"46bec743-35fa-4608-b7e2-2aa3c38a97c2",OpsManager,"11/6/2023, 10:16:50.090 PM","Microsoft-Windows-Sysmon","Microsoft-Windows-Sysmon/Operational",WindowsEventLog,22,4,Information,"NT AUTHORITY\SYSTEM",,"<Param>-</Param><Param>2023-11-06 16:46:48.045</Param><Param>{8CAD0A01-0F1D-6549-9A00-000000000900}</Param><Param>2980</Param><Param>eastus-shared.prod.warm.ingest.monitor.core.windows.net</Param><Param>0</Param><Param>type:  5 gig-warm-prod-shared-eastus.trafficmanager.net;::ffff:20.62.132.15;</Param><Param>C:\Packages\Plugins\Microsoft.Azure.Geneva.GenevaMonitoring\2.41.0.3\Monitoring\Agent\MonAgentCore.exe</Param><Param>NT AUTHORITY\SYSTEM</Param>","<DataItem type=""System.XmlData"" time=""2023-11-06T22:16:50.0904180+05:30"" sourceHealthServiceId=""F57C2BCF-DE2B-DA7F-FD91-0649DF501A73""><EventData xmlns=""http://schemas.microsoft.com/win/2004/08/events/event""><Data Name=""RuleName"">-</Data><Data Name=""UtcTime"">2023-11-06 16:46:48.045</Data><Data Name=""ProcessGuid"">{8CAD0A01-0F1D-6549-9A00-000000000900}</Data><Data Name=""ProcessId"">2980</Data><Data Name=""QueryName"">eastus-shared.prod.warm.ingest.monitor.core.windows.net</Data><Data Name=""QueryStatus"">0</Data><Data Name=""QueryResults"">type:  5 gig-warm-prod-shared-eastus.trafficmanager.net;::ffff:20.62.132.15;</Data><Data Name=""Image"">C:\Packages\Plugins\Microsoft.Azure.Geneva.GenevaMonitoring\2.41.0.3\Monitoring\Agent\MonAgentCore.exe</Data><Data Name=""User"">NT AUTHORITY\SYSTEM</Data></EventData></DataItem>",22,"Dns query: RuleName: - UtcTime: 2023-11-06 16:46:48.045 ProcessGuid: {8CAD0A01-0F1D-6549-9A00-000000000900} ProcessId: 2980 QueryName: eastus-shared.prod.warm.ingest.monitor.core.windows.net QueryStatus: 0 QueryResults: type:  5 gig-warm-prod-shared-eastus.trafficmanager.net;::ffff:20.62.132.15; Image: C:\Packages\Plugins\Microsoft.Azure.Geneva.GenevaMonitoring\2.41.0.3\Monitoring\Agent\MonAgentCore.exe User: NT AUTHORITY\SYSTEM ","00000000-0000-0000-0000-000000000001","AOI-46bec743-35fa-4608-b7e2-2aa3c38a97c2",,,Event,"16621361-7cc4-11ee-8bc4-0022486ec15e","/subscriptions/4383ac89-7cd1-48c1-8061-b0b3c5ccfd97/resourcegroups/varunlab-rg/providers/microsoft.compute/virtualmachines/windowseventlogs","4383ac89-7cd1-48c1-8061-b0b3c5ccfd97"
"46bec743-35fa-4608-b7e2-2aa3c38a97c2",OpsManager,"11/6/2023, 10:19:04.133 PM","Microsoft-Windows-Sysmon","Microsoft-Windows-Sysmon/Operational",WindowsEventLog,22,4,Information,"NT AUTHORITY\SYSTEM",,"<Param>-</Param><Param>2023-11-06 16:49:02.051</Param><Param>{8CAD0A01-0F1D-6549-9A00-000000000900}</Param><Param>2980</Param><Param>eastus-shared.prod.warm.ingest.monitor.core.windows.net</Param><Param>0</Param><Param>type:  5 gig-warm-prod-shared-eastus.trafficmanager.net;::ffff:20.62.132.1;</Param><Param>C:\Packages\Plugins\Microsoft.Azure.Geneva.GenevaMonitoring\2.41.0.3\Monitoring\Agent\MonAgentCore.exe</Param><Param>NT AUTHORITY\SYSTEM</Param>","<DataItem type=""System.XmlData"" time=""2023-11-06T22:19:04.1336929+05:30"" sourceHealthServiceId=""F57C2BCF-DE2B-DA7F-FD91-0649DF501A73""><EventData xmlns=""http://schemas.microsoft.com/win/2004/08/events/event""><Data Name=""RuleName"">-</Data><Data Name=""UtcTime"">2023-11-06 16:49:02.051</Data><Data Name=""ProcessGuid"">{8CAD0A01-0F1D-6549-9A00-000000000900}</Data><Data Name=""ProcessId"">2980</Data><Data Name=""QueryName"">eastus-shared.prod.warm.ingest.monitor.core.windows.net</Data><Data Name=""QueryStatus"">0</Data><Data Name=""QueryResults"">type:  5 gig-warm-prod-shared-eastus.trafficmanager.net;::ffff:20.62.132.1;</Data><Data Name=""Image"">C:\Packages\Plugins\Microsoft.Azure.Geneva.GenevaMonitoring\2.41.0.3\Monitoring\Agent\MonAgentCore.exe</Data><Data Name=""User"">NT AUTHORITY\SYSTEM</Data></EventData></DataItem>",22,"Dns query: RuleName: - UtcTime: 2023-11-06 16:49:02.051 ProcessGuid: {8CAD0A01-0F1D-6549-9A00-000000000900} ProcessId: 2980 QueryName: eastus-shared.prod.warm.ingest.monitor.core.windows.net QueryStatus: 0 QueryResults: type:  5 gig-warm-prod-shared-eastus.trafficmanager.net;::ffff:20.62.132.1; Image: C:\Packages\Plugins\Microsoft.Azure.Geneva.GenevaMonitoring\2.41.0.3\Monitoring\Agent\MonAgentCore.exe User: NT AUTHORITY\SYSTEM ","00000000-0000-0000-0000-000000000001","AOI-46bec743-35fa-4608-b7e2-2aa3c38a97c2",,,Event,"6533a17c-7cc4-11ee-8bc4-0022486ea518","/subscriptions/4383ac89-7cd1-48c1-8061-b0b3c5ccfd97/resourcegroups/varunlab-rg/providers/microsoft.compute/virtualmachines/windowseventlogs","4383ac89-7cd1-48c1-8061-b0b3c5ccfd97"
"46bec743-35fa-4608-b7e2-2aa3c38a97c2",OpsManager,"11/7/2023, 6:32:55.064 AM","Microsoft-Windows-Sysmon","Microsoft-Windows-Sysmon/Operational",WindowsEventLog,22,4,Information,"NT AUTHORITY\SYSTEM",,"<Param>-</Param><Param>2023-11-07 01:02:52.871</Param><Param>{8CAD0A01-8CBC-6549-ED06-000000000A00}</Param><Param>3468</Param><Param>shavamanifestazurecdnprod1.azureedge.net</Param><Param>0</Param><Param>type:  5 shavamanifestazurecdnprod1.afd.azureedge.net;type:  5 star-azureedge-prod.trafficmanager.net;type:  5 shed.dual-low.part-0012.t-0009.t-msedge.net;type:  5 part-0012.t-0009.t-msedge.net;::ffff:13.107.246.40;::ffff:13.107.213.40;</Param><Param>C:\Packages\Plugins\Microsoft.Azure.Geneva.GenevaMonitoring\2.41.0.3\Monitoring\Agent\Extensions\AzureSecurityPack\ShavaVulnScan.exe</Param><Param>NT AUTHORITY\SYSTEM</Param>","<DataItem type=""System.XmlData"" time=""2023-11-07T06:32:55.0648513+05:30"" sourceHealthServiceId=""F57C2BCF-DE2B-DA7F-FD91-0649DF501A73""><EventData xmlns=""http://schemas.microsoft.com/win/2004/08/events/event""><Data Name=""RuleName"">-</Data><Data Name=""UtcTime"">2023-11-07 01:02:52.871</Data><Data Name=""ProcessGuid"">{8CAD0A01-8CBC-6549-ED06-000000000A00}</Data><Data Name=""ProcessId"">3468</Data><Data Name=""QueryName"">shavamanifestazurecdnprod1.azureedge.net</Data><Data Name=""QueryStatus"">0</Data><Data Name=""QueryResults"">type:  5 shavamanifestazurecdnprod1.afd.azureedge.net;type:  5 star-azureedge-prod.trafficmanager.net;type:  5 shed.dual-low.part-0012.t-0009.t-msedge.net;type:  5 part-0012.t-0009.t-msedge.net;::ffff:13.107.246.40;::ffff:13.107.213.40;</Data><Data Name=""Image"">C:\Packages\Plugins\Microsoft.Azure.Geneva.GenevaMonitoring\2.41.0.3\Monitoring\Agent\Extensions\AzureSecurityPack\ShavaVulnScan.exe</Data><Data Name=""User"">NT AUTHORITY\SYSTEM</Data></EventData></DataItem>",22,"Dns query: RuleName: - UtcTime: 2023-11-07 01:02:52.871 ProcessGuid: {8CAD0A01-8CBC-6549-ED06-000000000A00} ProcessId: 3468 QueryName: shavamanifestazurecdnprod1.azureedge.net QueryStatus: 0 QueryResults: type:  5 shavamanifestazurecdnprod1.afd.azureedge.net;type:  5 star-azureedge-prod.trafficmanager.net;type:  5 shed.dual-low.part-0012.t-0009.t-msedge.net;type:  5 part-0012.t-0009.t-msedge.net;::ffff:13.107.246.40;::ffff:13.107.213.40; Image: C:\Packages\Plugins\Microsoft.Azure.Geneva.GenevaMonitoring\2.41.0.3\Monitoring\Agent\Extensions\AzureSecurityPack\ShavaVulnScan.exe User: NT AUTHORITY\SYSTEM ","00000000-0000-0000-0000-000000000001","AOI-46bec743-35fa-4608-b7e2-2aa3c38a97c2",,,Event,"63ba95ab-7d09-11ee-8bc4-0022486ea800","/subscriptions/4383ac89-7cd1-48c1-8061-b0b3c5ccfd97/resourcegroups/varunlab-rg/providers/microsoft.compute/virtualmachines/windowseventlogs","4383ac89-7cd1-48c1-8061-b0b3c5ccfd97"
"46bec743-35fa-4608-b7e2-2aa3c38a97c2",OpsManager,"11/6/2023, 10:27:20.134 PM","Microsoft-Windows-Sysmon","Microsoft-Windows-Sysmon/Operational",WindowsEventLog,22,4,Information,"NT AUTHORITY\SYSTEM",,"<Param>-</Param><Param>2023-11-06 16:57:19.069</Param><Param>{8CAD0A01-19E2-6549-9D00-000000000A00}</Param><Param>1904</Param><Param>qos.prod.warm.ingest.monitor.core.windows.net</Param><Param>0</Param><Param>type:  5 gig-warm-prod-qos.trafficmanager.net;::ffff:20.62.132.20;</Param><Param>C:\Packages\Plugins\Microsoft.Azure.Geneva.GenevaMonitoring\2.41.0.3\Monitoring\Agent\MonAgentCore.exe</Param><Param>NT AUTHORITY\SYSTEM</Param>","<DataItem type=""System.XmlData"" time=""2023-11-06T22:27:20.1343635+05:30"" sourceHealthServiceId=""F57C2BCF-DE2B-DA7F-FD91-0649DF501A73""><EventData xmlns=""http://schemas.microsoft.com/win/2004/08/events/event""><Data Name=""RuleName"">-</Data><Data Name=""UtcTime"">2023-11-06 16:57:19.069</Data><Data Name=""ProcessGuid"">{8CAD0A01-19E2-6549-9D00-000000000A00}</Data><Data Name=""ProcessId"">1904</Data><Data Name=""QueryName"">qos.prod.warm.ingest.monitor.core.windows.net</Data><Data Name=""QueryStatus"">0</Data><Data Name=""QueryResults"">type:  5 gig-warm-prod-qos.trafficmanager.net;::ffff:20.62.132.20;</Data><Data Name=""Image"">C:\Packages\Plugins\Microsoft.Azure.Geneva.GenevaMonitoring\2.41.0.3\Monitoring\Agent\MonAgentCore.exe</Data><Data Name=""User"">NT AUTHORITY\SYSTEM</Data></EventData></DataItem>",22,"Dns query: RuleName: - UtcTime: 2023-11-06 16:57:19.069 ProcessGuid: {8CAD0A01-19E2-6549-9D00-000000000A00} ProcessId: 1904 QueryName: qos.prod.warm.ingest.monitor.core.windows.net QueryStatus: 0 QueryResults: type:  5 gig-warm-prod-qos.trafficmanager.net;::ffff:20.62.132.20; Image: C:\Packages\Plugins\Microsoft.Azure.Geneva.GenevaMonitoring\2.41.0.3\Monitoring\Agent\MonAgentCore.exe User: NT AUTHORITY\SYSTEM ","00000000-0000-0000-0000-000000000001","AOI-46bec743-35fa-4608-b7e2-2aa3c38a97c2",,,Event,"8e1e2932-7cc5-11ee-8bc4-0022486ec517","/subscriptions/4383ac89-7cd1-48c1-8061-b0b3c5ccfd97/resourcegroups/varunlab-rg/providers/microsoft.compute/virtualmachines/windowseventlogs","4383ac89-7cd1-48c1-8061-b0b3c5ccfd97"
"46bec743-35fa-4608-b7e2-2aa3c38a97c2",OpsManager,"11/6/2023, 10:30:02.053 PM","Microsoft-Windows-Sysmon","Microsoft-Windows-Sysmon/Operational",WindowsEventLog,22,4,Information,"NT AUTHORITY\SYSTEM",,"<Param>-</Param><Param>2023-11-06 17:00:01.051</Param><Param>{8CAD0A01-19E2-6549-9D00-000000000A00}</Param><Param>1904</Param><Param>gsm394610435xt.table.core.windows.net</Param><Param>0</Param><Param>type:  5 table.mnz20prdstr04a.store.core.windows.net;::ffff:20.150.32.6;</Param><Param>C:\Packages\Plugins\Microsoft.Azure.Geneva.GenevaMonitoring\2.41.0.3\Monitoring\Agent\MonAgentCore.exe</Param><Param>NT AUTHORITY\SYSTEM</Param>","<DataItem type=""System.XmlData"" time=""2023-11-06T22:30:02.0535129+05:30"" sourceHealthServiceId=""F57C2BCF-DE2B-DA7F-FD91-0649DF501A73""><EventData xmlns=""http://schemas.microsoft.com/win/2004/08/events/event""><Data Name=""RuleName"">-</Data><Data Name=""UtcTime"">2023-11-06 17:00:01.051</Data><Data Name=""ProcessGuid"">{8CAD0A01-19E2-6549-9D00-000000000A00}</Data><Data Name=""ProcessId"">1904</Data><Data Name=""QueryName"">gsm394610435xt.table.core.windows.net</Data><Data Name=""QueryStatus"">0</Data><Data Name=""QueryResults"">type:  5 table.mnz20prdstr04a.store.core.windows.net;::ffff:20.150.32.6;</Data><Data Name=""Image"">C:\Packages\Plugins\Microsoft.Azure.Geneva.GenevaMonitoring\2.41.0.3\Monitoring\Agent\MonAgentCore.exe</Data><Data Name=""User"">NT AUTHORITY\SYSTEM</Data></EventData></DataItem>",22,"Dns query: RuleName: - UtcTime: 2023-11-06 17:00:01.051 ProcessGuid: {8CAD0A01-19E2-6549-9D00-000000000A00} ProcessId: 1904 QueryName: gsm394610435xt.table.core.windows.net QueryStatus: 0 QueryResults: type:  5 table.mnz20prdstr04a.store.core.windows.net;::ffff:20.150.32.6; Image: C:\Packages\Plugins\Microsoft.Azure.Geneva.GenevaMonitoring\2.41.0.3\Monitoring\Agent\MonAgentCore.exe User: NT AUTHORITY\SYSTEM ","00000000-0000-0000-0000-000000000001","AOI-46bec743-35fa-4608-b7e2-2aa3c38a97c2",,,Event,"eed3c624-7cc5-11ee-8bc4-0022486ea800","/subscriptions/4383ac89-7cd1-48c1-8061-b0b3c5ccfd97/resourcegroups/varunlab-rg/providers/microsoft.compute/virtualmachines/windowseventlogs","4383ac89-7cd1-48c1-8061-b0b3c5ccfd97"
"46bec743-35fa-4608-b7e2-2aa3c38a97c2",OpsManager,"11/6/2023, 10:30:21.078 PM","Microsoft-Windows-Sysmon","Microsoft-Windows-Sysmon/Operational",WindowsEventLog,22,4,Information,"NT AUTHORITY\SYSTEM",,"<Param>-</Param><Param>2023-11-06 17:00:20.075</Param><Param>{8CAD0A01-19E2-6549-9D00-000000000A00}</Param><Param>1904</Param><Param>eastus-shared.prod.warm.ingest.monitor.core.windows.net</Param><Param>0</Param><Param>type:  5 gig-warm-prod-shared-eastus.trafficmanager.net;::ffff:20.62.132.15;</Param><Param>C:\Packages\Plugins\Microsoft.Azure.Geneva.GenevaMonitoring\2.41.0.3\Monitoring\Agent\MonAgentCore.exe</Param><Param>NT AUTHORITY\SYSTEM</Param>","<DataItem type=""System.XmlData"" time=""2023-11-06T22:30:21.0782414+05:30"" sourceHealthServiceId=""F57C2BCF-DE2B-DA7F-FD91-0649DF501A73""><EventData xmlns=""http://schemas.microsoft.com/win/2004/08/events/event""><Data Name=""RuleName"">-</Data><Data Name=""UtcTime"">2023-11-06 17:00:20.075</Data><Data Name=""ProcessGuid"">{8CAD0A01-19E2-6549-9D00-000000000A00}</Data><Data Name=""ProcessId"">1904</Data><Data Name=""QueryName"">eastus-shared.prod.warm.ingest.monitor.core.windows.net</Data><Data Name=""QueryStatus"">0</Data><Data Name=""QueryResults"">type:  5 gig-warm-prod-shared-eastus.trafficmanager.net;::ffff:20.62.132.15;</Data><Data Name=""Image"">C:\Packages\Plugins\Microsoft.Azure.Geneva.GenevaMonitoring\2.41.0.3\Monitoring\Agent\MonAgentCore.exe</Data><Data Name=""User"">NT AUTHORITY\SYSTEM</Data></EventData></DataItem>",22,"Dns query: RuleName: - UtcTime: 2023-11-06 17:00:20.075 ProcessGuid: {8CAD0A01-19E2-6549-9D00-000000000A00} ProcessId: 1904 QueryName: eastus-shared.prod.warm.ingest.monitor.core.windows.net QueryStatus: 0 QueryResults: type:  5 gig-warm-prod-shared-eastus.trafficmanager.net;::ffff:20.62.132.15; Image: C:\Packages\Plugins\Microsoft.Azure.Geneva.GenevaMonitoring\2.41.0.3\Monitoring\Agent\MonAgentCore.exe User: NT AUTHORITY\SYSTEM ","00000000-0000-0000-0000-000000000001","AOI-46bec743-35fa-4608-b7e2-2aa3c38a97c2",,,Event,"fa5133db-7cc5-11ee-8bc4-0022486eafa7","/subscriptions/4383ac89-7cd1-48c1-8061-b0b3c5ccfd97/resourcegroups/varunlab-rg/providers/microsoft.compute/virtualmachines/windowseventlogs","4383ac89-7cd1-48c1-8061-b0b3c5ccfd97"
"46bec743-35fa-4608-b7e2-2aa3c38a97c2",OpsManager,"11/7/2023, 5:23:12.059 AM","Microsoft-Windows-Sysmon","Microsoft-Windows-Sysmon/Operational",WindowsEventLog,22,4,Information,"NT AUTHORITY\SYSTEM",,"<Param>-</Param><Param>2023-11-06 23:53:09.937</Param><Param>{8CAD0A01-7C65-6549-2A06-000000000A00}</Param><Param>6032</Param><Param>WindowsEventLog</Param><Param>0</Param><Param>fe80::454:44b:f5ff:fffb;2001:0:34f1:8072:454:44b:f5ff:fffb;fe80::d024:56ce:c156:9dae;::ffff:10.0.0.4;</Param><Param>C:\Windows\system32\wbem\wmiprvse.exe</Param><Param>NT AUTHORITY\NETWORK SERVICE</Param>","<DataItem type=""System.XmlData"" time=""2023-11-07T05:23:12.0598674+05:30"" sourceHealthServiceId=""F57C2BCF-DE2B-DA7F-FD91-0649DF501A73""><EventData xmlns=""http://schemas.microsoft.com/win/2004/08/events/event""><Data Name=""RuleName"">-</Data><Data Name=""UtcTime"">2023-11-06 23:53:09.937</Data><Data Name=""ProcessGuid"">{8CAD0A01-7C65-6549-2A06-000000000A00}</Data><Data Name=""ProcessId"">6032</Data><Data Name=""QueryName"">WindowsEventLog</Data><Data Name=""QueryStatus"">0</Data><Data Name=""QueryResults"">fe80::454:44b:f5ff:fffb;2001:0:34f1:8072:454:44b:f5ff:fffb;fe80::d024:56ce:c156:9dae;::ffff:10.0.0.4;</Data><Data Name=""Image"">C:\Windows\system32\wbem\wmiprvse.exe</Data><Data Name=""User"">NT AUTHORITY\NETWORK SERVICE</Data></EventData></DataItem>",22,"Dns query: RuleName: - UtcTime: 2023-11-06 23:53:09.937 ProcessGuid: {8CAD0A01-7C65-6549-2A06-000000000A00} ProcessId: 6032 QueryName: WindowsEventLog QueryStatus: 0 QueryResults: fe80::454:44b:f5ff:fffb;2001:0:34f1:8072:454:44b:f5ff:fffb;fe80::d024:56ce:c156:9dae;::ffff:10.0.0.4; Image: C:\Windows\system32\wbem\wmiprvse.exe User: NT AUTHORITY\NETWORK SERVICE ","00000000-0000-0000-0000-000000000001","AOI-46bec743-35fa-4608-b7e2-2aa3c38a97c2",,,Event,"a643df81-7cff-11ee-8bc4-000d3af07dcf","/subscriptions/4383ac89-7cd1-48c1-8061-b0b3c5ccfd97/resourcegroups/varunlab-rg/providers/microsoft.compute/virtualmachines/windowseventlogs","4383ac89-7cd1-48c1-8061-b0b3c5ccfd97"
"46bec743-35fa-4608-b7e2-2aa3c38a97c2",OpsManager,"11/6/2023, 10:32:51.040 PM","Microsoft-Windows-Sysmon","Microsoft-Windows-Sysmon/Operational",WindowsEventLog,22,4,Information,"NT AUTHORITY\SYSTEM",,"<Param>-</Param><Param>2023-11-06 17:02:50.033</Param><Param>{8CAD0A01-19E1-6549-9B00-000000000A00}</Param><Param>4028</Param><Param>gcs.prod.monitoring.core.windows.net</Param><Param>0</Param><Param>type:  5 warmpath-prod-nested.trafficmanager.net;::ffff:20.42.65.224;</Param><Param>C:\Packages\Plugins\Microsoft.Azure.Geneva.GenevaMonitoring\2.41.0.3\Monitoring\Agent\MonAgentManager.exe</Param><Param>NT AUTHORITY\SYSTEM</Param>","<DataItem type=""System.XmlData"" time=""2023-11-06T22:32:51.0407048+05:30"" sourceHealthServiceId=""F57C2BCF-DE2B-DA7F-FD91-0649DF501A73""><EventData xmlns=""http://schemas.microsoft.com/win/2004/08/events/event""><Data Name=""RuleName"">-</Data><Data Name=""UtcTime"">2023-11-06 17:02:50.033</Data><Data Name=""ProcessGuid"">{8CAD0A01-19E1-6549-9B00-000000000A00}</Data><Data Name=""ProcessId"">4028</Data><Data Name=""QueryName"">gcs.prod.monitoring.core.windows.net</Data><Data Name=""QueryStatus"">0</Data><Data Name=""QueryResults"">type:  5 warmpath-prod-nested.trafficmanager.net;::ffff:20.42.65.224;</Data><Data Name=""Image"">C:\Packages\Plugins\Microsoft.Azure.Geneva.GenevaMonitoring\2.41.0.3\Monitoring\Agent\MonAgentManager.exe</Data><Data Name=""User"">NT AUTHORITY\SYSTEM</Data></EventData></DataItem>",22,"Dns query: RuleName: - UtcTime: 2023-11-06 17:02:50.033 ProcessGuid: {8CAD0A01-19E1-6549-9B00-000000000A00} ProcessId: 4028 QueryName: gcs.prod.monitoring.core.windows.net QueryStatus: 0 QueryResults: type:  5 warmpath-prod-nested.trafficmanager.net;::ffff:20.42.65.224; Image: C:\Packages\Plugins\Microsoft.Azure.Geneva.GenevaMonitoring\2.41.0.3\Monitoring\Agent\MonAgentManager.exe User: NT AUTHORITY\SYSTEM ","00000000-0000-0000-0000-000000000001","AOI-46bec743-35fa-4608-b7e2-2aa3c38a97c2",,,Event,"512d737d-7cc6-11ee-8bc4-000d3af06267","/subscriptions/4383ac89-7cd1-48c1-8061-b0b3c5ccfd97/resourcegroups/varunlab-rg/providers/microsoft.compute/virtualmachines/windowseventlogs","4383ac89-7cd1-48c1-8061-b0b3c5ccfd97"
"46bec743-35fa-4608-b7e2-2aa3c38a97c2",OpsManager,"11/6/2023, 10:32:54.653 PM","Microsoft-Windows-Sysmon","Microsoft-Windows-Sysmon/Operational",WindowsEventLog,22,4,Information,"NT AUTHORITY\SYSTEM",,"<Param>-</Param><Param>2023-11-06 17:02:52.636</Param><Param>{8CAD0A01-1C3C-6549-8E01-000000000A00}</Param><Param>5804</Param><Param>shavamanifestazurecdnprod1.azureedge.net</Param><Param>0</Param><Param>type:  5 shavamanifestazurecdnprod1.afd.azureedge.net;type:  5 star-azureedge-prod.trafficmanager.net;type:  5 shed.dual-low.part-0012.t-0009.t-msedge.net;type:  5 part-0012.t-0009.t-msedge.net;::ffff:13.107.213.40;::ffff:13.107.246.40;</Param><Param>C:\Packages\Plugins\Microsoft.Azure.Geneva.GenevaMonitoring\2.41.0.3\Monitoring\Agent\Extensions\AzureSecurityPack\ShavaVulnScan.exe</Param><Param>NT AUTHORITY\SYSTEM</Param>","<DataItem type=""System.XmlData"" time=""2023-11-06T22:32:54.6530189+05:30"" sourceHealthServiceId=""F57C2BCF-DE2B-DA7F-FD91-0649DF501A73""><EventData xmlns=""http://schemas.microsoft.com/win/2004/08/events/event""><Data Name=""RuleName"">-</Data><Data Name=""UtcTime"">2023-11-06 17:02:52.636</Data><Data Name=""ProcessGuid"">{8CAD0A01-1C3C-6549-8E01-000000000A00}</Data><Data Name=""ProcessId"">5804</Data><Data Name=""QueryName"">shavamanifestazurecdnprod1.azureedge.net</Data><Data Name=""QueryStatus"">0</Data><Data Name=""QueryResults"">type:  5 shavamanifestazurecdnprod1.afd.azureedge.net;type:  5 star-azureedge-prod.trafficmanager.net;type:  5 shed.dual-low.part-0012.t-0009.t-msedge.net;type:  5 part-0012.t-0009.t-msedge.net;::ffff:13.107.213.40;::ffff:13.107.246.40;</Data><Data Name=""Image"">C:\Packages\Plugins\Microsoft.Azure.Geneva.GenevaMonitoring\2.41.0.3\Monitoring\Agent\Extensions\AzureSecurityPack\ShavaVulnScan.exe</Data><Data Name=""User"">NT AUTHORITY\SYSTEM</Data></EventData></DataItem>",22,"Dns query: RuleName: - UtcTime: 2023-11-06 17:02:52.636 ProcessGuid: {8CAD0A01-1C3C-6549-8E01-000000000A00} ProcessId: 5804 QueryName: shavamanifestazurecdnprod1.azureedge.net QueryStatus: 0 QueryResults: type:  5 shavamanifestazurecdnprod1.afd.azureedge.net;type:  5 star-azureedge-prod.trafficmanager.net;type:  5 shed.dual-low.part-0012.t-0009.t-msedge.net;type:  5 part-0012.t-0009.t-msedge.net;::ffff:13.107.213.40;::ffff:13.107.246.40; Image: C:\Packages\Plugins\Microsoft.Azure.Geneva.GenevaMonitoring\2.41.0.3\Monitoring\Agent\Extensions\AzureSecurityPack\ShavaVulnScan.exe User: NT AUTHORITY\SYSTEM ","00000000-0000-0000-0000-000000000001","AOI-46bec743-35fa-4608-b7e2-2aa3c38a97c2",,,Event,"53bce8f9-7cc6-11ee-8bc4-6045bd72eeca","/subscriptions/4383ac89-7cd1-48c1-8061-b0b3c5ccfd97/resourcegroups/varunlab-rg/providers/microsoft.compute/virtualmachines/windowseventlogs","4383ac89-7cd1-48c1-8061-b0b3c5ccfd97"
"46bec743-35fa-4608-b7e2-2aa3c38a97c2",OpsManager,"11/7/2023, 7:23:36.985 AM","Microsoft-Windows-Sysmon","Microsoft-Windows-Sysmon/Operational",WindowsEventLog,22,4,Information,"NT AUTHORITY\SYSTEM",,"<Param>-</Param><Param>2023-11-07 01:53:35.849</Param><Param>{8CAD0A01-988D-6549-7D07-000000000A00}</Param><Param>3644</Param><Param>WindowsEventLog</Param><Param>0</Param><Param>fe80::454:44b:f5ff:fffb;2001:0:34f1:8072:454:44b:f5ff:fffb;fe80::d024:56ce:c156:9dae;::ffff:10.0.0.4;</Param><Param>C:\Windows\System32\wbem\WmiPrvSE.exe</Param><Param>NT AUTHORITY\NETWORK SERVICE</Param>","<DataItem type=""System.XmlData"" time=""2023-11-07T07:23:36.9851968+05:30"" sourceHealthServiceId=""F57C2BCF-DE2B-DA7F-FD91-0649DF501A73""><EventData xmlns=""http://schemas.microsoft.com/win/2004/08/events/event""><Data Name=""RuleName"">-</Data><Data Name=""UtcTime"">2023-11-07 01:53:35.849</Data><Data Name=""ProcessGuid"">{8CAD0A01-988D-6549-7D07-000000000A00}</Data><Data Name=""ProcessId"">3644</Data><Data Name=""QueryName"">WindowsEventLog</Data><Data Name=""QueryStatus"">0</Data><Data Name=""QueryResults"">fe80::454:44b:f5ff:fffb;2001:0:34f1:8072:454:44b:f5ff:fffb;fe80::d024:56ce:c156:9dae;::ffff:10.0.0.4;</Data><Data Name=""Image"">C:\Windows\System32\wbem\WmiPrvSE.exe</Data><Data Name=""User"">NT AUTHORITY\NETWORK SERVICE</Data></EventData></DataItem>",22,"Dns query: RuleName: - UtcTime: 2023-11-07 01:53:35.849 ProcessGuid: {8CAD0A01-988D-6549-7D07-000000000A00} ProcessId: 3644 QueryName: WindowsEventLog QueryStatus: 0 QueryResults: fe80::454:44b:f5ff:fffb;2001:0:34f1:8072:454:44b:f5ff:fffb;fe80::d024:56ce:c156:9dae;::ffff:10.0.0.4; Image: C:\Windows\System32\wbem\WmiPrvSE.exe User: NT AUTHORITY\NETWORK SERVICE ","00000000-0000-0000-0000-000000000001","AOI-46bec743-35fa-4608-b7e2-2aa3c38a97c2",,,Event,"7749af96-7d10-11ee-8bc4-6045bd72e49e","/subscriptions/4383ac89-7cd1-48c1-8061-b0b3c5ccfd97/resourcegroups/varunlab-rg/providers/microsoft.compute/virtualmachines/windowseventlogs","4383ac89-7cd1-48c1-8061-b0b3c5ccfd97"
"46bec743-35fa-4608-b7e2-2aa3c38a97c2",OpsManager,"11/7/2023, 9:24:03.065 AM","Microsoft-Windows-Sysmon","Microsoft-Windows-Sysmon/Operational",WindowsEventLog,22,4,Information,"NT AUTHORITY\SYSTEM",,"<Param>-</Param><Param>2023-11-07 03:54:01.827</Param><Param>{8CAD0A01-B4AD-6549-BF08-000000000A00}</Param><Param>5420</Param><Param>WindowsEventLog</Param><Param>0</Param><Param>fe80::454:44b:f5ff:fffb;2001:0:34f1:8072:454:44b:f5ff:fffb;fe80::d024:56ce:c156:9dae;::ffff:10.0.0.4;</Param><Param>C:\Windows\System32\wbem\WmiPrvSE.exe</Param><Param>NT AUTHORITY\NETWORK SERVICE</Param>","<DataItem type=""System.XmlData"" time=""2023-11-07T09:24:03.0656295+05:30"" sourceHealthServiceId=""F57C2BCF-DE2B-DA7F-FD91-0649DF501A73""><EventData xmlns=""http://schemas.microsoft.com/win/2004/08/events/event""><Data Name=""RuleName"">-</Data><Data Name=""UtcTime"">2023-11-07 03:54:01.827</Data><Data Name=""ProcessGuid"">{8CAD0A01-B4AD-6549-BF08-000000000A00}</Data><Data Name=""ProcessId"">5420</Data><Data Name=""QueryName"">WindowsEventLog</Data><Data Name=""QueryStatus"">0</Data><Data Name=""QueryResults"">fe80::454:44b:f5ff:fffb;2001:0:34f1:8072:454:44b:f5ff:fffb;fe80::d024:56ce:c156:9dae;::ffff:10.0.0.4;</Data><Data Name=""Image"">C:\Windows\System32\wbem\WmiPrvSE.exe</Data><Data Name=""User"">NT AUTHORITY\NETWORK SERVICE</Data></EventData></DataItem>",22,"Dns query: RuleName: - UtcTime: 2023-11-07 03:54:01.827 ProcessGuid: {8CAD0A01-B4AD-6549-BF08-000000000A00} ProcessId: 5420 QueryName: WindowsEventLog QueryStatus: 0 QueryResults: fe80::454:44b:f5ff:fffb;2001:0:34f1:8072:454:44b:f5ff:fffb;fe80::d024:56ce:c156:9dae;::ffff:10.0.0.4; Image: C:\Windows\System32\wbem\WmiPrvSE.exe User: NT AUTHORITY\NETWORK SERVICE ","00000000-0000-0000-0000-000000000001","AOI-46bec743-35fa-4608-b7e2-2aa3c38a97c2",,,Event,"4b41f565-7d21-11ee-8bc4-000d3af06161","/subscriptions/4383ac89-7cd1-48c1-8061-b0b3c5ccfd97/resourcegroups/varunlab-rg/providers/microsoft.compute/virtualmachines/windowseventlogs","4383ac89-7cd1-48c1-8061-b0b3c5ccfd97"
"46bec743-35fa-4608-b7e2-2aa3c38a97c2",OpsManager,"11/6/2023, 10:38:21.066 PM","Microsoft-Windows-Sysmon","Microsoft-Windows-Sysmon/Operational",WindowsEventLog,22,4,Information,"NT AUTHORITY\SYSTEM",,"<Param>-</Param><Param>2023-11-06 17:08:19.059</Param><Param>{8CAD0A01-19E2-6549-9D00-000000000A00}</Param><Param>1904</Param><Param>gsm723720xt.blob.core.windows.net</Param><Param>0</Param><Param>type:  5 blob.iad01prdstr06a.store.core.windows.net;::ffff:20.60.220.225;</Param><Param>C:\Packages\Plugins\Microsoft.Azure.Geneva.GenevaMonitoring\2.41.0.3\Monitoring\Agent\MonAgentCore.exe</Param><Param>NT AUTHORITY\SYSTEM</Param>","<DataItem type=""System.XmlData"" time=""2023-11-06T22:38:21.0660240+05:30"" sourceHealthServiceId=""F57C2BCF-DE2B-DA7F-FD91-0649DF501A73""><EventData xmlns=""http://schemas.microsoft.com/win/2004/08/events/event""><Data Name=""RuleName"">-</Data><Data Name=""UtcTime"">2023-11-06 17:08:19.059</Data><Data Name=""ProcessGuid"">{8CAD0A01-19E2-6549-9D00-000000000A00}</Data><Data Name=""ProcessId"">1904</Data><Data Name=""QueryName"">gsm723720xt.blob.core.windows.net</Data><Data Name=""QueryStatus"">0</Data><Data Name=""QueryResults"">type:  5 blob.iad01prdstr06a.store.core.windows.net;::ffff:20.60.220.225;</Data><Data Name=""Image"">C:\Packages\Plugins\Microsoft.Azure.Geneva.GenevaMonitoring\2.41.0.3\Monitoring\Agent\MonAgentCore.exe</Data><Data Name=""User"">NT AUTHORITY\SYSTEM</Data></EventData></DataItem>",22,"Dns query: RuleName: - UtcTime: 2023-11-06 17:08:19.059 ProcessGuid: {8CAD0A01-19E2-6549-9D00-000000000A00} ProcessId: 1904 QueryName: gsm723720xt.blob.core.windows.net QueryStatus: 0 QueryResults: type:  5 blob.iad01prdstr06a.store.core.windows.net;::ffff:20.60.220.225; Image: C:\Packages\Plugins\Microsoft.Azure.Geneva.GenevaMonitoring\2.41.0.3\Monitoring\Agent\MonAgentCore.exe User: NT AUTHORITY\SYSTEM ","00000000-0000-0000-0000-000000000001","AOI-46bec743-35fa-4608-b7e2-2aa3c38a97c2",,,Event,"172541fd-7cc7-11ee-8bc4-0022486ea8bc","/subscriptions/4383ac89-7cd1-48c1-8061-b0b3c5ccfd97/resourcegroups/varunlab-rg/providers/microsoft.compute/virtualmachines/windowseventlogs","4383ac89-7cd1-48c1-8061-b0b3c5ccfd97"
"46bec743-35fa-4608-b7e2-2aa3c38a97c2",OpsManager,"11/7/2023, 8:23:50.009 AM","Microsoft-Windows-Sysmon","Microsoft-Windows-Sysmon/Operational",WindowsEventLog,22,4,Information,"NT AUTHORITY\SYSTEM",,"<Param>-</Param><Param>2023-11-07 02:53:48.819</Param><Param>{8CAD0A01-A69D-6549-1D08-000000000A00}</Param><Param>276</Param><Param>WindowsEventLog</Param><Param>0</Param><Param>fe80::454:44b:f5ff:fffb;2001:0:34f1:8072:454:44b:f5ff:fffb;fe80::d024:56ce:c156:9dae;::ffff:10.0.0.4;</Param><Param>C:\Windows\System32\wbem\WmiPrvSE.exe</Param><Param>NT AUTHORITY\NETWORK SERVICE</Param>","<DataItem type=""System.XmlData"" time=""2023-11-07T08:23:50.0092512+05:30"" sourceHealthServiceId=""F57C2BCF-DE2B-DA7F-FD91-0649DF501A73""><EventData xmlns=""http://schemas.microsoft.com/win/2004/08/events/event""><Data Name=""RuleName"">-</Data><Data Name=""UtcTime"">2023-11-07 02:53:48.819</Data><Data Name=""ProcessGuid"">{8CAD0A01-A69D-6549-1D08-000000000A00}</Data><Data Name=""ProcessId"">276</Data><Data Name=""QueryName"">WindowsEventLog</Data><Data Name=""QueryStatus"">0</Data><Data Name=""QueryResults"">fe80::454:44b:f5ff:fffb;2001:0:34f1:8072:454:44b:f5ff:fffb;fe80::d024:56ce:c156:9dae;::ffff:10.0.0.4;</Data><Data Name=""Image"">C:\Windows\System32\wbem\WmiPrvSE.exe</Data><Data Name=""User"">NT AUTHORITY\NETWORK SERVICE</Data></EventData></DataItem>",22,"Dns query: RuleName: - UtcTime: 2023-11-07 02:53:48.819 ProcessGuid: {8CAD0A01-A69D-6549-1D08-000000000A00} ProcessId: 276 QueryName: WindowsEventLog QueryStatus: 0 QueryResults: fe80::454:44b:f5ff:fffb;2001:0:34f1:8072:454:44b:f5ff:fffb;fe80::d024:56ce:c156:9dae;::ffff:10.0.0.4; Image: C:\Windows\System32\wbem\WmiPrvSE.exe User: NT AUTHORITY\NETWORK SERVICE ","00000000-0000-0000-0000-000000000001","AOI-46bec743-35fa-4608-b7e2-2aa3c38a97c2",,,Event,"e2f3c696-7d18-11ee-8bc4-0022486e958c","/subscriptions/4383ac89-7cd1-48c1-8061-b0b3c5ccfd97/resourcegroups/varunlab-rg/providers/microsoft.compute/virtualmachines/windowseventlogs","4383ac89-7cd1-48c1-8061-b0b3c5ccfd97"
"46bec743-35fa-4608-b7e2-2aa3c38a97c2",OpsManager,"11/6/2023, 10:42:51.801 PM","Microsoft-Windows-Sysmon","Microsoft-Windows-Sysmon/Operational",WindowsEventLog,22,4,Information,"NT AUTHORITY\SYSTEM",,"<Param>-</Param><Param>2023-11-06 17:12:50.102</Param><Param>{8CAD0A01-19E1-6549-9B00-000000000A00}</Param><Param>4028</Param><Param>gcs.prod.monitoring.core.windows.net</Param><Param>0</Param><Param>type:  5 warmpath-prod-nested.trafficmanager.net;::ffff:20.42.65.225;</Param><Param>C:\Packages\Plugins\Microsoft.Azure.Geneva.GenevaMonitoring\2.41.0.3\Monitoring\Agent\MonAgentManager.exe</Param><Param>NT AUTHORITY\SYSTEM</Param>","<DataItem type=""System.XmlData"" time=""2023-11-06T22:42:51.8015586+05:30"" sourceHealthServiceId=""F57C2BCF-DE2B-DA7F-FD91-0649DF501A73""><EventData xmlns=""http://schemas.microsoft.com/win/2004/08/events/event""><Data Name=""RuleName"">-</Data><Data Name=""UtcTime"">2023-11-06 17:12:50.102</Data><Data Name=""ProcessGuid"">{8CAD0A01-19E1-6549-9B00-000000000A00}</Data><Data Name=""ProcessId"">4028</Data><Data Name=""QueryName"">gcs.prod.monitoring.core.windows.net</Data><Data Name=""QueryStatus"">0</Data><Data Name=""QueryResults"">type:  5 warmpath-prod-nested.trafficmanager.net;::ffff:20.42.65.225;</Data><Data Name=""Image"">C:\Packages\Plugins\Microsoft.Azure.Geneva.GenevaMonitoring\2.41.0.3\Monitoring\Agent\MonAgentManager.exe</Data><Data Name=""User"">NT AUTHORITY\SYSTEM</Data></EventData></DataItem>",22,"Dns query: RuleName: - UtcTime: 2023-11-06 17:12:50.102 ProcessGuid: {8CAD0A01-19E1-6549-9B00-000000000A00} ProcessId: 4028 QueryName: gcs.prod.monitoring.core.windows.net QueryStatus: 0 QueryResults: type:  5 warmpath-prod-nested.trafficmanager.net;::ffff:20.42.65.225; Image: C:\Packages\Plugins\Microsoft.Azure.Geneva.GenevaMonitoring\2.41.0.3\Monitoring\Agent\MonAgentManager.exe User: NT AUTHORITY\SYSTEM ","00000000-0000-0000-0000-000000000001","AOI-46bec743-35fa-4608-b7e2-2aa3c38a97c2",,,Event,"b87e902f-7cc7-11ee-8bc4-6045bd72ea3e","/subscriptions/4383ac89-7cd1-48c1-8061-b0b3c5ccfd97/resourcegroups/varunlab-rg/providers/microsoft.compute/virtualmachines/windowseventlogs","4383ac89-7cd1-48c1-8061-b0b3c5ccfd97"
"46bec743-35fa-4608-b7e2-2aa3c38a97c2",OpsManager,"11/6/2023, 10:42:54.189 PM","Microsoft-Windows-Sysmon","Microsoft-Windows-Sysmon/Operational",WindowsEventLog,22,4,Information,"NT AUTHORITY\SYSTEM",,"<Param>-</Param><Param>2023-11-06 17:12:52.143</Param><Param>{8CAD0A01-19E2-6549-9D00-000000000A00}</Param><Param>1904</Param><Param>gcs.prod.monitoring.core.windows.net</Param><Param>0</Param><Param>type:  5 warmpath-prod-nested.trafficmanager.net;::ffff:20.42.65.225;</Param><Param>C:\Packages\Plugins\Microsoft.Azure.Geneva.GenevaMonitoring\2.41.0.3\Monitoring\Agent\MonAgentCore.exe</Param><Param>NT AUTHORITY\SYSTEM</Param>","<DataItem type=""System.XmlData"" time=""2023-11-06T22:42:54.1898098+05:30"" sourceHealthServiceId=""F57C2BCF-DE2B-DA7F-FD91-0649DF501A73""><EventData xmlns=""http://schemas.microsoft.com/win/2004/08/events/event""><Data Name=""RuleName"">-</Data><Data Name=""UtcTime"">2023-11-06 17:12:52.143</Data><Data Name=""ProcessGuid"">{8CAD0A01-19E2-6549-9D00-000000000A00}</Data><Data Name=""ProcessId"">1904</Data><Data Name=""QueryName"">gcs.prod.monitoring.core.windows.net</Data><Data Name=""QueryStatus"">0</Data><Data Name=""QueryResults"">type:  5 warmpath-prod-nested.trafficmanager.net;::ffff:20.42.65.225;</Data><Data Name=""Image"">C:\Packages\Plugins\Microsoft.Azure.Geneva.GenevaMonitoring\2.41.0.3\Monitoring\Agent\MonAgentCore.exe</Data><Data Name=""User"">NT AUTHORITY\SYSTEM</Data></EventData></DataItem>",22,"Dns query: RuleName: - UtcTime: 2023-11-06 17:12:52.143 ProcessGuid: {8CAD0A01-19E2-6549-9D00-000000000A00} ProcessId: 1904 QueryName: gcs.prod.monitoring.core.windows.net QueryStatus: 0 QueryResults: type:  5 warmpath-prod-nested.trafficmanager.net;::ffff:20.42.65.225; Image: C:\Packages\Plugins\Microsoft.Azure.Geneva.GenevaMonitoring\2.41.0.3\Monitoring\Agent\MonAgentCore.exe User: NT AUTHORITY\SYSTEM ","00000000-0000-0000-0000-000000000001","AOI-46bec743-35fa-4608-b7e2-2aa3c38a97c2",,,Event,"baf0625e-7cc7-11ee-8bc4-0022486ea981","/subscriptions/4383ac89-7cd1-48c1-8061-b0b3c5ccfd97/resourcegroups/varunlab-rg/providers/microsoft.compute/virtualmachines/windowseventlogs","4383ac89-7cd1-48c1-8061-b0b3c5ccfd97"
"46bec743-35fa-4608-b7e2-2aa3c38a97c2",OpsManager,"11/6/2023, 10:42:55.213 PM","Microsoft-Windows-Sysmon","Microsoft-Windows-Sysmon/Operational",WindowsEventLog,22,4,Information,"NT AUTHORITY\SYSTEM",,"<Param>-</Param><Param>2023-11-06 17:12:53.860</Param><Param>{8CAD0A01-1987-6549-0B00-000000000A00}</Param><Param>628</Param><Param>_ldap._tcp.dc._msdcs.WORKGROUP</Param><Param>9003</Param><Param>-</Param><Param>C:\Windows\System32\lsass.exe</Param><Param>NT AUTHORITY\SYSTEM</Param>","<DataItem type=""System.XmlData"" time=""2023-11-06T22:42:55.2139963+05:30"" sourceHealthServiceId=""F57C2BCF-DE2B-DA7F-FD91-0649DF501A73""><EventData xmlns=""http://schemas.microsoft.com/win/2004/08/events/event""><Data Name=""RuleName"">-</Data><Data Name=""UtcTime"">2023-11-06 17:12:53.860</Data><Data Name=""ProcessGuid"">{8CAD0A01-1987-6549-0B00-000000000A00}</Data><Data Name=""ProcessId"">628</Data><Data Name=""QueryName"">_ldap._tcp.dc._msdcs.WORKGROUP</Data><Data Name=""QueryStatus"">9003</Data><Data Name=""QueryResults"">-</Data><Data Name=""Image"">C:\Windows\System32\lsass.exe</Data><Data Name=""User"">NT AUTHORITY\SYSTEM</Data></EventData></DataItem>",22,"Dns query: RuleName: - UtcTime: 2023-11-06 17:12:53.860 ProcessGuid: {8CAD0A01-1987-6549-0B00-000000000A00} ProcessId: 628 QueryName: _ldap._tcp.dc._msdcs.WORKGROUP QueryStatus: 9003 QueryResults: - Image: C:\Windows\System32\lsass.exe User: NT AUTHORITY\SYSTEM ","00000000-0000-0000-0000-000000000001","AOI-46bec743-35fa-4608-b7e2-2aa3c38a97c2",,,Event,"bad476b2-7cc7-11ee-8bc4-000d3af07dcf","/subscriptions/4383ac89-7cd1-48c1-8061-b0b3c5ccfd97/resourcegroups/varunlab-rg/providers/microsoft.compute/virtualmachines/windowseventlogs","4383ac89-7cd1-48c1-8061-b0b3c5ccfd97"
"46bec743-35fa-4608-b7e2-2aa3c38a97c2",OpsManager,"11/7/2023, 11:24:28.892 AM","Microsoft-Windows-Sysmon","Microsoft-Windows-Sysmon/Operational",WindowsEventLog,22,4,Information,"NT AUTHORITY\SYSTEM",,"<Param>-</Param><Param>2023-11-07 05:54:27.688</Param><Param>{8CAD0A01-D003-6549-FA09-000000000A00}</Param><Param>4712</Param><Param>WindowsEventLog</Param><Param>0</Param><Param>fe80::454:44b:f5ff:fffb;2001:0:34f1:8072:454:44b:f5ff:fffb;fe80::d024:56ce:c156:9dae;::ffff:10.0.0.4;</Param><Param>C:\Windows\System32\wbem\WmiPrvSE.exe</Param><Param>NT AUTHORITY\NETWORK SERVICE</Param>","<DataItem type=""System.XmlData"" time=""2023-11-07T11:24:28.8922046+05:30"" sourceHealthServiceId=""F57C2BCF-DE2B-DA7F-FD91-0649DF501A73""><EventData xmlns=""http://schemas.microsoft.com/win/2004/08/events/event""><Data Name=""RuleName"">-</Data><Data Name=""UtcTime"">2023-11-07 05:54:27.688</Data><Data Name=""ProcessGuid"">{8CAD0A01-D003-6549-FA09-000000000A00}</Data><Data Name=""ProcessId"">4712</Data><Data Name=""QueryName"">WindowsEventLog</Data><Data Name=""QueryStatus"">0</Data><Data Name=""QueryResults"">fe80::454:44b:f5ff:fffb;2001:0:34f1:8072:454:44b:f5ff:fffb;fe80::d024:56ce:c156:9dae;::ffff:10.0.0.4;</Data><Data Name=""Image"">C:\Windows\System32\wbem\WmiPrvSE.exe</Data><Data Name=""User"">NT AUTHORITY\NETWORK SERVICE</Data></EventData></DataItem>",22,"Dns query: RuleName: - UtcTime: 2023-11-07 05:54:27.688 ProcessGuid: {8CAD0A01-D003-6549-FA09-000000000A00} ProcessId: 4712 QueryName: WindowsEventLog QueryStatus: 0 QueryResults: fe80::454:44b:f5ff:fffb;2001:0:34f1:8072:454:44b:f5ff:fffb;fe80::d024:56ce:c156:9dae;::ffff:10.0.0.4; Image: C:\Windows\System32\wbem\WmiPrvSE.exe User: NT AUTHORITY\NETWORK SERVICE ","00000000-0000-0000-0000-000000000001","AOI-46bec743-35fa-4608-b7e2-2aa3c38a97c2",,,Event,"1ea91ab8-7d32-11ee-8bc4-6045bd72eeca","/subscriptions/4383ac89-7cd1-48c1-8061-b0b3c5ccfd97/resourcegroups/varunlab-rg/providers/microsoft.compute/virtualmachines/windowseventlogs","4383ac89-7cd1-48c1-8061-b0b3c5ccfd97"
"46bec743-35fa-4608-b7e2-2aa3c38a97c2",OpsManager,"11/6/2023, 10:45:39.073 PM","Microsoft-Windows-Sysmon","Microsoft-Windows-Sysmon/Operational",WindowsEventLog,22,4,Information,"NT AUTHORITY\SYSTEM",,"<Param>-</Param><Param>2023-11-06 17:15:37.063</Param><Param>{8CAD0A01-19E2-6549-9D00-000000000A00}</Param><Param>1904</Param><Param>eastus-shared.prod.warm.ingest.monitor.core.windows.net</Param><Param>0</Param><Param>type:  5 gig-warm-prod-shared-eastus.trafficmanager.net;::ffff:20.62.132.5;</Param><Param>C:\Packages\Plugins\Microsoft.Azure.Geneva.GenevaMonitoring\2.41.0.3\Monitoring\Agent\MonAgentCore.exe</Param><Param>NT AUTHORITY\SYSTEM</Param>","<DataItem type=""System.XmlData"" time=""2023-11-06T22:45:39.0733064+05:30"" sourceHealthServiceId=""F57C2BCF-DE2B-DA7F-FD91-0649DF501A73""><EventData xmlns=""http://schemas.microsoft.com/win/2004/08/events/event""><Data Name=""RuleName"">-</Data><Data Name=""UtcTime"">2023-11-06 17:15:37.063</Data><Data Name=""ProcessGuid"">{8CAD0A01-19E2-6549-9D00-000000000A00}</Data><Data Name=""ProcessId"">1904</Data><Data Name=""QueryName"">eastus-shared.prod.warm.ingest.monitor.core.windows.net</Data><Data Name=""QueryStatus"">0</Data><Data Name=""QueryResults"">type:  5 gig-warm-prod-shared-eastus.trafficmanager.net;::ffff:20.62.132.5;</Data><Data Name=""Image"">C:\Packages\Plugins\Microsoft.Azure.Geneva.GenevaMonitoring\2.41.0.3\Monitoring\Agent\MonAgentCore.exe</Data><Data Name=""User"">NT AUTHORITY\SYSTEM</Data></EventData></DataItem>",22,"Dns query: RuleName: - UtcTime: 2023-11-06 17:15:37.063 ProcessGuid: {8CAD0A01-19E2-6549-9D00-000000000A00} ProcessId: 1904 QueryName: eastus-shared.prod.warm.ingest.monitor.core.windows.net QueryStatus: 0 QueryResults: type:  5 gig-warm-prod-shared-eastus.trafficmanager.net;::ffff:20.62.132.5; Image: C:\Packages\Plugins\Microsoft.Azure.Geneva.GenevaMonitoring\2.41.0.3\Monitoring\Agent\MonAgentCore.exe User: NT AUTHORITY\SYSTEM ","00000000-0000-0000-0000-000000000001","AOI-46bec743-35fa-4608-b7e2-2aa3c38a97c2",,,Event,"1c70d651-7cc8-11ee-8bc2-0022486eaa8d","/subscriptions/4383ac89-7cd1-48c1-8061-b0b3c5ccfd97/resourcegroups/varunlab-rg/providers/microsoft.compute/virtualmachines/windowseventlogs","4383ac89-7cd1-48c1-8061-b0b3c5ccfd97"
"46bec743-35fa-4608-b7e2-2aa3c38a97c2",OpsManager,"11/6/2023, 10:47:40.331 PM","Microsoft-Windows-Sysmon","Microsoft-Windows-Sysmon/Operational",WindowsEventLog,22,4,Information,"NT AUTHORITY\SYSTEM",,"<Param>-</Param><Param>2023-11-06 17:17:39.062</Param><Param>{8CAD0A01-19E2-6549-9D00-000000000A00}</Param><Param>1904</Param><Param>eastus-shared.prod.warm.ingest.monitor.core.windows.net</Param><Param>0</Param><Param>type:  5 gig-warm-prod-shared-eastus.trafficmanager.net;::ffff:20.62.132.7;</Param><Param>C:\Packages\Plugins\Microsoft.Azure.Geneva.GenevaMonitoring\2.41.0.3\Monitoring\Agent\MonAgentCore.exe</Param><Param>NT AUTHORITY\SYSTEM</Param>","<DataItem type=""System.XmlData"" time=""2023-11-06T22:47:40.3316104+05:30"" sourceHealthServiceId=""F57C2BCF-DE2B-DA7F-FD91-0649DF501A73""><EventData xmlns=""http://schemas.microsoft.com/win/2004/08/events/event""><Data Name=""RuleName"">-</Data><Data Name=""UtcTime"">2023-11-06 17:17:39.062</Data><Data Name=""ProcessGuid"">{8CAD0A01-19E2-6549-9D00-000000000A00}</Data><Data Name=""ProcessId"">1904</Data><Data Name=""QueryName"">eastus-shared.prod.warm.ingest.monitor.core.windows.net</Data><Data Name=""QueryStatus"">0</Data><Data Name=""QueryResults"">type:  5 gig-warm-prod-shared-eastus.trafficmanager.net;::ffff:20.62.132.7;</Data><Data Name=""Image"">C:\Packages\Plugins\Microsoft.Azure.Geneva.GenevaMonitoring\2.41.0.3\Monitoring\Agent\MonAgentCore.exe</Data><Data Name=""User"">NT AUTHORITY\SYSTEM</Data></EventData></DataItem>",22,"Dns query: RuleName: - UtcTime: 2023-11-06 17:17:39.062 ProcessGuid: {8CAD0A01-19E2-6549-9D00-000000000A00} ProcessId: 1904 QueryName: eastus-shared.prod.warm.ingest.monitor.core.windows.net QueryStatus: 0 QueryResults: type:  5 gig-warm-prod-shared-eastus.trafficmanager.net;::ffff:20.62.132.7; Image: C:\Packages\Plugins\Microsoft.Azure.Geneva.GenevaMonitoring\2.41.0.3\Monitoring\Agent\MonAgentCore.exe User: NT AUTHORITY\SYSTEM ","00000000-0000-0000-0000-000000000001","AOI-46bec743-35fa-4608-b7e2-2aa3c38a97c2",,,Event,"6421aee1-7cc8-11ee-8bc4-6045bd72e15f","/subscriptions/4383ac89-7cd1-48c1-8061-b0b3c5ccfd97/resourcegroups/varunlab-rg/providers/microsoft.compute/virtualmachines/windowseventlogs","4383ac89-7cd1-48c1-8061-b0b3c5ccfd97"
