"00000000-0000-0000-0000-000000000000",OpsManager,"4/23/2023, 7:04:12.814 PM","Microsoft-Windows-Security-Auditing",Security,"DC1.kustoworks.com",12804,0,LogAlways,,4702,"AOI-00000000-0000-0000-0000-000000000000","N/A",1,0,0x8020000000000000,"{886d5445-875f-4593-a525-18d09cee4f01}",716,5152,6797960,"{""SubjectUserSid"":""S-1-5-18"",""SubjectUserName"":""DC1$"",""SubjectDomainName"":""KUSTOWORKS"",""SubjectLogonId"":""0x3e7"",""TaskName"":""\\Microsoft\\Windows\\Application Experience\\PcaPatchDbTask"",""TaskContentNew"":""<?xml version=\""1.0\"" encoding=\""UTF-16\""?> <Task version=\""1.6\"" xmlns=\""http://schemas.microsoft.com/windows/2004/02/mit/task\"">   <RegistrationInfo>     <Source>Microsoft Corporation</Source>     <Author>Microsoft Corporation</Author>     <Version>1.0</Version>     <Description>Updates compatibility database</Description>     <URI>\\Microsoft\\Windows\\Application Experience\\PcaPatchDbTask</URI>     <SecurityDescriptor>D:(A;;GA;;;BA)(A;;GA;;;SY)(A;;FRFX;;;LS)</SecurityDescriptor>   </RegistrationInfo>   <Triggers>     <TimeTrigger>       <Repetition>         <Interval>PT12H</Interval>         <StopAtDurationEnd>false</StopAtDurationEnd>       </Repetition>       <StartBoundary>2008-09-01T03:00:00</StartBoundary>       <Enabled>true</Enabled>       <RandomDelay>PT2H</RandomDelay>     </TimeTrigger>   </Triggers>   <Principals>     <Principal id=\""LocalSystem\"">       <UserId>S-1-5-18</UserId>       <RunLevel>LeastPrivilege</RunLevel>       <LogonType>InteractiveToken</LogonType>     </Principal>   </Principals>   <Settings>     <MultipleInstancesPolicy>IgnoreNew</MultipleInstancesPolicy>     <DisallowStartIfOnBatteries>false</DisallowStartIfOnBatteries>     <StopIfGoingOnBatteries>false</StopIfGoingOnBatteries>     <AllowHardTerminate>true</AllowHardTerminate>     <StartWhenAvailable>true</StartWhenAvailable>     <RunOnlyIfNetworkAvailable>true</RunOnlyIfNetworkAvailable>     <IdleSettings>       <StopOnIdleEnd>false</StopOnIdleEnd>       <RestartOnIdle>false</RestartOnIdle>     </IdleSettings>     <AllowStartOnDemand>true</AllowStartOnDemand>     <Enabled>true</Enabled>     <Hidden>false</Hidden>     <RunOnlyIfIdle>false</RunOnlyIfIdle>     <DisallowStartOnRemoteAppSession>false</DisallowStartOnRemoteAppSession>     <UseUnifiedSchedulingEngine>true</UseUnifiedSchedulingEngine>     <WakeToRun>false</WakeToRun>     <ExecutionTimeLimit>P1D</ExecutionTimeLimit>     <Priority>7</Priority>   </Settings>   <Actions Context=\""LocalSystem\"">     <Exec>       <Command>%windir%\\system32\\rundll32.exe</Command>       <Arguments>%windir%\\system32\\PcaSvc.dll,PcaPatchSdbTask</Arguments>     </Exec>   </Actions> </Task>"",""ClientProcessStartKey"":""14918173765664788"",""ClientProcessId"":""1028"",""ParentProcessId"":""708"",""RpcCallClientLocality"":""0"",""FQDN"":""DC1.kustoworks.com""}",,"b6e34ebb-bc90-4c30-9e7b-8a9feae2eec1",,WindowsEvent,"/subscriptions/00000000-0000-0000-0000-000000000000/resourcegroups/rg-sentinel/providers/microsoft.hybridcompute/machines/wef1"
"00000000-0000-0000-0000-000000000000",OpsManager,"4/23/2023, 7:04:15.486 PM","Microsoft-Windows-Security-Auditing",Security,"DC1.kustoworks.com",12804,0,LogAlways,,4702,"AOI-00000000-0000-0000-0000-000000000000","N/A",1,0,0x8020000000000000,"{30cf308e-81f1-41ec-b213-3fcd70725b67}",716,3100,6797962,"{""SubjectUserSid"":""S-1-5-18"",""SubjectUserName"":""DC1$"",""SubjectDomainName"":""KUSTOWORKS"",""SubjectLogonId"":""0x3e7"",""TaskName"":""\\Microsoft\\Windows\\UpdateOrchestrator\\Schedule Scan"",""TaskContentNew"":""<?xml version=\""1.0\"" encoding=\""UTF-16\""?> <Task version=\""1.2\"" xmlns=\""http://schemas.microsoft.com/windows/2004/02/mit/task\"">   <RegistrationInfo>     <URI>\\Microsoft\\Windows\\UpdateOrchestrator\\Schedule Scan</URI>   </RegistrationInfo>   <Triggers>     <TimeTrigger>       <Repetition>         <Interval>PT1320M</Interval>         <StopAtDurationEnd>false</StopAtDurationEnd>       </Repetition>       <StartBoundary>2019-01-01T12:00:00</StartBoundary>       <Enabled>true</Enabled>       <RandomDelay>PT120M</RandomDelay>     </TimeTrigger>   </Triggers>   <Principals>     <Principal id=\""Author\"">       <RunLevel>LeastPrivilege</RunLevel>       <UserId>S-1-5-18</UserId>     </Principal>   </Principals>   <Settings>     <MultipleInstancesPolicy>IgnoreNew</MultipleInstancesPolicy>     <DisallowStartIfOnBatteries>true</DisallowStartIfOnBatteries>     <StopIfGoingOnBatteries>true</StopIfGoingOnBatteries>     <AllowHardTerminate>true</AllowHardTerminate>     <StartWhenAvailable>true</StartWhenAvailable>     <RunOnlyIfNetworkAvailable>false</RunOnlyIfNetworkAvailable>     <IdleSettings>       <Duration>PT10M</Duration>       <WaitTimeout>PT1H</WaitTimeout>       <StopOnIdleEnd>true</StopOnIdleEnd>       <RestartOnIdle>false</RestartOnIdle>     </IdleSettings>     <AllowStartOnDemand>true</AllowStartOnDemand>     <Enabled>true</Enabled>     <Hidden>false</Hidden>     <RunOnlyIfIdle>false</RunOnlyIfIdle>     <WakeToRun>false</WakeToRun>     <ExecutionTimeLimit>PT72H</ExecutionTimeLimit>     <Priority>7</Priority>   </Settings>   <Actions Context=\""Author\"">     <Exec>       <Command>%systemroot%\\system32\\usoclient.exe</Command>       <Arguments>StartScan</Arguments>     </Exec>   </Actions> </Task>"",""ClientProcessStartKey"":""14918173765664793"",""ClientProcessId"":""1296"",""ParentProcessId"":""708"",""RpcCallClientLocality"":""0"",""FQDN"":""DC1.kustoworks.com""}",,"b6e34ebb-bc90-4c30-9e7b-8a9feae2eec1",,WindowsEvent,"/subscriptions/00000000-0000-0000-0000-000000000000/resourcegroups/rg-sentinel/providers/microsoft.hybridcompute/machines/wef1"
"00000000-0000-0000-0000-000000000000",OpsManager,"4/23/2023, 7:04:15.566 PM","Microsoft-Windows-Security-Auditing",Security,"DC1.kustoworks.com",12804,0,LogAlways,,4702,"AOI-00000000-0000-0000-0000-000000000000","N/A",1,0,0x8020000000000000,"{ce67b069-eb62-4bff-bed3-347a739ef210}",716,3100,6797970,"{""SubjectUserSid"":""S-1-5-18"",""SubjectUserName"":""DC1$"",""SubjectDomainName"":""KUSTOWORKS"",""SubjectLogonId"":""0x3e7"",""TaskName"":""\\Microsoft\\Windows\\UpdateOrchestrator\\Schedule Scan"",""TaskContentNew"":""<?xml version=\""1.0\"" encoding=\""UTF-16\""?> <Task version=\""1.2\"" xmlns=\""http://schemas.microsoft.com/windows/2004/02/mit/task\"">   <RegistrationInfo>     <URI>\\Microsoft\\Windows\\UpdateOrchestrator\\Schedule Scan</URI>   </RegistrationInfo>   <Triggers>     <TimeTrigger>       <Repetition>         <Interval>PT1320M</Interval>         <StopAtDurationEnd>false</StopAtDurationEnd>       </Repetition>       <StartBoundary>2019-01-01T12:00:00</StartBoundary>       <Enabled>true</Enabled>       <RandomDelay>PT120M</RandomDelay>     </TimeTrigger>   </Triggers>   <Principals>     <Principal id=\""Author\"">       <UserId>S-1-5-18</UserId>       <RunLevel>LeastPrivilege</RunLevel>     </Principal>   </Principals>   <Settings>     <MultipleInstancesPolicy>IgnoreNew</MultipleInstancesPolicy>     <DisallowStartIfOnBatteries>true</DisallowStartIfOnBatteries>     <StopIfGoingOnBatteries>true</StopIfGoingOnBatteries>     <AllowHardTerminate>true</AllowHardTerminate>     <StartWhenAvailable>true</StartWhenAvailable>     <RunOnlyIfNetworkAvailable>false</RunOnlyIfNetworkAvailable>     <IdleSettings>       <Duration>PT10M</Duration>       <WaitTimeout>PT1H</WaitTimeout>       <StopOnIdleEnd>true</StopOnIdleEnd>       <RestartOnIdle>false</RestartOnIdle>     </IdleSettings>     <AllowStartOnDemand>true</AllowStartOnDemand>     <Enabled>true</Enabled>     <Hidden>false</Hidden>     <RunOnlyIfIdle>false</RunOnlyIfIdle>     <WakeToRun>false</WakeToRun>     <ExecutionTimeLimit>PT72H</ExecutionTimeLimit>     <Priority>7</Priority>   </Settings>   <Actions Context=\""Author\"">     <Exec>       <Command>%systemroot%\\system32\\usoclient.exe</Command>       <Arguments>StartScan</Arguments>     </Exec>   </Actions> </Task>"",""ClientProcessStartKey"":""14918173765664942"",""ClientProcessId"":""6804"",""ParentProcessId"":""708"",""RpcCallClientLocality"":""0"",""FQDN"":""DC1.kustoworks.com""}",,"b6e34ebb-bc90-4c30-9e7b-8a9feae2eec1",,WindowsEvent,"/subscriptions/00000000-0000-0000-0000-000000000000/resourcegroups/rg-sentinel/providers/microsoft.hybridcompute/machines/wef1"
"00000000-0000-0000-0000-000000000000",OpsManager,"4/23/2023, 7:04:25.788 PM","Microsoft-Windows-Security-Auditing",Security,"DC1.kustoworks.com",12804,0,LogAlways,,4702,"AOI-00000000-0000-0000-0000-000000000000","N/A",1,0,0x8020000000000000,"{c0d5cd26-45ab-4c7a-a1ee-bb42831c9e2c}",716,3100,6797998,"{""SubjectUserSid"":""S-1-5-20"",""SubjectUserName"":""DC1$"",""SubjectDomainName"":""KUSTOWORKS"",""SubjectLogonId"":""0x3e4"",""TaskName"":""\\Microsoft\\Windows\\SoftwareProtectionPlatform\\SvcRestartTask"",""TaskContentNew"":""<?xml version=\""1.0\"" encoding=\""UTF-16\""?> <Task version=\""1.6\"" xmlns=\""http://schemas.microsoft.com/windows/2004/02/mit/task\"">   <RegistrationInfo>     <Source>$(@%systemroot%\\system32\\sppc.dll,-200)</Source>     <Author>$(@%systemroot%\\system32\\sppc.dll,-200)</Author>     <Version>1.0</Version>     <Description>$(@%systemroot%\\system32\\sppc.dll,-201)</Description>     <URI>\\Microsoft\\Windows\\SoftwareProtectionPlatform\\SvcRestartTask</URI>     <SecurityDescriptor>D:P(A;;FA;;;SY)(A;;FA;;;BA)(A;;FA;;;S-1-5-80-123231216-2592883651-3715271367-3753151631-4175906628)(A;;FR;;;S-1-5-87-2912274048-3994893941-1669128114-1310430903-1263774323)</SecurityDescriptor>   </RegistrationInfo>   <Triggers>     <CalendarTrigger>       <StartBoundary>2023-04-24T19:03:25Z</StartBoundary>       <Enabled>true</Enabled>       <ScheduleByDay>         <DaysInterval>1</DaysInterval>       </ScheduleByDay>     </CalendarTrigger>   </Triggers>   <Principals>     <Principal id=\""NetworkService\"">       <UserId>S-1-5-20</UserId>       <RunLevel>LeastPrivilege</RunLevel>     </Principal>   </Principals>   <Settings>     <MultipleInstancesPolicy>IgnoreNew</MultipleInstancesPolicy>     <DisallowStartIfOnBatteries>true</DisallowStartIfOnBatteries>     <StopIfGoingOnBatteries>true</StopIfGoingOnBatteries>     <AllowHardTerminate>false</AllowHardTerminate>     <StartWhenAvailable>true</StartWhenAvailable>     <RunOnlyIfNetworkAvailable>false</RunOnlyIfNetworkAvailable>     <IdleSettings>       <StopOnIdleEnd>true</StopOnIdleEnd>       <RestartOnIdle>false</RestartOnIdle>     </IdleSettings>     <AllowStartOnDemand>true</AllowStartOnDemand>     <Enabled>true</Enabled>     <Hidden>true</Hidden>     <RunOnlyIfIdle>false</RunOnlyIfIdle>     <DisallowStartOnRemoteAppSession>false</DisallowStartOnRemoteAppSession>     <UseUnifiedSchedulingEngine>true</UseUnifiedSchedulingEngine>     <WakeToRun>false</WakeToRun>     <ExecutionTimeLimit>PT0S</ExecutionTimeLimit>     <Priority>7</Priority>     <RestartOnFailure>       <Interval>PT1M</Interval>       <Count>3</Count>     </RestartOnFailure>   </Settings>   <Actions Context=\""NetworkService\"">     <ComHandler>       <ClassId>{B1AEBB5D-EAD9-4476-B375-9C3ED9F32AFC}</ClassId>       <Data><![CDATA[timer]]></Data>     </ComHandler>   </Actions> </Task>"",""ClientProcessStartKey"":""14918173765664898"",""ClientProcessId"":""1568"",""ParentProcessId"":""708"",""RpcCallClientLocality"":""0"",""FQDN"":""DC1.kustoworks.com""}",,"b6e34ebb-bc90-4c30-9e7b-8a9feae2eec1",,WindowsEvent,"/subscriptions/00000000-0000-0000-0000-000000000000/resourcegroups/rg-sentinel/providers/microsoft.hybridcompute/machines/wef1"
"00000000-0000-0000-0000-000000000000",OpsManager,"4/23/2023, 7:11:48.864 PM","Microsoft-Windows-Security-Auditing",Security,"DC1.kustoworks.com",12804,0,LogAlways,,4702,"AOI-00000000-0000-0000-0000-000000000000","N/A",1,0,0x8020000000000000,"{5bbb5430-6a8c-4997-b3c8-3fab04cf086f}",716,840,6798415,"{""SubjectUserSid"":""S-1-5-18"",""SubjectUserName"":""DC1$"",""SubjectDomainName"":""KUSTOWORKS"",""SubjectLogonId"":""0x3e7"",""TaskName"":""\\Microsoft\\Windows\\.NET Framework\\.NET Framework NGEN v4.0.30319 64"",""TaskContentNew"":""<?xml version=\""1.0\"" encoding=\""UTF-16\""?> <Task version=\""1.6\"" xmlns=\""http://schemas.microsoft.com/windows/2004/02/mit/task\"">   <RegistrationInfo>     <Date>2010-09-30T14:53:37.9516706</Date>     <URI>\\Microsoft\\Windows\\.NET Framework\\.NET Framework NGEN v4.0.30319 64</URI>     <SecurityDescriptor>D:(A;OICI;FA;;;BA)(A;OICI;FA;;;SY)(A;OICI;GR;;;AU)(A;;FRFX;;;LS)</SecurityDescriptor>   </RegistrationInfo>   <Triggers />   <Principals>     <Principal id=\""Author\"">       <RunLevel>LeastPrivilege</RunLevel>       <UserId>SYSTEM</UserId>     </Principal>   </Principals>   <Settings>     <MultipleInstancesPolicy>IgnoreNew</MultipleInstancesPolicy>     <DisallowStartIfOnBatteries>true</DisallowStartIfOnBatteries>     <StopIfGoingOnBatteries>true</StopIfGoingOnBatteries>     <AllowHardTerminate>true</AllowHardTerminate>     <StartWhenAvailable>false</StartWhenAvailable>     <RunOnlyIfNetworkAvailable>false</RunOnlyIfNetworkAvailable>     <IdleSettings>       <StopOnIdleEnd>true</StopOnIdleEnd>       <RestartOnIdle>false</RestartOnIdle>     </IdleSettings>     <AllowStartOnDemand>true</AllowStartOnDemand>     <Enabled>true</Enabled>     <Hidden>true</Hidden>     <RunOnlyIfIdle>false</RunOnlyIfIdle>     <DisallowStartOnRemoteAppSession>false</DisallowStartOnRemoteAppSession>     <UseUnifiedSchedulingEngine>true</UseUnifiedSchedulingEngine>     <MaintenanceSettings>       <Period>P1D</Period>       <Deadline>P2D</Deadline>       <Exclusive>false</Exclusive>     </MaintenanceSettings>     <WakeToRun>false</WakeToRun>     <ExecutionTimeLimit>PT2H</ExecutionTimeLimit>     <Priority>7</Priority>   </Settings>   <Actions Context=\""Author\"">     <ComHandler>       <ClassId>{429BC048-379E-45E0-80E4-EB1977941B5C}</ClassId>       <Data><![CDATA[/RuntimeWide]]></Data>     </ComHandler>   </Actions> </Task>"",""ClientProcessStartKey"":""14918173765665031"",""ClientProcessId"":""4136"",""ParentProcessId"":""5048"",""RpcCallClientLocality"":""0"",""FQDN"":""DC1.kustoworks.com""}",,"b6e34ebb-bc90-4c30-9e7b-8a9feae2eec1",,WindowsEvent,"/subscriptions/00000000-0000-0000-0000-000000000000/resourcegroups/rg-sentinel/providers/microsoft.hybridcompute/machines/wef1"
"00000000-0000-0000-0000-000000000000",OpsManager,"4/23/2023, 7:11:49.638 PM","Microsoft-Windows-Security-Auditing",Security,"DC1.kustoworks.com",12804,0,LogAlways,,4702,"AOI-00000000-0000-0000-0000-000000000000","N/A",1,0,0x8020000000000000,"{b1fa4188-b2bf-4f0d-80e0-d6a98db3f94d}",716,840,6798424,"{""SubjectUserSid"":""S-1-5-18"",""SubjectUserName"":""DC1$"",""SubjectDomainName"":""KUSTOWORKS"",""SubjectLogonId"":""0x3e7"",""TaskName"":""\\Microsoft\\Windows\\.NET Framework\\.NET Framework NGEN v4.0.30319"",""TaskContentNew"":""<?xml version=\""1.0\"" encoding=\""UTF-16\""?> <Task version=\""1.6\"" xmlns=\""http://schemas.microsoft.com/windows/2004/02/mit/task\"">   <RegistrationInfo>     <Date>2010-09-30T14:53:37.9516706</Date>     <URI>\\Microsoft\\Windows\\.NET Framework\\.NET Framework NGEN v4.0.30319</URI>     <SecurityDescriptor>D:(A;OICI;FA;;;BA)(A;OICI;FA;;;SY)(A;OICI;GR;;;AU)(A;;FRFX;;;LS)</SecurityDescriptor>   </RegistrationInfo>   <Triggers />   <Principals>     <Principal id=\""Author\"">       <RunLevel>LeastPrivilege</RunLevel>       <UserId>SYSTEM</UserId>     </Principal>   </Principals>   <Settings>     <MultipleInstancesPolicy>IgnoreNew</MultipleInstancesPolicy>     <DisallowStartIfOnBatteries>true</DisallowStartIfOnBatteries>     <StopIfGoingOnBatteries>true</StopIfGoingOnBatteries>     <AllowHardTerminate>true</AllowHardTerminate>     <StartWhenAvailable>false</StartWhenAvailable>     <RunOnlyIfNetworkAvailable>false</RunOnlyIfNetworkAvailable>     <IdleSettings>       <StopOnIdleEnd>true</StopOnIdleEnd>       <RestartOnIdle>false</RestartOnIdle>     </IdleSettings>     <AllowStartOnDemand>true</AllowStartOnDemand>     <Enabled>true</Enabled>     <Hidden>true</Hidden>     <RunOnlyIfIdle>false</RunOnlyIfIdle>     <DisallowStartOnRemoteAppSession>false</DisallowStartOnRemoteAppSession>     <UseUnifiedSchedulingEngine>true</UseUnifiedSchedulingEngine>     <MaintenanceSettings>       <Period>P1D</Period>       <Deadline>P2D</Deadline>       <Exclusive>false</Exclusive>     </MaintenanceSettings>     <WakeToRun>false</WakeToRun>     <ExecutionTimeLimit>PT2H</ExecutionTimeLimit>     <Priority>7</Priority>   </Settings>   <Actions Context=\""Author\"">     <ComHandler>       <ClassId>{84F0FAE1-C27B-4F6F-807B-28CF6F96287D}</ClassId>       <Data><![CDATA[/RuntimeWide]]></Data>     </ComHandler>   </Actions> </Task>"",""ClientProcessStartKey"":""14918173765665033"",""ClientProcessId"":""7112"",""ParentProcessId"":""5324"",""RpcCallClientLocality"":""0"",""FQDN"":""DC1.kustoworks.com""}",,"b6e34ebb-bc90-4c30-9e7b-8a9feae2eec1",,WindowsEvent,"/subscriptions/00000000-0000-0000-0000-000000000000/resourcegroups/rg-sentinel/providers/microsoft.hybridcompute/machines/wef1"
"00000000-0000-0000-0000-000000000000",OpsManager,"4/23/2023, 7:11:50.149 PM","Microsoft-Windows-Security-Auditing",Security,"DC1.kustoworks.com",12804,0,LogAlways,,4702,"AOI-00000000-0000-0000-0000-000000000000","N/A",1,0,0x8020000000000000,"{ac6eee2a-d659-45b9-bf01-207716a5d6f9}",716,840,6798434,"{""SubjectUserSid"":""S-1-5-18"",""SubjectUserName"":""DC1$"",""SubjectDomainName"":""KUSTOWORKS"",""SubjectLogonId"":""0x3e7"",""TaskName"":""\\Microsoft\\Windows\\.NET Framework\\.NET Framework NGEN v4.0.30319 64"",""TaskContentNew"":""<?xml version=\""1.0\"" encoding=\""UTF-16\""?> <Task version=\""1.6\"" xmlns=\""http://schemas.microsoft.com/windows/2004/02/mit/task\"">   <RegistrationInfo>     <Date>2010-09-30T14:53:37.9516706</Date>     <URI>\\Microsoft\\Windows\\.NET Framework\\.NET Framework NGEN v4.0.30319 64</URI>     <SecurityDescriptor>D:(A;OICI;FA;;;BA)(A;OICI;FA;;;SY)(A;OICI;GR;;;AU)(A;;FRFX;;;LS)</SecurityDescriptor>   </RegistrationInfo>   <Triggers />   <Principals>     <Principal id=\""Author\"">       <RunLevel>LeastPrivilege</RunLevel>       <UserId>SYSTEM</UserId>     </Principal>   </Principals>   <Settings>     <MultipleInstancesPolicy>IgnoreNew</MultipleInstancesPolicy>     <DisallowStartIfOnBatteries>true</DisallowStartIfOnBatteries>     <StopIfGoingOnBatteries>true</StopIfGoingOnBatteries>     <AllowHardTerminate>true</AllowHardTerminate>     <StartWhenAvailable>false</StartWhenAvailable>     <RunOnlyIfNetworkAvailable>false</RunOnlyIfNetworkAvailable>     <IdleSettings>       <StopOnIdleEnd>true</StopOnIdleEnd>       <RestartOnIdle>false</RestartOnIdle>     </IdleSettings>     <AllowStartOnDemand>true</AllowStartOnDemand>     <Enabled>true</Enabled>     <Hidden>true</Hidden>     <RunOnlyIfIdle>false</RunOnlyIfIdle>     <DisallowStartOnRemoteAppSession>false</DisallowStartOnRemoteAppSession>     <UseUnifiedSchedulingEngine>true</UseUnifiedSchedulingEngine>     <MaintenanceSettings>       <Period>P1D</Period>       <Deadline>P2D</Deadline>       <Exclusive>false</Exclusive>     </MaintenanceSettings>     <WakeToRun>false</WakeToRun>     <ExecutionTimeLimit>PT2H</ExecutionTimeLimit>     <Priority>7</Priority>   </Settings>   <Actions Context=\""Author\"">     <ComHandler>       <ClassId>{429BC048-379E-45E0-80E4-EB1977941B5C}</ClassId>       <Data><![CDATA[/RuntimeWide]]></Data>     </ComHandler>   </Actions> </Task>"",""ClientProcessStartKey"":""14918173765665037"",""ClientProcessId"":""5052"",""ParentProcessId"":""5708"",""RpcCallClientLocality"":""0"",""FQDN"":""DC1.kustoworks.com""}",,"b6e34ebb-bc90-4c30-9e7b-8a9feae2eec1",,WindowsEvent,"/subscriptions/00000000-0000-0000-0000-000000000000/resourcegroups/rg-sentinel/providers/microsoft.hybridcompute/machines/wef1"
"00000000-0000-0000-0000-000000000000",OpsManager,"4/23/2023, 7:12:35.103 PM","Microsoft-Windows-Security-Auditing",Security,"DC1.kustoworks.com",12804,0,LogAlways,,4702,"AOI-00000000-0000-0000-0000-000000000000","N/A",1,0,0x8020000000000000,"{fccd8f14-b8f7-4876-9a10-dea2c7e38c6c}",716,840,6798704,"{""SubjectUserSid"":""S-1-5-20"",""SubjectUserName"":""DC1$"",""SubjectDomainName"":""KUSTOWORKS"",""SubjectLogonId"":""0x3e4"",""TaskName"":""\\Microsoft\\Windows\\SoftwareProtectionPlatform\\SvcRestartTask"",""TaskContentNew"":""<?xml version=\""1.0\"" encoding=\""UTF-16\""?> <Task version=\""1.6\"" xmlns=\""http://schemas.microsoft.com/windows/2004/02/mit/task\"">   <RegistrationInfo>     <Source>$(@%systemroot%\\system32\\sppc.dll,-200)</Source>     <Author>$(@%systemroot%\\system32\\sppc.dll,-200)</Author>     <Version>1.0</Version>     <Description>$(@%systemroot%\\system32\\sppc.dll,-201)</Description>     <URI>\\Microsoft\\Windows\\SoftwareProtectionPlatform\\SvcRestartTask</URI>     <SecurityDescriptor>D:P(A;;FA;;;SY)(A;;FA;;;BA)(A;;FA;;;S-1-5-80-123231216-2592883651-3715271367-3753151631-4175906628)(A;;FR;;;S-1-5-87-2912274048-3994893941-1669128114-1310430903-1263774323)</SecurityDescriptor>   </RegistrationInfo>   <Triggers>     <CalendarTrigger>       <StartBoundary>2023-04-24T19:03:35Z</StartBoundary>       <Enabled>true</Enabled>       <ScheduleByDay>         <DaysInterval>1</DaysInterval>       </ScheduleByDay>     </CalendarTrigger>   </Triggers>   <Principals>     <Principal id=\""NetworkService\"">       <UserId>S-1-5-20</UserId>       <RunLevel>LeastPrivilege</RunLevel>     </Principal>   </Principals>   <Settings>     <MultipleInstancesPolicy>IgnoreNew</MultipleInstancesPolicy>     <DisallowStartIfOnBatteries>true</DisallowStartIfOnBatteries>     <StopIfGoingOnBatteries>true</StopIfGoingOnBatteries>     <AllowHardTerminate>false</AllowHardTerminate>     <StartWhenAvailable>true</StartWhenAvailable>     <RunOnlyIfNetworkAvailable>false</RunOnlyIfNetworkAvailable>     <IdleSettings>       <StopOnIdleEnd>true</StopOnIdleEnd>       <RestartOnIdle>false</RestartOnIdle>     </IdleSettings>     <AllowStartOnDemand>true</AllowStartOnDemand>     <Enabled>true</Enabled>     <Hidden>true</Hidden>     <RunOnlyIfIdle>false</RunOnlyIfIdle>     <DisallowStartOnRemoteAppSession>false</DisallowStartOnRemoteAppSession>     <UseUnifiedSchedulingEngine>true</UseUnifiedSchedulingEngine>     <WakeToRun>false</WakeToRun>     <ExecutionTimeLimit>PT0S</ExecutionTimeLimit>     <Priority>7</Priority>     <RestartOnFailure>       <Interval>PT1M</Interval>       <Count>3</Count>     </RestartOnFailure>   </Settings>   <Actions Context=\""NetworkService\"">     <ComHandler>       <ClassId>{B1AEBB5D-EAD9-4476-B375-9C3ED9F32AFC}</ClassId>       <Data><![CDATA[timer]]></Data>     </ComHandler>   </Actions> </Task>"",""ClientProcessStartKey"":""14918173765665049"",""ClientProcessId"":""5436"",""ParentProcessId"":""708"",""RpcCallClientLocality"":""0"",""FQDN"":""DC1.kustoworks.com""}",,"b6e34ebb-bc90-4c30-9e7b-8a9feae2eec1",,WindowsEvent,"/subscriptions/00000000-0000-0000-0000-000000000000/resourcegroups/rg-sentinel/providers/microsoft.hybridcompute/machines/wef1"
"00000000-0000-0000-0000-000000000000",OpsManager,"4/23/2023, 6:23:16.553 PM","Microsoft-Windows-Security-Auditing",Security,"DC1.kustoworks.com",12804,0,LogAlways,,4702,"AOI-00000000-0000-0000-0000-000000000000","N/A",1,0,0x8020000000000000,"{b7ebf965-804f-4e0a-94d6-a00280eec61d}",692,748,6784044,"{""SubjectUserSid"":""S-1-5-20"",""SubjectUserName"":""DC1$"",""SubjectDomainName"":""KUSTOWORKS"",""SubjectLogonId"":""0x3e4"",""TaskName"":""\\Microsoft\\Windows\\SoftwareProtectionPlatform\\SvcRestartTask"",""TaskContentNew"":""<?xml version=\""1.0\"" encoding=\""UTF-16\""?> <Task version=\""1.6\"" xmlns=\""http://schemas.microsoft.com/windows/2004/02/mit/task\"">   <RegistrationInfo>     <Source>$(@%systemroot%\\system32\\sppc.dll,-200)</Source>     <Author>$(@%systemroot%\\system32\\sppc.dll,-200)</Author>     <Version>1.0</Version>     <Description>$(@%systemroot%\\system32\\sppc.dll,-201)</Description>     <URI>\\Microsoft\\Windows\\SoftwareProtectionPlatform\\SvcRestartTask</URI>     <SecurityDescriptor>D:P(A;;FA;;;SY)(A;;FA;;;BA)(A;;FA;;;S-1-5-80-123231216-2592883651-3715271367-3753151631-4175906628)(A;;FR;;;S-1-5-87-2912274048-3994893941-1669128114-1310430903-1263774323)</SecurityDescriptor>   </RegistrationInfo>   <Triggers>     <CalendarTrigger>       <StartBoundary>2023-04-24T18:21:16Z</StartBoundary>       <Enabled>true</Enabled>       <ScheduleByDay>         <DaysInterval>1</DaysInterval>       </ScheduleByDay>     </CalendarTrigger>   </Triggers>   <Principals>     <Principal id=\""NetworkService\"">       <UserId>S-1-5-20</UserId>       <RunLevel>LeastPrivilege</RunLevel>     </Principal>   </Principals>   <Settings>     <MultipleInstancesPolicy>IgnoreNew</MultipleInstancesPolicy>     <DisallowStartIfOnBatteries>true</DisallowStartIfOnBatteries>     <StopIfGoingOnBatteries>true</StopIfGoingOnBatteries>     <AllowHardTerminate>false</AllowHardTerminate>     <StartWhenAvailable>true</StartWhenAvailable>     <RunOnlyIfNetworkAvailable>false</RunOnlyIfNetworkAvailable>     <IdleSettings>       <StopOnIdleEnd>true</StopOnIdleEnd>       <RestartOnIdle>false</RestartOnIdle>     </IdleSettings>     <AllowStartOnDemand>true</AllowStartOnDemand>     <Enabled>true</Enabled>     <Hidden>true</Hidden>     <RunOnlyIfIdle>false</RunOnlyIfIdle>     <DisallowStartOnRemoteAppSession>false</DisallowStartOnRemoteAppSession>     <UseUnifiedSchedulingEngine>true</UseUnifiedSchedulingEngine>     <WakeToRun>false</WakeToRun>     <ExecutionTimeLimit>PT0S</ExecutionTimeLimit>     <Priority>7</Priority>     <RestartOnFailure>       <Interval>PT1M</Interval>       <Count>3</Count>     </RestartOnFailure>   </Settings>   <Actions Context=\""NetworkService\"">     <ComHandler>       <ClassId>{B1AEBB5D-EAD9-4476-B375-9C3ED9F32AFC}</ClassId>       <Data><![CDATA[timer]]></Data>     </ComHandler>   </Actions> </Task>"",""ClientProcessStartKey"":""14355223812243723"",""ClientProcessId"":""788"",""ParentProcessId"":""684"",""RpcCallClientLocality"":""0"",""FQDN"":""DC1.kustoworks.com""}",,"b6e34ebb-bc90-4c30-9e7b-8a9feae2eec1",,WindowsEvent,"/subscriptions/00000000-0000-0000-0000-000000000000/resourcegroups/rg-sentinel/providers/microsoft.hybridcompute/machines/wef1"
"00000000-0000-0000-0000-000000000000",OpsManager,"4/23/2023, 6:25:01.027 PM","Microsoft-Windows-Security-Auditing",Security,"DC1.kustoworks.com",12804,0,LogAlways,,4702,"AOI-00000000-0000-0000-0000-000000000000","N/A",1,0,0x8020000000000000,"{c6a812e6-3177-4a90-887f-aac7ba5c4751}",692,3232,6784172,"{""SubjectUserSid"":""S-1-5-21-2496762881-1366215883-1809657155-500"",""SubjectUserName"":""Administrator"",""SubjectDomainName"":""KUSTOWORKS"",""SubjectLogonId"":""0x1ad0fc"",""TaskName"":""\\KustoKing"",""TaskContentNew"":""<?xml version=\""1.0\"" encoding=\""UTF-16\""?> <Task version=\""1.2\"" xmlns=\""http://schemas.microsoft.com/windows/2004/02/mit/task\"">   <RegistrationInfo>     <Date>2023-04-23T20:24:03.6725573</Date>     <Author>KUSTOWORKS\\Administrator</Author>     <URI>\\KustoKing</URI>   </RegistrationInfo>   <Triggers>     <CalendarTrigger>       <StartBoundary>2023-04-23T20:23:18</StartBoundary>       <Enabled>true</Enabled>       <RandomDelay>PT1H</RandomDelay>       <ScheduleByDay>         <DaysInterval>1</DaysInterval>       </ScheduleByDay>     </CalendarTrigger>   </Triggers>   <Principals>     <Principal id=\""Author\"">       <RunLevel>HighestAvailable</RunLevel>       <UserId>KUSTOWORKS\\Administrator</UserId>       <LogonType>Password</LogonType>     </Principal>   </Principals>   <Settings>     <MultipleInstancesPolicy>IgnoreNew</MultipleInstancesPolicy>     <DisallowStartIfOnBatteries>true</DisallowStartIfOnBatteries>     <StopIfGoingOnBatteries>true</StopIfGoingOnBatteries>     <AllowHardTerminate>true</AllowHardTerminate>     <StartWhenAvailable>false</StartWhenAvailable>     <RunOnlyIfNetworkAvailable>false</RunOnlyIfNetworkAvailable>     <IdleSettings>       <StopOnIdleEnd>true</StopOnIdleEnd>       <RestartOnIdle>false</RestartOnIdle>     </IdleSettings>     <AllowStartOnDemand>true</AllowStartOnDemand>     <Enabled>true</Enabled>     <Hidden>false</Hidden>     <RunOnlyIfIdle>false</RunOnlyIfIdle>     <WakeToRun>false</WakeToRun>     <ExecutionTimeLimit>PT1H</ExecutionTimeLimit>     <Priority>7</Priority>   </Settings>   <Actions Context=\""Author\"">     <Exec>       <Command>C:\\Windows\\System32\\cmd.exe</Command>       <Arguments>ping www.kqlcafe.com</Arguments>     </Exec>   </Actions> </Task>"",""ClientProcessStartKey"":""14355223812243727"",""ClientProcessId"":""6756"",""ParentProcessId"":""5640"",""RpcCallClientLocality"":""0"",""FQDN"":""DC1.kustoworks.com""}",,"b6e34ebb-bc90-4c30-9e7b-8a9feae2eec1",,WindowsEvent,"/subscriptions/00000000-0000-0000-0000-000000000000/resourcegroups/rg-sentinel/providers/microsoft.hybridcompute/machines/wef1"
"00000000-0000-0000-0000-000000000000",OpsManager,"4/23/2023, 6:58:01.556 PM","Microsoft-Windows-Security-Auditing",Security,"DC1.kustoworks.com",12804,0,LogAlways,,4702,"AOI-00000000-0000-0000-0000-000000000000","N/A",1,0,0x8020000000000000,"{9b856b66-af5a-433f-8039-bfcf8244cdc5}",724,944,6796097,"{""SubjectUserSid"":""S-1-5-20"",""SubjectUserName"":""DC1$"",""SubjectDomainName"":""KUSTOWORKS"",""SubjectLogonId"":""0x3e4"",""TaskName"":""\\Microsoft\\Windows\\SoftwareProtectionPlatform\\SvcRestartTask"",""TaskContentNew"":""<?xml version=\""1.0\"" encoding=\""UTF-16\""?> <Task version=\""1.6\"" xmlns=\""http://schemas.microsoft.com/windows/2004/02/mit/task\"">   <RegistrationInfo>     <Source>$(@%systemroot%\\system32\\sppc.dll,-200)</Source>     <Author>$(@%systemroot%\\system32\\sppc.dll,-200)</Author>     <Version>1.0</Version>     <Description>$(@%systemroot%\\system32\\sppc.dll,-201)</Description>     <URI>\\Microsoft\\Windows\\SoftwareProtectionPlatform\\SvcRestartTask</URI>     <SecurityDescriptor>D:P(A;;FA;;;SY)(A;;FA;;;BA)(A;;FA;;;S-1-5-80-123231216-2592883651-3715271367-3753151631-4175906628)(A;;FR;;;S-1-5-87-2912274048-3994893941-1669128114-1310430903-1263774323)</SecurityDescriptor>   </RegistrationInfo>   <Triggers>     <CalendarTrigger>       <StartBoundary>2023-04-24T18:48:01Z</StartBoundary>       <Enabled>true</Enabled>       <ScheduleByDay>         <DaysInterval>1</DaysInterval>       </ScheduleByDay>     </CalendarTrigger>   </Triggers>   <Principals>     <Principal id=\""NetworkService\"">       <UserId>S-1-5-20</UserId>       <RunLevel>LeastPrivilege</RunLevel>     </Principal>   </Principals>   <Settings>     <MultipleInstancesPolicy>IgnoreNew</MultipleInstancesPolicy>     <DisallowStartIfOnBatteries>true</DisallowStartIfOnBatteries>     <StopIfGoingOnBatteries>true</StopIfGoingOnBatteries>     <AllowHardTerminate>false</AllowHardTerminate>     <StartWhenAvailable>true</StartWhenAvailable>     <RunOnlyIfNetworkAvailable>false</RunOnlyIfNetworkAvailable>     <IdleSettings>       <StopOnIdleEnd>true</StopOnIdleEnd>       <RestartOnIdle>false</RestartOnIdle>     </IdleSettings>     <AllowStartOnDemand>true</AllowStartOnDemand>     <Enabled>true</Enabled>     <Hidden>true</Hidden>     <RunOnlyIfIdle>false</RunOnlyIfIdle>     <DisallowStartOnRemoteAppSession>false</DisallowStartOnRemoteAppSession>     <UseUnifiedSchedulingEngine>true</UseUnifiedSchedulingEngine>     <WakeToRun>false</WakeToRun>     <ExecutionTimeLimit>PT0S</ExecutionTimeLimit>     <Priority>7</Priority>     <RestartOnFailure>       <Interval>PT1M</Interval>       <Count>3</Count>     </RestartOnFailure>   </Settings>   <Actions Context=\""NetworkService\"">     <ComHandler>       <ClassId>{B1AEBB5D-EAD9-4476-B375-9C3ED9F32AFC}</ClassId>       <Data><![CDATA[timer]]></Data>     </ComHandler>   </Actions> </Task>"",""ClientProcessStartKey"":""14636698788954366"",""ClientProcessId"":""2684"",""ParentProcessId"":""688"",""RpcCallClientLocality"":""0"",""FQDN"":""DC1.kustoworks.com""}",,"b6e34ebb-bc90-4c30-9e7b-8a9feae2eec1",,WindowsEvent,"/subscriptions/00000000-0000-0000-0000-000000000000/resourcegroups/rg-sentinel/providers/microsoft.hybridcompute/machines/wef1"
"00000000-0000-0000-0000-000000000000",OpsManager,"4/23/2023, 7:00:51.941 PM","Microsoft-Windows-Security-Auditing",Security,"DC1.kustoworks.com",12804,0,LogAlways,,4702,"AOI-00000000-0000-0000-0000-000000000000","N/A",1,0,0x8020000000000000,"{5755033b-2bba-48f5-926d-d8a159ff8143}",724,4232,6796187,"{""SubjectUserSid"":""S-1-5-18"",""SubjectUserName"":""DC1$"",""SubjectDomainName"":""KUSTOWORKS"",""SubjectLogonId"":""0x3e7"",""TaskName"":""\\Microsoft\\Windows\\WindowsUpdate\\Scheduled Start"",""TaskContentNew"":""<?xml version=\""1.0\"" encoding=\""UTF-16\""?> <Task version=\""1.4\"" xmlns=\""http://schemas.microsoft.com/windows/2004/02/mit/task\"">   <RegistrationInfo>     <Source>Microsoft Corporation.</Source>     <Author>Microsoft Corporation.</Author>     <Description>This task is used to start the Windows Update service when needed to perform scheduled operations such as scans.</Description>     <URI>\\Microsoft\\Windows\\WindowsUpdate\\Scheduled Start</URI>   </RegistrationInfo>   <Triggers>     <TimeTrigger>       <StartBoundary>2023-04-23T20:17:11Z</StartBoundary>       <Enabled>true</Enabled>       <RandomDelay>PT1M</RandomDelay>     </TimeTrigger>     <SessionStateChangeTrigger>       <Enabled>false</Enabled>       <StateChange>ConsoleDisconnect</StateChange>     </SessionStateChangeTrigger>     <SessionStateChangeTrigger>       <Enabled>false</Enabled>       <StateChange>RemoteDisconnect</StateChange>     </SessionStateChangeTrigger>     <WnfStateChangeTrigger>       <Enabled>false</Enabled>       <StateName>7508BCA3380C960C</StateName>       <Data>01</Data>       <DataOffset>0</DataOffset>     </WnfStateChangeTrigger>   </Triggers>   <Principals>     <Principal id=\""LocalSystem\"">       <RunLevel>LeastPrivilege</RunLevel>       <UserId>NT AUTHORITY\\SYSTEM</UserId>     </Principal>   </Principals>   <Settings>     <MultipleInstancesPolicy>IgnoreNew</MultipleInstancesPolicy>     <DisallowStartIfOnBatteries>false</DisallowStartIfOnBatteries>     <StopIfGoingOnBatteries>false</StopIfGoingOnBatteries>     <AllowHardTerminate>true</AllowHardTerminate>     <StartWhenAvailable>true</StartWhenAvailable>     <RunOnlyIfNetworkAvailable>false</RunOnlyIfNetworkAvailable>     <IdleSettings>       <Duration>PT10M</Duration>       <WaitTimeout>PT1H</WaitTimeout>       <StopOnIdleEnd>true</StopOnIdleEnd>       <RestartOnIdle>false</RestartOnIdle>     </IdleSettings>     <AllowStartOnDemand>false</AllowStartOnDemand>     <Enabled>true</Enabled>     <Hidden>false</Hidden>     <RunOnlyIfIdle>false</RunOnlyIfIdle>     <DisallowStartOnRemoteAppSession>false</DisallowStartOnRemoteAppSession>     <UseUnifiedSchedulingEngine>true</UseUnifiedSchedulingEngine>     <WakeToRun>false</WakeToRun>     <ExecutionTimeLimit>PT72H</ExecutionTimeLimit>     <Priority>7</Priority>   </Settings>   <Actions Context=\""LocalSystem\"">     <Exec>       <Command>C:\\Windows\\system32\\sc.exe</Command>       <Arguments>start wuauserv</Arguments>     </Exec>   </Actions> </Task>"",""ClientProcessStartKey"":""14636698788954138"",""ClientProcessId"":""1340"",""ParentProcessId"":""688"",""RpcCallClientLocality"":""0"",""FQDN"":""DC1.kustoworks.com""}",,"b6e34ebb-bc90-4c30-9e7b-8a9feae2eec1",,WindowsEvent,"/subscriptions/00000000-0000-0000-0000-000000000000/resourcegroups/rg-sentinel/providers/microsoft.hybridcompute/machines/wef1"
"00000000-0000-0000-0000-000000000000",OpsManager,"4/23/2023, 7:18:00.261 PM","Microsoft-Windows-Security-Auditing",Security,"DC1.kustoworks.com",12804,0,LogAlways,,4702,"AOI-00000000-0000-0000-0000-000000000000","N/A",1,0,0x8020000000000000,"{1971c39b-81ec-4296-9465-d446e7407e9b}",716,3100,6802976,"{""SubjectUserSid"":""S-1-5-18"",""SubjectUserName"":""DC1$"",""SubjectDomainName"":""KUSTOWORKS"",""SubjectLogonId"":""0x3e7"",""TaskName"":""\\Microsoft\\Windows\\WindowsUpdate\\Scheduled Start"",""TaskContentNew"":""<?xml version=\""1.0\"" encoding=\""UTF-16\""?> <Task version=\""1.4\"" xmlns=\""http://schemas.microsoft.com/windows/2004/02/mit/task\"">   <RegistrationInfo>     <Source>Microsoft Corporation.</Source>     <Author>Microsoft Corporation.</Author>     <Description>This task is used to start the Windows Update service when needed to perform scheduled operations such as scans.</Description>     <URI>\\Microsoft\\Windows\\WindowsUpdate\\Scheduled Start</URI>   </RegistrationInfo>   <Triggers>     <TimeTrigger>       <StartBoundary>2023-04-23T20:17:11Z</StartBoundary>       <Enabled>true</Enabled>       <RandomDelay>PT1M</RandomDelay>     </TimeTrigger>     <SessionStateChangeTrigger>       <Enabled>false</Enabled>       <StateChange>ConsoleDisconnect</StateChange>     </SessionStateChangeTrigger>     <SessionStateChangeTrigger>       <Enabled>false</Enabled>       <StateChange>RemoteDisconnect</StateChange>     </SessionStateChangeTrigger>     <WnfStateChangeTrigger>       <Enabled>false</Enabled>       <StateName>7508BCA3380C960C</StateName>       <Data>01</Data>       <DataOffset>0</DataOffset>     </WnfStateChangeTrigger>   </Triggers>   <Principals>     <Principal id=\""LocalSystem\"">       <RunLevel>LeastPrivilege</RunLevel>       <UserId>NT AUTHORITY\\SYSTEM</UserId>     </Principal>   </Principals>   <Settings>     <MultipleInstancesPolicy>IgnoreNew</MultipleInstancesPolicy>     <DisallowStartIfOnBatteries>false</DisallowStartIfOnBatteries>     <StopIfGoingOnBatteries>false</StopIfGoingOnBatteries>     <AllowHardTerminate>true</AllowHardTerminate>     <StartWhenAvailable>true</StartWhenAvailable>     <RunOnlyIfNetworkAvailable>false</RunOnlyIfNetworkAvailable>     <IdleSettings>       <Duration>PT10M</Duration>       <WaitTimeout>PT1H</WaitTimeout>       <StopOnIdleEnd>true</StopOnIdleEnd>       <RestartOnIdle>false</RestartOnIdle>     </IdleSettings>     <AllowStartOnDemand>false</AllowStartOnDemand>     <Enabled>true</Enabled>     <Hidden>false</Hidden>     <RunOnlyIfIdle>false</RunOnlyIfIdle>     <DisallowStartOnRemoteAppSession>false</DisallowStartOnRemoteAppSession>     <UseUnifiedSchedulingEngine>true</UseUnifiedSchedulingEngine>     <WakeToRun>false</WakeToRun>     <ExecutionTimeLimit>PT72H</ExecutionTimeLimit>     <Priority>7</Priority>   </Settings>   <Actions Context=\""LocalSystem\"">     <Exec>       <Command>C:\\Windows\\system32\\sc.exe</Command>       <Arguments>start wuauserv</Arguments>     </Exec>   </Actions> </Task>"",""ClientProcessStartKey"":""14918173765664793"",""ClientProcessId"":""1296"",""ParentProcessId"":""708"",""RpcCallClientLocality"":""0"",""FQDN"":""DC1.kustoworks.com""}",,"b6e34ebb-bc90-4c30-9e7b-8a9feae2eec1",,WindowsEvent,"/subscriptions/00000000-0000-0000-0000-000000000000/resourcegroups/rg-sentinel/providers/microsoft.hybridcompute/machines/wef1"
"00000000-0000-0000-0000-000000000000",OpsManager,"4/23/2023, 7:18:29.076 PM","Microsoft-Windows-Security-Auditing",Security,"DC1.kustoworks.com",12804,0,LogAlways,,4702,"AOI-00000000-0000-0000-0000-000000000000","N/A",1,0,0x8020000000000000,"{4e6b7e0d-bad3-4584-b5dd-faf5d43535a9}",716,840,6803007,"{""SubjectUserSid"":""S-1-5-20"",""SubjectUserName"":""DC1$"",""SubjectDomainName"":""KUSTOWORKS"",""SubjectLogonId"":""0x3e4"",""TaskName"":""\\Microsoft\\Windows\\SoftwareProtectionPlatform\\SvcRestartTask"",""TaskContentNew"":""<?xml version=\""1.0\"" encoding=\""UTF-16\""?> <Task version=\""1.6\"" xmlns=\""http://schemas.microsoft.com/windows/2004/02/mit/task\"">   <RegistrationInfo>     <Source>$(@%systemroot%\\system32\\sppc.dll,-200)</Source>     <Author>$(@%systemroot%\\system32\\sppc.dll,-200)</Author>     <Version>1.0</Version>     <Description>$(@%systemroot%\\system32\\sppc.dll,-201)</Description>     <URI>\\Microsoft\\Windows\\SoftwareProtectionPlatform\\SvcRestartTask</URI>     <SecurityDescriptor>D:P(A;;FA;;;SY)(A;;FA;;;BA)(A;;FA;;;S-1-5-80-123231216-2592883651-3715271367-3753151631-4175906628)(A;;FR;;;S-1-5-87-2912274048-3994893941-1669128114-1310430903-1263774323)</SecurityDescriptor>   </RegistrationInfo>   <Triggers>     <CalendarTrigger>       <StartBoundary>2023-04-24T19:03:29Z</StartBoundary>       <Enabled>true</Enabled>       <ScheduleByDay>         <DaysInterval>1</DaysInterval>       </ScheduleByDay>     </CalendarTrigger>   </Triggers>   <Principals>     <Principal id=\""NetworkService\"">       <UserId>S-1-5-20</UserId>       <RunLevel>LeastPrivilege</RunLevel>     </Principal>   </Principals>   <Settings>     <MultipleInstancesPolicy>IgnoreNew</MultipleInstancesPolicy>     <DisallowStartIfOnBatteries>true</DisallowStartIfOnBatteries>     <StopIfGoingOnBatteries>true</StopIfGoingOnBatteries>     <AllowHardTerminate>false</AllowHardTerminate>     <StartWhenAvailable>true</StartWhenAvailable>     <RunOnlyIfNetworkAvailable>false</RunOnlyIfNetworkAvailable>     <IdleSettings>       <StopOnIdleEnd>true</StopOnIdleEnd>       <RestartOnIdle>false</RestartOnIdle>     </IdleSettings>     <AllowStartOnDemand>true</AllowStartOnDemand>     <Enabled>true</Enabled>     <Hidden>true</Hidden>     <RunOnlyIfIdle>false</RunOnlyIfIdle>     <DisallowStartOnRemoteAppSession>false</DisallowStartOnRemoteAppSession>     <UseUnifiedSchedulingEngine>true</UseUnifiedSchedulingEngine>     <WakeToRun>false</WakeToRun>     <ExecutionTimeLimit>PT0S</ExecutionTimeLimit>     <Priority>7</Priority>     <RestartOnFailure>       <Interval>PT1M</Interval>       <Count>3</Count>     </RestartOnFailure>   </Settings>   <Actions Context=\""NetworkService\"">     <ComHandler>       <ClassId>{B1AEBB5D-EAD9-4476-B375-9C3ED9F32AFC}</ClassId>       <Data><![CDATA[timer]]></Data>     </ComHandler>   </Actions> </Task>"",""ClientProcessStartKey"":""14918173765665119"",""ClientProcessId"":""7608"",""ParentProcessId"":""708"",""RpcCallClientLocality"":""0"",""FQDN"":""DC1.kustoworks.com""}",,"b6e34ebb-bc90-4c30-9e7b-8a9feae2eec1",,WindowsEvent,"/subscriptions/00000000-0000-0000-0000-000000000000/resourcegroups/rg-sentinel/providers/microsoft.hybridcompute/machines/wef1"
"00000000-0000-0000-0000-000000000000",OpsManager,"4/23/2023, 6:28:01.871 PM","Microsoft-Windows-Security-Auditing",Security,"DC1.kustoworks.com",12804,0,LogAlways,,4702,"AOI-00000000-0000-0000-0000-000000000000","N/A",1,0,0x8020000000000000,"{27698b4f-95b3-4234-ac3c-f4c5e09b030d}",692,8032,6786141,"{""SubjectUserSid"":""S-1-5-20"",""SubjectUserName"":""DC1$"",""SubjectDomainName"":""KUSTOWORKS"",""SubjectLogonId"":""0x3e4"",""TaskName"":""\\Microsoft\\Windows\\SoftwareProtectionPlatform\\SvcRestartTask"",""TaskContentNew"":""<?xml version=\""1.0\"" encoding=\""UTF-16\""?> <Task version=\""1.6\"" xmlns=\""http://schemas.microsoft.com/windows/2004/02/mit/task\"">   <RegistrationInfo>     <Source>$(@%systemroot%\\system32\\sppc.dll,-200)</Source>     <Author>$(@%systemroot%\\system32\\sppc.dll,-200)</Author>     <Version>1.0</Version>     <Description>$(@%systemroot%\\system32\\sppc.dll,-201)</Description>     <URI>\\Microsoft\\Windows\\SoftwareProtectionPlatform\\SvcRestartTask</URI>     <SecurityDescriptor>D:P(A;;FA;;;SY)(A;;FA;;;BA)(A;;FA;;;S-1-5-80-123231216-2592883651-3715271367-3753151631-4175906628)(A;;FR;;;S-1-5-87-2912274048-3994893941-1669128114-1310430903-1263774323)</SecurityDescriptor>   </RegistrationInfo>   <Triggers>     <CalendarTrigger>       <StartBoundary>2023-04-24T18:21:01Z</StartBoundary>       <Enabled>true</Enabled>       <ScheduleByDay>         <DaysInterval>1</DaysInterval>       </ScheduleByDay>     </CalendarTrigger>   </Triggers>   <Principals>     <Principal id=\""NetworkService\"">       <UserId>S-1-5-20</UserId>       <RunLevel>LeastPrivilege</RunLevel>     </Principal>   </Principals>   <Settings>     <MultipleInstancesPolicy>IgnoreNew</MultipleInstancesPolicy>     <DisallowStartIfOnBatteries>true</DisallowStartIfOnBatteries>     <StopIfGoingOnBatteries>true</StopIfGoingOnBatteries>     <AllowHardTerminate>false</AllowHardTerminate>     <StartWhenAvailable>true</StartWhenAvailable>     <RunOnlyIfNetworkAvailable>false</RunOnlyIfNetworkAvailable>     <IdleSettings>       <StopOnIdleEnd>true</StopOnIdleEnd>       <RestartOnIdle>false</RestartOnIdle>     </IdleSettings>     <AllowStartOnDemand>true</AllowStartOnDemand>     <Enabled>true</Enabled>     <Hidden>true</Hidden>     <RunOnlyIfIdle>false</RunOnlyIfIdle>     <DisallowStartOnRemoteAppSession>false</DisallowStartOnRemoteAppSession>     <UseUnifiedSchedulingEngine>true</UseUnifiedSchedulingEngine>     <WakeToRun>false</WakeToRun>     <ExecutionTimeLimit>PT0S</ExecutionTimeLimit>     <Priority>7</Priority>     <RestartOnFailure>       <Interval>PT1M</Interval>       <Count>3</Count>     </RestartOnFailure>   </Settings>   <Actions Context=\""NetworkService\"">     <ComHandler>       <ClassId>{B1AEBB5D-EAD9-4476-B375-9C3ED9F32AFC}</ClassId>       <Data><![CDATA[timer]]></Data>     </ComHandler>   </Actions> </Task>"",""ClientProcessStartKey"":""14355223812243743"",""ClientProcessId"":""4520"",""ParentProcessId"":""684"",""RpcCallClientLocality"":""0"",""FQDN"":""DC1.kustoworks.com""}",,"b6e34ebb-bc90-4c30-9e7b-8a9feae2eec1",,WindowsEvent,"/subscriptions/00000000-0000-0000-0000-000000000000/resourcegroups/rg-sentinel/providers/microsoft.hybridcompute/machines/wef1"
"00000000-0000-0000-0000-000000000000",OpsManager,"4/23/2023, 7:01:59.063 PM","Microsoft-Windows-Security-Auditing",Security,"DC1.kustoworks.com",12804,0,LogAlways,,4702,"AOI-00000000-0000-0000-0000-000000000000","N/A",1,0,0x8020000000000000,"{3df2df6b-29d4-46fd-8c13-5a28a8c3b17e}",716,776,6796865,"{""SubjectUserSid"":""S-1-5-20"",""SubjectUserName"":""DC1$"",""SubjectDomainName"":""KUSTOWORKS"",""SubjectLogonId"":""0x3e4"",""TaskName"":""\\Microsoft\\Windows\\SoftwareProtectionPlatform\\SvcRestartTask"",""TaskContentNew"":""<?xml version=\""1.0\"" encoding=\""UTF-16\""?> <Task version=\""1.6\"" xmlns=\""http://schemas.microsoft.com/windows/2004/02/mit/task\"">   <RegistrationInfo>     <Source>$(@%systemroot%\\system32\\sppc.dll,-200)</Source>     <Author>$(@%systemroot%\\system32\\sppc.dll,-200)</Author>     <Version>1.0</Version>     <Description>$(@%systemroot%\\system32\\sppc.dll,-201)</Description>     <URI>\\Microsoft\\Windows\\SoftwareProtectionPlatform\\SvcRestartTask</URI>     <SecurityDescriptor>D:P(A;;FA;;;SY)(A;;FA;;;BA)(A;;FA;;;S-1-5-80-123231216-2592883651-3715271367-3753151631-4175906628)(A;;FR;;;S-1-5-87-2912274048-3994893941-1669128114-1310430903-1263774323)</SecurityDescriptor>   </RegistrationInfo>   <Triggers>     <CalendarTrigger>       <StartBoundary>2023-04-24T19:00:58Z</StartBoundary>       <Enabled>true</Enabled>       <ScheduleByDay>         <DaysInterval>1</DaysInterval>       </ScheduleByDay>     </CalendarTrigger>   </Triggers>   <Principals>     <Principal id=\""NetworkService\"">       <UserId>S-1-5-20</UserId>       <RunLevel>LeastPrivilege</RunLevel>     </Principal>   </Principals>   <Settings>     <MultipleInstancesPolicy>IgnoreNew</MultipleInstancesPolicy>     <DisallowStartIfOnBatteries>true</DisallowStartIfOnBatteries>     <StopIfGoingOnBatteries>true</StopIfGoingOnBatteries>     <AllowHardTerminate>false</AllowHardTerminate>     <StartWhenAvailable>true</StartWhenAvailable>     <RunOnlyIfNetworkAvailable>false</RunOnlyIfNetworkAvailable>     <IdleSettings>       <StopOnIdleEnd>true</StopOnIdleEnd>       <RestartOnIdle>false</RestartOnIdle>     </IdleSettings>     <AllowStartOnDemand>true</AllowStartOnDemand>     <Enabled>true</Enabled>     <Hidden>true</Hidden>     <RunOnlyIfIdle>false</RunOnlyIfIdle>     <DisallowStartOnRemoteAppSession>false</DisallowStartOnRemoteAppSession>     <UseUnifiedSchedulingEngine>true</UseUnifiedSchedulingEngine>     <WakeToRun>false</WakeToRun>     <ExecutionTimeLimit>PT0S</ExecutionTimeLimit>     <Priority>7</Priority>     <RestartOnFailure>       <Interval>PT1M</Interval>       <Count>3</Count>     </RestartOnFailure>   </Settings>   <Actions Context=\""NetworkService\"">     <ComHandler>       <ClassId>{B1AEBB5D-EAD9-4476-B375-9C3ED9F32AFC}</ClassId>       <Data><![CDATA[timer]]></Data>     </ComHandler>   </Actions> </Task>"",""ClientProcessStartKey"":""14918173765664804"",""ClientProcessId"":""1348"",""ParentProcessId"":""708"",""RpcCallClientLocality"":""0"",""FQDN"":""DC1.kustoworks.com""}",,"b6e34ebb-bc90-4c30-9e7b-8a9feae2eec1",,WindowsEvent,"/subscriptions/00000000-0000-0000-0000-000000000000/resourcegroups/rg-sentinel/providers/microsoft.hybridcompute/machines/wef1"
