"00000000-0000-0000-0000-000000000000","4/23/2023, 6:18:49.019 PM",OpsManager,"KUSTOWORKS\DC1$",Machine,"DC1.kustoworks.com","Microsoft-Windows-Security-Auditing",Security,1,0,"<EventData xmlns=""http://schemas.microsoft.com/win/2004/08/events/event"">
  <Data Name=""SubjectUserSid"">S-1-5-18</Data>
  <Data Name=""SubjectUserName"">DC1$</Data>
  <Data Name=""SubjectDomainName"">KUSTOWORKS</Data>
  <Data Name=""SubjectLogonId"">0x3e7</Data>
  <Data Name=""TaskName"">\Microsoft\Windows\Application Experience\PcaPatchDbTask</Data>
  <Data Name=""TaskContentNew"">&lt;?xml version=""1.0"" encoding=""UTF-16""?&gt; &lt;Task version=""1.6"" xmlns=""http://schemas.microsoft.com/windows/2004/02/mit/task""&gt;   &lt;RegistrationInfo&gt;     &lt;Source&gt;Microsoft Corporation&lt;/Source&gt;     &lt;Author&gt;Microsoft Corporation&lt;/Author&gt;     &lt;Version&gt;1.0&lt;/Version&gt;     &lt;Description&gt;Updates compatibility database&lt;/Description&gt;     &lt;URI&gt;\Microsoft\Windows\Application Experience\PcaPatchDbTask&lt;/URI&gt;     &lt;SecurityDescriptor&gt;D:(A;;GA;;;BA)(A;;GA;;;SY)(A;;FRFX;;;LS)&lt;/SecurityDescriptor&gt;   &lt;/RegistrationInfo&gt;   &lt;Triggers&gt;     &lt;TimeTrigger&gt;       &lt;Repetition&gt;         &lt;Interval&gt;PT12H&lt;/Interval&gt;         &lt;StopAtDurationEnd&gt;false&lt;/StopAtDurationEnd&gt;       &lt;/Repetition&gt;       &lt;StartBoundary&gt;2008-09-01T03:00:00&lt;/StartBoundary&gt;       &lt;Enabled&gt;true&lt;/Enabled&gt;       &lt;RandomDelay&gt;PT2H&lt;/RandomDelay&gt;     &lt;/TimeTrigger&gt;   &lt;/Triggers&gt;   &lt;Principals&gt;     &lt;Principal id=""LocalSystem""&gt;       &lt;UserId&gt;S-1-5-18&lt;/UserId&gt;       &lt;RunLevel&gt;LeastPrivilege&lt;/RunLevel&gt;       &lt;LogonType&gt;InteractiveToken&lt;/LogonType&gt;     &lt;/Principal&gt;   &lt;/Principals&gt;   &lt;Settings&gt;     &lt;MultipleInstancesPolicy&gt;IgnoreNew&lt;/MultipleInstancesPolicy&gt;     &lt;DisallowStartIfOnBatteries&gt;false&lt;/DisallowStartIfOnBatteries&gt;     &lt;StopIfGoingOnBatteries&gt;false&lt;/StopIfGoingOnBatteries&gt;     &lt;AllowHardTerminate&gt;true&lt;/AllowHardTerminate&gt;     &lt;StartWhenAvailable&gt;true&lt;/StartWhenAvailable&gt;     &lt;RunOnlyIfNetworkAvailable&gt;true&lt;/RunOnlyIfNetworkAvailable&gt;     &lt;IdleSettings&gt;       &lt;StopOnIdleEnd&gt;false&lt;/StopOnIdleEnd&gt;       &lt;RestartOnIdle&gt;false&lt;/RestartOnIdle&gt;     &lt;/IdleSettings&gt;     &lt;AllowStartOnDemand&gt;true&lt;/AllowStartOnDemand&gt;     &lt;Enabled&gt;true&lt;/Enabled&gt;     &lt;Hidden&gt;false&lt;/Hidden&gt;     &lt;RunOnlyIfIdle&gt;false&lt;/RunOnlyIfIdle&gt;     &lt;DisallowStartOnRemoteAppSession&gt;false&lt;/DisallowStartOnRemoteAppSession&gt;     &lt;UseUnifiedSchedulingEngine&gt;true&lt;/UseUnifiedSchedulingEngine&gt;     &lt;WakeToRun&gt;false&lt;/WakeToRun&gt;     &lt;ExecutionTimeLimit&gt;P1D&lt;/ExecutionTimeLimit&gt;     &lt;Priority&gt;7&lt;/Priority&gt;   &lt;/Settings&gt;   &lt;Actions Context=""LocalSystem""&gt;     &lt;Exec&gt;       &lt;Command&gt;%windir%\system32\rundll32.exe&lt;/Command&gt;       &lt;Arguments&gt;%windir%\system32\PcaSvc.dll,PcaPatchSdbTask&lt;/Arguments&gt;     &lt;/Exec&gt;   &lt;/Actions&gt; &lt;/Task&gt;</Data>
  <Data Name=""ClientProcessStartKey"">14355223812243476</Data>
  <Data Name=""ClientProcessId"">1036</Data>
  <Data Name=""ParentProcessId"">684</Data>
  <Data Name=""RpcCallClientLocality"">0</Data>
  <Data Name=""FQDN"">DC1.kustoworks.com</Data>
</EventData>",4702,"4702 - A scheduled task was updated.","cc046e6c-795c-47b2-a5ae-c9a0645e6d32","cc046e6c-795c-47b2-a5ae-c9a0645e6d33","00000000-0000-0000-0000-000000000001","4/23/2023, 6:25:00.418 PM","AOI-00000000-0000-0000-0000-000000000000",,,,,,,,,,,,,,,,,,,,,,,,,,,,,,,,,,,,,,,,,,,,,,,,,,,,,,,,,,,,,,,,,,,,,,,,,,,,,,,,,,,,,,,,,,,,,,,,,,,,,,,,,,,,,,,,,,,,,,,,,,,,,,,,,,,,,,,,,,,,,,,,,,,,,,,,,,,,,,,"KUSTOWORKS\DC1$",,,,KUSTOWORKS,,0x3e7,,,"DC1$","S-1-5-18",,,,,,,,,,,,,,,,,,,,,,,,,,,,,,,,,,,,,SecurityEvent,"/subscriptions/00000000-0000-0000-0000-000000000000/resourcegroups/kustoworksarc/providers/microsoft.hybridcompute/machines/dc1"
"00000000-0000-0000-0000-000000000000","4/23/2023, 6:18:52.415 PM",OpsManager,"KUSTOWORKS\DC1$",Machine,"DC1.kustoworks.com","Microsoft-Windows-Security-Auditing",Security,1,0,"<EventData xmlns=""http://schemas.microsoft.com/win/2004/08/events/event"">
  <Data Name=""SubjectUserSid"">S-1-5-18</Data>
  <Data Name=""SubjectUserName"">DC1$</Data>
  <Data Name=""SubjectDomainName"">KUSTOWORKS</Data>
  <Data Name=""SubjectLogonId"">0x3e7</Data>
  <Data Name=""TaskName"">\Microsoft\Windows\UpdateOrchestrator\Schedule Scan</Data>
  <Data Name=""TaskContentNew"">&lt;?xml version=""1.0"" encoding=""UTF-16""?&gt; &lt;Task version=""1.2"" xmlns=""http://schemas.microsoft.com/windows/2004/02/mit/task""&gt;   &lt;RegistrationInfo&gt;     &lt;URI&gt;\Microsoft\Windows\UpdateOrchestrator\Schedule Scan&lt;/URI&gt;   &lt;/RegistrationInfo&gt;   &lt;Triggers&gt;     &lt;TimeTrigger&gt;       &lt;Repetition&gt;         &lt;Interval&gt;PT1320M&lt;/Interval&gt;         &lt;StopAtDurationEnd&gt;false&lt;/StopAtDurationEnd&gt;       &lt;/Repetition&gt;       &lt;StartBoundary&gt;2019-01-01T12:00:00&lt;/StartBoundary&gt;       &lt;Enabled&gt;true&lt;/Enabled&gt;       &lt;RandomDelay&gt;PT120M&lt;/RandomDelay&gt;     &lt;/TimeTrigger&gt;   &lt;/Triggers&gt;   &lt;Principals&gt;     &lt;Principal id=""Author""&gt;       &lt;RunLevel&gt;LeastPrivilege&lt;/RunLevel&gt;       &lt;UserId&gt;S-1-5-18&lt;/UserId&gt;     &lt;/Principal&gt;   &lt;/Principals&gt;   &lt;Settings&gt;     &lt;MultipleInstancesPolicy&gt;IgnoreNew&lt;/MultipleInstancesPolicy&gt;     &lt;DisallowStartIfOnBatteries&gt;true&lt;/DisallowStartIfOnBatteries&gt;     &lt;StopIfGoingOnBatteries&gt;true&lt;/StopIfGoingOnBatteries&gt;     &lt;AllowHardTerminate&gt;true&lt;/AllowHardTerminate&gt;     &lt;StartWhenAvailable&gt;true&lt;/StartWhenAvailable&gt;     &lt;RunOnlyIfNetworkAvailable&gt;false&lt;/RunOnlyIfNetworkAvailable&gt;     &lt;IdleSettings&gt;       &lt;Duration&gt;PT10M&lt;/Duration&gt;       &lt;WaitTimeout&gt;PT1H&lt;/WaitTimeout&gt;       &lt;StopOnIdleEnd&gt;true&lt;/StopOnIdleEnd&gt;       &lt;RestartOnIdle&gt;false&lt;/RestartOnIdle&gt;     &lt;/IdleSettings&gt;     &lt;AllowStartOnDemand&gt;true&lt;/AllowStartOnDemand&gt;     &lt;Enabled&gt;true&lt;/Enabled&gt;     &lt;Hidden&gt;false&lt;/Hidden&gt;     &lt;RunOnlyIfIdle&gt;false&lt;/RunOnlyIfIdle&gt;     &lt;WakeToRun&gt;false&lt;/WakeToRun&gt;     &lt;ExecutionTimeLimit&gt;PT72H&lt;/ExecutionTimeLimit&gt;     &lt;Priority&gt;7&lt;/Priority&gt;   &lt;/Settings&gt;   &lt;Actions Context=""Author""&gt;     &lt;Exec&gt;       &lt;Command&gt;%systemroot%\system32\usoclient.exe&lt;/Command&gt;       &lt;Arguments&gt;StartScan&lt;/Arguments&gt;     &lt;/Exec&gt;   &lt;/Actions&gt; &lt;/Task&gt;</Data>
  <Data Name=""ClientProcessStartKey"">14355223812243481</Data>
  <Data Name=""ClientProcessId"">1296</Data>
  <Data Name=""ParentProcessId"">684</Data>
  <Data Name=""RpcCallClientLocality"">0</Data>
  <Data Name=""FQDN"">DC1.kustoworks.com</Data>
</EventData>",4702,"4702 - A scheduled task was updated.","cc046e6c-795c-47b2-a5ae-c9a0645e6d32","cc046e6c-795c-47b2-a5ae-c9a0645e6d33","00000000-0000-0000-0000-000000000001","4/23/2023, 6:25:00.418 PM","AOI-00000000-0000-0000-0000-000000000000",,,,,,,,,,,,,,,,,,,,,,,,,,,,,,,,,,,,,,,,,,,,,,,,,,,,,,,,,,,,,,,,,,,,,,,,,,,,,,,,,,,,,,,,,,,,,,,,,,,,,,,,,,,,,,,,,,,,,,,,,,,,,,,,,,,,,,,,,,,,,,,,,,,,,,,,,,,,,,,"KUSTOWORKS\DC1$",,,,KUSTOWORKS,,0x3e7,,,"DC1$","S-1-5-18",,,,,,,,,,,,,,,,,,,,,,,,,,,,,,,,,,,,,SecurityEvent,"/subscriptions/00000000-0000-0000-0000-000000000000/resourcegroups/kustoworksarc/providers/microsoft.hybridcompute/machines/dc1"
"00000000-0000-0000-0000-000000000000","4/23/2023, 6:18:52.473 PM",OpsManager,"KUSTOWORKS\DC1$",Machine,"DC1.kustoworks.com","Microsoft-Windows-Security-Auditing",Security,1,0,"<EventData xmlns=""http://schemas.microsoft.com/win/2004/08/events/event"">
  <Data Name=""SubjectUserSid"">S-1-5-18</Data>
  <Data Name=""SubjectUserName"">DC1$</Data>
  <Data Name=""SubjectDomainName"">KUSTOWORKS</Data>
  <Data Name=""SubjectLogonId"">0x3e7</Data>
  <Data Name=""TaskName"">\Microsoft\Windows\UpdateOrchestrator\Schedule Scan</Data>
  <Data Name=""TaskContentNew"">&lt;?xml version=""1.0"" encoding=""UTF-16""?&gt; &lt;Task version=""1.2"" xmlns=""http://schemas.microsoft.com/windows/2004/02/mit/task""&gt;   &lt;RegistrationInfo&gt;     &lt;URI&gt;\Microsoft\Windows\UpdateOrchestrator\Schedule Scan&lt;/URI&gt;   &lt;/RegistrationInfo&gt;   &lt;Triggers&gt;     &lt;TimeTrigger&gt;       &lt;Repetition&gt;         &lt;Interval&gt;PT1320M&lt;/Interval&gt;         &lt;StopAtDurationEnd&gt;false&lt;/StopAtDurationEnd&gt;       &lt;/Repetition&gt;       &lt;StartBoundary&gt;2019-01-01T12:00:00&lt;/StartBoundary&gt;       &lt;Enabled&gt;true&lt;/Enabled&gt;       &lt;RandomDelay&gt;PT120M&lt;/RandomDelay&gt;     &lt;/TimeTrigger&gt;   &lt;/Triggers&gt;   &lt;Principals&gt;     &lt;Principal id=""Author""&gt;       &lt;UserId&gt;S-1-5-18&lt;/UserId&gt;       &lt;RunLevel&gt;LeastPrivilege&lt;/RunLevel&gt;     &lt;/Principal&gt;   &lt;/Principals&gt;   &lt;Settings&gt;     &lt;MultipleInstancesPolicy&gt;IgnoreNew&lt;/MultipleInstancesPolicy&gt;     &lt;DisallowStartIfOnBatteries&gt;true&lt;/DisallowStartIfOnBatteries&gt;     &lt;StopIfGoingOnBatteries&gt;true&lt;/StopIfGoingOnBatteries&gt;     &lt;AllowHardTerminate&gt;true&lt;/AllowHardTerminate&gt;     &lt;StartWhenAvailable&gt;true&lt;/StartWhenAvailable&gt;     &lt;RunOnlyIfNetworkAvailable&gt;false&lt;/RunOnlyIfNetworkAvailable&gt;     &lt;IdleSettings&gt;       &lt;Duration&gt;PT10M&lt;/Duration&gt;       &lt;WaitTimeout&gt;PT1H&lt;/WaitTimeout&gt;       &lt;StopOnIdleEnd&gt;true&lt;/StopOnIdleEnd&gt;       &lt;RestartOnIdle&gt;false&lt;/RestartOnIdle&gt;     &lt;/IdleSettings&gt;     &lt;AllowStartOnDemand&gt;true&lt;/AllowStartOnDemand&gt;     &lt;Enabled&gt;true&lt;/Enabled&gt;     &lt;Hidden&gt;false&lt;/Hidden&gt;     &lt;RunOnlyIfIdle&gt;false&lt;/RunOnlyIfIdle&gt;     &lt;WakeToRun&gt;false&lt;/WakeToRun&gt;     &lt;ExecutionTimeLimit&gt;PT72H&lt;/ExecutionTimeLimit&gt;     &lt;Priority&gt;7&lt;/Priority&gt;   &lt;/Settings&gt;   &lt;Actions Context=""Author""&gt;     &lt;Exec&gt;       &lt;Command&gt;%systemroot%\system32\usoclient.exe&lt;/Command&gt;       &lt;Arguments&gt;StartScan&lt;/Arguments&gt;     &lt;/Exec&gt;   &lt;/Actions&gt; &lt;/Task&gt;</Data>
  <Data Name=""ClientProcessStartKey"">14355223812243603</Data>
  <Data Name=""ClientProcessId"">2232</Data>
  <Data Name=""ParentProcessId"">684</Data>
  <Data Name=""RpcCallClientLocality"">0</Data>
  <Data Name=""FQDN"">DC1.kustoworks.com</Data>
</EventData>",4702,"4702 - A scheduled task was updated.","cc046e6c-795c-47b2-a5ae-c9a0645e6d32","cc046e6c-795c-47b2-a5ae-c9a0645e6d33","00000000-0000-0000-0000-000000000001","4/23/2023, 6:25:00.418 PM","AOI-00000000-0000-0000-0000-000000000000",,,,,,,,,,,,,,,,,,,,,,,,,,,,,,,,,,,,,,,,,,,,,,,,,,,,,,,,,,,,,,,,,,,,,,,,,,,,,,,,,,,,,,,,,,,,,,,,,,,,,,,,,,,,,,,,,,,,,,,,,,,,,,,,,,,,,,,,,,,,,,,,,,,,,,,,,,,,,,,"KUSTOWORKS\DC1$",,,,KUSTOWORKS,,0x3e7,,,"DC1$","S-1-5-18",,,,,,,,,,,,,,,,,,,,,,,,,,,,,,,,,,,,,SecurityEvent,"/subscriptions/00000000-0000-0000-0000-000000000000/resourcegroups/kustoworksarc/providers/microsoft.hybridcompute/machines/dc1"
"00000000-0000-0000-0000-000000000000","4/23/2023, 6:18:53.764 PM",OpsManager,"KUSTOWORKS\DC1$",Machine,"DC1.kustoworks.com","Microsoft-Windows-Security-Auditing",Security,1,0,"<EventData xmlns=""http://schemas.microsoft.com/win/2004/08/events/event"">
  <Data Name=""SubjectUserSid"">S-1-5-18</Data>
  <Data Name=""SubjectUserName"">DC1$</Data>
  <Data Name=""SubjectDomainName"">KUSTOWORKS</Data>
  <Data Name=""SubjectLogonId"">0x3e7</Data>
  <Data Name=""TaskName"">\Microsoft\Windows\UpdateOrchestrator\Schedule Scan</Data>
  <Data Name=""TaskContentNew"">&lt;?xml version=""1.0"" encoding=""UTF-16""?&gt; &lt;Task version=""1.2"" xmlns=""http://schemas.microsoft.com/windows/2004/02/mit/task""&gt;   &lt;RegistrationInfo&gt;     &lt;URI&gt;\Microsoft\Windows\UpdateOrchestrator\Schedule Scan&lt;/URI&gt;   &lt;/RegistrationInfo&gt;   &lt;Triggers&gt;     &lt;TimeTrigger&gt;       &lt;Repetition&gt;         &lt;Interval&gt;PT420M&lt;/Interval&gt;         &lt;StopAtDurationEnd&gt;false&lt;/StopAtDurationEnd&gt;       &lt;/Repetition&gt;       &lt;StartBoundary&gt;2019-01-01T12:00:00&lt;/StartBoundary&gt;       &lt;Enabled&gt;true&lt;/Enabled&gt;       &lt;RandomDelay&gt;PT105M&lt;/RandomDelay&gt;     &lt;/TimeTrigger&gt;   &lt;/Triggers&gt;   &lt;Principals&gt;     &lt;Principal id=""Author""&gt;       &lt;RunLevel&gt;LeastPrivilege&lt;/RunLevel&gt;       &lt;UserId&gt;S-1-5-18&lt;/UserId&gt;     &lt;/Principal&gt;   &lt;/Principals&gt;   &lt;Settings&gt;     &lt;MultipleInstancesPolicy&gt;IgnoreNew&lt;/MultipleInstancesPolicy&gt;     &lt;DisallowStartIfOnBatteries&gt;true&lt;/DisallowStartIfOnBatteries&gt;     &lt;StopIfGoingOnBatteries&gt;true&lt;/StopIfGoingOnBatteries&gt;     &lt;AllowHardTerminate&gt;true&lt;/AllowHardTerminate&gt;     &lt;StartWhenAvailable&gt;true&lt;/StartWhenAvailable&gt;     &lt;RunOnlyIfNetworkAvailable&gt;false&lt;/RunOnlyIfNetworkAvailable&gt;     &lt;IdleSettings&gt;       &lt;Duration&gt;PT10M&lt;/Duration&gt;       &lt;WaitTimeout&gt;PT1H&lt;/WaitTimeout&gt;       &lt;StopOnIdleEnd&gt;true&lt;/StopOnIdleEnd&gt;       &lt;RestartOnIdle&gt;false&lt;/RestartOnIdle&gt;     &lt;/IdleSettings&gt;     &lt;AllowStartOnDemand&gt;true&lt;/AllowStartOnDemand&gt;     &lt;Enabled&gt;true&lt;/Enabled&gt;     &lt;Hidden&gt;false&lt;/Hidden&gt;     &lt;RunOnlyIfIdle&gt;false&lt;/RunOnlyIfIdle&gt;     &lt;WakeToRun&gt;false&lt;/WakeToRun&gt;     &lt;ExecutionTimeLimit&gt;PT72H&lt;/ExecutionTimeLimit&gt;     &lt;Priority&gt;7&lt;/Priority&gt;   &lt;/Settings&gt;   &lt;Actions Context=""Author""&gt;     &lt;Exec&gt;       &lt;Command&gt;%systemroot%\system32\usoclient.exe&lt;/Command&gt;       &lt;Arguments&gt;StartScan&lt;/Arguments&gt;     &lt;/Exec&gt;   &lt;/Actions&gt; &lt;/Task&gt;</Data>
  <Data Name=""ClientProcessStartKey"">14355223812243604</Data>
  <Data Name=""ClientProcessId"">1264</Data>
  <Data Name=""ParentProcessId"">892</Data>
  <Data Name=""RpcCallClientLocality"">0</Data>
  <Data Name=""FQDN"">DC1.kustoworks.com</Data>
</EventData>",4702,"4702 - A scheduled task was updated.","cc046e6c-795c-47b2-a5ae-c9a0645e6d32","cc046e6c-795c-47b2-a5ae-c9a0645e6d33","00000000-0000-0000-0000-000000000001","4/23/2023, 6:25:00.418 PM","AOI-00000000-0000-0000-0000-000000000000",,,,,,,,,,,,,,,,,,,,,,,,,,,,,,,,,,,,,,,,,,,,,,,,,,,,,,,,,,,,,,,,,,,,,,,,,,,,,,,,,,,,,,,,,,,,,,,,,,,,,,,,,,,,,,,,,,,,,,,,,,,,,,,,,,,,,,,,,,,,,,,,,,,,,,,,,,,,,,,"KUSTOWORKS\DC1$",,,,KUSTOWORKS,,0x3e7,,,"DC1$","S-1-5-18",,,,,,,,,,,,,,,,,,,,,,,,,,,,,,,,,,,,,SecurityEvent,"/subscriptions/00000000-0000-0000-0000-000000000000/resourcegroups/kustoworksarc/providers/microsoft.hybridcompute/machines/dc1"
"00000000-0000-0000-0000-000000000000","4/23/2023, 6:18:53.773 PM",OpsManager,"KUSTOWORKS\DC1$",Machine,"DC1.kustoworks.com","Microsoft-Windows-Security-Auditing",Security,1,0,"<EventData xmlns=""http://schemas.microsoft.com/win/2004/08/events/event"">
  <Data Name=""SubjectUserSid"">S-1-5-18</Data>
  <Data Name=""SubjectUserName"">DC1$</Data>
  <Data Name=""SubjectDomainName"">KUSTOWORKS</Data>
  <Data Name=""SubjectLogonId"">0x3e7</Data>
  <Data Name=""TaskName"">\Microsoft\Windows\UpdateOrchestrator\Schedule Scan</Data>
  <Data Name=""TaskContentNew"">&lt;?xml version=""1.0"" encoding=""UTF-16""?&gt; &lt;Task version=""1.2"" xmlns=""http://schemas.microsoft.com/windows/2004/02/mit/task""&gt;   &lt;RegistrationInfo&gt;     &lt;URI&gt;\Microsoft\Windows\UpdateOrchestrator\Schedule Scan&lt;/URI&gt;   &lt;/RegistrationInfo&gt;   &lt;Triggers&gt;     &lt;TimeTrigger&gt;       &lt;Repetition&gt;         &lt;Interval&gt;PT420M&lt;/Interval&gt;         &lt;StopAtDurationEnd&gt;false&lt;/StopAtDurationEnd&gt;       &lt;/Repetition&gt;       &lt;StartBoundary&gt;2019-01-01T12:00:00&lt;/StartBoundary&gt;       &lt;Enabled&gt;true&lt;/Enabled&gt;       &lt;RandomDelay&gt;PT105M&lt;/RandomDelay&gt;     &lt;/TimeTrigger&gt;   &lt;/Triggers&gt;   &lt;Principals&gt;     &lt;Principal id=""Author""&gt;       &lt;UserId&gt;S-1-5-18&lt;/UserId&gt;       &lt;RunLevel&gt;LeastPrivilege&lt;/RunLevel&gt;     &lt;/Principal&gt;   &lt;/Principals&gt;   &lt;Settings&gt;     &lt;MultipleInstancesPolicy&gt;IgnoreNew&lt;/MultipleInstancesPolicy&gt;     &lt;DisallowStartIfOnBatteries&gt;true&lt;/DisallowStartIfOnBatteries&gt;     &lt;StopIfGoingOnBatteries&gt;true&lt;/StopIfGoingOnBatteries&gt;     &lt;AllowHardTerminate&gt;true&lt;/AllowHardTerminate&gt;     &lt;StartWhenAvailable&gt;true&lt;/StartWhenAvailable&gt;     &lt;RunOnlyIfNetworkAvailable&gt;false&lt;/RunOnlyIfNetworkAvailable&gt;     &lt;IdleSettings&gt;       &lt;Duration&gt;PT10M&lt;/Duration&gt;       &lt;WaitTimeout&gt;PT1H&lt;/WaitTimeout&gt;       &lt;StopOnIdleEnd&gt;true&lt;/StopOnIdleEnd&gt;       &lt;RestartOnIdle&gt;false&lt;/RestartOnIdle&gt;     &lt;/IdleSettings&gt;     &lt;AllowStartOnDemand&gt;true&lt;/AllowStartOnDemand&gt;     &lt;Enabled&gt;true&lt;/Enabled&gt;     &lt;Hidden&gt;false&lt;/Hidden&gt;     &lt;RunOnlyIfIdle&gt;false&lt;/RunOnlyIfIdle&gt;     &lt;WakeToRun&gt;false&lt;/WakeToRun&gt;     &lt;ExecutionTimeLimit&gt;PT72H&lt;/ExecutionTimeLimit&gt;     &lt;Priority&gt;7&lt;/Priority&gt;   &lt;/Settings&gt;   &lt;Actions Context=""Author""&gt;     &lt;Exec&gt;       &lt;Command&gt;%systemroot%\system32\usoclient.exe&lt;/Command&gt;       &lt;Arguments&gt;StartScan&lt;/Arguments&gt;     &lt;/Exec&gt;   &lt;/Actions&gt; &lt;/Task&gt;</Data>
  <Data Name=""ClientProcessStartKey"">14355223812243603</Data>
  <Data Name=""ClientProcessId"">2232</Data>
  <Data Name=""ParentProcessId"">684</Data>
  <Data Name=""RpcCallClientLocality"">0</Data>
  <Data Name=""FQDN"">DC1.kustoworks.com</Data>
</EventData>",4702,"4702 - A scheduled task was updated.","cc046e6c-795c-47b2-a5ae-c9a0645e6d32","cc046e6c-795c-47b2-a5ae-c9a0645e6d33","00000000-0000-0000-0000-000000000001","4/23/2023, 6:25:00.418 PM","AOI-00000000-0000-0000-0000-000000000000",,,,,,,,,,,,,,,,,,,,,,,,,,,,,,,,,,,,,,,,,,,,,,,,,,,,,,,,,,,,,,,,,,,,,,,,,,,,,,,,,,,,,,,,,,,,,,,,,,,,,,,,,,,,,,,,,,,,,,,,,,,,,,,,,,,,,,,,,,,,,,,,,,,,,,,,,,,,,,,"KUSTOWORKS\DC1$",,,,KUSTOWORKS,,0x3e7,,,"DC1$","S-1-5-18",,,,,,,,,,,,,,,,,,,,,,,,,,,,,,,,,,,,,SecurityEvent,"/subscriptions/00000000-0000-0000-0000-000000000000/resourcegroups/kustoworksarc/providers/microsoft.hybridcompute/machines/dc1"
"00000000-0000-0000-0000-000000000000","4/23/2023, 6:19:04.693 PM",OpsManager,"KUSTOWORKS\DC1$",Machine,"DC1.kustoworks.com","Microsoft-Windows-Security-Auditing",Security,1,0,"<EventData xmlns=""http://schemas.microsoft.com/win/2004/08/events/event"">
  <Data Name=""SubjectUserSid"">S-1-5-18</Data>
  <Data Name=""SubjectUserName"">DC1$</Data>
  <Data Name=""SubjectDomainName"">KUSTOWORKS</Data>
  <Data Name=""SubjectLogonId"">0x3e7</Data>
  <Data Name=""TaskName"">\Microsoft\Windows\Flighting\OneSettings\RefreshCache</Data>
  <Data Name=""TaskContentNew"">&lt;?xml version=""1.0"" encoding=""UTF-16""?&gt; &lt;Task version=""1.6"" xmlns=""http://schemas.microsoft.com/windows/2004/02/mit/task""&gt;   &lt;RegistrationInfo&gt;     &lt;Source&gt;$(@%systemroot%\system32\wosc.dll,-602)&lt;/Source&gt;     &lt;Author&gt;$(@%systemroot%\system32\wosc.dll,-601)&lt;/Author&gt;     &lt;Description&gt;$(@%systemroot%\system32\wosc.dll,-603)&lt;/Description&gt;     &lt;URI&gt;\Microsoft\Windows\Flighting\OneSettings\RefreshCache&lt;/URI&gt;     &lt;SecurityDescriptor&gt;D:P(A;;FA;;;SY)(A;;FA;;;BA)(A;;FRFX;;;AU)&lt;/SecurityDescriptor&gt;   &lt;/RegistrationInfo&gt;   &lt;Triggers&gt;     &lt;TimeTrigger&gt;       &lt;Repetition&gt;         &lt;Interval&gt;PT220M&lt;/Interval&gt;         &lt;StopAtDurationEnd&gt;false&lt;/StopAtDurationEnd&gt;       &lt;/Repetition&gt;       &lt;StartBoundary&gt;2023-04-23T18:20:04.678Z&lt;/StartBoundary&gt;       &lt;Enabled&gt;true&lt;/Enabled&gt;       &lt;RandomDelay&gt;PT1H&lt;/RandomDelay&gt;     &lt;/TimeTrigger&gt;     &lt;WnfStateChangeTrigger&gt;       &lt;Enabled&gt;true&lt;/Enabled&gt;       &lt;StateName&gt;7538BCA33A019502&lt;/StateName&gt;     &lt;/WnfStateChangeTrigger&gt;   &lt;/Triggers&gt;   &lt;Principals&gt;     &lt;Principal id=""LocalSystem""&gt;       &lt;UserId&gt;S-1-5-18&lt;/UserId&gt;       &lt;RunLevel&gt;LeastPrivilege&lt;/RunLevel&gt;     &lt;/Principal&gt;   &lt;/Principals&gt;   &lt;Settings&gt;     &lt;MultipleInstancesPolicy&gt;IgnoreNew&lt;/MultipleInstancesPolicy&gt;     &lt;DisallowStartIfOnBatteries&gt;false&lt;/DisallowStartIfOnBatteries&gt;     &lt;StopIfGoingOnBatteries&gt;false&lt;/StopIfGoingOnBatteries&gt;     &lt;AllowHardTerminate&gt;true&lt;/AllowHardTerminate&gt;     &lt;StartWhenAvailable&gt;true&lt;/StartWhenAvailable&gt;     &lt;RunOnlyIfNetworkAvailable&gt;true&lt;/RunOnlyIfNetworkAvailable&gt;     &lt;IdleSettings&gt;       &lt;StopOnIdleEnd&gt;false&lt;/StopOnIdleEnd&gt;       &lt;RestartOnIdle&gt;false&lt;/RestartOnIdle&gt;     &lt;/IdleSettings&gt;     &lt;AllowStartOnDemand&gt;true&lt;/AllowStartOnDemand&gt;     &lt;Enabled&gt;true&lt;/Enabled&gt;     &lt;Hidden&gt;false&lt;/Hidden&gt;     &lt;RunOnlyIfIdle&gt;false&lt;/RunOnlyIfIdle&gt;     &lt;DisallowStartOnRemoteAppSession&gt;false&lt;/DisallowStartOnRemoteAppSession&gt;     &lt;UseUnifiedSchedulingEngine&gt;true&lt;/UseUnifiedSchedulingEngine&gt;     &lt;WakeToRun&gt;false&lt;/WakeToRun&gt;     &lt;ExecutionTimeLimit&gt;PT5M&lt;/ExecutionTimeLimit&gt;     &lt;Priority&gt;7&lt;/Priority&gt;   &lt;/Settings&gt;   &lt;Actions Context=""LocalSystem""&gt;     &lt;ComHandler&gt;       &lt;ClassId&gt;{E07647F7-AED2-48D9-9720-939BC24A8A3C}&lt;/ClassId&gt;     &lt;/ComHandler&gt;   &lt;/Actions&gt; &lt;/Task&gt;</Data>
  <Data Name=""ClientProcessStartKey"">14355223812243605</Data>
  <Data Name=""ClientProcessId"">3096</Data>
  <Data Name=""ParentProcessId"">1296</Data>
  <Data Name=""RpcCallClientLocality"">0</Data>
  <Data Name=""FQDN"">DC1.kustoworks.com</Data>
</EventData>",4702,"4702 - A scheduled task was updated.","cc046e6c-795c-47b2-a5ae-c9a0645e6d32","cc046e6c-795c-47b2-a5ae-c9a0645e6d33","00000000-0000-0000-0000-000000000001","4/23/2023, 6:25:05.559 PM","AOI-00000000-0000-0000-0000-000000000000",,,,,,,,,,,,,,,,,,,,,,,,,,,,,,,,,,,,,,,,,,,,,,,,,,,,,,,,,,,,,,,,,,,,,,,,,,,,,,,,,,,,,,,,,,,,,,,,,,,,,,,,,,,,,,,,,,,,,,,,,,,,,,,,,,,,,,,,,,,,,,,,,,,,,,,,,,,,,,,"KUSTOWORKS\DC1$",,,,KUSTOWORKS,,0x3e7,,,"DC1$","S-1-5-18",,,,,,,,,,,,,,,,,,,,,,,,,,,,,,,,,,,,,SecurityEvent,"/subscriptions/00000000-0000-0000-0000-000000000000/resourcegroups/kustoworksarc/providers/microsoft.hybridcompute/machines/dc1"
"00000000-0000-0000-0000-000000000000","4/23/2023, 6:19:15.051 PM",OpsManager,"KUSTOWORKS\DC1$",Machine,"DC1.kustoworks.com","Microsoft-Windows-Security-Auditing",Security,1,0,"<EventData xmlns=""http://schemas.microsoft.com/win/2004/08/events/event"">
  <Data Name=""SubjectUserSid"">S-1-5-18</Data>
  <Data Name=""SubjectUserName"">DC1$</Data>
  <Data Name=""SubjectDomainName"">KUSTOWORKS</Data>
  <Data Name=""SubjectLogonId"">0x3e7</Data>
  <Data Name=""TaskName"">\Microsoft\Windows\UpdateOrchestrator\Reboot_AC</Data>
  <Data Name=""TaskContentNew"">&lt;?xml version=""1.0"" encoding=""UTF-16""?&gt; &lt;Task version=""1.2"" xmlns=""http://schemas.microsoft.com/windows/2004/02/mit/task""&gt;   &lt;RegistrationInfo&gt;     &lt;URI&gt;\Microsoft\Windows\UpdateOrchestrator\Reboot_AC&lt;/URI&gt;   &lt;/RegistrationInfo&gt;   &lt;Triggers&gt;     &lt;TimeTrigger&gt;       &lt;StartBoundary&gt;2023-04-24T21:19:15.023Z&lt;/StartBoundary&gt;       &lt;Enabled&gt;true&lt;/Enabled&gt;     &lt;/TimeTrigger&gt;   &lt;/Triggers&gt;   &lt;Settings&gt;     &lt;MultipleInstancesPolicy&gt;IgnoreNew&lt;/MultipleInstancesPolicy&gt;     &lt;DisallowStartIfOnBatteries&gt;true&lt;/DisallowStartIfOnBatteries&gt;     &lt;StopIfGoingOnBatteries&gt;true&lt;/StopIfGoingOnBatteries&gt;     &lt;AllowHardTerminate&gt;true&lt;/AllowHardTerminate&gt;     &lt;StartWhenAvailable&gt;true&lt;/StartWhenAvailable&gt;     &lt;RunOnlyIfNetworkAvailable&gt;false&lt;/RunOnlyIfNetworkAvailable&gt;     &lt;IdleSettings&gt;       &lt;Duration&gt;PT10M&lt;/Duration&gt;       &lt;WaitTimeout&gt;PT1H&lt;/WaitTimeout&gt;       &lt;StopOnIdleEnd&gt;true&lt;/StopOnIdleEnd&gt;       &lt;RestartOnIdle&gt;false&lt;/RestartOnIdle&gt;     &lt;/IdleSettings&gt;     &lt;AllowStartOnDemand&gt;true&lt;/AllowStartOnDemand&gt;     &lt;Enabled&gt;true&lt;/Enabled&gt;     &lt;Hidden&gt;false&lt;/Hidden&gt;     &lt;RunOnlyIfIdle&gt;false&lt;/RunOnlyIfIdle&gt;     &lt;WakeToRun&gt;false&lt;/WakeToRun&gt;     &lt;ExecutionTimeLimit&gt;PT72H&lt;/ExecutionTimeLimit&gt;     &lt;Priority&gt;7&lt;/Priority&gt;   &lt;/Settings&gt;   &lt;Actions Context=""Author""&gt;     &lt;Exec&gt;       &lt;Command&gt;%systemroot%\system32\MusNotification.exe&lt;/Command&gt;       &lt;Arguments&gt;Display&lt;/Arguments&gt;     &lt;/Exec&gt;   &lt;/Actions&gt;   &lt;Principals&gt;     &lt;Principal id=""Author""&gt;       &lt;UserId&gt;S-1-5-18&lt;/UserId&gt;       &lt;RunLevel&gt;LeastPrivilege&lt;/RunLevel&gt;     &lt;/Principal&gt;   &lt;/Principals&gt; &lt;/Task&gt;</Data>
  <Data Name=""ClientProcessStartKey"">14355223812243481</Data>
  <Data Name=""ClientProcessId"">1296</Data>
  <Data Name=""ParentProcessId"">684</Data>
  <Data Name=""RpcCallClientLocality"">0</Data>
  <Data Name=""FQDN"">DC1.kustoworks.com</Data>
</EventData>",4702,"4702 - A scheduled task was updated.","cc046e6c-795c-47b2-a5ae-c9a0645e6d32","cc046e6c-795c-47b2-a5ae-c9a0645e6d33","00000000-0000-0000-0000-000000000001","4/23/2023, 6:25:05.559 PM","AOI-00000000-0000-0000-0000-000000000000",,,,,,,,,,,,,,,,,,,,,,,,,,,,,,,,,,,,,,,,,,,,,,,,,,,,,,,,,,,,,,,,,,,,,,,,,,,,,,,,,,,,,,,,,,,,,,,,,,,,,,,,,,,,,,,,,,,,,,,,,,,,,,,,,,,,,,,,,,,,,,,,,,,,,,,,,,,,,,,"KUSTOWORKS\DC1$",,,,KUSTOWORKS,,0x3e7,,,"DC1$","S-1-5-18",,,,,,,,,,,,,,,,,,,,,,,,,,,,,,,,,,,,,SecurityEvent,"/subscriptions/00000000-0000-0000-0000-000000000000/resourcegroups/kustoworksarc/providers/microsoft.hybridcompute/machines/dc1"
"00000000-0000-0000-0000-000000000000","4/23/2023, 6:19:15.176 PM",OpsManager,"KUSTOWORKS\DC1$",Machine,"DC1.kustoworks.com","Microsoft-Windows-Security-Auditing",Security,1,0,"<EventData xmlns=""http://schemas.microsoft.com/win/2004/08/events/event"">
  <Data Name=""SubjectUserSid"">S-1-5-18</Data>
  <Data Name=""SubjectUserName"">DC1$</Data>
  <Data Name=""SubjectDomainName"">KUSTOWORKS</Data>
  <Data Name=""SubjectLogonId"">0x3e7</Data>
  <Data Name=""TaskName"">\Microsoft\Windows\UpdateOrchestrator\MusUx_UpdateInterval</Data>
  <Data Name=""TaskContentNew"">&lt;?xml version=""1.0"" encoding=""UTF-16""?&gt; &lt;Task version=""1.2"" xmlns=""http://schemas.microsoft.com/windows/2004/02/mit/task""&gt;   &lt;RegistrationInfo&gt;     &lt;URI&gt;\Microsoft\Windows\UpdateOrchestrator\MusUx_UpdateInterval&lt;/URI&gt;   &lt;/RegistrationInfo&gt;   &lt;Triggers&gt;     &lt;LogonTrigger&gt;       &lt;Enabled&gt;true&lt;/Enabled&gt;       &lt;Delay&gt;PT35S&lt;/Delay&gt;     &lt;/LogonTrigger&gt;   &lt;/Triggers&gt;   &lt;Settings&gt;     &lt;MultipleInstancesPolicy&gt;IgnoreNew&lt;/MultipleInstancesPolicy&gt;     &lt;DisallowStartIfOnBatteries&gt;true&lt;/DisallowStartIfOnBatteries&gt;     &lt;StopIfGoingOnBatteries&gt;true&lt;/StopIfGoingOnBatteries&gt;     &lt;AllowHardTerminate&gt;true&lt;/AllowHardTerminate&gt;     &lt;StartWhenAvailable&gt;true&lt;/StartWhenAvailable&gt;     &lt;RunOnlyIfNetworkAvailable&gt;false&lt;/RunOnlyIfNetworkAvailable&gt;     &lt;IdleSettings&gt;       &lt;Duration&gt;PT10M&lt;/Duration&gt;       &lt;WaitTimeout&gt;PT1H&lt;/WaitTimeout&gt;       &lt;StopOnIdleEnd&gt;true&lt;/StopOnIdleEnd&gt;       &lt;RestartOnIdle&gt;false&lt;/RestartOnIdle&gt;     &lt;/IdleSettings&gt;     &lt;AllowStartOnDemand&gt;true&lt;/AllowStartOnDemand&gt;     &lt;Enabled&gt;true&lt;/Enabled&gt;     &lt;Hidden&gt;false&lt;/Hidden&gt;     &lt;RunOnlyIfIdle&gt;false&lt;/RunOnlyIfIdle&gt;     &lt;WakeToRun&gt;false&lt;/WakeToRun&gt;     &lt;ExecutionTimeLimit&gt;PT72H&lt;/ExecutionTimeLimit&gt;     &lt;Priority&gt;7&lt;/Priority&gt;   &lt;/Settings&gt;   &lt;Actions Context=""Author""&gt;     &lt;Exec&gt;       &lt;Command&gt;%systemroot%\system32\MusNotification.exe&lt;/Command&gt;       &lt;Arguments&gt;LogonDisplay&lt;/Arguments&gt;     &lt;/Exec&gt;   &lt;/Actions&gt;   &lt;Principals&gt;     &lt;Principal id=""Author""&gt;       &lt;UserId&gt;S-1-5-18&lt;/UserId&gt;       &lt;RunLevel&gt;LeastPrivilege&lt;/RunLevel&gt;     &lt;/Principal&gt;   &lt;/Principals&gt; &lt;/Task&gt;</Data>
  <Data Name=""ClientProcessStartKey"">14355223812243481</Data>
  <Data Name=""ClientProcessId"">1296</Data>
  <Data Name=""ParentProcessId"">684</Data>
  <Data Name=""RpcCallClientLocality"">0</Data>
  <Data Name=""FQDN"">DC1.kustoworks.com</Data>
</EventData>",4702,"4702 - A scheduled task was updated.","cc046e6c-795c-47b2-a5ae-c9a0645e6d32","cc046e6c-795c-47b2-a5ae-c9a0645e6d33","00000000-0000-0000-0000-000000000001","4/23/2023, 6:25:05.559 PM","AOI-00000000-0000-0000-0000-000000000000",,,,,,,,,,,,,,,,,,,,,,,,,,,,,,,,,,,,,,,,,,,,,,,,,,,,,,,,,,,,,,,,,,,,,,,,,,,,,,,,,,,,,,,,,,,,,,,,,,,,,,,,,,,,,,,,,,,,,,,,,,,,,,,,,,,,,,,,,,,,,,,,,,,,,,,,,,,,,,,"KUSTOWORKS\DC1$",,,,KUSTOWORKS,,0x3e7,,,"DC1$","S-1-5-18",,,,,,,,,,,,,,,,,,,,,,,,,,,,,,,,,,,,,SecurityEvent,"/subscriptions/00000000-0000-0000-0000-000000000000/resourcegroups/kustoworksarc/providers/microsoft.hybridcompute/machines/dc1"
"00000000-0000-0000-0000-000000000000","4/23/2023, 6:19:36.016 PM",OpsManager,"KUSTOWORKS\DC1$",Machine,"DC1.kustoworks.com","Microsoft-Windows-Security-Auditing",Security,1,0,"<EventData xmlns=""http://schemas.microsoft.com/win/2004/08/events/event"">
  <Data Name=""SubjectUserSid"">S-1-5-20</Data>
  <Data Name=""SubjectUserName"">DC1$</Data>
  <Data Name=""SubjectDomainName"">KUSTOWORKS</Data>
  <Data Name=""SubjectLogonId"">0x3e4</Data>
  <Data Name=""TaskName"">\Microsoft\Windows\SoftwareProtectionPlatform\SvcRestartTask</Data>
  <Data Name=""TaskContentNew"">&lt;?xml version=""1.0"" encoding=""UTF-16""?&gt; &lt;Task version=""1.6"" xmlns=""http://schemas.microsoft.com/windows/2004/02/mit/task""&gt;   &lt;RegistrationInfo&gt;     &lt;Source&gt;$(@%systemroot%\system32\sppc.dll,-200)&lt;/Source&gt;     &lt;Author&gt;$(@%systemroot%\system32\sppc.dll,-200)&lt;/Author&gt;     &lt;Version&gt;1.0&lt;/Version&gt;     &lt;Description&gt;$(@%systemroot%\system32\sppc.dll,-201)&lt;/Description&gt;     &lt;URI&gt;\Microsoft\Windows\SoftwareProtectionPlatform\SvcRestartTask&lt;/URI&gt;     &lt;SecurityDescriptor&gt;D:P(A;;FA;;;SY)(A;;FA;;;BA)(A;;FA;;;S-1-5-80-123231216-2592883651-3715271367-3753151631-4175906628)(A;;FR;;;S-1-5-87-2912274048-3994893941-1669128114-1310430903-1263774323)&lt;/SecurityDescriptor&gt;   &lt;/RegistrationInfo&gt;   &lt;Triggers&gt;     &lt;CalendarTrigger&gt;       &lt;StartBoundary&gt;2023-04-24T18:15:35Z&lt;/StartBoundary&gt;       &lt;Enabled&gt;true&lt;/Enabled&gt;       &lt;ScheduleByDay&gt;         &lt;DaysInterval&gt;1&lt;/DaysInterval&gt;       &lt;/ScheduleByDay&gt;     &lt;/CalendarTrigger&gt;   &lt;/Triggers&gt;   &lt;Principals&gt;     &lt;Principal id=""NetworkService""&gt;       &lt;UserId&gt;S-1-5-20&lt;/UserId&gt;       &lt;RunLevel&gt;LeastPrivilege&lt;/RunLevel&gt;     &lt;/Principal&gt;   &lt;/Principals&gt;   &lt;Settings&gt;     &lt;MultipleInstancesPolicy&gt;IgnoreNew&lt;/MultipleInstancesPolicy&gt;     &lt;DisallowStartIfOnBatteries&gt;true&lt;/DisallowStartIfOnBatteries&gt;     &lt;StopIfGoingOnBatteries&gt;true&lt;/StopIfGoingOnBatteries&gt;     &lt;AllowHardTerminate&gt;false&lt;/AllowHardTerminate&gt;     &lt;StartWhenAvailable&gt;true&lt;/StartWhenAvailable&gt;     &lt;RunOnlyIfNetworkAvailable&gt;false&lt;/RunOnlyIfNetworkAvailable&gt;     &lt;IdleSettings&gt;       &lt;StopOnIdleEnd&gt;true&lt;/StopOnIdleEnd&gt;       &lt;RestartOnIdle&gt;false&lt;/RestartOnIdle&gt;     &lt;/IdleSettings&gt;     &lt;AllowStartOnDemand&gt;true&lt;/AllowStartOnDemand&gt;     &lt;Enabled&gt;true&lt;/Enabled&gt;     &lt;Hidden&gt;true&lt;/Hidden&gt;     &lt;RunOnlyIfIdle&gt;false&lt;/RunOnlyIfIdle&gt;     &lt;DisallowStartOnRemoteAppSession&gt;false&lt;/DisallowStartOnRemoteAppSession&gt;     &lt;UseUnifiedSchedulingEngine&gt;true&lt;/UseUnifiedSchedulingEngine&gt;     &lt;WakeToRun&gt;false&lt;/WakeToRun&gt;     &lt;ExecutionTimeLimit&gt;PT0S&lt;/ExecutionTimeLimit&gt;     &lt;Priority&gt;7&lt;/Priority&gt;     &lt;RestartOnFailure&gt;       &lt;Interval&gt;PT1M&lt;/Interval&gt;       &lt;Count&gt;3&lt;/Count&gt;     &lt;/RestartOnFailure&gt;   &lt;/Settings&gt;   &lt;Actions Context=""NetworkService""&gt;     &lt;ComHandler&gt;       &lt;ClassId&gt;{B1AEBB5D-EAD9-4476-B375-9C3ED9F32AFC}&lt;/ClassId&gt;       &lt;Data&gt;&lt;![CDATA[timer]]&gt;&lt;/Data&gt;     &lt;/ComHandler&gt;   &lt;/Actions&gt; &lt;/Task&gt;</Data>
  <Data Name=""ClientProcessStartKey"">14355223812243602</Data>
  <Data Name=""ClientProcessId"">1780</Data>
  <Data Name=""ParentProcessId"">684</Data>
  <Data Name=""RpcCallClientLocality"">0</Data>
  <Data Name=""FQDN"">DC1.kustoworks.com</Data>
</EventData>",4702,"4702 - A scheduled task was updated.","cc046e6c-795c-47b2-a5ae-c9a0645e6d32","cc046e6c-795c-47b2-a5ae-c9a0645e6d33","00000000-0000-0000-0000-000000000001","4/23/2023, 6:25:10.672 PM","AOI-00000000-0000-0000-0000-000000000000",,,,,,,,,,,,,,,,,,,,,,,,,,,,,,,,,,,,,,,,,,,,,,,,,,,,,,,,,,,,,,,,,,,,,,,,,,,,,,,,,,,,,,,,,,,,,,,,,,,,,,,,,,,,,,,,,,,,,,,,,,,,,,,,,,,,,,,,,,,,,,,,,,,,,,,,,,,,,,,"KUSTOWORKS\DC1$",,,,KUSTOWORKS,,0x3e4,,,"DC1$","S-1-5-20",,,,,,,,,,,,,,,,,,,,,,,,,,,,,,,,,,,,,SecurityEvent,"/subscriptions/00000000-0000-0000-0000-000000000000/resourcegroups/kustoworksarc/providers/microsoft.hybridcompute/machines/dc1"
"00000000-0000-0000-0000-000000000000","4/29/2023, 1:07:14.806 PM",OpsManager,"KUSTOWORKS\DC1$",Machine,"DC1.kustoworks.com","Microsoft-Windows-Security-Auditing",Security,1,0,"<EventData xmlns=""http://schemas.microsoft.com/win/2004/08/events/event"">
  <Data Name=""SubjectUserSid"">S-1-5-20</Data>
  <Data Name=""SubjectUserName"">DC1$</Data>
  <Data Name=""SubjectDomainName"">KUSTOWORKS</Data>
  <Data Name=""SubjectLogonId"">0x3e4</Data>
  <Data Name=""TaskName"">\Microsoft\Windows\SoftwareProtectionPlatform\SvcRestartTask</Data>
  <Data Name=""TaskContentNew"">&lt;?xml version=""1.0"" encoding=""UTF-16""?&gt; &lt;Task version=""1.6"" xmlns=""http://schemas.microsoft.com/windows/2004/02/mit/task""&gt;   &lt;RegistrationInfo&gt;     &lt;Source&gt;$(@%systemroot%\system32\sppc.dll,-200)&lt;/Source&gt;     &lt;Author&gt;$(@%systemroot%\system32\sppc.dll,-200)&lt;/Author&gt;     &lt;Version&gt;1.0&lt;/Version&gt;     &lt;Description&gt;$(@%systemroot%\system32\sppc.dll,-201)&lt;/Description&gt;     &lt;URI&gt;\Microsoft\Windows\SoftwareProtectionPlatform\SvcRestartTask&lt;/URI&gt;     &lt;SecurityDescriptor&gt;D:P(A;;FA;;;SY)(A;;FA;;;BA)(A;;FA;;;S-1-5-80-123231216-2592883651-3715271367-3753151631-4175906628)(A;;FR;;;S-1-5-87-2912274048-3994893941-1669128114-1310430903-1263774323)&lt;/SecurityDescriptor&gt;   &lt;/RegistrationInfo&gt;   &lt;Triggers&gt;     &lt;CalendarTrigger&gt;       &lt;StartBoundary&gt;2023-04-30T13:06:14Z&lt;/StartBoundary&gt;       &lt;Enabled&gt;true&lt;/Enabled&gt;       &lt;ScheduleByDay&gt;         &lt;DaysInterval&gt;1&lt;/DaysInterval&gt;       &lt;/ScheduleByDay&gt;     &lt;/CalendarTrigger&gt;   &lt;/Triggers&gt;   &lt;Principals&gt;     &lt;Principal id=""NetworkService""&gt;       &lt;UserId&gt;S-1-5-20&lt;/UserId&gt;       &lt;RunLevel&gt;LeastPrivilege&lt;/RunLevel&gt;     &lt;/Principal&gt;   &lt;/Principals&gt;   &lt;Settings&gt;     &lt;MultipleInstancesPolicy&gt;IgnoreNew&lt;/MultipleInstancesPolicy&gt;     &lt;DisallowStartIfOnBatteries&gt;true&lt;/DisallowStartIfOnBatteries&gt;     &lt;StopIfGoingOnBatteries&gt;true&lt;/StopIfGoingOnBatteries&gt;     &lt;AllowHardTerminate&gt;false&lt;/AllowHardTerminate&gt;     &lt;StartWhenAvailable&gt;true&lt;/StartWhenAvailable&gt;     &lt;RunOnlyIfNetworkAvailable&gt;false&lt;/RunOnlyIfNetworkAvailable&gt;     &lt;IdleSettings&gt;       &lt;StopOnIdleEnd&gt;true&lt;/StopOnIdleEnd&gt;       &lt;RestartOnIdle&gt;false&lt;/RestartOnIdle&gt;     &lt;/IdleSettings&gt;     &lt;AllowStartOnDemand&gt;true&lt;/AllowStartOnDemand&gt;     &lt;Enabled&gt;true&lt;/Enabled&gt;     &lt;Hidden&gt;true&lt;/Hidden&gt;     &lt;RunOnlyIfIdle&gt;false&lt;/RunOnlyIfIdle&gt;     &lt;DisallowStartOnRemoteAppSession&gt;false&lt;/DisallowStartOnRemoteAppSession&gt;     &lt;UseUnifiedSchedulingEngine&gt;true&lt;/UseUnifiedSchedulingEngine&gt;     &lt;WakeToRun&gt;false&lt;/WakeToRun&gt;     &lt;ExecutionTimeLimit&gt;PT0S&lt;/ExecutionTimeLimit&gt;     &lt;Priority&gt;7&lt;/Priority&gt;     &lt;RestartOnFailure&gt;       &lt;Interval&gt;PT1M&lt;/Interval&gt;       &lt;Count&gt;3&lt;/Count&gt;     &lt;/RestartOnFailure&gt;   &lt;/Settings&gt;   &lt;Actions Context=""NetworkService""&gt;     &lt;ComHandler&gt;       &lt;ClassId&gt;{B1AEBB5D-EAD9-4476-B375-9C3ED9F32AFC}&lt;/ClassId&gt;       &lt;Data&gt;&lt;![CDATA[timer]]&gt;&lt;/Data&gt;     &lt;/ComHandler&gt;   &lt;/Actions&gt; &lt;/Task&gt;</Data>
  <Data Name=""ClientProcessStartKey"">15762598695796773</Data>
  <Data Name=""ClientProcessId"">1636</Data>
  <Data Name=""ParentProcessId"">720</Data>
  <Data Name=""RpcCallClientLocality"">0</Data>
  <Data Name=""FQDN"">DC1.kustoworks.com</Data>
</EventData>",4702,"4702 - A scheduled task was updated.","cc046e6c-795c-47b2-a5ae-c9a0645e6d32","cc046e6c-795c-47b2-a5ae-c9a0645e6d33","00000000-0000-0000-0000-000000000001","4/29/2023, 1:14:43.741 PM","AOI-00000000-0000-0000-0000-000000000000",,,,,,,,,,,,,,,,,,,,,,,,,,,,,,,,,,,,,,,,,,,,,,,,,,,,,,,,,,,,,,,,,,,,,,,,,,,,,,,,,,,,,,,,,,,,,,,,,,,,,,,,,,,,,,,,,,,,,,,,,,,,,,,,,,,,,,,,,,,,,,,,,,,,,,,,,,,,,,,"KUSTOWORKS\DC1$",,,,KUSTOWORKS,,0x3e4,,,"DC1$","S-1-5-20",,,,,,,,,,,,,,,,,,,,,,,,,,,,,,,,,,,,,SecurityEvent,"/subscriptions/00000000-0000-0000-0000-000000000000/resourcegroups/kustoworksarc/providers/microsoft.hybridcompute/machines/dc1"
"00000000-0000-0000-0000-000000000000","4/29/2023, 1:09:16.012 PM",OpsManager,"KUSTOWORKS\DC1$",Machine,"DC1.kustoworks.com","Microsoft-Windows-Security-Auditing",Security,1,0,"<EventData xmlns=""http://schemas.microsoft.com/win/2004/08/events/event"">
  <Data Name=""SubjectUserSid"">S-1-5-18</Data>
  <Data Name=""SubjectUserName"">DC1$</Data>
  <Data Name=""SubjectDomainName"">KUSTOWORKS</Data>
  <Data Name=""SubjectLogonId"">0x3e7</Data>
  <Data Name=""TaskName"">\Microsoft\Windows\Application Experience\PcaPatchDbTask</Data>
  <Data Name=""TaskContentNew"">&lt;?xml version=""1.0"" encoding=""UTF-16""?&gt; &lt;Task version=""1.6"" xmlns=""http://schemas.microsoft.com/windows/2004/02/mit/task""&gt;   &lt;RegistrationInfo&gt;     &lt;Source&gt;Microsoft Corporation&lt;/Source&gt;     &lt;Author&gt;Microsoft Corporation&lt;/Author&gt;     &lt;Version&gt;1.0&lt;/Version&gt;     &lt;Description&gt;Updates compatibility database&lt;/Description&gt;     &lt;URI&gt;\Microsoft\Windows\Application Experience\PcaPatchDbTask&lt;/URI&gt;     &lt;SecurityDescriptor&gt;D:(A;;GA;;;BA)(A;;GA;;;SY)(A;;FRFX;;;LS)&lt;/SecurityDescriptor&gt;   &lt;/RegistrationInfo&gt;   &lt;Triggers&gt;     &lt;TimeTrigger&gt;       &lt;Repetition&gt;         &lt;Interval&gt;PT12H&lt;/Interval&gt;         &lt;StopAtDurationEnd&gt;false&lt;/StopAtDurationEnd&gt;       &lt;/Repetition&gt;       &lt;StartBoundary&gt;2008-09-01T03:00:00&lt;/StartBoundary&gt;       &lt;Enabled&gt;true&lt;/Enabled&gt;       &lt;RandomDelay&gt;PT2H&lt;/RandomDelay&gt;     &lt;/TimeTrigger&gt;   &lt;/Triggers&gt;   &lt;Principals&gt;     &lt;Principal id=""LocalSystem""&gt;       &lt;UserId&gt;S-1-5-18&lt;/UserId&gt;       &lt;RunLevel&gt;LeastPrivilege&lt;/RunLevel&gt;       &lt;LogonType&gt;InteractiveToken&lt;/LogonType&gt;     &lt;/Principal&gt;   &lt;/Principals&gt;   &lt;Settings&gt;     &lt;MultipleInstancesPolicy&gt;IgnoreNew&lt;/MultipleInstancesPolicy&gt;     &lt;DisallowStartIfOnBatteries&gt;false&lt;/DisallowStartIfOnBatteries&gt;     &lt;StopIfGoingOnBatteries&gt;false&lt;/StopIfGoingOnBatteries&gt;     &lt;AllowHardTerminate&gt;true&lt;/AllowHardTerminate&gt;     &lt;StartWhenAvailable&gt;true&lt;/StartWhenAvailable&gt;     &lt;RunOnlyIfNetworkAvailable&gt;true&lt;/RunOnlyIfNetworkAvailable&gt;     &lt;IdleSettings&gt;       &lt;StopOnIdleEnd&gt;false&lt;/StopOnIdleEnd&gt;       &lt;RestartOnIdle&gt;false&lt;/RestartOnIdle&gt;     &lt;/IdleSettings&gt;     &lt;AllowStartOnDemand&gt;true&lt;/AllowStartOnDemand&gt;     &lt;Enabled&gt;true&lt;/Enabled&gt;     &lt;Hidden&gt;false&lt;/Hidden&gt;     &lt;RunOnlyIfIdle&gt;false&lt;/RunOnlyIfIdle&gt;     &lt;DisallowStartOnRemoteAppSession&gt;false&lt;/DisallowStartOnRemoteAppSession&gt;     &lt;UseUnifiedSchedulingEngine&gt;true&lt;/UseUnifiedSchedulingEngine&gt;     &lt;WakeToRun&gt;false&lt;/WakeToRun&gt;     &lt;ExecutionTimeLimit&gt;P1D&lt;/ExecutionTimeLimit&gt;     &lt;Priority&gt;7&lt;/Priority&gt;   &lt;/Settings&gt;   &lt;Actions Context=""LocalSystem""&gt;     &lt;Exec&gt;       &lt;Command&gt;%windir%\system32\rundll32.exe&lt;/Command&gt;       &lt;Arguments&gt;%windir%\system32\PcaSvc.dll,PcaPatchSdbTask&lt;/Arguments&gt;     &lt;/Exec&gt;   &lt;/Actions&gt; &lt;/Task&gt;</Data>
  <Data Name=""ClientProcessStartKey"">15762598695796753</Data>
  <Data Name=""ClientProcessId"">800</Data>
  <Data Name=""ParentProcessId"">720</Data>
  <Data Name=""RpcCallClientLocality"">0</Data>
  <Data Name=""FQDN"">DC1.kustoworks.com</Data>
</EventData>",4702,"4702 - A scheduled task was updated.","cc046e6c-795c-47b2-a5ae-c9a0645e6d32","cc046e6c-795c-47b2-a5ae-c9a0645e6d33","00000000-0000-0000-0000-000000000001","4/29/2023, 1:15:16.864 PM","AOI-00000000-0000-0000-0000-000000000000",,,,,,,,,,,,,,,,,,,,,,,,,,,,,,,,,,,,,,,,,,,,,,,,,,,,,,,,,,,,,,,,,,,,,,,,,,,,,,,,,,,,,,,,,,,,,,,,,,,,,,,,,,,,,,,,,,,,,,,,,,,,,,,,,,,,,,,,,,,,,,,,,,,,,,,,,,,,,,,"KUSTOWORKS\DC1$",,,,KUSTOWORKS,,0x3e7,,,"DC1$","S-1-5-18",,,,,,,,,,,,,,,,,,,,,,,,,,,,,,,,,,,,,SecurityEvent,"/subscriptions/00000000-0000-0000-0000-000000000000/resourcegroups/kustoworksarc/providers/microsoft.hybridcompute/machines/dc1"
"00000000-0000-0000-0000-000000000000","4/29/2023, 1:09:19.531 PM",OpsManager,"KUSTOWORKS\DC1$",Machine,"DC1.kustoworks.com","Microsoft-Windows-Security-Auditing",Security,1,0,"<EventData xmlns=""http://schemas.microsoft.com/win/2004/08/events/event"">
  <Data Name=""SubjectUserSid"">S-1-5-18</Data>
  <Data Name=""SubjectUserName"">DC1$</Data>
  <Data Name=""SubjectDomainName"">KUSTOWORKS</Data>
  <Data Name=""SubjectLogonId"">0x3e7</Data>
  <Data Name=""TaskName"">\Microsoft\Windows\UpdateOrchestrator\Schedule Scan</Data>
  <Data Name=""TaskContentNew"">&lt;?xml version=""1.0"" encoding=""UTF-16""?&gt; &lt;Task version=""1.2"" xmlns=""http://schemas.microsoft.com/windows/2004/02/mit/task""&gt;   &lt;RegistrationInfo&gt;     &lt;URI&gt;\Microsoft\Windows\UpdateOrchestrator\Schedule Scan&lt;/URI&gt;   &lt;/RegistrationInfo&gt;   &lt;Triggers&gt;     &lt;TimeTrigger&gt;       &lt;Repetition&gt;         &lt;Interval&gt;PT1320M&lt;/Interval&gt;         &lt;StopAtDurationEnd&gt;false&lt;/StopAtDurationEnd&gt;       &lt;/Repetition&gt;       &lt;StartBoundary&gt;2019-01-01T12:00:00&lt;/StartBoundary&gt;       &lt;Enabled&gt;true&lt;/Enabled&gt;       &lt;RandomDelay&gt;PT120M&lt;/RandomDelay&gt;     &lt;/TimeTrigger&gt;   &lt;/Triggers&gt;   &lt;Principals&gt;     &lt;Principal id=""Author""&gt;       &lt;RunLevel&gt;LeastPrivilege&lt;/RunLevel&gt;       &lt;UserId&gt;S-1-5-18&lt;/UserId&gt;     &lt;/Principal&gt;   &lt;/Principals&gt;   &lt;Settings&gt;     &lt;MultipleInstancesPolicy&gt;IgnoreNew&lt;/MultipleInstancesPolicy&gt;     &lt;DisallowStartIfOnBatteries&gt;true&lt;/DisallowStartIfOnBatteries&gt;     &lt;StopIfGoingOnBatteries&gt;true&lt;/StopIfGoingOnBatteries&gt;     &lt;AllowHardTerminate&gt;true&lt;/AllowHardTerminate&gt;     &lt;StartWhenAvailable&gt;true&lt;/StartWhenAvailable&gt;     &lt;RunOnlyIfNetworkAvailable&gt;false&lt;/RunOnlyIfNetworkAvailable&gt;     &lt;IdleSettings&gt;       &lt;Duration&gt;PT10M&lt;/Duration&gt;       &lt;WaitTimeout&gt;PT1H&lt;/WaitTimeout&gt;       &lt;StopOnIdleEnd&gt;true&lt;/StopOnIdleEnd&gt;       &lt;RestartOnIdle&gt;false&lt;/RestartOnIdle&gt;     &lt;/IdleSettings&gt;     &lt;AllowStartOnDemand&gt;true&lt;/AllowStartOnDemand&gt;     &lt;Enabled&gt;true&lt;/Enabled&gt;     &lt;Hidden&gt;false&lt;/Hidden&gt;     &lt;RunOnlyIfIdle&gt;false&lt;/RunOnlyIfIdle&gt;     &lt;WakeToRun&gt;false&lt;/WakeToRun&gt;     &lt;ExecutionTimeLimit&gt;PT72H&lt;/ExecutionTimeLimit&gt;     &lt;Priority&gt;7&lt;/Priority&gt;   &lt;/Settings&gt;   &lt;Actions Context=""Author""&gt;     &lt;Exec&gt;       &lt;Command&gt;%systemroot%\system32\usoclient.exe&lt;/Command&gt;       &lt;Arguments&gt;StartScan&lt;/Arguments&gt;     &lt;/Exec&gt;   &lt;/Actions&gt; &lt;/Task&gt;</Data>
  <Data Name=""ClientProcessStartKey"">15762598695796761</Data>
  <Data Name=""ClientProcessId"">1304</Data>
  <Data Name=""ParentProcessId"">720</Data>
  <Data Name=""RpcCallClientLocality"">0</Data>
  <Data Name=""FQDN"">DC1.kustoworks.com</Data>
</EventData>",4702,"4702 - A scheduled task was updated.","cc046e6c-795c-47b2-a5ae-c9a0645e6d32","cc046e6c-795c-47b2-a5ae-c9a0645e6d33","00000000-0000-0000-0000-000000000001","4/29/2023, 1:15:16.864 PM","AOI-00000000-0000-0000-0000-000000000000",,,,,,,,,,,,,,,,,,,,,,,,,,,,,,,,,,,,,,,,,,,,,,,,,,,,,,,,,,,,,,,,,,,,,,,,,,,,,,,,,,,,,,,,,,,,,,,,,,,,,,,,,,,,,,,,,,,,,,,,,,,,,,,,,,,,,,,,,,,,,,,,,,,,,,,,,,,,,,,"KUSTOWORKS\DC1$",,,,KUSTOWORKS,,0x3e7,,,"DC1$","S-1-5-18",,,,,,,,,,,,,,,,,,,,,,,,,,,,,,,,,,,,,SecurityEvent,"/subscriptions/00000000-0000-0000-0000-000000000000/resourcegroups/kustoworksarc/providers/microsoft.hybridcompute/machines/dc1"
"00000000-0000-0000-0000-000000000000","4/29/2023, 1:09:19.568 PM",OpsManager,"KUSTOWORKS\DC1$",Machine,"DC1.kustoworks.com","Microsoft-Windows-Security-Auditing",Security,1,0,"<EventData xmlns=""http://schemas.microsoft.com/win/2004/08/events/event"">
  <Data Name=""SubjectUserSid"">S-1-5-18</Data>
  <Data Name=""SubjectUserName"">DC1$</Data>
  <Data Name=""SubjectDomainName"">KUSTOWORKS</Data>
  <Data Name=""SubjectLogonId"">0x3e7</Data>
  <Data Name=""TaskName"">\Microsoft\Windows\UpdateOrchestrator\Schedule Scan</Data>
  <Data Name=""TaskContentNew"">&lt;?xml version=""1.0"" encoding=""UTF-16""?&gt; &lt;Task version=""1.2"" xmlns=""http://schemas.microsoft.com/windows/2004/02/mit/task""&gt;   &lt;RegistrationInfo&gt;     &lt;URI&gt;\Microsoft\Windows\UpdateOrchestrator\Schedule Scan&lt;/URI&gt;   &lt;/RegistrationInfo&gt;   &lt;Triggers&gt;     &lt;TimeTrigger&gt;       &lt;Repetition&gt;         &lt;Interval&gt;PT1320M&lt;/Interval&gt;         &lt;StopAtDurationEnd&gt;false&lt;/StopAtDurationEnd&gt;       &lt;/Repetition&gt;       &lt;StartBoundary&gt;2019-01-01T12:00:00&lt;/StartBoundary&gt;       &lt;Enabled&gt;true&lt;/Enabled&gt;       &lt;RandomDelay&gt;PT120M&lt;/RandomDelay&gt;     &lt;/TimeTrigger&gt;   &lt;/Triggers&gt;   &lt;Principals&gt;     &lt;Principal id=""Author""&gt;       &lt;UserId&gt;S-1-5-18&lt;/UserId&gt;       &lt;RunLevel&gt;LeastPrivilege&lt;/RunLevel&gt;     &lt;/Principal&gt;   &lt;/Principals&gt;   &lt;Settings&gt;     &lt;MultipleInstancesPolicy&gt;IgnoreNew&lt;/MultipleInstancesPolicy&gt;     &lt;DisallowStartIfOnBatteries&gt;true&lt;/DisallowStartIfOnBatteries&gt;     &lt;StopIfGoingOnBatteries&gt;true&lt;/StopIfGoingOnBatteries&gt;     &lt;AllowHardTerminate&gt;true&lt;/AllowHardTerminate&gt;     &lt;StartWhenAvailable&gt;true&lt;/StartWhenAvailable&gt;     &lt;RunOnlyIfNetworkAvailable&gt;false&lt;/RunOnlyIfNetworkAvailable&gt;     &lt;IdleSettings&gt;       &lt;Duration&gt;PT10M&lt;/Duration&gt;       &lt;WaitTimeout&gt;PT1H&lt;/WaitTimeout&gt;       &lt;StopOnIdleEnd&gt;true&lt;/StopOnIdleEnd&gt;       &lt;RestartOnIdle&gt;false&lt;/RestartOnIdle&gt;     &lt;/IdleSettings&gt;     &lt;AllowStartOnDemand&gt;true&lt;/AllowStartOnDemand&gt;     &lt;Enabled&gt;true&lt;/Enabled&gt;     &lt;Hidden&gt;false&lt;/Hidden&gt;     &lt;RunOnlyIfIdle&gt;false&lt;/RunOnlyIfIdle&gt;     &lt;WakeToRun&gt;false&lt;/WakeToRun&gt;     &lt;ExecutionTimeLimit&gt;PT72H&lt;/ExecutionTimeLimit&gt;     &lt;Priority&gt;7&lt;/Priority&gt;   &lt;/Settings&gt;   &lt;Actions Context=""Author""&gt;     &lt;Exec&gt;       &lt;Command&gt;%systemroot%\system32\usoclient.exe&lt;/Command&gt;       &lt;Arguments&gt;StartScan&lt;/Arguments&gt;     &lt;/Exec&gt;   &lt;/Actions&gt; &lt;/Task&gt;</Data>
  <Data Name=""ClientProcessStartKey"">15762598695796852</Data>
  <Data Name=""ClientProcessId"">2064</Data>
  <Data Name=""ParentProcessId"">720</Data>
  <Data Name=""RpcCallClientLocality"">0</Data>
  <Data Name=""FQDN"">DC1.kustoworks.com</Data>
</EventData>",4702,"4702 - A scheduled task was updated.","cc046e6c-795c-47b2-a5ae-c9a0645e6d32","cc046e6c-795c-47b2-a5ae-c9a0645e6d33","00000000-0000-0000-0000-000000000001","4/29/2023, 1:15:16.864 PM","AOI-00000000-0000-0000-0000-000000000000",,,,,,,,,,,,,,,,,,,,,,,,,,,,,,,,,,,,,,,,,,,,,,,,,,,,,,,,,,,,,,,,,,,,,,,,,,,,,,,,,,,,,,,,,,,,,,,,,,,,,,,,,,,,,,,,,,,,,,,,,,,,,,,,,,,,,,,,,,,,,,,,,,,,,,,,,,,,,,,"KUSTOWORKS\DC1$",,,,KUSTOWORKS,,0x3e7,,,"DC1$","S-1-5-18",,,,,,,,,,,,,,,,,,,,,,,,,,,,,,,,,,,,,SecurityEvent,"/subscriptions/00000000-0000-0000-0000-000000000000/resourcegroups/kustoworksarc/providers/microsoft.hybridcompute/machines/dc1"
