"0b2a9277-f48f-49f6-b78d-d8bfd6dea87a",RestAPI,,,"7/27/2023, 2:39:56.957 PM",,,,,,,,,,,,,,,,,,,,,,,,"Microsoft-Windows-DNSServer","eb79061a-a566-4698-9119-3ed2807060e7",256,0,16,"Microsoft-Windows-DNS-Server/Analytical ",4,"Information ",0,1,"LOOK_UP ",9223372036854775809,"7/27/2023, 2:39:54.320 PM",2908,4024,INFO,2,INFO,windns,"NT AUTHORITY",SYSTEM,"S-1-5-18",User,256,0,"172.18.88.20","172.18.88.20",1,"0b2a9277-f48f-49f6-b78d-d8bfd6dea87a.ods.opinsights.azure.com.",1,41371,50824,41371,true,false,false,QUERY,false,NOERROR,false,false,false,"[{""dns.query.name"":""0b2a9277-f48f-49f6-b78d-d8bfd6dea87a.ods.opinsights.azure.com"",""dns.query.type"":""A"",""dns.query.class"":""IN""}]",0xA19B010000010000000000002430623261393237372D663438662D343966362D623738642D643862666436646561383761036F64730A6F70696E73696768747305617A75726503636F6D0000010001,".","4eae7388-28c0-4726-bde6-54a0f79e7da8","7/27/2023, 2:39:56.349 PM","in_windowsdns_auditanalytics_sentinel_windows","im_etw","172.18.88.20","N/A",,,,,,,,,,,,"NXLog_DNS_Server_CL",
"0b2a9277-f48f-49f6-b78d-d8bfd6dea87a",RestAPI,,,"7/27/2023, 2:39:56.957 PM",,,,,,,,,,,,,,,,,,,,,,,,"Microsoft-Windows-DNSServer","eb79061a-a566-4698-9119-3ed2807060e7",279,0,16,"Microsoft-Windows-DNS-Server/Analytical ",4,"Information ",0,1,"LOOK_UP ",9223372071214514176,"7/27/2023, 2:39:54.320 PM",2908,4024,INFO,2,INFO,windns,"NT AUTHORITY",SYSTEM,"S-1-5-18",User,33152,0,"172.18.88.20","172.18.88.20",1,"opinsightsweuods.trafficmanager.net.",1,41371,50824,41371,true,false,false,QUERY,true,NOERROR,false,false,true,"[{""dns.query.name"":""0b2a9277-f48f-49f6-b78d-d8bfd6dea87a.ods.opinsights.azure.com"",""dns.query.type"":""A"",""dns.query.class"":""IN""}]",0xA19B818000010001000000002430623261393237372D663438662D343966362D623738642D643862666436646561383761036F64730A6F70696E73696768747305617A75726503636F6D0000010001,,,"7/27/2023, 2:39:56.349 PM","in_windowsdns_auditanalytics_sentinel_windows","im_etw","172.18.88.20","N/A",,,,,,,,,,,"N/A","NXLog_DNS_Server_CL",
"0b2a9277-f48f-49f6-b78d-d8bfd6dea87a",RestAPI,,,"7/27/2023, 2:39:56.957 PM",,,,,,,,,,,,,,,,,,,,,,,,"Microsoft-Windows-DNSServer","eb79061a-a566-4698-9119-3ed2807060e7",279,0,16,"Microsoft-Windows-DNS-Server/Analytical ",4,"Information ",0,1,"LOOK_UP ",9223372071214514176,"7/27/2023, 2:39:54.320 PM",2908,4024,INFO,2,INFO,windns,"NT AUTHORITY",SYSTEM,"S-1-5-18",User,33152,0,"172.18.88.20","172.18.88.20",1,"ipv4-weu-oi-ods-cses-g.westeurope.cloudapp.azure.com.",1,41371,50824,41371,true,false,false,QUERY,true,NOERROR,false,false,true,"[{""dns.query.name"":""0b2a9277-f48f-49f6-b78d-d8bfd6dea87a.ods.opinsights.azure.com"",""dns.query.type"":""A"",""dns.query.class"":""IN""}]",0xA19B818000010002000000002430623261393237372D663438662D343966362D623738642D643862666436646561383761036F64730A6F70696E73696768747305617A75726503636F6D0000010001,,,"7/27/2023, 2:39:56.349 PM","in_windowsdns_auditanalytics_sentinel_windows","im_etw","172.18.88.20","N/A",,,,,,,,,,,"N/A","NXLog_DNS_Server_CL",
"0b2a9277-f48f-49f6-b78d-d8bfd6dea87a",RestAPI,,,"7/27/2023, 2:39:56.957 PM",,,,,,,,,,,,,,,,,,41371,,".",Default,,,"Microsoft-Windows-DNSServer","eb79061a-a566-4698-9119-3ed2807060e7",260,0,16,"Microsoft-Windows-DNS-Server/Analytical ",4,"Information ",0,2,"RECURSE_QUERY ",9223372036854775824,"7/27/2023, 2:39:54.321 PM",2908,4024,INFO,2,INFO,windns,"NT AUTHORITY",SYSTEM,"S-1-5-18",User,0,0,"0.0.0.0",,0,"ipv4-weu-oi-ods-cses-g.westeurope.cloudapp.azure.com.",1,20044,0,20044,false,false,false,QUERY,false,NOERROR,false,false,false,"[{""dns.query.name"":""ipv4-weu-oi-ods-cses-g.westeurope.cloudapp.azure.com"",""dns.query.type"":""A"",""dns.query.class"":""IN""}]",0x4E4C0000000100000000000116697076342D7765752D6F692D6F64732D637365732D670A776573746575726F706508636C6F756461707005617A75726503636F6D00000100010000290FA0000000000000,".","4eae7388-28c0-4726-bde6-54a0f79e7da8","7/27/2023, 2:39:56.349 PM","in_windowsdns_auditanalytics_sentinel_windows","im_etw","172.18.88.20","N/A","13.107.236.201",,,,,,,NULL,,,,"NXLog_DNS_Server_CL",
"0b2a9277-f48f-49f6-b78d-d8bfd6dea87a",RestAPI,,,"7/27/2023, 2:39:56.957 PM",,,,,,,,,,,,,,,,,,,1,".",Default,"[{""dns.answer.name"":""ipv4-weu-oi-ods-cses-g.westeurope.cloudapp.azure.com"",""dns.answer.type"":""A"",""dns.answer.class"":""IN"",""dns.answer.ttl"":10,""dns.answer.data"":""52.236.186.222""}]",0,"Microsoft-Windows-DNSServer","eb79061a-a566-4698-9119-3ed2807060e7",261,0,16,"Microsoft-Windows-DNS-Server/Analytical ",4,"Information ",0,2,"RECURSE_QUERY ",9223372036854775840,"7/27/2023, 2:39:54.358 PM",2908,4024,INFO,2,INFO,windns,"NT AUTHORITY",SYSTEM,"S-1-5-18",User,33792,0,"0.0.0.0","13.107.236.201",,"ipv4-weu-oi-ods-cses-g.westeurope.cloudapp.azure.com.",1,20044,0,20044,false,false,true,QUERY,true,NOERROR,false,false,false,"[{""dns.query.name"":""ipv4-weu-oi-ods-cses-g.westeurope.cloudapp.azure.com"",""dns.query.type"":""A"",""dns.query.class"":""IN""}]",0x4E4C8400000100010000000116697076342D7765752D6F692D6F64732D637365732D670A776573746575726F706508636C6F756461707005617A75726503636F6D0000010001C00C000100010000000A000434ECBADE00002904D0000000000000,".","4eae7388-28c0-4726-bde6-54a0f79e7da8","7/27/2023, 2:39:56.850 PM","in_windowsdns_auditanalytics_sentinel_windows","im_etw","172.18.88.20","N/A",,1,0,,,,,,,,,"NXLog_DNS_Server_CL",
"0b2a9277-f48f-49f6-b78d-d8bfd6dea87a",RestAPI,,,"7/27/2023, 2:39:56.957 PM",,,,,,,,,,,,,,,,,,,,,,"[{""dns.answer.name"":""0b2a9277-f48f-49f6-b78d-d8bfd6dea87a.ods.opinsights.azure.com"",""dns.answer.type"":""CNAME"",""dns.answer.class"":""IN"",""dns.answer.ttl"":34,""dns.answer.data"":""opinsightsweuods.trafficmanager.net""},{""dns.answer.name"":""opinsightsweuods.trafficmanager.net"",""dns.answer.type"":""CNAME"",""dns.answer.class"":""IN"",""dns.answer.ttl"":34,""dns.answer.data"":""ipv4-weu-oi-ods-cses-g.westeurope.cloudapp.azure.com""},{""dns.answer.name"":""ipv4-weu-oi-ods-cses-g.westeurope.cloudapp.azure.com"",""dns.answer.type"":""A"",""dns.answer.class"":""IN"",""dns.answer.ttl"":9,""dns.answer.data"":""52.236.186.222""}]",,"Microsoft-Windows-DNSServer","eb79061a-a566-4698-9119-3ed2807060e7",257,0,16,"Microsoft-Windows-DNS-Server/Analytical ",4,"Information ",0,1,"LOOK_UP ",9223372036854775810,"7/27/2023, 2:39:54.358 PM",2908,4024,INFO,2,INFO,windns,"NT AUTHORITY",SYSTEM,"S-1-5-18",User,33152,0,"172.18.88.20",,,"0b2a9277-f48f-49f6-b78d-d8bfd6dea87a.ods.opinsights.azure.com.",1,41371,50824,41371,true,false,false,QUERY,true,NOERROR,false,false,true,"[{""dns.query.name"":""0b2a9277-f48f-49f6-b78d-d8bfd6dea87a.ods.opinsights.azure.com"",""dns.query.type"":""A"",""dns.query.class"":""IN""}]",0xA19B818000010003000000002430623261393237372D663438662D343966362D623738642D643862666436646561383761036F64730A6F70696E73696768747305617A75726503636F6D0000010001C00C00050001000000220025106F70696E7369676874737765756F64730E747261666669636D616E61676572036E657400C05B0005000100000022002D16697076342D7765752D6F692D6F64732D637365732D670A776573746575726F706508636C6F7564617070C040C08C0001000100000009000434ECBADE,"VirtualizationInstance:.","4eae7388-28c0-4726-bde6-54a0f79e7da8","7/27/2023, 2:39:56.850 PM","in_windowsdns_auditanalytics_sentinel_windows","im_etw","172.18.88.20","N/A","172.18.88.20",0,0,0,0,Default,"..Cache",NULL,,39,,"NXLog_DNS_Server_CL",
"0b2a9277-f48f-49f6-b78d-d8bfd6dea87a",RestAPI,,,"7/27/2023, 2:47:55.321 PM",,,,,,,,,,,,,,,,,,18304,,".",Default,,,"Microsoft-Windows-DNSServer","eb79061a-a566-4698-9119-3ed2807060e7",262,0,16,"Microsoft-Windows-DNS-Server/Analytical ",2,"Error ",0,2,"RECURSE_QUERY ",9223372036854775872,"7/27/2023, 2:47:52.098 PM",2908,3164,ERROR,4,ERROR,windns,"NT AUTHORITY",SYSTEM,"S-1-5-18",User,0,0,"0.0.0.0",,,"www.bing.com.",1,3889,0,,,,,,,,,,,,,".","a590f6ff-972e-41b9-8044-546573193adc","7/27/2023, 2:47:54.112 PM","in_windowsdns_auditanalytics_sentinel_windows","im_etw","172.18.88.20","N/A","2600:1401:1::41",,,,,,,,,,,"NXLog_DNS_Server_CL",
"0b2a9277-f48f-49f6-b78d-d8bfd6dea87a",RestAPI,,,"7/27/2023, 2:47:55.321 PM",,,,,,,,,,,,,,,,,,18304,,".",Default,,,"Microsoft-Windows-DNSServer","eb79061a-a566-4698-9119-3ed2807060e7",260,0,16,"Microsoft-Windows-DNS-Server/Analytical ",4,"Information ",0,2,"RECURSE_QUERY ",9223372036854775824,"7/27/2023, 2:47:52.099 PM",2908,3164,INFO,2,INFO,windns,"NT AUTHORITY",SYSTEM,"S-1-5-18",User,0,0,"0.0.0.0",,0,"www.bing.com.edgekey.NET.",1,3889,0,3889,false,false,false,QUERY,false,NOERROR,false,false,false,"[{""dns.query.name"":""www.bing.com.edgekey.NET"",""dns.query.type"":""A"",""dns.query.class"":""IN""}]",0x0F3100000001000000000001037777770462696E6703636F6D07656467656B6579034E455400000100010000290FA0000000000000,".","a590f6ff-972e-41b9-8044-546573193adc","7/27/2023, 2:47:54.113 PM","in_windowsdns_auditanalytics_sentinel_windows","im_etw","172.18.88.20","N/A","193.108.91.66",,,,,,,NULL,,,,"NXLog_DNS_Server_CL",
"0b2a9277-f48f-49f6-b78d-d8bfd6dea87a",RestAPI,,,"7/27/2023, 2:47:55.321 PM",,,,,,,,,,,,,,,,,,18304,,".",Default,,,"Microsoft-Windows-DNSServer","eb79061a-a566-4698-9119-3ed2807060e7",260,0,16,"Microsoft-Windows-DNS-Server/Analytical ",4,"Information ",0,2,"RECURSE_QUERY ",9223372036854775824,"7/27/2023, 2:47:52.099 PM",2908,3164,INFO,2,INFO,windns,"NT AUTHORITY",SYSTEM,"S-1-5-18",User,0,0,"0.0.0.0",,0,"www.bing.com.edgekey.NET.",1,3889,0,3889,false,false,false,QUERY,false,NOERROR,false,false,false,"[{""dns.query.name"":""www.bing.com.edgekey.NET"",""dns.query.type"":""A"",""dns.query.class"":""IN""}]",0x0F3100000001000000000001037777770462696E6703636F6D07656467656B6579034E455400000100010000290FA0000000000000,".","a590f6ff-972e-41b9-8044-546573193adc","7/27/2023, 2:47:54.113 PM","in_windowsdns_auditanalytics_sentinel_windows","im_etw","172.18.88.20","N/A","95.100.173.65",,,,,,,NULL,,,,"NXLog_DNS_Server_CL",
"0b2a9277-f48f-49f6-b78d-d8bfd6dea87a",RestAPI,,,"7/27/2023, 2:47:55.321 PM",,,,,,,,,,,,,,,,,,,6,".",Default,"[{""dns.answer.name"":""www.bing.com.edgekey.NET"",""dns.answer.type"":""CNAME"",""dns.answer.class"":""IN"",""dns.answer.ttl"":21600,""dns.answer.data"":""e86303.dscx.akamaiedge.NET""}]",0,"Microsoft-Windows-DNSServer","eb79061a-a566-4698-9119-3ed2807060e7",261,0,16,"Microsoft-Windows-DNS-Server/Analytical ",4,"Information ",0,2,"RECURSE_QUERY ",9223372036854775840,"7/27/2023, 2:47:52.122 PM",2908,4028,INFO,2,INFO,windns,"NT AUTHORITY",SYSTEM,"S-1-5-18",User,33792,0,"0.0.0.0","193.108.91.66",,"www.bing.com.edgekey.NET.",1,3889,0,3889,false,false,true,QUERY,true,NOERROR,false,false,false,"[{""dns.query.name"":""www.bing.com.edgekey.NET"",""dns.query.type"":""A"",""dns.query.class"":""IN""}]",0x0F3184000001000100000001037777770462696E6703636F6D07656467656B6579034E45540000010001C00C000500010000546000190665383633303304647363780A616B616D616965646765C0210000291000000000000000,".","a590f6ff-972e-41b9-8044-546573193adc","7/27/2023, 2:47:54.113 PM","in_windowsdns_auditanalytics_sentinel_windows","im_etw","172.18.88.20","N/A",,1,0,,,,,,,,,"NXLog_DNS_Server_CL",
"0b2a9277-f48f-49f6-b78d-d8bfd6dea87a",RestAPI,,,"7/27/2023, 2:47:55.321 PM",,,,,,,,,,,,,,,,,,,,,,,,"Microsoft-Windows-DNSServer","eb79061a-a566-4698-9119-3ed2807060e7",279,0,16,"Microsoft-Windows-DNS-Server/Analytical ",4,"Information ",0,1,"LOOK_UP ",9223372071214514176,"7/27/2023, 2:47:52.122 PM",2908,4028,INFO,2,INFO,windns,"NT AUTHORITY",SYSTEM,"S-1-5-18",User,33152,0,"172.18.88.20","172.18.88.20",1,"e86303.dscx.akamaiedge.net.",1,18304,65139,18304,true,false,false,QUERY,true,NOERROR,false,false,true,"[{""dns.query.name"":""www.bing.com"",""dns.query.type"":""A"",""dns.query.class"":""IN""}]",0x478081800001000300000000037777770462696E6703636F6D0000010001,,,"7/27/2023, 2:47:54.113 PM","in_windowsdns_auditanalytics_sentinel_windows","im_etw","172.18.88.20","N/A",,,,,,,,,,,"N/A","NXLog_DNS_Server_CL",
"0b2a9277-f48f-49f6-b78d-d8bfd6dea87a",RestAPI,,,"7/27/2023, 2:47:55.321 PM",,,,,,,,,,,,,,,,,,18304,,".",Default,,,"Microsoft-Windows-DNSServer","eb79061a-a566-4698-9119-3ed2807060e7",260,0,16,"Microsoft-Windows-DNS-Server/Analytical ",4,"Information ",0,2,"RECURSE_QUERY ",9223372036854775824,"7/27/2023, 2:47:52.123 PM",2908,4028,INFO,2,INFO,windns,"NT AUTHORITY",SYSTEM,"S-1-5-18",User,0,0,"0.0.0.0",,0,"e86303.dscx.akamaiedge.NET.",1,8407,0,8407,false,false,false,QUERY,false,NOERROR,false,false,false,"[{""dns.query.name"":""e86303.dscx.akamaiedge.NET"",""dns.query.type"":""A"",""dns.query.class"":""IN""}]",0x20D7000000010000000000010665383633303304647363780A616B616D616965646765034E455400000100010000290FA0000000000000,".","a590f6ff-972e-41b9-8044-546573193adc","7/27/2023, 2:47:54.119 PM","in_windowsdns_auditanalytics_sentinel_windows","im_etw","172.18.88.20","N/A","184.26.160.192",,,,,,,NULL,,,,"NXLog_DNS_Server_CL",
"0b2a9277-f48f-49f6-b78d-d8bfd6dea87a",RestAPI,,,"7/27/2023, 2:47:55.321 PM",,,,,,,,,,,,,,,,,,,0,".",Default,"[{""dns.answer.name"":""www.bing.com.edgekey.NET"",""dns.answer.type"":""CNAME"",""dns.answer.class"":""IN"",""dns.answer.ttl"":21600,""dns.answer.data"":""e86303.dscx.akamaiedge.NET""}]",0,"Microsoft-Windows-DNSServer","eb79061a-a566-4698-9119-3ed2807060e7",261,0,16,"Microsoft-Windows-DNS-Server/Analytical ",4,"Information ",0,2,"RECURSE_QUERY ",9223372036854775840,"7/27/2023, 2:47:52.131 PM",2908,4028,INFO,2,INFO,windns,"NT AUTHORITY",SYSTEM,"S-1-5-18",User,33792,0,"0.0.0.0","95.100.173.65",,"www.bing.com.edgekey.NET.",1,3889,0,3889,false,false,true,QUERY,true,NOERROR,false,false,false,"[{""dns.query.name"":""www.bing.com.edgekey.NET"",""dns.query.type"":""A"",""dns.query.class"":""IN""}]",0x0F3184000001000100000001037777770462696E6703636F6D07656467656B6579034E45540000010001C00C000500010000546000190665383633303304647363780A616B616D616965646765C0210000291000000000000000,".","00000000-0000-0000-0000-000000000000","7/27/2023, 2:47:54.120 PM","in_windowsdns_auditanalytics_sentinel_windows","im_etw","172.18.88.20","N/A",,1,0,,,,,,,,,"NXLog_DNS_Server_CL",
"0b2a9277-f48f-49f6-b78d-d8bfd6dea87a",RestAPI,,,"7/27/2023, 2:47:55.321 PM",,,,,,,,,,,,,,,,System,,,,,,,,"Microsoft-Windows-DNSServer","eb79061a-a566-4698-9119-3ed2807060e7",259,0,16,"Microsoft-Windows-DNS-Server/Analytical ",2,"Error ",0,1,"LOOK_UP ",9223372036854775816,"7/27/2023, 2:47:52.131 PM",2908,4028,ERROR,4,ERROR,windns,"NT AUTHORITY",SYSTEM,"S-1-5-18",User,"EXTENDED_INFO|IS_64_BIT_HEADER|PROCESSOR_INDEX (577)",0,"0.0.0.0","95.100.173.65",,"www.bing.com.edgekey.NET.",1,3889,,,,,,,,,,,,,,".",,"7/27/2023, 2:47:54.120 PM","in_windowsdns_auditanalytics_sentinel_windows","im_etw","172.18.88.20","N/A",,,,,,,NULL,NULL,,,"N/A","NXLog_DNS_Server_CL",
"0b2a9277-f48f-49f6-b78d-d8bfd6dea87a",RestAPI,,,"7/27/2023, 2:47:55.321 PM",,,,,,,,,,,,,,,,,"[{""dns.additional.name"":""n4dscx.akamaiedge.NET"",""dns.additional.type"":""A"",""dns.additional.class"":""IN"",""dns.additional.ttl"":4000,""dns.additional.data"":""104.96.91.53""},{""dns.additional.name"":""n0dscx.akamaiedge.NET"",""dns.additional.type"":""AAAA"",""dns.additional.class"":""IN"",""dns.additional.ttl"":4000,""dns.additional.data"":""2600:1480:e800::c0""},{""dns.additional.name"":""n6dscx.akamaiedge.NET"",""dns.additional.type"":""A"",""dns.additional.class"":""IN"",""dns.additional.ttl"":4000,""dns.additional.data"":""104.96.91.52""},{""dns.additional.name"":""n0dscx.akamaiedge.NET"",""dns.additional.type"":""A"",""dns.additional.class"":""IN"",""dns.additional.ttl"":4000,""dns.additional.data"":""88.221.81.192""},{""dns.additional.name"":""n7dscx.akamaiedge.NET"",""dns.additional.type"":""A"",""dns.additional.class"":""IN"",""dns.additional.ttl"":4000,""dns.additional.data"":""104.96.91.116""},{""dns.additional.name"":""n5dscx.akamaiedge.NET"",""dns.additional.type"":""A"",""dns.additional.class"":""IN"",""dns.additional.ttl"":4000,""dns.additional.data"":""95.100.146.28""},{""dns.additional.name"":""n2dscx.akamaiedge.NET"",""dns.additional.type"":""A"",""dns.additional.class"":""IN"",""dns.additional.ttl"":4000,""dns.additional.data"":""104.96.91.118""},{""dns.additional.name"":""n3dscx.akamaiedge.NET"",""dns.additional.type"":""A"",""dns.additional.class"":""IN"",""dns.additional.ttl"":4000,""dns.additional.data"":""2.18.41.182""},{""dns.additional.name"":""n1dscx.akamaiedge.NET"",""dns.additional.type"":""A"",""dns.additional.class"":""IN"",""dns.additional.ttl"":4000,""dns.additional.data"":""104.96.91.95""}]",,7,".",Default,,0,"Microsoft-Windows-DNSServer","eb79061a-a566-4698-9119-3ed2807060e7",261,0,16,"Microsoft-Windows-DNS-Server/Analytical ",4,"Information ",0,2,"RECURSE_QUERY ",9223372036854775840,"7/27/2023, 2:47:52.159 PM",2908,4028,INFO,2,INFO,windns,"NT AUTHORITY",SYSTEM,"S-1-5-18",User,32768,0,"0.0.0.0","184.26.160.192",,"e86303.dscx.akamaiedge.NET.",1,8407,0,8407,false,false,false,QUERY,true,NOERROR,false,false,false,"[{""dns.query.name"":""e86303.dscx.akamaiedge.NET"",""dns.query.type"":""A"",""dns.query.class"":""IN""}]",0x20D78000000100000008000A0665383633303304647363780A616B616D616965646765034E45540000010001C0130002000100000FA00009066E3164736378C018C0130002000100000FA00009066E3064736378C018C0130002000100000FA00009066E3664736378C018C0130002000100000FA00009066E3464736378C018C0130002000100000FA00009066E3764736378C018C0130002000100000FA00009066E3264736378C018C0130002000100000FA00009066E3564736378C018C0130002000100000FA00009066E3364736378C018C0770001000100000FA0000468605B35C04D001C000100000FA0001026001480E800000000000000000000C0C0620001000100000FA0000468605B34C04D0001000100000FA0000458DD51C0C08C0001000100000FA0000468605B74C0B60001000100000FA000045F64921CC0A10001000100000FA0000468605B76C0CB0001000100000FA00004021229B6C0380001000100000FA0000468605B5F0000291000000000000000,".","a590f6ff-972e-41b9-8044-546573193adc","7/27/2023, 2:47:54.120 PM","in_windowsdns_auditanalytics_sentinel_windows","im_etw","172.18.88.20","N/A",,0,0,,,,,,"[{""dns.authority.name"":""dscx.akamaiedge.NET"",""dns.authority.type"":""NS"",""dns.authority.class"":""IN"",""dns.authority.ttl"":4000,""dns.authority.data"":""n1dscx.akamaiedge.NET""},{""dns.authority.name"":""dscx.akamaiedge.NET"",""dns.authority.type"":""NS"",""dns.authority.class"":""IN"",""dns.authority.ttl"":4000,""dns.authority.data"":""n0dscx.akamaiedge.NET""},{""dns.authority.name"":""dscx.akamaiedge.NET"",""dns.authority.type"":""NS"",""dns.authority.class"":""IN"",""dns.authority.ttl"":4000,""dns.authority.data"":""n6dscx.akamaiedge.NET""},{""dns.authority.name"":""dscx.akamaiedge.NET"",""dns.authority.type"":""NS"",""dns.authority.class"":""IN"",""dns.authority.ttl"":4000,""dns.authority.data"":""n4dscx.akamaiedge.NET""},{""dns.authority.name"":""dscx.akamaiedge.NET"",""dns.authority.type"":""NS"",""dns.authority.class"":""IN"",""dns.authority.ttl"":4000,""dns.authority.data"":""n7dscx.akamaiedge.NET""},{""dns.authority.name"":""dscx.akamaiedge.NET"",""dns.authority.type"":""NS"",""dns.authority.class"":""IN"",""dns.authority.ttl"":4000,""dns.authority.data"":""n2dscx.akamaiedge.NET""},{""dns.authority.name"":""dscx.akamaiedge.NET"",""dns.authority.type"":""NS"",""dns.authority.class"":""IN"",""dns.authority.ttl"":4000,""dns.authority.data"":""n5dscx.akamaiedge.NET""},{""dns.authority.name"":""dscx.akamaiedge.NET"",""dns.authority.type"":""NS"",""dns.authority.class"":""IN"",""dns.authority.ttl"":4000,""dns.authority.data"":""n3dscx.akamaiedge.NET""}]",,,"NXLog_DNS_Server_CL",
"0b2a9277-f48f-49f6-b78d-d8bfd6dea87a",RestAPI,,,"7/27/2023, 2:47:55.321 PM",,,,,,,,,,,,,,,,,,18304,,".",Default,,,"Microsoft-Windows-DNSServer","eb79061a-a566-4698-9119-3ed2807060e7",260,0,16,"Microsoft-Windows-DNS-Server/Analytical ",4,"Information ",0,2,"RECURSE_QUERY ",9223372036854775824,"7/27/2023, 2:47:52.159 PM",2908,4028,INFO,2,INFO,windns,"NT AUTHORITY",SYSTEM,"S-1-5-18",User,0,0,"0.0.0.0",,0,"e86303.dscx.akamaiedge.NET.",1,29107,0,29107,false,false,false,QUERY,false,NOERROR,false,false,false,"[{""dns.query.name"":""e86303.dscx.akamaiedge.NET"",""dns.query.type"":""A"",""dns.query.class"":""IN""}]",0x71B3000000010000000000010665383633303304647363780A616B616D616965646765034E455400000100010000290FA0000000000000,".","a590f6ff-972e-41b9-8044-546573193adc","7/27/2023, 2:47:54.120 PM","in_windowsdns_auditanalytics_sentinel_windows","im_etw","172.18.88.20","N/A","104.96.91.116",,,,,,,NULL,,,,"NXLog_DNS_Server_CL",
"0b2a9277-f48f-49f6-b78d-d8bfd6dea87a",RestAPI,,,"7/27/2023, 2:47:55.321 PM",,,,,,,,,,,,,,,,,,,8,".",Default,"[{""dns.answer.name"":""e86303.dscx.akamaiedge.NET"",""dns.answer.type"":""A"",""dns.answer.class"":""IN"",""dns.answer.ttl"":20,""dns.answer.data"":""88.221.92.185""},{""dns.answer.name"":""e86303.dscx.akamaiedge.NET"",""dns.answer.type"":""A"",""dns.answer.class"":""IN"",""dns.answer.ttl"":20,""dns.answer.data"":""88.221.92.191""},{""dns.answer.name"":""e86303.dscx.akamaiedge.NET"",""dns.answer.type"":""A"",""dns.answer.class"":""IN"",""dns.answer.ttl"":20,""dns.answer.data"":""88.221.92.178""},{""dns.answer.name"":""e86303.dscx.akamaiedge.NET"",""dns.answer.type"":""A"",""dns.answer.class"":""IN"",""dns.answer.ttl"":20,""dns.answer.data"":""88.221.92.175""},{""dns.answer.name"":""e86303.dscx.akamaiedge.NET"",""dns.answer.type"":""A"",""dns.answer.class"":""IN"",""dns.answer.ttl"":20,""dns.answer.data"":""88.221.92.137""},{""dns.answer.name"":""e86303.dscx.akamaiedge.NET"",""dns.answer.type"":""A"",""dns.answer.class"":""IN"",""dns.answer.ttl"":20,""dns.answer.data"":""88.221.92.134""},{""dns.answer.name"":""e86303.dscx.akamaiedge.NET"",""dns.answer.type"":""A"",""dns.answer.class"":""IN"",""dns.answer.ttl"":20,""dns.answer.data"":""88.221.92.132""},{""dns.answer.name"":""e86303.dscx.akamaiedge.NET"",""dns.answer.type"":""A"",""dns.answer.class"":""IN"",""dns.answer.ttl"":20,""dns.answer.data"":""88.221.92.193""},{""dns.answer.name"":""e86303.dscx.akamaiedge.NET"",""dns.answer.type"":""A"",""dns.answer.class"":""IN"",""dns.answer.ttl"":20,""dns.answer.data"":""88.221.92.179""}]",0,"Microsoft-Windows-DNSServer","eb79061a-a566-4698-9119-3ed2807060e7",261,0,16,"Microsoft-Windows-DNS-Server/Analytical ",4,"Information ",0,2,"RECURSE_QUERY ",9223372036854775840,"7/27/2023, 2:47:52.182 PM",2908,4028,INFO,2,INFO,windns,"NT AUTHORITY",SYSTEM,"S-1-5-18",User,33792,0,"0.0.0.0","104.96.91.116",,"e86303.dscx.akamaiedge.NET.",1,29107,0,29107,false,false,true,QUERY,true,NOERROR,false,false,false,"[{""dns.query.name"":""e86303.dscx.akamaiedge.NET"",""dns.query.type"":""A"",""dns.query.class"":""IN""}]",0x71B3840000010009000000010665383633303304647363780A616B616D616965646765034E45540000010001C00C0001000100000014000458DD5CB9C00C0001000100000014000458DD5CBFC00C0001000100000014000458DD5CB2C00C0001000100000014000458DD5CAFC00C0001000100000014000458DD5C89C00C0001000100000014000458DD5C86C00C0001000100000014000458DD5C84C00C0001000100000014000458DD5CC1C00C0001000100000014000458DD5CB30000291000000000000000,".","a590f6ff-972e-41b9-8044-546573193adc","7/27/2023, 2:47:54.120 PM","in_windowsdns_auditanalytics_sentinel_windows","im_etw","172.18.88.20","N/A",,1,0,,,,,,,,,"NXLog_DNS_Server_CL",
"0b2a9277-f48f-49f6-b78d-d8bfd6dea87a",RestAPI,,,"7/27/2023, 2:47:55.321 PM",,,,,,,,,,,,,,,,,,,,,,"[{""dns.answer.name"":""www.bing.com"",""dns.answer.type"":""CNAME"",""dns.answer.class"":""IN"",""dns.answer.ttl"":21596,""dns.answer.data"":""www-www.bing.com.trafficmanager.net""},{""dns.answer.name"":""www-www.bing.com.trafficmanager.net"",""dns.answer.type"":""CNAME"",""dns.answer.class"":""IN"",""dns.answer.ttl"":56,""dns.answer.data"":""www.bing.com.edgekey.net""},{""dns.answer.name"":""www.bing.com.edgekey.net"",""dns.answer.type"":""CNAME"",""dns.answer.class"":""IN"",""dns.answer.ttl"":21592,""dns.answer.data"":""e86303.dscx.akamaiedge.net""},{""dns.answer.name"":""e86303.dscx.akamaiedge.net"",""dns.answer.type"":""A"",""dns.answer.class"":""IN"",""dns.answer.ttl"":12,""dns.answer.data"":""88.221.92.185""},{""dns.answer.name"":""e86303.dscx.akamaiedge.net"",""dns.answer.type"":""A"",""dns.answer.class"":""IN"",""dns.answer.ttl"":12,""dns.answer.data"":""88.221.92.191""},{""dns.answer.name"":""e86303.dscx.akamaiedge.net"",""dns.answer.type"":""A"",""dns.answer.class"":""IN"",""dns.answer.ttl"":12,""dns.answer.data"":""88.221.92.178""},{""dns.answer.name"":""e86303.dscx.akamaiedge.net"",""dns.answer.type"":""A"",""dns.answer.class"":""IN"",""dns.answer.ttl"":12,""dns.answer.data"":""88.221.92.175""},{""dns.answer.name"":""e86303.dscx.akamaiedge.net"",""dns.answer.type"":""A"",""dns.answer.class"":""IN"",""dns.answer.ttl"":12,""dns.answer.data"":""88.221.92.137""},{""dns.answer.name"":""e86303.dscx.akamaiedge.net"",""dns.answer.type"":""A"",""dns.answer.class"":""IN"",""dns.answer.ttl"":12,""dns.answer.data"":""88.221.92.134""},{""dns.answer.name"":""e86303.dscx.akamaiedge.net"",""dns.answer.type"":""A"",""dns.answer.class"":""IN"",""dns.answer.ttl"":12,""dns.answer.data"":""88.221.92.132""},{""dns.answer.name"":""e86303.dscx.akamaiedge.net"",""dns.answer.type"":""A"",""dns.answer.class"":""IN"",""dns.answer.ttl"":12,""dns.answer.data"":""88.221.92.193""},{""dns.answer.name"":""e86303.dscx.akamaiedge.net"",""dns.answer.type"":""A"",""dns.answer.class"":""IN"",""dns.answer.ttl"":12,""dns.answer.data"":""88.221.92.179""}]",,"Microsoft-Windows-DNSServer","eb79061a-a566-4698-9119-3ed2807060e7",257,0,16,"Microsoft-Windows-DNS-Server/Analytical ",4,"Information ",0,1,"LOOK_UP ",9223372036854775810,"7/27/2023, 2:47:52.183 PM",2908,4028,INFO,2,INFO,windns,"NT AUTHORITY",SYSTEM,"S-1-5-18",User,33152,0,"172.18.88.20",,,"www.bing.com.",1,18304,65139,18304,true,false,false,QUERY,true,NOERROR,false,false,true,"[{""dns.query.name"":""www.bing.com"",""dns.query.type"":""A"",""dns.query.class"":""IN""}]",0x478081800001000C00000000037777770462696E6703636F6D0000010001C00C000500010000545C0025077777772D7777770462696E6703636F6D0E747261666669636D616E61676572036E657400C02A00050001000000380017037777770462696E6703636F6D07656467656B6579C04AC05B000500010000545800190665383633303304647363780A616B616D616965646765C04AC07E000100010000000C000458DD5CB9C07E000100010000000C000458DD5CBFC07E000100010000000C000458DD5CB2C07E000100010000000C000458DD5CAFC07E000100010000000C000458DD5C89C07E000100010000000C000458DD5C86C07E000100010000000C000458DD5C84C07E000100010000000C000458DD5CC1C07E000100010000000C000458DD5CB3,"VirtualizationInstance:.","a590f6ff-972e-41b9-8044-546573193adc","7/27/2023, 2:47:54.120 PM","in_windowsdns_auditanalytics_sentinel_windows","im_etw","172.18.88.20","N/A","172.18.88.20",0,0,0,0,Default,"..Cache",NULL,,8047,,"NXLog_DNS_Server_CL",
"0b2a9277-f48f-49f6-b78d-d8bfd6dea87a",RestAPI,,,"7/27/2023, 2:47:46.930 PM",,,,,,,,,,,,,,,,,,,,,,,,"Microsoft-Windows-DNSServer","eb79061a-a566-4698-9119-3ed2807060e7",256,0,16,"Microsoft-Windows-DNS-Server/Analytical ",4,"Information ",0,1,"LOOK_UP ",9223372036854775809,"7/27/2023, 2:47:44.131 PM",2908,4024,INFO,2,INFO,windns,"NT AUTHORITY",SYSTEM,"S-1-5-18",User,256,0,"172.18.88.20","172.18.88.20",1,"onecs-live.azureedge.net.",1,10261,51485,10261,true,false,false,QUERY,false,NOERROR,false,false,false,"[{""dns.query.name"":""onecs-live.azureedge.net"",""dns.query.type"":""A"",""dns.query.class"":""IN""}]",0x2815010000010000000000000A6F6E6563732D6C69766509617A75726565646765036E65740000010001,".","c1462714-accc-4dc2-a185-1e0c538f0ec9","7/27/2023, 2:47:46.147 PM","in_windowsdns_auditanalytics_sentinel_windows","im_etw","172.18.88.20","N/A",,,,,,,,,,,,"NXLog_DNS_Server_CL",
"0b2a9277-f48f-49f6-b78d-d8bfd6dea87a",RestAPI,,,"7/27/2023, 2:47:46.930 PM",,,,,,,,,,,,,,,,,,10261,,".",Default,,,"Microsoft-Windows-DNSServer","eb79061a-a566-4698-9119-3ed2807060e7",260,0,16,"Microsoft-Windows-DNS-Server/Analytical ",4,"Information ",0,2,"RECURSE_QUERY ",9223372036854775824,"7/27/2023, 2:47:44.132 PM",2908,4024,INFO,2,INFO,windns,"NT AUTHORITY",SYSTEM,"S-1-5-18",User,0,0,"0.0.0.0",,0,"onecs-live.azureedge.net.",1,32823,0,32823,false,false,false,QUERY,false,NOERROR,false,false,false,"[{""dns.query.name"":""onecs-live.azureedge.net"",""dns.query.type"":""A"",""dns.query.class"":""IN""}]",0x8037000000010000000000010A6F6E6563732D6C69766509617A75726565646765036E657400000100010000290FA0000000000000,".","c1462714-accc-4dc2-a185-1e0c538f0ec9","7/27/2023, 2:47:46.148 PM","in_windowsdns_auditanalytics_sentinel_windows","im_etw","172.18.88.20","N/A","150.171.21.6",,,,,,,NULL,,,,"NXLog_DNS_Server_CL",
"0b2a9277-f48f-49f6-b78d-d8bfd6dea87a",RestAPI,,,"7/27/2023, 2:47:46.930 PM",,,,,,,,,,,,,,,,,,,,,,,,"Microsoft-Windows-DNSServer","eb79061a-a566-4698-9119-3ed2807060e7",256,0,16,"Microsoft-Windows-DNS-Server/Analytical ",4,"Information ",0,1,"LOOK_UP ",9223372036854775809,"7/27/2023, 2:47:44.135 PM",2908,4024,INFO,2,INFO,windns,"NT AUTHORITY",SYSTEM,"S-1-5-18",User,256,0,"172.18.88.20","172.18.88.20",1,"www.bing.com.",1,18304,65139,18304,true,false,false,QUERY,false,NOERROR,false,false,false,"[{""dns.query.name"":""www.bing.com"",""dns.query.type"":""A"",""dns.query.class"":""IN""}]",0x478001000001000000000000037777770462696E6703636F6D0000010001,".","a590f6ff-972e-41b9-8044-546573193adc","7/27/2023, 2:47:46.148 PM","in_windowsdns_auditanalytics_sentinel_windows","im_etw","172.18.88.20","N/A",,,,,,,,,,,,"NXLog_DNS_Server_CL",
"0b2a9277-f48f-49f6-b78d-d8bfd6dea87a",RestAPI,,,"7/27/2023, 2:47:46.930 PM",,,,,,,,,,,,,,,,,,18304,,".",Default,,,"Microsoft-Windows-DNSServer","eb79061a-a566-4698-9119-3ed2807060e7",260,0,16,"Microsoft-Windows-DNS-Server/Analytical ",4,"Information ",0,2,"RECURSE_QUERY ",9223372036854775824,"7/27/2023, 2:47:44.136 PM",2908,4024,INFO,2,INFO,windns,"NT AUTHORITY",SYSTEM,"S-1-5-18",User,0,0,"0.0.0.0",,0,"www.bing.com.",1,57261,0,57261,false,false,false,QUERY,false,NOERROR,false,false,false,"[{""dns.query.name"":""www.bing.com"",""dns.query.type"":""A"",""dns.query.class"":""IN""}]",0xDFAD00000001000000000001037777770462696E6703636F6D00000100010000290FA0000000000000,".","a590f6ff-972e-41b9-8044-546573193adc","7/27/2023, 2:47:46.148 PM","in_windowsdns_auditanalytics_sentinel_windows","im_etw","172.18.88.20","N/A","192.54.112.30",,,,,,,NULL,,,,"NXLog_DNS_Server_CL",
"0b2a9277-f48f-49f6-b78d-d8bfd6dea87a",RestAPI,,,"7/27/2023, 2:47:46.930 PM",,,,,,,,,,,,,,,,,,,1,".",Default,"[{""dns.answer.name"":""onecs-live.azureedge.net"",""dns.answer.type"":""CNAME"",""dns.answer.class"":""IN"",""dns.answer.ttl"":1800,""dns.answer.data"":""onecs-live.ec.azureedge.net""}]",0,"Microsoft-Windows-DNSServer","eb79061a-a566-4698-9119-3ed2807060e7",261,0,16,"Microsoft-Windows-DNS-Server/Analytical ",4,"Information ",0,2,"RECURSE_QUERY ",9223372036854775840,"7/27/2023, 2:47:44.163 PM",2908,4024,INFO,2,INFO,windns,"NT AUTHORITY",SYSTEM,"S-1-5-18",User,33792,0,"0.0.0.0","150.171.21.6",,"onecs-live.azureedge.net.",1,32823,0,32823,false,false,true,QUERY,true,NOERROR,false,false,false,"[{""dns.query.name"":""onecs-live.azureedge.net"",""dns.query.type"":""A"",""dns.query.class"":""IN""}]",0x8037840000010001000000010A6F6E6563732D6C69766509617A75726565646765036E65740000010001C00C000500010000070800100A6F6E6563732D6C697665026563C01700002904D0000000000000,".","c1462714-accc-4dc2-a185-1e0c538f0ec9","7/27/2023, 2:47:46.148 PM","in_windowsdns_auditanalytics_sentinel_windows","im_etw","172.18.88.20","N/A",,1,0,,,,,,,,,"NXLog_DNS_Server_CL",
"0b2a9277-f48f-49f6-b78d-d8bfd6dea87a",RestAPI,,,"7/27/2023, 2:47:46.930 PM",,,,,,,,,,,,,,,,,,,,,,,,"Microsoft-Windows-DNSServer","eb79061a-a566-4698-9119-3ed2807060e7",279,0,16,"Microsoft-Windows-DNS-Server/Analytical ",4,"Information ",0,1,"LOOK_UP ",9223372071214514176,"7/27/2023, 2:47:44.163 PM",2908,4024,INFO,2,INFO,windns,"NT AUTHORITY",SYSTEM,"S-1-5-18",User,33152,0,"172.18.88.20","172.18.88.20",1,"onecs-live.ec.azureedge.net.",1,10261,51485,10261,true,false,false,QUERY,true,NOERROR,false,false,true,"[{""dns.query.name"":""onecs-live.azureedge.net"",""dns.query.type"":""A"",""dns.query.class"":""IN""}]",0x2815818000010001000000000A6F6E6563732D6C69766509617A75726565646765036E65740000010001,,,"7/27/2023, 2:47:46.148 PM","in_windowsdns_auditanalytics_sentinel_windows","im_etw","172.18.88.20","N/A",,,,,,,,,,,"N/A","NXLog_DNS_Server_CL",
"0b2a9277-f48f-49f6-b78d-d8bfd6dea87a",RestAPI,,,"7/27/2023, 2:47:46.930 PM",,,,,,,,,,,,,,,,,,10261,,".",Default,,,"Microsoft-Windows-DNSServer","eb79061a-a566-4698-9119-3ed2807060e7",260,0,16,"Microsoft-Windows-DNS-Server/Analytical ",4,"Information ",0,2,"RECURSE_QUERY ",9223372036854775824,"7/27/2023, 2:47:44.163 PM",2908,4024,INFO,2,INFO,windns,"NT AUTHORITY",SYSTEM,"S-1-5-18",User,0,0,"0.0.0.0",,0,"onecs-live.ec.azureedge.NET.",1,28869,0,28869,false,false,false,QUERY,false,NOERROR,false,false,false,"[{""dns.query.name"":""onecs-live.ec.azureedge.NET"",""dns.query.type"":""A"",""dns.query.class"":""IN""}]",0x70C5000000010000000000010A6F6E6563732D6C69766502656309617A75726565646765034E455400000100010000290FA0000000000000,".","c1462714-accc-4dc2-a185-1e0c538f0ec9","7/27/2023, 2:47:46.148 PM","in_windowsdns_auditanalytics_sentinel_windows","im_etw","172.18.88.20","N/A","150.171.21.6",,,,,,,NULL,,,,"NXLog_DNS_Server_CL",
"0b2a9277-f48f-49f6-b78d-d8bfd6dea87a",RestAPI,,,"7/27/2023, 2:47:46.930 PM",,,,,,,,,,,,,,,,,"[{""dns.additional.name"":""ns1-204.azure-dns.com"",""dns.additional.type"":""A"",""dns.additional.class"":""IN"",""dns.additional.ttl"":172800,""dns.additional.data"":""13.107.236.204""},{""dns.additional.name"":""ns1-204.azure-dns.com"",""dns.additional.type"":""AAAA"",""dns.additional.class"":""IN"",""dns.additional.ttl"":172800,""dns.additional.data"":""2603:1061:0:700::cc""}]",,1,".",Default,,0,"Microsoft-Windows-DNSServer","eb79061a-a566-4698-9119-3ed2807060e7",261,0,16,"Microsoft-Windows-DNS-Server/Analytical ",4,"Information ",0,2,"RECURSE_QUERY ",9223372036854775840,"7/27/2023, 2:47:44.171 PM",2908,4024,INFO,2,INFO,windns,"NT AUTHORITY",SYSTEM,"S-1-5-18",User,32768,0,"0.0.0.0","192.54.112.30",,"www.bing.com.",1,57261,0,57261,false,false,false,QUERY,true,NOERROR,false,false,false,"[{""dns.query.name"":""www.bing.com"",""dns.query.type"":""A"",""dns.query.class"":""IN""}]",0xDFAD80000001000000080003037777770462696E6703636F6D0000010001C010000200010002A300001404646E733103703039056E736F6E65036E657400C010000200010002A300000704646E7332C02FC010000200010002A300000704646E7333C02FC010000200010002A300000704646E7334C02FC010000200010002A3000014076E73312D32303409617A7572652D646E73C015C010000200010002A3000014076E73322D32303409617A7572652D646E73C039C010000200010002A3000018076E73342D32303409617A7572652D646E7304696E666F00C010000200010002A3000017076E73332D32303409617A7572652D646E73036F726700C083000100010002A30000040D6BECCCC083001C00010002A3000010260310610000070000000000000000CC0000291000000000000000,".","a590f6ff-972e-41b9-8044-546573193adc","7/27/2023, 2:47:46.148 PM","in_windowsdns_auditanalytics_sentinel_windows","im_etw","172.18.88.20","N/A",,0,0,,,,,,"[{""dns.authority.name"":""bing.com"",""dns.authority.type"":""NS"",""dns.authority.class"":""IN"",""dns.authority.ttl"":172800,""dns.authority.data"":""dns1.p09.nsone.net""},{""dns.authority.name"":""bing.com"",""dns.authority.type"":""NS"",""dns.authority.class"":""IN"",""dns.authority.ttl"":172800,""dns.authority.data"":""dns2.p09.nsone.net""},{""dns.authority.name"":""bing.com"",""dns.authority.type"":""NS"",""dns.authority.class"":""IN"",""dns.authority.ttl"":172800,""dns.authority.data"":""dns3.p09.nsone.net""},{""dns.authority.name"":""bing.com"",""dns.authority.type"":""NS"",""dns.authority.class"":""IN"",""dns.authority.ttl"":172800,""dns.authority.data"":""dns4.p09.nsone.net""},{""dns.authority.name"":""bing.com"",""dns.authority.type"":""NS"",""dns.authority.class"":""IN"",""dns.authority.ttl"":172800,""dns.authority.data"":""ns1-204.azure-dns.com""},{""dns.authority.name"":""bing.com"",""dns.authority.type"":""NS"",""dns.authority.class"":""IN"",""dns.authority.ttl"":172800,""dns.authority.data"":""ns2-204.azure-dns.net""},{""dns.authority.name"":""bing.com"",""dns.authority.type"":""NS"",""dns.authority.class"":""IN"",""dns.authority.ttl"":172800,""dns.authority.data"":""ns4-204.azure-dns.info""},{""dns.authority.name"":""bing.com"",""dns.authority.type"":""NS"",""dns.authority.class"":""IN"",""dns.authority.ttl"":172800,""dns.authority.data"":""ns3-204.azure-dns.org""}]",,,"NXLog_DNS_Server_CL",
"0b2a9277-f48f-49f6-b78d-d8bfd6dea87a",RestAPI,,,"7/27/2023, 2:47:46.930 PM",,,,,,,,,,,,,,,,System,,,,,,,,"Microsoft-Windows-DNSServer","eb79061a-a566-4698-9119-3ed2807060e7",259,0,16,"Microsoft-Windows-DNS-Server/Analytical ",2,"Error ",0,1,"LOOK_UP ",9223372036854775816,"7/27/2023, 2:47:44.171 PM",2908,4024,ERROR,4,ERROR,windns,"NT AUTHORITY",SYSTEM,"S-1-5-18",User,"EXTENDED_INFO|IS_64_BIT_HEADER|PROCESSOR_INDEX (577)",0,"0.0.0.0","2603:1061:0:700::cc",,"www.bing.com.",1,13883,,,,,,,,,,,,,,".",,"7/27/2023, 2:47:46.148 PM","in_windowsdns_auditanalytics_sentinel_windows","im_etw","172.18.88.20","N/A",,,,,,,"..Cache",NULL,,,"N/A","NXLog_DNS_Server_CL",
"0b2a9277-f48f-49f6-b78d-d8bfd6dea87a",RestAPI,,,"7/27/2023, 2:47:46.930 PM",,,,,,,,,,,,,,,,,,,2,".",Default,,0,"Microsoft-Windows-DNSServer","eb79061a-a566-4698-9119-3ed2807060e7",261,0,16,"Microsoft-Windows-DNS-Server/Analytical ",4,"Information ",0,2,"RECURSE_QUERY ",9223372036854775840,"7/27/2023, 2:47:44.196 PM",2908,4024,INFO,2,INFO,windns,"NT AUTHORITY",SYSTEM,"S-1-5-18",User,32768,0,"0.0.0.0","150.171.21.6",,"onecs-live.ec.azureedge.NET.",1,28869,0,28869,false,false,false,QUERY,true,NOERROR,false,false,false,"[{""dns.query.name"":""onecs-live.ec.azureedge.NET"",""dns.query.type"":""A"",""dns.query.class"":""IN""}]",0x70C5800000010000000400010A6F6E6563732D6C69766502656309617A75726565646765034E45540000010001C01700020001000007080012036E73320B6564676563617374646E73C024C01700020001000007080006036E7334C03DC01700020001000007080006036E7333C03DC01700020001000007080006036E7331C03D00002904D0000000000000,".","c1462714-accc-4dc2-a185-1e0c538f0ec9","7/27/2023, 2:47:46.152 PM","in_windowsdns_auditanalytics_sentinel_windows","im_etw","172.18.88.20","N/A",,0,0,,,,,,"[{""dns.authority.name"":""ec.azureedge.NET"",""dns.authority.type"":""NS"",""dns.authority.class"":""IN"",""dns.authority.ttl"":1800,""dns.authority.data"":""ns2.edgecastdns.NET""},{""dns.authority.name"":""ec.azureedge.NET"",""dns.authority.type"":""NS"",""dns.authority.class"":""IN"",""dns.authority.ttl"":1800,""dns.authority.data"":""ns4.edgecastdns.NET""},{""dns.authority.name"":""ec.azureedge.NET"",""dns.authority.type"":""NS"",""dns.authority.class"":""IN"",""dns.authority.ttl"":1800,""dns.authority.data"":""ns3.edgecastdns.NET""},{""dns.authority.name"":""ec.azureedge.NET"",""dns.authority.type"":""NS"",""dns.authority.class"":""IN"",""dns.authority.ttl"":1800,""dns.authority.data"":""ns1.edgecastdns.NET""}]",,,"NXLog_DNS_Server_CL",
"0b2a9277-f48f-49f6-b78d-d8bfd6dea87a",RestAPI,,,"7/27/2023, 2:47:46.930 PM",,,,,,,,,,,,,,,,System,,,,,,,,"Microsoft-Windows-DNSServer","eb79061a-a566-4698-9119-3ed2807060e7",259,0,16,"Microsoft-Windows-DNS-Server/Analytical ",2,"Error ",0,1,"LOOK_UP ",9223372036854775816,"7/27/2023, 2:47:44.196 PM",2908,4024,ERROR,4,ERROR,windns,"NT AUTHORITY",SYSTEM,"S-1-5-18",User,"EXTENDED_INFO|IS_64_BIT_HEADER|PROCESSOR_INDEX (577)",0,"0.0.0.0","2606:2800:c::5",,"onecs-live.ec.azureedge.NET.",1,47592,,,,,,,,,,,,,,".",,"7/27/2023, 2:47:46.152 PM","in_windowsdns_auditanalytics_sentinel_windows","im_etw","172.18.88.20","N/A",,,,,,,"..Cache",NULL,,,"N/A","NXLog_DNS_Server_CL",
"0b2a9277-f48f-49f6-b78d-d8bfd6dea87a",RestAPI,,,"7/27/2023, 2:47:46.930 PM",,,,,,,,,,,,,,,,,,,,,,,,"Microsoft-Windows-DNSServer","eb79061a-a566-4698-9119-3ed2807060e7",256,0,16,"Microsoft-Windows-DNS-Server/Analytical ",4,"Information ",0,1,"LOOK_UP ",9223372036854775809,"7/27/2023, 2:47:44.200 PM",2908,4024,INFO,2,INFO,windns,"NT AUTHORITY",SYSTEM,"S-1-5-18",User,256,0,"172.18.88.20","172.18.88.20",1,"www.bing.com.",1,18304,65139,18304,true,false,false,QUERY,false,NOERROR,false,false,false,"[{""dns.query.name"":""www.bing.com"",""dns.query.type"":""A"",""dns.query.class"":""IN""}]",0x478001000001000000000000037777770462696E6703636F6D0000010001,".","c479567a-5717-445b-97ef-2d22f5a80afd","7/27/2023, 2:47:46.155 PM","in_windowsdns_auditanalytics_sentinel_windows","im_etw","172.18.88.20","N/A",,,,,,,,,,,,"NXLog_DNS_Server_CL",
"0b2a9277-f48f-49f6-b78d-d8bfd6dea87a",RestAPI,,,"7/27/2023, 2:47:46.930 PM",,,,,,,,,,,,,,,,,,,,,,,,"Microsoft-Windows-DNSServer","eb79061a-a566-4698-9119-3ed2807060e7",256,0,16,"Microsoft-Windows-DNS-Server/Analytical ",4,"Information ",0,1,"LOOK_UP ",9223372036854775809,"7/27/2023, 2:47:44.689 PM",2908,4024,INFO,2,INFO,windns,"NT AUTHORITY",SYSTEM,"S-1-5-18",User,256,0,"172.18.88.20","172.18.88.20",1,"settings-win.data.microsoft.com.",1,6624,59767,6624,true,false,false,QUERY,false,NOERROR,false,false,false,"[{""dns.query.name"":""settings-win.data.microsoft.com"",""dns.query.type"":""A"",""dns.query.class"":""IN""}]",0x19E0010000010000000000000C73657474696E67732D77696E0464617461096D6963726F736F667403636F6D0000010001,".","671629a8-abe2-4620-99b1-044fac2ced73","7/27/2023, 2:47:46.155 PM","in_windowsdns_auditanalytics_sentinel_windows","im_etw","172.18.88.20","N/A",,,,,,,,,,,,"NXLog_DNS_Server_CL",
"0b2a9277-f48f-49f6-b78d-d8bfd6dea87a",RestAPI,,,"7/27/2023, 2:47:46.930 PM",,,,,,,,,,,,,,,,,,,,,,,,"Microsoft-Windows-DNSServer","eb79061a-a566-4698-9119-3ed2807060e7",279,0,16,"Microsoft-Windows-DNS-Server/Analytical ",4,"Information ",0,1,"LOOK_UP ",9223372071214514176,"7/27/2023, 2:47:44.689 PM",2908,4024,INFO,2,INFO,windns,"NT AUTHORITY",SYSTEM,"S-1-5-18",User,33152,0,"172.18.88.20","172.18.88.20",1,"atm-settingsfe-prod-geo2.trafficmanager.net.",1,6624,59767,6624,true,false,false,QUERY,true,NOERROR,false,false,true,"[{""dns.query.name"":""settings-win.data.microsoft.com"",""dns.query.type"":""A"",""dns.query.class"":""IN""}]",0x19E0818000010001000000000C73657474696E67732D77696E0464617461096D6963726F736F667403636F6D0000010001,,,"7/27/2023, 2:47:46.155 PM","in_windowsdns_auditanalytics_sentinel_windows","im_etw","172.18.88.20","N/A",,,,,,,,,,,"N/A","NXLog_DNS_Server_CL",
"0b2a9277-f48f-49f6-b78d-d8bfd6dea87a",RestAPI,,,"7/27/2023, 2:47:46.930 PM",,,,,,,,,,,,,,,,,,6624,,".",Default,,,"Microsoft-Windows-DNSServer","eb79061a-a566-4698-9119-3ed2807060e7",260,0,16,"Microsoft-Windows-DNS-Server/Analytical ",4,"Information ",0,2,"RECURSE_QUERY ",9223372036854775824,"7/27/2023, 2:47:44.689 PM",2908,4024,INFO,2,INFO,windns,"NT AUTHORITY",SYSTEM,"S-1-5-18",User,0,0,"0.0.0.0",,0,"atm-settingsfe-prod-geo2.trafficmanager.NET.",1,30458,0,30458,false,false,false,QUERY,false,NOERROR,false,false,false,"[{""dns.query.name"":""atm-settingsfe-prod-geo2.trafficmanager.NET"",""dns.query.type"":""A"",""dns.query.class"":""IN""}]",0x76FA000000010000000000011861746D2D73657474696E677366652D70726F642D67656F320E747261666669636D616E61676572034E455400000100010000290FA0000000000000,".","671629a8-abe2-4620-99b1-044fac2ced73","7/27/2023, 2:47:46.155 PM","in_windowsdns_auditanalytics_sentinel_windows","im_etw","172.18.88.20","N/A","13.107.222.240",,,,,,,NULL,,,,"NXLog_DNS_Server_CL",
"0b2a9277-f48f-49f6-b78d-d8bfd6dea87a",RestAPI,,,"7/27/2023, 2:47:46.930 PM",,,,,,,,,,,,,,,,,,,1,".",Default,"[{""dns.answer.name"":""atm-settingsfe-prod-geo2.trafficmanager.NET"",""dns.answer.type"":""CNAME"",""dns.answer.class"":""IN"",""dns.answer.ttl"":60,""dns.answer.data"":""settings-prod-weu-2.westeurope.cloudapp.azure.com""}]",0,"Microsoft-Windows-DNSServer","eb79061a-a566-4698-9119-3ed2807060e7",261,0,16,"Microsoft-Windows-DNS-Server/Analytical ",4,"Information ",0,2,"RECURSE_QUERY ",9223372036854775840,"7/27/2023, 2:47:44.719 PM",2908,4024,INFO,2,INFO,windns,"NT AUTHORITY",SYSTEM,"S-1-5-18",User,33792,0,"0.0.0.0","13.107.222.240",,"atm-settingsfe-prod-geo2.trafficmanager.NET.",1,30458,0,30458,false,false,true,QUERY,true,NOERROR,false,false,false,"[{""dns.query.name"":""atm-settingsfe-prod-geo2.trafficmanager.NET"",""dns.query.type"":""A"",""dns.query.class"":""IN""}]",0x76FA840000010001000000011861746D2D73657474696E677366652D70726F642D67656F320E747261666669636D616E61676572034E45540000010001C00C000500010000003C00331373657474696E67732D70726F642D7765752D320A776573746575726F706508636C6F756461707005617A75726503636F6D0000002904D0000000000000,".","671629a8-abe2-4620-99b1-044fac2ced73","7/27/2023, 2:47:46.155 PM","in_windowsdns_auditanalytics_sentinel_windows","im_etw","172.18.88.20","N/A",,1,0,,,,,,,,,"NXLog_DNS_Server_CL",
"0b2a9277-f48f-49f6-b78d-d8bfd6dea87a",RestAPI,,,"7/27/2023, 2:47:46.930 PM",,,,,,,,,,,,,,,,,,,,,,,,"Microsoft-Windows-DNSServer","eb79061a-a566-4698-9119-3ed2807060e7",279,0,16,"Microsoft-Windows-DNS-Server/Analytical ",4,"Information ",0,1,"LOOK_UP ",9223372071214514176,"7/27/2023, 2:47:44.719 PM",2908,4024,INFO,2,INFO,windns,"NT AUTHORITY",SYSTEM,"S-1-5-18",User,33152,0,"172.18.88.20","172.18.88.20",1,"settings-prod-weu-2.westeurope.cloudapp.azure.com.",1,6624,59767,6624,true,false,false,QUERY,true,NOERROR,false,false,true,"[{""dns.query.name"":""settings-win.data.microsoft.com"",""dns.query.type"":""A"",""dns.query.class"":""IN""}]",0x19E0818000010002000000000C73657474696E67732D77696E0464617461096D6963726F736F667403636F6D0000010001,,,"7/27/2023, 2:47:46.155 PM","in_windowsdns_auditanalytics_sentinel_windows","im_etw","172.18.88.20","N/A",,,,,,,,,,,"N/A","NXLog_DNS_Server_CL",
"0b2a9277-f48f-49f6-b78d-d8bfd6dea87a",RestAPI,,,"7/27/2023, 2:47:46.930 PM",,,,,,,,,,,,,,,,,,6624,,".",Default,,,"Microsoft-Windows-DNSServer","eb79061a-a566-4698-9119-3ed2807060e7",260,0,16,"Microsoft-Windows-DNS-Server/Analytical ",4,"Information ",0,2,"RECURSE_QUERY ",9223372036854775824,"7/27/2023, 2:47:44.720 PM",2908,4024,INFO,2,INFO,windns,"NT AUTHORITY",SYSTEM,"S-1-5-18",User,0,0,"0.0.0.0",,0,"settings-prod-weu-2.westeurope.cloudapp.azure.com.",1,41167,0,41167,false,false,false,QUERY,false,NOERROR,false,false,false,"[{""dns.query.name"":""settings-prod-weu-2.westeurope.cloudapp.azure.com"",""dns.query.type"":""A"",""dns.query.class"":""IN""}]",0xA0CF000000010000000000011373657474696E67732D70726F642D7765752D320A776573746575726F706508636C6F756461707005617A75726503636F6D00000100010000290FA0000000000000,".","671629a8-abe2-4620-99b1-044fac2ced73","7/27/2023, 2:47:46.155 PM","in_windowsdns_auditanalytics_sentinel_windows","im_etw","172.18.88.20","N/A","150.171.10.201",,,,,,,NULL,,,,"NXLog_DNS_Server_CL",
"0b2a9277-f48f-49f6-b78d-d8bfd6dea87a",RestAPI,,,"7/27/2023, 2:47:46.930 PM",,,,,,,,,,,,,,,,,,,2,".",Default,"[{""dns.answer.name"":""settings-prod-weu-2.westeurope.cloudapp.azure.com"",""dns.answer.type"":""A"",""dns.answer.class"":""IN"",""dns.answer.ttl"":10,""dns.answer.data"":""20.73.194.208""}]",0,"Microsoft-Windows-DNSServer","eb79061a-a566-4698-9119-3ed2807060e7",261,0,16,"Microsoft-Windows-DNS-Server/Analytical ",4,"Information ",0,2,"RECURSE_QUERY ",9223372036854775840,"7/27/2023, 2:47:44.747 PM",2908,4024,INFO,2,INFO,windns,"NT AUTHORITY",SYSTEM,"S-1-5-18",User,33792,0,"0.0.0.0","150.171.10.201",,"settings-prod-weu-2.westeurope.cloudapp.azure.com.",1,41167,0,41167,false,false,true,QUERY,true,NOERROR,false,false,false,"[{""dns.query.name"":""settings-prod-weu-2.westeurope.cloudapp.azure.com"",""dns.query.type"":""A"",""dns.query.class"":""IN""}]",0xA0CF840000010001000000011373657474696E67732D70726F642D7765752D320A776573746575726F706508636C6F756461707005617A75726503636F6D0000010001C00C000100010000000A00041449C2D000002904D0000000000000,".","671629a8-abe2-4620-99b1-044fac2ced73","7/27/2023, 2:47:46.155 PM","in_windowsdns_auditanalytics_sentinel_windows","im_etw","172.18.88.20","N/A",,1,0,,,,,,,,,"NXLog_DNS_Server_CL",
"0b2a9277-f48f-49f6-b78d-d8bfd6dea87a",RestAPI,,,"7/27/2023, 2:47:46.930 PM",,,,,,,,,,,,,,,,,,,,,,"[{""dns.answer.name"":""settings-win.data.microsoft.com"",""dns.answer.type"":""CNAME"",""dns.answer.class"":""IN"",""dns.answer.ttl"":1623,""dns.answer.data"":""atm-settingsfe-prod-geo2.trafficmanager.net""},{""dns.answer.name"":""atm-settingsfe-prod-geo2.trafficmanager.net"",""dns.answer.type"":""CNAME"",""dns.answer.class"":""IN"",""dns.answer.ttl"":59,""dns.answer.data"":""settings-prod-weu-2.westeurope.cloudapp.azure.com""},{""dns.answer.name"":""settings-prod-weu-2.westeurope.cloudapp.azure.com"",""dns.answer.type"":""A"",""dns.answer.class"":""IN"",""dns.answer.ttl"":9,""dns.answer.data"":""20.73.194.208""}]",,"Microsoft-Windows-DNSServer","eb79061a-a566-4698-9119-3ed2807060e7",257,0,16,"Microsoft-Windows-DNS-Server/Analytical ",4,"Information ",0,1,"LOOK_UP ",9223372036854775810,"7/27/2023, 2:47:44.747 PM",2908,4024,INFO,2,INFO,windns,"NT AUTHORITY",SYSTEM,"S-1-5-18",User,33152,0,"172.18.88.20",,,"settings-win.data.microsoft.com.",1,6624,59767,6624,true,false,false,QUERY,true,NOERROR,false,false,true,"[{""dns.query.name"":""settings-win.data.microsoft.com"",""dns.query.type"":""A"",""dns.query.class"":""IN""}]",0x19E0818000010003000000000C73657474696E67732D77696E0464617461096D6963726F736F667403636F6D0000010001C00C0005000100000657002D1861746D2D73657474696E677366652D70726F642D67656F320E747261666669636D616E61676572036E657400C03D000500010000003B00301373657474696E67732D70726F642D7765752D320A776573746575726F706508636C6F756461707005617A757265C028C076000100010000000900041449C2D0,"VirtualizationInstance:.","671629a8-abe2-4620-99b1-044fac2ced73","7/27/2023, 2:47:46.155 PM","in_windowsdns_auditanalytics_sentinel_windows","im_etw","172.18.88.20","N/A","172.18.88.20",0,0,0,0,Default,"..Cache",NULL,,58,,"NXLog_DNS_Server_CL",
