"0b2a9277-f48f-49f6-b78d-d8bfd6dea87a",RestAPI,,,"7/27/2023, 2:43:58.758 PM",,,,,,,,,,,,,,,,,,,,,,,,"Microsoft-Windows-DNSServer","eb79061a-a566-4698-9119-3ed2807060e7",256,0,16,"Microsoft-Windows-DNS-Server/Analytical ",4,"Information ",0,1,"LOOK_UP ",9223372036854775809,"7/27/2023, 2:43:56.181 PM",2908,4024,INFO,2,INFO,windns,"NT AUTHORITY",SYSTEM,"S-1-5-18",User,256,0,"172.18.88.20","172.18.88.20",1,"0b2a9277-f48f-49f6-b78d-d8bfd6dea87a.ods.opinsights.azure.com.",1,30027,64710,30027,true,false,false,QUERY,false,NOERROR,false,false,false,"[{""dns.query.name"":""0b2a9277-f48f-49f6-b78d-d8bfd6dea87a.ods.opinsights.azure.com"",""dns.query.type"":""A"",""dns.query.class"":""IN""}]",0x754B010000010000000000002430623261393237372D663438662D343966362D623738642D643862666436646561383761036F64730A6F70696E73696768747305617A75726503636F6D0000010001,".","e842e3bf-9293-433b-9b0b-1e9f9d4efe9e","7/27/2023, 2:43:58.179 PM","in_windowsdns_auditanalytics_sentinel_windows","im_etw","172.18.88.20","N/A",,,,,,,,,,,,"NXLog_DNS_Server_CL",
"0b2a9277-f48f-49f6-b78d-d8bfd6dea87a",RestAPI,,,"7/27/2023, 2:43:58.758 PM",,,,,,,,,,,,,,,,,,,,,,,,"Microsoft-Windows-DNSServer","eb79061a-a566-4698-9119-3ed2807060e7",279,0,16,"Microsoft-Windows-DNS-Server/Analytical ",4,"Information ",0,1,"LOOK_UP ",9223372071214514176,"7/27/2023, 2:43:56.181 PM",2908,4024,INFO,2,INFO,windns,"NT AUTHORITY",SYSTEM,"S-1-5-18",User,33152,0,"172.18.88.20","172.18.88.20",1,"opinsightsweuods.trafficmanager.net.",1,30027,64710,30027,true,false,false,QUERY,true,NOERROR,false,false,true,"[{""dns.query.name"":""0b2a9277-f48f-49f6-b78d-d8bfd6dea87a.ods.opinsights.azure.com"",""dns.query.type"":""A"",""dns.query.class"":""IN""}]",0x754B818000010001000000002430623261393237372D663438662D343966362D623738642D643862666436646561383761036F64730A6F70696E73696768747305617A75726503636F6D0000010001,,,"7/27/2023, 2:43:58.179 PM","in_windowsdns_auditanalytics_sentinel_windows","im_etw","172.18.88.20","N/A",,,,,,,,,,,"N/A","NXLog_DNS_Server_CL",
"0b2a9277-f48f-49f6-b78d-d8bfd6dea87a",RestAPI,,,"7/27/2023, 2:43:58.758 PM",,,,,,,,,,,,,,,,,,,,,,,,"Microsoft-Windows-DNSServer","eb79061a-a566-4698-9119-3ed2807060e7",279,0,16,"Microsoft-Windows-DNS-Server/Analytical ",4,"Information ",0,1,"LOOK_UP ",9223372071214514176,"7/27/2023, 2:43:56.181 PM",2908,4024,INFO,2,INFO,windns,"NT AUTHORITY",SYSTEM,"S-1-5-18",User,33152,0,"172.18.88.20","172.18.88.20",1,"ipv4-weu-oi-ods-cses-i.westeurope.cloudapp.azure.com.",1,30027,64710,30027,true,false,false,QUERY,true,NOERROR,false,false,true,"[{""dns.query.name"":""0b2a9277-f48f-49f6-b78d-d8bfd6dea87a.ods.opinsights.azure.com"",""dns.query.type"":""A"",""dns.query.class"":""IN""}]",0x754B818000010002000000002430623261393237372D663438662D343966362D623738642D643862666436646561383761036F64730A6F70696E73696768747305617A75726503636F6D0000010001,,,"7/27/2023, 2:43:58.179 PM","in_windowsdns_auditanalytics_sentinel_windows","im_etw","172.18.88.20","N/A",,,,,,,,,,,"N/A","NXLog_DNS_Server_CL",
"0b2a9277-f48f-49f6-b78d-d8bfd6dea87a",RestAPI,,,"7/27/2023, 2:43:58.758 PM",,,,,,,,,,,,,,,,,,,,,,"[{""dns.answer.name"":""0b2a9277-f48f-49f6-b78d-d8bfd6dea87a.ods.opinsights.azure.com"",""dns.answer.type"":""CNAME"",""dns.answer.class"":""IN"",""dns.answer.ttl"":166,""dns.answer.data"":""opinsightsweuods.trafficmanager.net""},{""dns.answer.name"":""opinsightsweuods.trafficmanager.net"",""dns.answer.type"":""CNAME"",""dns.answer.class"":""IN"",""dns.answer.ttl"":166,""dns.answer.data"":""ipv4-weu-oi-ods-cses-i.westeurope.cloudapp.azure.com""},{""dns.answer.name"":""ipv4-weu-oi-ods-cses-i.westeurope.cloudapp.azure.com"",""dns.answer.type"":""A"",""dns.answer.class"":""IN"",""dns.answer.ttl"":1,""dns.answer.data"":""104.40.170.64""}]",,"Microsoft-Windows-DNSServer","eb79061a-a566-4698-9119-3ed2807060e7",257,0,16,"Microsoft-Windows-DNS-Server/Analytical ",4,"Information ",0,1,"LOOK_UP ",9223372036854775810,"7/27/2023, 2:43:56.181 PM",2908,4024,INFO,2,INFO,windns,"NT AUTHORITY",SYSTEM,"S-1-5-18",User,33152,0,"172.18.88.20",,,"0b2a9277-f48f-49f6-b78d-d8bfd6dea87a.ods.opinsights.azure.com.",1,30027,64710,30027,true,false,false,QUERY,true,NOERROR,false,false,true,"[{""dns.query.name"":""0b2a9277-f48f-49f6-b78d-d8bfd6dea87a.ods.opinsights.azure.com"",""dns.query.type"":""A"",""dns.query.class"":""IN""}]",0x754B818000010003000000002430623261393237372D663438662D343966362D623738642D643862666436646561383761036F64730A6F70696E73696768747305617A75726503636F6D0000010001C00C00050001000000A60025106F70696E7369676874737765756F64730E747261666669636D616E61676572036E657400C05B00050001000000A6002D16697076342D7765752D6F692D6F64732D637365732D690A776573746575726F706508636C6F7564617070C040C08C000100010000000100046828AA40,"VirtualizationInstance:.","e842e3bf-9293-433b-9b0b-1e9f9d4efe9e","7/27/2023, 2:43:58.695 PM","in_windowsdns_auditanalytics_sentinel_windows","im_etw","172.18.88.20","N/A","172.18.88.20",0,0,0,0,Default,"..Cache",NULL,,0,,"NXLog_DNS_Server_CL",
"0b2a9277-f48f-49f6-b78d-d8bfd6dea87a",RestAPI,,,"7/27/2023, 2:47:59.222 PM",,,,,,,,,,,,,,,,,,,,,,,,"Microsoft-Windows-DNSServer","eb79061a-a566-4698-9119-3ed2807060e7",256,0,16,"Microsoft-Windows-DNS-Server/Analytical ",4,"Information ",0,1,"LOOK_UP ",9223372036854775809,"7/27/2023, 2:47:56.210 PM",2908,4028,INFO,2,INFO,windns,"NT AUTHORITY",SYSTEM,"S-1-5-18",User,256,0,"172.18.88.20","172.18.88.20",1,"0b2a9277-f48f-49f6-b78d-d8bfd6dea87a.ods.opinsights.azure.com.",1,53054,50512,53054,true,false,false,QUERY,false,NOERROR,false,false,false,"[{""dns.query.name"":""0b2a9277-f48f-49f6-b78d-d8bfd6dea87a.ods.opinsights.azure.com"",""dns.query.type"":""A"",""dns.query.class"":""IN""}]",0xCF3E010000010000000000002430623261393237372D663438662D343966362D623738642D643862666436646561383761036F64730A6F70696E73696768747305617A75726503636F6D0000010001,".","25b4f245-be58-40f8-9487-9da88008d65d","7/27/2023, 2:47:58.262 PM","in_windowsdns_auditanalytics_sentinel_windows","im_etw","172.18.88.20","N/A",,,,,,,,,,,,"NXLog_DNS_Server_CL",
"0b2a9277-f48f-49f6-b78d-d8bfd6dea87a",RestAPI,,,"7/27/2023, 2:47:59.222 PM",,,,,,,,,,,,,,,,,,53054,,".",Default,,,"Microsoft-Windows-DNSServer","eb79061a-a566-4698-9119-3ed2807060e7",260,0,16,"Microsoft-Windows-DNS-Server/Analytical ",4,"Information ",0,2,"RECURSE_QUERY ",9223372036854775824,"7/27/2023, 2:47:56.210 PM",2908,4028,INFO,2,INFO,windns,"NT AUTHORITY",SYSTEM,"S-1-5-18",User,0,0,"0.0.0.0",,0,"0b2a9277-f48f-49f6-b78d-d8bfd6dea87a.ods.opinsights.azure.com.",1,20934,0,20934,false,false,false,QUERY,false,NOERROR,false,false,false,"[{""dns.query.name"":""0b2a9277-f48f-49f6-b78d-d8bfd6dea87a.ods.opinsights.azure.com"",""dns.query.type"":""A"",""dns.query.class"":""IN""}]",0x51C6000000010000000000012430623261393237372D663438662D343966362D623738642D643862666436646561383761036F64730A6F70696E73696768747305617A75726503636F6D00000100010000290FA0000000000000,".","25b4f245-be58-40f8-9487-9da88008d65d","7/27/2023, 2:47:58.264 PM","in_windowsdns_auditanalytics_sentinel_windows","im_etw","172.18.88.20","N/A","150.171.10.39",,,,,,,NULL,,,,"NXLog_DNS_Server_CL",
"0b2a9277-f48f-49f6-b78d-d8bfd6dea87a",RestAPI,,,"7/27/2023, 2:47:59.222 PM",,,,,,,,,,,,,,,,,,,1,".",Default,,0,"Microsoft-Windows-DNSServer","eb79061a-a566-4698-9119-3ed2807060e7",261,0,16,"Microsoft-Windows-DNS-Server/Analytical ",4,"Information ",0,2,"RECURSE_QUERY ",9223372036854775840,"7/27/2023, 2:47:56.239 PM",2908,4028,INFO,2,INFO,windns,"NT AUTHORITY",SYSTEM,"S-1-5-18",User,32768,0,"0.0.0.0","150.171.10.39",,"0b2a9277-f48f-49f6-b78d-d8bfd6dea87a.ods.opinsights.azure.com.",1,20934,0,20934,false,false,false,QUERY,true,NOERROR,false,false,false,"[{""dns.query.name"":""0b2a9277-f48f-49f6-b78d-d8bfd6dea87a.ods.opinsights.azure.com"",""dns.query.type"":""A"",""dns.query.class"":""IN""}]",0x51C6800000010000000400012430623261393237372D663438662D343966362D623738642D643862666436646561383761036F64730A6F70696E73696768747305617A75726503636F6D0000010001C031000200010000012C0013066E73312D303109617A7572652D646E73C046C031000200010000012C0016066E73322D303109617A7572652D646E73036E657400C031000200010000012C0016066E73332D303109617A7572652D646E73036F726700C031000200010000012C0017066E73342D303109617A7572652D646E7304696E666F0000002904D0000000000000,".","25b4f245-be58-40f8-9487-9da88008d65d","7/27/2023, 2:47:58.264 PM","in_windowsdns_auditanalytics_sentinel_windows","im_etw","172.18.88.20","N/A",,0,0,,,,,,"[{""dns.authority.name"":""ods.opinsights.azure.com"",""dns.authority.type"":""NS"",""dns.authority.class"":""IN"",""dns.authority.ttl"":300,""dns.authority.data"":""ns1-01.azure-dns.com""},{""dns.authority.name"":""ods.opinsights.azure.com"",""dns.authority.type"":""NS"",""dns.authority.class"":""IN"",""dns.authority.ttl"":300,""dns.authority.data"":""ns2-01.azure-dns.net""},{""dns.authority.name"":""ods.opinsights.azure.com"",""dns.authority.type"":""NS"",""dns.authority.class"":""IN"",""dns.authority.ttl"":300,""dns.authority.data"":""ns3-01.azure-dns.org""},{""dns.authority.name"":""ods.opinsights.azure.com"",""dns.authority.type"":""NS"",""dns.authority.class"":""IN"",""dns.authority.ttl"":300,""dns.authority.data"":""ns4-01.azure-dns.info""}]",,,"NXLog_DNS_Server_CL",
"0b2a9277-f48f-49f6-b78d-d8bfd6dea87a",RestAPI,,,"7/27/2023, 2:47:59.222 PM",,,,,,,,,,,,,,,,,,53054,,".",Default,,,"Microsoft-Windows-DNSServer","eb79061a-a566-4698-9119-3ed2807060e7",260,0,16,"Microsoft-Windows-DNS-Server/Analytical ",4,"Information ",0,2,"RECURSE_QUERY ",9223372036854775824,"7/27/2023, 2:47:56.239 PM",2908,4028,INFO,2,INFO,windns,"NT AUTHORITY",SYSTEM,"S-1-5-18",User,0,0,"0.0.0.0",,0,"0b2a9277-f48f-49f6-b78d-d8bfd6dea87a.ods.opinsights.azure.com.",1,19192,0,19192,false,false,false,QUERY,false,NOERROR,false,false,false,"[{""dns.query.name"":""0b2a9277-f48f-49f6-b78d-d8bfd6dea87a.ods.opinsights.azure.com"",""dns.query.type"":""A"",""dns.query.class"":""IN""}]",0x4AF8000000010000000000012430623261393237372D663438662D343966362D623738642D643862666436646561383761036F64730A6F70696E73696768747305617A75726503636F6D00000100010000290FA0000000000000,".","25b4f245-be58-40f8-9487-9da88008d65d","7/27/2023, 2:47:58.264 PM","in_windowsdns_auditanalytics_sentinel_windows","im_etw","172.18.88.20","N/A","204.14.183.1",,,,,,,NULL,,,,"NXLog_DNS_Server_CL",
"0b2a9277-f48f-49f6-b78d-d8bfd6dea87a",RestAPI,,,"7/27/2023, 2:47:59.222 PM",,,,,,,,,,,,,,,,,,,2,".",Default,"[{""dns.answer.name"":""0b2a9277-f48f-49f6-b78d-d8bfd6dea87a.ods.opinsights.azure.com"",""dns.answer.type"":""CNAME"",""dns.answer.class"":""IN"",""dns.answer.ttl"":300,""dns.answer.data"":""opinsightsweuods.trafficmanager.net""}]",0,"Microsoft-Windows-DNSServer","eb79061a-a566-4698-9119-3ed2807060e7",261,0,16,"Microsoft-Windows-DNS-Server/Analytical ",4,"Information ",0,2,"RECURSE_QUERY ",9223372036854775840,"7/27/2023, 2:47:56.268 PM",2908,4028,INFO,2,INFO,windns,"NT AUTHORITY",SYSTEM,"S-1-5-18",User,33792,0,"0.0.0.0","204.14.183.1",,"0b2a9277-f48f-49f6-b78d-d8bfd6dea87a.ods.opinsights.azure.com.",1,19192,0,19192,false,false,true,QUERY,true,NOERROR,false,false,false,"[{""dns.query.name"":""0b2a9277-f48f-49f6-b78d-d8bfd6dea87a.ods.opinsights.azure.com"",""dns.query.type"":""A"",""dns.query.class"":""IN""}]",0x4AF8840000010001000000012430623261393237372D663438662D343966362D623738642D643862666436646561383761036F64730A6F70696E73696768747305617A75726503636F6D0000010001C00C000500010000012C0025106F70696E7369676874737765756F64730E747261666669636D616E61676572036E65740000002904D0000000000000,".","25b4f245-be58-40f8-9487-9da88008d65d","7/27/2023, 2:47:58.264 PM","in_windowsdns_auditanalytics_sentinel_windows","im_etw","172.18.88.20","N/A",,1,0,,,,,,,,,"NXLog_DNS_Server_CL",
"0b2a9277-f48f-49f6-b78d-d8bfd6dea87a",RestAPI,,,"7/27/2023, 2:47:59.222 PM",,,,,,,,,,,,,,,,,,,,,,,,"Microsoft-Windows-DNSServer","eb79061a-a566-4698-9119-3ed2807060e7",279,0,16,"Microsoft-Windows-DNS-Server/Analytical ",4,"Information ",0,1,"LOOK_UP ",9223372071214514176,"7/27/2023, 2:47:56.268 PM",2908,4028,INFO,2,INFO,windns,"NT AUTHORITY",SYSTEM,"S-1-5-18",User,33152,0,"172.18.88.20","172.18.88.20",1,"opinsightsweuods.trafficmanager.net.",1,53054,50512,53054,true,false,false,QUERY,true,NOERROR,false,false,true,"[{""dns.query.name"":""0b2a9277-f48f-49f6-b78d-d8bfd6dea87a.ods.opinsights.azure.com"",""dns.query.type"":""A"",""dns.query.class"":""IN""}]",0xCF3E818000010001000000002430623261393237372D663438662D343966362D623738642D643862666436646561383761036F64730A6F70696E73696768747305617A75726503636F6D0000010001,,,"7/27/2023, 2:47:58.266 PM","in_windowsdns_auditanalytics_sentinel_windows","im_etw","172.18.88.20","N/A",,,,,,,,,,,"N/A","NXLog_DNS_Server_CL",
"0b2a9277-f48f-49f6-b78d-d8bfd6dea87a",RestAPI,,,"7/27/2023, 2:47:59.222 PM",,,,,,,,,,,,,,,,,,53054,,".",Default,,,"Microsoft-Windows-DNSServer","eb79061a-a566-4698-9119-3ed2807060e7",260,0,16,"Microsoft-Windows-DNS-Server/Analytical ",4,"Information ",0,2,"RECURSE_QUERY ",9223372036854775824,"7/27/2023, 2:47:56.269 PM",2908,4028,INFO,2,INFO,windns,"NT AUTHORITY",SYSTEM,"S-1-5-18",User,0,0,"0.0.0.0",,0,"opinsightsweuods.trafficmanager.NET.",1,21299,0,21299,false,false,false,QUERY,false,NOERROR,false,false,false,"[{""dns.query.name"":""opinsightsweuods.trafficmanager.NET"",""dns.query.type"":""A"",""dns.query.class"":""IN""}]",0x533300000001000000000001106F70696E7369676874737765756F64730E747261666669636D616E61676572034E455400000100010000290FA0000000000000,".","25b4f245-be58-40f8-9487-9da88008d65d","7/27/2023, 2:47:58.268 PM","in_windowsdns_auditanalytics_sentinel_windows","im_etw","172.18.88.20","N/A","13.107.222.240",,,,,,,NULL,,,,"NXLog_DNS_Server_CL",
"0b2a9277-f48f-49f6-b78d-d8bfd6dea87a",RestAPI,,,"7/27/2023, 2:47:59.222 PM",,,,,,,,,,,,,,,,,,,,,,,,"Microsoft-Windows-DNSServer","eb79061a-a566-4698-9119-3ed2807060e7",256,0,16,"Microsoft-Windows-DNS-Server/Analytical ",4,"Information ",0,1,"LOOK_UP ",9223372036854775809,"7/27/2023, 2:47:56.274 PM",2908,4028,INFO,2,INFO,windns,"NT AUTHORITY",SYSTEM,"S-1-5-18",User,256,0,"172.18.88.20","172.18.88.20",1,"0b2a9277-f48f-49f6-b78d-d8bfd6dea87a.ods.opinsights.azure.com.",1,53054,50512,53054,true,false,false,QUERY,false,NOERROR,false,false,false,"[{""dns.query.name"":""0b2a9277-f48f-49f6-b78d-d8bfd6dea87a.ods.opinsights.azure.com"",""dns.query.type"":""A"",""dns.query.class"":""IN""}]",0xCF3E010000010000000000002430623261393237372D663438662D343966362D623738642D643862666436646561383761036F64730A6F70696E73696768747305617A75726503636F6D0000010001,".","b75070a8-4a74-4c70-8fa2-81c9132815ab","7/27/2023, 2:47:58.269 PM","in_windowsdns_auditanalytics_sentinel_windows","im_etw","172.18.88.20","N/A",,,,,,,,,,,,"NXLog_DNS_Server_CL",
"0b2a9277-f48f-49f6-b78d-d8bfd6dea87a",RestAPI,,,"7/27/2023, 2:47:59.222 PM",,,,,,,,,,,,,,,,,,,,,,,,"Microsoft-Windows-DNSServer","eb79061a-a566-4698-9119-3ed2807060e7",279,0,16,"Microsoft-Windows-DNS-Server/Analytical ",4,"Information ",0,1,"LOOK_UP ",9223372071214514176,"7/27/2023, 2:47:56.274 PM",2908,4028,INFO,2,INFO,windns,"NT AUTHORITY",SYSTEM,"S-1-5-18",User,33152,0,"172.18.88.20","172.18.88.20",1,"opinsightsweuods.trafficmanager.net.",1,53054,50512,53054,true,false,false,QUERY,true,NOERROR,false,false,true,"[{""dns.query.name"":""0b2a9277-f48f-49f6-b78d-d8bfd6dea87a.ods.opinsights.azure.com"",""dns.query.type"":""A"",""dns.query.class"":""IN""}]",0xCF3E818000010001000000002430623261393237372D663438662D343966362D623738642D643862666436646561383761036F64730A6F70696E73696768747305617A75726503636F6D0000010001,,,"7/27/2023, 2:47:58.269 PM","in_windowsdns_auditanalytics_sentinel_windows","im_etw","172.18.88.20","N/A",,,,,,,,,,,"N/A","NXLog_DNS_Server_CL",
"0b2a9277-f48f-49f6-b78d-d8bfd6dea87a",RestAPI,,,"7/27/2023, 2:47:59.222 PM",,,,,,,,,,,,,,,,,,,3,".",Default,"[{""dns.answer.name"":""opinsightsweuods.trafficmanager.NET"",""dns.answer.type"":""CNAME"",""dns.answer.class"":""IN"",""dns.answer.ttl"":300,""dns.answer.data"":""ipv4-weu-oi-ods-cses-e.westeurope.cloudapp.azure.com""}]",0,"Microsoft-Windows-DNSServer","eb79061a-a566-4698-9119-3ed2807060e7",261,0,16,"Microsoft-Windows-DNS-Server/Analytical ",4,"Information ",0,2,"RECURSE_QUERY ",9223372036854775840,"7/27/2023, 2:47:56.298 PM",2908,4028,INFO,2,INFO,windns,"NT AUTHORITY",SYSTEM,"S-1-5-18",User,33792,0,"0.0.0.0","13.107.222.240",,"opinsightsweuods.trafficmanager.NET.",1,21299,0,21299,false,false,true,QUERY,true,NOERROR,false,false,false,"[{""dns.query.name"":""opinsightsweuods.trafficmanager.NET"",""dns.query.type"":""A"",""dns.query.class"":""IN""}]",0x533384000001000100000001106F70696E7369676874737765756F64730E747261666669636D616E61676572034E45540000010001C00C000500010000012C003616697076342D7765752D6F692D6F64732D637365732D650A776573746575726F706508636C6F756461707005617A75726503636F6D0000002904D0000000000000,".","25b4f245-be58-40f8-9487-9da88008d65d","7/27/2023, 2:47:58.272 PM","in_windowsdns_auditanalytics_sentinel_windows","im_etw","172.18.88.20","N/A",,1,0,,,,,,,,,"NXLog_DNS_Server_CL",
"0b2a9277-f48f-49f6-b78d-d8bfd6dea87a",RestAPI,,,"7/27/2023, 2:47:59.222 PM",,,,,,,,,,,,,,,,,,,,,,,,"Microsoft-Windows-DNSServer","eb79061a-a566-4698-9119-3ed2807060e7",279,0,16,"Microsoft-Windows-DNS-Server/Analytical ",4,"Information ",0,1,"LOOK_UP ",9223372071214514176,"7/27/2023, 2:47:56.299 PM",2908,4028,INFO,2,INFO,windns,"NT AUTHORITY",SYSTEM,"S-1-5-18",User,33152,0,"172.18.88.20","172.18.88.20",1,"ipv4-weu-oi-ods-cses-e.westeurope.cloudapp.azure.com.",1,53054,50512,53054,true,false,false,QUERY,true,NOERROR,false,false,true,"[{""dns.query.name"":""0b2a9277-f48f-49f6-b78d-d8bfd6dea87a.ods.opinsights.azure.com"",""dns.query.type"":""A"",""dns.query.class"":""IN""}]",0xCF3E818000010002000000002430623261393237372D663438662D343966362D623738642D643862666436646561383761036F64730A6F70696E73696768747305617A75726503636F6D0000010001,,,"7/27/2023, 2:47:58.272 PM","in_windowsdns_auditanalytics_sentinel_windows","im_etw","172.18.88.20","N/A",,,,,,,,,,,"N/A","NXLog_DNS_Server_CL",
"0b2a9277-f48f-49f6-b78d-d8bfd6dea87a",RestAPI,,,"7/27/2023, 2:47:59.222 PM",,,,,,,,,,,,,,,,,,53054,,".",Default,,,"Microsoft-Windows-DNSServer","eb79061a-a566-4698-9119-3ed2807060e7",260,0,16,"Microsoft-Windows-DNS-Server/Analytical ",4,"Information ",0,2,"RECURSE_QUERY ",9223372036854775824,"7/27/2023, 2:47:56.299 PM",2908,4028,INFO,2,INFO,windns,"NT AUTHORITY",SYSTEM,"S-1-5-18",User,0,0,"0.0.0.0",,0,"ipv4-weu-oi-ods-cses-e.westeurope.cloudapp.azure.com.",1,28529,0,28529,false,false,false,QUERY,false,NOERROR,false,false,false,"[{""dns.query.name"":""ipv4-weu-oi-ods-cses-e.westeurope.cloudapp.azure.com"",""dns.query.type"":""A"",""dns.query.class"":""IN""}]",0x6F710000000100000000000116697076342D7765752D6F692D6F64732D637365732D650A776573746575726F706508636C6F756461707005617A75726503636F6D00000100010000290FA0000000000000,".","25b4f245-be58-40f8-9487-9da88008d65d","7/27/2023, 2:47:58.272 PM","in_windowsdns_auditanalytics_sentinel_windows","im_etw","172.18.88.20","N/A","150.171.10.201",,,,,,,NULL,,,,"NXLog_DNS_Server_CL",
"0b2a9277-f48f-49f6-b78d-d8bfd6dea87a",RestAPI,,,"7/27/2023, 2:47:59.222 PM",,,,,,,,,,,,,,,,,,,4,".",Default,"[{""dns.answer.name"":""ipv4-weu-oi-ods-cses-e.westeurope.cloudapp.azure.com"",""dns.answer.type"":""A"",""dns.answer.class"":""IN"",""dns.answer.ttl"":10,""dns.answer.data"":""13.69.106.94""}]",0,"Microsoft-Windows-DNSServer","eb79061a-a566-4698-9119-3ed2807060e7",261,0,16,"Microsoft-Windows-DNS-Server/Analytical ",4,"Information ",0,2,"RECURSE_QUERY ",9223372036854775840,"7/27/2023, 2:47:56.327 PM",2908,4028,INFO,2,INFO,windns,"NT AUTHORITY",SYSTEM,"S-1-5-18",User,33792,0,"0.0.0.0","150.171.10.201",,"ipv4-weu-oi-ods-cses-e.westeurope.cloudapp.azure.com.",1,28529,0,28529,false,false,true,QUERY,true,NOERROR,false,false,false,"[{""dns.query.name"":""ipv4-weu-oi-ods-cses-e.westeurope.cloudapp.azure.com"",""dns.query.type"":""A"",""dns.query.class"":""IN""}]",0x6F718400000100010000000116697076342D7765752D6F692D6F64732D637365732D650A776573746575726F706508636C6F756461707005617A75726503636F6D0000010001C00C000100010000000A00040D456A5E00002904D0000000000000,".","25b4f245-be58-40f8-9487-9da88008d65d","7/27/2023, 2:47:58.272 PM","in_windowsdns_auditanalytics_sentinel_windows","im_etw","172.18.88.20","N/A",,1,0,,,,,,,,,"NXLog_DNS_Server_CL",
"0b2a9277-f48f-49f6-b78d-d8bfd6dea87a",RestAPI,,,"7/27/2023, 2:47:59.222 PM",,,,,,,,,,,,,,,,,,,,,,"[{""dns.answer.name"":""0b2a9277-f48f-49f6-b78d-d8bfd6dea87a.ods.opinsights.azure.com"",""dns.answer.type"":""CNAME"",""dns.answer.class"":""IN"",""dns.answer.ttl"":300,""dns.answer.data"":""opinsightsweuods.trafficmanager.net""},{""dns.answer.name"":""opinsightsweuods.trafficmanager.net"",""dns.answer.type"":""CNAME"",""dns.answer.class"":""IN"",""dns.answer.ttl"":300,""dns.answer.data"":""ipv4-weu-oi-ods-cses-e.westeurope.cloudapp.azure.com""},{""dns.answer.name"":""ipv4-weu-oi-ods-cses-e.westeurope.cloudapp.azure.com"",""dns.answer.type"":""A"",""dns.answer.class"":""IN"",""dns.answer.ttl"":10,""dns.answer.data"":""13.69.106.94""}]",,"Microsoft-Windows-DNSServer","eb79061a-a566-4698-9119-3ed2807060e7",257,0,16,"Microsoft-Windows-DNS-Server/Analytical ",4,"Information ",0,1,"LOOK_UP ",9223372036854775810,"7/27/2023, 2:47:56.327 PM",2908,4028,INFO,2,INFO,windns,"NT AUTHORITY",SYSTEM,"S-1-5-18",User,33152,0,"172.18.88.20",,,"0b2a9277-f48f-49f6-b78d-d8bfd6dea87a.ods.opinsights.azure.com.",1,53054,50512,53054,true,false,false,QUERY,true,NOERROR,false,false,true,"[{""dns.query.name"":""0b2a9277-f48f-49f6-b78d-d8bfd6dea87a.ods.opinsights.azure.com"",""dns.query.type"":""A"",""dns.query.class"":""IN""}]",0xCF3E818000010003000000002430623261393237372D663438662D343966362D623738642D643862666436646561383761036F64730A6F70696E73696768747305617A75726503636F6D0000010001C00C000500010000012C0025106F70696E7369676874737765756F64730E747261666669636D616E61676572036E657400C05B000500010000012C002D16697076342D7765752D6F692D6F64732D637365732D650A776573746575726F706508636C6F7564617070C040C08C000100010000000A00040D456A5E,"VirtualizationInstance:.","25b4f245-be58-40f8-9487-9da88008d65d","7/27/2023, 2:47:58.272 PM","in_windowsdns_auditanalytics_sentinel_windows","im_etw","172.18.88.20","N/A","172.18.88.20",0,0,0,0,Default,"..Cache",NULL,,117,,"NXLog_DNS_Server_CL",
"0b2a9277-f48f-49f6-b78d-d8bfd6dea87a",RestAPI,,,"7/27/2023, 2:44:09.483 PM",,,,,,,,,,,,,,,,,,,,,,,,"Microsoft-Windows-DNSServer","eb79061a-a566-4698-9119-3ed2807060e7",256,0,16,"Microsoft-Windows-DNS-Server/Analytical ",4,"Information ",0,1,"LOOK_UP ",9223372036854775809,"7/27/2023, 2:44:06.832 PM",2908,4024,INFO,2,INFO,windns,"NT AUTHORITY",SYSTEM,"S-1-5-18",User,256,0,"172.18.88.20","172.18.88.20",1,"0b2a9277-f48f-49f6-b78d-d8bfd6dea87a.ods.opinsights.azure.com.",1,57600,51555,57600,true,false,false,QUERY,false,NOERROR,false,false,false,"[{""dns.query.name"":""0b2a9277-f48f-49f6-b78d-d8bfd6dea87a.ods.opinsights.azure.com"",""dns.query.type"":""A"",""dns.query.class"":""IN""}]",0xE100010000010000000000002430623261393237372D663438662D343966362D623738642D643862666436646561383761036F64730A6F70696E73696768747305617A75726503636F6D0000010001,".","f8f9e797-30c2-4365-93cc-f6f0802141ea","7/27/2023, 2:44:08.864 PM","in_windowsdns_auditanalytics_sentinel_windows","im_etw","172.18.88.20","N/A",,,,,,,,,,,,"NXLog_DNS_Server_CL",
"0b2a9277-f48f-49f6-b78d-d8bfd6dea87a",RestAPI,,,"7/27/2023, 2:44:09.483 PM",,,,,,,,,,,,,,,,,,,,,,,,"Microsoft-Windows-DNSServer","eb79061a-a566-4698-9119-3ed2807060e7",279,0,16,"Microsoft-Windows-DNS-Server/Analytical ",4,"Information ",0,1,"LOOK_UP ",9223372071214514176,"7/27/2023, 2:44:06.832 PM",2908,4024,INFO,2,INFO,windns,"NT AUTHORITY",SYSTEM,"S-1-5-18",User,33152,0,"172.18.88.20","172.18.88.20",1,"opinsightsweuods.trafficmanager.net.",1,57600,51555,57600,true,false,false,QUERY,true,NOERROR,false,false,true,"[{""dns.query.name"":""0b2a9277-f48f-49f6-b78d-d8bfd6dea87a.ods.opinsights.azure.com"",""dns.query.type"":""A"",""dns.query.class"":""IN""}]",0xE100818000010001000000002430623261393237372D663438662D343966362D623738642D643862666436646561383761036F64730A6F70696E73696768747305617A75726503636F6D0000010001,,,"7/27/2023, 2:44:08.864 PM","in_windowsdns_auditanalytics_sentinel_windows","im_etw","172.18.88.20","N/A",,,,,,,,,,,"N/A","NXLog_DNS_Server_CL",
"0b2a9277-f48f-49f6-b78d-d8bfd6dea87a",RestAPI,,,"7/27/2023, 2:44:09.483 PM",,,,,,,,,,,,,,,,,,,,,,,,"Microsoft-Windows-DNSServer","eb79061a-a566-4698-9119-3ed2807060e7",279,0,16,"Microsoft-Windows-DNS-Server/Analytical ",4,"Information ",0,1,"LOOK_UP ",9223372071214514176,"7/27/2023, 2:44:06.832 PM",2908,4024,INFO,2,INFO,windns,"NT AUTHORITY",SYSTEM,"S-1-5-18",User,33152,0,"172.18.88.20","172.18.88.20",1,"ipv4-weu-oi-ods-cses-i.westeurope.cloudapp.azure.com.",1,57600,51555,57600,true,false,false,QUERY,true,NOERROR,false,false,true,"[{""dns.query.name"":""0b2a9277-f48f-49f6-b78d-d8bfd6dea87a.ods.opinsights.azure.com"",""dns.query.type"":""A"",""dns.query.class"":""IN""}]",0xE100818000010002000000002430623261393237372D663438662D343966362D623738642D643862666436646561383761036F64730A6F70696E73696768747305617A75726503636F6D0000010001,,,"7/27/2023, 2:44:08.864 PM","in_windowsdns_auditanalytics_sentinel_windows","im_etw","172.18.88.20","N/A",,,,,,,,,,,"N/A","NXLog_DNS_Server_CL",
"0b2a9277-f48f-49f6-b78d-d8bfd6dea87a",RestAPI,,,"7/27/2023, 2:44:09.483 PM",,,,,,,,,,,,,,,,,,57600,,".",Default,,,"Microsoft-Windows-DNSServer","eb79061a-a566-4698-9119-3ed2807060e7",260,0,16,"Microsoft-Windows-DNS-Server/Analytical ",4,"Information ",0,2,"RECURSE_QUERY ",9223372036854775824,"7/27/2023, 2:44:06.833 PM",2908,4024,INFO,2,INFO,windns,"NT AUTHORITY",SYSTEM,"S-1-5-18",User,0,0,"0.0.0.0",,0,"ipv4-weu-oi-ods-cses-i.westeurope.cloudapp.azure.com.",1,44828,0,44828,false,false,false,QUERY,false,NOERROR,false,false,false,"[{""dns.query.name"":""ipv4-weu-oi-ods-cses-i.westeurope.cloudapp.azure.com"",""dns.query.type"":""A"",""dns.query.class"":""IN""}]",0xAF1C0000000100000000000116697076342D7765752D6F692D6F64732D637365732D690A776573746575726F706508636C6F756461707005617A75726503636F6D00000100010000290FA0000000000000,".","f8f9e797-30c2-4365-93cc-f6f0802141ea","7/27/2023, 2:44:08.864 PM","in_windowsdns_auditanalytics_sentinel_windows","im_etw","172.18.88.20","N/A","150.171.10.201",,,,,,,NULL,,,,"NXLog_DNS_Server_CL",
"0b2a9277-f48f-49f6-b78d-d8bfd6dea87a",RestAPI,,,"7/27/2023, 2:44:09.483 PM",,,,,,,,,,,,,,,,,,,1,".",Default,"[{""dns.answer.name"":""ipv4-weu-oi-ods-cses-i.westeurope.cloudapp.azure.com"",""dns.answer.type"":""A"",""dns.answer.class"":""IN"",""dns.answer.ttl"":10,""dns.answer.data"":""104.40.170.64""}]",0,"Microsoft-Windows-DNSServer","eb79061a-a566-4698-9119-3ed2807060e7",261,0,16,"Microsoft-Windows-DNS-Server/Analytical ",4,"Information ",0,2,"RECURSE_QUERY ",9223372036854775840,"7/27/2023, 2:44:06.861 PM",2908,4024,INFO,2,INFO,windns,"NT AUTHORITY",SYSTEM,"S-1-5-18",User,33792,0,"0.0.0.0","150.171.10.201",,"ipv4-weu-oi-ods-cses-i.westeurope.cloudapp.azure.com.",1,44828,0,44828,false,false,true,QUERY,true,NOERROR,false,false,false,"[{""dns.query.name"":""ipv4-weu-oi-ods-cses-i.westeurope.cloudapp.azure.com"",""dns.query.type"":""A"",""dns.query.class"":""IN""}]",0xAF1C8400000100010000000116697076342D7765752D6F692D6F64732D637365732D690A776573746575726F706508636C6F756461707005617A75726503636F6D0000010001C00C000100010000000A00046828AA4000002904D0000000000000,".","f8f9e797-30c2-4365-93cc-f6f0802141ea","7/27/2023, 2:44:09.365 PM","in_windowsdns_auditanalytics_sentinel_windows","im_etw","172.18.88.20","N/A",,1,0,,,,,,,,,"NXLog_DNS_Server_CL",
"0b2a9277-f48f-49f6-b78d-d8bfd6dea87a",RestAPI,,,"7/27/2023, 2:44:09.483 PM",,,,,,,,,,,,,,,,,,,,,,"[{""dns.answer.name"":""0b2a9277-f48f-49f6-b78d-d8bfd6dea87a.ods.opinsights.azure.com"",""dns.answer.type"":""CNAME"",""dns.answer.class"":""IN"",""dns.answer.ttl"":155,""dns.answer.data"":""opinsightsweuods.trafficmanager.net""},{""dns.answer.name"":""opinsightsweuods.trafficmanager.net"",""dns.answer.type"":""CNAME"",""dns.answer.class"":""IN"",""dns.answer.ttl"":155,""dns.answer.data"":""ipv4-weu-oi-ods-cses-i.westeurope.cloudapp.azure.com""},{""dns.answer.name"":""ipv4-weu-oi-ods-cses-i.westeurope.cloudapp.azure.com"",""dns.answer.type"":""A"",""dns.answer.class"":""IN"",""dns.answer.ttl"":10,""dns.answer.data"":""104.40.170.64""}]",,"Microsoft-Windows-DNSServer","eb79061a-a566-4698-9119-3ed2807060e7",257,0,16,"Microsoft-Windows-DNS-Server/Analytical ",4,"Information ",0,1,"LOOK_UP ",9223372036854775810,"7/27/2023, 2:44:06.861 PM",2908,4024,INFO,2,INFO,windns,"NT AUTHORITY",SYSTEM,"S-1-5-18",User,33152,0,"172.18.88.20",,,"0b2a9277-f48f-49f6-b78d-d8bfd6dea87a.ods.opinsights.azure.com.",1,57600,51555,57600,true,false,false,QUERY,true,NOERROR,false,false,true,"[{""dns.query.name"":""0b2a9277-f48f-49f6-b78d-d8bfd6dea87a.ods.opinsights.azure.com"",""dns.query.type"":""A"",""dns.query.class"":""IN""}]",0xE100818000010003000000002430623261393237372D663438662D343966362D623738642D643862666436646561383761036F64730A6F70696E73696768747305617A75726503636F6D0000010001C00C000500010000009B0025106F70696E7369676874737765756F64730E747261666669636D616E61676572036E657400C05B000500010000009B002D16697076342D7765752D6F692D6F64732D637365732D690A776573746575726F706508636C6F7564617070C040C08C000100010000000A00046828AA40,"VirtualizationInstance:.","f8f9e797-30c2-4365-93cc-f6f0802141ea","7/27/2023, 2:44:09.365 PM","in_windowsdns_auditanalytics_sentinel_windows","im_etw","172.18.88.20","N/A","172.18.88.20",0,0,0,0,Default,"..Cache",NULL,,29,,"NXLog_DNS_Server_CL",
"0b2a9277-f48f-49f6-b78d-d8bfd6dea87a",RestAPI,,,"7/27/2023, 2:48:12.157 PM",,,,,,,,,,,,,,,,,,,,,,,,"Microsoft-Windows-DNSServer","eb79061a-a566-4698-9119-3ed2807060e7",256,0,16,"Microsoft-Windows-DNS-Server/Analytical ",4,"Information ",0,1,"LOOK_UP ",9223372036854775809,"7/27/2023, 2:48:09.488 PM",2908,4028,INFO,2,INFO,windns,"NT AUTHORITY",SYSTEM,"S-1-5-18",User,256,0,"172.18.88.20","172.18.88.20",1,"0b2a9277-f48f-49f6-b78d-d8bfd6dea87a.ods.opinsights.azure.com.",1,12372,60874,12372,true,false,false,QUERY,false,NOERROR,false,false,false,"[{""dns.query.name"":""0b2a9277-f48f-49f6-b78d-d8bfd6dea87a.ods.opinsights.azure.com"",""dns.query.type"":""A"",""dns.query.class"":""IN""}]",0x3054010000010000000000002430623261393237372D663438662D343966362D623738642D643862666436646561383761036F64730A6F70696E73696768747305617A75726503636F6D0000010001,".","3dc0a669-d73f-417a-95a3-2f2297e15990","7/27/2023, 2:48:11.514 PM","in_windowsdns_auditanalytics_sentinel_windows","im_etw","172.18.88.20","N/A",,,,,,,,,,,,"NXLog_DNS_Server_CL",
"0b2a9277-f48f-49f6-b78d-d8bfd6dea87a",RestAPI,,,"7/27/2023, 2:48:12.157 PM",,,,,,,,,,,,,,,,,,,,,,,,"Microsoft-Windows-DNSServer","eb79061a-a566-4698-9119-3ed2807060e7",279,0,16,"Microsoft-Windows-DNS-Server/Analytical ",4,"Information ",0,1,"LOOK_UP ",9223372071214514176,"7/27/2023, 2:48:09.488 PM",2908,4028,INFO,2,INFO,windns,"NT AUTHORITY",SYSTEM,"S-1-5-18",User,33152,0,"172.18.88.20","172.18.88.20",1,"opinsightsweuods.trafficmanager.net.",1,12372,60874,12372,true,false,false,QUERY,true,NOERROR,false,false,true,"[{""dns.query.name"":""0b2a9277-f48f-49f6-b78d-d8bfd6dea87a.ods.opinsights.azure.com"",""dns.query.type"":""A"",""dns.query.class"":""IN""}]",0x3054818000010001000000002430623261393237372D663438662D343966362D623738642D643862666436646561383761036F64730A6F70696E73696768747305617A75726503636F6D0000010001,,,"7/27/2023, 2:48:11.514 PM","in_windowsdns_auditanalytics_sentinel_windows","im_etw","172.18.88.20","N/A",,,,,,,,,,,"N/A","NXLog_DNS_Server_CL",
"0b2a9277-f48f-49f6-b78d-d8bfd6dea87a",RestAPI,,,"7/27/2023, 2:48:12.157 PM",,,,,,,,,,,,,,,,,,,,,,,,"Microsoft-Windows-DNSServer","eb79061a-a566-4698-9119-3ed2807060e7",279,0,16,"Microsoft-Windows-DNS-Server/Analytical ",4,"Information ",0,1,"LOOK_UP ",9223372071214514176,"7/27/2023, 2:48:09.488 PM",2908,4028,INFO,2,INFO,windns,"NT AUTHORITY",SYSTEM,"S-1-5-18",User,33152,0,"172.18.88.20","172.18.88.20",1,"ipv4-weu-oi-ods-cses-e.westeurope.cloudapp.azure.com.",1,12372,60874,12372,true,false,false,QUERY,true,NOERROR,false,false,true,"[{""dns.query.name"":""0b2a9277-f48f-49f6-b78d-d8bfd6dea87a.ods.opinsights.azure.com"",""dns.query.type"":""A"",""dns.query.class"":""IN""}]",0x3054818000010002000000002430623261393237372D663438662D343966362D623738642D643862666436646561383761036F64730A6F70696E73696768747305617A75726503636F6D0000010001,,,"7/27/2023, 2:48:11.514 PM","in_windowsdns_auditanalytics_sentinel_windows","im_etw","172.18.88.20","N/A",,,,,,,,,,,"N/A","NXLog_DNS_Server_CL",
"0b2a9277-f48f-49f6-b78d-d8bfd6dea87a",RestAPI,,,"7/27/2023, 2:48:12.157 PM",,,,,,,,,,,,,,,,,,12372,,".",Default,,,"Microsoft-Windows-DNSServer","eb79061a-a566-4698-9119-3ed2807060e7",260,0,16,"Microsoft-Windows-DNS-Server/Analytical ",4,"Information ",0,2,"RECURSE_QUERY ",9223372036854775824,"7/27/2023, 2:48:09.488 PM",2908,4028,INFO,2,INFO,windns,"NT AUTHORITY",SYSTEM,"S-1-5-18",User,0,0,"0.0.0.0",,0,"ipv4-weu-oi-ods-cses-e.westeurope.cloudapp.azure.com.",1,1344,0,1344,false,false,false,QUERY,false,NOERROR,false,false,false,"[{""dns.query.name"":""ipv4-weu-oi-ods-cses-e.westeurope.cloudapp.azure.com"",""dns.query.type"":""A"",""dns.query.class"":""IN""}]",0x05400000000100000000000116697076342D7765752D6F692D6F64732D637365732D650A776573746575726F706508636C6F756461707005617A75726503636F6D00000100010000290FA0000000000000,".","3dc0a669-d73f-417a-95a3-2f2297e15990","7/27/2023, 2:48:11.514 PM","in_windowsdns_auditanalytics_sentinel_windows","im_etw","172.18.88.20","N/A","13.107.236.201",,,,,,,NULL,,,,"NXLog_DNS_Server_CL",
"0b2a9277-f48f-49f6-b78d-d8bfd6dea87a",RestAPI,,,"7/27/2023, 2:48:12.157 PM",,,,,,,,,,,,,,,,,,,1,".",Default,"[{""dns.answer.name"":""ipv4-weu-oi-ods-cses-e.westeurope.cloudapp.azure.com"",""dns.answer.type"":""A"",""dns.answer.class"":""IN"",""dns.answer.ttl"":10,""dns.answer.data"":""13.69.106.94""}]",0,"Microsoft-Windows-DNSServer","eb79061a-a566-4698-9119-3ed2807060e7",261,0,16,"Microsoft-Windows-DNS-Server/Analytical ",4,"Information ",0,2,"RECURSE_QUERY ",9223372036854775840,"7/27/2023, 2:48:09.519 PM",2908,4028,INFO,2,INFO,windns,"NT AUTHORITY",SYSTEM,"S-1-5-18",User,33792,0,"0.0.0.0","13.107.236.201",,"ipv4-weu-oi-ods-cses-e.westeurope.cloudapp.azure.com.",1,1344,0,1344,false,false,true,QUERY,true,NOERROR,false,false,false,"[{""dns.query.name"":""ipv4-weu-oi-ods-cses-e.westeurope.cloudapp.azure.com"",""dns.query.type"":""A"",""dns.query.class"":""IN""}]",0x05408400000100010000000116697076342D7765752D6F692D6F64732D637365732D650A776573746575726F706508636C6F756461707005617A75726503636F6D0000010001C00C000100010000000A00040D456A5E00002904D0000000000000,".","3dc0a669-d73f-417a-95a3-2f2297e15990","7/27/2023, 2:48:11.514 PM","in_windowsdns_auditanalytics_sentinel_windows","im_etw","172.18.88.20","N/A",,1,0,,,,,,,,,"NXLog_DNS_Server_CL",
"0b2a9277-f48f-49f6-b78d-d8bfd6dea87a",RestAPI,,,"7/27/2023, 2:48:12.157 PM",,,,,,,,,,,,,,,,,,,,,,"[{""dns.answer.name"":""0b2a9277-f48f-49f6-b78d-d8bfd6dea87a.ods.opinsights.azure.com"",""dns.answer.type"":""CNAME"",""dns.answer.class"":""IN"",""dns.answer.ttl"":287,""dns.answer.data"":""opinsightsweuods.trafficmanager.net""},{""dns.answer.name"":""opinsightsweuods.trafficmanager.net"",""dns.answer.type"":""CNAME"",""dns.answer.class"":""IN"",""dns.answer.ttl"":287,""dns.answer.data"":""ipv4-weu-oi-ods-cses-e.westeurope.cloudapp.azure.com""},{""dns.answer.name"":""ipv4-weu-oi-ods-cses-e.westeurope.cloudapp.azure.com"",""dns.answer.type"":""A"",""dns.answer.class"":""IN"",""dns.answer.ttl"":9,""dns.answer.data"":""13.69.106.94""}]",,"Microsoft-Windows-DNSServer","eb79061a-a566-4698-9119-3ed2807060e7",257,0,16,"Microsoft-Windows-DNS-Server/Analytical ",4,"Information ",0,1,"LOOK_UP ",9223372036854775810,"7/27/2023, 2:48:09.519 PM",2908,4028,INFO,2,INFO,windns,"NT AUTHORITY",SYSTEM,"S-1-5-18",User,33152,0,"172.18.88.20",,,"0b2a9277-f48f-49f6-b78d-d8bfd6dea87a.ods.opinsights.azure.com.",1,12372,60874,12372,true,false,false,QUERY,true,NOERROR,false,false,true,"[{""dns.query.name"":""0b2a9277-f48f-49f6-b78d-d8bfd6dea87a.ods.opinsights.azure.com"",""dns.query.type"":""A"",""dns.query.class"":""IN""}]",0x3054818000010003000000002430623261393237372D663438662D343966362D623738642D643862666436646561383761036F64730A6F70696E73696768747305617A75726503636F6D0000010001C00C000500010000011F0025106F70696E7369676874737765756F64730E747261666669636D616E61676572036E657400C05B000500010000011F002D16697076342D7765752D6F692D6F64732D637365732D650A776573746575726F706508636C6F7564617070C040C08C000100010000000900040D456A5E,"VirtualizationInstance:.","3dc0a669-d73f-417a-95a3-2f2297e15990","7/27/2023, 2:48:12.015 PM","in_windowsdns_auditanalytics_sentinel_windows","im_etw","172.18.88.20","N/A","172.18.88.20",0,0,0,0,Default,"..Cache",NULL,,32,,"NXLog_DNS_Server_CL",
"0b2a9277-f48f-49f6-b78d-d8bfd6dea87a",RestAPI,,,"7/27/2023, 2:48:46.904 PM",,,,,,,,,,,,,,,,,,,,,,,,"Microsoft-Windows-DNSServer","eb79061a-a566-4698-9119-3ed2807060e7",256,0,16,"Microsoft-Windows-DNS-Server/Analytical ",4,"Information ",0,1,"LOOK_UP ",9223372036854775809,"7/27/2023, 2:48:43.987 PM",2908,4028,INFO,2,INFO,windns,"NT AUTHORITY",SYSTEM,"S-1-5-18",User,256,0,"172.18.88.20","172.18.88.20",1,"v10.events.data.microsoft.com.",1,47307,60262,47307,true,false,false,QUERY,false,NOERROR,false,false,false,"[{""dns.query.name"":""v10.events.data.microsoft.com"",""dns.query.type"":""A"",""dns.query.class"":""IN""}]",0xB8CB0100000100000000000003763130066576656E74730464617461096D6963726F736F667403636F6D0000010001,".","97b55408-4070-4092-9ddc-eeea8acb4893","7/27/2023, 2:48:46.002 PM","in_windowsdns_auditanalytics_sentinel_windows","im_etw","172.18.88.20","N/A",,,,,,,,,,,,"NXLog_DNS_Server_CL",
"0b2a9277-f48f-49f6-b78d-d8bfd6dea87a",RestAPI,,,"7/27/2023, 2:48:46.904 PM",,,,,,,,,,,,,,,,,,47307,,".",Default,,,"Microsoft-Windows-DNSServer","eb79061a-a566-4698-9119-3ed2807060e7",260,0,16,"Microsoft-Windows-DNS-Server/Analytical ",4,"Information ",0,2,"RECURSE_QUERY ",9223372036854775824,"7/27/2023, 2:48:43.988 PM",2908,4028,INFO,2,INFO,windns,"NT AUTHORITY",SYSTEM,"S-1-5-18",User,0,0,"0.0.0.0",,0,"v10.events.data.microsoft.com.",1,41958,0,41958,false,false,false,QUERY,false,NOERROR,false,false,false,"[{""dns.query.name"":""v10.events.data.microsoft.com"",""dns.query.type"":""A"",""dns.query.class"":""IN""}]",0xA3E60000000100000000000103763130066576656E74730464617461096D6963726F736F667403636F6D00000100010000290FA0000000000000,".","97b55408-4070-4092-9ddc-eeea8acb4893","7/27/2023, 2:48:46.003 PM","in_windowsdns_auditanalytics_sentinel_windows","im_etw","172.18.88.20","N/A","150.171.16.39",,,,,,,NULL,,,,"NXLog_DNS_Server_CL",
"0b2a9277-f48f-49f6-b78d-d8bfd6dea87a",RestAPI,,,"7/27/2023, 2:48:46.904 PM",,,,,,,,,,,,,,,,,,,1,".",Default,"[{""dns.answer.name"":""v10.events.data.microsoft.com"",""dns.answer.type"":""CNAME"",""dns.answer.class"":""IN"",""dns.answer.ttl"":120,""dns.answer.data"":""win-global-asimov-leafs-events-data.trafficmanager.net""}]",0,"Microsoft-Windows-DNSServer","eb79061a-a566-4698-9119-3ed2807060e7",261,0,16,"Microsoft-Windows-DNS-Server/Analytical ",4,"Information ",0,2,"RECURSE_QUERY ",9223372036854775840,"7/27/2023, 2:48:44.016 PM",2908,4028,INFO,2,INFO,windns,"NT AUTHORITY",SYSTEM,"S-1-5-18",User,33792,0,"0.0.0.0","150.171.16.39",,"v10.events.data.microsoft.com.",1,41958,0,41958,false,false,true,QUERY,true,NOERROR,false,false,false,"[{""dns.query.name"":""v10.events.data.microsoft.com"",""dns.query.type"":""A"",""dns.query.class"":""IN""}]",0xA3E68400000100010000000103763130066576656E74730464617461096D6963726F736F667403636F6D0000010001C00C000500010000007800382377696E2D676C6F62616C2D6173696D6F762D6C656166732D6576656E74732D646174610E747261666669636D616E61676572036E65740000002904D0000000000000,".","97b55408-4070-4092-9ddc-eeea8acb4893","7/27/2023, 2:48:46.003 PM","in_windowsdns_auditanalytics_sentinel_windows","im_etw","172.18.88.20","N/A",,1,0,,,,,,,,,"NXLog_DNS_Server_CL",
"0b2a9277-f48f-49f6-b78d-d8bfd6dea87a",RestAPI,,,"7/27/2023, 2:48:46.904 PM",,,,,,,,,,,,,,,,,,,,,,,,"Microsoft-Windows-DNSServer","eb79061a-a566-4698-9119-3ed2807060e7",279,0,16,"Microsoft-Windows-DNS-Server/Analytical ",4,"Information ",0,1,"LOOK_UP ",9223372071214514176,"7/27/2023, 2:48:44.016 PM",2908,4028,INFO,2,INFO,windns,"NT AUTHORITY",SYSTEM,"S-1-5-18",User,33152,0,"172.18.88.20","172.18.88.20",1,"win-global-asimov-leafs-events-data.trafficmanager.net.",1,47307,60262,47307,true,false,false,QUERY,true,NOERROR,false,false,true,"[{""dns.query.name"":""v10.events.data.microsoft.com"",""dns.query.type"":""A"",""dns.query.class"":""IN""}]",0xB8CB8180000100010000000003763130066576656E74730464617461096D6963726F736F667403636F6D0000010001,,,"7/27/2023, 2:48:46.003 PM","in_windowsdns_auditanalytics_sentinel_windows","im_etw","172.18.88.20","N/A",,,,,,,,,,,"N/A","NXLog_DNS_Server_CL",
"0b2a9277-f48f-49f6-b78d-d8bfd6dea87a",RestAPI,,,"7/27/2023, 2:48:46.904 PM",,,,,,,,,,,,,,,,,,47307,,".",Default,,,"Microsoft-Windows-DNSServer","eb79061a-a566-4698-9119-3ed2807060e7",260,0,16,"Microsoft-Windows-DNS-Server/Analytical ",4,"Information ",0,2,"RECURSE_QUERY ",9223372036854775824,"7/27/2023, 2:48:44.017 PM",2908,4028,INFO,2,INFO,windns,"NT AUTHORITY",SYSTEM,"S-1-5-18",User,0,0,"0.0.0.0",,0,"win-global-asimov-leafs-events-data.trafficmanager.NET.",1,62899,0,62899,false,false,false,QUERY,false,NOERROR,false,false,false,"[{""dns.query.name"":""win-global-asimov-leafs-events-data.trafficmanager.NET"",""dns.query.type"":""A"",""dns.query.class"":""IN""}]",0xF5B3000000010000000000012377696E2D676C6F62616C2D6173696D6F762D6C656166732D6576656E74732D646174610E747261666669636D616E61676572034E455400000100010000290FA0000000000000,".","97b55408-4070-4092-9ddc-eeea8acb4893","7/27/2023, 2:48:46.003 PM","in_windowsdns_auditanalytics_sentinel_windows","im_etw","172.18.88.20","N/A","13.107.222.240",,,,,,,NULL,,,,"NXLog_DNS_Server_CL",
"0b2a9277-f48f-49f6-b78d-d8bfd6dea87a",RestAPI,,,"7/27/2023, 2:48:46.904 PM",,,,,,,,,,,,,,,,,,,2,".",Default,"[{""dns.answer.name"":""win-global-asimov-leafs-events-data.trafficmanager.NET"",""dns.answer.type"":""CNAME"",""dns.answer.class"":""IN"",""dns.answer.ttl"":60,""dns.answer.data"":""onedscolprdeus05.eastus.cloudapp.azure.com""}]",0,"Microsoft-Windows-DNSServer","eb79061a-a566-4698-9119-3ed2807060e7",261,0,16,"Microsoft-Windows-DNS-Server/Analytical ",4,"Information ",0,2,"RECURSE_QUERY ",9223372036854775840,"7/27/2023, 2:48:44.045 PM",2908,4028,INFO,2,INFO,windns,"NT AUTHORITY",SYSTEM,"S-1-5-18",User,33792,0,"0.0.0.0","13.107.222.240",,"win-global-asimov-leafs-events-data.trafficmanager.NET.",1,62899,0,62899,false,false,true,QUERY,true,NOERROR,false,false,false,"[{""dns.query.name"":""win-global-asimov-leafs-events-data.trafficmanager.NET"",""dns.query.type"":""A"",""dns.query.class"":""IN""}]",0xF5B3840000010001000000012377696E2D676C6F62616C2D6173696D6F762D6C656166732D6576656E74732D646174610E747261666669636D616E61676572034E45540000010001C00C000500010000003C002C106F6E656473636F6C70726465757330350665617374757308636C6F756461707005617A75726503636F6D0000002904D0000000000000,".","97b55408-4070-4092-9ddc-eeea8acb4893","7/27/2023, 2:48:46.003 PM","in_windowsdns_auditanalytics_sentinel_windows","im_etw","172.18.88.20","N/A",,1,0,,,,,,,,,"NXLog_DNS_Server_CL",
"0b2a9277-f48f-49f6-b78d-d8bfd6dea87a",RestAPI,,,"7/27/2023, 2:48:46.904 PM",,,,,,,,,,,,,,,,,,,,,,,,"Microsoft-Windows-DNSServer","eb79061a-a566-4698-9119-3ed2807060e7",279,0,16,"Microsoft-Windows-DNS-Server/Analytical ",4,"Information ",0,1,"LOOK_UP ",9223372071214514176,"7/27/2023, 2:48:44.045 PM",2908,4028,INFO,2,INFO,windns,"NT AUTHORITY",SYSTEM,"S-1-5-18",User,33152,0,"172.18.88.20","172.18.88.20",1,"onedscolprdeus05.eastus.cloudapp.azure.com.",1,47307,60262,47307,true,false,false,QUERY,true,NOERROR,false,false,true,"[{""dns.query.name"":""v10.events.data.microsoft.com"",""dns.query.type"":""A"",""dns.query.class"":""IN""}]",0xB8CB8180000100020000000003763130066576656E74730464617461096D6963726F736F667403636F6D0000010001,,,"7/27/2023, 2:48:46.003 PM","in_windowsdns_auditanalytics_sentinel_windows","im_etw","172.18.88.20","N/A",,,,,,,,,,,"N/A","NXLog_DNS_Server_CL",
"0b2a9277-f48f-49f6-b78d-d8bfd6dea87a",RestAPI,,,"7/27/2023, 2:48:46.904 PM",,,,,,,,,,,,,,,,,,47307,,".",Default,,,"Microsoft-Windows-DNSServer","eb79061a-a566-4698-9119-3ed2807060e7",260,0,16,"Microsoft-Windows-DNS-Server/Analytical ",4,"Information ",0,2,"RECURSE_QUERY ",9223372036854775824,"7/27/2023, 2:48:44.046 PM",2908,4028,INFO,2,INFO,windns,"NT AUTHORITY",SYSTEM,"S-1-5-18",User,0,0,"0.0.0.0",,0,"onedscolprdeus05.eastus.cloudapp.azure.com.",1,9253,0,9253,false,false,false,QUERY,false,NOERROR,false,false,false,"[{""dns.query.name"":""onedscolprdeus05.eastus.cloudapp.azure.com"",""dns.query.type"":""A"",""dns.query.class"":""IN""}]",0x242500000001000000000001106F6E656473636F6C70726465757330350665617374757308636C6F756461707005617A75726503636F6D00000100010000290FA0000000000000,".","97b55408-4070-4092-9ddc-eeea8acb4893","7/27/2023, 2:48:46.003 PM","in_windowsdns_auditanalytics_sentinel_windows","im_etw","172.18.88.20","N/A","150.171.10.201",,,,,,,NULL,,,,"NXLog_DNS_Server_CL",
"0b2a9277-f48f-49f6-b78d-d8bfd6dea87a",RestAPI,,,"7/27/2023, 2:48:46.904 PM",,,,,,,,,,,,,,,,,,,3,".",Default,"[{""dns.answer.name"":""onedscolprdeus05.eastus.cloudapp.azure.com"",""dns.answer.type"":""A"",""dns.answer.class"":""IN"",""dns.answer.ttl"":10,""dns.answer.data"":""20.42.65.85""}]",0,"Microsoft-Windows-DNSServer","eb79061a-a566-4698-9119-3ed2807060e7",261,0,16,"Microsoft-Windows-DNS-Server/Analytical ",4,"Information ",0,2,"RECURSE_QUERY ",9223372036854775840,"7/27/2023, 2:48:44.086 PM",2908,4028,INFO,2,INFO,windns,"NT AUTHORITY",SYSTEM,"S-1-5-18",User,33792,0,"0.0.0.0","150.171.10.201",,"onedscolprdeus05.eastus.cloudapp.azure.com.",1,9253,0,9253,false,false,true,QUERY,true,NOERROR,false,false,false,"[{""dns.query.name"":""onedscolprdeus05.eastus.cloudapp.azure.com"",""dns.query.type"":""A"",""dns.query.class"":""IN""}]",0x242584000001000100000001106F6E656473636F6C70726465757330350665617374757308636C6F756461707005617A75726503636F6D0000010001C00C000100010000000A0004142A415500002904D0000000000000,".","97b55408-4070-4092-9ddc-eeea8acb4893","7/27/2023, 2:48:46.003 PM","in_windowsdns_auditanalytics_sentinel_windows","im_etw","172.18.88.20","N/A",,1,0,,,,,,,,,"NXLog_DNS_Server_CL",
"0b2a9277-f48f-49f6-b78d-d8bfd6dea87a",RestAPI,,,"7/27/2023, 2:48:46.904 PM",,,,,,,,,,,,,,,,,,,,,,"[{""dns.answer.name"":""v10.events.data.microsoft.com"",""dns.answer.type"":""CNAME"",""dns.answer.class"":""IN"",""dns.answer.ttl"":120,""dns.answer.data"":""win-global-asimov-leafs-events-data.trafficmanager.net""},{""dns.answer.name"":""win-global-asimov-leafs-events-data.trafficmanager.net"",""dns.answer.type"":""CNAME"",""dns.answer.class"":""IN"",""dns.answer.ttl"":60,""dns.answer.data"":""onedscolprdeus05.eastus.cloudapp.azure.com""},{""dns.answer.name"":""onedscolprdeus05.eastus.cloudapp.azure.com"",""dns.answer.type"":""A"",""dns.answer.class"":""IN"",""dns.answer.ttl"":10,""dns.answer.data"":""20.42.65.85""}]",,"Microsoft-Windows-DNSServer","eb79061a-a566-4698-9119-3ed2807060e7",257,0,16,"Microsoft-Windows-DNS-Server/Analytical ",4,"Information ",0,1,"LOOK_UP ",9223372036854775810,"7/27/2023, 2:48:44.086 PM",2908,4028,INFO,2,INFO,windns,"NT AUTHORITY",SYSTEM,"S-1-5-18",User,33152,0,"172.18.88.20",,,"v10.events.data.microsoft.com.",1,47307,60262,47307,true,false,false,QUERY,true,NOERROR,false,false,true,"[{""dns.query.name"":""v10.events.data.microsoft.com"",""dns.query.type"":""A"",""dns.query.class"":""IN""}]",0xB8CB8180000100030000000003763130066576656E74730464617461096D6963726F736F667403636F6D0000010001C00C000500010000007800382377696E2D676C6F62616C2D6173696D6F762D6C656166732D6576656E74732D646174610E747261666669636D616E61676572036E657400C03B000500010000003C0029106F6E656473636F6C70726465757330350665617374757308636C6F756461707005617A757265C026C07F000100010000000A0004142A4155,"VirtualizationInstance:.","97b55408-4070-4092-9ddc-eeea8acb4893","7/27/2023, 2:48:46.003 PM","in_windowsdns_auditanalytics_sentinel_windows","im_etw","172.18.88.20","N/A","172.18.88.20",0,0,0,0,Default,"..Cache",NULL,,99,,"NXLog_DNS_Server_CL",
"0b2a9277-f48f-49f6-b78d-d8bfd6dea87a",RestAPI,,,"7/27/2023, 2:48:46.904 PM",,,,,,,,,,,,,,,,,,,,,,,,"Microsoft-Windows-DNSServer","eb79061a-a566-4698-9119-3ed2807060e7",256,0,16,"Microsoft-Windows-DNS-Server/Analytical ",4,"Information ",0,1,"LOOK_UP ",9223372036854775809,"7/27/2023, 2:48:44.762 PM",2908,4024,INFO,2,INFO,windns,"NT AUTHORITY",SYSTEM,"S-1-5-18",User,256,0,"172.18.88.20","172.18.88.20",1,"settings-win.data.microsoft.com.",1,3032,52203,3032,true,false,false,QUERY,false,NOERROR,false,false,false,"[{""dns.query.name"":""settings-win.data.microsoft.com"",""dns.query.type"":""A"",""dns.query.class"":""IN""}]",0x0BD8010000010000000000000C73657474696E67732D77696E0464617461096D6963726F736F667403636F6D0000010001,".","55045cc9-bd02-4ea7-a81f-61f612ce1a67","7/27/2023, 2:48:46.003 PM","in_windowsdns_auditanalytics_sentinel_windows","im_etw","172.18.88.20","N/A",,,,,,,,,,,,"NXLog_DNS_Server_CL",
"0b2a9277-f48f-49f6-b78d-d8bfd6dea87a",RestAPI,,,"7/27/2023, 2:48:46.904 PM",,,,,,,,,,,,,,,,,,,,,,,,"Microsoft-Windows-DNSServer","eb79061a-a566-4698-9119-3ed2807060e7",279,0,16,"Microsoft-Windows-DNS-Server/Analytical ",4,"Information ",0,1,"LOOK_UP ",9223372071214514176,"7/27/2023, 2:48:44.762 PM",2908,4024,INFO,2,INFO,windns,"NT AUTHORITY",SYSTEM,"S-1-5-18",User,33152,0,"172.18.88.20","172.18.88.20",1,"atm-settingsfe-prod-geo2.trafficmanager.net.",1,3032,52203,3032,true,false,false,QUERY,true,NOERROR,false,false,true,"[{""dns.query.name"":""settings-win.data.microsoft.com"",""dns.query.type"":""A"",""dns.query.class"":""IN""}]",0x0BD8818000010001000000000C73657474696E67732D77696E0464617461096D6963726F736F667403636F6D0000010001,,,"7/27/2023, 2:48:46.003 PM","in_windowsdns_auditanalytics_sentinel_windows","im_etw","172.18.88.20","N/A",,,,,,,,,,,"N/A","NXLog_DNS_Server_CL",
