"46bec743-35fa-4608-b7e2-2aa3c38a97c2",OpsManager,"11/14/2023, 5:52:21.383 PM","Microsoft-Windows-Sysmon","Microsoft-Windows-Sysmon/Operational",WindowsEventLog,3,4,Information,"NT AUTHORITY\SYSTEM",,"<Param>technique_id=T1543.003,technique_name=Windows Service</Param><Param>2023-11-14 12:22:20.167</Param><Param>{8CAD0A01-6611-6553-CB01-000000000C00}</Param><Param>5104</Param><Param>C:\Windows\System32\mmc.exe</Param><Param>WindowsEventLog\labadmin</Param><Param>tcp</Param><Param>TRUE</Param><Param>TRUE</Param><Param>0:0:0:0:0:0:0:1</Param><Param>-</Param><Param>49884</Param><Param>-</Param><Param>TRUE</Param><Param>0:0:0:0:0:0:0:1</Param><Param>-</Param><Param>47001</Param><Param>-</Param>","<DataItem type=""System.XmlData"" time=""2023-11-14T17:52:21.3834815+05:30"" sourceHealthServiceId=""F57C2BCF-DE2B-DA7F-FD91-0649DF501A73""><EventData xmlns=""http://schemas.microsoft.com/win/2004/08/events/event""><Data Name=""RuleName"">technique_id=T1543.003,technique_name=Windows Service</Data><Data Name=""UtcTime"">2023-11-14 12:22:20.167</Data><Data Name=""ProcessGuid"">{8CAD0A01-6611-6553-CB01-000000000C00}</Data><Data Name=""ProcessId"">5104</Data><Data Name=""Image"">C:\Windows\System32\mmc.exe</Data><Data Name=""User"">WindowsEventLog\labadmin</Data><Data Name=""Protocol"">tcp</Data><Data Name=""Initiated"">true</Data><Data Name=""SourceIsIpv6"">true</Data><Data Name=""SourceIp"">0:0:0:0:0:0:0:1</Data><Data Name=""SourceHostname"">-</Data><Data Name=""SourcePort"">49884</Data><Data Name=""SourcePortName"">-</Data><Data Name=""DestinationIsIpv6"">true</Data><Data Name=""DestinationIp"">0:0:0:0:0:0:0:1</Data><Data Name=""DestinationHostname"">-</Data><Data Name=""DestinationPort"">47001</Data><Data Name=""DestinationPortName"">-</Data></EventData></DataItem>",3,"Network connection detected: RuleName: technique_id=T1543.003,technique_name=Windows Service UtcTime: 2023-11-14 12:22:20.167 ProcessGuid: {8CAD0A01-6611-6553-CB01-000000000C00} ProcessId: 5104 Image: C:\Windows\System32\mmc.exe User: WindowsEventLog\labadmin Protocol: tcp Initiated: TRUE SourceIsIpv6: TRUE SourceIp: 0:0:0:0:0:0:0:1 SourceHostname: - SourcePort: 49884 SourcePortName: - DestinationIsIpv6: TRUE DestinationIp: 0:0:0:0:0:0:0:1 DestinationHostname: - DestinationPort: 47001 DestinationPortName: - ","00000000-0000-0000-0000-000000000001","AOI-46bec743-35fa-4608-b7e2-2aa3c38a97c2",,,Event,"/subscriptions/4383ac89-7cd1-48c1-8061-b0b3c5ccfd97/resourcegroups/varunlab-rg/providers/microsoft.compute/virtualmachines/windowseventlogs"
"46bec743-35fa-4608-b7e2-2aa3c38a97c2",OpsManager,"10/17/2023, 3:25:34.967 PM","Microsoft-Windows-Sysmon","Microsoft-Windows-Sysmon/Operational",WindowsEventLog,3,4,Information,"NT AUTHORITY\SYSTEM","LCID;1033	Locale;ENU	Message;Network connection detected:%nRuleName: %1!s!%nUtcTime: %2!s!%nProcessGuid: %3!s!%nProcessId: %4!s!%nImage: %5!s!%nUser: %6!s!%nProtocol: %7!s!%nInitiated: %8!s!%nSourceIsIpv6: %9!s!%nSourceIp: %10!s!%nSourceHostname: %11!s!%nSourcePort: %12!s!%nSourcePortName: %13!s!%nDestinationIsIpv6: %14!s!%nDestinationIp: %15!s!%nDestinationHostname: %16!s!%nDestinationPort: %17!s!%nDestinationPortName: %18!s! 	","<Param>technique_id=T1021,technique_name=Remote Services</Param><Param>2023-10-17 09:55:33.567</Param><Param>{8CAD0A01-2543-652E-1100-000000000800}</Param><Param>940</Param><Param>C:\Windows\System32\svchost.exe</Param><Param>NT AUTHORITY\NETWORK SERVICE</Param><Param>tcp</Param><Param>FALSE</Param><Param>FALSE</Param><Param>167.220.238.133</Param><Param>-</Param><Param>47952</Param><Param>-</Param><Param>FALSE</Param><Param>10.0.0.4</Param><Param>-</Param><Param>3389</Param><Param>-</Param>","<DataItem type=""System.XmlData"" time=""2023-10-17T15:25:34.9677450+05:30"" sourceHealthServiceId=""F57C2BCF-DE2B-DA7F-FD91-0649DF501A73""><EventData xmlns=""http://schemas.microsoft.com/win/2004/08/events/event""><Data Name=""RuleName"">technique_id=T1021,technique_name=Remote Services</Data><Data Name=""UtcTime"">2023-10-17 09:55:33.567</Data><Data Name=""ProcessGuid"">{8CAD0A01-2543-652E-1100-000000000800}</Data><Data Name=""ProcessId"">940</Data><Data Name=""Image"">C:\Windows\System32\svchost.exe</Data><Data Name=""User"">NT AUTHORITY\NETWORK SERVICE</Data><Data Name=""Protocol"">tcp</Data><Data Name=""Initiated"">false</Data><Data Name=""SourceIsIpv6"">false</Data><Data Name=""SourceIp"">167.220.238.133</Data><Data Name=""SourceHostname"">-</Data><Data Name=""SourcePort"">47952</Data><Data Name=""SourcePortName"">-</Data><Data Name=""DestinationIsIpv6"">false</Data><Data Name=""DestinationIp"">10.0.0.4</Data><Data Name=""DestinationHostname"">-</Data><Data Name=""DestinationPort"">3389</Data><Data Name=""DestinationPortName"">-</Data></EventData></DataItem>",3,"Network connection detected: RuleName: technique_id=T1021,technique_name=Remote Services UtcTime: 2023-10-17 09:55:33.567 ProcessGuid: {8CAD0A01-2543-652E-1100-000000000800} ProcessId: 940 Image: C:\Windows\System32\svchost.exe User: NT AUTHORITY\NETWORK SERVICE Protocol: tcp Initiated: FALSE SourceIsIpv6: FALSE SourceIp: 167.220.238.133 SourceHostname: - SourcePort: 47952 SourcePortName: - DestinationIsIpv6: FALSE DestinationIp: 10.0.0.4 DestinationHostname: - DestinationPort: 3389 DestinationPortName: - ","00000000-0000-0000-0000-000000000001","AOI-46bec743-35fa-4608-b7e2-2aa3c38a97c2",,,Event,"/subscriptions/4383ac89-7cd1-48c1-8061-b0b3c5ccfd97/resourcegroups/varunlab-rg/providers/microsoft.compute/virtualmachines/windowseventlogs"
"46bec743-35fa-4608-b7e2-2aa3c38a97c2",OpsManager,"10/17/2023, 3:51:10.098 PM","Microsoft-Windows-Sysmon","Microsoft-Windows-Sysmon/Operational",WindowsEventLog,3,4,Information,"NT AUTHORITY\SYSTEM",,"<Param>technique_id=T1543.003,technique_name=Windows Service</Param><Param>2023-10-17 10:21:08.794</Param><Param>{8CAD0A01-2ACB-652E-C701-000000000800}</Param><Param>4428</Param><Param>C:\Windows\System32\mmc.exe</Param><Param>WindowsEventLog\labadmin</Param><Param>tcp</Param><Param>TRUE</Param><Param>TRUE</Param><Param>0:0:0:0:0:0:0:1</Param><Param>-</Param><Param>51959</Param><Param>-</Param><Param>TRUE</Param><Param>0:0:0:0:0:0:0:1</Param><Param>-</Param><Param>47001</Param><Param>-</Param>","<DataItem type=""System.XmlData"" time=""2023-10-17T15:51:10.0983862+05:30"" sourceHealthServiceId=""F57C2BCF-DE2B-DA7F-FD91-0649DF501A73""><EventData xmlns=""http://schemas.microsoft.com/win/2004/08/events/event""><Data Name=""RuleName"">technique_id=T1543.003,technique_name=Windows Service</Data><Data Name=""UtcTime"">2023-10-17 10:21:08.794</Data><Data Name=""ProcessGuid"">{8CAD0A01-2ACB-652E-C701-000000000800}</Data><Data Name=""ProcessId"">4428</Data><Data Name=""Image"">C:\Windows\System32\mmc.exe</Data><Data Name=""User"">WindowsEventLog\labadmin</Data><Data Name=""Protocol"">tcp</Data><Data Name=""Initiated"">true</Data><Data Name=""SourceIsIpv6"">true</Data><Data Name=""SourceIp"">0:0:0:0:0:0:0:1</Data><Data Name=""SourceHostname"">-</Data><Data Name=""SourcePort"">51959</Data><Data Name=""SourcePortName"">-</Data><Data Name=""DestinationIsIpv6"">true</Data><Data Name=""DestinationIp"">0:0:0:0:0:0:0:1</Data><Data Name=""DestinationHostname"">-</Data><Data Name=""DestinationPort"">47001</Data><Data Name=""DestinationPortName"">-</Data></EventData></DataItem>",3,"Network connection detected: RuleName: technique_id=T1543.003,technique_name=Windows Service UtcTime: 2023-10-17 10:21:08.794 ProcessGuid: {8CAD0A01-2ACB-652E-C701-000000000800} ProcessId: 4428 Image: C:\Windows\System32\mmc.exe User: WindowsEventLog\labadmin Protocol: tcp Initiated: TRUE SourceIsIpv6: TRUE SourceIp: 0:0:0:0:0:0:0:1 SourceHostname: - SourcePort: 51959 SourcePortName: - DestinationIsIpv6: TRUE DestinationIp: 0:0:0:0:0:0:0:1 DestinationHostname: - DestinationPort: 47001 DestinationPortName: - ","00000000-0000-0000-0000-000000000001","AOI-46bec743-35fa-4608-b7e2-2aa3c38a97c2",,,Event,"/subscriptions/4383ac89-7cd1-48c1-8061-b0b3c5ccfd97/resourcegroups/varunlab-rg/providers/microsoft.compute/virtualmachines/windowseventlogs"
"46bec743-35fa-4608-b7e2-2aa3c38a97c2",OpsManager,"10/17/2023, 3:53:31.474 PM","Microsoft-Windows-Sysmon","Microsoft-Windows-Sysmon/Operational",WindowsEventLog,3,4,Information,"NT AUTHORITY\SYSTEM",,"<Param>technique_id=T1021,technique_name=Remote Services</Param><Param>2023-10-17 10:23:30.183</Param><Param>{8CAD0A01-2544-652E-1800-000000000800}</Param><Param>1208</Param><Param>C:\Windows\system32\svchost.exe</Param><Param>NT AUTHORITY\NETWORK SERVICE</Param><Param>tcp</Param><Param>TRUE</Param><Param>TRUE</Param><Param>fe80:0:0:0:d024:56ce:c156:9dae</Param><Param>-</Param><Param>51982</Param><Param>-</Param><Param>TRUE</Param><Param>fe80:0:0:0:d024:56ce:c156:9dae</Param><Param>-</Param><Param>5985</Param><Param>-</Param>","<DataItem type=""System.XmlData"" time=""2023-10-17T15:53:31.4748178+05:30"" sourceHealthServiceId=""F57C2BCF-DE2B-DA7F-FD91-0649DF501A73""><EventData xmlns=""http://schemas.microsoft.com/win/2004/08/events/event""><Data Name=""RuleName"">technique_id=T1021,technique_name=Remote Services</Data><Data Name=""UtcTime"">2023-10-17 10:23:30.183</Data><Data Name=""ProcessGuid"">{8CAD0A01-2544-652E-1800-000000000800}</Data><Data Name=""ProcessId"">1208</Data><Data Name=""Image"">C:\Windows\system32\svchost.exe</Data><Data Name=""User"">NT AUTHORITY\NETWORK SERVICE</Data><Data Name=""Protocol"">tcp</Data><Data Name=""Initiated"">true</Data><Data Name=""SourceIsIpv6"">true</Data><Data Name=""SourceIp"">fe80:0:0:0:d024:56ce:c156:9dae</Data><Data Name=""SourceHostname"">-</Data><Data Name=""SourcePort"">51982</Data><Data Name=""SourcePortName"">-</Data><Data Name=""DestinationIsIpv6"">true</Data><Data Name=""DestinationIp"">fe80:0:0:0:d024:56ce:c156:9dae</Data><Data Name=""DestinationHostname"">-</Data><Data Name=""DestinationPort"">5985</Data><Data Name=""DestinationPortName"">-</Data></EventData></DataItem>",3,"Network connection detected: RuleName: technique_id=T1021,technique_name=Remote Services UtcTime: 2023-10-17 10:23:30.183 ProcessGuid: {8CAD0A01-2544-652E-1800-000000000800} ProcessId: 1208 Image: C:\Windows\system32\svchost.exe User: NT AUTHORITY\NETWORK SERVICE Protocol: tcp Initiated: TRUE SourceIsIpv6: TRUE SourceIp: fe80:0:0:0:d024:56ce:c156:9dae SourceHostname: - SourcePort: 51982 SourcePortName: - DestinationIsIpv6: TRUE DestinationIp: fe80:0:0:0:d024:56ce:c156:9dae DestinationHostname: - DestinationPort: 5985 DestinationPortName: - ","00000000-0000-0000-0000-000000000001","AOI-46bec743-35fa-4608-b7e2-2aa3c38a97c2",,,Event,"/subscriptions/4383ac89-7cd1-48c1-8061-b0b3c5ccfd97/resourcegroups/varunlab-rg/providers/microsoft.compute/virtualmachines/windowseventlogs"
"46bec743-35fa-4608-b7e2-2aa3c38a97c2",OpsManager,"10/17/2023, 3:53:31.474 PM","Microsoft-Windows-Sysmon","Microsoft-Windows-Sysmon/Operational",WindowsEventLog,3,4,Information,"NT AUTHORITY\SYSTEM",,"<Param>technique_id=T1021,technique_name=Remote Services</Param><Param>2023-10-17 10:23:30.183</Param><Param>{8CAD0A01-253D-652E-EB03-000000000000}</Param><Param>4</Param><Param>System</Param><Param>NT AUTHORITY\SYSTEM</Param><Param>tcp</Param><Param>FALSE</Param><Param>TRUE</Param><Param>fe80:0:0:0:d024:56ce:c156:9dae</Param><Param>-</Param><Param>51982</Param><Param>-</Param><Param>TRUE</Param><Param>fe80:0:0:0:d024:56ce:c156:9dae</Param><Param>-</Param><Param>5985</Param><Param>-</Param>","<DataItem type=""System.XmlData"" time=""2023-10-17T15:53:31.4748401+05:30"" sourceHealthServiceId=""F57C2BCF-DE2B-DA7F-FD91-0649DF501A73""><EventData xmlns=""http://schemas.microsoft.com/win/2004/08/events/event""><Data Name=""RuleName"">technique_id=T1021,technique_name=Remote Services</Data><Data Name=""UtcTime"">2023-10-17 10:23:30.183</Data><Data Name=""ProcessGuid"">{8CAD0A01-253D-652E-EB03-000000000000}</Data><Data Name=""ProcessId"">4</Data><Data Name=""Image"">System</Data><Data Name=""User"">NT AUTHORITY\SYSTEM</Data><Data Name=""Protocol"">tcp</Data><Data Name=""Initiated"">false</Data><Data Name=""SourceIsIpv6"">true</Data><Data Name=""SourceIp"">fe80:0:0:0:d024:56ce:c156:9dae</Data><Data Name=""SourceHostname"">-</Data><Data Name=""SourcePort"">51982</Data><Data Name=""SourcePortName"">-</Data><Data Name=""DestinationIsIpv6"">true</Data><Data Name=""DestinationIp"">fe80:0:0:0:d024:56ce:c156:9dae</Data><Data Name=""DestinationHostname"">-</Data><Data Name=""DestinationPort"">5985</Data><Data Name=""DestinationPortName"">-</Data></EventData></DataItem>",3,"Network connection detected: RuleName: technique_id=T1021,technique_name=Remote Services UtcTime: 2023-10-17 10:23:30.183 ProcessGuid: {8CAD0A01-253D-652E-EB03-000000000000} ProcessId: 4 Image: System User: NT AUTHORITY\SYSTEM Protocol: tcp Initiated: FALSE SourceIsIpv6: TRUE SourceIp: fe80:0:0:0:d024:56ce:c156:9dae SourceHostname: - SourcePort: 51982 SourcePortName: - DestinationIsIpv6: TRUE DestinationIp: fe80:0:0:0:d024:56ce:c156:9dae DestinationHostname: - DestinationPort: 5985 DestinationPortName: - ","00000000-0000-0000-0000-000000000001","AOI-46bec743-35fa-4608-b7e2-2aa3c38a97c2",,,Event,"/subscriptions/4383ac89-7cd1-48c1-8061-b0b3c5ccfd97/resourcegroups/varunlab-rg/providers/microsoft.compute/virtualmachines/windowseventlogs"
"46bec743-35fa-4608-b7e2-2aa3c38a97c2",OpsManager,"10/17/2023, 3:54:25.486 PM","Microsoft-Windows-Sysmon","Microsoft-Windows-Sysmon/Operational",WindowsEventLog,3,4,Information,"NT AUTHORITY\SYSTEM",,"<Param>technique_id=T1543.003,technique_name=Windows Service</Param><Param>2023-10-17 10:24:24.256</Param><Param>{8CAD0A01-2ACB-652E-C701-000000000800}</Param><Param>4428</Param><Param>C:\Windows\System32\mmc.exe</Param><Param>WindowsEventLog\labadmin</Param><Param>tcp</Param><Param>TRUE</Param><Param>TRUE</Param><Param>fe80:0:0:0:d024:56ce:c156:9dae</Param><Param>-</Param><Param>51987</Param><Param>-</Param><Param>TRUE</Param><Param>fe80:0:0:0:d024:56ce:c156:9dae</Param><Param>-</Param><Param>5985</Param><Param>-</Param>","<DataItem type=""System.XmlData"" time=""2023-10-17T15:54:25.4860993+05:30"" sourceHealthServiceId=""F57C2BCF-DE2B-DA7F-FD91-0649DF501A73""><EventData xmlns=""http://schemas.microsoft.com/win/2004/08/events/event""><Data Name=""RuleName"">technique_id=T1543.003,technique_name=Windows Service</Data><Data Name=""UtcTime"">2023-10-17 10:24:24.256</Data><Data Name=""ProcessGuid"">{8CAD0A01-2ACB-652E-C701-000000000800}</Data><Data Name=""ProcessId"">4428</Data><Data Name=""Image"">C:\Windows\System32\mmc.exe</Data><Data Name=""User"">WindowsEventLog\labadmin</Data><Data Name=""Protocol"">tcp</Data><Data Name=""Initiated"">true</Data><Data Name=""SourceIsIpv6"">true</Data><Data Name=""SourceIp"">fe80:0:0:0:d024:56ce:c156:9dae</Data><Data Name=""SourceHostname"">-</Data><Data Name=""SourcePort"">51987</Data><Data Name=""SourcePortName"">-</Data><Data Name=""DestinationIsIpv6"">true</Data><Data Name=""DestinationIp"">fe80:0:0:0:d024:56ce:c156:9dae</Data><Data Name=""DestinationHostname"">-</Data><Data Name=""DestinationPort"">5985</Data><Data Name=""DestinationPortName"">-</Data></EventData></DataItem>",3,"Network connection detected: RuleName: technique_id=T1543.003,technique_name=Windows Service UtcTime: 2023-10-17 10:24:24.256 ProcessGuid: {8CAD0A01-2ACB-652E-C701-000000000800} ProcessId: 4428 Image: C:\Windows\System32\mmc.exe User: WindowsEventLog\labadmin Protocol: tcp Initiated: TRUE SourceIsIpv6: TRUE SourceIp: fe80:0:0:0:d024:56ce:c156:9dae SourceHostname: - SourcePort: 51987 SourcePortName: - DestinationIsIpv6: TRUE DestinationIp: fe80:0:0:0:d024:56ce:c156:9dae DestinationHostname: - DestinationPort: 5985 DestinationPortName: - ","00000000-0000-0000-0000-000000000001","AOI-46bec743-35fa-4608-b7e2-2aa3c38a97c2",,,Event,"/subscriptions/4383ac89-7cd1-48c1-8061-b0b3c5ccfd97/resourcegroups/varunlab-rg/providers/microsoft.compute/virtualmachines/windowseventlogs"
"46bec743-35fa-4608-b7e2-2aa3c38a97c2",OpsManager,"10/17/2023, 3:54:25.486 PM","Microsoft-Windows-Sysmon","Microsoft-Windows-Sysmon/Operational",WindowsEventLog,3,4,Information,"NT AUTHORITY\SYSTEM",,"<Param>technique_id=T1021,technique_name=Remote Services</Param><Param>2023-10-17 10:24:24.256</Param><Param>{8CAD0A01-253D-652E-EB03-000000000000}</Param><Param>4</Param><Param>System</Param><Param>NT AUTHORITY\SYSTEM</Param><Param>tcp</Param><Param>FALSE</Param><Param>TRUE</Param><Param>fe80:0:0:0:d024:56ce:c156:9dae</Param><Param>-</Param><Param>51987</Param><Param>-</Param><Param>TRUE</Param><Param>fe80:0:0:0:d024:56ce:c156:9dae</Param><Param>-</Param><Param>5985</Param><Param>-</Param>","<DataItem type=""System.XmlData"" time=""2023-10-17T15:54:25.4861207+05:30"" sourceHealthServiceId=""F57C2BCF-DE2B-DA7F-FD91-0649DF501A73""><EventData xmlns=""http://schemas.microsoft.com/win/2004/08/events/event""><Data Name=""RuleName"">technique_id=T1021,technique_name=Remote Services</Data><Data Name=""UtcTime"">2023-10-17 10:24:24.256</Data><Data Name=""ProcessGuid"">{8CAD0A01-253D-652E-EB03-000000000000}</Data><Data Name=""ProcessId"">4</Data><Data Name=""Image"">System</Data><Data Name=""User"">NT AUTHORITY\SYSTEM</Data><Data Name=""Protocol"">tcp</Data><Data Name=""Initiated"">false</Data><Data Name=""SourceIsIpv6"">true</Data><Data Name=""SourceIp"">fe80:0:0:0:d024:56ce:c156:9dae</Data><Data Name=""SourceHostname"">-</Data><Data Name=""SourcePort"">51987</Data><Data Name=""SourcePortName"">-</Data><Data Name=""DestinationIsIpv6"">true</Data><Data Name=""DestinationIp"">fe80:0:0:0:d024:56ce:c156:9dae</Data><Data Name=""DestinationHostname"">-</Data><Data Name=""DestinationPort"">5985</Data><Data Name=""DestinationPortName"">-</Data></EventData></DataItem>",3,"Network connection detected: RuleName: technique_id=T1021,technique_name=Remote Services UtcTime: 2023-10-17 10:24:24.256 ProcessGuid: {8CAD0A01-253D-652E-EB03-000000000000} ProcessId: 4 Image: System User: NT AUTHORITY\SYSTEM Protocol: tcp Initiated: FALSE SourceIsIpv6: TRUE SourceIp: fe80:0:0:0:d024:56ce:c156:9dae SourceHostname: - SourcePort: 51987 SourcePortName: - DestinationIsIpv6: TRUE DestinationIp: fe80:0:0:0:d024:56ce:c156:9dae DestinationHostname: - DestinationPort: 5985 DestinationPortName: - ","00000000-0000-0000-0000-000000000001","AOI-46bec743-35fa-4608-b7e2-2aa3c38a97c2",,,Event,"/subscriptions/4383ac89-7cd1-48c1-8061-b0b3c5ccfd97/resourcegroups/varunlab-rg/providers/microsoft.compute/virtualmachines/windowseventlogs"
"46bec743-35fa-4608-b7e2-2aa3c38a97c2",OpsManager,"10/17/2023, 3:54:28.302 PM","Microsoft-Windows-Sysmon","Microsoft-Windows-Sysmon/Operational",WindowsEventLog,3,4,Information,"NT AUTHORITY\SYSTEM",,"<Param>technique_id=T1543.003,technique_name=Windows Service</Param><Param>2023-10-17 10:24:27.043</Param><Param>{8CAD0A01-2ACB-652E-C701-000000000800}</Param><Param>4428</Param><Param>C:\Windows\System32\mmc.exe</Param><Param>WindowsEventLog\labadmin</Param><Param>tcp</Param><Param>TRUE</Param><Param>TRUE</Param><Param>fe80:0:0:0:d024:56ce:c156:9dae</Param><Param>-</Param><Param>51988</Param><Param>-</Param><Param>TRUE</Param><Param>fe80:0:0:0:d024:56ce:c156:9dae</Param><Param>-</Param><Param>5985</Param><Param>-</Param>","<DataItem type=""System.XmlData"" time=""2023-10-17T15:54:28.3021498+05:30"" sourceHealthServiceId=""F57C2BCF-DE2B-DA7F-FD91-0649DF501A73""><EventData xmlns=""http://schemas.microsoft.com/win/2004/08/events/event""><Data Name=""RuleName"">technique_id=T1543.003,technique_name=Windows Service</Data><Data Name=""UtcTime"">2023-10-17 10:24:27.043</Data><Data Name=""ProcessGuid"">{8CAD0A01-2ACB-652E-C701-000000000800}</Data><Data Name=""ProcessId"">4428</Data><Data Name=""Image"">C:\Windows\System32\mmc.exe</Data><Data Name=""User"">WindowsEventLog\labadmin</Data><Data Name=""Protocol"">tcp</Data><Data Name=""Initiated"">true</Data><Data Name=""SourceIsIpv6"">true</Data><Data Name=""SourceIp"">fe80:0:0:0:d024:56ce:c156:9dae</Data><Data Name=""SourceHostname"">-</Data><Data Name=""SourcePort"">51988</Data><Data Name=""SourcePortName"">-</Data><Data Name=""DestinationIsIpv6"">true</Data><Data Name=""DestinationIp"">fe80:0:0:0:d024:56ce:c156:9dae</Data><Data Name=""DestinationHostname"">-</Data><Data Name=""DestinationPort"">5985</Data><Data Name=""DestinationPortName"">-</Data></EventData></DataItem>",3,"Network connection detected: RuleName: technique_id=T1543.003,technique_name=Windows Service UtcTime: 2023-10-17 10:24:27.043 ProcessGuid: {8CAD0A01-2ACB-652E-C701-000000000800} ProcessId: 4428 Image: C:\Windows\System32\mmc.exe User: WindowsEventLog\labadmin Protocol: tcp Initiated: TRUE SourceIsIpv6: TRUE SourceIp: fe80:0:0:0:d024:56ce:c156:9dae SourceHostname: - SourcePort: 51988 SourcePortName: - DestinationIsIpv6: TRUE DestinationIp: fe80:0:0:0:d024:56ce:c156:9dae DestinationHostname: - DestinationPort: 5985 DestinationPortName: - ","00000000-0000-0000-0000-000000000001","AOI-46bec743-35fa-4608-b7e2-2aa3c38a97c2",,,Event,"/subscriptions/4383ac89-7cd1-48c1-8061-b0b3c5ccfd97/resourcegroups/varunlab-rg/providers/microsoft.compute/virtualmachines/windowseventlogs"
"46bec743-35fa-4608-b7e2-2aa3c38a97c2",OpsManager,"10/17/2023, 3:54:28.302 PM","Microsoft-Windows-Sysmon","Microsoft-Windows-Sysmon/Operational",WindowsEventLog,3,4,Information,"NT AUTHORITY\SYSTEM",,"<Param>technique_id=T1021,technique_name=Remote Services</Param><Param>2023-10-17 10:24:27.043</Param><Param>{8CAD0A01-253D-652E-EB03-000000000000}</Param><Param>4</Param><Param>System</Param><Param>NT AUTHORITY\SYSTEM</Param><Param>tcp</Param><Param>FALSE</Param><Param>TRUE</Param><Param>fe80:0:0:0:d024:56ce:c156:9dae</Param><Param>-</Param><Param>51988</Param><Param>-</Param><Param>TRUE</Param><Param>fe80:0:0:0:d024:56ce:c156:9dae</Param><Param>-</Param><Param>5985</Param><Param>-</Param>","<DataItem type=""System.XmlData"" time=""2023-10-17T15:54:28.3021748+05:30"" sourceHealthServiceId=""F57C2BCF-DE2B-DA7F-FD91-0649DF501A73""><EventData xmlns=""http://schemas.microsoft.com/win/2004/08/events/event""><Data Name=""RuleName"">technique_id=T1021,technique_name=Remote Services</Data><Data Name=""UtcTime"">2023-10-17 10:24:27.043</Data><Data Name=""ProcessGuid"">{8CAD0A01-253D-652E-EB03-000000000000}</Data><Data Name=""ProcessId"">4</Data><Data Name=""Image"">System</Data><Data Name=""User"">NT AUTHORITY\SYSTEM</Data><Data Name=""Protocol"">tcp</Data><Data Name=""Initiated"">false</Data><Data Name=""SourceIsIpv6"">true</Data><Data Name=""SourceIp"">fe80:0:0:0:d024:56ce:c156:9dae</Data><Data Name=""SourceHostname"">-</Data><Data Name=""SourcePort"">51988</Data><Data Name=""SourcePortName"">-</Data><Data Name=""DestinationIsIpv6"">true</Data><Data Name=""DestinationIp"">fe80:0:0:0:d024:56ce:c156:9dae</Data><Data Name=""DestinationHostname"">-</Data><Data Name=""DestinationPort"">5985</Data><Data Name=""DestinationPortName"">-</Data></EventData></DataItem>",3,"Network connection detected: RuleName: technique_id=T1021,technique_name=Remote Services UtcTime: 2023-10-17 10:24:27.043 ProcessGuid: {8CAD0A01-253D-652E-EB03-000000000000} ProcessId: 4 Image: System User: NT AUTHORITY\SYSTEM Protocol: tcp Initiated: FALSE SourceIsIpv6: TRUE SourceIp: fe80:0:0:0:d024:56ce:c156:9dae SourceHostname: - SourcePort: 51988 SourcePortName: - DestinationIsIpv6: TRUE DestinationIp: fe80:0:0:0:d024:56ce:c156:9dae DestinationHostname: - DestinationPort: 5985 DestinationPortName: - ","00000000-0000-0000-0000-000000000001","AOI-46bec743-35fa-4608-b7e2-2aa3c38a97c2",,,Event,"/subscriptions/4383ac89-7cd1-48c1-8061-b0b3c5ccfd97/resourcegroups/varunlab-rg/providers/microsoft.compute/virtualmachines/windowseventlogs"
"46bec743-35fa-4608-b7e2-2aa3c38a97c2",OpsManager,"10/17/2023, 3:56:34.383 PM","Microsoft-Windows-Sysmon","Microsoft-Windows-Sysmon/Operational",WindowsEventLog,3,4,Information,"NT AUTHORITY\SYSTEM",,"<Param>technique_id=T1021,technique_name=Remote Services</Param><Param>2023-10-17 10:26:33.110</Param><Param>{8CAD0A01-2544-652E-1800-000000000800}</Param><Param>1208</Param><Param>C:\Windows\System32\svchost.exe</Param><Param>NT AUTHORITY\NETWORK SERVICE</Param><Param>tcp</Param><Param>TRUE</Param><Param>TRUE</Param><Param>fe80:0:0:0:d024:56ce:c156:9dae</Param><Param>-</Param><Param>52006</Param><Param>-</Param><Param>TRUE</Param><Param>fe80:0:0:0:d024:56ce:c156:9dae</Param><Param>-</Param><Param>5985</Param><Param>-</Param>","<DataItem type=""System.XmlData"" time=""2023-10-17T15:56:34.3832701+05:30"" sourceHealthServiceId=""F57C2BCF-DE2B-DA7F-FD91-0649DF501A73""><EventData xmlns=""http://schemas.microsoft.com/win/2004/08/events/event""><Data Name=""RuleName"">technique_id=T1021,technique_name=Remote Services</Data><Data Name=""UtcTime"">2023-10-17 10:26:33.110</Data><Data Name=""ProcessGuid"">{8CAD0A01-2544-652E-1800-000000000800}</Data><Data Name=""ProcessId"">1208</Data><Data Name=""Image"">C:\Windows\System32\svchost.exe</Data><Data Name=""User"">NT AUTHORITY\NETWORK SERVICE</Data><Data Name=""Protocol"">tcp</Data><Data Name=""Initiated"">true</Data><Data Name=""SourceIsIpv6"">true</Data><Data Name=""SourceIp"">fe80:0:0:0:d024:56ce:c156:9dae</Data><Data Name=""SourceHostname"">-</Data><Data Name=""SourcePort"">52006</Data><Data Name=""SourcePortName"">-</Data><Data Name=""DestinationIsIpv6"">true</Data><Data Name=""DestinationIp"">fe80:0:0:0:d024:56ce:c156:9dae</Data><Data Name=""DestinationHostname"">-</Data><Data Name=""DestinationPort"">5985</Data><Data Name=""DestinationPortName"">-</Data></EventData></DataItem>",3,"Network connection detected: RuleName: technique_id=T1021,technique_name=Remote Services UtcTime: 2023-10-17 10:26:33.110 ProcessGuid: {8CAD0A01-2544-652E-1800-000000000800} ProcessId: 1208 Image: C:\Windows\System32\svchost.exe User: NT AUTHORITY\NETWORK SERVICE Protocol: tcp Initiated: TRUE SourceIsIpv6: TRUE SourceIp: fe80:0:0:0:d024:56ce:c156:9dae SourceHostname: - SourcePort: 52006 SourcePortName: - DestinationIsIpv6: TRUE DestinationIp: fe80:0:0:0:d024:56ce:c156:9dae DestinationHostname: - DestinationPort: 5985 DestinationPortName: - ","00000000-0000-0000-0000-000000000001","AOI-46bec743-35fa-4608-b7e2-2aa3c38a97c2",,,Event,"/subscriptions/4383ac89-7cd1-48c1-8061-b0b3c5ccfd97/resourcegroups/varunlab-rg/providers/microsoft.compute/virtualmachines/windowseventlogs"
"46bec743-35fa-4608-b7e2-2aa3c38a97c2",OpsManager,"10/17/2023, 3:56:34.383 PM","Microsoft-Windows-Sysmon","Microsoft-Windows-Sysmon/Operational",WindowsEventLog,3,4,Information,"NT AUTHORITY\SYSTEM",,"<Param>technique_id=T1021,technique_name=Remote Services</Param><Param>2023-10-17 10:26:33.110</Param><Param>{8CAD0A01-253D-652E-EB03-000000000000}</Param><Param>4</Param><Param>System</Param><Param>NT AUTHORITY\SYSTEM</Param><Param>tcp</Param><Param>FALSE</Param><Param>TRUE</Param><Param>fe80:0:0:0:d024:56ce:c156:9dae</Param><Param>-</Param><Param>52006</Param><Param>-</Param><Param>TRUE</Param><Param>fe80:0:0:0:d024:56ce:c156:9dae</Param><Param>-</Param><Param>5985</Param><Param>-</Param>","<DataItem type=""System.XmlData"" time=""2023-10-17T15:56:34.3832914+05:30"" sourceHealthServiceId=""F57C2BCF-DE2B-DA7F-FD91-0649DF501A73""><EventData xmlns=""http://schemas.microsoft.com/win/2004/08/events/event""><Data Name=""RuleName"">technique_id=T1021,technique_name=Remote Services</Data><Data Name=""UtcTime"">2023-10-17 10:26:33.110</Data><Data Name=""ProcessGuid"">{8CAD0A01-253D-652E-EB03-000000000000}</Data><Data Name=""ProcessId"">4</Data><Data Name=""Image"">System</Data><Data Name=""User"">NT AUTHORITY\SYSTEM</Data><Data Name=""Protocol"">tcp</Data><Data Name=""Initiated"">false</Data><Data Name=""SourceIsIpv6"">true</Data><Data Name=""SourceIp"">fe80:0:0:0:d024:56ce:c156:9dae</Data><Data Name=""SourceHostname"">-</Data><Data Name=""SourcePort"">52006</Data><Data Name=""SourcePortName"">-</Data><Data Name=""DestinationIsIpv6"">true</Data><Data Name=""DestinationIp"">fe80:0:0:0:d024:56ce:c156:9dae</Data><Data Name=""DestinationHostname"">-</Data><Data Name=""DestinationPort"">5985</Data><Data Name=""DestinationPortName"">-</Data></EventData></DataItem>",3,"Network connection detected: RuleName: technique_id=T1021,technique_name=Remote Services UtcTime: 2023-10-17 10:26:33.110 ProcessGuid: {8CAD0A01-253D-652E-EB03-000000000000} ProcessId: 4 Image: System User: NT AUTHORITY\SYSTEM Protocol: tcp Initiated: FALSE SourceIsIpv6: TRUE SourceIp: fe80:0:0:0:d024:56ce:c156:9dae SourceHostname: - SourcePort: 52006 SourcePortName: - DestinationIsIpv6: TRUE DestinationIp: fe80:0:0:0:d024:56ce:c156:9dae DestinationHostname: - DestinationPort: 5985 DestinationPortName: - ","00000000-0000-0000-0000-000000000001","AOI-46bec743-35fa-4608-b7e2-2aa3c38a97c2",,,Event,"/subscriptions/4383ac89-7cd1-48c1-8061-b0b3c5ccfd97/resourcegroups/varunlab-rg/providers/microsoft.compute/virtualmachines/windowseventlogs"
"46bec743-35fa-4608-b7e2-2aa3c38a97c2",OpsManager,"10/17/2023, 4:35:44.885 PM","Microsoft-Windows-Sysmon","Microsoft-Windows-Sysmon/Operational",WindowsEventLog,3,4,Information,"NT AUTHORITY\SYSTEM",,"<Param>technique_id=T1021,technique_name=Remote Services</Param><Param>2023-10-17 11:05:42.638</Param><Param>{8CAD0A01-2543-652E-1100-000000000800}</Param><Param>940</Param><Param>C:\Windows\System32\svchost.exe</Param><Param>NT AUTHORITY\NETWORK SERVICE</Param><Param>tcp</Param><Param>FALSE</Param><Param>FALSE</Param><Param>167.220.238.133</Param><Param>-</Param><Param>58964</Param><Param>-</Param><Param>FALSE</Param><Param>10.0.0.4</Param><Param>-</Param><Param>3389</Param><Param>-</Param>","<DataItem type=""System.XmlData"" time=""2023-10-17T16:35:44.8859803+05:30"" sourceHealthServiceId=""F57C2BCF-DE2B-DA7F-FD91-0649DF501A73""><EventData xmlns=""http://schemas.microsoft.com/win/2004/08/events/event""><Data Name=""RuleName"">technique_id=T1021,technique_name=Remote Services</Data><Data Name=""UtcTime"">2023-10-17 11:05:42.638</Data><Data Name=""ProcessGuid"">{8CAD0A01-2543-652E-1100-000000000800}</Data><Data Name=""ProcessId"">940</Data><Data Name=""Image"">C:\Windows\System32\svchost.exe</Data><Data Name=""User"">NT AUTHORITY\NETWORK SERVICE</Data><Data Name=""Protocol"">tcp</Data><Data Name=""Initiated"">false</Data><Data Name=""SourceIsIpv6"">false</Data><Data Name=""SourceIp"">167.220.238.133</Data><Data Name=""SourceHostname"">-</Data><Data Name=""SourcePort"">58964</Data><Data Name=""SourcePortName"">-</Data><Data Name=""DestinationIsIpv6"">false</Data><Data Name=""DestinationIp"">10.0.0.4</Data><Data Name=""DestinationHostname"">-</Data><Data Name=""DestinationPort"">3389</Data><Data Name=""DestinationPortName"">-</Data></EventData></DataItem>",3,"Network connection detected: RuleName: technique_id=T1021,technique_name=Remote Services UtcTime: 2023-10-17 11:05:42.638 ProcessGuid: {8CAD0A01-2543-652E-1100-000000000800} ProcessId: 940 Image: C:\Windows\System32\svchost.exe User: NT AUTHORITY\NETWORK SERVICE Protocol: tcp Initiated: FALSE SourceIsIpv6: FALSE SourceIp: 167.220.238.133 SourceHostname: - SourcePort: 58964 SourcePortName: - DestinationIsIpv6: FALSE DestinationIp: 10.0.0.4 DestinationHostname: - DestinationPort: 3389 DestinationPortName: - ","00000000-0000-0000-0000-000000000001","AOI-46bec743-35fa-4608-b7e2-2aa3c38a97c2",,,Event,"/subscriptions/4383ac89-7cd1-48c1-8061-b0b3c5ccfd97/resourcegroups/varunlab-rg/providers/microsoft.compute/virtualmachines/windowseventlogs"
"46bec743-35fa-4608-b7e2-2aa3c38a97c2",OpsManager,"11/14/2023, 5:31:07.575 PM","Microsoft-Windows-Sysmon","Microsoft-Windows-Sysmon/Operational",WindowsEventLog,3,4,Information,"NT AUTHORITY\SYSTEM",,"<Param>technique_id=T1021,technique_name=Remote Services</Param><Param>2023-11-14 12:01:06.498</Param><Param>{8CAD0A01-6117-6553-1700-000000000B00}</Param><Param>1292</Param><Param>C:\Windows\System32\svchost.exe</Param><Param>NT AUTHORITY\NETWORK SERVICE</Param><Param>tcp</Param><Param>TRUE</Param><Param>TRUE</Param><Param>fe80:0:0:0:d024:56ce:c156:9dae</Param><Param>-</Param><Param>49749</Param><Param>-</Param><Param>TRUE</Param><Param>fe80:0:0:0:d024:56ce:c156:9dae</Param><Param>-</Param><Param>5985</Param><Param>-</Param>","<DataItem type=""System.XmlData"" time=""2023-11-14T17:31:07.5753989+05:30"" sourceHealthServiceId=""F57C2BCF-DE2B-DA7F-FD91-0649DF501A73""><EventData xmlns=""http://schemas.microsoft.com/win/2004/08/events/event""><Data Name=""RuleName"">technique_id=T1021,technique_name=Remote Services</Data><Data Name=""UtcTime"">2023-11-14 12:01:06.498</Data><Data Name=""ProcessGuid"">{8CAD0A01-6117-6553-1700-000000000B00}</Data><Data Name=""ProcessId"">1292</Data><Data Name=""Image"">C:\Windows\System32\svchost.exe</Data><Data Name=""User"">NT AUTHORITY\NETWORK SERVICE</Data><Data Name=""Protocol"">tcp</Data><Data Name=""Initiated"">true</Data><Data Name=""SourceIsIpv6"">true</Data><Data Name=""SourceIp"">fe80:0:0:0:d024:56ce:c156:9dae</Data><Data Name=""SourceHostname"">-</Data><Data Name=""SourcePort"">49749</Data><Data Name=""SourcePortName"">-</Data><Data Name=""DestinationIsIpv6"">true</Data><Data Name=""DestinationIp"">fe80:0:0:0:d024:56ce:c156:9dae</Data><Data Name=""DestinationHostname"">-</Data><Data Name=""DestinationPort"">5985</Data><Data Name=""DestinationPortName"">-</Data></EventData></DataItem>",3,"Network connection detected: RuleName: technique_id=T1021,technique_name=Remote Services UtcTime: 2023-11-14 12:01:06.498 ProcessGuid: {8CAD0A01-6117-6553-1700-000000000B00} ProcessId: 1292 Image: C:\Windows\System32\svchost.exe User: NT AUTHORITY\NETWORK SERVICE Protocol: tcp Initiated: TRUE SourceIsIpv6: TRUE SourceIp: fe80:0:0:0:d024:56ce:c156:9dae SourceHostname: - SourcePort: 49749 SourcePortName: - DestinationIsIpv6: TRUE DestinationIp: fe80:0:0:0:d024:56ce:c156:9dae DestinationHostname: - DestinationPort: 5985 DestinationPortName: - ","00000000-0000-0000-0000-000000000001","AOI-46bec743-35fa-4608-b7e2-2aa3c38a97c2",,,Event,"/subscriptions/4383ac89-7cd1-48c1-8061-b0b3c5ccfd97/resourcegroups/varunlab-rg/providers/microsoft.compute/virtualmachines/windowseventlogs"
"46bec743-35fa-4608-b7e2-2aa3c38a97c2",OpsManager,"11/14/2023, 5:31:07.575 PM","Microsoft-Windows-Sysmon","Microsoft-Windows-Sysmon/Operational",WindowsEventLog,3,4,Information,"NT AUTHORITY\SYSTEM",,"<Param>technique_id=T1021,technique_name=Remote Services</Param><Param>2023-11-14 12:01:06.498</Param><Param>{8CAD0A01-610F-6553-EB03-000000000000}</Param><Param>4</Param><Param>System</Param><Param>NT AUTHORITY\SYSTEM</Param><Param>tcp</Param><Param>FALSE</Param><Param>TRUE</Param><Param>fe80:0:0:0:d024:56ce:c156:9dae</Param><Param>-</Param><Param>49749</Param><Param>-</Param><Param>TRUE</Param><Param>fe80:0:0:0:d024:56ce:c156:9dae</Param><Param>-</Param><Param>5985</Param><Param>-</Param>","<DataItem type=""System.XmlData"" time=""2023-11-14T17:31:07.5754249+05:30"" sourceHealthServiceId=""F57C2BCF-DE2B-DA7F-FD91-0649DF501A73""><EventData xmlns=""http://schemas.microsoft.com/win/2004/08/events/event""><Data Name=""RuleName"">technique_id=T1021,technique_name=Remote Services</Data><Data Name=""UtcTime"">2023-11-14 12:01:06.498</Data><Data Name=""ProcessGuid"">{8CAD0A01-610F-6553-EB03-000000000000}</Data><Data Name=""ProcessId"">4</Data><Data Name=""Image"">System</Data><Data Name=""User"">NT AUTHORITY\SYSTEM</Data><Data Name=""Protocol"">tcp</Data><Data Name=""Initiated"">false</Data><Data Name=""SourceIsIpv6"">true</Data><Data Name=""SourceIp"">fe80:0:0:0:d024:56ce:c156:9dae</Data><Data Name=""SourceHostname"">-</Data><Data Name=""SourcePort"">49749</Data><Data Name=""SourcePortName"">-</Data><Data Name=""DestinationIsIpv6"">true</Data><Data Name=""DestinationIp"">fe80:0:0:0:d024:56ce:c156:9dae</Data><Data Name=""DestinationHostname"">-</Data><Data Name=""DestinationPort"">5985</Data><Data Name=""DestinationPortName"">-</Data></EventData></DataItem>",3,"Network connection detected: RuleName: technique_id=T1021,technique_name=Remote Services UtcTime: 2023-11-14 12:01:06.498 ProcessGuid: {8CAD0A01-610F-6553-EB03-000000000000} ProcessId: 4 Image: System User: NT AUTHORITY\SYSTEM Protocol: tcp Initiated: FALSE SourceIsIpv6: TRUE SourceIp: fe80:0:0:0:d024:56ce:c156:9dae SourceHostname: - SourcePort: 49749 SourcePortName: - DestinationIsIpv6: TRUE DestinationIp: fe80:0:0:0:d024:56ce:c156:9dae DestinationHostname: - DestinationPort: 5985 DestinationPortName: - ","00000000-0000-0000-0000-000000000001","AOI-46bec743-35fa-4608-b7e2-2aa3c38a97c2",,,Event,"/subscriptions/4383ac89-7cd1-48c1-8061-b0b3c5ccfd97/resourcegroups/varunlab-rg/providers/microsoft.compute/virtualmachines/windowseventlogs"
"46bec743-35fa-4608-b7e2-2aa3c38a97c2",OpsManager,"11/14/2023, 5:31:07.841 PM","Microsoft-Windows-Sysmon","Microsoft-Windows-Sysmon/Operational",WindowsEventLog,3,4,Information,"NT AUTHORITY\SYSTEM",,"<Param>technique_id=T1543.003,technique_name=Windows Service</Param><Param>2023-11-14 12:01:06.782</Param><Param>{8CAD0A01-6163-6553-AE00-000000000B00}</Param><Param>5944</Param><Param>C:\Windows\System32\mmc.exe</Param><Param>WindowsEventLog\labadmin</Param><Param>tcp</Param><Param>TRUE</Param><Param>TRUE</Param><Param>0:0:0:0:0:0:0:1</Param><Param>-</Param><Param>49750</Param><Param>-</Param><Param>TRUE</Param><Param>0:0:0:0:0:0:0:1</Param><Param>-</Param><Param>47001</Param><Param>-</Param>","<DataItem type=""System.XmlData"" time=""2023-11-14T17:31:07.8410015+05:30"" sourceHealthServiceId=""F57C2BCF-DE2B-DA7F-FD91-0649DF501A73""><EventData xmlns=""http://schemas.microsoft.com/win/2004/08/events/event""><Data Name=""RuleName"">technique_id=T1543.003,technique_name=Windows Service</Data><Data Name=""UtcTime"">2023-11-14 12:01:06.782</Data><Data Name=""ProcessGuid"">{8CAD0A01-6163-6553-AE00-000000000B00}</Data><Data Name=""ProcessId"">5944</Data><Data Name=""Image"">C:\Windows\System32\mmc.exe</Data><Data Name=""User"">WindowsEventLog\labadmin</Data><Data Name=""Protocol"">tcp</Data><Data Name=""Initiated"">true</Data><Data Name=""SourceIsIpv6"">true</Data><Data Name=""SourceIp"">0:0:0:0:0:0:0:1</Data><Data Name=""SourceHostname"">-</Data><Data Name=""SourcePort"">49750</Data><Data Name=""SourcePortName"">-</Data><Data Name=""DestinationIsIpv6"">true</Data><Data Name=""DestinationIp"">0:0:0:0:0:0:0:1</Data><Data Name=""DestinationHostname"">-</Data><Data Name=""DestinationPort"">47001</Data><Data Name=""DestinationPortName"">-</Data></EventData></DataItem>",3,"Network connection detected: RuleName: technique_id=T1543.003,technique_name=Windows Service UtcTime: 2023-11-14 12:01:06.782 ProcessGuid: {8CAD0A01-6163-6553-AE00-000000000B00} ProcessId: 5944 Image: C:\Windows\System32\mmc.exe User: WindowsEventLog\labadmin Protocol: tcp Initiated: TRUE SourceIsIpv6: TRUE SourceIp: 0:0:0:0:0:0:0:1 SourceHostname: - SourcePort: 49750 SourcePortName: - DestinationIsIpv6: TRUE DestinationIp: 0:0:0:0:0:0:0:1 DestinationHostname: - DestinationPort: 47001 DestinationPortName: - ","00000000-0000-0000-0000-000000000001","AOI-46bec743-35fa-4608-b7e2-2aa3c38a97c2",,,Event,"/subscriptions/4383ac89-7cd1-48c1-8061-b0b3c5ccfd97/resourcegroups/varunlab-rg/providers/microsoft.compute/virtualmachines/windowseventlogs"
"46bec743-35fa-4608-b7e2-2aa3c38a97c2",OpsManager,"11/14/2023, 5:29:54.551 PM","Microsoft-Windows-Sysmon","Microsoft-Windows-Sysmon/Operational",WindowsEventLog,3,4,Information,"NT AUTHORITY\SYSTEM","LCID;1033	Locale;ENU	Message;Network connection detected:%nRuleName: %1!s!%nUtcTime: %2!s!%nProcessGuid: %3!s!%nProcessId: %4!s!%nImage: %5!s!%nUser: %6!s!%nProtocol: %7!s!%nInitiated: %8!s!%nSourceIsIpv6: %9!s!%nSourceIp: %10!s!%nSourceHostname: %11!s!%nSourcePort: %12!s!%nSourcePortName: %13!s!%nDestinationIsIpv6: %14!s!%nDestinationIp: %15!s!%nDestinationHostname: %16!s!%nDestinationPort: %17!s!%nDestinationPortName: %18!s! 	","<Param>technique_id=T1021,technique_name=Remote Services</Param><Param>2023-11-14 11:59:52.824</Param><Param>{8CAD0A01-6116-6553-1000-000000000B00}</Param><Param>960</Param><Param>C:\Windows\System32\svchost.exe</Param><Param>NT AUTHORITY\NETWORK SERVICE</Param><Param>tcp</Param><Param>FALSE</Param><Param>FALSE</Param><Param>167.220.238.76</Param><Param>-</Param><Param>34672</Param><Param>-</Param><Param>FALSE</Param><Param>10.0.0.4</Param><Param>-</Param><Param>3389</Param><Param>-</Param>","<DataItem type=""System.XmlData"" time=""2023-11-14T17:29:54.5515486+05:30"" sourceHealthServiceId=""F57C2BCF-DE2B-DA7F-FD91-0649DF501A73""><EventData xmlns=""http://schemas.microsoft.com/win/2004/08/events/event""><Data Name=""RuleName"">technique_id=T1021,technique_name=Remote Services</Data><Data Name=""UtcTime"">2023-11-14 11:59:52.824</Data><Data Name=""ProcessGuid"">{8CAD0A01-6116-6553-1000-000000000B00}</Data><Data Name=""ProcessId"">960</Data><Data Name=""Image"">C:\Windows\System32\svchost.exe</Data><Data Name=""User"">NT AUTHORITY\NETWORK SERVICE</Data><Data Name=""Protocol"">tcp</Data><Data Name=""Initiated"">false</Data><Data Name=""SourceIsIpv6"">false</Data><Data Name=""SourceIp"">167.220.238.76</Data><Data Name=""SourceHostname"">-</Data><Data Name=""SourcePort"">34672</Data><Data Name=""SourcePortName"">-</Data><Data Name=""DestinationIsIpv6"">false</Data><Data Name=""DestinationIp"">10.0.0.4</Data><Data Name=""DestinationHostname"">-</Data><Data Name=""DestinationPort"">3389</Data><Data Name=""DestinationPortName"">-</Data></EventData></DataItem>",3,"Network connection detected: RuleName: technique_id=T1021,technique_name=Remote Services UtcTime: 2023-11-14 11:59:52.824 ProcessGuid: {8CAD0A01-6116-6553-1000-000000000B00} ProcessId: 960 Image: C:\Windows\System32\svchost.exe User: NT AUTHORITY\NETWORK SERVICE Protocol: tcp Initiated: FALSE SourceIsIpv6: FALSE SourceIp: 167.220.238.76 SourceHostname: - SourcePort: 34672 SourcePortName: - DestinationIsIpv6: FALSE DestinationIp: 10.0.0.4 DestinationHostname: - DestinationPort: 3389 DestinationPortName: - ","00000000-0000-0000-0000-000000000001","AOI-46bec743-35fa-4608-b7e2-2aa3c38a97c2",,,Event,"/subscriptions/4383ac89-7cd1-48c1-8061-b0b3c5ccfd97/resourcegroups/varunlab-rg/providers/microsoft.compute/virtualmachines/windowseventlogs"
"46bec743-35fa-4608-b7e2-2aa3c38a97c2",OpsManager,"11/27/2023, 12:56:10.566 PM","Microsoft-Windows-Sysmon","Microsoft-Windows-Sysmon/Operational",WindowsEventLog,3,4,Information,"NT AUTHORITY\SYSTEM","LCID;1033	Locale;ENU	Message;Network connection detected:%nRuleName: %1!s!%nUtcTime: %2!s!%nProcessGuid: %3!s!%nProcessId: %4!s!%nImage: %5!s!%nUser: %6!s!%nProtocol: %7!s!%nInitiated: %8!s!%nSourceIsIpv6: %9!s!%nSourceIp: %10!s!%nSourceHostname: %11!s!%nSourcePort: %12!s!%nSourcePortName: %13!s!%nDestinationIsIpv6: %14!s!%nDestinationIp: %15!s!%nDestinationHostname: %16!s!%nDestinationPort: %17!s!%nDestinationPortName: %18!s! 	","<Param>technique_id=T1021,technique_name=Remote Services</Param><Param>2023-11-27 07:26:08.336</Param><Param>{8CAD0A01-4444-6564-1100-000000001300}</Param><Param>940</Param><Param>C:\Windows\System32\svchost.exe</Param><Param>NT AUTHORITY\NETWORK SERVICE</Param><Param>tcp</Param><Param>FALSE</Param><Param>FALSE</Param><Param>20.24.150.112</Param><Param>-</Param><Param>53441</Param><Param>-</Param><Param>FALSE</Param><Param>10.0.0.4</Param><Param>-</Param><Param>3389</Param><Param>-</Param>","<DataItem type=""System.XmlData"" time=""2023-11-27T12:56:10.5663216+05:30"" sourceHealthServiceId=""F57C2BCF-DE2B-DA7F-FD91-0649DF501A73""><EventData xmlns=""http://schemas.microsoft.com/win/2004/08/events/event""><Data Name=""RuleName"">technique_id=T1021,technique_name=Remote Services</Data><Data Name=""UtcTime"">2023-11-27 07:26:08.336</Data><Data Name=""ProcessGuid"">{8CAD0A01-4444-6564-1100-000000001300}</Data><Data Name=""ProcessId"">940</Data><Data Name=""Image"">C:\Windows\System32\svchost.exe</Data><Data Name=""User"">NT AUTHORITY\NETWORK SERVICE</Data><Data Name=""Protocol"">tcp</Data><Data Name=""Initiated"">false</Data><Data Name=""SourceIsIpv6"">false</Data><Data Name=""SourceIp"">20.24.150.112</Data><Data Name=""SourceHostname"">-</Data><Data Name=""SourcePort"">53441</Data><Data Name=""SourcePortName"">-</Data><Data Name=""DestinationIsIpv6"">false</Data><Data Name=""DestinationIp"">10.0.0.4</Data><Data Name=""DestinationHostname"">-</Data><Data Name=""DestinationPort"">3389</Data><Data Name=""DestinationPortName"">-</Data></EventData></DataItem>",3,"Network connection detected: RuleName: technique_id=T1021,technique_name=Remote Services UtcTime: 2023-11-27 07:26:08.336 ProcessGuid: {8CAD0A01-4444-6564-1100-000000001300} ProcessId: 940 Image: C:\Windows\System32\svchost.exe User: NT AUTHORITY\NETWORK SERVICE Protocol: tcp Initiated: FALSE SourceIsIpv6: FALSE SourceIp: 20.24.150.112 SourceHostname: - SourcePort: 53441 SourcePortName: - DestinationIsIpv6: FALSE DestinationIp: 10.0.0.4 DestinationHostname: - DestinationPort: 3389 DestinationPortName: - ","00000000-0000-0000-0000-000000000001","AOI-46bec743-35fa-4608-b7e2-2aa3c38a97c2",,,Event,"/subscriptions/4383ac89-7cd1-48c1-8061-b0b3c5ccfd97/resourcegroups/varunlab-rg/providers/microsoft.compute/virtualmachines/windowseventlogs"
"46bec743-35fa-4608-b7e2-2aa3c38a97c2",OpsManager,"11/27/2023, 1:06:20.150 PM","Microsoft-Windows-Sysmon","Microsoft-Windows-Sysmon/Operational",WindowsEventLog,3,4,Information,"NT AUTHORITY\SYSTEM",,"<Param>technique_id=T1021,technique_name=Remote Services</Param><Param>2023-11-27 07:36:18.991</Param><Param>{8CAD0A01-4444-6564-1100-000000001300}</Param><Param>940</Param><Param>C:\Windows\System32\svchost.exe</Param><Param>NT AUTHORITY\NETWORK SERVICE</Param><Param>tcp</Param><Param>FALSE</Param><Param>FALSE</Param><Param>20.24.150.112</Param><Param>-</Param><Param>53442</Param><Param>-</Param><Param>FALSE</Param><Param>10.0.0.4</Param><Param>-</Param><Param>3389</Param><Param>-</Param>","<DataItem type=""System.XmlData"" time=""2023-11-27T13:06:20.1502627+05:30"" sourceHealthServiceId=""F57C2BCF-DE2B-DA7F-FD91-0649DF501A73""><EventData xmlns=""http://schemas.microsoft.com/win/2004/08/events/event""><Data Name=""RuleName"">technique_id=T1021,technique_name=Remote Services</Data><Data Name=""UtcTime"">2023-11-27 07:36:18.991</Data><Data Name=""ProcessGuid"">{8CAD0A01-4444-6564-1100-000000001300}</Data><Data Name=""ProcessId"">940</Data><Data Name=""Image"">C:\Windows\System32\svchost.exe</Data><Data Name=""User"">NT AUTHORITY\NETWORK SERVICE</Data><Data Name=""Protocol"">tcp</Data><Data Name=""Initiated"">false</Data><Data Name=""SourceIsIpv6"">false</Data><Data Name=""SourceIp"">20.24.150.112</Data><Data Name=""SourceHostname"">-</Data><Data Name=""SourcePort"">53442</Data><Data Name=""SourcePortName"">-</Data><Data Name=""DestinationIsIpv6"">false</Data><Data Name=""DestinationIp"">10.0.0.4</Data><Data Name=""DestinationHostname"">-</Data><Data Name=""DestinationPort"">3389</Data><Data Name=""DestinationPortName"">-</Data></EventData></DataItem>",3,"Network connection detected: RuleName: technique_id=T1021,technique_name=Remote Services UtcTime: 2023-11-27 07:36:18.991 ProcessGuid: {8CAD0A01-4444-6564-1100-000000001300} ProcessId: 940 Image: C:\Windows\System32\svchost.exe User: NT AUTHORITY\NETWORK SERVICE Protocol: tcp Initiated: FALSE SourceIsIpv6: FALSE SourceIp: 20.24.150.112 SourceHostname: - SourcePort: 53442 SourcePortName: - DestinationIsIpv6: FALSE DestinationIp: 10.0.0.4 DestinationHostname: - DestinationPort: 3389 DestinationPortName: - ","00000000-0000-0000-0000-000000000001","AOI-46bec743-35fa-4608-b7e2-2aa3c38a97c2",,,Event,"/subscriptions/4383ac89-7cd1-48c1-8061-b0b3c5ccfd97/resourcegroups/varunlab-rg/providers/microsoft.compute/virtualmachines/windowseventlogs"
"46bec743-35fa-4608-b7e2-2aa3c38a97c2",OpsManager,"11/27/2023, 12:57:01.729 PM","Microsoft-Windows-Sysmon","Microsoft-Windows-Sysmon/Operational",WindowsEventLog,3,4,Information,"NT AUTHORITY\SYSTEM",,"<Param>technique_id=T1021,technique_name=Remote Services</Param><Param>2023-11-27 07:27:00.652</Param><Param>{8CAD0A01-4446-6564-1700-000000001300}</Param><Param>1308</Param><Param>C:\Windows\System32\svchost.exe</Param><Param>NT AUTHORITY\NETWORK SERVICE</Param><Param>tcp</Param><Param>TRUE</Param><Param>TRUE</Param><Param>fe80:0:0:0:d024:56ce:c156:9dae</Param><Param>-</Param><Param>49738</Param><Param>-</Param><Param>TRUE</Param><Param>fe80:0:0:0:d024:56ce:c156:9dae</Param><Param>-</Param><Param>5985</Param><Param>-</Param>","<DataItem type=""System.XmlData"" time=""2023-11-27T12:57:01.7293666+05:30"" sourceHealthServiceId=""F57C2BCF-DE2B-DA7F-FD91-0649DF501A73""><EventData xmlns=""http://schemas.microsoft.com/win/2004/08/events/event""><Data Name=""RuleName"">technique_id=T1021,technique_name=Remote Services</Data><Data Name=""UtcTime"">2023-11-27 07:27:00.652</Data><Data Name=""ProcessGuid"">{8CAD0A01-4446-6564-1700-000000001300}</Data><Data Name=""ProcessId"">1308</Data><Data Name=""Image"">C:\Windows\System32\svchost.exe</Data><Data Name=""User"">NT AUTHORITY\NETWORK SERVICE</Data><Data Name=""Protocol"">tcp</Data><Data Name=""Initiated"">true</Data><Data Name=""SourceIsIpv6"">true</Data><Data Name=""SourceIp"">fe80:0:0:0:d024:56ce:c156:9dae</Data><Data Name=""SourceHostname"">-</Data><Data Name=""SourcePort"">49738</Data><Data Name=""SourcePortName"">-</Data><Data Name=""DestinationIsIpv6"">true</Data><Data Name=""DestinationIp"">fe80:0:0:0:d024:56ce:c156:9dae</Data><Data Name=""DestinationHostname"">-</Data><Data Name=""DestinationPort"">5985</Data><Data Name=""DestinationPortName"">-</Data></EventData></DataItem>",3,"Network connection detected: RuleName: technique_id=T1021,technique_name=Remote Services UtcTime: 2023-11-27 07:27:00.652 ProcessGuid: {8CAD0A01-4446-6564-1700-000000001300} ProcessId: 1308 Image: C:\Windows\System32\svchost.exe User: NT AUTHORITY\NETWORK SERVICE Protocol: tcp Initiated: TRUE SourceIsIpv6: TRUE SourceIp: fe80:0:0:0:d024:56ce:c156:9dae SourceHostname: - SourcePort: 49738 SourcePortName: - DestinationIsIpv6: TRUE DestinationIp: fe80:0:0:0:d024:56ce:c156:9dae DestinationHostname: - DestinationPort: 5985 DestinationPortName: - ","00000000-0000-0000-0000-000000000001","AOI-46bec743-35fa-4608-b7e2-2aa3c38a97c2",,,Event,"/subscriptions/4383ac89-7cd1-48c1-8061-b0b3c5ccfd97/resourcegroups/varunlab-rg/providers/microsoft.compute/virtualmachines/windowseventlogs"
