"0b2a9277-f48f-49f6-b78d-d8bfd6dea87a",RestAPI,,,"7/27/2023, 2:20:37.157 PM",,,,,,,,,,,,,,,,,,,1,".",Default,,0,"Microsoft-Windows-DNSServer","eb79061a-a566-4698-9119-3ed2807060e7",261,0,16,"Microsoft-Windows-DNS-Server/Analytical ",4,"Information ",0,2,"RECURSE_QUERY ",9223372036854775840,"7/27/2023, 2:20:34.540 PM",2908,4024,INFO,2,INFO,windns,"NT AUTHORITY",SYSTEM,"S-1-5-18",User,32768,0,"0.0.0.0","150.171.10.39",,"ipv4-weu-oi-ods-cses-f.westeurope.cloudapp.azure.com.",1,56465,0,56465,false,false,false,QUERY,true,NOERROR,false,false,false,"[{""dns.query.name"":""ipv4-weu-oi-ods-cses-f.westeurope.cloudapp.azure.com"",""dns.query.type"":""A"",""dns.query.class"":""IN""}]",0xDC918000000100000006000116697076342D7765752D6F692D6F64732D637365732D660A776573746575726F706508636C6F756461707005617A75726503636F6D0000010001C023000200010000012C0014076E73312D32303109617A7572652D646E73C03DC023000200010000012C0017076E73322D32303109617A7572652D646E73036E657400C023000200010000012C0018086E7331312D32303109617A7572652D646E73036F726700C023000200010000012C0019086E7331322D32303109617A7572652D646E7304696E666F00C023000200010000012C000B086E7331302D323031C07AC023000200010000012C000A076E73392D323031C05A00002904D0000000000000,".","9411b8b3-1a75-42cd-81b7-b98a0e836024","7/27/2023, 2:20:36.167 PM","in_windowsdns_auditanalytics_sentinel_windows","im_etw","172.18.88.20","N/A",,0,0,,,,,,"[{""dns.authority.name"":""westeurope.cloudapp.azure.com"",""dns.authority.type"":""NS"",""dns.authority.class"":""IN"",""dns.authority.ttl"":300,""dns.authority.data"":""ns1-201.azure-dns.com""},{""dns.authority.name"":""westeurope.cloudapp.azure.com"",""dns.authority.type"":""NS"",""dns.authority.class"":""IN"",""dns.authority.ttl"":300,""dns.authority.data"":""ns2-201.azure-dns.net""},{""dns.authority.name"":""westeurope.cloudapp.azure.com"",""dns.authority.type"":""NS"",""dns.authority.class"":""IN"",""dns.authority.ttl"":300,""dns.authority.data"":""ns11-201.azure-dns.org""},{""dns.authority.name"":""westeurope.cloudapp.azure.com"",""dns.authority.type"":""NS"",""dns.authority.class"":""IN"",""dns.authority.ttl"":300,""dns.authority.data"":""ns12-201.azure-dns.info""},{""dns.authority.name"":""westeurope.cloudapp.azure.com"",""dns.authority.type"":""NS"",""dns.authority.class"":""IN"",""dns.authority.ttl"":300,""dns.authority.data"":""ns10-201.azure-dns.net""},{""dns.authority.name"":""westeurope.cloudapp.azure.com"",""dns.authority.type"":""NS"",""dns.authority.class"":""IN"",""dns.authority.ttl"":300,""dns.authority.data"":""ns9-201.azure-dns.com""}]",,,"NXLog_DNS_Server_CL",
"0b2a9277-f48f-49f6-b78d-d8bfd6dea87a",RestAPI,,,"7/27/2023, 2:20:37.157 PM",,,,,,,,,,,,,,,,,,62187,,".",Default,,,"Microsoft-Windows-DNSServer","eb79061a-a566-4698-9119-3ed2807060e7",260,0,16,"Microsoft-Windows-DNS-Server/Analytical ",4,"Information ",0,2,"RECURSE_QUERY ",9223372036854775824,"7/27/2023, 2:20:34.540 PM",2908,4024,INFO,2,INFO,windns,"NT AUTHORITY",SYSTEM,"S-1-5-18",User,0,0,"0.0.0.0",,0,"ipv4-weu-oi-ods-cses-f.westeurope.cloudapp.azure.com.",1,32572,0,32572,false,false,false,QUERY,false,NOERROR,false,false,false,"[{""dns.query.name"":""ipv4-weu-oi-ods-cses-f.westeurope.cloudapp.azure.com"",""dns.query.type"":""A"",""dns.query.class"":""IN""}]",0x7F3C0000000100000000000116697076342D7765752D6F692D6F64732D637365732D660A776573746575726F706508636C6F756461707005617A75726503636F6D00000100010000290FA0000000000000,".","9411b8b3-1a75-42cd-81b7-b98a0e836024","7/27/2023, 2:20:36.167 PM","in_windowsdns_auditanalytics_sentinel_windows","im_etw","172.18.88.20","N/A","150.171.10.201",,,,,,,NULL,,,,"NXLog_DNS_Server_CL",
"0b2a9277-f48f-49f6-b78d-d8bfd6dea87a",RestAPI,,,"7/27/2023, 2:20:37.157 PM",,,,,,,,,,,,,,,,,,,,,,,,"Microsoft-Windows-DNSServer","eb79061a-a566-4698-9119-3ed2807060e7",256,0,16,"Microsoft-Windows-DNS-Server/Analytical ",4,"Information ",0,1,"LOOK_UP ",9223372036854775809,"7/27/2023, 2:20:34.566 PM",2908,4024,INFO,2,INFO,windns,"NT AUTHORITY",SYSTEM,"S-1-5-18",User,256,0,"172.18.88.20","172.18.88.20",1,"0b2a9277-f48f-49f6-b78d-d8bfd6dea87a.ods.opinsights.azure.com.",1,62187,62506,62187,true,false,false,QUERY,false,NOERROR,false,false,false,"[{""dns.query.name"":""0b2a9277-f48f-49f6-b78d-d8bfd6dea87a.ods.opinsights.azure.com"",""dns.query.type"":""A"",""dns.query.class"":""IN""}]",0xF2EB010000010000000000002430623261393237372D663438662D343966362D623738642D643862666436646561383761036F64730A6F70696E73696768747305617A75726503636F6D0000010001,".","ac2eb8a6-a170-4f62-ae0c-ed61ed14361a","7/27/2023, 2:20:36.167 PM","in_windowsdns_auditanalytics_sentinel_windows","im_etw","172.18.88.20","N/A",,,,,,,,,,,,"NXLog_DNS_Server_CL",
"0b2a9277-f48f-49f6-b78d-d8bfd6dea87a",RestAPI,,,"7/27/2023, 2:20:37.157 PM",,,,,,,,,,,,,,,,,,,,,,,,"Microsoft-Windows-DNSServer","eb79061a-a566-4698-9119-3ed2807060e7",279,0,16,"Microsoft-Windows-DNS-Server/Analytical ",4,"Information ",0,1,"LOOK_UP ",9223372071214514176,"7/27/2023, 2:20:34.566 PM",2908,4024,INFO,2,INFO,windns,"NT AUTHORITY",SYSTEM,"S-1-5-18",User,33152,0,"172.18.88.20","172.18.88.20",1,"opinsightsweuods.trafficmanager.net.",1,62187,62506,62187,true,false,false,QUERY,true,NOERROR,false,false,true,"[{""dns.query.name"":""0b2a9277-f48f-49f6-b78d-d8bfd6dea87a.ods.opinsights.azure.com"",""dns.query.type"":""A"",""dns.query.class"":""IN""}]",0xF2EB818000010001000000002430623261393237372D663438662D343966362D623738642D643862666436646561383761036F64730A6F70696E73696768747305617A75726503636F6D0000010001,,,"7/27/2023, 2:20:36.167 PM","in_windowsdns_auditanalytics_sentinel_windows","im_etw","172.18.88.20","N/A",,,,,,,,,,,"N/A","NXLog_DNS_Server_CL",
"0b2a9277-f48f-49f6-b78d-d8bfd6dea87a",RestAPI,,,"7/27/2023, 2:20:37.157 PM",,,,,,,,,,,,,,,,,,,,,,,,"Microsoft-Windows-DNSServer","eb79061a-a566-4698-9119-3ed2807060e7",279,0,16,"Microsoft-Windows-DNS-Server/Analytical ",4,"Information ",0,1,"LOOK_UP ",9223372071214514176,"7/27/2023, 2:20:34.566 PM",2908,4024,INFO,2,INFO,windns,"NT AUTHORITY",SYSTEM,"S-1-5-18",User,33152,0,"172.18.88.20","172.18.88.20",1,"ipv4-weu-oi-ods-cses-f.westeurope.cloudapp.azure.com.",1,62187,62506,62187,true,false,false,QUERY,true,NOERROR,false,false,true,"[{""dns.query.name"":""0b2a9277-f48f-49f6-b78d-d8bfd6dea87a.ods.opinsights.azure.com"",""dns.query.type"":""A"",""dns.query.class"":""IN""}]",0xF2EB818000010002000000002430623261393237372D663438662D343966362D623738642D643862666436646561383761036F64730A6F70696E73696768747305617A75726503636F6D0000010001,,,"7/27/2023, 2:20:36.173 PM","in_windowsdns_auditanalytics_sentinel_windows","im_etw","172.18.88.20","N/A",,,,,,,,,,,"N/A","NXLog_DNS_Server_CL",
"0b2a9277-f48f-49f6-b78d-d8bfd6dea87a",RestAPI,,,"7/27/2023, 2:20:37.157 PM",,,,,,,,,,,,,,,,,,,2,".",Default,"[{""dns.answer.name"":""ipv4-weu-oi-ods-cses-f.westeurope.cloudapp.azure.com"",""dns.answer.type"":""A"",""dns.answer.class"":""IN"",""dns.answer.ttl"":10,""dns.answer.data"":""13.69.65.29""}]",0,"Microsoft-Windows-DNSServer","eb79061a-a566-4698-9119-3ed2807060e7",261,0,16,"Microsoft-Windows-DNS-Server/Analytical ",4,"Information ",0,2,"RECURSE_QUERY ",9223372036854775840,"7/27/2023, 2:20:34.567 PM",2908,4024,INFO,2,INFO,windns,"NT AUTHORITY",SYSTEM,"S-1-5-18",User,33792,0,"0.0.0.0","150.171.10.201",,"ipv4-weu-oi-ods-cses-f.westeurope.cloudapp.azure.com.",1,32572,0,32572,false,false,true,QUERY,true,NOERROR,false,false,false,"[{""dns.query.name"":""ipv4-weu-oi-ods-cses-f.westeurope.cloudapp.azure.com"",""dns.query.type"":""A"",""dns.query.class"":""IN""}]",0x7F3C8400000100010000000116697076342D7765752D6F692D6F64732D637365732D660A776573746575726F706508636C6F756461707005617A75726503636F6D0000010001C00C000100010000000A00040D45411D00002904D0000000000000,".","9411b8b3-1a75-42cd-81b7-b98a0e836024","7/27/2023, 2:20:36.175 PM","in_windowsdns_auditanalytics_sentinel_windows","im_etw","172.18.88.20","N/A",,1,0,,,,,,,,,"NXLog_DNS_Server_CL",
"0b2a9277-f48f-49f6-b78d-d8bfd6dea87a",RestAPI,,,"7/27/2023, 2:20:37.157 PM",,,,,,,,,,,,,,,,,,,,,,"[{""dns.answer.name"":""0b2a9277-f48f-49f6-b78d-d8bfd6dea87a.ods.opinsights.azure.com"",""dns.answer.type"":""CNAME"",""dns.answer.class"":""IN"",""dns.answer.ttl"":67,""dns.answer.data"":""opinsightsweuods.trafficmanager.net""},{""dns.answer.name"":""opinsightsweuods.trafficmanager.net"",""dns.answer.type"":""CNAME"",""dns.answer.class"":""IN"",""dns.answer.ttl"":67,""dns.answer.data"":""ipv4-weu-oi-ods-cses-f.westeurope.cloudapp.azure.com""},{""dns.answer.name"":""ipv4-weu-oi-ods-cses-f.westeurope.cloudapp.azure.com"",""dns.answer.type"":""A"",""dns.answer.class"":""IN"",""dns.answer.ttl"":10,""dns.answer.data"":""13.69.65.29""}]",,"Microsoft-Windows-DNSServer","eb79061a-a566-4698-9119-3ed2807060e7",257,0,16,"Microsoft-Windows-DNS-Server/Analytical ",4,"Information ",0,1,"LOOK_UP ",9223372036854775810,"7/27/2023, 2:20:34.567 PM",2908,4024,INFO,2,INFO,windns,"NT AUTHORITY",SYSTEM,"S-1-5-18",User,33152,0,"172.18.88.20",,,"0b2a9277-f48f-49f6-b78d-d8bfd6dea87a.ods.opinsights.azure.com.",1,62187,62506,62187,true,false,false,QUERY,true,NOERROR,false,false,true,"[{""dns.query.name"":""0b2a9277-f48f-49f6-b78d-d8bfd6dea87a.ods.opinsights.azure.com"",""dns.query.type"":""A"",""dns.query.class"":""IN""}]",0xF2EB818000010003000000002430623261393237372D663438662D343966362D623738642D643862666436646561383761036F64730A6F70696E73696768747305617A75726503636F6D0000010001C00C00050001000000430025106F70696E7369676874737765756F64730E747261666669636D616E61676572036E657400C05B0005000100000043002D16697076342D7765752D6F692D6F64732D637365732D660A776573746575726F706508636C6F7564617070C040C08C000100010000000A00040D45411D,"VirtualizationInstance:.","9411b8b3-1a75-42cd-81b7-b98a0e836024","7/27/2023, 2:20:36.175 PM","in_windowsdns_auditanalytics_sentinel_windows","im_etw","172.18.88.20","N/A","172.18.88.20",0,0,0,0,Default,"..Cache",NULL,,57,,"NXLog_DNS_Server_CL",
"0b2a9277-f48f-49f6-b78d-d8bfd6dea87a",RestAPI,,,"7/27/2023, 2:20:41.240 PM",,,,,,,,,,,,,,,,,,,,,,,,"Microsoft-Windows-DNSServer","eb79061a-a566-4698-9119-3ed2807060e7",256,0,16,"Microsoft-Windows-DNS-Server/Analytical ",4,"Information ",0,1,"LOOK_UP ",9223372036854775809,"7/27/2023, 2:20:38.757 PM",2908,4028,INFO,2,INFO,windns,"NT AUTHORITY",SYSTEM,"S-1-5-18",User,256,0,"172.18.88.20","172.18.88.20",1,"v10.events.data.microsoft.com.",1,60288,54472,60288,true,false,false,QUERY,false,NOERROR,false,false,false,"[{""dns.query.name"":""v10.events.data.microsoft.com"",""dns.query.type"":""A"",""dns.query.class"":""IN""}]",0xEB800100000100000000000003763130066576656E74730464617461096D6963726F736F667403636F6D0000010001,".","9e255f86-ae39-4829-8b05-651311079cd6","7/27/2023, 2:20:40.785 PM","in_windowsdns_auditanalytics_sentinel_windows","im_etw","172.18.88.20","N/A",,,,,,,,,,,,"NXLog_DNS_Server_CL",
"0b2a9277-f48f-49f6-b78d-d8bfd6dea87a",RestAPI,,,"7/27/2023, 2:20:41.240 PM",,,,,,,,,,,,,,,,,,,,,,,,"Microsoft-Windows-DNSServer","eb79061a-a566-4698-9119-3ed2807060e7",279,0,16,"Microsoft-Windows-DNS-Server/Analytical ",4,"Information ",0,1,"LOOK_UP ",9223372071214514176,"7/27/2023, 2:20:38.757 PM",2908,4028,INFO,2,INFO,windns,"NT AUTHORITY",SYSTEM,"S-1-5-18",User,33152,0,"172.18.88.20","172.18.88.20",1,"win-global-asimov-leafs-events-data.trafficmanager.net.",1,60288,54472,60288,true,false,false,QUERY,true,NOERROR,false,false,true,"[{""dns.query.name"":""v10.events.data.microsoft.com"",""dns.query.type"":""A"",""dns.query.class"":""IN""}]",0xEB808180000100010000000003763130066576656E74730464617461096D6963726F736F667403636F6D0000010001,,,"7/27/2023, 2:20:40.785 PM","in_windowsdns_auditanalytics_sentinel_windows","im_etw","172.18.88.20","N/A",,,,,,,,,,,"N/A","NXLog_DNS_Server_CL",
"0b2a9277-f48f-49f6-b78d-d8bfd6dea87a",RestAPI,,,"7/27/2023, 2:20:41.240 PM",,,,,,,,,,,,,,,,,,,,,,,,"Microsoft-Windows-DNSServer","eb79061a-a566-4698-9119-3ed2807060e7",279,0,16,"Microsoft-Windows-DNS-Server/Analytical ",4,"Information ",0,1,"LOOK_UP ",9223372071214514176,"7/27/2023, 2:20:38.757 PM",2908,4028,INFO,2,INFO,windns,"NT AUTHORITY",SYSTEM,"S-1-5-18",User,33152,0,"172.18.88.20","172.18.88.20",1,"onedscolprduks05.uksouth.cloudapp.azure.com.",1,60288,54472,60288,true,false,false,QUERY,true,NOERROR,false,false,true,"[{""dns.query.name"":""v10.events.data.microsoft.com"",""dns.query.type"":""A"",""dns.query.class"":""IN""}]",0xEB808180000100020000000003763130066576656E74730464617461096D6963726F736F667403636F6D0000010001,,,"7/27/2023, 2:20:40.785 PM","in_windowsdns_auditanalytics_sentinel_windows","im_etw","172.18.88.20","N/A",,,,,,,,,,,"N/A","NXLog_DNS_Server_CL",
"0b2a9277-f48f-49f6-b78d-d8bfd6dea87a",RestAPI,,,"7/27/2023, 2:20:41.240 PM",,,,,,,,,,,,,,,,,,,,,,"[{""dns.answer.name"":""v10.events.data.microsoft.com"",""dns.answer.type"":""CNAME"",""dns.answer.class"":""IN"",""dns.answer.ttl"":22,""dns.answer.data"":""win-global-asimov-leafs-events-data.trafficmanager.net""},{""dns.answer.name"":""win-global-asimov-leafs-events-data.trafficmanager.net"",""dns.answer.type"":""CNAME"",""dns.answer.class"":""IN"",""dns.answer.ttl"":55,""dns.answer.data"":""onedscolprduks05.uksouth.cloudapp.azure.com""},{""dns.answer.name"":""onedscolprduks05.uksouth.cloudapp.azure.com"",""dns.answer.type"":""A"",""dns.answer.class"":""IN"",""dns.answer.ttl"":5,""dns.answer.data"":""51.132.193.105""}]",,"Microsoft-Windows-DNSServer","eb79061a-a566-4698-9119-3ed2807060e7",257,0,16,"Microsoft-Windows-DNS-Server/Analytical ",4,"Information ",0,1,"LOOK_UP ",9223372036854775810,"7/27/2023, 2:20:38.758 PM",2908,4028,INFO,2,INFO,windns,"NT AUTHORITY",SYSTEM,"S-1-5-18",User,33152,0,"172.18.88.20",,,"v10.events.data.microsoft.com.",1,60288,54472,60288,true,false,false,QUERY,true,NOERROR,false,false,true,"[{""dns.query.name"":""v10.events.data.microsoft.com"",""dns.query.type"":""A"",""dns.query.class"":""IN""}]",0xEB808180000100030000000003763130066576656E74730464617461096D6963726F736F667403636F6D0000010001C00C000500010000001600382377696E2D676C6F62616C2D6173696D6F762D6C656166732D6576656E74732D646174610E747261666669636D616E61676572036E657400C03B0005000100000037002A106F6E656473636F6C707264756B73303507756B736F75746808636C6F756461707005617A757265C026C07F000100010000000500043384C169,"VirtualizationInstance:.","9e255f86-ae39-4829-8b05-651311079cd6","7/27/2023, 2:20:40.785 PM","in_windowsdns_auditanalytics_sentinel_windows","im_etw","172.18.88.20","N/A","172.18.88.20",0,0,0,0,Default,"..Cache",NULL,,0,,"NXLog_DNS_Server_CL",
"0b2a9277-f48f-49f6-b78d-d8bfd6dea87a",RestAPI,,,"7/27/2023, 2:20:06.818 PM",,,,,,,,,,,,,,,,,,1,,".",Default,,,"Microsoft-Windows-DNSServer","eb79061a-a566-4698-9119-3ed2807060e7",262,0,16,"Microsoft-Windows-DNS-Server/Analytical ",2,"Error ",0,2,"RECURSE_QUERY ",9223372036854775872,"7/27/2023, 2:20:03.818 PM",2908,3164,ERROR,4,ERROR,windns,"NT AUTHORITY",SYSTEM,"S-1-5-18",User,0,0,"0.0.0.0",,,"a.iana-servers.NET.",1,34348,0,,,,,,,,,,,,,".","00000000-0000-0000-0000-000000000000","7/27/2023, 2:20:05.847 PM","in_windowsdns_auditanalytics_sentinel_windows","im_etw","172.18.88.20","N/A","2001:500:8e::53",,,,,,,,,,,"NXLog_DNS_Server_CL",
"0b2a9277-f48f-49f6-b78d-d8bfd6dea87a",RestAPI,,,"7/27/2023, 2:20:06.818 PM",,,,,,,,,,,,,,,,,,1,,".",Default,,,"Microsoft-Windows-DNSServer","eb79061a-a566-4698-9119-3ed2807060e7",260,0,16,"Microsoft-Windows-DNS-Server/Analytical ",4,"Information ",0,2,"RECURSE_QUERY ",9223372036854775824,"7/27/2023, 2:20:03.822 PM",2908,3164,INFO,2,INFO,windns,"NT AUTHORITY",SYSTEM,"S-1-5-18",User,0,0,"0.0.0.0",,0,"a.iana-servers.NET.",1,34348,0,34348,false,false,false,QUERY,false,NOERROR,false,false,false,"[{""dns.query.name"":""a.iana-servers.NET"",""dns.query.type"":""A"",""dns.query.class"":""IN""}]",0x862C0000000100000000000101610C69616E612D73657276657273034E455400000100010000290FA0000000000000,".","00000000-0000-0000-0000-000000000000","7/27/2023, 2:20:05.847 PM","in_windowsdns_auditanalytics_sentinel_windows","im_etw","172.18.88.20","N/A","199.43.135.53",,,,,,,NULL,,,,"NXLog_DNS_Server_CL",
"0b2a9277-f48f-49f6-b78d-d8bfd6dea87a",RestAPI,,,"7/27/2023, 2:20:06.818 PM",,,,,,,,,,,,,,,,,,1,,".",Default,,,"Microsoft-Windows-DNSServer","eb79061a-a566-4698-9119-3ed2807060e7",260,0,16,"Microsoft-Windows-DNS-Server/Analytical ",4,"Information ",0,2,"RECURSE_QUERY ",9223372036854775824,"7/27/2023, 2:20:03.823 PM",2908,3164,INFO,2,INFO,windns,"NT AUTHORITY",SYSTEM,"S-1-5-18",User,0,0,"0.0.0.0",,0,"a.iana-servers.NET.",1,34348,0,34348,false,false,false,QUERY,false,NOERROR,false,false,false,"[{""dns.query.name"":""a.iana-servers.NET"",""dns.query.type"":""A"",""dns.query.class"":""IN""}]",0x862C0000000100000000000101610C69616E612D73657276657273034E455400000100010000290FA0000000000000,".","00000000-0000-0000-0000-000000000000","7/27/2023, 2:20:05.847 PM","in_windowsdns_auditanalytics_sentinel_windows","im_etw","172.18.88.20","N/A","199.43.134.53",,,,,,,NULL,,,,"NXLog_DNS_Server_CL",
"0b2a9277-f48f-49f6-b78d-d8bfd6dea87a",RestAPI,,,"7/27/2023, 2:20:06.818 PM",,,,,,,,,,,,,,,,,,,4,".",Default,"[{""dns.answer.name"":""a.iana-servers.NET"",""dns.answer.type"":""A"",""dns.answer.class"":""IN"",""dns.answer.ttl"":1800,""dns.answer.data"":""199.43.135.53""}]",0,"Microsoft-Windows-DNSServer","eb79061a-a566-4698-9119-3ed2807060e7",261,0,16,"Microsoft-Windows-DNS-Server/Analytical ",4,"Information ",0,2,"RECURSE_QUERY ",9223372036854775840,"7/27/2023, 2:20:03.942 PM",2908,4024,INFO,2,INFO,windns,"NT AUTHORITY",SYSTEM,"S-1-5-18",User,33792,0,"0.0.0.0","199.43.135.53",,"a.iana-servers.NET.",1,34348,0,34348,false,false,true,QUERY,true,NOERROR,false,false,false,"[{""dns.query.name"":""a.iana-servers.NET"",""dns.query.type"":""A"",""dns.query.class"":""IN""}]",0x862C8400000100010000000101610C69616E612D73657276657273034E45540000010001C00C00010001000007080004C72B87350000291000000000000000,".","00000000-0000-0000-0000-000000000000","7/27/2023, 2:20:05.847 PM","in_windowsdns_auditanalytics_sentinel_windows","im_etw","172.18.88.20","N/A",,1,0,,,,,,,,,"NXLog_DNS_Server_CL",
"0b2a9277-f48f-49f6-b78d-d8bfd6dea87a",RestAPI,,,"7/27/2023, 2:20:06.818 PM",,,,,,,,,,,,,,,,System,,,,,,,,"Microsoft-Windows-DNSServer","eb79061a-a566-4698-9119-3ed2807060e7",258,0,16,"Microsoft-Windows-DNS-Server/Analytical ",2,"Error ",0,1,"LOOK_UP ",9223372036854775812,"7/27/2023, 2:20:03.943 PM",2908,4024,ERROR,4,ERROR,windns,"NT AUTHORITY",SYSTEM,"S-1-5-18",User,33154,0,"172.18.88.20",,,"prisoner.iana.org.",1,13558,59996,13558,true,false,false,QUERY,true,SERVFAIL,false,false,true,"[{""dns.query.name"":""prisoner.iana.org"",""dns.query.type"":""A"",""dns.query.class"":""IN""}]",0x34F68182000100000000000008707269736F6E65720469616E61036F72670000010001,".","ef0c5ee4-49d1-4582-a049-8d2ecabc4805","7/27/2023, 2:20:05.847 PM","in_windowsdns_auditanalytics_sentinel_windows","im_etw","172.18.88.20","N/A","172.18.88.20",,,,2,,"..Cache",NULL,,12256,,"NXLog_DNS_Server_CL",
"0b2a9277-f48f-49f6-b78d-d8bfd6dea87a",RestAPI,,,"7/27/2023, 2:20:06.818 PM",,,,,,,,,,,,,,,,,,,0,".",Default,"[{""dns.answer.name"":""a.iana-servers.net"",""dns.answer.type"":""A"",""dns.answer.class"":""IN"",""dns.answer.ttl"":1800,""dns.answer.data"":""199.43.135.53""}]",0,"Microsoft-Windows-DNSServer","eb79061a-a566-4698-9119-3ed2807060e7",261,0,16,"Microsoft-Windows-DNS-Server/Analytical ",4,"Information ",0,2,"RECURSE_QUERY ",9223372036854775840,"7/27/2023, 2:20:03.977 PM",2908,4028,INFO,2,INFO,windns,"NT AUTHORITY",SYSTEM,"S-1-5-18",User,33792,0,"0.0.0.0","199.43.134.53",,"a.iana-servers.NET.",1,34348,0,34348,false,false,true,QUERY,true,NOERROR,false,false,false,"[{""dns.query.name"":""a.iana-servers.NET"",""dns.query.type"":""A"",""dns.query.class"":""IN""}]",0x862C8400000100010000000101610C69616E612D73657276657273034E4554000001000101610C69616E612D73657276657273036E65740000010001000007080004C72B873500002904D0000000000000,".","00000000-0000-0000-0000-000000000000","7/27/2023, 2:20:05.847 PM","in_windowsdns_auditanalytics_sentinel_windows","im_etw","172.18.88.20","N/A",,1,0,,,,,,,,,"NXLog_DNS_Server_CL",
"0b2a9277-f48f-49f6-b78d-d8bfd6dea87a",RestAPI,,,"7/27/2023, 2:20:06.818 PM",,,,,,,,,,,,,,,,System,,,,,,,,"Microsoft-Windows-DNSServer","eb79061a-a566-4698-9119-3ed2807060e7",259,0,16,"Microsoft-Windows-DNS-Server/Analytical ",2,"Error ",0,1,"LOOK_UP ",9223372036854775816,"7/27/2023, 2:20:03.977 PM",2908,4028,ERROR,4,ERROR,windns,"NT AUTHORITY",SYSTEM,"S-1-5-18",User,"EXTENDED_INFO|IS_64_BIT_HEADER|PROCESSOR_INDEX (577)",0,"0.0.0.0","199.43.134.53",,"a.iana-servers.NET.",1,34348,,,,,,,,,,,,,,".",,"7/27/2023, 2:20:05.847 PM","in_windowsdns_auditanalytics_sentinel_windows","im_etw","172.18.88.20","N/A",,,,,,,NULL,NULL,,,"N/A","NXLog_DNS_Server_CL",
"0b2a9277-f48f-49f6-b78d-d8bfd6dea87a",RestAPI,,,"7/27/2023, 2:22:59.957 PM",,,,,,,,,,,,,,,,,,,,,,,,"Microsoft-Windows-DNSServer","eb79061a-a566-4698-9119-3ed2807060e7",256,0,16,"Microsoft-Windows-DNS-Server/Analytical ",4,"Information ",0,1,"LOOK_UP ",9223372036854775809,"7/27/2023, 2:22:57.358 PM",2908,4028,INFO,2,INFO,windns,"NT AUTHORITY",SYSTEM,"S-1-5-18",User,256,0,"172.18.88.20","172.18.88.20",1,"0b2a9277-f48f-49f6-b78d-d8bfd6dea87a.ods.opinsights.azure.com.",1,610,57919,610,true,false,false,QUERY,false,NOERROR,false,false,false,"[{""dns.query.name"":""0b2a9277-f48f-49f6-b78d-d8bfd6dea87a.ods.opinsights.azure.com"",""dns.query.type"":""A"",""dns.query.class"":""IN""}]",0x0262010000010000000000002430623261393237372D663438662D343966362D623738642D643862666436646561383761036F64730A6F70696E73696768747305617A75726503636F6D0000010001,".","aed66db9-eb00-4472-aef3-e65fdacaa9d6","7/27/2023, 2:22:59.417 PM","in_windowsdns_auditanalytics_sentinel_windows","im_etw","172.18.88.20","N/A",,,,,,,,,,,,"NXLog_DNS_Server_CL",
"0b2a9277-f48f-49f6-b78d-d8bfd6dea87a",RestAPI,,,"7/27/2023, 2:22:59.957 PM",,,,,,,,,,,,,,,,,,610,,".",Default,,,"Microsoft-Windows-DNSServer","eb79061a-a566-4698-9119-3ed2807060e7",260,0,16,"Microsoft-Windows-DNS-Server/Analytical ",4,"Information ",0,2,"RECURSE_QUERY ",9223372036854775824,"7/27/2023, 2:22:57.359 PM",2908,4028,INFO,2,INFO,windns,"NT AUTHORITY",SYSTEM,"S-1-5-18",User,0,0,"0.0.0.0",,0,"0b2a9277-f48f-49f6-b78d-d8bfd6dea87a.ods.opinsights.azure.com.",1,38951,0,38951,false,false,false,QUERY,false,NOERROR,false,false,false,"[{""dns.query.name"":""0b2a9277-f48f-49f6-b78d-d8bfd6dea87a.ods.opinsights.azure.com"",""dns.query.type"":""A"",""dns.query.class"":""IN""}]",0x9827000000010000000000012430623261393237372D663438662D343966362D623738642D643862666436646561383761036F64730A6F70696E73696768747305617A75726503636F6D00000100010000290FA0000000000000,".","aed66db9-eb00-4472-aef3-e65fdacaa9d6","7/27/2023, 2:22:59.417 PM","in_windowsdns_auditanalytics_sentinel_windows","im_etw","172.18.88.20","N/A","150.171.10.39",,,,,,,NULL,,,,"NXLog_DNS_Server_CL",
"0b2a9277-f48f-49f6-b78d-d8bfd6dea87a",RestAPI,,,"7/27/2023, 2:22:59.957 PM",,,,,,,,,,,,,,,,,,,1,".",Default,,0,"Microsoft-Windows-DNSServer","eb79061a-a566-4698-9119-3ed2807060e7",261,0,16,"Microsoft-Windows-DNS-Server/Analytical ",4,"Information ",0,2,"RECURSE_QUERY ",9223372036854775840,"7/27/2023, 2:22:57.392 PM",2908,4028,INFO,2,INFO,windns,"NT AUTHORITY",SYSTEM,"S-1-5-18",User,32768,0,"0.0.0.0","150.171.10.39",,"0b2a9277-f48f-49f6-b78d-d8bfd6dea87a.ods.opinsights.azure.com.",1,38951,0,38951,false,false,false,QUERY,true,NOERROR,false,false,false,"[{""dns.query.name"":""0b2a9277-f48f-49f6-b78d-d8bfd6dea87a.ods.opinsights.azure.com"",""dns.query.type"":""A"",""dns.query.class"":""IN""}]",0x9827800000010000000400012430623261393237372D663438662D343966362D623738642D643862666436646561383761036F64730A6F70696E73696768747305617A75726503636F6D0000010001C031000200010000012C0013066E73312D303109617A7572652D646E73C046C031000200010000012C0016066E73322D303109617A7572652D646E73036E657400C031000200010000012C0016066E73332D303109617A7572652D646E73036F726700C031000200010000012C0017066E73342D303109617A7572652D646E7304696E666F0000002904D0000000000000,".","aed66db9-eb00-4472-aef3-e65fdacaa9d6","7/27/2023, 2:22:59.417 PM","in_windowsdns_auditanalytics_sentinel_windows","im_etw","172.18.88.20","N/A",,0,0,,,,,,"[{""dns.authority.name"":""ods.opinsights.azure.com"",""dns.authority.type"":""NS"",""dns.authority.class"":""IN"",""dns.authority.ttl"":300,""dns.authority.data"":""ns1-01.azure-dns.com""},{""dns.authority.name"":""ods.opinsights.azure.com"",""dns.authority.type"":""NS"",""dns.authority.class"":""IN"",""dns.authority.ttl"":300,""dns.authority.data"":""ns2-01.azure-dns.net""},{""dns.authority.name"":""ods.opinsights.azure.com"",""dns.authority.type"":""NS"",""dns.authority.class"":""IN"",""dns.authority.ttl"":300,""dns.authority.data"":""ns3-01.azure-dns.org""},{""dns.authority.name"":""ods.opinsights.azure.com"",""dns.authority.type"":""NS"",""dns.authority.class"":""IN"",""dns.authority.ttl"":300,""dns.authority.data"":""ns4-01.azure-dns.info""}]",,,"NXLog_DNS_Server_CL",
"0b2a9277-f48f-49f6-b78d-d8bfd6dea87a",RestAPI,,,"7/27/2023, 2:22:59.957 PM",,,,,,,,,,,,,,,,System,,,,,,,,"Microsoft-Windows-DNSServer","eb79061a-a566-4698-9119-3ed2807060e7",259,0,16,"Microsoft-Windows-DNS-Server/Analytical ",2,"Error ",0,1,"LOOK_UP ",9223372036854775816,"7/27/2023, 2:22:57.392 PM",2908,4028,ERROR,4,ERROR,windns,"NT AUTHORITY",SYSTEM,"S-1-5-18",User,"EXTENDED_INFO|IS_64_BIT_HEADER|PROCESSOR_INDEX (577)",0,"0.0.0.0","2603:1061:0:700::1",,"0b2a9277-f48f-49f6-b78d-d8bfd6dea87a.ods.opinsights.azure.com.",1,11556,,,,,,,,,,,,,,".",,"7/27/2023, 2:22:59.417 PM","in_windowsdns_auditanalytics_sentinel_windows","im_etw","172.18.88.20","N/A",,,,,,,"..Cache",NULL,,,"N/A","NXLog_DNS_Server_CL",
"0b2a9277-f48f-49f6-b78d-d8bfd6dea87a",RestAPI,,,"7/27/2023, 2:20:01.260 PM",,,,,,,,,,,,,,,,,,,,,,,,"Microsoft-Windows-DNSServer","eb79061a-a566-4698-9119-3ed2807060e7",256,0,16,"Microsoft-Windows-DNS-Server/Analytical ",4,"Information ",0,1,"LOOK_UP ",9223372036854775809,"7/27/2023, 2:19:58.789 PM",2908,4024,INFO,2,INFO,windns,"NT AUTHORITY",SYSTEM,"S-1-5-18",User,256,0,"172.18.88.20","172.18.88.20",1,"prisoner.iana.org.",1,13558,59996,13558,true,false,false,QUERY,false,NOERROR,false,false,false,"[{""dns.query.name"":""prisoner.iana.org"",""dns.query.type"":""A"",""dns.query.class"":""IN""}]",0x34F60100000100000000000008707269736F6E65720469616E61036F72670000010001,".","a3a70505-0a4e-4a6f-a020-6505018c6d16","7/27/2023, 2:20:00.801 PM","in_windowsdns_auditanalytics_sentinel_windows","im_etw","172.18.88.20","N/A",,,,,,,,,,,,"NXLog_DNS_Server_CL",
"0b2a9277-f48f-49f6-b78d-d8bfd6dea87a",RestAPI,,,"7/27/2023, 2:20:01.260 PM",,,,,,,,,,,,,,,,,,13558,,".",Default,,,"Microsoft-Windows-DNSServer","eb79061a-a566-4698-9119-3ed2807060e7",260,0,16,"Microsoft-Windows-DNS-Server/Analytical ",4,"Information ",0,2,"RECURSE_QUERY ",9223372036854775824,"7/27/2023, 2:19:58.790 PM",2908,4024,INFO,2,INFO,windns,"NT AUTHORITY",SYSTEM,"S-1-5-18",User,0,0,"0.0.0.0",,0,"prisoner.iana.org.",1,12060,0,12060,false,false,false,QUERY,false,NOERROR,false,false,false,"[{""dns.query.name"":""prisoner.iana.org"",""dns.query.type"":""A"",""dns.query.class"":""IN""}]",0x2F1C0000000100000000000108707269736F6E65720469616E61036F726700000100010000290FA0000000000000,".","a3a70505-0a4e-4a6f-a020-6505018c6d16","7/27/2023, 2:20:01.302 PM","in_windowsdns_auditanalytics_sentinel_windows","im_etw","172.18.88.20","N/A","199.4.138.53",,,,,,,NULL,,,,"NXLog_DNS_Server_CL",
"0b2a9277-f48f-49f6-b78d-d8bfd6dea87a",RestAPI,,,"7/27/2023, 2:23:06.265 PM",,,,,,,,,,,,,,,,,,,,,,,,"Microsoft-Windows-DNSServer","eb79061a-a566-4698-9119-3ed2807060e7",256,0,16,"Microsoft-Windows-DNS-Server/Analytical ",4,"Information ",0,1,"LOOK_UP ",9223372036854775809,"7/27/2023, 2:23:03.573 PM",2908,4024,INFO,2,INFO,windns,"NT AUTHORITY",SYSTEM,"S-1-5-18",User,256,0,"172.18.88.20","172.18.88.20",1,"0b2a9277-f48f-49f6-b78d-d8bfd6dea87a.ods.opinsights.azure.com.",1,4351,57919,4351,true,false,false,QUERY,false,NOERROR,false,false,false,"[{""dns.query.name"":""0b2a9277-f48f-49f6-b78d-d8bfd6dea87a.ods.opinsights.azure.com"",""dns.query.type"":""A"",""dns.query.class"":""IN""}]",0x10FF010000010000000000002430623261393237372D663438662D343966362D623738642D643862666436646561383761036F64730A6F70696E73696768747305617A75726503636F6D0000010001,".","ede35a55-8331-400f-9ab2-25c796a4b22a","7/27/2023, 2:23:05.660 PM","in_windowsdns_auditanalytics_sentinel_windows","im_etw","172.18.88.20","N/A",,,,,,,,,,,,"NXLog_DNS_Server_CL",
"0b2a9277-f48f-49f6-b78d-d8bfd6dea87a",RestAPI,,,"7/27/2023, 2:23:06.265 PM",,,,,,,,,,,,,,,,,,,,,,,,"Microsoft-Windows-DNSServer","eb79061a-a566-4698-9119-3ed2807060e7",279,0,16,"Microsoft-Windows-DNS-Server/Analytical ",4,"Information ",0,1,"LOOK_UP ",9223372071214514176,"7/27/2023, 2:23:03.574 PM",2908,4024,INFO,2,INFO,windns,"NT AUTHORITY",SYSTEM,"S-1-5-18",User,33152,0,"172.18.88.20","172.18.88.20",1,"opinsightsweuods.trafficmanager.net.",1,4351,57919,4351,true,false,false,QUERY,true,NOERROR,false,false,true,"[{""dns.query.name"":""0b2a9277-f48f-49f6-b78d-d8bfd6dea87a.ods.opinsights.azure.com"",""dns.query.type"":""A"",""dns.query.class"":""IN""}]",0x10FF818000010001000000002430623261393237372D663438662D343966362D623738642D643862666436646561383761036F64730A6F70696E73696768747305617A75726503636F6D0000010001,,,"7/27/2023, 2:23:05.660 PM","in_windowsdns_auditanalytics_sentinel_windows","im_etw","172.18.88.20","N/A",,,,,,,,,,,"N/A","NXLog_DNS_Server_CL",
"0b2a9277-f48f-49f6-b78d-d8bfd6dea87a",RestAPI,,,"7/27/2023, 2:23:06.265 PM",,,,,,,,,,,,,,,,,,,,,,,,"Microsoft-Windows-DNSServer","eb79061a-a566-4698-9119-3ed2807060e7",279,0,16,"Microsoft-Windows-DNS-Server/Analytical ",4,"Information ",0,1,"LOOK_UP ",9223372071214514176,"7/27/2023, 2:23:03.574 PM",2908,4024,INFO,2,INFO,windns,"NT AUTHORITY",SYSTEM,"S-1-5-18",User,33152,0,"172.18.88.20","172.18.88.20",1,"ipv4-weu-oi-ods-cses-e.westeurope.cloudapp.azure.com.",1,4351,57919,4351,true,false,false,QUERY,true,NOERROR,false,false,true,"[{""dns.query.name"":""0b2a9277-f48f-49f6-b78d-d8bfd6dea87a.ods.opinsights.azure.com"",""dns.query.type"":""A"",""dns.query.class"":""IN""}]",0x10FF818000010002000000002430623261393237372D663438662D343966362D623738642D643862666436646561383761036F64730A6F70696E73696768747305617A75726503636F6D0000010001,,,"7/27/2023, 2:23:05.660 PM","in_windowsdns_auditanalytics_sentinel_windows","im_etw","172.18.88.20","N/A",,,,,,,,,,,"N/A","NXLog_DNS_Server_CL",
"0b2a9277-f48f-49f6-b78d-d8bfd6dea87a",RestAPI,,,"7/27/2023, 2:23:06.265 PM",,,,,,,,,,,,,,,,,,,,,,"[{""dns.answer.name"":""0b2a9277-f48f-49f6-b78d-d8bfd6dea87a.ods.opinsights.azure.com"",""dns.answer.type"":""CNAME"",""dns.answer.class"":""IN"",""dns.answer.ttl"":293,""dns.answer.data"":""opinsightsweuods.trafficmanager.net""},{""dns.answer.name"":""opinsightsweuods.trafficmanager.net"",""dns.answer.type"":""CNAME"",""dns.answer.class"":""IN"",""dns.answer.ttl"":293,""dns.answer.data"":""ipv4-weu-oi-ods-cses-e.westeurope.cloudapp.azure.com""},{""dns.answer.name"":""ipv4-weu-oi-ods-cses-e.westeurope.cloudapp.azure.com"",""dns.answer.type"":""A"",""dns.answer.class"":""IN"",""dns.answer.ttl"":3,""dns.answer.data"":""13.69.106.94""}]",,"Microsoft-Windows-DNSServer","eb79061a-a566-4698-9119-3ed2807060e7",257,0,16,"Microsoft-Windows-DNS-Server/Analytical ",4,"Information ",0,1,"LOOK_UP ",9223372036854775810,"7/27/2023, 2:23:03.574 PM",2908,4024,INFO,2,INFO,windns,"NT AUTHORITY",SYSTEM,"S-1-5-18",User,33152,0,"172.18.88.20",,,"0b2a9277-f48f-49f6-b78d-d8bfd6dea87a.ods.opinsights.azure.com.",1,4351,57919,4351,true,false,false,QUERY,true,NOERROR,false,false,true,"[{""dns.query.name"":""0b2a9277-f48f-49f6-b78d-d8bfd6dea87a.ods.opinsights.azure.com"",""dns.query.type"":""A"",""dns.query.class"":""IN""}]",0x10FF818000010003000000002430623261393237372D663438662D343966362D623738642D643862666436646561383761036F64730A6F70696E73696768747305617A75726503636F6D0000010001C00C00050001000001250025106F70696E7369676874737765756F64730E747261666669636D616E61676572036E657400C05B0005000100000125002D16697076342D7765752D6F692D6F64732D637365732D650A776573746575726F706508636C6F7564617070C040C08C000100010000000300040D456A5E,"VirtualizationInstance:.","ede35a55-8331-400f-9ab2-25c796a4b22a","7/27/2023, 2:23:06.160 PM","in_windowsdns_auditanalytics_sentinel_windows","im_etw","172.18.88.20","N/A","172.18.88.20",0,0,0,0,Default,"..Cache",NULL,,0,,"NXLog_DNS_Server_CL",
"0b2a9277-f48f-49f6-b78d-d8bfd6dea87a",RestAPI,,,"7/27/2023, 2:20:34.671 PM",,,,,,,,,,,,,,,,,,,,,,,,"Microsoft-Windows-DNSServer","eb79061a-a566-4698-9119-3ed2807060e7",256,0,16,"Microsoft-Windows-DNS-Server/Analytical ",4,"Information ",0,1,"LOOK_UP ",9223372036854775809,"7/27/2023, 2:20:32.036 PM",2908,4028,INFO,2,INFO,windns,"NT AUTHORITY",SYSTEM,"S-1-5-18",User,256,0,"172.18.88.20","172.18.88.20",1,"settings-win.data.microsoft.com.",1,27359,50929,27359,true,false,false,QUERY,false,NOERROR,false,false,false,"[{""dns.query.name"":""settings-win.data.microsoft.com"",""dns.query.type"":""A"",""dns.query.class"":""IN""}]",0x6ADF010000010000000000000C73657474696E67732D77696E0464617461096D6963726F736F667403636F6D0000010001,".","ab1ee771-15cf-4bae-9fae-3830872c0665","7/27/2023, 2:20:34.128 PM","in_windowsdns_auditanalytics_sentinel_windows","im_etw","172.18.88.20","N/A",,,,,,,,,,,,"NXLog_DNS_Server_CL",
"0b2a9277-f48f-49f6-b78d-d8bfd6dea87a",RestAPI,,,"7/27/2023, 2:20:34.671 PM",,,,,,,,,,,,,,,,,,,,,,,,"Microsoft-Windows-DNSServer","eb79061a-a566-4698-9119-3ed2807060e7",279,0,16,"Microsoft-Windows-DNS-Server/Analytical ",4,"Information ",0,1,"LOOK_UP ",9223372071214514176,"7/27/2023, 2:20:32.036 PM",2908,4028,INFO,2,INFO,windns,"NT AUTHORITY",SYSTEM,"S-1-5-18",User,33152,0,"172.18.88.20","172.18.88.20",1,"atm-settingsfe-prod-geo2.trafficmanager.net.",1,27359,50929,27359,true,false,false,QUERY,true,NOERROR,false,false,true,"[{""dns.query.name"":""settings-win.data.microsoft.com"",""dns.query.type"":""A"",""dns.query.class"":""IN""}]",0x6ADF818000010001000000000C73657474696E67732D77696E0464617461096D6963726F736F667403636F6D0000010001,,,"7/27/2023, 2:20:34.128 PM","in_windowsdns_auditanalytics_sentinel_windows","im_etw","172.18.88.20","N/A",,,,,,,,,,,"N/A","NXLog_DNS_Server_CL",
"0b2a9277-f48f-49f6-b78d-d8bfd6dea87a",RestAPI,,,"7/27/2023, 2:20:34.671 PM",,,,,,,,,,,,,,,,System,,,,,,,,"Microsoft-Windows-DNSServer","eb79061a-a566-4698-9119-3ed2807060e7",259,0,16,"Microsoft-Windows-DNS-Server/Analytical ",2,"Error ",0,1,"LOOK_UP ",9223372036854775816,"7/27/2023, 2:20:32.036 PM",2908,4028,ERROR,4,ERROR,windns,"NT AUTHORITY",SYSTEM,"S-1-5-18",User,"EXTENDED_INFO|IS_64_BIT_HEADER|PROCESSOR_INDEX (577)",0,,"2620:1ec:bda:700::4",,"tm1.edgedns-tm.info.",1,49914,,,,,,,,,,,,,,".",,"7/27/2023, 2:20:34.643 PM","in_windowsdns_auditanalytics_sentinel_windows","im_etw","172.18.88.20","N/A",,,,,,,NULL,NULL,,,"N/A","NXLog_DNS_Server_CL",
"0b2a9277-f48f-49f6-b78d-d8bfd6dea87a",RestAPI,,,"7/27/2023, 2:23:03.913 PM",,,,,,,,,,,,,,,,,,610,,".",Default,,,"Microsoft-Windows-DNSServer","eb79061a-a566-4698-9119-3ed2807060e7",262,0,16,"Microsoft-Windows-DNS-Server/Analytical ",2,"Error ",0,2,"RECURSE_QUERY ",9223372036854775872,"7/27/2023, 2:23:00.932 PM",2908,3164,ERROR,4,ERROR,windns,"NT AUTHORITY",SYSTEM,"S-1-5-18",User,0,0,"0.0.0.0",,,"0b2a9277-f48f-49f6-b78d-d8bfd6dea87a.ods.opinsights.azure.com.",1,9261,0,,,,,,,,,,,,,".","aed66db9-eb00-4472-aef3-e65fdacaa9d6","7/27/2023, 2:23:02.949 PM","in_windowsdns_auditanalytics_sentinel_windows","im_etw","172.18.88.20","N/A","2603:1061:0:700::1",,,,,,,,,,,"NXLog_DNS_Server_CL",
"0b2a9277-f48f-49f6-b78d-d8bfd6dea87a",RestAPI,,,"7/27/2023, 2:23:03.913 PM",,,,,,,,,,,,,,,,,,610,,".",Default,,,"Microsoft-Windows-DNSServer","eb79061a-a566-4698-9119-3ed2807060e7",260,0,16,"Microsoft-Windows-DNS-Server/Analytical ",4,"Information ",0,2,"RECURSE_QUERY ",9223372036854775824,"7/27/2023, 2:23:00.932 PM",2908,3164,INFO,2,INFO,windns,"NT AUTHORITY",SYSTEM,"S-1-5-18",User,0,0,"0.0.0.0",,0,"0b2a9277-f48f-49f6-b78d-d8bfd6dea87a.ods.opinsights.azure.com.",1,9261,0,9261,false,false,false,QUERY,false,NOERROR,false,false,false,"[{""dns.query.name"":""0b2a9277-f48f-49f6-b78d-d8bfd6dea87a.ods.opinsights.azure.com"",""dns.query.type"":""A"",""dns.query.class"":""IN""}]",0x242D000000010000000000012430623261393237372D663438662D343966362D623738642D643862666436646561383761036F64730A6F70696E73696768747305617A75726503636F6D00000100010000290FA0000000000000,".","aed66db9-eb00-4472-aef3-e65fdacaa9d6","7/27/2023, 2:23:02.949 PM","in_windowsdns_auditanalytics_sentinel_windows","im_etw","172.18.88.20","N/A","204.14.183.1",,,,,,,NULL,,,,"NXLog_DNS_Server_CL",
"0b2a9277-f48f-49f6-b78d-d8bfd6dea87a",RestAPI,,,"7/27/2023, 2:23:03.913 PM",,,,,,,,,,,,,,,,,,610,,".",Default,,,"Microsoft-Windows-DNSServer","eb79061a-a566-4698-9119-3ed2807060e7",260,0,16,"Microsoft-Windows-DNS-Server/Analytical ",4,"Information ",0,2,"RECURSE_QUERY ",9223372036854775824,"7/27/2023, 2:23:00.934 PM",2908,3164,INFO,2,INFO,windns,"NT AUTHORITY",SYSTEM,"S-1-5-18",User,0,0,"0.0.0.0",,0,"0b2a9277-f48f-49f6-b78d-d8bfd6dea87a.ods.opinsights.azure.com.",1,9261,0,9261,false,false,false,QUERY,false,NOERROR,false,false,false,"[{""dns.query.name"":""0b2a9277-f48f-49f6-b78d-d8bfd6dea87a.ods.opinsights.azure.com"",""dns.query.type"":""A"",""dns.query.class"":""IN""}]",0x242D000000010000000000012430623261393237372D663438662D343966362D623738642D643862666436646561383761036F64730A6F70696E73696768747305617A75726503636F6D00000100010000290FA0000000000000,".","aed66db9-eb00-4472-aef3-e65fdacaa9d6","7/27/2023, 2:23:02.949 PM","in_windowsdns_auditanalytics_sentinel_windows","im_etw","172.18.88.20","N/A","13.107.236.1",,,,,,,NULL,,,,"NXLog_DNS_Server_CL",
"0b2a9277-f48f-49f6-b78d-d8bfd6dea87a",RestAPI,,,"7/27/2023, 2:23:03.913 PM",,,,,,,,,,,,,,,,,,,3,".",Default,"[{""dns.answer.name"":""0b2a9277-f48f-49f6-b78d-d8bfd6dea87a.ods.opinsights.azure.com"",""dns.answer.type"":""CNAME"",""dns.answer.class"":""IN"",""dns.answer.ttl"":300,""dns.answer.data"":""opinsightsweuods.trafficmanager.net""}]",0,"Microsoft-Windows-DNSServer","eb79061a-a566-4698-9119-3ed2807060e7",261,0,16,"Microsoft-Windows-DNS-Server/Analytical ",4,"Information ",0,2,"RECURSE_QUERY ",9223372036854775840,"7/27/2023, 2:23:00.963 PM",2908,4028,INFO,2,INFO,windns,"NT AUTHORITY",SYSTEM,"S-1-5-18",User,33792,0,"0.0.0.0","204.14.183.1",,"0b2a9277-f48f-49f6-b78d-d8bfd6dea87a.ods.opinsights.azure.com.",1,9261,0,9261,false,false,true,QUERY,true,NOERROR,false,false,false,"[{""dns.query.name"":""0b2a9277-f48f-49f6-b78d-d8bfd6dea87a.ods.opinsights.azure.com"",""dns.query.type"":""A"",""dns.query.class"":""IN""}]",0x242D840000010001000000012430623261393237372D663438662D343966362D623738642D643862666436646561383761036F64730A6F70696E73696768747305617A75726503636F6D0000010001C00C000500010000012C0025106F70696E7369676874737765756F64730E747261666669636D616E61676572036E65740000002904D0000000000000,".","aed66db9-eb00-4472-aef3-e65fdacaa9d6","7/27/2023, 2:23:02.949 PM","in_windowsdns_auditanalytics_sentinel_windows","im_etw","172.18.88.20","N/A",,1,0,,,,,,,,,"NXLog_DNS_Server_CL",
"0b2a9277-f48f-49f6-b78d-d8bfd6dea87a",RestAPI,,,"7/27/2023, 2:23:03.913 PM",,,,,,,,,,,,,,,,,,,,,,,,"Microsoft-Windows-DNSServer","eb79061a-a566-4698-9119-3ed2807060e7",279,0,16,"Microsoft-Windows-DNS-Server/Analytical ",4,"Information ",0,1,"LOOK_UP ",9223372071214514176,"7/27/2023, 2:23:00.963 PM",2908,4028,INFO,2,INFO,windns,"NT AUTHORITY",SYSTEM,"S-1-5-18",User,33152,0,"172.18.88.20","172.18.88.20",1,"opinsightsweuods.trafficmanager.net.",1,610,57919,610,true,false,false,QUERY,true,NOERROR,false,false,true,"[{""dns.query.name"":""0b2a9277-f48f-49f6-b78d-d8bfd6dea87a.ods.opinsights.azure.com"",""dns.query.type"":""A"",""dns.query.class"":""IN""}]",0x0262818000010001000000002430623261393237372D663438662D343966362D623738642D643862666436646561383761036F64730A6F70696E73696768747305617A75726503636F6D0000010001,,,"7/27/2023, 2:23:02.949 PM","in_windowsdns_auditanalytics_sentinel_windows","im_etw","172.18.88.20","N/A",,,,,,,,,,,"N/A","NXLog_DNS_Server_CL",
"0b2a9277-f48f-49f6-b78d-d8bfd6dea87a",RestAPI,,,"7/27/2023, 2:23:03.913 PM",,,,,,,,,,,,,,,,,,610,,".",Default,,,"Microsoft-Windows-DNSServer","eb79061a-a566-4698-9119-3ed2807060e7",260,0,16,"Microsoft-Windows-DNS-Server/Analytical ",4,"Information ",0,2,"RECURSE_QUERY ",9223372036854775824,"7/27/2023, 2:23:00.965 PM",2908,4028,INFO,2,INFO,windns,"NT AUTHORITY",SYSTEM,"S-1-5-18",User,0,0,"0.0.0.0",,0,"opinsightsweuods.trafficmanager.NET.",1,61729,0,61729,false,false,false,QUERY,false,NOERROR,false,false,false,"[{""dns.query.name"":""opinsightsweuods.trafficmanager.NET"",""dns.query.type"":""A"",""dns.query.class"":""IN""}]",0xF12100000001000000000001106F70696E7369676874737765756F64730E747261666669636D616E61676572034E455400000100010000290FA0000000000000,".","aed66db9-eb00-4472-aef3-e65fdacaa9d6","7/27/2023, 2:23:02.949 PM","in_windowsdns_auditanalytics_sentinel_windows","im_etw","172.18.88.20","N/A","13.107.222.240",,,,,,,NULL,,,,"NXLog_DNS_Server_CL",
"0b2a9277-f48f-49f6-b78d-d8bfd6dea87a",RestAPI,,,"7/27/2023, 2:23:03.913 PM",,,,,,,,,,,,,,,,,,,0,".",Default,"[{""dns.answer.name"":""0b2a9277-f48f-49f6-b78d-d8bfd6dea87a.ods.opinsights.azure.com"",""dns.answer.type"":""CNAME"",""dns.answer.class"":""IN"",""dns.answer.ttl"":300,""dns.answer.data"":""opinsightsweuods.trafficmanager.net""}]",0,"Microsoft-Windows-DNSServer","eb79061a-a566-4698-9119-3ed2807060e7",261,0,16,"Microsoft-Windows-DNS-Server/Analytical ",4,"Information ",0,2,"RECURSE_QUERY ",9223372036854775840,"7/27/2023, 2:23:00.969 PM",2908,4028,INFO,2,INFO,windns,"NT AUTHORITY",SYSTEM,"S-1-5-18",User,33792,0,"0.0.0.0","13.107.236.1",,"0b2a9277-f48f-49f6-b78d-d8bfd6dea87a.ods.opinsights.azure.com.",1,9261,0,9261,false,false,true,QUERY,true,NOERROR,false,false,false,"[{""dns.query.name"":""0b2a9277-f48f-49f6-b78d-d8bfd6dea87a.ods.opinsights.azure.com"",""dns.query.type"":""A"",""dns.query.class"":""IN""}]",0x242D840000010001000000012430623261393237372D663438662D343966362D623738642D643862666436646561383761036F64730A6F70696E73696768747305617A75726503636F6D0000010001C00C000500010000012C0025106F70696E7369676874737765756F64730E747261666669636D616E61676572036E65740000002904D0000000000000,".","00000000-0000-0000-0000-000000000000","7/27/2023, 2:23:02.949 PM","in_windowsdns_auditanalytics_sentinel_windows","im_etw","172.18.88.20","N/A",,1,0,,,,,,,,,"NXLog_DNS_Server_CL",
"0b2a9277-f48f-49f6-b78d-d8bfd6dea87a",RestAPI,,,"7/27/2023, 2:23:03.913 PM",,,,,,,,,,,,,,,,System,,,,,,,,"Microsoft-Windows-DNSServer","eb79061a-a566-4698-9119-3ed2807060e7",259,0,16,"Microsoft-Windows-DNS-Server/Analytical ",2,"Error ",0,1,"LOOK_UP ",9223372036854775816,"7/27/2023, 2:23:00.969 PM",2908,4028,ERROR,4,ERROR,windns,"NT AUTHORITY",SYSTEM,"S-1-5-18",User,"EXTENDED_INFO|IS_64_BIT_HEADER|PROCESSOR_INDEX (577)",0,"0.0.0.0","13.107.236.1",,"0b2a9277-f48f-49f6-b78d-d8bfd6dea87a.ods.opinsights.azure.com.",1,9261,,,,,,,,,,,,,,".",,"7/27/2023, 2:23:02.949 PM","in_windowsdns_auditanalytics_sentinel_windows","im_etw","172.18.88.20","N/A",,,,,,,NULL,NULL,,,"N/A","NXLog_DNS_Server_CL",
"0b2a9277-f48f-49f6-b78d-d8bfd6dea87a",RestAPI,,,"7/27/2023, 2:23:03.913 PM",,,,,,,,,,,,,,,,,,,4,".",Default,"[{""dns.answer.name"":""opinsightsweuods.trafficmanager.NET"",""dns.answer.type"":""CNAME"",""dns.answer.class"":""IN"",""dns.answer.ttl"":300,""dns.answer.data"":""ipv4-weu-oi-ods-cses-e.westeurope.cloudapp.azure.com""}]",0,"Microsoft-Windows-DNSServer","eb79061a-a566-4698-9119-3ed2807060e7",261,0,16,"Microsoft-Windows-DNS-Server/Analytical ",4,"Information ",0,2,"RECURSE_QUERY ",9223372036854775840,"7/27/2023, 2:23:01.000 PM",2908,4028,INFO,2,INFO,windns,"NT AUTHORITY",SYSTEM,"S-1-5-18",User,33792,0,"0.0.0.0","13.107.222.240",,"opinsightsweuods.trafficmanager.NET.",1,61729,0,61729,false,false,true,QUERY,true,NOERROR,false,false,false,"[{""dns.query.name"":""opinsightsweuods.trafficmanager.NET"",""dns.query.type"":""A"",""dns.query.class"":""IN""}]",0xF12184000001000100000001106F70696E7369676874737765756F64730E747261666669636D616E61676572034E45540000010001C00C000500010000012C003616697076342D7765752D6F692D6F64732D637365732D650A776573746575726F706508636C6F756461707005617A75726503636F6D0000002904D0000000000000,".","aed66db9-eb00-4472-aef3-e65fdacaa9d6","7/27/2023, 2:23:02.949 PM","in_windowsdns_auditanalytics_sentinel_windows","im_etw","172.18.88.20","N/A",,1,0,,,,,,,,,"NXLog_DNS_Server_CL",
"0b2a9277-f48f-49f6-b78d-d8bfd6dea87a",RestAPI,,,"7/27/2023, 2:23:03.913 PM",,,,,,,,,,,,,,,,,,,,,,,,"Microsoft-Windows-DNSServer","eb79061a-a566-4698-9119-3ed2807060e7",279,0,16,"Microsoft-Windows-DNS-Server/Analytical ",4,"Information ",0,1,"LOOK_UP ",9223372071214514176,"7/27/2023, 2:23:01.000 PM",2908,4028,INFO,2,INFO,windns,"NT AUTHORITY",SYSTEM,"S-1-5-18",User,33152,0,"172.18.88.20","172.18.88.20",1,"ipv4-weu-oi-ods-cses-e.westeurope.cloudapp.azure.com.",1,610,57919,610,true,false,false,QUERY,true,NOERROR,false,false,true,"[{""dns.query.name"":""0b2a9277-f48f-49f6-b78d-d8bfd6dea87a.ods.opinsights.azure.com"",""dns.query.type"":""A"",""dns.query.class"":""IN""}]",0x0262818000010002000000002430623261393237372D663438662D343966362D623738642D643862666436646561383761036F64730A6F70696E73696768747305617A75726503636F6D0000010001,,,"7/27/2023, 2:23:02.949 PM","in_windowsdns_auditanalytics_sentinel_windows","im_etw","172.18.88.20","N/A",,,,,,,,,,,"N/A","NXLog_DNS_Server_CL",
"0b2a9277-f48f-49f6-b78d-d8bfd6dea87a",RestAPI,,,"7/27/2023, 2:23:03.913 PM",,,,,,,,,,,,,,,,,,610,,".",Default,,,"Microsoft-Windows-DNSServer","eb79061a-a566-4698-9119-3ed2807060e7",260,0,16,"Microsoft-Windows-DNS-Server/Analytical ",4,"Information ",0,2,"RECURSE_QUERY ",9223372036854775824,"7/27/2023, 2:23:01.001 PM",2908,4028,INFO,2,INFO,windns,"NT AUTHORITY",SYSTEM,"S-1-5-18",User,0,0,"0.0.0.0",,0,"ipv4-weu-oi-ods-cses-e.westeurope.cloudapp.azure.com.",1,2766,0,2766,false,false,false,QUERY,false,NOERROR,false,false,false,"[{""dns.query.name"":""ipv4-weu-oi-ods-cses-e.westeurope.cloudapp.azure.com"",""dns.query.type"":""A"",""dns.query.class"":""IN""}]",0x0ACE0000000100000000000116697076342D7765752D6F692D6F64732D637365732D650A776573746575726F706508636C6F756461707005617A75726503636F6D00000100010000290FA0000000000000,".","aed66db9-eb00-4472-aef3-e65fdacaa9d6","7/27/2023, 2:23:02.949 PM","in_windowsdns_auditanalytics_sentinel_windows","im_etw","172.18.88.20","N/A","13.107.236.201",,,,,,,NULL,,,,"NXLog_DNS_Server_CL",
"0b2a9277-f48f-49f6-b78d-d8bfd6dea87a",RestAPI,,,"7/27/2023, 2:23:03.913 PM",,,,,,,,,,,,,,,,,,,5,".",Default,"[{""dns.answer.name"":""ipv4-weu-oi-ods-cses-e.westeurope.cloudapp.azure.com"",""dns.answer.type"":""A"",""dns.answer.class"":""IN"",""dns.answer.ttl"":10,""dns.answer.data"":""13.69.106.94""}]",0,"Microsoft-Windows-DNSServer","eb79061a-a566-4698-9119-3ed2807060e7",261,0,16,"Microsoft-Windows-DNS-Server/Analytical ",4,"Information ",0,2,"RECURSE_QUERY ",9223372036854775840,"7/27/2023, 2:23:01.030 PM",2908,4028,INFO,2,INFO,windns,"NT AUTHORITY",SYSTEM,"S-1-5-18",User,33792,0,"0.0.0.0","13.107.236.201",,"ipv4-weu-oi-ods-cses-e.westeurope.cloudapp.azure.com.",1,2766,0,2766,false,false,true,QUERY,true,NOERROR,false,false,false,"[{""dns.query.name"":""ipv4-weu-oi-ods-cses-e.westeurope.cloudapp.azure.com"",""dns.query.type"":""A"",""dns.query.class"":""IN""}]",0x0ACE8400000100010000000116697076342D7765752D6F692D6F64732D637365732D650A776573746575726F706508636C6F756461707005617A75726503636F6D0000010001C00C000100010000000A00040D456A5E00002904D0000000000000,".","aed66db9-eb00-4472-aef3-e65fdacaa9d6","7/27/2023, 2:23:02.949 PM","in_windowsdns_auditanalytics_sentinel_windows","im_etw","172.18.88.20","N/A",,1,0,,,,,,,,,"NXLog_DNS_Server_CL",
"0b2a9277-f48f-49f6-b78d-d8bfd6dea87a",RestAPI,,,"7/27/2023, 2:23:03.913 PM",,,,,,,,,,,,,,,,,,,,,,"[{""dns.answer.name"":""0b2a9277-f48f-49f6-b78d-d8bfd6dea87a.ods.opinsights.azure.com"",""dns.answer.type"":""CNAME"",""dns.answer.class"":""IN"",""dns.answer.ttl"":296,""dns.answer.data"":""opinsightsweuods.trafficmanager.net""},{""dns.answer.name"":""opinsightsweuods.trafficmanager.net"",""dns.answer.type"":""CNAME"",""dns.answer.class"":""IN"",""dns.answer.ttl"":296,""dns.answer.data"":""ipv4-weu-oi-ods-cses-e.westeurope.cloudapp.azure.com""},{""dns.answer.name"":""ipv4-weu-oi-ods-cses-e.westeurope.cloudapp.azure.com"",""dns.answer.type"":""A"",""dns.answer.class"":""IN"",""dns.answer.ttl"":6,""dns.answer.data"":""13.69.106.94""}]",,"Microsoft-Windows-DNSServer","eb79061a-a566-4698-9119-3ed2807060e7",257,0,16,"Microsoft-Windows-DNS-Server/Analytical ",4,"Information ",0,1,"LOOK_UP ",9223372036854775810,"7/27/2023, 2:23:01.030 PM",2908,4028,INFO,2,INFO,windns,"NT AUTHORITY",SYSTEM,"S-1-5-18",User,33152,0,"172.18.88.20",,,"0b2a9277-f48f-49f6-b78d-d8bfd6dea87a.ods.opinsights.azure.com.",1,610,57919,610,true,false,false,QUERY,true,NOERROR,false,false,true,"[{""dns.query.name"":""0b2a9277-f48f-49f6-b78d-d8bfd6dea87a.ods.opinsights.azure.com"",""dns.query.type"":""A"",""dns.query.class"":""IN""}]",0x0262818000010003000000002430623261393237372D663438662D343966362D623738642D643862666436646561383761036F64730A6F70696E73696768747305617A75726503636F6D0000010001C00C00050001000001280025106F70696E7369676874737765756F64730E747261666669636D616E61676572036E657400C05B0005000100000128002D16697076342D7765752D6F692D6F64732D637365732D650A776573746575726F706508636C6F7564617070C040C08C000100010000000600040D456A5E,"VirtualizationInstance:.","aed66db9-eb00-4472-aef3-e65fdacaa9d6","7/27/2023, 2:23:02.949 PM","in_windowsdns_auditanalytics_sentinel_windows","im_etw","172.18.88.20","N/A","172.18.88.20",0,0,0,0,Default,"..Cache",NULL,,3676,,"NXLog_DNS_Server_CL",
