TenantId,SourceSystem,TimeGenerated,Provider,Channel,Computer,Task,EventLevel,EventLevelName,Data,EventID,ManagementGroupName,SystemUserId,Version,Opcode,Keywords,Correlation,SystemProcessId,SystemThreadId,EventRecordId,EventData,RawEventData,EventOriginId,TimeCreated,CollectorHostName,Type,Source,EventLog,EventCategory,UserName,Message,ParameterXml,RenderedDescription,MG,AzureDeploymentID,Role,_ResourceId
d1a5e3d1-2c84-4b5a-9fc6-9e2d2e2d5f77,OpsManager,2024-06-09T12:14:23.112Z,Microsoft-Windows-Sysmon,Microsoft-Windows-Sysmon/Operational,WIN-SERVER001.contoso.com,3,4,Information,Registry key created by service account,12,AOI-17583920,S-1-5-21-1600000000-1122334455-3344556677-1001,5,0,Audit Success,,4128,2436,105438,"<EventData><Data Name=""RuleName"">technique_id=T1112,technique_name=Modify Registry</Data><Data Name=""EventType"">CreateKey</Data><Data Name=""UtcTime"">2024-06-09 12:14:23.112</Data><Data Name=""ProcessGuid"">{e1f7c9b2-1b23-4c4f-bc2a-1a1d8e8f6a12}</Data><Data Name=""ProcessId"">4128</Data><Data Name=""Image"">C:\Program Files\Contoso\app.exe</Data><Data Name=""TargetObject"">HKLM\SOFTWARE\ContosoApp</Data><Data Name=""Details""></Data><Data Name=""User"">CONTOSO\svc_admin</Data></EventData>",<RawEvent><ID>12</ID><Key>HKLM\SOFTWARE\ContosoApp</Key></RawEvent>,2fd27df2-2d2c-4f2e-87a7-d9e7df1e7e89,2024-06-09T12:14:23.112Z,collector01.contoso.com,Event,Microsoft-Windows-Sysmon,Security,12544,CONTOSO\svc_admin,Registry key HKEY_LOCAL_MACHINE\SOFTWARE\ContosoApp created by C:\Program Files\Contoso\app.exe.,<Param1>HKEY_LOCAL_MACHINE\SOFTWARE\ContosoApp</Param1><Param2>C:\Program Files\Contoso\app.exe</Param2>,"A registry key was created. Key: HKEY_LOCAL_MACHINE\SOFTWARE\ContosoApp, Process: C:\Program Files\Contoso\app.exe",b2e8a4b1-2b33-43e6-9a7d-0c93a4a7e4c0,a1b2c3d4-e5f6-4321-9abc-1d2e3f4a5b6c,IaaS,/subscriptions/45e3b8de-0b0c-4e21-9a6a-1d2e3f4b5c6d/resourceGroups/ContosoInfra/providers/Microsoft.Compute/virtualMachines/WIN-SERVER001
fd3b4e20-75d0-4b62-8d7b-1234e5c6d789,OpsManager,2024-06-09T13:00:05.425Z,Microsoft-Windows-Sysmon,Microsoft-Windows-Sysmon/Operational,WIN-DB02.contoso.com,3,4,Information,Registry value set by db administrator,13,AOI-53987162,S-1-5-21-1600000000-5566778899-9988776655-1021,5,0,Audit Success,,1684,3456,105439,"<EventData><Data Name=""RuleName"">technique_id=T1112,technique_name=Modify Registry</Data><Data Name=""EventType"">SetValue</Data><Data Name=""UtcTime"">2024-06-09 13:00:05.425</Data><Data Name=""ProcessGuid"">{b5d8a7a1-1a3b-4a5c-b1a2-3c4d5e6f7a8b}</Data><Data Name=""ProcessId"">1684</Data><Data Name=""Image"">C:\Windows\System32\svchost.exe</Data><Data Name=""TargetObject"">HKLM\SYSTEM\CurrentControlSet\Services\Tcpip\Parameters\TcpWindowSize</Data><Data Name=""Details"">65536</Data><Data Name=""User"">CONTOSO\db_admin</Data></EventData>",<RawEvent><ID>13</ID><Key>HKLM\SYSTEM\CurrentControlSet\Services\Tcpip\Parameters\TcpWindowSize</Key><Value>65536</Value></RawEvent>,6b72e5a3-6af2-4d5e-8e2e-3a1c7f8e6d9a,2024-06-09T13:00:05.425Z,collector02.contoso.com,Event,Microsoft-Windows-Sysmon,System,12544,CONTOSO\db_admin,Registry value HKEY_LOCAL_MACHINE\SYSTEM\CurrentControlSet\Services\Tcpip\Parameters\TcpWindowSize set by C:\Windows\System32\svchost.exe.,<Param1>HKEY_LOCAL_MACHINE\SYSTEM\CurrentControlSet\Services\Tcpip\Parameters\TcpWindowSize</Param1><Param2>65536</Param2>,"A registry value was set. Key: HKEY_LOCAL_MACHINE\SYSTEM\CurrentControlSet\Services\Tcpip\Parameters\TcpWindowSize, Value: 65536, Process: C:\Windows\System32\svchost.exe",f2c1e7d2-4fcb-4c5e-8c43-6b7a0d7f2e19,c9f8a7d6-b5e4-4763-8a9d-1234e5f6a789,IaaS,/subscriptions/7c8a5d2e-34b1-4fa7-92d8-4e3a2b1c9e7a/resourceGroups/ContosoSQL/providers/Microsoft.Compute/virtualMachines/WIN-DB02
d3b2a1c5-9e8f-4d2b-8c7a-4b1c5f6e7a8b,OpsManager,2024-06-09T13:22:48.900Z,Microsoft-Windows-Sysmon,Microsoft-Windows-Sysmon/Operational,WIN-FILE01.contoso.com,3,4,Information,Registry key deleted by user,12,AOI-78912456,S-1-5-21-2378901234-2123456789-1234567890-1002,5,0,Audit Success,,2556,1532,105440,"<EventData><Data Name=""RuleName"">technique_id=T1112,technique_name=Modify Registry</Data><Data Name=""EventType"">DeleteKey</Data><Data Name=""UtcTime"">2024-06-09 13:22:48.900</Data><Data Name=""ProcessGuid"">{a2b3c4d5-6e7f-8a9b-0c1d-2e3f4a5b6c7d}</Data><Data Name=""ProcessId"">2556</Data><Data Name=""Image"">C:\Windows\explorer.exe</Data><Data Name=""TargetObject"">HKU\S-1-5-21-2378901234-2123456789-1234567890-1002\Software\Microsoft\Windows\CurrentVersion\Run</Data><Data Name=""Details""></Data><Data Name=""User"">CONTOSO\fileops</Data></EventData>",<RawEvent><ID>12</ID><Key>HKU\S-1-5-21-2378901234-2123456789-1234567890-1002\Software\Microsoft\Windows\CurrentVersion\Run</Key></RawEvent>,a7f3e2b1-8c9d-4e7b-9a8b-5c2d1e3f4a5b,2024-06-09T13:22:48.900Z,collector01.contoso.com,Event,Microsoft-Windows-Sysmon,Security,12544,CONTOSO\fileops,Registry key HKEY_USERS\S-1-5-21-2378901234-2123456789-1234567890-1002\Software\Microsoft\Windows\CurrentVersion\Run deleted by C:\Windows\explorer.exe.,<Param1>HKEY_USERS\S-1-5-21-2378901234-2123456789-1234567890-1002\Software\Microsoft\Windows\CurrentVersion\Run</Param1>,"A registry key was deleted. Key: HKEY_USERS\S-1-5-21-2378901234-2123456789-1234567890-1002\Software\Microsoft\Windows\CurrentVersion\Run, Process: C:\Windows\explorer.exe",e3a9b2c1-5d2f-4c8e-9f2a-3b1d5e6c7a8b,b1e2f3a4-c5d6-4e7f-8a9b-1c2d3e4f5a6b,IaaS,/subscriptions/9d7e3f2c-6c5b-4a2e-9f1b-2a3d4e5f6a7b/resourceGroups/ContosoFile/providers/Microsoft.Compute/virtualMachines/WIN-FILE01
e1a2b3c4-5678-41e1-9101-223344556677,OpsManager,2024-06-15T08:23:14.371Z,Microsoft-Windows-Sysmon,Microsoft-Windows-Sysmon/Operational,WIN-SERVER001.contoso.com,1,4,Information,"{""RuleName"":""technique_id=T1112,technique_name=Modify Registry"",""EventType"":""CreateKey"",""UtcTime"":""2024-06-15 08:23:14.340"",""ProcessGuid"":""{9A4C8C56-3A52-6624-0000-0010E2F70000}"",""ProcessId"":""572"",""Image"":""C:\\Windows\\System32\\lsass.exe"",""TargetObject"":""HKLM\\SOFTWARE\\Contoso\\TestKey"",""Details"":"""",""User"":""CONTOSO\\svc_sysmon""}",12,AOI-38291471,S-1-5-18,4,0,0x8000000000000000,,572,3328,18452,"<EventData><Data Name=""RuleName"">technique_id=T1112,technique_name=Modify Registry</Data><Data Name=""EventType"">CreateKey</Data><Data Name=""UtcTime"">2024-06-15 08:23:14.340</Data><Data Name=""ProcessGuid"">{9A4C8C56-3A52-6624-0000-0010E2F70000}</Data><Data Name=""ProcessId"">572</Data><Data Name=""Image"">C:\Windows\System32\lsass.exe</Data><Data Name=""TargetObject"">HKLM\SOFTWARE\Contoso\TestKey</Data><Data Name=""Details""></Data><Data Name=""User"">CONTOSO\svc_sysmon</Data></EventData>","<Event xmlns=""http://schemas.microsoft.com/win/2004/08/events/event""><System><Provider Name=""Microsoft-Windows-Sysmon"" Guid=""{5770385F-C22A-43E0-BF4C-06F5698FFBD9}""/><EventID>12</EventID><Version>4</Version><Level>4</Level><Task>1</Task><Opcode>0</Opcode><Keywords>0x8000000000000000</Keywords><TimeCreated SystemTime=""2024-06-15T08:23:14.371Z""/><EventRecordID>18452</EventRecordID><Correlation/><Execution ProcessID=""572"" ThreadID=""3328""/><Channel>Microsoft-Windows-Sysmon/Operational</Channel><Computer>WIN-SERVER001.contoso.com</Computer><Security UserID=""S-1-5-18""/></System><EventData><Data Name=""RuleName"">technique_id=T1112,technique_name=Modify Registry</Data><Data Name=""EventType"">CreateKey</Data><Data Name=""UtcTime"">2024-06-15 08:23:14.340</Data><Data Name=""ProcessGuid"">{9A4C8C56-3A52-6624-0000-0010E2F70000}</Data><Data Name=""ProcessId"">572</Data><Data Name=""Image"">C:\Windows\System32\lsass.exe</Data><Data Name=""TargetObject"">HKLM\SOFTWARE\Contoso\TestKey</Data><Data Name=""Details""></Data><Data Name=""User"">CONTOSO\svc_sysmon</Data></EventData></Event>",a1b2c3d4-5678-4ef0-90ab-223344556677,2024-06-15T08:23:14.371Z,COLLECTOR01.contoso.com,Event,Microsoft-Windows-Sysmon,Microsoft-Windows-Sysmon/Operational,12544,CONTOSO\svc_sysmon,Registry key created by process C:\Windows\System32\lsass.exe,<Param1>C:\Windows\System32\lsass.exe</Param1><Param2>HKLM\SOFTWARE\Contoso\TestKey</Param2>,Sysmon Event: Registry key HKLM\SOFTWARE\Contoso\TestKey created by process C:\Windows\System32\lsass.exe (PID 572),bd2c3a4e-8f9e-45b6-8cfa-0d337e2e9d13,90b1a2d3-2459-4c45-8b99-9c1e5ecfd500,IaaS,/subscriptions/12345678-1234-1234-1234-123456789abc/resourceGroups/contoso-rg/providers/Microsoft.Compute/virtualMachines/WIN-SERVER001
b1d2e3f4-9876-4c21-8a01-334455667788,OpsManager,2024-06-15T09:14:02.987Z,Microsoft-Windows-Sysmon,Microsoft-Windows-Sysmon/Operational,DC01.corp.contoso.com,1,4,Information,"{""RuleName"":""technique_id=T1112,technique_name=Modify Registry"",""EventType"":""SetValue"",""UtcTime"":""2024-06-15 09:14:02.960"",""ProcessGuid"":""{A7B5E8D2-6C89-4F12-9E4A-0015F3B60000}"",""ProcessId"":""1276"",""Image"":""C:\\Windows\\System32\\svchost.exe"",""TargetObject"":""HKLM\\SYSTEM\\CurrentControlSet\\Services\\W32Time\\Start"",""Details"":""2"",""User"":""CORP\\admin""}",13,AOI-99887766,S-1-5-21-3623811015-3361044348-30300820-500,4,0,0x8000000000000000,,1276,1132,29584,"<EventData><Data Name=""RuleName"">technique_id=T1112,technique_name=Modify Registry</Data><Data Name=""EventType"">SetValue</Data><Data Name=""UtcTime"">2024-06-15 09:14:02.960</Data><Data Name=""ProcessGuid"">{A7B5E8D2-6C89-4F12-9E4A-0015F3B60000}</Data><Data Name=""ProcessId"">1276</Data><Data Name=""Image"">C:\Windows\System32\svchost.exe</Data><Data Name=""TargetObject"">HKLM\SYSTEM\CurrentControlSet\Services\W32Time\Start</Data><Data Name=""Details"">2</Data><Data Name=""User"">CORP\admin</Data></EventData>","<Event xmlns=""http://schemas.microsoft.com/win/2004/08/events/event""><System><Provider Name=""Microsoft-Windows-Sysmon"" Guid=""{5770385F-C22A-43E0-BF4C-06F5698FFBD9}""/><EventID>13</EventID><Version>4</Version><Level>4</Level><Task>1</Task><Opcode>0</Opcode><Keywords>0x8000000000000000</Keywords><TimeCreated SystemTime=""2024-06-15T09:14:02.987Z""/><EventRecordID>29584</EventRecordID><Correlation/><Execution ProcessID=""1276"" ThreadID=""1132""/><Channel>Microsoft-Windows-Sysmon/Operational</Channel><Computer>DC01.corp.contoso.com</Computer><Security UserID=""S-1-5-21-3623811015-3361044348-30300820-500""/></System><EventData><Data Name=""RuleName"">technique_id=T1112,technique_name=Modify Registry</Data><Data Name=""EventType"">SetValue</Data><Data Name=""UtcTime"">2024-06-15 09:14:02.960</Data><Data Name=""ProcessGuid"">{A7B5E8D2-6C89-4F12-9E4A-0015F3B60000}</Data><Data Name=""ProcessId"">1276</Data><Data Name=""Image"">C:\Windows\System32\svchost.exe</Data><Data Name=""TargetObject"">HKLM\SYSTEM\CurrentControlSet\Services\W32Time\Start</Data><Data Name=""Details"">2</Data><Data Name=""User"">CORP\admin</Data></EventData></Event>",b2c3d4e5-6789-4b10-a0bc-334455667788,2024-06-15T09:14:02.987Z,COLLECTOR02.corp.contoso.com,Event,Microsoft-Windows-Sysmon,Microsoft-Windows-Sysmon/Operational,12544,CORP\admin,Registry value set by process C:\Windows\System32\svchost.exe,<Param1>C:\Windows\System32\svchost.exe</Param1><Param2>HKLM\SYSTEM\CurrentControlSet\Services\W32Time\Start</Param2><Param3>2</Param3>,Sysmon Event: Registry value Start in HKLM\SYSTEM\CurrentControlSet\Services\W32Time set to 2 by process C:\Windows\System32\svchost.exe (PID 1276),c8d9e0f1-2345-4b67-9abc-11de23f4e567,1ab2c3d4-99ff-4c23-8e01-ffeecc998877,IaaS,/subscriptions/23456789-abcd-2345-abcd-23456789abcd/resourceGroups/corp-rg/providers/Microsoft.Compute/virtualMachines/DC01
a1b2c3d4-5678-90ab-cdef-1234567890ab,OpsManager,2024-06-18T13:47:28.401Z,Microsoft-Windows-Sysmon,Security,WIN-SERVER001.contoso.com,1,4,Information,"{""RuleName"":""technique_id=T1112,technique_name=Modify Registry"",""EventType"":""CreateKey"",""UtcTime"":""2024-06-18 13:47:28.401"",""ProcessGuid"":""{bde4a862-1c4e-4c8c-8cb7-ccb4f65c1b2d}"",""ProcessId"":""532"",""Image"":""C:\\Windows\\System32\\svchost.exe"",""TargetObject"":""HKLM\\SOFTWARE\\Contoso\\TestKey"",""Details"":"""",""User"":""CONTOSO\\administrator""}",12,AOI-87654321,S-1-5-18,5.01,0,0x8020000000000000,,532,4128,276338,"<EventData><Data Name=""RuleName"">technique_id=T1112,technique_name=Modify Registry</Data><Data Name=""EventType"">CreateKey</Data><Data Name=""UtcTime"">2024-06-18 13:47:28.401</Data><Data Name=""ProcessGuid"">{bde4a862-1c4e-4c8c-8cb7-ccb4f65c1b2d}</Data><Data Name=""ProcessId"">532</Data><Data Name=""Image"">C:\Windows\System32\svchost.exe</Data><Data Name=""TargetObject"">HKLM\SOFTWARE\Contoso\TestKey</Data><Data Name=""Details""></Data><Data Name=""User"">CONTOSO\administrator</Data></EventData>","<Event xmlns=""http://schemas.microsoft.com/win/2004/08/events/event""><System><Provider Name=""Microsoft-Windows-Sysmon""/><EventID Qualifiers=""0"">12</EventID><Level>4</Level><Task>1</Task><Keywords>0x8020000000000000</Keywords><TimeCreated SystemTime=""2024-06-18T13:47:28.401Z""/><EventRecordID>276338</EventRecordID><Channel>Security</Channel><Computer>WIN-SERVER001.contoso.com</Computer><Security UserID=""S-1-5-18""/></System><EventData><Data Name=""RuleName"">technique_id=T1112,technique_name=Modify Registry</Data><Data Name=""EventType"">CreateKey</Data><Data Name=""UtcTime"">2024-06-18 13:47:28.401</Data><Data Name=""ProcessGuid"">{bde4a862-1c4e-4c8c-8cb7-ccb4f65c1b2d}</Data><Data Name=""ProcessId"">532</Data><Data Name=""Image"">C:\Windows\System32\svchost.exe</Data><Data Name=""TargetObject"">HKLM\SOFTWARE\Contoso\TestKey</Data><Data Name=""Details""></Data><Data Name=""User"">CONTOSO\administrator</Data></EventData></Event>",{4d36e967-e325-11ce-bfc1-08002be10318},2024-06-18T13:47:28.401Z,COLLECTOR-01.contoso.com,Event,Microsoft-Windows-Sysmon,Security,12544,CONTOSO\administrator,Registry key was created by process C:\Windows\System32\svchost.exe.,<Param1>HKLM\SOFTWARE\Contoso\TestKey</Param1><Param2>{bde4a862-1c4e-4c8c-8cb7-ccb4f65c1b2d}</Param2>,Sysmon: Registry key created (HKLM\SOFTWARE\Contoso\TestKey) by process svchost.exe (PID 532).,d5e6f7a8-1234-4b5c-9d8f-12345678abcd,2f1b3d4c-5e6a-789b-cdef-23456789abcd,IaaS,/subscriptions/12345678-90ab-cdef-1234-567890abcdef/resourceGroups/contoso-rg/providers/Microsoft.Compute/virtualMachines/WIN-SERVER001
b2c3d4e5-6789-0abc-def1-234567890abc,OpsManager,2024-06-18T14:09:12.789Z,Microsoft-Windows-Sysmon,Security,WIN-WORKSTATION07.contoso.com,1,4,Information,"{""RuleName"":""technique_id=T1112,technique_name=Modify Registry"",""EventType"":""SetValue"",""UtcTime"":""2024-06-18 14:09:12.789"",""ProcessGuid"":""{e7f1c2b3-9c5d-4c7e-b2f4-cf8e65c8d2a1}"",""ProcessId"":""2984"",""Image"":""C:\\Program Files\\App\\app.exe"",""TargetObject"":""HKU\\S-1-5-21-1234567890-2345678901-3456789012-1001\\Software\\Contoso\\Settings\\Theme"",""Details"":""Dark"",""User"":""CONTOSO\\jane.smith""}",13,AOI-12345678,S-1-5-21-1234567890-2345678901-3456789012-1001,5.01,0,0x8020000000000000,,2984,1892,284112,"<EventData><Data Name=""RuleName"">technique_id=T1112,technique_name=Modify Registry</Data><Data Name=""EventType"">SetValue</Data><Data Name=""UtcTime"">2024-06-18 14:09:12.789</Data><Data Name=""ProcessGuid"">{e7f1c2b3-9c5d-4c7e-b2f4-cf8e65c8d2a1}</Data><Data Name=""ProcessId"">2984</Data><Data Name=""Image"">C:\Program Files\App\app.exe</Data><Data Name=""TargetObject"">HKU\S-1-5-21-1234567890-2345678901-3456789012-1001\Software\Contoso\Settings\Theme</Data><Data Name=""Details"">Dark</Data><Data Name=""User"">CONTOSO\jane.smith</Data></EventData>","<Event xmlns=""http://schemas.microsoft.com/win/2004/08/events/event""><System><Provider Name=""Microsoft-Windows-Sysmon""/><EventID Qualifiers=""0"">13</EventID><Level>4</Level><Task>1</Task><Keywords>0x8020000000000000</Keywords><TimeCreated SystemTime=""2024-06-18T14:09:12.789Z""/><EventRecordID>284112</EventRecordID><Channel>Security</Channel><Computer>WIN-WORKSTATION07.contoso.com</Computer><Security UserID=""S-1-5-21-1234567890-2345678901-3456789012-1001""/></System><EventData><Data Name=""RuleName"">technique_id=T1112,technique_name=Modify Registry</Data><Data Name=""EventType"">SetValue</Data><Data Name=""UtcTime"">2024-06-18 14:09:12.789</Data><Data Name=""ProcessGuid"">{e7f1c2b3-9c5d-4c7e-b2f4-cf8e65c8d2a1}</Data><Data Name=""ProcessId"">2984</Data><Data Name=""Image"">C:\Program Files\App\app.exe</Data><Data Name=""TargetObject"">HKU\S-1-5-21-1234567890-2345678901-3456789012-1001\Software\Contoso\Settings\Theme</Data><Data Name=""Details"">Dark</Data><Data Name=""User"">CONTOSO\jane.smith</Data></EventData></Event>",{1a2b3c4d-56e7-89f0-abcd-23456789ef01},2024-06-18T14:09:12.789Z,COLLECTOR-02.contoso.com,Event,Microsoft-Windows-Sysmon,Security,12544,CONTOSO\jane.smith,Registry value was set by process C:\Program Files\App\app.exe.,<Param1>HKU\S-1-5-21-1234567890-2345678901-3456789012-1001\Software\Contoso\Settings\Theme</Param1><Param2>Dark</Param2>,Sysmon: Registry value set (HKU\S-1-5-21-...\Settings\Theme = Dark) by process app.exe (PID 2984).,bc72da59-4321-4bc2-a9e8-09876543abcd,c1d2e3f4-5678-90ab-cdef-34567890abcd,IaaS,/subscriptions/23456789-0abc-def1-2345-67890abcdef1/resourceGroups/contoso-workstations/providers/Microsoft.Compute/virtualMachines/WIN-WORKSTATION07
