"00000000-0000-0000-0000-000000000000","4/20/2023, 6:41:36.360 PM",OpsManager,"KUSTOWORKS\Administrator",User,"DC1.kustoworks.com","Microsoft-Windows-Security-Auditing",Security,1,0,"<EventData xmlns=""http://schemas.microsoft.com/win/2004/08/events/event"">
  <Data Name=""OpCorrelationID"">{5cc8534b-0828-48d9-89e1-f51bf4d750e8}</Data>
  <Data Name=""AppCorrelationID"">-</Data>
  <Data Name=""SubjectUserSid"">S-1-5-21-2496762881-1366215883-1809657155-500</Data>
  <Data Name=""SubjectUserName"">Administrator</Data>
  <Data Name=""SubjectDomainName"">KUSTOWORKS</Data>
  <Data Name=""SubjectLogonId"">0x3aeb8e</Data>
  <Data Name=""DSName"">kustoworks.com</Data>
  <Data Name=""DSType"">%%14676</Data>
  <Data Name=""ObjectDN"">cn=subscriptionuser,CN=Users,DC=kustoworks,DC=com</Data>
  <Data Name=""ObjectGUID"">{7a6e8d45-7da6-4bc5-8dae-0bb252219fd4}</Data>
  <Data Name=""ObjectClass"">user</Data>
  <Data Name=""AttributeLDAPDisplayName"">sAMAccountName</Data>
  <Data Name=""AttributeSyntaxOID"">2.5.5.12</Data>
  <Data Name=""AttributeValue"">subscriptionuser</Data>
  <Data Name=""OperationType"">%%14674</Data>
</EventData>",5136,"5136 - A directory service object was modified.","cc046e6c-795c-47b2-a5ae-c9a0645e6d32","cc046e6c-795c-47b2-a5ae-c9a0645e6d33","00000000-0000-0000-0000-000000000001","4/20/2023, 6:41:55.737 PM","AOI-00000000-0000-0000-0000-000000000000",,,,,,,,,,,,,,,,,,,,,,,,,,,,,,,,,,,,,,,,,,,,,,,,,,,,,,,,,,,,,,,,,,,,,,,,,,,,,,,,,,,,,,,,,,,,,,,,,,,,,,,,,,,,,,,,,,,,"%%14674",,,,,,,,,,,,,,,,,,,,,,,,,,,,,,,,,,,,,,,,,,,"KUSTOWORKS\Administrator",,,,KUSTOWORKS,,0x3aeb8e,,,Administrator,"S-1-5-21-2496762881-1366215883-1809657155-500",,,,,,,,,,,,,,,,,,,,,,,,,,,,,,,,,,,,,SecurityEvent,"/subscriptions/00000000-0000-0000-0000-000000000000/resourcegroups/kustoworksarc/providers/microsoft.hybridcompute/machines/dc1"
"00000000-0000-0000-0000-000000000000","4/20/2023, 6:41:36.360 PM",OpsManager,"KUSTOWORKS\Administrator",User,"DC1.kustoworks.com","Microsoft-Windows-Security-Auditing",Security,1,0,"<EventData xmlns=""http://schemas.microsoft.com/win/2004/08/events/event"">
  <Data Name=""OpCorrelationID"">{5cc8534b-0828-48d9-89e1-f51bf4d750e8}</Data>
  <Data Name=""AppCorrelationID"">-</Data>
  <Data Name=""SubjectUserSid"">S-1-5-21-2496762881-1366215883-1809657155-500</Data>
  <Data Name=""SubjectUserName"">Administrator</Data>
  <Data Name=""SubjectDomainName"">KUSTOWORKS</Data>
  <Data Name=""SubjectLogonId"">0x3aeb8e</Data>
  <Data Name=""DSName"">kustoworks.com</Data>
  <Data Name=""DSType"">%%14676</Data>
  <Data Name=""ObjectDN"">cn=subscriptionuser,CN=Users,DC=kustoworks,DC=com</Data>
  <Data Name=""ObjectGUID"">{7a6e8d45-7da6-4bc5-8dae-0bb252219fd4}</Data>
  <Data Name=""ObjectClass"">user</Data>
  <Data Name=""AttributeLDAPDisplayName"">userPrincipalName</Data>
  <Data Name=""AttributeSyntaxOID"">2.5.5.12</Data>
  <Data Name=""AttributeValue"">subscriptionuser@kustoworks.com</Data>
  <Data Name=""OperationType"">%%14674</Data>
</EventData>",5136,"5136 - A directory service object was modified.","cc046e6c-795c-47b2-a5ae-c9a0645e6d32","cc046e6c-795c-47b2-a5ae-c9a0645e6d33","00000000-0000-0000-0000-000000000001","4/20/2023, 6:41:55.737 PM","AOI-00000000-0000-0000-0000-000000000000",,,,,,,,,,,,,,,,,,,,,,,,,,,,,,,,,,,,,,,,,,,,,,,,,,,,,,,,,,,,,,,,,,,,,,,,,,,,,,,,,,,,,,,,,,,,,,,,,,,,,,,,,,,,,,,,,,,,"%%14674",,,,,,,,,,,,,,,,,,,,,,,,,,,,,,,,,,,,,,,,,,,"KUSTOWORKS\Administrator",,,,KUSTOWORKS,,0x3aeb8e,,,Administrator,"S-1-5-21-2496762881-1366215883-1809657155-500",,,,,,,,,,,,,,,,,,,,,,,,,,,,,,,,,,,,,SecurityEvent,"/subscriptions/00000000-0000-0000-0000-000000000000/resourcegroups/kustoworksarc/providers/microsoft.hybridcompute/machines/dc1"
"00000000-0000-0000-0000-000000000000","4/20/2023, 6:41:36.360 PM",OpsManager,"KUSTOWORKS\Administrator",User,"DC1.kustoworks.com","Microsoft-Windows-Security-Auditing",Security,1,0,"<EventData xmlns=""http://schemas.microsoft.com/win/2004/08/events/event"">
  <Data Name=""OpCorrelationID"">{5cc8534b-0828-48d9-89e1-f51bf4d750e8}</Data>
  <Data Name=""AppCorrelationID"">-</Data>
  <Data Name=""SubjectUserSid"">S-1-5-21-2496762881-1366215883-1809657155-500</Data>
  <Data Name=""SubjectUserName"">Administrator</Data>
  <Data Name=""SubjectDomainName"">KUSTOWORKS</Data>
  <Data Name=""SubjectLogonId"">0x3aeb8e</Data>
  <Data Name=""DSName"">kustoworks.com</Data>
  <Data Name=""DSType"">%%14676</Data>
  <Data Name=""ObjectDN"">cn=subscriptionuser,CN=Users,DC=kustoworks,DC=com</Data>
  <Data Name=""ObjectGUID"">{7a6e8d45-7da6-4bc5-8dae-0bb252219fd4}</Data>
  <Data Name=""ObjectClass"">user</Data>
  <Data Name=""AttributeLDAPDisplayName"">displayName</Data>
  <Data Name=""AttributeSyntaxOID"">2.5.5.12</Data>
  <Data Name=""AttributeValue"">subscriptionuser</Data>
  <Data Name=""OperationType"">%%14674</Data>
</EventData>",5136,"5136 - A directory service object was modified.","cc046e6c-795c-47b2-a5ae-c9a0645e6d32","cc046e6c-795c-47b2-a5ae-c9a0645e6d33","00000000-0000-0000-0000-000000000001","4/20/2023, 6:41:55.737 PM","AOI-00000000-0000-0000-0000-000000000000",,,,,,,,,,,,,,,,,,,,,,,,,,,,,,,,,,,,,,,,,,,,,,,,,,,,,,,,,,,,,,,,,,,,,,,,,,,,,,,,,,,,,,,,,,,,,,,,,,,,,,,,,,,,,,,,,,,,"%%14674",,,,,,,,,,,,,,,,,,,,,,,,,,,,,,,,,,,,,,,,,,,"KUSTOWORKS\Administrator",,,,KUSTOWORKS,,0x3aeb8e,,,Administrator,"S-1-5-21-2496762881-1366215883-1809657155-500",,,,,,,,,,,,,,,,,,,,,,,,,,,,,,,,,,,,,SecurityEvent,"/subscriptions/00000000-0000-0000-0000-000000000000/resourcegroups/kustoworksarc/providers/microsoft.hybridcompute/machines/dc1"
"00000000-0000-0000-0000-000000000000","4/20/2023, 6:41:36.361 PM",OpsManager,"KUSTOWORKS\Administrator",User,"DC1.kustoworks.com","Microsoft-Windows-Security-Auditing",Security,1,0,"<EventData xmlns=""http://schemas.microsoft.com/win/2004/08/events/event"">
  <Data Name=""OpCorrelationID"">{5cc8534b-0828-48d9-89e1-f51bf4d750e8}</Data>
  <Data Name=""AppCorrelationID"">-</Data>
  <Data Name=""SubjectUserSid"">S-1-5-21-2496762881-1366215883-1809657155-500</Data>
  <Data Name=""SubjectUserName"">Administrator</Data>
  <Data Name=""SubjectDomainName"">KUSTOWORKS</Data>
  <Data Name=""SubjectLogonId"">0x3aeb8e</Data>
  <Data Name=""DSName"">kustoworks.com</Data>
  <Data Name=""DSType"">%%14676</Data>
  <Data Name=""ObjectDN"">cn=subscriptionuser,CN=Users,DC=kustoworks,DC=com</Data>
  <Data Name=""ObjectGUID"">{7a6e8d45-7da6-4bc5-8dae-0bb252219fd4}</Data>
  <Data Name=""ObjectClass"">user</Data>
  <Data Name=""AttributeLDAPDisplayName"">givenName</Data>
  <Data Name=""AttributeSyntaxOID"">2.5.5.12</Data>
  <Data Name=""AttributeValue"">subscriptionuser</Data>
  <Data Name=""OperationType"">%%14674</Data>
</EventData>",5136,"5136 - A directory service object was modified.","cc046e6c-795c-47b2-a5ae-c9a0645e6d32","cc046e6c-795c-47b2-a5ae-c9a0645e6d33","00000000-0000-0000-0000-000000000001","4/20/2023, 6:41:55.737 PM","AOI-00000000-0000-0000-0000-000000000000",,,,,,,,,,,,,,,,,,,,,,,,,,,,,,,,,,,,,,,,,,,,,,,,,,,,,,,,,,,,,,,,,,,,,,,,,,,,,,,,,,,,,,,,,,,,,,,,,,,,,,,,,,,,,,,,,,,,"%%14674",,,,,,,,,,,,,,,,,,,,,,,,,,,,,,,,,,,,,,,,,,,"KUSTOWORKS\Administrator",,,,KUSTOWORKS,,0x3aeb8e,,,Administrator,"S-1-5-21-2496762881-1366215883-1809657155-500",,,,,,,,,,,,,,,,,,,,,,,,,,,,,,,,,,,,,SecurityEvent,"/subscriptions/00000000-0000-0000-0000-000000000000/resourcegroups/kustoworksarc/providers/microsoft.hybridcompute/machines/dc1"
"00000000-0000-0000-0000-000000000000","4/20/2023, 6:41:36.361 PM",OpsManager,"KUSTOWORKS\Administrator",User,"DC1.kustoworks.com","Microsoft-Windows-Security-Auditing",Security,1,0,"<EventData xmlns=""http://schemas.microsoft.com/win/2004/08/events/event"">
  <Data Name=""OpCorrelationID"">{5cc8534b-0828-48d9-89e1-f51bf4d750e8}</Data>
  <Data Name=""AppCorrelationID"">-</Data>
  <Data Name=""SubjectUserSid"">S-1-5-21-2496762881-1366215883-1809657155-500</Data>
  <Data Name=""SubjectUserName"">Administrator</Data>
  <Data Name=""SubjectDomainName"">KUSTOWORKS</Data>
  <Data Name=""SubjectLogonId"">0x3aeb8e</Data>
  <Data Name=""DSName"">kustoworks.com</Data>
  <Data Name=""DSType"">%%14676</Data>
  <Data Name=""ObjectDN"">cn=subscriptionuser,CN=Users,DC=kustoworks,DC=com</Data>
  <Data Name=""ObjectGUID"">{7a6e8d45-7da6-4bc5-8dae-0bb252219fd4}</Data>
  <Data Name=""ObjectClass"">user</Data>
  <Data Name=""AttributeLDAPDisplayName"">objectClass</Data>
  <Data Name=""AttributeSyntaxOID"">2.5.5.2</Data>
  <Data Name=""AttributeValue"">1.2.840.113556.1.5.9</Data>
  <Data Name=""OperationType"">%%14674</Data>
</EventData>",5136,"5136 - A directory service object was modified.","cc046e6c-795c-47b2-a5ae-c9a0645e6d32","cc046e6c-795c-47b2-a5ae-c9a0645e6d33","00000000-0000-0000-0000-000000000001","4/20/2023, 6:41:55.737 PM","AOI-00000000-0000-0000-0000-000000000000",,,,,,,,,,,,,,,,,,,,,,,,,,,,,,,,,,,,,,,,,,,,,,,,,,,,,,,,,,,,,,,,,,,,,,,,,,,,,,,,,,,,,,,,,,,,,,,,,,,,,,,,,,,,,,,,,,,,"%%14674",,,,,,,,,,,,,,,,,,,,,,,,,,,,,,,,,,,,,,,,,,,"KUSTOWORKS\Administrator",,,,KUSTOWORKS,,0x3aeb8e,,,Administrator,"S-1-5-21-2496762881-1366215883-1809657155-500",,,,,,,,,,,,,,,,,,,,,,,,,,,,,,,,,,,,,SecurityEvent,"/subscriptions/00000000-0000-0000-0000-000000000000/resourcegroups/kustoworksarc/providers/microsoft.hybridcompute/machines/dc1"
"00000000-0000-0000-0000-000000000000","4/20/2023, 6:41:46.375 PM",OpsManager,"KUSTOWORKS\Administrator",User,"DC1.kustoworks.com","Microsoft-Windows-Security-Auditing",Security,1,0,"<EventData xmlns=""http://schemas.microsoft.com/win/2004/08/events/event"">
  <Data Name=""OpCorrelationID"">{8a6b7246-754b-420f-acbb-dcfa78de5ccb}</Data>
  <Data Name=""AppCorrelationID"">-</Data>
  <Data Name=""SubjectUserSid"">S-1-5-21-2496762881-1366215883-1809657155-500</Data>
  <Data Name=""SubjectUserName"">Administrator</Data>
  <Data Name=""SubjectDomainName"">KUSTOWORKS</Data>
  <Data Name=""SubjectLogonId"">0x3aeb8e</Data>
  <Data Name=""DSName"">kustoworks.com</Data>
  <Data Name=""DSType"">%%14676</Data>
  <Data Name=""ObjectDN"">cn=subscriptionuser,CN=Users,DC=kustoworks,DC=com</Data>
  <Data Name=""ObjectGUID"">{7a6e8d45-7da6-4bc5-8dae-0bb252219fd4}</Data>
  <Data Name=""ObjectClass"">user</Data>
  <Data Name=""AttributeLDAPDisplayName"">nTSecurityDescriptor</Data>
  <Data Name=""AttributeSyntaxOID"">2.5.5.15</Data>
  <Data Name=""AttributeValue"">O:DAG:DAD:AI(OA;;RP;4c164200-20c0-11d0-a768-00aa006e0529;;RS)(OA;;RP;5f202010-79a5-11d0-9020-00c04fc2d4cf;;RS)(OA;;RP;bc0ac240-79a9-11d0-9020-00c04fc2d4cf;;RS)(OA;;RP;037088f8-0ae1-11d2-b422-00a0c968f939;;RS)(OA;;RPWP;bf967a7f-0de6-11d0-a285-00aa003049e2;;CA)(OA;;RP;46a9b11d-60ae-405a-b7e8-ff8a58d456d2;;S-1-5-32-560)(OA;;RPWP;6db69a1c-9422-11d1-aebd-0000f80367c1;;S-1-5-32-561)(OA;;RPWP;5805bc62-bdc9-4428-a5e2-856a0f4c185e;;S-1-5-32-561)(OA;;CR;ab721a53-1e2f-11d0-9819-00aa0040529b;;WD)(OA;;CR;ab721a53-1e2f-11d0-9819-00aa0040529b;;PS)(OA;;CR;ab721a54-1e2f-11d0-9819-00aa0040529b;;PS)(OA;;CR;ab721a56-1e2f-11d0-9819-00aa0040529b;;PS)(OA;;RP;59ba2f42-79a2-11d0-9020-00c04fc2d3cf;;AU)(OA;;RP;e48d0154-bcf8-11d1-8702-00c04fb96050;;AU)(OA;;RP;77b5b886-944a-11d1-aebd-0000f80367c1;;AU)(OA;;RP;e45795b3-9455-11d1-aebd-0000f80367c1;;AU)(OA;;RPWP;77b5b886-944a-11d1-aebd-0000f80367c1;;PS)(OA;;RPWP;e45795b2-9455-11d1-aebd-0000f80367c1;;PS)(OA;;RPWP;e45795b3-9455-11d1-aebd-0000f80367c1;;PS)(A;;CCDCLCSWRPWPDTLOCRSDRCWDWO;;;DA)(A;;CCDCLCSWRPWPDTLOCRSDRCWDWO;;;AO)(A;;RC;;;AU)(A;;LCRPLORC;;;PS)(A;;CCDCLCSWRPWPDTLOCRSDRCWDWO;;;SY)(OA;CIIOID;RP;4c164200-20c0-11d0-a768-00aa006e0529;4828cc14-1437-45bc-9b07-ad6f015e5f28;RU)(OA;CIID;RP;4c164200-20c0-11d0-a768-00aa006e0529;bf967aba-0de6-11d0-a285-00aa003049e2;RU)(OA;CIIOID;RP;5f202010-79a5-11d0-9020-00c04fc2d4cf;4828cc14-1437-45bc-9b07-ad6f015e5f28;RU)(OA;CIID;RP;5f202010-79a5-11d0-9020-00c04fc2d4cf;bf967aba-0de6-11d0-a285-00aa003049e2;RU)(OA;CIIOID;RP;bc0ac240-79a9-11d0-9020-00c04fc2d4cf;4828cc14-1437-45bc-9b07-ad6f015e5f28;RU)(OA;CIID;RP;bc0ac240-79a9-11d0-9020-00c04fc2d4cf;bf967aba-0de6-11d0-a285-00aa003049e2;RU)(OA;CIIOID;RP;59ba2f42-79a2-11d0-9020-00c04fc2d3cf;4828cc14-1437-45bc-9b07-ad6f015e5f28;RU)(OA;CIID;RP;59ba2f42-79a2-11d0-9020-00c04fc2d3cf;bf967aba-0de6-11d0-a285-00aa003049e2;RU)(OA;CIIOID;RP;037088f8-0ae1-11d2-b422-00a0c968f939;4828cc14-1437-45bc-9b07-ad6f015e5f28;RU)(OA;CIID;RP;037088f8-0ae1-11d2-b422-00a0c968f939;bf967aba-0de6-11d0-a285-00aa003049e2;RU)(OA;CIID;RPWP;5b47d60f-6090-40b2-9f37-2a4de88f3063;;S-1-5-21-2496762881-1366215883-1809657155-526)(OA;CIID;RPWP;5b47d60f-6090-40b2-9f37-2a4de88f3063;;S-1-5-21-2496762881-1366215883-1809657155-527)(OA;CIIOID;SW;9b026da6-0d3c-465c-8bee-5199d7165cba;bf967a86-0de6-11d0-a285-00aa003049e2;CO)(OA;CIIOID;SW;9b026da6-0d3c-465c-8bee-5199d7165cba;bf967a86-0de6-11d0-a285-00aa003049e2;PS)(OA;CIIOID;RP;b7c69e6d-2cc7-11d2-854e-00a0c983f608;bf967a86-0de6-11d0-a285-00aa003049e2;ED)(OA;CIIOID;RP;b7c69e6d-2cc7-11d2-854e-00a0c983f608;bf967a9c-0de6-11d0-a285-00aa003049e2;ED)(OA;CIID;RP;b7c69e6d-2cc7-11d2-854e-00a0c983f608;bf967aba-0de6-11d0-a285-00aa003049e2;ED)(OA;CIIOID;WP;ea1b7b93-5e48-46d5-bc6c-4df4fda78a35;bf967a86-0de6-11d0-a285-00aa003049e2;PS)(OA;CIIOID;LCRPLORC;;4828cc14-1437-45bc-9b07-ad6f015e5f28;RU)(OA;CIIOID;LCRPLORC;;bf967a9c-0de6-11d0-a285-00aa003049e2;RU)(OA;CIID;LCRPLORC;;bf967aba-0de6-11d0-a285-00aa003049e2;RU)(OA;OICIID;RPWP;3f78c3e5-f79a-46bd-a0b8-9d18116ddc79;;PS)(OA;CIID;RPWPCR;91e647de-d96f-4b70-9557-d63ff4f3ccd8;;PS)(A;CIID;CCDCLCSWRPWPDTLOCRSDRCWDWO;;;S-1-5-21-2496762881-1366215883-1809657155-519)(A;CIID;LC;;;RU)(A;CIID;CCLCSWRPWPLOCRSDRCWDWO;;;BA)S:AI(OU;CIIOIDSA;WP;f30e3bbe-9ff0-11d1-b603-0000f80367c1;bf967aa5-0de6-11d0-a285-00aa003049e2;WD)(OU;CIIOIDSA;WP;f30e3bbf-9ff0-11d1-b603-0000f80367c1;bf967aa5-0de6-11d0-a285-00aa003049e2;WD)(OU;CIIOIDSA;CCDCSWWPDTCRSDWDWO;;ce206244-5827-4a86-ba1c-1c0c386c1b64;WD)(OU;CIIOIDSA;CCDCSWWPDTCRSDWDWO;;bf967a86-0de6-11d0-a285-00aa003049e2;WD)(OU;CIIOIDSA;CCDCSWWPDTCRSDWDWO;;7b8b558a-93a5-4af7-adca-c017e67f1057;WD)(OU;CIIOIDSA;CCDCSWWPDTCRSDWDWO;;bf967a9c-0de6-11d0-a285-00aa003049e2;WD)(OU;CIIDSA;CCDCSWWPDTCRSDWDWO;;bf967aba-0de6-11d0-a285-00aa003049e2;WD)</Data>
  <Data Name=""OperationType"">%%14675</Data>
</EventData>",5136,"5136 - A directory service object was modified.","cc046e6c-795c-47b2-a5ae-c9a0645e6d32","cc046e6c-795c-47b2-a5ae-c9a0645e6d33","00000000-0000-0000-0000-000000000001","4/20/2023, 6:42:15.739 PM","AOI-00000000-0000-0000-0000-000000000000",,,,,,,,,,,,,,,,,,,,,,,,,,,,,,,,,,,,,,,,,,,,,,,,,,,,,,,,,,,,,,,,,,,,,,,,,,,,,,,,,,,,,,,,,,,,,,,,,,,,,,,,,,,,,,,,,,,,"%%14675",,,,,,,,,,,,,,,,,,,,,,,,,,,,,,,,,,,,,,,,,,,"KUSTOWORKS\Administrator",,,,KUSTOWORKS,,0x3aeb8e,,,Administrator,"S-1-5-21-2496762881-1366215883-1809657155-500",,,,,,,,,,,,,,,,,,,,,,,,,,,,,,,,,,,,,SecurityEvent,"/subscriptions/00000000-0000-0000-0000-000000000000/resourcegroups/kustoworksarc/providers/microsoft.hybridcompute/machines/dc1"
"00000000-0000-0000-0000-000000000000","4/20/2023, 6:41:46.375 PM",OpsManager,"KUSTOWORKS\Administrator",User,"DC1.kustoworks.com","Microsoft-Windows-Security-Auditing",Security,1,0,"<EventData xmlns=""http://schemas.microsoft.com/win/2004/08/events/event"">
  <Data Name=""OpCorrelationID"">{8a6b7246-754b-420f-acbb-dcfa78de5ccb}</Data>
  <Data Name=""AppCorrelationID"">-</Data>
  <Data Name=""SubjectUserSid"">S-1-5-21-2496762881-1366215883-1809657155-500</Data>
  <Data Name=""SubjectUserName"">Administrator</Data>
  <Data Name=""SubjectDomainName"">KUSTOWORKS</Data>
  <Data Name=""SubjectLogonId"">0x3aeb8e</Data>
  <Data Name=""DSName"">kustoworks.com</Data>
  <Data Name=""DSType"">%%14676</Data>
  <Data Name=""ObjectDN"">cn=subscriptionuser,CN=Users,DC=kustoworks,DC=com</Data>
  <Data Name=""ObjectGUID"">{7a6e8d45-7da6-4bc5-8dae-0bb252219fd4}</Data>
  <Data Name=""ObjectClass"">user</Data>
  <Data Name=""AttributeLDAPDisplayName"">nTSecurityDescriptor</Data>
  <Data Name=""AttributeSyntaxOID"">2.5.5.15</Data>
  <Data Name=""AttributeValue"">O:DAG:DAD:AI(OD;;CR;ab721a53-1e2f-11d0-9819-00aa0040529b;;WD)(OD;;CR;ab721a53-1e2f-11d0-9819-00aa0040529b;;PS)(OA;;RP;4c164200-20c0-11d0-a768-00aa006e0529;;RS)(OA;;RP;5f202010-79a5-11d0-9020-00c04fc2d4cf;;RS)(OA;;RP;bc0ac240-79a9-11d0-9020-00c04fc2d4cf;;RS)(OA;;RP;037088f8-0ae1-11d2-b422-00a0c968f939;;RS)(OA;;RPWP;bf967a7f-0de6-11d0-a285-00aa003049e2;;CA)(OA;;RP;46a9b11d-60ae-405a-b7e8-ff8a58d456d2;;S-1-5-32-560)(OA;;RPWP;6db69a1c-9422-11d1-aebd-0000f80367c1;;S-1-5-32-561)(OA;;RPWP;5805bc62-bdc9-4428-a5e2-856a0f4c185e;;S-1-5-32-561)(OA;;CR;ab721a53-1e2f-11d0-9819-00aa0040529b;;WD)(OA;;CR;ab721a53-1e2f-11d0-9819-00aa0040529b;;PS)(OA;;CR;ab721a54-1e2f-11d0-9819-00aa0040529b;;PS)(OA;;CR;ab721a56-1e2f-11d0-9819-00aa0040529b;;PS)(OA;;RP;59ba2f42-79a2-11d0-9020-00c04fc2d3cf;;AU)(OA;;RP;e48d0154-bcf8-11d1-8702-00c04fb96050;;AU)(OA;;RP;77b5b886-944a-11d1-aebd-0000f80367c1;;AU)(OA;;RP;e45795b3-9455-11d1-aebd-0000f80367c1;;AU)(OA;;RPWP;77b5b886-944a-11d1-aebd-0000f80367c1;;PS)(OA;;RPWP;e45795b2-9455-11d1-aebd-0000f80367c1;;PS)(OA;;RPWP;e45795b3-9455-11d1-aebd-0000f80367c1;;PS)(A;;CCDCLCSWRPWPDTLOCRSDRCWDWO;;;DA)(A;;CCDCLCSWRPWPDTLOCRSDRCWDWO;;;AO)(A;;RC;;;AU)(A;;LCRPLORC;;;PS)(A;;CCDCLCSWRPWPDTLOCRSDRCWDWO;;;SY)(OA;CIIOID;RP;4c164200-20c0-11d0-a768-00aa006e0529;4828cc14-1437-45bc-9b07-ad6f015e5f28;RU)(OA;CIID;RP;4c164200-20c0-11d0-a768-00aa006e0529;bf967aba-0de6-11d0-a285-00aa003049e2;RU)(OA;CIIOID;RP;5f202010-79a5-11d0-9020-00c04fc2d4cf;4828cc14-1437-45bc-9b07-ad6f015e5f28;RU)(OA;CIID;RP;5f202010-79a5-11d0-9020-00c04fc2d4cf;bf967aba-0de6-11d0-a285-00aa003049e2;RU)(OA;CIIOID;RP;bc0ac240-79a9-11d0-9020-00c04fc2d4cf;4828cc14-1437-45bc-9b07-ad6f015e5f28;RU)(OA;CIID;RP;bc0ac240-79a9-11d0-9020-00c04fc2d4cf;bf967aba-0de6-11d0-a285-00aa003049e2;RU)(OA;CIIOID;RP;59ba2f42-79a2-11d0-9020-00c04fc2d3cf;4828cc14-1437-45bc-9b07-ad6f015e5f28;RU)(OA;CIID;RP;59ba2f42-79a2-11d0-9020-00c04fc2d3cf;bf967aba-0de6-11d0-a285-00aa003049e2;RU)(OA;CIIOID;RP;037088f8-0ae1-11d2-b422-00a0c968f939;4828cc14-1437-45bc-9b07-ad6f015e5f28;RU)(OA;CIID;RP;037088f8-0ae1-11d2-b422-00a0c968f939;bf967aba-0de6-11d0-a285-00aa003049e2;RU)(OA;CIID;RPWP;5b47d60f-6090-40b2-9f37-2a4de88f3063;;S-1-5-21-2496762881-1366215883-1809657155-526)(OA;CIID;RPWP;5b47d60f-6090-40b2-9f37-2a4de88f3063;;S-1-5-21-2496762881-1366215883-1809657155-527)(OA;CIIOID;SW;9b026da6-0d3c-465c-8bee-5199d7165cba;bf967a86-0de6-11d0-a285-00aa003049e2;CO)(OA;CIIOID;SW;9b026da6-0d3c-465c-8bee-5199d7165cba;bf967a86-0de6-11d0-a285-00aa003049e2;PS)(OA;CIIOID;RP;b7c69e6d-2cc7-11d2-854e-00a0c983f608;bf967a86-0de6-11d0-a285-00aa003049e2;ED)(OA;CIIOID;RP;b7c69e6d-2cc7-11d2-854e-00a0c983f608;bf967a9c-0de6-11d0-a285-00aa003049e2;ED)(OA;CIID;RP;b7c69e6d-2cc7-11d2-854e-00a0c983f608;bf967aba-0de6-11d0-a285-00aa003049e2;ED)(OA;CIIOID;WP;ea1b7b93-5e48-46d5-bc6c-4df4fda78a35;bf967a86-0de6-11d0-a285-00aa003049e2;PS)(OA;CIIOID;LCRPLORC;;4828cc14-1437-45bc-9b07-ad6f015e5f28;RU)(OA;CIIOID;LCRPLORC;;bf967a9c-0de6-11d0-a285-00aa003049e2;RU)(OA;CIID;LCRPLORC;;bf967aba-0de6-11d0-a285-00aa003049e2;RU)(OA;OICIID;RPWP;3f78c3e5-f79a-46bd-a0b8-9d18116ddc79;;PS)(OA;CIID;RPWPCR;91e647de-d96f-4b70-9557-d63ff4f3ccd8;;PS)(A;CIID;CCDCLCSWRPWPDTLOCRSDRCWDWO;;;S-1-5-21-2496762881-1366215883-1809657155-519)(A;CIID;LC;;;RU)(A;CIID;CCLCSWRPWPLOCRSDRCWDWO;;;BA)S:AI(OU;CIIOIDSA;WP;f30e3bbe-9ff0-11d1-b603-0000f80367c1;bf967aa5-0de6-11d0-a285-00aa003049e2;WD)(OU;CIIOIDSA;WP;f30e3bbf-9ff0-11d1-b603-0000f80367c1;bf967aa5-0de6-11d0-a285-00aa003049e2;WD)(OU;CIIOIDSA;CCDCSWWPDTCRSDWDWO;;ce206244-5827-4a86-ba1c-1c0c386c1b64;WD)(OU;CIIOIDSA;CCDCSWWPDTCRSDWDWO;;bf967a86-0de6-11d0-a285-00aa003049e2;WD)(OU;CIIOIDSA;CCDCSWWPDTCRSDWDWO;;7b8b558a-93a5-4af7-adca-c017e67f1057;WD)(OU;CIIOIDSA;CCDCSWWPDTCRSDWDWO;;bf967a9c-0de6-11d0-a285-00aa003049e2;WD)(OU;CIIDSA;CCDCSWWPDTCRSDWDWO;;bf967aba-0de6-11d0-a285-00aa003049e2;WD)</Data>
  <Data Name=""OperationType"">%%14674</Data>
</EventData>",5136,"5136 - A directory service object was modified.","cc046e6c-795c-47b2-a5ae-c9a0645e6d32","cc046e6c-795c-47b2-a5ae-c9a0645e6d33","00000000-0000-0000-0000-000000000001","4/20/2023, 6:42:15.739 PM","AOI-00000000-0000-0000-0000-000000000000",,,,,,,,,,,,,,,,,,,,,,,,,,,,,,,,,,,,,,,,,,,,,,,,,,,,,,,,,,,,,,,,,,,,,,,,,,,,,,,,,,,,,,,,,,,,,,,,,,,,,,,,,,,,,,,,,,,,"%%14674",,,,,,,,,,,,,,,,,,,,,,,,,,,,,,,,,,,,,,,,,,,"KUSTOWORKS\Administrator",,,,KUSTOWORKS,,0x3aeb8e,,,Administrator,"S-1-5-21-2496762881-1366215883-1809657155-500",,,,,,,,,,,,,,,,,,,,,,,,,,,,,,,,,,,,,SecurityEvent,"/subscriptions/00000000-0000-0000-0000-000000000000/resourcegroups/kustoworksarc/providers/microsoft.hybridcompute/machines/dc1"
"00000000-0000-0000-0000-000000000000","4/20/2023, 6:41:46.375 PM",OpsManager,"KUSTOWORKS\Administrator",User,"DC1.kustoworks.com","Microsoft-Windows-Security-Auditing",Security,1,0,"<EventData xmlns=""http://schemas.microsoft.com/win/2004/08/events/event"">
  <Data Name=""OpCorrelationID"">{11cfa9a6-a898-4608-b0f1-9def3558bc98}</Data>
  <Data Name=""AppCorrelationID"">-</Data>
  <Data Name=""SubjectUserSid"">S-1-5-21-2496762881-1366215883-1809657155-500</Data>
  <Data Name=""SubjectUserName"">Administrator</Data>
  <Data Name=""SubjectDomainName"">KUSTOWORKS</Data>
  <Data Name=""SubjectLogonId"">0x3aeb8e</Data>
  <Data Name=""DSName"">kustoworks.com</Data>
  <Data Name=""DSType"">%%14676</Data>
  <Data Name=""ObjectDN"">cn=subscriptionuser,CN=Users,DC=kustoworks,DC=com</Data>
  <Data Name=""ObjectGUID"">{7a6e8d45-7da6-4bc5-8dae-0bb252219fd4}</Data>
  <Data Name=""ObjectClass"">user</Data>
  <Data Name=""AttributeLDAPDisplayName"">userAccountControl</Data>
  <Data Name=""AttributeSyntaxOID"">2.5.5.9</Data>
  <Data Name=""AttributeValue"">546</Data>
  <Data Name=""OperationType"">%%14675</Data>
</EventData>",5136,"5136 - A directory service object was modified.","cc046e6c-795c-47b2-a5ae-c9a0645e6d32","cc046e6c-795c-47b2-a5ae-c9a0645e6d33","00000000-0000-0000-0000-000000000001","4/20/2023, 6:42:15.739 PM","AOI-00000000-0000-0000-0000-000000000000",,,,,,,,,,,,,,,,,,,,,,,,,,,,,,,,,,,,,,,,,,,,,,,,,,,,,,,,,,,,,,,,,,,,,,,,,,,,,,,,,,,,,,,,,,,,,,,,,,,,,,,,,,,,,,,,,,,,"%%14675",,,,,,,,,,,,,,,,,,,,,,,,,,,,,,,,,,,,,,,,,,,"KUSTOWORKS\Administrator",,,,KUSTOWORKS,,0x3aeb8e,,,Administrator,"S-1-5-21-2496762881-1366215883-1809657155-500",,,,,,,,,,,,,,,,,,,,,,,,,,,,,,,,,,,,,SecurityEvent,"/subscriptions/00000000-0000-0000-0000-000000000000/resourcegroups/kustoworksarc/providers/microsoft.hybridcompute/machines/dc1"
"00000000-0000-0000-0000-000000000000","4/20/2023, 6:41:46.376 PM",OpsManager,"KUSTOWORKS\Administrator",User,"DC1.kustoworks.com","Microsoft-Windows-Security-Auditing",Security,1,0,"<EventData xmlns=""http://schemas.microsoft.com/win/2004/08/events/event"">
  <Data Name=""OpCorrelationID"">{11cfa9a6-a898-4608-b0f1-9def3558bc98}</Data>
  <Data Name=""AppCorrelationID"">-</Data>
  <Data Name=""SubjectUserSid"">S-1-5-21-2496762881-1366215883-1809657155-500</Data>
  <Data Name=""SubjectUserName"">Administrator</Data>
  <Data Name=""SubjectDomainName"">KUSTOWORKS</Data>
  <Data Name=""SubjectLogonId"">0x3aeb8e</Data>
  <Data Name=""DSName"">kustoworks.com</Data>
  <Data Name=""DSType"">%%14676</Data>
  <Data Name=""ObjectDN"">cn=subscriptionuser,CN=Users,DC=kustoworks,DC=com</Data>
  <Data Name=""ObjectGUID"">{7a6e8d45-7da6-4bc5-8dae-0bb252219fd4}</Data>
  <Data Name=""ObjectClass"">user</Data>
  <Data Name=""AttributeLDAPDisplayName"">userAccountControl</Data>
  <Data Name=""AttributeSyntaxOID"">2.5.5.9</Data>
  <Data Name=""AttributeValue"">66050</Data>
  <Data Name=""OperationType"">%%14674</Data>
</EventData>",5136,"5136 - A directory service object was modified.","cc046e6c-795c-47b2-a5ae-c9a0645e6d32","cc046e6c-795c-47b2-a5ae-c9a0645e6d33","00000000-0000-0000-0000-000000000001","4/20/2023, 6:42:15.739 PM","AOI-00000000-0000-0000-0000-000000000000",,,,,,,,,,,,,,,,,,,,,,,,,,,,,,,,,,,,,,,,,,,,,,,,,,,,,,,,,,,,,,,,,,,,,,,,,,,,,,,,,,,,,,,,,,,,,,,,,,,,,,,,,,,,,,,,,,,,"%%14674",,,,,,,,,,,,,,,,,,,,,,,,,,,,,,,,,,,,,,,,,,,"KUSTOWORKS\Administrator",,,,KUSTOWORKS,,0x3aeb8e,,,Administrator,"S-1-5-21-2496762881-1366215883-1809657155-500",,,,,,,,,,,,,,,,,,,,,,,,,,,,,,,,,,,,,SecurityEvent,"/subscriptions/00000000-0000-0000-0000-000000000000/resourcegroups/kustoworksarc/providers/microsoft.hybridcompute/machines/dc1"
"00000000-0000-0000-0000-000000000000","4/20/2023, 6:41:46.376 PM",OpsManager,"KUSTOWORKS\Administrator",User,"DC1.kustoworks.com","Microsoft-Windows-Security-Auditing",Security,1,0,"<EventData xmlns=""http://schemas.microsoft.com/win/2004/08/events/event"">
  <Data Name=""OpCorrelationID"">{24c98ede-7bcc-4f86-8012-c25534c74761}</Data>
  <Data Name=""AppCorrelationID"">-</Data>
  <Data Name=""SubjectUserSid"">S-1-5-21-2496762881-1366215883-1809657155-500</Data>
  <Data Name=""SubjectUserName"">Administrator</Data>
  <Data Name=""SubjectDomainName"">KUSTOWORKS</Data>
  <Data Name=""SubjectLogonId"">0x3aeb8e</Data>
  <Data Name=""DSName"">kustoworks.com</Data>
  <Data Name=""DSType"">%%14676</Data>
  <Data Name=""ObjectDN"">cn=subscriptionuser,CN=Users,DC=kustoworks,DC=com</Data>
  <Data Name=""ObjectGUID"">{7a6e8d45-7da6-4bc5-8dae-0bb252219fd4}</Data>
  <Data Name=""ObjectClass"">user</Data>
  <Data Name=""AttributeLDAPDisplayName"">userAccountControl</Data>
  <Data Name=""AttributeSyntaxOID"">2.5.5.9</Data>
  <Data Name=""AttributeValue"">66050</Data>
  <Data Name=""OperationType"">%%14675</Data>
</EventData>",5136,"5136 - A directory service object was modified.","cc046e6c-795c-47b2-a5ae-c9a0645e6d32","cc046e6c-795c-47b2-a5ae-c9a0645e6d33","00000000-0000-0000-0000-000000000001","4/20/2023, 6:42:15.739 PM","AOI-00000000-0000-0000-0000-000000000000",,,,,,,,,,,,,,,,,,,,,,,,,,,,,,,,,,,,,,,,,,,,,,,,,,,,,,,,,,,,,,,,,,,,,,,,,,,,,,,,,,,,,,,,,,,,,,,,,,,,,,,,,,,,,,,,,,,,"%%14675",,,,,,,,,,,,,,,,,,,,,,,,,,,,,,,,,,,,,,,,,,,"KUSTOWORKS\Administrator",,,,KUSTOWORKS,,0x3aeb8e,,,Administrator,"S-1-5-21-2496762881-1366215883-1809657155-500",,,,,,,,,,,,,,,,,,,,,,,,,,,,,,,,,,,,,SecurityEvent,"/subscriptions/00000000-0000-0000-0000-000000000000/resourcegroups/kustoworksarc/providers/microsoft.hybridcompute/machines/dc1"
"00000000-0000-0000-0000-000000000000","4/20/2023, 6:41:46.376 PM",OpsManager,"KUSTOWORKS\Administrator",User,"DC1.kustoworks.com","Microsoft-Windows-Security-Auditing",Security,1,0,"<EventData xmlns=""http://schemas.microsoft.com/win/2004/08/events/event"">
  <Data Name=""OpCorrelationID"">{24c98ede-7bcc-4f86-8012-c25534c74761}</Data>
  <Data Name=""AppCorrelationID"">-</Data>
  <Data Name=""SubjectUserSid"">S-1-5-21-2496762881-1366215883-1809657155-500</Data>
  <Data Name=""SubjectUserName"">Administrator</Data>
  <Data Name=""SubjectDomainName"">KUSTOWORKS</Data>
  <Data Name=""SubjectLogonId"">0x3aeb8e</Data>
  <Data Name=""DSName"">kustoworks.com</Data>
  <Data Name=""DSType"">%%14676</Data>
  <Data Name=""ObjectDN"">cn=subscriptionuser,CN=Users,DC=kustoworks,DC=com</Data>
  <Data Name=""ObjectGUID"">{7a6e8d45-7da6-4bc5-8dae-0bb252219fd4}</Data>
  <Data Name=""ObjectClass"">user</Data>
  <Data Name=""AttributeLDAPDisplayName"">userAccountControl</Data>
  <Data Name=""AttributeSyntaxOID"">2.5.5.9</Data>
  <Data Name=""AttributeValue"">66048</Data>
  <Data Name=""OperationType"">%%14674</Data>
</EventData>",5136,"5136 - A directory service object was modified.","cc046e6c-795c-47b2-a5ae-c9a0645e6d32","cc046e6c-795c-47b2-a5ae-c9a0645e6d33","00000000-0000-0000-0000-000000000001","4/20/2023, 6:42:15.739 PM","AOI-00000000-0000-0000-0000-000000000000",,,,,,,,,,,,,,,,,,,,,,,,,,,,,,,,,,,,,,,,,,,,,,,,,,,,,,,,,,,,,,,,,,,,,,,,,,,,,,,,,,,,,,,,,,,,,,,,,,,,,,,,,,,,,,,,,,,,"%%14674",,,,,,,,,,,,,,,,,,,,,,,,,,,,,,,,,,,,,,,,,,,"KUSTOWORKS\Administrator",,,,KUSTOWORKS,,0x3aeb8e,,,Administrator,"S-1-5-21-2496762881-1366215883-1809657155-500",,,,,,,,,,,,,,,,,,,,,,,,,,,,,,,,,,,,,SecurityEvent,"/subscriptions/00000000-0000-0000-0000-000000000000/resourcegroups/kustoworksarc/providers/microsoft.hybridcompute/machines/dc1"
"00000000-0000-0000-0000-000000000000","4/20/2023, 6:42:16.391 PM",OpsManager,"KUSTOWORKS\Administrator",User,"DC1.kustoworks.com","Microsoft-Windows-Security-Auditing",Security,1,0,"<EventData xmlns=""http://schemas.microsoft.com/win/2004/08/events/event"">
  <Data Name=""OpCorrelationID"">{0d205486-4156-4fff-b8ab-5174b4822775}</Data>
  <Data Name=""AppCorrelationID"">-</Data>
  <Data Name=""SubjectUserSid"">S-1-5-21-2496762881-1366215883-1809657155-500</Data>
  <Data Name=""SubjectUserName"">Administrator</Data>
  <Data Name=""SubjectDomainName"">KUSTOWORKS</Data>
  <Data Name=""SubjectLogonId"">0x3aeb8e</Data>
  <Data Name=""DSName"">kustoworks.com</Data>
  <Data Name=""DSType"">%%14676</Data>
  <Data Name=""ObjectDN"">CN=Event Log Readers,CN=Builtin,DC=kustoworks,DC=com</Data>
  <Data Name=""ObjectGUID"">{a051608b-a495-4785-9a16-a272f7df5a8f}</Data>
  <Data Name=""ObjectClass"">group</Data>
  <Data Name=""AttributeLDAPDisplayName"">member</Data>
  <Data Name=""AttributeSyntaxOID"">2.5.5.1</Data>
  <Data Name=""AttributeValue"">NT AUTHORITY\NETWORK SERVICE</Data>
  <Data Name=""OperationType"">%%14674</Data>
</EventData>",5136,"5136 - A directory service object was modified.","cc046e6c-795c-47b2-a5ae-c9a0645e6d32","cc046e6c-795c-47b2-a5ae-c9a0645e6d33","00000000-0000-0000-0000-000000000001","4/20/2023, 6:42:35.733 PM","AOI-00000000-0000-0000-0000-000000000000",,,,,,,,,,,,,,,,,,,,,,,,,,,,,,,,,,,,,,,,,,,,,,,,,,,,,,,,,,,,,,,,,,,,,,,,,,,,,,,,,,,,,,,,,,,,,,,,,,,,,,,,,,,,,,,,,,,,"%%14674",,,,,,,,,,,,,,,,,,,,,,,,,,,,,,,,,,,,,,,,,,,"KUSTOWORKS\Administrator",,,,KUSTOWORKS,,0x3aeb8e,,,Administrator,"S-1-5-21-2496762881-1366215883-1809657155-500",,,,,,,,,,,,,,,,,,,,,,,,,,,,,,,,,,,,,SecurityEvent,"/subscriptions/00000000-0000-0000-0000-000000000000/resourcegroups/kustoworksarc/providers/microsoft.hybridcompute/machines/dc1"
"00000000-0000-0000-0000-000000000000","4/20/2023, 6:42:16.391 PM",OpsManager,"KUSTOWORKS\Administrator",User,"DC1.kustoworks.com","Microsoft-Windows-Security-Auditing",Security,1,0,"<EventData xmlns=""http://schemas.microsoft.com/win/2004/08/events/event"">
  <Data Name=""OpCorrelationID"">{0d205486-4156-4fff-b8ab-5174b4822775}</Data>
  <Data Name=""AppCorrelationID"">-</Data>
  <Data Name=""SubjectUserSid"">S-1-5-21-2496762881-1366215883-1809657155-500</Data>
  <Data Name=""SubjectUserName"">Administrator</Data>
  <Data Name=""SubjectDomainName"">KUSTOWORKS</Data>
  <Data Name=""SubjectLogonId"">0x3aeb8e</Data>
  <Data Name=""DSName"">kustoworks.com</Data>
  <Data Name=""DSType"">%%14676</Data>
  <Data Name=""ObjectDN"">CN=Event Log Readers,CN=Builtin,DC=kustoworks,DC=com</Data>
  <Data Name=""ObjectGUID"">{a051608b-a495-4785-9a16-a272f7df5a8f}</Data>
  <Data Name=""ObjectClass"">group</Data>
  <Data Name=""AttributeLDAPDisplayName"">member</Data>
  <Data Name=""AttributeSyntaxOID"">2.5.5.1</Data>
  <Data Name=""AttributeValue"">CN=subscriptionuser,CN=Users,DC=kustoworks,DC=com</Data>
  <Data Name=""OperationType"">%%14674</Data>
</EventData>",5136,"5136 - A directory service object was modified.","cc046e6c-795c-47b2-a5ae-c9a0645e6d32","cc046e6c-795c-47b2-a5ae-c9a0645e6d33","00000000-0000-0000-0000-000000000001","4/20/2023, 6:42:35.733 PM","AOI-00000000-0000-0000-0000-000000000000",,,,,,,,,,,,,,,,,,,,,,,,,,,,,,,,,,,,,,,,,,,,,,,,,,,,,,,,,,,,,,,,,,,,,,,,,,,,,,,,,,,,,,,,,,,,,,,,,,,,,,,,,,,,,,,,,,,,"%%14674",,,,,,,,,,,,,,,,,,,,,,,,,,,,,,,,,,,,,,,,,,,"KUSTOWORKS\Administrator",,,,KUSTOWORKS,,0x3aeb8e,,,Administrator,"S-1-5-21-2496762881-1366215883-1809657155-500",,,,,,,,,,,,,,,,,,,,,,,,,,,,,,,,,,,,,SecurityEvent,"/subscriptions/00000000-0000-0000-0000-000000000000/resourcegroups/kustoworksarc/providers/microsoft.hybridcompute/machines/dc1"
"00000000-0000-0000-0000-000000000000","4/20/2023, 6:42:16.392 PM",OpsManager,"KUSTOWORKS\Administrator",User,"DC1.kustoworks.com","Microsoft-Windows-Security-Auditing",Security,1,0,"<EventData xmlns=""http://schemas.microsoft.com/win/2004/08/events/event"">
  <Data Name=""OpCorrelationID"">{0d205486-4156-4fff-b8ab-5174b4822775}</Data>
  <Data Name=""AppCorrelationID"">-</Data>
  <Data Name=""SubjectUserSid"">S-1-5-21-2496762881-1366215883-1809657155-500</Data>
  <Data Name=""SubjectUserName"">Administrator</Data>
  <Data Name=""SubjectDomainName"">KUSTOWORKS</Data>
  <Data Name=""SubjectLogonId"">0x3aeb8e</Data>
  <Data Name=""DSName"">kustoworks.com</Data>
  <Data Name=""DSType"">%%14676</Data>
  <Data Name=""ObjectDN"">CN=Event Log Readers,CN=Builtin,DC=kustoworks,DC=com</Data>
  <Data Name=""ObjectGUID"">{a051608b-a495-4785-9a16-a272f7df5a8f}</Data>
  <Data Name=""ObjectClass"">group</Data>
  <Data Name=""AttributeLDAPDisplayName"">member</Data>
  <Data Name=""AttributeSyntaxOID"">2.5.5.1</Data>
  <Data Name=""AttributeValue"">CN=WEF1,CN=Computers,DC=kustoworks,DC=com</Data>
  <Data Name=""OperationType"">%%14674</Data>
</EventData>",5136,"5136 - A directory service object was modified.","cc046e6c-795c-47b2-a5ae-c9a0645e6d32","cc046e6c-795c-47b2-a5ae-c9a0645e6d33","00000000-0000-0000-0000-000000000001","4/20/2023, 6:42:35.733 PM","AOI-00000000-0000-0000-0000-000000000000",,,,,,,,,,,,,,,,,,,,,,,,,,,,,,,,,,,,,,,,,,,,,,,,,,,,,,,,,,,,,,,,,,,,,,,,,,,,,,,,,,,,,,,,,,,,,,,,,,,,,,,,,,,,,,,,,,,,"%%14674",,,,,,,,,,,,,,,,,,,,,,,,,,,,,,,,,,,,,,,,,,,"KUSTOWORKS\Administrator",,,,KUSTOWORKS,,0x3aeb8e,,,Administrator,"S-1-5-21-2496762881-1366215883-1809657155-500",,,,,,,,,,,,,,,,,,,,,,,,,,,,,,,,,,,,,SecurityEvent,"/subscriptions/00000000-0000-0000-0000-000000000000/resourcegroups/kustoworksarc/providers/microsoft.hybridcompute/machines/dc1"
"00000000-0000-0000-0000-000000000000","4/20/2023, 6:39:36.301 PM",OpsManager,"KUSTOWORKS\Administrator",User,"DC1.kustoworks.com","Microsoft-Windows-Security-Auditing",Security,1,0,"<EventData xmlns=""http://schemas.microsoft.com/win/2004/08/events/event"">
  <Data Name=""OpCorrelationID"">{95621801-baf0-48b9-b5d4-c39eb1e6eade}</Data>
  <Data Name=""AppCorrelationID"">-</Data>
  <Data Name=""SubjectUserSid"">S-1-5-21-2496762881-1366215883-1809657155-500</Data>
  <Data Name=""SubjectUserName"">Administrator</Data>
  <Data Name=""SubjectDomainName"">KUSTOWORKS</Data>
  <Data Name=""SubjectLogonId"">0x3aeb8e</Data>
  <Data Name=""DSName"">kustoworks.com</Data>
  <Data Name=""DSType"">%%14676</Data>
  <Data Name=""ObjectDN"">CN={6AC1786C-016F-11D2-945F-00C04FB984F9},CN=POLICIES,CN=SYSTEM,DC=KUSTOWORKS,DC=COM</Data>
  <Data Name=""ObjectGUID"">{b16cdaeb-fdeb-4378-85a1-d8550fe374f2}</Data>
  <Data Name=""ObjectClass"">groupPolicyContainer</Data>
  <Data Name=""AttributeLDAPDisplayName"">versionNumber</Data>
  <Data Name=""AttributeSyntaxOID"">2.5.5.9</Data>
  <Data Name=""AttributeValue"">57</Data>
  <Data Name=""OperationType"">%%14675</Data>
</EventData>",5136,"5136 - A directory service object was modified.","cc046e6c-795c-47b2-a5ae-c9a0645e6d32","cc046e6c-795c-47b2-a5ae-c9a0645e6d33","00000000-0000-0000-0000-000000000001","4/20/2023, 6:39:55.749 PM","AOI-00000000-0000-0000-0000-000000000000",,,,,,,,,,,,,,,,,,,,,,,,,,,,,,,,,,,,,,,,,,,,,,,,,,,,,,,,,,,,,,,,,,,,,,,,,,,,,,,,,,,,,,,,,,,,,,,,,,,,,,,,,,,,,,,,,,,,"%%14675",,,,,,,,,,,,,,,,,,,,,,,,,,,,,,,,,,,,,,,,,,,"KUSTOWORKS\Administrator",,,,KUSTOWORKS,,0x3aeb8e,,,Administrator,"S-1-5-21-2496762881-1366215883-1809657155-500",,,,,,,,,,,,,,,,,,,,,,,,,,,,,,,,,,,,,SecurityEvent,"/subscriptions/00000000-0000-0000-0000-000000000000/resourcegroups/kustoworksarc/providers/microsoft.hybridcompute/machines/dc1"
"00000000-0000-0000-0000-000000000000","4/20/2023, 6:39:36.302 PM",OpsManager,"KUSTOWORKS\Administrator",User,"DC1.kustoworks.com","Microsoft-Windows-Security-Auditing",Security,1,0,"<EventData xmlns=""http://schemas.microsoft.com/win/2004/08/events/event"">
  <Data Name=""OpCorrelationID"">{95621801-baf0-48b9-b5d4-c39eb1e6eade}</Data>
  <Data Name=""AppCorrelationID"">-</Data>
  <Data Name=""SubjectUserSid"">S-1-5-21-2496762881-1366215883-1809657155-500</Data>
  <Data Name=""SubjectUserName"">Administrator</Data>
  <Data Name=""SubjectDomainName"">KUSTOWORKS</Data>
  <Data Name=""SubjectLogonId"">0x3aeb8e</Data>
  <Data Name=""DSName"">kustoworks.com</Data>
  <Data Name=""DSType"">%%14676</Data>
  <Data Name=""ObjectDN"">CN={6AC1786C-016F-11D2-945F-00C04FB984F9},CN=POLICIES,CN=SYSTEM,DC=KUSTOWORKS,DC=COM</Data>
  <Data Name=""ObjectGUID"">{b16cdaeb-fdeb-4378-85a1-d8550fe374f2}</Data>
  <Data Name=""ObjectClass"">groupPolicyContainer</Data>
  <Data Name=""AttributeLDAPDisplayName"">versionNumber</Data>
  <Data Name=""AttributeSyntaxOID"">2.5.5.9</Data>
  <Data Name=""AttributeValue"">58</Data>
  <Data Name=""OperationType"">%%14674</Data>
</EventData>",5136,"5136 - A directory service object was modified.","cc046e6c-795c-47b2-a5ae-c9a0645e6d32","cc046e6c-795c-47b2-a5ae-c9a0645e6d33","00000000-0000-0000-0000-000000000001","4/20/2023, 6:39:55.749 PM","AOI-00000000-0000-0000-0000-000000000000",,,,,,,,,,,,,,,,,,,,,,,,,,,,,,,,,,,,,,,,,,,,,,,,,,,,,,,,,,,,,,,,,,,,,,,,,,,,,,,,,,,,,,,,,,,,,,,,,,,,,,,,,,,,,,,,,,,,"%%14674",,,,,,,,,,,,,,,,,,,,,,,,,,,,,,,,,,,,,,,,,,,"KUSTOWORKS\Administrator",,,,KUSTOWORKS,,0x3aeb8e,,,Administrator,"S-1-5-21-2496762881-1366215883-1809657155-500",,,,,,,,,,,,,,,,,,,,,,,,,,,,,,,,,,,,,SecurityEvent,"/subscriptions/00000000-0000-0000-0000-000000000000/resourcegroups/kustoworksarc/providers/microsoft.hybridcompute/machines/dc1"
"00000000-0000-0000-0000-000000000000","4/20/2023, 6:39:36.302 PM",OpsManager,"KUSTOWORKS\Administrator",User,"DC1.kustoworks.com","Microsoft-Windows-Security-Auditing",Security,1,0,"<EventData xmlns=""http://schemas.microsoft.com/win/2004/08/events/event"">
  <Data Name=""OpCorrelationID"">{95621801-baf0-48b9-b5d4-c39eb1e6eade}</Data>
  <Data Name=""AppCorrelationID"">-</Data>
  <Data Name=""SubjectUserSid"">S-1-5-21-2496762881-1366215883-1809657155-500</Data>
  <Data Name=""SubjectUserName"">Administrator</Data>
  <Data Name=""SubjectDomainName"">KUSTOWORKS</Data>
  <Data Name=""SubjectLogonId"">0x3aeb8e</Data>
  <Data Name=""DSName"">kustoworks.com</Data>
  <Data Name=""DSType"">%%14676</Data>
  <Data Name=""ObjectDN"">CN={6AC1786C-016F-11D2-945F-00C04FB984F9},CN=POLICIES,CN=SYSTEM,DC=KUSTOWORKS,DC=COM</Data>
  <Data Name=""ObjectGUID"">{b16cdaeb-fdeb-4378-85a1-d8550fe374f2}</Data>
  <Data Name=""ObjectClass"">groupPolicyContainer</Data>
  <Data Name=""AttributeLDAPDisplayName"">gPCMachineExtensionNames</Data>
  <Data Name=""AttributeSyntaxOID"">2.5.5.12</Data>
  <Data Name=""AttributeValue"">[{00000000-0000-0000-0000-000000000000}{BEE07A6A-EC9F-4659-B8C9-0B1937907C83}{CC5746A9-9B74-4BE5-AE2E-64379C86E0E4}][{35378EAC-683F-11D2-A89A-00C04FBBCFA2}{D02B1F72-3407-48AE-BA88-E8213C6761F1}][{827D319E-6EAC-11D2-A4EA-00C04F79F83A}{803E14A0-B4FB-11D0-A0D0-00A0C90F574B}][{91FBB303-0CD5-4055-BF42-E512A681B325}{CC5746A9-9B74-4BE5-AE2E-64379C86E0E4}][{B087BE9D-ED37-454F-AF9C-04291E351182}{BEE07A6A-EC9F-4659-B8C9-0B1937907C83}][{F3CCC681-B74C-4060-9F26-CD84525DCA2A}{0F3F3735-573D-9804-99E4-AB2A69BA5FD4}]</Data>
  <Data Name=""OperationType"">%%14675</Data>
</EventData>",5136,"5136 - A directory service object was modified.","cc046e6c-795c-47b2-a5ae-c9a0645e6d32","cc046e6c-795c-47b2-a5ae-c9a0645e6d33","00000000-0000-0000-0000-000000000001","4/20/2023, 6:39:55.749 PM","AOI-00000000-0000-0000-0000-000000000000",,,,,,,,,,,,,,,,,,,,,,,,,,,,,,,,,,,,,,,,,,,,,,,,,,,,,,,,,,,,,,,,,,,,,,,,,,,,,,,,,,,,,,,,,,,,,,,,,,,,,,,,,,,,,,,,,,,,"%%14675",,,,,,,,,,,,,,,,,,,,,,,,,,,,,,,,,,,,,,,,,,,"KUSTOWORKS\Administrator",,,,KUSTOWORKS,,0x3aeb8e,,,Administrator,"S-1-5-21-2496762881-1366215883-1809657155-500",,,,,,,,,,,,,,,,,,,,,,,,,,,,,,,,,,,,,SecurityEvent,"/subscriptions/00000000-0000-0000-0000-000000000000/resourcegroups/kustoworksarc/providers/microsoft.hybridcompute/machines/dc1"
"00000000-0000-0000-0000-000000000000","4/20/2023, 6:39:36.302 PM",OpsManager,"KUSTOWORKS\Administrator",User,"DC1.kustoworks.com","Microsoft-Windows-Security-Auditing",Security,1,0,"<EventData xmlns=""http://schemas.microsoft.com/win/2004/08/events/event"">
  <Data Name=""OpCorrelationID"">{95621801-baf0-48b9-b5d4-c39eb1e6eade}</Data>
  <Data Name=""AppCorrelationID"">-</Data>
  <Data Name=""SubjectUserSid"">S-1-5-21-2496762881-1366215883-1809657155-500</Data>
  <Data Name=""SubjectUserName"">Administrator</Data>
  <Data Name=""SubjectDomainName"">KUSTOWORKS</Data>
  <Data Name=""SubjectLogonId"">0x3aeb8e</Data>
  <Data Name=""DSName"">kustoworks.com</Data>
  <Data Name=""DSType"">%%14676</Data>
  <Data Name=""ObjectDN"">CN={6AC1786C-016F-11D2-945F-00C04FB984F9},CN=POLICIES,CN=SYSTEM,DC=KUSTOWORKS,DC=COM</Data>
  <Data Name=""ObjectGUID"">{b16cdaeb-fdeb-4378-85a1-d8550fe374f2}</Data>
  <Data Name=""ObjectClass"">groupPolicyContainer</Data>
  <Data Name=""AttributeLDAPDisplayName"">gPCMachineExtensionNames</Data>
  <Data Name=""AttributeSyntaxOID"">2.5.5.12</Data>
  <Data Name=""AttributeValue"">[{00000000-0000-0000-0000-000000000000}{BEE07A6A-EC9F-4659-B8C9-0B1937907C83}{CC5746A9-9B74-4BE5-AE2E-64379C86E0E4}][{35378EAC-683F-11D2-A89A-00C04FBBCFA2}{B05566AC-FE9C-4368-BE01-7A4CBB6CBA11}{D02B1F72-3407-48AE-BA88-E8213C6761F1}][{827D319E-6EAC-11D2-A4EA-00C04F79F83A}{803E14A0-B4FB-11D0-A0D0-00A0C90F574B}][{91FBB303-0CD5-4055-BF42-E512A681B325}{CC5746A9-9B74-4BE5-AE2E-64379C86E0E4}][{B087BE9D-ED37-454F-AF9C-04291E351182}{BEE07A6A-EC9F-4659-B8C9-0B1937907C83}][{F3CCC681-B74C-4060-9F26-CD84525DCA2A}{0F3F3735-573D-9804-99E4-AB2A69BA5FD4}]</Data>
  <Data Name=""OperationType"">%%14674</Data>
</EventData>",5136,"5136 - A directory service object was modified.","cc046e6c-795c-47b2-a5ae-c9a0645e6d32","cc046e6c-795c-47b2-a5ae-c9a0645e6d33","00000000-0000-0000-0000-000000000001","4/20/2023, 6:39:55.749 PM","AOI-00000000-0000-0000-0000-000000000000",,,,,,,,,,,,,,,,,,,,,,,,,,,,,,,,,,,,,,,,,,,,,,,,,,,,,,,,,,,,,,,,,,,,,,,,,,,,,,,,,,,,,,,,,,,,,,,,,,,,,,,,,,,,,,,,,,,,"%%14674",,,,,,,,,,,,,,,,,,,,,,,,,,,,,,,,,,,,,,,,,,,"KUSTOWORKS\Administrator",,,,KUSTOWORKS,,0x3aeb8e,,,Administrator,"S-1-5-21-2496762881-1366215883-1809657155-500",,,,,,,,,,,,,,,,,,,,,,,,,,,,,,,,,,,,,SecurityEvent,"/subscriptions/00000000-0000-0000-0000-000000000000/resourcegroups/kustoworksarc/providers/microsoft.hybridcompute/machines/dc1"
"00000000-0000-0000-0000-000000000000","4/20/2023, 6:52:28.740 PM",OpsManager,"KUSTOWORKS\WEF1$",Machine,"DC1.kustoworks.com","Microsoft-Windows-Security-Auditing",Security,1,0,"<EventData xmlns=""http://schemas.microsoft.com/win/2004/08/events/event"">
  <Data Name=""OpCorrelationID"">{81249682-cfd2-4d95-b3a5-dbdfd2d491dc}</Data>
  <Data Name=""AppCorrelationID"">-</Data>
  <Data Name=""SubjectUserSid"">S-1-5-21-2496762881-1366215883-1809657155-1108</Data>
  <Data Name=""SubjectUserName"">WEF1$</Data>
  <Data Name=""SubjectDomainName"">KUSTOWORKS</Data>
  <Data Name=""SubjectLogonId"">0x2146e7</Data>
  <Data Name=""DSName"">kustoworks.com</Data>
  <Data Name=""DSType"">%%14676</Data>
  <Data Name=""ObjectDN"">CN=WEF1,CN=Computers,DC=kustoworks,DC=com</Data>
  <Data Name=""ObjectGUID"">{0d6800e9-8c6c-4bdb-a6ee-088bdef45635}</Data>
  <Data Name=""ObjectClass"">computer</Data>
  <Data Name=""AttributeLDAPDisplayName"">servicePrincipalName</Data>
  <Data Name=""AttributeSyntaxOID"">2.5.5.12</Data>
  <Data Name=""AttributeValue"">WSMAN/WEF1.kustoworks.com</Data>
  <Data Name=""OperationType"">%%14674</Data>
</EventData>",5136,"5136 - A directory service object was modified.","cc046e6c-795c-47b2-a5ae-c9a0645e6d32","cc046e6c-795c-47b2-a5ae-c9a0645e6d33","00000000-0000-0000-0000-000000000001","4/20/2023, 6:54:40.207 PM","AOI-00000000-0000-0000-0000-000000000000",,,,,,,,,,,,,,,,,,,,,,,,,,,,,,,,,,,,,,,,,,,,,,,,,,,,,,,,,,,,,,,,,,,,,,,,,,,,,,,,,,,,,,,,,,,,,,,,,,,,,,,,,,,,,,,,,,,,"%%14674",,,,,,,,,,,,,,,,,,,,,,,,,,,,,,,,,,,,,,,,,,,"KUSTOWORKS\WEF1$",,,,KUSTOWORKS,,0x2146e7,,,"WEF1$","S-1-5-21-2496762881-1366215883-1809657155-1108",,,,,,,,,,,,,,,,,,,,,,,,,,,,,,,,,,,,,SecurityEvent,"/subscriptions/00000000-0000-0000-0000-000000000000/resourcegroups/kustoworksarc/providers/microsoft.hybridcompute/machines/dc1"
"00000000-0000-0000-0000-000000000000","4/20/2023, 6:52:28.740 PM",OpsManager,"KUSTOWORKS\WEF1$",Machine,"DC1.kustoworks.com","Microsoft-Windows-Security-Auditing",Security,1,0,"<EventData xmlns=""http://schemas.microsoft.com/win/2004/08/events/event"">
  <Data Name=""OpCorrelationID"">{81249682-cfd2-4d95-b3a5-dbdfd2d491dc}</Data>
  <Data Name=""AppCorrelationID"">-</Data>
  <Data Name=""SubjectUserSid"">S-1-5-21-2496762881-1366215883-1809657155-1108</Data>
  <Data Name=""SubjectUserName"">WEF1$</Data>
  <Data Name=""SubjectDomainName"">KUSTOWORKS</Data>
  <Data Name=""SubjectLogonId"">0x2146e7</Data>
  <Data Name=""DSName"">kustoworks.com</Data>
  <Data Name=""DSType"">%%14676</Data>
  <Data Name=""ObjectDN"">CN=WEF1,CN=Computers,DC=kustoworks,DC=com</Data>
  <Data Name=""ObjectGUID"">{0d6800e9-8c6c-4bdb-a6ee-088bdef45635}</Data>
  <Data Name=""ObjectClass"">computer</Data>
  <Data Name=""AttributeLDAPDisplayName"">servicePrincipalName</Data>
  <Data Name=""AttributeSyntaxOID"">2.5.5.12</Data>
  <Data Name=""AttributeValue"">WSMAN/WEF1</Data>
  <Data Name=""OperationType"">%%14674</Data>
</EventData>",5136,"5136 - A directory service object was modified.","cc046e6c-795c-47b2-a5ae-c9a0645e6d32","cc046e6c-795c-47b2-a5ae-c9a0645e6d33","00000000-0000-0000-0000-000000000001","4/20/2023, 6:54:40.207 PM","AOI-00000000-0000-0000-0000-000000000000",,,,,,,,,,,,,,,,,,,,,,,,,,,,,,,,,,,,,,,,,,,,,,,,,,,,,,,,,,,,,,,,,,,,,,,,,,,,,,,,,,,,,,,,,,,,,,,,,,,,,,,,,,,,,,,,,,,,"%%14674",,,,,,,,,,,,,,,,,,,,,,,,,,,,,,,,,,,,,,,,,,,"KUSTOWORKS\WEF1$",,,,KUSTOWORKS,,0x2146e7,,,"WEF1$","S-1-5-21-2496762881-1366215883-1809657155-1108",,,,,,,,,,,,,,,,,,,,,,,,,,,,,,,,,,,,,SecurityEvent,"/subscriptions/00000000-0000-0000-0000-000000000000/resourcegroups/kustoworksarc/providers/microsoft.hybridcompute/machines/dc1"
"00000000-0000-0000-0000-000000000000","4/20/2023, 6:52:28.740 PM",OpsManager,"KUSTOWORKS\WEF1$",Machine,"DC1.kustoworks.com","Microsoft-Windows-Security-Auditing",Security,1,0,"<EventData xmlns=""http://schemas.microsoft.com/win/2004/08/events/event"">
  <Data Name=""OpCorrelationID"">{e48053c0-def2-4eb6-a31f-001c85373a4b}</Data>
  <Data Name=""AppCorrelationID"">-</Data>
  <Data Name=""SubjectUserSid"">S-1-5-21-2496762881-1366215883-1809657155-1108</Data>
  <Data Name=""SubjectUserName"">WEF1$</Data>
  <Data Name=""SubjectDomainName"">KUSTOWORKS</Data>
  <Data Name=""SubjectLogonId"">0x2146e7</Data>
  <Data Name=""DSName"">kustoworks.com</Data>
  <Data Name=""DSType"">%%14676</Data>
  <Data Name=""ObjectDN"">CN=WEF1,CN=Computers,DC=kustoworks,DC=com</Data>
  <Data Name=""ObjectGUID"">{0d6800e9-8c6c-4bdb-a6ee-088bdef45635}</Data>
  <Data Name=""ObjectClass"">computer</Data>
  <Data Name=""AttributeLDAPDisplayName"">servicePrincipalName</Data>
  <Data Name=""AttributeSyntaxOID"">2.5.5.12</Data>
  <Data Name=""AttributeValue"">WSMAN/WEF1.kustoworks.com</Data>
  <Data Name=""OperationType"">%%14674</Data>
</EventData>",5136,"5136 - A directory service object was modified.","cc046e6c-795c-47b2-a5ae-c9a0645e6d32","cc046e6c-795c-47b2-a5ae-c9a0645e6d33","00000000-0000-0000-0000-000000000001","4/20/2023, 6:54:40.207 PM","AOI-00000000-0000-0000-0000-000000000000",,,,,,,,,,,,,,,,,,,,,,,,,,,,,,,,,,,,,,,,,,,,,,,,,,,,,,,,,,,,,,,,,,,,,,,,,,,,,,,,,,,,,,,,,,,,,,,,,,,,,,,,,,,,,,,,,,,,"%%14674",,,,,,,,,,,,,,,,,,,,,,,,,,,,,,,,,,,,,,,,,,,"KUSTOWORKS\WEF1$",,,,KUSTOWORKS,,0x2146e7,,,"WEF1$","S-1-5-21-2496762881-1366215883-1809657155-1108",,,,,,,,,,,,,,,,,,,,,,,,,,,,,,,,,,,,,SecurityEvent,"/subscriptions/00000000-0000-0000-0000-000000000000/resourcegroups/kustoworksarc/providers/microsoft.hybridcompute/machines/dc1"
"00000000-0000-0000-0000-000000000000","4/20/2023, 6:52:28.741 PM",OpsManager,"KUSTOWORKS\WEF1$",Machine,"DC1.kustoworks.com","Microsoft-Windows-Security-Auditing",Security,1,0,"<EventData xmlns=""http://schemas.microsoft.com/win/2004/08/events/event"">
  <Data Name=""OpCorrelationID"">{e48053c0-def2-4eb6-a31f-001c85373a4b}</Data>
  <Data Name=""AppCorrelationID"">-</Data>
  <Data Name=""SubjectUserSid"">S-1-5-21-2496762881-1366215883-1809657155-1108</Data>
  <Data Name=""SubjectUserName"">WEF1$</Data>
  <Data Name=""SubjectDomainName"">KUSTOWORKS</Data>
  <Data Name=""SubjectLogonId"">0x2146e7</Data>
  <Data Name=""DSName"">kustoworks.com</Data>
  <Data Name=""DSType"">%%14676</Data>
  <Data Name=""ObjectDN"">CN=WEF1,CN=Computers,DC=kustoworks,DC=com</Data>
  <Data Name=""ObjectGUID"">{0d6800e9-8c6c-4bdb-a6ee-088bdef45635}</Data>
  <Data Name=""ObjectClass"">computer</Data>
  <Data Name=""AttributeLDAPDisplayName"">servicePrincipalName</Data>
  <Data Name=""AttributeSyntaxOID"">2.5.5.12</Data>
  <Data Name=""AttributeValue"">WSMAN/WEF1</Data>
  <Data Name=""OperationType"">%%14674</Data>
</EventData>",5136,"5136 - A directory service object was modified.","cc046e6c-795c-47b2-a5ae-c9a0645e6d32","cc046e6c-795c-47b2-a5ae-c9a0645e6d33","00000000-0000-0000-0000-000000000001","4/20/2023, 6:54:40.207 PM","AOI-00000000-0000-0000-0000-000000000000",,,,,,,,,,,,,,,,,,,,,,,,,,,,,,,,,,,,,,,,,,,,,,,,,,,,,,,,,,,,,,,,,,,,,,,,,,,,,,,,,,,,,,,,,,,,,,,,,,,,,,,,,,,,,,,,,,,,"%%14674",,,,,,,,,,,,,,,,,,,,,,,,,,,,,,,,,,,,,,,,,,,"KUSTOWORKS\WEF1$",,,,KUSTOWORKS,,0x2146e7,,,"WEF1$","S-1-5-21-2496762881-1366215883-1809657155-1108",,,,,,,,,,,,,,,,,,,,,,,,,,,,,,,,,,,,,SecurityEvent,"/subscriptions/00000000-0000-0000-0000-000000000000/resourcegroups/kustoworksarc/providers/microsoft.hybridcompute/machines/dc1"
