TenantId,TimeGenerated,SourceSystem,Account,AccountType,Computer,EventSourceName,Channel,Task,Level,EventData,EventID,Activity,PartitionKey,RowKey,StorageAccount,AzureDeploymentID,AzureTableName,AccessList,AccessMask,AccessReason,AccountDomain,AccountExpires,AccountName,AccountSessionIdentifier,AdditionalInfo,AdditionalInfo2,AllowedToDelegateTo,Attributes,AuditPolicyChanges,AuditsDiscarded,AuthenticationLevel,AuthenticationPackageName,AuthenticationProvider,AuthenticationServer,AuthenticationService,AuthenticationType,CACertificateHash,CalledStationID,CallerProcessId,CallerProcessName,CallingStationID,CAPublicKeyHash,CategoryId,CertificateDatabaseHash,ClassId,ClassName,ClientAddress,ClientIPAddress,ClientName,CommandLine,CompatibleIds,DCDNSName,DeviceDescription,DeviceId,DisplayName,Disposition,DomainBehaviorVersion,DomainName,DomainPolicyChanged,DomainSid,EAPType,ElevatedToken,ErrorCode,ExtendedQuarantineState,FailureReason,FileHash,FilePath,FilePathNoUser,Filter,ForceLogoff,Fqbn,FullyQualifiedSubjectMachineName,FullyQualifiedSubjectUserName,GroupMembership,HandleId,HardwareIds,HomeDirectory,HomePath,ImpersonationLevel,InterfaceUuid,IpAddress,IpPort,KeyLength,LmPackageName,LocationInformation,LockoutDuration,LockoutObservationWindow,LockoutThreshold,LoggingResult,LogonGuid,LogonHours,LogonID,LogonProcessName,LogonType,LogonTypeName,MachineAccountQuota,MachineInventory,MachineLogon,MandatoryLabel,MaxPasswordAge,MemberName,MemberSid,MinPasswordAge,MinPasswordLength,MixedDomainMode,NASIdentifier,NASIPv4Address,NASIPv6Address,NASPort,NASPortType,NetworkPolicyName,NewDate,NewMaxUsers,NewProcessId,NewProcessName,NewRemark,NewShareFlags,NewTime,NewUacValue,NewValue,NewValueType,ObjectName,ObjectServer,ObjectType,ObjectValueName,OemInformation,OldMaxUsers,OldRemark,OldShareFlags,OldUacValue,OldValue,OldValueType,OperationType,PackageName,ParentProcessName,PasswordHistoryLength,PasswordLastSet,PasswordProperties,PreviousDate,PreviousTime,PrimaryGroupId,PrivateKeyUsageCount,PrivilegeList,Process,ProcessId,ProcessName,Properties,ProfilePath,ProtocolSequence,ProxyPolicyName,QuarantineHelpURL,QuarantineSessionID,QuarantineSessionIdentifier,QuarantineState,QuarantineSystemHealthResult,RelativeTargetName,RemoteIpAddress,RemotePort,Requester,RequestId,RestrictedAdminMode,RowsDeleted,SamAccountName,ScriptPath,SecurityDescriptor,ServiceAccount,ServiceFileName,ServiceName,ServiceStartType,ServiceType,SessionName,ShareLocalPath,ShareName,SidHistory,Status,SubjectAccount,SubcategoryGuid,SubcategoryId,Subject,SubjectDomainName,SubjectKeyIdentifier,SubjectLogonId,SubjectMachineName,SubjectMachineSID,SubjectUserName,SubjectUserSid,SubStatus,TableId,TargetAccount,TargetDomainName,TargetInfo,TargetLinkedLogonId,TargetLogonGuid,TargetLogonId,TargetOutboundDomainName,TargetOutboundUserName,TargetServerName,TargetSid,TargetUser,TargetUserName,TargetUserSid,TemplateContent,TemplateDSObjectFQDN,TemplateInternalName,TemplateOID,TemplateSchemaVersion,TemplateVersion,TokenElevationType,TransmittedServices,UserAccountControl,UserParameters,UserPrincipalName,UserWorkstations,VirtualAccount,VendorIds,Workstation,WorkstationName,EventLevelName,SourceComputerId,EventOriginId,MG,TimeCollected,ManagementGroupName,SystemUserId,Version,Opcode,Keywords,Correlation,SystemProcessId,SystemThreadId,EventRecordId,Type,_ResourceId,ParentProcessId
12345aea-6210-464b-a6dd-49f0fd95cef0,6/21/2025 15:39,OpsManager,test\test005$,Machine,test.abc.net,Microsoft-Windows-Security-Auditing,Security,12801,0,"<EventData xmlns=""http://schemas.microsoft.com/win/2004/08/events/event"">
  <Data Name=""SubjectUserSid"">S-1-5-18</Data>
  <Data Name=""SubjectUserName"">test005$</Data>
  <Data Name=""SubjectDomainName"">testdom</Data>
  <Data Name=""SubjectLogonId"">0x3e7</Data>
  <Data Name=""ObjectServer"">Security</Data>
  <Data Name=""ObjectType"">Key</Data>
  <Data Name=""ObjectName"">\REGISTRY\MACHINE\SOFTWARE\test\test1\HeartBeats\EndpointErrors\0</Data>
  <Data Name=""HandleId"">0x830</Data>
  <Data Name=""AccessList"">%%1537 </Data>
  <Data Name=""AccessMask"">0x10000</Data>
  <Data Name=""ProcessId"">0xef8</Data>
  <Data Name=""ProcessName"">C:\Program Files\Windows Defender Advanced Threat Protection\test.exe</Data>
  <Data Name=""ResourceAttributes"">-</Data>
</EventData>",4663,4663 - An attempt was made to access an object.,-,-,-,-,-,%%1537 ,0x10000,-,-,-,-,-,-,-,-,-,-,-,-,-,-,-,-,-,-,-,-,-,-,-,-,-,-,-,-,-,-,-,-,-,-,-,-,-,-,-,-,-,-,-,-,-,-,-,-,-,-,-,-,-,-,-,0x830,-,-,-,-,-,-,-,-,-,-,-,-,-,-,-,-,-,-,-,-,-,-,-,-,-,-,-,-,-,-,-,-,-,-,-,-,-,-,-,-,-,-,-,-,-,-,\REGISTRY\MACHINE\SOFTWARE\Microsoft\Windows Advanced Threat Protection\test\HeartBeats\EndpointErrors\0,Security,Key,-,-,-,-,-,-,-,-,-,-,-,-,-,-,-,-,-,-,-,MsTest.exe,0xef8,C:\Program Files\Windows Defender Advanced Threat Protection\MsTest.exe,-,-,-,-,-,-,-,-,-,-,-,-,-,-,-,-,-,-,-,-,-,-,-,-,-,-,-,-,-,test\test005$,-,-,-,test,-,0x3e7,-,-,test005$,S-1-5-18,-,-,-,-,-,-,-,-,-,-,-,-,-,-,-,-,-,-,-,-,-,-,-,-,-,-,-,-,-,-,-,LogAlways,ab1cd18f-60a7-4a88-8631-1cd2cb123456,fc4cf18f-60a7-4a88-8631-1cd2cb123456,00000000-0000-0000-0000-000000000001,6/21/2025 15:39,AOI-12345aea-6210-464b-a6dd-49f0fd95cef0,N/A,1,0,0x8020000000000000,-,4,6952,693044958,SecurityEvent,/subscriptions/1adcd234-a6b8-4766-b099-d5c77b664f1c/resourcegroups/iam-testing/providers/microsoft.compute/virtualmachines/test005,
12345aea-6210-464b-a6dd-49f0fd95cef0,6/21/2025 15:39,OpsManager,test\test005$,Machine,test.abc.net,Microsoft-Windows-Security-Auditing,Security,12801,0,"<EventData xmlns=""http://schemas.microsoft.com/win/2004/08/events/event"">
  <Data Name=""SubjectUserSid"">S-1-5-18</Data>
  <Data Name=""SubjectUserName"">test005$</Data>
  <Data Name=""SubjectDomainName"">testdom</Data>
  <Data Name=""SubjectLogonId"">0x3e7</Data>
  <Data Name=""ObjectServer"">Security</Data>
  <Data Name=""ObjectType"">Key</Data>
  <Data Name=""ObjectName"">\REGISTRY\MACHINE\SOFTWARE\test\test1\HeartBeats\EndpointErrors\0</Data>
  <Data Name=""HandleId"">0x830</Data>
  <Data Name=""AccessList"">%%1537 </Data>
  <Data Name=""AccessMask"">0x10000</Data>
  <Data Name=""ProcessId"">0xef8</Data>
  <Data Name=""ProcessName"">C:\Program Files\Windows Defender Advanced Threat Protection\test.exe</Data>
  <Data Name=""ResourceAttributes"">-</Data>
</EventData>",4663,4663 - An attempt was made to access an object.,-,-,-,-,-,%%1537 ,0x10000,-,-,-,-,-,-,-,-,-,-,-,-,-,-,-,-,-,-,-,-,-,-,-,-,-,-,-,-,-,-,-,-,-,-,-,-,-,-,-,-,-,-,-,-,-,-,-,-,-,-,-,-,-,-,-,0x830,-,-,-,-,-,-,-,-,-,-,-,-,-,-,-,-,-,-,-,-,-,-,-,-,-,-,-,-,-,-,-,-,-,-,-,-,-,-,-,-,-,-,-,-,-,-,\REGISTRY\MACHINE\SOFTWARE\Microsoft\Windows Advanced Threat Protection\test\HeartBeats\EndpointErrors\1,Security,Key,-,-,-,-,-,-,-,-,-,-,-,-,-,-,-,-,-,-,-,MsTest.exe,0xef8,C:\Program Files\Windows Defender Advanced Threat Protection\MsTest.exe,-,-,-,-,-,-,-,-,-,-,-,-,-,-,-,-,-,-,-,-,-,-,-,-,-,-,-,-,-,test\test005$,-,-,-,test,-,0x3e7,-,-,test005$,S-1-5-18,-,-,-,-,-,-,-,-,-,-,-,-,-,-,-,-,-,-,-,-,-,-,-,-,-,-,-,-,-,-,-,LogAlways,ab1cd18f-60a7-4a88-8631-1cd2cb123457,fc4cf18f-60a7-4a88-8631-1cd2cb123457,00000000-0000-0000-0000-000000000001,6/21/2025 15:39,AOI-12345aea-6210-464b-a6dd-49f0fd95cef1,N/A,1,0,0x8020000000000000,-,4,6952,693044972,SecurityEvent,/subscriptions/1adcd234-a6b8-4766-b099-d5c77b664f1c/resourcegroups/iam-testing/providers/microsoft.compute/virtualmachines/test006,
12345aea-6210-464b-a6dd-49f0fd95cef0,6/21/2025 15:39,OpsManager,test\test005$,Machine,test.abc.net,Microsoft-Windows-Security-Auditing,Security,12801,0,"<EventData xmlns=""http://schemas.microsoft.com/win/2004/08/events/event"">
  <Data Name=""SubjectUserSid"">S-1-5-18</Data>
  <Data Name=""SubjectUserName"">test005$</Data>
  <Data Name=""SubjectDomainName"">testdom</Data>
  <Data Name=""SubjectLogonId"">0x3e7</Data>
  <Data Name=""ObjectServer"">Security</Data>
  <Data Name=""ObjectType"">Key</Data>
  <Data Name=""ObjectName"">\REGISTRY\MACHINE\SOFTWARE\test\test1\HeartBeats\EndpointErrors\0</Data>
  <Data Name=""HandleId"">0x830</Data>
  <Data Name=""AccessList"">%%1537 </Data>
  <Data Name=""AccessMask"">0x10000</Data>
  <Data Name=""ProcessId"">0xef8</Data>
  <Data Name=""ProcessName"">C:\Program Files\Windows Defender Advanced Threat Protection\test.exe</Data>
  <Data Name=""ResourceAttributes"">-</Data>
</EventData>",4663,4663 - An attempt was made to access an object.,-,-,-,-,-,%%1537 ,0x10000,-,-,-,-,-,-,-,-,-,-,-,-,-,-,-,-,-,-,-,-,-,-,-,-,-,-,-,-,-,-,-,-,-,-,-,-,-,-,-,-,-,-,-,-,-,-,-,-,-,-,-,-,-,-,-,0x830,-,-,-,-,-,-,-,-,-,-,-,-,-,-,-,-,-,-,-,-,-,-,-,-,-,-,-,-,-,-,-,-,-,-,-,-,-,-,-,-,-,-,-,-,-,-,\REGISTRY\MACHINE\SOFTWARE\Microsoft\Windows Advanced Threat Protection\test\HeartBeats\EndpointErrors\2,Security,Key,-,-,-,-,-,-,-,-,-,-,-,-,-,-,-,-,-,-,-,MsTest.exe,0xef8,C:\Program Files\Windows Defender Advanced Threat Protection\MsTest.exe,-,-,-,-,-,-,-,-,-,-,-,-,-,-,-,-,-,-,-,-,-,-,-,-,-,-,-,-,-,test\test005$,-,-,-,test,-,0x3e7,-,-,test005$,S-1-5-18,-,-,-,-,-,-,-,-,-,-,-,-,-,-,-,-,-,-,-,-,-,-,-,-,-,-,-,-,-,-,-,LogAlways,ab1cd18f-60a7-4a88-8631-1cd2cb123458,fc4cf18f-60a7-4a88-8631-1cd2cb123458,00000000-0000-0000-0000-000000000001,6/21/2025 15:39,AOI-12345aea-6210-464b-a6dd-49f0fd95cef2,N/A,1,0,0x8020000000000000,-,4,6952,693044986,SecurityEvent,/subscriptions/1adcd234-a6b8-4766-b099-d5c77b664f1c/resourcegroups/iam-testing/providers/microsoft.compute/virtualmachines/test007,
12345aea-6210-464b-a6dd-49f0fd95cef0,6/21/2025 15:39,OpsManager,test\test005$,Machine,test.abc.net,Microsoft-Windows-Security-Auditing,Security,12801,0,"<EventData xmlns=""http://schemas.microsoft.com/win/2004/08/events/event"">
  <Data Name=""SubjectUserSid"">S-1-5-18</Data>
  <Data Name=""SubjectUserName"">test005$</Data>
  <Data Name=""SubjectDomainName"">testdom</Data>
  <Data Name=""SubjectLogonId"">0x3e7</Data>
  <Data Name=""ObjectServer"">Security</Data>
  <Data Name=""ObjectType"">Key</Data>
  <Data Name=""ObjectName"">\REGISTRY\MACHINE\SOFTWARE\test\test1\HeartBeats\EndpointErrors\0</Data>
  <Data Name=""HandleId"">0x830</Data>
  <Data Name=""AccessList"">%%1537 </Data>
  <Data Name=""AccessMask"">0x10000</Data>
  <Data Name=""ProcessId"">0xef8</Data>
  <Data Name=""ProcessName"">C:\Program Files\Windows Defender Advanced Threat Protection\test.exe</Data>
  <Data Name=""ResourceAttributes"">-</Data>
</EventData>",4663,4663 - An attempt was made to access an object.,-,-,-,-,-,%%1537 ,0x10000,-,-,-,-,-,-,-,-,-,-,-,-,-,-,-,-,-,-,-,-,-,-,-,-,-,-,-,-,-,-,-,-,-,-,-,-,-,-,-,-,-,-,-,-,-,-,-,-,-,-,-,-,-,-,-,0x830,-,-,-,-,-,-,-,-,-,-,-,-,-,-,-,-,-,-,-,-,-,-,-,-,-,-,-,-,-,-,-,-,-,-,-,-,-,-,-,-,-,-,-,-,-,-,\REGISTRY\MACHINE\SOFTWARE\Microsoft\Windows Advanced Threat Protection\test\HeartBeats\EndpointErrors\3,Security,Key,-,-,-,-,-,-,-,-,-,-,-,-,-,-,-,-,-,-,-,MsTest.exe,0xef8,C:\Program Files\Windows Defender Advanced Threat Protection\MsTest.exe,-,-,-,-,-,-,-,-,-,-,-,-,-,-,-,-,-,-,-,-,-,-,-,-,-,-,-,-,-,test\test005$,-,-,-,test,-,0x3e7,-,-,test005$,S-1-5-18,-,-,-,-,-,-,-,-,-,-,-,-,-,-,-,-,-,-,-,-,-,-,-,-,-,-,-,-,-,-,-,LogAlways,ab1cd18f-60a7-4a88-8631-1cd2cb123459,fc4cf18f-60a7-4a88-8631-1cd2cb123459,00000000-0000-0000-0000-000000000001,6/21/2025 15:39,AOI-12345aea-6210-464b-a6dd-49f0fd95cef3,N/A,1,0,0x8020000000000000,-,4,6952,693045000,SecurityEvent,/subscriptions/1adcd234-a6b8-4766-b099-d5c77b664f1c/resourcegroups/iam-testing/providers/microsoft.compute/virtualmachines/test008,
12345aea-6210-464b-a6dd-49f0fd95cef0,6/21/2025 15:39,OpsManager,test\test005$,Machine,test.abc.net,Microsoft-Windows-Security-Auditing,Security,12801,0,"<EventData xmlns=""http://schemas.microsoft.com/win/2004/08/events/event"">
  <Data Name=""SubjectUserSid"">S-1-5-18</Data>
  <Data Name=""SubjectUserName"">test005$</Data>
  <Data Name=""SubjectDomainName"">testdom</Data>
  <Data Name=""SubjectLogonId"">0x3e7</Data>
  <Data Name=""ObjectServer"">Security</Data>
  <Data Name=""ObjectType"">Key</Data>
  <Data Name=""ObjectName"">\REGISTRY\MACHINE\SOFTWARE\test\test1\HeartBeats\EndpointErrors\0</Data>
  <Data Name=""HandleId"">0x830</Data>
  <Data Name=""AccessList"">%%1537 </Data>
  <Data Name=""AccessMask"">0x10000</Data>
  <Data Name=""ProcessId"">0xef8</Data>
  <Data Name=""ProcessName"">C:\Program Files\Windows Defender Advanced Threat Protection\test.exe</Data>
  <Data Name=""ResourceAttributes"">-</Data>
</EventData>",4663,4663 - An attempt was made to access an object.,-,-,-,-,-,%%1537 ,0x10000,-,-,-,-,-,-,-,-,-,-,-,-,-,-,-,-,-,-,-,-,-,-,-,-,-,-,-,-,-,-,-,-,-,-,-,-,-,-,-,-,-,-,-,-,-,-,-,-,-,-,-,-,-,-,-,0x830,-,-,-,-,-,-,-,-,-,-,-,-,-,-,-,-,-,-,-,-,-,-,-,-,-,-,-,-,-,-,-,-,-,-,-,-,-,-,-,-,-,-,-,-,-,-,\REGISTRY\MACHINE\SOFTWARE\Microsoft\Windows Advanced Threat Protection\test\HeartBeats\EndpointErrors\4,Security,Key,-,-,-,-,-,-,-,-,-,-,-,-,-,-,-,-,-,-,-,MsTest.exe,0xef8,C:\Program Files\Windows Defender Advanced Threat Protection\MsTest.exe,-,-,-,-,-,-,-,-,-,-,-,-,-,-,-,-,-,-,-,-,-,-,-,-,-,-,-,-,-,test\test005$,-,-,-,test,-,0x3e7,-,-,test005$,S-1-5-18,-,-,-,-,-,-,-,-,-,-,-,-,-,-,-,-,-,-,-,-,-,-,-,-,-,-,-,-,-,-,-,LogAlways,ab1cd18f-60a7-4a88-8631-1cd2cb123460,fc4cf18f-60a7-4a88-8631-1cd2cb123460,00000000-0000-0000-0000-000000000001,6/21/2025 15:39,AOI-12345aea-6210-464b-a6dd-49f0fd95cef4,N/A,1,0,0x8020000000000000,-,4,6952,693045014,SecurityEvent,/subscriptions/1adcd234-a6b8-4766-b099-d5c77b664f1c/resourcegroups/iam-testing/providers/microsoft.compute/virtualmachines/test009,
12345aea-6210-464b-a6dd-49f0fd95cef0,6/21/2025 15:39,OpsManager,test\test005$,Machine,test.abc.net,Microsoft-Windows-Security-Auditing,Security,12801,0,"<EventData xmlns=""http://schemas.microsoft.com/win/2004/08/events/event"">
  <Data Name=""SubjectUserSid"">S-1-5-18</Data>
  <Data Name=""SubjectUserName"">test005$</Data>
  <Data Name=""SubjectDomainName"">testdom</Data>
  <Data Name=""SubjectLogonId"">0x3e7</Data>
  <Data Name=""ObjectServer"">Security</Data>
  <Data Name=""ObjectType"">Key</Data>
  <Data Name=""ObjectName"">\REGISTRY\MACHINE\SOFTWARE\test\test1\HeartBeats\EndpointErrors\0</Data>
  <Data Name=""HandleId"">0x830</Data>
  <Data Name=""AccessList"">%%1537 </Data>
  <Data Name=""AccessMask"">0x10000</Data>
  <Data Name=""ProcessId"">0xef8</Data>
  <Data Name=""ProcessName"">C:\Program Files\Windows Defender Advanced Threat Protection\test.exe</Data>
  <Data Name=""ResourceAttributes"">-</Data>
</EventData>",4663,4663 - An attempt was made to access an object.,-,-,-,-,-,%%1537 ,0x10000,-,-,-,-,-,-,-,-,-,-,-,-,-,-,-,-,-,-,-,-,-,-,-,-,-,-,-,-,-,-,-,-,-,-,-,-,-,-,-,-,-,-,-,-,-,-,-,-,-,-,-,-,-,-,-,0x830,-,-,-,-,-,-,-,-,-,-,-,-,-,-,-,-,-,-,-,-,-,-,-,-,-,-,-,-,-,-,-,-,-,-,-,-,-,-,-,-,-,-,-,-,-,-,\REGISTRY\MACHINE\SOFTWARE\Microsoft\Windows Advanced Threat Protection\test\HeartBeats\EndpointErrors\5,Security,Key,-,-,-,-,-,-,-,-,-,-,-,-,-,-,-,-,-,-,-,MsTest.exe,0xef8,C:\Program Files\Windows Defender Advanced Threat Protection\MsTest.exe,-,-,-,-,-,-,-,-,-,-,-,-,-,-,-,-,-,-,-,-,-,-,-,-,-,-,-,-,-,test\test005$,-,-,-,test,-,0x3e7,-,-,test005$,S-1-5-18,-,-,-,-,-,-,-,-,-,-,-,-,-,-,-,-,-,-,-,-,-,-,-,-,-,-,-,-,-,-,-,LogAlways,ab1cd18f-60a7-4a88-8631-1cd2cb123461,fc4cf18f-60a7-4a88-8631-1cd2cb123461,00000000-0000-0000-0000-000000000001,6/21/2025 15:39,AOI-12345aea-6210-464b-a6dd-49f0fd95cef5,N/A,1,0,0x8020000000000000,-,4,6952,693045028,SecurityEvent,/subscriptions/1adcd234-a6b8-4766-b099-d5c77b664f1c/resourcegroups/iam-testing/providers/microsoft.compute/virtualmachines/test010,
12345aea-6210-464b-a6dd-49f0fd95cef0,6/21/2025 15:39,OpsManager,test\test005$,Machine,test.abc.net,Microsoft-Windows-Security-Auditing,Security,12801,0,"<EventData xmlns=""http://schemas.microsoft.com/win/2004/08/events/event"">
  <Data Name=""SubjectUserSid"">S-1-5-18</Data>
  <Data Name=""SubjectUserName"">test005$</Data>
  <Data Name=""SubjectDomainName"">testdom</Data>
  <Data Name=""SubjectLogonId"">0x3e7</Data>
  <Data Name=""ObjectServer"">Security</Data>
  <Data Name=""ObjectType"">Key</Data>
  <Data Name=""ObjectName"">\REGISTRY\MACHINE\SOFTWARE\test\test1\HeartBeats\EndpointErrors\0</Data>
  <Data Name=""HandleId"">0x830</Data>
  <Data Name=""AccessList"">%%1537 </Data>
  <Data Name=""AccessMask"">0x10000</Data>
  <Data Name=""ProcessId"">0xef8</Data>
  <Data Name=""ProcessName"">C:\Program Files\Windows Defender Advanced Threat Protection\test.exe</Data>
  <Data Name=""ResourceAttributes"">-</Data>
</EventData>",4663,4663 - An attempt was made to access an object.,-,-,-,-,-,%%1537 ,0x10000,-,-,-,-,-,-,-,-,-,-,-,-,-,-,-,-,-,-,-,-,-,-,-,-,-,-,-,-,-,-,-,-,-,-,-,-,-,-,-,-,-,-,-,-,-,-,-,-,-,-,-,-,-,-,-,0x830,-,-,-,-,-,-,-,-,-,-,-,-,-,-,-,-,-,-,-,-,-,-,-,-,-,-,-,-,-,-,-,-,-,-,-,-,-,-,-,-,-,-,-,-,-,-,\REGISTRY\MACHINE\SOFTWARE\Microsoft\Windows Advanced Threat Protection\test\HeartBeats\EndpointErrors\6,Security,Key,-,-,-,-,-,-,-,-,-,-,-,-,-,-,-,-,-,-,-,MsTest.exe,0xef8,C:\Program Files\Windows Defender Advanced Threat Protection\MsTest.exe,-,-,-,-,-,-,-,-,-,-,-,-,-,-,-,-,-,-,-,-,-,-,-,-,-,-,-,-,-,test\test005$,-,-,-,test,-,0x3e7,-,-,test005$,S-1-5-18,-,-,-,-,-,-,-,-,-,-,-,-,-,-,-,-,-,-,-,-,-,-,-,-,-,-,-,-,-,-,-,LogAlways,ab1cd18f-60a7-4a88-8631-1cd2cb123462,fc4cf18f-60a7-4a88-8631-1cd2cb123462,00000000-0000-0000-0000-000000000001,6/21/2025 15:39,AOI-12345aea-6210-464b-a6dd-49f0fd95cef6,N/A,1,0,0x8020000000000000,-,4,6952,693045042,SecurityEvent,/subscriptions/1adcd234-a6b8-4766-b099-d5c77b664f1c/resourcegroups/iam-testing/providers/microsoft.compute/virtualmachines/test011,
12345aea-6210-464b-a6dd-49f0fd95cef0,6/21/2025 15:39,OpsManager,test\test005$,Machine,test.abc.net,Microsoft-Windows-Security-Auditing,Security,12801,0,"<EventData xmlns=""http://schemas.microsoft.com/win/2004/08/events/event"">
  <Data Name=""SubjectUserSid"">S-1-5-18</Data>
  <Data Name=""SubjectUserName"">test005$</Data>
  <Data Name=""SubjectDomainName"">testdom</Data>
  <Data Name=""SubjectLogonId"">0x3e7</Data>
  <Data Name=""ObjectServer"">Security</Data>
  <Data Name=""ObjectType"">Key</Data>
  <Data Name=""ObjectName"">\REGISTRY\MACHINE\SOFTWARE\test\test1\HeartBeats\EndpointErrors\0</Data>
  <Data Name=""HandleId"">0x830</Data>
  <Data Name=""AccessList"">%%1537 </Data>
  <Data Name=""AccessMask"">0x10000</Data>
  <Data Name=""ProcessId"">0xef8</Data>
  <Data Name=""ProcessName"">C:\Program Files\Windows Defender Advanced Threat Protection\test.exe</Data>
  <Data Name=""ResourceAttributes"">-</Data>
</EventData>",4663,4663 - An attempt was made to access an object.,-,-,-,-,-,%%1537 ,0x10000,-,-,-,-,-,-,-,-,-,-,-,-,-,-,-,-,-,-,-,-,-,-,-,-,-,-,-,-,-,-,-,-,-,-,-,-,-,-,-,-,-,-,-,-,-,-,-,-,-,-,-,-,-,-,-,0x830,-,-,-,-,-,-,-,-,-,-,-,-,-,-,-,-,-,-,-,-,-,-,-,-,-,-,-,-,-,-,-,-,-,-,-,-,-,-,-,-,-,-,-,-,-,-,\REGISTRY\MACHINE\SOFTWARE\Microsoft\Windows Advanced Threat Protection\test\HeartBeats\EndpointErrors\7,Security,Key,-,-,-,-,-,-,-,-,-,-,-,-,-,-,-,-,-,-,-,MsTest.exe,0xef8,C:\Program Files\Windows Defender Advanced Threat Protection\MsTest.exe,-,-,-,-,-,-,-,-,-,-,-,-,-,-,-,-,-,-,-,-,-,-,-,-,-,-,-,-,-,test\test005$,-,-,-,test,-,0x3e7,-,-,test005$,S-1-5-18,-,-,-,-,-,-,-,-,-,-,-,-,-,-,-,-,-,-,-,-,-,-,-,-,-,-,-,-,-,-,-,LogAlways,ab1cd18f-60a7-4a88-8631-1cd2cb123463,fc4cf18f-60a7-4a88-8631-1cd2cb123463,00000000-0000-0000-0000-000000000001,6/21/2025 15:39,AOI-12345aea-6210-464b-a6dd-49f0fd95cef7,N/A,1,0,0x8020000000000000,-,4,6952,693045056,SecurityEvent,/subscriptions/1adcd234-a6b8-4766-b099-d5c77b664f1c/resourcegroups/iam-testing/providers/microsoft.compute/virtualmachines/test012,
12345aea-6210-464b-a6dd-49f0fd95cef0,6/21/2025 15:39,OpsManager,test\test005$,Machine,test.abc.net,Microsoft-Windows-Security-Auditing,Security,12801,0,"<EventData xmlns=""http://schemas.microsoft.com/win/2004/08/events/event"">
  <Data Name=""SubjectUserSid"">S-1-5-18</Data>
  <Data Name=""SubjectUserName"">test005$</Data>
  <Data Name=""SubjectDomainName"">testdom</Data>
  <Data Name=""SubjectLogonId"">0x3e7</Data>
  <Data Name=""ObjectServer"">Security</Data>
  <Data Name=""ObjectType"">Key</Data>
  <Data Name=""ObjectName"">\REGISTRY\MACHINE\SOFTWARE\test\test1\HeartBeats\EndpointErrors\0</Data>
  <Data Name=""HandleId"">0x830</Data>
  <Data Name=""AccessList"">%%1537 </Data>
  <Data Name=""AccessMask"">0x10000</Data>
  <Data Name=""ProcessId"">0xef8</Data>
  <Data Name=""ProcessName"">C:\Program Files\Windows Defender Advanced Threat Protection\test.exe</Data>
  <Data Name=""ResourceAttributes"">-</Data>
</EventData>",4663,4663 - An attempt was made to access an object.,-,-,-,-,-,%%1537 ,0x10000,-,-,-,-,-,-,-,-,-,-,-,-,-,-,-,-,-,-,-,-,-,-,-,-,-,-,-,-,-,-,-,-,-,-,-,-,-,-,-,-,-,-,-,-,-,-,-,-,-,-,-,-,-,-,-,0x830,-,-,-,-,-,-,-,-,-,-,-,-,-,-,-,-,-,-,-,-,-,-,-,-,-,-,-,-,-,-,-,-,-,-,-,-,-,-,-,-,-,-,-,-,-,-,\REGISTRY\MACHINE\SOFTWARE\Microsoft\Windows Advanced Threat Protection\test\HeartBeats\EndpointErrors\8,Security,Key,-,-,-,-,-,-,-,-,-,-,-,-,-,-,-,-,-,-,-,MsTest.exe,0xef8,C:\Program Files\Windows Defender Advanced Threat Protection\MsTest.exe,-,-,-,-,-,-,-,-,-,-,-,-,-,-,-,-,-,-,-,-,-,-,-,-,-,-,-,-,-,test\test005$,-,-,-,test,-,0x3e7,-,-,test005$,S-1-5-18,-,-,-,-,-,-,-,-,-,-,-,-,-,-,-,-,-,-,-,-,-,-,-,-,-,-,-,-,-,-,-,LogAlways,ab1cd18f-60a7-4a88-8631-1cd2cb123464,fc4cf18f-60a7-4a88-8631-1cd2cb123464,00000000-0000-0000-0000-000000000001,6/21/2025 15:39,AOI-12345aea-6210-464b-a6dd-49f0fd95cef8,N/A,1,0,0x8020000000000000,-,4,6952,693045070,SecurityEvent,/subscriptions/1adcd234-a6b8-4766-b099-d5c77b664f1c/resourcegroups/iam-testing/providers/microsoft.compute/virtualmachines/test013,
12345aea-6210-464b-a6dd-49f0fd95cef0,6/21/2025 15:39,OpsManager,test\test005$,Machine,test.abc.net,Microsoft-Windows-Security-Auditing,Security,12801,0,"<EventData xmlns=""http://schemas.microsoft.com/win/2004/08/events/event"">
  <Data Name=""SubjectUserSid"">S-1-5-18</Data>
  <Data Name=""SubjectUserName"">test005$</Data>
  <Data Name=""SubjectDomainName"">testdom</Data>
  <Data Name=""SubjectLogonId"">0x3e7</Data>
  <Data Name=""ObjectServer"">Security</Data>
  <Data Name=""ObjectType"">Key</Data>
  <Data Name=""ObjectName"">\REGISTRY\MACHINE\SOFTWARE\test\test1\HeartBeats\EndpointErrors\0</Data>
  <Data Name=""HandleId"">0x830</Data>
  <Data Name=""AccessList"">%%1537 </Data>
  <Data Name=""AccessMask"">0x10000</Data>
  <Data Name=""ProcessId"">0xef8</Data>
  <Data Name=""ProcessName"">C:\Program Files\Windows Defender Advanced Threat Protection\test.exe</Data>
  <Data Name=""ResourceAttributes"">-</Data>
</EventData>",4663,4663 - An attempt was made to access an object.,-,-,-,-,-,%%1537 ,0x10000,-,-,-,-,-,-,-,-,-,-,-,-,-,-,-,-,-,-,-,-,-,-,-,-,-,-,-,-,-,-,-,-,-,-,-,-,-,-,-,-,-,-,-,-,-,-,-,-,-,-,-,-,-,-,-,0x830,-,-,-,-,-,-,-,-,-,-,-,-,-,-,-,-,-,-,-,-,-,-,-,-,-,-,-,-,-,-,-,-,-,-,-,-,-,-,-,-,-,-,-,-,-,-,\REGISTRY\MACHINE\SOFTWARE\Microsoft\Windows Advanced Threat Protection\test\HeartBeats\EndpointErrors\9,Security,Key,-,-,-,-,-,-,-,-,-,-,-,-,-,-,-,-,-,-,-,MsTest.exe,0xef8,C:\Program Files\Windows Defender Advanced Threat Protection\MsTest.exe,-,-,-,-,-,-,-,-,-,-,-,-,-,-,-,-,-,-,-,-,-,-,-,-,-,-,-,-,-,test\test005$,-,-,-,test,-,0x3e7,-,-,test005$,S-1-5-18,-,-,-,-,-,-,-,-,-,-,-,-,-,-,-,-,-,-,-,-,-,-,-,-,-,-,-,-,-,-,-,LogAlways,ab1cd18f-60a7-4a88-8631-1cd2cb123465,fc4cf18f-60a7-4a88-8631-1cd2cb123465,00000000-0000-0000-0000-000000000001,6/21/2025 15:39,AOI-12345aea-6210-464b-a6dd-49f0fd95cef9,N/A,1,0,0x8020000000000000,-,4,6952,693045084,SecurityEvent,/subscriptions/1adcd234-a6b8-4766-b099-d5c77b664f1c/resourcegroups/iam-testing/providers/microsoft.compute/virtualmachines/test014,
