"0b2a9277-f48f-49f6-b78d-d8bfd6dea87a",RestAPI,,,"7/27/2023, 2:48:46.904 PM",,,,,,,,,,,,,,,,,,3032,,".",Default,,,"Microsoft-Windows-DNSServer","eb79061a-a566-4698-9119-3ed2807060e7",260,0,16,"Microsoft-Windows-DNS-Server/Analytical ",4,"Information ",0,2,"RECURSE_QUERY ",9223372036854775824,"7/27/2023, 2:48:44.763 PM",2908,4024,INFO,2,INFO,windns,"NT AUTHORITY",SYSTEM,"S-1-5-18",User,0,0,"0.0.0.0",,0,"atm-settingsfe-prod-geo2.trafficmanager.NET.",1,234,0,234,false,false,false,QUERY,false,NOERROR,false,false,false,"[{""dns.query.name"":""atm-settingsfe-prod-geo2.trafficmanager.NET"",""dns.query.type"":""A"",""dns.query.class"":""IN""}]",0x00EA000000010000000000011861746D2D73657474696E677366652D70726F642D67656F320E747261666669636D616E61676572034E455400000100010000290FA0000000000000,".","55045cc9-bd02-4ea7-a81f-61f612ce1a67","7/27/2023, 2:48:46.003 PM","in_windowsdns_auditanalytics_sentinel_windows","im_etw","172.18.88.20","N/A","13.107.222.240",,,,,,,NULL,,,,"NXLog_DNS_Server_CL",
"0b2a9277-f48f-49f6-b78d-d8bfd6dea87a",RestAPI,,,"7/27/2023, 2:48:46.904 PM",,,,,,,,,,,,,,,,,,,1,".",Default,"[{""dns.answer.name"":""atm-settingsfe-prod-geo2.trafficmanager.NET"",""dns.answer.type"":""CNAME"",""dns.answer.class"":""IN"",""dns.answer.ttl"":60,""dns.answer.data"":""settings-prod-neu-1.northeurope.cloudapp.azure.com""}]",0,"Microsoft-Windows-DNSServer","eb79061a-a566-4698-9119-3ed2807060e7",261,0,16,"Microsoft-Windows-DNS-Server/Analytical ",4,"Information ",0,2,"RECURSE_QUERY ",9223372036854775840,"7/27/2023, 2:48:44.797 PM",2908,4024,INFO,2,INFO,windns,"NT AUTHORITY",SYSTEM,"S-1-5-18",User,33792,0,"0.0.0.0","13.107.222.240",,"atm-settingsfe-prod-geo2.trafficmanager.NET.",1,234,0,234,false,false,true,QUERY,true,NOERROR,false,false,false,"[{""dns.query.name"":""atm-settingsfe-prod-geo2.trafficmanager.NET"",""dns.query.type"":""A"",""dns.query.class"":""IN""}]",0x00EA840000010001000000011861746D2D73657474696E677366652D70726F642D67656F320E747261666669636D616E61676572034E45540000010001C00C000500010000003C00341373657474696E67732D70726F642D6E65752D310B6E6F7274686575726F706508636C6F756461707005617A75726503636F6D0000002904D0000000000000,".","55045cc9-bd02-4ea7-a81f-61f612ce1a67","7/27/2023, 2:48:46.003 PM","in_windowsdns_auditanalytics_sentinel_windows","im_etw","172.18.88.20","N/A",,1,0,,,,,,,,,"NXLog_DNS_Server_CL",
"0b2a9277-f48f-49f6-b78d-d8bfd6dea87a",RestAPI,,,"7/27/2023, 2:48:46.904 PM",,,,,,,,,,,,,,,,,,,,,,,,"Microsoft-Windows-DNSServer","eb79061a-a566-4698-9119-3ed2807060e7",279,0,16,"Microsoft-Windows-DNS-Server/Analytical ",4,"Information ",0,1,"LOOK_UP ",9223372071214514176,"7/27/2023, 2:48:44.797 PM",2908,4024,INFO,2,INFO,windns,"NT AUTHORITY",SYSTEM,"S-1-5-18",User,33152,0,"172.18.88.20","172.18.88.20",1,"settings-prod-neu-1.northeurope.cloudapp.azure.com.",1,3032,52203,3032,true,false,false,QUERY,true,NOERROR,false,false,true,"[{""dns.query.name"":""settings-win.data.microsoft.com"",""dns.query.type"":""A"",""dns.query.class"":""IN""}]",0x0BD8818000010002000000000C73657474696E67732D77696E0464617461096D6963726F736F667403636F6D0000010001,,,"7/27/2023, 2:48:46.003 PM","in_windowsdns_auditanalytics_sentinel_windows","im_etw","172.18.88.20","N/A",,,,,,,,,,,"N/A","NXLog_DNS_Server_CL",
"0b2a9277-f48f-49f6-b78d-d8bfd6dea87a",RestAPI,,,"7/27/2023, 2:48:46.904 PM",,,,,,,,,,,,,,,,,,3032,,".",Default,,,"Microsoft-Windows-DNSServer","eb79061a-a566-4698-9119-3ed2807060e7",260,0,16,"Microsoft-Windows-DNS-Server/Analytical ",4,"Information ",0,2,"RECURSE_QUERY ",9223372036854775824,"7/27/2023, 2:48:44.798 PM",2908,4024,INFO,2,INFO,windns,"NT AUTHORITY",SYSTEM,"S-1-5-18",User,0,0,"0.0.0.0",,0,"settings-prod-neu-1.northeurope.cloudapp.azure.com.",1,8552,0,8552,false,false,false,QUERY,false,NOERROR,false,false,false,"[{""dns.query.name"":""settings-prod-neu-1.northeurope.cloudapp.azure.com"",""dns.query.type"":""A"",""dns.query.class"":""IN""}]",0x2168000000010000000000011373657474696E67732D70726F642D6E65752D310B6E6F7274686575726F706508636C6F756461707005617A75726503636F6D00000100010000290FA0000000000000,".","55045cc9-bd02-4ea7-a81f-61f612ce1a67","7/27/2023, 2:48:46.003 PM","in_windowsdns_auditanalytics_sentinel_windows","im_etw","172.18.88.20","N/A","150.171.10.201",,,,,,,NULL,,,,"NXLog_DNS_Server_CL",
"0b2a9277-f48f-49f6-b78d-d8bfd6dea87a",RestAPI,,,"7/27/2023, 2:48:47.665 PM",,,,,,,,,,,,,,,,,,,2,".",Default,"[{""dns.answer.name"":""settings-prod-neu-1.northeurope.cloudapp.azure.com"",""dns.answer.type"":""A"",""dns.answer.class"":""IN"",""dns.answer.ttl"":10,""dns.answer.data"":""40.127.240.158""}]",0,"Microsoft-Windows-DNSServer","eb79061a-a566-4698-9119-3ed2807060e7",261,0,16,"Microsoft-Windows-DNS-Server/Analytical ",4,"Information ",0,2,"RECURSE_QUERY ",9223372036854775840,"7/27/2023, 2:48:44.829 PM",2908,4024,INFO,2,INFO,windns,"NT AUTHORITY",SYSTEM,"S-1-5-18",User,33792,0,"0.0.0.0","150.171.10.201",,"settings-prod-neu-1.northeurope.cloudapp.azure.com.",1,8552,0,8552,false,false,true,QUERY,true,NOERROR,false,false,false,"[{""dns.query.name"":""settings-prod-neu-1.northeurope.cloudapp.azure.com"",""dns.query.type"":""A"",""dns.query.class"":""IN""}]",0x2168840000010001000000011373657474696E67732D70726F642D6E65752D310B6E6F7274686575726F706508636C6F756461707005617A75726503636F6D0000010001C00C000100010000000A0004287FF09E00002904D0000000000000,".","55045cc9-bd02-4ea7-a81f-61f612ce1a67","7/27/2023, 2:48:47.003 PM","in_windowsdns_auditanalytics_sentinel_windows","im_etw","172.18.88.20","N/A",,1,0,,,,,,,,,"NXLog_DNS_Server_CL",
"0b2a9277-f48f-49f6-b78d-d8bfd6dea87a",RestAPI,,,"7/27/2023, 2:48:47.665 PM",,,,,,,,,,,,,,,,,,,,,,"[{""dns.answer.name"":""settings-win.data.microsoft.com"",""dns.answer.type"":""CNAME"",""dns.answer.class"":""IN"",""dns.answer.ttl"":1563,""dns.answer.data"":""atm-settingsfe-prod-geo2.trafficmanager.net""},{""dns.answer.name"":""atm-settingsfe-prod-geo2.trafficmanager.net"",""dns.answer.type"":""CNAME"",""dns.answer.class"":""IN"",""dns.answer.ttl"":60,""dns.answer.data"":""settings-prod-neu-1.northeurope.cloudapp.azure.com""},{""dns.answer.name"":""settings-prod-neu-1.northeurope.cloudapp.azure.com"",""dns.answer.type"":""A"",""dns.answer.class"":""IN"",""dns.answer.ttl"":10,""dns.answer.data"":""40.127.240.158""}]",,"Microsoft-Windows-DNSServer","eb79061a-a566-4698-9119-3ed2807060e7",257,0,16,"Microsoft-Windows-DNS-Server/Analytical ",4,"Information ",0,1,"LOOK_UP ",9223372036854775810,"7/27/2023, 2:48:44.829 PM",2908,4024,INFO,2,INFO,windns,"NT AUTHORITY",SYSTEM,"S-1-5-18",User,33152,0,"172.18.88.20",,,"settings-win.data.microsoft.com.",1,3032,52203,3032,true,false,false,QUERY,true,NOERROR,false,false,true,"[{""dns.query.name"":""settings-win.data.microsoft.com"",""dns.query.type"":""A"",""dns.query.class"":""IN""}]",0x0BD8818000010003000000000C73657474696E67732D77696E0464617461096D6963726F736F667403636F6D0000010001C00C000500010000061B002D1861746D2D73657474696E677366652D70726F642D67656F320E747261666669636D616E61676572036E657400C03D000500010000003C00311373657474696E67732D70726F642D6E65752D310B6E6F7274686575726F706508636C6F756461707005617A757265C028C076000100010000000A0004287FF09E,"VirtualizationInstance:.","55045cc9-bd02-4ea7-a81f-61f612ce1a67","7/27/2023, 2:48:47.003 PM","in_windowsdns_auditanalytics_sentinel_windows","im_etw","172.18.88.20","N/A","172.18.88.20",0,0,0,0,Default,"..Cache",NULL,,67,,"NXLog_DNS_Server_CL",
"0b2a9277-f48f-49f6-b78d-d8bfd6dea87a",RestAPI,,,"7/27/2023, 2:48:47.665 PM",,,,,,,,,,,,,,,,,,,,,,,,"Microsoft-Windows-DNSServer","eb79061a-a566-4698-9119-3ed2807060e7",256,0,16,"Microsoft-Windows-DNS-Server/Analytical ",4,"Information ",0,1,"LOOK_UP ",9223372036854775809,"7/27/2023, 2:48:45.592 PM",2908,4028,INFO,2,INFO,windns,"NT AUTHORITY",SYSTEM,"S-1-5-18",User,256,0,"172.18.88.20","172.18.88.20",1,"v10.events.data.microsoft.com.",1,7431,60523,7431,true,false,false,QUERY,false,NOERROR,false,false,false,"[{""dns.query.name"":""v10.events.data.microsoft.com"",""dns.query.type"":""A"",""dns.query.class"":""IN""}]",0x1D070100000100000000000003763130066576656E74730464617461096D6963726F736F667403636F6D0000010001,".","6a26e542-bd2b-4564-9ae6-1bd9f68e366a","7/27/2023, 2:48:47.003 PM","in_windowsdns_auditanalytics_sentinel_windows","im_etw","172.18.88.20","N/A",,,,,,,,,,,,"NXLog_DNS_Server_CL",
"0b2a9277-f48f-49f6-b78d-d8bfd6dea87a",RestAPI,,,"7/27/2023, 2:48:47.665 PM",,,,,,,,,,,,,,,,,,,,,,,,"Microsoft-Windows-DNSServer","eb79061a-a566-4698-9119-3ed2807060e7",279,0,16,"Microsoft-Windows-DNS-Server/Analytical ",4,"Information ",0,1,"LOOK_UP ",9223372071214514176,"7/27/2023, 2:48:45.592 PM",2908,4028,INFO,2,INFO,windns,"NT AUTHORITY",SYSTEM,"S-1-5-18",User,33152,0,"172.18.88.20","172.18.88.20",1,"win-global-asimov-leafs-events-data.trafficmanager.net.",1,7431,60523,7431,true,false,false,QUERY,true,NOERROR,false,false,true,"[{""dns.query.name"":""v10.events.data.microsoft.com"",""dns.query.type"":""A"",""dns.query.class"":""IN""}]",0x1D078180000100010000000003763130066576656E74730464617461096D6963726F736F667403636F6D0000010001,,,"7/27/2023, 2:48:47.003 PM","in_windowsdns_auditanalytics_sentinel_windows","im_etw","172.18.88.20","N/A",,,,,,,,,,,"N/A","NXLog_DNS_Server_CL",
"0b2a9277-f48f-49f6-b78d-d8bfd6dea87a",RestAPI,,,"7/27/2023, 2:48:47.665 PM",,,,,,,,,,,,,,,,,,,,,,,,"Microsoft-Windows-DNSServer","eb79061a-a566-4698-9119-3ed2807060e7",279,0,16,"Microsoft-Windows-DNS-Server/Analytical ",4,"Information ",0,1,"LOOK_UP ",9223372071214514176,"7/27/2023, 2:48:45.592 PM",2908,4028,INFO,2,INFO,windns,"NT AUTHORITY",SYSTEM,"S-1-5-18",User,33152,0,"172.18.88.20","172.18.88.20",1,"onedscolprdeus05.eastus.cloudapp.azure.com.",1,7431,60523,7431,true,false,false,QUERY,true,NOERROR,false,false,true,"[{""dns.query.name"":""v10.events.data.microsoft.com"",""dns.query.type"":""A"",""dns.query.class"":""IN""}]",0x1D078180000100020000000003763130066576656E74730464617461096D6963726F736F667403636F6D0000010001,,,"7/27/2023, 2:48:47.003 PM","in_windowsdns_auditanalytics_sentinel_windows","im_etw","172.18.88.20","N/A",,,,,,,,,,,"N/A","NXLog_DNS_Server_CL",
"0b2a9277-f48f-49f6-b78d-d8bfd6dea87a",RestAPI,,,"7/27/2023, 2:48:47.665 PM",,,,,,,,,,,,,,,,,,,,,,"[{""dns.answer.name"":""v10.events.data.microsoft.com"",""dns.answer.type"":""CNAME"",""dns.answer.class"":""IN"",""dns.answer.ttl"":118,""dns.answer.data"":""win-global-asimov-leafs-events-data.trafficmanager.net""},{""dns.answer.name"":""win-global-asimov-leafs-events-data.trafficmanager.net"",""dns.answer.type"":""CNAME"",""dns.answer.class"":""IN"",""dns.answer.ttl"":58,""dns.answer.data"":""onedscolprdeus05.eastus.cloudapp.azure.com""},{""dns.answer.name"":""onedscolprdeus05.eastus.cloudapp.azure.com"",""dns.answer.type"":""A"",""dns.answer.class"":""IN"",""dns.answer.ttl"":8,""dns.answer.data"":""20.42.65.85""}]",,"Microsoft-Windows-DNSServer","eb79061a-a566-4698-9119-3ed2807060e7",257,0,16,"Microsoft-Windows-DNS-Server/Analytical ",4,"Information ",0,1,"LOOK_UP ",9223372036854775810,"7/27/2023, 2:48:45.592 PM",2908,4028,INFO,2,INFO,windns,"NT AUTHORITY",SYSTEM,"S-1-5-18",User,33152,0,"172.18.88.20",,,"v10.events.data.microsoft.com.",1,7431,60523,7431,true,false,false,QUERY,true,NOERROR,false,false,true,"[{""dns.query.name"":""v10.events.data.microsoft.com"",""dns.query.type"":""A"",""dns.query.class"":""IN""}]",0x1D078180000100030000000003763130066576656E74730464617461096D6963726F736F667403636F6D0000010001C00C000500010000007600382377696E2D676C6F62616C2D6173696D6F762D6C656166732D6576656E74732D646174610E747261666669636D616E61676572036E657400C03B000500010000003A0029106F6E656473636F6C70726465757330350665617374757308636C6F756461707005617A757265C026C07F00010001000000080004142A4155,"VirtualizationInstance:.","6a26e542-bd2b-4564-9ae6-1bd9f68e366a","7/27/2023, 2:48:47.003 PM","in_windowsdns_auditanalytics_sentinel_windows","im_etw","172.18.88.20","N/A","172.18.88.20",0,0,0,0,Default,"..Cache",NULL,,0,,"NXLog_DNS_Server_CL",
"0b2a9277-f48f-49f6-b78d-d8bfd6dea87a",RestAPI,,,"7/27/2023, 2:50:18.159 PM",,,,,,,,,,,,,,,,,,,,,,,,"Microsoft-Windows-DNSServer","eb79061a-a566-4698-9119-3ed2807060e7",256,0,16,"Microsoft-Windows-DNS-Server/Analytical ",4,"Information ",0,1,"LOOK_UP ",9223372036854775809,"7/27/2023, 2:50:14.882 PM",2908,4024,INFO,2,INFO,windns,"NT AUTHORITY",SYSTEM,"S-1-5-18",User,256,0,"172.18.88.20","172.18.88.20",1,"0b2a9277-f48f-49f6-b78d-d8bfd6dea87a.ods.opinsights.azure.com.",1,61822,52575,61822,true,false,false,QUERY,false,NOERROR,false,false,false,"[{""dns.query.name"":""0b2a9277-f48f-49f6-b78d-d8bfd6dea87a.ods.opinsights.azure.com"",""dns.query.type"":""A"",""dns.query.class"":""IN""}]",0xF17E010000010000000000002430623261393237372D663438662D343966362D623738642D643862666436646561383761036F64730A6F70696E73696768747305617A75726503636F6D0000010001,".","dc91de52-7f36-4d2a-8ab5-09a6a61d0023","7/27/2023, 2:50:16.908 PM","in_windowsdns_auditanalytics_sentinel_windows","im_etw","172.18.88.20","N/A",,,,,,,,,,,,"NXLog_DNS_Server_CL",
"0b2a9277-f48f-49f6-b78d-d8bfd6dea87a",RestAPI,,,"7/27/2023, 2:50:18.159 PM",,,,,,,,,,,,,,,,,,,,,,,,"Microsoft-Windows-DNSServer","eb79061a-a566-4698-9119-3ed2807060e7",279,0,16,"Microsoft-Windows-DNS-Server/Analytical ",4,"Information ",0,1,"LOOK_UP ",9223372071214514176,"7/27/2023, 2:50:14.882 PM",2908,4024,INFO,2,INFO,windns,"NT AUTHORITY",SYSTEM,"S-1-5-18",User,33152,0,"172.18.88.20","172.18.88.20",1,"opinsightsweuods.trafficmanager.net.",1,61822,52575,61822,true,false,false,QUERY,true,NOERROR,false,false,true,"[{""dns.query.name"":""0b2a9277-f48f-49f6-b78d-d8bfd6dea87a.ods.opinsights.azure.com"",""dns.query.type"":""A"",""dns.query.class"":""IN""}]",0xF17E818000010001000000002430623261393237372D663438662D343966362D623738642D643862666436646561383761036F64730A6F70696E73696768747305617A75726503636F6D0000010001,,,"7/27/2023, 2:50:16.908 PM","in_windowsdns_auditanalytics_sentinel_windows","im_etw","172.18.88.20","N/A",,,,,,,,,,,"N/A","NXLog_DNS_Server_CL",
"0b2a9277-f48f-49f6-b78d-d8bfd6dea87a",RestAPI,,,"7/27/2023, 2:50:18.159 PM",,,,,,,,,,,,,,,,,,,,,,,,"Microsoft-Windows-DNSServer","eb79061a-a566-4698-9119-3ed2807060e7",279,0,16,"Microsoft-Windows-DNS-Server/Analytical ",4,"Information ",0,1,"LOOK_UP ",9223372071214514176,"7/27/2023, 2:50:14.882 PM",2908,4024,INFO,2,INFO,windns,"NT AUTHORITY",SYSTEM,"S-1-5-18",User,33152,0,"172.18.88.20","172.18.88.20",1,"ipv4-weu-oi-ods-cses-e.westeurope.cloudapp.azure.com.",1,61822,52575,61822,true,false,false,QUERY,true,NOERROR,false,false,true,"[{""dns.query.name"":""0b2a9277-f48f-49f6-b78d-d8bfd6dea87a.ods.opinsights.azure.com"",""dns.query.type"":""A"",""dns.query.class"":""IN""}]",0xF17E818000010002000000002430623261393237372D663438662D343966362D623738642D643862666436646561383761036F64730A6F70696E73696768747305617A75726503636F6D0000010001,,,"7/27/2023, 2:50:16.908 PM","in_windowsdns_auditanalytics_sentinel_windows","im_etw","172.18.88.20","N/A",,,,,,,,,,,"N/A","NXLog_DNS_Server_CL",
"0b2a9277-f48f-49f6-b78d-d8bfd6dea87a",RestAPI,,,"7/27/2023, 2:50:18.159 PM",,,,,,,,,,,,,,,,,,61822,,".",Default,,,"Microsoft-Windows-DNSServer","eb79061a-a566-4698-9119-3ed2807060e7",260,0,16,"Microsoft-Windows-DNS-Server/Analytical ",4,"Information ",0,2,"RECURSE_QUERY ",9223372036854775824,"7/27/2023, 2:50:14.883 PM",2908,4024,INFO,2,INFO,windns,"NT AUTHORITY",SYSTEM,"S-1-5-18",User,0,0,"0.0.0.0",,0,"ipv4-weu-oi-ods-cses-e.westeurope.cloudapp.azure.com.",1,40175,0,40175,false,false,false,QUERY,false,NOERROR,false,false,false,"[{""dns.query.name"":""ipv4-weu-oi-ods-cses-e.westeurope.cloudapp.azure.com"",""dns.query.type"":""A"",""dns.query.class"":""IN""}]",0x9CEF0000000100000000000116697076342D7765752D6F692D6F64732D637365732D650A776573746575726F706508636C6F756461707005617A75726503636F6D00000100010000290FA0000000000000,".","dc91de52-7f36-4d2a-8ab5-09a6a61d0023","7/27/2023, 2:50:16.908 PM","in_windowsdns_auditanalytics_sentinel_windows","im_etw","172.18.88.20","N/A","150.171.10.201",,,,,,,NULL,,,,"NXLog_DNS_Server_CL",
"0b2a9277-f48f-49f6-b78d-d8bfd6dea87a",RestAPI,,,"7/27/2023, 2:50:18.159 PM",,,,,,,,,,,,,,,,,,,1,".",Default,"[{""dns.answer.name"":""ipv4-weu-oi-ods-cses-e.westeurope.cloudapp.azure.com"",""dns.answer.type"":""A"",""dns.answer.class"":""IN"",""dns.answer.ttl"":10,""dns.answer.data"":""13.69.106.94""}]",0,"Microsoft-Windows-DNSServer","eb79061a-a566-4698-9119-3ed2807060e7",261,0,16,"Microsoft-Windows-DNS-Server/Analytical ",4,"Information ",0,2,"RECURSE_QUERY ",9223372036854775840,"7/27/2023, 2:50:14.912 PM",2908,4024,INFO,2,INFO,windns,"NT AUTHORITY",SYSTEM,"S-1-5-18",User,33792,0,"0.0.0.0","150.171.10.201",,"ipv4-weu-oi-ods-cses-e.westeurope.cloudapp.azure.com.",1,40175,0,40175,false,false,true,QUERY,true,NOERROR,false,false,false,"[{""dns.query.name"":""ipv4-weu-oi-ods-cses-e.westeurope.cloudapp.azure.com"",""dns.query.type"":""A"",""dns.query.class"":""IN""}]",0x9CEF8400000100010000000116697076342D7765752D6F692D6F64732D637365732D650A776573746575726F706508636C6F756461707005617A75726503636F6D0000010001C00C000100010000000A00040D456A5E00002904D0000000000000,".","dc91de52-7f36-4d2a-8ab5-09a6a61d0023","7/27/2023, 2:50:16.908 PM","in_windowsdns_auditanalytics_sentinel_windows","im_etw","172.18.88.20","N/A",,1,0,,,,,,,,,"NXLog_DNS_Server_CL",
"0b2a9277-f48f-49f6-b78d-d8bfd6dea87a",RestAPI,,,"7/27/2023, 2:50:18.159 PM",,,,,,,,,,,,,,,,,,,,,,"[{""dns.answer.name"":""0b2a9277-f48f-49f6-b78d-d8bfd6dea87a.ods.opinsights.azure.com"",""dns.answer.type"":""CNAME"",""dns.answer.class"":""IN"",""dns.answer.ttl"":161,""dns.answer.data"":""opinsightsweuods.trafficmanager.net""},{""dns.answer.name"":""opinsightsweuods.trafficmanager.net"",""dns.answer.type"":""CNAME"",""dns.answer.class"":""IN"",""dns.answer.ttl"":161,""dns.answer.data"":""ipv4-weu-oi-ods-cses-e.westeurope.cloudapp.azure.com""},{""dns.answer.name"":""ipv4-weu-oi-ods-cses-e.westeurope.cloudapp.azure.com"",""dns.answer.type"":""A"",""dns.answer.class"":""IN"",""dns.answer.ttl"":9,""dns.answer.data"":""13.69.106.94""}]",,"Microsoft-Windows-DNSServer","eb79061a-a566-4698-9119-3ed2807060e7",257,0,16,"Microsoft-Windows-DNS-Server/Analytical ",4,"Information ",0,1,"LOOK_UP ",9223372036854775810,"7/27/2023, 2:50:14.912 PM",2908,4024,INFO,2,INFO,windns,"NT AUTHORITY",SYSTEM,"S-1-5-18",User,33152,0,"172.18.88.20",,,"0b2a9277-f48f-49f6-b78d-d8bfd6dea87a.ods.opinsights.azure.com.",1,61822,52575,61822,true,false,false,QUERY,true,NOERROR,false,false,true,"[{""dns.query.name"":""0b2a9277-f48f-49f6-b78d-d8bfd6dea87a.ods.opinsights.azure.com"",""dns.query.type"":""A"",""dns.query.class"":""IN""}]",0xF17E818000010003000000002430623261393237372D663438662D343966362D623738642D643862666436646561383761036F64730A6F70696E73696768747305617A75726503636F6D0000010001C00C00050001000000A10025106F70696E7369676874737765756F64730E747261666669636D616E61676572036E657400C05B00050001000000A1002D16697076342D7765752D6F692D6F64732D637365732D650A776573746575726F706508636C6F7564617070C040C08C000100010000000900040D456A5E,"VirtualizationInstance:.","dc91de52-7f36-4d2a-8ab5-09a6a61d0023","7/27/2023, 2:50:16.908 PM","in_windowsdns_auditanalytics_sentinel_windows","im_etw","172.18.88.20","N/A","172.18.88.20",0,0,0,0,Default,"..Cache",NULL,,30,,"NXLog_DNS_Server_CL",
"0b2a9277-f48f-49f6-b78d-d8bfd6dea87a",RestAPI,,,"7/27/2023, 2:50:03.716 PM",,,,,,,,,,,,,,,,,,,,,,,,"Microsoft-Windows-DNSServer","eb79061a-a566-4698-9119-3ed2807060e7",256,0,16,"Microsoft-Windows-DNS-Server/Analytical ",4,"Information ",0,1,"LOOK_UP ",9223372036854775809,"7/27/2023, 2:50:01.006 PM",2908,4028,INFO,2,INFO,windns,"NT AUTHORITY",SYSTEM,"S-1-5-18",User,256,0,"172.18.88.20","172.18.88.20",1,"0b2a9277-f48f-49f6-b78d-d8bfd6dea87a.ods.opinsights.azure.com.",1,33201,52367,33201,true,false,false,QUERY,false,NOERROR,false,false,false,"[{""dns.query.name"":""0b2a9277-f48f-49f6-b78d-d8bfd6dea87a.ods.opinsights.azure.com"",""dns.query.type"":""A"",""dns.query.class"":""IN""}]",0x81B1010000010000000000002430623261393237372D663438662D343966362D623738642D643862666436646561383761036F64730A6F70696E73696768747305617A75726503636F6D0000010001,".","9c8707d4-0cc0-419c-ae1b-6a978703e872","7/27/2023, 2:50:03.019 PM","in_windowsdns_auditanalytics_sentinel_windows","im_etw","172.18.88.20","N/A",,,,,,,,,,,,"NXLog_DNS_Server_CL",
"0b2a9277-f48f-49f6-b78d-d8bfd6dea87a",RestAPI,,,"7/27/2023, 2:50:03.716 PM",,,,,,,,,,,,,,,,,,,,,,,,"Microsoft-Windows-DNSServer","eb79061a-a566-4698-9119-3ed2807060e7",279,0,16,"Microsoft-Windows-DNS-Server/Analytical ",4,"Information ",0,1,"LOOK_UP ",9223372071214514176,"7/27/2023, 2:50:01.006 PM",2908,4028,INFO,2,INFO,windns,"NT AUTHORITY",SYSTEM,"S-1-5-18",User,33152,0,"172.18.88.20","172.18.88.20",1,"opinsightsweuods.trafficmanager.net.",1,33201,52367,33201,true,false,false,QUERY,true,NOERROR,false,false,true,"[{""dns.query.name"":""0b2a9277-f48f-49f6-b78d-d8bfd6dea87a.ods.opinsights.azure.com"",""dns.query.type"":""A"",""dns.query.class"":""IN""}]",0x81B1818000010001000000002430623261393237372D663438662D343966362D623738642D643862666436646561383761036F64730A6F70696E73696768747305617A75726503636F6D0000010001,,,"7/27/2023, 2:50:03.019 PM","in_windowsdns_auditanalytics_sentinel_windows","im_etw","172.18.88.20","N/A",,,,,,,,,,,"N/A","NXLog_DNS_Server_CL",
"0b2a9277-f48f-49f6-b78d-d8bfd6dea87a",RestAPI,,,"7/27/2023, 2:50:03.716 PM",,,,,,,,,,,,,,,,,,,,,,,,"Microsoft-Windows-DNSServer","eb79061a-a566-4698-9119-3ed2807060e7",279,0,16,"Microsoft-Windows-DNS-Server/Analytical ",4,"Information ",0,1,"LOOK_UP ",9223372071214514176,"7/27/2023, 2:50:01.006 PM",2908,4028,INFO,2,INFO,windns,"NT AUTHORITY",SYSTEM,"S-1-5-18",User,33152,0,"172.18.88.20","172.18.88.20",1,"ipv4-weu-oi-ods-cses-e.westeurope.cloudapp.azure.com.",1,33201,52367,33201,true,false,false,QUERY,true,NOERROR,false,false,true,"[{""dns.query.name"":""0b2a9277-f48f-49f6-b78d-d8bfd6dea87a.ods.opinsights.azure.com"",""dns.query.type"":""A"",""dns.query.class"":""IN""}]",0x81B1818000010002000000002430623261393237372D663438662D343966362D623738642D643862666436646561383761036F64730A6F70696E73696768747305617A75726503636F6D0000010001,,,"7/27/2023, 2:50:03.019 PM","in_windowsdns_auditanalytics_sentinel_windows","im_etw","172.18.88.20","N/A",,,,,,,,,,,"N/A","NXLog_DNS_Server_CL",
"0b2a9277-f48f-49f6-b78d-d8bfd6dea87a",RestAPI,,,"7/27/2023, 2:50:03.716 PM",,,,,,,,,,,,,,,,,,33201,,".",Default,,,"Microsoft-Windows-DNSServer","eb79061a-a566-4698-9119-3ed2807060e7",260,0,16,"Microsoft-Windows-DNS-Server/Analytical ",4,"Information ",0,2,"RECURSE_QUERY ",9223372036854775824,"7/27/2023, 2:50:01.007 PM",2908,4028,INFO,2,INFO,windns,"NT AUTHORITY",SYSTEM,"S-1-5-18",User,0,0,"0.0.0.0",,0,"ipv4-weu-oi-ods-cses-e.westeurope.cloudapp.azure.com.",1,49052,0,49052,false,false,false,QUERY,false,NOERROR,false,false,false,"[{""dns.query.name"":""ipv4-weu-oi-ods-cses-e.westeurope.cloudapp.azure.com"",""dns.query.type"":""A"",""dns.query.class"":""IN""}]",0xBF9C0000000100000000000116697076342D7765752D6F692D6F64732D637365732D650A776573746575726F706508636C6F756461707005617A75726503636F6D00000100010000290FA0000000000000,".","9c8707d4-0cc0-419c-ae1b-6a978703e872","7/27/2023, 2:50:03.019 PM","in_windowsdns_auditanalytics_sentinel_windows","im_etw","172.18.88.20","N/A","150.171.16.39",,,,,,,NULL,,,,"NXLog_DNS_Server_CL",
"0b2a9277-f48f-49f6-b78d-d8bfd6dea87a",RestAPI,,,"7/27/2023, 2:50:03.716 PM",,,,,,,,,,,,,,,,,,,1,".",Default,,0,"Microsoft-Windows-DNSServer","eb79061a-a566-4698-9119-3ed2807060e7",261,0,16,"Microsoft-Windows-DNS-Server/Analytical ",4,"Information ",0,2,"RECURSE_QUERY ",9223372036854775840,"7/27/2023, 2:50:01.034 PM",2908,4028,INFO,2,INFO,windns,"NT AUTHORITY",SYSTEM,"S-1-5-18",User,32768,0,"0.0.0.0","150.171.16.39",,"ipv4-weu-oi-ods-cses-e.westeurope.cloudapp.azure.com.",1,49052,0,49052,false,false,false,QUERY,true,NOERROR,false,false,false,"[{""dns.query.name"":""ipv4-weu-oi-ods-cses-e.westeurope.cloudapp.azure.com"",""dns.query.type"":""A"",""dns.query.class"":""IN""}]",0xBF9C8000000100000006000116697076342D7765752D6F692D6F64732D637365732D650A776573746575726F706508636C6F756461707005617A75726503636F6D0000010001C023000200010000012C0014076E73312D32303109617A7572652D646E73C03DC023000200010000012C0017076E73322D32303109617A7572652D646E73036E657400C023000200010000012C0018086E7331312D32303109617A7572652D646E73036F726700C023000200010000012C0019086E7331322D32303109617A7572652D646E7304696E666F00C023000200010000012C000B086E7331302D323031C07AC023000200010000012C000A076E73392D323031C05A00002904D0000000000000,".","9c8707d4-0cc0-419c-ae1b-6a978703e872","7/27/2023, 2:50:03.019 PM","in_windowsdns_auditanalytics_sentinel_windows","im_etw","172.18.88.20","N/A",,0,0,,,,,,"[{""dns.authority.name"":""westeurope.cloudapp.azure.com"",""dns.authority.type"":""NS"",""dns.authority.class"":""IN"",""dns.authority.ttl"":300,""dns.authority.data"":""ns1-201.azure-dns.com""},{""dns.authority.name"":""westeurope.cloudapp.azure.com"",""dns.authority.type"":""NS"",""dns.authority.class"":""IN"",""dns.authority.ttl"":300,""dns.authority.data"":""ns2-201.azure-dns.net""},{""dns.authority.name"":""westeurope.cloudapp.azure.com"",""dns.authority.type"":""NS"",""dns.authority.class"":""IN"",""dns.authority.ttl"":300,""dns.authority.data"":""ns11-201.azure-dns.org""},{""dns.authority.name"":""westeurope.cloudapp.azure.com"",""dns.authority.type"":""NS"",""dns.authority.class"":""IN"",""dns.authority.ttl"":300,""dns.authority.data"":""ns12-201.azure-dns.info""},{""dns.authority.name"":""westeurope.cloudapp.azure.com"",""dns.authority.type"":""NS"",""dns.authority.class"":""IN"",""dns.authority.ttl"":300,""dns.authority.data"":""ns10-201.azure-dns.net""},{""dns.authority.name"":""westeurope.cloudapp.azure.com"",""dns.authority.type"":""NS"",""dns.authority.class"":""IN"",""dns.authority.ttl"":300,""dns.authority.data"":""ns9-201.azure-dns.com""}]",,,"NXLog_DNS_Server_CL",
"0b2a9277-f48f-49f6-b78d-d8bfd6dea87a",RestAPI,,,"7/27/2023, 2:50:03.716 PM",,,,,,,,,,,,,,,,,,33201,,".",Default,,,"Microsoft-Windows-DNSServer","eb79061a-a566-4698-9119-3ed2807060e7",260,0,16,"Microsoft-Windows-DNS-Server/Analytical ",4,"Information ",0,2,"RECURSE_QUERY ",9223372036854775824,"7/27/2023, 2:50:01.035 PM",2908,4028,INFO,2,INFO,windns,"NT AUTHORITY",SYSTEM,"S-1-5-18",User,0,0,"0.0.0.0",,0,"ipv4-weu-oi-ods-cses-e.westeurope.cloudapp.azure.com.",1,42685,0,42685,false,false,false,QUERY,false,NOERROR,false,false,false,"[{""dns.query.name"":""ipv4-weu-oi-ods-cses-e.westeurope.cloudapp.azure.com"",""dns.query.type"":""A"",""dns.query.class"":""IN""}]",0xA6BD0000000100000000000116697076342D7765752D6F692D6F64732D637365732D650A776573746575726F706508636C6F756461707005617A75726503636F6D00000100010000290FA0000000000000,".","9c8707d4-0cc0-419c-ae1b-6a978703e872","7/27/2023, 2:50:03.019 PM","in_windowsdns_auditanalytics_sentinel_windows","im_etw","172.18.88.20","N/A","150.171.10.201",,,,,,,NULL,,,,"NXLog_DNS_Server_CL",
"0b2a9277-f48f-49f6-b78d-d8bfd6dea87a",RestAPI,,,"7/27/2023, 2:50:03.716 PM",,,,,,,,,,,,,,,,,,,2,".",Default,"[{""dns.answer.name"":""ipv4-weu-oi-ods-cses-e.westeurope.cloudapp.azure.com"",""dns.answer.type"":""A"",""dns.answer.class"":""IN"",""dns.answer.ttl"":10,""dns.answer.data"":""13.69.106.94""}]",0,"Microsoft-Windows-DNSServer","eb79061a-a566-4698-9119-3ed2807060e7",261,0,16,"Microsoft-Windows-DNS-Server/Analytical ",4,"Information ",0,2,"RECURSE_QUERY ",9223372036854775840,"7/27/2023, 2:50:01.063 PM",2908,4028,INFO,2,INFO,windns,"NT AUTHORITY",SYSTEM,"S-1-5-18",User,33792,0,"0.0.0.0","150.171.10.201",,"ipv4-weu-oi-ods-cses-e.westeurope.cloudapp.azure.com.",1,42685,0,42685,false,false,true,QUERY,true,NOERROR,false,false,false,"[{""dns.query.name"":""ipv4-weu-oi-ods-cses-e.westeurope.cloudapp.azure.com"",""dns.query.type"":""A"",""dns.query.class"":""IN""}]",0xA6BD8400000100010000000116697076342D7765752D6F692D6F64732D637365732D650A776573746575726F706508636C6F756461707005617A75726503636F6D0000010001C00C000100010000000A00040D456A5E00002904D0000000000000,".","9c8707d4-0cc0-419c-ae1b-6a978703e872","7/27/2023, 2:50:03.019 PM","in_windowsdns_auditanalytics_sentinel_windows","im_etw","172.18.88.20","N/A",,1,0,,,,,,,,,"NXLog_DNS_Server_CL",
"0b2a9277-f48f-49f6-b78d-d8bfd6dea87a",RestAPI,,,"7/27/2023, 2:50:03.716 PM",,,,,,,,,,,,,,,,,,,,,,"[{""dns.answer.name"":""0b2a9277-f48f-49f6-b78d-d8bfd6dea87a.ods.opinsights.azure.com"",""dns.answer.type"":""CNAME"",""dns.answer.class"":""IN"",""dns.answer.ttl"":175,""dns.answer.data"":""opinsightsweuods.trafficmanager.net""},{""dns.answer.name"":""opinsightsweuods.trafficmanager.net"",""dns.answer.type"":""CNAME"",""dns.answer.class"":""IN"",""dns.answer.ttl"":175,""dns.answer.data"":""ipv4-weu-oi-ods-cses-e.westeurope.cloudapp.azure.com""},{""dns.answer.name"":""ipv4-weu-oi-ods-cses-e.westeurope.cloudapp.azure.com"",""dns.answer.type"":""A"",""dns.answer.class"":""IN"",""dns.answer.ttl"":10,""dns.answer.data"":""13.69.106.94""}]",,"Microsoft-Windows-DNSServer","eb79061a-a566-4698-9119-3ed2807060e7",257,0,16,"Microsoft-Windows-DNS-Server/Analytical ",4,"Information ",0,1,"LOOK_UP ",9223372036854775810,"7/27/2023, 2:50:01.063 PM",2908,4028,INFO,2,INFO,windns,"NT AUTHORITY",SYSTEM,"S-1-5-18",User,33152,0,"172.18.88.20",,,"0b2a9277-f48f-49f6-b78d-d8bfd6dea87a.ods.opinsights.azure.com.",1,33201,52367,33201,true,false,false,QUERY,true,NOERROR,false,false,true,"[{""dns.query.name"":""0b2a9277-f48f-49f6-b78d-d8bfd6dea87a.ods.opinsights.azure.com"",""dns.query.type"":""A"",""dns.query.class"":""IN""}]",0x81B1818000010003000000002430623261393237372D663438662D343966362D623738642D643862666436646561383761036F64730A6F70696E73696768747305617A75726503636F6D0000010001C00C00050001000000AF0025106F70696E7369676874737765756F64730E747261666669636D616E61676572036E657400C05B00050001000000AF002D16697076342D7765752D6F692D6F64732D637365732D650A776573746575726F706508636C6F7564617070C040C08C000100010000000A00040D456A5E,"VirtualizationInstance:.","9c8707d4-0cc0-419c-ae1b-6a978703e872","7/27/2023, 2:50:03.019 PM","in_windowsdns_auditanalytics_sentinel_windows","im_etw","172.18.88.20","N/A","172.18.88.20",0,0,0,0,Default,"..Cache",NULL,,57,,"NXLog_DNS_Server_CL",
"0b2a9277-f48f-49f6-b78d-d8bfd6dea87a",RestAPI,,,"7/27/2023, 2:51:07.979 PM",,,,,,,,,,,,,,,,,,,,,,,,"Microsoft-Windows-DNSServer","eb79061a-a566-4698-9119-3ed2807060e7",256,0,16,"Microsoft-Windows-DNS-Server/Analytical ",4,"Information ",0,1,"LOOK_UP ",9223372036854775809,"7/27/2023, 2:51:04.894 PM",2908,4024,INFO,2,INFO,windns,"NT AUTHORITY",SYSTEM,"S-1-5-18",User,256,0,"172.18.88.20","172.18.88.20",1,"v10.events.data.microsoft.com.",1,32937,50618,32937,true,false,false,QUERY,false,NOERROR,false,false,false,"[{""dns.query.name"":""v10.events.data.microsoft.com"",""dns.query.type"":""A"",""dns.query.class"":""IN""}]",0x80A90100000100000000000003763130066576656E74730464617461096D6963726F736F667403636F6D0000010001,".","d6d3bf9b-d54b-48dc-81fc-55eb64f11939","7/27/2023, 2:51:06.892 PM","in_windowsdns_auditanalytics_sentinel_windows","im_etw","172.18.88.20","N/A",,,,,,,,,,,,"NXLog_DNS_Server_CL",
"0b2a9277-f48f-49f6-b78d-d8bfd6dea87a",RestAPI,,,"7/27/2023, 2:51:07.979 PM",,,,,,,,,,,,,,,,,,32937,,".",Default,,,"Microsoft-Windows-DNSServer","eb79061a-a566-4698-9119-3ed2807060e7",260,0,16,"Microsoft-Windows-DNS-Server/Analytical ",4,"Information ",0,2,"RECURSE_QUERY ",9223372036854775824,"7/27/2023, 2:51:04.894 PM",2908,4024,INFO,2,INFO,windns,"NT AUTHORITY",SYSTEM,"S-1-5-18",User,0,0,"0.0.0.0",,0,"v10.events.data.microsoft.com.",1,44585,0,44585,false,false,false,QUERY,false,NOERROR,false,false,false,"[{""dns.query.name"":""v10.events.data.microsoft.com"",""dns.query.type"":""A"",""dns.query.class"":""IN""}]",0xAE290000000100000000000103763130066576656E74730464617461096D6963726F736F667403636F6D00000100010000290FA0000000000000,".","d6d3bf9b-d54b-48dc-81fc-55eb64f11939","7/27/2023, 2:51:06.892 PM","in_windowsdns_auditanalytics_sentinel_windows","im_etw","172.18.88.20","N/A","150.171.10.39",,,,,,,NULL,,,,"NXLog_DNS_Server_CL",
"0b2a9277-f48f-49f6-b78d-d8bfd6dea87a",RestAPI,,,"7/27/2023, 2:51:07.979 PM",,,,,,,,,,,,,,,,,,,1,".",Default,"[{""dns.answer.name"":""v10.events.data.microsoft.com"",""dns.answer.type"":""CNAME"",""dns.answer.class"":""IN"",""dns.answer.ttl"":120,""dns.answer.data"":""win-global-asimov-leafs-events-data.trafficmanager.net""}]",0,"Microsoft-Windows-DNSServer","eb79061a-a566-4698-9119-3ed2807060e7",261,0,16,"Microsoft-Windows-DNS-Server/Analytical ",4,"Information ",0,2,"RECURSE_QUERY ",9223372036854775840,"7/27/2023, 2:51:04.925 PM",2908,4024,INFO,2,INFO,windns,"NT AUTHORITY",SYSTEM,"S-1-5-18",User,33792,0,"0.0.0.0","150.171.10.39",,"v10.events.data.microsoft.com.",1,44585,0,44585,false,false,true,QUERY,true,NOERROR,false,false,false,"[{""dns.query.name"":""v10.events.data.microsoft.com"",""dns.query.type"":""A"",""dns.query.class"":""IN""}]",0xAE298400000100010000000103763130066576656E74730464617461096D6963726F736F667403636F6D0000010001C00C000500010000007800382377696E2D676C6F62616C2D6173696D6F762D6C656166732D6576656E74732D646174610E747261666669636D616E61676572036E65740000002904D0000000000000,".","d6d3bf9b-d54b-48dc-81fc-55eb64f11939","7/27/2023, 2:51:06.892 PM","in_windowsdns_auditanalytics_sentinel_windows","im_etw","172.18.88.20","N/A",,1,0,,,,,,,,,"NXLog_DNS_Server_CL",
"0b2a9277-f48f-49f6-b78d-d8bfd6dea87a",RestAPI,,,"7/27/2023, 2:51:07.979 PM",,,,,,,,,,,,,,,,,,,,,,,,"Microsoft-Windows-DNSServer","eb79061a-a566-4698-9119-3ed2807060e7",279,0,16,"Microsoft-Windows-DNS-Server/Analytical ",4,"Information ",0,1,"LOOK_UP ",9223372071214514176,"7/27/2023, 2:51:04.925 PM",2908,4024,INFO,2,INFO,windns,"NT AUTHORITY",SYSTEM,"S-1-5-18",User,33152,0,"172.18.88.20","172.18.88.20",1,"win-global-asimov-leafs-events-data.trafficmanager.net.",1,32937,50618,32937,true,false,false,QUERY,true,NOERROR,false,false,true,"[{""dns.query.name"":""v10.events.data.microsoft.com"",""dns.query.type"":""A"",""dns.query.class"":""IN""}]",0x80A98180000100010000000003763130066576656E74730464617461096D6963726F736F667403636F6D0000010001,,,"7/27/2023, 2:51:06.892 PM","in_windowsdns_auditanalytics_sentinel_windows","im_etw","172.18.88.20","N/A",,,,,,,,,,,"N/A","NXLog_DNS_Server_CL",
"0b2a9277-f48f-49f6-b78d-d8bfd6dea87a",RestAPI,,,"7/27/2023, 2:51:07.979 PM",,,,,,,,,,,,,,,,,,32937,,".",Default,,,"Microsoft-Windows-DNSServer","eb79061a-a566-4698-9119-3ed2807060e7",260,0,16,"Microsoft-Windows-DNS-Server/Analytical ",4,"Information ",0,2,"RECURSE_QUERY ",9223372036854775824,"7/27/2023, 2:51:04.925 PM",2908,4024,INFO,2,INFO,windns,"NT AUTHORITY",SYSTEM,"S-1-5-18",User,0,0,"0.0.0.0",,0,"win-global-asimov-leafs-events-data.trafficmanager.NET.",1,27473,0,27473,false,false,false,QUERY,false,NOERROR,false,false,false,"[{""dns.query.name"":""win-global-asimov-leafs-events-data.trafficmanager.NET"",""dns.query.type"":""A"",""dns.query.class"":""IN""}]",0x6B51000000010000000000012377696E2D676C6F62616C2D6173696D6F762D6C656166732D6576656E74732D646174610E747261666669636D616E61676572034E455400000100010000290FA0000000000000,".","d6d3bf9b-d54b-48dc-81fc-55eb64f11939","7/27/2023, 2:51:06.892 PM","in_windowsdns_auditanalytics_sentinel_windows","im_etw","172.18.88.20","N/A","13.107.222.240",,,,,,,NULL,,,,"NXLog_DNS_Server_CL",
"0b2a9277-f48f-49f6-b78d-d8bfd6dea87a",RestAPI,,,"7/27/2023, 2:51:07.979 PM",,,,,,,,,,,,,,,,,,,2,".",Default,"[{""dns.answer.name"":""win-global-asimov-leafs-events-data.trafficmanager.NET"",""dns.answer.type"":""CNAME"",""dns.answer.class"":""IN"",""dns.answer.ttl"":60,""dns.answer.data"":""onedscolprdcus10.centralus.cloudapp.azure.com""}]",0,"Microsoft-Windows-DNSServer","eb79061a-a566-4698-9119-3ed2807060e7",261,0,16,"Microsoft-Windows-DNS-Server/Analytical ",4,"Information ",0,2,"RECURSE_QUERY ",9223372036854775840,"7/27/2023, 2:51:04.956 PM",2908,4024,INFO,2,INFO,windns,"NT AUTHORITY",SYSTEM,"S-1-5-18",User,33792,0,"0.0.0.0","13.107.222.240",,"win-global-asimov-leafs-events-data.trafficmanager.NET.",1,27473,0,27473,false,false,true,QUERY,true,NOERROR,false,false,false,"[{""dns.query.name"":""win-global-asimov-leafs-events-data.trafficmanager.NET"",""dns.query.type"":""A"",""dns.query.class"":""IN""}]",0x6B51840000010001000000012377696E2D676C6F62616C2D6173696D6F762D6C656166732D6576656E74732D646174610E747261666669636D616E61676572034E45540000010001C00C000500010000003C002F106F6E656473636F6C70726463757331300963656E7472616C757308636C6F756461707005617A75726503636F6D0000002904D0000000000000,".","d6d3bf9b-d54b-48dc-81fc-55eb64f11939","7/27/2023, 2:51:06.892 PM","in_windowsdns_auditanalytics_sentinel_windows","im_etw","172.18.88.20","N/A",,1,0,,,,,,,,,"NXLog_DNS_Server_CL",
"0b2a9277-f48f-49f6-b78d-d8bfd6dea87a",RestAPI,,,"7/27/2023, 2:51:07.979 PM",,,,,,,,,,,,,,,,,,,,,,,,"Microsoft-Windows-DNSServer","eb79061a-a566-4698-9119-3ed2807060e7",279,0,16,"Microsoft-Windows-DNS-Server/Analytical ",4,"Information ",0,1,"LOOK_UP ",9223372071214514176,"7/27/2023, 2:51:04.956 PM",2908,4024,INFO,2,INFO,windns,"NT AUTHORITY",SYSTEM,"S-1-5-18",User,33152,0,"172.18.88.20","172.18.88.20",1,"onedscolprdcus10.centralus.cloudapp.azure.com.",1,32937,50618,32937,true,false,false,QUERY,true,NOERROR,false,false,true,"[{""dns.query.name"":""v10.events.data.microsoft.com"",""dns.query.type"":""A"",""dns.query.class"":""IN""}]",0x80A98180000100020000000003763130066576656E74730464617461096D6963726F736F667403636F6D0000010001,,,"7/27/2023, 2:51:06.892 PM","in_windowsdns_auditanalytics_sentinel_windows","im_etw","172.18.88.20","N/A",,,,,,,,,,,"N/A","NXLog_DNS_Server_CL",
"0b2a9277-f48f-49f6-b78d-d8bfd6dea87a",RestAPI,,,"7/27/2023, 2:51:07.979 PM",,,,,,,,,,,,,,,,,,32937,,".",Default,,,"Microsoft-Windows-DNSServer","eb79061a-a566-4698-9119-3ed2807060e7",260,0,16,"Microsoft-Windows-DNS-Server/Analytical ",4,"Information ",0,2,"RECURSE_QUERY ",9223372036854775824,"7/27/2023, 2:51:04.957 PM",2908,4024,INFO,2,INFO,windns,"NT AUTHORITY",SYSTEM,"S-1-5-18",User,0,0,"0.0.0.0",,0,"onedscolprdcus10.centralus.cloudapp.azure.com.",1,49106,0,49106,false,false,false,QUERY,false,NOERROR,false,false,false,"[{""dns.query.name"":""onedscolprdcus10.centralus.cloudapp.azure.com"",""dns.query.type"":""A"",""dns.query.class"":""IN""}]",0xBFD200000001000000000001106F6E656473636F6C70726463757331300963656E7472616C757308636C6F756461707005617A75726503636F6D00000100010000290FA0000000000000,".","d6d3bf9b-d54b-48dc-81fc-55eb64f11939","7/27/2023, 2:51:06.892 PM","in_windowsdns_auditanalytics_sentinel_windows","im_etw","172.18.88.20","N/A","150.171.10.39",,,,,,,NULL,,,,"NXLog_DNS_Server_CL",
"0b2a9277-f48f-49f6-b78d-d8bfd6dea87a",RestAPI,,,"7/27/2023, 2:51:07.979 PM",,,,,,,,,,,,,,,,,,,3,".",Default,,0,"Microsoft-Windows-DNSServer","eb79061a-a566-4698-9119-3ed2807060e7",261,0,16,"Microsoft-Windows-DNS-Server/Analytical ",4,"Information ",0,2,"RECURSE_QUERY ",9223372036854775840,"7/27/2023, 2:51:04.981 PM",2908,4024,INFO,2,INFO,windns,"NT AUTHORITY",SYSTEM,"S-1-5-18",User,32768,0,"0.0.0.0","150.171.10.39",,"onedscolprdcus10.centralus.cloudapp.azure.com.",1,49106,0,49106,false,false,false,QUERY,true,NOERROR,false,false,false,"[{""dns.query.name"":""onedscolprdcus10.centralus.cloudapp.azure.com"",""dns.query.type"":""A"",""dns.query.class"":""IN""}]",0xBFD280000001000000040001106F6E656473636F6C70726463757331300963656E7472616C757308636C6F756461707005617A75726503636F6D0000010001C01D000200010000012C0014076E73392D32303109617A7572652D646E73C036C01D000200010000012C0018086E7331302D32303109617A7572652D646E73036E657400C01D000200010000012C0018086E7331312D32303109617A7572652D646E73036F726700C01D000200010000012C0019086E7331322D32303109617A7572652D646E7304696E666F0000002904D0000000000000,".","d6d3bf9b-d54b-48dc-81fc-55eb64f11939","7/27/2023, 2:51:06.892 PM","in_windowsdns_auditanalytics_sentinel_windows","im_etw","172.18.88.20","N/A",,0,0,,,,,,"[{""dns.authority.name"":""centralus.cloudapp.azure.com"",""dns.authority.type"":""NS"",""dns.authority.class"":""IN"",""dns.authority.ttl"":300,""dns.authority.data"":""ns9-201.azure-dns.com""},{""dns.authority.name"":""centralus.cloudapp.azure.com"",""dns.authority.type"":""NS"",""dns.authority.class"":""IN"",""dns.authority.ttl"":300,""dns.authority.data"":""ns10-201.azure-dns.net""},{""dns.authority.name"":""centralus.cloudapp.azure.com"",""dns.authority.type"":""NS"",""dns.authority.class"":""IN"",""dns.authority.ttl"":300,""dns.authority.data"":""ns11-201.azure-dns.org""},{""dns.authority.name"":""centralus.cloudapp.azure.com"",""dns.authority.type"":""NS"",""dns.authority.class"":""IN"",""dns.authority.ttl"":300,""dns.authority.data"":""ns12-201.azure-dns.info""}]",,,"NXLog_DNS_Server_CL",
"0b2a9277-f48f-49f6-b78d-d8bfd6dea87a",RestAPI,,,"7/27/2023, 2:51:07.979 PM",,,,,,,,,,,,,,,,,,32937,,".",Default,,,"Microsoft-Windows-DNSServer","eb79061a-a566-4698-9119-3ed2807060e7",260,0,16,"Microsoft-Windows-DNS-Server/Analytical ",4,"Information ",0,2,"RECURSE_QUERY ",9223372036854775824,"7/27/2023, 2:51:04.981 PM",2908,4024,INFO,2,INFO,windns,"NT AUTHORITY",SYSTEM,"S-1-5-18",User,0,0,"0.0.0.0",,0,"onedscolprdcus10.centralus.cloudapp.azure.com.",1,59653,0,59653,false,false,false,QUERY,false,NOERROR,false,false,false,"[{""dns.query.name"":""onedscolprdcus10.centralus.cloudapp.azure.com"",""dns.query.type"":""A"",""dns.query.class"":""IN""}]",0xE90500000001000000000001106F6E656473636F6C70726463757331300963656E7472616C757308636C6F756461707005617A75726503636F6D00000100010000290FA0000000000000,".","d6d3bf9b-d54b-48dc-81fc-55eb64f11939","7/27/2023, 2:51:06.892 PM","in_windowsdns_auditanalytics_sentinel_windows","im_etw","172.18.88.20","N/A","150.171.10.201",,,,,,,NULL,,,,"NXLog_DNS_Server_CL",
"0b2a9277-f48f-49f6-b78d-d8bfd6dea87a",RestAPI,,,"7/27/2023, 2:51:07.979 PM",,,,,,,,,,,,,,,,,,,4,".",Default,"[{""dns.answer.name"":""onedscolprdcus10.centralus.cloudapp.azure.com"",""dns.answer.type"":""A"",""dns.answer.class"":""IN"",""dns.answer.ttl"":10,""dns.answer.data"":""52.182.143.210""}]",0,"Microsoft-Windows-DNSServer","eb79061a-a566-4698-9119-3ed2807060e7",261,0,16,"Microsoft-Windows-DNS-Server/Analytical ",4,"Information ",0,2,"RECURSE_QUERY ",9223372036854775840,"7/27/2023, 2:51:05.009 PM",2908,4024,INFO,2,INFO,windns,"NT AUTHORITY",SYSTEM,"S-1-5-18",User,33792,0,"0.0.0.0","150.171.10.201",,"onedscolprdcus10.centralus.cloudapp.azure.com.",1,59653,0,59653,false,false,true,QUERY,true,NOERROR,false,false,false,"[{""dns.query.name"":""onedscolprdcus10.centralus.cloudapp.azure.com"",""dns.query.type"":""A"",""dns.query.class"":""IN""}]",0xE90584000001000100000001106F6E656473636F6C70726463757331300963656E7472616C757308636C6F756461707005617A75726503636F6D0000010001C00C000100010000000A000434B68FD200002904D0000000000000,".","d6d3bf9b-d54b-48dc-81fc-55eb64f11939","7/27/2023, 2:51:06.892 PM","in_windowsdns_auditanalytics_sentinel_windows","im_etw","172.18.88.20","N/A",,1,0,,,,,,,,,"NXLog_DNS_Server_CL",
"0b2a9277-f48f-49f6-b78d-d8bfd6dea87a",RestAPI,,,"7/27/2023, 2:51:07.979 PM",,,,,,,,,,,,,,,,,,,,,,"[{""dns.answer.name"":""v10.events.data.microsoft.com"",""dns.answer.type"":""CNAME"",""dns.answer.class"":""IN"",""dns.answer.ttl"":119,""dns.answer.data"":""win-global-asimov-leafs-events-data.trafficmanager.net""},{""dns.answer.name"":""win-global-asimov-leafs-events-data.trafficmanager.net"",""dns.answer.type"":""CNAME"",""dns.answer.class"":""IN"",""dns.answer.ttl"":59,""dns.answer.data"":""onedscolprdcus10.centralus.cloudapp.azure.com""},{""dns.answer.name"":""onedscolprdcus10.centralus.cloudapp.azure.com"",""dns.answer.type"":""A"",""dns.answer.class"":""IN"",""dns.answer.ttl"":9,""dns.answer.data"":""52.182.143.210""}]",,"Microsoft-Windows-DNSServer","eb79061a-a566-4698-9119-3ed2807060e7",257,0,16,"Microsoft-Windows-DNS-Server/Analytical ",4,"Information ",0,1,"LOOK_UP ",9223372036854775810,"7/27/2023, 2:51:05.009 PM",2908,4024,INFO,2,INFO,windns,"NT AUTHORITY",SYSTEM,"S-1-5-18",User,33152,0,"172.18.88.20",,,"v10.events.data.microsoft.com.",1,32937,50618,32937,true,false,false,QUERY,true,NOERROR,false,false,true,"[{""dns.query.name"":""v10.events.data.microsoft.com"",""dns.query.type"":""A"",""dns.query.class"":""IN""}]",0x80A98180000100030000000003763130066576656E74730464617461096D6963726F736F667403636F6D0000010001C00C000500010000007700382377696E2D676C6F62616C2D6173696D6F762D6C656166732D6576656E74732D646174610E747261666669636D616E61676572036E657400C03B000500010000003B002C106F6E656473636F6C70726463757331300963656E7472616C757308636C6F756461707005617A757265C026C07F0001000100000009000434B68FD2,"VirtualizationInstance:.","d6d3bf9b-d54b-48dc-81fc-55eb64f11939","7/27/2023, 2:51:06.892 PM","in_windowsdns_auditanalytics_sentinel_windows","im_etw","172.18.88.20","N/A","172.18.88.20",0,0,0,0,Default,"..Cache",NULL,,115,,"NXLog_DNS_Server_CL",
"0b2a9277-f48f-49f6-b78d-d8bfd6dea87a",RestAPI,,,"7/27/2023, 2:52:08.871 PM",,,,,,,,,,,,,,,,,,,,,,,,"Microsoft-Windows-DNSServer","eb79061a-a566-4698-9119-3ed2807060e7",256,0,16,"Microsoft-Windows-DNS-Server/Analytical ",4,"Information ",0,1,"LOOK_UP ",9223372036854775809,"7/27/2023, 2:52:06.250 PM",2908,4028,INFO,2,INFO,windns,"NT AUTHORITY",SYSTEM,"S-1-5-18",User,256,0,"172.18.88.20","172.18.88.20",1,"0b2a9277-f48f-49f6-b78d-d8bfd6dea87a.ods.opinsights.azure.com.",1,15590,61064,15590,true,false,false,QUERY,false,NOERROR,false,false,false,"[{""dns.query.name"":""0b2a9277-f48f-49f6-b78d-d8bfd6dea87a.ods.opinsights.azure.com"",""dns.query.type"":""A"",""dns.query.class"":""IN""}]",0x3CE6010000010000000000002430623261393237372D663438662D343966362D623738642D643862666436646561383761036F64730A6F70696E73696768747305617A75726503636F6D0000010001,".","4ea556d8-811e-419a-af82-2799d612abb8","7/27/2023, 2:52:08.251 PM","in_windowsdns_auditanalytics_sentinel_windows","im_etw","172.18.88.20","N/A",,,,,,,,,,,,"NXLog_DNS_Server_CL",
"0b2a9277-f48f-49f6-b78d-d8bfd6dea87a",RestAPI,,,"7/27/2023, 2:52:08.871 PM",,,,,,,,,,,,,,,,,,,,,,,,"Microsoft-Windows-DNSServer","eb79061a-a566-4698-9119-3ed2807060e7",279,0,16,"Microsoft-Windows-DNS-Server/Analytical ",4,"Information ",0,1,"LOOK_UP ",9223372071214514176,"7/27/2023, 2:52:06.251 PM",2908,4028,INFO,2,INFO,windns,"NT AUTHORITY",SYSTEM,"S-1-5-18",User,33152,0,"172.18.88.20","172.18.88.20",1,"opinsightsweuods.trafficmanager.net.",1,15590,61064,15590,true,false,false,QUERY,true,NOERROR,false,false,true,"[{""dns.query.name"":""0b2a9277-f48f-49f6-b78d-d8bfd6dea87a.ods.opinsights.azure.com"",""dns.query.type"":""A"",""dns.query.class"":""IN""}]",0x3CE6818000010001000000002430623261393237372D663438662D343966362D623738642D643862666436646561383761036F64730A6F70696E73696768747305617A75726503636F6D0000010001,,,"7/27/2023, 2:52:08.251 PM","in_windowsdns_auditanalytics_sentinel_windows","im_etw","172.18.88.20","N/A",,,,,,,,,,,"N/A","NXLog_DNS_Server_CL",
"0b2a9277-f48f-49f6-b78d-d8bfd6dea87a",RestAPI,,,"7/27/2023, 2:52:08.871 PM",,,,,,,,,,,,,,,,,,,,,,,,"Microsoft-Windows-DNSServer","eb79061a-a566-4698-9119-3ed2807060e7",279,0,16,"Microsoft-Windows-DNS-Server/Analytical ",4,"Information ",0,1,"LOOK_UP ",9223372071214514176,"7/27/2023, 2:52:06.251 PM",2908,4028,INFO,2,INFO,windns,"NT AUTHORITY",SYSTEM,"S-1-5-18",User,33152,0,"172.18.88.20","172.18.88.20",1,"ipv4-weu-oi-ods-cses-e.westeurope.cloudapp.azure.com.",1,15590,61064,15590,true,false,false,QUERY,true,NOERROR,false,false,true,"[{""dns.query.name"":""0b2a9277-f48f-49f6-b78d-d8bfd6dea87a.ods.opinsights.azure.com"",""dns.query.type"":""A"",""dns.query.class"":""IN""}]",0x3CE6818000010002000000002430623261393237372D663438662D343966362D623738642D643862666436646561383761036F64730A6F70696E73696768747305617A75726503636F6D0000010001,,,"7/27/2023, 2:52:08.251 PM","in_windowsdns_auditanalytics_sentinel_windows","im_etw","172.18.88.20","N/A",,,,,,,,,,,"N/A","NXLog_DNS_Server_CL",
