"46bec743-35fa-4608-b7e2-2aa3c38a97c2",OpsManager,"11/24/2023, 1:05:53.560 PM","Microsoft-Windows-Sysmon","Microsoft-Windows-Sysmon/Operational",WindowsEventLog,3,4,Information,"NT AUTHORITY\SYSTEM",,"<Param>technique_id=T1036,technique_name=Masquerading</Param><Param>2023-11-24 07:35:52.003</Param><Param>{8CAD0A01-5257-6560-6501-000000000F00}</Param><Param>1000</Param><Param>C:\ProgramData\Microsoft\Windows Defender\Platform\4.18.23090.2008-0\MpCmdRun.exe</Param><Param>NT AUTHORITY\NETWORK SERVICE</Param><Param>tcp</Param><Param>TRUE</Param><Param>FALSE</Param><Param>10.0.0.4</Param><Param>-</Param><Param>49832</Param><Param>-</Param><Param>FALSE</Param><Param>52.180.66.122</Param><Param>-</Param><Param>443</Param><Param>-</Param>","<DataItem type=""System.XmlData"" time=""2023-11-24T13:05:53.5604401+05:30"" sourceHealthServiceId=""F57C2BCF-DE2B-DA7F-FD91-0649DF501A73""><EventData xmlns=""http://schemas.microsoft.com/win/2004/08/events/event""><Data Name=""RuleName"">technique_id=T1036,technique_name=Masquerading</Data><Data Name=""UtcTime"">2023-11-24 07:35:52.003</Data><Data Name=""ProcessGuid"">{8CAD0A01-5257-6560-6501-000000000F00}</Data><Data Name=""ProcessId"">1000</Data><Data Name=""Image"">C:\ProgramData\Microsoft\Windows Defender\Platform\4.18.23090.2008-0\MpCmdRun.exe</Data><Data Name=""User"">NT AUTHORITY\NETWORK SERVICE</Data><Data Name=""Protocol"">tcp</Data><Data Name=""Initiated"">true</Data><Data Name=""SourceIsIpv6"">false</Data><Data Name=""SourceIp"">10.0.0.4</Data><Data Name=""SourceHostname"">-</Data><Data Name=""SourcePort"">49832</Data><Data Name=""SourcePortName"">-</Data><Data Name=""DestinationIsIpv6"">false</Data><Data Name=""DestinationIp"">52.180.66.122</Data><Data Name=""DestinationHostname"">-</Data><Data Name=""DestinationPort"">443</Data><Data Name=""DestinationPortName"">-</Data></EventData></DataItem>",3,"Network connection detected: RuleName: technique_id=T1036,technique_name=Masquerading UtcTime: 2023-11-24 07:35:52.003 ProcessGuid: {8CAD0A01-5257-6560-6501-000000000F00} ProcessId: 1000 Image: C:\ProgramData\Microsoft\Windows Defender\Platform\4.18.23090.2008-0\MpCmdRun.exe User: NT AUTHORITY\NETWORK SERVICE Protocol: tcp Initiated: TRUE SourceIsIpv6: FALSE SourceIp: 10.0.0.4 SourceHostname: - SourcePort: 49832 SourcePortName: - DestinationIsIpv6: FALSE DestinationIp: 52.180.66.122 DestinationHostname: - DestinationPort: 443 DestinationPortName: - ","00000000-0000-0000-0000-000000000001","AOI-46bec743-35fa-4608-b7e2-2aa3c38a97c2",,,Event,"/subscriptions/4383ac89-7cd1-48c1-8061-b0b3c5ccfd97/resourcegroups/varunlab-rg/providers/microsoft.compute/virtualmachines/windowseventlogs"
"46bec743-35fa-4608-b7e2-2aa3c38a97c2",OpsManager,"11/24/2023, 1:12:43.611 PM","Microsoft-Windows-Sysmon","Microsoft-Windows-Sysmon/Operational",WindowsEventLog,3,4,Information,"NT AUTHORITY\SYSTEM",,"<Param>technique_id=T1021,technique_name=Remote Services</Param><Param>2023-11-24 07:42:42.450</Param><Param>{8CAD0A01-4FEE-6560-1800-000000000F00}</Param><Param>1244</Param><Param>C:\Windows\System32\svchost.exe</Param><Param>NT AUTHORITY\NETWORK SERVICE</Param><Param>tcp</Param><Param>TRUE</Param><Param>TRUE</Param><Param>fe80:0:0:0:d024:56ce:c156:9dae</Param><Param>-</Param><Param>49898</Param><Param>-</Param><Param>TRUE</Param><Param>fe80:0:0:0:d024:56ce:c156:9dae</Param><Param>-</Param><Param>5985</Param><Param>-</Param>","<DataItem type=""System.XmlData"" time=""2023-11-24T13:12:43.6111333+05:30"" sourceHealthServiceId=""F57C2BCF-DE2B-DA7F-FD91-0649DF501A73""><EventData xmlns=""http://schemas.microsoft.com/win/2004/08/events/event""><Data Name=""RuleName"">technique_id=T1021,technique_name=Remote Services</Data><Data Name=""UtcTime"">2023-11-24 07:42:42.450</Data><Data Name=""ProcessGuid"">{8CAD0A01-4FEE-6560-1800-000000000F00}</Data><Data Name=""ProcessId"">1244</Data><Data Name=""Image"">C:\Windows\System32\svchost.exe</Data><Data Name=""User"">NT AUTHORITY\NETWORK SERVICE</Data><Data Name=""Protocol"">tcp</Data><Data Name=""Initiated"">true</Data><Data Name=""SourceIsIpv6"">true</Data><Data Name=""SourceIp"">fe80:0:0:0:d024:56ce:c156:9dae</Data><Data Name=""SourceHostname"">-</Data><Data Name=""SourcePort"">49898</Data><Data Name=""SourcePortName"">-</Data><Data Name=""DestinationIsIpv6"">true</Data><Data Name=""DestinationIp"">fe80:0:0:0:d024:56ce:c156:9dae</Data><Data Name=""DestinationHostname"">-</Data><Data Name=""DestinationPort"">5985</Data><Data Name=""DestinationPortName"">-</Data></EventData></DataItem>",3,"Network connection detected: RuleName: technique_id=T1021,technique_name=Remote Services UtcTime: 2023-11-24 07:42:42.450 ProcessGuid: {8CAD0A01-4FEE-6560-1800-000000000F00} ProcessId: 1244 Image: C:\Windows\System32\svchost.exe User: NT AUTHORITY\NETWORK SERVICE Protocol: tcp Initiated: TRUE SourceIsIpv6: TRUE SourceIp: fe80:0:0:0:d024:56ce:c156:9dae SourceHostname: - SourcePort: 49898 SourcePortName: - DestinationIsIpv6: TRUE DestinationIp: fe80:0:0:0:d024:56ce:c156:9dae DestinationHostname: - DestinationPort: 5985 DestinationPortName: - ","00000000-0000-0000-0000-000000000001","AOI-46bec743-35fa-4608-b7e2-2aa3c38a97c2",,,Event,"/subscriptions/4383ac89-7cd1-48c1-8061-b0b3c5ccfd97/resourcegroups/varunlab-rg/providers/microsoft.compute/virtualmachines/windowseventlogs"
"46bec743-35fa-4608-b7e2-2aa3c38a97c2",OpsManager,"11/24/2023, 1:12:43.611 PM","Microsoft-Windows-Sysmon","Microsoft-Windows-Sysmon/Operational",WindowsEventLog,3,4,Information,"NT AUTHORITY\SYSTEM",,"<Param>technique_id=T1021,technique_name=Remote Services</Param><Param>2023-11-24 07:42:42.450</Param><Param>{8CAD0A01-4FE6-6560-EB03-000000000000}</Param><Param>4</Param><Param>System</Param><Param>NT AUTHORITY\SYSTEM</Param><Param>tcp</Param><Param>FALSE</Param><Param>TRUE</Param><Param>fe80:0:0:0:d024:56ce:c156:9dae</Param><Param>-</Param><Param>49898</Param><Param>-</Param><Param>TRUE</Param><Param>fe80:0:0:0:d024:56ce:c156:9dae</Param><Param>-</Param><Param>5985</Param><Param>-</Param>","<DataItem type=""System.XmlData"" time=""2023-11-24T13:12:43.6111604+05:30"" sourceHealthServiceId=""F57C2BCF-DE2B-DA7F-FD91-0649DF501A73""><EventData xmlns=""http://schemas.microsoft.com/win/2004/08/events/event""><Data Name=""RuleName"">technique_id=T1021,technique_name=Remote Services</Data><Data Name=""UtcTime"">2023-11-24 07:42:42.450</Data><Data Name=""ProcessGuid"">{8CAD0A01-4FE6-6560-EB03-000000000000}</Data><Data Name=""ProcessId"">4</Data><Data Name=""Image"">System</Data><Data Name=""User"">NT AUTHORITY\SYSTEM</Data><Data Name=""Protocol"">tcp</Data><Data Name=""Initiated"">false</Data><Data Name=""SourceIsIpv6"">true</Data><Data Name=""SourceIp"">fe80:0:0:0:d024:56ce:c156:9dae</Data><Data Name=""SourceHostname"">-</Data><Data Name=""SourcePort"">49898</Data><Data Name=""SourcePortName"">-</Data><Data Name=""DestinationIsIpv6"">true</Data><Data Name=""DestinationIp"">fe80:0:0:0:d024:56ce:c156:9dae</Data><Data Name=""DestinationHostname"">-</Data><Data Name=""DestinationPort"">5985</Data><Data Name=""DestinationPortName"">-</Data></EventData></DataItem>",3,"Network connection detected: RuleName: technique_id=T1021,technique_name=Remote Services UtcTime: 2023-11-24 07:42:42.450 ProcessGuid: {8CAD0A01-4FE6-6560-EB03-000000000000} ProcessId: 4 Image: System User: NT AUTHORITY\SYSTEM Protocol: tcp Initiated: FALSE SourceIsIpv6: TRUE SourceIp: fe80:0:0:0:d024:56ce:c156:9dae SourceHostname: - SourcePort: 49898 SourcePortName: - DestinationIsIpv6: TRUE DestinationIp: fe80:0:0:0:d024:56ce:c156:9dae DestinationHostname: - DestinationPort: 5985 DestinationPortName: - ","00000000-0000-0000-0000-000000000001","AOI-46bec743-35fa-4608-b7e2-2aa3c38a97c2",,,Event,"/subscriptions/4383ac89-7cd1-48c1-8061-b0b3c5ccfd97/resourcegroups/varunlab-rg/providers/microsoft.compute/virtualmachines/windowseventlogs"
"46bec743-35fa-4608-b7e2-2aa3c38a97c2",OpsManager,"11/24/2023, 1:12:43.611 PM","Microsoft-Windows-Sysmon","Microsoft-Windows-Sysmon/Operational",WindowsEventLog,3,4,Information,"NT AUTHORITY\SYSTEM",,"<Param>technique_id=T1021,technique_name=Remote Services</Param><Param>2023-11-24 07:42:42.450</Param><Param>{8CAD0A01-4FEE-6560-1800-000000000F00}</Param><Param>1244</Param><Param>C:\Windows\System32\svchost.exe</Param><Param>NT AUTHORITY\NETWORK SERVICE</Param><Param>tcp</Param><Param>TRUE</Param><Param>TRUE</Param><Param>fe80:0:0:0:d024:56ce:c156:9dae</Param><Param>-</Param><Param>49899</Param><Param>-</Param><Param>TRUE</Param><Param>fe80:0:0:0:d024:56ce:c156:9dae</Param><Param>-</Param><Param>5985</Param><Param>-</Param>","<DataItem type=""System.XmlData"" time=""2023-11-24T13:12:43.6111800+05:30"" sourceHealthServiceId=""F57C2BCF-DE2B-DA7F-FD91-0649DF501A73""><EventData xmlns=""http://schemas.microsoft.com/win/2004/08/events/event""><Data Name=""RuleName"">technique_id=T1021,technique_name=Remote Services</Data><Data Name=""UtcTime"">2023-11-24 07:42:42.450</Data><Data Name=""ProcessGuid"">{8CAD0A01-4FEE-6560-1800-000000000F00}</Data><Data Name=""ProcessId"">1244</Data><Data Name=""Image"">C:\Windows\System32\svchost.exe</Data><Data Name=""User"">NT AUTHORITY\NETWORK SERVICE</Data><Data Name=""Protocol"">tcp</Data><Data Name=""Initiated"">true</Data><Data Name=""SourceIsIpv6"">true</Data><Data Name=""SourceIp"">fe80:0:0:0:d024:56ce:c156:9dae</Data><Data Name=""SourceHostname"">-</Data><Data Name=""SourcePort"">49899</Data><Data Name=""SourcePortName"">-</Data><Data Name=""DestinationIsIpv6"">true</Data><Data Name=""DestinationIp"">fe80:0:0:0:d024:56ce:c156:9dae</Data><Data Name=""DestinationHostname"">-</Data><Data Name=""DestinationPort"">5985</Data><Data Name=""DestinationPortName"">-</Data></EventData></DataItem>",3,"Network connection detected: RuleName: technique_id=T1021,technique_name=Remote Services UtcTime: 2023-11-24 07:42:42.450 ProcessGuid: {8CAD0A01-4FEE-6560-1800-000000000F00} ProcessId: 1244 Image: C:\Windows\System32\svchost.exe User: NT AUTHORITY\NETWORK SERVICE Protocol: tcp Initiated: TRUE SourceIsIpv6: TRUE SourceIp: fe80:0:0:0:d024:56ce:c156:9dae SourceHostname: - SourcePort: 49899 SourcePortName: - DestinationIsIpv6: TRUE DestinationIp: fe80:0:0:0:d024:56ce:c156:9dae DestinationHostname: - DestinationPort: 5985 DestinationPortName: - ","00000000-0000-0000-0000-000000000001","AOI-46bec743-35fa-4608-b7e2-2aa3c38a97c2",,,Event,"/subscriptions/4383ac89-7cd1-48c1-8061-b0b3c5ccfd97/resourcegroups/varunlab-rg/providers/microsoft.compute/virtualmachines/windowseventlogs"
"46bec743-35fa-4608-b7e2-2aa3c38a97c2",OpsManager,"11/24/2023, 1:12:43.611 PM","Microsoft-Windows-Sysmon","Microsoft-Windows-Sysmon/Operational",WindowsEventLog,3,4,Information,"NT AUTHORITY\SYSTEM",,"<Param>technique_id=T1021,technique_name=Remote Services</Param><Param>2023-11-24 07:42:42.450</Param><Param>{8CAD0A01-4FE6-6560-EB03-000000000000}</Param><Param>4</Param><Param>System</Param><Param>NT AUTHORITY\SYSTEM</Param><Param>tcp</Param><Param>FALSE</Param><Param>TRUE</Param><Param>fe80:0:0:0:d024:56ce:c156:9dae</Param><Param>-</Param><Param>49899</Param><Param>-</Param><Param>TRUE</Param><Param>fe80:0:0:0:d024:56ce:c156:9dae</Param><Param>-</Param><Param>5985</Param><Param>-</Param>","<DataItem type=""System.XmlData"" time=""2023-11-24T13:12:43.6111991+05:30"" sourceHealthServiceId=""F57C2BCF-DE2B-DA7F-FD91-0649DF501A73""><EventData xmlns=""http://schemas.microsoft.com/win/2004/08/events/event""><Data Name=""RuleName"">technique_id=T1021,technique_name=Remote Services</Data><Data Name=""UtcTime"">2023-11-24 07:42:42.450</Data><Data Name=""ProcessGuid"">{8CAD0A01-4FE6-6560-EB03-000000000000}</Data><Data Name=""ProcessId"">4</Data><Data Name=""Image"">System</Data><Data Name=""User"">NT AUTHORITY\SYSTEM</Data><Data Name=""Protocol"">tcp</Data><Data Name=""Initiated"">false</Data><Data Name=""SourceIsIpv6"">true</Data><Data Name=""SourceIp"">fe80:0:0:0:d024:56ce:c156:9dae</Data><Data Name=""SourceHostname"">-</Data><Data Name=""SourcePort"">49899</Data><Data Name=""SourcePortName"">-</Data><Data Name=""DestinationIsIpv6"">true</Data><Data Name=""DestinationIp"">fe80:0:0:0:d024:56ce:c156:9dae</Data><Data Name=""DestinationHostname"">-</Data><Data Name=""DestinationPort"">5985</Data><Data Name=""DestinationPortName"">-</Data></EventData></DataItem>",3,"Network connection detected: RuleName: technique_id=T1021,technique_name=Remote Services UtcTime: 2023-11-24 07:42:42.450 ProcessGuid: {8CAD0A01-4FE6-6560-EB03-000000000000} ProcessId: 4 Image: System User: NT AUTHORITY\SYSTEM Protocol: tcp Initiated: FALSE SourceIsIpv6: TRUE SourceIp: fe80:0:0:0:d024:56ce:c156:9dae SourceHostname: - SourcePort: 49899 SourcePortName: - DestinationIsIpv6: TRUE DestinationIp: fe80:0:0:0:d024:56ce:c156:9dae DestinationHostname: - DestinationPort: 5985 DestinationPortName: - ","00000000-0000-0000-0000-000000000001","AOI-46bec743-35fa-4608-b7e2-2aa3c38a97c2",,,Event,"/subscriptions/4383ac89-7cd1-48c1-8061-b0b3c5ccfd97/resourcegroups/varunlab-rg/providers/microsoft.compute/virtualmachines/windowseventlogs"
"46bec743-35fa-4608-b7e2-2aa3c38a97c2",OpsManager,"11/24/2023, 2:41:15.741 PM","Microsoft-Windows-Sysmon","Microsoft-Windows-Sysmon/Operational",WindowsEventLog,3,4,Information,"NT AUTHORITY\SYSTEM",,"<Param>technique_id=T1021,technique_name=Remote Services</Param><Param>2023-11-24 09:11:14.623</Param><Param>{8CAD0A01-5BBA-6560-1000-000000001000}</Param><Param>900</Param><Param>C:\Windows\System32\svchost.exe</Param><Param>NT AUTHORITY\NETWORK SERVICE</Param><Param>tcp</Param><Param>FALSE</Param><Param>FALSE</Param><Param>20.24.150.112</Param><Param>-</Param><Param>21251</Param><Param>-</Param><Param>FALSE</Param><Param>10.0.0.4</Param><Param>-</Param><Param>3389</Param><Param>-</Param>","<DataItem type=""System.XmlData"" time=""2023-11-24T14:41:15.7417265+05:30"" sourceHealthServiceId=""F57C2BCF-DE2B-DA7F-FD91-0649DF501A73""><EventData xmlns=""http://schemas.microsoft.com/win/2004/08/events/event""><Data Name=""RuleName"">technique_id=T1021,technique_name=Remote Services</Data><Data Name=""UtcTime"">2023-11-24 09:11:14.623</Data><Data Name=""ProcessGuid"">{8CAD0A01-5BBA-6560-1000-000000001000}</Data><Data Name=""ProcessId"">900</Data><Data Name=""Image"">C:\Windows\System32\svchost.exe</Data><Data Name=""User"">NT AUTHORITY\NETWORK SERVICE</Data><Data Name=""Protocol"">tcp</Data><Data Name=""Initiated"">false</Data><Data Name=""SourceIsIpv6"">false</Data><Data Name=""SourceIp"">20.24.150.112</Data><Data Name=""SourceHostname"">-</Data><Data Name=""SourcePort"">21251</Data><Data Name=""SourcePortName"">-</Data><Data Name=""DestinationIsIpv6"">false</Data><Data Name=""DestinationIp"">10.0.0.4</Data><Data Name=""DestinationHostname"">-</Data><Data Name=""DestinationPort"">3389</Data><Data Name=""DestinationPortName"">-</Data></EventData></DataItem>",3,"Network connection detected: RuleName: technique_id=T1021,technique_name=Remote Services UtcTime: 2023-11-24 09:11:14.623 ProcessGuid: {8CAD0A01-5BBA-6560-1000-000000001000} ProcessId: 900 Image: C:\Windows\System32\svchost.exe User: NT AUTHORITY\NETWORK SERVICE Protocol: tcp Initiated: FALSE SourceIsIpv6: FALSE SourceIp: 20.24.150.112 SourceHostname: - SourcePort: 21251 SourcePortName: - DestinationIsIpv6: FALSE DestinationIp: 10.0.0.4 DestinationHostname: - DestinationPort: 3389 DestinationPortName: - ","00000000-0000-0000-0000-000000000001","AOI-46bec743-35fa-4608-b7e2-2aa3c38a97c2",,,Event,"/subscriptions/4383ac89-7cd1-48c1-8061-b0b3c5ccfd97/resourcegroups/varunlab-rg/providers/microsoft.compute/virtualmachines/windowseventlogs"
"46bec743-35fa-4608-b7e2-2aa3c38a97c2",OpsManager,"11/24/2023, 1:27:21.970 PM","Microsoft-Windows-Sysmon","Microsoft-Windows-Sysmon/Operational",WindowsEventLog,3,4,Information,"NT AUTHORITY\SYSTEM",,"<Param>technique_id=T1021,technique_name=Remote Services</Param><Param>2023-11-24 07:57:19.711</Param><Param>{8CAD0A01-4FED-6560-1100-000000000F00}</Param><Param>944</Param><Param>C:\Windows\System32\svchost.exe</Param><Param>NT AUTHORITY\NETWORK SERVICE</Param><Param>tcp</Param><Param>FALSE</Param><Param>FALSE</Param><Param>20.24.150.112</Param><Param>-</Param><Param>8962</Param><Param>-</Param><Param>FALSE</Param><Param>10.0.0.4</Param><Param>-</Param><Param>3389</Param><Param>-</Param>","<DataItem type=""System.XmlData"" time=""2023-11-24T13:27:21.9708726+05:30"" sourceHealthServiceId=""F57C2BCF-DE2B-DA7F-FD91-0649DF501A73""><EventData xmlns=""http://schemas.microsoft.com/win/2004/08/events/event""><Data Name=""RuleName"">technique_id=T1021,technique_name=Remote Services</Data><Data Name=""UtcTime"">2023-11-24 07:57:19.711</Data><Data Name=""ProcessGuid"">{8CAD0A01-4FED-6560-1100-000000000F00}</Data><Data Name=""ProcessId"">944</Data><Data Name=""Image"">C:\Windows\System32\svchost.exe</Data><Data Name=""User"">NT AUTHORITY\NETWORK SERVICE</Data><Data Name=""Protocol"">tcp</Data><Data Name=""Initiated"">false</Data><Data Name=""SourceIsIpv6"">false</Data><Data Name=""SourceIp"">20.24.150.112</Data><Data Name=""SourceHostname"">-</Data><Data Name=""SourcePort"">8962</Data><Data Name=""SourcePortName"">-</Data><Data Name=""DestinationIsIpv6"">false</Data><Data Name=""DestinationIp"">10.0.0.4</Data><Data Name=""DestinationHostname"">-</Data><Data Name=""DestinationPort"">3389</Data><Data Name=""DestinationPortName"">-</Data></EventData></DataItem>",3,"Network connection detected: RuleName: technique_id=T1021,technique_name=Remote Services UtcTime: 2023-11-24 07:57:19.711 ProcessGuid: {8CAD0A01-4FED-6560-1100-000000000F00} ProcessId: 944 Image: C:\Windows\System32\svchost.exe User: NT AUTHORITY\NETWORK SERVICE Protocol: tcp Initiated: FALSE SourceIsIpv6: FALSE SourceIp: 20.24.150.112 SourceHostname: - SourcePort: 8962 SourcePortName: - DestinationIsIpv6: FALSE DestinationIp: 10.0.0.4 DestinationHostname: - DestinationPort: 3389 DestinationPortName: - ","00000000-0000-0000-0000-000000000001","AOI-46bec743-35fa-4608-b7e2-2aa3c38a97c2",,,Event,"/subscriptions/4383ac89-7cd1-48c1-8061-b0b3c5ccfd97/resourcegroups/varunlab-rg/providers/microsoft.compute/virtualmachines/windowseventlogs"
"46bec743-35fa-4608-b7e2-2aa3c38a97c2",OpsManager,"11/24/2023, 1:27:28.907 PM","Microsoft-Windows-Sysmon","Microsoft-Windows-Sysmon/Operational",WindowsEventLog,3,4,Information,"NT AUTHORITY\SYSTEM",,"<Param>technique_id=T1021,technique_name=Remote Services</Param><Param>2023-11-24 07:57:26.710</Param><Param>{8CAD0A01-4FED-6560-1100-000000000F00}</Param><Param>944</Param><Param>C:\Windows\System32\svchost.exe</Param><Param>NT AUTHORITY\NETWORK SERVICE</Param><Param>tcp</Param><Param>FALSE</Param><Param>FALSE</Param><Param>20.24.150.112</Param><Param>-</Param><Param>11457</Param><Param>-</Param><Param>FALSE</Param><Param>10.0.0.4</Param><Param>-</Param><Param>3389</Param><Param>-</Param>","<DataItem type=""System.XmlData"" time=""2023-11-24T13:27:28.9070820+05:30"" sourceHealthServiceId=""F57C2BCF-DE2B-DA7F-FD91-0649DF501A73""><EventData xmlns=""http://schemas.microsoft.com/win/2004/08/events/event""><Data Name=""RuleName"">technique_id=T1021,technique_name=Remote Services</Data><Data Name=""UtcTime"">2023-11-24 07:57:26.710</Data><Data Name=""ProcessGuid"">{8CAD0A01-4FED-6560-1100-000000000F00}</Data><Data Name=""ProcessId"">944</Data><Data Name=""Image"">C:\Windows\System32\svchost.exe</Data><Data Name=""User"">NT AUTHORITY\NETWORK SERVICE</Data><Data Name=""Protocol"">tcp</Data><Data Name=""Initiated"">false</Data><Data Name=""SourceIsIpv6"">false</Data><Data Name=""SourceIp"">20.24.150.112</Data><Data Name=""SourceHostname"">-</Data><Data Name=""SourcePort"">11457</Data><Data Name=""SourcePortName"">-</Data><Data Name=""DestinationIsIpv6"">false</Data><Data Name=""DestinationIp"">10.0.0.4</Data><Data Name=""DestinationHostname"">-</Data><Data Name=""DestinationPort"">3389</Data><Data Name=""DestinationPortName"">-</Data></EventData></DataItem>",3,"Network connection detected: RuleName: technique_id=T1021,technique_name=Remote Services UtcTime: 2023-11-24 07:57:26.710 ProcessGuid: {8CAD0A01-4FED-6560-1100-000000000F00} ProcessId: 944 Image: C:\Windows\System32\svchost.exe User: NT AUTHORITY\NETWORK SERVICE Protocol: tcp Initiated: FALSE SourceIsIpv6: FALSE SourceIp: 20.24.150.112 SourceHostname: - SourcePort: 11457 SourcePortName: - DestinationIsIpv6: FALSE DestinationIp: 10.0.0.4 DestinationHostname: - DestinationPort: 3389 DestinationPortName: - ","00000000-0000-0000-0000-000000000001","AOI-46bec743-35fa-4608-b7e2-2aa3c38a97c2",,,Event,"/subscriptions/4383ac89-7cd1-48c1-8061-b0b3c5ccfd97/resourcegroups/varunlab-rg/providers/microsoft.compute/virtualmachines/windowseventlogs"
"46bec743-35fa-4608-b7e2-2aa3c38a97c2",OpsManager,"11/24/2023, 12:57:44.025 PM","Microsoft-Windows-Sysmon","Microsoft-Windows-Sysmon/Operational",WindowsEventLog,3,4,Information,"NT AUTHORITY\SYSTEM","LCID;1033	Locale;ENU	Message;Network connection detected:%nRuleName: %1!s!%nUtcTime: %2!s!%nProcessGuid: %3!s!%nProcessId: %4!s!%nImage: %5!s!%nUser: %6!s!%nProtocol: %7!s!%nInitiated: %8!s!%nSourceIsIpv6: %9!s!%nSourceIp: %10!s!%nSourceHostname: %11!s!%nSourcePort: %12!s!%nSourcePortName: %13!s!%nDestinationIsIpv6: %14!s!%nDestinationIp: %15!s!%nDestinationHostname: %16!s!%nDestinationPort: %17!s!%nDestinationPortName: %18!s! 	","<Param>technique_id=T1021,technique_name=Remote Services</Param><Param>2023-11-24 07:27:42.433</Param><Param>{8CAD0A01-4FEE-6560-1800-000000000F00}</Param><Param>1244</Param><Param>C:\Windows\System32\svchost.exe</Param><Param>NT AUTHORITY\NETWORK SERVICE</Param><Param>tcp</Param><Param>TRUE</Param><Param>TRUE</Param><Param>fe80:0:0:0:d024:56ce:c156:9dae</Param><Param>-</Param><Param>49758</Param><Param>-</Param><Param>TRUE</Param><Param>fe80:0:0:0:d024:56ce:c156:9dae</Param><Param>-</Param><Param>5985</Param><Param>-</Param>","<DataItem type=""System.XmlData"" time=""2023-11-24T12:57:44.0254445+05:30"" sourceHealthServiceId=""F57C2BCF-DE2B-DA7F-FD91-0649DF501A73""><EventData xmlns=""http://schemas.microsoft.com/win/2004/08/events/event""><Data Name=""RuleName"">technique_id=T1021,technique_name=Remote Services</Data><Data Name=""UtcTime"">2023-11-24 07:27:42.433</Data><Data Name=""ProcessGuid"">{8CAD0A01-4FEE-6560-1800-000000000F00}</Data><Data Name=""ProcessId"">1244</Data><Data Name=""Image"">C:\Windows\System32\svchost.exe</Data><Data Name=""User"">NT AUTHORITY\NETWORK SERVICE</Data><Data Name=""Protocol"">tcp</Data><Data Name=""Initiated"">true</Data><Data Name=""SourceIsIpv6"">true</Data><Data Name=""SourceIp"">fe80:0:0:0:d024:56ce:c156:9dae</Data><Data Name=""SourceHostname"">-</Data><Data Name=""SourcePort"">49758</Data><Data Name=""SourcePortName"">-</Data><Data Name=""DestinationIsIpv6"">true</Data><Data Name=""DestinationIp"">fe80:0:0:0:d024:56ce:c156:9dae</Data><Data Name=""DestinationHostname"">-</Data><Data Name=""DestinationPort"">5985</Data><Data Name=""DestinationPortName"">-</Data></EventData></DataItem>",3,"Network connection detected: RuleName: technique_id=T1021,technique_name=Remote Services UtcTime: 2023-11-24 07:27:42.433 ProcessGuid: {8CAD0A01-4FEE-6560-1800-000000000F00} ProcessId: 1244 Image: C:\Windows\System32\svchost.exe User: NT AUTHORITY\NETWORK SERVICE Protocol: tcp Initiated: TRUE SourceIsIpv6: TRUE SourceIp: fe80:0:0:0:d024:56ce:c156:9dae SourceHostname: - SourcePort: 49758 SourcePortName: - DestinationIsIpv6: TRUE DestinationIp: fe80:0:0:0:d024:56ce:c156:9dae DestinationHostname: - DestinationPort: 5985 DestinationPortName: - ","00000000-0000-0000-0000-000000000001","AOI-46bec743-35fa-4608-b7e2-2aa3c38a97c2",,,Event,"/subscriptions/4383ac89-7cd1-48c1-8061-b0b3c5ccfd97/resourcegroups/varunlab-rg/providers/microsoft.compute/virtualmachines/windowseventlogs"
"46bec743-35fa-4608-b7e2-2aa3c38a97c2",OpsManager,"11/24/2023, 12:57:44.025 PM","Microsoft-Windows-Sysmon","Microsoft-Windows-Sysmon/Operational",WindowsEventLog,3,4,Information,"NT AUTHORITY\SYSTEM",,"<Param>technique_id=T1021,technique_name=Remote Services</Param><Param>2023-11-24 07:27:42.433</Param><Param>{8CAD0A01-4FE6-6560-EB03-000000000000}</Param><Param>4</Param><Param>System</Param><Param>NT AUTHORITY\SYSTEM</Param><Param>tcp</Param><Param>FALSE</Param><Param>TRUE</Param><Param>fe80:0:0:0:d024:56ce:c156:9dae</Param><Param>-</Param><Param>49758</Param><Param>-</Param><Param>TRUE</Param><Param>fe80:0:0:0:d024:56ce:c156:9dae</Param><Param>-</Param><Param>5985</Param><Param>-</Param>","<DataItem type=""System.XmlData"" time=""2023-11-24T12:57:44.0254644+05:30"" sourceHealthServiceId=""F57C2BCF-DE2B-DA7F-FD91-0649DF501A73""><EventData xmlns=""http://schemas.microsoft.com/win/2004/08/events/event""><Data Name=""RuleName"">technique_id=T1021,technique_name=Remote Services</Data><Data Name=""UtcTime"">2023-11-24 07:27:42.433</Data><Data Name=""ProcessGuid"">{8CAD0A01-4FE6-6560-EB03-000000000000}</Data><Data Name=""ProcessId"">4</Data><Data Name=""Image"">System</Data><Data Name=""User"">NT AUTHORITY\SYSTEM</Data><Data Name=""Protocol"">tcp</Data><Data Name=""Initiated"">false</Data><Data Name=""SourceIsIpv6"">true</Data><Data Name=""SourceIp"">fe80:0:0:0:d024:56ce:c156:9dae</Data><Data Name=""SourceHostname"">-</Data><Data Name=""SourcePort"">49758</Data><Data Name=""SourcePortName"">-</Data><Data Name=""DestinationIsIpv6"">true</Data><Data Name=""DestinationIp"">fe80:0:0:0:d024:56ce:c156:9dae</Data><Data Name=""DestinationHostname"">-</Data><Data Name=""DestinationPort"">5985</Data><Data Name=""DestinationPortName"">-</Data></EventData></DataItem>",3,"Network connection detected: RuleName: technique_id=T1021,technique_name=Remote Services UtcTime: 2023-11-24 07:27:42.433 ProcessGuid: {8CAD0A01-4FE6-6560-EB03-000000000000} ProcessId: 4 Image: System User: NT AUTHORITY\SYSTEM Protocol: tcp Initiated: FALSE SourceIsIpv6: TRUE SourceIp: fe80:0:0:0:d024:56ce:c156:9dae SourceHostname: - SourcePort: 49758 SourcePortName: - DestinationIsIpv6: TRUE DestinationIp: fe80:0:0:0:d024:56ce:c156:9dae DestinationHostname: - DestinationPort: 5985 DestinationPortName: - ","00000000-0000-0000-0000-000000000001","AOI-46bec743-35fa-4608-b7e2-2aa3c38a97c2",,,Event,"/subscriptions/4383ac89-7cd1-48c1-8061-b0b3c5ccfd97/resourcegroups/varunlab-rg/providers/microsoft.compute/virtualmachines/windowseventlogs"
"46bec743-35fa-4608-b7e2-2aa3c38a97c2",OpsManager,"11/24/2023, 3:50:36.266 PM","Microsoft-Windows-Sysmon","Microsoft-Windows-Sysmon/Operational",WindowsEventLog,3,4,Information,"NT AUTHORITY\SYSTEM",,"<Param>technique_id=T1021,technique_name=Remote Services</Param><Param>2023-11-24 10:20:35.046</Param><Param>{8CAD0A01-5BBA-6560-1000-000000001000}</Param><Param>900</Param><Param>C:\Windows\System32\svchost.exe</Param><Param>NT AUTHORITY\NETWORK SERVICE</Param><Param>tcp</Param><Param>FALSE</Param><Param>FALSE</Param><Param>20.24.150.112</Param><Param>-</Param><Param>8257</Param><Param>-</Param><Param>FALSE</Param><Param>10.0.0.4</Param><Param>-</Param><Param>3389</Param><Param>-</Param>","<DataItem type=""System.XmlData"" time=""2023-11-24T15:50:36.2661949+05:30"" sourceHealthServiceId=""F57C2BCF-DE2B-DA7F-FD91-0649DF501A73""><EventData xmlns=""http://schemas.microsoft.com/win/2004/08/events/event""><Data Name=""RuleName"">technique_id=T1021,technique_name=Remote Services</Data><Data Name=""UtcTime"">2023-11-24 10:20:35.046</Data><Data Name=""ProcessGuid"">{8CAD0A01-5BBA-6560-1000-000000001000}</Data><Data Name=""ProcessId"">900</Data><Data Name=""Image"">C:\Windows\System32\svchost.exe</Data><Data Name=""User"">NT AUTHORITY\NETWORK SERVICE</Data><Data Name=""Protocol"">tcp</Data><Data Name=""Initiated"">false</Data><Data Name=""SourceIsIpv6"">false</Data><Data Name=""SourceIp"">20.24.150.112</Data><Data Name=""SourceHostname"">-</Data><Data Name=""SourcePort"">8257</Data><Data Name=""SourcePortName"">-</Data><Data Name=""DestinationIsIpv6"">false</Data><Data Name=""DestinationIp"">10.0.0.4</Data><Data Name=""DestinationHostname"">-</Data><Data Name=""DestinationPort"">3389</Data><Data Name=""DestinationPortName"">-</Data></EventData></DataItem>",3,"Network connection detected: RuleName: technique_id=T1021,technique_name=Remote Services UtcTime: 2023-11-24 10:20:35.046 ProcessGuid: {8CAD0A01-5BBA-6560-1000-000000001000} ProcessId: 900 Image: C:\Windows\System32\svchost.exe User: NT AUTHORITY\NETWORK SERVICE Protocol: tcp Initiated: FALSE SourceIsIpv6: FALSE SourceIp: 20.24.150.112 SourceHostname: - SourcePort: 8257 SourcePortName: - DestinationIsIpv6: FALSE DestinationIp: 10.0.0.4 DestinationHostname: - DestinationPort: 3389 DestinationPortName: - ","00000000-0000-0000-0000-000000000001","AOI-46bec743-35fa-4608-b7e2-2aa3c38a97c2",,,Event,"/subscriptions/4383ac89-7cd1-48c1-8061-b0b3c5ccfd97/resourcegroups/varunlab-rg/providers/microsoft.compute/virtualmachines/windowseventlogs"
"46bec743-35fa-4608-b7e2-2aa3c38a97c2",OpsManager,"11/24/2023, 1:48:06.117 PM","Microsoft-Windows-Sysmon","Microsoft-Windows-Sysmon/Operational",WindowsEventLog,3,4,Information,"NT AUTHORITY\SYSTEM","LCID;1033	Locale;ENU	Message;Network connection detected:%nRuleName: %1!s!%nUtcTime: %2!s!%nProcessGuid: %3!s!%nProcessId: %4!s!%nImage: %5!s!%nUser: %6!s!%nProtocol: %7!s!%nInitiated: %8!s!%nSourceIsIpv6: %9!s!%nSourceIp: %10!s!%nSourceHostname: %11!s!%nSourcePort: %12!s!%nSourcePortName: %13!s!%nDestinationIsIpv6: %14!s!%nDestinationIp: %15!s!%nDestinationHostname: %16!s!%nDestinationPort: %17!s!%nDestinationPortName: %18!s! 	","<Param>technique_id=T1021,technique_name=Remote Services</Param><Param>2023-11-24 08:18:05.042</Param><Param>{8CAD0A01-5BBC-6560-1800-000000001000}</Param><Param>1312</Param><Param>C:\Windows\System32\svchost.exe</Param><Param>NT AUTHORITY\NETWORK SERVICE</Param><Param>tcp</Param><Param>TRUE</Param><Param>TRUE</Param><Param>fe80:0:0:0:d024:56ce:c156:9dae</Param><Param>-</Param><Param>49724</Param><Param>-</Param><Param>TRUE</Param><Param>fe80:0:0:0:d024:56ce:c156:9dae</Param><Param>-</Param><Param>5985</Param><Param>-</Param>","<DataItem type=""System.XmlData"" time=""2023-11-24T13:48:06.1179245+05:30"" sourceHealthServiceId=""F57C2BCF-DE2B-DA7F-FD91-0649DF501A73""><EventData xmlns=""http://schemas.microsoft.com/win/2004/08/events/event""><Data Name=""RuleName"">technique_id=T1021,technique_name=Remote Services</Data><Data Name=""UtcTime"">2023-11-24 08:18:05.042</Data><Data Name=""ProcessGuid"">{8CAD0A01-5BBC-6560-1800-000000001000}</Data><Data Name=""ProcessId"">1312</Data><Data Name=""Image"">C:\Windows\System32\svchost.exe</Data><Data Name=""User"">NT AUTHORITY\NETWORK SERVICE</Data><Data Name=""Protocol"">tcp</Data><Data Name=""Initiated"">true</Data><Data Name=""SourceIsIpv6"">true</Data><Data Name=""SourceIp"">fe80:0:0:0:d024:56ce:c156:9dae</Data><Data Name=""SourceHostname"">-</Data><Data Name=""SourcePort"">49724</Data><Data Name=""SourcePortName"">-</Data><Data Name=""DestinationIsIpv6"">true</Data><Data Name=""DestinationIp"">fe80:0:0:0:d024:56ce:c156:9dae</Data><Data Name=""DestinationHostname"">-</Data><Data Name=""DestinationPort"">5985</Data><Data Name=""DestinationPortName"">-</Data></EventData></DataItem>",3,"Network connection detected: RuleName: technique_id=T1021,technique_name=Remote Services UtcTime: 2023-11-24 08:18:05.042 ProcessGuid: {8CAD0A01-5BBC-6560-1800-000000001000} ProcessId: 1312 Image: C:\Windows\System32\svchost.exe User: NT AUTHORITY\NETWORK SERVICE Protocol: tcp Initiated: TRUE SourceIsIpv6: TRUE SourceIp: fe80:0:0:0:d024:56ce:c156:9dae SourceHostname: - SourcePort: 49724 SourcePortName: - DestinationIsIpv6: TRUE DestinationIp: fe80:0:0:0:d024:56ce:c156:9dae DestinationHostname: - DestinationPort: 5985 DestinationPortName: - ","00000000-0000-0000-0000-000000000001","AOI-46bec743-35fa-4608-b7e2-2aa3c38a97c2",,,Event,"/subscriptions/4383ac89-7cd1-48c1-8061-b0b3c5ccfd97/resourcegroups/varunlab-rg/providers/microsoft.compute/virtualmachines/windowseventlogs"
"46bec743-35fa-4608-b7e2-2aa3c38a97c2",OpsManager,"11/24/2023, 1:48:06.117 PM","Microsoft-Windows-Sysmon","Microsoft-Windows-Sysmon/Operational",WindowsEventLog,3,4,Information,"NT AUTHORITY\SYSTEM",,"<Param>technique_id=T1021,technique_name=Remote Services</Param><Param>2023-11-24 08:18:05.042</Param><Param>{8CAD0A01-5BB1-6560-EB03-000000000000}</Param><Param>4</Param><Param>System</Param><Param>NT AUTHORITY\SYSTEM</Param><Param>tcp</Param><Param>FALSE</Param><Param>TRUE</Param><Param>fe80:0:0:0:d024:56ce:c156:9dae</Param><Param>-</Param><Param>49724</Param><Param>-</Param><Param>TRUE</Param><Param>fe80:0:0:0:d024:56ce:c156:9dae</Param><Param>-</Param><Param>5985</Param><Param>-</Param>","<DataItem type=""System.XmlData"" time=""2023-11-24T13:48:06.1179424+05:30"" sourceHealthServiceId=""F57C2BCF-DE2B-DA7F-FD91-0649DF501A73""><EventData xmlns=""http://schemas.microsoft.com/win/2004/08/events/event""><Data Name=""RuleName"">technique_id=T1021,technique_name=Remote Services</Data><Data Name=""UtcTime"">2023-11-24 08:18:05.042</Data><Data Name=""ProcessGuid"">{8CAD0A01-5BB1-6560-EB03-000000000000}</Data><Data Name=""ProcessId"">4</Data><Data Name=""Image"">System</Data><Data Name=""User"">NT AUTHORITY\SYSTEM</Data><Data Name=""Protocol"">tcp</Data><Data Name=""Initiated"">false</Data><Data Name=""SourceIsIpv6"">true</Data><Data Name=""SourceIp"">fe80:0:0:0:d024:56ce:c156:9dae</Data><Data Name=""SourceHostname"">-</Data><Data Name=""SourcePort"">49724</Data><Data Name=""SourcePortName"">-</Data><Data Name=""DestinationIsIpv6"">true</Data><Data Name=""DestinationIp"">fe80:0:0:0:d024:56ce:c156:9dae</Data><Data Name=""DestinationHostname"">-</Data><Data Name=""DestinationPort"">5985</Data><Data Name=""DestinationPortName"">-</Data></EventData></DataItem>",3,"Network connection detected: RuleName: technique_id=T1021,technique_name=Remote Services UtcTime: 2023-11-24 08:18:05.042 ProcessGuid: {8CAD0A01-5BB1-6560-EB03-000000000000} ProcessId: 4 Image: System User: NT AUTHORITY\SYSTEM Protocol: tcp Initiated: FALSE SourceIsIpv6: TRUE SourceIp: fe80:0:0:0:d024:56ce:c156:9dae SourceHostname: - SourcePort: 49724 SourcePortName: - DestinationIsIpv6: TRUE DestinationIp: fe80:0:0:0:d024:56ce:c156:9dae DestinationHostname: - DestinationPort: 5985 DestinationPortName: - ","00000000-0000-0000-0000-000000000001","AOI-46bec743-35fa-4608-b7e2-2aa3c38a97c2",,,Event,"/subscriptions/4383ac89-7cd1-48c1-8061-b0b3c5ccfd97/resourcegroups/varunlab-rg/providers/microsoft.compute/virtualmachines/windowseventlogs"
"46bec743-35fa-4608-b7e2-2aa3c38a97c2",OpsManager,"11/24/2023, 7:21:52.204 PM","Microsoft-Windows-Sysmon","Microsoft-Windows-Sysmon/Operational",WindowsEventLog,3,4,Information,"NT AUTHORITY\SYSTEM",,"<Param>technique_id=T1021,technique_name=Remote Services</Param><Param>2023-11-24 13:51:51.023</Param><Param>{8CAD0A01-A9F9-6560-1700-000000001100}</Param><Param>1272</Param><Param>C:\Windows\System32\svchost.exe</Param><Param>NT AUTHORITY\NETWORK SERVICE</Param><Param>tcp</Param><Param>TRUE</Param><Param>TRUE</Param><Param>fe80:0:0:0:d024:56ce:c156:9dae</Param><Param>-</Param><Param>49742</Param><Param>-</Param><Param>TRUE</Param><Param>fe80:0:0:0:d024:56ce:c156:9dae</Param><Param>-</Param><Param>5985</Param><Param>-</Param>","<DataItem type=""System.XmlData"" time=""2023-11-24T19:21:52.2041909+05:30"" sourceHealthServiceId=""F57C2BCF-DE2B-DA7F-FD91-0649DF501A73""><EventData xmlns=""http://schemas.microsoft.com/win/2004/08/events/event""><Data Name=""RuleName"">technique_id=T1021,technique_name=Remote Services</Data><Data Name=""UtcTime"">2023-11-24 13:51:51.023</Data><Data Name=""ProcessGuid"">{8CAD0A01-A9F9-6560-1700-000000001100}</Data><Data Name=""ProcessId"">1272</Data><Data Name=""Image"">C:\Windows\System32\svchost.exe</Data><Data Name=""User"">NT AUTHORITY\NETWORK SERVICE</Data><Data Name=""Protocol"">tcp</Data><Data Name=""Initiated"">true</Data><Data Name=""SourceIsIpv6"">true</Data><Data Name=""SourceIp"">fe80:0:0:0:d024:56ce:c156:9dae</Data><Data Name=""SourceHostname"">-</Data><Data Name=""SourcePort"">49742</Data><Data Name=""SourcePortName"">-</Data><Data Name=""DestinationIsIpv6"">true</Data><Data Name=""DestinationIp"">fe80:0:0:0:d024:56ce:c156:9dae</Data><Data Name=""DestinationHostname"">-</Data><Data Name=""DestinationPort"">5985</Data><Data Name=""DestinationPortName"">-</Data></EventData></DataItem>",3,"Network connection detected: RuleName: technique_id=T1021,technique_name=Remote Services UtcTime: 2023-11-24 13:51:51.023 ProcessGuid: {8CAD0A01-A9F9-6560-1700-000000001100} ProcessId: 1272 Image: C:\Windows\System32\svchost.exe User: NT AUTHORITY\NETWORK SERVICE Protocol: tcp Initiated: TRUE SourceIsIpv6: TRUE SourceIp: fe80:0:0:0:d024:56ce:c156:9dae SourceHostname: - SourcePort: 49742 SourcePortName: - DestinationIsIpv6: TRUE DestinationIp: fe80:0:0:0:d024:56ce:c156:9dae DestinationHostname: - DestinationPort: 5985 DestinationPortName: - ","00000000-0000-0000-0000-000000000001","AOI-46bec743-35fa-4608-b7e2-2aa3c38a97c2",,,Event,"/subscriptions/4383ac89-7cd1-48c1-8061-b0b3c5ccfd97/resourcegroups/varunlab-rg/providers/microsoft.compute/virtualmachines/windowseventlogs"
"46bec743-35fa-4608-b7e2-2aa3c38a97c2",OpsManager,"11/24/2023, 7:21:52.204 PM","Microsoft-Windows-Sysmon","Microsoft-Windows-Sysmon/Operational",WindowsEventLog,3,4,Information,"NT AUTHORITY\SYSTEM",,"<Param>technique_id=T1021,technique_name=Remote Services</Param><Param>2023-11-24 13:51:51.023</Param><Param>{8CAD0A01-A9F2-6560-EB03-000000000000}</Param><Param>4</Param><Param>System</Param><Param>NT AUTHORITY\SYSTEM</Param><Param>tcp</Param><Param>FALSE</Param><Param>TRUE</Param><Param>fe80:0:0:0:d024:56ce:c156:9dae</Param><Param>-</Param><Param>49742</Param><Param>-</Param><Param>TRUE</Param><Param>fe80:0:0:0:d024:56ce:c156:9dae</Param><Param>-</Param><Param>5985</Param><Param>-</Param>","<DataItem type=""System.XmlData"" time=""2023-11-24T19:21:52.2042197+05:30"" sourceHealthServiceId=""F57C2BCF-DE2B-DA7F-FD91-0649DF501A73""><EventData xmlns=""http://schemas.microsoft.com/win/2004/08/events/event""><Data Name=""RuleName"">technique_id=T1021,technique_name=Remote Services</Data><Data Name=""UtcTime"">2023-11-24 13:51:51.023</Data><Data Name=""ProcessGuid"">{8CAD0A01-A9F2-6560-EB03-000000000000}</Data><Data Name=""ProcessId"">4</Data><Data Name=""Image"">System</Data><Data Name=""User"">NT AUTHORITY\SYSTEM</Data><Data Name=""Protocol"">tcp</Data><Data Name=""Initiated"">false</Data><Data Name=""SourceIsIpv6"">true</Data><Data Name=""SourceIp"">fe80:0:0:0:d024:56ce:c156:9dae</Data><Data Name=""SourceHostname"">-</Data><Data Name=""SourcePort"">49742</Data><Data Name=""SourcePortName"">-</Data><Data Name=""DestinationIsIpv6"">true</Data><Data Name=""DestinationIp"">fe80:0:0:0:d024:56ce:c156:9dae</Data><Data Name=""DestinationHostname"">-</Data><Data Name=""DestinationPort"">5985</Data><Data Name=""DestinationPortName"">-</Data></EventData></DataItem>",3,"Network connection detected: RuleName: technique_id=T1021,technique_name=Remote Services UtcTime: 2023-11-24 13:51:51.023 ProcessGuid: {8CAD0A01-A9F2-6560-EB03-000000000000} ProcessId: 4 Image: System User: NT AUTHORITY\SYSTEM Protocol: tcp Initiated: FALSE SourceIsIpv6: TRUE SourceIp: fe80:0:0:0:d024:56ce:c156:9dae SourceHostname: - SourcePort: 49742 SourcePortName: - DestinationIsIpv6: TRUE DestinationIp: fe80:0:0:0:d024:56ce:c156:9dae DestinationHostname: - DestinationPort: 5985 DestinationPortName: - ","00000000-0000-0000-0000-000000000001","AOI-46bec743-35fa-4608-b7e2-2aa3c38a97c2",,,Event,"/subscriptions/4383ac89-7cd1-48c1-8061-b0b3c5ccfd97/resourcegroups/varunlab-rg/providers/microsoft.compute/virtualmachines/windowseventlogs"
"46bec743-35fa-4608-b7e2-2aa3c38a97c2",OpsManager,"11/24/2023, 7:46:07.122 PM","Microsoft-Windows-Sysmon","Microsoft-Windows-Sysmon/Operational",WindowsEventLog,3,4,Information,"NT AUTHORITY\SYSTEM",,"<Param>technique_id=T1021,technique_name=Remote Services</Param><Param>2023-11-24 14:16:06.028</Param><Param>{8CAD0A01-AFA7-6560-1700-000000001200}</Param><Param>1428</Param><Param>C:\Windows\System32\svchost.exe</Param><Param>NT AUTHORITY\NETWORK SERVICE</Param><Param>tcp</Param><Param>TRUE</Param><Param>TRUE</Param><Param>fe80:0:0:0:d024:56ce:c156:9dae</Param><Param>-</Param><Param>49723</Param><Param>-</Param><Param>TRUE</Param><Param>fe80:0:0:0:d024:56ce:c156:9dae</Param><Param>-</Param><Param>5985</Param><Param>-</Param>","<DataItem type=""System.XmlData"" time=""2023-11-24T19:46:07.1222734+05:30"" sourceHealthServiceId=""F57C2BCF-DE2B-DA7F-FD91-0649DF501A73""><EventData xmlns=""http://schemas.microsoft.com/win/2004/08/events/event""><Data Name=""RuleName"">technique_id=T1021,technique_name=Remote Services</Data><Data Name=""UtcTime"">2023-11-24 14:16:06.028</Data><Data Name=""ProcessGuid"">{8CAD0A01-AFA7-6560-1700-000000001200}</Data><Data Name=""ProcessId"">1428</Data><Data Name=""Image"">C:\Windows\System32\svchost.exe</Data><Data Name=""User"">NT AUTHORITY\NETWORK SERVICE</Data><Data Name=""Protocol"">tcp</Data><Data Name=""Initiated"">true</Data><Data Name=""SourceIsIpv6"">true</Data><Data Name=""SourceIp"">fe80:0:0:0:d024:56ce:c156:9dae</Data><Data Name=""SourceHostname"">-</Data><Data Name=""SourcePort"">49723</Data><Data Name=""SourcePortName"">-</Data><Data Name=""DestinationIsIpv6"">true</Data><Data Name=""DestinationIp"">fe80:0:0:0:d024:56ce:c156:9dae</Data><Data Name=""DestinationHostname"">-</Data><Data Name=""DestinationPort"">5985</Data><Data Name=""DestinationPortName"">-</Data></EventData></DataItem>",3,"Network connection detected: RuleName: technique_id=T1021,technique_name=Remote Services UtcTime: 2023-11-24 14:16:06.028 ProcessGuid: {8CAD0A01-AFA7-6560-1700-000000001200} ProcessId: 1428 Image: C:\Windows\System32\svchost.exe User: NT AUTHORITY\NETWORK SERVICE Protocol: tcp Initiated: TRUE SourceIsIpv6: TRUE SourceIp: fe80:0:0:0:d024:56ce:c156:9dae SourceHostname: - SourcePort: 49723 SourcePortName: - DestinationIsIpv6: TRUE DestinationIp: fe80:0:0:0:d024:56ce:c156:9dae DestinationHostname: - DestinationPort: 5985 DestinationPortName: - ","00000000-0000-0000-0000-000000000001","AOI-46bec743-35fa-4608-b7e2-2aa3c38a97c2",,,Event,"/subscriptions/4383ac89-7cd1-48c1-8061-b0b3c5ccfd97/resourcegroups/varunlab-rg/providers/microsoft.compute/virtualmachines/windowseventlogs"
"46bec743-35fa-4608-b7e2-2aa3c38a97c2",OpsManager,"11/24/2023, 7:46:07.122 PM","Microsoft-Windows-Sysmon","Microsoft-Windows-Sysmon/Operational",WindowsEventLog,3,4,Information,"NT AUTHORITY\SYSTEM",,"<Param>technique_id=T1021,technique_name=Remote Services</Param><Param>2023-11-24 14:16:06.028</Param><Param>{8CAD0A01-AFA3-6560-EB03-000000000000}</Param><Param>4</Param><Param>System</Param><Param>NT AUTHORITY\SYSTEM</Param><Param>tcp</Param><Param>FALSE</Param><Param>TRUE</Param><Param>fe80:0:0:0:d024:56ce:c156:9dae</Param><Param>-</Param><Param>49723</Param><Param>-</Param><Param>TRUE</Param><Param>fe80:0:0:0:d024:56ce:c156:9dae</Param><Param>-</Param><Param>5985</Param><Param>-</Param>","<DataItem type=""System.XmlData"" time=""2023-11-24T19:46:07.1223044+05:30"" sourceHealthServiceId=""F57C2BCF-DE2B-DA7F-FD91-0649DF501A73""><EventData xmlns=""http://schemas.microsoft.com/win/2004/08/events/event""><Data Name=""RuleName"">technique_id=T1021,technique_name=Remote Services</Data><Data Name=""UtcTime"">2023-11-24 14:16:06.028</Data><Data Name=""ProcessGuid"">{8CAD0A01-AFA3-6560-EB03-000000000000}</Data><Data Name=""ProcessId"">4</Data><Data Name=""Image"">System</Data><Data Name=""User"">NT AUTHORITY\SYSTEM</Data><Data Name=""Protocol"">tcp</Data><Data Name=""Initiated"">false</Data><Data Name=""SourceIsIpv6"">true</Data><Data Name=""SourceIp"">fe80:0:0:0:d024:56ce:c156:9dae</Data><Data Name=""SourceHostname"">-</Data><Data Name=""SourcePort"">49723</Data><Data Name=""SourcePortName"">-</Data><Data Name=""DestinationIsIpv6"">true</Data><Data Name=""DestinationIp"">fe80:0:0:0:d024:56ce:c156:9dae</Data><Data Name=""DestinationHostname"">-</Data><Data Name=""DestinationPort"">5985</Data><Data Name=""DestinationPortName"">-</Data></EventData></DataItem>",3,"Network connection detected: RuleName: technique_id=T1021,technique_name=Remote Services UtcTime: 2023-11-24 14:16:06.028 ProcessGuid: {8CAD0A01-AFA3-6560-EB03-000000000000} ProcessId: 4 Image: System User: NT AUTHORITY\SYSTEM Protocol: tcp Initiated: FALSE SourceIsIpv6: TRUE SourceIp: fe80:0:0:0:d024:56ce:c156:9dae SourceHostname: - SourcePort: 49723 SourcePortName: - DestinationIsIpv6: TRUE DestinationIp: fe80:0:0:0:d024:56ce:c156:9dae DestinationHostname: - DestinationPort: 5985 DestinationPortName: - ","00000000-0000-0000-0000-000000000001","AOI-46bec743-35fa-4608-b7e2-2aa3c38a97c2",,,Event,"/subscriptions/4383ac89-7cd1-48c1-8061-b0b3c5ccfd97/resourcegroups/varunlab-rg/providers/microsoft.compute/virtualmachines/windowseventlogs"
"46bec743-35fa-4608-b7e2-2aa3c38a97c2",OpsManager,"11/24/2023, 1:32:38.562 PM","Microsoft-Windows-Sysmon","Microsoft-Windows-Sysmon/Operational",WindowsEventLog,3,4,Information,"NT AUTHORITY\SYSTEM",,"<Param>technique_id=T1021,technique_name=Remote Services</Param><Param>2023-11-24 08:02:37.424</Param><Param>{8CAD0A01-4FEE-6560-1800-000000000F00}</Param><Param>1244</Param><Param>C:\Windows\System32\svchost.exe</Param><Param>NT AUTHORITY\NETWORK SERVICE</Param><Param>tcp</Param><Param>TRUE</Param><Param>TRUE</Param><Param>fe80:0:0:0:d024:56ce:c156:9dae</Param><Param>-</Param><Param>50148</Param><Param>-</Param><Param>TRUE</Param><Param>fe80:0:0:0:d024:56ce:c156:9dae</Param><Param>-</Param><Param>5985</Param><Param>-</Param>","<DataItem type=""System.XmlData"" time=""2023-11-24T13:32:38.5625779+05:30"" sourceHealthServiceId=""F57C2BCF-DE2B-DA7F-FD91-0649DF501A73""><EventData xmlns=""http://schemas.microsoft.com/win/2004/08/events/event""><Data Name=""RuleName"">technique_id=T1021,technique_name=Remote Services</Data><Data Name=""UtcTime"">2023-11-24 08:02:37.424</Data><Data Name=""ProcessGuid"">{8CAD0A01-4FEE-6560-1800-000000000F00}</Data><Data Name=""ProcessId"">1244</Data><Data Name=""Image"">C:\Windows\System32\svchost.exe</Data><Data Name=""User"">NT AUTHORITY\NETWORK SERVICE</Data><Data Name=""Protocol"">tcp</Data><Data Name=""Initiated"">true</Data><Data Name=""SourceIsIpv6"">true</Data><Data Name=""SourceIp"">fe80:0:0:0:d024:56ce:c156:9dae</Data><Data Name=""SourceHostname"">-</Data><Data Name=""SourcePort"">50148</Data><Data Name=""SourcePortName"">-</Data><Data Name=""DestinationIsIpv6"">true</Data><Data Name=""DestinationIp"">fe80:0:0:0:d024:56ce:c156:9dae</Data><Data Name=""DestinationHostname"">-</Data><Data Name=""DestinationPort"">5985</Data><Data Name=""DestinationPortName"">-</Data></EventData></DataItem>",3,"Network connection detected: RuleName: technique_id=T1021,technique_name=Remote Services UtcTime: 2023-11-24 08:02:37.424 ProcessGuid: {8CAD0A01-4FEE-6560-1800-000000000F00} ProcessId: 1244 Image: C:\Windows\System32\svchost.exe User: NT AUTHORITY\NETWORK SERVICE Protocol: tcp Initiated: TRUE SourceIsIpv6: TRUE SourceIp: fe80:0:0:0:d024:56ce:c156:9dae SourceHostname: - SourcePort: 50148 SourcePortName: - DestinationIsIpv6: TRUE DestinationIp: fe80:0:0:0:d024:56ce:c156:9dae DestinationHostname: - DestinationPort: 5985 DestinationPortName: - ","00000000-0000-0000-0000-000000000001","AOI-46bec743-35fa-4608-b7e2-2aa3c38a97c2",,,Event,"/subscriptions/4383ac89-7cd1-48c1-8061-b0b3c5ccfd97/resourcegroups/varunlab-rg/providers/microsoft.compute/virtualmachines/windowseventlogs"
"46bec743-35fa-4608-b7e2-2aa3c38a97c2",OpsManager,"11/24/2023, 1:32:38.562 PM","Microsoft-Windows-Sysmon","Microsoft-Windows-Sysmon/Operational",WindowsEventLog,3,4,Information,"NT AUTHORITY\SYSTEM",,"<Param>technique_id=T1021,technique_name=Remote Services</Param><Param>2023-11-24 08:02:37.424</Param><Param>{8CAD0A01-4FE6-6560-EB03-000000000000}</Param><Param>4</Param><Param>System</Param><Param>NT AUTHORITY\SYSTEM</Param><Param>tcp</Param><Param>FALSE</Param><Param>TRUE</Param><Param>fe80:0:0:0:d024:56ce:c156:9dae</Param><Param>-</Param><Param>50148</Param><Param>-</Param><Param>TRUE</Param><Param>fe80:0:0:0:d024:56ce:c156:9dae</Param><Param>-</Param><Param>5985</Param><Param>-</Param>","<DataItem type=""System.XmlData"" time=""2023-11-24T13:32:38.5625988+05:30"" sourceHealthServiceId=""F57C2BCF-DE2B-DA7F-FD91-0649DF501A73""><EventData xmlns=""http://schemas.microsoft.com/win/2004/08/events/event""><Data Name=""RuleName"">technique_id=T1021,technique_name=Remote Services</Data><Data Name=""UtcTime"">2023-11-24 08:02:37.424</Data><Data Name=""ProcessGuid"">{8CAD0A01-4FE6-6560-EB03-000000000000}</Data><Data Name=""ProcessId"">4</Data><Data Name=""Image"">System</Data><Data Name=""User"">NT AUTHORITY\SYSTEM</Data><Data Name=""Protocol"">tcp</Data><Data Name=""Initiated"">false</Data><Data Name=""SourceIsIpv6"">true</Data><Data Name=""SourceIp"">fe80:0:0:0:d024:56ce:c156:9dae</Data><Data Name=""SourceHostname"">-</Data><Data Name=""SourcePort"">50148</Data><Data Name=""SourcePortName"">-</Data><Data Name=""DestinationIsIpv6"">true</Data><Data Name=""DestinationIp"">fe80:0:0:0:d024:56ce:c156:9dae</Data><Data Name=""DestinationHostname"">-</Data><Data Name=""DestinationPort"">5985</Data><Data Name=""DestinationPortName"">-</Data></EventData></DataItem>",3,"Network connection detected: RuleName: technique_id=T1021,technique_name=Remote Services UtcTime: 2023-11-24 08:02:37.424 ProcessGuid: {8CAD0A01-4FE6-6560-EB03-000000000000} ProcessId: 4 Image: System User: NT AUTHORITY\SYSTEM Protocol: tcp Initiated: FALSE SourceIsIpv6: TRUE SourceIp: fe80:0:0:0:d024:56ce:c156:9dae SourceHostname: - SourcePort: 50148 SourcePortName: - DestinationIsIpv6: TRUE DestinationIp: fe80:0:0:0:d024:56ce:c156:9dae DestinationHostname: - DestinationPort: 5985 DestinationPortName: - ","00000000-0000-0000-0000-000000000001","AOI-46bec743-35fa-4608-b7e2-2aa3c38a97c2",,,Event,"/subscriptions/4383ac89-7cd1-48c1-8061-b0b3c5ccfd97/resourcegroups/varunlab-rg/providers/microsoft.compute/virtualmachines/windowseventlogs"
