"01680ad8-1090-4dec-a395-f77b161a9051","7/13/2023, 9:22:42.539 AM",OpsManager,"KUSTOWORKS\Administrator",User,"DC1.kustoworks.com","Microsoft-Windows-Security-Auditing",Security,13824,0,"<EventData xmlns=""http://schemas.microsoft.com/win/2004/08/events/event"">
  <Data Name=""OldTargetUserName"">DHCP Users This one too</Data>
  <Data Name=""NewTargetUserName"">DHCP Users This one too</Data>
  <Data Name=""TargetDomainName"">KUSTOWORKS</Data>
  <Data Name=""TargetSid"">S-1-5-21-2496762881-1366215883-1809657155-1103</Data>
  <Data Name=""SubjectUserSid"">S-1-5-21-2496762881-1366215883-1809657155-500</Data>
  <Data Name=""SubjectUserName"">Administrator</Data>
  <Data Name=""SubjectDomainName"">KUSTOWORKS</Data>
  <Data Name=""SubjectLogonId"">0x2e7842</Data>
  <Data Name=""PrivilegeList"">-</Data>
</EventData>",4781,"4781 - The name of an account was changed:","cc046e6c-795c-47b2-a5ae-c9a0645e6d32","cc046e6c-795c-47b2-a5ae-c9a0645e6d33","00000000-0000-0000-0000-000000000001","7/13/2023, 10:03:27.160 AM","AOI-01680ad8-1090-4dec-a395-f77b161a9051",,,,,,,,,,,,,,,,,,,,,,,,,,,,,,,,,,,,,,,,,,,,,,,,,,,,,,,,,,,,,,,,,,,,,,,,,,,,,,,,,,,,,,,,,,,,,,,,,,,,,,,,,,,,,,,,,,,,,,,,,,,,,,"-",,,,,,,,,,,,,,,,,,,,,,,,,,,,,,,,,"KUSTOWORKS\Administrator",,,,KUSTOWORKS,,0x2e7842,,,Administrator,"S-1-5-21-2496762881-1366215883-1809657155-500",,,KUSTOWORKS,KUSTOWORKS,,,,,,,,"S-1-5-21-2496762881-1366215883-1809657155-1103",,,,,,,,,,,,,,,,,,,,,,,,,SecurityEvent,"/subscriptions/e174f759-39db-49b8-b8bc-15cf9abca0f3/resourcegroups/kustoworksarc/providers/microsoft.hybridcompute/machines/dc1"
"01680ad8-1090-4dec-a395-f77b161a9051","7/13/2023, 9:22:56.509 AM",OpsManager,"KUSTOWORKS\Administrator",User,"DC1.kustoworks.com","Microsoft-Windows-Security-Auditing",Security,13824,0,"<EventData xmlns=""http://schemas.microsoft.com/win/2004/08/events/event"">
  <Data Name=""OldTargetUserName"">DHCP Users This one too</Data>
  <Data Name=""NewTargetUserName"">DHCP Users</Data>
  <Data Name=""TargetDomainName"">KUSTOWORKS</Data>
  <Data Name=""TargetSid"">S-1-5-21-2496762881-1366215883-1809657155-1103</Data>
  <Data Name=""SubjectUserSid"">S-1-5-21-2496762881-1366215883-1809657155-500</Data>
  <Data Name=""SubjectUserName"">Administrator</Data>
  <Data Name=""SubjectDomainName"">KUSTOWORKS</Data>
  <Data Name=""SubjectLogonId"">0x2e7842</Data>
  <Data Name=""PrivilegeList"">-</Data>
</EventData>",4781,"4781 - The name of an account was changed:","cc046e6c-795c-47b2-a5ae-c9a0645e6d32","cc046e6c-795c-47b2-a5ae-c9a0645e6d33","00000000-0000-0000-0000-000000000001","7/13/2023, 10:03:27.160 AM","AOI-01680ad8-1090-4dec-a395-f77b161a9051",,,,,,,,,,,,,,,,,,,,,,,,,,,,,,,,,,,,,,,,,,,,,,,,,,,,,,,,,,,,,,,,,,,,,,,,,,,,,,,,,,,,,,,,,,,,,,,,,,,,,,,,,,,,,,,,,,,,,,,,,,,,,,"-",,,,,,,,,,,,,,,,,,,,,,,,,,,,,,,,,"KUSTOWORKS\Administrator",,,,KUSTOWORKS,,0x2e7842,,,Administrator,"S-1-5-21-2496762881-1366215883-1809657155-500",,,KUSTOWORKS,KUSTOWORKS,,,,,,,,"S-1-5-21-2496762881-1366215883-1809657155-1103",,,,,,,,,,,,,,,,,,,,,,,,,SecurityEvent,"/subscriptions/e174f759-39db-49b8-b8bc-15cf9abca0f3/resourcegroups/kustoworksarc/providers/microsoft.hybridcompute/machines/dc1"
"01680ad8-1090-4dec-a395-f77b161a9051","7/13/2023, 9:22:57.317 AM",OpsManager,"KUSTOWORKS\Administrator",User,"DC1.kustoworks.com","Microsoft-Windows-Security-Auditing",Security,13824,0,"<EventData xmlns=""http://schemas.microsoft.com/win/2004/08/events/event"">
  <Data Name=""OldTargetUserName"">DHCP Users</Data>
  <Data Name=""NewTargetUserName"">DHCP Users</Data>
  <Data Name=""TargetDomainName"">KUSTOWORKS</Data>
  <Data Name=""TargetSid"">S-1-5-21-2496762881-1366215883-1809657155-1103</Data>
  <Data Name=""SubjectUserSid"">S-1-5-21-2496762881-1366215883-1809657155-500</Data>
  <Data Name=""SubjectUserName"">Administrator</Data>
  <Data Name=""SubjectDomainName"">KUSTOWORKS</Data>
  <Data Name=""SubjectLogonId"">0x2e7842</Data>
  <Data Name=""PrivilegeList"">-</Data>
</EventData>",4781,"4781 - The name of an account was changed:","cc046e6c-795c-47b2-a5ae-c9a0645e6d32","cc046e6c-795c-47b2-a5ae-c9a0645e6d33","00000000-0000-0000-0000-000000000001","7/13/2023, 10:03:27.160 AM","AOI-01680ad8-1090-4dec-a395-f77b161a9051",,,,,,,,,,,,,,,,,,,,,,,,,,,,,,,,,,,,,,,,,,,,,,,,,,,,,,,,,,,,,,,,,,,,,,,,,,,,,,,,,,,,,,,,,,,,,,,,,,,,,,,,,,,,,,,,,,,,,,,,,,,,,,"-",,,,,,,,,,,,,,,,,,,,,,,,,,,,,,,,,"KUSTOWORKS\Administrator",,,,KUSTOWORKS,,0x2e7842,,,Administrator,"S-1-5-21-2496762881-1366215883-1809657155-500",,,KUSTOWORKS,KUSTOWORKS,,,,,,,,"S-1-5-21-2496762881-1366215883-1809657155-1103",,,,,,,,,,,,,,,,,,,,,,,,,SecurityEvent,"/subscriptions/e174f759-39db-49b8-b8bc-15cf9abca0f3/resourcegroups/kustoworksarc/providers/microsoft.hybridcompute/machines/dc1"
"01680ad8-1090-4dec-a395-f77b161a9051","7/8/2023, 9:16:18.919 PM",OpsManager,"KUSTOWORKS\Administrator",User,"DC1.kustoworks.com","Microsoft-Windows-Security-Auditing",Security,13826,0,"<EventData xmlns=""http://schemas.microsoft.com/win/2004/08/events/event"">
  <Data Name=""TargetUserName"">Global Security Group</Data>
  <Data Name=""TargetDomainName"">KUSTOWORKS</Data>
  <Data Name=""TargetSid"">S-1-5-21-2496762881-1366215883-1809657155-1129</Data>
  <Data Name=""SubjectUserSid"">S-1-5-21-2496762881-1366215883-1809657155-500</Data>
  <Data Name=""SubjectUserName"">Administrator</Data>
  <Data Name=""SubjectDomainName"">KUSTOWORKS</Data>
  <Data Name=""SubjectLogonId"">0xa6a86b</Data>
  <Data Name=""PrivilegeList"">-</Data>
  <Data Name=""SamAccountName"">Global Security Group</Data>
  <Data Name=""SidHistory"">-</Data>
</EventData>",4727,"4727 - A security-enabled global group was created.","cc046e6c-795c-47b2-a5ae-c9a0645e6d32","cc046e6c-795c-47b2-a5ae-c9a0645e6d33","00000000-0000-0000-0000-000000000001","7/8/2023, 9:29:35.100 PM","AOI-01680ad8-1090-4dec-a395-f77b161a9051",,,,,,,,,,,,,,,,,,,,,,,,,,,,,,,,,,,,,,,,,,,,,,,,,,,,,,,,,,,,,,,,,,,,,,,,,,,,,,,,,,,,,,,,,,,,,,,,,,,,,,,,,,,,,,,,,,,,,,,,,,,,,,"-",,,,,,,,,,,,,,,,,,,,"Global Security Group",,,,,,,,,,,"-",,"KUSTOWORKS\Administrator",,,,KUSTOWORKS,,0xa6a86b,,,Administrator,"S-1-5-21-2496762881-1366215883-1809657155-500",,,"KUSTOWORKS\Global Security Group",KUSTOWORKS,,,,,,,,"S-1-5-21-2496762881-1366215883-1809657155-1129",,"Global Security Group",,,,,,,,,,,,,,,,,,,,,,,SecurityEvent,"/subscriptions/e174f759-39db-49b8-b8bc-15cf9abca0f3/resourcegroups/kustoworksarc/providers/microsoft.hybridcompute/machines/dc1"
"01680ad8-1090-4dec-a395-f77b161a9051","7/8/2023, 9:16:42.712 PM",OpsManager,"KUSTOWORKS\Administrator",User,"DC1.kustoworks.com","Microsoft-Windows-Security-Auditing",Security,13826,0,"<EventData xmlns=""http://schemas.microsoft.com/win/2004/08/events/event"">
  <Data Name=""TargetUserName"">Domain Local Security Group</Data>
  <Data Name=""TargetDomainName"">KUSTOWORKS</Data>
  <Data Name=""TargetSid"">S-1-5-21-2496762881-1366215883-1809657155-1130</Data>
  <Data Name=""SubjectUserSid"">S-1-5-21-2496762881-1366215883-1809657155-500</Data>
  <Data Name=""SubjectUserName"">Administrator</Data>
  <Data Name=""SubjectDomainName"">KUSTOWORKS</Data>
  <Data Name=""SubjectLogonId"">0xa6a86b</Data>
  <Data Name=""PrivilegeList"">-</Data>
  <Data Name=""SamAccountName"">Domain Local Security Group</Data>
  <Data Name=""SidHistory"">-</Data>
</EventData>",4731,"4731 - A security-enabled local group was created.","cc046e6c-795c-47b2-a5ae-c9a0645e6d32","cc046e6c-795c-47b2-a5ae-c9a0645e6d33","00000000-0000-0000-0000-000000000001","7/8/2023, 9:29:36.761 PM","AOI-01680ad8-1090-4dec-a395-f77b161a9051",,,,,,,,,,,,,,,,,,,,,,,,,,,,,,,,,,,,,,,,,,,,,,,,,,,,,,,,,,,,,,,,,,,,,,,,,,,,,,,,,,,,,,,,,,,,,,,,,,,,,,,,,,,,,,,,,,,,,,,,,,,,,,"-",,,,,,,,,,,,,,,,,,,,"Domain Local Security Group",,,,,,,,,,,"-",,"KUSTOWORKS\Administrator",,,,KUSTOWORKS,,0xa6a86b,,,Administrator,"S-1-5-21-2496762881-1366215883-1809657155-500",,,"KUSTOWORKS\Domain Local Security Group",KUSTOWORKS,,,,,,,,"S-1-5-21-2496762881-1366215883-1809657155-1130",,"Domain Local Security Group",,,,,,,,,,,,,,,,,,,,,,,SecurityEvent,"/subscriptions/e174f759-39db-49b8-b8bc-15cf9abca0f3/resourcegroups/kustoworksarc/providers/microsoft.hybridcompute/machines/dc1"
"01680ad8-1090-4dec-a395-f77b161a9051","7/8/2023, 9:17:16.502 PM",OpsManager,"KUSTOWORKS\Administrator",User,"DC1.kustoworks.com","Microsoft-Windows-Security-Auditing",Security,13826,0,"<EventData xmlns=""http://schemas.microsoft.com/win/2004/08/events/event"">
  <Data Name=""TargetUserName"">Universal Security Group</Data>
  <Data Name=""TargetDomainName"">KUSTOWORKS</Data>
  <Data Name=""TargetSid"">S-1-5-21-2496762881-1366215883-1809657155-1131</Data>
  <Data Name=""SubjectUserSid"">S-1-5-21-2496762881-1366215883-1809657155-500</Data>
  <Data Name=""SubjectUserName"">Administrator</Data>
  <Data Name=""SubjectDomainName"">KUSTOWORKS</Data>
  <Data Name=""SubjectLogonId"">0xa6a86b</Data>
  <Data Name=""PrivilegeList"">-</Data>
  <Data Name=""SamAccountName"">Universal Security Group</Data>
  <Data Name=""SidHistory"">-</Data>
</EventData>",4754,"4754 - A security-enabled universal group was created.","cc046e6c-795c-47b2-a5ae-c9a0645e6d32","cc046e6c-795c-47b2-a5ae-c9a0645e6d33","00000000-0000-0000-0000-000000000001","7/8/2023, 9:29:37.476 PM","AOI-01680ad8-1090-4dec-a395-f77b161a9051",,,,,,,,,,,,,,,,,,,,,,,,,,,,,,,,,,,,,,,,,,,,,,,,,,,,,,,,,,,,,,,,,,,,,,,,,,,,,,,,,,,,,,,,,,,,,,,,,,,,,,,,,,,,,,,,,,,,,,,,,,,,,,"-",,,,,,,,,,,,,,,,,,,,"Universal Security Group",,,,,,,,,,,"-",,"KUSTOWORKS\Administrator",,,,KUSTOWORKS,,0xa6a86b,,,Administrator,"S-1-5-21-2496762881-1366215883-1809657155-500",,,"KUSTOWORKS\Universal Security Group",KUSTOWORKS,,,,,,,,"S-1-5-21-2496762881-1366215883-1809657155-1131",,"Universal Security Group",,,,,,,,,,,,,,,,,,,,,,,SecurityEvent,"/subscriptions/e174f759-39db-49b8-b8bc-15cf9abca0f3/resourcegroups/kustoworksarc/providers/microsoft.hybridcompute/machines/dc1"
"01680ad8-1090-4dec-a395-f77b161a9051","7/8/2023, 9:18:13.424 PM",OpsManager,"KUSTOWORKS\Administrator",User,"DC1.kustoworks.com","Microsoft-Windows-Security-Auditing",Security,13826,0,"<EventData xmlns=""http://schemas.microsoft.com/win/2004/08/events/event"">
  <Data Name=""MemberName"">CN=KustoKing,CN=Users,DC=kustoworks,DC=com</Data>
  <Data Name=""MemberSid"">S-1-5-21-2496762881-1366215883-1809657155-1128</Data>
  <Data Name=""TargetUserName"">Universal Security Group</Data>
  <Data Name=""TargetDomainName"">KUSTOWORKS</Data>
  <Data Name=""TargetSid"">S-1-5-21-2496762881-1366215883-1809657155-1131</Data>
  <Data Name=""SubjectUserSid"">S-1-5-21-2496762881-1366215883-1809657155-500</Data>
  <Data Name=""SubjectUserName"">Administrator</Data>
  <Data Name=""SubjectDomainName"">KUSTOWORKS</Data>
  <Data Name=""SubjectLogonId"">0xa6a86b</Data>
  <Data Name=""PrivilegeList"">-</Data>
</EventData>",4756,"4756 - A member was added to a security-enabled universal group.","cc046e6c-795c-47b2-a5ae-c9a0645e6d32","cc046e6c-795c-47b2-a5ae-c9a0645e6d33","00000000-0000-0000-0000-000000000001","7/8/2023, 9:29:48.995 PM","AOI-01680ad8-1090-4dec-a395-f77b161a9051",,,,,,,,,,,,,,,,,,,,,,,,,,,,,,,,,,,,,,,,,,,,,,,,,,,,,,,,,,,,,,,,,,,,,,,,,,,,,,,,,,,,"CN=KustoKing,CN=Users,DC=kustoworks,DC=com","S-1-5-21-2496762881-1366215883-1809657155-1128",,,,,,,,,,,,,,,,,,,,,,,,,,,,,,,,,,,,,,,,,"-",,,,,,,,,,,,,,,,,,,,,,,,,,,,,,,,,"KUSTOWORKS\Administrator",,,,KUSTOWORKS,,0xa6a86b,,,Administrator,"S-1-5-21-2496762881-1366215883-1809657155-500",,,"KUSTOWORKS\Universal Security Group",KUSTOWORKS,,,,,,,,"S-1-5-21-2496762881-1366215883-1809657155-1131",,"Universal Security Group",,,,,,,,,,,,,,,,,,,,,,,SecurityEvent,"/subscriptions/e174f759-39db-49b8-b8bc-15cf9abca0f3/resourcegroups/kustoworksarc/providers/microsoft.hybridcompute/machines/dc1"
"01680ad8-1090-4dec-a395-f77b161a9051","7/8/2023, 9:18:54.699 PM",OpsManager,"KUSTOWORKS\Administrator",User,"DC1.kustoworks.com","Microsoft-Windows-Security-Auditing",Security,13826,0,"<EventData xmlns=""http://schemas.microsoft.com/win/2004/08/events/event"">
  <Data Name=""MemberName"">CN=KustoKing,CN=Users,DC=kustoworks,DC=com</Data>
  <Data Name=""MemberSid"">S-1-5-21-2496762881-1366215883-1809657155-1128</Data>
  <Data Name=""TargetUserName"">Domain Local Security Group</Data>
  <Data Name=""TargetDomainName"">KUSTOWORKS</Data>
  <Data Name=""TargetSid"">S-1-5-21-2496762881-1366215883-1809657155-1130</Data>
  <Data Name=""SubjectUserSid"">S-1-5-21-2496762881-1366215883-1809657155-500</Data>
  <Data Name=""SubjectUserName"">Administrator</Data>
  <Data Name=""SubjectDomainName"">KUSTOWORKS</Data>
  <Data Name=""SubjectLogonId"">0xa6a86b</Data>
  <Data Name=""PrivilegeList"">-</Data>
</EventData>",4732,"4732 - A member was added to a security-enabled local group.","cc046e6c-795c-47b2-a5ae-c9a0645e6d32","cc046e6c-795c-47b2-a5ae-c9a0645e6d33","00000000-0000-0000-0000-000000000001","7/8/2023, 9:29:59.260 PM","AOI-01680ad8-1090-4dec-a395-f77b161a9051",,,,,,,,,,,,,,,,,,,,,,,,,,,,,,,,,,,,,,,,,,,,,,,,,,,,,,,,,,,,,,,,,,,,,,,,,,,,,,,,,,,,"CN=KustoKing,CN=Users,DC=kustoworks,DC=com","S-1-5-21-2496762881-1366215883-1809657155-1128",,,,,,,,,,,,,,,,,,,,,,,,,,,,,,,,,,,,,,,,,"-",,,,,,,,,,,,,,,,,,,,,,,,,,,,,,,,,"KUSTOWORKS\Administrator",,,,KUSTOWORKS,,0xa6a86b,,,Administrator,"S-1-5-21-2496762881-1366215883-1809657155-500",,,"KUSTOWORKS\Domain Local Security Group",KUSTOWORKS,,,,,,,,"S-1-5-21-2496762881-1366215883-1809657155-1130",,"Domain Local Security Group",,,,,,,,,,,,,,,,,,,,,,,SecurityEvent,"/subscriptions/e174f759-39db-49b8-b8bc-15cf9abca0f3/resourcegroups/kustoworksarc/providers/microsoft.hybridcompute/machines/dc1"
"01680ad8-1090-4dec-a395-f77b161a9051","7/8/2023, 9:23:08.575 PM",OpsManager,"KUSTOWORKS\Administrator",User,"DC1.kustoworks.com","Microsoft-Windows-Security-Auditing",Security,13824,0,"<EventData xmlns=""http://schemas.microsoft.com/win/2004/08/events/event"">
  <Data Name=""OldTargetUserName"">Universal Security Group</Data>
  <Data Name=""NewTargetUserName"">Universal Security Group123</Data>
  <Data Name=""TargetDomainName"">KUSTOWORKS</Data>
  <Data Name=""TargetSid"">S-1-5-21-2496762881-1366215883-1809657155-1131</Data>
  <Data Name=""SubjectUserSid"">S-1-5-21-2496762881-1366215883-1809657155-500</Data>
  <Data Name=""SubjectUserName"">Administrator</Data>
  <Data Name=""SubjectDomainName"">KUSTOWORKS</Data>
  <Data Name=""SubjectLogonId"">0xa6a86b</Data>
  <Data Name=""PrivilegeList"">-</Data>
</EventData>",4781,"4781 - The name of an account was changed:","cc046e6c-795c-47b2-a5ae-c9a0645e6d32","cc046e6c-795c-47b2-a5ae-c9a0645e6d33","00000000-0000-0000-0000-000000000001","7/8/2023, 9:30:27.599 PM","AOI-01680ad8-1090-4dec-a395-f77b161a9051",,,,,,,,,,,,,,,,,,,,,,,,,,,,,,,,,,,,,,,,,,,,,,,,,,,,,,,,,,,,,,,,,,,,,,,,,,,,,,,,,,,,,,,,,,,,,,,,,,,,,,,,,,,,,,,,,,,,,,,,,,,,,,"-",,,,,,,,,,,,,,,,,,,,,,,,,,,,,,,,,"KUSTOWORKS\Administrator",,,,KUSTOWORKS,,0xa6a86b,,,Administrator,"S-1-5-21-2496762881-1366215883-1809657155-500",,,KUSTOWORKS,KUSTOWORKS,,,,,,,,"S-1-5-21-2496762881-1366215883-1809657155-1131",,,,,,,,,,,,,,,,,,,,,,,,,SecurityEvent,"/subscriptions/e174f759-39db-49b8-b8bc-15cf9abca0f3/resourcegroups/kustoworksarc/providers/microsoft.hybridcompute/machines/dc1"
"01680ad8-1090-4dec-a395-f77b161a9051","7/8/2023, 9:23:17.977 PM",OpsManager,"KUSTOWORKS\Administrator",User,"DC1.kustoworks.com","Microsoft-Windows-Security-Auditing",Security,13824,0,"<EventData xmlns=""http://schemas.microsoft.com/win/2004/08/events/event"">
  <Data Name=""OldTargetUserName"">Global Security Group</Data>
  <Data Name=""NewTargetUserName"">Global Security Group123</Data>
  <Data Name=""TargetDomainName"">KUSTOWORKS</Data>
  <Data Name=""TargetSid"">S-1-5-21-2496762881-1366215883-1809657155-1129</Data>
  <Data Name=""SubjectUserSid"">S-1-5-21-2496762881-1366215883-1809657155-500</Data>
  <Data Name=""SubjectUserName"">Administrator</Data>
  <Data Name=""SubjectDomainName"">KUSTOWORKS</Data>
  <Data Name=""SubjectLogonId"">0xa6a86b</Data>
  <Data Name=""PrivilegeList"">-</Data>
</EventData>",4781,"4781 - The name of an account was changed:","cc046e6c-795c-47b2-a5ae-c9a0645e6d32","cc046e6c-795c-47b2-a5ae-c9a0645e6d33","00000000-0000-0000-0000-000000000001","7/8/2023, 9:30:27.599 PM","AOI-01680ad8-1090-4dec-a395-f77b161a9051",,,,,,,,,,,,,,,,,,,,,,,,,,,,,,,,,,,,,,,,,,,,,,,,,,,,,,,,,,,,,,,,,,,,,,,,,,,,,,,,,,,,,,,,,,,,,,,,,,,,,,,,,,,,,,,,,,,,,,,,,,,,,,"-",,,,,,,,,,,,,,,,,,,,,,,,,,,,,,,,,"KUSTOWORKS\Administrator",,,,KUSTOWORKS,,0xa6a86b,,,Administrator,"S-1-5-21-2496762881-1366215883-1809657155-500",,,KUSTOWORKS,KUSTOWORKS,,,,,,,,"S-1-5-21-2496762881-1366215883-1809657155-1129",,,,,,,,,,,,,,,,,,,,,,,,,SecurityEvent,"/subscriptions/e174f759-39db-49b8-b8bc-15cf9abca0f3/resourcegroups/kustoworksarc/providers/microsoft.hybridcompute/machines/dc1"
"01680ad8-1090-4dec-a395-f77b161a9051","7/8/2023, 9:23:26.421 PM",OpsManager,"KUSTOWORKS\Administrator",User,"DC1.kustoworks.com","Microsoft-Windows-Security-Auditing",Security,13824,0,"<EventData xmlns=""http://schemas.microsoft.com/win/2004/08/events/event"">
  <Data Name=""OldTargetUserName"">Domain Local Security Group</Data>
  <Data Name=""NewTargetUserName"">Domain Local Security Group123</Data>
  <Data Name=""TargetDomainName"">KUSTOWORKS</Data>
  <Data Name=""TargetSid"">S-1-5-21-2496762881-1366215883-1809657155-1130</Data>
  <Data Name=""SubjectUserSid"">S-1-5-21-2496762881-1366215883-1809657155-500</Data>
  <Data Name=""SubjectUserName"">Administrator</Data>
  <Data Name=""SubjectDomainName"">KUSTOWORKS</Data>
  <Data Name=""SubjectLogonId"">0xa6a86b</Data>
  <Data Name=""PrivilegeList"">-</Data>
</EventData>",4781,"4781 - The name of an account was changed:","cc046e6c-795c-47b2-a5ae-c9a0645e6d32","cc046e6c-795c-47b2-a5ae-c9a0645e6d33","00000000-0000-0000-0000-000000000001","7/8/2023, 9:30:32.350 PM","AOI-01680ad8-1090-4dec-a395-f77b161a9051",,,,,,,,,,,,,,,,,,,,,,,,,,,,,,,,,,,,,,,,,,,,,,,,,,,,,,,,,,,,,,,,,,,,,,,,,,,,,,,,,,,,,,,,,,,,,,,,,,,,,,,,,,,,,,,,,,,,,,,,,,,,,,"-",,,,,,,,,,,,,,,,,,,,,,,,,,,,,,,,,"KUSTOWORKS\Administrator",,,,KUSTOWORKS,,0xa6a86b,,,Administrator,"S-1-5-21-2496762881-1366215883-1809657155-500",,,KUSTOWORKS,KUSTOWORKS,,,,,,,,"S-1-5-21-2496762881-1366215883-1809657155-1130",,,,,,,,,,,,,,,,,,,,,,,,,SecurityEvent,"/subscriptions/e174f759-39db-49b8-b8bc-15cf9abca0f3/resourcegroups/kustoworksarc/providers/microsoft.hybridcompute/machines/dc1"
"01680ad8-1090-4dec-a395-f77b161a9051","7/8/2023, 9:26:38.577 PM",OpsManager,"KUSTOWORKS\KustoKing",User,"DC1.kustoworks.com","Microsoft-Windows-Security-Auditing",Security,13824,0,"<EventData xmlns=""http://schemas.microsoft.com/win/2004/08/events/event"">
  <Data Name=""TargetUserName"">KustoKing</Data>
  <Data Name=""TargetDomainName"">KUSTOWORKS</Data>
  <Data Name=""TargetSid"">S-1-5-21-2496762881-1366215883-1809657155-1128</Data>
  <Data Name=""SubjectUserSid"">S-1-5-21-2496762881-1366215883-1809657155-1128</Data>
  <Data Name=""SubjectUserName"">KustoKing</Data>
  <Data Name=""SubjectDomainName"">KUSTOWORKS</Data>
  <Data Name=""SubjectLogonId"">0x2069128</Data>
  <Data Name=""PrivilegeList"">-</Data>
</EventData>",4723,"4723 - An attempt was made to change an account's password.","cc046e6c-795c-47b2-a5ae-c9a0645e6d32","cc046e6c-795c-47b2-a5ae-c9a0645e6d33","00000000-0000-0000-0000-000000000001","7/8/2023, 9:31:12.374 PM","AOI-01680ad8-1090-4dec-a395-f77b161a9051",,,,,,,,,,,,,,,,,,,,,,,,,,,,,,,,,,,,,,,,,,,,,,,,,,,,,,,,,,,,,,,,,,,,,,,,,,,,,,,,,,,,,,,,,,,,,,,,,,,,,,,,,,,,,,,,,,,,,,,,,,,,,,"-",,,,,,,,,,,,,,,,,,,,,,,,,,,,,,,,,"KUSTOWORKS\KustoKing",,,,KUSTOWORKS,,0x2069128,,,KustoKing,"S-1-5-21-2496762881-1366215883-1809657155-1128",,,"KUSTOWORKS\KustoKing",KUSTOWORKS,,,,,,,,"S-1-5-21-2496762881-1366215883-1809657155-1128",,KustoKing,,,,,,,,,,,,,,,,,,,,,,,SecurityEvent,"/subscriptions/e174f759-39db-49b8-b8bc-15cf9abca0f3/resourcegroups/kustoworksarc/providers/microsoft.hybridcompute/machines/dc1"
"01680ad8-1090-4dec-a395-f77b161a9051","7/8/2023, 9:26:55.391 PM",OpsManager,"KUSTOWORKS\KustoKing",User,"DC1.kustoworks.com","Microsoft-Windows-Security-Auditing",Security,13824,0,"<EventData xmlns=""http://schemas.microsoft.com/win/2004/08/events/event"">
  <Data Name=""TargetUserName"">KustoKing</Data>
  <Data Name=""TargetDomainName"">KUSTOWORKS</Data>
  <Data Name=""TargetSid"">S-1-5-21-2496762881-1366215883-1809657155-1128</Data>
  <Data Name=""SubjectUserSid"">S-1-5-21-2496762881-1366215883-1809657155-1128</Data>
  <Data Name=""SubjectUserName"">KustoKing</Data>
  <Data Name=""SubjectDomainName"">KUSTOWORKS</Data>
  <Data Name=""SubjectLogonId"">0x20b4ed4</Data>
  <Data Name=""PrivilegeList"">-</Data>
</EventData>",4723,"4723 - An attempt was made to change an account's password.","cc046e6c-795c-47b2-a5ae-c9a0645e6d32","cc046e6c-795c-47b2-a5ae-c9a0645e6d33","00000000-0000-0000-0000-000000000001","7/8/2023, 9:31:13.652 PM","AOI-01680ad8-1090-4dec-a395-f77b161a9051",,,,,,,,,,,,,,,,,,,,,,,,,,,,,,,,,,,,,,,,,,,,,,,,,,,,,,,,,,,,,,,,,,,,,,,,,,,,,,,,,,,,,,,,,,,,,,,,,,,,,,,,,,,,,,,,,,,,,,,,,,,,,,"-",,,,,,,,,,,,,,,,,,,,,,,,,,,,,,,,,"KUSTOWORKS\KustoKing",,,,KUSTOWORKS,,0x20b4ed4,,,KustoKing,"S-1-5-21-2496762881-1366215883-1809657155-1128",,,"KUSTOWORKS\KustoKing",KUSTOWORKS,,,,,,,,"S-1-5-21-2496762881-1366215883-1809657155-1128",,KustoKing,,,,,,,,,,,,,,,,,,,,,,,SecurityEvent,"/subscriptions/e174f759-39db-49b8-b8bc-15cf9abca0f3/resourcegroups/kustoworksarc/providers/microsoft.hybridcompute/machines/dc1"
"01680ad8-1090-4dec-a395-f77b161a9051","7/8/2023, 9:28:18.914 PM",OpsManager,"KUSTOWORKS\Administrator",User,"DC1.kustoworks.com","Microsoft-Windows-Security-Auditing",Security,13826,0,"<EventData xmlns=""http://schemas.microsoft.com/win/2004/08/events/event"">
  <Data Name=""MemberName"">CN=KustoKing,CN=Users,DC=kustoworks,DC=com</Data>
  <Data Name=""MemberSid"">S-1-5-21-2496762881-1366215883-1809657155-1128</Data>
  <Data Name=""TargetUserName"">Domain Local Security Group123</Data>
  <Data Name=""TargetDomainName"">KUSTOWORKS</Data>
  <Data Name=""TargetSid"">S-1-5-21-2496762881-1366215883-1809657155-1130</Data>
  <Data Name=""SubjectUserSid"">S-1-5-21-2496762881-1366215883-1809657155-500</Data>
  <Data Name=""SubjectUserName"">Administrator</Data>
  <Data Name=""SubjectDomainName"">KUSTOWORKS</Data>
  <Data Name=""SubjectLogonId"">0xa6a86b</Data>
  <Data Name=""PrivilegeList"">-</Data>
</EventData>",4733,"4733 - A member was removed from a security-enabled local group.","cc046e6c-795c-47b2-a5ae-c9a0645e6d32","cc046e6c-795c-47b2-a5ae-c9a0645e6d33","00000000-0000-0000-0000-000000000001","7/8/2023, 9:31:32.194 PM","AOI-01680ad8-1090-4dec-a395-f77b161a9051",,,,,,,,,,,,,,,,,,,,,,,,,,,,,,,,,,,,,,,,,,,,,,,,,,,,,,,,,,,,,,,,,,,,,,,,,,,,,,,,,,,,"CN=KustoKing,CN=Users,DC=kustoworks,DC=com","S-1-5-21-2496762881-1366215883-1809657155-1128",,,,,,,,,,,,,,,,,,,,,,,,,,,,,,,,,,,,,,,,,"-",,,,,,,,,,,,,,,,,,,,,,,,,,,,,,,,,"KUSTOWORKS\Administrator",,,,KUSTOWORKS,,0xa6a86b,,,Administrator,"S-1-5-21-2496762881-1366215883-1809657155-500",,,"KUSTOWORKS\Domain Local Security Group123",KUSTOWORKS,,,,,,,,"S-1-5-21-2496762881-1366215883-1809657155-1130",,"Domain Local Security Group123",,,,,,,,,,,,,,,,,,,,,,,SecurityEvent,"/subscriptions/e174f759-39db-49b8-b8bc-15cf9abca0f3/resourcegroups/kustoworksarc/providers/microsoft.hybridcompute/machines/dc1"
"01680ad8-1090-4dec-a395-f77b161a9051","7/8/2023, 9:28:34.226 PM",OpsManager,"KUSTOWORKS\Administrator",User,"DC1.kustoworks.com","Microsoft-Windows-Security-Auditing",Security,13826,0,"<EventData xmlns=""http://schemas.microsoft.com/win/2004/08/events/event"">
  <Data Name=""MemberName"">CN=KustoKing,CN=Users,DC=kustoworks,DC=com</Data>
  <Data Name=""MemberSid"">S-1-5-21-2496762881-1366215883-1809657155-1128</Data>
  <Data Name=""TargetUserName"">Global Security Group123</Data>
  <Data Name=""TargetDomainName"">KUSTOWORKS</Data>
  <Data Name=""TargetSid"">S-1-5-21-2496762881-1366215883-1809657155-1129</Data>
  <Data Name=""SubjectUserSid"">S-1-5-21-2496762881-1366215883-1809657155-500</Data>
  <Data Name=""SubjectUserName"">Administrator</Data>
  <Data Name=""SubjectDomainName"">KUSTOWORKS</Data>
  <Data Name=""SubjectLogonId"">0xa6a86b</Data>
  <Data Name=""PrivilegeList"">-</Data>
</EventData>",4729,"4729 - A member was removed from a security-enabled global group.","cc046e6c-795c-47b2-a5ae-c9a0645e6d32","cc046e6c-795c-47b2-a5ae-c9a0645e6d33","00000000-0000-0000-0000-000000000001","7/8/2023, 9:31:36.703 PM","AOI-01680ad8-1090-4dec-a395-f77b161a9051",,,,,,,,,,,,,,,,,,,,,,,,,,,,,,,,,,,,,,,,,,,,,,,,,,,,,,,,,,,,,,,,,,,,,,,,,,,,,,,,,,,,"CN=KustoKing,CN=Users,DC=kustoworks,DC=com","S-1-5-21-2496762881-1366215883-1809657155-1128",,,,,,,,,,,,,,,,,,,,,,,,,,,,,,,,,,,,,,,,,"-",,,,,,,,,,,,,,,,,,,,,,,,,,,,,,,,,"KUSTOWORKS\Administrator",,,,KUSTOWORKS,,0xa6a86b,,,Administrator,"S-1-5-21-2496762881-1366215883-1809657155-500",,,"KUSTOWORKS\Global Security Group123",KUSTOWORKS,,,,,,,,"S-1-5-21-2496762881-1366215883-1809657155-1129",,"Global Security Group123",,,,,,,,,,,,,,,,,,,,,,,SecurityEvent,"/subscriptions/e174f759-39db-49b8-b8bc-15cf9abca0f3/resourcegroups/kustoworksarc/providers/microsoft.hybridcompute/machines/dc1"
"01680ad8-1090-4dec-a395-f77b161a9051","7/8/2023, 9:28:42.429 PM",OpsManager,"KUSTOWORKS\Administrator",User,"DC1.kustoworks.com","Microsoft-Windows-Security-Auditing",Security,13826,0,"<EventData xmlns=""http://schemas.microsoft.com/win/2004/08/events/event"">
  <Data Name=""MemberName"">CN=KustoKing,CN=Users,DC=kustoworks,DC=com</Data>
  <Data Name=""MemberSid"">S-1-5-21-2496762881-1366215883-1809657155-1128</Data>
  <Data Name=""TargetUserName"">Universal Security Group123</Data>
  <Data Name=""TargetDomainName"">KUSTOWORKS</Data>
  <Data Name=""TargetSid"">S-1-5-21-2496762881-1366215883-1809657155-1131</Data>
  <Data Name=""SubjectUserSid"">S-1-5-21-2496762881-1366215883-1809657155-500</Data>
  <Data Name=""SubjectUserName"">Administrator</Data>
  <Data Name=""SubjectDomainName"">KUSTOWORKS</Data>
  <Data Name=""SubjectLogonId"">0xa6a86b</Data>
  <Data Name=""PrivilegeList"">-</Data>
</EventData>",4757,"4757 - A member was removed from a security-enabled universal group.","cc046e6c-795c-47b2-a5ae-c9a0645e6d32","cc046e6c-795c-47b2-a5ae-c9a0645e6d33","00000000-0000-0000-0000-000000000001","7/8/2023, 9:31:41.730 PM","AOI-01680ad8-1090-4dec-a395-f77b161a9051",,,,,,,,,,,,,,,,,,,,,,,,,,,,,,,,,,,,,,,,,,,,,,,,,,,,,,,,,,,,,,,,,,,,,,,,,,,,,,,,,,,,"CN=KustoKing,CN=Users,DC=kustoworks,DC=com","S-1-5-21-2496762881-1366215883-1809657155-1128",,,,,,,,,,,,,,,,,,,,,,,,,,,,,,,,,,,,,,,,,"-",,,,,,,,,,,,,,,,,,,,,,,,,,,,,,,,,"KUSTOWORKS\Administrator",,,,KUSTOWORKS,,0xa6a86b,,,Administrator,"S-1-5-21-2496762881-1366215883-1809657155-500",,,"KUSTOWORKS\Universal Security Group123",KUSTOWORKS,,,,,,,,"S-1-5-21-2496762881-1366215883-1809657155-1131",,"Universal Security Group123",,,,,,,,,,,,,,,,,,,,,,,SecurityEvent,"/subscriptions/e174f759-39db-49b8-b8bc-15cf9abca0f3/resourcegroups/kustoworksarc/providers/microsoft.hybridcompute/machines/dc1"
"01680ad8-1090-4dec-a395-f77b161a9051","7/8/2023, 9:06:09.450 PM",OpsManager,"KUSTOWORKS\Administrator",User,"DC1.kustoworks.com","Microsoft-Windows-Security-Auditing",Security,13824,0,"<EventData xmlns=""http://schemas.microsoft.com/win/2004/08/events/event"">
  <Data Name=""Dummy"">-</Data>
  <Data Name=""TargetUserName"">KustoKing</Data>
  <Data Name=""TargetDomainName"">KUSTOWORKS</Data>
  <Data Name=""TargetSid"">S-1-5-21-2496762881-1366215883-1809657155-1128</Data>
  <Data Name=""SubjectUserSid"">S-1-5-21-2496762881-1366215883-1809657155-500</Data>
  <Data Name=""SubjectUserName"">Administrator</Data>
  <Data Name=""SubjectDomainName"">KUSTOWORKS</Data>
  <Data Name=""SubjectLogonId"">0xa6a86b</Data>
  <Data Name=""PrivilegeList"">-</Data>
  <Data Name=""SamAccountName"">-</Data>
  <Data Name=""DisplayName"">-</Data>
  <Data Name=""UserPrincipalName"">-</Data>
  <Data Name=""HomeDirectory"">-</Data>
  <Data Name=""HomePath"">-</Data>
  <Data Name=""ScriptPath"">-</Data>
  <Data Name=""ProfilePath"">-</Data>
  <Data Name=""UserWorkstations"">-</Data>
  <Data Name=""PasswordLastSet"">-</Data>
  <Data Name=""AccountExpires"">-</Data>
  <Data Name=""PrimaryGroupId"">-</Data>
  <Data Name=""AllowedToDelegateTo"">-</Data>
  <Data Name=""OldUacValue"">0x210</Data>
  <Data Name=""NewUacValue"">0x211</Data>
  <Data Name=""UserAccountControl""> 		%%2080</Data>
  <Data Name=""UserParameters"">-</Data>
  <Data Name=""SidHistory"">-</Data>
  <Data Name=""LogonHours"">-</Data>
</EventData>",4738,"4738 - A user account was changed.","cc046e6c-795c-47b2-a5ae-c9a0645e6d32","cc046e6c-795c-47b2-a5ae-c9a0645e6d33","00000000-0000-0000-0000-000000000001","7/8/2023, 9:13:10.346 PM","AOI-01680ad8-1090-4dec-a395-f77b161a9051",,,,,"-",,,,,"-",,,,,,,,,,,,,,,,,,,,,,,,,,,,"-",,,,,,,,,,,,,,,,,,,,,,"-","-",,,,,,,,,,,,,"-",,,,,,,,,,,,,,,,,,,,,,,,,,,,0x211,,,,,,,,,,,0x210,,,,,,,"-",,,,"-",,"-",,,,,"-",,,,,,,,,,,,,,,"-","-",,,,,,,,,,"-",,"KUSTOWORKS\Administrator",,,,KUSTOWORKS,,0xa6a86b,,,Administrator,"S-1-5-21-2496762881-1366215883-1809657155-500",,,"KUSTOWORKS\KustoKing",KUSTOWORKS,,,,,,,,"S-1-5-21-2496762881-1366215883-1809657155-1128",,KustoKing,,,,,,,,,," 		%%2080","-","-","-",,,,,,,,,,SecurityEvent,"/subscriptions/e174f759-39db-49b8-b8bc-15cf9abca0f3/resourcegroups/kustoworksarc/providers/microsoft.hybridcompute/machines/dc1"
"01680ad8-1090-4dec-a395-f77b161a9051","7/8/2023, 9:06:09.450 PM",OpsManager,"KUSTOWORKS\Administrator",User,"DC1.kustoworks.com","Microsoft-Windows-Security-Auditing",Security,13824,0,"<EventData xmlns=""http://schemas.microsoft.com/win/2004/08/events/event"">
  <Data Name=""TargetUserName"">KustoKing</Data>
  <Data Name=""TargetDomainName"">KUSTOWORKS</Data>
  <Data Name=""TargetSid"">S-1-5-21-2496762881-1366215883-1809657155-1128</Data>
  <Data Name=""SubjectUserSid"">S-1-5-21-2496762881-1366215883-1809657155-500</Data>
  <Data Name=""SubjectUserName"">Administrator</Data>
  <Data Name=""SubjectDomainName"">KUSTOWORKS</Data>
  <Data Name=""SubjectLogonId"">0xa6a86b</Data>
</EventData>",4725,"4725 - A user account was disabled.","cc046e6c-795c-47b2-a5ae-c9a0645e6d32","cc046e6c-795c-47b2-a5ae-c9a0645e6d33","00000000-0000-0000-0000-000000000001","7/8/2023, 9:13:10.346 PM","AOI-01680ad8-1090-4dec-a395-f77b161a9051",,,,,,,,,,,,,,,,,,,,,,,,,,,,,,,,,,,,,,,,,,,,,,,,,,,,,,,,,,,,,,,,,,,,,,,,,,,,,,,,,,,,,,,,,,,,,,,,,,,,,,,,,,,,,,,,,,,,,,,,,,,,,,,,,,,,,,,,,,,,,,,,,,,,,,,,,,,,,,,"KUSTOWORKS\Administrator",,,,KUSTOWORKS,,0xa6a86b,,,Administrator,"S-1-5-21-2496762881-1366215883-1809657155-500",,,"KUSTOWORKS\KustoKing",KUSTOWORKS,,,,,,,,"S-1-5-21-2496762881-1366215883-1809657155-1128",,KustoKing,,,,,,,,,,,,,,,,,,,,,,,SecurityEvent,"/subscriptions/e174f759-39db-49b8-b8bc-15cf9abca0f3/resourcegroups/kustoworksarc/providers/microsoft.hybridcompute/machines/dc1"
"01680ad8-1090-4dec-a395-f77b161a9051","7/8/2023, 9:06:31.375 PM",OpsManager,"KUSTOWORKS\Administrator",User,"DC1.kustoworks.com","Microsoft-Windows-Security-Auditing",Security,13824,0,"<EventData xmlns=""http://schemas.microsoft.com/win/2004/08/events/event"">
  <Data Name=""Dummy"">-</Data>
  <Data Name=""TargetUserName"">KustoKing</Data>
  <Data Name=""TargetDomainName"">KUSTOWORKS</Data>
  <Data Name=""TargetSid"">S-1-5-21-2496762881-1366215883-1809657155-1128</Data>
  <Data Name=""SubjectUserSid"">S-1-5-21-2496762881-1366215883-1809657155-500</Data>
  <Data Name=""SubjectUserName"">Administrator</Data>
  <Data Name=""SubjectDomainName"">KUSTOWORKS</Data>
  <Data Name=""SubjectLogonId"">0xa6a86b</Data>
  <Data Name=""PrivilegeList"">-</Data>
  <Data Name=""SamAccountName"">-</Data>
  <Data Name=""DisplayName"">-</Data>
  <Data Name=""UserPrincipalName"">-</Data>
  <Data Name=""HomeDirectory"">-</Data>
  <Data Name=""HomePath"">-</Data>
  <Data Name=""ScriptPath"">-</Data>
  <Data Name=""ProfilePath"">-</Data>
  <Data Name=""UserWorkstations"">-</Data>
  <Data Name=""PasswordLastSet"">-</Data>
  <Data Name=""AccountExpires"">-</Data>
  <Data Name=""PrimaryGroupId"">-</Data>
  <Data Name=""AllowedToDelegateTo"">-</Data>
  <Data Name=""OldUacValue"">0x211</Data>
  <Data Name=""NewUacValue"">0x210</Data>
  <Data Name=""UserAccountControl""> 		%%2048</Data>
  <Data Name=""UserParameters"">-</Data>
  <Data Name=""SidHistory"">-</Data>
  <Data Name=""LogonHours"">-</Data>
</EventData>",4738,"4738 - A user account was changed.","cc046e6c-795c-47b2-a5ae-c9a0645e6d32","cc046e6c-795c-47b2-a5ae-c9a0645e6d33","00000000-0000-0000-0000-000000000001","7/8/2023, 9:13:11.034 PM","AOI-01680ad8-1090-4dec-a395-f77b161a9051",,,,,"-",,,,,"-",,,,,,,,,,,,,,,,,,,,,,,,,,,,"-",,,,,,,,,,,,,,,,,,,,,,"-","-",,,,,,,,,,,,,"-",,,,,,,,,,,,,,,,,,,,,,,,,,,,0x210,,,,,,,,,,,0x211,,,,,,,"-",,,,"-",,"-",,,,,"-",,,,,,,,,,,,,,,"-","-",,,,,,,,,,"-",,"KUSTOWORKS\Administrator",,,,KUSTOWORKS,,0xa6a86b,,,Administrator,"S-1-5-21-2496762881-1366215883-1809657155-500",,,"KUSTOWORKS\KustoKing",KUSTOWORKS,,,,,,,,"S-1-5-21-2496762881-1366215883-1809657155-1128",,KustoKing,,,,,,,,,," 		%%2048","-","-","-",,,,,,,,,,SecurityEvent,"/subscriptions/e174f759-39db-49b8-b8bc-15cf9abca0f3/resourcegroups/kustoworksarc/providers/microsoft.hybridcompute/machines/dc1"
"01680ad8-1090-4dec-a395-f77b161a9051","7/8/2023, 9:06:31.375 PM",OpsManager,"KUSTOWORKS\Administrator",User,"DC1.kustoworks.com","Microsoft-Windows-Security-Auditing",Security,13824,0,"<EventData xmlns=""http://schemas.microsoft.com/win/2004/08/events/event"">
  <Data Name=""TargetUserName"">KustoKing</Data>
  <Data Name=""TargetDomainName"">KUSTOWORKS</Data>
  <Data Name=""TargetSid"">S-1-5-21-2496762881-1366215883-1809657155-1128</Data>
  <Data Name=""SubjectUserSid"">S-1-5-21-2496762881-1366215883-1809657155-500</Data>
  <Data Name=""SubjectUserName"">Administrator</Data>
  <Data Name=""SubjectDomainName"">KUSTOWORKS</Data>
  <Data Name=""SubjectLogonId"">0xa6a86b</Data>
</EventData>",4722,"4722 - A user account was enabled.","cc046e6c-795c-47b2-a5ae-c9a0645e6d32","cc046e6c-795c-47b2-a5ae-c9a0645e6d33","00000000-0000-0000-0000-000000000001","7/8/2023, 9:13:11.034 PM","AOI-01680ad8-1090-4dec-a395-f77b161a9051",,,,,,,,,,,,,,,,,,,,,,,,,,,,,,,,,,,,,,,,,,,,,,,,,,,,,,,,,,,,,,,,,,,,,,,,,,,,,,,,,,,,,,,,,,,,,,,,,,,,,,,,,,,,,,,,,,,,,,,,,,,,,,,,,,,,,,,,,,,,,,,,,,,,,,,,,,,,,,,"KUSTOWORKS\Administrator",,,,KUSTOWORKS,,0xa6a86b,,,Administrator,"S-1-5-21-2496762881-1366215883-1809657155-500",,,"KUSTOWORKS\KustoKing",KUSTOWORKS,,,,,,,,"S-1-5-21-2496762881-1366215883-1809657155-1128",,KustoKing,,,,,,,,,,,,,,,,,,,,,,,SecurityEvent,"/subscriptions/e174f759-39db-49b8-b8bc-15cf9abca0f3/resourcegroups/kustoworksarc/providers/microsoft.hybridcompute/machines/dc1"
"01680ad8-1090-4dec-a395-f77b161a9051","7/8/2023, 9:14:04.954 PM",OpsManager,"NT AUTHORITY\ANONYMOUS LOGON",User,"DC1.kustoworks.com","Microsoft-Windows-Security-Auditing",Security,13824,0,"<EventData xmlns=""http://schemas.microsoft.com/win/2004/08/events/event"">
  <Data Name=""Dummy"">-</Data>
  <Data Name=""TargetUserName"">KustoKing</Data>
  <Data Name=""TargetDomainName"">KUSTOWORKS</Data>
  <Data Name=""TargetSid"">S-1-5-21-2496762881-1366215883-1809657155-1128</Data>
  <Data Name=""SubjectUserSid"">S-1-5-7</Data>
  <Data Name=""SubjectUserName"">ANONYMOUS LOGON</Data>
  <Data Name=""SubjectDomainName"">NT AUTHORITY</Data>
  <Data Name=""SubjectLogonId"">0x3e6</Data>
  <Data Name=""PrivilegeList"">-</Data>
  <Data Name=""SamAccountName"">-</Data>
  <Data Name=""DisplayName"">-</Data>
  <Data Name=""UserPrincipalName"">-</Data>
  <Data Name=""HomeDirectory"">-</Data>
  <Data Name=""HomePath"">-</Data>
  <Data Name=""ScriptPath"">-</Data>
  <Data Name=""ProfilePath"">-</Data>
  <Data Name=""UserWorkstations"">-</Data>
  <Data Name=""PasswordLastSet"">7/8/2023 11:14:04 PM</Data>
  <Data Name=""AccountExpires"">-</Data>
  <Data Name=""PrimaryGroupId"">-</Data>
  <Data Name=""AllowedToDelegateTo"">-</Data>
  <Data Name=""OldUacValue"">-</Data>
  <Data Name=""NewUacValue"">-</Data>
  <Data Name=""UserAccountControl"">-</Data>
  <Data Name=""UserParameters"">-</Data>
  <Data Name=""SidHistory"">-</Data>
  <Data Name=""LogonHours"">-</Data>
</EventData>",4738,"4738 - A user account was changed.","cc046e6c-795c-47b2-a5ae-c9a0645e6d32","cc046e6c-795c-47b2-a5ae-c9a0645e6d33","00000000-0000-0000-0000-000000000001","7/8/2023, 9:14:49.641 PM","AOI-01680ad8-1090-4dec-a395-f77b161a9051",,,,,"-",,,,,"-",,,,,,,,,,,,,,,,,,,,,,,,,,,,"-",,,,,,,,,,,,,,,,,,,,,,"-","-",,,,,,,,,,,,,"-",,,,,,,,,,,,,,,,,,,,,,,,,,,,"-",,,,,,,,,,,"-",,,,,,,"7/8/2023 11:14:04 PM",,,,"-",,"-",,,,,"-",,,,,,,,,,,,,,,"-","-",,,,,,,,,,"-",,"NT AUTHORITY\ANONYMOUS LOGON",,,,"NT AUTHORITY",,0x3e6,,,"ANONYMOUS LOGON","S-1-5-7",,,"KUSTOWORKS\KustoKing",KUSTOWORKS,,,,,,,,"S-1-5-21-2496762881-1366215883-1809657155-1128",,KustoKing,,,,,,,,,,"-","-","-","-",,,,,,,,,,SecurityEvent,"/subscriptions/e174f759-39db-49b8-b8bc-15cf9abca0f3/resourcegroups/kustoworksarc/providers/microsoft.hybridcompute/machines/dc1"
"01680ad8-1090-4dec-a395-f77b161a9051","7/8/2023, 9:14:04.954 PM",OpsManager,"KUSTOWORKS\Administrator",User,"DC1.kustoworks.com","Microsoft-Windows-Security-Auditing",Security,13824,0,"<EventData xmlns=""http://schemas.microsoft.com/win/2004/08/events/event"">
  <Data Name=""TargetUserName"">KustoKing</Data>
  <Data Name=""TargetDomainName"">KUSTOWORKS</Data>
  <Data Name=""TargetSid"">S-1-5-21-2496762881-1366215883-1809657155-1128</Data>
  <Data Name=""SubjectUserSid"">S-1-5-21-2496762881-1366215883-1809657155-500</Data>
  <Data Name=""SubjectUserName"">Administrator</Data>
  <Data Name=""SubjectDomainName"">KUSTOWORKS</Data>
  <Data Name=""SubjectLogonId"">0x1574e03</Data>
</EventData>",4724,"4724 - An attempt was made to reset an account's password.","cc046e6c-795c-47b2-a5ae-c9a0645e6d32","cc046e6c-795c-47b2-a5ae-c9a0645e6d33","00000000-0000-0000-0000-000000000001","7/8/2023, 9:14:49.641 PM","AOI-01680ad8-1090-4dec-a395-f77b161a9051",,,,,,,,,,,,,,,,,,,,,,,,,,,,,,,,,,,,,,,,,,,,,,,,,,,,,,,,,,,,,,,,,,,,,,,,,,,,,,,,,,,,,,,,,,,,,,,,,,,,,,,,,,,,,,,,,,,,,,,,,,,,,,,,,,,,,,,,,,,,,,,,,,,,,,,,,,,,,,,"KUSTOWORKS\Administrator",,,,KUSTOWORKS,,0x1574e03,,,Administrator,"S-1-5-21-2496762881-1366215883-1809657155-500",,,"KUSTOWORKS\KustoKing",KUSTOWORKS,,,,,,,,"S-1-5-21-2496762881-1366215883-1809657155-1128",,KustoKing,,,,,,,,,,,,,,,,,,,,,,,SecurityEvent,"/subscriptions/e174f759-39db-49b8-b8bc-15cf9abca0f3/resourcegroups/kustoworksarc/providers/microsoft.hybridcompute/machines/dc1"
"01680ad8-1090-4dec-a395-f77b161a9051","7/8/2023, 9:04:50.338 PM",OpsManager,"KUSTOWORKS\Administrator",User,"DC1.kustoworks.com","Microsoft-Windows-Security-Auditing",Security,13824,0,"<EventData xmlns=""http://schemas.microsoft.com/win/2004/08/events/event"">
  <Data Name=""TargetUserName"">KustoKing</Data>
  <Data Name=""TargetDomainName"">KUSTOWORKS</Data>
  <Data Name=""TargetSid"">S-1-5-21-2496762881-1366215883-1809657155-1127</Data>
  <Data Name=""SubjectUserSid"">S-1-5-21-2496762881-1366215883-1809657155-500</Data>
  <Data Name=""SubjectUserName"">Administrator</Data>
  <Data Name=""SubjectDomainName"">KUSTOWORKS</Data>
  <Data Name=""SubjectLogonId"">0xa6a86b</Data>
  <Data Name=""PrivilegeList"">-</Data>
</EventData>",4726,"4726 - A user account was deleted.","cc046e6c-795c-47b2-a5ae-c9a0645e6d32","cc046e6c-795c-47b2-a5ae-c9a0645e6d33","00000000-0000-0000-0000-000000000001","7/8/2023, 9:12:49.612 PM","AOI-01680ad8-1090-4dec-a395-f77b161a9051",,,,,,,,,,,,,,,,,,,,,,,,,,,,,,,,,,,,,,,,,,,,,,,,,,,,,,,,,,,,,,,,,,,,,,,,,,,,,,,,,,,,,,,,,,,,,,,,,,,,,,,,,,,,,,,,,,,,,,,,,,,,,,"-",,,,,,,,,,,,,,,,,,,,,,,,,,,,,,,,,"KUSTOWORKS\Administrator",,,,KUSTOWORKS,,0xa6a86b,,,Administrator,"S-1-5-21-2496762881-1366215883-1809657155-500",,,"KUSTOWORKS\KustoKing",KUSTOWORKS,,,,,,,,"S-1-5-21-2496762881-1366215883-1809657155-1127",,KustoKing,,,,,,,,,,,,,,,,,,,,,,,SecurityEvent,"/subscriptions/e174f759-39db-49b8-b8bc-15cf9abca0f3/resourcegroups/kustoworksarc/providers/microsoft.hybridcompute/machines/dc1"
"01680ad8-1090-4dec-a395-f77b161a9051","7/8/2023, 9:05:36.564 PM",OpsManager,"KUSTOWORKS\Administrator",User,"DC1.kustoworks.com","Microsoft-Windows-Security-Auditing",Security,13824,0,"<EventData xmlns=""http://schemas.microsoft.com/win/2004/08/events/event"">
  <Data Name=""TargetUserName"">KustoKing</Data>
  <Data Name=""TargetDomainName"">KUSTOWORKS</Data>
  <Data Name=""TargetSid"">S-1-5-21-2496762881-1366215883-1809657155-1128</Data>
  <Data Name=""SubjectUserSid"">S-1-5-21-2496762881-1366215883-1809657155-500</Data>
  <Data Name=""SubjectUserName"">Administrator</Data>
  <Data Name=""SubjectDomainName"">KUSTOWORKS</Data>
  <Data Name=""SubjectLogonId"">0xa6a86b</Data>
  <Data Name=""PrivilegeList"">-</Data>
  <Data Name=""SamAccountName"">KustoKing</Data>
  <Data Name=""DisplayName"">KustoKing</Data>
  <Data Name=""UserPrincipalName"">KustoKing@kustoworks.com</Data>
  <Data Name=""HomeDirectory"">-</Data>
  <Data Name=""HomePath"">-</Data>
  <Data Name=""ScriptPath"">-</Data>
  <Data Name=""ProfilePath"">-</Data>
  <Data Name=""UserWorkstations"">-</Data>
  <Data Name=""PasswordLastSet"">%%1794</Data>
  <Data Name=""AccountExpires"">%%1794</Data>
  <Data Name=""PrimaryGroupId"">513</Data>
  <Data Name=""AllowedToDelegateTo"">-</Data>
  <Data Name=""OldUacValue"">0x0</Data>
  <Data Name=""NewUacValue"">0x15</Data>
  <Data Name=""UserAccountControl""> 		%%2080 		%%2082 		%%2084</Data>
  <Data Name=""UserParameters"">-</Data>
  <Data Name=""SidHistory"">-</Data>
  <Data Name=""LogonHours"">%%1793</Data>
</EventData>",4720,"4720 - A user account was created.","cc046e6c-795c-47b2-a5ae-c9a0645e6d32","cc046e6c-795c-47b2-a5ae-c9a0645e6d33","00000000-0000-0000-0000-000000000001","7/8/2023, 9:12:59.988 PM","AOI-01680ad8-1090-4dec-a395-f77b161a9051",,,,,"%%1794",,,,,"-",,,,,,,,,,,,,,,,,,,,,,,,,,,,KustoKing,,,,,,,,,,,,,,,,,,,,,,"-","-",,,,,,,,,,,,,"%%1793",,,,,,,,,,,,,,,,,,,,,,,,,,,,0x15,,,,,,,,,,,0x0,,,,,,,"%%1794",,,,513,,"-",,,,,"-",,,,,,,,,,,,,,,KustoKing,"-",,,,,,,,,,"-",,"KUSTOWORKS\Administrator",,,,KUSTOWORKS,,0xa6a86b,,,Administrator,"S-1-5-21-2496762881-1366215883-1809657155-500",,,"KUSTOWORKS\KustoKing",KUSTOWORKS,,,,,,,,"S-1-5-21-2496762881-1366215883-1809657155-1128",,KustoKing,,,,,,,,,," 		%%2080 		%%2082 		%%2084","-","KustoKing@kustoworks.com","-",,,,,,,,,,SecurityEvent,"/subscriptions/e174f759-39db-49b8-b8bc-15cf9abca0f3/resourcegroups/kustoworksarc/providers/microsoft.hybridcompute/machines/dc1"
"01680ad8-1090-4dec-a395-f77b161a9051","7/8/2023, 9:05:36.623 PM",OpsManager,"NT AUTHORITY\ANONYMOUS LOGON",User,"DC1.kustoworks.com","Microsoft-Windows-Security-Auditing",Security,13824,0,"<EventData xmlns=""http://schemas.microsoft.com/win/2004/08/events/event"">
  <Data Name=""Dummy"">-</Data>
  <Data Name=""TargetUserName"">KustoKing</Data>
  <Data Name=""TargetDomainName"">KUSTOWORKS</Data>
  <Data Name=""TargetSid"">S-1-5-21-2496762881-1366215883-1809657155-1128</Data>
  <Data Name=""SubjectUserSid"">S-1-5-7</Data>
  <Data Name=""SubjectUserName"">ANONYMOUS LOGON</Data>
  <Data Name=""SubjectDomainName"">NT AUTHORITY</Data>
  <Data Name=""SubjectLogonId"">0x3e6</Data>
  <Data Name=""PrivilegeList"">-</Data>
  <Data Name=""SamAccountName"">-</Data>
  <Data Name=""DisplayName"">-</Data>
  <Data Name=""UserPrincipalName"">-</Data>
  <Data Name=""HomeDirectory"">-</Data>
  <Data Name=""HomePath"">-</Data>
  <Data Name=""ScriptPath"">-</Data>
  <Data Name=""ProfilePath"">-</Data>
  <Data Name=""UserWorkstations"">-</Data>
  <Data Name=""PasswordLastSet"">7/8/2023 11:05:36 PM</Data>
  <Data Name=""AccountExpires"">-</Data>
  <Data Name=""PrimaryGroupId"">-</Data>
  <Data Name=""AllowedToDelegateTo"">-</Data>
  <Data Name=""OldUacValue"">-</Data>
  <Data Name=""NewUacValue"">-</Data>
  <Data Name=""UserAccountControl"">-</Data>
  <Data Name=""UserParameters"">-</Data>
  <Data Name=""SidHistory"">-</Data>
  <Data Name=""LogonHours"">-</Data>
</EventData>",4738,"4738 - A user account was changed.","cc046e6c-795c-47b2-a5ae-c9a0645e6d32","cc046e6c-795c-47b2-a5ae-c9a0645e6d33","00000000-0000-0000-0000-000000000001","7/8/2023, 9:12:59.988 PM","AOI-01680ad8-1090-4dec-a395-f77b161a9051",,,,,"-",,,,,"-",,,,,,,,,,,,,,,,,,,,,,,,,,,,"-",,,,,,,,,,,,,,,,,,,,,,"-","-",,,,,,,,,,,,,"-",,,,,,,,,,,,,,,,,,,,,,,,,,,,"-",,,,,,,,,,,"-",,,,,,,"7/8/2023 11:05:36 PM",,,,"-",,"-",,,,,"-",,,,,,,,,,,,,,,"-","-",,,,,,,,,,"-",,"NT AUTHORITY\ANONYMOUS LOGON",,,,"NT AUTHORITY",,0x3e6,,,"ANONYMOUS LOGON","S-1-5-7",,,"KUSTOWORKS\KustoKing",KUSTOWORKS,,,,,,,,"S-1-5-21-2496762881-1366215883-1809657155-1128",,KustoKing,,,,,,,,,,"-","-","-","-",,,,,,,,,,SecurityEvent,"/subscriptions/e174f759-39db-49b8-b8bc-15cf9abca0f3/resourcegroups/kustoworksarc/providers/microsoft.hybridcompute/machines/dc1"
"01680ad8-1090-4dec-a395-f77b161a9051","7/8/2023, 9:05:36.623 PM",OpsManager,"KUSTOWORKS\Administrator",User,"DC1.kustoworks.com","Microsoft-Windows-Security-Auditing",Security,13824,0,"<EventData xmlns=""http://schemas.microsoft.com/win/2004/08/events/event"">
  <Data Name=""TargetUserName"">KustoKing</Data>
  <Data Name=""TargetDomainName"">KUSTOWORKS</Data>
  <Data Name=""TargetSid"">S-1-5-21-2496762881-1366215883-1809657155-1128</Data>
  <Data Name=""SubjectUserSid"">S-1-5-21-2496762881-1366215883-1809657155-500</Data>
  <Data Name=""SubjectUserName"">Administrator</Data>
  <Data Name=""SubjectDomainName"">KUSTOWORKS</Data>
  <Data Name=""SubjectLogonId"">0xf10ff1</Data>
</EventData>",4724,"4724 - An attempt was made to reset an account's password.","cc046e6c-795c-47b2-a5ae-c9a0645e6d32","cc046e6c-795c-47b2-a5ae-c9a0645e6d33","00000000-0000-0000-0000-000000000001","7/8/2023, 9:12:59.988 PM","AOI-01680ad8-1090-4dec-a395-f77b161a9051",,,,,,,,,,,,,,,,,,,,,,,,,,,,,,,,,,,,,,,,,,,,,,,,,,,,,,,,,,,,,,,,,,,,,,,,,,,,,,,,,,,,,,,,,,,,,,,,,,,,,,,,,,,,,,,,,,,,,,,,,,,,,,,,,,,,,,,,,,,,,,,,,,,,,,,,,,,,,,,"KUSTOWORKS\Administrator",,,,KUSTOWORKS,,0xf10ff1,,,Administrator,"S-1-5-21-2496762881-1366215883-1809657155-500",,,"KUSTOWORKS\KustoKing",KUSTOWORKS,,,,,,,,"S-1-5-21-2496762881-1366215883-1809657155-1128",,KustoKing,,,,,,,,,,,,,,,,,,,,,,,SecurityEvent,"/subscriptions/e174f759-39db-49b8-b8bc-15cf9abca0f3/resourcegroups/kustoworksarc/providers/microsoft.hybridcompute/machines/dc1"
"01680ad8-1090-4dec-a395-f77b161a9051","7/8/2023, 9:05:36.628 PM",OpsManager,"KUSTOWORKS\Administrator",User,"DC1.kustoworks.com","Microsoft-Windows-Security-Auditing",Security,13824,0,"<EventData xmlns=""http://schemas.microsoft.com/win/2004/08/events/event"">
  <Data Name=""Dummy"">-</Data>
  <Data Name=""TargetUserName"">KustoKing</Data>
  <Data Name=""TargetDomainName"">KUSTOWORKS</Data>
  <Data Name=""TargetSid"">S-1-5-21-2496762881-1366215883-1809657155-1128</Data>
  <Data Name=""SubjectUserSid"">S-1-5-21-2496762881-1366215883-1809657155-500</Data>
  <Data Name=""SubjectUserName"">Administrator</Data>
  <Data Name=""SubjectDomainName"">KUSTOWORKS</Data>
  <Data Name=""SubjectLogonId"">0xa6a86b</Data>
  <Data Name=""PrivilegeList"">-</Data>
  <Data Name=""SamAccountName"">-</Data>
  <Data Name=""DisplayName"">-</Data>
  <Data Name=""UserPrincipalName"">-</Data>
  <Data Name=""HomeDirectory"">-</Data>
  <Data Name=""HomePath"">-</Data>
  <Data Name=""ScriptPath"">-</Data>
  <Data Name=""ProfilePath"">-</Data>
  <Data Name=""UserWorkstations"">-</Data>
  <Data Name=""PasswordLastSet"">-</Data>
  <Data Name=""AccountExpires"">-</Data>
  <Data Name=""PrimaryGroupId"">-</Data>
  <Data Name=""AllowedToDelegateTo"">-</Data>
  <Data Name=""OldUacValue"">0x15</Data>
  <Data Name=""NewUacValue"">0x211</Data>
  <Data Name=""UserAccountControl""> 		%%2050 		%%2089</Data>
  <Data Name=""UserParameters"">-</Data>
  <Data Name=""SidHistory"">-</Data>
  <Data Name=""LogonHours"">-</Data>
</EventData>",4738,"4738 - A user account was changed.","cc046e6c-795c-47b2-a5ae-c9a0645e6d32","cc046e6c-795c-47b2-a5ae-c9a0645e6d33","00000000-0000-0000-0000-000000000001","7/8/2023, 9:12:59.988 PM","AOI-01680ad8-1090-4dec-a395-f77b161a9051",,,,,"-",,,,,"-",,,,,,,,,,,,,,,,,,,,,,,,,,,,"-",,,,,,,,,,,,,,,,,,,,,,"-","-",,,,,,,,,,,,,"-",,,,,,,,,,,,,,,,,,,,,,,,,,,,0x211,,,,,,,,,,,0x15,,,,,,,"-",,,,"-",,"-",,,,,"-",,,,,,,,,,,,,,,"-","-",,,,,,,,,,"-",,"KUSTOWORKS\Administrator",,,,KUSTOWORKS,,0xa6a86b,,,Administrator,"S-1-5-21-2496762881-1366215883-1809657155-500",,,"KUSTOWORKS\KustoKing",KUSTOWORKS,,,,,,,,"S-1-5-21-2496762881-1366215883-1809657155-1128",,KustoKing,,,,,,,,,," 		%%2050 		%%2089","-","-","-",,,,,,,,,,SecurityEvent,"/subscriptions/e174f759-39db-49b8-b8bc-15cf9abca0f3/resourcegroups/kustoworksarc/providers/microsoft.hybridcompute/machines/dc1"
