"0b2a9277-f48f-49f6-b78d-d8bfd6dea87a",RestAPI,,,"7/27/2023, 2:25:59.785 PM",,,,,,,,,,,,,,,,,,,,,,,,"Microsoft-Windows-DNSServer","eb79061a-a566-4698-9119-3ed2807060e7",279,0,16,"Microsoft-Windows-DNS-Server/Analytical ",4,"Information ",0,1,"LOOK_UP ",9223372071214514176,"7/27/2023, 2:25:57.079 PM",2908,4028,INFO,2,INFO,windns,"NT AUTHORITY",SYSTEM,"S-1-5-18",User,33152,0,"172.18.88.20","172.18.88.20",1,"wd-prod-cp-eu-west-1-fe.westeurope.cloudapp.azure.com.",1,30672,58102,30672,true,false,false,QUERY,true,NOERROR,false,false,true,"[{""dns.query.name"":""wdcp.microsoft.com"",""dns.query.type"":""A"",""dns.query.class"":""IN""}]",0x77D0818000010002000000000477646370096D6963726F736F667403636F6D0000010001,,,"7/27/2023, 2:25:59.046 PM","in_windowsdns_auditanalytics_sentinel_windows","im_etw","172.18.88.20","N/A",,,,,,,,,,,"N/A","NXLog_DNS_Server_CL",
"0b2a9277-f48f-49f6-b78d-d8bfd6dea87a",RestAPI,,,"7/27/2023, 2:25:59.785 PM",,,,,,,,,,,,,,,,,,,2,".",Default,"[{""dns.answer.name"":""wd-prod-cp-eu-west-1-fe.westeurope.cloudapp.azure.com"",""dns.answer.type"":""A"",""dns.answer.class"":""IN"",""dns.answer.ttl"":10,""dns.answer.data"":""51.105.236.244""}]",0,"Microsoft-Windows-DNSServer","eb79061a-a566-4698-9119-3ed2807060e7",261,0,16,"Microsoft-Windows-DNS-Server/Analytical ",4,"Information ",0,2,"RECURSE_QUERY ",9223372036854775840,"7/27/2023, 2:25:57.108 PM",2908,4028,INFO,2,INFO,windns,"NT AUTHORITY",SYSTEM,"S-1-5-18",User,33792,0,"0.0.0.0","150.171.10.201",,"wd-prod-cp-eu-west-1-fe.westeurope.cloudapp.azure.com.",1,24220,0,24220,false,false,true,QUERY,true,NOERROR,false,false,false,"[{""dns.query.name"":""wd-prod-cp-eu-west-1-fe.westeurope.cloudapp.azure.com"",""dns.query.type"":""A"",""dns.query.class"":""IN""}]",0x5E9C840000010001000000011777642D70726F642D63702D65752D776573742D312D66650A776573746575726F706508636C6F756461707005617A75726503636F6D0000010001C00C000100010000000A00043369ECF400002904D0000000000000,".","5ece44d1-bf2e-45b8-bc7e-59796bbe135d","7/27/2023, 2:25:59.046 PM","in_windowsdns_auditanalytics_sentinel_windows","im_etw","172.18.88.20","N/A",,1,0,,,,,,,,,"NXLog_DNS_Server_CL",
"0b2a9277-f48f-49f6-b78d-d8bfd6dea87a",RestAPI,,,"7/27/2023, 2:25:59.785 PM",,,,,,,,,,,,,,,,,,,,,,"[{""dns.answer.name"":""wdcp.microsoft.com"",""dns.answer.type"":""CNAME"",""dns.answer.class"":""IN"",""dns.answer.ttl"":2929,""dns.answer.data"":""wd-prod-cp.trafficmanager.net""},{""dns.answer.name"":""wd-prod-cp.trafficmanager.net"",""dns.answer.type"":""CNAME"",""dns.answer.class"":""IN"",""dns.answer.ttl"":299,""dns.answer.data"":""wd-prod-cp-eu-west-1-fe.westeurope.cloudapp.azure.com""},{""dns.answer.name"":""wd-prod-cp-eu-west-1-fe.westeurope.cloudapp.azure.com"",""dns.answer.type"":""A"",""dns.answer.class"":""IN"",""dns.answer.ttl"":9,""dns.answer.data"":""51.105.236.244""}]",,"Microsoft-Windows-DNSServer","eb79061a-a566-4698-9119-3ed2807060e7",257,0,16,"Microsoft-Windows-DNS-Server/Analytical ",4,"Information ",0,1,"LOOK_UP ",9223372036854775810,"7/27/2023, 2:25:57.109 PM",2908,4028,INFO,2,INFO,windns,"NT AUTHORITY",SYSTEM,"S-1-5-18",User,33152,0,"172.18.88.20",,,"wdcp.microsoft.com.",1,30672,58102,30672,true,false,false,QUERY,true,NOERROR,false,false,true,"[{""dns.query.name"":""wdcp.microsoft.com"",""dns.query.type"":""A"",""dns.query.class"":""IN""}]",0x77D0818000010003000000000477646370096D6963726F736F667403636F6D0000010001C00C0005000100000B71001F0A77642D70726F642D63700E747261666669636D616E61676572036E657400C030000500010000012B00341777642D70726F642D63702D65752D776573742D312D66650A776573746575726F706508636C6F756461707005617A757265C01BC05B000100010000000900043369ECF4,"VirtualizationInstance:.","5ece44d1-bf2e-45b8-bc7e-59796bbe135d","7/27/2023, 2:25:59.561 PM","in_windowsdns_auditanalytics_sentinel_windows","im_etw","172.18.88.20","N/A","172.18.88.20",0,0,0,0,Default,"..Cache",NULL,,62,,"NXLog_DNS_Server_CL",
"0b2a9277-f48f-49f6-b78d-d8bfd6dea87a",RestAPI,,,"7/27/2023, 2:26:43.103 PM",,,,,,,,,,,,,,,,,"[{""dns.additional.name"":""ns2-224.azure-dns.NET"",""dns.additional.type"":""A"",""dns.additional.class"":""IN"",""dns.additional.ttl"":172800,""dns.additional.data"":""150.171.21.224""},{""dns.additional.name"":""ns2-224.azure-dns.NET"",""dns.additional.type"":""AAAA"",""dns.additional.class"":""IN"",""dns.additional.ttl"":172800,""dns.additional.data"":""2620:1ec:8ec:700::e0""}]",,2,".",Default,,0,"Microsoft-Windows-DNSServer","eb79061a-a566-4698-9119-3ed2807060e7",261,0,16,"Microsoft-Windows-DNS-Server/Analytical ",4,"Information ",0,2,"RECURSE_QUERY ",9223372036854775840,"7/27/2023, 2:26:40.306 PM",2908,4028,INFO,2,INFO,windns,"NT AUTHORITY",SYSTEM,"S-1-5-18",User,32768,0,"0.0.0.0","192.43.172.30",,"telecommand.azurewebsites.NET.",1,45891,0,45891,false,false,false,QUERY,true,NOERROR,false,false,false,"[{""dns.query.name"":""telecommand.azurewebsites.NET"",""dns.query.type"":""A"",""dns.query.class"":""IN""}]",0xB343800000010000000400030B74656C65636F6D6D616E640D617A7572657765627369746573034E45540000010001C018000200010002A3000018076E73342D32323409617A7572652D646E7304696E666F00C018000200010002A3000017076E73312D32323409617A7572652D646E7303636F6D00C018000200010002A3000014076E73322D32323409617A7572652D646E73C026C018000200010002A3000017076E73332D32323409617A7572652D646E73036F726700C082000100010002A300000496AB15E0C082001C00010002A3000010262001EC08EC070000000000000000E00000291000000000000000,".","ade619f9-bc0d-4b0d-ab4c-389f7993e624","7/27/2023, 2:26:42.264 PM","in_windowsdns_auditanalytics_sentinel_windows","im_etw","172.18.88.20","N/A",,0,0,,,,,,"[{""dns.authority.name"":""azurewebsites.NET"",""dns.authority.type"":""NS"",""dns.authority.class"":""IN"",""dns.authority.ttl"":172800,""dns.authority.data"":""ns4-224.azure-dns.info""},{""dns.authority.name"":""azurewebsites.NET"",""dns.authority.type"":""NS"",""dns.authority.class"":""IN"",""dns.authority.ttl"":172800,""dns.authority.data"":""ns1-224.azure-dns.com""},{""dns.authority.name"":""azurewebsites.NET"",""dns.authority.type"":""NS"",""dns.authority.class"":""IN"",""dns.authority.ttl"":172800,""dns.authority.data"":""ns2-224.azure-dns.NET""},{""dns.authority.name"":""azurewebsites.NET"",""dns.authority.type"":""NS"",""dns.authority.class"":""IN"",""dns.authority.ttl"":172800,""dns.authority.data"":""ns3-224.azure-dns.org""}]",,,"NXLog_DNS_Server_CL",
"0b2a9277-f48f-49f6-b78d-d8bfd6dea87a",RestAPI,,,"7/27/2023, 2:26:43.103 PM",,,,,,,,,,,,,,,,,,6949,,".",Default,,,"Microsoft-Windows-DNSServer","eb79061a-a566-4698-9119-3ed2807060e7",260,0,16,"Microsoft-Windows-DNS-Server/Analytical ",4,"Information ",0,2,"RECURSE_QUERY ",9223372036854775824,"7/27/2023, 2:26:40.306 PM",2908,4028,INFO,2,INFO,windns,"NT AUTHORITY",SYSTEM,"S-1-5-18",User,0,0,"0.0.0.0",,0,"telecommand.azurewebsites.NET.",1,25000,0,25000,false,false,false,QUERY,false,NOERROR,false,false,false,"[{""dns.query.name"":""telecommand.azurewebsites.NET"",""dns.query.type"":""A"",""dns.query.class"":""IN""}]",0x61A8000000010000000000010B74656C65636F6D6D616E640D617A7572657765627369746573034E455400000100010000290FA0000000000000,".","ade619f9-bc0d-4b0d-ab4c-389f7993e624","7/27/2023, 2:26:42.264 PM","in_windowsdns_auditanalytics_sentinel_windows","im_etw","172.18.88.20","N/A","150.171.21.224",,,,,,,NULL,,,,"NXLog_DNS_Server_CL",
"0b2a9277-f48f-49f6-b78d-d8bfd6dea87a",RestAPI,,,"7/27/2023, 2:26:43.103 PM",,,,,,,,,,,,,,,,,,,3,".",Default,"[{""dns.answer.name"":""telecommand.azurewebsites.NET"",""dns.answer.type"":""CNAME"",""dns.answer.class"":""IN"",""dns.answer.ttl"":30,""dns.answer.data"":""waws-prod-usw3-011.sip.azurewebsites.windows.NET""}]",0,"Microsoft-Windows-DNSServer","eb79061a-a566-4698-9119-3ed2807060e7",261,0,16,"Microsoft-Windows-DNS-Server/Analytical ",4,"Information ",0,2,"RECURSE_QUERY ",9223372036854775840,"7/27/2023, 2:26:40.337 PM",2908,4028,INFO,2,INFO,windns,"NT AUTHORITY",SYSTEM,"S-1-5-18",User,33792,0,"0.0.0.0","150.171.21.224",,"telecommand.azurewebsites.NET.",1,25000,0,25000,false,false,true,QUERY,true,NOERROR,false,false,false,"[{""dns.query.name"":""telecommand.azurewebsites.NET"",""dns.query.type"":""A"",""dns.query.class"":""IN""}]",0x61A8840000010001000000010B74656C65636F6D6D616E640D617A7572657765627369746573034E45540000010001C00C000500010000001E002F12776177732D70726F642D757377332D303131037369700D617A75726577656273697465730777696E646F7773C02600002904D0000000000000,".","ade619f9-bc0d-4b0d-ab4c-389f7993e624","7/27/2023, 2:26:42.264 PM","in_windowsdns_auditanalytics_sentinel_windows","im_etw","172.18.88.20","N/A",,1,0,,,,,,,,,"NXLog_DNS_Server_CL",
"0b2a9277-f48f-49f6-b78d-d8bfd6dea87a",RestAPI,,,"7/27/2023, 2:26:43.103 PM",,,,,,,,,,,,,,,,,,,,,,,,"Microsoft-Windows-DNSServer","eb79061a-a566-4698-9119-3ed2807060e7",279,0,16,"Microsoft-Windows-DNS-Server/Analytical ",4,"Information ",0,1,"LOOK_UP ",9223372071214514176,"7/27/2023, 2:26:40.337 PM",2908,4028,INFO,2,INFO,windns,"NT AUTHORITY",SYSTEM,"S-1-5-18",User,33152,0,"172.18.88.20","172.18.88.20",1,"waws-prod-usw3-011.sip.azurewebsites.windows.net.",1,6949,59966,6949,true,false,false,QUERY,true,NOERROR,false,false,true,"[{""dns.query.name"":""www.telecommandsvc.microsoft.com"",""dns.query.type"":""A"",""dns.query.class"":""IN""}]",0x1B2581800001000200000000037777770E74656C65636F6D6D616E64737663096D6963726F736F667403636F6D0000010001,,,"7/27/2023, 2:26:42.264 PM","in_windowsdns_auditanalytics_sentinel_windows","im_etw","172.18.88.20","N/A",,,,,,,,,,,"N/A","NXLog_DNS_Server_CL",
"0b2a9277-f48f-49f6-b78d-d8bfd6dea87a",RestAPI,,,"7/27/2023, 2:26:43.103 PM",,,,,,,,,,,,,,,,,,6949,,".",Default,,,"Microsoft-Windows-DNSServer","eb79061a-a566-4698-9119-3ed2807060e7",260,0,16,"Microsoft-Windows-DNS-Server/Analytical ",4,"Information ",0,2,"RECURSE_QUERY ",9223372036854775824,"7/27/2023, 2:26:40.337 PM",2908,4028,INFO,2,INFO,windns,"NT AUTHORITY",SYSTEM,"S-1-5-18",User,0,0,"0.0.0.0",,0,"waws-prod-usw3-011.sip.azurewebsites.windows.NET.",1,8815,0,8815,false,false,false,QUERY,false,NOERROR,false,false,false,"[{""dns.query.name"":""waws-prod-usw3-011.sip.azurewebsites.windows.NET"",""dns.query.type"":""A"",""dns.query.class"":""IN""}]",0x226F0000000100000000000112776177732D70726F642D757377332D303131037369700D617A75726577656273697465730777696E646F7773034E455400000100010000290FA0000000000000,".","ade619f9-bc0d-4b0d-ab4c-389f7993e624","7/27/2023, 2:26:42.264 PM","in_windowsdns_auditanalytics_sentinel_windows","im_etw","172.18.88.20","N/A","192.48.79.30",,,,,,,NULL,,,,"NXLog_DNS_Server_CL",
"0b2a9277-f48f-49f6-b78d-d8bfd6dea87a",RestAPI,,,"7/27/2023, 2:26:43.103 PM",,,,,,,,,,,,,,,,,"[{""dns.additional.name"":""ns2-39.azure-dns.NET"",""dns.additional.type"":""A"",""dns.additional.class"":""IN"",""dns.additional.ttl"":172800,""dns.additional.data"":""150.171.16.39""}]",,4,".",Default,,0,"Microsoft-Windows-DNSServer","eb79061a-a566-4698-9119-3ed2807060e7",261,0,16,"Microsoft-Windows-DNS-Server/Analytical ",4,"Information ",0,2,"RECURSE_QUERY ",9223372036854775840,"7/27/2023, 2:26:40.379 PM",2908,4028,INFO,2,INFO,windns,"NT AUTHORITY",SYSTEM,"S-1-5-18",User,32768,0,"0.0.0.0","192.48.79.30",,"waws-prod-usw3-011.sip.azurewebsites.windows.NET.",1,8815,0,8815,false,false,false,QUERY,true,NOERROR,false,false,false,"[{""dns.query.name"":""waws-prod-usw3-011.sip.azurewebsites.windows.NET"",""dns.query.type"":""A"",""dns.query.class"":""IN""}]",0x226F8000000100000004000212776177732D70726F642D757377332D303131037369700D617A75726577656273697465730777696E646F7773034E45540000010001C031000200010002A3000016066E73312D333909617A7572652D646E7303636F6D00C031000200010002A3000013066E73322D333909617A7572652D646E73C039C031000200010002A3000016066E73332D333909617A7572652D646E73036F726700C031000200010002A3000017066E73342D333909617A7572652D646E7304696E666F00C070000100010002A300000496AB10270000291000000000000000,".","ade619f9-bc0d-4b0d-ab4c-389f7993e624","7/27/2023, 2:26:42.264 PM","in_windowsdns_auditanalytics_sentinel_windows","im_etw","172.18.88.20","N/A",,0,0,,,,,,"[{""dns.authority.name"":""windows.NET"",""dns.authority.type"":""NS"",""dns.authority.class"":""IN"",""dns.authority.ttl"":172800,""dns.authority.data"":""ns1-39.azure-dns.com""},{""dns.authority.name"":""windows.NET"",""dns.authority.type"":""NS"",""dns.authority.class"":""IN"",""dns.authority.ttl"":172800,""dns.authority.data"":""ns2-39.azure-dns.NET""},{""dns.authority.name"":""windows.NET"",""dns.authority.type"":""NS"",""dns.authority.class"":""IN"",""dns.authority.ttl"":172800,""dns.authority.data"":""ns3-39.azure-dns.org""},{""dns.authority.name"":""windows.NET"",""dns.authority.type"":""NS"",""dns.authority.class"":""IN"",""dns.authority.ttl"":172800,""dns.authority.data"":""ns4-39.azure-dns.info""}]",,,"NXLog_DNS_Server_CL",
"0b2a9277-f48f-49f6-b78d-d8bfd6dea87a",RestAPI,,,"7/27/2023, 2:26:43.103 PM",,,,,,,,,,,,,,,,,,6949,,".",Default,,,"Microsoft-Windows-DNSServer","eb79061a-a566-4698-9119-3ed2807060e7",260,0,16,"Microsoft-Windows-DNS-Server/Analytical ",4,"Information ",0,2,"RECURSE_QUERY ",9223372036854775824,"7/27/2023, 2:26:40.379 PM",2908,4028,INFO,2,INFO,windns,"NT AUTHORITY",SYSTEM,"S-1-5-18",User,0,0,"0.0.0.0",,0,"waws-prod-usw3-011.sip.azurewebsites.windows.NET.",1,48688,0,48688,false,false,false,QUERY,false,NOERROR,false,false,false,"[{""dns.query.name"":""waws-prod-usw3-011.sip.azurewebsites.windows.NET"",""dns.query.type"":""A"",""dns.query.class"":""IN""}]",0xBE300000000100000000000112776177732D70726F642D757377332D303131037369700D617A75726577656273697465730777696E646F7773034E455400000100010000290FA0000000000000,".","ade619f9-bc0d-4b0d-ab4c-389f7993e624","7/27/2023, 2:26:42.264 PM","in_windowsdns_auditanalytics_sentinel_windows","im_etw","172.18.88.20","N/A","150.171.10.39",,,,,,,NULL,,,,"NXLog_DNS_Server_CL",
"0b2a9277-f48f-49f6-b78d-d8bfd6dea87a",RestAPI,,,"7/27/2023, 2:26:43.103 PM",,,,,,,,,,,,,,,,,,,5,".",Default,,0,"Microsoft-Windows-DNSServer","eb79061a-a566-4698-9119-3ed2807060e7",261,0,16,"Microsoft-Windows-DNS-Server/Analytical ",4,"Information ",0,2,"RECURSE_QUERY ",9223372036854775840,"7/27/2023, 2:26:40.407 PM",2908,4028,INFO,2,INFO,windns,"NT AUTHORITY",SYSTEM,"S-1-5-18",User,32768,0,"0.0.0.0","150.171.10.39",,"waws-prod-usw3-011.sip.azurewebsites.windows.NET.",1,48688,0,48688,false,false,false,QUERY,true,NOERROR,false,false,false,"[{""dns.query.name"":""waws-prod-usw3-011.sip.azurewebsites.windows.NET"",""dns.query.type"":""A"",""dns.query.class"":""IN""}]",0xBE308000000100000004000112776177732D70726F642D757377332D303131037369700D617A75726577656273697465730777696E646F7773034E45540000010001C023000200010000012C0016066E73312D303509617A7572652D646E7303636F6D00C023000200010000012C0013066E73322D303509617A7572652D646E73C039C023000200010000012C0016066E73332D303509617A7572652D646E73036F726700C023000200010000012C0017066E73342D303509617A7572652D646E7304696E666F0000002904D0000000000000,".","ade619f9-bc0d-4b0d-ab4c-389f7993e624","7/27/2023, 2:26:42.264 PM","in_windowsdns_auditanalytics_sentinel_windows","im_etw","172.18.88.20","N/A",,0,0,,,,,,"[{""dns.authority.name"":""azurewebsites.windows.NET"",""dns.authority.type"":""NS"",""dns.authority.class"":""IN"",""dns.authority.ttl"":300,""dns.authority.data"":""ns1-05.azure-dns.com""},{""dns.authority.name"":""azurewebsites.windows.NET"",""dns.authority.type"":""NS"",""dns.authority.class"":""IN"",""dns.authority.ttl"":300,""dns.authority.data"":""ns2-05.azure-dns.NET""},{""dns.authority.name"":""azurewebsites.windows.NET"",""dns.authority.type"":""NS"",""dns.authority.class"":""IN"",""dns.authority.ttl"":300,""dns.authority.data"":""ns3-05.azure-dns.org""},{""dns.authority.name"":""azurewebsites.windows.NET"",""dns.authority.type"":""NS"",""dns.authority.class"":""IN"",""dns.authority.ttl"":300,""dns.authority.data"":""ns4-05.azure-dns.info""}]",,,"NXLog_DNS_Server_CL",
"0b2a9277-f48f-49f6-b78d-d8bfd6dea87a",RestAPI,,,"7/27/2023, 2:26:43.103 PM",,,,,,,,,,,,,,,,,,6949,,".",Default,,,"Microsoft-Windows-DNSServer","eb79061a-a566-4698-9119-3ed2807060e7",260,0,16,"Microsoft-Windows-DNS-Server/Analytical ",4,"Information ",0,2,"RECURSE_QUERY ",9223372036854775824,"7/27/2023, 2:26:40.407 PM",2908,4028,INFO,2,INFO,windns,"NT AUTHORITY",SYSTEM,"S-1-5-18",User,0,0,"0.0.0.0",,0,"waws-prod-usw3-011.sip.azurewebsites.windows.NET.",1,59183,0,59183,false,false,false,QUERY,false,NOERROR,false,false,false,"[{""dns.query.name"":""waws-prod-usw3-011.sip.azurewebsites.windows.NET"",""dns.query.type"":""A"",""dns.query.class"":""IN""}]",0xE72F0000000100000000000112776177732D70726F642D757377332D303131037369700D617A75726577656273697465730777696E646F7773034E455400000100010000290FA0000000000000,".","ade619f9-bc0d-4b0d-ab4c-389f7993e624","7/27/2023, 2:26:42.264 PM","in_windowsdns_auditanalytics_sentinel_windows","im_etw","172.18.88.20","N/A","13.107.236.5",,,,,,,NULL,,,,"NXLog_DNS_Server_CL",
"0b2a9277-f48f-49f6-b78d-d8bfd6dea87a",RestAPI,,,"7/27/2023, 2:26:43.103 PM",,,,,,,,,,,,,,,,,,,6,".",Default,"[{""dns.answer.name"":""waws-prod-usw3-011.sip.azurewebsites.windows.NET"",""dns.answer.type"":""CNAME"",""dns.answer.class"":""IN"",""dns.answer.ttl"":1800,""dns.answer.data"":""waws-prod-usw3-011-3570.westus3.cloudapp.azure.com""}]",0,"Microsoft-Windows-DNSServer","eb79061a-a566-4698-9119-3ed2807060e7",261,0,16,"Microsoft-Windows-DNS-Server/Analytical ",4,"Information ",0,2,"RECURSE_QUERY ",9223372036854775840,"7/27/2023, 2:26:40.437 PM",2908,4028,INFO,2,INFO,windns,"NT AUTHORITY",SYSTEM,"S-1-5-18",User,33792,0,"0.0.0.0","13.107.236.5",,"waws-prod-usw3-011.sip.azurewebsites.windows.NET.",1,59183,0,59183,false,false,true,QUERY,true,NOERROR,false,false,false,"[{""dns.query.name"":""waws-prod-usw3-011.sip.azurewebsites.windows.NET"",""dns.query.type"":""A"",""dns.query.class"":""IN""}]",0xE72F8400000100010000000112776177732D70726F642D757377332D303131037369700D617A75726577656273697465730777696E646F7773034E45540000010001C00C0005000100000708003417776177732D70726F642D757377332D3031312D33353730077765737475733308636C6F756461707005617A75726503636F6D0000002904D0000000000000,".","ade619f9-bc0d-4b0d-ab4c-389f7993e624","7/27/2023, 2:26:42.264 PM","in_windowsdns_auditanalytics_sentinel_windows","im_etw","172.18.88.20","N/A",,1,0,,,,,,,,,"NXLog_DNS_Server_CL",
"0b2a9277-f48f-49f6-b78d-d8bfd6dea87a",RestAPI,,,"7/27/2023, 2:26:43.103 PM",,,,,,,,,,,,,,,,,,,,,,,,"Microsoft-Windows-DNSServer","eb79061a-a566-4698-9119-3ed2807060e7",279,0,16,"Microsoft-Windows-DNS-Server/Analytical ",4,"Information ",0,1,"LOOK_UP ",9223372071214514176,"7/27/2023, 2:26:40.437 PM",2908,4028,INFO,2,INFO,windns,"NT AUTHORITY",SYSTEM,"S-1-5-18",User,33152,0,"172.18.88.20","172.18.88.20",1,"waws-prod-usw3-011-3570.westus3.cloudapp.azure.com.",1,6949,59966,6949,true,false,false,QUERY,true,NOERROR,false,false,true,"[{""dns.query.name"":""www.telecommandsvc.microsoft.com"",""dns.query.type"":""A"",""dns.query.class"":""IN""}]",0x1B2581800001000300000000037777770E74656C65636F6D6D616E64737663096D6963726F736F667403636F6D0000010001,,,"7/27/2023, 2:26:42.264 PM","in_windowsdns_auditanalytics_sentinel_windows","im_etw","172.18.88.20","N/A",,,,,,,,,,,"N/A","NXLog_DNS_Server_CL",
"0b2a9277-f48f-49f6-b78d-d8bfd6dea87a",RestAPI,,,"7/27/2023, 2:26:43.103 PM",,,,,,,,,,,,,,,,,,6949,,".",Default,,,"Microsoft-Windows-DNSServer","eb79061a-a566-4698-9119-3ed2807060e7",260,0,16,"Microsoft-Windows-DNS-Server/Analytical ",4,"Information ",0,2,"RECURSE_QUERY ",9223372036854775824,"7/27/2023, 2:26:40.437 PM",2908,4028,INFO,2,INFO,windns,"NT AUTHORITY",SYSTEM,"S-1-5-18",User,0,0,"0.0.0.0",,0,"waws-prod-usw3-011-3570.westus3.cloudapp.azure.com.",1,38136,0,38136,false,false,false,QUERY,false,NOERROR,false,false,false,"[{""dns.query.name"":""waws-prod-usw3-011-3570.westus3.cloudapp.azure.com"",""dns.query.type"":""A"",""dns.query.class"":""IN""}]",0x94F80000000100000000000117776177732D70726F642D757377332D3031312D33353730077765737475733308636C6F756461707005617A75726503636F6D00000100010000290FA0000000000000,".","ade619f9-bc0d-4b0d-ab4c-389f7993e624","7/27/2023, 2:26:42.264 PM","in_windowsdns_auditanalytics_sentinel_windows","im_etw","172.18.88.20","N/A","150.171.10.39",,,,,,,NULL,,,,"NXLog_DNS_Server_CL",
"0b2a9277-f48f-49f6-b78d-d8bfd6dea87a",RestAPI,,,"7/27/2023, 2:26:43.103 PM",,,,,,,,,,,,,,,,,,,7,".",Default,,0,"Microsoft-Windows-DNSServer","eb79061a-a566-4698-9119-3ed2807060e7",261,0,16,"Microsoft-Windows-DNS-Server/Analytical ",4,"Information ",0,2,"RECURSE_QUERY ",9223372036854775840,"7/27/2023, 2:26:40.462 PM",2908,4028,INFO,2,INFO,windns,"NT AUTHORITY",SYSTEM,"S-1-5-18",User,32768,0,"0.0.0.0","150.171.10.39",,"waws-prod-usw3-011-3570.westus3.cloudapp.azure.com.",1,38136,0,38136,false,false,false,QUERY,true,NOERROR,false,false,false,"[{""dns.query.name"":""waws-prod-usw3-011-3570.westus3.cloudapp.azure.com"",""dns.query.type"":""A"",""dns.query.class"":""IN""}]",0x94F88000000100000004000117776177732D70726F642D757377332D3031312D33353730077765737475733308636C6F756461707005617A75726503636F6D0000010001C024000200010002A3000013066E73392D303109617A7572652D646E73C03BC024000200010002A3000017076E7331302D303109617A7572652D646E73036E657400C024000200010002A3000017076E7331312D303109617A7572652D646E73036F726700C024000200010002A3000018076E7331322D303109617A7572652D646E7304696E666F0000002904D0000000000000,".","ade619f9-bc0d-4b0d-ab4c-389f7993e624","7/27/2023, 2:26:42.264 PM","in_windowsdns_auditanalytics_sentinel_windows","im_etw","172.18.88.20","N/A",,0,0,,,,,,"[{""dns.authority.name"":""westus3.cloudapp.azure.com"",""dns.authority.type"":""NS"",""dns.authority.class"":""IN"",""dns.authority.ttl"":172800,""dns.authority.data"":""ns9-01.azure-dns.com""},{""dns.authority.name"":""westus3.cloudapp.azure.com"",""dns.authority.type"":""NS"",""dns.authority.class"":""IN"",""dns.authority.ttl"":172800,""dns.authority.data"":""ns10-01.azure-dns.net""},{""dns.authority.name"":""westus3.cloudapp.azure.com"",""dns.authority.type"":""NS"",""dns.authority.class"":""IN"",""dns.authority.ttl"":172800,""dns.authority.data"":""ns11-01.azure-dns.org""},{""dns.authority.name"":""westus3.cloudapp.azure.com"",""dns.authority.type"":""NS"",""dns.authority.class"":""IN"",""dns.authority.ttl"":172800,""dns.authority.data"":""ns12-01.azure-dns.info""}]",,,"NXLog_DNS_Server_CL",
"0b2a9277-f48f-49f6-b78d-d8bfd6dea87a",RestAPI,,,"7/27/2023, 2:26:43.103 PM",,,,,,,,,,,,,,,,,,6949,,".",Default,,,"Microsoft-Windows-DNSServer","eb79061a-a566-4698-9119-3ed2807060e7",260,0,16,"Microsoft-Windows-DNS-Server/Analytical ",4,"Information ",0,2,"RECURSE_QUERY ",9223372036854775824,"7/27/2023, 2:26:40.463 PM",2908,4028,INFO,2,INFO,windns,"NT AUTHORITY",SYSTEM,"S-1-5-18",User,0,0,"0.0.0.0",,0,"waws-prod-usw3-011-3570.westus3.cloudapp.azure.com.",1,43723,0,43723,false,false,false,QUERY,false,NOERROR,false,false,false,"[{""dns.query.name"":""waws-prod-usw3-011-3570.westus3.cloudapp.azure.com"",""dns.query.type"":""A"",""dns.query.class"":""IN""}]",0xAACB0000000100000000000117776177732D70726F642D757377332D3031312D33353730077765737475733308636C6F756461707005617A75726503636F6D00000100010000290FA0000000000000,".","ade619f9-bc0d-4b0d-ab4c-389f7993e624","7/27/2023, 2:26:42.264 PM","in_windowsdns_auditanalytics_sentinel_windows","im_etw","172.18.88.20","N/A","150.171.10.1",,,,,,,NULL,,,,"NXLog_DNS_Server_CL",
"0b2a9277-f48f-49f6-b78d-d8bfd6dea87a",RestAPI,,,"7/27/2023, 2:26:44.063 PM",,,,,,,,,,,,,,,,,,,8,".",Default,"[{""dns.answer.name"":""waws-prod-usw3-011-3570.westus3.cloudapp.azure.com"",""dns.answer.type"":""A"",""dns.answer.class"":""IN"",""dns.answer.ttl"":10,""dns.answer.data"":""20.118.138.130""}]",0,"Microsoft-Windows-DNSServer","eb79061a-a566-4698-9119-3ed2807060e7",261,0,16,"Microsoft-Windows-DNS-Server/Analytical ",4,"Information ",0,2,"RECURSE_QUERY ",9223372036854775840,"7/27/2023, 2:26:40.489 PM",2908,4028,INFO,2,INFO,windns,"NT AUTHORITY",SYSTEM,"S-1-5-18",User,33792,0,"0.0.0.0","150.171.10.1",,"waws-prod-usw3-011-3570.westus3.cloudapp.azure.com.",1,43723,0,43723,false,false,true,QUERY,true,NOERROR,false,false,false,"[{""dns.query.name"":""waws-prod-usw3-011-3570.westus3.cloudapp.azure.com"",""dns.query.type"":""A"",""dns.query.class"":""IN""}]",0xAACB8400000100010000000117776177732D70726F642D757377332D3031312D33353730077765737475733308636C6F756461707005617A75726503636F6D0000010001C00C000100010000000A000414768A8200002904D0000000000000,".","ade619f9-bc0d-4b0d-ab4c-389f7993e624","7/27/2023, 2:26:43.264 PM","in_windowsdns_auditanalytics_sentinel_windows","im_etw","172.18.88.20","N/A",,1,0,,,,,,,,,"NXLog_DNS_Server_CL",
"0b2a9277-f48f-49f6-b78d-d8bfd6dea87a",RestAPI,,,"7/27/2023, 2:26:44.063 PM",,,,,,,,,,,,,,,,,,,,,,"[{""dns.answer.name"":""www.telecommandsvc.microsoft.com"",""dns.answer.type"":""CNAME"",""dns.answer.class"":""IN"",""dns.answer.ttl"":3600,""dns.answer.data"":""telecommand.azurewebsites.net""},{""dns.answer.name"":""telecommand.azurewebsites.net"",""dns.answer.type"":""CNAME"",""dns.answer.class"":""IN"",""dns.answer.ttl"":30,""dns.answer.data"":""waws-prod-usw3-011.sip.azurewebsites.windows.net""},{""dns.answer.name"":""waws-prod-usw3-011.sip.azurewebsites.windows.net"",""dns.answer.type"":""CNAME"",""dns.answer.class"":""IN"",""dns.answer.ttl"":1800,""dns.answer.data"":""waws-prod-usw3-011-3570.westus3.cloudapp.azure.com""},{""dns.answer.name"":""waws-prod-usw3-011-3570.westus3.cloudapp.azure.com"",""dns.answer.type"":""A"",""dns.answer.class"":""IN"",""dns.answer.ttl"":10,""dns.answer.data"":""20.118.138.130""}]",,"Microsoft-Windows-DNSServer","eb79061a-a566-4698-9119-3ed2807060e7",257,0,16,"Microsoft-Windows-DNS-Server/Analytical ",4,"Information ",0,1,"LOOK_UP ",9223372036854775810,"7/27/2023, 2:26:40.489 PM",2908,4028,INFO,2,INFO,windns,"NT AUTHORITY",SYSTEM,"S-1-5-18",User,33152,0,"172.18.88.20",,,"www.telecommandsvc.microsoft.com.",1,6949,59966,6949,true,false,false,QUERY,true,NOERROR,false,false,true,"[{""dns.query.name"":""www.telecommandsvc.microsoft.com"",""dns.query.type"":""A"",""dns.query.class"":""IN""}]",0x1B2581800001000400000000037777770E74656C65636F6D6D616E64737663096D6963726F736F667403636F6D0000010001C00C0005000100000E10001F0B74656C65636F6D6D616E640D617A7572657765627369746573036E657400C03E000500010000001E002F12776177732D70726F642D757377332D303131037369700D617A75726577656273697465730777696E646F7773C058C0690005000100000708003117776177732D70726F642D757377332D3031312D33353730077765737475733308636C6F756461707005617A757265C029C0A4000100010000000A000414768A82,"VirtualizationInstance:.","ade619f9-bc0d-4b0d-ab4c-389f7993e624","7/27/2023, 2:26:43.264 PM","in_windowsdns_auditanalytics_sentinel_windows","im_etw","172.18.88.20","N/A","172.18.88.20",0,0,0,0,Default,"..Cache",NULL,,249,,"NXLog_DNS_Server_CL",
"0b2a9277-f48f-49f6-b78d-d8bfd6dea87a",RestAPI,,,"7/27/2023, 2:26:44.063 PM",,,,,,,,,,,,,,,,,,,,,,,,"Microsoft-Windows-DNSServer","eb79061a-a566-4698-9119-3ed2807060e7",256,0,16,"Microsoft-Windows-DNS-Server/Analytical ",4,"Information ",0,1,"LOOK_UP ",9223372036854775809,"7/27/2023, 2:26:41.838 PM",2908,4024,INFO,2,INFO,windns,"NT AUTHORITY",SYSTEM,"S-1-5-18",User,256,0,"172.18.88.20","172.18.88.20",1,"0b2a9277-f48f-49f6-b78d-d8bfd6dea87a.ods.opinsights.azure.com.",1,6385,52144,6385,true,false,false,QUERY,false,NOERROR,false,false,false,"[{""dns.query.name"":""0b2a9277-f48f-49f6-b78d-d8bfd6dea87a.ods.opinsights.azure.com"",""dns.query.type"":""A"",""dns.query.class"":""IN""}]",0x18F1010000010000000000002430623261393237372D663438662D343966362D623738642D643862666436646561383761036F64730A6F70696E73696768747305617A75726503636F6D0000010001,".","f8cfec29-6e93-4808-b0fb-b4dfefd71580","7/27/2023, 2:26:43.264 PM","in_windowsdns_auditanalytics_sentinel_windows","im_etw","172.18.88.20","N/A",,,,,,,,,,,,"NXLog_DNS_Server_CL",
"0b2a9277-f48f-49f6-b78d-d8bfd6dea87a",RestAPI,,,"7/27/2023, 2:26:44.063 PM",,,,,,,,,,,,,,,,,,,,,,,,"Microsoft-Windows-DNSServer","eb79061a-a566-4698-9119-3ed2807060e7",279,0,16,"Microsoft-Windows-DNS-Server/Analytical ",4,"Information ",0,1,"LOOK_UP ",9223372071214514176,"7/27/2023, 2:26:41.838 PM",2908,4024,INFO,2,INFO,windns,"NT AUTHORITY",SYSTEM,"S-1-5-18",User,33152,0,"172.18.88.20","172.18.88.20",1,"opinsightsweuods.trafficmanager.net.",1,6385,52144,6385,true,false,false,QUERY,true,NOERROR,false,false,true,"[{""dns.query.name"":""0b2a9277-f48f-49f6-b78d-d8bfd6dea87a.ods.opinsights.azure.com"",""dns.query.type"":""A"",""dns.query.class"":""IN""}]",0x18F1818000010001000000002430623261393237372D663438662D343966362D623738642D643862666436646561383761036F64730A6F70696E73696768747305617A75726503636F6D0000010001,,,"7/27/2023, 2:26:43.264 PM","in_windowsdns_auditanalytics_sentinel_windows","im_etw","172.18.88.20","N/A",,,,,,,,,,,"N/A","NXLog_DNS_Server_CL",
"0b2a9277-f48f-49f6-b78d-d8bfd6dea87a",RestAPI,,,"7/27/2023, 2:26:44.063 PM",,,,,,,,,,,,,,,,,,,,,,,,"Microsoft-Windows-DNSServer","eb79061a-a566-4698-9119-3ed2807060e7",279,0,16,"Microsoft-Windows-DNS-Server/Analytical ",4,"Information ",0,1,"LOOK_UP ",9223372071214514176,"7/27/2023, 2:26:41.838 PM",2908,4024,INFO,2,INFO,windns,"NT AUTHORITY",SYSTEM,"S-1-5-18",User,33152,0,"172.18.88.20","172.18.88.20",1,"ipv4-weu-oi-ods-cses-e.westeurope.cloudapp.azure.com.",1,6385,52144,6385,true,false,false,QUERY,true,NOERROR,false,false,true,"[{""dns.query.name"":""0b2a9277-f48f-49f6-b78d-d8bfd6dea87a.ods.opinsights.azure.com"",""dns.query.type"":""A"",""dns.query.class"":""IN""}]",0x18F1818000010002000000002430623261393237372D663438662D343966362D623738642D643862666436646561383761036F64730A6F70696E73696768747305617A75726503636F6D0000010001,,,"7/27/2023, 2:26:43.264 PM","in_windowsdns_auditanalytics_sentinel_windows","im_etw","172.18.88.20","N/A",,,,,,,,,,,"N/A","NXLog_DNS_Server_CL",
"0b2a9277-f48f-49f6-b78d-d8bfd6dea87a",RestAPI,,,"7/27/2023, 2:26:44.063 PM",,,,,,,,,,,,,,,,,,6385,,".",Default,,,"Microsoft-Windows-DNSServer","eb79061a-a566-4698-9119-3ed2807060e7",260,0,16,"Microsoft-Windows-DNS-Server/Analytical ",4,"Information ",0,2,"RECURSE_QUERY ",9223372036854775824,"7/27/2023, 2:26:41.838 PM",2908,4024,INFO,2,INFO,windns,"NT AUTHORITY",SYSTEM,"S-1-5-18",User,0,0,"0.0.0.0",,0,"ipv4-weu-oi-ods-cses-e.westeurope.cloudapp.azure.com.",1,26398,0,26398,false,false,false,QUERY,false,NOERROR,false,false,false,"[{""dns.query.name"":""ipv4-weu-oi-ods-cses-e.westeurope.cloudapp.azure.com"",""dns.query.type"":""A"",""dns.query.class"":""IN""}]",0x671E0000000100000000000116697076342D7765752D6F692D6F64732D637365732D650A776573746575726F706508636C6F756461707005617A75726503636F6D00000100010000290FA0000000000000,".","f8cfec29-6e93-4808-b0fb-b4dfefd71580","7/27/2023, 2:26:43.264 PM","in_windowsdns_auditanalytics_sentinel_windows","im_etw","172.18.88.20","N/A","13.107.236.201",,,,,,,NULL,,,,"NXLog_DNS_Server_CL",
"0b2a9277-f48f-49f6-b78d-d8bfd6dea87a",RestAPI,,,"7/27/2023, 2:26:44.063 PM",,,,,,,,,,,,,,,,,,,,,,,,"Microsoft-Windows-DNSServer","eb79061a-a566-4698-9119-3ed2807060e7",256,0,16,"Microsoft-Windows-DNS-Server/Analytical ",4,"Information ",0,1,"LOOK_UP ",9223372036854775809,"7/27/2023, 2:26:41.859 PM",2908,4024,INFO,2,INFO,windns,"NT AUTHORITY",SYSTEM,"S-1-5-18",User,256,0,"172.18.88.20","172.18.88.20",1,"0b2a9277-f48f-49f6-b78d-d8bfd6dea87a.ods.opinsights.azure.com.",1,6385,52144,6385,true,false,false,QUERY,false,NOERROR,false,false,false,"[{""dns.query.name"":""0b2a9277-f48f-49f6-b78d-d8bfd6dea87a.ods.opinsights.azure.com"",""dns.query.type"":""A"",""dns.query.class"":""IN""}]",0x18F1010000010000000000002430623261393237372D663438662D343966362D623738642D643862666436646561383761036F64730A6F70696E73696768747305617A75726503636F6D0000010001,".","24cb05d2-dad3-41c8-a1ed-65060def9f5b","7/27/2023, 2:26:43.264 PM","in_windowsdns_auditanalytics_sentinel_windows","im_etw","172.18.88.20","N/A",,,,,,,,,,,,"NXLog_DNS_Server_CL",
"0b2a9277-f48f-49f6-b78d-d8bfd6dea87a",RestAPI,,,"7/27/2023, 2:26:44.063 PM",,,,,,,,,,,,,,,,,,,,,,,,"Microsoft-Windows-DNSServer","eb79061a-a566-4698-9119-3ed2807060e7",279,0,16,"Microsoft-Windows-DNS-Server/Analytical ",4,"Information ",0,1,"LOOK_UP ",9223372071214514176,"7/27/2023, 2:26:41.859 PM",2908,4024,INFO,2,INFO,windns,"NT AUTHORITY",SYSTEM,"S-1-5-18",User,33152,0,"172.18.88.20","172.18.88.20",1,"opinsightsweuods.trafficmanager.net.",1,6385,52144,6385,true,false,false,QUERY,true,NOERROR,false,false,true,"[{""dns.query.name"":""0b2a9277-f48f-49f6-b78d-d8bfd6dea87a.ods.opinsights.azure.com"",""dns.query.type"":""A"",""dns.query.class"":""IN""}]",0x18F1818000010001000000002430623261393237372D663438662D343966362D623738642D643862666436646561383761036F64730A6F70696E73696768747305617A75726503636F6D0000010001,,,"7/27/2023, 2:26:43.264 PM","in_windowsdns_auditanalytics_sentinel_windows","im_etw","172.18.88.20","N/A",,,,,,,,,,,"N/A","NXLog_DNS_Server_CL",
"0b2a9277-f48f-49f6-b78d-d8bfd6dea87a",RestAPI,,,"7/27/2023, 2:26:44.063 PM",,,,,,,,,,,,,,,,,,,,,,,,"Microsoft-Windows-DNSServer","eb79061a-a566-4698-9119-3ed2807060e7",279,0,16,"Microsoft-Windows-DNS-Server/Analytical ",4,"Information ",0,1,"LOOK_UP ",9223372071214514176,"7/27/2023, 2:26:41.859 PM",2908,4024,INFO,2,INFO,windns,"NT AUTHORITY",SYSTEM,"S-1-5-18",User,33152,0,"172.18.88.20","172.18.88.20",1,"ipv4-weu-oi-ods-cses-e.westeurope.cloudapp.azure.com.",1,6385,52144,6385,true,false,false,QUERY,true,NOERROR,false,false,true,"[{""dns.query.name"":""0b2a9277-f48f-49f6-b78d-d8bfd6dea87a.ods.opinsights.azure.com"",""dns.query.type"":""A"",""dns.query.class"":""IN""}]",0x18F1818000010002000000002430623261393237372D663438662D343966362D623738642D643862666436646561383761036F64730A6F70696E73696768747305617A75726503636F6D0000010001,,,"7/27/2023, 2:26:43.279 PM","in_windowsdns_auditanalytics_sentinel_windows","im_etw","172.18.88.20","N/A",,,,,,,,,,,"N/A","NXLog_DNS_Server_CL",
"0b2a9277-f48f-49f6-b78d-d8bfd6dea87a",RestAPI,,,"7/27/2023, 2:26:44.063 PM",,,,,,,,,,,,,,,,,,,1,".",Default,"[{""dns.answer.name"":""ipv4-weu-oi-ods-cses-e.westeurope.cloudapp.azure.com"",""dns.answer.type"":""A"",""dns.answer.class"":""IN"",""dns.answer.ttl"":10,""dns.answer.data"":""13.69.106.94""}]",0,"Microsoft-Windows-DNSServer","eb79061a-a566-4698-9119-3ed2807060e7",261,0,16,"Microsoft-Windows-DNS-Server/Analytical ",4,"Information ",0,2,"RECURSE_QUERY ",9223372036854775840,"7/27/2023, 2:26:41.865 PM",2908,4024,INFO,2,INFO,windns,"NT AUTHORITY",SYSTEM,"S-1-5-18",User,33792,0,"0.0.0.0","13.107.236.201",,"ipv4-weu-oi-ods-cses-e.westeurope.cloudapp.azure.com.",1,26398,0,26398,false,false,true,QUERY,true,NOERROR,false,false,false,"[{""dns.query.name"":""ipv4-weu-oi-ods-cses-e.westeurope.cloudapp.azure.com"",""dns.query.type"":""A"",""dns.query.class"":""IN""}]",0x671E8400000100010000000116697076342D7765752D6F692D6F64732D637365732D650A776573746575726F706508636C6F756461707005617A75726503636F6D0000010001C00C000100010000000A00040D456A5E00002904D0000000000000,".","f8cfec29-6e93-4808-b0fb-b4dfefd71580","7/27/2023, 2:26:43.279 PM","in_windowsdns_auditanalytics_sentinel_windows","im_etw","172.18.88.20","N/A",,1,0,,,,,,,,,"NXLog_DNS_Server_CL",
"0b2a9277-f48f-49f6-b78d-d8bfd6dea87a",RestAPI,,,"7/27/2023, 2:26:44.063 PM",,,,,,,,,,,,,,,,,,,,,,"[{""dns.answer.name"":""0b2a9277-f48f-49f6-b78d-d8bfd6dea87a.ods.opinsights.azure.com"",""dns.answer.type"":""CNAME"",""dns.answer.class"":""IN"",""dns.answer.ttl"":75,""dns.answer.data"":""opinsightsweuods.trafficmanager.net""},{""dns.answer.name"":""opinsightsweuods.trafficmanager.net"",""dns.answer.type"":""CNAME"",""dns.answer.class"":""IN"",""dns.answer.ttl"":75,""dns.answer.data"":""ipv4-weu-oi-ods-cses-e.westeurope.cloudapp.azure.com""},{""dns.answer.name"":""ipv4-weu-oi-ods-cses-e.westeurope.cloudapp.azure.com"",""dns.answer.type"":""A"",""dns.answer.class"":""IN"",""dns.answer.ttl"":9,""dns.answer.data"":""13.69.106.94""}]",,"Microsoft-Windows-DNSServer","eb79061a-a566-4698-9119-3ed2807060e7",257,0,16,"Microsoft-Windows-DNS-Server/Analytical ",4,"Information ",0,1,"LOOK_UP ",9223372036854775810,"7/27/2023, 2:26:41.866 PM",2908,4024,INFO,2,INFO,windns,"NT AUTHORITY",SYSTEM,"S-1-5-18",User,33152,0,"172.18.88.20",,,"0b2a9277-f48f-49f6-b78d-d8bfd6dea87a.ods.opinsights.azure.com.",1,6385,52144,6385,true,false,false,QUERY,true,NOERROR,false,false,true,"[{""dns.query.name"":""0b2a9277-f48f-49f6-b78d-d8bfd6dea87a.ods.opinsights.azure.com"",""dns.query.type"":""A"",""dns.query.class"":""IN""}]",0x18F1818000010003000000002430623261393237372D663438662D343966362D623738642D643862666436646561383761036F64730A6F70696E73696768747305617A75726503636F6D0000010001C00C000500010000004B0025106F70696E7369676874737765756F64730E747261666669636D616E61676572036E657400C05B000500010000004B002D16697076342D7765752D6F692D6F64732D637365732D650A776573746575726F706508636C6F7564617070C040C08C000100010000000900040D456A5E,"VirtualizationInstance:.","f8cfec29-6e93-4808-b0fb-b4dfefd71580","7/27/2023, 2:26:43.279 PM","in_windowsdns_auditanalytics_sentinel_windows","im_etw","172.18.88.20","N/A","172.18.88.20",0,0,0,0,Default,"..Cache",NULL,,28,,"NXLog_DNS_Server_CL",
"0b2a9277-f48f-49f6-b78d-d8bfd6dea87a",RestAPI,,,"7/27/2023, 2:26:42.031 PM",,,,,,,,,,,,,,,,,,,,,,,,"Microsoft-Windows-DNSServer","eb79061a-a566-4698-9119-3ed2807060e7",256,0,16,"Microsoft-Windows-DNS-Server/Analytical ",4,"Information ",0,1,"LOOK_UP ",9223372036854775809,"7/27/2023, 2:26:40.240 PM",2908,4028,INFO,2,INFO,windns,"NT AUTHORITY",SYSTEM,"S-1-5-18",User,256,0,"172.18.88.20","172.18.88.20",1,"www.telecommandsvc.microsoft.com.",1,6949,59966,6949,true,false,false,QUERY,false,NOERROR,false,false,false,"[{""dns.query.name"":""www.telecommandsvc.microsoft.com"",""dns.query.type"":""A"",""dns.query.class"":""IN""}]",0x1B2501000001000000000000037777770E74656C65636F6D6D616E64737663096D6963726F736F667403636F6D0000010001,".","ade619f9-bc0d-4b0d-ab4c-389f7993e624","7/27/2023, 2:26:41.233 PM","in_windowsdns_auditanalytics_sentinel_windows","im_etw","172.18.88.20","N/A",,,,,,,,,,,,"NXLog_DNS_Server_CL",
"0b2a9277-f48f-49f6-b78d-d8bfd6dea87a",RestAPI,,,"7/27/2023, 2:26:42.031 PM",,,,,,,,,,,,,,,,,,6949,,".",Default,,,"Microsoft-Windows-DNSServer","eb79061a-a566-4698-9119-3ed2807060e7",260,0,16,"Microsoft-Windows-DNS-Server/Analytical ",4,"Information ",0,2,"RECURSE_QUERY ",9223372036854775824,"7/27/2023, 2:26:40.240 PM",2908,4028,INFO,2,INFO,windns,"NT AUTHORITY",SYSTEM,"S-1-5-18",User,0,0,"0.0.0.0",,0,"www.telecommandsvc.microsoft.com.",1,4251,0,4251,false,false,false,QUERY,false,NOERROR,false,false,false,"[{""dns.query.name"":""www.telecommandsvc.microsoft.com"",""dns.query.type"":""A"",""dns.query.class"":""IN""}]",0x109B00000001000000000001037777770E74656C65636F6D6D616E64737663096D6963726F736F667403636F6D00000100010000290FA0000000000000,".","ade619f9-bc0d-4b0d-ab4c-389f7993e624","7/27/2023, 2:26:41.233 PM","in_windowsdns_auditanalytics_sentinel_windows","im_etw","172.18.88.20","N/A","150.171.10.39",,,,,,,NULL,,,,"NXLog_DNS_Server_CL",
"0b2a9277-f48f-49f6-b78d-d8bfd6dea87a",RestAPI,,,"7/27/2023, 2:26:42.031 PM",,,,,,,,,,,,,,,,,,,,,,,,"Microsoft-Windows-DNSServer","eb79061a-a566-4698-9119-3ed2807060e7",256,0,16,"Microsoft-Windows-DNS-Server/Analytical ",4,"Information ",0,1,"LOOK_UP ",9223372036854775809,"7/27/2023, 2:26:40.265 PM",2908,4028,INFO,2,INFO,windns,"NT AUTHORITY",SYSTEM,"S-1-5-18",User,256,0,"172.18.88.20","172.18.88.20",1,"www.telecommandsvc.microsoft.com.",1,6949,59966,6949,true,false,false,QUERY,false,NOERROR,false,false,false,"[{""dns.query.name"":""www.telecommandsvc.microsoft.com"",""dns.query.type"":""A"",""dns.query.class"":""IN""}]",0x1B2501000001000000000000037777770E74656C65636F6D6D616E64737663096D6963726F736F667403636F6D0000010001,".","3ae7c8c9-56ce-4f41-ae5a-058e48095277","7/27/2023, 2:26:41.233 PM","in_windowsdns_auditanalytics_sentinel_windows","im_etw","172.18.88.20","N/A",,,,,,,,,,,,"NXLog_DNS_Server_CL",
"0b2a9277-f48f-49f6-b78d-d8bfd6dea87a",RestAPI,,,"7/27/2023, 2:26:42.031 PM",,,,,,,,,,,,,,,,,,,1,".",Default,"[{""dns.answer.name"":""www.telecommandsvc.microsoft.com"",""dns.answer.type"":""CNAME"",""dns.answer.class"":""IN"",""dns.answer.ttl"":3600,""dns.answer.data"":""telecommand.azurewebsites.net""}]",0,"Microsoft-Windows-DNSServer","eb79061a-a566-4698-9119-3ed2807060e7",261,0,16,"Microsoft-Windows-DNS-Server/Analytical ",4,"Information ",0,2,"RECURSE_QUERY ",9223372036854775840,"7/27/2023, 2:26:40.268 PM",2908,4028,INFO,2,INFO,windns,"NT AUTHORITY",SYSTEM,"S-1-5-18",User,33792,0,"0.0.0.0","150.171.10.39",,"www.telecommandsvc.microsoft.com.",1,4251,0,4251,false,false,true,QUERY,true,NOERROR,false,false,false,"[{""dns.query.name"":""www.telecommandsvc.microsoft.com"",""dns.query.type"":""A"",""dns.query.class"":""IN""}]",0x109B84000001000100000001037777770E74656C65636F6D6D616E64737663096D6963726F736F667403636F6D0000010001C00C0005000100000E10001F0B74656C65636F6D6D616E640D617A7572657765627369746573036E65740000002904D0000000000000,".","ade619f9-bc0d-4b0d-ab4c-389f7993e624","7/27/2023, 2:26:41.248 PM","in_windowsdns_auditanalytics_sentinel_windows","im_etw","172.18.88.20","N/A",,1,0,,,,,,,,,"NXLog_DNS_Server_CL",
"0b2a9277-f48f-49f6-b78d-d8bfd6dea87a",RestAPI,,,"7/27/2023, 2:26:42.031 PM",,,,,,,,,,,,,,,,,,,,,,,,"Microsoft-Windows-DNSServer","eb79061a-a566-4698-9119-3ed2807060e7",279,0,16,"Microsoft-Windows-DNS-Server/Analytical ",4,"Information ",0,1,"LOOK_UP ",9223372071214514176,"7/27/2023, 2:26:40.268 PM",2908,4028,INFO,2,INFO,windns,"NT AUTHORITY",SYSTEM,"S-1-5-18",User,33152,0,"172.18.88.20","172.18.88.20",1,"telecommand.azurewebsites.net.",1,6949,59966,6949,true,false,false,QUERY,true,NOERROR,false,false,true,"[{""dns.query.name"":""www.telecommandsvc.microsoft.com"",""dns.query.type"":""A"",""dns.query.class"":""IN""}]",0x1B2581800001000100000000037777770E74656C65636F6D6D616E64737663096D6963726F736F667403636F6D0000010001,,,"7/27/2023, 2:26:41.248 PM","in_windowsdns_auditanalytics_sentinel_windows","im_etw","172.18.88.20","N/A",,,,,,,,,,,"N/A","NXLog_DNS_Server_CL",
"0b2a9277-f48f-49f6-b78d-d8bfd6dea87a",RestAPI,,,"7/27/2023, 2:26:42.031 PM",,,,,,,,,,,,,,,,,,6949,,".",Default,,,"Microsoft-Windows-DNSServer","eb79061a-a566-4698-9119-3ed2807060e7",260,0,16,"Microsoft-Windows-DNS-Server/Analytical ",4,"Information ",0,2,"RECURSE_QUERY ",9223372036854775824,"7/27/2023, 2:26:40.269 PM",2908,4028,INFO,2,INFO,windns,"NT AUTHORITY",SYSTEM,"S-1-5-18",User,0,0,"0.0.0.0",,0,"telecommand.azurewebsites.NET.",1,45891,0,45891,false,false,false,QUERY,false,NOERROR,false,false,false,"[{""dns.query.name"":""telecommand.azurewebsites.NET"",""dns.query.type"":""A"",""dns.query.class"":""IN""}]",0xB343000000010000000000010B74656C65636F6D6D616E640D617A7572657765627369746573034E455400000100010000290FA0000000000000,".","ade619f9-bc0d-4b0d-ab4c-389f7993e624","7/27/2023, 2:26:41.764 PM","in_windowsdns_auditanalytics_sentinel_windows","im_etw","172.18.88.20","N/A","192.43.172.30",,,,,,,NULL,,,,"NXLog_DNS_Server_CL",
"0b2a9277-f48f-49f6-b78d-d8bfd6dea87a",RestAPI,,,"7/27/2023, 2:26:47.388 PM",,,,,,,,,,,,,,,,,,,,,,,,"Microsoft-Windows-DNSServer","eb79061a-a566-4698-9119-3ed2807060e7",256,0,16,"Microsoft-Windows-DNS-Server/Analytical ",4,"Information ",0,1,"LOOK_UP ",9223372036854775809,"7/27/2023, 2:26:44.617 PM",2908,4024,INFO,2,INFO,windns,"NT AUTHORITY",SYSTEM,"S-1-5-18",User,256,0,"172.18.88.20","172.18.88.20",1,"ctldl.windowsupdate.com.",1,25523,49658,25523,true,false,false,QUERY,false,NOERROR,false,false,false,"[{""dns.query.name"":""ctldl.windowsupdate.com"",""dns.query.type"":""A"",""dns.query.class"":""IN""}]",0x63B3010000010000000000000563746C646C0D77696E646F777375706461746503636F6D0000010001,".","e6ee7143-6e28-4fe5-8e1d-54fb9251b653","7/27/2023, 2:26:46.623 PM","in_windowsdns_auditanalytics_sentinel_windows","im_etw","172.18.88.20","N/A",,,,,,,,,,,,"NXLog_DNS_Server_CL",
"0b2a9277-f48f-49f6-b78d-d8bfd6dea87a",RestAPI,,,"7/27/2023, 2:26:47.388 PM",,,,,,,,,,,,,,,,,,,,,,,,"Microsoft-Windows-DNSServer","eb79061a-a566-4698-9119-3ed2807060e7",279,0,16,"Microsoft-Windows-DNS-Server/Analytical ",4,"Information ",0,1,"LOOK_UP ",9223372071214514176,"7/27/2023, 2:26:44.617 PM",2908,4024,INFO,2,INFO,windns,"NT AUTHORITY",SYSTEM,"S-1-5-18",User,33152,0,"172.18.88.20","172.18.88.20",1,"wu-bg-shim.trafficmanager.net.",1,25523,49658,25523,true,false,false,QUERY,true,NOERROR,false,false,true,"[{""dns.query.name"":""ctldl.windowsupdate.com"",""dns.query.type"":""A"",""dns.query.class"":""IN""}]",0x63B3818000010001000000000563746C646C0D77696E646F777375706461746503636F6D0000010001,,,"7/27/2023, 2:26:46.623 PM","in_windowsdns_auditanalytics_sentinel_windows","im_etw","172.18.88.20","N/A",,,,,,,,,,,"N/A","NXLog_DNS_Server_CL",
"0b2a9277-f48f-49f6-b78d-d8bfd6dea87a",RestAPI,,,"7/27/2023, 2:26:47.388 PM",,,,,,,,,,,,,,,,,,25523,,".",Default,,,"Microsoft-Windows-DNSServer","eb79061a-a566-4698-9119-3ed2807060e7",260,0,16,"Microsoft-Windows-DNS-Server/Analytical ",4,"Information ",0,2,"RECURSE_QUERY ",9223372036854775824,"7/27/2023, 2:26:44.617 PM",2908,4024,INFO,2,INFO,windns,"NT AUTHORITY",SYSTEM,"S-1-5-18",User,0,0,"0.0.0.0",,0,"wu-bg-shim.trafficmanager.NET.",1,49867,0,49867,false,false,false,QUERY,false,NOERROR,false,false,false,"[{""dns.query.name"":""wu-bg-shim.trafficmanager.NET"",""dns.query.type"":""A"",""dns.query.class"":""IN""}]",0xC2CB000000010000000000010A77752D62672D7368696D0E747261666669636D616E61676572034E455400000100010000290FA0000000000000,".","e6ee7143-6e28-4fe5-8e1d-54fb9251b653","7/27/2023, 2:26:46.623 PM","in_windowsdns_auditanalytics_sentinel_windows","im_etw","172.18.88.20","N/A","13.107.222.240",,,,,,,NULL,,,,"NXLog_DNS_Server_CL",
"0b2a9277-f48f-49f6-b78d-d8bfd6dea87a",RestAPI,,,"7/27/2023, 2:26:47.388 PM",,,,,,,,,,,,,,,,,,,,,,,,"Microsoft-Windows-DNSServer","eb79061a-a566-4698-9119-3ed2807060e7",256,0,16,"Microsoft-Windows-DNS-Server/Analytical ",4,"Information ",0,1,"LOOK_UP ",9223372036854775809,"7/27/2023, 2:26:44.639 PM",2908,4024,INFO,2,INFO,windns,"NT AUTHORITY",SYSTEM,"S-1-5-18",User,256,0,"172.18.88.20","172.18.88.20",1,"ctldl.windowsupdate.com.",1,25523,49658,25523,true,false,false,QUERY,false,NOERROR,false,false,false,"[{""dns.query.name"":""ctldl.windowsupdate.com"",""dns.query.type"":""A"",""dns.query.class"":""IN""}]",0x63B3010000010000000000000563746C646C0D77696E646F777375706461746503636F6D0000010001,".","48bd595b-6eb2-489c-ab13-f2433146982f","7/27/2023, 2:26:46.623 PM","in_windowsdns_auditanalytics_sentinel_windows","im_etw","172.18.88.20","N/A",,,,,,,,,,,,"NXLog_DNS_Server_CL",
"0b2a9277-f48f-49f6-b78d-d8bfd6dea87a",RestAPI,,,"7/27/2023, 2:26:47.388 PM",,,,,,,,,,,,,,,,,,,,,,,,"Microsoft-Windows-DNSServer","eb79061a-a566-4698-9119-3ed2807060e7",279,0,16,"Microsoft-Windows-DNS-Server/Analytical ",4,"Information ",0,1,"LOOK_UP ",9223372071214514176,"7/27/2023, 2:26:44.639 PM",2908,4024,INFO,2,INFO,windns,"NT AUTHORITY",SYSTEM,"S-1-5-18",User,33152,0,"172.18.88.20","172.18.88.20",1,"wu-bg-shim.trafficmanager.net.",1,25523,49658,25523,true,false,false,QUERY,true,NOERROR,false,false,true,"[{""dns.query.name"":""ctldl.windowsupdate.com"",""dns.query.type"":""A"",""dns.query.class"":""IN""}]",0x63B3818000010001000000000563746C646C0D77696E646F777375706461746503636F6D0000010001,,,"7/27/2023, 2:26:46.623 PM","in_windowsdns_auditanalytics_sentinel_windows","im_etw","172.18.88.20","N/A",,,,,,,,,,,"N/A","NXLog_DNS_Server_CL",
"0b2a9277-f48f-49f6-b78d-d8bfd6dea87a",RestAPI,,,"7/27/2023, 2:26:47.388 PM",,,,,,,,,,,,,,,,,,,1,".",Default,"[{""dns.answer.name"":""wu-bg-shim.trafficmanager.NET"",""dns.answer.type"":""CNAME"",""dns.answer.class"":""IN"",""dns.answer.ttl"":600,""dns.answer.data"":""cds.d2s7q6s2.hwcdn.NET""}]",0,"Microsoft-Windows-DNSServer","eb79061a-a566-4698-9119-3ed2807060e7",261,0,16,"Microsoft-Windows-DNS-Server/Analytical ",4,"Information ",0,2,"RECURSE_QUERY ",9223372036854775840,"7/27/2023, 2:26:44.649 PM",2908,4024,INFO,2,INFO,windns,"NT AUTHORITY",SYSTEM,"S-1-5-18",User,33792,0,"0.0.0.0","13.107.222.240",,"wu-bg-shim.trafficmanager.NET.",1,49867,0,49867,false,false,true,QUERY,true,NOERROR,false,false,false,"[{""dns.query.name"":""wu-bg-shim.trafficmanager.NET"",""dns.query.type"":""A"",""dns.query.class"":""IN""}]",0xC2CB840000010001000000010A77752D62672D7368696D0E747261666669636D616E61676572034E45540000010001C00C000500010000025800150363647308643273377136733205687763646EC02600002904D0000000000000,".","e6ee7143-6e28-4fe5-8e1d-54fb9251b653","7/27/2023, 2:26:46.623 PM","in_windowsdns_auditanalytics_sentinel_windows","im_etw","172.18.88.20","N/A",,1,0,,,,,,,,,"NXLog_DNS_Server_CL",
"0b2a9277-f48f-49f6-b78d-d8bfd6dea87a",RestAPI,,,"7/27/2023, 2:26:47.388 PM",,,,,,,,,,,,,,,,,,,,,,,,"Microsoft-Windows-DNSServer","eb79061a-a566-4698-9119-3ed2807060e7",279,0,16,"Microsoft-Windows-DNS-Server/Analytical ",4,"Information ",0,1,"LOOK_UP ",9223372071214514176,"7/27/2023, 2:26:44.649 PM",2908,4024,INFO,2,INFO,windns,"NT AUTHORITY",SYSTEM,"S-1-5-18",User,33152,0,"172.18.88.20","172.18.88.20",1,"cds.d2s7q6s2.hwcdn.net.",1,25523,49658,25523,true,false,false,QUERY,true,NOERROR,false,false,true,"[{""dns.query.name"":""ctldl.windowsupdate.com"",""dns.query.type"":""A"",""dns.query.class"":""IN""}]",0x63B3818000010002000000000563746C646C0D77696E646F777375706461746503636F6D0000010001,,,"7/27/2023, 2:26:46.623 PM","in_windowsdns_auditanalytics_sentinel_windows","im_etw","172.18.88.20","N/A",,,,,,,,,,,"N/A","NXLog_DNS_Server_CL",
