"00000000-0000-0000-0000-000000000000","4/29/2023, 7:47:58.105 PM",OpsManager,,,"DC1.kustoworks.com","Microsoft-Windows-Security-Auditing",Security,12804,0,"<EventData xmlns=""http://schemas.microsoft.com/win/2004/08/events/event"">
  <Data Name=""SubjectUserSid"">S-1-5-21-2496762881-1366215883-1809657155-500</Data>
  <Data Name=""SubjectUserName"">Administrator</Data>
  <Data Name=""SubjectDomainName"">KUSTOWORKS</Data>
  <Data Name=""SubjectLogonId"">0xe70f08</Data>
  <Data Name=""TaskName"">\Microsoft\Windows\CertificateServicesClient\Notification\ReplaceOMCert</Data>
  <Data Name=""TaskContent"">&lt;?xml version=""1.0"" encoding=""UTF-16""?&gt; &lt;Task version=""1.2"" xmlns=""http://schemas.microsoft.com/windows/2004/02/mit/task""&gt;   &lt;RegistrationInfo&gt;     &lt;URI&gt;\Microsoft\Windows\CertificateServicesClient\Notification\ReplaceOMCert&lt;/URI&gt;   &lt;/RegistrationInfo&gt;   &lt;Triggers&gt;     &lt;EventTrigger&gt;       &lt;Enabled&gt;true&lt;/Enabled&gt;       &lt;Subscription&gt;&amp;lt;QueryList&amp;gt;&amp;lt;Query Id='0'&amp;gt;&amp;lt;Select Path='Microsoft-Windows-CertificateServicesClient-Lifecycle-System/Operational'&amp;gt;*[System[EventID=1001]]&amp;lt;/Select&amp;gt;&amp;lt;/Query&amp;gt;&amp;lt;/QueryList&amp;gt;&lt;/Subscription&gt;       &lt;ValueQueries&gt;         &lt;Value name=""CertHash""&gt;Event/UserData/CertNotificationData/CertificateDetails/@Thumbprint&lt;/Value&gt;         &lt;Value name=""EventRecordId""&gt;Event/System/EventRecordID&lt;/Value&gt;         &lt;Value name=""NewCertHash""&gt;Event/UserData/CertNotificationData/NewCertificateDetails/@Thumbprint&lt;/Value&gt;         &lt;Value name=""OldCertHash""&gt;Event/UserData/CertNotificationData/OldCertificateDetails/@Thumbprint&lt;/Value&gt;       &lt;/ValueQueries&gt;     &lt;/EventTrigger&gt;   &lt;/Triggers&gt;   &lt;Principals&gt;     &lt;Principal id=""System""&gt;       &lt;UserId&gt;S-1-5-18&lt;/UserId&gt;       &lt;RunLevel&gt;HighestAvailable&lt;/RunLevel&gt;     &lt;/Principal&gt;   &lt;/Principals&gt;   &lt;Settings&gt;     &lt;MultipleInstancesPolicy&gt;Queue&lt;/MultipleInstancesPolicy&gt;     &lt;DisallowStartIfOnBatteries&gt;false&lt;/DisallowStartIfOnBatteries&gt;     &lt;StopIfGoingOnBatteries&gt;true&lt;/StopIfGoingOnBatteries&gt;     &lt;AllowHardTerminate&gt;true&lt;/AllowHardTerminate&gt;     &lt;StartWhenAvailable&gt;false&lt;/StartWhenAvailable&gt;     &lt;RunOnlyIfNetworkAvailable&gt;false&lt;/RunOnlyIfNetworkAvailable&gt;     &lt;IdleSettings&gt;       &lt;StopOnIdleEnd&gt;true&lt;/StopOnIdleEnd&gt;       &lt;RestartOnIdle&gt;false&lt;/RestartOnIdle&gt;     &lt;/IdleSettings&gt;     &lt;AllowStartOnDemand&gt;true&lt;/AllowStartOnDemand&gt;     &lt;Enabled&gt;true&lt;/Enabled&gt;     &lt;Hidden&gt;false&lt;/Hidden&gt;     &lt;RunOnlyIfIdle&gt;false&lt;/RunOnlyIfIdle&gt;     &lt;WakeToRun&gt;false&lt;/WakeToRun&gt;     &lt;ExecutionTimeLimit&gt;PT1H&lt;/ExecutionTimeLimit&gt;     &lt;Priority&gt;7&lt;/Priority&gt;     &lt;RestartOnFailure&gt;       &lt;Interval&gt;PT10M&lt;/Interval&gt;       &lt;Count&gt;3&lt;/Count&gt;     &lt;/RestartOnFailure&gt;   &lt;/Settings&gt;   &lt;Actions Context=""System""&gt;     &lt;Exec&gt;       &lt;Command&gt;%SystemRoot%\System32\WindowsPowerShell\v1.0\powershell.exe&lt;/Command&gt;       &lt;Arguments&gt;-NonInteractive -File ""C:\Program Files\Microsoft Monitoring Agent\Agent\Tools\UpdateOMCert.ps1"" -OldCertHash $(OldCertHash) -NewCertHash $(NewCertHash) -EventRecordId $(EventRecordId)&lt;/Arguments&gt;     &lt;/Exec&gt;   &lt;/Actions&gt; &lt;/Task&gt;</Data>
  <Data Name=""ClientProcessStartKey"">16888498602639648</Data>
  <Data Name=""ClientProcessId"">5728</Data>
  <Data Name=""ParentProcessId"">5268</Data>
  <Data Name=""RpcCallClientLocality"">0</Data>
  <Data Name=""FQDN"">DC1.kustoworks.com</Data>
</EventData>",4698,"4698 - A scheduled task was created.","cc046e6c-795c-47b2-a5ae-c9a0645e6d32","cc046e6c-795c-47b2-a5ae-c9a0645e6d33","00000000-0000-0000-0000-000000000001","4/29/2023, 7:48:28.434 PM","AOI-00000000-0000-0000-0000-000000000000",,,,,,,,,,,,,,,,,,,,,,,,,,,,,,,,,,,,,,,,,,,,,,,,,,,,,,,,,,,,,,,,,,,,,,,,,,,,,,,,,,,,,,,,,,,,,,,,,,,,,,,,,,,,,,,,,,,,,,,,,,,,,,,,,,,,,,,,,,,,,,,,,,,,,,,,,,,,,,,,,,,,,,,,,,,,,,,,,,,,,,,,,,,,,,,,,,,,,,,,,,,,,,SecurityEvent,"/subscriptions/00000000-0000-0000-0000-000000000000/resourcegroups/kustoworksarc/providers/microsoft.hybridcompute/machines/dc1"
"00000000-0000-0000-0000-000000000000","4/23/2023, 6:26:50.292 PM",OpsManager,,,"DC1.kustoworks.com","Microsoft-Windows-Security-Auditing",Security,1,0,"<EventData xmlns=""http://schemas.microsoft.com/win/2004/08/events/event"">
  <Data Name=""SubjectUserSid"">S-1-5-18</Data>
  <Data Name=""SubjectUserName"">DC1$</Data>
  <Data Name=""SubjectDomainName"">KUSTOWORKS</Data>
  <Data Name=""SubjectLogonId"">0x3e7</Data>
  <Data Name=""TaskName"">\Microsoft\Windows\Windows Defender\Windows Defender Scheduled Scan</Data>
  <Data Name=""TaskContent"" />
  <Data Name=""ClientProcessStartKey"">14355223812243514</Data>
  <Data Name=""ClientProcessId"">2476</Data>
  <Data Name=""ParentProcessId"">684</Data>
  <Data Name=""RpcCallClientLocality"">0</Data>
  <Data Name=""FQDN"">DC1.kustoworks.com</Data>
</EventData>",4699,"4699 - A scheduled task was deleted.","cc046e6c-795c-47b2-a5ae-c9a0645e6d32","cc046e6c-795c-47b2-a5ae-c9a0645e6d33","00000000-0000-0000-0000-000000000001","4/23/2023, 6:27:14.217 PM","AOI-00000000-0000-0000-0000-000000000000",,,,,,,,,,,,,,,,,,,,,,,,,,,,,,,,,,,,,,,,,,,,,,,,,,,,,,,,,,,,,,,,,,,,,,,,,,,,,,,,,,,,,,,,,,,,,,,,,,,,,,,,,,,,,,,,,,,,,,,,,,,,,,,,,,,,,,,,,,,,,,,,,,,,,,,,,,,,,,,,,,,,,,,,,,,,,,,,,,,,,,,,,,,,,,,,,,,,,,,,,,,,,,SecurityEvent,"/subscriptions/00000000-0000-0000-0000-000000000000/resourcegroups/kustoworksarc/providers/microsoft.hybridcompute/machines/dc1"
"00000000-0000-0000-0000-000000000000","4/23/2023, 6:21:31.663 PM",OpsManager,,,"DC1.kustoworks.com","Microsoft-Windows-Security-Auditing",Security,1,0,"<EventData xmlns=""http://schemas.microsoft.com/win/2004/08/events/event"">
  <Data Name=""SubjectUserSid"">S-1-5-21-2496762881-1366215883-1809657155-500</Data>
  <Data Name=""SubjectUserName"">Administrator</Data>
  <Data Name=""SubjectDomainName"">KUSTOWORKS</Data>
  <Data Name=""SubjectLogonId"">0x1ad0fc</Data>
  <Data Name=""TaskName"">\CreateExplorerShellUnelevatedTask</Data>
  <Data Name=""TaskContent"" />
  <Data Name=""ClientProcessStartKey"">14355223812243665</Data>
  <Data Name=""ClientProcessId"">3900</Data>
  <Data Name=""ParentProcessId"">1556</Data>
  <Data Name=""RpcCallClientLocality"">0</Data>
  <Data Name=""FQDN"">DC1.kustoworks.com</Data>
</EventData>",4699,"4699 - A scheduled task was deleted.","cc046e6c-795c-47b2-a5ae-c9a0645e6d32","cc046e6c-795c-47b2-a5ae-c9a0645e6d33","00000000-0000-0000-0000-000000000001","4/23/2023, 6:25:40.551 PM","AOI-00000000-0000-0000-0000-000000000000",,,,,,,,,,,,,,,,,,,,,,,,,,,,,,,,,,,,,,,,,,,,,,,,,,,,,,,,,,,,,,,,,,,,,,,,,,,,,,,,,,,,,,,,,,,,,,,,,,,,,,,,,,,,,,,,,,,,,,,,,,,,,,,,,,,,,,,,,,,,,,,,,,,,,,,,,,,,,,,,,,,,,,,,,,,,,,,,,,,,,,,,,,,,,,,,,,,,,,,,,,,,,,SecurityEvent,"/subscriptions/00000000-0000-0000-0000-000000000000/resourcegroups/kustoworksarc/providers/microsoft.hybridcompute/machines/dc1"
"00000000-0000-0000-0000-000000000000","4/23/2023, 6:25:27.088 PM",OpsManager,,,"DC1.kustoworks.com","Microsoft-Windows-Security-Auditing",Security,1,0,"<EventData xmlns=""http://schemas.microsoft.com/win/2004/08/events/event"">
  <Data Name=""SubjectUserSid"">S-1-5-21-2496762881-1366215883-1809657155-500</Data>
  <Data Name=""SubjectUserName"">Administrator</Data>
  <Data Name=""SubjectDomainName"">KUSTOWORKS</Data>
  <Data Name=""SubjectLogonId"">0x1ad0fc</Data>
  <Data Name=""TaskName"">\KustoKing</Data>
  <Data Name=""TaskContent"" />
  <Data Name=""ClientProcessStartKey"">14355223812243727</Data>
  <Data Name=""ClientProcessId"">6756</Data>
  <Data Name=""ParentProcessId"">5640</Data>
  <Data Name=""RpcCallClientLocality"">0</Data>
  <Data Name=""FQDN"">DC1.kustoworks.com</Data>
</EventData>",4699,"4699 - A scheduled task was deleted.","cc046e6c-795c-47b2-a5ae-c9a0645e6d32","cc046e6c-795c-47b2-a5ae-c9a0645e6d33","00000000-0000-0000-0000-000000000001","4/23/2023, 6:26:40.372 PM","AOI-00000000-0000-0000-0000-000000000000",,,,,,,,,,,,,,,,,,,,,,,,,,,,,,,,,,,,,,,,,,,,,,,,,,,,,,,,,,,,,,,,,,,,,,,,,,,,,,,,,,,,,,,,,,,,,,,,,,,,,,,,,,,,,,,,,,,,,,,,,,,,,,,,,,,,,,,,,,,,,,,,,,,,,,,,,,,,,,,,,,,,,,,,,,,,,,,,,,,,,,,,,,,,,,,,,,,,,,,,,,,,,,SecurityEvent,"/subscriptions/00000000-0000-0000-0000-000000000000/resourcegroups/kustoworksarc/providers/microsoft.hybridcompute/machines/dc1"
"00000000-0000-0000-0000-000000000000","4/23/2023, 7:12:01.965 PM",OpsManager,,,"DC1.kustoworks.com","Microsoft-Windows-Security-Auditing",Security,1,0,"<EventData xmlns=""http://schemas.microsoft.com/win/2004/08/events/event"">
  <Data Name=""SubjectUserSid"">S-1-5-18</Data>
  <Data Name=""SubjectUserName"">DC1$</Data>
  <Data Name=""SubjectDomainName"">KUSTOWORKS</Data>
  <Data Name=""SubjectLogonId"">0x3e7</Data>
  <Data Name=""TaskName"">\Microsoft\Windows\Windows Defender\Windows Defender Scheduled Scan</Data>
  <Data Name=""TaskContent"" />
  <Data Name=""ClientProcessStartKey"">14918173765664830</Data>
  <Data Name=""ClientProcessId"">2468</Data>
  <Data Name=""ParentProcessId"">708</Data>
  <Data Name=""RpcCallClientLocality"">0</Data>
  <Data Name=""FQDN"">DC1.kustoworks.com</Data>
</EventData>",4699,"4699 - A scheduled task was deleted.","cc046e6c-795c-47b2-a5ae-c9a0645e6d32","cc046e6c-795c-47b2-a5ae-c9a0645e6d33","00000000-0000-0000-0000-000000000001","4/23/2023, 7:12:30.047 PM","AOI-00000000-0000-0000-0000-000000000000",,,,,,,,,,,,,,,,,,,,,,,,,,,,,,,,,,,,,,,,,,,,,,,,,,,,,,,,,,,,,,,,,,,,,,,,,,,,,,,,,,,,,,,,,,,,,,,,,,,,,,,,,,,,,,,,,,,,,,,,,,,,,,,,,,,,,,,,,,,,,,,,,,,,,,,,,,,,,,,,,,,,,,,,,,,,,,,,,,,,,,,,,,,,,,,,,,,,,,,,,,,,,,SecurityEvent,"/subscriptions/00000000-0000-0000-0000-000000000000/resourcegroups/kustoworksarc/providers/microsoft.hybridcompute/machines/dc1"
"00000000-0000-0000-0000-000000000000","4/23/2023, 6:48:26.335 PM",OpsManager,,,"DC1.kustoworks.com","Microsoft-Windows-Security-Auditing",Security,1,0,"<EventData xmlns=""http://schemas.microsoft.com/win/2004/08/events/event"">
  <Data Name=""SubjectUserSid"">S-1-5-21-2496762881-1366215883-1809657155-500</Data>
  <Data Name=""SubjectUserName"">Administrator</Data>
  <Data Name=""SubjectDomainName"">KUSTOWORKS</Data>
  <Data Name=""SubjectLogonId"">0xd7ac8</Data>
  <Data Name=""TaskName"">\CreateExplorerShellUnelevatedTask</Data>
  <Data Name=""TaskContent"" />
  <Data Name=""ClientProcessStartKey"">14636698788954247</Data>
  <Data Name=""ClientProcessId"">4504</Data>
  <Data Name=""ParentProcessId"">4580</Data>
  <Data Name=""RpcCallClientLocality"">0</Data>
  <Data Name=""FQDN"">DC1.kustoworks.com</Data>
</EventData>",4699,"4699 - A scheduled task was deleted.","cc046e6c-795c-47b2-a5ae-c9a0645e6d32","cc046e6c-795c-47b2-a5ae-c9a0645e6d33","00000000-0000-0000-0000-000000000001","4/23/2023, 6:54:59.503 PM","AOI-00000000-0000-0000-0000-000000000000",,,,,,,,,,,,,,,,,,,,,,,,,,,,,,,,,,,,,,,,,,,,,,,,,,,,,,,,,,,,,,,,,,,,,,,,,,,,,,,,,,,,,,,,,,,,,,,,,,,,,,,,,,,,,,,,,,,,,,,,,,,,,,,,,,,,,,,,,,,,,,,,,,,,,,,,,,,,,,,,,,,,,,,,,,,,,,,,,,,,,,,,,,,,,,,,,,,,,,,,,,,,,,SecurityEvent,"/subscriptions/00000000-0000-0000-0000-000000000000/resourcegroups/kustoworksarc/providers/microsoft.hybridcompute/machines/dc1"
"00000000-0000-0000-0000-000000000000","4/23/2023, 6:57:27.931 PM",OpsManager,,,"DC1.kustoworks.com","Microsoft-Windows-Security-Auditing",Security,1,0,"<EventData xmlns=""http://schemas.microsoft.com/win/2004/08/events/event"">
  <Data Name=""SubjectUserSid"">S-1-5-18</Data>
  <Data Name=""SubjectUserName"">DC1$</Data>
  <Data Name=""SubjectDomainName"">KUSTOWORKS</Data>
  <Data Name=""SubjectLogonId"">0x3e7</Data>
  <Data Name=""TaskName"">\Microsoft\Windows\Windows Defender\Windows Defender Scheduled Scan</Data>
  <Data Name=""TaskContent"" />
  <Data Name=""ClientProcessStartKey"">14636698788954176</Data>
  <Data Name=""ClientProcessId"">2944</Data>
  <Data Name=""ParentProcessId"">688</Data>
  <Data Name=""RpcCallClientLocality"">0</Data>
  <Data Name=""FQDN"">DC1.kustoworks.com</Data>
</EventData>",4699,"4699 - A scheduled task was deleted.","cc046e6c-795c-47b2-a5ae-c9a0645e6d32","cc046e6c-795c-47b2-a5ae-c9a0645e6d33","00000000-0000-0000-0000-000000000001","4/23/2023, 6:57:53.895 PM","AOI-00000000-0000-0000-0000-000000000000",,,,,,,,,,,,,,,,,,,,,,,,,,,,,,,,,,,,,,,,,,,,,,,,,,,,,,,,,,,,,,,,,,,,,,,,,,,,,,,,,,,,,,,,,,,,,,,,,,,,,,,,,,,,,,,,,,,,,,,,,,,,,,,,,,,,,,,,,,,,,,,,,,,,,,,,,,,,,,,,,,,,,,,,,,,,,,,,,,,,,,,,,,,,,,,,,,,,,,,,,,,,,,SecurityEvent,"/subscriptions/00000000-0000-0000-0000-000000000000/resourcegroups/kustoworksarc/providers/microsoft.hybridcompute/machines/dc1"
"00000000-0000-0000-0000-000000000000","4/23/2023, 7:03:41.296 PM",OpsManager,,,"DC1.kustoworks.com","Microsoft-Windows-Security-Auditing",Security,1,0,"<EventData xmlns=""http://schemas.microsoft.com/win/2004/08/events/event"">
  <Data Name=""SubjectUserSid"">S-1-5-21-2496762881-1366215883-1809657155-500</Data>
  <Data Name=""SubjectUserName"">Administrator</Data>
  <Data Name=""SubjectDomainName"">KUSTOWORKS</Data>
  <Data Name=""SubjectLogonId"">0xbbca8</Data>
  <Data Name=""TaskName"">\CreateExplorerShellUnelevatedTask</Data>
  <Data Name=""TaskContent"" />
  <Data Name=""ClientProcessStartKey"">14918173765664901</Data>
  <Data Name=""ClientProcessId"">2968</Data>
  <Data Name=""ParentProcessId"">384</Data>
  <Data Name=""RpcCallClientLocality"">0</Data>
  <Data Name=""FQDN"">DC1.kustoworks.com</Data>
</EventData>",4699,"4699 - A scheduled task was deleted.","cc046e6c-795c-47b2-a5ae-c9a0645e6d32","cc046e6c-795c-47b2-a5ae-c9a0645e6d33","00000000-0000-0000-0000-000000000001","4/23/2023, 7:08:59.569 PM","AOI-00000000-0000-0000-0000-000000000000",,,,,,,,,,,,,,,,,,,,,,,,,,,,,,,,,,,,,,,,,,,,,,,,,,,,,,,,,,,,,,,,,,,,,,,,,,,,,,,,,,,,,,,,,,,,,,,,,,,,,,,,,,,,,,,,,,,,,,,,,,,,,,,,,,,,,,,,,,,,,,,,,,,,,,,,,,,,,,,,,,,,,,,,,,,,,,,,,,,,,,,,,,,,,,,,,,,,,,,,,,,,,,SecurityEvent,"/subscriptions/00000000-0000-0000-0000-000000000000/resourcegroups/kustoworksarc/providers/microsoft.hybridcompute/machines/dc1"
"00000000-0000-0000-0000-000000000000","4/29/2023, 7:07:22.909 PM",OpsManager,,,"DC1.kustoworks.com","Microsoft-Windows-Security-Auditing",Security,12804,0,"<EventData xmlns=""http://schemas.microsoft.com/win/2004/08/events/event"">
  <Data Name=""SubjectUserSid"">S-1-5-21-2496762881-1366215883-1809657155-500</Data>
  <Data Name=""SubjectUserName"">Administrator</Data>
  <Data Name=""SubjectDomainName"">KUSTOWORKS</Data>
  <Data Name=""SubjectLogonId"">0x1a879d</Data>
  <Data Name=""TaskName"">\CreateExplorerShellUnelevatedTask</Data>
  <Data Name=""TaskContent"" />
  <Data Name=""ClientProcessStartKey"">16607023625928838</Data>
  <Data Name=""ClientProcessId"">1016</Data>
  <Data Name=""ParentProcessId"">456</Data>
  <Data Name=""RpcCallClientLocality"">0</Data>
  <Data Name=""FQDN"">DC1.kustoworks.com</Data>
</EventData>",4699,"4699 - A scheduled task was deleted.","cc046e6c-795c-47b2-a5ae-c9a0645e6d32","cc046e6c-795c-47b2-a5ae-c9a0645e6d33","00000000-0000-0000-0000-000000000001","4/29/2023, 7:18:33.230 PM","AOI-00000000-0000-0000-0000-000000000000",,,,,,,,,,,,,,,,,,,,,,,,,,,,,,,,,,,,,,,,,,,,,,,,,,,,,,,,,,,,,,,,,,,,,,,,,,,,,,,,,,,,,,,,,,,,,,,,,,,,,,,,,,,,,,,,,,,,,,,,,,,,,,,,,,,,,,,,,,,,,,,,,,,,,,,,,,,,,,,,,,,,,,,,,,,,,,,,,,,,,,,,,,,,,,,,,,,,,,,,,,,,,,SecurityEvent,"/subscriptions/00000000-0000-0000-0000-000000000000/resourcegroups/kustoworksarc/providers/microsoft.hybridcompute/machines/dc1"
"00000000-0000-0000-0000-000000000000","4/29/2023, 7:37:03.253 PM",OpsManager,,,"DC1.kustoworks.com","Microsoft-Windows-Security-Auditing",Security,12804,0,"<EventData xmlns=""http://schemas.microsoft.com/win/2004/08/events/event"">
  <Data Name=""SubjectUserSid"">S-1-5-21-2496762881-1366215883-1809657155-500</Data>
  <Data Name=""SubjectUserName"">Administrator</Data>
  <Data Name=""SubjectDomainName"">KUSTOWORKS</Data>
  <Data Name=""SubjectLogonId"">0xe70f08</Data>
  <Data Name=""TaskName"">\CreateExplorerShellUnelevatedTask</Data>
  <Data Name=""TaskContent"" />
  <Data Name=""ClientProcessStartKey"">16888498602639589</Data>
  <Data Name=""ClientProcessId"">5188</Data>
  <Data Name=""ParentProcessId"">5168</Data>
  <Data Name=""RpcCallClientLocality"">0</Data>
  <Data Name=""FQDN"">DC1.kustoworks.com</Data>
</EventData>",4699,"4699 - A scheduled task was deleted.","cc046e6c-795c-47b2-a5ae-c9a0645e6d32","cc046e6c-795c-47b2-a5ae-c9a0645e6d33","00000000-0000-0000-0000-000000000001","4/29/2023, 7:37:48.243 PM","AOI-00000000-0000-0000-0000-000000000000",,,,,,,,,,,,,,,,,,,,,,,,,,,,,,,,,,,,,,,,,,,,,,,,,,,,,,,,,,,,,,,,,,,,,,,,,,,,,,,,,,,,,,,,,,,,,,,,,,,,,,,,,,,,,,,,,,,,,,,,,,,,,,,,,,,,,,,,,,,,,,,,,,,,,,,,,,,,,,,,,,,,,,,,,,,,,,,,,,,,,,,,,,,,,,,,,,,,,,,,,,,,,,SecurityEvent,"/subscriptions/00000000-0000-0000-0000-000000000000/resourcegroups/kustoworksarc/providers/microsoft.hybridcompute/machines/dc1"
"00000000-0000-0000-0000-000000000000","4/29/2023, 7:22:13.052 PM",OpsManager,,,"DC1.kustoworks.com","Microsoft-Windows-Security-Auditing",Security,12804,0,"<EventData xmlns=""http://schemas.microsoft.com/win/2004/08/events/event"">
  <Data Name=""SubjectUserSid"">S-1-5-18</Data>
  <Data Name=""SubjectUserName"">DC1$</Data>
  <Data Name=""SubjectDomainName"">KUSTOWORKS</Data>
  <Data Name=""SubjectLogonId"">0x3e7</Data>
  <Data Name=""TaskName"">\Microsoft\Windows\Windows Defender\Windows Defender Scheduled Scan</Data>
  <Data Name=""TaskContent"" />
  <Data Name=""ClientProcessStartKey"">16888498602639422</Data>
  <Data Name=""ClientProcessId"">2508</Data>
  <Data Name=""ParentProcessId"">688</Data>
  <Data Name=""RpcCallClientLocality"">0</Data>
  <Data Name=""FQDN"">DC1.kustoworks.com</Data>
</EventData>",4699,"4699 - A scheduled task was deleted.","cc046e6c-795c-47b2-a5ae-c9a0645e6d32","cc046e6c-795c-47b2-a5ae-c9a0645e6d33","00000000-0000-0000-0000-000000000001","4/29/2023, 7:22:48.043 PM","AOI-00000000-0000-0000-0000-000000000000",,,,,,,,,,,,,,,,,,,,,,,,,,,,,,,,,,,,,,,,,,,,,,,,,,,,,,,,,,,,,,,,,,,,,,,,,,,,,,,,,,,,,,,,,,,,,,,,,,,,,,,,,,,,,,,,,,,,,,,,,,,,,,,,,,,,,,,,,,,,,,,,,,,,,,,,,,,,,,,,,,,,,,,,,,,,,,,,,,,,,,,,,,,,,,,,,,,,,,,,,,,,,,SecurityEvent,"/subscriptions/00000000-0000-0000-0000-000000000000/resourcegroups/kustoworksarc/providers/microsoft.hybridcompute/machines/dc1"
"00000000-0000-0000-0000-000000000000","4/29/2023, 1:11:53.344 PM",OpsManager,,,"DC1.kustoworks.com","Microsoft-Windows-Security-Auditing",Security,1,0,"<EventData xmlns=""http://schemas.microsoft.com/win/2004/08/events/event"">
  <Data Name=""SubjectUserSid"">S-1-5-21-2496762881-1366215883-1809657155-500</Data>
  <Data Name=""SubjectUserName"">Administrator</Data>
  <Data Name=""SubjectDomainName"">KUSTOWORKS</Data>
  <Data Name=""SubjectLogonId"">0x9bf50b</Data>
  <Data Name=""TaskName"">\CreateExplorerShellUnelevatedTask</Data>
  <Data Name=""TaskContent"">&lt;?xml version=""1.0"" encoding=""UTF-16""?&gt; &lt;Task version=""1.3"" xmlns=""http://schemas.microsoft.com/windows/2004/02/mit/task""&gt;   &lt;RegistrationInfo&gt;     &lt;Author&gt;ExplorerShellUnelevated&lt;/Author&gt;     &lt;URI&gt;\CreateExplorerShellUnelevatedTask&lt;/URI&gt;   &lt;/RegistrationInfo&gt;   &lt;Triggers&gt;     &lt;RegistrationTrigger id=""CreateExplorerShell_Trigger""&gt;       &lt;Enabled&gt;true&lt;/Enabled&gt;       &lt;Delay&gt;PT0S&lt;/Delay&gt;     &lt;/RegistrationTrigger&gt;   &lt;/Triggers&gt;   &lt;Settings&gt;     &lt;MultipleInstancesPolicy&gt;IgnoreNew&lt;/MultipleInstancesPolicy&gt;     &lt;DisallowStartIfOnBatteries&gt;false&lt;/DisallowStartIfOnBatteries&gt;     &lt;StopIfGoingOnBatteries&gt;false&lt;/StopIfGoingOnBatteries&gt;     &lt;AllowHardTerminate&gt;true&lt;/AllowHardTerminate&gt;     &lt;StartWhenAvailable&gt;true&lt;/StartWhenAvailable&gt;     &lt;RunOnlyIfNetworkAvailable&gt;false&lt;/RunOnlyIfNetworkAvailable&gt;     &lt;IdleSettings&gt;       &lt;Duration&gt;PT10M&lt;/Duration&gt;       &lt;WaitTimeout&gt;PT1H&lt;/WaitTimeout&gt;       &lt;StopOnIdleEnd&gt;true&lt;/StopOnIdleEnd&gt;       &lt;RestartOnIdle&gt;false&lt;/RestartOnIdle&gt;     &lt;/IdleSettings&gt;     &lt;AllowStartOnDemand&gt;true&lt;/AllowStartOnDemand&gt;     &lt;Enabled&gt;true&lt;/Enabled&gt;     &lt;Hidden&gt;false&lt;/Hidden&gt;     &lt;RunOnlyIfIdle&gt;false&lt;/RunOnlyIfIdle&gt;     &lt;DisallowStartOnRemoteAppSession&gt;false&lt;/DisallowStartOnRemoteAppSession&gt;     &lt;UseUnifiedSchedulingEngine&gt;true&lt;/UseUnifiedSchedulingEngine&gt;     &lt;WakeToRun&gt;false&lt;/WakeToRun&gt;     &lt;ExecutionTimeLimit&gt;PT72H&lt;/ExecutionTimeLimit&gt;     &lt;Priority&gt;6&lt;/Priority&gt;   &lt;/Settings&gt;   &lt;Actions Context=""Author""&gt;     &lt;Exec&gt;       &lt;Command&gt;C:\Windows\Explorer.EXE&lt;/Command&gt;       &lt;Arguments&gt;/NoUACCheck&lt;/Arguments&gt;     &lt;/Exec&gt;   &lt;/Actions&gt;   &lt;Principals&gt;     &lt;Principal id=""Author""&gt;       &lt;UserId&gt;KUSTOWORKS\Administrator&lt;/UserId&gt;       &lt;LogonType&gt;InteractiveToken&lt;/LogonType&gt;       &lt;RunLevel&gt;LeastPrivilege&lt;/RunLevel&gt;     &lt;/Principal&gt;   &lt;/Principals&gt; &lt;/Task&gt;</Data>
  <Data Name=""ClientProcessStartKey"">15762598695796970</Data>
  <Data Name=""ClientProcessId"">4140</Data>
  <Data Name=""ParentProcessId"">1764</Data>
  <Data Name=""RpcCallClientLocality"">0</Data>
  <Data Name=""FQDN"">DC1.kustoworks.com</Data>
</EventData>",4698,"4698 - A scheduled task was created.","cc046e6c-795c-47b2-a5ae-c9a0645e6d32","cc046e6c-795c-47b2-a5ae-c9a0645e6d33","00000000-0000-0000-0000-000000000001","4/29/2023, 1:15:48.805 PM","AOI-00000000-0000-0000-0000-000000000000",,,,,,,,,,,,,,,,,,,,,,,,,,,,,,,,,,,,,,,,,,,,,,,,,,,,,,,,,,,,,,,,,,,,,,,,,,,,,,,,,,,,,,,,,,,,,,,,,,,,,,,,,,,,,,,,,,,,,,,,,,,,,,,,,,,,,,,,,,,,,,,,,,,,,,,,,,,,,,,,,,,,,,,,,,,,,,,,,,,,,,,,,,,,,,,,,,,,,,,,,,,,,,SecurityEvent,"/subscriptions/00000000-0000-0000-0000-000000000000/resourcegroups/kustoworksarc/providers/microsoft.hybridcompute/machines/dc1"
"00000000-0000-0000-0000-000000000000","4/29/2023, 1:17:21.013 PM",OpsManager,,,"DC1.kustoworks.com","Microsoft-Windows-Security-Auditing",Security,1,0,"<EventData xmlns=""http://schemas.microsoft.com/win/2004/08/events/event"">
  <Data Name=""SubjectUserSid"">S-1-5-18</Data>
  <Data Name=""SubjectUserName"">DC1$</Data>
  <Data Name=""SubjectDomainName"">KUSTOWORKS</Data>
  <Data Name=""SubjectLogonId"">0x3e7</Data>
  <Data Name=""TaskName"">\Microsoft\Windows\Windows Defender\Windows Defender Scheduled Scan</Data>
  <Data Name=""TaskContent"">&lt;?xml version=""1.0"" encoding=""UTF-16""?&gt; &lt;Task version=""1.3"" xmlns=""http://schemas.microsoft.com/windows/2004/02/mit/task""&gt;   &lt;RegistrationInfo&gt;     &lt;Description&gt;Periodic scan task.&lt;/Description&gt;     &lt;URI&gt;\Microsoft\Windows\Windows Defender\Windows Defender Scheduled Scan&lt;/URI&gt;   &lt;/RegistrationInfo&gt;   &lt;Triggers&gt;     &lt;CalendarTrigger&gt;       &lt;StartBoundary&gt;2000-01-01T05:23:54&lt;/StartBoundary&gt;       &lt;EndBoundary&gt;2100-01-01T00:00:00&lt;/EndBoundary&gt;       &lt;Enabled&gt;true&lt;/Enabled&gt;       &lt;ScheduleByDay&gt;         &lt;DaysInterval&gt;1&lt;/DaysInterval&gt;       &lt;/ScheduleByDay&gt;     &lt;/CalendarTrigger&gt;   &lt;/Triggers&gt;   &lt;Principals&gt;     &lt;Principal id=""LocalSystem""&gt;       &lt;UserId&gt;S-1-5-18&lt;/UserId&gt;       &lt;RunLevel&gt;HighestAvailable&lt;/RunLevel&gt;     &lt;/Principal&gt;   &lt;/Principals&gt;   &lt;Settings&gt;     &lt;MultipleInstancesPolicy&gt;IgnoreNew&lt;/MultipleInstancesPolicy&gt;     &lt;DisallowStartIfOnBatteries&gt;true&lt;/DisallowStartIfOnBatteries&gt;     &lt;StopIfGoingOnBatteries&gt;false&lt;/StopIfGoingOnBatteries&gt;     &lt;AllowHardTerminate&gt;true&lt;/AllowHardTerminate&gt;     &lt;StartWhenAvailable&gt;true&lt;/StartWhenAvailable&gt;     &lt;RunOnlyIfNetworkAvailable&gt;false&lt;/RunOnlyIfNetworkAvailable&gt;     &lt;IdleSettings&gt;       &lt;Duration&gt;PT0H1M0S&lt;/Duration&gt;       &lt;WaitTimeout&gt;PT4H0M0S&lt;/WaitTimeout&gt;       &lt;StopOnIdleEnd&gt;false&lt;/StopOnIdleEnd&gt;       &lt;RestartOnIdle&gt;false&lt;/RestartOnIdle&gt;     &lt;/IdleSettings&gt;     &lt;AllowStartOnDemand&gt;true&lt;/AllowStartOnDemand&gt;     &lt;Enabled&gt;true&lt;/Enabled&gt;     &lt;Hidden&gt;false&lt;/Hidden&gt;     &lt;RunOnlyIfIdle&gt;true&lt;/RunOnlyIfIdle&gt;     &lt;DisallowStartOnRemoteAppSession&gt;false&lt;/DisallowStartOnRemoteAppSession&gt;     &lt;UseUnifiedSchedulingEngine&gt;true&lt;/UseUnifiedSchedulingEngine&gt;     &lt;WakeToRun&gt;false&lt;/WakeToRun&gt;     &lt;ExecutionTimeLimit&gt;PT72H&lt;/ExecutionTimeLimit&gt;     &lt;Priority&gt;7&lt;/Priority&gt;   &lt;/Settings&gt;   &lt;Actions Context=""LocalSystem""&gt;     &lt;Exec&gt;       &lt;Command&gt;C:\ProgramData\Microsoft\Windows Defender\Platform\4.18.2303.8-0\MpCmdRun.exe&lt;/Command&gt;       &lt;Arguments&gt;Scan -ScheduleJob -ScanTrigger 55 -IdleScheduledJob&lt;/Arguments&gt;     &lt;/Exec&gt;   &lt;/Actions&gt; &lt;/Task&gt;</Data>
  <Data Name=""ClientProcessStartKey"">15762598695796800</Data>
  <Data Name=""ClientProcessId"">2744</Data>
  <Data Name=""ParentProcessId"">720</Data>
  <Data Name=""RpcCallClientLocality"">0</Data>
  <Data Name=""FQDN"">DC1.kustoworks.com</Data>
</EventData>",4698,"4698 - A scheduled task was created.","cc046e6c-795c-47b2-a5ae-c9a0645e6d32","cc046e6c-795c-47b2-a5ae-c9a0645e6d33","00000000-0000-0000-0000-000000000001","4/29/2023, 1:17:49.811 PM","AOI-00000000-0000-0000-0000-000000000000",,,,,,,,,,,,,,,,,,,,,,,,,,,,,,,,,,,,,,,,,,,,,,,,,,,,,,,,,,,,,,,,,,,,,,,,,,,,,,,,,,,,,,,,,,,,,,,,,,,,,,,,,,,,,,,,,,,,,,,,,,,,,,,,,,,,,,,,,,,,,,,,,,,,,,,,,,,,,,,,,,,,,,,,,,,,,,,,,,,,,,,,,,,,,,,,,,,,,,,,,,,,,,SecurityEvent,"/subscriptions/00000000-0000-0000-0000-000000000000/resourcegroups/kustoworksarc/providers/microsoft.hybridcompute/machines/dc1"
"00000000-0000-0000-0000-000000000000","4/23/2023, 6:42:13.448 PM",OpsManager,,,"DC1.kustoworks.com","Microsoft-Windows-Security-Auditing",Security,1,0,"<EventData xmlns=""http://schemas.microsoft.com/win/2004/08/events/event"">
  <Data Name=""DestinationDRA"">CN=NTDS Settings,CN=DC1,CN=Servers,CN=Default-First-Site-Name,CN=Sites,CN=Configuration,DC=kustoworks,DC=com</Data>
  <Data Name=""SourceDRA"">-</Data>
  <Data Name=""SourceAddr"">DESKTOP-RTKLTV9.kustoworks.com</Data>
  <Data Name=""NamingContext"">DC=kustoworks,DC=com</Data>
  <Data Name=""Options"">16</Data>
  <Data Name=""StatusCode"">8452</Data>
</EventData>",4929,"4929 - An Active Directory replica source naming context was removed.","cc046e6c-795c-47b2-a5ae-c9a0645e6d32","cc046e6c-795c-47b2-a5ae-c9a0645e6d33","00000000-0000-0000-0000-000000000001","4/23/2023, 6:42:34.202 PM","AOI-00000000-0000-0000-0000-000000000000",,,,,,,,,,,,,,,,,,,,,,,,,,,,,,,,,,,,,,,,,,,,,,,,,,,,,,,,,,,,,,,,,,,,,,,,,,,,,,,,,,,,,,,,,,,,,,,,,,,,,,,,,,,,,,,,,,,,,,,,,,,,,,,,,,,,,,,,,,,,,,,,,,,,,,,,,,,,,,,,,,,,,,,,,,,,,,,,,,,,,,,,,,,,,,,,,,,,,,,,,,,,,,SecurityEvent,"/subscriptions/00000000-0000-0000-0000-000000000000/resourcegroups/kustoworksarc/providers/microsoft.hybridcompute/machines/dc1"
"00000000-0000-0000-0000-000000000000","4/29/2023, 1:11:53.278 PM",OpsManager,,,"DC1.kustoworks.com","Microsoft-Windows-Security-Auditing",Security,1,0,"<EventData xmlns=""http://schemas.microsoft.com/win/2004/08/events/event"">
  <Data Name=""SubjectUserSid"">S-1-5-21-2496762881-1366215883-1809657155-500</Data>
  <Data Name=""SubjectUserName"">Administrator</Data>
  <Data Name=""SubjectDomainName"">KUSTOWORKS</Data>
  <Data Name=""SubjectLogonId"">0x9bf50b</Data>
  <Data Name=""TaskName"">\CreateExplorerShellUnelevatedTask</Data>
  <Data Name=""TaskContent"" />
  <Data Name=""ClientProcessStartKey"">15762598695796970</Data>
  <Data Name=""ClientProcessId"">4140</Data>
  <Data Name=""ParentProcessId"">1764</Data>
  <Data Name=""RpcCallClientLocality"">0</Data>
  <Data Name=""FQDN"">DC1.kustoworks.com</Data>
</EventData>",4699,"4699 - A scheduled task was deleted.","cc046e6c-795c-47b2-a5ae-c9a0645e6d32","cc046e6c-795c-47b2-a5ae-c9a0645e6d33","00000000-0000-0000-0000-000000000001","4/29/2023, 1:15:48.805 PM","AOI-00000000-0000-0000-0000-000000000000",,,,,,,,,,,,,,,,,,,,,,,,,,,,,,,,,,,,,,,,,,,,,,,,,,,,,,,,,,,,,,,,,,,,,,,,,,,,,,,,,,,,,,,,,,,,,,,,,,,,,,,,,,,,,,,,,,,,,,,,,,,,,,,,,,,,,,,,,,,,,,,,,,,,,,,,,,,,,,,,,,,,,,,,,,,,,,,,,,,,,,,,,,,,,,,,,,,,,,,,,,,,,,SecurityEvent,"/subscriptions/00000000-0000-0000-0000-000000000000/resourcegroups/kustoworksarc/providers/microsoft.hybridcompute/machines/dc1"
"00000000-0000-0000-0000-000000000000","4/29/2023, 1:17:20.999 PM",OpsManager,,,"DC1.kustoworks.com","Microsoft-Windows-Security-Auditing",Security,1,0,"<EventData xmlns=""http://schemas.microsoft.com/win/2004/08/events/event"">
  <Data Name=""SubjectUserSid"">S-1-5-18</Data>
  <Data Name=""SubjectUserName"">DC1$</Data>
  <Data Name=""SubjectDomainName"">KUSTOWORKS</Data>
  <Data Name=""SubjectLogonId"">0x3e7</Data>
  <Data Name=""TaskName"">\Microsoft\Windows\Windows Defender\Windows Defender Scheduled Scan</Data>
  <Data Name=""TaskContent"" />
  <Data Name=""ClientProcessStartKey"">15762598695796800</Data>
  <Data Name=""ClientProcessId"">2744</Data>
  <Data Name=""ParentProcessId"">720</Data>
  <Data Name=""RpcCallClientLocality"">0</Data>
  <Data Name=""FQDN"">DC1.kustoworks.com</Data>
</EventData>",4699,"4699 - A scheduled task was deleted.","cc046e6c-795c-47b2-a5ae-c9a0645e6d32","cc046e6c-795c-47b2-a5ae-c9a0645e6d33","00000000-0000-0000-0000-000000000001","4/29/2023, 1:17:49.811 PM","AOI-00000000-0000-0000-0000-000000000000",,,,,,,,,,,,,,,,,,,,,,,,,,,,,,,,,,,,,,,,,,,,,,,,,,,,,,,,,,,,,,,,,,,,,,,,,,,,,,,,,,,,,,,,,,,,,,,,,,,,,,,,,,,,,,,,,,,,,,,,,,,,,,,,,,,,,,,,,,,,,,,,,,,,,,,,,,,,,,,,,,,,,,,,,,,,,,,,,,,,,,,,,,,,,,,,,,,,,,,,,,,,,,SecurityEvent,"/subscriptions/00000000-0000-0000-0000-000000000000/resourcegroups/kustoworksarc/providers/microsoft.hybridcompute/machines/dc1"
"00000000-0000-0000-0000-000000000000","4/29/2023, 1:45:16.084 PM",OpsManager,,,"DC1.kustoworks.com","Microsoft-Windows-Security-Auditing",Security,1,0,"<EventData xmlns=""http://schemas.microsoft.com/win/2004/08/events/event"">
  <Data Name=""SubjectUserSid"">S-1-5-18</Data>
  <Data Name=""SubjectUserName"">DC1$</Data>
  <Data Name=""SubjectDomainName"">KUSTOWORKS</Data>
  <Data Name=""SubjectLogonId"">0x3e7</Data>
  <Data Name=""TaskName"">\Microsoft\Windows\Windows Defender\Windows Defender Scheduled Scan</Data>
  <Data Name=""TaskContent"">&lt;?xml version=""1.0"" encoding=""UTF-16""?&gt; &lt;Task version=""1.3"" xmlns=""http://schemas.microsoft.com/windows/2004/02/mit/task""&gt;   &lt;RegistrationInfo&gt;     &lt;Description&gt;Periodic scan task.&lt;/Description&gt;     &lt;URI&gt;\Microsoft\Windows\Windows Defender\Windows Defender Scheduled Scan&lt;/URI&gt;   &lt;/RegistrationInfo&gt;   &lt;Triggers&gt;     &lt;CalendarTrigger&gt;       &lt;StartBoundary&gt;2000-01-01T03:37:16&lt;/StartBoundary&gt;       &lt;EndBoundary&gt;2100-01-01T00:00:00&lt;/EndBoundary&gt;       &lt;Enabled&gt;true&lt;/Enabled&gt;       &lt;ScheduleByDay&gt;         &lt;DaysInterval&gt;1&lt;/DaysInterval&gt;       &lt;/ScheduleByDay&gt;     &lt;/CalendarTrigger&gt;   &lt;/Triggers&gt;   &lt;Principals&gt;     &lt;Principal id=""LocalSystem""&gt;       &lt;UserId&gt;S-1-5-18&lt;/UserId&gt;       &lt;RunLevel&gt;HighestAvailable&lt;/RunLevel&gt;     &lt;/Principal&gt;   &lt;/Principals&gt;   &lt;Settings&gt;     &lt;MultipleInstancesPolicy&gt;IgnoreNew&lt;/MultipleInstancesPolicy&gt;     &lt;DisallowStartIfOnBatteries&gt;true&lt;/DisallowStartIfOnBatteries&gt;     &lt;StopIfGoingOnBatteries&gt;false&lt;/StopIfGoingOnBatteries&gt;     &lt;AllowHardTerminate&gt;true&lt;/AllowHardTerminate&gt;     &lt;StartWhenAvailable&gt;true&lt;/StartWhenAvailable&gt;     &lt;RunOnlyIfNetworkAvailable&gt;false&lt;/RunOnlyIfNetworkAvailable&gt;     &lt;IdleSettings&gt;       &lt;Duration&gt;PT0H1M0S&lt;/Duration&gt;       &lt;WaitTimeout&gt;PT4H0M0S&lt;/WaitTimeout&gt;       &lt;StopOnIdleEnd&gt;false&lt;/StopOnIdleEnd&gt;       &lt;RestartOnIdle&gt;false&lt;/RestartOnIdle&gt;     &lt;/IdleSettings&gt;     &lt;AllowStartOnDemand&gt;true&lt;/AllowStartOnDemand&gt;     &lt;Enabled&gt;true&lt;/Enabled&gt;     &lt;Hidden&gt;false&lt;/Hidden&gt;     &lt;RunOnlyIfIdle&gt;true&lt;/RunOnlyIfIdle&gt;     &lt;DisallowStartOnRemoteAppSession&gt;false&lt;/DisallowStartOnRemoteAppSession&gt;     &lt;UseUnifiedSchedulingEngine&gt;true&lt;/UseUnifiedSchedulingEngine&gt;     &lt;WakeToRun&gt;false&lt;/WakeToRun&gt;     &lt;ExecutionTimeLimit&gt;PT72H&lt;/ExecutionTimeLimit&gt;     &lt;Priority&gt;7&lt;/Priority&gt;   &lt;/Settings&gt;   &lt;Actions Context=""LocalSystem""&gt;     &lt;Exec&gt;       &lt;Command&gt;C:\ProgramData\Microsoft\Windows Defender\Platform\4.18.2303.8-0\MpCmdRun.exe&lt;/Command&gt;       &lt;Arguments&gt;Scan -ScheduleJob -ScanTrigger 55 -IdleScheduledJob&lt;/Arguments&gt;     &lt;/Exec&gt;   &lt;/Actions&gt; &lt;/Task&gt;</Data>
  <Data Name=""ClientProcessStartKey"">16044073672507454</Data>
  <Data Name=""ClientProcessId"">2488</Data>
  <Data Name=""ParentProcessId"">700</Data>
  <Data Name=""RpcCallClientLocality"">0</Data>
  <Data Name=""FQDN"">DC1.kustoworks.com</Data>
</EventData>",4698,"4698 - A scheduled task was created.","cc046e6c-795c-47b2-a5ae-c9a0645e6d32","cc046e6c-795c-47b2-a5ae-c9a0645e6d33","00000000-0000-0000-0000-000000000001","4/29/2023, 2:22:36.289 PM","AOI-00000000-0000-0000-0000-000000000000",,,,,,,,,,,,,,,,,,,,,,,,,,,,,,,,,,,,,,,,,,,,,,,,,,,,,,,,,,,,,,,,,,,,,,,,,,,,,,,,,,,,,,,,,,,,,,,,,,,,,,,,,,,,,,,,,,,,,,,,,,,,,,,,,,,,,,,,,,,,,,,,,,,,,,,,,,,,,,,,,,,,,,,,,,,,,,,,,,,,,,,,,,,,,,,,,,,,,,,,,,,,,,SecurityEvent,"/subscriptions/00000000-0000-0000-0000-000000000000/resourcegroups/kustoworksarc/providers/microsoft.hybridcompute/machines/dc1"
"00000000-0000-0000-0000-000000000000","4/29/2023, 1:36:00.525 PM",OpsManager,,,"DC1.kustoworks.com","Microsoft-Windows-Security-Auditing",Security,1,0,"<EventData xmlns=""http://schemas.microsoft.com/win/2004/08/events/event"">
  <Data Name=""SubjectUserSid"">S-1-5-21-2496762881-1366215883-1809657155-500</Data>
  <Data Name=""SubjectUserName"">Administrator</Data>
  <Data Name=""SubjectDomainName"">KUSTOWORKS</Data>
  <Data Name=""SubjectLogonId"">0x309d46</Data>
  <Data Name=""TaskName"">\CreateExplorerShellUnelevatedTask</Data>
  <Data Name=""TaskContent"">&lt;?xml version=""1.0"" encoding=""UTF-16""?&gt; &lt;Task version=""1.3"" xmlns=""http://schemas.microsoft.com/windows/2004/02/mit/task""&gt;   &lt;RegistrationInfo&gt;     &lt;Author&gt;ExplorerShellUnelevated&lt;/Author&gt;     &lt;URI&gt;\CreateExplorerShellUnelevatedTask&lt;/URI&gt;   &lt;/RegistrationInfo&gt;   &lt;Triggers&gt;     &lt;RegistrationTrigger id=""CreateExplorerShell_Trigger""&gt;       &lt;Enabled&gt;true&lt;/Enabled&gt;       &lt;Delay&gt;PT0S&lt;/Delay&gt;     &lt;/RegistrationTrigger&gt;   &lt;/Triggers&gt;   &lt;Settings&gt;     &lt;MultipleInstancesPolicy&gt;IgnoreNew&lt;/MultipleInstancesPolicy&gt;     &lt;DisallowStartIfOnBatteries&gt;false&lt;/DisallowStartIfOnBatteries&gt;     &lt;StopIfGoingOnBatteries&gt;false&lt;/StopIfGoingOnBatteries&gt;     &lt;AllowHardTerminate&gt;true&lt;/AllowHardTerminate&gt;     &lt;StartWhenAvailable&gt;true&lt;/StartWhenAvailable&gt;     &lt;RunOnlyIfNetworkAvailable&gt;false&lt;/RunOnlyIfNetworkAvailable&gt;     &lt;IdleSettings&gt;       &lt;Duration&gt;PT10M&lt;/Duration&gt;       &lt;WaitTimeout&gt;PT1H&lt;/WaitTimeout&gt;       &lt;StopOnIdleEnd&gt;true&lt;/StopOnIdleEnd&gt;       &lt;RestartOnIdle&gt;false&lt;/RestartOnIdle&gt;     &lt;/IdleSettings&gt;     &lt;AllowStartOnDemand&gt;true&lt;/AllowStartOnDemand&gt;     &lt;Enabled&gt;true&lt;/Enabled&gt;     &lt;Hidden&gt;false&lt;/Hidden&gt;     &lt;RunOnlyIfIdle&gt;false&lt;/RunOnlyIfIdle&gt;     &lt;DisallowStartOnRemoteAppSession&gt;false&lt;/DisallowStartOnRemoteAppSession&gt;     &lt;UseUnifiedSchedulingEngine&gt;true&lt;/UseUnifiedSchedulingEngine&gt;     &lt;WakeToRun&gt;false&lt;/WakeToRun&gt;     &lt;ExecutionTimeLimit&gt;PT72H&lt;/ExecutionTimeLimit&gt;     &lt;Priority&gt;6&lt;/Priority&gt;   &lt;/Settings&gt;   &lt;Actions Context=""Author""&gt;     &lt;Exec&gt;       &lt;Command&gt;C:\Windows\Explorer.EXE&lt;/Command&gt;       &lt;Arguments&gt;/NoUACCheck&lt;/Arguments&gt;     &lt;/Exec&gt;   &lt;/Actions&gt;   &lt;Principals&gt;     &lt;Principal id=""Author""&gt;       &lt;UserId&gt;KUSTOWORKS\Administrator&lt;/UserId&gt;       &lt;LogonType&gt;InteractiveToken&lt;/LogonType&gt;       &lt;RunLevel&gt;LeastPrivilege&lt;/RunLevel&gt;     &lt;/Principal&gt;   &lt;/Principals&gt; &lt;/Task&gt;</Data>
  <Data Name=""ClientProcessStartKey"">16044073672507523</Data>
  <Data Name=""ClientProcessId"">3100</Data>
  <Data Name=""ParentProcessId"">2640</Data>
  <Data Name=""RpcCallClientLocality"">0</Data>
  <Data Name=""FQDN"">DC1.kustoworks.com</Data>
</EventData>",4698,"4698 - A scheduled task was created.","cc046e6c-795c-47b2-a5ae-c9a0645e6d32","cc046e6c-795c-47b2-a5ae-c9a0645e6d33","00000000-0000-0000-0000-000000000001","4/29/2023, 2:22:36.101 PM","AOI-00000000-0000-0000-0000-000000000000",,,,,,,,,,,,,,,,,,,,,,,,,,,,,,,,,,,,,,,,,,,,,,,,,,,,,,,,,,,,,,,,,,,,,,,,,,,,,,,,,,,,,,,,,,,,,,,,,,,,,,,,,,,,,,,,,,,,,,,,,,,,,,,,,,,,,,,,,,,,,,,,,,,,,,,,,,,,,,,,,,,,,,,,,,,,,,,,,,,,,,,,,,,,,,,,,,,,,,,,,,,,,,SecurityEvent,"/subscriptions/00000000-0000-0000-0000-000000000000/resourcegroups/kustoworksarc/providers/microsoft.hybridcompute/machines/dc1"
"00000000-0000-0000-0000-000000000000","4/20/2023, 8:29:11.652 PM",OpsManager,"KUSTOWORKS\DC1$",Machine,"DC1.kustoworks.com","Microsoft-Windows-Security-Auditing",Security,1,0,"<EventData xmlns=""http://schemas.microsoft.com/win/2004/08/events/event"">
  <Data Name=""SubjectUserSid"">S-1-5-18</Data>
  <Data Name=""SubjectUserName"">DC1$</Data>
  <Data Name=""SubjectDomainName"">KUSTOWORKS</Data>
  <Data Name=""SubjectLogonId"">0x3e7</Data>
  <Data Name=""TaskName"">\Microsoft\Windows\WindowsUpdate\Scheduled Start</Data>
  <Data Name=""TaskContentNew"">&lt;?xml version=""1.0"" encoding=""UTF-16""?&gt; &lt;Task version=""1.4"" xmlns=""http://schemas.microsoft.com/windows/2004/02/mit/task""&gt;   &lt;RegistrationInfo&gt;     &lt;Source&gt;Microsoft Corporation.&lt;/Source&gt;     &lt;Author&gt;Microsoft Corporation.&lt;/Author&gt;     &lt;Description&gt;This task is used to start the Windows Update service when needed to perform scheduled operations such as scans.&lt;/Description&gt;     &lt;URI&gt;\Microsoft\Windows\WindowsUpdate\Scheduled Start&lt;/URI&gt;   &lt;/RegistrationInfo&gt;   &lt;Triggers&gt;     &lt;TimeTrigger&gt;       &lt;StartBoundary&gt;2023-04-21T17:50:39Z&lt;/StartBoundary&gt;       &lt;Enabled&gt;true&lt;/Enabled&gt;       &lt;RandomDelay&gt;PT1M&lt;/RandomDelay&gt;     &lt;/TimeTrigger&gt;     &lt;SessionStateChangeTrigger&gt;       &lt;Enabled&gt;false&lt;/Enabled&gt;       &lt;StateChange&gt;ConsoleDisconnect&lt;/StateChange&gt;     &lt;/SessionStateChangeTrigger&gt;     &lt;SessionStateChangeTrigger&gt;       &lt;Enabled&gt;false&lt;/Enabled&gt;       &lt;StateChange&gt;RemoteDisconnect&lt;/StateChange&gt;     &lt;/SessionStateChangeTrigger&gt;     &lt;WnfStateChangeTrigger&gt;       &lt;Enabled&gt;false&lt;/Enabled&gt;       &lt;StateName&gt;7508BCA3380C960C&lt;/StateName&gt;       &lt;Data&gt;01&lt;/Data&gt;       &lt;DataOffset&gt;0&lt;/DataOffset&gt;     &lt;/WnfStateChangeTrigger&gt;   &lt;/Triggers&gt;   &lt;Principals&gt;     &lt;Principal id=""LocalSystem""&gt;       &lt;RunLevel&gt;LeastPrivilege&lt;/RunLevel&gt;       &lt;UserId&gt;NT AUTHORITY\SYSTEM&lt;/UserId&gt;     &lt;/Principal&gt;   &lt;/Principals&gt;   &lt;Settings&gt;     &lt;MultipleInstancesPolicy&gt;IgnoreNew&lt;/MultipleInstancesPolicy&gt;     &lt;DisallowStartIfOnBatteries&gt;false&lt;/DisallowStartIfOnBatteries&gt;     &lt;StopIfGoingOnBatteries&gt;false&lt;/StopIfGoingOnBatteries&gt;     &lt;AllowHardTerminate&gt;true&lt;/AllowHardTerminate&gt;     &lt;StartWhenAvailable&gt;true&lt;/StartWhenAvailable&gt;     &lt;RunOnlyIfNetworkAvailable&gt;false&lt;/RunOnlyIfNetworkAvailable&gt;     &lt;IdleSettings&gt;       &lt;Duration&gt;PT10M&lt;/Duration&gt;       &lt;WaitTimeout&gt;PT1H&lt;/WaitTimeout&gt;       &lt;StopOnIdleEnd&gt;true&lt;/StopOnIdleEnd&gt;       &lt;RestartOnIdle&gt;false&lt;/RestartOnIdle&gt;     &lt;/IdleSettings&gt;     &lt;AllowStartOnDemand&gt;false&lt;/AllowStartOnDemand&gt;     &lt;Enabled&gt;true&lt;/Enabled&gt;     &lt;Hidden&gt;false&lt;/Hidden&gt;     &lt;RunOnlyIfIdle&gt;false&lt;/RunOnlyIfIdle&gt;     &lt;DisallowStartOnRemoteAppSession&gt;false&lt;/DisallowStartOnRemoteAppSession&gt;     &lt;UseUnifiedSchedulingEngine&gt;true&lt;/UseUnifiedSchedulingEngine&gt;     &lt;WakeToRun&gt;false&lt;/WakeToRun&gt;     &lt;ExecutionTimeLimit&gt;PT72H&lt;/ExecutionTimeLimit&gt;     &lt;Priority&gt;7&lt;/Priority&gt;   &lt;/Settings&gt;   &lt;Actions Context=""LocalSystem""&gt;     &lt;Exec&gt;       &lt;Command&gt;C:\Windows\system32\sc.exe&lt;/Command&gt;       &lt;Arguments&gt;start wuauserv&lt;/Arguments&gt;     &lt;/Exec&gt;   &lt;/Actions&gt; &lt;/Task&gt;</Data>
  <Data Name=""ClientProcessStartKey"">14073748835532825</Data>
  <Data Name=""ClientProcessId"">1276</Data>
  <Data Name=""ParentProcessId"">688</Data>
  <Data Name=""RpcCallClientLocality"">0</Data>
  <Data Name=""FQDN"">DC1.kustoworks.com</Data>
</EventData>",4702,"4702 - A scheduled task was updated.","cc046e6c-795c-47b2-a5ae-c9a0645e6d32","cc046e6c-795c-47b2-a5ae-c9a0645e6d33","00000000-0000-0000-0000-000000000001","4/20/2023, 8:29:38.230 PM","AOI-00000000-0000-0000-0000-000000000000",,,,,,,,,,,,,,,,,,,,,,,,,,,,,,,,,,,,,,,,,,,,,,,,,,,,,,,,,,,,,,,,,,,,,,,,,,,,,,,,,,,,,,,,,,,,,,,,,,,,,,,,,,,,,,,,,,,,,,,,,,,,,,,,,,,,,,,,,,,,,,,,,,,,,,,,,,,,,,,"KUSTOWORKS\DC1$",,,,KUSTOWORKS,,0x3e7,,,"DC1$","S-1-5-18",,,,,,,,,,,,,,,,,,,,,,,,,,,,,,,,,,,,,SecurityEvent,"/subscriptions/00000000-0000-0000-0000-000000000000/resourcegroups/kustoworksarc/providers/microsoft.hybridcompute/machines/dc1"
"00000000-0000-0000-0000-000000000000","4/23/2023, 6:17:21.656 PM",OpsManager,"KUSTOWORKS\DC1$",Machine,"DC1.kustoworks.com","Microsoft-Windows-Security-Auditing",Security,1,0,"<EventData xmlns=""http://schemas.microsoft.com/win/2004/08/events/event"">
  <Data Name=""SubjectUserSid"">S-1-5-20</Data>
  <Data Name=""SubjectUserName"">DC1$</Data>
  <Data Name=""SubjectDomainName"">KUSTOWORKS</Data>
  <Data Name=""SubjectLogonId"">0x3e4</Data>
  <Data Name=""TaskName"">\Microsoft\Windows\SoftwareProtectionPlatform\SvcRestartTask</Data>
  <Data Name=""TaskContentNew"">&lt;?xml version=""1.0"" encoding=""UTF-16""?&gt; &lt;Task version=""1.6"" xmlns=""http://schemas.microsoft.com/windows/2004/02/mit/task""&gt;   &lt;RegistrationInfo&gt;     &lt;Source&gt;$(@%systemroot%\system32\sppc.dll,-200)&lt;/Source&gt;     &lt;Author&gt;$(@%systemroot%\system32\sppc.dll,-200)&lt;/Author&gt;     &lt;Version&gt;1.0&lt;/Version&gt;     &lt;Description&gt;$(@%systemroot%\system32\sppc.dll,-201)&lt;/Description&gt;     &lt;URI&gt;\Microsoft\Windows\SoftwareProtectionPlatform\SvcRestartTask&lt;/URI&gt;     &lt;SecurityDescriptor&gt;D:P(A;;FA;;;SY)(A;;FA;;;BA)(A;;FA;;;S-1-5-80-123231216-2592883651-3715271367-3753151631-4175906628)(A;;FR;;;S-1-5-87-2912274048-3994893941-1669128114-1310430903-1263774323)&lt;/SecurityDescriptor&gt;   &lt;/RegistrationInfo&gt;   &lt;Triggers&gt;     &lt;CalendarTrigger&gt;       &lt;StartBoundary&gt;2023-04-24T18:16:21Z&lt;/StartBoundary&gt;       &lt;Enabled&gt;true&lt;/Enabled&gt;       &lt;ScheduleByDay&gt;         &lt;DaysInterval&gt;1&lt;/DaysInterval&gt;       &lt;/ScheduleByDay&gt;     &lt;/CalendarTrigger&gt;   &lt;/Triggers&gt;   &lt;Principals&gt;     &lt;Principal id=""NetworkService""&gt;       &lt;UserId&gt;S-1-5-20&lt;/UserId&gt;       &lt;RunLevel&gt;LeastPrivilege&lt;/RunLevel&gt;     &lt;/Principal&gt;   &lt;/Principals&gt;   &lt;Settings&gt;     &lt;MultipleInstancesPolicy&gt;IgnoreNew&lt;/MultipleInstancesPolicy&gt;     &lt;DisallowStartIfOnBatteries&gt;true&lt;/DisallowStartIfOnBatteries&gt;     &lt;StopIfGoingOnBatteries&gt;true&lt;/StopIfGoingOnBatteries&gt;     &lt;AllowHardTerminate&gt;false&lt;/AllowHardTerminate&gt;     &lt;StartWhenAvailable&gt;true&lt;/StartWhenAvailable&gt;     &lt;RunOnlyIfNetworkAvailable&gt;false&lt;/RunOnlyIfNetworkAvailable&gt;     &lt;IdleSettings&gt;       &lt;StopOnIdleEnd&gt;true&lt;/StopOnIdleEnd&gt;       &lt;RestartOnIdle&gt;false&lt;/RestartOnIdle&gt;     &lt;/IdleSettings&gt;     &lt;AllowStartOnDemand&gt;true&lt;/AllowStartOnDemand&gt;     &lt;Enabled&gt;true&lt;/Enabled&gt;     &lt;Hidden&gt;true&lt;/Hidden&gt;     &lt;RunOnlyIfIdle&gt;false&lt;/RunOnlyIfIdle&gt;     &lt;DisallowStartOnRemoteAppSession&gt;false&lt;/DisallowStartOnRemoteAppSession&gt;     &lt;UseUnifiedSchedulingEngine&gt;true&lt;/UseUnifiedSchedulingEngine&gt;     &lt;WakeToRun&gt;false&lt;/WakeToRun&gt;     &lt;ExecutionTimeLimit&gt;PT0S&lt;/ExecutionTimeLimit&gt;     &lt;Priority&gt;7&lt;/Priority&gt;     &lt;RestartOnFailure&gt;       &lt;Interval&gt;PT1M&lt;/Interval&gt;       &lt;Count&gt;3&lt;/Count&gt;     &lt;/RestartOnFailure&gt;   &lt;/Settings&gt;   &lt;Actions Context=""NetworkService""&gt;     &lt;ComHandler&gt;       &lt;ClassId&gt;{B1AEBB5D-EAD9-4476-B375-9C3ED9F32AFC}&lt;/ClassId&gt;       &lt;Data&gt;&lt;![CDATA[timer]]&gt;&lt;/Data&gt;     &lt;/ComHandler&gt;   &lt;/Actions&gt; &lt;/Task&gt;</Data>
  <Data Name=""ClientProcessStartKey"">14355223812243534</Data>
  <Data Name=""ClientProcessId"">4028</Data>
  <Data Name=""ParentProcessId"">684</Data>
  <Data Name=""RpcCallClientLocality"">0</Data>
  <Data Name=""FQDN"">DC1.kustoworks.com</Data>
</EventData>",4702,"4702 - A scheduled task was updated.","cc046e6c-795c-47b2-a5ae-c9a0645e6d32","cc046e6c-795c-47b2-a5ae-c9a0645e6d33","00000000-0000-0000-0000-000000000001","4/23/2023, 6:24:41.778 PM","AOI-00000000-0000-0000-0000-000000000000",,,,,,,,,,,,,,,,,,,,,,,,,,,,,,,,,,,,,,,,,,,,,,,,,,,,,,,,,,,,,,,,,,,,,,,,,,,,,,,,,,,,,,,,,,,,,,,,,,,,,,,,,,,,,,,,,,,,,,,,,,,,,,,,,,,,,,,,,,,,,,,,,,,,,,,,,,,,,,,"KUSTOWORKS\DC1$",,,,KUSTOWORKS,,0x3e4,,,"DC1$","S-1-5-20",,,,,,,,,,,,,,,,,,,,,,,,,,,,,,,,,,,,,SecurityEvent,"/subscriptions/00000000-0000-0000-0000-000000000000/resourcegroups/kustoworksarc/providers/microsoft.hybridcompute/machines/dc1"
