"01680ad8-1090-4dec-a395-f77b161a9051",OpsManager,"7/8/2023, 9:16:42.712 PM","Microsoft-Windows-Security-Auditing",Security,"DC1.kustoworks.com",13826,0,LogAlways,,4731,"AOI-01680ad8-1090-4dec-a395-f77b161a9051","N/A",0,0,0x8020000000000000,,736,2124,2309846649,"{""SubjectUserSid"":""S-1-5-21-2496762881-1366215883-1809657155-500"",""SubjectUserName"":""Administrator"",""SubjectDomainName"":""KUSTOWORKS"",""SubjectLogonId"":""0xa6a86b"",""PrivilegeList"":""-"",""TargetUserName"":""Domain Local Security Group"",""TargetDomainName"":""KUSTOWORKS"",""TargetSid"":""S-1-5-21-2496762881-1366215883-1809657155-1130"",""SamAccountName"":""Domain Local Security Group"",""SidHistory"":""-""}",,"b6e34ebb-bc90-4c30-9e7b-8a9feae2eec1",,WindowsEvent,"/subscriptions/e174f759-39db-49b8-b8bc-15cf9abca0f3/resourcegroups/rg-sentinel/providers/microsoft.hybridcompute/machines/wef1"
"01680ad8-1090-4dec-a395-f77b161a9051",OpsManager,"7/8/2023, 9:17:16.502 PM","Microsoft-Windows-Security-Auditing",Security,"DC1.kustoworks.com",13826,0,LogAlways,,4754,"AOI-01680ad8-1090-4dec-a395-f77b161a9051","N/A",0,0,0x8020000000000000,,736,3096,2309846735,"{""SubjectUserSid"":""S-1-5-21-2496762881-1366215883-1809657155-500"",""SubjectUserName"":""Administrator"",""SubjectDomainName"":""KUSTOWORKS"",""SubjectLogonId"":""0xa6a86b"",""PrivilegeList"":""-"",""TargetUserName"":""Universal Security Group"",""TargetDomainName"":""KUSTOWORKS"",""TargetSid"":""S-1-5-21-2496762881-1366215883-1809657155-1131"",""SamAccountName"":""Universal Security Group"",""SidHistory"":""-""}",,"b6e34ebb-bc90-4c30-9e7b-8a9feae2eec1",,WindowsEvent,"/subscriptions/e174f759-39db-49b8-b8bc-15cf9abca0f3/resourcegroups/rg-sentinel/providers/microsoft.hybridcompute/machines/wef1"
"01680ad8-1090-4dec-a395-f77b161a9051",OpsManager,"7/8/2023, 9:16:18.919 PM","Microsoft-Windows-Security-Auditing",Security,"DC1.kustoworks.com",13826,0,LogAlways,,4727,"AOI-01680ad8-1090-4dec-a395-f77b161a9051","N/A",0,0,0x8020000000000000,,736,3108,2309846566,"{""SubjectUserSid"":""S-1-5-21-2496762881-1366215883-1809657155-500"",""SubjectUserName"":""Administrator"",""SubjectDomainName"":""KUSTOWORKS"",""SubjectLogonId"":""0xa6a86b"",""PrivilegeList"":""-"",""TargetUserName"":""Global Security Group"",""TargetDomainName"":""KUSTOWORKS"",""TargetSid"":""S-1-5-21-2496762881-1366215883-1809657155-1129"",""SamAccountName"":""Global Security Group"",""SidHistory"":""-""}",,"b6e34ebb-bc90-4c30-9e7b-8a9feae2eec1",,WindowsEvent,"/subscriptions/e174f759-39db-49b8-b8bc-15cf9abca0f3/resourcegroups/rg-sentinel/providers/microsoft.hybridcompute/machines/wef1"
"01680ad8-1090-4dec-a395-f77b161a9051",OpsManager,"7/8/2023, 9:18:13.424 PM","Microsoft-Windows-Security-Auditing",Security,"DC1.kustoworks.com",13826,0,LogAlways,,4756,"AOI-01680ad8-1090-4dec-a395-f77b161a9051","N/A",0,0,0x8020000000000000,,736,3096,2309846947,"{""SubjectUserSid"":""S-1-5-21-2496762881-1366215883-1809657155-500"",""SubjectUserName"":""Administrator"",""SubjectDomainName"":""KUSTOWORKS"",""SubjectLogonId"":""0xa6a86b"",""PrivilegeList"":""-"",""TargetUserName"":""Universal Security Group"",""TargetDomainName"":""KUSTOWORKS"",""TargetSid"":""S-1-5-21-2496762881-1366215883-1809657155-1131"",""MemberName"":""CN=KustoKing,CN=Users,DC=kustoworks,DC=com"",""MemberSid"":""S-1-5-21-2496762881-1366215883-1809657155-1128""}",,"b6e34ebb-bc90-4c30-9e7b-8a9feae2eec1",,WindowsEvent,"/subscriptions/e174f759-39db-49b8-b8bc-15cf9abca0f3/resourcegroups/rg-sentinel/providers/microsoft.hybridcompute/machines/wef1"
"01680ad8-1090-4dec-a395-f77b161a9051",OpsManager,"7/8/2023, 9:18:25.378 PM","Microsoft-Windows-Security-Auditing",Security,"DC1.kustoworks.com",13826,0,LogAlways,,4728,"AOI-01680ad8-1090-4dec-a395-f77b161a9051","N/A",0,0,0x8020000000000000,,736,2124,2309847001,"{""SubjectUserSid"":""S-1-5-21-2496762881-1366215883-1809657155-500"",""SubjectUserName"":""Administrator"",""SubjectDomainName"":""KUSTOWORKS"",""SubjectLogonId"":""0xa6a86b"",""PrivilegeList"":""-"",""TargetUserName"":""Global Security Group"",""TargetDomainName"":""KUSTOWORKS"",""TargetSid"":""S-1-5-21-2496762881-1366215883-1809657155-1129"",""MemberName"":""CN=KustoKing,CN=Users,DC=kustoworks,DC=com"",""MemberSid"":""S-1-5-21-2496762881-1366215883-1809657155-1128""}",,"b6e34ebb-bc90-4c30-9e7b-8a9feae2eec1",,WindowsEvent,"/subscriptions/e174f759-39db-49b8-b8bc-15cf9abca0f3/resourcegroups/rg-sentinel/providers/microsoft.hybridcompute/machines/wef1"
