"46bec743-35fa-4608-b7e2-2aa3c38a97c2",OpsManager,"11/17/2023, 3:17:04.943 PM","Microsoft-Windows-Sysmon","Microsoft-Windows-Sysmon/Operational",WindowsEventLog,3,4,Information,"NT AUTHORITY\SYSTEM",,"<Param>technique_id=T1021,technique_name=Remote Services</Param><Param>2023-11-17 09:47:03.760</Param><Param>{8CAD0A01-0154-6557-EB03-000000000000}</Param><Param>4</Param><Param>System</Param><Param>NT AUTHORITY\SYSTEM</Param><Param>tcp</Param><Param>FALSE</Param><Param>TRUE</Param><Param>fe80:0:0:0:d024:56ce:c156:9dae</Param><Param>-</Param><Param>51964</Param><Param>-</Param><Param>TRUE</Param><Param>fe80:0:0:0:d024:56ce:c156:9dae</Param><Param>-</Param><Param>5985</Param><Param>-</Param>","<DataItem type=""System.XmlData"" time=""2023-11-17T15:17:04.9432291+05:30"" sourceHealthServiceId=""F57C2BCF-DE2B-DA7F-FD91-0649DF501A73""><EventData xmlns=""http://schemas.microsoft.com/win/2004/08/events/event""><Data Name=""RuleName"">technique_id=T1021,technique_name=Remote Services</Data><Data Name=""UtcTime"">2023-11-17 09:47:03.760</Data><Data Name=""ProcessGuid"">{8CAD0A01-0154-6557-EB03-000000000000}</Data><Data Name=""ProcessId"">4</Data><Data Name=""Image"">System</Data><Data Name=""User"">NT AUTHORITY\SYSTEM</Data><Data Name=""Protocol"">tcp</Data><Data Name=""Initiated"">false</Data><Data Name=""SourceIsIpv6"">true</Data><Data Name=""SourceIp"">fe80:0:0:0:d024:56ce:c156:9dae</Data><Data Name=""SourceHostname"">-</Data><Data Name=""SourcePort"">51964</Data><Data Name=""SourcePortName"">-</Data><Data Name=""DestinationIsIpv6"">true</Data><Data Name=""DestinationIp"">fe80:0:0:0:d024:56ce:c156:9dae</Data><Data Name=""DestinationHostname"">-</Data><Data Name=""DestinationPort"">5985</Data><Data Name=""DestinationPortName"">-</Data></EventData></DataItem>",3,"Network connection detected: RuleName: technique_id=T1021,technique_name=Remote Services UtcTime: 2023-11-17 09:47:03.760 ProcessGuid: {8CAD0A01-0154-6557-EB03-000000000000} ProcessId: 4 Image: System User: NT AUTHORITY\SYSTEM Protocol: tcp Initiated: FALSE SourceIsIpv6: TRUE SourceIp: fe80:0:0:0:d024:56ce:c156:9dae SourceHostname: - SourcePort: 51964 SourcePortName: - DestinationIsIpv6: TRUE DestinationIp: fe80:0:0:0:d024:56ce:c156:9dae DestinationHostname: - DestinationPort: 5985 DestinationPortName: - ","00000000-0000-0000-0000-000000000001","AOI-46bec743-35fa-4608-b7e2-2aa3c38a97c2",,,Event,"/subscriptions/4383ac89-7cd1-48c1-8061-b0b3c5ccfd97/resourcegroups/varunlab-rg/providers/microsoft.compute/virtualmachines/windowseventlogs"
"46bec743-35fa-4608-b7e2-2aa3c38a97c2",OpsManager,"11/17/2023, 3:17:05.458 PM","Microsoft-Windows-Sysmon","Microsoft-Windows-Sysmon/Operational",WindowsEventLog,3,4,Information,"NT AUTHORITY\SYSTEM",,"<Param>technique_id=T1021,technique_name=Remote Services</Param><Param>2023-11-17 09:47:04.347</Param><Param>{8CAD0A01-015C-6557-1700-000000000E00}</Param><Param>1272</Param><Param>C:\Windows\System32\svchost.exe</Param><Param>NT AUTHORITY\NETWORK SERVICE</Param><Param>tcp</Param><Param>TRUE</Param><Param>TRUE</Param><Param>fe80:0:0:0:d024:56ce:c156:9dae</Param><Param>-</Param><Param>51966</Param><Param>-</Param><Param>TRUE</Param><Param>fe80:0:0:0:d024:56ce:c156:9dae</Param><Param>-</Param><Param>5985</Param><Param>-</Param>","<DataItem type=""System.XmlData"" time=""2023-11-17T15:17:05.4588262+05:30"" sourceHealthServiceId=""F57C2BCF-DE2B-DA7F-FD91-0649DF501A73""><EventData xmlns=""http://schemas.microsoft.com/win/2004/08/events/event""><Data Name=""RuleName"">technique_id=T1021,technique_name=Remote Services</Data><Data Name=""UtcTime"">2023-11-17 09:47:04.347</Data><Data Name=""ProcessGuid"">{8CAD0A01-015C-6557-1700-000000000E00}</Data><Data Name=""ProcessId"">1272</Data><Data Name=""Image"">C:\Windows\System32\svchost.exe</Data><Data Name=""User"">NT AUTHORITY\NETWORK SERVICE</Data><Data Name=""Protocol"">tcp</Data><Data Name=""Initiated"">true</Data><Data Name=""SourceIsIpv6"">true</Data><Data Name=""SourceIp"">fe80:0:0:0:d024:56ce:c156:9dae</Data><Data Name=""SourceHostname"">-</Data><Data Name=""SourcePort"">51966</Data><Data Name=""SourcePortName"">-</Data><Data Name=""DestinationIsIpv6"">true</Data><Data Name=""DestinationIp"">fe80:0:0:0:d024:56ce:c156:9dae</Data><Data Name=""DestinationHostname"">-</Data><Data Name=""DestinationPort"">5985</Data><Data Name=""DestinationPortName"">-</Data></EventData></DataItem>",3,"Network connection detected: RuleName: technique_id=T1021,technique_name=Remote Services UtcTime: 2023-11-17 09:47:04.347 ProcessGuid: {8CAD0A01-015C-6557-1700-000000000E00} ProcessId: 1272 Image: C:\Windows\System32\svchost.exe User: NT AUTHORITY\NETWORK SERVICE Protocol: tcp Initiated: TRUE SourceIsIpv6: TRUE SourceIp: fe80:0:0:0:d024:56ce:c156:9dae SourceHostname: - SourcePort: 51966 SourcePortName: - DestinationIsIpv6: TRUE DestinationIp: fe80:0:0:0:d024:56ce:c156:9dae DestinationHostname: - DestinationPort: 5985 DestinationPortName: - ","00000000-0000-0000-0000-000000000001","AOI-46bec743-35fa-4608-b7e2-2aa3c38a97c2",,,Event,"/subscriptions/4383ac89-7cd1-48c1-8061-b0b3c5ccfd97/resourcegroups/varunlab-rg/providers/microsoft.compute/virtualmachines/windowseventlogs"
"46bec743-35fa-4608-b7e2-2aa3c38a97c2",OpsManager,"11/17/2023, 3:17:05.458 PM","Microsoft-Windows-Sysmon","Microsoft-Windows-Sysmon/Operational",WindowsEventLog,3,4,Information,"NT AUTHORITY\SYSTEM",,"<Param>technique_id=T1021,technique_name=Remote Services</Param><Param>2023-11-17 09:47:04.347</Param><Param>{8CAD0A01-0154-6557-EB03-000000000000}</Param><Param>4</Param><Param>System</Param><Param>NT AUTHORITY\SYSTEM</Param><Param>tcp</Param><Param>FALSE</Param><Param>TRUE</Param><Param>fe80:0:0:0:d024:56ce:c156:9dae</Param><Param>-</Param><Param>51966</Param><Param>-</Param><Param>TRUE</Param><Param>fe80:0:0:0:d024:56ce:c156:9dae</Param><Param>-</Param><Param>5985</Param><Param>-</Param>","<DataItem type=""System.XmlData"" time=""2023-11-17T15:17:05.4588454+05:30"" sourceHealthServiceId=""F57C2BCF-DE2B-DA7F-FD91-0649DF501A73""><EventData xmlns=""http://schemas.microsoft.com/win/2004/08/events/event""><Data Name=""RuleName"">technique_id=T1021,technique_name=Remote Services</Data><Data Name=""UtcTime"">2023-11-17 09:47:04.347</Data><Data Name=""ProcessGuid"">{8CAD0A01-0154-6557-EB03-000000000000}</Data><Data Name=""ProcessId"">4</Data><Data Name=""Image"">System</Data><Data Name=""User"">NT AUTHORITY\SYSTEM</Data><Data Name=""Protocol"">tcp</Data><Data Name=""Initiated"">false</Data><Data Name=""SourceIsIpv6"">true</Data><Data Name=""SourceIp"">fe80:0:0:0:d024:56ce:c156:9dae</Data><Data Name=""SourceHostname"">-</Data><Data Name=""SourcePort"">51966</Data><Data Name=""SourcePortName"">-</Data><Data Name=""DestinationIsIpv6"">true</Data><Data Name=""DestinationIp"">fe80:0:0:0:d024:56ce:c156:9dae</Data><Data Name=""DestinationHostname"">-</Data><Data Name=""DestinationPort"">5985</Data><Data Name=""DestinationPortName"">-</Data></EventData></DataItem>",3,"Network connection detected: RuleName: technique_id=T1021,technique_name=Remote Services UtcTime: 2023-11-17 09:47:04.347 ProcessGuid: {8CAD0A01-0154-6557-EB03-000000000000} ProcessId: 4 Image: System User: NT AUTHORITY\SYSTEM Protocol: tcp Initiated: FALSE SourceIsIpv6: TRUE SourceIp: fe80:0:0:0:d024:56ce:c156:9dae SourceHostname: - SourcePort: 51966 SourcePortName: - DestinationIsIpv6: TRUE DestinationIp: fe80:0:0:0:d024:56ce:c156:9dae DestinationHostname: - DestinationPort: 5985 DestinationPortName: - ","00000000-0000-0000-0000-000000000001","AOI-46bec743-35fa-4608-b7e2-2aa3c38a97c2",,,Event,"/subscriptions/4383ac89-7cd1-48c1-8061-b0b3c5ccfd97/resourcegroups/varunlab-rg/providers/microsoft.compute/virtualmachines/windowseventlogs"
"46bec743-35fa-4608-b7e2-2aa3c38a97c2",OpsManager,"11/17/2023, 3:17:13.928 PM","Microsoft-Windows-Sysmon","Microsoft-Windows-Sysmon/Operational",WindowsEventLog,3,4,Information,"NT AUTHORITY\SYSTEM",,"<Param>technique_id=T1021,technique_name=Remote Services</Param><Param>2023-11-17 09:47:12.736</Param><Param>{8CAD0A01-015C-6557-1700-000000000E00}</Param><Param>1272</Param><Param>C:\Windows\System32\svchost.exe</Param><Param>NT AUTHORITY\NETWORK SERVICE</Param><Param>tcp</Param><Param>TRUE</Param><Param>TRUE</Param><Param>fe80:0:0:0:d024:56ce:c156:9dae</Param><Param>-</Param><Param>51967</Param><Param>-</Param><Param>TRUE</Param><Param>fe80:0:0:0:d024:56ce:c156:9dae</Param><Param>-</Param><Param>5985</Param><Param>-</Param>","<DataItem type=""System.XmlData"" time=""2023-11-17T15:17:13.9280107+05:30"" sourceHealthServiceId=""F57C2BCF-DE2B-DA7F-FD91-0649DF501A73""><EventData xmlns=""http://schemas.microsoft.com/win/2004/08/events/event""><Data Name=""RuleName"">technique_id=T1021,technique_name=Remote Services</Data><Data Name=""UtcTime"">2023-11-17 09:47:12.736</Data><Data Name=""ProcessGuid"">{8CAD0A01-015C-6557-1700-000000000E00}</Data><Data Name=""ProcessId"">1272</Data><Data Name=""Image"">C:\Windows\System32\svchost.exe</Data><Data Name=""User"">NT AUTHORITY\NETWORK SERVICE</Data><Data Name=""Protocol"">tcp</Data><Data Name=""Initiated"">true</Data><Data Name=""SourceIsIpv6"">true</Data><Data Name=""SourceIp"">fe80:0:0:0:d024:56ce:c156:9dae</Data><Data Name=""SourceHostname"">-</Data><Data Name=""SourcePort"">51967</Data><Data Name=""SourcePortName"">-</Data><Data Name=""DestinationIsIpv6"">true</Data><Data Name=""DestinationIp"">fe80:0:0:0:d024:56ce:c156:9dae</Data><Data Name=""DestinationHostname"">-</Data><Data Name=""DestinationPort"">5985</Data><Data Name=""DestinationPortName"">-</Data></EventData></DataItem>",3,"Network connection detected: RuleName: technique_id=T1021,technique_name=Remote Services UtcTime: 2023-11-17 09:47:12.736 ProcessGuid: {8CAD0A01-015C-6557-1700-000000000E00} ProcessId: 1272 Image: C:\Windows\System32\svchost.exe User: NT AUTHORITY\NETWORK SERVICE Protocol: tcp Initiated: TRUE SourceIsIpv6: TRUE SourceIp: fe80:0:0:0:d024:56ce:c156:9dae SourceHostname: - SourcePort: 51967 SourcePortName: - DestinationIsIpv6: TRUE DestinationIp: fe80:0:0:0:d024:56ce:c156:9dae DestinationHostname: - DestinationPort: 5985 DestinationPortName: - ","00000000-0000-0000-0000-000000000001","AOI-46bec743-35fa-4608-b7e2-2aa3c38a97c2",,,Event,"/subscriptions/4383ac89-7cd1-48c1-8061-b0b3c5ccfd97/resourcegroups/varunlab-rg/providers/microsoft.compute/virtualmachines/windowseventlogs"
"46bec743-35fa-4608-b7e2-2aa3c38a97c2",OpsManager,"11/17/2023, 3:17:13.928 PM","Microsoft-Windows-Sysmon","Microsoft-Windows-Sysmon/Operational",WindowsEventLog,3,4,Information,"NT AUTHORITY\SYSTEM",,"<Param>technique_id=T1021,technique_name=Remote Services</Param><Param>2023-11-17 09:47:12.736</Param><Param>{8CAD0A01-0154-6557-EB03-000000000000}</Param><Param>4</Param><Param>System</Param><Param>NT AUTHORITY\SYSTEM</Param><Param>tcp</Param><Param>FALSE</Param><Param>TRUE</Param><Param>fe80:0:0:0:d024:56ce:c156:9dae</Param><Param>-</Param><Param>51967</Param><Param>-</Param><Param>TRUE</Param><Param>fe80:0:0:0:d024:56ce:c156:9dae</Param><Param>-</Param><Param>5985</Param><Param>-</Param>","<DataItem type=""System.XmlData"" time=""2023-11-17T15:17:13.9280351+05:30"" sourceHealthServiceId=""F57C2BCF-DE2B-DA7F-FD91-0649DF501A73""><EventData xmlns=""http://schemas.microsoft.com/win/2004/08/events/event""><Data Name=""RuleName"">technique_id=T1021,technique_name=Remote Services</Data><Data Name=""UtcTime"">2023-11-17 09:47:12.736</Data><Data Name=""ProcessGuid"">{8CAD0A01-0154-6557-EB03-000000000000}</Data><Data Name=""ProcessId"">4</Data><Data Name=""Image"">System</Data><Data Name=""User"">NT AUTHORITY\SYSTEM</Data><Data Name=""Protocol"">tcp</Data><Data Name=""Initiated"">false</Data><Data Name=""SourceIsIpv6"">true</Data><Data Name=""SourceIp"">fe80:0:0:0:d024:56ce:c156:9dae</Data><Data Name=""SourceHostname"">-</Data><Data Name=""SourcePort"">51967</Data><Data Name=""SourcePortName"">-</Data><Data Name=""DestinationIsIpv6"">true</Data><Data Name=""DestinationIp"">fe80:0:0:0:d024:56ce:c156:9dae</Data><Data Name=""DestinationHostname"">-</Data><Data Name=""DestinationPort"">5985</Data><Data Name=""DestinationPortName"">-</Data></EventData></DataItem>",3,"Network connection detected: RuleName: technique_id=T1021,technique_name=Remote Services UtcTime: 2023-11-17 09:47:12.736 ProcessGuid: {8CAD0A01-0154-6557-EB03-000000000000} ProcessId: 4 Image: System User: NT AUTHORITY\SYSTEM Protocol: tcp Initiated: FALSE SourceIsIpv6: TRUE SourceIp: fe80:0:0:0:d024:56ce:c156:9dae SourceHostname: - SourcePort: 51967 SourcePortName: - DestinationIsIpv6: TRUE DestinationIp: fe80:0:0:0:d024:56ce:c156:9dae DestinationHostname: - DestinationPort: 5985 DestinationPortName: - ","00000000-0000-0000-0000-000000000001","AOI-46bec743-35fa-4608-b7e2-2aa3c38a97c2",,,Event,"/subscriptions/4383ac89-7cd1-48c1-8061-b0b3c5ccfd97/resourcegroups/varunlab-rg/providers/microsoft.compute/virtualmachines/windowseventlogs"
"46bec743-35fa-4608-b7e2-2aa3c38a97c2",OpsManager,"11/17/2023, 3:17:25.990 PM","Microsoft-Windows-Sysmon","Microsoft-Windows-Sysmon/Operational",WindowsEventLog,3,4,Information,"NT AUTHORITY\SYSTEM",,"<Param>technique_id=T1021,technique_name=Remote Services</Param><Param>2023-11-17 09:47:24.875</Param><Param>{8CAD0A01-015C-6557-1700-000000000E00}</Param><Param>1272</Param><Param>C:\Windows\System32\svchost.exe</Param><Param>NT AUTHORITY\NETWORK SERVICE</Param><Param>tcp</Param><Param>TRUE</Param><Param>TRUE</Param><Param>fe80:0:0:0:d024:56ce:c156:9dae</Param><Param>-</Param><Param>51969</Param><Param>-</Param><Param>TRUE</Param><Param>fe80:0:0:0:d024:56ce:c156:9dae</Param><Param>-</Param><Param>5985</Param><Param>-</Param>","<DataItem type=""System.XmlData"" time=""2023-11-17T15:17:25.9902900+05:30"" sourceHealthServiceId=""F57C2BCF-DE2B-DA7F-FD91-0649DF501A73""><EventData xmlns=""http://schemas.microsoft.com/win/2004/08/events/event""><Data Name=""RuleName"">technique_id=T1021,technique_name=Remote Services</Data><Data Name=""UtcTime"">2023-11-17 09:47:24.875</Data><Data Name=""ProcessGuid"">{8CAD0A01-015C-6557-1700-000000000E00}</Data><Data Name=""ProcessId"">1272</Data><Data Name=""Image"">C:\Windows\System32\svchost.exe</Data><Data Name=""User"">NT AUTHORITY\NETWORK SERVICE</Data><Data Name=""Protocol"">tcp</Data><Data Name=""Initiated"">true</Data><Data Name=""SourceIsIpv6"">true</Data><Data Name=""SourceIp"">fe80:0:0:0:d024:56ce:c156:9dae</Data><Data Name=""SourceHostname"">-</Data><Data Name=""SourcePort"">51969</Data><Data Name=""SourcePortName"">-</Data><Data Name=""DestinationIsIpv6"">true</Data><Data Name=""DestinationIp"">fe80:0:0:0:d024:56ce:c156:9dae</Data><Data Name=""DestinationHostname"">-</Data><Data Name=""DestinationPort"">5985</Data><Data Name=""DestinationPortName"">-</Data></EventData></DataItem>",3,"Network connection detected: RuleName: technique_id=T1021,technique_name=Remote Services UtcTime: 2023-11-17 09:47:24.875 ProcessGuid: {8CAD0A01-015C-6557-1700-000000000E00} ProcessId: 1272 Image: C:\Windows\System32\svchost.exe User: NT AUTHORITY\NETWORK SERVICE Protocol: tcp Initiated: TRUE SourceIsIpv6: TRUE SourceIp: fe80:0:0:0:d024:56ce:c156:9dae SourceHostname: - SourcePort: 51969 SourcePortName: - DestinationIsIpv6: TRUE DestinationIp: fe80:0:0:0:d024:56ce:c156:9dae DestinationHostname: - DestinationPort: 5985 DestinationPortName: - ","00000000-0000-0000-0000-000000000001","AOI-46bec743-35fa-4608-b7e2-2aa3c38a97c2",,,Event,"/subscriptions/4383ac89-7cd1-48c1-8061-b0b3c5ccfd97/resourcegroups/varunlab-rg/providers/microsoft.compute/virtualmachines/windowseventlogs"
"46bec743-35fa-4608-b7e2-2aa3c38a97c2",OpsManager,"11/17/2023, 3:17:25.990 PM","Microsoft-Windows-Sysmon","Microsoft-Windows-Sysmon/Operational",WindowsEventLog,3,4,Information,"NT AUTHORITY\SYSTEM",,"<Param>technique_id=T1021,technique_name=Remote Services</Param><Param>2023-11-17 09:47:24.875</Param><Param>{8CAD0A01-0154-6557-EB03-000000000000}</Param><Param>4</Param><Param>System</Param><Param>NT AUTHORITY\SYSTEM</Param><Param>tcp</Param><Param>FALSE</Param><Param>TRUE</Param><Param>fe80:0:0:0:d024:56ce:c156:9dae</Param><Param>-</Param><Param>51969</Param><Param>-</Param><Param>TRUE</Param><Param>fe80:0:0:0:d024:56ce:c156:9dae</Param><Param>-</Param><Param>5985</Param><Param>-</Param>","<DataItem type=""System.XmlData"" time=""2023-11-17T15:17:25.9903062+05:30"" sourceHealthServiceId=""F57C2BCF-DE2B-DA7F-FD91-0649DF501A73""><EventData xmlns=""http://schemas.microsoft.com/win/2004/08/events/event""><Data Name=""RuleName"">technique_id=T1021,technique_name=Remote Services</Data><Data Name=""UtcTime"">2023-11-17 09:47:24.875</Data><Data Name=""ProcessGuid"">{8CAD0A01-0154-6557-EB03-000000000000}</Data><Data Name=""ProcessId"">4</Data><Data Name=""Image"">System</Data><Data Name=""User"">NT AUTHORITY\SYSTEM</Data><Data Name=""Protocol"">tcp</Data><Data Name=""Initiated"">false</Data><Data Name=""SourceIsIpv6"">true</Data><Data Name=""SourceIp"">fe80:0:0:0:d024:56ce:c156:9dae</Data><Data Name=""SourceHostname"">-</Data><Data Name=""SourcePort"">51969</Data><Data Name=""SourcePortName"">-</Data><Data Name=""DestinationIsIpv6"">true</Data><Data Name=""DestinationIp"">fe80:0:0:0:d024:56ce:c156:9dae</Data><Data Name=""DestinationHostname"">-</Data><Data Name=""DestinationPort"">5985</Data><Data Name=""DestinationPortName"">-</Data></EventData></DataItem>",3,"Network connection detected: RuleName: technique_id=T1021,technique_name=Remote Services UtcTime: 2023-11-17 09:47:24.875 ProcessGuid: {8CAD0A01-0154-6557-EB03-000000000000} ProcessId: 4 Image: System User: NT AUTHORITY\SYSTEM Protocol: tcp Initiated: FALSE SourceIsIpv6: TRUE SourceIp: fe80:0:0:0:d024:56ce:c156:9dae SourceHostname: - SourcePort: 51969 SourcePortName: - DestinationIsIpv6: TRUE DestinationIp: fe80:0:0:0:d024:56ce:c156:9dae DestinationHostname: - DestinationPort: 5985 DestinationPortName: - ","00000000-0000-0000-0000-000000000001","AOI-46bec743-35fa-4608-b7e2-2aa3c38a97c2",,,Event,"/subscriptions/4383ac89-7cd1-48c1-8061-b0b3c5ccfd97/resourcegroups/varunlab-rg/providers/microsoft.compute/virtualmachines/windowseventlogs"
"46bec743-35fa-4608-b7e2-2aa3c38a97c2",OpsManager,"11/17/2023, 3:14:08.974 PM","Microsoft-Windows-Sysmon","Microsoft-Windows-Sysmon/Operational",WindowsEventLog,3,4,Information,"NT AUTHORITY\SYSTEM",,"<Param>technique_id=T1021,technique_name=Remote Services</Param><Param>2023-11-17 09:44:07.703</Param><Param>{8CAD0A01-015C-6557-1700-000000000E00}</Param><Param>1272</Param><Param>C:\Windows\System32\svchost.exe</Param><Param>NT AUTHORITY\NETWORK SERVICE</Param><Param>tcp</Param><Param>TRUE</Param><Param>TRUE</Param><Param>fe80:0:0:0:d024:56ce:c156:9dae</Param><Param>-</Param><Param>51924</Param><Param>-</Param><Param>TRUE</Param><Param>fe80:0:0:0:d024:56ce:c156:9dae</Param><Param>-</Param><Param>5985</Param><Param>-</Param>","<DataItem type=""System.XmlData"" time=""2023-11-17T15:14:08.9742093+05:30"" sourceHealthServiceId=""F57C2BCF-DE2B-DA7F-FD91-0649DF501A73""><EventData xmlns=""http://schemas.microsoft.com/win/2004/08/events/event""><Data Name=""RuleName"">technique_id=T1021,technique_name=Remote Services</Data><Data Name=""UtcTime"">2023-11-17 09:44:07.703</Data><Data Name=""ProcessGuid"">{8CAD0A01-015C-6557-1700-000000000E00}</Data><Data Name=""ProcessId"">1272</Data><Data Name=""Image"">C:\Windows\System32\svchost.exe</Data><Data Name=""User"">NT AUTHORITY\NETWORK SERVICE</Data><Data Name=""Protocol"">tcp</Data><Data Name=""Initiated"">true</Data><Data Name=""SourceIsIpv6"">true</Data><Data Name=""SourceIp"">fe80:0:0:0:d024:56ce:c156:9dae</Data><Data Name=""SourceHostname"">-</Data><Data Name=""SourcePort"">51924</Data><Data Name=""SourcePortName"">-</Data><Data Name=""DestinationIsIpv6"">true</Data><Data Name=""DestinationIp"">fe80:0:0:0:d024:56ce:c156:9dae</Data><Data Name=""DestinationHostname"">-</Data><Data Name=""DestinationPort"">5985</Data><Data Name=""DestinationPortName"">-</Data></EventData></DataItem>",3,"Network connection detected: RuleName: technique_id=T1021,technique_name=Remote Services UtcTime: 2023-11-17 09:44:07.703 ProcessGuid: {8CAD0A01-015C-6557-1700-000000000E00} ProcessId: 1272 Image: C:\Windows\System32\svchost.exe User: NT AUTHORITY\NETWORK SERVICE Protocol: tcp Initiated: TRUE SourceIsIpv6: TRUE SourceIp: fe80:0:0:0:d024:56ce:c156:9dae SourceHostname: - SourcePort: 51924 SourcePortName: - DestinationIsIpv6: TRUE DestinationIp: fe80:0:0:0:d024:56ce:c156:9dae DestinationHostname: - DestinationPort: 5985 DestinationPortName: - ","00000000-0000-0000-0000-000000000001","AOI-46bec743-35fa-4608-b7e2-2aa3c38a97c2",,,Event,"/subscriptions/4383ac89-7cd1-48c1-8061-b0b3c5ccfd97/resourcegroups/varunlab-rg/providers/microsoft.compute/virtualmachines/windowseventlogs"
"46bec743-35fa-4608-b7e2-2aa3c38a97c2",OpsManager,"11/17/2023, 3:14:08.974 PM","Microsoft-Windows-Sysmon","Microsoft-Windows-Sysmon/Operational",WindowsEventLog,3,4,Information,"NT AUTHORITY\SYSTEM",,"<Param>technique_id=T1021,technique_name=Remote Services</Param><Param>2023-11-17 09:44:07.703</Param><Param>{8CAD0A01-0154-6557-EB03-000000000000}</Param><Param>4</Param><Param>System</Param><Param>NT AUTHORITY\SYSTEM</Param><Param>tcp</Param><Param>FALSE</Param><Param>TRUE</Param><Param>fe80:0:0:0:d024:56ce:c156:9dae</Param><Param>-</Param><Param>51924</Param><Param>-</Param><Param>TRUE</Param><Param>fe80:0:0:0:d024:56ce:c156:9dae</Param><Param>-</Param><Param>5985</Param><Param>-</Param>","<DataItem type=""System.XmlData"" time=""2023-11-17T15:14:08.9742271+05:30"" sourceHealthServiceId=""F57C2BCF-DE2B-DA7F-FD91-0649DF501A73""><EventData xmlns=""http://schemas.microsoft.com/win/2004/08/events/event""><Data Name=""RuleName"">technique_id=T1021,technique_name=Remote Services</Data><Data Name=""UtcTime"">2023-11-17 09:44:07.703</Data><Data Name=""ProcessGuid"">{8CAD0A01-0154-6557-EB03-000000000000}</Data><Data Name=""ProcessId"">4</Data><Data Name=""Image"">System</Data><Data Name=""User"">NT AUTHORITY\SYSTEM</Data><Data Name=""Protocol"">tcp</Data><Data Name=""Initiated"">false</Data><Data Name=""SourceIsIpv6"">true</Data><Data Name=""SourceIp"">fe80:0:0:0:d024:56ce:c156:9dae</Data><Data Name=""SourceHostname"">-</Data><Data Name=""SourcePort"">51924</Data><Data Name=""SourcePortName"">-</Data><Data Name=""DestinationIsIpv6"">true</Data><Data Name=""DestinationIp"">fe80:0:0:0:d024:56ce:c156:9dae</Data><Data Name=""DestinationHostname"">-</Data><Data Name=""DestinationPort"">5985</Data><Data Name=""DestinationPortName"">-</Data></EventData></DataItem>",3,"Network connection detected: RuleName: technique_id=T1021,technique_name=Remote Services UtcTime: 2023-11-17 09:44:07.703 ProcessGuid: {8CAD0A01-0154-6557-EB03-000000000000} ProcessId: 4 Image: System User: NT AUTHORITY\SYSTEM Protocol: tcp Initiated: FALSE SourceIsIpv6: TRUE SourceIp: fe80:0:0:0:d024:56ce:c156:9dae SourceHostname: - SourcePort: 51924 SourcePortName: - DestinationIsIpv6: TRUE DestinationIp: fe80:0:0:0:d024:56ce:c156:9dae DestinationHostname: - DestinationPort: 5985 DestinationPortName: - ","00000000-0000-0000-0000-000000000001","AOI-46bec743-35fa-4608-b7e2-2aa3c38a97c2",,,Event,"/subscriptions/4383ac89-7cd1-48c1-8061-b0b3c5ccfd97/resourcegroups/varunlab-rg/providers/microsoft.compute/virtualmachines/windowseventlogs"
"46bec743-35fa-4608-b7e2-2aa3c38a97c2",OpsManager,"11/17/2023, 3:14:11.029 PM","Microsoft-Windows-Sysmon","Microsoft-Windows-Sysmon/Operational",WindowsEventLog,3,4,Information,"NT AUTHORITY\SYSTEM",,"<Param>technique_id=T1021,technique_name=Remote Services</Param><Param>2023-11-17 09:44:09.751</Param><Param>{8CAD0A01-015C-6557-1700-000000000E00}</Param><Param>1272</Param><Param>C:\Windows\System32\svchost.exe</Param><Param>NT AUTHORITY\NETWORK SERVICE</Param><Param>tcp</Param><Param>TRUE</Param><Param>TRUE</Param><Param>fe80:0:0:0:d024:56ce:c156:9dae</Param><Param>-</Param><Param>51925</Param><Param>-</Param><Param>TRUE</Param><Param>fe80:0:0:0:d024:56ce:c156:9dae</Param><Param>-</Param><Param>5985</Param><Param>-</Param>","<DataItem type=""System.XmlData"" time=""2023-11-17T15:14:11.0295335+05:30"" sourceHealthServiceId=""F57C2BCF-DE2B-DA7F-FD91-0649DF501A73""><EventData xmlns=""http://schemas.microsoft.com/win/2004/08/events/event""><Data Name=""RuleName"">technique_id=T1021,technique_name=Remote Services</Data><Data Name=""UtcTime"">2023-11-17 09:44:09.751</Data><Data Name=""ProcessGuid"">{8CAD0A01-015C-6557-1700-000000000E00}</Data><Data Name=""ProcessId"">1272</Data><Data Name=""Image"">C:\Windows\System32\svchost.exe</Data><Data Name=""User"">NT AUTHORITY\NETWORK SERVICE</Data><Data Name=""Protocol"">tcp</Data><Data Name=""Initiated"">true</Data><Data Name=""SourceIsIpv6"">true</Data><Data Name=""SourceIp"">fe80:0:0:0:d024:56ce:c156:9dae</Data><Data Name=""SourceHostname"">-</Data><Data Name=""SourcePort"">51925</Data><Data Name=""SourcePortName"">-</Data><Data Name=""DestinationIsIpv6"">true</Data><Data Name=""DestinationIp"">fe80:0:0:0:d024:56ce:c156:9dae</Data><Data Name=""DestinationHostname"">-</Data><Data Name=""DestinationPort"">5985</Data><Data Name=""DestinationPortName"">-</Data></EventData></DataItem>",3,"Network connection detected: RuleName: technique_id=T1021,technique_name=Remote Services UtcTime: 2023-11-17 09:44:09.751 ProcessGuid: {8CAD0A01-015C-6557-1700-000000000E00} ProcessId: 1272 Image: C:\Windows\System32\svchost.exe User: NT AUTHORITY\NETWORK SERVICE Protocol: tcp Initiated: TRUE SourceIsIpv6: TRUE SourceIp: fe80:0:0:0:d024:56ce:c156:9dae SourceHostname: - SourcePort: 51925 SourcePortName: - DestinationIsIpv6: TRUE DestinationIp: fe80:0:0:0:d024:56ce:c156:9dae DestinationHostname: - DestinationPort: 5985 DestinationPortName: - ","00000000-0000-0000-0000-000000000001","AOI-46bec743-35fa-4608-b7e2-2aa3c38a97c2",,,Event,"/subscriptions/4383ac89-7cd1-48c1-8061-b0b3c5ccfd97/resourcegroups/varunlab-rg/providers/microsoft.compute/virtualmachines/windowseventlogs"
"46bec743-35fa-4608-b7e2-2aa3c38a97c2",OpsManager,"11/17/2023, 3:14:11.029 PM","Microsoft-Windows-Sysmon","Microsoft-Windows-Sysmon/Operational",WindowsEventLog,3,4,Information,"NT AUTHORITY\SYSTEM",,"<Param>technique_id=T1021,technique_name=Remote Services</Param><Param>2023-11-17 09:44:09.751</Param><Param>{8CAD0A01-0154-6557-EB03-000000000000}</Param><Param>4</Param><Param>System</Param><Param>NT AUTHORITY\SYSTEM</Param><Param>tcp</Param><Param>FALSE</Param><Param>TRUE</Param><Param>fe80:0:0:0:d024:56ce:c156:9dae</Param><Param>-</Param><Param>51925</Param><Param>-</Param><Param>TRUE</Param><Param>fe80:0:0:0:d024:56ce:c156:9dae</Param><Param>-</Param><Param>5985</Param><Param>-</Param>","<DataItem type=""System.XmlData"" time=""2023-11-17T15:14:11.0295546+05:30"" sourceHealthServiceId=""F57C2BCF-DE2B-DA7F-FD91-0649DF501A73""><EventData xmlns=""http://schemas.microsoft.com/win/2004/08/events/event""><Data Name=""RuleName"">technique_id=T1021,technique_name=Remote Services</Data><Data Name=""UtcTime"">2023-11-17 09:44:09.751</Data><Data Name=""ProcessGuid"">{8CAD0A01-0154-6557-EB03-000000000000}</Data><Data Name=""ProcessId"">4</Data><Data Name=""Image"">System</Data><Data Name=""User"">NT AUTHORITY\SYSTEM</Data><Data Name=""Protocol"">tcp</Data><Data Name=""Initiated"">false</Data><Data Name=""SourceIsIpv6"">true</Data><Data Name=""SourceIp"">fe80:0:0:0:d024:56ce:c156:9dae</Data><Data Name=""SourceHostname"">-</Data><Data Name=""SourcePort"">51925</Data><Data Name=""SourcePortName"">-</Data><Data Name=""DestinationIsIpv6"">true</Data><Data Name=""DestinationIp"">fe80:0:0:0:d024:56ce:c156:9dae</Data><Data Name=""DestinationHostname"">-</Data><Data Name=""DestinationPort"">5985</Data><Data Name=""DestinationPortName"">-</Data></EventData></DataItem>",3,"Network connection detected: RuleName: technique_id=T1021,technique_name=Remote Services UtcTime: 2023-11-17 09:44:09.751 ProcessGuid: {8CAD0A01-0154-6557-EB03-000000000000} ProcessId: 4 Image: System User: NT AUTHORITY\SYSTEM Protocol: tcp Initiated: FALSE SourceIsIpv6: TRUE SourceIp: fe80:0:0:0:d024:56ce:c156:9dae SourceHostname: - SourcePort: 51925 SourcePortName: - DestinationIsIpv6: TRUE DestinationIp: fe80:0:0:0:d024:56ce:c156:9dae DestinationHostname: - DestinationPort: 5985 DestinationPortName: - ","00000000-0000-0000-0000-000000000001","AOI-46bec743-35fa-4608-b7e2-2aa3c38a97c2",,,Event,"/subscriptions/4383ac89-7cd1-48c1-8061-b0b3c5ccfd97/resourcegroups/varunlab-rg/providers/microsoft.compute/virtualmachines/windowseventlogs"
"46bec743-35fa-4608-b7e2-2aa3c38a97c2",OpsManager,"11/17/2023, 3:14:38.814 PM","Microsoft-Windows-Sysmon","Microsoft-Windows-Sysmon/Operational",WindowsEventLog,3,4,Information,"NT AUTHORITY\SYSTEM",,"<Param>technique_id=T1021,technique_name=Remote Services</Param><Param>2023-11-17 09:44:37.561</Param><Param>{8CAD0A01-015C-6557-1700-000000000E00}</Param><Param>1272</Param><Param>C:\Windows\System32\svchost.exe</Param><Param>NT AUTHORITY\NETWORK SERVICE</Param><Param>tcp</Param><Param>TRUE</Param><Param>TRUE</Param><Param>fe80:0:0:0:d024:56ce:c156:9dae</Param><Param>-</Param><Param>51932</Param><Param>-</Param><Param>TRUE</Param><Param>fe80:0:0:0:d024:56ce:c156:9dae</Param><Param>-</Param><Param>5985</Param><Param>-</Param>","<DataItem type=""System.XmlData"" time=""2023-11-17T15:14:38.8142925+05:30"" sourceHealthServiceId=""F57C2BCF-DE2B-DA7F-FD91-0649DF501A73""><EventData xmlns=""http://schemas.microsoft.com/win/2004/08/events/event""><Data Name=""RuleName"">technique_id=T1021,technique_name=Remote Services</Data><Data Name=""UtcTime"">2023-11-17 09:44:37.561</Data><Data Name=""ProcessGuid"">{8CAD0A01-015C-6557-1700-000000000E00}</Data><Data Name=""ProcessId"">1272</Data><Data Name=""Image"">C:\Windows\System32\svchost.exe</Data><Data Name=""User"">NT AUTHORITY\NETWORK SERVICE</Data><Data Name=""Protocol"">tcp</Data><Data Name=""Initiated"">true</Data><Data Name=""SourceIsIpv6"">true</Data><Data Name=""SourceIp"">fe80:0:0:0:d024:56ce:c156:9dae</Data><Data Name=""SourceHostname"">-</Data><Data Name=""SourcePort"">51932</Data><Data Name=""SourcePortName"">-</Data><Data Name=""DestinationIsIpv6"">true</Data><Data Name=""DestinationIp"">fe80:0:0:0:d024:56ce:c156:9dae</Data><Data Name=""DestinationHostname"">-</Data><Data Name=""DestinationPort"">5985</Data><Data Name=""DestinationPortName"">-</Data></EventData></DataItem>",3,"Network connection detected: RuleName: technique_id=T1021,technique_name=Remote Services UtcTime: 2023-11-17 09:44:37.561 ProcessGuid: {8CAD0A01-015C-6557-1700-000000000E00} ProcessId: 1272 Image: C:\Windows\System32\svchost.exe User: NT AUTHORITY\NETWORK SERVICE Protocol: tcp Initiated: TRUE SourceIsIpv6: TRUE SourceIp: fe80:0:0:0:d024:56ce:c156:9dae SourceHostname: - SourcePort: 51932 SourcePortName: - DestinationIsIpv6: TRUE DestinationIp: fe80:0:0:0:d024:56ce:c156:9dae DestinationHostname: - DestinationPort: 5985 DestinationPortName: - ","00000000-0000-0000-0000-000000000001","AOI-46bec743-35fa-4608-b7e2-2aa3c38a97c2",,,Event,"/subscriptions/4383ac89-7cd1-48c1-8061-b0b3c5ccfd97/resourcegroups/varunlab-rg/providers/microsoft.compute/virtualmachines/windowseventlogs"
"46bec743-35fa-4608-b7e2-2aa3c38a97c2",OpsManager,"11/17/2023, 3:14:38.814 PM","Microsoft-Windows-Sysmon","Microsoft-Windows-Sysmon/Operational",WindowsEventLog,3,4,Information,"NT AUTHORITY\SYSTEM",,"<Param>technique_id=T1021,technique_name=Remote Services</Param><Param>2023-11-17 09:44:37.561</Param><Param>{8CAD0A01-0154-6557-EB03-000000000000}</Param><Param>4</Param><Param>System</Param><Param>NT AUTHORITY\SYSTEM</Param><Param>tcp</Param><Param>FALSE</Param><Param>TRUE</Param><Param>fe80:0:0:0:d024:56ce:c156:9dae</Param><Param>-</Param><Param>51932</Param><Param>-</Param><Param>TRUE</Param><Param>fe80:0:0:0:d024:56ce:c156:9dae</Param><Param>-</Param><Param>5985</Param><Param>-</Param>","<DataItem type=""System.XmlData"" time=""2023-11-17T15:14:38.8143146+05:30"" sourceHealthServiceId=""F57C2BCF-DE2B-DA7F-FD91-0649DF501A73""><EventData xmlns=""http://schemas.microsoft.com/win/2004/08/events/event""><Data Name=""RuleName"">technique_id=T1021,technique_name=Remote Services</Data><Data Name=""UtcTime"">2023-11-17 09:44:37.561</Data><Data Name=""ProcessGuid"">{8CAD0A01-0154-6557-EB03-000000000000}</Data><Data Name=""ProcessId"">4</Data><Data Name=""Image"">System</Data><Data Name=""User"">NT AUTHORITY\SYSTEM</Data><Data Name=""Protocol"">tcp</Data><Data Name=""Initiated"">false</Data><Data Name=""SourceIsIpv6"">true</Data><Data Name=""SourceIp"">fe80:0:0:0:d024:56ce:c156:9dae</Data><Data Name=""SourceHostname"">-</Data><Data Name=""SourcePort"">51932</Data><Data Name=""SourcePortName"">-</Data><Data Name=""DestinationIsIpv6"">true</Data><Data Name=""DestinationIp"">fe80:0:0:0:d024:56ce:c156:9dae</Data><Data Name=""DestinationHostname"">-</Data><Data Name=""DestinationPort"">5985</Data><Data Name=""DestinationPortName"">-</Data></EventData></DataItem>",3,"Network connection detected: RuleName: technique_id=T1021,technique_name=Remote Services UtcTime: 2023-11-17 09:44:37.561 ProcessGuid: {8CAD0A01-0154-6557-EB03-000000000000} ProcessId: 4 Image: System User: NT AUTHORITY\SYSTEM Protocol: tcp Initiated: FALSE SourceIsIpv6: TRUE SourceIp: fe80:0:0:0:d024:56ce:c156:9dae SourceHostname: - SourcePort: 51932 SourcePortName: - DestinationIsIpv6: TRUE DestinationIp: fe80:0:0:0:d024:56ce:c156:9dae DestinationHostname: - DestinationPort: 5985 DestinationPortName: - ","00000000-0000-0000-0000-000000000001","AOI-46bec743-35fa-4608-b7e2-2aa3c38a97c2",,,Event,"/subscriptions/4383ac89-7cd1-48c1-8061-b0b3c5ccfd97/resourcegroups/varunlab-rg/providers/microsoft.compute/virtualmachines/windowseventlogs"
"46bec743-35fa-4608-b7e2-2aa3c38a97c2",OpsManager,"11/17/2023, 3:15:35.995 PM","Microsoft-Windows-Sysmon","Microsoft-Windows-Sysmon/Operational",WindowsEventLog,3,4,Information,"NT AUTHORITY\SYSTEM",,"<Param>technique_id=T1021,technique_name=Remote Services</Param><Param>2023-11-17 09:45:34.747</Param><Param>{8CAD0A01-015C-6557-1700-000000000E00}</Param><Param>1272</Param><Param>C:\Windows\System32\svchost.exe</Param><Param>NT AUTHORITY\NETWORK SERVICE</Param><Param>tcp</Param><Param>TRUE</Param><Param>TRUE</Param><Param>fe80:0:0:0:d024:56ce:c156:9dae</Param><Param>-</Param><Param>51944</Param><Param>-</Param><Param>TRUE</Param><Param>fe80:0:0:0:d024:56ce:c156:9dae</Param><Param>-</Param><Param>5985</Param><Param>-</Param>","<DataItem type=""System.XmlData"" time=""2023-11-17T15:15:35.9957306+05:30"" sourceHealthServiceId=""F57C2BCF-DE2B-DA7F-FD91-0649DF501A73""><EventData xmlns=""http://schemas.microsoft.com/win/2004/08/events/event""><Data Name=""RuleName"">technique_id=T1021,technique_name=Remote Services</Data><Data Name=""UtcTime"">2023-11-17 09:45:34.747</Data><Data Name=""ProcessGuid"">{8CAD0A01-015C-6557-1700-000000000E00}</Data><Data Name=""ProcessId"">1272</Data><Data Name=""Image"">C:\Windows\System32\svchost.exe</Data><Data Name=""User"">NT AUTHORITY\NETWORK SERVICE</Data><Data Name=""Protocol"">tcp</Data><Data Name=""Initiated"">true</Data><Data Name=""SourceIsIpv6"">true</Data><Data Name=""SourceIp"">fe80:0:0:0:d024:56ce:c156:9dae</Data><Data Name=""SourceHostname"">-</Data><Data Name=""SourcePort"">51944</Data><Data Name=""SourcePortName"">-</Data><Data Name=""DestinationIsIpv6"">true</Data><Data Name=""DestinationIp"">fe80:0:0:0:d024:56ce:c156:9dae</Data><Data Name=""DestinationHostname"">-</Data><Data Name=""DestinationPort"">5985</Data><Data Name=""DestinationPortName"">-</Data></EventData></DataItem>",3,"Network connection detected: RuleName: technique_id=T1021,technique_name=Remote Services UtcTime: 2023-11-17 09:45:34.747 ProcessGuid: {8CAD0A01-015C-6557-1700-000000000E00} ProcessId: 1272 Image: C:\Windows\System32\svchost.exe User: NT AUTHORITY\NETWORK SERVICE Protocol: tcp Initiated: TRUE SourceIsIpv6: TRUE SourceIp: fe80:0:0:0:d024:56ce:c156:9dae SourceHostname: - SourcePort: 51944 SourcePortName: - DestinationIsIpv6: TRUE DestinationIp: fe80:0:0:0:d024:56ce:c156:9dae DestinationHostname: - DestinationPort: 5985 DestinationPortName: - ","00000000-0000-0000-0000-000000000001","AOI-46bec743-35fa-4608-b7e2-2aa3c38a97c2",,,Event,"/subscriptions/4383ac89-7cd1-48c1-8061-b0b3c5ccfd97/resourcegroups/varunlab-rg/providers/microsoft.compute/virtualmachines/windowseventlogs"
"46bec743-35fa-4608-b7e2-2aa3c38a97c2",OpsManager,"11/17/2023, 3:15:35.995 PM","Microsoft-Windows-Sysmon","Microsoft-Windows-Sysmon/Operational",WindowsEventLog,3,4,Information,"NT AUTHORITY\SYSTEM",,"<Param>technique_id=T1021,technique_name=Remote Services</Param><Param>2023-11-17 09:45:34.747</Param><Param>{8CAD0A01-0154-6557-EB03-000000000000}</Param><Param>4</Param><Param>System</Param><Param>NT AUTHORITY\SYSTEM</Param><Param>tcp</Param><Param>FALSE</Param><Param>TRUE</Param><Param>fe80:0:0:0:d024:56ce:c156:9dae</Param><Param>-</Param><Param>51944</Param><Param>-</Param><Param>TRUE</Param><Param>fe80:0:0:0:d024:56ce:c156:9dae</Param><Param>-</Param><Param>5985</Param><Param>-</Param>","<DataItem type=""System.XmlData"" time=""2023-11-17T15:15:35.9957505+05:30"" sourceHealthServiceId=""F57C2BCF-DE2B-DA7F-FD91-0649DF501A73""><EventData xmlns=""http://schemas.microsoft.com/win/2004/08/events/event""><Data Name=""RuleName"">technique_id=T1021,technique_name=Remote Services</Data><Data Name=""UtcTime"">2023-11-17 09:45:34.747</Data><Data Name=""ProcessGuid"">{8CAD0A01-0154-6557-EB03-000000000000}</Data><Data Name=""ProcessId"">4</Data><Data Name=""Image"">System</Data><Data Name=""User"">NT AUTHORITY\SYSTEM</Data><Data Name=""Protocol"">tcp</Data><Data Name=""Initiated"">false</Data><Data Name=""SourceIsIpv6"">true</Data><Data Name=""SourceIp"">fe80:0:0:0:d024:56ce:c156:9dae</Data><Data Name=""SourceHostname"">-</Data><Data Name=""SourcePort"">51944</Data><Data Name=""SourcePortName"">-</Data><Data Name=""DestinationIsIpv6"">true</Data><Data Name=""DestinationIp"">fe80:0:0:0:d024:56ce:c156:9dae</Data><Data Name=""DestinationHostname"">-</Data><Data Name=""DestinationPort"">5985</Data><Data Name=""DestinationPortName"">-</Data></EventData></DataItem>",3,"Network connection detected: RuleName: technique_id=T1021,technique_name=Remote Services UtcTime: 2023-11-17 09:45:34.747 ProcessGuid: {8CAD0A01-0154-6557-EB03-000000000000} ProcessId: 4 Image: System User: NT AUTHORITY\SYSTEM Protocol: tcp Initiated: FALSE SourceIsIpv6: TRUE SourceIp: fe80:0:0:0:d024:56ce:c156:9dae SourceHostname: - SourcePort: 51944 SourcePortName: - DestinationIsIpv6: TRUE DestinationIp: fe80:0:0:0:d024:56ce:c156:9dae DestinationHostname: - DestinationPort: 5985 DestinationPortName: - ","00000000-0000-0000-0000-000000000001","AOI-46bec743-35fa-4608-b7e2-2aa3c38a97c2",,,Event,"/subscriptions/4383ac89-7cd1-48c1-8061-b0b3c5ccfd97/resourcegroups/varunlab-rg/providers/microsoft.compute/virtualmachines/windowseventlogs"
"46bec743-35fa-4608-b7e2-2aa3c38a97c2",OpsManager,"11/17/2023, 4:32:57.067 PM","Microsoft-Windows-Sysmon","Microsoft-Windows-Sysmon/Operational",WindowsEventLog,3,4,Information,"NT AUTHORITY\SYSTEM",,"<Param>technique_id=T1021,technique_name=Remote Services</Param><Param>2023-11-17 11:02:55.843</Param><Param>{8CAD0A01-015C-6557-1700-000000000E00}</Param><Param>1272</Param><Param>C:\Windows\System32\svchost.exe</Param><Param>NT AUTHORITY\NETWORK SERVICE</Param><Param>tcp</Param><Param>TRUE</Param><Param>TRUE</Param><Param>fe80:0:0:0:d024:56ce:c156:9dae</Param><Param>-</Param><Param>52683</Param><Param>-</Param><Param>TRUE</Param><Param>fe80:0:0:0:d024:56ce:c156:9dae</Param><Param>-</Param><Param>5985</Param><Param>-</Param>","<DataItem type=""System.XmlData"" time=""2023-11-17T16:32:57.0679653+05:30"" sourceHealthServiceId=""F57C2BCF-DE2B-DA7F-FD91-0649DF501A73""><EventData xmlns=""http://schemas.microsoft.com/win/2004/08/events/event""><Data Name=""RuleName"">technique_id=T1021,technique_name=Remote Services</Data><Data Name=""UtcTime"">2023-11-17 11:02:55.843</Data><Data Name=""ProcessGuid"">{8CAD0A01-015C-6557-1700-000000000E00}</Data><Data Name=""ProcessId"">1272</Data><Data Name=""Image"">C:\Windows\System32\svchost.exe</Data><Data Name=""User"">NT AUTHORITY\NETWORK SERVICE</Data><Data Name=""Protocol"">tcp</Data><Data Name=""Initiated"">true</Data><Data Name=""SourceIsIpv6"">true</Data><Data Name=""SourceIp"">fe80:0:0:0:d024:56ce:c156:9dae</Data><Data Name=""SourceHostname"">-</Data><Data Name=""SourcePort"">52683</Data><Data Name=""SourcePortName"">-</Data><Data Name=""DestinationIsIpv6"">true</Data><Data Name=""DestinationIp"">fe80:0:0:0:d024:56ce:c156:9dae</Data><Data Name=""DestinationHostname"">-</Data><Data Name=""DestinationPort"">5985</Data><Data Name=""DestinationPortName"">-</Data></EventData></DataItem>",3,"Network connection detected: RuleName: technique_id=T1021,technique_name=Remote Services UtcTime: 2023-11-17 11:02:55.843 ProcessGuid: {8CAD0A01-015C-6557-1700-000000000E00} ProcessId: 1272 Image: C:\Windows\System32\svchost.exe User: NT AUTHORITY\NETWORK SERVICE Protocol: tcp Initiated: TRUE SourceIsIpv6: TRUE SourceIp: fe80:0:0:0:d024:56ce:c156:9dae SourceHostname: - SourcePort: 52683 SourcePortName: - DestinationIsIpv6: TRUE DestinationIp: fe80:0:0:0:d024:56ce:c156:9dae DestinationHostname: - DestinationPort: 5985 DestinationPortName: - ","00000000-0000-0000-0000-000000000001","AOI-46bec743-35fa-4608-b7e2-2aa3c38a97c2",,,Event,"/subscriptions/4383ac89-7cd1-48c1-8061-b0b3c5ccfd97/resourcegroups/varunlab-rg/providers/microsoft.compute/virtualmachines/windowseventlogs"
"46bec743-35fa-4608-b7e2-2aa3c38a97c2",OpsManager,"11/17/2023, 4:32:57.067 PM","Microsoft-Windows-Sysmon","Microsoft-Windows-Sysmon/Operational",WindowsEventLog,3,4,Information,"NT AUTHORITY\SYSTEM",,"<Param>technique_id=T1021,technique_name=Remote Services</Param><Param>2023-11-17 11:02:55.843</Param><Param>{8CAD0A01-0154-6557-EB03-000000000000}</Param><Param>4</Param><Param>System</Param><Param>NT AUTHORITY\SYSTEM</Param><Param>tcp</Param><Param>FALSE</Param><Param>TRUE</Param><Param>fe80:0:0:0:d024:56ce:c156:9dae</Param><Param>-</Param><Param>52683</Param><Param>-</Param><Param>TRUE</Param><Param>fe80:0:0:0:d024:56ce:c156:9dae</Param><Param>-</Param><Param>5985</Param><Param>-</Param>","<DataItem type=""System.XmlData"" time=""2023-11-17T16:32:57.0679916+05:30"" sourceHealthServiceId=""F57C2BCF-DE2B-DA7F-FD91-0649DF501A73""><EventData xmlns=""http://schemas.microsoft.com/win/2004/08/events/event""><Data Name=""RuleName"">technique_id=T1021,technique_name=Remote Services</Data><Data Name=""UtcTime"">2023-11-17 11:02:55.843</Data><Data Name=""ProcessGuid"">{8CAD0A01-0154-6557-EB03-000000000000}</Data><Data Name=""ProcessId"">4</Data><Data Name=""Image"">System</Data><Data Name=""User"">NT AUTHORITY\SYSTEM</Data><Data Name=""Protocol"">tcp</Data><Data Name=""Initiated"">false</Data><Data Name=""SourceIsIpv6"">true</Data><Data Name=""SourceIp"">fe80:0:0:0:d024:56ce:c156:9dae</Data><Data Name=""SourceHostname"">-</Data><Data Name=""SourcePort"">52683</Data><Data Name=""SourcePortName"">-</Data><Data Name=""DestinationIsIpv6"">true</Data><Data Name=""DestinationIp"">fe80:0:0:0:d024:56ce:c156:9dae</Data><Data Name=""DestinationHostname"">-</Data><Data Name=""DestinationPort"">5985</Data><Data Name=""DestinationPortName"">-</Data></EventData></DataItem>",3,"Network connection detected: RuleName: technique_id=T1021,technique_name=Remote Services UtcTime: 2023-11-17 11:02:55.843 ProcessGuid: {8CAD0A01-0154-6557-EB03-000000000000} ProcessId: 4 Image: System User: NT AUTHORITY\SYSTEM Protocol: tcp Initiated: FALSE SourceIsIpv6: TRUE SourceIp: fe80:0:0:0:d024:56ce:c156:9dae SourceHostname: - SourcePort: 52683 SourcePortName: - DestinationIsIpv6: TRUE DestinationIp: fe80:0:0:0:d024:56ce:c156:9dae DestinationHostname: - DestinationPort: 5985 DestinationPortName: - ","00000000-0000-0000-0000-000000000001","AOI-46bec743-35fa-4608-b7e2-2aa3c38a97c2",,,Event,"/subscriptions/4383ac89-7cd1-48c1-8061-b0b3c5ccfd97/resourcegroups/varunlab-rg/providers/microsoft.compute/virtualmachines/windowseventlogs"
"46bec743-35fa-4608-b7e2-2aa3c38a97c2",OpsManager,"11/17/2023, 4:32:57.068 PM","Microsoft-Windows-Sysmon","Microsoft-Windows-Sysmon/Operational",WindowsEventLog,3,4,Information,"NT AUTHORITY\SYSTEM",,"<Param>technique_id=T1021,technique_name=Remote Services</Param><Param>2023-11-17 11:02:55.843</Param><Param>{8CAD0A01-015C-6557-1700-000000000E00}</Param><Param>1272</Param><Param>C:\Windows\System32\svchost.exe</Param><Param>NT AUTHORITY\NETWORK SERVICE</Param><Param>tcp</Param><Param>TRUE</Param><Param>TRUE</Param><Param>fe80:0:0:0:d024:56ce:c156:9dae</Param><Param>-</Param><Param>52684</Param><Param>-</Param><Param>TRUE</Param><Param>fe80:0:0:0:d024:56ce:c156:9dae</Param><Param>-</Param><Param>5985</Param><Param>-</Param>","<DataItem type=""System.XmlData"" time=""2023-11-17T16:32:57.0680111+05:30"" sourceHealthServiceId=""F57C2BCF-DE2B-DA7F-FD91-0649DF501A73""><EventData xmlns=""http://schemas.microsoft.com/win/2004/08/events/event""><Data Name=""RuleName"">technique_id=T1021,technique_name=Remote Services</Data><Data Name=""UtcTime"">2023-11-17 11:02:55.843</Data><Data Name=""ProcessGuid"">{8CAD0A01-015C-6557-1700-000000000E00}</Data><Data Name=""ProcessId"">1272</Data><Data Name=""Image"">C:\Windows\System32\svchost.exe</Data><Data Name=""User"">NT AUTHORITY\NETWORK SERVICE</Data><Data Name=""Protocol"">tcp</Data><Data Name=""Initiated"">true</Data><Data Name=""SourceIsIpv6"">true</Data><Data Name=""SourceIp"">fe80:0:0:0:d024:56ce:c156:9dae</Data><Data Name=""SourceHostname"">-</Data><Data Name=""SourcePort"">52684</Data><Data Name=""SourcePortName"">-</Data><Data Name=""DestinationIsIpv6"">true</Data><Data Name=""DestinationIp"">fe80:0:0:0:d024:56ce:c156:9dae</Data><Data Name=""DestinationHostname"">-</Data><Data Name=""DestinationPort"">5985</Data><Data Name=""DestinationPortName"">-</Data></EventData></DataItem>",3,"Network connection detected: RuleName: technique_id=T1021,technique_name=Remote Services UtcTime: 2023-11-17 11:02:55.843 ProcessGuid: {8CAD0A01-015C-6557-1700-000000000E00} ProcessId: 1272 Image: C:\Windows\System32\svchost.exe User: NT AUTHORITY\NETWORK SERVICE Protocol: tcp Initiated: TRUE SourceIsIpv6: TRUE SourceIp: fe80:0:0:0:d024:56ce:c156:9dae SourceHostname: - SourcePort: 52684 SourcePortName: - DestinationIsIpv6: TRUE DestinationIp: fe80:0:0:0:d024:56ce:c156:9dae DestinationHostname: - DestinationPort: 5985 DestinationPortName: - ","00000000-0000-0000-0000-000000000001","AOI-46bec743-35fa-4608-b7e2-2aa3c38a97c2",,,Event,"/subscriptions/4383ac89-7cd1-48c1-8061-b0b3c5ccfd97/resourcegroups/varunlab-rg/providers/microsoft.compute/virtualmachines/windowseventlogs"
"46bec743-35fa-4608-b7e2-2aa3c38a97c2",OpsManager,"11/17/2023, 4:32:57.068 PM","Microsoft-Windows-Sysmon","Microsoft-Windows-Sysmon/Operational",WindowsEventLog,3,4,Information,"NT AUTHORITY\SYSTEM",,"<Param>technique_id=T1021,technique_name=Remote Services</Param><Param>2023-11-17 11:02:55.843</Param><Param>{8CAD0A01-0154-6557-EB03-000000000000}</Param><Param>4</Param><Param>System</Param><Param>NT AUTHORITY\SYSTEM</Param><Param>tcp</Param><Param>FALSE</Param><Param>TRUE</Param><Param>fe80:0:0:0:d024:56ce:c156:9dae</Param><Param>-</Param><Param>52684</Param><Param>-</Param><Param>TRUE</Param><Param>fe80:0:0:0:d024:56ce:c156:9dae</Param><Param>-</Param><Param>5985</Param><Param>-</Param>","<DataItem type=""System.XmlData"" time=""2023-11-17T16:32:57.0680213+05:30"" sourceHealthServiceId=""F57C2BCF-DE2B-DA7F-FD91-0649DF501A73""><EventData xmlns=""http://schemas.microsoft.com/win/2004/08/events/event""><Data Name=""RuleName"">technique_id=T1021,technique_name=Remote Services</Data><Data Name=""UtcTime"">2023-11-17 11:02:55.843</Data><Data Name=""ProcessGuid"">{8CAD0A01-0154-6557-EB03-000000000000}</Data><Data Name=""ProcessId"">4</Data><Data Name=""Image"">System</Data><Data Name=""User"">NT AUTHORITY\SYSTEM</Data><Data Name=""Protocol"">tcp</Data><Data Name=""Initiated"">false</Data><Data Name=""SourceIsIpv6"">true</Data><Data Name=""SourceIp"">fe80:0:0:0:d024:56ce:c156:9dae</Data><Data Name=""SourceHostname"">-</Data><Data Name=""SourcePort"">52684</Data><Data Name=""SourcePortName"">-</Data><Data Name=""DestinationIsIpv6"">true</Data><Data Name=""DestinationIp"">fe80:0:0:0:d024:56ce:c156:9dae</Data><Data Name=""DestinationHostname"">-</Data><Data Name=""DestinationPort"">5985</Data><Data Name=""DestinationPortName"">-</Data></EventData></DataItem>",3,"Network connection detected: RuleName: technique_id=T1021,technique_name=Remote Services UtcTime: 2023-11-17 11:02:55.843 ProcessGuid: {8CAD0A01-0154-6557-EB03-000000000000} ProcessId: 4 Image: System User: NT AUTHORITY\SYSTEM Protocol: tcp Initiated: FALSE SourceIsIpv6: TRUE SourceIp: fe80:0:0:0:d024:56ce:c156:9dae SourceHostname: - SourcePort: 52684 SourcePortName: - DestinationIsIpv6: TRUE DestinationIp: fe80:0:0:0:d024:56ce:c156:9dae DestinationHostname: - DestinationPort: 5985 DestinationPortName: - ","00000000-0000-0000-0000-000000000001","AOI-46bec743-35fa-4608-b7e2-2aa3c38a97c2",,,Event,"/subscriptions/4383ac89-7cd1-48c1-8061-b0b3c5ccfd97/resourcegroups/varunlab-rg/providers/microsoft.compute/virtualmachines/windowseventlogs"
